[2023-04-19T12:51:00.394+0000] {taskinstance.py:1083} INFO - Dependencies all met for <TaskInstance: age_check.age_check scheduled__2023-03-15T00:00:00+00:00 [queued]>
[2023-04-19T12:51:00.763+0000] {taskinstance.py:1083} INFO - Dependencies all met for <TaskInstance: age_check.age_check scheduled__2023-03-15T00:00:00+00:00 [queued]>
[2023-04-19T12:51:00.766+0000] {taskinstance.py:1279} INFO - 
--------------------------------------------------------------------------------
[2023-04-19T12:51:00.777+0000] {taskinstance.py:1280} INFO - Starting attempt 3 of 4
[2023-04-19T12:51:00.779+0000] {taskinstance.py:1281} INFO - 
--------------------------------------------------------------------------------
[2023-04-19T12:51:00.949+0000] {taskinstance.py:1300} INFO - Executing <Task(PythonOperator): age_check> on 2023-03-15 00:00:00+00:00
[2023-04-19T12:51:01.071+0000] {standard_task_runner.py:55} INFO - Started process 25197 to run task
[2023-04-19T12:51:01.175+0000] {standard_task_runner.py:82} INFO - Running: ['***', 'tasks', 'run', 'age_check', 'age_check', 'scheduled__2023-03-15T00:00:00+00:00', '--job-id', '2114', '--raw', '--subdir', 'DAGS_FOLDER/age.py', '--cfg-path', '/tmp/tmp2hzuxwrm']
[2023-04-19T12:51:01.209+0000] {standard_task_runner.py:83} INFO - Job 2114: Subtask age_check
[2023-04-19T12:51:02.049+0000] {task_command.py:388} INFO - Running <TaskInstance: age_check.age_check scheduled__2023-03-15T00:00:00+00:00 [running]> on host fe34f61acbb3
[2023-04-19T12:51:02.558+0000] {taskinstance.py:1509} INFO - Exporting the following env vars:
AIRFLOW_CTX_DAG_OWNER=***
AIRFLOW_CTX_DAG_ID=age_check
AIRFLOW_CTX_TASK_ID=age_check
AIRFLOW_CTX_EXECUTION_DATE=2023-03-15T00:00:00+00:00
AIRFLOW_CTX_TRY_NUMBER=3
AIRFLOW_CTX_DAG_RUN_ID=scheduled__2023-03-15T00:00:00+00:00
[2023-04-19T12:51:02.623+0000] {taskinstance.py:1768} ERROR - Task failed with exception
Traceback (most recent call last):
  File "/home/airflow/.local/lib/python3.7/site-packages/airflow/operators/python.py", line 175, in execute
    return_value = self.execute_callable()
  File "/home/airflow/.local/lib/python3.7/site-packages/airflow/operators/python.py", line 192, in execute_callable
    return self.python_callable(*self.op_args, **self.op_kwargs)
  File "/opt/airflow/dags/age.py", line 35, in age_check
    birth_year = int(Variable.get('birth_year'))
  File "/home/airflow/.local/lib/python3.7/site-packages/airflow/models/variable.py", line 141, in get
    raise KeyError(f"Variable {key} does not exist")
KeyError: 'Variable birth_year does not exist'
[2023-04-19T12:51:02.697+0000] {taskinstance.py:1323} INFO - Marking task as UP_FOR_RETRY. dag_id=age_check, task_id=age_check, execution_date=20230315T000000, start_date=20230419T125100, end_date=20230419T125102
[2023-04-19T12:51:02.831+0000] {standard_task_runner.py:105} ERROR - Failed to execute job 2114 for task age_check ('Variable birth_year does not exist'; 25197)
[2023-04-19T12:51:03.135+0000] {local_task_job.py:208} INFO - Task exited with return code 1
[2023-04-19T12:51:03.739+0000] {taskinstance.py:2578} INFO - 0 downstream tasks scheduled from follow-on schedule check
[2023-05-20T21:49:02.486+0000] {taskinstance.py:1083} INFO - Dependencies all met for <TaskInstance: age_check.age_check scheduled__2023-03-15T00:00:00+00:00 [queued]>
[2023-05-20T21:49:02.509+0000] {taskinstance.py:1083} INFO - Dependencies all met for <TaskInstance: age_check.age_check scheduled__2023-03-15T00:00:00+00:00 [queued]>
[2023-05-20T21:49:02.510+0000] {taskinstance.py:1279} INFO - 
--------------------------------------------------------------------------------
[2023-05-20T21:49:02.511+0000] {taskinstance.py:1280} INFO - Starting attempt 3 of 4
[2023-05-20T21:49:02.512+0000] {taskinstance.py:1281} INFO - 
--------------------------------------------------------------------------------
[2023-05-20T21:49:02.546+0000] {taskinstance.py:1300} INFO - Executing <Task(PythonOperator): age_check> on 2023-03-15 00:00:00+00:00
[2023-05-20T21:49:02.554+0000] {standard_task_runner.py:55} INFO - Started process 1931 to run task
[2023-05-20T21:49:02.568+0000] {standard_task_runner.py:82} INFO - Running: ['***', 'tasks', 'run', 'age_check', 'age_check', 'scheduled__2023-03-15T00:00:00+00:00', '--job-id', '1674', '--raw', '--subdir', 'DAGS_FOLDER/age.py', '--cfg-path', '/tmp/tmp828t0wfb']
[2023-05-20T21:49:02.576+0000] {standard_task_runner.py:83} INFO - Job 1674: Subtask age_check
[2023-05-20T21:49:02.685+0000] {task_command.py:388} INFO - Running <TaskInstance: age_check.age_check scheduled__2023-03-15T00:00:00+00:00 [running]> on host 242f95e3e8a8
[2023-05-20T21:49:02.805+0000] {taskinstance.py:1509} INFO - Exporting the following env vars:
AIRFLOW_CTX_DAG_OWNER=***
AIRFLOW_CTX_DAG_ID=age_check
AIRFLOW_CTX_TASK_ID=age_check
AIRFLOW_CTX_EXECUTION_DATE=2023-03-15T00:00:00+00:00
AIRFLOW_CTX_TRY_NUMBER=3
AIRFLOW_CTX_DAG_RUN_ID=scheduled__2023-03-15T00:00:00+00:00
[2023-05-20T21:49:02.820+0000] {taskinstance.py:1768} ERROR - Task failed with exception
Traceback (most recent call last):
  File "/home/airflow/.local/lib/python3.7/site-packages/airflow/operators/python.py", line 175, in execute
    return_value = self.execute_callable()
  File "/home/airflow/.local/lib/python3.7/site-packages/airflow/operators/python.py", line 192, in execute_callable
    return self.python_callable(*self.op_args, **self.op_kwargs)
  File "/opt/airflow/dags/age.py", line 35, in age_check
    birth_year = int(Variable.get('birth_year'))
  File "/home/airflow/.local/lib/python3.7/site-packages/airflow/models/variable.py", line 141, in get
    raise KeyError(f"Variable {key} does not exist")
KeyError: 'Variable birth_year does not exist'
[2023-05-20T21:49:02.845+0000] {taskinstance.py:1323} INFO - Marking task as UP_FOR_RETRY. dag_id=age_check, task_id=age_check, execution_date=20230315T000000, start_date=20230520T214902, end_date=20230520T214902
[2023-05-20T21:49:02.857+0000] {standard_task_runner.py:105} ERROR - Failed to execute job 1674 for task age_check ('Variable birth_year does not exist'; 1931)
[2023-05-20T21:49:02.906+0000] {local_task_job.py:208} INFO - Task exited with return code 1
[2023-05-20T21:49:02.938+0000] {taskinstance.py:2578} INFO - 0 downstream tasks scheduled from follow-on schedule check
