[2023-05-20T21:51:29.803+0000] {taskinstance.py:1083} INFO - Dependencies all met for <TaskInstance: age_check.add scheduled__2023-05-05T00:00:00+00:00 [queued]>
[2023-05-20T21:51:29.861+0000] {taskinstance.py:1083} INFO - Dependencies all met for <TaskInstance: age_check.add scheduled__2023-05-05T00:00:00+00:00 [queued]>
[2023-05-20T21:51:29.864+0000] {taskinstance.py:1279} INFO - 
--------------------------------------------------------------------------------
[2023-05-20T21:51:29.866+0000] {taskinstance.py:1280} INFO - Starting attempt 1 of 4
[2023-05-20T21:51:29.868+0000] {taskinstance.py:1281} INFO - 
--------------------------------------------------------------------------------
[2023-05-20T21:51:29.954+0000] {taskinstance.py:1300} INFO - Executing <Task(PythonOperator): add> on 2023-05-05 00:00:00+00:00
[2023-05-20T21:51:29.960+0000] {standard_task_runner.py:55} INFO - Started process 2628 to run task
[2023-05-20T21:51:30.000+0000] {standard_task_runner.py:82} INFO - Running: ['***', 'tasks', 'run', 'age_check', 'add', 'scheduled__2023-05-05T00:00:00+00:00', '--job-id', '1955', '--raw', '--subdir', 'DAGS_FOLDER/age.py', '--cfg-path', '/tmp/tmp38a2wqnt']
[2023-05-20T21:51:30.002+0000] {standard_task_runner.py:83} INFO - Job 1955: Subtask add
[2023-05-20T21:51:30.249+0000] {task_command.py:388} INFO - Running <TaskInstance: age_check.add scheduled__2023-05-05T00:00:00+00:00 [running]> on host 242f95e3e8a8
[2023-05-20T21:51:30.490+0000] {taskinstance.py:1509} INFO - Exporting the following env vars:
AIRFLOW_CTX_DAG_OWNER=***
AIRFLOW_CTX_DAG_ID=age_check
AIRFLOW_CTX_TASK_ID=add
AIRFLOW_CTX_EXECUTION_DATE=2023-05-05T00:00:00+00:00
AIRFLOW_CTX_TRY_NUMBER=1
AIRFLOW_CTX_DAG_RUN_ID=scheduled__2023-05-05T00:00:00+00:00
[2023-05-20T21:51:30.501+0000] {logging_mixin.py:137} INFO - 4
[2023-05-20T21:51:30.503+0000] {python.py:177} INFO - Done. Returned value was: None
[2023-05-20T21:51:30.541+0000] {taskinstance.py:1323} INFO - Marking task as SUCCESS. dag_id=age_check, task_id=add, execution_date=20230505T000000, start_date=20230520T215129, end_date=20230520T215130
[2023-05-20T21:51:30.677+0000] {local_task_job.py:208} INFO - Task exited with return code 0
[2023-05-20T21:51:30.722+0000] {taskinstance.py:2578} INFO - 1 downstream tasks scheduled from follow-on schedule check
