[2023-04-19T12:45:34.175+0000] {taskinstance.py:1083} INFO - Dependencies all met for <TaskInstance: age_check.age_check scheduled__2022-12-22T00:00:00+00:00 [queued]>
[2023-04-19T12:45:34.185+0000] {taskinstance.py:1083} INFO - Dependencies all met for <TaskInstance: age_check.age_check scheduled__2022-12-22T00:00:00+00:00 [queued]>
[2023-04-19T12:45:34.187+0000] {taskinstance.py:1279} INFO - 
--------------------------------------------------------------------------------
[2023-04-19T12:45:34.188+0000] {taskinstance.py:1280} INFO - Starting attempt 2 of 4
[2023-04-19T12:45:34.189+0000] {taskinstance.py:1281} INFO - 
--------------------------------------------------------------------------------
[2023-04-19T12:45:34.203+0000] {taskinstance.py:1300} INFO - Executing <Task(PythonOperator): age_check> on 2022-12-22 00:00:00+00:00
[2023-04-19T12:45:34.210+0000] {standard_task_runner.py:55} INFO - Started process 23680 to run task
[2023-04-19T12:45:34.213+0000] {standard_task_runner.py:82} INFO - Running: ['***', 'tasks', 'run', 'age_check', 'age_check', 'scheduled__2022-12-22T00:00:00+00:00', '--job-id', '1488', '--raw', '--subdir', 'DAGS_FOLDER/age.py', '--cfg-path', '/tmp/tmp1o63crvb']
[2023-04-19T12:45:34.215+0000] {standard_task_runner.py:83} INFO - Job 1488: Subtask age_check
[2023-04-19T12:45:34.284+0000] {task_command.py:388} INFO - Running <TaskInstance: age_check.age_check scheduled__2022-12-22T00:00:00+00:00 [running]> on host fe34f61acbb3
[2023-04-19T12:45:34.337+0000] {taskinstance.py:1509} INFO - Exporting the following env vars:
AIRFLOW_CTX_DAG_OWNER=***
AIRFLOW_CTX_DAG_ID=age_check
AIRFLOW_CTX_TASK_ID=age_check
AIRFLOW_CTX_EXECUTION_DATE=2022-12-22T00:00:00+00:00
AIRFLOW_CTX_TRY_NUMBER=2
AIRFLOW_CTX_DAG_RUN_ID=scheduled__2022-12-22T00:00:00+00:00
[2023-04-19T12:45:34.346+0000] {taskinstance.py:1768} ERROR - Task failed with exception
Traceback (most recent call last):
  File "/home/airflow/.local/lib/python3.7/site-packages/airflow/operators/python.py", line 175, in execute
    return_value = self.execute_callable()
  File "/home/airflow/.local/lib/python3.7/site-packages/airflow/operators/python.py", line 192, in execute_callable
    return self.python_callable(*self.op_args, **self.op_kwargs)
  File "/opt/airflow/dags/age.py", line 35, in age_check
    birth_year = int(Variable.get('birth_year'))
  File "/home/airflow/.local/lib/python3.7/site-packages/airflow/models/variable.py", line 141, in get
    raise KeyError(f"Variable {key} does not exist")
KeyError: 'Variable birth_year does not exist'
[2023-04-19T12:45:34.379+0000] {taskinstance.py:1323} INFO - Marking task as UP_FOR_RETRY. dag_id=age_check, task_id=age_check, execution_date=20221222T000000, start_date=20230419T124534, end_date=20230419T124534
[2023-04-19T12:45:34.388+0000] {standard_task_runner.py:105} ERROR - Failed to execute job 1488 for task age_check ('Variable birth_year does not exist'; 23680)
[2023-04-19T12:45:34.426+0000] {local_task_job.py:208} INFO - Task exited with return code 1
[2023-04-19T12:45:34.457+0000] {taskinstance.py:2578} INFO - 0 downstream tasks scheduled from follow-on schedule check
[2023-05-20T20:57:01.075+0000] {taskinstance.py:1083} INFO - Dependencies all met for <TaskInstance: age_check.age_check scheduled__2022-12-22T00:00:00+00:00 [queued]>
[2023-05-20T20:57:01.114+0000] {taskinstance.py:1083} INFO - Dependencies all met for <TaskInstance: age_check.age_check scheduled__2022-12-22T00:00:00+00:00 [queued]>
[2023-05-20T20:57:01.117+0000] {taskinstance.py:1279} INFO - 
--------------------------------------------------------------------------------
[2023-05-20T20:57:01.120+0000] {taskinstance.py:1280} INFO - Starting attempt 2 of 4
[2023-05-20T20:57:01.122+0000] {taskinstance.py:1281} INFO - 
--------------------------------------------------------------------------------
[2023-05-20T20:57:01.185+0000] {taskinstance.py:1300} INFO - Executing <Task(PythonOperator): age_check> on 2022-12-22 00:00:00+00:00
[2023-05-20T20:57:01.206+0000] {standard_task_runner.py:55} INFO - Started process 488 to run task
[2023-05-20T20:57:01.215+0000] {standard_task_runner.py:82} INFO - Running: ['***', 'tasks', 'run', 'age_check', 'age_check', 'scheduled__2022-12-22T00:00:00+00:00', '--job-id', '1086', '--raw', '--subdir', 'DAGS_FOLDER/age.py', '--cfg-path', '/tmp/tmpg8t383xr']
[2023-05-20T20:57:01.217+0000] {standard_task_runner.py:83} INFO - Job 1086: Subtask age_check
[2023-05-20T20:57:01.360+0000] {task_command.py:388} INFO - Running <TaskInstance: age_check.age_check scheduled__2022-12-22T00:00:00+00:00 [running]> on host 242f95e3e8a8
[2023-05-20T20:57:01.458+0000] {taskinstance.py:1509} INFO - Exporting the following env vars:
AIRFLOW_CTX_DAG_OWNER=***
AIRFLOW_CTX_DAG_ID=age_check
AIRFLOW_CTX_TASK_ID=age_check
AIRFLOW_CTX_EXECUTION_DATE=2022-12-22T00:00:00+00:00
AIRFLOW_CTX_TRY_NUMBER=2
AIRFLOW_CTX_DAG_RUN_ID=scheduled__2022-12-22T00:00:00+00:00
[2023-05-20T20:57:01.488+0000] {taskinstance.py:1768} ERROR - Task failed with exception
Traceback (most recent call last):
  File "/home/airflow/.local/lib/python3.7/site-packages/airflow/operators/python.py", line 175, in execute
    return_value = self.execute_callable()
  File "/home/airflow/.local/lib/python3.7/site-packages/airflow/operators/python.py", line 192, in execute_callable
    return self.python_callable(*self.op_args, **self.op_kwargs)
  File "/opt/airflow/dags/age.py", line 35, in age_check
    birth_year = int(Variable.get('birth_year'))
  File "/home/airflow/.local/lib/python3.7/site-packages/airflow/models/variable.py", line 141, in get
    raise KeyError(f"Variable {key} does not exist")
KeyError: 'Variable birth_year does not exist'
[2023-05-20T20:57:01.509+0000] {taskinstance.py:1323} INFO - Marking task as UP_FOR_RETRY. dag_id=age_check, task_id=age_check, execution_date=20221222T000000, start_date=20230520T205701, end_date=20230520T205701
[2023-05-20T20:57:01.528+0000] {standard_task_runner.py:105} ERROR - Failed to execute job 1086 for task age_check ('Variable birth_year does not exist'; 488)
[2023-05-20T20:57:01.544+0000] {local_task_job.py:208} INFO - Task exited with return code 1
[2023-05-20T20:57:01.649+0000] {taskinstance.py:2578} INFO - 0 downstream tasks scheduled from follow-on schedule check
