[2023-10-05T01:03:15.001+0000] {processor.py:153} INFO - Started process (PID=109264) to work on /home/airflow/.local/lib/python3.7/site-packages/airflow/example_dags/example_external_task_marker_dag.py
[2023-10-05T01:03:15.005+0000] {processor.py:743} INFO - Processing file /home/airflow/.local/lib/python3.7/site-packages/airflow/example_dags/example_external_task_marker_dag.py for tasks to queue
[2023-10-05T01:03:15.013+0000] {logging_mixin.py:137} INFO - [2023-10-05T01:03:15.013+0000] {dagbag.py:538} INFO - Filling up the DagBag from /home/airflow/.local/lib/python3.7/site-packages/airflow/example_dags/example_external_task_marker_dag.py
[2023-10-05T01:03:15.080+0000] {processor.py:753} INFO - DAG(s) dict_keys(['example_external_task_marker_parent', 'example_external_task_marker_child']) retrieved from /home/airflow/.local/lib/python3.7/site-packages/airflow/example_dags/example_external_task_marker_dag.py
[2023-10-05T01:03:15.143+0000] {logging_mixin.py:137} INFO - [2023-10-05T01:03:15.143+0000] {dag.py:2690} INFO - Sync 2 DAGs
[2023-10-05T01:03:15.209+0000] {logging_mixin.py:137} INFO - [2023-10-05T01:03:15.209+0000] {dag.py:3441} INFO - Setting next_dagrun for example_external_task_marker_child to None, run_after=None
[2023-10-05T01:03:15.222+0000] {logging_mixin.py:137} INFO - [2023-10-05T01:03:15.222+0000] {dag.py:3441} INFO - Setting next_dagrun for example_external_task_marker_parent to None, run_after=None
[2023-10-05T01:03:15.306+0000] {processor.py:175} INFO - Processing /home/airflow/.local/lib/python3.7/site-packages/airflow/example_dags/example_external_task_marker_dag.py took 0.309 seconds
[2023-10-05T02:13:31.190+0000] {processor.py:153} INFO - Started process (PID=109337) to work on /home/airflow/.local/lib/python3.7/site-packages/airflow/example_dags/example_external_task_marker_dag.py
[2023-10-05T02:13:31.191+0000] {processor.py:743} INFO - Processing file /home/airflow/.local/lib/python3.7/site-packages/airflow/example_dags/example_external_task_marker_dag.py for tasks to queue
[2023-10-05T02:13:31.193+0000] {logging_mixin.py:137} INFO - [2023-10-05T02:13:31.193+0000] {dagbag.py:538} INFO - Filling up the DagBag from /home/airflow/.local/lib/python3.7/site-packages/airflow/example_dags/example_external_task_marker_dag.py
[2023-10-05T02:13:31.206+0000] {processor.py:753} INFO - DAG(s) dict_keys(['example_external_task_marker_child', 'example_external_task_marker_parent']) retrieved from /home/airflow/.local/lib/python3.7/site-packages/airflow/example_dags/example_external_task_marker_dag.py
[2023-10-05T02:13:31.232+0000] {logging_mixin.py:137} INFO - [2023-10-05T02:13:31.231+0000] {dag.py:2690} INFO - Sync 2 DAGs
[2023-10-05T02:13:31.249+0000] {logging_mixin.py:137} INFO - [2023-10-05T02:13:31.249+0000] {dag.py:3441} INFO - Setting next_dagrun for example_external_task_marker_child to None, run_after=None
[2023-10-05T02:13:31.252+0000] {logging_mixin.py:137} INFO - [2023-10-05T02:13:31.252+0000] {dag.py:3441} INFO - Setting next_dagrun for example_external_task_marker_parent to None, run_after=None
[2023-10-05T02:13:31.264+0000] {processor.py:175} INFO - Processing /home/airflow/.local/lib/python3.7/site-packages/airflow/example_dags/example_external_task_marker_dag.py took 0.077 seconds
[2023-10-05T03:35:41.780+0000] {processor.py:153} INFO - Started process (PID=109418) to work on /home/airflow/.local/lib/python3.7/site-packages/airflow/example_dags/example_external_task_marker_dag.py
[2023-10-05T03:35:41.782+0000] {processor.py:743} INFO - Processing file /home/airflow/.local/lib/python3.7/site-packages/airflow/example_dags/example_external_task_marker_dag.py for tasks to queue
[2023-10-05T03:35:41.784+0000] {logging_mixin.py:137} INFO - [2023-10-05T03:35:41.783+0000] {dagbag.py:538} INFO - Filling up the DagBag from /home/airflow/.local/lib/python3.7/site-packages/airflow/example_dags/example_external_task_marker_dag.py
[2023-10-05T03:35:41.800+0000] {processor.py:753} INFO - DAG(s) dict_keys(['example_external_task_marker_child', 'example_external_task_marker_parent']) retrieved from /home/airflow/.local/lib/python3.7/site-packages/airflow/example_dags/example_external_task_marker_dag.py
[2023-10-05T03:35:41.827+0000] {logging_mixin.py:137} INFO - [2023-10-05T03:35:41.827+0000] {dag.py:2690} INFO - Sync 2 DAGs
[2023-10-05T03:35:41.846+0000] {logging_mixin.py:137} INFO - [2023-10-05T03:35:41.846+0000] {dag.py:3441} INFO - Setting next_dagrun for example_external_task_marker_child to None, run_after=None
[2023-10-05T03:35:41.850+0000] {logging_mixin.py:137} INFO - [2023-10-05T03:35:41.849+0000] {dag.py:3441} INFO - Setting next_dagrun for example_external_task_marker_parent to None, run_after=None
[2023-10-05T03:35:41.867+0000] {processor.py:175} INFO - Processing /home/airflow/.local/lib/python3.7/site-packages/airflow/example_dags/example_external_task_marker_dag.py took 0.090 seconds
[2023-10-05T04:59:50.578+0000] {processor.py:153} INFO - Started process (PID=109488) to work on /home/airflow/.local/lib/python3.7/site-packages/airflow/example_dags/example_external_task_marker_dag.py
[2023-10-05T04:59:50.593+0000] {processor.py:743} INFO - Processing file /home/airflow/.local/lib/python3.7/site-packages/airflow/example_dags/example_external_task_marker_dag.py for tasks to queue
[2023-10-05T04:59:50.599+0000] {logging_mixin.py:137} INFO - [2023-10-05T04:59:50.598+0000] {dagbag.py:538} INFO - Filling up the DagBag from /home/airflow/.local/lib/python3.7/site-packages/airflow/example_dags/example_external_task_marker_dag.py
[2023-10-05T04:59:50.693+0000] {processor.py:753} INFO - DAG(s) dict_keys(['example_external_task_marker_parent', 'example_external_task_marker_child']) retrieved from /home/airflow/.local/lib/python3.7/site-packages/airflow/example_dags/example_external_task_marker_dag.py
[2023-10-05T04:59:50.744+0000] {logging_mixin.py:137} INFO - [2023-10-05T04:59:50.744+0000] {dag.py:2690} INFO - Sync 2 DAGs
[2023-10-05T04:59:50.765+0000] {logging_mixin.py:137} INFO - [2023-10-05T04:59:50.764+0000] {dag.py:3441} INFO - Setting next_dagrun for example_external_task_marker_child to None, run_after=None
[2023-10-05T04:59:50.769+0000] {logging_mixin.py:137} INFO - [2023-10-05T04:59:50.769+0000] {dag.py:3441} INFO - Setting next_dagrun for example_external_task_marker_parent to None, run_after=None
[2023-10-05T04:59:50.782+0000] {processor.py:175} INFO - Processing /home/airflow/.local/lib/python3.7/site-packages/airflow/example_dags/example_external_task_marker_dag.py took 0.211 seconds
[2023-10-05T06:22:52.410+0000] {processor.py:153} INFO - Started process (PID=109566) to work on /home/airflow/.local/lib/python3.7/site-packages/airflow/example_dags/example_external_task_marker_dag.py
[2023-10-05T06:22:52.428+0000] {processor.py:743} INFO - Processing file /home/airflow/.local/lib/python3.7/site-packages/airflow/example_dags/example_external_task_marker_dag.py for tasks to queue
[2023-10-05T06:22:52.446+0000] {logging_mixin.py:137} INFO - [2023-10-05T06:22:52.445+0000] {dagbag.py:538} INFO - Filling up the DagBag from /home/airflow/.local/lib/python3.7/site-packages/airflow/example_dags/example_external_task_marker_dag.py
[2023-10-05T06:22:52.486+0000] {processor.py:753} INFO - DAG(s) dict_keys(['example_external_task_marker_parent', 'example_external_task_marker_child']) retrieved from /home/airflow/.local/lib/python3.7/site-packages/airflow/example_dags/example_external_task_marker_dag.py
[2023-10-05T06:22:52.531+0000] {logging_mixin.py:137} INFO - [2023-10-05T06:22:52.530+0000] {dag.py:2690} INFO - Sync 2 DAGs
[2023-10-05T06:22:52.562+0000] {logging_mixin.py:137} INFO - [2023-10-05T06:22:52.561+0000] {dag.py:3441} INFO - Setting next_dagrun for example_external_task_marker_child to None, run_after=None
[2023-10-05T06:22:52.569+0000] {logging_mixin.py:137} INFO - [2023-10-05T06:22:52.569+0000] {dag.py:3441} INFO - Setting next_dagrun for example_external_task_marker_parent to None, run_after=None
[2023-10-05T06:22:52.602+0000] {processor.py:175} INFO - Processing /home/airflow/.local/lib/python3.7/site-packages/airflow/example_dags/example_external_task_marker_dag.py took 0.207 seconds
[2023-10-05T07:47:40.718+0000] {processor.py:153} INFO - Started process (PID=109638) to work on /home/airflow/.local/lib/python3.7/site-packages/airflow/example_dags/example_external_task_marker_dag.py
[2023-10-05T07:47:40.721+0000] {processor.py:743} INFO - Processing file /home/airflow/.local/lib/python3.7/site-packages/airflow/example_dags/example_external_task_marker_dag.py for tasks to queue
[2023-10-05T07:47:40.722+0000] {logging_mixin.py:137} INFO - [2023-10-05T07:47:40.722+0000] {dagbag.py:538} INFO - Filling up the DagBag from /home/airflow/.local/lib/python3.7/site-packages/airflow/example_dags/example_external_task_marker_dag.py
[2023-10-05T07:47:40.735+0000] {processor.py:753} INFO - DAG(s) dict_keys(['example_external_task_marker_parent', 'example_external_task_marker_child']) retrieved from /home/airflow/.local/lib/python3.7/site-packages/airflow/example_dags/example_external_task_marker_dag.py
[2023-10-05T07:47:40.765+0000] {logging_mixin.py:137} INFO - [2023-10-05T07:47:40.765+0000] {dag.py:2690} INFO - Sync 2 DAGs
[2023-10-05T07:47:40.785+0000] {logging_mixin.py:137} INFO - [2023-10-05T07:47:40.784+0000] {dag.py:3441} INFO - Setting next_dagrun for example_external_task_marker_child to None, run_after=None
[2023-10-05T07:47:40.788+0000] {logging_mixin.py:137} INFO - [2023-10-05T07:47:40.788+0000] {dag.py:3441} INFO - Setting next_dagrun for example_external_task_marker_parent to None, run_after=None
[2023-10-05T07:47:40.800+0000] {processor.py:175} INFO - Processing /home/airflow/.local/lib/python3.7/site-packages/airflow/example_dags/example_external_task_marker_dag.py took 0.084 seconds
[2023-10-05T09:09:31.910+0000] {processor.py:153} INFO - Started process (PID=109716) to work on /home/airflow/.local/lib/python3.7/site-packages/airflow/example_dags/example_external_task_marker_dag.py
[2023-10-05T09:09:31.912+0000] {processor.py:743} INFO - Processing file /home/airflow/.local/lib/python3.7/site-packages/airflow/example_dags/example_external_task_marker_dag.py for tasks to queue
[2023-10-05T09:09:31.913+0000] {logging_mixin.py:137} INFO - [2023-10-05T09:09:31.913+0000] {dagbag.py:538} INFO - Filling up the DagBag from /home/airflow/.local/lib/python3.7/site-packages/airflow/example_dags/example_external_task_marker_dag.py
[2023-10-05T09:09:31.929+0000] {processor.py:753} INFO - DAG(s) dict_keys(['example_external_task_marker_parent', 'example_external_task_marker_child']) retrieved from /home/airflow/.local/lib/python3.7/site-packages/airflow/example_dags/example_external_task_marker_dag.py
[2023-10-05T09:09:31.963+0000] {logging_mixin.py:137} INFO - [2023-10-05T09:09:31.962+0000] {dag.py:2690} INFO - Sync 2 DAGs
[2023-10-05T09:09:31.998+0000] {logging_mixin.py:137} INFO - [2023-10-05T09:09:31.998+0000] {dag.py:3441} INFO - Setting next_dagrun for example_external_task_marker_child to None, run_after=None
[2023-10-05T09:09:32.002+0000] {logging_mixin.py:137} INFO - [2023-10-05T09:09:32.002+0000] {dag.py:3441} INFO - Setting next_dagrun for example_external_task_marker_parent to None, run_after=None
[2023-10-05T09:09:32.025+0000] {processor.py:175} INFO - Processing /home/airflow/.local/lib/python3.7/site-packages/airflow/example_dags/example_external_task_marker_dag.py took 0.119 seconds
[2023-10-05T10:32:04.268+0000] {processor.py:153} INFO - Started process (PID=109790) to work on /home/airflow/.local/lib/python3.7/site-packages/airflow/example_dags/example_external_task_marker_dag.py
[2023-10-05T10:32:04.270+0000] {processor.py:743} INFO - Processing file /home/airflow/.local/lib/python3.7/site-packages/airflow/example_dags/example_external_task_marker_dag.py for tasks to queue
[2023-10-05T10:32:04.271+0000] {logging_mixin.py:137} INFO - [2023-10-05T10:32:04.271+0000] {dagbag.py:538} INFO - Filling up the DagBag from /home/airflow/.local/lib/python3.7/site-packages/airflow/example_dags/example_external_task_marker_dag.py
[2023-10-05T10:32:04.285+0000] {processor.py:753} INFO - DAG(s) dict_keys(['example_external_task_marker_child', 'example_external_task_marker_parent']) retrieved from /home/airflow/.local/lib/python3.7/site-packages/airflow/example_dags/example_external_task_marker_dag.py
[2023-10-05T10:32:04.319+0000] {logging_mixin.py:137} INFO - [2023-10-05T10:32:04.319+0000] {dag.py:2690} INFO - Sync 2 DAGs
[2023-10-05T10:32:04.346+0000] {logging_mixin.py:137} INFO - [2023-10-05T10:32:04.346+0000] {dag.py:3441} INFO - Setting next_dagrun for example_external_task_marker_child to None, run_after=None
[2023-10-05T10:32:04.351+0000] {logging_mixin.py:137} INFO - [2023-10-05T10:32:04.351+0000] {dag.py:3441} INFO - Setting next_dagrun for example_external_task_marker_parent to None, run_after=None
[2023-10-05T10:32:04.362+0000] {processor.py:175} INFO - Processing /home/airflow/.local/lib/python3.7/site-packages/airflow/example_dags/example_external_task_marker_dag.py took 0.097 seconds
[2023-10-05T11:55:07.010+0000] {processor.py:153} INFO - Started process (PID=109860) to work on /home/airflow/.local/lib/python3.7/site-packages/airflow/example_dags/example_external_task_marker_dag.py
[2023-10-05T11:55:07.013+0000] {processor.py:743} INFO - Processing file /home/airflow/.local/lib/python3.7/site-packages/airflow/example_dags/example_external_task_marker_dag.py for tasks to queue
[2023-10-05T11:55:07.014+0000] {logging_mixin.py:137} INFO - [2023-10-05T11:55:07.014+0000] {dagbag.py:538} INFO - Filling up the DagBag from /home/airflow/.local/lib/python3.7/site-packages/airflow/example_dags/example_external_task_marker_dag.py
[2023-10-05T11:55:07.027+0000] {processor.py:753} INFO - DAG(s) dict_keys(['example_external_task_marker_parent', 'example_external_task_marker_child']) retrieved from /home/airflow/.local/lib/python3.7/site-packages/airflow/example_dags/example_external_task_marker_dag.py
[2023-10-05T11:55:07.058+0000] {logging_mixin.py:137} INFO - [2023-10-05T11:55:07.058+0000] {dag.py:2690} INFO - Sync 2 DAGs
[2023-10-05T11:55:07.076+0000] {logging_mixin.py:137} INFO - [2023-10-05T11:55:07.076+0000] {dag.py:3441} INFO - Setting next_dagrun for example_external_task_marker_child to None, run_after=None
[2023-10-05T11:55:07.079+0000] {logging_mixin.py:137} INFO - [2023-10-05T11:55:07.079+0000] {dag.py:3441} INFO - Setting next_dagrun for example_external_task_marker_parent to None, run_after=None
[2023-10-05T11:55:07.093+0000] {processor.py:175} INFO - Processing /home/airflow/.local/lib/python3.7/site-packages/airflow/example_dags/example_external_task_marker_dag.py took 0.085 seconds
[2023-10-05T13:18:44.465+0000] {processor.py:153} INFO - Started process (PID=109942) to work on /home/airflow/.local/lib/python3.7/site-packages/airflow/example_dags/example_external_task_marker_dag.py
[2023-10-05T13:18:44.467+0000] {processor.py:743} INFO - Processing file /home/airflow/.local/lib/python3.7/site-packages/airflow/example_dags/example_external_task_marker_dag.py for tasks to queue
[2023-10-05T13:18:44.468+0000] {logging_mixin.py:137} INFO - [2023-10-05T13:18:44.468+0000] {dagbag.py:538} INFO - Filling up the DagBag from /home/airflow/.local/lib/python3.7/site-packages/airflow/example_dags/example_external_task_marker_dag.py
[2023-10-05T13:18:44.479+0000] {processor.py:753} INFO - DAG(s) dict_keys(['example_external_task_marker_child', 'example_external_task_marker_parent']) retrieved from /home/airflow/.local/lib/python3.7/site-packages/airflow/example_dags/example_external_task_marker_dag.py
[2023-10-05T13:18:44.508+0000] {logging_mixin.py:137} INFO - [2023-10-05T13:18:44.507+0000] {dag.py:2690} INFO - Sync 2 DAGs
[2023-10-05T13:18:44.531+0000] {logging_mixin.py:137} INFO - [2023-10-05T13:18:44.531+0000] {dag.py:3441} INFO - Setting next_dagrun for example_external_task_marker_child to None, run_after=None
[2023-10-05T13:18:44.534+0000] {logging_mixin.py:137} INFO - [2023-10-05T13:18:44.534+0000] {dag.py:3441} INFO - Setting next_dagrun for example_external_task_marker_parent to None, run_after=None
[2023-10-05T13:18:44.546+0000] {processor.py:175} INFO - Processing /home/airflow/.local/lib/python3.7/site-packages/airflow/example_dags/example_external_task_marker_dag.py took 0.084 seconds
[2023-10-05T14:42:01.556+0000] {processor.py:153} INFO - Started process (PID=110010) to work on /home/airflow/.local/lib/python3.7/site-packages/airflow/example_dags/example_external_task_marker_dag.py
[2023-10-05T14:42:01.559+0000] {processor.py:743} INFO - Processing file /home/airflow/.local/lib/python3.7/site-packages/airflow/example_dags/example_external_task_marker_dag.py for tasks to queue
[2023-10-05T14:42:01.560+0000] {logging_mixin.py:137} INFO - [2023-10-05T14:42:01.560+0000] {dagbag.py:538} INFO - Filling up the DagBag from /home/airflow/.local/lib/python3.7/site-packages/airflow/example_dags/example_external_task_marker_dag.py
[2023-10-05T14:42:01.572+0000] {processor.py:753} INFO - DAG(s) dict_keys(['example_external_task_marker_child', 'example_external_task_marker_parent']) retrieved from /home/airflow/.local/lib/python3.7/site-packages/airflow/example_dags/example_external_task_marker_dag.py
[2023-10-05T14:42:01.602+0000] {logging_mixin.py:137} INFO - [2023-10-05T14:42:01.602+0000] {dag.py:2690} INFO - Sync 2 DAGs
[2023-10-05T14:42:01.620+0000] {logging_mixin.py:137} INFO - [2023-10-05T14:42:01.620+0000] {dag.py:3441} INFO - Setting next_dagrun for example_external_task_marker_child to None, run_after=None
[2023-10-05T14:42:01.624+0000] {logging_mixin.py:137} INFO - [2023-10-05T14:42:01.624+0000] {dag.py:3441} INFO - Setting next_dagrun for example_external_task_marker_parent to None, run_after=None
[2023-10-05T14:42:01.636+0000] {processor.py:175} INFO - Processing /home/airflow/.local/lib/python3.7/site-packages/airflow/example_dags/example_external_task_marker_dag.py took 0.083 seconds
[2023-10-05T16:03:54.120+0000] {processor.py:153} INFO - Started process (PID=110090) to work on /home/airflow/.local/lib/python3.7/site-packages/airflow/example_dags/example_external_task_marker_dag.py
[2023-10-05T16:03:54.122+0000] {processor.py:743} INFO - Processing file /home/airflow/.local/lib/python3.7/site-packages/airflow/example_dags/example_external_task_marker_dag.py for tasks to queue
[2023-10-05T16:03:54.123+0000] {logging_mixin.py:137} INFO - [2023-10-05T16:03:54.123+0000] {dagbag.py:538} INFO - Filling up the DagBag from /home/airflow/.local/lib/python3.7/site-packages/airflow/example_dags/example_external_task_marker_dag.py
[2023-10-05T16:03:54.135+0000] {processor.py:753} INFO - DAG(s) dict_keys(['example_external_task_marker_parent', 'example_external_task_marker_child']) retrieved from /home/airflow/.local/lib/python3.7/site-packages/airflow/example_dags/example_external_task_marker_dag.py
[2023-10-05T16:03:54.158+0000] {logging_mixin.py:137} INFO - [2023-10-05T16:03:54.158+0000] {dag.py:2690} INFO - Sync 2 DAGs
[2023-10-05T16:03:54.175+0000] {logging_mixin.py:137} INFO - [2023-10-05T16:03:54.175+0000] {dag.py:3441} INFO - Setting next_dagrun for example_external_task_marker_child to None, run_after=None
[2023-10-05T16:03:54.178+0000] {logging_mixin.py:137} INFO - [2023-10-05T16:03:54.178+0000] {dag.py:3441} INFO - Setting next_dagrun for example_external_task_marker_parent to None, run_after=None
[2023-10-05T16:03:54.192+0000] {processor.py:175} INFO - Processing /home/airflow/.local/lib/python3.7/site-packages/airflow/example_dags/example_external_task_marker_dag.py took 0.075 seconds
[2023-10-05T17:26:06.383+0000] {processor.py:153} INFO - Started process (PID=110159) to work on /home/airflow/.local/lib/python3.7/site-packages/airflow/example_dags/example_external_task_marker_dag.py
[2023-10-05T17:26:06.385+0000] {processor.py:743} INFO - Processing file /home/airflow/.local/lib/python3.7/site-packages/airflow/example_dags/example_external_task_marker_dag.py for tasks to queue
[2023-10-05T17:26:06.386+0000] {logging_mixin.py:137} INFO - [2023-10-05T17:26:06.386+0000] {dagbag.py:538} INFO - Filling up the DagBag from /home/airflow/.local/lib/python3.7/site-packages/airflow/example_dags/example_external_task_marker_dag.py
[2023-10-05T17:26:06.400+0000] {processor.py:753} INFO - DAG(s) dict_keys(['example_external_task_marker_child', 'example_external_task_marker_parent']) retrieved from /home/airflow/.local/lib/python3.7/site-packages/airflow/example_dags/example_external_task_marker_dag.py
[2023-10-05T17:26:06.439+0000] {logging_mixin.py:137} INFO - [2023-10-05T17:26:06.439+0000] {dag.py:2690} INFO - Sync 2 DAGs
[2023-10-05T17:26:06.465+0000] {logging_mixin.py:137} INFO - [2023-10-05T17:26:06.465+0000] {dag.py:3441} INFO - Setting next_dagrun for example_external_task_marker_child to None, run_after=None
[2023-10-05T17:26:06.468+0000] {logging_mixin.py:137} INFO - [2023-10-05T17:26:06.468+0000] {dag.py:3441} INFO - Setting next_dagrun for example_external_task_marker_parent to None, run_after=None
[2023-10-05T17:26:06.481+0000] {processor.py:175} INFO - Processing /home/airflow/.local/lib/python3.7/site-packages/airflow/example_dags/example_external_task_marker_dag.py took 0.100 seconds
[2023-10-05T18:42:45.364+0000] {processor.py:153} INFO - Started process (PID=110239) to work on /home/airflow/.local/lib/python3.7/site-packages/airflow/example_dags/example_external_task_marker_dag.py
[2023-10-05T18:42:45.365+0000] {processor.py:743} INFO - Processing file /home/airflow/.local/lib/python3.7/site-packages/airflow/example_dags/example_external_task_marker_dag.py for tasks to queue
[2023-10-05T18:42:45.367+0000] {logging_mixin.py:137} INFO - [2023-10-05T18:42:45.367+0000] {dagbag.py:538} INFO - Filling up the DagBag from /home/airflow/.local/lib/python3.7/site-packages/airflow/example_dags/example_external_task_marker_dag.py
[2023-10-05T18:42:45.380+0000] {processor.py:753} INFO - DAG(s) dict_keys(['example_external_task_marker_child', 'example_external_task_marker_parent']) retrieved from /home/airflow/.local/lib/python3.7/site-packages/airflow/example_dags/example_external_task_marker_dag.py
[2023-10-05T18:42:45.404+0000] {logging_mixin.py:137} INFO - [2023-10-05T18:42:45.404+0000] {dag.py:2690} INFO - Sync 2 DAGs
[2023-10-05T18:42:45.422+0000] {logging_mixin.py:137} INFO - [2023-10-05T18:42:45.422+0000] {dag.py:3441} INFO - Setting next_dagrun for example_external_task_marker_child to None, run_after=None
[2023-10-05T18:42:45.425+0000] {logging_mixin.py:137} INFO - [2023-10-05T18:42:45.425+0000] {dag.py:3441} INFO - Setting next_dagrun for example_external_task_marker_parent to None, run_after=None
[2023-10-05T18:42:45.439+0000] {processor.py:175} INFO - Processing /home/airflow/.local/lib/python3.7/site-packages/airflow/example_dags/example_external_task_marker_dag.py took 0.079 seconds
[2023-10-05T18:43:15.547+0000] {processor.py:153} INFO - Started process (PID=110308) to work on /home/airflow/.local/lib/python3.7/site-packages/airflow/example_dags/example_external_task_marker_dag.py
[2023-10-05T18:43:15.551+0000] {processor.py:743} INFO - Processing file /home/airflow/.local/lib/python3.7/site-packages/airflow/example_dags/example_external_task_marker_dag.py for tasks to queue
[2023-10-05T18:43:15.552+0000] {logging_mixin.py:137} INFO - [2023-10-05T18:43:15.552+0000] {dagbag.py:538} INFO - Filling up the DagBag from /home/airflow/.local/lib/python3.7/site-packages/airflow/example_dags/example_external_task_marker_dag.py
[2023-10-05T18:43:15.565+0000] {processor.py:753} INFO - DAG(s) dict_keys(['example_external_task_marker_child', 'example_external_task_marker_parent']) retrieved from /home/airflow/.local/lib/python3.7/site-packages/airflow/example_dags/example_external_task_marker_dag.py
[2023-10-05T18:43:15.597+0000] {logging_mixin.py:137} INFO - [2023-10-05T18:43:15.597+0000] {dag.py:2690} INFO - Sync 2 DAGs
[2023-10-05T18:43:15.622+0000] {logging_mixin.py:137} INFO - [2023-10-05T18:43:15.622+0000] {dag.py:3441} INFO - Setting next_dagrun for example_external_task_marker_child to None, run_after=None
[2023-10-05T18:43:15.626+0000] {logging_mixin.py:137} INFO - [2023-10-05T18:43:15.626+0000] {dag.py:3441} INFO - Setting next_dagrun for example_external_task_marker_parent to None, run_after=None
[2023-10-05T18:43:15.638+0000] {processor.py:175} INFO - Processing /home/airflow/.local/lib/python3.7/site-packages/airflow/example_dags/example_external_task_marker_dag.py took 0.096 seconds
[2023-10-05T18:43:46.453+0000] {processor.py:153} INFO - Started process (PID=110389) to work on /home/airflow/.local/lib/python3.7/site-packages/airflow/example_dags/example_external_task_marker_dag.py
[2023-10-05T18:43:46.456+0000] {processor.py:743} INFO - Processing file /home/airflow/.local/lib/python3.7/site-packages/airflow/example_dags/example_external_task_marker_dag.py for tasks to queue
[2023-10-05T18:43:46.457+0000] {logging_mixin.py:137} INFO - [2023-10-05T18:43:46.457+0000] {dagbag.py:538} INFO - Filling up the DagBag from /home/airflow/.local/lib/python3.7/site-packages/airflow/example_dags/example_external_task_marker_dag.py
[2023-10-05T18:43:46.471+0000] {processor.py:753} INFO - DAG(s) dict_keys(['example_external_task_marker_parent', 'example_external_task_marker_child']) retrieved from /home/airflow/.local/lib/python3.7/site-packages/airflow/example_dags/example_external_task_marker_dag.py
[2023-10-05T18:43:46.498+0000] {logging_mixin.py:137} INFO - [2023-10-05T18:43:46.497+0000] {dag.py:2690} INFO - Sync 2 DAGs
[2023-10-05T18:43:46.519+0000] {logging_mixin.py:137} INFO - [2023-10-05T18:43:46.519+0000] {dag.py:3441} INFO - Setting next_dagrun for example_external_task_marker_child to None, run_after=None
[2023-10-05T18:43:46.523+0000] {logging_mixin.py:137} INFO - [2023-10-05T18:43:46.523+0000] {dag.py:3441} INFO - Setting next_dagrun for example_external_task_marker_parent to None, run_after=None
[2023-10-05T18:43:46.536+0000] {processor.py:175} INFO - Processing /home/airflow/.local/lib/python3.7/site-packages/airflow/example_dags/example_external_task_marker_dag.py took 0.086 seconds
[2023-10-05T18:44:19.031+0000] {processor.py:153} INFO - Started process (PID=110467) to work on /home/airflow/.local/lib/python3.7/site-packages/airflow/example_dags/example_external_task_marker_dag.py
[2023-10-05T18:44:19.034+0000] {processor.py:743} INFO - Processing file /home/airflow/.local/lib/python3.7/site-packages/airflow/example_dags/example_external_task_marker_dag.py for tasks to queue
[2023-10-05T18:44:19.037+0000] {logging_mixin.py:137} INFO - [2023-10-05T18:44:19.037+0000] {dagbag.py:538} INFO - Filling up the DagBag from /home/airflow/.local/lib/python3.7/site-packages/airflow/example_dags/example_external_task_marker_dag.py
[2023-10-05T18:44:19.070+0000] {processor.py:753} INFO - DAG(s) dict_keys(['example_external_task_marker_child', 'example_external_task_marker_parent']) retrieved from /home/airflow/.local/lib/python3.7/site-packages/airflow/example_dags/example_external_task_marker_dag.py
[2023-10-05T18:44:19.165+0000] {logging_mixin.py:137} INFO - [2023-10-05T18:44:19.165+0000] {dag.py:2690} INFO - Sync 2 DAGs
[2023-10-05T18:44:19.196+0000] {logging_mixin.py:137} INFO - [2023-10-05T18:44:19.196+0000] {dag.py:3441} INFO - Setting next_dagrun for example_external_task_marker_child to None, run_after=None
[2023-10-05T18:44:19.200+0000] {logging_mixin.py:137} INFO - [2023-10-05T18:44:19.200+0000] {dag.py:3441} INFO - Setting next_dagrun for example_external_task_marker_parent to None, run_after=None
[2023-10-05T18:44:19.222+0000] {processor.py:175} INFO - Processing /home/airflow/.local/lib/python3.7/site-packages/airflow/example_dags/example_external_task_marker_dag.py took 0.197 seconds
[2023-10-05T18:47:51.932+0000] {processor.py:153} INFO - Started process (PID=110538) to work on /home/airflow/.local/lib/python3.7/site-packages/airflow/example_dags/example_external_task_marker_dag.py
[2023-10-05T18:47:51.937+0000] {processor.py:743} INFO - Processing file /home/airflow/.local/lib/python3.7/site-packages/airflow/example_dags/example_external_task_marker_dag.py for tasks to queue
[2023-10-05T18:47:51.938+0000] {logging_mixin.py:137} INFO - [2023-10-05T18:47:51.938+0000] {dagbag.py:538} INFO - Filling up the DagBag from /home/airflow/.local/lib/python3.7/site-packages/airflow/example_dags/example_external_task_marker_dag.py
[2023-10-05T18:47:51.992+0000] {processor.py:753} INFO - DAG(s) dict_keys(['example_external_task_marker_parent', 'example_external_task_marker_child']) retrieved from /home/airflow/.local/lib/python3.7/site-packages/airflow/example_dags/example_external_task_marker_dag.py
[2023-10-05T18:47:52.128+0000] {logging_mixin.py:137} INFO - [2023-10-05T18:47:52.128+0000] {dag.py:2690} INFO - Sync 2 DAGs
[2023-10-05T18:47:52.178+0000] {logging_mixin.py:137} INFO - [2023-10-05T18:47:52.178+0000] {dag.py:3441} INFO - Setting next_dagrun for example_external_task_marker_child to None, run_after=None
[2023-10-05T18:47:52.184+0000] {logging_mixin.py:137} INFO - [2023-10-05T18:47:52.184+0000] {dag.py:3441} INFO - Setting next_dagrun for example_external_task_marker_parent to None, run_after=None
[2023-10-05T18:47:52.245+0000] {processor.py:175} INFO - Processing /home/airflow/.local/lib/python3.7/site-packages/airflow/example_dags/example_external_task_marker_dag.py took 0.319 seconds
[2023-10-05T18:48:22.831+0000] {processor.py:153} INFO - Started process (PID=110606) to work on /home/airflow/.local/lib/python3.7/site-packages/airflow/example_dags/example_external_task_marker_dag.py
[2023-10-05T18:48:22.834+0000] {processor.py:743} INFO - Processing file /home/airflow/.local/lib/python3.7/site-packages/airflow/example_dags/example_external_task_marker_dag.py for tasks to queue
[2023-10-05T18:48:22.836+0000] {logging_mixin.py:137} INFO - [2023-10-05T18:48:22.836+0000] {dagbag.py:538} INFO - Filling up the DagBag from /home/airflow/.local/lib/python3.7/site-packages/airflow/example_dags/example_external_task_marker_dag.py
[2023-10-05T18:48:22.847+0000] {processor.py:753} INFO - DAG(s) dict_keys(['example_external_task_marker_child', 'example_external_task_marker_parent']) retrieved from /home/airflow/.local/lib/python3.7/site-packages/airflow/example_dags/example_external_task_marker_dag.py
[2023-10-05T18:48:22.873+0000] {logging_mixin.py:137} INFO - [2023-10-05T18:48:22.873+0000] {dag.py:2690} INFO - Sync 2 DAGs
[2023-10-05T18:48:22.893+0000] {logging_mixin.py:137} INFO - [2023-10-05T18:48:22.893+0000] {dag.py:3441} INFO - Setting next_dagrun for example_external_task_marker_child to None, run_after=None
[2023-10-05T18:48:22.896+0000] {logging_mixin.py:137} INFO - [2023-10-05T18:48:22.896+0000] {dag.py:3441} INFO - Setting next_dagrun for example_external_task_marker_parent to None, run_after=None
[2023-10-05T18:48:22.906+0000] {processor.py:175} INFO - Processing /home/airflow/.local/lib/python3.7/site-packages/airflow/example_dags/example_external_task_marker_dag.py took 0.079 seconds
[2023-10-05T18:48:53.741+0000] {processor.py:153} INFO - Started process (PID=110687) to work on /home/airflow/.local/lib/python3.7/site-packages/airflow/example_dags/example_external_task_marker_dag.py
[2023-10-05T18:48:53.743+0000] {processor.py:743} INFO - Processing file /home/airflow/.local/lib/python3.7/site-packages/airflow/example_dags/example_external_task_marker_dag.py for tasks to queue
[2023-10-05T18:48:53.745+0000] {logging_mixin.py:137} INFO - [2023-10-05T18:48:53.745+0000] {dagbag.py:538} INFO - Filling up the DagBag from /home/airflow/.local/lib/python3.7/site-packages/airflow/example_dags/example_external_task_marker_dag.py
[2023-10-05T18:48:53.763+0000] {processor.py:753} INFO - DAG(s) dict_keys(['example_external_task_marker_parent', 'example_external_task_marker_child']) retrieved from /home/airflow/.local/lib/python3.7/site-packages/airflow/example_dags/example_external_task_marker_dag.py
[2023-10-05T18:48:53.802+0000] {logging_mixin.py:137} INFO - [2023-10-05T18:48:53.801+0000] {dag.py:2690} INFO - Sync 2 DAGs
[2023-10-05T18:48:53.823+0000] {logging_mixin.py:137} INFO - [2023-10-05T18:48:53.823+0000] {dag.py:3441} INFO - Setting next_dagrun for example_external_task_marker_child to None, run_after=None
[2023-10-05T18:48:53.827+0000] {logging_mixin.py:137} INFO - [2023-10-05T18:48:53.827+0000] {dag.py:3441} INFO - Setting next_dagrun for example_external_task_marker_parent to None, run_after=None
[2023-10-05T18:48:53.843+0000] {processor.py:175} INFO - Processing /home/airflow/.local/lib/python3.7/site-packages/airflow/example_dags/example_external_task_marker_dag.py took 0.107 seconds
[2023-10-05T18:49:24.511+0000] {processor.py:153} INFO - Started process (PID=110756) to work on /home/airflow/.local/lib/python3.7/site-packages/airflow/example_dags/example_external_task_marker_dag.py
[2023-10-05T18:49:24.525+0000] {processor.py:743} INFO - Processing file /home/airflow/.local/lib/python3.7/site-packages/airflow/example_dags/example_external_task_marker_dag.py for tasks to queue
[2023-10-05T18:49:24.531+0000] {logging_mixin.py:137} INFO - [2023-10-05T18:49:24.531+0000] {dagbag.py:538} INFO - Filling up the DagBag from /home/airflow/.local/lib/python3.7/site-packages/airflow/example_dags/example_external_task_marker_dag.py
[2023-10-05T18:49:24.562+0000] {processor.py:753} INFO - DAG(s) dict_keys(['example_external_task_marker_child', 'example_external_task_marker_parent']) retrieved from /home/airflow/.local/lib/python3.7/site-packages/airflow/example_dags/example_external_task_marker_dag.py
[2023-10-05T18:49:24.601+0000] {logging_mixin.py:137} INFO - [2023-10-05T18:49:24.601+0000] {dag.py:2690} INFO - Sync 2 DAGs
[2023-10-05T18:49:24.623+0000] {logging_mixin.py:137} INFO - [2023-10-05T18:49:24.623+0000] {dag.py:3441} INFO - Setting next_dagrun for example_external_task_marker_child to None, run_after=None
[2023-10-05T18:49:24.631+0000] {logging_mixin.py:137} INFO - [2023-10-05T18:49:24.630+0000] {dag.py:3441} INFO - Setting next_dagrun for example_external_task_marker_parent to None, run_after=None
[2023-10-05T18:49:24.643+0000] {processor.py:175} INFO - Processing /home/airflow/.local/lib/python3.7/site-packages/airflow/example_dags/example_external_task_marker_dag.py took 0.135 seconds
[2023-10-05T19:21:49.154+0000] {processor.py:153} INFO - Started process (PID=110825) to work on /home/airflow/.local/lib/python3.7/site-packages/airflow/example_dags/example_external_task_marker_dag.py
[2023-10-05T19:21:49.156+0000] {processor.py:743} INFO - Processing file /home/airflow/.local/lib/python3.7/site-packages/airflow/example_dags/example_external_task_marker_dag.py for tasks to queue
[2023-10-05T19:21:49.158+0000] {logging_mixin.py:137} INFO - [2023-10-05T19:21:49.158+0000] {dagbag.py:538} INFO - Filling up the DagBag from /home/airflow/.local/lib/python3.7/site-packages/airflow/example_dags/example_external_task_marker_dag.py
[2023-10-05T19:21:49.171+0000] {processor.py:753} INFO - DAG(s) dict_keys(['example_external_task_marker_parent', 'example_external_task_marker_child']) retrieved from /home/airflow/.local/lib/python3.7/site-packages/airflow/example_dags/example_external_task_marker_dag.py
[2023-10-05T19:21:49.198+0000] {logging_mixin.py:137} INFO - [2023-10-05T19:21:49.198+0000] {dag.py:2690} INFO - Sync 2 DAGs
[2023-10-05T19:21:49.219+0000] {logging_mixin.py:137} INFO - [2023-10-05T19:21:49.219+0000] {dag.py:3441} INFO - Setting next_dagrun for example_external_task_marker_child to None, run_after=None
[2023-10-05T19:21:49.223+0000] {logging_mixin.py:137} INFO - [2023-10-05T19:21:49.223+0000] {dag.py:3441} INFO - Setting next_dagrun for example_external_task_marker_parent to None, run_after=None
[2023-10-05T19:21:49.245+0000] {processor.py:175} INFO - Processing /home/airflow/.local/lib/python3.7/site-packages/airflow/example_dags/example_external_task_marker_dag.py took 0.095 seconds
[2023-10-05T20:48:56.161+0000] {processor.py:153} INFO - Started process (PID=110905) to work on /home/airflow/.local/lib/python3.7/site-packages/airflow/example_dags/example_external_task_marker_dag.py
[2023-10-05T20:48:56.162+0000] {processor.py:743} INFO - Processing file /home/airflow/.local/lib/python3.7/site-packages/airflow/example_dags/example_external_task_marker_dag.py for tasks to queue
[2023-10-05T20:48:56.164+0000] {logging_mixin.py:137} INFO - [2023-10-05T20:48:56.164+0000] {dagbag.py:538} INFO - Filling up the DagBag from /home/airflow/.local/lib/python3.7/site-packages/airflow/example_dags/example_external_task_marker_dag.py
[2023-10-05T20:48:56.184+0000] {processor.py:753} INFO - DAG(s) dict_keys(['example_external_task_marker_child', 'example_external_task_marker_parent']) retrieved from /home/airflow/.local/lib/python3.7/site-packages/airflow/example_dags/example_external_task_marker_dag.py
[2023-10-05T20:48:56.213+0000] {logging_mixin.py:137} INFO - [2023-10-05T20:48:56.212+0000] {dag.py:2690} INFO - Sync 2 DAGs
[2023-10-05T20:48:56.235+0000] {logging_mixin.py:137} INFO - [2023-10-05T20:48:56.235+0000] {dag.py:3441} INFO - Setting next_dagrun for example_external_task_marker_child to None, run_after=None
[2023-10-05T20:48:56.237+0000] {logging_mixin.py:137} INFO - [2023-10-05T20:48:56.237+0000] {dag.py:3441} INFO - Setting next_dagrun for example_external_task_marker_parent to None, run_after=None
[2023-10-05T20:48:56.248+0000] {processor.py:175} INFO - Processing /home/airflow/.local/lib/python3.7/site-packages/airflow/example_dags/example_external_task_marker_dag.py took 0.090 seconds
[2023-10-05T22:08:55.273+0000] {processor.py:153} INFO - Started process (PID=110974) to work on /home/airflow/.local/lib/python3.7/site-packages/airflow/example_dags/example_external_task_marker_dag.py
[2023-10-05T22:08:55.274+0000] {processor.py:743} INFO - Processing file /home/airflow/.local/lib/python3.7/site-packages/airflow/example_dags/example_external_task_marker_dag.py for tasks to queue
[2023-10-05T22:08:55.275+0000] {logging_mixin.py:137} INFO - [2023-10-05T22:08:55.275+0000] {dagbag.py:538} INFO - Filling up the DagBag from /home/airflow/.local/lib/python3.7/site-packages/airflow/example_dags/example_external_task_marker_dag.py
[2023-10-05T22:08:55.286+0000] {processor.py:753} INFO - DAG(s) dict_keys(['example_external_task_marker_parent', 'example_external_task_marker_child']) retrieved from /home/airflow/.local/lib/python3.7/site-packages/airflow/example_dags/example_external_task_marker_dag.py
[2023-10-05T22:08:55.312+0000] {logging_mixin.py:137} INFO - [2023-10-05T22:08:55.312+0000] {dag.py:2690} INFO - Sync 2 DAGs
[2023-10-05T22:08:55.331+0000] {logging_mixin.py:137} INFO - [2023-10-05T22:08:55.330+0000] {dag.py:3441} INFO - Setting next_dagrun for example_external_task_marker_child to None, run_after=None
[2023-10-05T22:08:55.333+0000] {logging_mixin.py:137} INFO - [2023-10-05T22:08:55.333+0000] {dag.py:3441} INFO - Setting next_dagrun for example_external_task_marker_parent to None, run_after=None
[2023-10-05T22:08:55.345+0000] {processor.py:175} INFO - Processing /home/airflow/.local/lib/python3.7/site-packages/airflow/example_dags/example_external_task_marker_dag.py took 0.075 seconds
[2023-10-05T23:33:25.208+0000] {processor.py:153} INFO - Started process (PID=111055) to work on /home/airflow/.local/lib/python3.7/site-packages/airflow/example_dags/example_external_task_marker_dag.py
[2023-10-05T23:33:25.210+0000] {processor.py:743} INFO - Processing file /home/airflow/.local/lib/python3.7/site-packages/airflow/example_dags/example_external_task_marker_dag.py for tasks to queue
[2023-10-05T23:33:25.211+0000] {logging_mixin.py:137} INFO - [2023-10-05T23:33:25.211+0000] {dagbag.py:538} INFO - Filling up the DagBag from /home/airflow/.local/lib/python3.7/site-packages/airflow/example_dags/example_external_task_marker_dag.py
[2023-10-05T23:33:25.223+0000] {processor.py:753} INFO - DAG(s) dict_keys(['example_external_task_marker_parent', 'example_external_task_marker_child']) retrieved from /home/airflow/.local/lib/python3.7/site-packages/airflow/example_dags/example_external_task_marker_dag.py
[2023-10-05T23:33:25.247+0000] {logging_mixin.py:137} INFO - [2023-10-05T23:33:25.247+0000] {dag.py:2690} INFO - Sync 2 DAGs
[2023-10-05T23:33:25.264+0000] {logging_mixin.py:137} INFO - [2023-10-05T23:33:25.264+0000] {dag.py:3441} INFO - Setting next_dagrun for example_external_task_marker_child to None, run_after=None
[2023-10-05T23:33:25.267+0000] {logging_mixin.py:137} INFO - [2023-10-05T23:33:25.267+0000] {dag.py:3441} INFO - Setting next_dagrun for example_external_task_marker_parent to None, run_after=None
[2023-10-05T23:33:25.279+0000] {processor.py:175} INFO - Processing /home/airflow/.local/lib/python3.7/site-packages/airflow/example_dags/example_external_task_marker_dag.py took 0.074 seconds
