[2023-04-30T00:00:29.247+0000] {taskinstance.py:1083} INFO - Dependencies all met for <TaskInstance: my_new_dag.hello_world_task scheduled__2023-04-29T00:00:00+00:00 [queued]>
[2023-04-30T00:00:30.036+0000] {taskinstance.py:1083} INFO - Dependencies all met for <TaskInstance: my_new_dag.hello_world_task scheduled__2023-04-29T00:00:00+00:00 [queued]>
[2023-04-30T00:00:30.044+0000] {taskinstance.py:1279} INFO - 
--------------------------------------------------------------------------------
[2023-04-30T00:00:30.056+0000] {taskinstance.py:1280} INFO - Starting attempt 1 of 1
[2023-04-30T00:00:30.062+0000] {taskinstance.py:1281} INFO - 
--------------------------------------------------------------------------------
[2023-04-30T00:00:30.675+0000] {taskinstance.py:1300} INFO - Executing <Task(PythonOperator): hello_world_task> on 2023-04-29 00:00:00+00:00
[2023-04-30T00:00:30.951+0000] {standard_task_runner.py:55} INFO - Started process 94658 to run task
[2023-04-30T00:00:31.079+0000] {standard_task_runner.py:82} INFO - Running: ['***', 'tasks', 'run', 'my_new_dag', 'hello_world_task', 'scheduled__2023-04-29T00:00:00+00:00', '--job-id', '4704', '--raw', '--subdir', 'DAGS_FOLDER/new.py', '--cfg-path', '/tmp/tmp54euw_2v']
[2023-04-30T00:00:31.099+0000] {standard_task_runner.py:83} INFO - Job 4704: Subtask hello_world_task
[2023-04-30T00:00:31.466+0000] {task_command.py:388} INFO - Running <TaskInstance: my_new_dag.hello_world_task scheduled__2023-04-29T00:00:00+00:00 [running]> on host fe34f61acbb3
[2023-04-30T00:00:32.028+0000] {taskinstance.py:1509} INFO - Exporting the following env vars:
AIRFLOW_CTX_DAG_OWNER=***
AIRFLOW_CTX_DAG_ID=my_new_dag
AIRFLOW_CTX_TASK_ID=hello_world_task
AIRFLOW_CTX_EXECUTION_DATE=2023-04-29T00:00:00+00:00
AIRFLOW_CTX_TRY_NUMBER=1
AIRFLOW_CTX_DAG_RUN_ID=scheduled__2023-04-29T00:00:00+00:00
[2023-04-30T00:00:32.036+0000] {new.py:8} INFO - Hello World Desmond
[2023-04-30T00:00:32.039+0000] {python.py:177} INFO - Done. Returned value was: None
[2023-04-30T00:00:32.162+0000] {taskinstance.py:1323} INFO - Marking task as SUCCESS. dag_id=my_new_dag, task_id=hello_world_task, execution_date=20230429T000000, start_date=20230430T000029, end_date=20230430T000032
[2023-04-30T00:00:32.369+0000] {local_task_job.py:208} INFO - Task exited with return code 0
[2023-04-30T00:00:32.504+0000] {taskinstance.py:2578} INFO - 1 downstream tasks scheduled from follow-on schedule check
[2023-05-04T17:32:57.997+0000] {taskinstance.py:1083} INFO - Dependencies all met for <TaskInstance: my_new_dag.hello_world_task scheduled__2023-04-29T00:00:00+00:00 [queued]>
[2023-05-04T17:32:58.059+0000] {taskinstance.py:1083} INFO - Dependencies all met for <TaskInstance: my_new_dag.hello_world_task scheduled__2023-04-29T00:00:00+00:00 [queued]>
[2023-05-04T17:32:58.061+0000] {taskinstance.py:1279} INFO - 
--------------------------------------------------------------------------------
[2023-05-04T17:32:58.062+0000] {taskinstance.py:1280} INFO - Starting attempt 1 of 1
[2023-05-04T17:32:58.063+0000] {taskinstance.py:1281} INFO - 
--------------------------------------------------------------------------------
[2023-05-04T17:32:58.131+0000] {taskinstance.py:1300} INFO - Executing <Task(PythonOperator): hello_world_task> on 2023-04-29 00:00:00+00:00
[2023-05-04T17:32:58.163+0000] {standard_task_runner.py:55} INFO - Started process 362 to run task
[2023-05-04T17:32:58.186+0000] {standard_task_runner.py:82} INFO - Running: ['***', 'tasks', 'run', 'my_new_dag', 'hello_world_task', 'scheduled__2023-04-29T00:00:00+00:00', '--job-id', '104', '--raw', '--subdir', 'DAGS_FOLDER/new.py', '--cfg-path', '/tmp/tmp6rgw4s9m']
[2023-05-04T17:32:58.188+0000] {standard_task_runner.py:83} INFO - Job 104: Subtask hello_world_task
[2023-05-04T17:32:58.418+0000] {task_command.py:388} INFO - Running <TaskInstance: my_new_dag.hello_world_task scheduled__2023-04-29T00:00:00+00:00 [running]> on host 7cb0501374e0
[2023-05-04T17:32:58.601+0000] {taskinstance.py:1509} INFO - Exporting the following env vars:
AIRFLOW_CTX_DAG_OWNER=***
AIRFLOW_CTX_DAG_ID=my_new_dag
AIRFLOW_CTX_TASK_ID=hello_world_task
AIRFLOW_CTX_EXECUTION_DATE=2023-04-29T00:00:00+00:00
AIRFLOW_CTX_TRY_NUMBER=1
AIRFLOW_CTX_DAG_RUN_ID=scheduled__2023-04-29T00:00:00+00:00
[2023-05-04T17:32:58.605+0000] {new.py:8} INFO - Hello World Desmond
[2023-05-04T17:32:58.606+0000] {python.py:177} INFO - Done. Returned value was: None
[2023-05-04T17:32:58.617+0000] {taskinstance.py:1323} INFO - Marking task as SUCCESS. dag_id=my_new_dag, task_id=hello_world_task, execution_date=20230429T000000, start_date=20230504T173258, end_date=20230504T173258
[2023-05-04T17:32:58.685+0000] {local_task_job.py:208} INFO - Task exited with return code 0
[2023-05-04T17:32:58.727+0000] {taskinstance.py:2578} INFO - 1 downstream tasks scheduled from follow-on schedule check
