[2023-07-02T16:57:37.628+0000] {taskinstance.py:1083} INFO - Dependencies all met for <TaskInstance: addition.addition scheduled__2022-11-02T00:00:00+00:00 [queued]>
[2023-07-02T16:57:37.669+0000] {taskinstance.py:1083} INFO - Dependencies all met for <TaskInstance: addition.addition scheduled__2022-11-02T00:00:00+00:00 [queued]>
[2023-07-02T16:57:37.670+0000] {taskinstance.py:1279} INFO - 
--------------------------------------------------------------------------------
[2023-07-02T16:57:37.671+0000] {taskinstance.py:1280} INFO - Starting attempt 1 of 4
[2023-07-02T16:57:37.672+0000] {taskinstance.py:1281} INFO - 
--------------------------------------------------------------------------------
[2023-07-02T16:57:37.701+0000] {taskinstance.py:1300} INFO - Executing <Task(PythonOperator): addition> on 2022-11-02 00:00:00+00:00
[2023-07-02T16:57:37.707+0000] {standard_task_runner.py:55} INFO - Started process 974 to run task
[2023-07-02T16:57:37.726+0000] {standard_task_runner.py:82} INFO - Running: ['***', 'tasks', 'run', 'addition', 'addition', 'scheduled__2022-11-02T00:00:00+00:00', '--job-id', '2980', '--raw', '--subdir', 'DAGS_FOLDER/mayor.py', '--cfg-path', '/tmp/tmp2_lgwoje']
[2023-07-02T16:57:37.728+0000] {standard_task_runner.py:83} INFO - Job 2980: Subtask addition
[2023-07-02T16:57:37.918+0000] {task_command.py:388} INFO - Running <TaskInstance: addition.addition scheduled__2022-11-02T00:00:00+00:00 [running]> on host 25f6b46723d1
[2023-07-02T16:57:38.113+0000] {taskinstance.py:1509} INFO - Exporting the following env vars:
AIRFLOW_CTX_DAG_OWNER=***
AIRFLOW_CTX_DAG_ID=addition
AIRFLOW_CTX_TASK_ID=addition
AIRFLOW_CTX_EXECUTION_DATE=2022-11-02T00:00:00+00:00
AIRFLOW_CTX_TRY_NUMBER=1
AIRFLOW_CTX_DAG_RUN_ID=scheduled__2022-11-02T00:00:00+00:00
[2023-07-02T16:57:38.127+0000] {logging_mixin.py:137} INFO - 9
[2023-07-02T16:57:38.128+0000] {python.py:177} INFO - Done. Returned value was: None
[2023-07-02T16:57:38.181+0000] {taskinstance.py:1323} INFO - Marking task as SUCCESS. dag_id=addition, task_id=addition, execution_date=20221102T000000, start_date=20230702T165737, end_date=20230702T165738
[2023-07-02T16:57:38.260+0000] {local_task_job.py:208} INFO - Task exited with return code 0
[2023-07-02T16:57:38.308+0000] {taskinstance.py:2578} INFO - 0 downstream tasks scheduled from follow-on schedule check
