[2023-04-19T12:41:31.235+0000] {taskinstance.py:1083} INFO - Dependencies all met for <TaskInstance: age_check.add scheduled__2022-11-01T00:00:00+00:00 [queued]>
[2023-04-19T12:41:31.247+0000] {taskinstance.py:1083} INFO - Dependencies all met for <TaskInstance: age_check.add scheduled__2022-11-01T00:00:00+00:00 [queued]>
[2023-04-19T12:41:31.249+0000] {taskinstance.py:1279} INFO - 
--------------------------------------------------------------------------------
[2023-04-19T12:41:31.251+0000] {taskinstance.py:1280} INFO - Starting attempt 1 of 4
[2023-04-19T12:41:31.252+0000] {taskinstance.py:1281} INFO - 
--------------------------------------------------------------------------------
[2023-04-19T12:41:31.281+0000] {taskinstance.py:1300} INFO - Executing <Task(PythonOperator): add> on 2022-11-01 00:00:00+00:00
[2023-04-19T12:41:31.294+0000] {standard_task_runner.py:55} INFO - Started process 22675 to run task
[2023-04-19T12:41:31.309+0000] {standard_task_runner.py:82} INFO - Running: ['***', 'tasks', 'run', 'age_check', 'add', 'scheduled__2022-11-01T00:00:00+00:00', '--job-id', '1086', '--raw', '--subdir', 'DAGS_FOLDER/age.py', '--cfg-path', '/tmp/tmpvpjirn7c']
[2023-04-19T12:41:31.311+0000] {standard_task_runner.py:83} INFO - Job 1086: Subtask add
[2023-04-19T12:41:31.436+0000] {task_command.py:388} INFO - Running <TaskInstance: age_check.add scheduled__2022-11-01T00:00:00+00:00 [running]> on host fe34f61acbb3
[2023-04-19T12:41:31.540+0000] {taskinstance.py:1509} INFO - Exporting the following env vars:
AIRFLOW_CTX_DAG_OWNER=***
AIRFLOW_CTX_DAG_ID=age_check
AIRFLOW_CTX_TASK_ID=add
AIRFLOW_CTX_EXECUTION_DATE=2022-11-01T00:00:00+00:00
AIRFLOW_CTX_TRY_NUMBER=1
AIRFLOW_CTX_DAG_RUN_ID=scheduled__2022-11-01T00:00:00+00:00
[2023-04-19T12:41:31.543+0000] {logging_mixin.py:137} INFO - 4
[2023-04-19T12:41:31.545+0000] {python.py:177} INFO - Done. Returned value was: None
[2023-04-19T12:41:31.559+0000] {taskinstance.py:1323} INFO - Marking task as SUCCESS. dag_id=age_check, task_id=add, execution_date=20221101T000000, start_date=20230419T124131, end_date=20230419T124131
[2023-04-19T12:41:31.640+0000] {local_task_job.py:208} INFO - Task exited with return code 0
[2023-04-19T12:41:31.684+0000] {taskinstance.py:2578} INFO - 1 downstream tasks scheduled from follow-on schedule check
[2023-05-17T10:13:36.236+0000] {taskinstance.py:1083} INFO - Dependencies all met for <TaskInstance: age_check.add scheduled__2022-11-01T00:00:00+00:00 [queued]>
[2023-05-17T10:13:36.250+0000] {taskinstance.py:1083} INFO - Dependencies all met for <TaskInstance: age_check.add scheduled__2022-11-01T00:00:00+00:00 [queued]>
[2023-05-17T10:13:36.251+0000] {taskinstance.py:1279} INFO - 
--------------------------------------------------------------------------------
[2023-05-17T10:13:36.253+0000] {taskinstance.py:1280} INFO - Starting attempt 1 of 4
[2023-05-17T10:13:36.256+0000] {taskinstance.py:1281} INFO - 
--------------------------------------------------------------------------------
[2023-05-17T10:13:36.270+0000] {taskinstance.py:1300} INFO - Executing <Task(PythonOperator): add> on 2022-11-01 00:00:00+00:00
[2023-05-17T10:13:36.276+0000] {standard_task_runner.py:55} INFO - Started process 5383 to run task
[2023-05-17T10:13:36.294+0000] {standard_task_runner.py:82} INFO - Running: ['***', 'tasks', 'run', 'age_check', 'add', 'scheduled__2022-11-01T00:00:00+00:00', '--job-id', '660', '--raw', '--subdir', 'DAGS_FOLDER/age.py', '--cfg-path', '/tmp/tmpgh2neorv']
[2023-05-17T10:13:36.296+0000] {standard_task_runner.py:83} INFO - Job 660: Subtask add
[2023-05-17T10:13:36.394+0000] {task_command.py:388} INFO - Running <TaskInstance: age_check.add scheduled__2022-11-01T00:00:00+00:00 [running]> on host 242f95e3e8a8
[2023-05-17T10:13:36.492+0000] {taskinstance.py:1509} INFO - Exporting the following env vars:
AIRFLOW_CTX_DAG_OWNER=***
AIRFLOW_CTX_DAG_ID=age_check
AIRFLOW_CTX_TASK_ID=add
AIRFLOW_CTX_EXECUTION_DATE=2022-11-01T00:00:00+00:00
AIRFLOW_CTX_TRY_NUMBER=1
AIRFLOW_CTX_DAG_RUN_ID=scheduled__2022-11-01T00:00:00+00:00
[2023-05-17T10:13:36.499+0000] {logging_mixin.py:137} INFO - 4
[2023-05-17T10:13:36.505+0000] {python.py:177} INFO - Done. Returned value was: None
[2023-05-17T10:13:36.516+0000] {taskinstance.py:1323} INFO - Marking task as SUCCESS. dag_id=age_check, task_id=add, execution_date=20221101T000000, start_date=20230517T101336, end_date=20230517T101336
[2023-05-17T10:13:36.576+0000] {local_task_job.py:208} INFO - Task exited with return code 0
[2023-05-17T10:13:36.600+0000] {taskinstance.py:2578} INFO - 1 downstream tasks scheduled from follow-on schedule check
