[2023-08-26T01:26:15.756+0000] {taskinstance.py:1083} INFO - Dependencies all met for <TaskInstance: age_check.age_check scheduled__2023-08-25T00:00:00+00:00 [queued]>
[2023-08-26T01:26:15.804+0000] {taskinstance.py:1083} INFO - Dependencies all met for <TaskInstance: age_check.age_check scheduled__2023-08-25T00:00:00+00:00 [queued]>
[2023-08-26T01:26:15.814+0000] {taskinstance.py:1279} INFO - 
--------------------------------------------------------------------------------
[2023-08-26T01:26:15.818+0000] {taskinstance.py:1280} INFO - Starting attempt 2 of 4
[2023-08-26T01:26:15.822+0000] {taskinstance.py:1281} INFO - 
--------------------------------------------------------------------------------
[2023-08-26T01:26:15.858+0000] {taskinstance.py:1300} INFO - Executing <Task(PythonOperator): age_check> on 2023-08-25 00:00:00+00:00
[2023-08-26T01:26:15.899+0000] {standard_task_runner.py:55} INFO - Started process 50704 to run task
[2023-08-26T01:26:15.920+0000] {standard_task_runner.py:82} INFO - Running: ['***', 'tasks', 'run', 'age_check', 'age_check', 'scheduled__2023-08-25T00:00:00+00:00', '--job-id', '4219', '--raw', '--subdir', 'DAGS_FOLDER/age.py', '--cfg-path', '/tmp/tmp97pcl5m4']
[2023-08-26T01:26:15.923+0000] {standard_task_runner.py:83} INFO - Job 4219: Subtask age_check
[2023-08-26T01:26:16.128+0000] {task_command.py:388} INFO - Running <TaskInstance: age_check.age_check scheduled__2023-08-25T00:00:00+00:00 [running]> on host 25f6b46723d1
[2023-08-26T01:26:16.278+0000] {taskinstance.py:1509} INFO - Exporting the following env vars:
AIRFLOW_CTX_DAG_OWNER=***
AIRFLOW_CTX_DAG_ID=age_check
AIRFLOW_CTX_TASK_ID=age_check
AIRFLOW_CTX_EXECUTION_DATE=2023-08-25T00:00:00+00:00
AIRFLOW_CTX_TRY_NUMBER=2
AIRFLOW_CTX_DAG_RUN_ID=scheduled__2023-08-25T00:00:00+00:00
[2023-08-26T01:26:16.301+0000] {taskinstance.py:1768} ERROR - Task failed with exception
Traceback (most recent call last):
  File "/home/airflow/.local/lib/python3.7/site-packages/airflow/operators/python.py", line 175, in execute
    return_value = self.execute_callable()
  File "/home/airflow/.local/lib/python3.7/site-packages/airflow/operators/python.py", line 192, in execute_callable
    return self.python_callable(*self.op_args, **self.op_kwargs)
  File "/opt/airflow/dags/age.py", line 35, in age_check
    birth_year = int(Variable.get('birth_year'))
  File "/home/airflow/.local/lib/python3.7/site-packages/airflow/models/variable.py", line 141, in get
    raise KeyError(f"Variable {key} does not exist")
KeyError: 'Variable birth_year does not exist'
[2023-08-26T01:26:16.335+0000] {taskinstance.py:1323} INFO - Marking task as UP_FOR_RETRY. dag_id=age_check, task_id=age_check, execution_date=20230825T000000, start_date=20230826T012615, end_date=20230826T012616
[2023-08-26T01:26:16.360+0000] {standard_task_runner.py:105} ERROR - Failed to execute job 4219 for task age_check ('Variable birth_year does not exist'; 50704)
[2023-08-26T01:26:16.403+0000] {local_task_job.py:208} INFO - Task exited with return code 1
[2023-08-26T01:26:16.432+0000] {taskinstance.py:2578} INFO - 0 downstream tasks scheduled from follow-on schedule check
