[2023-04-19T12:35:54.685+0000] {taskinstance.py:1083} INFO - Dependencies all met for <TaskInstance: age_check.age_check scheduled__2022-08-11T00:00:00+00:00 [queued]>
[2023-04-19T12:35:54.749+0000] {taskinstance.py:1083} INFO - Dependencies all met for <TaskInstance: age_check.age_check scheduled__2022-08-11T00:00:00+00:00 [queued]>
[2023-04-19T12:35:54.753+0000] {taskinstance.py:1279} INFO - 
--------------------------------------------------------------------------------
[2023-04-19T12:35:54.755+0000] {taskinstance.py:1280} INFO - Starting attempt 1 of 4
[2023-04-19T12:35:54.756+0000] {taskinstance.py:1281} INFO - 
--------------------------------------------------------------------------------
[2023-04-19T12:35:54.780+0000] {taskinstance.py:1300} INFO - Executing <Task(PythonOperator): age_check> on 2022-08-11 00:00:00+00:00
[2023-04-19T12:35:54.798+0000] {standard_task_runner.py:55} INFO - Started process 21226 to run task
[2023-04-19T12:35:54.818+0000] {standard_task_runner.py:82} INFO - Running: ['***', 'tasks', 'run', 'age_check', 'age_check', 'scheduled__2022-08-11T00:00:00+00:00', '--job-id', '499', '--raw', '--subdir', 'DAGS_FOLDER/age.py', '--cfg-path', '/tmp/tmpddnlqopz']
[2023-04-19T12:35:54.820+0000] {standard_task_runner.py:83} INFO - Job 499: Subtask age_check
[2023-04-19T12:35:55.015+0000] {task_command.py:388} INFO - Running <TaskInstance: age_check.age_check scheduled__2022-08-11T00:00:00+00:00 [running]> on host fe34f61acbb3
[2023-04-19T12:35:55.171+0000] {taskinstance.py:1509} INFO - Exporting the following env vars:
AIRFLOW_CTX_DAG_OWNER=***
AIRFLOW_CTX_DAG_ID=age_check
AIRFLOW_CTX_TASK_ID=age_check
AIRFLOW_CTX_EXECUTION_DATE=2022-08-11T00:00:00+00:00
AIRFLOW_CTX_TRY_NUMBER=1
AIRFLOW_CTX_DAG_RUN_ID=scheduled__2022-08-11T00:00:00+00:00
[2023-04-19T12:35:55.199+0000] {taskinstance.py:1768} ERROR - Task failed with exception
Traceback (most recent call last):
  File "/home/airflow/.local/lib/python3.7/site-packages/airflow/operators/python.py", line 175, in execute
    return_value = self.execute_callable()
  File "/home/airflow/.local/lib/python3.7/site-packages/airflow/operators/python.py", line 192, in execute_callable
    return self.python_callable(*self.op_args, **self.op_kwargs)
  File "/opt/airflow/dags/age.py", line 35, in age_check
    birth_year = int(Variable.get('birth_year'))
  File "/home/airflow/.local/lib/python3.7/site-packages/airflow/models/variable.py", line 141, in get
    raise KeyError(f"Variable {key} does not exist")
KeyError: 'Variable birth_year does not exist'
[2023-04-19T12:35:55.214+0000] {taskinstance.py:1323} INFO - Marking task as UP_FOR_RETRY. dag_id=age_check, task_id=age_check, execution_date=20220811T000000, start_date=20230419T123554, end_date=20230419T123555
[2023-04-19T12:35:55.250+0000] {standard_task_runner.py:105} ERROR - Failed to execute job 499 for task age_check ('Variable birth_year does not exist'; 21226)
[2023-04-19T12:35:55.277+0000] {local_task_job.py:208} INFO - Task exited with return code 1
[2023-04-19T12:35:55.365+0000] {taskinstance.py:2578} INFO - 0 downstream tasks scheduled from follow-on schedule check
[2023-05-17T09:51:42.966+0000] {taskinstance.py:1083} INFO - Dependencies all met for <TaskInstance: age_check.age_check scheduled__2022-08-11T00:00:00+00:00 [queued]>
[2023-05-17T09:51:42.985+0000] {taskinstance.py:1083} INFO - Dependencies all met for <TaskInstance: age_check.age_check scheduled__2022-08-11T00:00:00+00:00 [queued]>
[2023-05-17T09:51:42.986+0000] {taskinstance.py:1279} INFO - 
--------------------------------------------------------------------------------
[2023-05-17T09:51:42.988+0000] {taskinstance.py:1280} INFO - Starting attempt 1 of 4
[2023-05-17T09:51:42.989+0000] {taskinstance.py:1281} INFO - 
--------------------------------------------------------------------------------
[2023-05-17T09:51:43.023+0000] {taskinstance.py:1300} INFO - Executing <Task(PythonOperator): age_check> on 2022-08-11 00:00:00+00:00
[2023-05-17T09:51:43.029+0000] {standard_task_runner.py:55} INFO - Started process 3907 to run task
[2023-05-17T09:51:43.044+0000] {standard_task_runner.py:82} INFO - Running: ['***', 'tasks', 'run', 'age_check', 'age_check', 'scheduled__2022-08-11T00:00:00+00:00', '--job-id', '65', '--raw', '--subdir', 'DAGS_FOLDER/age.py', '--cfg-path', '/tmp/tmpy7eulett']
[2023-05-17T09:51:43.047+0000] {standard_task_runner.py:83} INFO - Job 65: Subtask age_check
[2023-05-17T09:51:43.196+0000] {task_command.py:388} INFO - Running <TaskInstance: age_check.age_check scheduled__2022-08-11T00:00:00+00:00 [running]> on host 242f95e3e8a8
[2023-05-17T09:51:43.285+0000] {taskinstance.py:1509} INFO - Exporting the following env vars:
AIRFLOW_CTX_DAG_OWNER=***
AIRFLOW_CTX_DAG_ID=age_check
AIRFLOW_CTX_TASK_ID=age_check
AIRFLOW_CTX_EXECUTION_DATE=2022-08-11T00:00:00+00:00
AIRFLOW_CTX_TRY_NUMBER=1
AIRFLOW_CTX_DAG_RUN_ID=scheduled__2022-08-11T00:00:00+00:00
[2023-05-17T09:51:43.305+0000] {taskinstance.py:1768} ERROR - Task failed with exception
Traceback (most recent call last):
  File "/home/airflow/.local/lib/python3.7/site-packages/airflow/operators/python.py", line 175, in execute
    return_value = self.execute_callable()
  File "/home/airflow/.local/lib/python3.7/site-packages/airflow/operators/python.py", line 192, in execute_callable
    return self.python_callable(*self.op_args, **self.op_kwargs)
  File "/opt/airflow/dags/age.py", line 35, in age_check
    birth_year = int(Variable.get('birth_year'))
  File "/home/airflow/.local/lib/python3.7/site-packages/airflow/models/variable.py", line 141, in get
    raise KeyError(f"Variable {key} does not exist")
KeyError: 'Variable birth_year does not exist'
[2023-05-17T09:51:43.322+0000] {taskinstance.py:1323} INFO - Marking task as UP_FOR_RETRY. dag_id=age_check, task_id=age_check, execution_date=20220811T000000, start_date=20230517T095142, end_date=20230517T095143
[2023-05-17T09:51:43.336+0000] {standard_task_runner.py:105} ERROR - Failed to execute job 65 for task age_check ('Variable birth_year does not exist'; 3907)
[2023-05-17T09:51:43.375+0000] {local_task_job.py:208} INFO - Task exited with return code 1
[2023-05-17T09:51:43.416+0000] {taskinstance.py:2578} INFO - 0 downstream tasks scheduled from follow-on schedule check
