[2023-12-14T00:38:21.565+0000] {taskinstance.py:1157} INFO - Dependencies all met for dep_context=non-requeueable deps ti=<TaskInstance: user_processing.create_table scheduled__2023-12-13T00:00:00+00:00 [queued]>
[2023-12-14T00:38:21.596+0000] {taskinstance.py:1157} INFO - Dependencies all met for dep_context=requeueable deps ti=<TaskInstance: user_processing.create_table scheduled__2023-12-13T00:00:00+00:00 [queued]>
[2023-12-14T00:38:21.598+0000] {taskinstance.py:1359} INFO - Starting attempt 1 of 1
[2023-12-14T00:38:21.647+0000] {taskinstance.py:1380} INFO - Executing <Task(PostgresOperator): create_table> on 2023-12-13 00:00:00+00:00
[2023-12-14T00:38:21.685+0000] {standard_task_runner.py:57} INFO - Started process 10370 to run task
[2023-12-14T00:38:21.893+0000] {standard_task_runner.py:84} INFO - Running: ['***', 'tasks', 'run', 'user_processing', 'create_table', 'scheduled__2023-12-13T00:00:00+00:00', '--job-id', '6253', '--raw', '--subdir', 'DAGS_FOLDER/extract.py', '--cfg-path', '/tmp/tmpn2jtgulm']
[2023-12-14T00:38:21.941+0000] {standard_task_runner.py:85} INFO - Job 6253: Subtask create_table
[2023-12-14T00:38:23.178+0000] {task_command.py:415} INFO - Running <TaskInstance: user_processing.create_table scheduled__2023-12-13T00:00:00+00:00 [running]> on host 533efb53d454
[2023-12-14T00:38:23.512+0000] {taskinstance.py:1660} INFO - Exporting env vars: AIRFLOW_CTX_DAG_OWNER='***' AIRFLOW_CTX_DAG_ID='user_processing' AIRFLOW_CTX_TASK_ID='create_table' AIRFLOW_CTX_EXECUTION_DATE='2023-12-13T00:00:00+00:00' AIRFLOW_CTX_TRY_NUMBER='1' AIRFLOW_CTX_DAG_RUN_ID='scheduled__2023-12-13T00:00:00+00:00'
[2023-12-14T00:38:23.545+0000] {sql.py:274} INFO - Executing: 
            CREATE TABLE IF NOT EXISTS users (
                firstname TEXT NOT NULL,
                lastname TEXT NOT NULL,
                country TEXT NOT NULL,
                username TEXT NOT NULL,
                password TEXT NOT NULL,
                email TEXT NOT NULL
            );
        
[2023-12-14T00:38:23.585+0000] {base.py:73} INFO - Using connection ID 'postgres' for task execution.
[2023-12-14T00:38:23.621+0000] {base.py:73} INFO - Using connection ID 'postgres' for task execution.
[2023-12-14T00:38:23.641+0000] {sql.py:418} INFO - Running statement: 
            CREATE TABLE IF NOT EXISTS users (
                firstname TEXT NOT NULL,
                lastname TEXT NOT NULL,
                country TEXT NOT NULL,
                username TEXT NOT NULL,
                password TEXT NOT NULL,
                email TEXT NOT NULL
            );
        , parameters: None
[2023-12-14T00:38:23.677+0000] {taskinstance.py:1398} INFO - Marking task as SUCCESS. dag_id=user_processing, task_id=create_table, execution_date=20231213T000000, start_date=20231214T003821, end_date=20231214T003823
[2023-12-14T00:38:23.795+0000] {local_task_job_runner.py:228} INFO - Task exited with return code 0
[2023-12-14T00:38:24.152+0000] {taskinstance.py:2776} INFO - 0 downstream tasks scheduled from follow-on schedule check
