[2023-04-19T12:51:51.099+0000] {taskinstance.py:1083} INFO - Dependencies all met for <TaskInstance: age_check.age_check scheduled__2023-03-19T00:00:00+00:00 [queued]>
[2023-04-19T12:51:51.191+0000] {taskinstance.py:1083} INFO - Dependencies all met for <TaskInstance: age_check.age_check scheduled__2023-03-19T00:00:00+00:00 [queued]>
[2023-04-19T12:51:51.193+0000] {taskinstance.py:1279} INFO - 
--------------------------------------------------------------------------------
[2023-04-19T12:51:51.200+0000] {taskinstance.py:1280} INFO - Starting attempt 4 of 4
[2023-04-19T12:51:51.202+0000] {taskinstance.py:1281} INFO - 
--------------------------------------------------------------------------------
[2023-04-19T12:51:51.299+0000] {taskinstance.py:1300} INFO - Executing <Task(PythonOperator): age_check> on 2023-03-19 00:00:00+00:00
[2023-04-19T12:51:51.370+0000] {standard_task_runner.py:55} INFO - Started process 25457 to run task
[2023-04-19T12:51:51.397+0000] {standard_task_runner.py:82} INFO - Running: ['***', 'tasks', 'run', 'age_check', 'age_check', 'scheduled__2023-03-19T00:00:00+00:00', '--job-id', '2230', '--raw', '--subdir', 'DAGS_FOLDER/age.py', '--cfg-path', '/tmp/tmpbnknk8n8']
[2023-04-19T12:51:51.429+0000] {standard_task_runner.py:83} INFO - Job 2230: Subtask age_check
[2023-04-19T12:51:51.706+0000] {task_command.py:388} INFO - Running <TaskInstance: age_check.age_check scheduled__2023-03-19T00:00:00+00:00 [running]> on host fe34f61acbb3
[2023-04-19T12:51:51.901+0000] {taskinstance.py:1509} INFO - Exporting the following env vars:
AIRFLOW_CTX_DAG_OWNER=***
AIRFLOW_CTX_DAG_ID=age_check
AIRFLOW_CTX_TASK_ID=age_check
AIRFLOW_CTX_EXECUTION_DATE=2023-03-19T00:00:00+00:00
AIRFLOW_CTX_TRY_NUMBER=4
AIRFLOW_CTX_DAG_RUN_ID=scheduled__2023-03-19T00:00:00+00:00
[2023-04-19T12:51:51.928+0000] {taskinstance.py:1768} ERROR - Task failed with exception
Traceback (most recent call last):
  File "/home/airflow/.local/lib/python3.7/site-packages/airflow/operators/python.py", line 175, in execute
    return_value = self.execute_callable()
  File "/home/airflow/.local/lib/python3.7/site-packages/airflow/operators/python.py", line 192, in execute_callable
    return self.python_callable(*self.op_args, **self.op_kwargs)
  File "/opt/airflow/dags/age.py", line 35, in age_check
    birth_year = int(Variable.get('birth_year'))
  File "/home/airflow/.local/lib/python3.7/site-packages/airflow/models/variable.py", line 141, in get
    raise KeyError(f"Variable {key} does not exist")
KeyError: 'Variable birth_year does not exist'
[2023-04-19T12:51:51.970+0000] {taskinstance.py:1323} INFO - Marking task as FAILED. dag_id=age_check, task_id=age_check, execution_date=20230319T000000, start_date=20230419T125151, end_date=20230419T125151
[2023-04-19T12:51:52.002+0000] {standard_task_runner.py:105} ERROR - Failed to execute job 2230 for task age_check ('Variable birth_year does not exist'; 25457)
[2023-04-19T12:51:52.098+0000] {local_task_job.py:208} INFO - Task exited with return code 1
[2023-04-19T12:51:52.175+0000] {taskinstance.py:2578} INFO - 0 downstream tasks scheduled from follow-on schedule check
[2023-05-20T21:49:31.291+0000] {taskinstance.py:1083} INFO - Dependencies all met for <TaskInstance: age_check.age_check scheduled__2023-03-19T00:00:00+00:00 [queued]>
[2023-05-20T21:49:31.306+0000] {taskinstance.py:1083} INFO - Dependencies all met for <TaskInstance: age_check.age_check scheduled__2023-03-19T00:00:00+00:00 [queued]>
[2023-05-20T21:49:31.309+0000] {taskinstance.py:1279} INFO - 
--------------------------------------------------------------------------------
[2023-05-20T21:49:31.310+0000] {taskinstance.py:1280} INFO - Starting attempt 4 of 4
[2023-05-20T21:49:31.311+0000] {taskinstance.py:1281} INFO - 
--------------------------------------------------------------------------------
[2023-05-20T21:49:31.331+0000] {taskinstance.py:1300} INFO - Executing <Task(PythonOperator): age_check> on 2023-03-19 00:00:00+00:00
[2023-05-20T21:49:31.336+0000] {standard_task_runner.py:55} INFO - Started process 2019 to run task
[2023-05-20T21:49:31.343+0000] {standard_task_runner.py:82} INFO - Running: ['***', 'tasks', 'run', 'age_check', 'age_check', 'scheduled__2023-03-19T00:00:00+00:00', '--job-id', '1706', '--raw', '--subdir', 'DAGS_FOLDER/age.py', '--cfg-path', '/tmp/tmpxbf00a4c']
[2023-05-20T21:49:31.345+0000] {standard_task_runner.py:83} INFO - Job 1706: Subtask age_check
[2023-05-20T21:49:31.464+0000] {task_command.py:388} INFO - Running <TaskInstance: age_check.age_check scheduled__2023-03-19T00:00:00+00:00 [running]> on host 242f95e3e8a8
[2023-05-20T21:49:31.557+0000] {taskinstance.py:1509} INFO - Exporting the following env vars:
AIRFLOW_CTX_DAG_OWNER=***
AIRFLOW_CTX_DAG_ID=age_check
AIRFLOW_CTX_TASK_ID=age_check
AIRFLOW_CTX_EXECUTION_DATE=2023-03-19T00:00:00+00:00
AIRFLOW_CTX_TRY_NUMBER=4
AIRFLOW_CTX_DAG_RUN_ID=scheduled__2023-03-19T00:00:00+00:00
[2023-05-20T21:49:31.570+0000] {taskinstance.py:1768} ERROR - Task failed with exception
Traceback (most recent call last):
  File "/home/airflow/.local/lib/python3.7/site-packages/airflow/operators/python.py", line 175, in execute
    return_value = self.execute_callable()
  File "/home/airflow/.local/lib/python3.7/site-packages/airflow/operators/python.py", line 192, in execute_callable
    return self.python_callable(*self.op_args, **self.op_kwargs)
  File "/opt/airflow/dags/age.py", line 35, in age_check
    birth_year = int(Variable.get('birth_year'))
  File "/home/airflow/.local/lib/python3.7/site-packages/airflow/models/variable.py", line 141, in get
    raise KeyError(f"Variable {key} does not exist")
KeyError: 'Variable birth_year does not exist'
[2023-05-20T21:49:31.591+0000] {taskinstance.py:1323} INFO - Marking task as FAILED. dag_id=age_check, task_id=age_check, execution_date=20230319T000000, start_date=20230520T214931, end_date=20230520T214931
[2023-05-20T21:49:31.611+0000] {standard_task_runner.py:105} ERROR - Failed to execute job 1706 for task age_check ('Variable birth_year does not exist'; 2019)
[2023-05-20T21:49:31.639+0000] {local_task_job.py:208} INFO - Task exited with return code 1
[2023-05-20T21:49:31.680+0000] {taskinstance.py:2578} INFO - 0 downstream tasks scheduled from follow-on schedule check
