[2023-12-11T08:46:37.418+0000] {taskinstance.py:1157} INFO - Dependencies all met for dep_context=non-requeueable deps ti=<TaskInstance: read_s3_file.read_s3_file manual__2023-12-11T08:45:56.524720+00:00 [queued]>
[2023-12-11T08:46:37.455+0000] {taskinstance.py:1157} INFO - Dependencies all met for dep_context=requeueable deps ti=<TaskInstance: read_s3_file.read_s3_file manual__2023-12-11T08:45:56.524720+00:00 [queued]>
[2023-12-11T08:46:37.469+0000] {taskinstance.py:1359} INFO - Starting attempt 4 of 4
[2023-12-11T08:46:37.484+0000] {taskinstance.py:1380} INFO - Executing <Task(PythonOperator): read_s3_file> on 2023-12-11 08:45:56.524720+00:00
[2023-12-11T08:46:37.495+0000] {standard_task_runner.py:57} INFO - Started process 715 to run task
[2023-12-11T08:46:37.500+0000] {standard_task_runner.py:84} INFO - Running: ['***', 'tasks', 'run', 'read_s3_file', 'read_s3_file', 'manual__2023-12-11T08:45:56.524720+00:00', '--job-id', '6177', '--raw', '--subdir', 'DAGS_FOLDER/desmond.py', '--cfg-path', '/tmp/tmpmy1m4psg']
[2023-12-11T08:46:37.502+0000] {standard_task_runner.py:85} INFO - Job 6177: Subtask read_s3_file
[2023-12-11T08:46:37.565+0000] {task_command.py:415} INFO - Running <TaskInstance: read_s3_file.read_s3_file manual__2023-12-11T08:45:56.524720+00:00 [running]> on host 24808ce244c6
[2023-12-11T08:46:37.651+0000] {taskinstance.py:1660} INFO - Exporting env vars: AIRFLOW_CTX_DAG_OWNER='***' AIRFLOW_CTX_DAG_ID='read_s3_file' AIRFLOW_CTX_TASK_ID='read_s3_file' AIRFLOW_CTX_EXECUTION_DATE='2023-12-11T08:45:56.524720+00:00' AIRFLOW_CTX_TRY_NUMBER='4' AIRFLOW_CTX_DAG_RUN_ID='manual__2023-12-11T08:45:56.524720+00:00'
[2023-12-11T08:46:37.658+0000] {taskinstance.py:1935} ERROR - Task failed with exception
Traceback (most recent call last):
  File "/home/airflow/.local/lib/python3.11/site-packages/airflow/operators/python.py", line 192, in execute
    return_value = self.execute_callable()
                   ^^^^^^^^^^^^^^^^^^^^^^^
  File "/home/airflow/.local/lib/python3.11/site-packages/airflow/operators/python.py", line 209, in execute_callable
    return self.python_callable(*self.op_args, **self.op_kwargs)
           ^^^^^^^^^^^^^^^^^^^^^^^^^^^^^^^^^^^^^^^^^^^^^^^^^^^^^
TypeError: generic_s3_client() missing 2 required positional arguments: 'ACCESS_KEY' and 'SECRET_KEY'
[2023-12-11T08:46:37.671+0000] {taskinstance.py:1398} INFO - Marking task as FAILED. dag_id=read_s3_file, task_id=read_s3_file, execution_date=20231211T084556, start_date=20231211T084637, end_date=20231211T084637
[2023-12-11T08:46:37.683+0000] {standard_task_runner.py:104} ERROR - Failed to execute job 6177 for task read_s3_file (generic_s3_client() missing 2 required positional arguments: 'ACCESS_KEY' and 'SECRET_KEY'; 715)
[2023-12-11T08:46:37.713+0000] {local_task_job_runner.py:228} INFO - Task exited with return code 1
[2023-12-11T08:46:37.738+0000] {taskinstance.py:2776} INFO - 0 downstream tasks scheduled from follow-on schedule check
