[2023-04-19T12:41:00.817+0000] {taskinstance.py:1083} INFO - Dependencies all met for <TaskInstance: age_check.add scheduled__2022-10-25T00:00:00+00:00 [queued]>
[2023-04-19T12:41:00.924+0000] {taskinstance.py:1083} INFO - Dependencies all met for <TaskInstance: age_check.add scheduled__2022-10-25T00:00:00+00:00 [queued]>
[2023-04-19T12:41:00.936+0000] {taskinstance.py:1279} INFO - 
--------------------------------------------------------------------------------
[2023-04-19T12:41:00.938+0000] {taskinstance.py:1280} INFO - Starting attempt 1 of 4
[2023-04-19T12:41:00.939+0000] {taskinstance.py:1281} INFO - 
--------------------------------------------------------------------------------
[2023-04-19T12:41:01.032+0000] {taskinstance.py:1300} INFO - Executing <Task(PythonOperator): add> on 2022-10-25 00:00:00+00:00
[2023-04-19T12:41:01.084+0000] {standard_task_runner.py:55} INFO - Started process 22562 to run task
[2023-04-19T12:41:01.174+0000] {standard_task_runner.py:82} INFO - Running: ['***', 'tasks', 'run', 'age_check', 'add', 'scheduled__2022-10-25T00:00:00+00:00', '--job-id', '1035', '--raw', '--subdir', 'DAGS_FOLDER/age.py', '--cfg-path', '/tmp/tmp6b_t9k3z']
[2023-04-19T12:41:01.201+0000] {standard_task_runner.py:83} INFO - Job 1035: Subtask add
[2023-04-19T12:41:01.442+0000] {task_command.py:388} INFO - Running <TaskInstance: age_check.add scheduled__2022-10-25T00:00:00+00:00 [running]> on host fe34f61acbb3
[2023-04-19T12:41:01.886+0000] {taskinstance.py:1509} INFO - Exporting the following env vars:
AIRFLOW_CTX_DAG_OWNER=***
AIRFLOW_CTX_DAG_ID=age_check
AIRFLOW_CTX_TASK_ID=add
AIRFLOW_CTX_EXECUTION_DATE=2022-10-25T00:00:00+00:00
AIRFLOW_CTX_TRY_NUMBER=1
AIRFLOW_CTX_DAG_RUN_ID=scheduled__2022-10-25T00:00:00+00:00
[2023-04-19T12:41:01.888+0000] {logging_mixin.py:137} INFO - 4
[2023-04-19T12:41:01.890+0000] {python.py:177} INFO - Done. Returned value was: None
[2023-04-19T12:41:01.928+0000] {taskinstance.py:1323} INFO - Marking task as SUCCESS. dag_id=age_check, task_id=add, execution_date=20221025T000000, start_date=20230419T124100, end_date=20230419T124101
[2023-04-19T12:41:02.264+0000] {local_task_job.py:208} INFO - Task exited with return code 0
[2023-04-19T12:41:02.648+0000] {taskinstance.py:2578} INFO - 0 downstream tasks scheduled from follow-on schedule check
[2023-05-17T09:56:33.662+0000] {taskinstance.py:1083} INFO - Dependencies all met for <TaskInstance: age_check.add scheduled__2022-10-25T00:00:00+00:00 [queued]>
[2023-05-17T09:56:33.715+0000] {taskinstance.py:1083} INFO - Dependencies all met for <TaskInstance: age_check.add scheduled__2022-10-25T00:00:00+00:00 [queued]>
[2023-05-17T09:56:33.720+0000] {taskinstance.py:1279} INFO - 
--------------------------------------------------------------------------------
[2023-05-17T09:56:33.721+0000] {taskinstance.py:1280} INFO - Starting attempt 1 of 4
[2023-05-17T09:56:33.722+0000] {taskinstance.py:1281} INFO - 
--------------------------------------------------------------------------------
[2023-05-17T09:56:33.812+0000] {taskinstance.py:1300} INFO - Executing <Task(PythonOperator): add> on 2022-10-25 00:00:00+00:00
[2023-05-17T09:56:33.828+0000] {standard_task_runner.py:55} INFO - Started process 5223 to run task
[2023-05-17T09:56:33.849+0000] {standard_task_runner.py:82} INFO - Running: ['***', 'tasks', 'run', 'age_check', 'add', 'scheduled__2022-10-25T00:00:00+00:00', '--job-id', '589', '--raw', '--subdir', 'DAGS_FOLDER/age.py', '--cfg-path', '/tmp/tmp3u98a6a7']
[2023-05-17T09:56:33.853+0000] {standard_task_runner.py:83} INFO - Job 589: Subtask add
[2023-05-17T09:56:38.082+0000] {task_command.py:388} INFO - Running <TaskInstance: age_check.add scheduled__2022-10-25T00:00:00+00:00 [running]> on host 242f95e3e8a8
[2023-05-17T09:56:38.872+0000] {taskinstance.py:1509} INFO - Exporting the following env vars:
AIRFLOW_CTX_DAG_OWNER=***
AIRFLOW_CTX_DAG_ID=age_check
AIRFLOW_CTX_TASK_ID=add
AIRFLOW_CTX_EXECUTION_DATE=2022-10-25T00:00:00+00:00
AIRFLOW_CTX_TRY_NUMBER=1
AIRFLOW_CTX_DAG_RUN_ID=scheduled__2022-10-25T00:00:00+00:00
[2023-05-17T09:56:38.879+0000] {logging_mixin.py:137} INFO - 4
[2023-05-17T09:56:38.897+0000] {python.py:177} INFO - Done. Returned value was: None
[2023-05-17T09:56:38.954+0000] {taskinstance.py:1323} INFO - Marking task as SUCCESS. dag_id=age_check, task_id=add, execution_date=20221025T000000, start_date=20230517T095633, end_date=20230517T095638
[2023-05-17T09:56:39.295+0000] {local_task_job.py:208} INFO - Task exited with return code 0
[2023-05-17T09:56:39.657+0000] {taskinstance.py:2578} INFO - 0 downstream tasks scheduled from follow-on schedule check
