[2023-05-23T00:23:51.412+0000] {processor.py:153} INFO - Started process (PID=26438) to work on /home/airflow/.local/lib/python3.7/site-packages/airflow/example_dags/example_skip_dag.py
[2023-05-23T00:23:51.414+0000] {processor.py:743} INFO - Processing file /home/airflow/.local/lib/python3.7/site-packages/airflow/example_dags/example_skip_dag.py for tasks to queue
[2023-05-23T00:23:51.415+0000] {logging_mixin.py:137} INFO - [2023-05-23T00:23:51.415+0000] {dagbag.py:538} INFO - Filling up the DagBag from /home/airflow/.local/lib/python3.7/site-packages/airflow/example_dags/example_skip_dag.py
[2023-05-23T00:23:51.441+0000] {processor.py:753} INFO - DAG(s) dict_keys(['example_skip_dag']) retrieved from /home/airflow/.local/lib/python3.7/site-packages/airflow/example_dags/example_skip_dag.py
[2023-05-23T00:23:51.479+0000] {logging_mixin.py:137} INFO - [2023-05-23T00:23:51.479+0000] {dag.py:2690} INFO - Sync 1 DAGs
[2023-05-23T00:23:51.504+0000] {logging_mixin.py:137} INFO - [2023-05-23T00:23:51.504+0000] {dag.py:3441} INFO - Setting next_dagrun for example_skip_dag to 2023-05-22T00:23:51.504014+00:00, run_after=2023-05-23T00:23:51.504014+00:00
[2023-05-23T00:23:51.522+0000] {processor.py:175} INFO - Processing /home/airflow/.local/lib/python3.7/site-packages/airflow/example_dags/example_skip_dag.py took 0.123 seconds
[2023-05-23T01:34:48.333+0000] {processor.py:153} INFO - Started process (PID=26520) to work on /home/airflow/.local/lib/python3.7/site-packages/airflow/example_dags/example_skip_dag.py
[2023-05-23T01:34:48.334+0000] {processor.py:743} INFO - Processing file /home/airflow/.local/lib/python3.7/site-packages/airflow/example_dags/example_skip_dag.py for tasks to queue
[2023-05-23T01:34:48.336+0000] {logging_mixin.py:137} INFO - [2023-05-23T01:34:48.335+0000] {dagbag.py:538} INFO - Filling up the DagBag from /home/airflow/.local/lib/python3.7/site-packages/airflow/example_dags/example_skip_dag.py
[2023-05-23T01:34:48.346+0000] {processor.py:753} INFO - DAG(s) dict_keys(['example_skip_dag']) retrieved from /home/airflow/.local/lib/python3.7/site-packages/airflow/example_dags/example_skip_dag.py
[2023-05-23T01:34:48.367+0000] {logging_mixin.py:137} INFO - [2023-05-23T01:34:48.367+0000] {dag.py:2690} INFO - Sync 1 DAGs
[2023-05-23T01:34:48.385+0000] {logging_mixin.py:137} INFO - [2023-05-23T01:34:48.385+0000] {dag.py:3441} INFO - Setting next_dagrun for example_skip_dag to 2023-05-22T01:34:48.385206+00:00, run_after=2023-05-23T01:34:48.385206+00:00
[2023-05-23T01:34:48.399+0000] {processor.py:175} INFO - Processing /home/airflow/.local/lib/python3.7/site-packages/airflow/example_dags/example_skip_dag.py took 0.069 seconds
[2023-05-23T02:56:46.032+0000] {processor.py:153} INFO - Started process (PID=26591) to work on /home/airflow/.local/lib/python3.7/site-packages/airflow/example_dags/example_skip_dag.py
[2023-05-23T02:56:46.034+0000] {processor.py:743} INFO - Processing file /home/airflow/.local/lib/python3.7/site-packages/airflow/example_dags/example_skip_dag.py for tasks to queue
[2023-05-23T02:56:46.036+0000] {logging_mixin.py:137} INFO - [2023-05-23T02:56:46.036+0000] {dagbag.py:538} INFO - Filling up the DagBag from /home/airflow/.local/lib/python3.7/site-packages/airflow/example_dags/example_skip_dag.py
[2023-05-23T02:56:46.071+0000] {processor.py:753} INFO - DAG(s) dict_keys(['example_skip_dag']) retrieved from /home/airflow/.local/lib/python3.7/site-packages/airflow/example_dags/example_skip_dag.py
[2023-05-23T02:56:46.125+0000] {logging_mixin.py:137} INFO - [2023-05-23T02:56:46.125+0000] {dag.py:2690} INFO - Sync 1 DAGs
[2023-05-23T02:56:46.155+0000] {logging_mixin.py:137} INFO - [2023-05-23T02:56:46.155+0000] {dag.py:3441} INFO - Setting next_dagrun for example_skip_dag to 2023-05-22T02:56:46.154831+00:00, run_after=2023-05-23T02:56:46.154831+00:00
[2023-05-23T02:56:46.178+0000] {processor.py:175} INFO - Processing /home/airflow/.local/lib/python3.7/site-packages/airflow/example_dags/example_skip_dag.py took 0.151 seconds
[2023-05-23T04:19:17.109+0000] {processor.py:153} INFO - Started process (PID=26674) to work on /home/airflow/.local/lib/python3.7/site-packages/airflow/example_dags/example_skip_dag.py
[2023-05-23T04:19:17.112+0000] {processor.py:743} INFO - Processing file /home/airflow/.local/lib/python3.7/site-packages/airflow/example_dags/example_skip_dag.py for tasks to queue
[2023-05-23T04:19:17.113+0000] {logging_mixin.py:137} INFO - [2023-05-23T04:19:17.113+0000] {dagbag.py:538} INFO - Filling up the DagBag from /home/airflow/.local/lib/python3.7/site-packages/airflow/example_dags/example_skip_dag.py
[2023-05-23T04:19:17.125+0000] {processor.py:753} INFO - DAG(s) dict_keys(['example_skip_dag']) retrieved from /home/airflow/.local/lib/python3.7/site-packages/airflow/example_dags/example_skip_dag.py
[2023-05-23T04:19:17.149+0000] {logging_mixin.py:137} INFO - [2023-05-23T04:19:17.149+0000] {dag.py:2690} INFO - Sync 1 DAGs
[2023-05-23T04:19:17.172+0000] {logging_mixin.py:137} INFO - [2023-05-23T04:19:17.172+0000] {dag.py:3441} INFO - Setting next_dagrun for example_skip_dag to 2023-05-22T04:19:17.172302+00:00, run_after=2023-05-23T04:19:17.172302+00:00
[2023-05-23T04:19:17.191+0000] {processor.py:175} INFO - Processing /home/airflow/.local/lib/python3.7/site-packages/airflow/example_dags/example_skip_dag.py took 0.085 seconds
[2023-05-23T05:43:25.960+0000] {processor.py:153} INFO - Started process (PID=26757) to work on /home/airflow/.local/lib/python3.7/site-packages/airflow/example_dags/example_skip_dag.py
[2023-05-23T05:43:25.962+0000] {processor.py:743} INFO - Processing file /home/airflow/.local/lib/python3.7/site-packages/airflow/example_dags/example_skip_dag.py for tasks to queue
[2023-05-23T05:43:25.963+0000] {logging_mixin.py:137} INFO - [2023-05-23T05:43:25.963+0000] {dagbag.py:538} INFO - Filling up the DagBag from /home/airflow/.local/lib/python3.7/site-packages/airflow/example_dags/example_skip_dag.py
[2023-05-23T05:43:25.974+0000] {processor.py:753} INFO - DAG(s) dict_keys(['example_skip_dag']) retrieved from /home/airflow/.local/lib/python3.7/site-packages/airflow/example_dags/example_skip_dag.py
[2023-05-23T05:43:25.996+0000] {logging_mixin.py:137} INFO - [2023-05-23T05:43:25.996+0000] {dag.py:2690} INFO - Sync 1 DAGs
[2023-05-23T05:43:26.013+0000] {logging_mixin.py:137} INFO - [2023-05-23T05:43:26.013+0000] {dag.py:3441} INFO - Setting next_dagrun for example_skip_dag to 2023-05-22T05:43:26.013519+00:00, run_after=2023-05-23T05:43:26.013519+00:00
[2023-05-23T05:43:26.026+0000] {processor.py:175} INFO - Processing /home/airflow/.local/lib/python3.7/site-packages/airflow/example_dags/example_skip_dag.py took 0.069 seconds
[2023-05-23T07:05:13.056+0000] {processor.py:153} INFO - Started process (PID=26828) to work on /home/airflow/.local/lib/python3.7/site-packages/airflow/example_dags/example_skip_dag.py
[2023-05-23T07:05:13.060+0000] {processor.py:743} INFO - Processing file /home/airflow/.local/lib/python3.7/site-packages/airflow/example_dags/example_skip_dag.py for tasks to queue
[2023-05-23T07:05:13.061+0000] {logging_mixin.py:137} INFO - [2023-05-23T07:05:13.061+0000] {dagbag.py:538} INFO - Filling up the DagBag from /home/airflow/.local/lib/python3.7/site-packages/airflow/example_dags/example_skip_dag.py
[2023-05-23T07:05:13.074+0000] {processor.py:753} INFO - DAG(s) dict_keys(['example_skip_dag']) retrieved from /home/airflow/.local/lib/python3.7/site-packages/airflow/example_dags/example_skip_dag.py
[2023-05-23T07:05:13.097+0000] {logging_mixin.py:137} INFO - [2023-05-23T07:05:13.097+0000] {dag.py:2690} INFO - Sync 1 DAGs
[2023-05-23T07:05:13.116+0000] {logging_mixin.py:137} INFO - [2023-05-23T07:05:13.116+0000] {dag.py:3441} INFO - Setting next_dagrun for example_skip_dag to 2023-05-22T07:05:13.116005+00:00, run_after=2023-05-23T07:05:13.116005+00:00
[2023-05-23T07:05:13.130+0000] {processor.py:175} INFO - Processing /home/airflow/.local/lib/python3.7/site-packages/airflow/example_dags/example_skip_dag.py took 0.077 seconds
[2023-05-23T08:28:07.233+0000] {processor.py:153} INFO - Started process (PID=26912) to work on /home/airflow/.local/lib/python3.7/site-packages/airflow/example_dags/example_skip_dag.py
[2023-05-23T08:28:07.238+0000] {processor.py:743} INFO - Processing file /home/airflow/.local/lib/python3.7/site-packages/airflow/example_dags/example_skip_dag.py for tasks to queue
[2023-05-23T08:28:07.239+0000] {logging_mixin.py:137} INFO - [2023-05-23T08:28:07.239+0000] {dagbag.py:538} INFO - Filling up the DagBag from /home/airflow/.local/lib/python3.7/site-packages/airflow/example_dags/example_skip_dag.py
[2023-05-23T08:28:07.255+0000] {processor.py:753} INFO - DAG(s) dict_keys(['example_skip_dag']) retrieved from /home/airflow/.local/lib/python3.7/site-packages/airflow/example_dags/example_skip_dag.py
[2023-05-23T08:28:07.276+0000] {logging_mixin.py:137} INFO - [2023-05-23T08:28:07.275+0000] {dag.py:2690} INFO - Sync 1 DAGs
[2023-05-23T08:28:07.293+0000] {logging_mixin.py:137} INFO - [2023-05-23T08:28:07.293+0000] {dag.py:3441} INFO - Setting next_dagrun for example_skip_dag to 2023-05-22T08:28:07.293563+00:00, run_after=2023-05-23T08:28:07.293563+00:00
[2023-05-23T08:28:07.307+0000] {processor.py:175} INFO - Processing /home/airflow/.local/lib/python3.7/site-packages/airflow/example_dags/example_skip_dag.py took 0.077 seconds
[2023-05-23T09:51:57.551+0000] {processor.py:153} INFO - Started process (PID=26990) to work on /home/airflow/.local/lib/python3.7/site-packages/airflow/example_dags/example_skip_dag.py
[2023-05-23T09:51:57.554+0000] {processor.py:743} INFO - Processing file /home/airflow/.local/lib/python3.7/site-packages/airflow/example_dags/example_skip_dag.py for tasks to queue
[2023-05-23T09:51:57.556+0000] {logging_mixin.py:137} INFO - [2023-05-23T09:51:57.556+0000] {dagbag.py:538} INFO - Filling up the DagBag from /home/airflow/.local/lib/python3.7/site-packages/airflow/example_dags/example_skip_dag.py
[2023-05-23T09:51:57.572+0000] {processor.py:753} INFO - DAG(s) dict_keys(['example_skip_dag']) retrieved from /home/airflow/.local/lib/python3.7/site-packages/airflow/example_dags/example_skip_dag.py
[2023-05-23T09:51:57.607+0000] {logging_mixin.py:137} INFO - [2023-05-23T09:51:57.607+0000] {dag.py:2690} INFO - Sync 1 DAGs
[2023-05-23T09:51:57.639+0000] {logging_mixin.py:137} INFO - [2023-05-23T09:51:57.639+0000] {dag.py:3441} INFO - Setting next_dagrun for example_skip_dag to 2023-05-22T09:51:57.638891+00:00, run_after=2023-05-23T09:51:57.638891+00:00
[2023-05-23T09:51:57.667+0000] {processor.py:175} INFO - Processing /home/airflow/.local/lib/python3.7/site-packages/airflow/example_dags/example_skip_dag.py took 0.119 seconds
[2023-05-23T11:15:06.171+0000] {processor.py:153} INFO - Started process (PID=27067) to work on /home/airflow/.local/lib/python3.7/site-packages/airflow/example_dags/example_skip_dag.py
[2023-05-23T11:15:06.173+0000] {processor.py:743} INFO - Processing file /home/airflow/.local/lib/python3.7/site-packages/airflow/example_dags/example_skip_dag.py for tasks to queue
[2023-05-23T11:15:06.174+0000] {logging_mixin.py:137} INFO - [2023-05-23T11:15:06.174+0000] {dagbag.py:538} INFO - Filling up the DagBag from /home/airflow/.local/lib/python3.7/site-packages/airflow/example_dags/example_skip_dag.py
[2023-05-23T11:15:06.188+0000] {processor.py:753} INFO - DAG(s) dict_keys(['example_skip_dag']) retrieved from /home/airflow/.local/lib/python3.7/site-packages/airflow/example_dags/example_skip_dag.py
[2023-05-23T11:15:06.213+0000] {logging_mixin.py:137} INFO - [2023-05-23T11:15:06.213+0000] {dag.py:2690} INFO - Sync 1 DAGs
[2023-05-23T11:15:06.233+0000] {logging_mixin.py:137} INFO - [2023-05-23T11:15:06.232+0000] {dag.py:3441} INFO - Setting next_dagrun for example_skip_dag to 2023-05-22T11:15:06.232769+00:00, run_after=2023-05-23T11:15:06.232769+00:00
[2023-05-23T11:15:06.247+0000] {processor.py:175} INFO - Processing /home/airflow/.local/lib/python3.7/site-packages/airflow/example_dags/example_skip_dag.py took 0.078 seconds
[2023-05-23T12:35:48.170+0000] {processor.py:153} INFO - Started process (PID=27150) to work on /home/airflow/.local/lib/python3.7/site-packages/airflow/example_dags/example_skip_dag.py
[2023-05-23T12:35:48.176+0000] {processor.py:743} INFO - Processing file /home/airflow/.local/lib/python3.7/site-packages/airflow/example_dags/example_skip_dag.py for tasks to queue
[2023-05-23T12:35:48.179+0000] {logging_mixin.py:137} INFO - [2023-05-23T12:35:48.179+0000] {dagbag.py:538} INFO - Filling up the DagBag from /home/airflow/.local/lib/python3.7/site-packages/airflow/example_dags/example_skip_dag.py
[2023-05-23T12:35:48.215+0000] {processor.py:753} INFO - DAG(s) dict_keys(['example_skip_dag']) retrieved from /home/airflow/.local/lib/python3.7/site-packages/airflow/example_dags/example_skip_dag.py
[2023-05-23T12:35:48.295+0000] {logging_mixin.py:137} INFO - [2023-05-23T12:35:48.295+0000] {dag.py:2690} INFO - Sync 1 DAGs
[2023-05-23T12:35:48.348+0000] {logging_mixin.py:137} INFO - [2023-05-23T12:35:48.348+0000] {dag.py:3441} INFO - Setting next_dagrun for example_skip_dag to 2023-05-22T12:35:48.348500+00:00, run_after=2023-05-23T12:35:48.348500+00:00
[2023-05-23T12:35:48.385+0000] {processor.py:175} INFO - Processing /home/airflow/.local/lib/python3.7/site-packages/airflow/example_dags/example_skip_dag.py took 0.222 seconds
[2023-05-23T13:58:58.617+0000] {processor.py:153} INFO - Started process (PID=27221) to work on /home/airflow/.local/lib/python3.7/site-packages/airflow/example_dags/example_skip_dag.py
[2023-05-23T13:58:58.634+0000] {processor.py:743} INFO - Processing file /home/airflow/.local/lib/python3.7/site-packages/airflow/example_dags/example_skip_dag.py for tasks to queue
[2023-05-23T13:58:58.636+0000] {logging_mixin.py:137} INFO - [2023-05-23T13:58:58.636+0000] {dagbag.py:538} INFO - Filling up the DagBag from /home/airflow/.local/lib/python3.7/site-packages/airflow/example_dags/example_skip_dag.py
[2023-05-23T13:58:58.650+0000] {processor.py:753} INFO - DAG(s) dict_keys(['example_skip_dag']) retrieved from /home/airflow/.local/lib/python3.7/site-packages/airflow/example_dags/example_skip_dag.py
[2023-05-23T13:58:58.677+0000] {logging_mixin.py:137} INFO - [2023-05-23T13:58:58.677+0000] {dag.py:2690} INFO - Sync 1 DAGs
[2023-05-23T13:58:58.720+0000] {logging_mixin.py:137} INFO - [2023-05-23T13:58:58.720+0000] {dag.py:3441} INFO - Setting next_dagrun for example_skip_dag to 2023-05-22T13:58:58.720409+00:00, run_after=2023-05-23T13:58:58.720409+00:00
[2023-05-23T13:58:58.769+0000] {processor.py:175} INFO - Processing /home/airflow/.local/lib/python3.7/site-packages/airflow/example_dags/example_skip_dag.py took 0.155 seconds
[2023-05-23T15:21:23.242+0000] {processor.py:153} INFO - Started process (PID=27304) to work on /home/airflow/.local/lib/python3.7/site-packages/airflow/example_dags/example_skip_dag.py
[2023-05-23T15:21:23.245+0000] {processor.py:743} INFO - Processing file /home/airflow/.local/lib/python3.7/site-packages/airflow/example_dags/example_skip_dag.py for tasks to queue
[2023-05-23T15:21:23.246+0000] {logging_mixin.py:137} INFO - [2023-05-23T15:21:23.246+0000] {dagbag.py:538} INFO - Filling up the DagBag from /home/airflow/.local/lib/python3.7/site-packages/airflow/example_dags/example_skip_dag.py
[2023-05-23T15:21:23.258+0000] {processor.py:753} INFO - DAG(s) dict_keys(['example_skip_dag']) retrieved from /home/airflow/.local/lib/python3.7/site-packages/airflow/example_dags/example_skip_dag.py
[2023-05-23T15:21:23.281+0000] {logging_mixin.py:137} INFO - [2023-05-23T15:21:23.281+0000] {dag.py:2690} INFO - Sync 1 DAGs
[2023-05-23T15:21:23.301+0000] {logging_mixin.py:137} INFO - [2023-05-23T15:21:23.301+0000] {dag.py:3441} INFO - Setting next_dagrun for example_skip_dag to 2023-05-22T15:21:23.301330+00:00, run_after=2023-05-23T15:21:23.301330+00:00
[2023-05-23T15:21:23.321+0000] {processor.py:175} INFO - Processing /home/airflow/.local/lib/python3.7/site-packages/airflow/example_dags/example_skip_dag.py took 0.082 seconds
[2023-05-23T16:45:00.219+0000] {processor.py:153} INFO - Started process (PID=27375) to work on /home/airflow/.local/lib/python3.7/site-packages/airflow/example_dags/example_skip_dag.py
[2023-05-23T16:45:00.221+0000] {processor.py:743} INFO - Processing file /home/airflow/.local/lib/python3.7/site-packages/airflow/example_dags/example_skip_dag.py for tasks to queue
[2023-05-23T16:45:00.239+0000] {logging_mixin.py:137} INFO - [2023-05-23T16:45:00.239+0000] {dagbag.py:538} INFO - Filling up the DagBag from /home/airflow/.local/lib/python3.7/site-packages/airflow/example_dags/example_skip_dag.py
[2023-05-23T16:45:00.254+0000] {processor.py:753} INFO - DAG(s) dict_keys(['example_skip_dag']) retrieved from /home/airflow/.local/lib/python3.7/site-packages/airflow/example_dags/example_skip_dag.py
[2023-05-23T16:45:00.284+0000] {logging_mixin.py:137} INFO - [2023-05-23T16:45:00.283+0000] {dag.py:2690} INFO - Sync 1 DAGs
[2023-05-23T16:45:00.314+0000] {logging_mixin.py:137} INFO - [2023-05-23T16:45:00.314+0000] {dag.py:3441} INFO - Setting next_dagrun for example_skip_dag to 2023-05-22T16:45:00.314173+00:00, run_after=2023-05-23T16:45:00.314173+00:00
[2023-05-23T16:45:00.395+0000] {processor.py:175} INFO - Processing /home/airflow/.local/lib/python3.7/site-packages/airflow/example_dags/example_skip_dag.py took 0.179 seconds
[2023-05-23T18:05:17.395+0000] {processor.py:153} INFO - Started process (PID=27458) to work on /home/airflow/.local/lib/python3.7/site-packages/airflow/example_dags/example_skip_dag.py
[2023-05-23T18:05:17.397+0000] {processor.py:743} INFO - Processing file /home/airflow/.local/lib/python3.7/site-packages/airflow/example_dags/example_skip_dag.py for tasks to queue
[2023-05-23T18:05:17.398+0000] {logging_mixin.py:137} INFO - [2023-05-23T18:05:17.398+0000] {dagbag.py:538} INFO - Filling up the DagBag from /home/airflow/.local/lib/python3.7/site-packages/airflow/example_dags/example_skip_dag.py
[2023-05-23T18:05:17.412+0000] {processor.py:753} INFO - DAG(s) dict_keys(['example_skip_dag']) retrieved from /home/airflow/.local/lib/python3.7/site-packages/airflow/example_dags/example_skip_dag.py
[2023-05-23T18:05:17.434+0000] {logging_mixin.py:137} INFO - [2023-05-23T18:05:17.434+0000] {dag.py:2690} INFO - Sync 1 DAGs
[2023-05-23T18:05:17.455+0000] {logging_mixin.py:137} INFO - [2023-05-23T18:05:17.455+0000] {dag.py:3441} INFO - Setting next_dagrun for example_skip_dag to 2023-05-22T18:05:17.454899+00:00, run_after=2023-05-23T18:05:17.454899+00:00
[2023-05-23T18:05:17.470+0000] {processor.py:175} INFO - Processing /home/airflow/.local/lib/python3.7/site-packages/airflow/example_dags/example_skip_dag.py took 0.086 seconds
[2023-05-23T19:26:40.333+0000] {processor.py:153} INFO - Started process (PID=27541) to work on /home/airflow/.local/lib/python3.7/site-packages/airflow/example_dags/example_skip_dag.py
[2023-05-23T19:26:40.335+0000] {processor.py:743} INFO - Processing file /home/airflow/.local/lib/python3.7/site-packages/airflow/example_dags/example_skip_dag.py for tasks to queue
[2023-05-23T19:26:40.336+0000] {logging_mixin.py:137} INFO - [2023-05-23T19:26:40.336+0000] {dagbag.py:538} INFO - Filling up the DagBag from /home/airflow/.local/lib/python3.7/site-packages/airflow/example_dags/example_skip_dag.py
[2023-05-23T19:26:40.348+0000] {processor.py:753} INFO - DAG(s) dict_keys(['example_skip_dag']) retrieved from /home/airflow/.local/lib/python3.7/site-packages/airflow/example_dags/example_skip_dag.py
[2023-05-23T19:26:40.369+0000] {logging_mixin.py:137} INFO - [2023-05-23T19:26:40.369+0000] {dag.py:2690} INFO - Sync 1 DAGs
[2023-05-23T19:26:40.385+0000] {logging_mixin.py:137} INFO - [2023-05-23T19:26:40.385+0000] {dag.py:3441} INFO - Setting next_dagrun for example_skip_dag to 2023-05-22T19:26:40.385470+00:00, run_after=2023-05-23T19:26:40.385470+00:00
[2023-05-23T19:26:40.446+0000] {processor.py:175} INFO - Processing /home/airflow/.local/lib/python3.7/site-packages/airflow/example_dags/example_skip_dag.py took 0.116 seconds
[2023-05-23T21:05:03.582+0000] {processor.py:153} INFO - Started process (PID=27612) to work on /home/airflow/.local/lib/python3.7/site-packages/airflow/example_dags/example_skip_dag.py
[2023-05-23T21:05:03.599+0000] {processor.py:743} INFO - Processing file /home/airflow/.local/lib/python3.7/site-packages/airflow/example_dags/example_skip_dag.py for tasks to queue
[2023-05-23T21:05:03.600+0000] {logging_mixin.py:137} INFO - [2023-05-23T21:05:03.600+0000] {dagbag.py:538} INFO - Filling up the DagBag from /home/airflow/.local/lib/python3.7/site-packages/airflow/example_dags/example_skip_dag.py
[2023-05-23T21:05:03.620+0000] {processor.py:753} INFO - DAG(s) dict_keys(['example_skip_dag']) retrieved from /home/airflow/.local/lib/python3.7/site-packages/airflow/example_dags/example_skip_dag.py
[2023-05-23T21:05:03.669+0000] {logging_mixin.py:137} INFO - [2023-05-23T21:05:03.668+0000] {dag.py:2690} INFO - Sync 1 DAGs
[2023-05-23T21:05:03.696+0000] {logging_mixin.py:137} INFO - [2023-05-23T21:05:03.696+0000] {dag.py:3441} INFO - Setting next_dagrun for example_skip_dag to 2023-05-22T21:05:03.696383+00:00, run_after=2023-05-23T21:05:03.696383+00:00
[2023-05-23T21:05:03.732+0000] {processor.py:175} INFO - Processing /home/airflow/.local/lib/python3.7/site-packages/airflow/example_dags/example_skip_dag.py took 0.157 seconds
[2023-05-23T22:24:18.921+0000] {processor.py:153} INFO - Started process (PID=27694) to work on /home/airflow/.local/lib/python3.7/site-packages/airflow/example_dags/example_skip_dag.py
[2023-05-23T22:24:18.922+0000] {processor.py:743} INFO - Processing file /home/airflow/.local/lib/python3.7/site-packages/airflow/example_dags/example_skip_dag.py for tasks to queue
[2023-05-23T22:24:18.923+0000] {logging_mixin.py:137} INFO - [2023-05-23T22:24:18.923+0000] {dagbag.py:538} INFO - Filling up the DagBag from /home/airflow/.local/lib/python3.7/site-packages/airflow/example_dags/example_skip_dag.py
[2023-05-23T22:24:18.935+0000] {processor.py:753} INFO - DAG(s) dict_keys(['example_skip_dag']) retrieved from /home/airflow/.local/lib/python3.7/site-packages/airflow/example_dags/example_skip_dag.py
[2023-05-23T22:24:18.957+0000] {logging_mixin.py:137} INFO - [2023-05-23T22:24:18.957+0000] {dag.py:2690} INFO - Sync 1 DAGs
[2023-05-23T22:24:18.979+0000] {logging_mixin.py:137} INFO - [2023-05-23T22:24:18.979+0000] {dag.py:3441} INFO - Setting next_dagrun for example_skip_dag to 2023-05-22T22:24:18.978885+00:00, run_after=2023-05-23T22:24:18.978885+00:00
[2023-05-23T22:24:18.993+0000] {processor.py:175} INFO - Processing /home/airflow/.local/lib/python3.7/site-packages/airflow/example_dags/example_skip_dag.py took 0.075 seconds
[2023-05-23T22:24:49.256+0000] {processor.py:153} INFO - Started process (PID=27773) to work on /home/airflow/.local/lib/python3.7/site-packages/airflow/example_dags/example_skip_dag.py
[2023-05-23T22:24:49.258+0000] {processor.py:743} INFO - Processing file /home/airflow/.local/lib/python3.7/site-packages/airflow/example_dags/example_skip_dag.py for tasks to queue
[2023-05-23T22:24:49.259+0000] {logging_mixin.py:137} INFO - [2023-05-23T22:24:49.259+0000] {dagbag.py:538} INFO - Filling up the DagBag from /home/airflow/.local/lib/python3.7/site-packages/airflow/example_dags/example_skip_dag.py
[2023-05-23T22:24:49.271+0000] {processor.py:753} INFO - DAG(s) dict_keys(['example_skip_dag']) retrieved from /home/airflow/.local/lib/python3.7/site-packages/airflow/example_dags/example_skip_dag.py
[2023-05-23T22:24:49.294+0000] {logging_mixin.py:137} INFO - [2023-05-23T22:24:49.294+0000] {dag.py:2690} INFO - Sync 1 DAGs
[2023-05-23T22:24:49.313+0000] {logging_mixin.py:137} INFO - [2023-05-23T22:24:49.313+0000] {dag.py:3441} INFO - Setting next_dagrun for example_skip_dag to 2023-05-22T22:24:49.313023+00:00, run_after=2023-05-23T22:24:49.313023+00:00
[2023-05-23T22:24:49.326+0000] {processor.py:175} INFO - Processing /home/airflow/.local/lib/python3.7/site-packages/airflow/example_dags/example_skip_dag.py took 0.073 seconds
[2023-05-23T22:25:19.669+0000] {processor.py:153} INFO - Started process (PID=27847) to work on /home/airflow/.local/lib/python3.7/site-packages/airflow/example_dags/example_skip_dag.py
[2023-05-23T22:25:19.671+0000] {processor.py:743} INFO - Processing file /home/airflow/.local/lib/python3.7/site-packages/airflow/example_dags/example_skip_dag.py for tasks to queue
[2023-05-23T22:25:19.672+0000] {logging_mixin.py:137} INFO - [2023-05-23T22:25:19.672+0000] {dagbag.py:538} INFO - Filling up the DagBag from /home/airflow/.local/lib/python3.7/site-packages/airflow/example_dags/example_skip_dag.py
[2023-05-23T22:25:19.683+0000] {processor.py:753} INFO - DAG(s) dict_keys(['example_skip_dag']) retrieved from /home/airflow/.local/lib/python3.7/site-packages/airflow/example_dags/example_skip_dag.py
[2023-05-23T22:25:19.703+0000] {logging_mixin.py:137} INFO - [2023-05-23T22:25:19.703+0000] {dag.py:2690} INFO - Sync 1 DAGs
[2023-05-23T22:25:19.719+0000] {logging_mixin.py:137} INFO - [2023-05-23T22:25:19.719+0000] {dag.py:3441} INFO - Setting next_dagrun for example_skip_dag to 2023-05-22T22:25:19.719529+00:00, run_after=2023-05-23T22:25:19.719529+00:00
[2023-05-23T22:25:19.730+0000] {processor.py:175} INFO - Processing /home/airflow/.local/lib/python3.7/site-packages/airflow/example_dags/example_skip_dag.py took 0.064 seconds
[2023-05-23T22:25:49.819+0000] {processor.py:153} INFO - Started process (PID=27930) to work on /home/airflow/.local/lib/python3.7/site-packages/airflow/example_dags/example_skip_dag.py
[2023-05-23T22:25:49.821+0000] {processor.py:743} INFO - Processing file /home/airflow/.local/lib/python3.7/site-packages/airflow/example_dags/example_skip_dag.py for tasks to queue
[2023-05-23T22:25:49.822+0000] {logging_mixin.py:137} INFO - [2023-05-23T22:25:49.822+0000] {dagbag.py:538} INFO - Filling up the DagBag from /home/airflow/.local/lib/python3.7/site-packages/airflow/example_dags/example_skip_dag.py
[2023-05-23T22:25:49.832+0000] {processor.py:753} INFO - DAG(s) dict_keys(['example_skip_dag']) retrieved from /home/airflow/.local/lib/python3.7/site-packages/airflow/example_dags/example_skip_dag.py
[2023-05-23T22:25:49.854+0000] {logging_mixin.py:137} INFO - [2023-05-23T22:25:49.854+0000] {dag.py:2690} INFO - Sync 1 DAGs
[2023-05-23T22:25:49.871+0000] {logging_mixin.py:137} INFO - [2023-05-23T22:25:49.871+0000] {dag.py:3441} INFO - Setting next_dagrun for example_skip_dag to 2023-05-22T22:25:49.870844+00:00, run_after=2023-05-23T22:25:49.870844+00:00
[2023-05-23T22:25:49.883+0000] {processor.py:175} INFO - Processing /home/airflow/.local/lib/python3.7/site-packages/airflow/example_dags/example_skip_dag.py took 0.067 seconds
[2023-05-23T22:26:20.864+0000] {processor.py:153} INFO - Started process (PID=28013) to work on /home/airflow/.local/lib/python3.7/site-packages/airflow/example_dags/example_skip_dag.py
[2023-05-23T22:26:20.865+0000] {processor.py:743} INFO - Processing file /home/airflow/.local/lib/python3.7/site-packages/airflow/example_dags/example_skip_dag.py for tasks to queue
[2023-05-23T22:26:20.866+0000] {logging_mixin.py:137} INFO - [2023-05-23T22:26:20.866+0000] {dagbag.py:538} INFO - Filling up the DagBag from /home/airflow/.local/lib/python3.7/site-packages/airflow/example_dags/example_skip_dag.py
[2023-05-23T22:26:20.878+0000] {processor.py:753} INFO - DAG(s) dict_keys(['example_skip_dag']) retrieved from /home/airflow/.local/lib/python3.7/site-packages/airflow/example_dags/example_skip_dag.py
[2023-05-23T22:26:20.899+0000] {logging_mixin.py:137} INFO - [2023-05-23T22:26:20.899+0000] {dag.py:2690} INFO - Sync 1 DAGs
[2023-05-23T22:26:20.918+0000] {logging_mixin.py:137} INFO - [2023-05-23T22:26:20.918+0000] {dag.py:3441} INFO - Setting next_dagrun for example_skip_dag to 2023-05-22T22:26:20.917761+00:00, run_after=2023-05-23T22:26:20.917761+00:00
[2023-05-23T22:26:20.933+0000] {processor.py:175} INFO - Processing /home/airflow/.local/lib/python3.7/site-packages/airflow/example_dags/example_skip_dag.py took 0.072 seconds
[2023-05-23T22:52:32.466+0000] {processor.py:153} INFO - Started process (PID=28083) to work on /home/airflow/.local/lib/python3.7/site-packages/airflow/example_dags/example_skip_dag.py
[2023-05-23T22:52:32.468+0000] {processor.py:743} INFO - Processing file /home/airflow/.local/lib/python3.7/site-packages/airflow/example_dags/example_skip_dag.py for tasks to queue
[2023-05-23T22:52:32.470+0000] {logging_mixin.py:137} INFO - [2023-05-23T22:52:32.470+0000] {dagbag.py:538} INFO - Filling up the DagBag from /home/airflow/.local/lib/python3.7/site-packages/airflow/example_dags/example_skip_dag.py
[2023-05-23T22:52:32.492+0000] {processor.py:753} INFO - DAG(s) dict_keys(['example_skip_dag']) retrieved from /home/airflow/.local/lib/python3.7/site-packages/airflow/example_dags/example_skip_dag.py
[2023-05-23T22:52:32.519+0000] {logging_mixin.py:137} INFO - [2023-05-23T22:52:32.519+0000] {dag.py:2690} INFO - Sync 1 DAGs
[2023-05-23T22:52:32.544+0000] {logging_mixin.py:137} INFO - [2023-05-23T22:52:32.544+0000] {dag.py:3441} INFO - Setting next_dagrun for example_skip_dag to 2023-05-22T22:52:32.543853+00:00, run_after=2023-05-23T22:52:32.543853+00:00
[2023-05-23T22:52:32.568+0000] {processor.py:175} INFO - Processing /home/airflow/.local/lib/python3.7/site-packages/airflow/example_dags/example_skip_dag.py took 0.106 seconds
[2023-05-23T22:53:02.765+0000] {processor.py:153} INFO - Started process (PID=28166) to work on /home/airflow/.local/lib/python3.7/site-packages/airflow/example_dags/example_skip_dag.py
[2023-05-23T22:53:02.766+0000] {processor.py:743} INFO - Processing file /home/airflow/.local/lib/python3.7/site-packages/airflow/example_dags/example_skip_dag.py for tasks to queue
[2023-05-23T22:53:02.767+0000] {logging_mixin.py:137} INFO - [2023-05-23T22:53:02.767+0000] {dagbag.py:538} INFO - Filling up the DagBag from /home/airflow/.local/lib/python3.7/site-packages/airflow/example_dags/example_skip_dag.py
[2023-05-23T22:53:02.779+0000] {processor.py:753} INFO - DAG(s) dict_keys(['example_skip_dag']) retrieved from /home/airflow/.local/lib/python3.7/site-packages/airflow/example_dags/example_skip_dag.py
[2023-05-23T22:53:02.799+0000] {logging_mixin.py:137} INFO - [2023-05-23T22:53:02.799+0000] {dag.py:2690} INFO - Sync 1 DAGs
[2023-05-23T22:53:02.816+0000] {logging_mixin.py:137} INFO - [2023-05-23T22:53:02.816+0000] {dag.py:3441} INFO - Setting next_dagrun for example_skip_dag to 2023-05-22T22:53:02.816573+00:00, run_after=2023-05-23T22:53:02.816573+00:00
[2023-05-23T22:53:02.832+0000] {processor.py:175} INFO - Processing /home/airflow/.local/lib/python3.7/site-packages/airflow/example_dags/example_skip_dag.py took 0.070 seconds
[2023-05-23T22:53:33.721+0000] {processor.py:153} INFO - Started process (PID=28244) to work on /home/airflow/.local/lib/python3.7/site-packages/airflow/example_dags/example_skip_dag.py
[2023-05-23T22:53:33.723+0000] {processor.py:743} INFO - Processing file /home/airflow/.local/lib/python3.7/site-packages/airflow/example_dags/example_skip_dag.py for tasks to queue
[2023-05-23T22:53:33.724+0000] {logging_mixin.py:137} INFO - [2023-05-23T22:53:33.724+0000] {dagbag.py:538} INFO - Filling up the DagBag from /home/airflow/.local/lib/python3.7/site-packages/airflow/example_dags/example_skip_dag.py
[2023-05-23T22:53:33.736+0000] {processor.py:753} INFO - DAG(s) dict_keys(['example_skip_dag']) retrieved from /home/airflow/.local/lib/python3.7/site-packages/airflow/example_dags/example_skip_dag.py
[2023-05-23T22:53:33.756+0000] {logging_mixin.py:137} INFO - [2023-05-23T22:53:33.756+0000] {dag.py:2690} INFO - Sync 1 DAGs
[2023-05-23T22:53:33.780+0000] {logging_mixin.py:137} INFO - [2023-05-23T22:53:33.780+0000] {dag.py:3441} INFO - Setting next_dagrun for example_skip_dag to 2023-05-22T22:53:33.780337+00:00, run_after=2023-05-23T22:53:33.780337+00:00
[2023-05-23T22:53:33.795+0000] {processor.py:175} INFO - Processing /home/airflow/.local/lib/python3.7/site-packages/airflow/example_dags/example_skip_dag.py took 0.077 seconds
[2023-05-23T22:54:03.953+0000] {processor.py:153} INFO - Started process (PID=28320) to work on /home/airflow/.local/lib/python3.7/site-packages/airflow/example_dags/example_skip_dag.py
[2023-05-23T22:54:03.955+0000] {processor.py:743} INFO - Processing file /home/airflow/.local/lib/python3.7/site-packages/airflow/example_dags/example_skip_dag.py for tasks to queue
[2023-05-23T22:54:03.956+0000] {logging_mixin.py:137} INFO - [2023-05-23T22:54:03.956+0000] {dagbag.py:538} INFO - Filling up the DagBag from /home/airflow/.local/lib/python3.7/site-packages/airflow/example_dags/example_skip_dag.py
[2023-05-23T22:54:03.968+0000] {processor.py:753} INFO - DAG(s) dict_keys(['example_skip_dag']) retrieved from /home/airflow/.local/lib/python3.7/site-packages/airflow/example_dags/example_skip_dag.py
[2023-05-23T22:54:03.993+0000] {logging_mixin.py:137} INFO - [2023-05-23T22:54:03.993+0000] {dag.py:2690} INFO - Sync 1 DAGs
[2023-05-23T22:54:04.010+0000] {logging_mixin.py:137} INFO - [2023-05-23T22:54:04.010+0000] {dag.py:3441} INFO - Setting next_dagrun for example_skip_dag to 2023-05-22T22:54:04.010517+00:00, run_after=2023-05-23T22:54:04.010517+00:00
[2023-05-23T22:54:04.023+0000] {processor.py:175} INFO - Processing /home/airflow/.local/lib/python3.7/site-packages/airflow/example_dags/example_skip_dag.py took 0.073 seconds
[2023-05-23T22:54:34.235+0000] {processor.py:153} INFO - Started process (PID=28403) to work on /home/airflow/.local/lib/python3.7/site-packages/airflow/example_dags/example_skip_dag.py
[2023-05-23T22:54:34.237+0000] {processor.py:743} INFO - Processing file /home/airflow/.local/lib/python3.7/site-packages/airflow/example_dags/example_skip_dag.py for tasks to queue
[2023-05-23T22:54:34.238+0000] {logging_mixin.py:137} INFO - [2023-05-23T22:54:34.238+0000] {dagbag.py:538} INFO - Filling up the DagBag from /home/airflow/.local/lib/python3.7/site-packages/airflow/example_dags/example_skip_dag.py
[2023-05-23T22:54:34.251+0000] {processor.py:753} INFO - DAG(s) dict_keys(['example_skip_dag']) retrieved from /home/airflow/.local/lib/python3.7/site-packages/airflow/example_dags/example_skip_dag.py
[2023-05-23T22:54:34.272+0000] {logging_mixin.py:137} INFO - [2023-05-23T22:54:34.272+0000] {dag.py:2690} INFO - Sync 1 DAGs
[2023-05-23T22:54:34.290+0000] {logging_mixin.py:137} INFO - [2023-05-23T22:54:34.290+0000] {dag.py:3441} INFO - Setting next_dagrun for example_skip_dag to 2023-05-22T22:54:34.290404+00:00, run_after=2023-05-23T22:54:34.290404+00:00
[2023-05-23T22:54:34.304+0000] {processor.py:175} INFO - Processing /home/airflow/.local/lib/python3.7/site-packages/airflow/example_dags/example_skip_dag.py took 0.071 seconds
[2023-05-23T22:56:59.930+0000] {processor.py:153} INFO - Started process (PID=28474) to work on /home/airflow/.local/lib/python3.7/site-packages/airflow/example_dags/example_skip_dag.py
[2023-05-23T22:56:59.932+0000] {processor.py:743} INFO - Processing file /home/airflow/.local/lib/python3.7/site-packages/airflow/example_dags/example_skip_dag.py for tasks to queue
[2023-05-23T22:56:59.933+0000] {logging_mixin.py:137} INFO - [2023-05-23T22:56:59.933+0000] {dagbag.py:538} INFO - Filling up the DagBag from /home/airflow/.local/lib/python3.7/site-packages/airflow/example_dags/example_skip_dag.py
[2023-05-23T22:56:59.945+0000] {processor.py:753} INFO - DAG(s) dict_keys(['example_skip_dag']) retrieved from /home/airflow/.local/lib/python3.7/site-packages/airflow/example_dags/example_skip_dag.py
[2023-05-23T22:56:59.969+0000] {logging_mixin.py:137} INFO - [2023-05-23T22:56:59.969+0000] {dag.py:2690} INFO - Sync 1 DAGs
[2023-05-23T22:56:59.988+0000] {logging_mixin.py:137} INFO - [2023-05-23T22:56:59.988+0000] {dag.py:3441} INFO - Setting next_dagrun for example_skip_dag to 2023-05-22T22:56:59.987928+00:00, run_after=2023-05-23T22:56:59.987928+00:00
[2023-05-23T22:57:00.002+0000] {processor.py:175} INFO - Processing /home/airflow/.local/lib/python3.7/site-packages/airflow/example_dags/example_skip_dag.py took 0.075 seconds
[2023-05-23T22:57:31.131+0000] {processor.py:153} INFO - Started process (PID=28557) to work on /home/airflow/.local/lib/python3.7/site-packages/airflow/example_dags/example_skip_dag.py
[2023-05-23T22:57:31.133+0000] {processor.py:743} INFO - Processing file /home/airflow/.local/lib/python3.7/site-packages/airflow/example_dags/example_skip_dag.py for tasks to queue
[2023-05-23T22:57:31.134+0000] {logging_mixin.py:137} INFO - [2023-05-23T22:57:31.134+0000] {dagbag.py:538} INFO - Filling up the DagBag from /home/airflow/.local/lib/python3.7/site-packages/airflow/example_dags/example_skip_dag.py
[2023-05-23T22:57:31.145+0000] {processor.py:753} INFO - DAG(s) dict_keys(['example_skip_dag']) retrieved from /home/airflow/.local/lib/python3.7/site-packages/airflow/example_dags/example_skip_dag.py
[2023-05-23T22:57:31.167+0000] {logging_mixin.py:137} INFO - [2023-05-23T22:57:31.166+0000] {dag.py:2690} INFO - Sync 1 DAGs
[2023-05-23T22:57:31.183+0000] {logging_mixin.py:137} INFO - [2023-05-23T22:57:31.183+0000] {dag.py:3441} INFO - Setting next_dagrun for example_skip_dag to 2023-05-22T22:57:31.183461+00:00, run_after=2023-05-23T22:57:31.183461+00:00
[2023-05-23T22:57:31.196+0000] {processor.py:175} INFO - Processing /home/airflow/.local/lib/python3.7/site-packages/airflow/example_dags/example_skip_dag.py took 0.067 seconds
[2023-05-23T22:58:01.366+0000] {processor.py:153} INFO - Started process (PID=28640) to work on /home/airflow/.local/lib/python3.7/site-packages/airflow/example_dags/example_skip_dag.py
[2023-05-23T22:58:01.368+0000] {processor.py:743} INFO - Processing file /home/airflow/.local/lib/python3.7/site-packages/airflow/example_dags/example_skip_dag.py for tasks to queue
[2023-05-23T22:58:01.369+0000] {logging_mixin.py:137} INFO - [2023-05-23T22:58:01.369+0000] {dagbag.py:538} INFO - Filling up the DagBag from /home/airflow/.local/lib/python3.7/site-packages/airflow/example_dags/example_skip_dag.py
[2023-05-23T22:58:01.382+0000] {processor.py:753} INFO - DAG(s) dict_keys(['example_skip_dag']) retrieved from /home/airflow/.local/lib/python3.7/site-packages/airflow/example_dags/example_skip_dag.py
[2023-05-23T22:58:01.404+0000] {logging_mixin.py:137} INFO - [2023-05-23T22:58:01.404+0000] {dag.py:2690} INFO - Sync 1 DAGs
[2023-05-23T22:58:01.421+0000] {logging_mixin.py:137} INFO - [2023-05-23T22:58:01.421+0000] {dag.py:3441} INFO - Setting next_dagrun for example_skip_dag to 2023-05-22T22:58:01.421291+00:00, run_after=2023-05-23T22:58:01.421291+00:00
[2023-05-23T22:58:01.434+0000] {processor.py:175} INFO - Processing /home/airflow/.local/lib/python3.7/site-packages/airflow/example_dags/example_skip_dag.py took 0.071 seconds
[2023-05-23T22:58:32.171+0000] {processor.py:153} INFO - Started process (PID=28710) to work on /home/airflow/.local/lib/python3.7/site-packages/airflow/example_dags/example_skip_dag.py
[2023-05-23T22:58:32.173+0000] {processor.py:743} INFO - Processing file /home/airflow/.local/lib/python3.7/site-packages/airflow/example_dags/example_skip_dag.py for tasks to queue
[2023-05-23T22:58:32.174+0000] {logging_mixin.py:137} INFO - [2023-05-23T22:58:32.174+0000] {dagbag.py:538} INFO - Filling up the DagBag from /home/airflow/.local/lib/python3.7/site-packages/airflow/example_dags/example_skip_dag.py
[2023-05-23T22:58:32.185+0000] {processor.py:753} INFO - DAG(s) dict_keys(['example_skip_dag']) retrieved from /home/airflow/.local/lib/python3.7/site-packages/airflow/example_dags/example_skip_dag.py
[2023-05-23T22:58:32.207+0000] {logging_mixin.py:137} INFO - [2023-05-23T22:58:32.207+0000] {dag.py:2690} INFO - Sync 1 DAGs
[2023-05-23T22:58:32.223+0000] {logging_mixin.py:137} INFO - [2023-05-23T22:58:32.223+0000] {dag.py:3441} INFO - Setting next_dagrun for example_skip_dag to 2023-05-22T22:58:32.223159+00:00, run_after=2023-05-23T22:58:32.223159+00:00
[2023-05-23T22:58:32.235+0000] {processor.py:175} INFO - Processing /home/airflow/.local/lib/python3.7/site-packages/airflow/example_dags/example_skip_dag.py took 0.067 seconds
[2023-05-23T22:59:02.581+0000] {processor.py:153} INFO - Started process (PID=28793) to work on /home/airflow/.local/lib/python3.7/site-packages/airflow/example_dags/example_skip_dag.py
[2023-05-23T22:59:02.582+0000] {processor.py:743} INFO - Processing file /home/airflow/.local/lib/python3.7/site-packages/airflow/example_dags/example_skip_dag.py for tasks to queue
[2023-05-23T22:59:02.583+0000] {logging_mixin.py:137} INFO - [2023-05-23T22:59:02.583+0000] {dagbag.py:538} INFO - Filling up the DagBag from /home/airflow/.local/lib/python3.7/site-packages/airflow/example_dags/example_skip_dag.py
[2023-05-23T22:59:02.594+0000] {processor.py:753} INFO - DAG(s) dict_keys(['example_skip_dag']) retrieved from /home/airflow/.local/lib/python3.7/site-packages/airflow/example_dags/example_skip_dag.py
[2023-05-23T22:59:02.614+0000] {logging_mixin.py:137} INFO - [2023-05-23T22:59:02.614+0000] {dag.py:2690} INFO - Sync 1 DAGs
[2023-05-23T22:59:02.630+0000] {logging_mixin.py:137} INFO - [2023-05-23T22:59:02.630+0000] {dag.py:3441} INFO - Setting next_dagrun for example_skip_dag to 2023-05-22T22:59:02.630131+00:00, run_after=2023-05-23T22:59:02.630131+00:00
[2023-05-23T22:59:02.641+0000] {processor.py:175} INFO - Processing /home/airflow/.local/lib/python3.7/site-packages/airflow/example_dags/example_skip_dag.py took 0.063 seconds
[2023-05-23T22:59:33.544+0000] {processor.py:153} INFO - Started process (PID=28876) to work on /home/airflow/.local/lib/python3.7/site-packages/airflow/example_dags/example_skip_dag.py
[2023-05-23T22:59:33.547+0000] {processor.py:743} INFO - Processing file /home/airflow/.local/lib/python3.7/site-packages/airflow/example_dags/example_skip_dag.py for tasks to queue
[2023-05-23T22:59:33.550+0000] {logging_mixin.py:137} INFO - [2023-05-23T22:59:33.550+0000] {dagbag.py:538} INFO - Filling up the DagBag from /home/airflow/.local/lib/python3.7/site-packages/airflow/example_dags/example_skip_dag.py
[2023-05-23T22:59:33.565+0000] {processor.py:753} INFO - DAG(s) dict_keys(['example_skip_dag']) retrieved from /home/airflow/.local/lib/python3.7/site-packages/airflow/example_dags/example_skip_dag.py
[2023-05-23T22:59:33.590+0000] {logging_mixin.py:137} INFO - [2023-05-23T22:59:33.590+0000] {dag.py:2690} INFO - Sync 1 DAGs
[2023-05-23T22:59:33.611+0000] {logging_mixin.py:137} INFO - [2023-05-23T22:59:33.610+0000] {dag.py:3441} INFO - Setting next_dagrun for example_skip_dag to 2023-05-22T22:59:33.609988+00:00, run_after=2023-05-23T22:59:33.609988+00:00
[2023-05-23T22:59:33.627+0000] {processor.py:175} INFO - Processing /home/airflow/.local/lib/python3.7/site-packages/airflow/example_dags/example_skip_dag.py took 0.086 seconds
[2023-05-23T23:00:04.603+0000] {processor.py:153} INFO - Started process (PID=28959) to work on /home/airflow/.local/lib/python3.7/site-packages/airflow/example_dags/example_skip_dag.py
[2023-05-23T23:00:04.605+0000] {processor.py:743} INFO - Processing file /home/airflow/.local/lib/python3.7/site-packages/airflow/example_dags/example_skip_dag.py for tasks to queue
[2023-05-23T23:00:04.606+0000] {logging_mixin.py:137} INFO - [2023-05-23T23:00:04.606+0000] {dagbag.py:538} INFO - Filling up the DagBag from /home/airflow/.local/lib/python3.7/site-packages/airflow/example_dags/example_skip_dag.py
[2023-05-23T23:00:04.621+0000] {processor.py:753} INFO - DAG(s) dict_keys(['example_skip_dag']) retrieved from /home/airflow/.local/lib/python3.7/site-packages/airflow/example_dags/example_skip_dag.py
[2023-05-23T23:00:04.641+0000] {logging_mixin.py:137} INFO - [2023-05-23T23:00:04.641+0000] {dag.py:2690} INFO - Sync 1 DAGs
[2023-05-23T23:00:04.658+0000] {logging_mixin.py:137} INFO - [2023-05-23T23:00:04.658+0000] {dag.py:3441} INFO - Setting next_dagrun for example_skip_dag to 2023-05-22T23:00:04.658631+00:00, run_after=2023-05-23T23:00:04.658631+00:00
[2023-05-23T23:00:04.670+0000] {processor.py:175} INFO - Processing /home/airflow/.local/lib/python3.7/site-packages/airflow/example_dags/example_skip_dag.py took 0.070 seconds
[2023-05-23T23:00:35.674+0000] {processor.py:153} INFO - Started process (PID=29030) to work on /home/airflow/.local/lib/python3.7/site-packages/airflow/example_dags/example_skip_dag.py
[2023-05-23T23:00:35.676+0000] {processor.py:743} INFO - Processing file /home/airflow/.local/lib/python3.7/site-packages/airflow/example_dags/example_skip_dag.py for tasks to queue
[2023-05-23T23:00:35.677+0000] {logging_mixin.py:137} INFO - [2023-05-23T23:00:35.677+0000] {dagbag.py:538} INFO - Filling up the DagBag from /home/airflow/.local/lib/python3.7/site-packages/airflow/example_dags/example_skip_dag.py
[2023-05-23T23:00:35.690+0000] {processor.py:753} INFO - DAG(s) dict_keys(['example_skip_dag']) retrieved from /home/airflow/.local/lib/python3.7/site-packages/airflow/example_dags/example_skip_dag.py
[2023-05-23T23:00:35.713+0000] {logging_mixin.py:137} INFO - [2023-05-23T23:00:35.713+0000] {dag.py:2690} INFO - Sync 1 DAGs
[2023-05-23T23:00:35.731+0000] {logging_mixin.py:137} INFO - [2023-05-23T23:00:35.731+0000] {dag.py:3441} INFO - Setting next_dagrun for example_skip_dag to 2023-05-22T23:00:35.731704+00:00, run_after=2023-05-23T23:00:35.731704+00:00
[2023-05-23T23:00:35.751+0000] {processor.py:175} INFO - Processing /home/airflow/.local/lib/python3.7/site-packages/airflow/example_dags/example_skip_dag.py took 0.080 seconds
[2023-05-23T23:01:06.666+0000] {processor.py:153} INFO - Started process (PID=29113) to work on /home/airflow/.local/lib/python3.7/site-packages/airflow/example_dags/example_skip_dag.py
[2023-05-23T23:01:06.668+0000] {processor.py:743} INFO - Processing file /home/airflow/.local/lib/python3.7/site-packages/airflow/example_dags/example_skip_dag.py for tasks to queue
[2023-05-23T23:01:06.669+0000] {logging_mixin.py:137} INFO - [2023-05-23T23:01:06.669+0000] {dagbag.py:538} INFO - Filling up the DagBag from /home/airflow/.local/lib/python3.7/site-packages/airflow/example_dags/example_skip_dag.py
[2023-05-23T23:01:06.680+0000] {processor.py:753} INFO - DAG(s) dict_keys(['example_skip_dag']) retrieved from /home/airflow/.local/lib/python3.7/site-packages/airflow/example_dags/example_skip_dag.py
[2023-05-23T23:01:06.702+0000] {logging_mixin.py:137} INFO - [2023-05-23T23:01:06.702+0000] {dag.py:2690} INFO - Sync 1 DAGs
[2023-05-23T23:01:06.722+0000] {logging_mixin.py:137} INFO - [2023-05-23T23:01:06.722+0000] {dag.py:3441} INFO - Setting next_dagrun for example_skip_dag to 2023-05-22T23:01:06.722114+00:00, run_after=2023-05-23T23:01:06.722114+00:00
[2023-05-23T23:01:06.749+0000] {processor.py:175} INFO - Processing /home/airflow/.local/lib/python3.7/site-packages/airflow/example_dags/example_skip_dag.py took 0.086 seconds
[2023-05-23T23:01:37.677+0000] {processor.py:153} INFO - Started process (PID=29196) to work on /home/airflow/.local/lib/python3.7/site-packages/airflow/example_dags/example_skip_dag.py
[2023-05-23T23:01:37.678+0000] {processor.py:743} INFO - Processing file /home/airflow/.local/lib/python3.7/site-packages/airflow/example_dags/example_skip_dag.py for tasks to queue
[2023-05-23T23:01:37.679+0000] {logging_mixin.py:137} INFO - [2023-05-23T23:01:37.679+0000] {dagbag.py:538} INFO - Filling up the DagBag from /home/airflow/.local/lib/python3.7/site-packages/airflow/example_dags/example_skip_dag.py
[2023-05-23T23:01:37.691+0000] {processor.py:753} INFO - DAG(s) dict_keys(['example_skip_dag']) retrieved from /home/airflow/.local/lib/python3.7/site-packages/airflow/example_dags/example_skip_dag.py
[2023-05-23T23:01:37.712+0000] {logging_mixin.py:137} INFO - [2023-05-23T23:01:37.712+0000] {dag.py:2690} INFO - Sync 1 DAGs
[2023-05-23T23:01:37.730+0000] {logging_mixin.py:137} INFO - [2023-05-23T23:01:37.729+0000] {dag.py:3441} INFO - Setting next_dagrun for example_skip_dag to 2023-05-22T23:01:37.729807+00:00, run_after=2023-05-23T23:01:37.729807+00:00
[2023-05-23T23:01:37.742+0000] {processor.py:175} INFO - Processing /home/airflow/.local/lib/python3.7/site-packages/airflow/example_dags/example_skip_dag.py took 0.068 seconds
[2023-05-23T23:02:08.533+0000] {processor.py:153} INFO - Started process (PID=29275) to work on /home/airflow/.local/lib/python3.7/site-packages/airflow/example_dags/example_skip_dag.py
[2023-05-23T23:02:08.535+0000] {processor.py:743} INFO - Processing file /home/airflow/.local/lib/python3.7/site-packages/airflow/example_dags/example_skip_dag.py for tasks to queue
[2023-05-23T23:02:08.536+0000] {logging_mixin.py:137} INFO - [2023-05-23T23:02:08.536+0000] {dagbag.py:538} INFO - Filling up the DagBag from /home/airflow/.local/lib/python3.7/site-packages/airflow/example_dags/example_skip_dag.py
[2023-05-23T23:02:08.551+0000] {processor.py:753} INFO - DAG(s) dict_keys(['example_skip_dag']) retrieved from /home/airflow/.local/lib/python3.7/site-packages/airflow/example_dags/example_skip_dag.py
[2023-05-23T23:02:08.598+0000] {logging_mixin.py:137} INFO - [2023-05-23T23:02:08.598+0000] {dag.py:2690} INFO - Sync 1 DAGs
[2023-05-23T23:02:08.647+0000] {logging_mixin.py:137} INFO - [2023-05-23T23:02:08.647+0000] {dag.py:3441} INFO - Setting next_dagrun for example_skip_dag to 2023-05-22T23:02:08.646864+00:00, run_after=2023-05-23T23:02:08.646864+00:00
[2023-05-23T23:02:08.663+0000] {processor.py:175} INFO - Processing /home/airflow/.local/lib/python3.7/site-packages/airflow/example_dags/example_skip_dag.py took 0.134 seconds
[2023-05-23T23:02:38.878+0000] {processor.py:153} INFO - Started process (PID=29349) to work on /home/airflow/.local/lib/python3.7/site-packages/airflow/example_dags/example_skip_dag.py
[2023-05-23T23:02:38.881+0000] {processor.py:743} INFO - Processing file /home/airflow/.local/lib/python3.7/site-packages/airflow/example_dags/example_skip_dag.py for tasks to queue
[2023-05-23T23:02:38.883+0000] {logging_mixin.py:137} INFO - [2023-05-23T23:02:38.883+0000] {dagbag.py:538} INFO - Filling up the DagBag from /home/airflow/.local/lib/python3.7/site-packages/airflow/example_dags/example_skip_dag.py
[2023-05-23T23:02:38.902+0000] {processor.py:753} INFO - DAG(s) dict_keys(['example_skip_dag']) retrieved from /home/airflow/.local/lib/python3.7/site-packages/airflow/example_dags/example_skip_dag.py
[2023-05-23T23:02:38.941+0000] {logging_mixin.py:137} INFO - [2023-05-23T23:02:38.941+0000] {dag.py:2690} INFO - Sync 1 DAGs
[2023-05-23T23:02:38.981+0000] {logging_mixin.py:137} INFO - [2023-05-23T23:02:38.981+0000] {dag.py:3441} INFO - Setting next_dagrun for example_skip_dag to 2023-05-22T23:02:38.981365+00:00, run_after=2023-05-23T23:02:38.981365+00:00
[2023-05-23T23:02:39.009+0000] {processor.py:175} INFO - Processing /home/airflow/.local/lib/python3.7/site-packages/airflow/example_dags/example_skip_dag.py took 0.137 seconds
[2023-05-23T23:37:33.702+0000] {processor.py:153} INFO - Started process (PID=29421) to work on /home/airflow/.local/lib/python3.7/site-packages/airflow/example_dags/example_skip_dag.py
[2023-05-23T23:37:33.706+0000] {processor.py:743} INFO - Processing file /home/airflow/.local/lib/python3.7/site-packages/airflow/example_dags/example_skip_dag.py for tasks to queue
[2023-05-23T23:37:33.724+0000] {logging_mixin.py:137} INFO - [2023-05-23T23:37:33.724+0000] {dagbag.py:538} INFO - Filling up the DagBag from /home/airflow/.local/lib/python3.7/site-packages/airflow/example_dags/example_skip_dag.py
[2023-05-23T23:37:33.753+0000] {processor.py:753} INFO - DAG(s) dict_keys(['example_skip_dag']) retrieved from /home/airflow/.local/lib/python3.7/site-packages/airflow/example_dags/example_skip_dag.py
[2023-05-23T23:37:33.778+0000] {logging_mixin.py:137} INFO - [2023-05-23T23:37:33.778+0000] {dag.py:2690} INFO - Sync 1 DAGs
[2023-05-23T23:37:33.796+0000] {logging_mixin.py:137} INFO - [2023-05-23T23:37:33.796+0000] {dag.py:3441} INFO - Setting next_dagrun for example_skip_dag to 2023-05-22T23:37:33.796532+00:00, run_after=2023-05-23T23:37:33.796532+00:00
[2023-05-23T23:37:33.811+0000] {processor.py:175} INFO - Processing /home/airflow/.local/lib/python3.7/site-packages/airflow/example_dags/example_skip_dag.py took 0.112 seconds
