[2023-05-23T00:23:51.398+0000] {processor.py:153} INFO - Started process (PID=26437) to work on /home/airflow/.local/lib/python3.7/site-packages/airflow/example_dags/example_xcom.py
[2023-05-23T00:23:51.404+0000] {processor.py:743} INFO - Processing file /home/airflow/.local/lib/python3.7/site-packages/airflow/example_dags/example_xcom.py for tasks to queue
[2023-05-23T00:23:51.406+0000] {logging_mixin.py:137} INFO - [2023-05-23T00:23:51.406+0000] {dagbag.py:538} INFO - Filling up the DagBag from /home/airflow/.local/lib/python3.7/site-packages/airflow/example_dags/example_xcom.py
[2023-05-23T00:23:51.447+0000] {processor.py:753} INFO - DAG(s) dict_keys(['example_xcom']) retrieved from /home/airflow/.local/lib/python3.7/site-packages/airflow/example_dags/example_xcom.py
[2023-05-23T00:23:51.480+0000] {logging_mixin.py:137} INFO - [2023-05-23T00:23:51.480+0000] {dag.py:2690} INFO - Sync 1 DAGs
[2023-05-23T00:23:51.501+0000] {logging_mixin.py:137} INFO - [2023-05-23T00:23:51.501+0000] {dag.py:3441} INFO - Setting next_dagrun for example_xcom to 2021-01-01T00:00:00+00:00, run_after=2021-01-01T00:00:00+00:00
[2023-05-23T00:23:51.517+0000] {processor.py:175} INFO - Processing /home/airflow/.local/lib/python3.7/site-packages/airflow/example_dags/example_xcom.py took 0.136 seconds
[2023-05-23T01:34:48.297+0000] {processor.py:153} INFO - Started process (PID=26519) to work on /home/airflow/.local/lib/python3.7/site-packages/airflow/example_dags/example_xcom.py
[2023-05-23T01:34:48.299+0000] {processor.py:743} INFO - Processing file /home/airflow/.local/lib/python3.7/site-packages/airflow/example_dags/example_xcom.py for tasks to queue
[2023-05-23T01:34:48.300+0000] {logging_mixin.py:137} INFO - [2023-05-23T01:34:48.300+0000] {dagbag.py:538} INFO - Filling up the DagBag from /home/airflow/.local/lib/python3.7/site-packages/airflow/example_dags/example_xcom.py
[2023-05-23T01:34:48.319+0000] {processor.py:753} INFO - DAG(s) dict_keys(['example_xcom']) retrieved from /home/airflow/.local/lib/python3.7/site-packages/airflow/example_dags/example_xcom.py
[2023-05-23T01:34:48.341+0000] {logging_mixin.py:137} INFO - [2023-05-23T01:34:48.341+0000] {dag.py:2690} INFO - Sync 1 DAGs
[2023-05-23T01:34:48.358+0000] {logging_mixin.py:137} INFO - [2023-05-23T01:34:48.358+0000] {dag.py:3441} INFO - Setting next_dagrun for example_xcom to 2021-01-01T00:00:00+00:00, run_after=2021-01-01T00:00:00+00:00
[2023-05-23T01:34:48.370+0000] {processor.py:175} INFO - Processing /home/airflow/.local/lib/python3.7/site-packages/airflow/example_dags/example_xcom.py took 0.076 seconds
[2023-05-23T02:56:45.988+0000] {processor.py:153} INFO - Started process (PID=26590) to work on /home/airflow/.local/lib/python3.7/site-packages/airflow/example_dags/example_xcom.py
[2023-05-23T02:56:45.990+0000] {processor.py:743} INFO - Processing file /home/airflow/.local/lib/python3.7/site-packages/airflow/example_dags/example_xcom.py for tasks to queue
[2023-05-23T02:56:45.991+0000] {logging_mixin.py:137} INFO - [2023-05-23T02:56:45.991+0000] {dagbag.py:538} INFO - Filling up the DagBag from /home/airflow/.local/lib/python3.7/site-packages/airflow/example_dags/example_xcom.py
[2023-05-23T02:56:46.052+0000] {processor.py:753} INFO - DAG(s) dict_keys(['example_xcom']) retrieved from /home/airflow/.local/lib/python3.7/site-packages/airflow/example_dags/example_xcom.py
[2023-05-23T02:56:46.103+0000] {logging_mixin.py:137} INFO - [2023-05-23T02:56:46.102+0000] {dag.py:2690} INFO - Sync 1 DAGs
[2023-05-23T02:56:46.157+0000] {logging_mixin.py:137} INFO - [2023-05-23T02:56:46.157+0000] {dag.py:3441} INFO - Setting next_dagrun for example_xcom to 2021-01-01T00:00:00+00:00, run_after=2021-01-01T00:00:00+00:00
[2023-05-23T02:56:46.189+0000] {processor.py:175} INFO - Processing /home/airflow/.local/lib/python3.7/site-packages/airflow/example_dags/example_xcom.py took 0.204 seconds
[2023-05-23T04:19:17.073+0000] {processor.py:153} INFO - Started process (PID=26673) to work on /home/airflow/.local/lib/python3.7/site-packages/airflow/example_dags/example_xcom.py
[2023-05-23T04:19:17.074+0000] {processor.py:743} INFO - Processing file /home/airflow/.local/lib/python3.7/site-packages/airflow/example_dags/example_xcom.py for tasks to queue
[2023-05-23T04:19:17.076+0000] {logging_mixin.py:137} INFO - [2023-05-23T04:19:17.076+0000] {dagbag.py:538} INFO - Filling up the DagBag from /home/airflow/.local/lib/python3.7/site-packages/airflow/example_dags/example_xcom.py
[2023-05-23T04:19:17.095+0000] {processor.py:753} INFO - DAG(s) dict_keys(['example_xcom']) retrieved from /home/airflow/.local/lib/python3.7/site-packages/airflow/example_dags/example_xcom.py
[2023-05-23T04:19:17.121+0000] {logging_mixin.py:137} INFO - [2023-05-23T04:19:17.121+0000] {dag.py:2690} INFO - Sync 1 DAGs
[2023-05-23T04:19:17.141+0000] {logging_mixin.py:137} INFO - [2023-05-23T04:19:17.141+0000] {dag.py:3441} INFO - Setting next_dagrun for example_xcom to 2021-01-01T00:00:00+00:00, run_after=2021-01-01T00:00:00+00:00
[2023-05-23T04:19:17.158+0000] {processor.py:175} INFO - Processing /home/airflow/.local/lib/python3.7/site-packages/airflow/example_dags/example_xcom.py took 0.088 seconds
[2023-05-23T05:43:25.868+0000] {processor.py:153} INFO - Started process (PID=26756) to work on /home/airflow/.local/lib/python3.7/site-packages/airflow/example_dags/example_xcom.py
[2023-05-23T05:43:25.870+0000] {processor.py:743} INFO - Processing file /home/airflow/.local/lib/python3.7/site-packages/airflow/example_dags/example_xcom.py for tasks to queue
[2023-05-23T05:43:25.871+0000] {logging_mixin.py:137} INFO - [2023-05-23T05:43:25.870+0000] {dagbag.py:538} INFO - Filling up the DagBag from /home/airflow/.local/lib/python3.7/site-packages/airflow/example_dags/example_xcom.py
[2023-05-23T05:43:25.886+0000] {processor.py:753} INFO - DAG(s) dict_keys(['example_xcom']) retrieved from /home/airflow/.local/lib/python3.7/site-packages/airflow/example_dags/example_xcom.py
[2023-05-23T05:43:25.907+0000] {logging_mixin.py:137} INFO - [2023-05-23T05:43:25.907+0000] {dag.py:2690} INFO - Sync 1 DAGs
[2023-05-23T05:43:25.923+0000] {logging_mixin.py:137} INFO - [2023-05-23T05:43:25.922+0000] {dag.py:3441} INFO - Setting next_dagrun for example_xcom to 2021-01-01T00:00:00+00:00, run_after=2021-01-01T00:00:00+00:00
[2023-05-23T05:43:25.934+0000] {processor.py:175} INFO - Processing /home/airflow/.local/lib/python3.7/site-packages/airflow/example_dags/example_xcom.py took 0.069 seconds
[2023-05-23T07:05:12.985+0000] {processor.py:153} INFO - Started process (PID=26827) to work on /home/airflow/.local/lib/python3.7/site-packages/airflow/example_dags/example_xcom.py
[2023-05-23T07:05:12.989+0000] {processor.py:743} INFO - Processing file /home/airflow/.local/lib/python3.7/site-packages/airflow/example_dags/example_xcom.py for tasks to queue
[2023-05-23T07:05:12.990+0000] {logging_mixin.py:137} INFO - [2023-05-23T07:05:12.990+0000] {dagbag.py:538} INFO - Filling up the DagBag from /home/airflow/.local/lib/python3.7/site-packages/airflow/example_dags/example_xcom.py
[2023-05-23T07:05:13.011+0000] {processor.py:753} INFO - DAG(s) dict_keys(['example_xcom']) retrieved from /home/airflow/.local/lib/python3.7/site-packages/airflow/example_dags/example_xcom.py
[2023-05-23T07:05:13.043+0000] {logging_mixin.py:137} INFO - [2023-05-23T07:05:13.043+0000] {dag.py:2690} INFO - Sync 1 DAGs
[2023-05-23T07:05:13.063+0000] {logging_mixin.py:137} INFO - [2023-05-23T07:05:13.062+0000] {dag.py:3441} INFO - Setting next_dagrun for example_xcom to 2021-01-01T00:00:00+00:00, run_after=2021-01-01T00:00:00+00:00
[2023-05-23T07:05:13.075+0000] {processor.py:175} INFO - Processing /home/airflow/.local/lib/python3.7/site-packages/airflow/example_dags/example_xcom.py took 0.093 seconds
[2023-05-23T08:28:07.210+0000] {processor.py:153} INFO - Started process (PID=26911) to work on /home/airflow/.local/lib/python3.7/site-packages/airflow/example_dags/example_xcom.py
[2023-05-23T08:28:07.213+0000] {processor.py:743} INFO - Processing file /home/airflow/.local/lib/python3.7/site-packages/airflow/example_dags/example_xcom.py for tasks to queue
[2023-05-23T08:28:07.214+0000] {logging_mixin.py:137} INFO - [2023-05-23T08:28:07.214+0000] {dagbag.py:538} INFO - Filling up the DagBag from /home/airflow/.local/lib/python3.7/site-packages/airflow/example_dags/example_xcom.py
[2023-05-23T08:28:07.235+0000] {processor.py:753} INFO - DAG(s) dict_keys(['example_xcom']) retrieved from /home/airflow/.local/lib/python3.7/site-packages/airflow/example_dags/example_xcom.py
[2023-05-23T08:28:07.259+0000] {logging_mixin.py:137} INFO - [2023-05-23T08:28:07.259+0000] {dag.py:2690} INFO - Sync 1 DAGs
[2023-05-23T08:28:07.276+0000] {logging_mixin.py:137} INFO - [2023-05-23T08:28:07.276+0000] {dag.py:3441} INFO - Setting next_dagrun for example_xcom to 2021-01-01T00:00:00+00:00, run_after=2021-01-01T00:00:00+00:00
[2023-05-23T08:28:07.288+0000] {processor.py:175} INFO - Processing /home/airflow/.local/lib/python3.7/site-packages/airflow/example_dags/example_xcom.py took 0.082 seconds
[2023-05-23T09:51:57.490+0000] {processor.py:153} INFO - Started process (PID=26989) to work on /home/airflow/.local/lib/python3.7/site-packages/airflow/example_dags/example_xcom.py
[2023-05-23T09:51:57.495+0000] {processor.py:743} INFO - Processing file /home/airflow/.local/lib/python3.7/site-packages/airflow/example_dags/example_xcom.py for tasks to queue
[2023-05-23T09:51:57.499+0000] {logging_mixin.py:137} INFO - [2023-05-23T09:51:57.499+0000] {dagbag.py:538} INFO - Filling up the DagBag from /home/airflow/.local/lib/python3.7/site-packages/airflow/example_dags/example_xcom.py
[2023-05-23T09:51:57.531+0000] {processor.py:753} INFO - DAG(s) dict_keys(['example_xcom']) retrieved from /home/airflow/.local/lib/python3.7/site-packages/airflow/example_dags/example_xcom.py
[2023-05-23T09:51:57.580+0000] {logging_mixin.py:137} INFO - [2023-05-23T09:51:57.580+0000] {dag.py:2690} INFO - Sync 1 DAGs
[2023-05-23T09:51:57.626+0000] {logging_mixin.py:137} INFO - [2023-05-23T09:51:57.626+0000] {dag.py:3441} INFO - Setting next_dagrun for example_xcom to 2021-01-01T00:00:00+00:00, run_after=2021-01-01T00:00:00+00:00
[2023-05-23T09:51:57.667+0000] {processor.py:175} INFO - Processing /home/airflow/.local/lib/python3.7/site-packages/airflow/example_dags/example_xcom.py took 0.180 seconds
[2023-05-23T11:15:06.070+0000] {processor.py:153} INFO - Started process (PID=27066) to work on /home/airflow/.local/lib/python3.7/site-packages/airflow/example_dags/example_xcom.py
[2023-05-23T11:15:06.072+0000] {processor.py:743} INFO - Processing file /home/airflow/.local/lib/python3.7/site-packages/airflow/example_dags/example_xcom.py for tasks to queue
[2023-05-23T11:15:06.073+0000] {logging_mixin.py:137} INFO - [2023-05-23T11:15:06.073+0000] {dagbag.py:538} INFO - Filling up the DagBag from /home/airflow/.local/lib/python3.7/site-packages/airflow/example_dags/example_xcom.py
[2023-05-23T11:15:06.104+0000] {processor.py:753} INFO - DAG(s) dict_keys(['example_xcom']) retrieved from /home/airflow/.local/lib/python3.7/site-packages/airflow/example_dags/example_xcom.py
[2023-05-23T11:15:06.135+0000] {logging_mixin.py:137} INFO - [2023-05-23T11:15:06.135+0000] {dag.py:2690} INFO - Sync 1 DAGs
[2023-05-23T11:15:06.159+0000] {logging_mixin.py:137} INFO - [2023-05-23T11:15:06.159+0000] {dag.py:3441} INFO - Setting next_dagrun for example_xcom to 2021-01-01T00:00:00+00:00, run_after=2021-01-01T00:00:00+00:00
[2023-05-23T11:15:06.175+0000] {processor.py:175} INFO - Processing /home/airflow/.local/lib/python3.7/site-packages/airflow/example_dags/example_xcom.py took 0.107 seconds
[2023-05-23T12:35:48.073+0000] {processor.py:153} INFO - Started process (PID=27149) to work on /home/airflow/.local/lib/python3.7/site-packages/airflow/example_dags/example_xcom.py
[2023-05-23T12:35:48.079+0000] {processor.py:743} INFO - Processing file /home/airflow/.local/lib/python3.7/site-packages/airflow/example_dags/example_xcom.py for tasks to queue
[2023-05-23T12:35:48.081+0000] {logging_mixin.py:137} INFO - [2023-05-23T12:35:48.081+0000] {dagbag.py:538} INFO - Filling up the DagBag from /home/airflow/.local/lib/python3.7/site-packages/airflow/example_dags/example_xcom.py
[2023-05-23T12:35:48.111+0000] {processor.py:753} INFO - DAG(s) dict_keys(['example_xcom']) retrieved from /home/airflow/.local/lib/python3.7/site-packages/airflow/example_dags/example_xcom.py
[2023-05-23T12:35:48.173+0000] {logging_mixin.py:137} INFO - [2023-05-23T12:35:48.173+0000] {dag.py:2690} INFO - Sync 1 DAGs
[2023-05-23T12:35:48.234+0000] {logging_mixin.py:137} INFO - [2023-05-23T12:35:48.234+0000] {dag.py:3441} INFO - Setting next_dagrun for example_xcom to 2021-01-01T00:00:00+00:00, run_after=2021-01-01T00:00:00+00:00
[2023-05-23T12:35:48.294+0000] {processor.py:175} INFO - Processing /home/airflow/.local/lib/python3.7/site-packages/airflow/example_dags/example_xcom.py took 0.226 seconds
[2023-05-23T13:58:58.567+0000] {processor.py:153} INFO - Started process (PID=27220) to work on /home/airflow/.local/lib/python3.7/site-packages/airflow/example_dags/example_xcom.py
[2023-05-23T13:58:58.580+0000] {processor.py:743} INFO - Processing file /home/airflow/.local/lib/python3.7/site-packages/airflow/example_dags/example_xcom.py for tasks to queue
[2023-05-23T13:58:58.582+0000] {logging_mixin.py:137} INFO - [2023-05-23T13:58:58.581+0000] {dagbag.py:538} INFO - Filling up the DagBag from /home/airflow/.local/lib/python3.7/site-packages/airflow/example_dags/example_xcom.py
[2023-05-23T13:58:58.605+0000] {processor.py:753} INFO - DAG(s) dict_keys(['example_xcom']) retrieved from /home/airflow/.local/lib/python3.7/site-packages/airflow/example_dags/example_xcom.py
[2023-05-23T13:58:58.628+0000] {logging_mixin.py:137} INFO - [2023-05-23T13:58:58.628+0000] {dag.py:2690} INFO - Sync 1 DAGs
[2023-05-23T13:58:58.653+0000] {logging_mixin.py:137} INFO - [2023-05-23T13:58:58.653+0000] {dag.py:3441} INFO - Setting next_dagrun for example_xcom to 2021-01-01T00:00:00+00:00, run_after=2021-01-01T00:00:00+00:00
[2023-05-23T13:58:58.666+0000] {processor.py:175} INFO - Processing /home/airflow/.local/lib/python3.7/site-packages/airflow/example_dags/example_xcom.py took 0.103 seconds
[2023-05-23T15:21:23.208+0000] {processor.py:153} INFO - Started process (PID=27303) to work on /home/airflow/.local/lib/python3.7/site-packages/airflow/example_dags/example_xcom.py
[2023-05-23T15:21:23.211+0000] {processor.py:743} INFO - Processing file /home/airflow/.local/lib/python3.7/site-packages/airflow/example_dags/example_xcom.py for tasks to queue
[2023-05-23T15:21:23.213+0000] {logging_mixin.py:137} INFO - [2023-05-23T15:21:23.213+0000] {dagbag.py:538} INFO - Filling up the DagBag from /home/airflow/.local/lib/python3.7/site-packages/airflow/example_dags/example_xcom.py
[2023-05-23T15:21:23.232+0000] {processor.py:753} INFO - DAG(s) dict_keys(['example_xcom']) retrieved from /home/airflow/.local/lib/python3.7/site-packages/airflow/example_dags/example_xcom.py
[2023-05-23T15:21:23.260+0000] {logging_mixin.py:137} INFO - [2023-05-23T15:21:23.260+0000] {dag.py:2690} INFO - Sync 1 DAGs
[2023-05-23T15:21:23.279+0000] {logging_mixin.py:137} INFO - [2023-05-23T15:21:23.279+0000] {dag.py:3441} INFO - Setting next_dagrun for example_xcom to 2021-01-01T00:00:00+00:00, run_after=2021-01-01T00:00:00+00:00
[2023-05-23T15:21:23.293+0000] {processor.py:175} INFO - Processing /home/airflow/.local/lib/python3.7/site-packages/airflow/example_dags/example_xcom.py took 0.088 seconds
[2023-05-23T16:45:00.076+0000] {processor.py:153} INFO - Started process (PID=27374) to work on /home/airflow/.local/lib/python3.7/site-packages/airflow/example_dags/example_xcom.py
[2023-05-23T16:45:00.078+0000] {processor.py:743} INFO - Processing file /home/airflow/.local/lib/python3.7/site-packages/airflow/example_dags/example_xcom.py for tasks to queue
[2023-05-23T16:45:00.079+0000] {logging_mixin.py:137} INFO - [2023-05-23T16:45:00.079+0000] {dagbag.py:538} INFO - Filling up the DagBag from /home/airflow/.local/lib/python3.7/site-packages/airflow/example_dags/example_xcom.py
[2023-05-23T16:45:00.096+0000] {processor.py:753} INFO - DAG(s) dict_keys(['example_xcom']) retrieved from /home/airflow/.local/lib/python3.7/site-packages/airflow/example_dags/example_xcom.py
[2023-05-23T16:45:00.128+0000] {logging_mixin.py:137} INFO - [2023-05-23T16:45:00.128+0000] {dag.py:2690} INFO - Sync 1 DAGs
[2023-05-23T16:45:00.155+0000] {logging_mixin.py:137} INFO - [2023-05-23T16:45:00.155+0000] {dag.py:3441} INFO - Setting next_dagrun for example_xcom to 2021-01-01T00:00:00+00:00, run_after=2021-01-01T00:00:00+00:00
[2023-05-23T16:45:00.176+0000] {processor.py:175} INFO - Processing /home/airflow/.local/lib/python3.7/site-packages/airflow/example_dags/example_xcom.py took 0.103 seconds
[2023-05-23T18:05:17.251+0000] {processor.py:153} INFO - Started process (PID=27457) to work on /home/airflow/.local/lib/python3.7/site-packages/airflow/example_dags/example_xcom.py
[2023-05-23T18:05:17.253+0000] {processor.py:743} INFO - Processing file /home/airflow/.local/lib/python3.7/site-packages/airflow/example_dags/example_xcom.py for tasks to queue
[2023-05-23T18:05:17.255+0000] {logging_mixin.py:137} INFO - [2023-05-23T18:05:17.255+0000] {dagbag.py:538} INFO - Filling up the DagBag from /home/airflow/.local/lib/python3.7/site-packages/airflow/example_dags/example_xcom.py
[2023-05-23T18:05:17.273+0000] {processor.py:753} INFO - DAG(s) dict_keys(['example_xcom']) retrieved from /home/airflow/.local/lib/python3.7/site-packages/airflow/example_dags/example_xcom.py
[2023-05-23T18:05:17.296+0000] {logging_mixin.py:137} INFO - [2023-05-23T18:05:17.296+0000] {dag.py:2690} INFO - Sync 1 DAGs
[2023-05-23T18:05:17.332+0000] {logging_mixin.py:137} INFO - [2023-05-23T18:05:17.332+0000] {dag.py:3441} INFO - Setting next_dagrun for example_xcom to 2021-01-01T00:00:00+00:00, run_after=2021-01-01T00:00:00+00:00
[2023-05-23T18:05:17.354+0000] {processor.py:175} INFO - Processing /home/airflow/.local/lib/python3.7/site-packages/airflow/example_dags/example_xcom.py took 0.107 seconds
[2023-05-23T19:26:40.279+0000] {processor.py:153} INFO - Started process (PID=27540) to work on /home/airflow/.local/lib/python3.7/site-packages/airflow/example_dags/example_xcom.py
[2023-05-23T19:26:40.292+0000] {processor.py:743} INFO - Processing file /home/airflow/.local/lib/python3.7/site-packages/airflow/example_dags/example_xcom.py for tasks to queue
[2023-05-23T19:26:40.293+0000] {logging_mixin.py:137} INFO - [2023-05-23T19:26:40.293+0000] {dagbag.py:538} INFO - Filling up the DagBag from /home/airflow/.local/lib/python3.7/site-packages/airflow/example_dags/example_xcom.py
[2023-05-23T19:26:40.315+0000] {processor.py:753} INFO - DAG(s) dict_keys(['example_xcom']) retrieved from /home/airflow/.local/lib/python3.7/site-packages/airflow/example_dags/example_xcom.py
[2023-05-23T19:26:40.350+0000] {logging_mixin.py:137} INFO - [2023-05-23T19:26:40.350+0000] {dag.py:2690} INFO - Sync 1 DAGs
[2023-05-23T19:26:40.367+0000] {logging_mixin.py:137} INFO - [2023-05-23T19:26:40.367+0000] {dag.py:3441} INFO - Setting next_dagrun for example_xcom to 2021-01-01T00:00:00+00:00, run_after=2021-01-01T00:00:00+00:00
[2023-05-23T19:26:40.410+0000] {processor.py:175} INFO - Processing /home/airflow/.local/lib/python3.7/site-packages/airflow/example_dags/example_xcom.py took 0.133 seconds
[2023-05-23T21:05:03.475+0000] {processor.py:153} INFO - Started process (PID=27611) to work on /home/airflow/.local/lib/python3.7/site-packages/airflow/example_dags/example_xcom.py
[2023-05-23T21:05:03.478+0000] {processor.py:743} INFO - Processing file /home/airflow/.local/lib/python3.7/site-packages/airflow/example_dags/example_xcom.py for tasks to queue
[2023-05-23T21:05:03.481+0000] {logging_mixin.py:137} INFO - [2023-05-23T21:05:03.479+0000] {dagbag.py:538} INFO - Filling up the DagBag from /home/airflow/.local/lib/python3.7/site-packages/airflow/example_dags/example_xcom.py
[2023-05-23T21:05:03.516+0000] {processor.py:753} INFO - DAG(s) dict_keys(['example_xcom']) retrieved from /home/airflow/.local/lib/python3.7/site-packages/airflow/example_dags/example_xcom.py
[2023-05-23T21:05:03.584+0000] {logging_mixin.py:137} INFO - [2023-05-23T21:05:03.583+0000] {dag.py:2690} INFO - Sync 1 DAGs
[2023-05-23T21:05:03.636+0000] {logging_mixin.py:137} INFO - [2023-05-23T21:05:03.635+0000] {dag.py:3441} INFO - Setting next_dagrun for example_xcom to 2021-01-01T00:00:00+00:00, run_after=2021-01-01T00:00:00+00:00
[2023-05-23T21:05:03.675+0000] {processor.py:175} INFO - Processing /home/airflow/.local/lib/python3.7/site-packages/airflow/example_dags/example_xcom.py took 0.203 seconds
[2023-05-23T22:24:18.894+0000] {processor.py:153} INFO - Started process (PID=27693) to work on /home/airflow/.local/lib/python3.7/site-packages/airflow/example_dags/example_xcom.py
[2023-05-23T22:24:18.896+0000] {processor.py:743} INFO - Processing file /home/airflow/.local/lib/python3.7/site-packages/airflow/example_dags/example_xcom.py for tasks to queue
[2023-05-23T22:24:18.897+0000] {logging_mixin.py:137} INFO - [2023-05-23T22:24:18.897+0000] {dagbag.py:538} INFO - Filling up the DagBag from /home/airflow/.local/lib/python3.7/site-packages/airflow/example_dags/example_xcom.py
[2023-05-23T22:24:18.918+0000] {processor.py:753} INFO - DAG(s) dict_keys(['example_xcom']) retrieved from /home/airflow/.local/lib/python3.7/site-packages/airflow/example_dags/example_xcom.py
[2023-05-23T22:24:18.940+0000] {logging_mixin.py:137} INFO - [2023-05-23T22:24:18.940+0000] {dag.py:2690} INFO - Sync 1 DAGs
[2023-05-23T22:24:18.959+0000] {logging_mixin.py:137} INFO - [2023-05-23T22:24:18.959+0000] {dag.py:3441} INFO - Setting next_dagrun for example_xcom to 2021-01-01T00:00:00+00:00, run_after=2021-01-01T00:00:00+00:00
[2023-05-23T22:24:18.972+0000] {processor.py:175} INFO - Processing /home/airflow/.local/lib/python3.7/site-packages/airflow/example_dags/example_xcom.py took 0.081 seconds
[2023-05-23T22:24:49.185+0000] {processor.py:153} INFO - Started process (PID=27772) to work on /home/airflow/.local/lib/python3.7/site-packages/airflow/example_dags/example_xcom.py
[2023-05-23T22:24:49.186+0000] {processor.py:743} INFO - Processing file /home/airflow/.local/lib/python3.7/site-packages/airflow/example_dags/example_xcom.py for tasks to queue
[2023-05-23T22:24:49.187+0000] {logging_mixin.py:137} INFO - [2023-05-23T22:24:49.187+0000] {dagbag.py:538} INFO - Filling up the DagBag from /home/airflow/.local/lib/python3.7/site-packages/airflow/example_dags/example_xcom.py
[2023-05-23T22:24:49.205+0000] {processor.py:753} INFO - DAG(s) dict_keys(['example_xcom']) retrieved from /home/airflow/.local/lib/python3.7/site-packages/airflow/example_dags/example_xcom.py
[2023-05-23T22:24:49.228+0000] {logging_mixin.py:137} INFO - [2023-05-23T22:24:49.228+0000] {dag.py:2690} INFO - Sync 1 DAGs
[2023-05-23T22:24:49.248+0000] {logging_mixin.py:137} INFO - [2023-05-23T22:24:49.248+0000] {dag.py:3441} INFO - Setting next_dagrun for example_xcom to 2021-01-01T00:00:00+00:00, run_after=2021-01-01T00:00:00+00:00
[2023-05-23T22:24:49.264+0000] {processor.py:175} INFO - Processing /home/airflow/.local/lib/python3.7/site-packages/airflow/example_dags/example_xcom.py took 0.082 seconds
[2023-05-23T22:25:19.571+0000] {processor.py:153} INFO - Started process (PID=27846) to work on /home/airflow/.local/lib/python3.7/site-packages/airflow/example_dags/example_xcom.py
[2023-05-23T22:25:19.572+0000] {processor.py:743} INFO - Processing file /home/airflow/.local/lib/python3.7/site-packages/airflow/example_dags/example_xcom.py for tasks to queue
[2023-05-23T22:25:19.574+0000] {logging_mixin.py:137} INFO - [2023-05-23T22:25:19.573+0000] {dagbag.py:538} INFO - Filling up the DagBag from /home/airflow/.local/lib/python3.7/site-packages/airflow/example_dags/example_xcom.py
[2023-05-23T22:25:19.589+0000] {processor.py:753} INFO - DAG(s) dict_keys(['example_xcom']) retrieved from /home/airflow/.local/lib/python3.7/site-packages/airflow/example_dags/example_xcom.py
[2023-05-23T22:25:19.611+0000] {logging_mixin.py:137} INFO - [2023-05-23T22:25:19.610+0000] {dag.py:2690} INFO - Sync 1 DAGs
[2023-05-23T22:25:19.626+0000] {logging_mixin.py:137} INFO - [2023-05-23T22:25:19.626+0000] {dag.py:3441} INFO - Setting next_dagrun for example_xcom to 2021-01-01T00:00:00+00:00, run_after=2021-01-01T00:00:00+00:00
[2023-05-23T22:25:19.640+0000] {processor.py:175} INFO - Processing /home/airflow/.local/lib/python3.7/site-packages/airflow/example_dags/example_xcom.py took 0.072 seconds
[2023-05-23T22:25:49.814+0000] {processor.py:153} INFO - Started process (PID=27929) to work on /home/airflow/.local/lib/python3.7/site-packages/airflow/example_dags/example_xcom.py
[2023-05-23T22:25:49.815+0000] {processor.py:743} INFO - Processing file /home/airflow/.local/lib/python3.7/site-packages/airflow/example_dags/example_xcom.py for tasks to queue
[2023-05-23T22:25:49.816+0000] {logging_mixin.py:137} INFO - [2023-05-23T22:25:49.816+0000] {dagbag.py:538} INFO - Filling up the DagBag from /home/airflow/.local/lib/python3.7/site-packages/airflow/example_dags/example_xcom.py
[2023-05-23T22:25:49.832+0000] {processor.py:753} INFO - DAG(s) dict_keys(['example_xcom']) retrieved from /home/airflow/.local/lib/python3.7/site-packages/airflow/example_dags/example_xcom.py
[2023-05-23T22:25:49.854+0000] {logging_mixin.py:137} INFO - [2023-05-23T22:25:49.854+0000] {dag.py:2690} INFO - Sync 1 DAGs
[2023-05-23T22:25:49.871+0000] {logging_mixin.py:137} INFO - [2023-05-23T22:25:49.870+0000] {dag.py:3441} INFO - Setting next_dagrun for example_xcom to 2021-01-01T00:00:00+00:00, run_after=2021-01-01T00:00:00+00:00
[2023-05-23T22:25:49.883+0000] {processor.py:175} INFO - Processing /home/airflow/.local/lib/python3.7/site-packages/airflow/example_dags/example_xcom.py took 0.072 seconds
[2023-05-23T22:26:20.827+0000] {processor.py:153} INFO - Started process (PID=28012) to work on /home/airflow/.local/lib/python3.7/site-packages/airflow/example_dags/example_xcom.py
[2023-05-23T22:26:20.829+0000] {processor.py:743} INFO - Processing file /home/airflow/.local/lib/python3.7/site-packages/airflow/example_dags/example_xcom.py for tasks to queue
[2023-05-23T22:26:20.830+0000] {logging_mixin.py:137} INFO - [2023-05-23T22:26:20.830+0000] {dagbag.py:538} INFO - Filling up the DagBag from /home/airflow/.local/lib/python3.7/site-packages/airflow/example_dags/example_xcom.py
[2023-05-23T22:26:20.850+0000] {processor.py:753} INFO - DAG(s) dict_keys(['example_xcom']) retrieved from /home/airflow/.local/lib/python3.7/site-packages/airflow/example_dags/example_xcom.py
[2023-05-23T22:26:20.874+0000] {logging_mixin.py:137} INFO - [2023-05-23T22:26:20.874+0000] {dag.py:2690} INFO - Sync 1 DAGs
[2023-05-23T22:26:20.891+0000] {logging_mixin.py:137} INFO - [2023-05-23T22:26:20.891+0000] {dag.py:3441} INFO - Setting next_dagrun for example_xcom to 2021-01-01T00:00:00+00:00, run_after=2021-01-01T00:00:00+00:00
[2023-05-23T22:26:20.905+0000] {processor.py:175} INFO - Processing /home/airflow/.local/lib/python3.7/site-packages/airflow/example_dags/example_xcom.py took 0.080 seconds
[2023-05-23T22:52:32.398+0000] {processor.py:153} INFO - Started process (PID=28082) to work on /home/airflow/.local/lib/python3.7/site-packages/airflow/example_dags/example_xcom.py
[2023-05-23T22:52:32.408+0000] {processor.py:743} INFO - Processing file /home/airflow/.local/lib/python3.7/site-packages/airflow/example_dags/example_xcom.py for tasks to queue
[2023-05-23T22:52:32.409+0000] {logging_mixin.py:137} INFO - [2023-05-23T22:52:32.409+0000] {dagbag.py:538} INFO - Filling up the DagBag from /home/airflow/.local/lib/python3.7/site-packages/airflow/example_dags/example_xcom.py
[2023-05-23T22:52:32.432+0000] {processor.py:753} INFO - DAG(s) dict_keys(['example_xcom']) retrieved from /home/airflow/.local/lib/python3.7/site-packages/airflow/example_dags/example_xcom.py
[2023-05-23T22:52:32.467+0000] {logging_mixin.py:137} INFO - [2023-05-23T22:52:32.466+0000] {dag.py:2690} INFO - Sync 1 DAGs
[2023-05-23T22:52:32.495+0000] {logging_mixin.py:137} INFO - [2023-05-23T22:52:32.495+0000] {dag.py:3441} INFO - Setting next_dagrun for example_xcom to 2021-01-01T00:00:00+00:00, run_after=2021-01-01T00:00:00+00:00
[2023-05-23T22:52:32.513+0000] {processor.py:175} INFO - Processing /home/airflow/.local/lib/python3.7/site-packages/airflow/example_dags/example_xcom.py took 0.118 seconds
[2023-05-23T22:53:02.739+0000] {processor.py:153} INFO - Started process (PID=28165) to work on /home/airflow/.local/lib/python3.7/site-packages/airflow/example_dags/example_xcom.py
[2023-05-23T22:53:02.740+0000] {processor.py:743} INFO - Processing file /home/airflow/.local/lib/python3.7/site-packages/airflow/example_dags/example_xcom.py for tasks to queue
[2023-05-23T22:53:02.742+0000] {logging_mixin.py:137} INFO - [2023-05-23T22:53:02.742+0000] {dagbag.py:538} INFO - Filling up the DagBag from /home/airflow/.local/lib/python3.7/site-packages/airflow/example_dags/example_xcom.py
[2023-05-23T22:53:02.760+0000] {processor.py:753} INFO - DAG(s) dict_keys(['example_xcom']) retrieved from /home/airflow/.local/lib/python3.7/site-packages/airflow/example_dags/example_xcom.py
[2023-05-23T22:53:02.782+0000] {logging_mixin.py:137} INFO - [2023-05-23T22:53:02.782+0000] {dag.py:2690} INFO - Sync 1 DAGs
[2023-05-23T22:53:02.799+0000] {logging_mixin.py:137} INFO - [2023-05-23T22:53:02.799+0000] {dag.py:3441} INFO - Setting next_dagrun for example_xcom to 2021-01-01T00:00:00+00:00, run_after=2021-01-01T00:00:00+00:00
[2023-05-23T22:53:02.811+0000] {processor.py:175} INFO - Processing /home/airflow/.local/lib/python3.7/site-packages/airflow/example_dags/example_xcom.py took 0.076 seconds
[2023-05-23T22:53:33.707+0000] {processor.py:153} INFO - Started process (PID=28243) to work on /home/airflow/.local/lib/python3.7/site-packages/airflow/example_dags/example_xcom.py
[2023-05-23T22:53:33.708+0000] {processor.py:743} INFO - Processing file /home/airflow/.local/lib/python3.7/site-packages/airflow/example_dags/example_xcom.py for tasks to queue
[2023-05-23T22:53:33.710+0000] {logging_mixin.py:137} INFO - [2023-05-23T22:53:33.710+0000] {dagbag.py:538} INFO - Filling up the DagBag from /home/airflow/.local/lib/python3.7/site-packages/airflow/example_dags/example_xcom.py
[2023-05-23T22:53:33.733+0000] {processor.py:753} INFO - DAG(s) dict_keys(['example_xcom']) retrieved from /home/airflow/.local/lib/python3.7/site-packages/airflow/example_dags/example_xcom.py
[2023-05-23T22:53:33.756+0000] {logging_mixin.py:137} INFO - [2023-05-23T22:53:33.756+0000] {dag.py:2690} INFO - Sync 1 DAGs
[2023-05-23T22:53:33.773+0000] {logging_mixin.py:137} INFO - [2023-05-23T22:53:33.773+0000] {dag.py:3441} INFO - Setting next_dagrun for example_xcom to 2021-01-01T00:00:00+00:00, run_after=2021-01-01T00:00:00+00:00
[2023-05-23T22:53:33.787+0000] {processor.py:175} INFO - Processing /home/airflow/.local/lib/python3.7/site-packages/airflow/example_dags/example_xcom.py took 0.083 seconds
[2023-05-23T22:54:03.881+0000] {processor.py:153} INFO - Started process (PID=28319) to work on /home/airflow/.local/lib/python3.7/site-packages/airflow/example_dags/example_xcom.py
[2023-05-23T22:54:03.883+0000] {processor.py:743} INFO - Processing file /home/airflow/.local/lib/python3.7/site-packages/airflow/example_dags/example_xcom.py for tasks to queue
[2023-05-23T22:54:03.884+0000] {logging_mixin.py:137} INFO - [2023-05-23T22:54:03.884+0000] {dagbag.py:538} INFO - Filling up the DagBag from /home/airflow/.local/lib/python3.7/site-packages/airflow/example_dags/example_xcom.py
[2023-05-23T22:54:03.901+0000] {processor.py:753} INFO - DAG(s) dict_keys(['example_xcom']) retrieved from /home/airflow/.local/lib/python3.7/site-packages/airflow/example_dags/example_xcom.py
[2023-05-23T22:54:03.923+0000] {logging_mixin.py:137} INFO - [2023-05-23T22:54:03.923+0000] {dag.py:2690} INFO - Sync 1 DAGs
[2023-05-23T22:54:03.941+0000] {logging_mixin.py:137} INFO - [2023-05-23T22:54:03.941+0000] {dag.py:3441} INFO - Setting next_dagrun for example_xcom to 2021-01-01T00:00:00+00:00, run_after=2021-01-01T00:00:00+00:00
[2023-05-23T22:54:03.954+0000] {processor.py:175} INFO - Processing /home/airflow/.local/lib/python3.7/site-packages/airflow/example_dags/example_xcom.py took 0.076 seconds
[2023-05-23T22:54:34.135+0000] {processor.py:153} INFO - Started process (PID=28402) to work on /home/airflow/.local/lib/python3.7/site-packages/airflow/example_dags/example_xcom.py
[2023-05-23T22:54:34.136+0000] {processor.py:743} INFO - Processing file /home/airflow/.local/lib/python3.7/site-packages/airflow/example_dags/example_xcom.py for tasks to queue
[2023-05-23T22:54:34.137+0000] {logging_mixin.py:137} INFO - [2023-05-23T22:54:34.137+0000] {dagbag.py:538} INFO - Filling up the DagBag from /home/airflow/.local/lib/python3.7/site-packages/airflow/example_dags/example_xcom.py
[2023-05-23T22:54:34.152+0000] {processor.py:753} INFO - DAG(s) dict_keys(['example_xcom']) retrieved from /home/airflow/.local/lib/python3.7/site-packages/airflow/example_dags/example_xcom.py
[2023-05-23T22:54:34.174+0000] {logging_mixin.py:137} INFO - [2023-05-23T22:54:34.174+0000] {dag.py:2690} INFO - Sync 1 DAGs
[2023-05-23T22:54:34.193+0000] {logging_mixin.py:137} INFO - [2023-05-23T22:54:34.193+0000] {dag.py:3441} INFO - Setting next_dagrun for example_xcom to 2021-01-01T00:00:00+00:00, run_after=2021-01-01T00:00:00+00:00
[2023-05-23T22:54:34.207+0000] {processor.py:175} INFO - Processing /home/airflow/.local/lib/python3.7/site-packages/airflow/example_dags/example_xcom.py took 0.075 seconds
[2023-05-23T22:56:59.917+0000] {processor.py:153} INFO - Started process (PID=28473) to work on /home/airflow/.local/lib/python3.7/site-packages/airflow/example_dags/example_xcom.py
[2023-05-23T22:56:59.918+0000] {processor.py:743} INFO - Processing file /home/airflow/.local/lib/python3.7/site-packages/airflow/example_dags/example_xcom.py for tasks to queue
[2023-05-23T22:56:59.919+0000] {logging_mixin.py:137} INFO - [2023-05-23T22:56:59.919+0000] {dagbag.py:538} INFO - Filling up the DagBag from /home/airflow/.local/lib/python3.7/site-packages/airflow/example_dags/example_xcom.py
[2023-05-23T22:56:59.941+0000] {processor.py:753} INFO - DAG(s) dict_keys(['example_xcom']) retrieved from /home/airflow/.local/lib/python3.7/site-packages/airflow/example_dags/example_xcom.py
[2023-05-23T22:56:59.964+0000] {logging_mixin.py:137} INFO - [2023-05-23T22:56:59.964+0000] {dag.py:2690} INFO - Sync 1 DAGs
[2023-05-23T22:56:59.983+0000] {logging_mixin.py:137} INFO - [2023-05-23T22:56:59.982+0000] {dag.py:3441} INFO - Setting next_dagrun for example_xcom to 2021-01-01T00:00:00+00:00, run_after=2021-01-01T00:00:00+00:00
[2023-05-23T22:56:59.996+0000] {processor.py:175} INFO - Processing /home/airflow/.local/lib/python3.7/site-packages/airflow/example_dags/example_xcom.py took 0.083 seconds
[2023-05-23T22:57:31.125+0000] {processor.py:153} INFO - Started process (PID=28556) to work on /home/airflow/.local/lib/python3.7/site-packages/airflow/example_dags/example_xcom.py
[2023-05-23T22:57:31.126+0000] {processor.py:743} INFO - Processing file /home/airflow/.local/lib/python3.7/site-packages/airflow/example_dags/example_xcom.py for tasks to queue
[2023-05-23T22:57:31.128+0000] {logging_mixin.py:137} INFO - [2023-05-23T22:57:31.128+0000] {dagbag.py:538} INFO - Filling up the DagBag from /home/airflow/.local/lib/python3.7/site-packages/airflow/example_dags/example_xcom.py
[2023-05-23T22:57:31.146+0000] {processor.py:753} INFO - DAG(s) dict_keys(['example_xcom']) retrieved from /home/airflow/.local/lib/python3.7/site-packages/airflow/example_dags/example_xcom.py
[2023-05-23T22:57:31.167+0000] {logging_mixin.py:137} INFO - [2023-05-23T22:57:31.167+0000] {dag.py:2690} INFO - Sync 1 DAGs
[2023-05-23T22:57:31.184+0000] {logging_mixin.py:137} INFO - [2023-05-23T22:57:31.184+0000] {dag.py:3441} INFO - Setting next_dagrun for example_xcom to 2021-01-01T00:00:00+00:00, run_after=2021-01-01T00:00:00+00:00
[2023-05-23T22:57:31.196+0000] {processor.py:175} INFO - Processing /home/airflow/.local/lib/python3.7/site-packages/airflow/example_dags/example_xcom.py took 0.074 seconds
[2023-05-23T22:58:01.284+0000] {processor.py:153} INFO - Started process (PID=28639) to work on /home/airflow/.local/lib/python3.7/site-packages/airflow/example_dags/example_xcom.py
[2023-05-23T22:58:01.286+0000] {processor.py:743} INFO - Processing file /home/airflow/.local/lib/python3.7/site-packages/airflow/example_dags/example_xcom.py for tasks to queue
[2023-05-23T22:58:01.287+0000] {logging_mixin.py:137} INFO - [2023-05-23T22:58:01.287+0000] {dagbag.py:538} INFO - Filling up the DagBag from /home/airflow/.local/lib/python3.7/site-packages/airflow/example_dags/example_xcom.py
[2023-05-23T22:58:01.304+0000] {processor.py:753} INFO - DAG(s) dict_keys(['example_xcom']) retrieved from /home/airflow/.local/lib/python3.7/site-packages/airflow/example_dags/example_xcom.py
[2023-05-23T22:58:01.330+0000] {logging_mixin.py:137} INFO - [2023-05-23T22:58:01.330+0000] {dag.py:2690} INFO - Sync 1 DAGs
[2023-05-23T22:58:01.350+0000] {logging_mixin.py:137} INFO - [2023-05-23T22:58:01.350+0000] {dag.py:3441} INFO - Setting next_dagrun for example_xcom to 2021-01-01T00:00:00+00:00, run_after=2021-01-01T00:00:00+00:00
[2023-05-23T22:58:01.364+0000] {processor.py:175} INFO - Processing /home/airflow/.local/lib/python3.7/site-packages/airflow/example_dags/example_xcom.py took 0.083 seconds
[2023-05-23T22:58:32.167+0000] {processor.py:153} INFO - Started process (PID=28709) to work on /home/airflow/.local/lib/python3.7/site-packages/airflow/example_dags/example_xcom.py
[2023-05-23T22:58:32.168+0000] {processor.py:743} INFO - Processing file /home/airflow/.local/lib/python3.7/site-packages/airflow/example_dags/example_xcom.py for tasks to queue
[2023-05-23T22:58:32.169+0000] {logging_mixin.py:137} INFO - [2023-05-23T22:58:32.169+0000] {dagbag.py:538} INFO - Filling up the DagBag from /home/airflow/.local/lib/python3.7/site-packages/airflow/example_dags/example_xcom.py
[2023-05-23T22:58:32.186+0000] {processor.py:753} INFO - DAG(s) dict_keys(['example_xcom']) retrieved from /home/airflow/.local/lib/python3.7/site-packages/airflow/example_dags/example_xcom.py
[2023-05-23T22:58:32.207+0000] {logging_mixin.py:137} INFO - [2023-05-23T22:58:32.207+0000] {dag.py:2690} INFO - Sync 1 DAGs
[2023-05-23T22:58:32.223+0000] {logging_mixin.py:137} INFO - [2023-05-23T22:58:32.223+0000] {dag.py:3441} INFO - Setting next_dagrun for example_xcom to 2021-01-01T00:00:00+00:00, run_after=2021-01-01T00:00:00+00:00
[2023-05-23T22:58:32.235+0000] {processor.py:175} INFO - Processing /home/airflow/.local/lib/python3.7/site-packages/airflow/example_dags/example_xcom.py took 0.072 seconds
[2023-05-23T22:59:02.484+0000] {processor.py:153} INFO - Started process (PID=28792) to work on /home/airflow/.local/lib/python3.7/site-packages/airflow/example_dags/example_xcom.py
[2023-05-23T22:59:02.486+0000] {processor.py:743} INFO - Processing file /home/airflow/.local/lib/python3.7/site-packages/airflow/example_dags/example_xcom.py for tasks to queue
[2023-05-23T22:59:02.487+0000] {logging_mixin.py:137} INFO - [2023-05-23T22:59:02.487+0000] {dagbag.py:538} INFO - Filling up the DagBag from /home/airflow/.local/lib/python3.7/site-packages/airflow/example_dags/example_xcom.py
[2023-05-23T22:59:02.503+0000] {processor.py:753} INFO - DAG(s) dict_keys(['example_xcom']) retrieved from /home/airflow/.local/lib/python3.7/site-packages/airflow/example_dags/example_xcom.py
[2023-05-23T22:59:02.523+0000] {logging_mixin.py:137} INFO - [2023-05-23T22:59:02.522+0000] {dag.py:2690} INFO - Sync 1 DAGs
[2023-05-23T22:59:02.540+0000] {logging_mixin.py:137} INFO - [2023-05-23T22:59:02.540+0000] {dag.py:3441} INFO - Setting next_dagrun for example_xcom to 2021-01-01T00:00:00+00:00, run_after=2021-01-01T00:00:00+00:00
[2023-05-23T22:59:02.553+0000] {processor.py:175} INFO - Processing /home/airflow/.local/lib/python3.7/site-packages/airflow/example_dags/example_xcom.py took 0.072 seconds
[2023-05-23T22:59:33.528+0000] {processor.py:153} INFO - Started process (PID=28875) to work on /home/airflow/.local/lib/python3.7/site-packages/airflow/example_dags/example_xcom.py
[2023-05-23T22:59:33.531+0000] {processor.py:743} INFO - Processing file /home/airflow/.local/lib/python3.7/site-packages/airflow/example_dags/example_xcom.py for tasks to queue
[2023-05-23T22:59:33.532+0000] {logging_mixin.py:137} INFO - [2023-05-23T22:59:33.532+0000] {dagbag.py:538} INFO - Filling up the DagBag from /home/airflow/.local/lib/python3.7/site-packages/airflow/example_dags/example_xcom.py
[2023-05-23T22:59:33.555+0000] {processor.py:753} INFO - DAG(s) dict_keys(['example_xcom']) retrieved from /home/airflow/.local/lib/python3.7/site-packages/airflow/example_dags/example_xcom.py
[2023-05-23T22:59:33.581+0000] {logging_mixin.py:137} INFO - [2023-05-23T22:59:33.581+0000] {dag.py:2690} INFO - Sync 1 DAGs
[2023-05-23T22:59:33.603+0000] {logging_mixin.py:137} INFO - [2023-05-23T22:59:33.603+0000] {dag.py:3441} INFO - Setting next_dagrun for example_xcom to 2021-01-01T00:00:00+00:00, run_after=2021-01-01T00:00:00+00:00
[2023-05-23T22:59:33.616+0000] {processor.py:175} INFO - Processing /home/airflow/.local/lib/python3.7/site-packages/airflow/example_dags/example_xcom.py took 0.090 seconds
[2023-05-23T23:00:04.503+0000] {processor.py:153} INFO - Started process (PID=28958) to work on /home/airflow/.local/lib/python3.7/site-packages/airflow/example_dags/example_xcom.py
[2023-05-23T23:00:04.504+0000] {processor.py:743} INFO - Processing file /home/airflow/.local/lib/python3.7/site-packages/airflow/example_dags/example_xcom.py for tasks to queue
[2023-05-23T23:00:04.506+0000] {logging_mixin.py:137} INFO - [2023-05-23T23:00:04.506+0000] {dagbag.py:538} INFO - Filling up the DagBag from /home/airflow/.local/lib/python3.7/site-packages/airflow/example_dags/example_xcom.py
[2023-05-23T23:00:04.523+0000] {processor.py:753} INFO - DAG(s) dict_keys(['example_xcom']) retrieved from /home/airflow/.local/lib/python3.7/site-packages/airflow/example_dags/example_xcom.py
[2023-05-23T23:00:04.547+0000] {logging_mixin.py:137} INFO - [2023-05-23T23:00:04.547+0000] {dag.py:2690} INFO - Sync 1 DAGs
[2023-05-23T23:00:04.563+0000] {logging_mixin.py:137} INFO - [2023-05-23T23:00:04.563+0000] {dag.py:3441} INFO - Setting next_dagrun for example_xcom to 2021-01-01T00:00:00+00:00, run_after=2021-01-01T00:00:00+00:00
[2023-05-23T23:00:04.576+0000] {processor.py:175} INFO - Processing /home/airflow/.local/lib/python3.7/site-packages/airflow/example_dags/example_xcom.py took 0.076 seconds
[2023-05-23T23:00:35.575+0000] {processor.py:153} INFO - Started process (PID=29029) to work on /home/airflow/.local/lib/python3.7/site-packages/airflow/example_dags/example_xcom.py
[2023-05-23T23:00:35.589+0000] {processor.py:743} INFO - Processing file /home/airflow/.local/lib/python3.7/site-packages/airflow/example_dags/example_xcom.py for tasks to queue
[2023-05-23T23:00:35.590+0000] {logging_mixin.py:137} INFO - [2023-05-23T23:00:35.590+0000] {dagbag.py:538} INFO - Filling up the DagBag from /home/airflow/.local/lib/python3.7/site-packages/airflow/example_dags/example_xcom.py
[2023-05-23T23:00:35.609+0000] {processor.py:753} INFO - DAG(s) dict_keys(['example_xcom']) retrieved from /home/airflow/.local/lib/python3.7/site-packages/airflow/example_dags/example_xcom.py
[2023-05-23T23:00:35.634+0000] {logging_mixin.py:137} INFO - [2023-05-23T23:00:35.634+0000] {dag.py:2690} INFO - Sync 1 DAGs
[2023-05-23T23:00:35.653+0000] {logging_mixin.py:137} INFO - [2023-05-23T23:00:35.653+0000] {dag.py:3441} INFO - Setting next_dagrun for example_xcom to 2021-01-01T00:00:00+00:00, run_after=2021-01-01T00:00:00+00:00
[2023-05-23T23:00:35.666+0000] {processor.py:175} INFO - Processing /home/airflow/.local/lib/python3.7/site-packages/airflow/example_dags/example_xcom.py took 0.094 seconds
[2023-05-23T23:01:06.572+0000] {processor.py:153} INFO - Started process (PID=29112) to work on /home/airflow/.local/lib/python3.7/site-packages/airflow/example_dags/example_xcom.py
[2023-05-23T23:01:06.574+0000] {processor.py:743} INFO - Processing file /home/airflow/.local/lib/python3.7/site-packages/airflow/example_dags/example_xcom.py for tasks to queue
[2023-05-23T23:01:06.575+0000] {logging_mixin.py:137} INFO - [2023-05-23T23:01:06.574+0000] {dagbag.py:538} INFO - Filling up the DagBag from /home/airflow/.local/lib/python3.7/site-packages/airflow/example_dags/example_xcom.py
[2023-05-23T23:01:06.590+0000] {processor.py:753} INFO - DAG(s) dict_keys(['example_xcom']) retrieved from /home/airflow/.local/lib/python3.7/site-packages/airflow/example_dags/example_xcom.py
[2023-05-23T23:01:06.612+0000] {logging_mixin.py:137} INFO - [2023-05-23T23:01:06.612+0000] {dag.py:2690} INFO - Sync 1 DAGs
[2023-05-23T23:01:06.627+0000] {logging_mixin.py:137} INFO - [2023-05-23T23:01:06.627+0000] {dag.py:3441} INFO - Setting next_dagrun for example_xcom to 2021-01-01T00:00:00+00:00, run_after=2021-01-01T00:00:00+00:00
[2023-05-23T23:01:06.639+0000] {processor.py:175} INFO - Processing /home/airflow/.local/lib/python3.7/site-packages/airflow/example_dags/example_xcom.py took 0.071 seconds
[2023-05-23T23:01:37.586+0000] {processor.py:153} INFO - Started process (PID=29195) to work on /home/airflow/.local/lib/python3.7/site-packages/airflow/example_dags/example_xcom.py
[2023-05-23T23:01:37.587+0000] {processor.py:743} INFO - Processing file /home/airflow/.local/lib/python3.7/site-packages/airflow/example_dags/example_xcom.py for tasks to queue
[2023-05-23T23:01:37.588+0000] {logging_mixin.py:137} INFO - [2023-05-23T23:01:37.588+0000] {dagbag.py:538} INFO - Filling up the DagBag from /home/airflow/.local/lib/python3.7/site-packages/airflow/example_dags/example_xcom.py
[2023-05-23T23:01:37.604+0000] {processor.py:753} INFO - DAG(s) dict_keys(['example_xcom']) retrieved from /home/airflow/.local/lib/python3.7/site-packages/airflow/example_dags/example_xcom.py
[2023-05-23T23:01:37.625+0000] {logging_mixin.py:137} INFO - [2023-05-23T23:01:37.625+0000] {dag.py:2690} INFO - Sync 1 DAGs
[2023-05-23T23:01:37.640+0000] {logging_mixin.py:137} INFO - [2023-05-23T23:01:37.640+0000] {dag.py:3441} INFO - Setting next_dagrun for example_xcom to 2021-01-01T00:00:00+00:00, run_after=2021-01-01T00:00:00+00:00
[2023-05-23T23:01:37.651+0000] {processor.py:175} INFO - Processing /home/airflow/.local/lib/python3.7/site-packages/airflow/example_dags/example_xcom.py took 0.068 seconds
[2023-05-23T23:02:08.437+0000] {processor.py:153} INFO - Started process (PID=29274) to work on /home/airflow/.local/lib/python3.7/site-packages/airflow/example_dags/example_xcom.py
[2023-05-23T23:02:08.439+0000] {processor.py:743} INFO - Processing file /home/airflow/.local/lib/python3.7/site-packages/airflow/example_dags/example_xcom.py for tasks to queue
[2023-05-23T23:02:08.441+0000] {logging_mixin.py:137} INFO - [2023-05-23T23:02:08.441+0000] {dagbag.py:538} INFO - Filling up the DagBag from /home/airflow/.local/lib/python3.7/site-packages/airflow/example_dags/example_xcom.py
[2023-05-23T23:02:08.461+0000] {processor.py:753} INFO - DAG(s) dict_keys(['example_xcom']) retrieved from /home/airflow/.local/lib/python3.7/site-packages/airflow/example_dags/example_xcom.py
[2023-05-23T23:02:08.486+0000] {logging_mixin.py:137} INFO - [2023-05-23T23:02:08.485+0000] {dag.py:2690} INFO - Sync 1 DAGs
[2023-05-23T23:02:08.505+0000] {logging_mixin.py:137} INFO - [2023-05-23T23:02:08.505+0000] {dag.py:3441} INFO - Setting next_dagrun for example_xcom to 2021-01-01T00:00:00+00:00, run_after=2021-01-01T00:00:00+00:00
[2023-05-23T23:02:08.527+0000] {processor.py:175} INFO - Processing /home/airflow/.local/lib/python3.7/site-packages/airflow/example_dags/example_xcom.py took 0.094 seconds
[2023-05-23T23:02:38.827+0000] {processor.py:153} INFO - Started process (PID=29348) to work on /home/airflow/.local/lib/python3.7/site-packages/airflow/example_dags/example_xcom.py
[2023-05-23T23:02:38.829+0000] {processor.py:743} INFO - Processing file /home/airflow/.local/lib/python3.7/site-packages/airflow/example_dags/example_xcom.py for tasks to queue
[2023-05-23T23:02:38.830+0000] {logging_mixin.py:137} INFO - [2023-05-23T23:02:38.830+0000] {dagbag.py:538} INFO - Filling up the DagBag from /home/airflow/.local/lib/python3.7/site-packages/airflow/example_dags/example_xcom.py
[2023-05-23T23:02:38.849+0000] {processor.py:753} INFO - DAG(s) dict_keys(['example_xcom']) retrieved from /home/airflow/.local/lib/python3.7/site-packages/airflow/example_dags/example_xcom.py
[2023-05-23T23:02:38.880+0000] {logging_mixin.py:137} INFO - [2023-05-23T23:02:38.880+0000] {dag.py:2690} INFO - Sync 1 DAGs
[2023-05-23T23:02:38.911+0000] {logging_mixin.py:137} INFO - [2023-05-23T23:02:38.911+0000] {dag.py:3441} INFO - Setting next_dagrun for example_xcom to 2021-01-01T00:00:00+00:00, run_after=2021-01-01T00:00:00+00:00
[2023-05-23T23:02:38.939+0000] {processor.py:175} INFO - Processing /home/airflow/.local/lib/python3.7/site-packages/airflow/example_dags/example_xcom.py took 0.115 seconds
[2023-05-23T23:37:33.693+0000] {processor.py:153} INFO - Started process (PID=29420) to work on /home/airflow/.local/lib/python3.7/site-packages/airflow/example_dags/example_xcom.py
[2023-05-23T23:37:33.706+0000] {processor.py:743} INFO - Processing file /home/airflow/.local/lib/python3.7/site-packages/airflow/example_dags/example_xcom.py for tasks to queue
[2023-05-23T23:37:33.707+0000] {logging_mixin.py:137} INFO - [2023-05-23T23:37:33.707+0000] {dagbag.py:538} INFO - Filling up the DagBag from /home/airflow/.local/lib/python3.7/site-packages/airflow/example_dags/example_xcom.py
[2023-05-23T23:37:33.739+0000] {processor.py:753} INFO - DAG(s) dict_keys(['example_xcom']) retrieved from /home/airflow/.local/lib/python3.7/site-packages/airflow/example_dags/example_xcom.py
[2023-05-23T23:37:33.762+0000] {logging_mixin.py:137} INFO - [2023-05-23T23:37:33.762+0000] {dag.py:2690} INFO - Sync 1 DAGs
[2023-05-23T23:37:33.780+0000] {logging_mixin.py:137} INFO - [2023-05-23T23:37:33.780+0000] {dag.py:3441} INFO - Setting next_dagrun for example_xcom to 2021-01-01T00:00:00+00:00, run_after=2021-01-01T00:00:00+00:00
[2023-05-23T23:37:33.792+0000] {processor.py:175} INFO - Processing /home/airflow/.local/lib/python3.7/site-packages/airflow/example_dags/example_xcom.py took 0.102 seconds
