[2023-04-19T12:47:02.479+0000] {taskinstance.py:1083} INFO - Dependencies all met for <TaskInstance: age_check.age_check scheduled__2023-01-07T00:00:00+00:00 [queued]>
[2023-04-19T12:47:02.505+0000] {taskinstance.py:1083} INFO - Dependencies all met for <TaskInstance: age_check.age_check scheduled__2023-01-07T00:00:00+00:00 [queued]>
[2023-04-19T12:47:02.507+0000] {taskinstance.py:1279} INFO - 
--------------------------------------------------------------------------------
[2023-04-19T12:47:02.509+0000] {taskinstance.py:1280} INFO - Starting attempt 4 of 4
[2023-04-19T12:47:02.517+0000] {taskinstance.py:1281} INFO - 
--------------------------------------------------------------------------------
[2023-04-19T12:47:02.541+0000] {taskinstance.py:1300} INFO - Executing <Task(PythonOperator): age_check> on 2023-01-07 00:00:00+00:00
[2023-04-19T12:47:02.560+0000] {standard_task_runner.py:55} INFO - Started process 24081 to run task
[2023-04-19T12:47:02.574+0000] {standard_task_runner.py:82} INFO - Running: ['***', 'tasks', 'run', 'age_check', 'age_check', 'scheduled__2023-01-07T00:00:00+00:00', '--job-id', '1651', '--raw', '--subdir', 'DAGS_FOLDER/age.py', '--cfg-path', '/tmp/tmphqioz_8r']
[2023-04-19T12:47:02.576+0000] {standard_task_runner.py:83} INFO - Job 1651: Subtask age_check
[2023-04-19T12:47:02.708+0000] {task_command.py:388} INFO - Running <TaskInstance: age_check.age_check scheduled__2023-01-07T00:00:00+00:00 [running]> on host fe34f61acbb3
[2023-04-19T12:47:02.823+0000] {taskinstance.py:1509} INFO - Exporting the following env vars:
AIRFLOW_CTX_DAG_OWNER=***
AIRFLOW_CTX_DAG_ID=age_check
AIRFLOW_CTX_TASK_ID=age_check
AIRFLOW_CTX_EXECUTION_DATE=2023-01-07T00:00:00+00:00
AIRFLOW_CTX_TRY_NUMBER=4
AIRFLOW_CTX_DAG_RUN_ID=scheduled__2023-01-07T00:00:00+00:00
[2023-04-19T12:47:02.835+0000] {taskinstance.py:1768} ERROR - Task failed with exception
Traceback (most recent call last):
  File "/home/airflow/.local/lib/python3.7/site-packages/airflow/operators/python.py", line 175, in execute
    return_value = self.execute_callable()
  File "/home/airflow/.local/lib/python3.7/site-packages/airflow/operators/python.py", line 192, in execute_callable
    return self.python_callable(*self.op_args, **self.op_kwargs)
  File "/opt/airflow/dags/age.py", line 35, in age_check
    birth_year = int(Variable.get('birth_year'))
  File "/home/airflow/.local/lib/python3.7/site-packages/airflow/models/variable.py", line 141, in get
    raise KeyError(f"Variable {key} does not exist")
KeyError: 'Variable birth_year does not exist'
[2023-04-19T12:47:02.866+0000] {taskinstance.py:1323} INFO - Marking task as FAILED. dag_id=age_check, task_id=age_check, execution_date=20230107T000000, start_date=20230419T124702, end_date=20230419T124702
[2023-04-19T12:47:02.876+0000] {standard_task_runner.py:105} ERROR - Failed to execute job 1651 for task age_check ('Variable birth_year does not exist'; 24081)
[2023-04-19T12:47:02.927+0000] {local_task_job.py:208} INFO - Task exited with return code 1
[2023-04-19T12:47:02.961+0000] {taskinstance.py:2578} INFO - 0 downstream tasks scheduled from follow-on schedule check
[2023-05-20T20:58:37.010+0000] {taskinstance.py:1083} INFO - Dependencies all met for <TaskInstance: age_check.age_check scheduled__2023-01-07T00:00:00+00:00 [queued]>
[2023-05-20T20:58:37.032+0000] {taskinstance.py:1083} INFO - Dependencies all met for <TaskInstance: age_check.age_check scheduled__2023-01-07T00:00:00+00:00 [queued]>
[2023-05-20T20:58:37.037+0000] {taskinstance.py:1279} INFO - 
--------------------------------------------------------------------------------
[2023-05-20T20:58:37.038+0000] {taskinstance.py:1280} INFO - Starting attempt 4 of 4
[2023-05-20T20:58:37.039+0000] {taskinstance.py:1281} INFO - 
--------------------------------------------------------------------------------
[2023-05-20T20:58:37.058+0000] {taskinstance.py:1300} INFO - Executing <Task(PythonOperator): age_check> on 2023-01-07 00:00:00+00:00
[2023-05-20T20:58:37.065+0000] {standard_task_runner.py:55} INFO - Started process 901 to run task
[2023-05-20T20:58:37.069+0000] {standard_task_runner.py:82} INFO - Running: ['***', 'tasks', 'run', 'age_check', 'age_check', 'scheduled__2023-01-07T00:00:00+00:00', '--job-id', '1249', '--raw', '--subdir', 'DAGS_FOLDER/age.py', '--cfg-path', '/tmp/tmpd_z3vqk8']
[2023-05-20T20:58:37.072+0000] {standard_task_runner.py:83} INFO - Job 1249: Subtask age_check
[2023-05-20T20:58:37.166+0000] {task_command.py:388} INFO - Running <TaskInstance: age_check.age_check scheduled__2023-01-07T00:00:00+00:00 [running]> on host 242f95e3e8a8
[2023-05-20T20:58:37.253+0000] {taskinstance.py:1509} INFO - Exporting the following env vars:
AIRFLOW_CTX_DAG_OWNER=***
AIRFLOW_CTX_DAG_ID=age_check
AIRFLOW_CTX_TASK_ID=age_check
AIRFLOW_CTX_EXECUTION_DATE=2023-01-07T00:00:00+00:00
AIRFLOW_CTX_TRY_NUMBER=4
AIRFLOW_CTX_DAG_RUN_ID=scheduled__2023-01-07T00:00:00+00:00
[2023-05-20T20:58:37.267+0000] {taskinstance.py:1768} ERROR - Task failed with exception
Traceback (most recent call last):
  File "/home/airflow/.local/lib/python3.7/site-packages/airflow/operators/python.py", line 175, in execute
    return_value = self.execute_callable()
  File "/home/airflow/.local/lib/python3.7/site-packages/airflow/operators/python.py", line 192, in execute_callable
    return self.python_callable(*self.op_args, **self.op_kwargs)
  File "/opt/airflow/dags/age.py", line 35, in age_check
    birth_year = int(Variable.get('birth_year'))
  File "/home/airflow/.local/lib/python3.7/site-packages/airflow/models/variable.py", line 141, in get
    raise KeyError(f"Variable {key} does not exist")
KeyError: 'Variable birth_year does not exist'
[2023-05-20T20:58:37.292+0000] {taskinstance.py:1323} INFO - Marking task as FAILED. dag_id=age_check, task_id=age_check, execution_date=20230107T000000, start_date=20230520T205837, end_date=20230520T205837
[2023-05-20T20:58:37.302+0000] {standard_task_runner.py:105} ERROR - Failed to execute job 1249 for task age_check ('Variable birth_year does not exist'; 901)
[2023-05-20T20:58:37.324+0000] {local_task_job.py:208} INFO - Task exited with return code 1
[2023-05-20T20:58:37.355+0000] {taskinstance.py:2578} INFO - 0 downstream tasks scheduled from follow-on schedule check
