[2023-08-17T02:21:54.057+0000] {taskinstance.py:1083} INFO - Dependencies all met for <TaskInstance: age_check.add scheduled__2023-08-16T00:00:00+00:00 [queued]>
[2023-08-17T02:21:54.082+0000] {taskinstance.py:1083} INFO - Dependencies all met for <TaskInstance: age_check.add scheduled__2023-08-16T00:00:00+00:00 [queued]>
[2023-08-17T02:21:54.084+0000] {taskinstance.py:1279} INFO - 
--------------------------------------------------------------------------------
[2023-08-17T02:21:54.085+0000] {taskinstance.py:1280} INFO - Starting attempt 1 of 4
[2023-08-17T02:21:54.086+0000] {taskinstance.py:1281} INFO - 
--------------------------------------------------------------------------------
[2023-08-17T02:21:54.109+0000] {taskinstance.py:1300} INFO - Executing <Task(PythonOperator): add> on 2023-08-16 00:00:00+00:00
[2023-08-17T02:21:54.125+0000] {standard_task_runner.py:55} INFO - Started process 40134 to run task
[2023-08-17T02:21:54.154+0000] {standard_task_runner.py:82} INFO - Running: ['***', 'tasks', 'run', 'age_check', 'add', 'scheduled__2023-08-16T00:00:00+00:00', '--job-id', '4104', '--raw', '--subdir', 'DAGS_FOLDER/age.py', '--cfg-path', '/tmp/tmpg1l7_el1']
[2023-08-17T02:21:54.157+0000] {standard_task_runner.py:83} INFO - Job 4104: Subtask add
[2023-08-17T02:21:54.371+0000] {task_command.py:388} INFO - Running <TaskInstance: age_check.add scheduled__2023-08-16T00:00:00+00:00 [running]> on host 25f6b46723d1
[2023-08-17T02:21:54.653+0000] {taskinstance.py:1509} INFO - Exporting the following env vars:
AIRFLOW_CTX_DAG_OWNER=***
AIRFLOW_CTX_DAG_ID=age_check
AIRFLOW_CTX_TASK_ID=add
AIRFLOW_CTX_EXECUTION_DATE=2023-08-16T00:00:00+00:00
AIRFLOW_CTX_TRY_NUMBER=1
AIRFLOW_CTX_DAG_RUN_ID=scheduled__2023-08-16T00:00:00+00:00
[2023-08-17T02:21:54.661+0000] {logging_mixin.py:137} INFO - 4
[2023-08-17T02:21:54.662+0000] {python.py:177} INFO - Done. Returned value was: None
[2023-08-17T02:21:54.681+0000] {taskinstance.py:1323} INFO - Marking task as SUCCESS. dag_id=age_check, task_id=add, execution_date=20230816T000000, start_date=20230817T022154, end_date=20230817T022154
[2023-08-17T02:21:54.774+0000] {local_task_job.py:208} INFO - Task exited with return code 0
[2023-08-17T02:21:54.967+0000] {taskinstance.py:2578} INFO - 1 downstream tasks scheduled from follow-on schedule check
