[2023-11-23T08:59:42.750+0000] {taskinstance.py:1083} INFO - Dependencies all met for <TaskInstance: my_mulitiplication.multiplication scheduled__2023-11-22T00:00:00+00:00 [queued]>
[2023-11-23T08:59:42.873+0000] {taskinstance.py:1083} INFO - Dependencies all met for <TaskInstance: my_mulitiplication.multiplication scheduled__2023-11-22T00:00:00+00:00 [queued]>
[2023-11-23T08:59:42.877+0000] {taskinstance.py:1279} INFO - 
--------------------------------------------------------------------------------
[2023-11-23T08:59:42.880+0000] {taskinstance.py:1280} INFO - Starting attempt 2 of 4
[2023-11-23T08:59:42.884+0000] {taskinstance.py:1281} INFO - 
--------------------------------------------------------------------------------
[2023-11-23T08:59:43.132+0000] {taskinstance.py:1300} INFO - Executing <Task(PythonOperator): multiplication> on 2023-11-22 00:00:00+00:00
[2023-11-23T08:59:44.888+0000] {standard_task_runner.py:55} INFO - Started process 192639 to run task
[2023-11-23T10:05:34.561+0000] {standard_task_runner.py:82} INFO - Running: ['***', 'tasks', 'run', 'my_mulitiplication', 'multiplication', 'scheduled__2023-11-22T00:00:00+00:00', '--job-id', '5796', '--raw', '--subdir', 'DAGS_FOLDER/new_dag.py', '--cfg-path', '/tmp/tmp0nu2gyjr']
[2023-11-23T10:05:34.577+0000] {standard_task_runner.py:83} INFO - Job 5796: Subtask multiplication
[2023-11-23T10:05:37.376+0000] {task_command.py:388} INFO - Running <TaskInstance: my_mulitiplication.multiplication scheduled__2023-11-22T00:00:00+00:00 [running]> on host 25f6b46723d1
[2023-11-23T10:05:38.642+0000] {taskinstance.py:1509} INFO - Exporting the following env vars:
AIRFLOW_CTX_DAG_OWNER=***
AIRFLOW_CTX_DAG_ID=my_mulitiplication
AIRFLOW_CTX_TASK_ID=multiplication
AIRFLOW_CTX_EXECUTION_DATE=2023-11-22T00:00:00+00:00
AIRFLOW_CTX_TRY_NUMBER=2
AIRFLOW_CTX_DAG_RUN_ID=scheduled__2023-11-22T00:00:00+00:00
[2023-11-23T10:05:38.751+0000] {logging_mixin.py:137} INFO - 16
[2023-11-23T10:05:38.800+0000] {python.py:177} INFO - Done. Returned value was: None
[2023-11-23T10:05:39.130+0000] {taskinstance.py:1323} INFO - Marking task as SUCCESS. dag_id=my_mulitiplication, task_id=multiplication, execution_date=20231122T000000, start_date=20231123T085942, end_date=20231123T100539
[2023-11-23T10:05:43.400+0000] {local_task_job.py:208} INFO - Task exited with return code 0
[2023-11-23T10:05:43.761+0000] {taskinstance.py:2578} INFO - 0 downstream tasks scheduled from follow-on schedule check
