[2023-11-23T04:18:49.506+0000] {taskinstance.py:1083} INFO - Dependencies all met for <TaskInstance: my_new_dag.hello_world_task scheduled__2023-11-22T00:00:00+00:00 [queued]>
[2023-11-23T04:18:50.856+0000] {taskinstance.py:1083} INFO - Dependencies all met for <TaskInstance: my_new_dag.hello_world_task scheduled__2023-11-22T00:00:00+00:00 [queued]>
[2023-11-23T04:18:51.746+0000] {taskinstance.py:1279} INFO - 
--------------------------------------------------------------------------------
[2023-11-23T04:18:51.764+0000] {taskinstance.py:1280} INFO - Starting attempt 1 of 1
[2023-11-23T04:18:51.771+0000] {taskinstance.py:1281} INFO - 
--------------------------------------------------------------------------------
[2023-11-23T04:18:53.256+0000] {taskinstance.py:1300} INFO - Executing <Task(PythonOperator): hello_world_task> on 2023-11-22 00:00:00+00:00
[2023-11-23T04:18:53.401+0000] {standard_task_runner.py:55} INFO - Started process 192575 to run task
[2023-11-23T04:18:53.659+0000] {standard_task_runner.py:82} INFO - Running: ['***', 'tasks', 'run', 'my_new_dag', 'hello_world_task', 'scheduled__2023-11-22T00:00:00+00:00', '--job-id', '5789', '--raw', '--subdir', 'DAGS_FOLDER/new.py', '--cfg-path', '/tmp/tmpjeb03ont']
[2023-11-23T04:18:53.715+0000] {standard_task_runner.py:83} INFO - Job 5789: Subtask hello_world_task
[2023-11-23T05:08:42.470+0000] {task_command.py:388} INFO - Running <TaskInstance: my_new_dag.hello_world_task scheduled__2023-11-22T00:00:00+00:00 [running]> on host 25f6b46723d1
[2023-11-23T05:08:44.897+0000] {taskinstance.py:1509} INFO - Exporting the following env vars:
AIRFLOW_CTX_DAG_OWNER=***
AIRFLOW_CTX_DAG_ID=my_new_dag
AIRFLOW_CTX_TASK_ID=hello_world_task
AIRFLOW_CTX_EXECUTION_DATE=2023-11-22T00:00:00+00:00
AIRFLOW_CTX_TRY_NUMBER=1
AIRFLOW_CTX_DAG_RUN_ID=scheduled__2023-11-22T00:00:00+00:00
[2023-11-23T05:08:45.371+0000] {new.py:8} INFO - Hello World Desmond
[2023-11-23T05:08:45.393+0000] {python.py:177} INFO - Done. Returned value was: None
[2023-11-23T05:08:48.151+0000] {taskinstance.py:1323} INFO - Marking task as SUCCESS. dag_id=my_new_dag, task_id=hello_world_task, execution_date=20231122T000000, start_date=20231123T041849, end_date=20231123T050848
[2023-11-23T05:08:50.309+0000] {local_task_job.py:208} INFO - Task exited with return code 0
[2023-11-23T05:08:51.571+0000] {taskinstance.py:2578} INFO - 0 downstream tasks scheduled from follow-on schedule check
