[2023-05-05T00:49:27.035+0000] {processor.py:153} INFO - Started process (PID=17255) to work on /home/airflow/.local/lib/python3.7/site-packages/airflow/example_dags/example_sensor_decorator.py
[2023-05-05T00:49:27.036+0000] {processor.py:743} INFO - Processing file /home/airflow/.local/lib/python3.7/site-packages/airflow/example_dags/example_sensor_decorator.py for tasks to queue
[2023-05-05T00:49:27.038+0000] {logging_mixin.py:137} INFO - [2023-05-05T00:49:27.038+0000] {dagbag.py:538} INFO - Filling up the DagBag from /home/airflow/.local/lib/python3.7/site-packages/airflow/example_dags/example_sensor_decorator.py
[2023-05-05T00:49:27.054+0000] {processor.py:753} INFO - DAG(s) dict_keys(['example_sensor_decorator']) retrieved from /home/airflow/.local/lib/python3.7/site-packages/airflow/example_dags/example_sensor_decorator.py
[2023-05-05T00:49:27.072+0000] {logging_mixin.py:137} INFO - [2023-05-05T00:49:27.072+0000] {dag.py:2690} INFO - Sync 1 DAGs
[2023-05-05T00:49:27.092+0000] {logging_mixin.py:137} INFO - [2023-05-05T00:49:27.092+0000] {dag.py:3441} INFO - Setting next_dagrun for example_sensor_decorator to None, run_after=None
[2023-05-05T00:49:27.107+0000] {processor.py:175} INFO - Processing /home/airflow/.local/lib/python3.7/site-packages/airflow/example_dags/example_sensor_decorator.py took 0.076 seconds
[2023-05-05T01:52:14.600+0000] {processor.py:153} INFO - Started process (PID=17326) to work on /home/airflow/.local/lib/python3.7/site-packages/airflow/example_dags/example_sensor_decorator.py
[2023-05-05T01:52:14.602+0000] {processor.py:743} INFO - Processing file /home/airflow/.local/lib/python3.7/site-packages/airflow/example_dags/example_sensor_decorator.py for tasks to queue
[2023-05-05T01:52:14.603+0000] {logging_mixin.py:137} INFO - [2023-05-05T01:52:14.603+0000] {dagbag.py:538} INFO - Filling up the DagBag from /home/airflow/.local/lib/python3.7/site-packages/airflow/example_dags/example_sensor_decorator.py
[2023-05-05T01:52:14.618+0000] {processor.py:753} INFO - DAG(s) dict_keys(['example_sensor_decorator']) retrieved from /home/airflow/.local/lib/python3.7/site-packages/airflow/example_dags/example_sensor_decorator.py
[2023-05-05T01:52:14.634+0000] {logging_mixin.py:137} INFO - [2023-05-05T01:52:14.634+0000] {dag.py:2690} INFO - Sync 1 DAGs
[2023-05-05T01:52:14.650+0000] {logging_mixin.py:137} INFO - [2023-05-05T01:52:14.650+0000] {dag.py:3441} INFO - Setting next_dagrun for example_sensor_decorator to None, run_after=None
[2023-05-05T01:52:14.664+0000] {processor.py:175} INFO - Processing /home/airflow/.local/lib/python3.7/site-packages/airflow/example_dags/example_sensor_decorator.py took 0.067 seconds
[2023-05-05T03:16:25.887+0000] {processor.py:153} INFO - Started process (PID=17410) to work on /home/airflow/.local/lib/python3.7/site-packages/airflow/example_dags/example_sensor_decorator.py
[2023-05-05T03:16:25.890+0000] {processor.py:743} INFO - Processing file /home/airflow/.local/lib/python3.7/site-packages/airflow/example_dags/example_sensor_decorator.py for tasks to queue
[2023-05-05T03:16:25.892+0000] {logging_mixin.py:137} INFO - [2023-05-05T03:16:25.891+0000] {dagbag.py:538} INFO - Filling up the DagBag from /home/airflow/.local/lib/python3.7/site-packages/airflow/example_dags/example_sensor_decorator.py
[2023-05-05T03:16:25.909+0000] {processor.py:753} INFO - DAG(s) dict_keys(['example_sensor_decorator']) retrieved from /home/airflow/.local/lib/python3.7/site-packages/airflow/example_dags/example_sensor_decorator.py
[2023-05-05T03:16:25.926+0000] {logging_mixin.py:137} INFO - [2023-05-05T03:16:25.926+0000] {dag.py:2690} INFO - Sync 1 DAGs
[2023-05-05T03:16:25.943+0000] {logging_mixin.py:137} INFO - [2023-05-05T03:16:25.942+0000] {dag.py:3441} INFO - Setting next_dagrun for example_sensor_decorator to None, run_after=None
[2023-05-05T03:16:25.955+0000] {processor.py:175} INFO - Processing /home/airflow/.local/lib/python3.7/site-packages/airflow/example_dags/example_sensor_decorator.py took 0.074 seconds
[2023-05-05T04:35:55.990+0000] {processor.py:153} INFO - Started process (PID=17481) to work on /home/airflow/.local/lib/python3.7/site-packages/airflow/example_dags/example_sensor_decorator.py
[2023-05-05T04:35:55.993+0000] {processor.py:743} INFO - Processing file /home/airflow/.local/lib/python3.7/site-packages/airflow/example_dags/example_sensor_decorator.py for tasks to queue
[2023-05-05T04:35:55.994+0000] {logging_mixin.py:137} INFO - [2023-05-05T04:35:55.994+0000] {dagbag.py:538} INFO - Filling up the DagBag from /home/airflow/.local/lib/python3.7/site-packages/airflow/example_dags/example_sensor_decorator.py
[2023-05-05T04:35:56.008+0000] {processor.py:753} INFO - DAG(s) dict_keys(['example_sensor_decorator']) retrieved from /home/airflow/.local/lib/python3.7/site-packages/airflow/example_dags/example_sensor_decorator.py
[2023-05-05T04:35:56.026+0000] {logging_mixin.py:137} INFO - [2023-05-05T04:35:56.026+0000] {dag.py:2690} INFO - Sync 1 DAGs
[2023-05-05T04:35:56.043+0000] {logging_mixin.py:137} INFO - [2023-05-05T04:35:56.043+0000] {dag.py:3441} INFO - Setting next_dagrun for example_sensor_decorator to None, run_after=None
[2023-05-05T04:35:56.059+0000] {processor.py:175} INFO - Processing /home/airflow/.local/lib/python3.7/site-packages/airflow/example_dags/example_sensor_decorator.py took 0.072 seconds
[2023-05-05T05:57:05.421+0000] {processor.py:153} INFO - Started process (PID=17565) to work on /home/airflow/.local/lib/python3.7/site-packages/airflow/example_dags/example_sensor_decorator.py
[2023-05-05T05:57:05.423+0000] {processor.py:743} INFO - Processing file /home/airflow/.local/lib/python3.7/site-packages/airflow/example_dags/example_sensor_decorator.py for tasks to queue
[2023-05-05T05:57:05.424+0000] {logging_mixin.py:137} INFO - [2023-05-05T05:57:05.424+0000] {dagbag.py:538} INFO - Filling up the DagBag from /home/airflow/.local/lib/python3.7/site-packages/airflow/example_dags/example_sensor_decorator.py
[2023-05-05T05:57:05.439+0000] {processor.py:753} INFO - DAG(s) dict_keys(['example_sensor_decorator']) retrieved from /home/airflow/.local/lib/python3.7/site-packages/airflow/example_dags/example_sensor_decorator.py
[2023-05-05T05:57:05.456+0000] {logging_mixin.py:137} INFO - [2023-05-05T05:57:05.455+0000] {dag.py:2690} INFO - Sync 1 DAGs
[2023-05-05T05:57:05.471+0000] {logging_mixin.py:137} INFO - [2023-05-05T05:57:05.471+0000] {dag.py:3441} INFO - Setting next_dagrun for example_sensor_decorator to None, run_after=None
[2023-05-05T05:57:05.484+0000] {processor.py:175} INFO - Processing /home/airflow/.local/lib/python3.7/site-packages/airflow/example_dags/example_sensor_decorator.py took 0.065 seconds
[2023-05-05T06:47:44.361+0000] {processor.py:153} INFO - Started process (PID=17648) to work on /home/airflow/.local/lib/python3.7/site-packages/airflow/example_dags/example_sensor_decorator.py
[2023-05-05T06:47:44.363+0000] {processor.py:743} INFO - Processing file /home/airflow/.local/lib/python3.7/site-packages/airflow/example_dags/example_sensor_decorator.py for tasks to queue
[2023-05-05T06:47:44.364+0000] {logging_mixin.py:137} INFO - [2023-05-05T06:47:44.364+0000] {dagbag.py:538} INFO - Filling up the DagBag from /home/airflow/.local/lib/python3.7/site-packages/airflow/example_dags/example_sensor_decorator.py
[2023-05-05T06:47:44.381+0000] {processor.py:753} INFO - DAG(s) dict_keys(['example_sensor_decorator']) retrieved from /home/airflow/.local/lib/python3.7/site-packages/airflow/example_dags/example_sensor_decorator.py
[2023-05-05T06:47:44.397+0000] {logging_mixin.py:137} INFO - [2023-05-05T06:47:44.397+0000] {dag.py:2690} INFO - Sync 1 DAGs
[2023-05-05T06:47:44.412+0000] {logging_mixin.py:137} INFO - [2023-05-05T06:47:44.412+0000] {dag.py:3441} INFO - Setting next_dagrun for example_sensor_decorator to None, run_after=None
[2023-05-05T06:47:44.427+0000] {processor.py:175} INFO - Processing /home/airflow/.local/lib/python3.7/site-packages/airflow/example_dags/example_sensor_decorator.py took 0.069 seconds
[2023-05-05T07:05:02.908+0000] {processor.py:153} INFO - Started process (PID=17719) to work on /home/airflow/.local/lib/python3.7/site-packages/airflow/example_dags/example_sensor_decorator.py
[2023-05-05T07:05:02.911+0000] {processor.py:743} INFO - Processing file /home/airflow/.local/lib/python3.7/site-packages/airflow/example_dags/example_sensor_decorator.py for tasks to queue
[2023-05-05T07:05:02.912+0000] {logging_mixin.py:137} INFO - [2023-05-05T07:05:02.912+0000] {dagbag.py:538} INFO - Filling up the DagBag from /home/airflow/.local/lib/python3.7/site-packages/airflow/example_dags/example_sensor_decorator.py
[2023-05-05T07:05:02.925+0000] {processor.py:753} INFO - DAG(s) dict_keys(['example_sensor_decorator']) retrieved from /home/airflow/.local/lib/python3.7/site-packages/airflow/example_dags/example_sensor_decorator.py
[2023-05-05T07:05:02.942+0000] {logging_mixin.py:137} INFO - [2023-05-05T07:05:02.942+0000] {dag.py:2690} INFO - Sync 1 DAGs
[2023-05-05T07:05:02.957+0000] {logging_mixin.py:137} INFO - [2023-05-05T07:05:02.957+0000] {dag.py:3441} INFO - Setting next_dagrun for example_sensor_decorator to None, run_after=None
[2023-05-05T07:05:02.970+0000] {processor.py:175} INFO - Processing /home/airflow/.local/lib/python3.7/site-packages/airflow/example_dags/example_sensor_decorator.py took 0.065 seconds
[2023-05-05T07:05:33.709+0000] {processor.py:153} INFO - Started process (PID=17802) to work on /home/airflow/.local/lib/python3.7/site-packages/airflow/example_dags/example_sensor_decorator.py
[2023-05-05T07:05:33.710+0000] {processor.py:743} INFO - Processing file /home/airflow/.local/lib/python3.7/site-packages/airflow/example_dags/example_sensor_decorator.py for tasks to queue
[2023-05-05T07:05:33.711+0000] {logging_mixin.py:137} INFO - [2023-05-05T07:05:33.711+0000] {dagbag.py:538} INFO - Filling up the DagBag from /home/airflow/.local/lib/python3.7/site-packages/airflow/example_dags/example_sensor_decorator.py
[2023-05-05T07:05:33.725+0000] {processor.py:753} INFO - DAG(s) dict_keys(['example_sensor_decorator']) retrieved from /home/airflow/.local/lib/python3.7/site-packages/airflow/example_dags/example_sensor_decorator.py
[2023-05-05T07:05:33.742+0000] {logging_mixin.py:137} INFO - [2023-05-05T07:05:33.742+0000] {dag.py:2690} INFO - Sync 1 DAGs
[2023-05-05T07:05:33.757+0000] {logging_mixin.py:137} INFO - [2023-05-05T07:05:33.756+0000] {dag.py:3441} INFO - Setting next_dagrun for example_sensor_decorator to None, run_after=None
[2023-05-05T07:05:33.771+0000] {processor.py:175} INFO - Processing /home/airflow/.local/lib/python3.7/site-packages/airflow/example_dags/example_sensor_decorator.py took 0.064 seconds
[2023-05-05T07:06:04.464+0000] {processor.py:153} INFO - Started process (PID=17884) to work on /home/airflow/.local/lib/python3.7/site-packages/airflow/example_dags/example_sensor_decorator.py
[2023-05-05T07:06:04.466+0000] {processor.py:743} INFO - Processing file /home/airflow/.local/lib/python3.7/site-packages/airflow/example_dags/example_sensor_decorator.py for tasks to queue
[2023-05-05T07:06:04.467+0000] {logging_mixin.py:137} INFO - [2023-05-05T07:06:04.466+0000] {dagbag.py:538} INFO - Filling up the DagBag from /home/airflow/.local/lib/python3.7/site-packages/airflow/example_dags/example_sensor_decorator.py
[2023-05-05T07:06:04.482+0000] {processor.py:753} INFO - DAG(s) dict_keys(['example_sensor_decorator']) retrieved from /home/airflow/.local/lib/python3.7/site-packages/airflow/example_dags/example_sensor_decorator.py
[2023-05-05T07:06:04.498+0000] {logging_mixin.py:137} INFO - [2023-05-05T07:06:04.498+0000] {dag.py:2690} INFO - Sync 1 DAGs
[2023-05-05T07:06:04.516+0000] {logging_mixin.py:137} INFO - [2023-05-05T07:06:04.515+0000] {dag.py:3441} INFO - Setting next_dagrun for example_sensor_decorator to None, run_after=None
[2023-05-05T07:06:04.527+0000] {processor.py:175} INFO - Processing /home/airflow/.local/lib/python3.7/site-packages/airflow/example_dags/example_sensor_decorator.py took 0.065 seconds
[2023-05-05T07:11:41.691+0000] {processor.py:153} INFO - Started process (PID=17955) to work on /home/airflow/.local/lib/python3.7/site-packages/airflow/example_dags/example_sensor_decorator.py
[2023-05-05T07:11:41.693+0000] {processor.py:743} INFO - Processing file /home/airflow/.local/lib/python3.7/site-packages/airflow/example_dags/example_sensor_decorator.py for tasks to queue
[2023-05-05T07:11:41.695+0000] {logging_mixin.py:137} INFO - [2023-05-05T07:11:41.694+0000] {dagbag.py:538} INFO - Filling up the DagBag from /home/airflow/.local/lib/python3.7/site-packages/airflow/example_dags/example_sensor_decorator.py
[2023-05-05T07:11:41.709+0000] {processor.py:753} INFO - DAG(s) dict_keys(['example_sensor_decorator']) retrieved from /home/airflow/.local/lib/python3.7/site-packages/airflow/example_dags/example_sensor_decorator.py
[2023-05-05T07:11:41.725+0000] {logging_mixin.py:137} INFO - [2023-05-05T07:11:41.725+0000] {dag.py:2690} INFO - Sync 1 DAGs
[2023-05-05T07:11:41.741+0000] {logging_mixin.py:137} INFO - [2023-05-05T07:11:41.740+0000] {dag.py:3441} INFO - Setting next_dagrun for example_sensor_decorator to None, run_after=None
[2023-05-05T07:11:41.754+0000] {processor.py:175} INFO - Processing /home/airflow/.local/lib/python3.7/site-packages/airflow/example_dags/example_sensor_decorator.py took 0.066 seconds
[2023-05-05T07:45:23.982+0000] {processor.py:153} INFO - Started process (PID=18038) to work on /home/airflow/.local/lib/python3.7/site-packages/airflow/example_dags/example_sensor_decorator.py
[2023-05-05T07:45:23.984+0000] {processor.py:743} INFO - Processing file /home/airflow/.local/lib/python3.7/site-packages/airflow/example_dags/example_sensor_decorator.py for tasks to queue
[2023-05-05T07:45:23.985+0000] {logging_mixin.py:137} INFO - [2023-05-05T07:45:23.985+0000] {dagbag.py:538} INFO - Filling up the DagBag from /home/airflow/.local/lib/python3.7/site-packages/airflow/example_dags/example_sensor_decorator.py
[2023-05-05T07:45:23.999+0000] {processor.py:753} INFO - DAG(s) dict_keys(['example_sensor_decorator']) retrieved from /home/airflow/.local/lib/python3.7/site-packages/airflow/example_dags/example_sensor_decorator.py
[2023-05-05T07:45:24.016+0000] {logging_mixin.py:137} INFO - [2023-05-05T07:45:24.015+0000] {dag.py:2690} INFO - Sync 1 DAGs
[2023-05-05T07:45:24.031+0000] {logging_mixin.py:137} INFO - [2023-05-05T07:45:24.031+0000] {dag.py:3441} INFO - Setting next_dagrun for example_sensor_decorator to None, run_after=None
[2023-05-05T07:45:24.043+0000] {processor.py:175} INFO - Processing /home/airflow/.local/lib/python3.7/site-packages/airflow/example_dags/example_sensor_decorator.py took 0.064 seconds
[2023-05-05T08:50:42.208+0000] {processor.py:153} INFO - Started process (PID=18109) to work on /home/airflow/.local/lib/python3.7/site-packages/airflow/example_dags/example_sensor_decorator.py
[2023-05-05T08:50:42.210+0000] {processor.py:743} INFO - Processing file /home/airflow/.local/lib/python3.7/site-packages/airflow/example_dags/example_sensor_decorator.py for tasks to queue
[2023-05-05T08:50:42.211+0000] {logging_mixin.py:137} INFO - [2023-05-05T08:50:42.210+0000] {dagbag.py:538} INFO - Filling up the DagBag from /home/airflow/.local/lib/python3.7/site-packages/airflow/example_dags/example_sensor_decorator.py
[2023-05-05T08:50:42.225+0000] {processor.py:753} INFO - DAG(s) dict_keys(['example_sensor_decorator']) retrieved from /home/airflow/.local/lib/python3.7/site-packages/airflow/example_dags/example_sensor_decorator.py
[2023-05-05T08:50:42.241+0000] {logging_mixin.py:137} INFO - [2023-05-05T08:50:42.241+0000] {dag.py:2690} INFO - Sync 1 DAGs
[2023-05-05T08:50:42.258+0000] {logging_mixin.py:137} INFO - [2023-05-05T08:50:42.258+0000] {dag.py:3441} INFO - Setting next_dagrun for example_sensor_decorator to None, run_after=None
[2023-05-05T08:50:42.272+0000] {processor.py:175} INFO - Processing /home/airflow/.local/lib/python3.7/site-packages/airflow/example_dags/example_sensor_decorator.py took 0.067 seconds
[2023-05-05T09:58:23.402+0000] {processor.py:153} INFO - Started process (PID=18191) to work on /home/airflow/.local/lib/python3.7/site-packages/airflow/example_dags/example_sensor_decorator.py
[2023-05-05T09:58:23.404+0000] {processor.py:743} INFO - Processing file /home/airflow/.local/lib/python3.7/site-packages/airflow/example_dags/example_sensor_decorator.py for tasks to queue
[2023-05-05T09:58:23.406+0000] {logging_mixin.py:137} INFO - [2023-05-05T09:58:23.406+0000] {dagbag.py:538} INFO - Filling up the DagBag from /home/airflow/.local/lib/python3.7/site-packages/airflow/example_dags/example_sensor_decorator.py
[2023-05-05T09:58:23.420+0000] {processor.py:753} INFO - DAG(s) dict_keys(['example_sensor_decorator']) retrieved from /home/airflow/.local/lib/python3.7/site-packages/airflow/example_dags/example_sensor_decorator.py
[2023-05-05T09:58:23.436+0000] {logging_mixin.py:137} INFO - [2023-05-05T09:58:23.436+0000] {dag.py:2690} INFO - Sync 1 DAGs
[2023-05-05T09:58:23.452+0000] {logging_mixin.py:137} INFO - [2023-05-05T09:58:23.452+0000] {dag.py:3441} INFO - Setting next_dagrun for example_sensor_decorator to None, run_after=None
[2023-05-05T09:58:23.465+0000] {processor.py:175} INFO - Processing /home/airflow/.local/lib/python3.7/site-packages/airflow/example_dags/example_sensor_decorator.py took 0.065 seconds
[2023-05-05T11:00:40.379+0000] {processor.py:153} INFO - Started process (PID=18270) to work on /home/airflow/.local/lib/python3.7/site-packages/airflow/example_dags/example_sensor_decorator.py
[2023-05-05T11:00:40.381+0000] {processor.py:743} INFO - Processing file /home/airflow/.local/lib/python3.7/site-packages/airflow/example_dags/example_sensor_decorator.py for tasks to queue
[2023-05-05T11:00:40.383+0000] {logging_mixin.py:137} INFO - [2023-05-05T11:00:40.383+0000] {dagbag.py:538} INFO - Filling up the DagBag from /home/airflow/.local/lib/python3.7/site-packages/airflow/example_dags/example_sensor_decorator.py
[2023-05-05T11:00:40.399+0000] {processor.py:753} INFO - DAG(s) dict_keys(['example_sensor_decorator']) retrieved from /home/airflow/.local/lib/python3.7/site-packages/airflow/example_dags/example_sensor_decorator.py
[2023-05-05T11:00:40.419+0000] {logging_mixin.py:137} INFO - [2023-05-05T11:00:40.419+0000] {dag.py:2690} INFO - Sync 1 DAGs
[2023-05-05T11:00:40.442+0000] {logging_mixin.py:137} INFO - [2023-05-05T11:00:40.442+0000] {dag.py:3441} INFO - Setting next_dagrun for example_sensor_decorator to None, run_after=None
[2023-05-05T11:00:40.463+0000] {processor.py:175} INFO - Processing /home/airflow/.local/lib/python3.7/site-packages/airflow/example_dags/example_sensor_decorator.py took 0.087 seconds
[2023-05-05T11:38:14.885+0000] {processor.py:153} INFO - Started process (PID=18346) to work on /home/airflow/.local/lib/python3.7/site-packages/airflow/example_dags/example_sensor_decorator.py
[2023-05-05T11:38:14.887+0000] {processor.py:743} INFO - Processing file /home/airflow/.local/lib/python3.7/site-packages/airflow/example_dags/example_sensor_decorator.py for tasks to queue
[2023-05-05T11:38:14.888+0000] {logging_mixin.py:137} INFO - [2023-05-05T11:38:14.887+0000] {dagbag.py:538} INFO - Filling up the DagBag from /home/airflow/.local/lib/python3.7/site-packages/airflow/example_dags/example_sensor_decorator.py
[2023-05-05T11:38:14.903+0000] {processor.py:753} INFO - DAG(s) dict_keys(['example_sensor_decorator']) retrieved from /home/airflow/.local/lib/python3.7/site-packages/airflow/example_dags/example_sensor_decorator.py
[2023-05-05T11:38:14.919+0000] {logging_mixin.py:137} INFO - [2023-05-05T11:38:14.919+0000] {dag.py:2690} INFO - Sync 1 DAGs
[2023-05-05T11:38:14.935+0000] {logging_mixin.py:137} INFO - [2023-05-05T11:38:14.935+0000] {dag.py:3441} INFO - Setting next_dagrun for example_sensor_decorator to None, run_after=None
[2023-05-05T11:38:14.948+0000] {processor.py:175} INFO - Processing /home/airflow/.local/lib/python3.7/site-packages/airflow/example_dags/example_sensor_decorator.py took 0.066 seconds
[2023-05-05T12:58:09.156+0000] {processor.py:153} INFO - Started process (PID=18430) to work on /home/airflow/.local/lib/python3.7/site-packages/airflow/example_dags/example_sensor_decorator.py
[2023-05-05T12:58:09.158+0000] {processor.py:743} INFO - Processing file /home/airflow/.local/lib/python3.7/site-packages/airflow/example_dags/example_sensor_decorator.py for tasks to queue
[2023-05-05T12:58:09.159+0000] {logging_mixin.py:137} INFO - [2023-05-05T12:58:09.159+0000] {dagbag.py:538} INFO - Filling up the DagBag from /home/airflow/.local/lib/python3.7/site-packages/airflow/example_dags/example_sensor_decorator.py
[2023-05-05T12:58:09.173+0000] {processor.py:753} INFO - DAG(s) dict_keys(['example_sensor_decorator']) retrieved from /home/airflow/.local/lib/python3.7/site-packages/airflow/example_dags/example_sensor_decorator.py
[2023-05-05T12:58:09.190+0000] {logging_mixin.py:137} INFO - [2023-05-05T12:58:09.190+0000] {dag.py:2690} INFO - Sync 1 DAGs
[2023-05-05T12:58:09.206+0000] {logging_mixin.py:137} INFO - [2023-05-05T12:58:09.206+0000] {dag.py:3441} INFO - Setting next_dagrun for example_sensor_decorator to None, run_after=None
[2023-05-05T12:58:09.217+0000] {processor.py:175} INFO - Processing /home/airflow/.local/lib/python3.7/site-packages/airflow/example_dags/example_sensor_decorator.py took 0.064 seconds
[2023-05-05T14:37:20.867+0000] {processor.py:153} INFO - Started process (PID=18501) to work on /home/airflow/.local/lib/python3.7/site-packages/airflow/example_dags/example_sensor_decorator.py
[2023-05-05T14:37:20.869+0000] {processor.py:743} INFO - Processing file /home/airflow/.local/lib/python3.7/site-packages/airflow/example_dags/example_sensor_decorator.py for tasks to queue
[2023-05-05T14:37:20.870+0000] {logging_mixin.py:137} INFO - [2023-05-05T14:37:20.870+0000] {dagbag.py:538} INFO - Filling up the DagBag from /home/airflow/.local/lib/python3.7/site-packages/airflow/example_dags/example_sensor_decorator.py
[2023-05-05T14:37:20.885+0000] {processor.py:753} INFO - DAG(s) dict_keys(['example_sensor_decorator']) retrieved from /home/airflow/.local/lib/python3.7/site-packages/airflow/example_dags/example_sensor_decorator.py
[2023-05-05T14:37:20.902+0000] {logging_mixin.py:137} INFO - [2023-05-05T14:37:20.902+0000] {dag.py:2690} INFO - Sync 1 DAGs
[2023-05-05T14:37:20.918+0000] {logging_mixin.py:137} INFO - [2023-05-05T14:37:20.918+0000] {dag.py:3441} INFO - Setting next_dagrun for example_sensor_decorator to None, run_after=None
[2023-05-05T14:37:20.932+0000] {processor.py:175} INFO - Processing /home/airflow/.local/lib/python3.7/site-packages/airflow/example_dags/example_sensor_decorator.py took 0.067 seconds
[2023-05-05T15:57:05.247+0000] {processor.py:153} INFO - Started process (PID=18585) to work on /home/airflow/.local/lib/python3.7/site-packages/airflow/example_dags/example_sensor_decorator.py
[2023-05-05T15:57:05.248+0000] {processor.py:743} INFO - Processing file /home/airflow/.local/lib/python3.7/site-packages/airflow/example_dags/example_sensor_decorator.py for tasks to queue
[2023-05-05T15:57:05.249+0000] {logging_mixin.py:137} INFO - [2023-05-05T15:57:05.249+0000] {dagbag.py:538} INFO - Filling up the DagBag from /home/airflow/.local/lib/python3.7/site-packages/airflow/example_dags/example_sensor_decorator.py
[2023-05-05T15:57:05.265+0000] {processor.py:753} INFO - DAG(s) dict_keys(['example_sensor_decorator']) retrieved from /home/airflow/.local/lib/python3.7/site-packages/airflow/example_dags/example_sensor_decorator.py
[2023-05-05T15:57:05.281+0000] {logging_mixin.py:137} INFO - [2023-05-05T15:57:05.281+0000] {dag.py:2690} INFO - Sync 1 DAGs
[2023-05-05T15:57:05.295+0000] {logging_mixin.py:137} INFO - [2023-05-05T15:57:05.295+0000] {dag.py:3441} INFO - Setting next_dagrun for example_sensor_decorator to None, run_after=None
[2023-05-05T15:57:05.309+0000] {processor.py:175} INFO - Processing /home/airflow/.local/lib/python3.7/site-packages/airflow/example_dags/example_sensor_decorator.py took 0.066 seconds
[2023-05-05T17:18:04.114+0000] {processor.py:153} INFO - Started process (PID=18668) to work on /home/airflow/.local/lib/python3.7/site-packages/airflow/example_dags/example_sensor_decorator.py
[2023-05-05T17:18:04.116+0000] {processor.py:743} INFO - Processing file /home/airflow/.local/lib/python3.7/site-packages/airflow/example_dags/example_sensor_decorator.py for tasks to queue
[2023-05-05T17:18:04.117+0000] {logging_mixin.py:137} INFO - [2023-05-05T17:18:04.117+0000] {dagbag.py:538} INFO - Filling up the DagBag from /home/airflow/.local/lib/python3.7/site-packages/airflow/example_dags/example_sensor_decorator.py
[2023-05-05T17:18:04.131+0000] {processor.py:753} INFO - DAG(s) dict_keys(['example_sensor_decorator']) retrieved from /home/airflow/.local/lib/python3.7/site-packages/airflow/example_dags/example_sensor_decorator.py
[2023-05-05T17:18:04.148+0000] {logging_mixin.py:137} INFO - [2023-05-05T17:18:04.148+0000] {dag.py:2690} INFO - Sync 1 DAGs
[2023-05-05T17:18:04.164+0000] {logging_mixin.py:137} INFO - [2023-05-05T17:18:04.164+0000] {dag.py:3441} INFO - Setting next_dagrun for example_sensor_decorator to None, run_after=None
[2023-05-05T17:18:04.175+0000] {processor.py:175} INFO - Processing /home/airflow/.local/lib/python3.7/site-packages/airflow/example_dags/example_sensor_decorator.py took 0.065 seconds
[2023-05-05T18:41:52.399+0000] {processor.py:153} INFO - Started process (PID=18739) to work on /home/airflow/.local/lib/python3.7/site-packages/airflow/example_dags/example_sensor_decorator.py
[2023-05-05T18:41:52.401+0000] {processor.py:743} INFO - Processing file /home/airflow/.local/lib/python3.7/site-packages/airflow/example_dags/example_sensor_decorator.py for tasks to queue
[2023-05-05T18:41:52.402+0000] {logging_mixin.py:137} INFO - [2023-05-05T18:41:52.402+0000] {dagbag.py:538} INFO - Filling up the DagBag from /home/airflow/.local/lib/python3.7/site-packages/airflow/example_dags/example_sensor_decorator.py
[2023-05-05T18:41:52.417+0000] {processor.py:753} INFO - DAG(s) dict_keys(['example_sensor_decorator']) retrieved from /home/airflow/.local/lib/python3.7/site-packages/airflow/example_dags/example_sensor_decorator.py
[2023-05-05T18:41:52.434+0000] {logging_mixin.py:137} INFO - [2023-05-05T18:41:52.434+0000] {dag.py:2690} INFO - Sync 1 DAGs
[2023-05-05T18:41:52.452+0000] {logging_mixin.py:137} INFO - [2023-05-05T18:41:52.452+0000] {dag.py:3441} INFO - Setting next_dagrun for example_sensor_decorator to None, run_after=None
[2023-05-05T18:41:52.469+0000] {processor.py:175} INFO - Processing /home/airflow/.local/lib/python3.7/site-packages/airflow/example_dags/example_sensor_decorator.py took 0.073 seconds
[2023-05-05T20:06:09.011+0000] {processor.py:153} INFO - Started process (PID=18822) to work on /home/airflow/.local/lib/python3.7/site-packages/airflow/example_dags/example_sensor_decorator.py
[2023-05-05T20:06:09.013+0000] {processor.py:743} INFO - Processing file /home/airflow/.local/lib/python3.7/site-packages/airflow/example_dags/example_sensor_decorator.py for tasks to queue
[2023-05-05T20:06:09.014+0000] {logging_mixin.py:137} INFO - [2023-05-05T20:06:09.014+0000] {dagbag.py:538} INFO - Filling up the DagBag from /home/airflow/.local/lib/python3.7/site-packages/airflow/example_dags/example_sensor_decorator.py
[2023-05-05T20:06:09.029+0000] {processor.py:753} INFO - DAG(s) dict_keys(['example_sensor_decorator']) retrieved from /home/airflow/.local/lib/python3.7/site-packages/airflow/example_dags/example_sensor_decorator.py
[2023-05-05T20:06:09.047+0000] {logging_mixin.py:137} INFO - [2023-05-05T20:06:09.047+0000] {dag.py:2690} INFO - Sync 1 DAGs
[2023-05-05T20:06:09.063+0000] {logging_mixin.py:137} INFO - [2023-05-05T20:06:09.063+0000] {dag.py:3441} INFO - Setting next_dagrun for example_sensor_decorator to None, run_after=None
[2023-05-05T20:06:09.075+0000] {processor.py:175} INFO - Processing /home/airflow/.local/lib/python3.7/site-packages/airflow/example_dags/example_sensor_decorator.py took 0.066 seconds
[2023-05-05T21:26:34.872+0000] {processor.py:153} INFO - Started process (PID=18904) to work on /home/airflow/.local/lib/python3.7/site-packages/airflow/example_dags/example_sensor_decorator.py
[2023-05-05T21:26:34.874+0000] {processor.py:743} INFO - Processing file /home/airflow/.local/lib/python3.7/site-packages/airflow/example_dags/example_sensor_decorator.py for tasks to queue
[2023-05-05T21:26:34.877+0000] {logging_mixin.py:137} INFO - [2023-05-05T21:26:34.876+0000] {dagbag.py:538} INFO - Filling up the DagBag from /home/airflow/.local/lib/python3.7/site-packages/airflow/example_dags/example_sensor_decorator.py
[2023-05-05T21:26:34.896+0000] {processor.py:753} INFO - DAG(s) dict_keys(['example_sensor_decorator']) retrieved from /home/airflow/.local/lib/python3.7/site-packages/airflow/example_dags/example_sensor_decorator.py
[2023-05-05T21:26:34.913+0000] {logging_mixin.py:137} INFO - [2023-05-05T21:26:34.913+0000] {dag.py:2690} INFO - Sync 1 DAGs
[2023-05-05T21:26:34.931+0000] {logging_mixin.py:137} INFO - [2023-05-05T21:26:34.931+0000] {dag.py:3441} INFO - Setting next_dagrun for example_sensor_decorator to None, run_after=None
[2023-05-05T21:26:34.943+0000] {processor.py:175} INFO - Processing /home/airflow/.local/lib/python3.7/site-packages/airflow/example_dags/example_sensor_decorator.py took 0.074 seconds
[2023-05-05T22:48:02.681+0000] {processor.py:153} INFO - Started process (PID=18975) to work on /home/airflow/.local/lib/python3.7/site-packages/airflow/example_dags/example_sensor_decorator.py
[2023-05-05T22:48:02.682+0000] {processor.py:743} INFO - Processing file /home/airflow/.local/lib/python3.7/site-packages/airflow/example_dags/example_sensor_decorator.py for tasks to queue
[2023-05-05T22:48:02.683+0000] {logging_mixin.py:137} INFO - [2023-05-05T22:48:02.683+0000] {dagbag.py:538} INFO - Filling up the DagBag from /home/airflow/.local/lib/python3.7/site-packages/airflow/example_dags/example_sensor_decorator.py
[2023-05-05T22:48:02.704+0000] {processor.py:753} INFO - DAG(s) dict_keys(['example_sensor_decorator']) retrieved from /home/airflow/.local/lib/python3.7/site-packages/airflow/example_dags/example_sensor_decorator.py
[2023-05-05T22:48:02.729+0000] {logging_mixin.py:137} INFO - [2023-05-05T22:48:02.729+0000] {dag.py:2690} INFO - Sync 1 DAGs
[2023-05-05T22:48:02.767+0000] {logging_mixin.py:137} INFO - [2023-05-05T22:48:02.767+0000] {dag.py:3441} INFO - Setting next_dagrun for example_sensor_decorator to None, run_after=None
[2023-05-05T22:48:02.789+0000] {processor.py:175} INFO - Processing /home/airflow/.local/lib/python3.7/site-packages/airflow/example_dags/example_sensor_decorator.py took 0.111 seconds
[2023-05-05T22:48:33.763+0000] {processor.py:153} INFO - Started process (PID=19058) to work on /home/airflow/.local/lib/python3.7/site-packages/airflow/example_dags/example_sensor_decorator.py
[2023-05-05T22:48:33.766+0000] {processor.py:743} INFO - Processing file /home/airflow/.local/lib/python3.7/site-packages/airflow/example_dags/example_sensor_decorator.py for tasks to queue
[2023-05-05T22:48:33.768+0000] {logging_mixin.py:137} INFO - [2023-05-05T22:48:33.768+0000] {dagbag.py:538} INFO - Filling up the DagBag from /home/airflow/.local/lib/python3.7/site-packages/airflow/example_dags/example_sensor_decorator.py
[2023-05-05T22:48:33.792+0000] {processor.py:753} INFO - DAG(s) dict_keys(['example_sensor_decorator']) retrieved from /home/airflow/.local/lib/python3.7/site-packages/airflow/example_dags/example_sensor_decorator.py
[2023-05-05T22:48:33.811+0000] {logging_mixin.py:137} INFO - [2023-05-05T22:48:33.811+0000] {dag.py:2690} INFO - Sync 1 DAGs
[2023-05-05T22:48:33.826+0000] {logging_mixin.py:137} INFO - [2023-05-05T22:48:33.826+0000] {dag.py:3441} INFO - Setting next_dagrun for example_sensor_decorator to None, run_after=None
[2023-05-05T22:48:33.839+0000] {processor.py:175} INFO - Processing /home/airflow/.local/lib/python3.7/site-packages/airflow/example_dags/example_sensor_decorator.py took 0.082 seconds
[2023-05-05T22:49:04.499+0000] {processor.py:153} INFO - Started process (PID=19141) to work on /home/airflow/.local/lib/python3.7/site-packages/airflow/example_dags/example_sensor_decorator.py
[2023-05-05T22:49:04.502+0000] {processor.py:743} INFO - Processing file /home/airflow/.local/lib/python3.7/site-packages/airflow/example_dags/example_sensor_decorator.py for tasks to queue
[2023-05-05T22:49:04.504+0000] {logging_mixin.py:137} INFO - [2023-05-05T22:49:04.503+0000] {dagbag.py:538} INFO - Filling up the DagBag from /home/airflow/.local/lib/python3.7/site-packages/airflow/example_dags/example_sensor_decorator.py
[2023-05-05T22:49:04.527+0000] {processor.py:753} INFO - DAG(s) dict_keys(['example_sensor_decorator']) retrieved from /home/airflow/.local/lib/python3.7/site-packages/airflow/example_dags/example_sensor_decorator.py
[2023-05-05T22:49:04.545+0000] {logging_mixin.py:137} INFO - [2023-05-05T22:49:04.545+0000] {dag.py:2690} INFO - Sync 1 DAGs
[2023-05-05T22:49:04.561+0000] {logging_mixin.py:137} INFO - [2023-05-05T22:49:04.560+0000] {dag.py:3441} INFO - Setting next_dagrun for example_sensor_decorator to None, run_after=None
[2023-05-05T22:49:04.572+0000] {processor.py:175} INFO - Processing /home/airflow/.local/lib/python3.7/site-packages/airflow/example_dags/example_sensor_decorator.py took 0.078 seconds
[2023-05-05T22:49:35.173+0000] {processor.py:153} INFO - Started process (PID=19213) to work on /home/airflow/.local/lib/python3.7/site-packages/airflow/example_dags/example_sensor_decorator.py
[2023-05-05T22:49:35.176+0000] {processor.py:743} INFO - Processing file /home/airflow/.local/lib/python3.7/site-packages/airflow/example_dags/example_sensor_decorator.py for tasks to queue
[2023-05-05T22:49:35.177+0000] {logging_mixin.py:137} INFO - [2023-05-05T22:49:35.177+0000] {dagbag.py:538} INFO - Filling up the DagBag from /home/airflow/.local/lib/python3.7/site-packages/airflow/example_dags/example_sensor_decorator.py
[2023-05-05T22:49:35.197+0000] {processor.py:753} INFO - DAG(s) dict_keys(['example_sensor_decorator']) retrieved from /home/airflow/.local/lib/python3.7/site-packages/airflow/example_dags/example_sensor_decorator.py
[2023-05-05T22:49:35.216+0000] {logging_mixin.py:137} INFO - [2023-05-05T22:49:35.216+0000] {dag.py:2690} INFO - Sync 1 DAGs
[2023-05-05T22:49:35.231+0000] {logging_mixin.py:137} INFO - [2023-05-05T22:49:35.231+0000] {dag.py:3441} INFO - Setting next_dagrun for example_sensor_decorator to None, run_after=None
[2023-05-05T22:49:35.245+0000] {processor.py:175} INFO - Processing /home/airflow/.local/lib/python3.7/site-packages/airflow/example_dags/example_sensor_decorator.py took 0.076 seconds
[2023-05-05T22:50:06.040+0000] {processor.py:153} INFO - Started process (PID=19296) to work on /home/airflow/.local/lib/python3.7/site-packages/airflow/example_dags/example_sensor_decorator.py
[2023-05-05T22:50:06.042+0000] {processor.py:743} INFO - Processing file /home/airflow/.local/lib/python3.7/site-packages/airflow/example_dags/example_sensor_decorator.py for tasks to queue
[2023-05-05T22:50:06.043+0000] {logging_mixin.py:137} INFO - [2023-05-05T22:50:06.043+0000] {dagbag.py:538} INFO - Filling up the DagBag from /home/airflow/.local/lib/python3.7/site-packages/airflow/example_dags/example_sensor_decorator.py
[2023-05-05T22:50:06.061+0000] {processor.py:753} INFO - DAG(s) dict_keys(['example_sensor_decorator']) retrieved from /home/airflow/.local/lib/python3.7/site-packages/airflow/example_dags/example_sensor_decorator.py
[2023-05-05T22:50:06.082+0000] {logging_mixin.py:137} INFO - [2023-05-05T22:50:06.081+0000] {dag.py:2690} INFO - Sync 1 DAGs
[2023-05-05T22:50:06.105+0000] {logging_mixin.py:137} INFO - [2023-05-05T22:50:06.105+0000] {dag.py:3441} INFO - Setting next_dagrun for example_sensor_decorator to None, run_after=None
[2023-05-05T22:50:06.118+0000] {processor.py:175} INFO - Processing /home/airflow/.local/lib/python3.7/site-packages/airflow/example_dags/example_sensor_decorator.py took 0.081 seconds
[2023-05-05T23:05:52.315+0000] {processor.py:153} INFO - Started process (PID=19376) to work on /home/airflow/.local/lib/python3.7/site-packages/airflow/example_dags/example_sensor_decorator.py
[2023-05-05T23:05:52.317+0000] {processor.py:743} INFO - Processing file /home/airflow/.local/lib/python3.7/site-packages/airflow/example_dags/example_sensor_decorator.py for tasks to queue
[2023-05-05T23:05:52.318+0000] {logging_mixin.py:137} INFO - [2023-05-05T23:05:52.318+0000] {dagbag.py:538} INFO - Filling up the DagBag from /home/airflow/.local/lib/python3.7/site-packages/airflow/example_dags/example_sensor_decorator.py
[2023-05-05T23:05:52.338+0000] {processor.py:753} INFO - DAG(s) dict_keys(['example_sensor_decorator']) retrieved from /home/airflow/.local/lib/python3.7/site-packages/airflow/example_dags/example_sensor_decorator.py
[2023-05-05T23:05:52.371+0000] {logging_mixin.py:137} INFO - [2023-05-05T23:05:52.371+0000] {dag.py:2690} INFO - Sync 1 DAGs
[2023-05-05T23:05:52.405+0000] {logging_mixin.py:137} INFO - [2023-05-05T23:05:52.404+0000] {dag.py:3441} INFO - Setting next_dagrun for example_sensor_decorator to None, run_after=None
[2023-05-05T23:05:52.431+0000] {processor.py:175} INFO - Processing /home/airflow/.local/lib/python3.7/site-packages/airflow/example_dags/example_sensor_decorator.py took 0.119 seconds
[2023-05-05T23:06:22.527+0000] {processor.py:153} INFO - Started process (PID=19451) to work on /home/airflow/.local/lib/python3.7/site-packages/airflow/example_dags/example_sensor_decorator.py
[2023-05-05T23:06:22.529+0000] {processor.py:743} INFO - Processing file /home/airflow/.local/lib/python3.7/site-packages/airflow/example_dags/example_sensor_decorator.py for tasks to queue
[2023-05-05T23:06:22.530+0000] {logging_mixin.py:137} INFO - [2023-05-05T23:06:22.530+0000] {dagbag.py:538} INFO - Filling up the DagBag from /home/airflow/.local/lib/python3.7/site-packages/airflow/example_dags/example_sensor_decorator.py
[2023-05-05T23:06:22.544+0000] {processor.py:753} INFO - DAG(s) dict_keys(['example_sensor_decorator']) retrieved from /home/airflow/.local/lib/python3.7/site-packages/airflow/example_dags/example_sensor_decorator.py
[2023-05-05T23:06:22.561+0000] {logging_mixin.py:137} INFO - [2023-05-05T23:06:22.561+0000] {dag.py:2690} INFO - Sync 1 DAGs
[2023-05-05T23:06:22.577+0000] {logging_mixin.py:137} INFO - [2023-05-05T23:06:22.577+0000] {dag.py:3441} INFO - Setting next_dagrun for example_sensor_decorator to None, run_after=None
[2023-05-05T23:06:22.588+0000] {processor.py:175} INFO - Processing /home/airflow/.local/lib/python3.7/site-packages/airflow/example_dags/example_sensor_decorator.py took 0.063 seconds
[2023-05-05T23:06:53.444+0000] {processor.py:153} INFO - Started process (PID=19534) to work on /home/airflow/.local/lib/python3.7/site-packages/airflow/example_dags/example_sensor_decorator.py
[2023-05-05T23:06:53.446+0000] {processor.py:743} INFO - Processing file /home/airflow/.local/lib/python3.7/site-packages/airflow/example_dags/example_sensor_decorator.py for tasks to queue
[2023-05-05T23:06:53.447+0000] {logging_mixin.py:137} INFO - [2023-05-05T23:06:53.447+0000] {dagbag.py:538} INFO - Filling up the DagBag from /home/airflow/.local/lib/python3.7/site-packages/airflow/example_dags/example_sensor_decorator.py
[2023-05-05T23:06:53.461+0000] {processor.py:753} INFO - DAG(s) dict_keys(['example_sensor_decorator']) retrieved from /home/airflow/.local/lib/python3.7/site-packages/airflow/example_dags/example_sensor_decorator.py
[2023-05-05T23:06:53.487+0000] {logging_mixin.py:137} INFO - [2023-05-05T23:06:53.487+0000] {dag.py:2690} INFO - Sync 1 DAGs
[2023-05-05T23:06:53.502+0000] {logging_mixin.py:137} INFO - [2023-05-05T23:06:53.502+0000] {dag.py:3441} INFO - Setting next_dagrun for example_sensor_decorator to None, run_after=None
[2023-05-05T23:06:53.515+0000] {processor.py:175} INFO - Processing /home/airflow/.local/lib/python3.7/site-packages/airflow/example_dags/example_sensor_decorator.py took 0.077 seconds
[2023-05-05T23:07:24.379+0000] {processor.py:153} INFO - Started process (PID=19618) to work on /home/airflow/.local/lib/python3.7/site-packages/airflow/example_dags/example_sensor_decorator.py
[2023-05-05T23:07:24.380+0000] {processor.py:743} INFO - Processing file /home/airflow/.local/lib/python3.7/site-packages/airflow/example_dags/example_sensor_decorator.py for tasks to queue
[2023-05-05T23:07:24.382+0000] {logging_mixin.py:137} INFO - [2023-05-05T23:07:24.381+0000] {dagbag.py:538} INFO - Filling up the DagBag from /home/airflow/.local/lib/python3.7/site-packages/airflow/example_dags/example_sensor_decorator.py
[2023-05-05T23:07:24.396+0000] {processor.py:753} INFO - DAG(s) dict_keys(['example_sensor_decorator']) retrieved from /home/airflow/.local/lib/python3.7/site-packages/airflow/example_dags/example_sensor_decorator.py
[2023-05-05T23:07:24.412+0000] {logging_mixin.py:137} INFO - [2023-05-05T23:07:24.412+0000] {dag.py:2690} INFO - Sync 1 DAGs
[2023-05-05T23:07:24.428+0000] {logging_mixin.py:137} INFO - [2023-05-05T23:07:24.428+0000] {dag.py:3441} INFO - Setting next_dagrun for example_sensor_decorator to None, run_after=None
[2023-05-05T23:07:24.443+0000] {processor.py:175} INFO - Processing /home/airflow/.local/lib/python3.7/site-packages/airflow/example_dags/example_sensor_decorator.py took 0.066 seconds
[2023-05-05T23:07:55.058+0000] {processor.py:153} INFO - Started process (PID=19690) to work on /home/airflow/.local/lib/python3.7/site-packages/airflow/example_dags/example_sensor_decorator.py
[2023-05-05T23:07:55.060+0000] {processor.py:743} INFO - Processing file /home/airflow/.local/lib/python3.7/site-packages/airflow/example_dags/example_sensor_decorator.py for tasks to queue
[2023-05-05T23:07:55.061+0000] {logging_mixin.py:137} INFO - [2023-05-05T23:07:55.061+0000] {dagbag.py:538} INFO - Filling up the DagBag from /home/airflow/.local/lib/python3.7/site-packages/airflow/example_dags/example_sensor_decorator.py
[2023-05-05T23:07:55.076+0000] {processor.py:753} INFO - DAG(s) dict_keys(['example_sensor_decorator']) retrieved from /home/airflow/.local/lib/python3.7/site-packages/airflow/example_dags/example_sensor_decorator.py
[2023-05-05T23:07:55.093+0000] {logging_mixin.py:137} INFO - [2023-05-05T23:07:55.093+0000] {dag.py:2690} INFO - Sync 1 DAGs
[2023-05-05T23:07:55.109+0000] {logging_mixin.py:137} INFO - [2023-05-05T23:07:55.109+0000] {dag.py:3441} INFO - Setting next_dagrun for example_sensor_decorator to None, run_after=None
[2023-05-05T23:07:55.121+0000] {processor.py:175} INFO - Processing /home/airflow/.local/lib/python3.7/site-packages/airflow/example_dags/example_sensor_decorator.py took 0.065 seconds
[2023-05-05T23:08:25.978+0000] {processor.py:153} INFO - Started process (PID=19773) to work on /home/airflow/.local/lib/python3.7/site-packages/airflow/example_dags/example_sensor_decorator.py
[2023-05-05T23:08:25.980+0000] {processor.py:743} INFO - Processing file /home/airflow/.local/lib/python3.7/site-packages/airflow/example_dags/example_sensor_decorator.py for tasks to queue
[2023-05-05T23:08:25.982+0000] {logging_mixin.py:137} INFO - [2023-05-05T23:08:25.982+0000] {dagbag.py:538} INFO - Filling up the DagBag from /home/airflow/.local/lib/python3.7/site-packages/airflow/example_dags/example_sensor_decorator.py
[2023-05-05T23:08:25.998+0000] {processor.py:753} INFO - DAG(s) dict_keys(['example_sensor_decorator']) retrieved from /home/airflow/.local/lib/python3.7/site-packages/airflow/example_dags/example_sensor_decorator.py
[2023-05-05T23:08:26.020+0000] {logging_mixin.py:137} INFO - [2023-05-05T23:08:26.020+0000] {dag.py:2690} INFO - Sync 1 DAGs
[2023-05-05T23:08:26.039+0000] {logging_mixin.py:137} INFO - [2023-05-05T23:08:26.039+0000] {dag.py:3441} INFO - Setting next_dagrun for example_sensor_decorator to None, run_after=None
[2023-05-05T23:08:26.052+0000] {processor.py:175} INFO - Processing /home/airflow/.local/lib/python3.7/site-packages/airflow/example_dags/example_sensor_decorator.py took 0.076 seconds
[2023-05-05T23:08:56.931+0000] {processor.py:153} INFO - Started process (PID=19856) to work on /home/airflow/.local/lib/python3.7/site-packages/airflow/example_dags/example_sensor_decorator.py
[2023-05-05T23:08:56.933+0000] {processor.py:743} INFO - Processing file /home/airflow/.local/lib/python3.7/site-packages/airflow/example_dags/example_sensor_decorator.py for tasks to queue
[2023-05-05T23:08:56.934+0000] {logging_mixin.py:137} INFO - [2023-05-05T23:08:56.933+0000] {dagbag.py:538} INFO - Filling up the DagBag from /home/airflow/.local/lib/python3.7/site-packages/airflow/example_dags/example_sensor_decorator.py
[2023-05-05T23:08:56.949+0000] {processor.py:753} INFO - DAG(s) dict_keys(['example_sensor_decorator']) retrieved from /home/airflow/.local/lib/python3.7/site-packages/airflow/example_dags/example_sensor_decorator.py
[2023-05-05T23:08:56.967+0000] {logging_mixin.py:137} INFO - [2023-05-05T23:08:56.967+0000] {dag.py:2690} INFO - Sync 1 DAGs
[2023-05-05T23:08:56.983+0000] {logging_mixin.py:137} INFO - [2023-05-05T23:08:56.983+0000] {dag.py:3441} INFO - Setting next_dagrun for example_sensor_decorator to None, run_after=None
[2023-05-05T23:08:56.994+0000] {processor.py:175} INFO - Processing /home/airflow/.local/lib/python3.7/site-packages/airflow/example_dags/example_sensor_decorator.py took 0.065 seconds
[2023-05-05T23:09:27.794+0000] {processor.py:153} INFO - Started process (PID=19939) to work on /home/airflow/.local/lib/python3.7/site-packages/airflow/example_dags/example_sensor_decorator.py
[2023-05-05T23:09:27.796+0000] {processor.py:743} INFO - Processing file /home/airflow/.local/lib/python3.7/site-packages/airflow/example_dags/example_sensor_decorator.py for tasks to queue
[2023-05-05T23:09:27.797+0000] {logging_mixin.py:137} INFO - [2023-05-05T23:09:27.797+0000] {dagbag.py:538} INFO - Filling up the DagBag from /home/airflow/.local/lib/python3.7/site-packages/airflow/example_dags/example_sensor_decorator.py
[2023-05-05T23:09:27.813+0000] {processor.py:753} INFO - DAG(s) dict_keys(['example_sensor_decorator']) retrieved from /home/airflow/.local/lib/python3.7/site-packages/airflow/example_dags/example_sensor_decorator.py
[2023-05-05T23:09:27.830+0000] {logging_mixin.py:137} INFO - [2023-05-05T23:09:27.830+0000] {dag.py:2690} INFO - Sync 1 DAGs
[2023-05-05T23:09:27.846+0000] {logging_mixin.py:137} INFO - [2023-05-05T23:09:27.846+0000] {dag.py:3441} INFO - Setting next_dagrun for example_sensor_decorator to None, run_after=None
[2023-05-05T23:09:27.863+0000] {processor.py:175} INFO - Processing /home/airflow/.local/lib/python3.7/site-packages/airflow/example_dags/example_sensor_decorator.py took 0.072 seconds
[2023-05-05T23:09:58.557+0000] {processor.py:153} INFO - Started process (PID=20010) to work on /home/airflow/.local/lib/python3.7/site-packages/airflow/example_dags/example_sensor_decorator.py
[2023-05-05T23:09:58.558+0000] {processor.py:743} INFO - Processing file /home/airflow/.local/lib/python3.7/site-packages/airflow/example_dags/example_sensor_decorator.py for tasks to queue
[2023-05-05T23:09:58.560+0000] {logging_mixin.py:137} INFO - [2023-05-05T23:09:58.560+0000] {dagbag.py:538} INFO - Filling up the DagBag from /home/airflow/.local/lib/python3.7/site-packages/airflow/example_dags/example_sensor_decorator.py
[2023-05-05T23:09:58.576+0000] {processor.py:753} INFO - DAG(s) dict_keys(['example_sensor_decorator']) retrieved from /home/airflow/.local/lib/python3.7/site-packages/airflow/example_dags/example_sensor_decorator.py
[2023-05-05T23:09:58.591+0000] {logging_mixin.py:137} INFO - [2023-05-05T23:09:58.591+0000] {dag.py:2690} INFO - Sync 1 DAGs
[2023-05-05T23:09:58.607+0000] {logging_mixin.py:137} INFO - [2023-05-05T23:09:58.607+0000] {dag.py:3441} INFO - Setting next_dagrun for example_sensor_decorator to None, run_after=None
[2023-05-05T23:09:58.620+0000] {processor.py:175} INFO - Processing /home/airflow/.local/lib/python3.7/site-packages/airflow/example_dags/example_sensor_decorator.py took 0.065 seconds
[2023-05-05T23:10:29.573+0000] {processor.py:153} INFO - Started process (PID=20092) to work on /home/airflow/.local/lib/python3.7/site-packages/airflow/example_dags/example_sensor_decorator.py
[2023-05-05T23:10:29.574+0000] {processor.py:743} INFO - Processing file /home/airflow/.local/lib/python3.7/site-packages/airflow/example_dags/example_sensor_decorator.py for tasks to queue
[2023-05-05T23:10:29.575+0000] {logging_mixin.py:137} INFO - [2023-05-05T23:10:29.575+0000] {dagbag.py:538} INFO - Filling up the DagBag from /home/airflow/.local/lib/python3.7/site-packages/airflow/example_dags/example_sensor_decorator.py
[2023-05-05T23:10:29.591+0000] {processor.py:753} INFO - DAG(s) dict_keys(['example_sensor_decorator']) retrieved from /home/airflow/.local/lib/python3.7/site-packages/airflow/example_dags/example_sensor_decorator.py
[2023-05-05T23:10:29.609+0000] {logging_mixin.py:137} INFO - [2023-05-05T23:10:29.609+0000] {dag.py:2690} INFO - Sync 1 DAGs
[2023-05-05T23:10:29.626+0000] {logging_mixin.py:137} INFO - [2023-05-05T23:10:29.626+0000] {dag.py:3441} INFO - Setting next_dagrun for example_sensor_decorator to None, run_after=None
[2023-05-05T23:10:29.639+0000] {processor.py:175} INFO - Processing /home/airflow/.local/lib/python3.7/site-packages/airflow/example_dags/example_sensor_decorator.py took 0.069 seconds
[2023-05-05T23:11:00.357+0000] {processor.py:153} INFO - Started process (PID=20175) to work on /home/airflow/.local/lib/python3.7/site-packages/airflow/example_dags/example_sensor_decorator.py
[2023-05-05T23:11:00.359+0000] {processor.py:743} INFO - Processing file /home/airflow/.local/lib/python3.7/site-packages/airflow/example_dags/example_sensor_decorator.py for tasks to queue
[2023-05-05T23:11:00.359+0000] {logging_mixin.py:137} INFO - [2023-05-05T23:11:00.359+0000] {dagbag.py:538} INFO - Filling up the DagBag from /home/airflow/.local/lib/python3.7/site-packages/airflow/example_dags/example_sensor_decorator.py
[2023-05-05T23:11:00.373+0000] {processor.py:753} INFO - DAG(s) dict_keys(['example_sensor_decorator']) retrieved from /home/airflow/.local/lib/python3.7/site-packages/airflow/example_dags/example_sensor_decorator.py
[2023-05-05T23:11:00.389+0000] {logging_mixin.py:137} INFO - [2023-05-05T23:11:00.389+0000] {dag.py:2690} INFO - Sync 1 DAGs
[2023-05-05T23:11:00.404+0000] {logging_mixin.py:137} INFO - [2023-05-05T23:11:00.404+0000] {dag.py:3441} INFO - Setting next_dagrun for example_sensor_decorator to None, run_after=None
[2023-05-05T23:11:00.420+0000] {processor.py:175} INFO - Processing /home/airflow/.local/lib/python3.7/site-packages/airflow/example_dags/example_sensor_decorator.py took 0.065 seconds
[2023-05-05T23:11:31.078+0000] {processor.py:153} INFO - Started process (PID=20259) to work on /home/airflow/.local/lib/python3.7/site-packages/airflow/example_dags/example_sensor_decorator.py
[2023-05-05T23:11:31.080+0000] {processor.py:743} INFO - Processing file /home/airflow/.local/lib/python3.7/site-packages/airflow/example_dags/example_sensor_decorator.py for tasks to queue
[2023-05-05T23:11:31.081+0000] {logging_mixin.py:137} INFO - [2023-05-05T23:11:31.081+0000] {dagbag.py:538} INFO - Filling up the DagBag from /home/airflow/.local/lib/python3.7/site-packages/airflow/example_dags/example_sensor_decorator.py
[2023-05-05T23:11:31.096+0000] {processor.py:753} INFO - DAG(s) dict_keys(['example_sensor_decorator']) retrieved from /home/airflow/.local/lib/python3.7/site-packages/airflow/example_dags/example_sensor_decorator.py
[2023-05-05T23:11:31.112+0000] {logging_mixin.py:137} INFO - [2023-05-05T23:11:31.112+0000] {dag.py:2690} INFO - Sync 1 DAGs
[2023-05-05T23:11:31.130+0000] {logging_mixin.py:137} INFO - [2023-05-05T23:11:31.130+0000] {dag.py:3441} INFO - Setting next_dagrun for example_sensor_decorator to None, run_after=None
[2023-05-05T23:11:31.143+0000] {processor.py:175} INFO - Processing /home/airflow/.local/lib/python3.7/site-packages/airflow/example_dags/example_sensor_decorator.py took 0.068 seconds
[2023-05-05T23:12:01.855+0000] {processor.py:153} INFO - Started process (PID=20330) to work on /home/airflow/.local/lib/python3.7/site-packages/airflow/example_dags/example_sensor_decorator.py
[2023-05-05T23:12:01.857+0000] {processor.py:743} INFO - Processing file /home/airflow/.local/lib/python3.7/site-packages/airflow/example_dags/example_sensor_decorator.py for tasks to queue
[2023-05-05T23:12:01.858+0000] {logging_mixin.py:137} INFO - [2023-05-05T23:12:01.858+0000] {dagbag.py:538} INFO - Filling up the DagBag from /home/airflow/.local/lib/python3.7/site-packages/airflow/example_dags/example_sensor_decorator.py
[2023-05-05T23:12:01.874+0000] {processor.py:753} INFO - DAG(s) dict_keys(['example_sensor_decorator']) retrieved from /home/airflow/.local/lib/python3.7/site-packages/airflow/example_dags/example_sensor_decorator.py
[2023-05-05T23:12:01.895+0000] {logging_mixin.py:137} INFO - [2023-05-05T23:12:01.895+0000] {dag.py:2690} INFO - Sync 1 DAGs
[2023-05-05T23:12:01.918+0000] {logging_mixin.py:137} INFO - [2023-05-05T23:12:01.918+0000] {dag.py:3441} INFO - Setting next_dagrun for example_sensor_decorator to None, run_after=None
[2023-05-05T23:12:01.930+0000] {processor.py:175} INFO - Processing /home/airflow/.local/lib/python3.7/site-packages/airflow/example_dags/example_sensor_decorator.py took 0.078 seconds
[2023-05-05T23:12:32.723+0000] {processor.py:153} INFO - Started process (PID=20413) to work on /home/airflow/.local/lib/python3.7/site-packages/airflow/example_dags/example_sensor_decorator.py
[2023-05-05T23:12:32.724+0000] {processor.py:743} INFO - Processing file /home/airflow/.local/lib/python3.7/site-packages/airflow/example_dags/example_sensor_decorator.py for tasks to queue
[2023-05-05T23:12:32.726+0000] {logging_mixin.py:137} INFO - [2023-05-05T23:12:32.726+0000] {dagbag.py:538} INFO - Filling up the DagBag from /home/airflow/.local/lib/python3.7/site-packages/airflow/example_dags/example_sensor_decorator.py
[2023-05-05T23:12:32.742+0000] {processor.py:753} INFO - DAG(s) dict_keys(['example_sensor_decorator']) retrieved from /home/airflow/.local/lib/python3.7/site-packages/airflow/example_dags/example_sensor_decorator.py
[2023-05-05T23:12:32.757+0000] {logging_mixin.py:137} INFO - [2023-05-05T23:12:32.757+0000] {dag.py:2690} INFO - Sync 1 DAGs
[2023-05-05T23:12:32.773+0000] {logging_mixin.py:137} INFO - [2023-05-05T23:12:32.772+0000] {dag.py:3441} INFO - Setting next_dagrun for example_sensor_decorator to None, run_after=None
[2023-05-05T23:12:32.791+0000] {processor.py:175} INFO - Processing /home/airflow/.local/lib/python3.7/site-packages/airflow/example_dags/example_sensor_decorator.py took 0.071 seconds
[2023-05-05T23:13:03.403+0000] {processor.py:153} INFO - Started process (PID=20497) to work on /home/airflow/.local/lib/python3.7/site-packages/airflow/example_dags/example_sensor_decorator.py
[2023-05-05T23:13:03.404+0000] {processor.py:743} INFO - Processing file /home/airflow/.local/lib/python3.7/site-packages/airflow/example_dags/example_sensor_decorator.py for tasks to queue
[2023-05-05T23:13:03.405+0000] {logging_mixin.py:137} INFO - [2023-05-05T23:13:03.405+0000] {dagbag.py:538} INFO - Filling up the DagBag from /home/airflow/.local/lib/python3.7/site-packages/airflow/example_dags/example_sensor_decorator.py
[2023-05-05T23:13:03.420+0000] {processor.py:753} INFO - DAG(s) dict_keys(['example_sensor_decorator']) retrieved from /home/airflow/.local/lib/python3.7/site-packages/airflow/example_dags/example_sensor_decorator.py
[2023-05-05T23:13:03.436+0000] {logging_mixin.py:137} INFO - [2023-05-05T23:13:03.436+0000] {dag.py:2690} INFO - Sync 1 DAGs
[2023-05-05T23:13:03.452+0000] {logging_mixin.py:137} INFO - [2023-05-05T23:13:03.452+0000] {dag.py:3441} INFO - Setting next_dagrun for example_sensor_decorator to None, run_after=None
[2023-05-05T23:13:03.466+0000] {processor.py:175} INFO - Processing /home/airflow/.local/lib/python3.7/site-packages/airflow/example_dags/example_sensor_decorator.py took 0.066 seconds
[2023-05-05T23:13:34.311+0000] {processor.py:153} INFO - Started process (PID=20581) to work on /home/airflow/.local/lib/python3.7/site-packages/airflow/example_dags/example_sensor_decorator.py
[2023-05-05T23:13:34.312+0000] {processor.py:743} INFO - Processing file /home/airflow/.local/lib/python3.7/site-packages/airflow/example_dags/example_sensor_decorator.py for tasks to queue
[2023-05-05T23:13:34.313+0000] {logging_mixin.py:137} INFO - [2023-05-05T23:13:34.313+0000] {dagbag.py:538} INFO - Filling up the DagBag from /home/airflow/.local/lib/python3.7/site-packages/airflow/example_dags/example_sensor_decorator.py
[2023-05-05T23:13:34.328+0000] {processor.py:753} INFO - DAG(s) dict_keys(['example_sensor_decorator']) retrieved from /home/airflow/.local/lib/python3.7/site-packages/airflow/example_dags/example_sensor_decorator.py
[2023-05-05T23:13:34.347+0000] {logging_mixin.py:137} INFO - [2023-05-05T23:13:34.347+0000] {dag.py:2690} INFO - Sync 1 DAGs
[2023-05-05T23:13:34.366+0000] {logging_mixin.py:137} INFO - [2023-05-05T23:13:34.365+0000] {dag.py:3441} INFO - Setting next_dagrun for example_sensor_decorator to None, run_after=None
[2023-05-05T23:13:34.378+0000] {processor.py:175} INFO - Processing /home/airflow/.local/lib/python3.7/site-packages/airflow/example_dags/example_sensor_decorator.py took 0.069 seconds
[2023-05-05T23:28:59.514+0000] {processor.py:153} INFO - Started process (PID=20640) to work on /home/airflow/.local/lib/python3.7/site-packages/airflow/example_dags/example_sensor_decorator.py
[2023-05-05T23:28:59.515+0000] {processor.py:743} INFO - Processing file /home/airflow/.local/lib/python3.7/site-packages/airflow/example_dags/example_sensor_decorator.py for tasks to queue
[2023-05-05T23:28:59.516+0000] {logging_mixin.py:137} INFO - [2023-05-05T23:28:59.516+0000] {dagbag.py:538} INFO - Filling up the DagBag from /home/airflow/.local/lib/python3.7/site-packages/airflow/example_dags/example_sensor_decorator.py
[2023-05-05T23:28:59.532+0000] {processor.py:753} INFO - DAG(s) dict_keys(['example_sensor_decorator']) retrieved from /home/airflow/.local/lib/python3.7/site-packages/airflow/example_dags/example_sensor_decorator.py
[2023-05-05T23:28:59.550+0000] {logging_mixin.py:137} INFO - [2023-05-05T23:28:59.550+0000] {dag.py:2690} INFO - Sync 1 DAGs
[2023-05-05T23:28:59.569+0000] {logging_mixin.py:137} INFO - [2023-05-05T23:28:59.569+0000] {dag.py:3441} INFO - Setting next_dagrun for example_sensor_decorator to None, run_after=None
[2023-05-05T23:28:59.583+0000] {processor.py:175} INFO - Processing /home/airflow/.local/lib/python3.7/site-packages/airflow/example_dags/example_sensor_decorator.py took 0.073 seconds
[2023-05-05T23:29:30.517+0000] {processor.py:153} INFO - Started process (PID=20723) to work on /home/airflow/.local/lib/python3.7/site-packages/airflow/example_dags/example_sensor_decorator.py
[2023-05-05T23:29:30.519+0000] {processor.py:743} INFO - Processing file /home/airflow/.local/lib/python3.7/site-packages/airflow/example_dags/example_sensor_decorator.py for tasks to queue
[2023-05-05T23:29:30.520+0000] {logging_mixin.py:137} INFO - [2023-05-05T23:29:30.520+0000] {dagbag.py:538} INFO - Filling up the DagBag from /home/airflow/.local/lib/python3.7/site-packages/airflow/example_dags/example_sensor_decorator.py
[2023-05-05T23:29:30.535+0000] {processor.py:753} INFO - DAG(s) dict_keys(['example_sensor_decorator']) retrieved from /home/airflow/.local/lib/python3.7/site-packages/airflow/example_dags/example_sensor_decorator.py
[2023-05-05T23:29:30.551+0000] {logging_mixin.py:137} INFO - [2023-05-05T23:29:30.551+0000] {dag.py:2690} INFO - Sync 1 DAGs
[2023-05-05T23:29:30.567+0000] {logging_mixin.py:137} INFO - [2023-05-05T23:29:30.567+0000] {dag.py:3441} INFO - Setting next_dagrun for example_sensor_decorator to None, run_after=None
[2023-05-05T23:29:30.581+0000] {processor.py:175} INFO - Processing /home/airflow/.local/lib/python3.7/site-packages/airflow/example_dags/example_sensor_decorator.py took 0.066 seconds
[2023-05-05T23:30:01.171+0000] {processor.py:153} INFO - Started process (PID=20807) to work on /home/airflow/.local/lib/python3.7/site-packages/airflow/example_dags/example_sensor_decorator.py
[2023-05-05T23:30:01.173+0000] {processor.py:743} INFO - Processing file /home/airflow/.local/lib/python3.7/site-packages/airflow/example_dags/example_sensor_decorator.py for tasks to queue
[2023-05-05T23:30:01.174+0000] {logging_mixin.py:137} INFO - [2023-05-05T23:30:01.173+0000] {dagbag.py:538} INFO - Filling up the DagBag from /home/airflow/.local/lib/python3.7/site-packages/airflow/example_dags/example_sensor_decorator.py
[2023-05-05T23:30:01.188+0000] {processor.py:753} INFO - DAG(s) dict_keys(['example_sensor_decorator']) retrieved from /home/airflow/.local/lib/python3.7/site-packages/airflow/example_dags/example_sensor_decorator.py
[2023-05-05T23:30:01.202+0000] {logging_mixin.py:137} INFO - [2023-05-05T23:30:01.202+0000] {dag.py:2690} INFO - Sync 1 DAGs
[2023-05-05T23:30:01.218+0000] {logging_mixin.py:137} INFO - [2023-05-05T23:30:01.218+0000] {dag.py:3441} INFO - Setting next_dagrun for example_sensor_decorator to None, run_after=None
[2023-05-05T23:30:01.231+0000] {processor.py:175} INFO - Processing /home/airflow/.local/lib/python3.7/site-packages/airflow/example_dags/example_sensor_decorator.py took 0.063 seconds
[2023-05-05T23:30:31.976+0000] {processor.py:153} INFO - Started process (PID=20890) to work on /home/airflow/.local/lib/python3.7/site-packages/airflow/example_dags/example_sensor_decorator.py
[2023-05-05T23:30:31.978+0000] {processor.py:743} INFO - Processing file /home/airflow/.local/lib/python3.7/site-packages/airflow/example_dags/example_sensor_decorator.py for tasks to queue
[2023-05-05T23:30:31.979+0000] {logging_mixin.py:137} INFO - [2023-05-05T23:30:31.978+0000] {dagbag.py:538} INFO - Filling up the DagBag from /home/airflow/.local/lib/python3.7/site-packages/airflow/example_dags/example_sensor_decorator.py
[2023-05-05T23:30:31.993+0000] {processor.py:753} INFO - DAG(s) dict_keys(['example_sensor_decorator']) retrieved from /home/airflow/.local/lib/python3.7/site-packages/airflow/example_dags/example_sensor_decorator.py
[2023-05-05T23:30:32.010+0000] {logging_mixin.py:137} INFO - [2023-05-05T23:30:32.010+0000] {dag.py:2690} INFO - Sync 1 DAGs
[2023-05-05T23:30:32.028+0000] {logging_mixin.py:137} INFO - [2023-05-05T23:30:32.028+0000] {dag.py:3441} INFO - Setting next_dagrun for example_sensor_decorator to None, run_after=None
[2023-05-05T23:30:32.048+0000] {processor.py:175} INFO - Processing /home/airflow/.local/lib/python3.7/site-packages/airflow/example_dags/example_sensor_decorator.py took 0.074 seconds
[2023-05-05T23:31:02.655+0000] {processor.py:153} INFO - Started process (PID=20963) to work on /home/airflow/.local/lib/python3.7/site-packages/airflow/example_dags/example_sensor_decorator.py
[2023-05-05T23:31:02.657+0000] {processor.py:743} INFO - Processing file /home/airflow/.local/lib/python3.7/site-packages/airflow/example_dags/example_sensor_decorator.py for tasks to queue
[2023-05-05T23:31:02.658+0000] {logging_mixin.py:137} INFO - [2023-05-05T23:31:02.658+0000] {dagbag.py:538} INFO - Filling up the DagBag from /home/airflow/.local/lib/python3.7/site-packages/airflow/example_dags/example_sensor_decorator.py
[2023-05-05T23:31:02.672+0000] {processor.py:753} INFO - DAG(s) dict_keys(['example_sensor_decorator']) retrieved from /home/airflow/.local/lib/python3.7/site-packages/airflow/example_dags/example_sensor_decorator.py
[2023-05-05T23:31:02.689+0000] {logging_mixin.py:137} INFO - [2023-05-05T23:31:02.689+0000] {dag.py:2690} INFO - Sync 1 DAGs
[2023-05-05T23:31:02.706+0000] {logging_mixin.py:137} INFO - [2023-05-05T23:31:02.705+0000] {dag.py:3441} INFO - Setting next_dagrun for example_sensor_decorator to None, run_after=None
[2023-05-05T23:31:02.719+0000] {processor.py:175} INFO - Processing /home/airflow/.local/lib/python3.7/site-packages/airflow/example_dags/example_sensor_decorator.py took 0.066 seconds
[2023-05-05T23:31:33.709+0000] {processor.py:153} INFO - Started process (PID=21047) to work on /home/airflow/.local/lib/python3.7/site-packages/airflow/example_dags/example_sensor_decorator.py
[2023-05-05T23:31:33.711+0000] {processor.py:743} INFO - Processing file /home/airflow/.local/lib/python3.7/site-packages/airflow/example_dags/example_sensor_decorator.py for tasks to queue
[2023-05-05T23:31:33.712+0000] {logging_mixin.py:137} INFO - [2023-05-05T23:31:33.712+0000] {dagbag.py:538} INFO - Filling up the DagBag from /home/airflow/.local/lib/python3.7/site-packages/airflow/example_dags/example_sensor_decorator.py
[2023-05-05T23:31:33.726+0000] {processor.py:753} INFO - DAG(s) dict_keys(['example_sensor_decorator']) retrieved from /home/airflow/.local/lib/python3.7/site-packages/airflow/example_dags/example_sensor_decorator.py
[2023-05-05T23:31:33.742+0000] {logging_mixin.py:137} INFO - [2023-05-05T23:31:33.742+0000] {dag.py:2690} INFO - Sync 1 DAGs
[2023-05-05T23:31:33.758+0000] {logging_mixin.py:137} INFO - [2023-05-05T23:31:33.757+0000] {dag.py:3441} INFO - Setting next_dagrun for example_sensor_decorator to None, run_after=None
[2023-05-05T23:31:33.771+0000] {processor.py:175} INFO - Processing /home/airflow/.local/lib/python3.7/site-packages/airflow/example_dags/example_sensor_decorator.py took 0.064 seconds
[2023-05-05T23:32:04.390+0000] {processor.py:153} INFO - Started process (PID=21130) to work on /home/airflow/.local/lib/python3.7/site-packages/airflow/example_dags/example_sensor_decorator.py
[2023-05-05T23:32:04.393+0000] {processor.py:743} INFO - Processing file /home/airflow/.local/lib/python3.7/site-packages/airflow/example_dags/example_sensor_decorator.py for tasks to queue
[2023-05-05T23:32:04.394+0000] {logging_mixin.py:137} INFO - [2023-05-05T23:32:04.393+0000] {dagbag.py:538} INFO - Filling up the DagBag from /home/airflow/.local/lib/python3.7/site-packages/airflow/example_dags/example_sensor_decorator.py
[2023-05-05T23:32:04.407+0000] {processor.py:753} INFO - DAG(s) dict_keys(['example_sensor_decorator']) retrieved from /home/airflow/.local/lib/python3.7/site-packages/airflow/example_dags/example_sensor_decorator.py
[2023-05-05T23:32:04.424+0000] {logging_mixin.py:137} INFO - [2023-05-05T23:32:04.423+0000] {dag.py:2690} INFO - Sync 1 DAGs
[2023-05-05T23:32:04.442+0000] {logging_mixin.py:137} INFO - [2023-05-05T23:32:04.442+0000] {dag.py:3441} INFO - Setting next_dagrun for example_sensor_decorator to None, run_after=None
[2023-05-05T23:32:04.455+0000] {processor.py:175} INFO - Processing /home/airflow/.local/lib/python3.7/site-packages/airflow/example_dags/example_sensor_decorator.py took 0.066 seconds
[2023-05-05T23:32:35.408+0000] {processor.py:153} INFO - Started process (PID=21210) to work on /home/airflow/.local/lib/python3.7/site-packages/airflow/example_dags/example_sensor_decorator.py
[2023-05-05T23:32:35.412+0000] {processor.py:743} INFO - Processing file /home/airflow/.local/lib/python3.7/site-packages/airflow/example_dags/example_sensor_decorator.py for tasks to queue
[2023-05-05T23:32:35.413+0000] {logging_mixin.py:137} INFO - [2023-05-05T23:32:35.413+0000] {dagbag.py:538} INFO - Filling up the DagBag from /home/airflow/.local/lib/python3.7/site-packages/airflow/example_dags/example_sensor_decorator.py
[2023-05-05T23:32:35.433+0000] {processor.py:753} INFO - DAG(s) dict_keys(['example_sensor_decorator']) retrieved from /home/airflow/.local/lib/python3.7/site-packages/airflow/example_dags/example_sensor_decorator.py
[2023-05-05T23:32:35.463+0000] {logging_mixin.py:137} INFO - [2023-05-05T23:32:35.463+0000] {dag.py:2690} INFO - Sync 1 DAGs
[2023-05-05T23:32:35.499+0000] {logging_mixin.py:137} INFO - [2023-05-05T23:32:35.499+0000] {dag.py:3441} INFO - Setting next_dagrun for example_sensor_decorator to None, run_after=None
[2023-05-05T23:32:35.514+0000] {processor.py:175} INFO - Processing /home/airflow/.local/lib/python3.7/site-packages/airflow/example_dags/example_sensor_decorator.py took 0.108 seconds
[2023-05-05T23:33:06.377+0000] {processor.py:153} INFO - Started process (PID=21284) to work on /home/airflow/.local/lib/python3.7/site-packages/airflow/example_dags/example_sensor_decorator.py
[2023-05-05T23:33:06.379+0000] {processor.py:743} INFO - Processing file /home/airflow/.local/lib/python3.7/site-packages/airflow/example_dags/example_sensor_decorator.py for tasks to queue
[2023-05-05T23:33:06.380+0000] {logging_mixin.py:137} INFO - [2023-05-05T23:33:06.380+0000] {dagbag.py:538} INFO - Filling up the DagBag from /home/airflow/.local/lib/python3.7/site-packages/airflow/example_dags/example_sensor_decorator.py
[2023-05-05T23:33:06.394+0000] {processor.py:753} INFO - DAG(s) dict_keys(['example_sensor_decorator']) retrieved from /home/airflow/.local/lib/python3.7/site-packages/airflow/example_dags/example_sensor_decorator.py
[2023-05-05T23:33:06.411+0000] {logging_mixin.py:137} INFO - [2023-05-05T23:33:06.411+0000] {dag.py:2690} INFO - Sync 1 DAGs
[2023-05-05T23:33:06.428+0000] {logging_mixin.py:137} INFO - [2023-05-05T23:33:06.428+0000] {dag.py:3441} INFO - Setting next_dagrun for example_sensor_decorator to None, run_after=None
[2023-05-05T23:33:06.441+0000] {processor.py:175} INFO - Processing /home/airflow/.local/lib/python3.7/site-packages/airflow/example_dags/example_sensor_decorator.py took 0.067 seconds
