[2023-05-05T00:49:26.565+0000] {processor.py:153} INFO - Started process (PID=17247) to work on /home/airflow/.local/lib/python3.7/site-packages/airflow/example_dags/example_local_kubernetes_executor.py
[2023-05-05T00:49:26.566+0000] {processor.py:743} INFO - Processing file /home/airflow/.local/lib/python3.7/site-packages/airflow/example_dags/example_local_kubernetes_executor.py for tasks to queue
[2023-05-05T00:49:26.568+0000] {logging_mixin.py:137} INFO - [2023-05-05T00:49:26.567+0000] {dagbag.py:538} INFO - Filling up the DagBag from /home/airflow/.local/lib/python3.7/site-packages/airflow/example_dags/example_local_kubernetes_executor.py
[2023-05-05T00:49:26.587+0000] {processor.py:753} INFO - DAG(s) dict_keys(['example_local_kubernetes_executor']) retrieved from /home/airflow/.local/lib/python3.7/site-packages/airflow/example_dags/example_local_kubernetes_executor.py
[2023-05-05T00:49:26.610+0000] {logging_mixin.py:137} INFO - [2023-05-05T00:49:26.610+0000] {dag.py:2690} INFO - Sync 1 DAGs
[2023-05-05T00:49:26.627+0000] {logging_mixin.py:137} INFO - [2023-05-05T00:49:26.627+0000] {dag.py:3441} INFO - Setting next_dagrun for example_local_kubernetes_executor to None, run_after=None
[2023-05-05T00:49:26.644+0000] {processor.py:175} INFO - Processing /home/airflow/.local/lib/python3.7/site-packages/airflow/example_dags/example_local_kubernetes_executor.py took 0.083 seconds
[2023-05-05T01:52:14.257+0000] {processor.py:153} INFO - Started process (PID=17318) to work on /home/airflow/.local/lib/python3.7/site-packages/airflow/example_dags/example_local_kubernetes_executor.py
[2023-05-05T01:52:14.258+0000] {processor.py:743} INFO - Processing file /home/airflow/.local/lib/python3.7/site-packages/airflow/example_dags/example_local_kubernetes_executor.py for tasks to queue
[2023-05-05T01:52:14.259+0000] {logging_mixin.py:137} INFO - [2023-05-05T01:52:14.259+0000] {dagbag.py:538} INFO - Filling up the DagBag from /home/airflow/.local/lib/python3.7/site-packages/airflow/example_dags/example_local_kubernetes_executor.py
[2023-05-05T01:52:14.274+0000] {processor.py:753} INFO - DAG(s) dict_keys(['example_local_kubernetes_executor']) retrieved from /home/airflow/.local/lib/python3.7/site-packages/airflow/example_dags/example_local_kubernetes_executor.py
[2023-05-05T01:52:14.295+0000] {logging_mixin.py:137} INFO - [2023-05-05T01:52:14.295+0000] {dag.py:2690} INFO - Sync 1 DAGs
[2023-05-05T01:52:14.317+0000] {logging_mixin.py:137} INFO - [2023-05-05T01:52:14.317+0000] {dag.py:3441} INFO - Setting next_dagrun for example_local_kubernetes_executor to None, run_after=None
[2023-05-05T01:52:14.329+0000] {processor.py:175} INFO - Processing /home/airflow/.local/lib/python3.7/site-packages/airflow/example_dags/example_local_kubernetes_executor.py took 0.074 seconds
[2023-05-05T03:16:25.531+0000] {processor.py:153} INFO - Started process (PID=17402) to work on /home/airflow/.local/lib/python3.7/site-packages/airflow/example_dags/example_local_kubernetes_executor.py
[2023-05-05T03:16:25.533+0000] {processor.py:743} INFO - Processing file /home/airflow/.local/lib/python3.7/site-packages/airflow/example_dags/example_local_kubernetes_executor.py for tasks to queue
[2023-05-05T03:16:25.535+0000] {logging_mixin.py:137} INFO - [2023-05-05T03:16:25.534+0000] {dagbag.py:538} INFO - Filling up the DagBag from /home/airflow/.local/lib/python3.7/site-packages/airflow/example_dags/example_local_kubernetes_executor.py
[2023-05-05T03:16:25.552+0000] {processor.py:753} INFO - DAG(s) dict_keys(['example_local_kubernetes_executor']) retrieved from /home/airflow/.local/lib/python3.7/site-packages/airflow/example_dags/example_local_kubernetes_executor.py
[2023-05-05T03:16:25.574+0000] {logging_mixin.py:137} INFO - [2023-05-05T03:16:25.574+0000] {dag.py:2690} INFO - Sync 1 DAGs
[2023-05-05T03:16:25.591+0000] {logging_mixin.py:137} INFO - [2023-05-05T03:16:25.591+0000] {dag.py:3441} INFO - Setting next_dagrun for example_local_kubernetes_executor to None, run_after=None
[2023-05-05T03:16:25.607+0000] {processor.py:175} INFO - Processing /home/airflow/.local/lib/python3.7/site-packages/airflow/example_dags/example_local_kubernetes_executor.py took 0.078 seconds
[2023-05-05T04:35:54.866+0000] {processor.py:153} INFO - Started process (PID=17473) to work on /home/airflow/.local/lib/python3.7/site-packages/airflow/example_dags/example_local_kubernetes_executor.py
[2023-05-05T04:35:54.868+0000] {processor.py:743} INFO - Processing file /home/airflow/.local/lib/python3.7/site-packages/airflow/example_dags/example_local_kubernetes_executor.py for tasks to queue
[2023-05-05T04:35:54.869+0000] {logging_mixin.py:137} INFO - [2023-05-05T04:35:54.869+0000] {dagbag.py:538} INFO - Filling up the DagBag from /home/airflow/.local/lib/python3.7/site-packages/airflow/example_dags/example_local_kubernetes_executor.py
[2023-05-05T04:35:54.885+0000] {processor.py:753} INFO - DAG(s) dict_keys(['example_local_kubernetes_executor']) retrieved from /home/airflow/.local/lib/python3.7/site-packages/airflow/example_dags/example_local_kubernetes_executor.py
[2023-05-05T04:35:54.904+0000] {logging_mixin.py:137} INFO - [2023-05-05T04:35:54.904+0000] {dag.py:2690} INFO - Sync 1 DAGs
[2023-05-05T04:35:54.919+0000] {logging_mixin.py:137} INFO - [2023-05-05T04:35:54.919+0000] {dag.py:3441} INFO - Setting next_dagrun for example_local_kubernetes_executor to None, run_after=None
[2023-05-05T04:35:54.931+0000] {processor.py:175} INFO - Processing /home/airflow/.local/lib/python3.7/site-packages/airflow/example_dags/example_local_kubernetes_executor.py took 0.067 seconds
[2023-05-05T05:57:04.665+0000] {processor.py:153} INFO - Started process (PID=17557) to work on /home/airflow/.local/lib/python3.7/site-packages/airflow/example_dags/example_local_kubernetes_executor.py
[2023-05-05T05:57:04.669+0000] {processor.py:743} INFO - Processing file /home/airflow/.local/lib/python3.7/site-packages/airflow/example_dags/example_local_kubernetes_executor.py for tasks to queue
[2023-05-05T05:57:04.671+0000] {logging_mixin.py:137} INFO - [2023-05-05T05:57:04.670+0000] {dagbag.py:538} INFO - Filling up the DagBag from /home/airflow/.local/lib/python3.7/site-packages/airflow/example_dags/example_local_kubernetes_executor.py
[2023-05-05T05:57:04.703+0000] {processor.py:753} INFO - DAG(s) dict_keys(['example_local_kubernetes_executor']) retrieved from /home/airflow/.local/lib/python3.7/site-packages/airflow/example_dags/example_local_kubernetes_executor.py
[2023-05-05T05:57:04.747+0000] {logging_mixin.py:137} INFO - [2023-05-05T05:57:04.747+0000] {dag.py:2690} INFO - Sync 1 DAGs
[2023-05-05T05:57:04.779+0000] {logging_mixin.py:137} INFO - [2023-05-05T05:57:04.779+0000] {dag.py:3441} INFO - Setting next_dagrun for example_local_kubernetes_executor to None, run_after=None
[2023-05-05T05:57:04.817+0000] {processor.py:175} INFO - Processing /home/airflow/.local/lib/python3.7/site-packages/airflow/example_dags/example_local_kubernetes_executor.py took 0.155 seconds
[2023-05-05T06:47:43.911+0000] {processor.py:153} INFO - Started process (PID=17640) to work on /home/airflow/.local/lib/python3.7/site-packages/airflow/example_dags/example_local_kubernetes_executor.py
[2023-05-05T06:47:43.912+0000] {processor.py:743} INFO - Processing file /home/airflow/.local/lib/python3.7/site-packages/airflow/example_dags/example_local_kubernetes_executor.py for tasks to queue
[2023-05-05T06:47:43.914+0000] {logging_mixin.py:137} INFO - [2023-05-05T06:47:43.913+0000] {dagbag.py:538} INFO - Filling up the DagBag from /home/airflow/.local/lib/python3.7/site-packages/airflow/example_dags/example_local_kubernetes_executor.py
[2023-05-05T06:47:43.935+0000] {processor.py:753} INFO - DAG(s) dict_keys(['example_local_kubernetes_executor']) retrieved from /home/airflow/.local/lib/python3.7/site-packages/airflow/example_dags/example_local_kubernetes_executor.py
[2023-05-05T06:47:43.971+0000] {logging_mixin.py:137} INFO - [2023-05-05T06:47:43.970+0000] {dag.py:2690} INFO - Sync 1 DAGs
[2023-05-05T06:47:43.990+0000] {logging_mixin.py:137} INFO - [2023-05-05T06:47:43.990+0000] {dag.py:3441} INFO - Setting next_dagrun for example_local_kubernetes_executor to None, run_after=None
[2023-05-05T06:47:44.013+0000] {processor.py:175} INFO - Processing /home/airflow/.local/lib/python3.7/site-packages/airflow/example_dags/example_local_kubernetes_executor.py took 0.105 seconds
[2023-05-05T07:05:02.554+0000] {processor.py:153} INFO - Started process (PID=17711) to work on /home/airflow/.local/lib/python3.7/site-packages/airflow/example_dags/example_local_kubernetes_executor.py
[2023-05-05T07:05:02.556+0000] {processor.py:743} INFO - Processing file /home/airflow/.local/lib/python3.7/site-packages/airflow/example_dags/example_local_kubernetes_executor.py for tasks to queue
[2023-05-05T07:05:02.557+0000] {logging_mixin.py:137} INFO - [2023-05-05T07:05:02.557+0000] {dagbag.py:538} INFO - Filling up the DagBag from /home/airflow/.local/lib/python3.7/site-packages/airflow/example_dags/example_local_kubernetes_executor.py
[2023-05-05T07:05:02.575+0000] {processor.py:753} INFO - DAG(s) dict_keys(['example_local_kubernetes_executor']) retrieved from /home/airflow/.local/lib/python3.7/site-packages/airflow/example_dags/example_local_kubernetes_executor.py
[2023-05-05T07:05:02.594+0000] {logging_mixin.py:137} INFO - [2023-05-05T07:05:02.594+0000] {dag.py:2690} INFO - Sync 1 DAGs
[2023-05-05T07:05:02.609+0000] {logging_mixin.py:137} INFO - [2023-05-05T07:05:02.609+0000] {dag.py:3441} INFO - Setting next_dagrun for example_local_kubernetes_executor to None, run_after=None
[2023-05-05T07:05:02.624+0000] {processor.py:175} INFO - Processing /home/airflow/.local/lib/python3.7/site-packages/airflow/example_dags/example_local_kubernetes_executor.py took 0.072 seconds
[2023-05-05T07:05:33.355+0000] {processor.py:153} INFO - Started process (PID=17794) to work on /home/airflow/.local/lib/python3.7/site-packages/airflow/example_dags/example_local_kubernetes_executor.py
[2023-05-05T07:05:33.356+0000] {processor.py:743} INFO - Processing file /home/airflow/.local/lib/python3.7/site-packages/airflow/example_dags/example_local_kubernetes_executor.py for tasks to queue
[2023-05-05T07:05:33.357+0000] {logging_mixin.py:137} INFO - [2023-05-05T07:05:33.357+0000] {dagbag.py:538} INFO - Filling up the DagBag from /home/airflow/.local/lib/python3.7/site-packages/airflow/example_dags/example_local_kubernetes_executor.py
[2023-05-05T07:05:33.375+0000] {processor.py:753} INFO - DAG(s) dict_keys(['example_local_kubernetes_executor']) retrieved from /home/airflow/.local/lib/python3.7/site-packages/airflow/example_dags/example_local_kubernetes_executor.py
[2023-05-05T07:05:33.393+0000] {logging_mixin.py:137} INFO - [2023-05-05T07:05:33.393+0000] {dag.py:2690} INFO - Sync 1 DAGs
[2023-05-05T07:05:33.407+0000] {logging_mixin.py:137} INFO - [2023-05-05T07:05:33.407+0000] {dag.py:3441} INFO - Setting next_dagrun for example_local_kubernetes_executor to None, run_after=None
[2023-05-05T07:05:33.418+0000] {processor.py:175} INFO - Processing /home/airflow/.local/lib/python3.7/site-packages/airflow/example_dags/example_local_kubernetes_executor.py took 0.065 seconds
[2023-05-05T07:06:04.059+0000] {processor.py:153} INFO - Started process (PID=17876) to work on /home/airflow/.local/lib/python3.7/site-packages/airflow/example_dags/example_local_kubernetes_executor.py
[2023-05-05T07:06:04.060+0000] {processor.py:743} INFO - Processing file /home/airflow/.local/lib/python3.7/site-packages/airflow/example_dags/example_local_kubernetes_executor.py for tasks to queue
[2023-05-05T07:06:04.062+0000] {logging_mixin.py:137} INFO - [2023-05-05T07:06:04.061+0000] {dagbag.py:538} INFO - Filling up the DagBag from /home/airflow/.local/lib/python3.7/site-packages/airflow/example_dags/example_local_kubernetes_executor.py
[2023-05-05T07:06:04.079+0000] {processor.py:753} INFO - DAG(s) dict_keys(['example_local_kubernetes_executor']) retrieved from /home/airflow/.local/lib/python3.7/site-packages/airflow/example_dags/example_local_kubernetes_executor.py
[2023-05-05T07:06:04.099+0000] {logging_mixin.py:137} INFO - [2023-05-05T07:06:04.099+0000] {dag.py:2690} INFO - Sync 1 DAGs
[2023-05-05T07:06:04.115+0000] {logging_mixin.py:137} INFO - [2023-05-05T07:06:04.115+0000] {dag.py:3441} INFO - Setting next_dagrun for example_local_kubernetes_executor to None, run_after=None
[2023-05-05T07:06:04.127+0000] {processor.py:175} INFO - Processing /home/airflow/.local/lib/python3.7/site-packages/airflow/example_dags/example_local_kubernetes_executor.py took 0.073 seconds
[2023-05-05T07:11:41.335+0000] {processor.py:153} INFO - Started process (PID=17947) to work on /home/airflow/.local/lib/python3.7/site-packages/airflow/example_dags/example_local_kubernetes_executor.py
[2023-05-05T07:11:41.352+0000] {processor.py:743} INFO - Processing file /home/airflow/.local/lib/python3.7/site-packages/airflow/example_dags/example_local_kubernetes_executor.py for tasks to queue
[2023-05-05T07:11:41.353+0000] {logging_mixin.py:137} INFO - [2023-05-05T07:11:41.353+0000] {dagbag.py:538} INFO - Filling up the DagBag from /home/airflow/.local/lib/python3.7/site-packages/airflow/example_dags/example_local_kubernetes_executor.py
[2023-05-05T07:11:41.368+0000] {processor.py:753} INFO - DAG(s) dict_keys(['example_local_kubernetes_executor']) retrieved from /home/airflow/.local/lib/python3.7/site-packages/airflow/example_dags/example_local_kubernetes_executor.py
[2023-05-05T07:11:41.390+0000] {logging_mixin.py:137} INFO - [2023-05-05T07:11:41.389+0000] {dag.py:2690} INFO - Sync 1 DAGs
[2023-05-05T07:11:41.406+0000] {logging_mixin.py:137} INFO - [2023-05-05T07:11:41.405+0000] {dag.py:3441} INFO - Setting next_dagrun for example_local_kubernetes_executor to None, run_after=None
[2023-05-05T07:11:41.417+0000] {processor.py:175} INFO - Processing /home/airflow/.local/lib/python3.7/site-packages/airflow/example_dags/example_local_kubernetes_executor.py took 0.085 seconds
[2023-05-05T07:45:23.593+0000] {processor.py:153} INFO - Started process (PID=18030) to work on /home/airflow/.local/lib/python3.7/site-packages/airflow/example_dags/example_local_kubernetes_executor.py
[2023-05-05T07:45:23.594+0000] {processor.py:743} INFO - Processing file /home/airflow/.local/lib/python3.7/site-packages/airflow/example_dags/example_local_kubernetes_executor.py for tasks to queue
[2023-05-05T07:45:23.596+0000] {logging_mixin.py:137} INFO - [2023-05-05T07:45:23.596+0000] {dagbag.py:538} INFO - Filling up the DagBag from /home/airflow/.local/lib/python3.7/site-packages/airflow/example_dags/example_local_kubernetes_executor.py
[2023-05-05T07:45:23.612+0000] {processor.py:753} INFO - DAG(s) dict_keys(['example_local_kubernetes_executor']) retrieved from /home/airflow/.local/lib/python3.7/site-packages/airflow/example_dags/example_local_kubernetes_executor.py
[2023-05-05T07:45:23.633+0000] {logging_mixin.py:137} INFO - [2023-05-05T07:45:23.633+0000] {dag.py:2690} INFO - Sync 1 DAGs
[2023-05-05T07:45:23.651+0000] {logging_mixin.py:137} INFO - [2023-05-05T07:45:23.650+0000] {dag.py:3441} INFO - Setting next_dagrun for example_local_kubernetes_executor to None, run_after=None
[2023-05-05T07:45:23.665+0000] {processor.py:175} INFO - Processing /home/airflow/.local/lib/python3.7/site-packages/airflow/example_dags/example_local_kubernetes_executor.py took 0.074 seconds
[2023-05-05T08:50:41.755+0000] {processor.py:153} INFO - Started process (PID=18101) to work on /home/airflow/.local/lib/python3.7/site-packages/airflow/example_dags/example_local_kubernetes_executor.py
[2023-05-05T08:50:41.757+0000] {processor.py:743} INFO - Processing file /home/airflow/.local/lib/python3.7/site-packages/airflow/example_dags/example_local_kubernetes_executor.py for tasks to queue
[2023-05-05T08:50:41.758+0000] {logging_mixin.py:137} INFO - [2023-05-05T08:50:41.758+0000] {dagbag.py:538} INFO - Filling up the DagBag from /home/airflow/.local/lib/python3.7/site-packages/airflow/example_dags/example_local_kubernetes_executor.py
[2023-05-05T08:50:41.777+0000] {processor.py:753} INFO - DAG(s) dict_keys(['example_local_kubernetes_executor']) retrieved from /home/airflow/.local/lib/python3.7/site-packages/airflow/example_dags/example_local_kubernetes_executor.py
[2023-05-05T08:50:41.813+0000] {logging_mixin.py:137} INFO - [2023-05-05T08:50:41.813+0000] {dag.py:2690} INFO - Sync 1 DAGs
[2023-05-05T08:50:41.834+0000] {logging_mixin.py:137} INFO - [2023-05-05T08:50:41.834+0000] {dag.py:3441} INFO - Setting next_dagrun for example_local_kubernetes_executor to None, run_after=None
[2023-05-05T08:50:41.860+0000] {processor.py:175} INFO - Processing /home/airflow/.local/lib/python3.7/site-packages/airflow/example_dags/example_local_kubernetes_executor.py took 0.108 seconds
[2023-05-05T09:58:23.009+0000] {processor.py:153} INFO - Started process (PID=18183) to work on /home/airflow/.local/lib/python3.7/site-packages/airflow/example_dags/example_local_kubernetes_executor.py
[2023-05-05T09:58:23.011+0000] {processor.py:743} INFO - Processing file /home/airflow/.local/lib/python3.7/site-packages/airflow/example_dags/example_local_kubernetes_executor.py for tasks to queue
[2023-05-05T09:58:23.011+0000] {logging_mixin.py:137} INFO - [2023-05-05T09:58:23.011+0000] {dagbag.py:538} INFO - Filling up the DagBag from /home/airflow/.local/lib/python3.7/site-packages/airflow/example_dags/example_local_kubernetes_executor.py
[2023-05-05T09:58:23.027+0000] {processor.py:753} INFO - DAG(s) dict_keys(['example_local_kubernetes_executor']) retrieved from /home/airflow/.local/lib/python3.7/site-packages/airflow/example_dags/example_local_kubernetes_executor.py
[2023-05-05T09:58:23.049+0000] {logging_mixin.py:137} INFO - [2023-05-05T09:58:23.049+0000] {dag.py:2690} INFO - Sync 1 DAGs
[2023-05-05T09:58:23.067+0000] {logging_mixin.py:137} INFO - [2023-05-05T09:58:23.067+0000] {dag.py:3441} INFO - Setting next_dagrun for example_local_kubernetes_executor to None, run_after=None
[2023-05-05T09:58:23.079+0000] {processor.py:175} INFO - Processing /home/airflow/.local/lib/python3.7/site-packages/airflow/example_dags/example_local_kubernetes_executor.py took 0.072 seconds
[2023-05-05T11:00:39.973+0000] {processor.py:153} INFO - Started process (PID=18254) to work on /home/airflow/.local/lib/python3.7/site-packages/airflow/example_dags/example_local_kubernetes_executor.py
[2023-05-05T11:00:39.974+0000] {processor.py:743} INFO - Processing file /home/airflow/.local/lib/python3.7/site-packages/airflow/example_dags/example_local_kubernetes_executor.py for tasks to queue
[2023-05-05T11:00:39.976+0000] {logging_mixin.py:137} INFO - [2023-05-05T11:00:39.975+0000] {dagbag.py:538} INFO - Filling up the DagBag from /home/airflow/.local/lib/python3.7/site-packages/airflow/example_dags/example_local_kubernetes_executor.py
[2023-05-05T11:00:39.993+0000] {processor.py:753} INFO - DAG(s) dict_keys(['example_local_kubernetes_executor']) retrieved from /home/airflow/.local/lib/python3.7/site-packages/airflow/example_dags/example_local_kubernetes_executor.py
[2023-05-05T11:00:40.015+0000] {logging_mixin.py:137} INFO - [2023-05-05T11:00:40.014+0000] {dag.py:2690} INFO - Sync 1 DAGs
[2023-05-05T11:00:40.031+0000] {logging_mixin.py:137} INFO - [2023-05-05T11:00:40.031+0000] {dag.py:3441} INFO - Setting next_dagrun for example_local_kubernetes_executor to None, run_after=None
[2023-05-05T11:00:40.044+0000] {processor.py:175} INFO - Processing /home/airflow/.local/lib/python3.7/site-packages/airflow/example_dags/example_local_kubernetes_executor.py took 0.073 seconds
[2023-05-05T11:38:14.455+0000] {processor.py:153} INFO - Started process (PID=18338) to work on /home/airflow/.local/lib/python3.7/site-packages/airflow/example_dags/example_local_kubernetes_executor.py
[2023-05-05T11:38:14.457+0000] {processor.py:743} INFO - Processing file /home/airflow/.local/lib/python3.7/site-packages/airflow/example_dags/example_local_kubernetes_executor.py for tasks to queue
[2023-05-05T11:38:14.458+0000] {logging_mixin.py:137} INFO - [2023-05-05T11:38:14.458+0000] {dagbag.py:538} INFO - Filling up the DagBag from /home/airflow/.local/lib/python3.7/site-packages/airflow/example_dags/example_local_kubernetes_executor.py
[2023-05-05T11:38:14.473+0000] {processor.py:753} INFO - DAG(s) dict_keys(['example_local_kubernetes_executor']) retrieved from /home/airflow/.local/lib/python3.7/site-packages/airflow/example_dags/example_local_kubernetes_executor.py
[2023-05-05T11:38:14.493+0000] {logging_mixin.py:137} INFO - [2023-05-05T11:38:14.493+0000] {dag.py:2690} INFO - Sync 1 DAGs
[2023-05-05T11:38:14.509+0000] {logging_mixin.py:137} INFO - [2023-05-05T11:38:14.509+0000] {dag.py:3441} INFO - Setting next_dagrun for example_local_kubernetes_executor to None, run_after=None
[2023-05-05T11:38:14.521+0000] {processor.py:175} INFO - Processing /home/airflow/.local/lib/python3.7/site-packages/airflow/example_dags/example_local_kubernetes_executor.py took 0.068 seconds
[2023-05-05T12:58:08.789+0000] {processor.py:153} INFO - Started process (PID=18422) to work on /home/airflow/.local/lib/python3.7/site-packages/airflow/example_dags/example_local_kubernetes_executor.py
[2023-05-05T12:58:08.791+0000] {processor.py:743} INFO - Processing file /home/airflow/.local/lib/python3.7/site-packages/airflow/example_dags/example_local_kubernetes_executor.py for tasks to queue
[2023-05-05T12:58:08.792+0000] {logging_mixin.py:137} INFO - [2023-05-05T12:58:08.792+0000] {dagbag.py:538} INFO - Filling up the DagBag from /home/airflow/.local/lib/python3.7/site-packages/airflow/example_dags/example_local_kubernetes_executor.py
[2023-05-05T12:58:08.806+0000] {processor.py:753} INFO - DAG(s) dict_keys(['example_local_kubernetes_executor']) retrieved from /home/airflow/.local/lib/python3.7/site-packages/airflow/example_dags/example_local_kubernetes_executor.py
[2023-05-05T12:58:08.825+0000] {logging_mixin.py:137} INFO - [2023-05-05T12:58:08.825+0000] {dag.py:2690} INFO - Sync 1 DAGs
[2023-05-05T12:58:08.841+0000] {logging_mixin.py:137} INFO - [2023-05-05T12:58:08.841+0000] {dag.py:3441} INFO - Setting next_dagrun for example_local_kubernetes_executor to None, run_after=None
[2023-05-05T12:58:08.854+0000] {processor.py:175} INFO - Processing /home/airflow/.local/lib/python3.7/site-packages/airflow/example_dags/example_local_kubernetes_executor.py took 0.067 seconds
[2023-05-05T14:37:20.479+0000] {processor.py:153} INFO - Started process (PID=18493) to work on /home/airflow/.local/lib/python3.7/site-packages/airflow/example_dags/example_local_kubernetes_executor.py
[2023-05-05T14:37:20.481+0000] {processor.py:743} INFO - Processing file /home/airflow/.local/lib/python3.7/site-packages/airflow/example_dags/example_local_kubernetes_executor.py for tasks to queue
[2023-05-05T14:37:20.482+0000] {logging_mixin.py:137} INFO - [2023-05-05T14:37:20.482+0000] {dagbag.py:538} INFO - Filling up the DagBag from /home/airflow/.local/lib/python3.7/site-packages/airflow/example_dags/example_local_kubernetes_executor.py
[2023-05-05T14:37:20.499+0000] {processor.py:753} INFO - DAG(s) dict_keys(['example_local_kubernetes_executor']) retrieved from /home/airflow/.local/lib/python3.7/site-packages/airflow/example_dags/example_local_kubernetes_executor.py
[2023-05-05T14:37:20.519+0000] {logging_mixin.py:137} INFO - [2023-05-05T14:37:20.519+0000] {dag.py:2690} INFO - Sync 1 DAGs
[2023-05-05T14:37:20.550+0000] {logging_mixin.py:137} INFO - [2023-05-05T14:37:20.550+0000] {dag.py:3441} INFO - Setting next_dagrun for example_local_kubernetes_executor to None, run_after=None
[2023-05-05T14:37:20.562+0000] {processor.py:175} INFO - Processing /home/airflow/.local/lib/python3.7/site-packages/airflow/example_dags/example_local_kubernetes_executor.py took 0.085 seconds
[2023-05-05T15:57:04.882+0000] {processor.py:153} INFO - Started process (PID=18577) to work on /home/airflow/.local/lib/python3.7/site-packages/airflow/example_dags/example_local_kubernetes_executor.py
[2023-05-05T15:57:04.883+0000] {processor.py:743} INFO - Processing file /home/airflow/.local/lib/python3.7/site-packages/airflow/example_dags/example_local_kubernetes_executor.py for tasks to queue
[2023-05-05T15:57:04.884+0000] {logging_mixin.py:137} INFO - [2023-05-05T15:57:04.884+0000] {dagbag.py:538} INFO - Filling up the DagBag from /home/airflow/.local/lib/python3.7/site-packages/airflow/example_dags/example_local_kubernetes_executor.py
[2023-05-05T15:57:04.899+0000] {processor.py:753} INFO - DAG(s) dict_keys(['example_local_kubernetes_executor']) retrieved from /home/airflow/.local/lib/python3.7/site-packages/airflow/example_dags/example_local_kubernetes_executor.py
[2023-05-05T15:57:04.917+0000] {logging_mixin.py:137} INFO - [2023-05-05T15:57:04.917+0000] {dag.py:2690} INFO - Sync 1 DAGs
[2023-05-05T15:57:04.931+0000] {logging_mixin.py:137} INFO - [2023-05-05T15:57:04.931+0000] {dag.py:3441} INFO - Setting next_dagrun for example_local_kubernetes_executor to None, run_after=None
[2023-05-05T15:57:04.943+0000] {processor.py:175} INFO - Processing /home/airflow/.local/lib/python3.7/site-packages/airflow/example_dags/example_local_kubernetes_executor.py took 0.064 seconds
[2023-05-05T17:18:03.701+0000] {processor.py:153} INFO - Started process (PID=18660) to work on /home/airflow/.local/lib/python3.7/site-packages/airflow/example_dags/example_local_kubernetes_executor.py
[2023-05-05T17:18:03.702+0000] {processor.py:743} INFO - Processing file /home/airflow/.local/lib/python3.7/site-packages/airflow/example_dags/example_local_kubernetes_executor.py for tasks to queue
[2023-05-05T17:18:03.703+0000] {logging_mixin.py:137} INFO - [2023-05-05T17:18:03.703+0000] {dagbag.py:538} INFO - Filling up the DagBag from /home/airflow/.local/lib/python3.7/site-packages/airflow/example_dags/example_local_kubernetes_executor.py
[2023-05-05T17:18:03.718+0000] {processor.py:753} INFO - DAG(s) dict_keys(['example_local_kubernetes_executor']) retrieved from /home/airflow/.local/lib/python3.7/site-packages/airflow/example_dags/example_local_kubernetes_executor.py
[2023-05-05T17:18:03.742+0000] {logging_mixin.py:137} INFO - [2023-05-05T17:18:03.742+0000] {dag.py:2690} INFO - Sync 1 DAGs
[2023-05-05T17:18:03.758+0000] {logging_mixin.py:137} INFO - [2023-05-05T17:18:03.758+0000] {dag.py:3441} INFO - Setting next_dagrun for example_local_kubernetes_executor to None, run_after=None
[2023-05-05T17:18:03.770+0000] {processor.py:175} INFO - Processing /home/airflow/.local/lib/python3.7/site-packages/airflow/example_dags/example_local_kubernetes_executor.py took 0.072 seconds
[2023-05-05T18:41:51.963+0000] {processor.py:153} INFO - Started process (PID=18731) to work on /home/airflow/.local/lib/python3.7/site-packages/airflow/example_dags/example_local_kubernetes_executor.py
[2023-05-05T18:41:51.965+0000] {processor.py:743} INFO - Processing file /home/airflow/.local/lib/python3.7/site-packages/airflow/example_dags/example_local_kubernetes_executor.py for tasks to queue
[2023-05-05T18:41:51.966+0000] {logging_mixin.py:137} INFO - [2023-05-05T18:41:51.966+0000] {dagbag.py:538} INFO - Filling up the DagBag from /home/airflow/.local/lib/python3.7/site-packages/airflow/example_dags/example_local_kubernetes_executor.py
[2023-05-05T18:41:51.993+0000] {processor.py:753} INFO - DAG(s) dict_keys(['example_local_kubernetes_executor']) retrieved from /home/airflow/.local/lib/python3.7/site-packages/airflow/example_dags/example_local_kubernetes_executor.py
[2023-05-05T18:41:52.017+0000] {logging_mixin.py:137} INFO - [2023-05-05T18:41:52.017+0000] {dag.py:2690} INFO - Sync 1 DAGs
[2023-05-05T18:41:52.037+0000] {logging_mixin.py:137} INFO - [2023-05-05T18:41:52.037+0000] {dag.py:3441} INFO - Setting next_dagrun for example_local_kubernetes_executor to None, run_after=None
[2023-05-05T18:41:52.048+0000] {processor.py:175} INFO - Processing /home/airflow/.local/lib/python3.7/site-packages/airflow/example_dags/example_local_kubernetes_executor.py took 0.088 seconds
[2023-05-05T20:06:08.293+0000] {processor.py:153} INFO - Started process (PID=18814) to work on /home/airflow/.local/lib/python3.7/site-packages/airflow/example_dags/example_local_kubernetes_executor.py
[2023-05-05T20:06:08.295+0000] {processor.py:743} INFO - Processing file /home/airflow/.local/lib/python3.7/site-packages/airflow/example_dags/example_local_kubernetes_executor.py for tasks to queue
[2023-05-05T20:06:08.300+0000] {logging_mixin.py:137} INFO - [2023-05-05T20:06:08.300+0000] {dagbag.py:538} INFO - Filling up the DagBag from /home/airflow/.local/lib/python3.7/site-packages/airflow/example_dags/example_local_kubernetes_executor.py
[2023-05-05T20:06:08.340+0000] {processor.py:753} INFO - DAG(s) dict_keys(['example_local_kubernetes_executor']) retrieved from /home/airflow/.local/lib/python3.7/site-packages/airflow/example_dags/example_local_kubernetes_executor.py
[2023-05-05T20:06:08.390+0000] {logging_mixin.py:137} INFO - [2023-05-05T20:06:08.390+0000] {dag.py:2690} INFO - Sync 1 DAGs
[2023-05-05T20:06:08.424+0000] {logging_mixin.py:137} INFO - [2023-05-05T20:06:08.424+0000] {dag.py:3441} INFO - Setting next_dagrun for example_local_kubernetes_executor to None, run_after=None
[2023-05-05T20:06:08.453+0000] {processor.py:175} INFO - Processing /home/airflow/.local/lib/python3.7/site-packages/airflow/example_dags/example_local_kubernetes_executor.py took 0.164 seconds
[2023-05-05T21:26:34.403+0000] {processor.py:153} INFO - Started process (PID=18896) to work on /home/airflow/.local/lib/python3.7/site-packages/airflow/example_dags/example_local_kubernetes_executor.py
[2023-05-05T21:26:34.404+0000] {processor.py:743} INFO - Processing file /home/airflow/.local/lib/python3.7/site-packages/airflow/example_dags/example_local_kubernetes_executor.py for tasks to queue
[2023-05-05T21:26:34.406+0000] {logging_mixin.py:137} INFO - [2023-05-05T21:26:34.406+0000] {dagbag.py:538} INFO - Filling up the DagBag from /home/airflow/.local/lib/python3.7/site-packages/airflow/example_dags/example_local_kubernetes_executor.py
[2023-05-05T21:26:34.421+0000] {processor.py:753} INFO - DAG(s) dict_keys(['example_local_kubernetes_executor']) retrieved from /home/airflow/.local/lib/python3.7/site-packages/airflow/example_dags/example_local_kubernetes_executor.py
[2023-05-05T21:26:34.441+0000] {logging_mixin.py:137} INFO - [2023-05-05T21:26:34.441+0000] {dag.py:2690} INFO - Sync 1 DAGs
[2023-05-05T21:26:34.458+0000] {logging_mixin.py:137} INFO - [2023-05-05T21:26:34.458+0000] {dag.py:3441} INFO - Setting next_dagrun for example_local_kubernetes_executor to None, run_after=None
[2023-05-05T21:26:34.511+0000] {processor.py:175} INFO - Processing /home/airflow/.local/lib/python3.7/site-packages/airflow/example_dags/example_local_kubernetes_executor.py took 0.111 seconds
[2023-05-05T22:48:02.150+0000] {processor.py:153} INFO - Started process (PID=18967) to work on /home/airflow/.local/lib/python3.7/site-packages/airflow/example_dags/example_local_kubernetes_executor.py
[2023-05-05T22:48:02.151+0000] {processor.py:743} INFO - Processing file /home/airflow/.local/lib/python3.7/site-packages/airflow/example_dags/example_local_kubernetes_executor.py for tasks to queue
[2023-05-05T22:48:02.153+0000] {logging_mixin.py:137} INFO - [2023-05-05T22:48:02.153+0000] {dagbag.py:538} INFO - Filling up the DagBag from /home/airflow/.local/lib/python3.7/site-packages/airflow/example_dags/example_local_kubernetes_executor.py
[2023-05-05T22:48:02.170+0000] {processor.py:753} INFO - DAG(s) dict_keys(['example_local_kubernetes_executor']) retrieved from /home/airflow/.local/lib/python3.7/site-packages/airflow/example_dags/example_local_kubernetes_executor.py
[2023-05-05T22:48:02.193+0000] {logging_mixin.py:137} INFO - [2023-05-05T22:48:02.193+0000] {dag.py:2690} INFO - Sync 1 DAGs
[2023-05-05T22:48:02.214+0000] {logging_mixin.py:137} INFO - [2023-05-05T22:48:02.213+0000] {dag.py:3441} INFO - Setting next_dagrun for example_local_kubernetes_executor to None, run_after=None
[2023-05-05T22:48:02.228+0000] {processor.py:175} INFO - Processing /home/airflow/.local/lib/python3.7/site-packages/airflow/example_dags/example_local_kubernetes_executor.py took 0.081 seconds
[2023-05-05T22:48:32.304+0000] {processor.py:153} INFO - Started process (PID=19050) to work on /home/airflow/.local/lib/python3.7/site-packages/airflow/example_dags/example_local_kubernetes_executor.py
[2023-05-05T22:48:32.305+0000] {processor.py:743} INFO - Processing file /home/airflow/.local/lib/python3.7/site-packages/airflow/example_dags/example_local_kubernetes_executor.py for tasks to queue
[2023-05-05T22:48:32.306+0000] {logging_mixin.py:137} INFO - [2023-05-05T22:48:32.306+0000] {dagbag.py:538} INFO - Filling up the DagBag from /home/airflow/.local/lib/python3.7/site-packages/airflow/example_dags/example_local_kubernetes_executor.py
[2023-05-05T22:48:32.322+0000] {processor.py:753} INFO - DAG(s) dict_keys(['example_local_kubernetes_executor']) retrieved from /home/airflow/.local/lib/python3.7/site-packages/airflow/example_dags/example_local_kubernetes_executor.py
[2023-05-05T22:48:32.339+0000] {logging_mixin.py:137} INFO - [2023-05-05T22:48:32.339+0000] {dag.py:2690} INFO - Sync 1 DAGs
[2023-05-05T22:48:32.352+0000] {logging_mixin.py:137} INFO - [2023-05-05T22:48:32.352+0000] {dag.py:3441} INFO - Setting next_dagrun for example_local_kubernetes_executor to None, run_after=None
[2023-05-05T22:48:32.365+0000] {processor.py:175} INFO - Processing /home/airflow/.local/lib/python3.7/site-packages/airflow/example_dags/example_local_kubernetes_executor.py took 0.064 seconds
[2023-05-05T22:49:03.113+0000] {processor.py:153} INFO - Started process (PID=19133) to work on /home/airflow/.local/lib/python3.7/site-packages/airflow/example_dags/example_local_kubernetes_executor.py
[2023-05-05T22:49:03.115+0000] {processor.py:743} INFO - Processing file /home/airflow/.local/lib/python3.7/site-packages/airflow/example_dags/example_local_kubernetes_executor.py for tasks to queue
[2023-05-05T22:49:03.116+0000] {logging_mixin.py:137} INFO - [2023-05-05T22:49:03.116+0000] {dagbag.py:538} INFO - Filling up the DagBag from /home/airflow/.local/lib/python3.7/site-packages/airflow/example_dags/example_local_kubernetes_executor.py
[2023-05-05T22:49:03.133+0000] {processor.py:753} INFO - DAG(s) dict_keys(['example_local_kubernetes_executor']) retrieved from /home/airflow/.local/lib/python3.7/site-packages/airflow/example_dags/example_local_kubernetes_executor.py
[2023-05-05T22:49:03.153+0000] {logging_mixin.py:137} INFO - [2023-05-05T22:49:03.153+0000] {dag.py:2690} INFO - Sync 1 DAGs
[2023-05-05T22:49:03.168+0000] {logging_mixin.py:137} INFO - [2023-05-05T22:49:03.168+0000] {dag.py:3441} INFO - Setting next_dagrun for example_local_kubernetes_executor to None, run_after=None
[2023-05-05T22:49:03.181+0000] {processor.py:175} INFO - Processing /home/airflow/.local/lib/python3.7/site-packages/airflow/example_dags/example_local_kubernetes_executor.py took 0.071 seconds
[2023-05-05T22:49:33.813+0000] {processor.py:153} INFO - Started process (PID=19205) to work on /home/airflow/.local/lib/python3.7/site-packages/airflow/example_dags/example_local_kubernetes_executor.py
[2023-05-05T22:49:33.815+0000] {processor.py:743} INFO - Processing file /home/airflow/.local/lib/python3.7/site-packages/airflow/example_dags/example_local_kubernetes_executor.py for tasks to queue
[2023-05-05T22:49:33.816+0000] {logging_mixin.py:137} INFO - [2023-05-05T22:49:33.815+0000] {dagbag.py:538} INFO - Filling up the DagBag from /home/airflow/.local/lib/python3.7/site-packages/airflow/example_dags/example_local_kubernetes_executor.py
[2023-05-05T22:49:33.829+0000] {processor.py:753} INFO - DAG(s) dict_keys(['example_local_kubernetes_executor']) retrieved from /home/airflow/.local/lib/python3.7/site-packages/airflow/example_dags/example_local_kubernetes_executor.py
[2023-05-05T22:49:33.848+0000] {logging_mixin.py:137} INFO - [2023-05-05T22:49:33.848+0000] {dag.py:2690} INFO - Sync 1 DAGs
[2023-05-05T22:49:33.868+0000] {logging_mixin.py:137} INFO - [2023-05-05T22:49:33.868+0000] {dag.py:3441} INFO - Setting next_dagrun for example_local_kubernetes_executor to None, run_after=None
[2023-05-05T22:49:33.879+0000] {processor.py:175} INFO - Processing /home/airflow/.local/lib/python3.7/site-packages/airflow/example_dags/example_local_kubernetes_executor.py took 0.068 seconds
[2023-05-05T22:50:04.596+0000] {processor.py:153} INFO - Started process (PID=19288) to work on /home/airflow/.local/lib/python3.7/site-packages/airflow/example_dags/example_local_kubernetes_executor.py
[2023-05-05T22:50:04.598+0000] {processor.py:743} INFO - Processing file /home/airflow/.local/lib/python3.7/site-packages/airflow/example_dags/example_local_kubernetes_executor.py for tasks to queue
[2023-05-05T22:50:04.599+0000] {logging_mixin.py:137} INFO - [2023-05-05T22:50:04.599+0000] {dagbag.py:538} INFO - Filling up the DagBag from /home/airflow/.local/lib/python3.7/site-packages/airflow/example_dags/example_local_kubernetes_executor.py
[2023-05-05T22:50:04.615+0000] {processor.py:753} INFO - DAG(s) dict_keys(['example_local_kubernetes_executor']) retrieved from /home/airflow/.local/lib/python3.7/site-packages/airflow/example_dags/example_local_kubernetes_executor.py
[2023-05-05T22:50:04.638+0000] {logging_mixin.py:137} INFO - [2023-05-05T22:50:04.638+0000] {dag.py:2690} INFO - Sync 1 DAGs
[2023-05-05T22:50:04.654+0000] {logging_mixin.py:137} INFO - [2023-05-05T22:50:04.654+0000] {dag.py:3441} INFO - Setting next_dagrun for example_local_kubernetes_executor to None, run_after=None
[2023-05-05T22:50:04.666+0000] {processor.py:175} INFO - Processing /home/airflow/.local/lib/python3.7/site-packages/airflow/example_dags/example_local_kubernetes_executor.py took 0.072 seconds
[2023-05-05T23:05:51.921+0000] {processor.py:153} INFO - Started process (PID=19368) to work on /home/airflow/.local/lib/python3.7/site-packages/airflow/example_dags/example_local_kubernetes_executor.py
[2023-05-05T23:05:51.923+0000] {processor.py:743} INFO - Processing file /home/airflow/.local/lib/python3.7/site-packages/airflow/example_dags/example_local_kubernetes_executor.py for tasks to queue
[2023-05-05T23:05:51.924+0000] {logging_mixin.py:137} INFO - [2023-05-05T23:05:51.924+0000] {dagbag.py:538} INFO - Filling up the DagBag from /home/airflow/.local/lib/python3.7/site-packages/airflow/example_dags/example_local_kubernetes_executor.py
[2023-05-05T23:05:51.947+0000] {processor.py:753} INFO - DAG(s) dict_keys(['example_local_kubernetes_executor']) retrieved from /home/airflow/.local/lib/python3.7/site-packages/airflow/example_dags/example_local_kubernetes_executor.py
[2023-05-05T23:05:51.969+0000] {logging_mixin.py:137} INFO - [2023-05-05T23:05:51.969+0000] {dag.py:2690} INFO - Sync 1 DAGs
[2023-05-05T23:05:51.989+0000] {logging_mixin.py:137} INFO - [2023-05-05T23:05:51.988+0000] {dag.py:3441} INFO - Setting next_dagrun for example_local_kubernetes_executor to None, run_after=None
[2023-05-05T23:05:52.003+0000] {processor.py:175} INFO - Processing /home/airflow/.local/lib/python3.7/site-packages/airflow/example_dags/example_local_kubernetes_executor.py took 0.084 seconds
[2023-05-05T23:06:22.047+0000] {processor.py:153} INFO - Started process (PID=19443) to work on /home/airflow/.local/lib/python3.7/site-packages/airflow/example_dags/example_local_kubernetes_executor.py
[2023-05-05T23:06:22.048+0000] {processor.py:743} INFO - Processing file /home/airflow/.local/lib/python3.7/site-packages/airflow/example_dags/example_local_kubernetes_executor.py for tasks to queue
[2023-05-05T23:06:22.049+0000] {logging_mixin.py:137} INFO - [2023-05-05T23:06:22.049+0000] {dagbag.py:538} INFO - Filling up the DagBag from /home/airflow/.local/lib/python3.7/site-packages/airflow/example_dags/example_local_kubernetes_executor.py
[2023-05-05T23:06:22.066+0000] {processor.py:753} INFO - DAG(s) dict_keys(['example_local_kubernetes_executor']) retrieved from /home/airflow/.local/lib/python3.7/site-packages/airflow/example_dags/example_local_kubernetes_executor.py
[2023-05-05T23:06:22.085+0000] {logging_mixin.py:137} INFO - [2023-05-05T23:06:22.085+0000] {dag.py:2690} INFO - Sync 1 DAGs
[2023-05-05T23:06:22.101+0000] {logging_mixin.py:137} INFO - [2023-05-05T23:06:22.101+0000] {dag.py:3441} INFO - Setting next_dagrun for example_local_kubernetes_executor to None, run_after=None
[2023-05-05T23:06:22.113+0000] {processor.py:175} INFO - Processing /home/airflow/.local/lib/python3.7/site-packages/airflow/example_dags/example_local_kubernetes_executor.py took 0.069 seconds
[2023-05-05T23:06:53.003+0000] {processor.py:153} INFO - Started process (PID=19526) to work on /home/airflow/.local/lib/python3.7/site-packages/airflow/example_dags/example_local_kubernetes_executor.py
[2023-05-05T23:06:53.004+0000] {processor.py:743} INFO - Processing file /home/airflow/.local/lib/python3.7/site-packages/airflow/example_dags/example_local_kubernetes_executor.py for tasks to queue
[2023-05-05T23:06:53.006+0000] {logging_mixin.py:137} INFO - [2023-05-05T23:06:53.006+0000] {dagbag.py:538} INFO - Filling up the DagBag from /home/airflow/.local/lib/python3.7/site-packages/airflow/example_dags/example_local_kubernetes_executor.py
[2023-05-05T23:06:53.022+0000] {processor.py:753} INFO - DAG(s) dict_keys(['example_local_kubernetes_executor']) retrieved from /home/airflow/.local/lib/python3.7/site-packages/airflow/example_dags/example_local_kubernetes_executor.py
[2023-05-05T23:06:53.041+0000] {logging_mixin.py:137} INFO - [2023-05-05T23:06:53.041+0000] {dag.py:2690} INFO - Sync 1 DAGs
[2023-05-05T23:06:53.058+0000] {logging_mixin.py:137} INFO - [2023-05-05T23:06:53.058+0000] {dag.py:3441} INFO - Setting next_dagrun for example_local_kubernetes_executor to None, run_after=None
[2023-05-05T23:06:53.070+0000] {processor.py:175} INFO - Processing /home/airflow/.local/lib/python3.7/site-packages/airflow/example_dags/example_local_kubernetes_executor.py took 0.070 seconds
[2023-05-05T23:07:24.023+0000] {processor.py:153} INFO - Started process (PID=19610) to work on /home/airflow/.local/lib/python3.7/site-packages/airflow/example_dags/example_local_kubernetes_executor.py
[2023-05-05T23:07:24.024+0000] {processor.py:743} INFO - Processing file /home/airflow/.local/lib/python3.7/site-packages/airflow/example_dags/example_local_kubernetes_executor.py for tasks to queue
[2023-05-05T23:07:24.025+0000] {logging_mixin.py:137} INFO - [2023-05-05T23:07:24.025+0000] {dagbag.py:538} INFO - Filling up the DagBag from /home/airflow/.local/lib/python3.7/site-packages/airflow/example_dags/example_local_kubernetes_executor.py
[2023-05-05T23:07:24.041+0000] {processor.py:753} INFO - DAG(s) dict_keys(['example_local_kubernetes_executor']) retrieved from /home/airflow/.local/lib/python3.7/site-packages/airflow/example_dags/example_local_kubernetes_executor.py
[2023-05-05T23:07:24.059+0000] {logging_mixin.py:137} INFO - [2023-05-05T23:07:24.059+0000] {dag.py:2690} INFO - Sync 1 DAGs
[2023-05-05T23:07:24.074+0000] {logging_mixin.py:137} INFO - [2023-05-05T23:07:24.074+0000] {dag.py:3441} INFO - Setting next_dagrun for example_local_kubernetes_executor to None, run_after=None
[2023-05-05T23:07:24.086+0000] {processor.py:175} INFO - Processing /home/airflow/.local/lib/python3.7/site-packages/airflow/example_dags/example_local_kubernetes_executor.py took 0.065 seconds
[2023-05-05T23:07:54.648+0000] {processor.py:153} INFO - Started process (PID=19682) to work on /home/airflow/.local/lib/python3.7/site-packages/airflow/example_dags/example_local_kubernetes_executor.py
[2023-05-05T23:07:54.650+0000] {processor.py:743} INFO - Processing file /home/airflow/.local/lib/python3.7/site-packages/airflow/example_dags/example_local_kubernetes_executor.py for tasks to queue
[2023-05-05T23:07:54.651+0000] {logging_mixin.py:137} INFO - [2023-05-05T23:07:54.650+0000] {dagbag.py:538} INFO - Filling up the DagBag from /home/airflow/.local/lib/python3.7/site-packages/airflow/example_dags/example_local_kubernetes_executor.py
[2023-05-05T23:07:54.665+0000] {processor.py:753} INFO - DAG(s) dict_keys(['example_local_kubernetes_executor']) retrieved from /home/airflow/.local/lib/python3.7/site-packages/airflow/example_dags/example_local_kubernetes_executor.py
[2023-05-05T23:07:54.684+0000] {logging_mixin.py:137} INFO - [2023-05-05T23:07:54.684+0000] {dag.py:2690} INFO - Sync 1 DAGs
[2023-05-05T23:07:54.699+0000] {logging_mixin.py:137} INFO - [2023-05-05T23:07:54.699+0000] {dag.py:3441} INFO - Setting next_dagrun for example_local_kubernetes_executor to None, run_after=None
[2023-05-05T23:07:54.711+0000] {processor.py:175} INFO - Processing /home/airflow/.local/lib/python3.7/site-packages/airflow/example_dags/example_local_kubernetes_executor.py took 0.064 seconds
[2023-05-05T23:08:25.481+0000] {processor.py:153} INFO - Started process (PID=19765) to work on /home/airflow/.local/lib/python3.7/site-packages/airflow/example_dags/example_local_kubernetes_executor.py
[2023-05-05T23:08:25.483+0000] {processor.py:743} INFO - Processing file /home/airflow/.local/lib/python3.7/site-packages/airflow/example_dags/example_local_kubernetes_executor.py for tasks to queue
[2023-05-05T23:08:25.485+0000] {logging_mixin.py:137} INFO - [2023-05-05T23:08:25.485+0000] {dagbag.py:538} INFO - Filling up the DagBag from /home/airflow/.local/lib/python3.7/site-packages/airflow/example_dags/example_local_kubernetes_executor.py
[2023-05-05T23:08:25.509+0000] {processor.py:753} INFO - DAG(s) dict_keys(['example_local_kubernetes_executor']) retrieved from /home/airflow/.local/lib/python3.7/site-packages/airflow/example_dags/example_local_kubernetes_executor.py
[2023-05-05T23:08:25.551+0000] {logging_mixin.py:137} INFO - [2023-05-05T23:08:25.551+0000] {dag.py:2690} INFO - Sync 1 DAGs
[2023-05-05T23:08:25.574+0000] {logging_mixin.py:137} INFO - [2023-05-05T23:08:25.573+0000] {dag.py:3441} INFO - Setting next_dagrun for example_local_kubernetes_executor to None, run_after=None
[2023-05-05T23:08:25.586+0000] {processor.py:175} INFO - Processing /home/airflow/.local/lib/python3.7/site-packages/airflow/example_dags/example_local_kubernetes_executor.py took 0.108 seconds
[2023-05-05T23:08:56.462+0000] {processor.py:153} INFO - Started process (PID=19848) to work on /home/airflow/.local/lib/python3.7/site-packages/airflow/example_dags/example_local_kubernetes_executor.py
[2023-05-05T23:08:56.465+0000] {processor.py:743} INFO - Processing file /home/airflow/.local/lib/python3.7/site-packages/airflow/example_dags/example_local_kubernetes_executor.py for tasks to queue
[2023-05-05T23:08:56.467+0000] {logging_mixin.py:137} INFO - [2023-05-05T23:08:56.467+0000] {dagbag.py:538} INFO - Filling up the DagBag from /home/airflow/.local/lib/python3.7/site-packages/airflow/example_dags/example_local_kubernetes_executor.py
[2023-05-05T23:08:56.490+0000] {processor.py:753} INFO - DAG(s) dict_keys(['example_local_kubernetes_executor']) retrieved from /home/airflow/.local/lib/python3.7/site-packages/airflow/example_dags/example_local_kubernetes_executor.py
[2023-05-05T23:08:56.515+0000] {logging_mixin.py:137} INFO - [2023-05-05T23:08:56.515+0000] {dag.py:2690} INFO - Sync 1 DAGs
[2023-05-05T23:08:56.532+0000] {logging_mixin.py:137} INFO - [2023-05-05T23:08:56.531+0000] {dag.py:3441} INFO - Setting next_dagrun for example_local_kubernetes_executor to None, run_after=None
[2023-05-05T23:08:56.545+0000] {processor.py:175} INFO - Processing /home/airflow/.local/lib/python3.7/site-packages/airflow/example_dags/example_local_kubernetes_executor.py took 0.087 seconds
[2023-05-05T23:09:27.355+0000] {processor.py:153} INFO - Started process (PID=19931) to work on /home/airflow/.local/lib/python3.7/site-packages/airflow/example_dags/example_local_kubernetes_executor.py
[2023-05-05T23:09:27.356+0000] {processor.py:743} INFO - Processing file /home/airflow/.local/lib/python3.7/site-packages/airflow/example_dags/example_local_kubernetes_executor.py for tasks to queue
[2023-05-05T23:09:27.357+0000] {logging_mixin.py:137} INFO - [2023-05-05T23:09:27.357+0000] {dagbag.py:538} INFO - Filling up the DagBag from /home/airflow/.local/lib/python3.7/site-packages/airflow/example_dags/example_local_kubernetes_executor.py
[2023-05-05T23:09:27.371+0000] {processor.py:753} INFO - DAG(s) dict_keys(['example_local_kubernetes_executor']) retrieved from /home/airflow/.local/lib/python3.7/site-packages/airflow/example_dags/example_local_kubernetes_executor.py
[2023-05-05T23:09:27.388+0000] {logging_mixin.py:137} INFO - [2023-05-05T23:09:27.388+0000] {dag.py:2690} INFO - Sync 1 DAGs
[2023-05-05T23:09:27.402+0000] {logging_mixin.py:137} INFO - [2023-05-05T23:09:27.402+0000] {dag.py:3441} INFO - Setting next_dagrun for example_local_kubernetes_executor to None, run_after=None
[2023-05-05T23:09:27.414+0000] {processor.py:175} INFO - Processing /home/airflow/.local/lib/python3.7/site-packages/airflow/example_dags/example_local_kubernetes_executor.py took 0.062 seconds
[2023-05-05T23:09:58.228+0000] {processor.py:153} INFO - Started process (PID=20002) to work on /home/airflow/.local/lib/python3.7/site-packages/airflow/example_dags/example_local_kubernetes_executor.py
[2023-05-05T23:09:58.230+0000] {processor.py:743} INFO - Processing file /home/airflow/.local/lib/python3.7/site-packages/airflow/example_dags/example_local_kubernetes_executor.py for tasks to queue
[2023-05-05T23:09:58.231+0000] {logging_mixin.py:137} INFO - [2023-05-05T23:09:58.231+0000] {dagbag.py:538} INFO - Filling up the DagBag from /home/airflow/.local/lib/python3.7/site-packages/airflow/example_dags/example_local_kubernetes_executor.py
[2023-05-05T23:09:58.246+0000] {processor.py:753} INFO - DAG(s) dict_keys(['example_local_kubernetes_executor']) retrieved from /home/airflow/.local/lib/python3.7/site-packages/airflow/example_dags/example_local_kubernetes_executor.py
[2023-05-05T23:09:58.264+0000] {logging_mixin.py:137} INFO - [2023-05-05T23:09:58.264+0000] {dag.py:2690} INFO - Sync 1 DAGs
[2023-05-05T23:09:58.280+0000] {logging_mixin.py:137} INFO - [2023-05-05T23:09:58.280+0000] {dag.py:3441} INFO - Setting next_dagrun for example_local_kubernetes_executor to None, run_after=None
[2023-05-05T23:09:58.292+0000] {processor.py:175} INFO - Processing /home/airflow/.local/lib/python3.7/site-packages/airflow/example_dags/example_local_kubernetes_executor.py took 0.067 seconds
[2023-05-05T23:10:29.121+0000] {processor.py:153} INFO - Started process (PID=20084) to work on /home/airflow/.local/lib/python3.7/site-packages/airflow/example_dags/example_local_kubernetes_executor.py
[2023-05-05T23:10:29.123+0000] {processor.py:743} INFO - Processing file /home/airflow/.local/lib/python3.7/site-packages/airflow/example_dags/example_local_kubernetes_executor.py for tasks to queue
[2023-05-05T23:10:29.124+0000] {logging_mixin.py:137} INFO - [2023-05-05T23:10:29.124+0000] {dagbag.py:538} INFO - Filling up the DagBag from /home/airflow/.local/lib/python3.7/site-packages/airflow/example_dags/example_local_kubernetes_executor.py
[2023-05-05T23:10:29.140+0000] {processor.py:753} INFO - DAG(s) dict_keys(['example_local_kubernetes_executor']) retrieved from /home/airflow/.local/lib/python3.7/site-packages/airflow/example_dags/example_local_kubernetes_executor.py
[2023-05-05T23:10:29.159+0000] {logging_mixin.py:137} INFO - [2023-05-05T23:10:29.159+0000] {dag.py:2690} INFO - Sync 1 DAGs
[2023-05-05T23:10:29.176+0000] {logging_mixin.py:137} INFO - [2023-05-05T23:10:29.176+0000] {dag.py:3441} INFO - Setting next_dagrun for example_local_kubernetes_executor to None, run_after=None
[2023-05-05T23:10:29.189+0000] {processor.py:175} INFO - Processing /home/airflow/.local/lib/python3.7/site-packages/airflow/example_dags/example_local_kubernetes_executor.py took 0.071 seconds
[2023-05-05T23:11:00.001+0000] {processor.py:153} INFO - Started process (PID=20167) to work on /home/airflow/.local/lib/python3.7/site-packages/airflow/example_dags/example_local_kubernetes_executor.py
[2023-05-05T23:11:00.003+0000] {processor.py:743} INFO - Processing file /home/airflow/.local/lib/python3.7/site-packages/airflow/example_dags/example_local_kubernetes_executor.py for tasks to queue
[2023-05-05T23:11:00.004+0000] {logging_mixin.py:137} INFO - [2023-05-05T23:11:00.004+0000] {dagbag.py:538} INFO - Filling up the DagBag from /home/airflow/.local/lib/python3.7/site-packages/airflow/example_dags/example_local_kubernetes_executor.py
[2023-05-05T23:11:00.019+0000] {processor.py:753} INFO - DAG(s) dict_keys(['example_local_kubernetes_executor']) retrieved from /home/airflow/.local/lib/python3.7/site-packages/airflow/example_dags/example_local_kubernetes_executor.py
[2023-05-05T23:11:00.042+0000] {logging_mixin.py:137} INFO - [2023-05-05T23:11:00.042+0000] {dag.py:2690} INFO - Sync 1 DAGs
[2023-05-05T23:11:00.057+0000] {logging_mixin.py:137} INFO - [2023-05-05T23:11:00.057+0000] {dag.py:3441} INFO - Setting next_dagrun for example_local_kubernetes_executor to None, run_after=None
[2023-05-05T23:11:00.069+0000] {processor.py:175} INFO - Processing /home/airflow/.local/lib/python3.7/site-packages/airflow/example_dags/example_local_kubernetes_executor.py took 0.070 seconds
[2023-05-05T23:11:30.640+0000] {processor.py:153} INFO - Started process (PID=20251) to work on /home/airflow/.local/lib/python3.7/site-packages/airflow/example_dags/example_local_kubernetes_executor.py
[2023-05-05T23:11:30.643+0000] {processor.py:743} INFO - Processing file /home/airflow/.local/lib/python3.7/site-packages/airflow/example_dags/example_local_kubernetes_executor.py for tasks to queue
[2023-05-05T23:11:30.644+0000] {logging_mixin.py:137} INFO - [2023-05-05T23:11:30.644+0000] {dagbag.py:538} INFO - Filling up the DagBag from /home/airflow/.local/lib/python3.7/site-packages/airflow/example_dags/example_local_kubernetes_executor.py
[2023-05-05T23:11:30.660+0000] {processor.py:753} INFO - DAG(s) dict_keys(['example_local_kubernetes_executor']) retrieved from /home/airflow/.local/lib/python3.7/site-packages/airflow/example_dags/example_local_kubernetes_executor.py
[2023-05-05T23:11:30.681+0000] {logging_mixin.py:137} INFO - [2023-05-05T23:11:30.681+0000] {dag.py:2690} INFO - Sync 1 DAGs
[2023-05-05T23:11:30.697+0000] {logging_mixin.py:137} INFO - [2023-05-05T23:11:30.697+0000] {dag.py:3441} INFO - Setting next_dagrun for example_local_kubernetes_executor to None, run_after=None
[2023-05-05T23:11:30.710+0000] {processor.py:175} INFO - Processing /home/airflow/.local/lib/python3.7/site-packages/airflow/example_dags/example_local_kubernetes_executor.py took 0.072 seconds
[2023-05-05T23:12:01.441+0000] {processor.py:153} INFO - Started process (PID=20322) to work on /home/airflow/.local/lib/python3.7/site-packages/airflow/example_dags/example_local_kubernetes_executor.py
[2023-05-05T23:12:01.443+0000] {processor.py:743} INFO - Processing file /home/airflow/.local/lib/python3.7/site-packages/airflow/example_dags/example_local_kubernetes_executor.py for tasks to queue
[2023-05-05T23:12:01.444+0000] {logging_mixin.py:137} INFO - [2023-05-05T23:12:01.443+0000] {dagbag.py:538} INFO - Filling up the DagBag from /home/airflow/.local/lib/python3.7/site-packages/airflow/example_dags/example_local_kubernetes_executor.py
[2023-05-05T23:12:01.459+0000] {processor.py:753} INFO - DAG(s) dict_keys(['example_local_kubernetes_executor']) retrieved from /home/airflow/.local/lib/python3.7/site-packages/airflow/example_dags/example_local_kubernetes_executor.py
[2023-05-05T23:12:01.478+0000] {logging_mixin.py:137} INFO - [2023-05-05T23:12:01.478+0000] {dag.py:2690} INFO - Sync 1 DAGs
[2023-05-05T23:12:01.493+0000] {logging_mixin.py:137} INFO - [2023-05-05T23:12:01.493+0000] {dag.py:3441} INFO - Setting next_dagrun for example_local_kubernetes_executor to None, run_after=None
[2023-05-05T23:12:01.505+0000] {processor.py:175} INFO - Processing /home/airflow/.local/lib/python3.7/site-packages/airflow/example_dags/example_local_kubernetes_executor.py took 0.067 seconds
[2023-05-05T23:12:32.342+0000] {processor.py:153} INFO - Started process (PID=20405) to work on /home/airflow/.local/lib/python3.7/site-packages/airflow/example_dags/example_local_kubernetes_executor.py
[2023-05-05T23:12:32.344+0000] {processor.py:743} INFO - Processing file /home/airflow/.local/lib/python3.7/site-packages/airflow/example_dags/example_local_kubernetes_executor.py for tasks to queue
[2023-05-05T23:12:32.346+0000] {logging_mixin.py:137} INFO - [2023-05-05T23:12:32.346+0000] {dagbag.py:538} INFO - Filling up the DagBag from /home/airflow/.local/lib/python3.7/site-packages/airflow/example_dags/example_local_kubernetes_executor.py
[2023-05-05T23:12:32.360+0000] {processor.py:753} INFO - DAG(s) dict_keys(['example_local_kubernetes_executor']) retrieved from /home/airflow/.local/lib/python3.7/site-packages/airflow/example_dags/example_local_kubernetes_executor.py
[2023-05-05T23:12:32.377+0000] {logging_mixin.py:137} INFO - [2023-05-05T23:12:32.377+0000] {dag.py:2690} INFO - Sync 1 DAGs
[2023-05-05T23:12:32.391+0000] {logging_mixin.py:137} INFO - [2023-05-05T23:12:32.390+0000] {dag.py:3441} INFO - Setting next_dagrun for example_local_kubernetes_executor to None, run_after=None
[2023-05-05T23:12:32.402+0000] {processor.py:175} INFO - Processing /home/airflow/.local/lib/python3.7/site-packages/airflow/example_dags/example_local_kubernetes_executor.py took 0.063 seconds
[2023-05-05T23:13:03.065+0000] {processor.py:153} INFO - Started process (PID=20489) to work on /home/airflow/.local/lib/python3.7/site-packages/airflow/example_dags/example_local_kubernetes_executor.py
[2023-05-05T23:13:03.066+0000] {processor.py:743} INFO - Processing file /home/airflow/.local/lib/python3.7/site-packages/airflow/example_dags/example_local_kubernetes_executor.py for tasks to queue
[2023-05-05T23:13:03.067+0000] {logging_mixin.py:137} INFO - [2023-05-05T23:13:03.067+0000] {dagbag.py:538} INFO - Filling up the DagBag from /home/airflow/.local/lib/python3.7/site-packages/airflow/example_dags/example_local_kubernetes_executor.py
[2023-05-05T23:13:03.082+0000] {processor.py:753} INFO - DAG(s) dict_keys(['example_local_kubernetes_executor']) retrieved from /home/airflow/.local/lib/python3.7/site-packages/airflow/example_dags/example_local_kubernetes_executor.py
[2023-05-05T23:13:03.105+0000] {logging_mixin.py:137} INFO - [2023-05-05T23:13:03.105+0000] {dag.py:2690} INFO - Sync 1 DAGs
[2023-05-05T23:13:03.121+0000] {logging_mixin.py:137} INFO - [2023-05-05T23:13:03.121+0000] {dag.py:3441} INFO - Setting next_dagrun for example_local_kubernetes_executor to None, run_after=None
[2023-05-05T23:13:03.133+0000] {processor.py:175} INFO - Processing /home/airflow/.local/lib/python3.7/site-packages/airflow/example_dags/example_local_kubernetes_executor.py took 0.070 seconds
[2023-05-05T23:13:33.699+0000] {processor.py:153} INFO - Started process (PID=20573) to work on /home/airflow/.local/lib/python3.7/site-packages/airflow/example_dags/example_local_kubernetes_executor.py
[2023-05-05T23:13:33.700+0000] {processor.py:743} INFO - Processing file /home/airflow/.local/lib/python3.7/site-packages/airflow/example_dags/example_local_kubernetes_executor.py for tasks to queue
[2023-05-05T23:13:33.701+0000] {logging_mixin.py:137} INFO - [2023-05-05T23:13:33.701+0000] {dagbag.py:538} INFO - Filling up the DagBag from /home/airflow/.local/lib/python3.7/site-packages/airflow/example_dags/example_local_kubernetes_executor.py
[2023-05-05T23:13:33.719+0000] {processor.py:753} INFO - DAG(s) dict_keys(['example_local_kubernetes_executor']) retrieved from /home/airflow/.local/lib/python3.7/site-packages/airflow/example_dags/example_local_kubernetes_executor.py
[2023-05-05T23:13:33.741+0000] {logging_mixin.py:137} INFO - [2023-05-05T23:13:33.741+0000] {dag.py:2690} INFO - Sync 1 DAGs
[2023-05-05T23:13:33.759+0000] {logging_mixin.py:137} INFO - [2023-05-05T23:13:33.759+0000] {dag.py:3441} INFO - Setting next_dagrun for example_local_kubernetes_executor to None, run_after=None
[2023-05-05T23:13:33.773+0000] {processor.py:175} INFO - Processing /home/airflow/.local/lib/python3.7/site-packages/airflow/example_dags/example_local_kubernetes_executor.py took 0.077 seconds
[2023-05-05T23:28:58.918+0000] {processor.py:153} INFO - Started process (PID=20632) to work on /home/airflow/.local/lib/python3.7/site-packages/airflow/example_dags/example_local_kubernetes_executor.py
[2023-05-05T23:28:58.921+0000] {processor.py:743} INFO - Processing file /home/airflow/.local/lib/python3.7/site-packages/airflow/example_dags/example_local_kubernetes_executor.py for tasks to queue
[2023-05-05T23:28:58.923+0000] {logging_mixin.py:137} INFO - [2023-05-05T23:28:58.923+0000] {dagbag.py:538} INFO - Filling up the DagBag from /home/airflow/.local/lib/python3.7/site-packages/airflow/example_dags/example_local_kubernetes_executor.py
[2023-05-05T23:28:58.949+0000] {processor.py:753} INFO - DAG(s) dict_keys(['example_local_kubernetes_executor']) retrieved from /home/airflow/.local/lib/python3.7/site-packages/airflow/example_dags/example_local_kubernetes_executor.py
[2023-05-05T23:28:58.978+0000] {logging_mixin.py:137} INFO - [2023-05-05T23:28:58.978+0000] {dag.py:2690} INFO - Sync 1 DAGs
[2023-05-05T23:28:59.003+0000] {logging_mixin.py:137} INFO - [2023-05-05T23:28:59.003+0000] {dag.py:3441} INFO - Setting next_dagrun for example_local_kubernetes_executor to None, run_after=None
[2023-05-05T23:28:59.017+0000] {processor.py:175} INFO - Processing /home/airflow/.local/lib/python3.7/site-packages/airflow/example_dags/example_local_kubernetes_executor.py took 0.101 seconds
[2023-05-05T23:29:29.121+0000] {processor.py:153} INFO - Started process (PID=20715) to work on /home/airflow/.local/lib/python3.7/site-packages/airflow/example_dags/example_local_kubernetes_executor.py
[2023-05-05T23:29:29.122+0000] {processor.py:743} INFO - Processing file /home/airflow/.local/lib/python3.7/site-packages/airflow/example_dags/example_local_kubernetes_executor.py for tasks to queue
[2023-05-05T23:29:29.125+0000] {logging_mixin.py:137} INFO - [2023-05-05T23:29:29.125+0000] {dagbag.py:538} INFO - Filling up the DagBag from /home/airflow/.local/lib/python3.7/site-packages/airflow/example_dags/example_local_kubernetes_executor.py
[2023-05-05T23:29:29.139+0000] {processor.py:753} INFO - DAG(s) dict_keys(['example_local_kubernetes_executor']) retrieved from /home/airflow/.local/lib/python3.7/site-packages/airflow/example_dags/example_local_kubernetes_executor.py
[2023-05-05T23:29:29.158+0000] {logging_mixin.py:137} INFO - [2023-05-05T23:29:29.157+0000] {dag.py:2690} INFO - Sync 1 DAGs
[2023-05-05T23:29:29.180+0000] {logging_mixin.py:137} INFO - [2023-05-05T23:29:29.180+0000] {dag.py:3441} INFO - Setting next_dagrun for example_local_kubernetes_executor to None, run_after=None
[2023-05-05T23:29:29.191+0000] {processor.py:175} INFO - Processing /home/airflow/.local/lib/python3.7/site-packages/airflow/example_dags/example_local_kubernetes_executor.py took 0.073 seconds
[2023-05-05T23:29:59.800+0000] {processor.py:153} INFO - Started process (PID=20799) to work on /home/airflow/.local/lib/python3.7/site-packages/airflow/example_dags/example_local_kubernetes_executor.py
[2023-05-05T23:29:59.801+0000] {processor.py:743} INFO - Processing file /home/airflow/.local/lib/python3.7/site-packages/airflow/example_dags/example_local_kubernetes_executor.py for tasks to queue
[2023-05-05T23:29:59.802+0000] {logging_mixin.py:137} INFO - [2023-05-05T23:29:59.802+0000] {dagbag.py:538} INFO - Filling up the DagBag from /home/airflow/.local/lib/python3.7/site-packages/airflow/example_dags/example_local_kubernetes_executor.py
[2023-05-05T23:29:59.817+0000] {processor.py:753} INFO - DAG(s) dict_keys(['example_local_kubernetes_executor']) retrieved from /home/airflow/.local/lib/python3.7/site-packages/airflow/example_dags/example_local_kubernetes_executor.py
[2023-05-05T23:29:59.837+0000] {logging_mixin.py:137} INFO - [2023-05-05T23:29:59.837+0000] {dag.py:2690} INFO - Sync 1 DAGs
[2023-05-05T23:29:59.853+0000] {logging_mixin.py:137} INFO - [2023-05-05T23:29:59.853+0000] {dag.py:3441} INFO - Setting next_dagrun for example_local_kubernetes_executor to None, run_after=None
[2023-05-05T23:29:59.864+0000] {processor.py:175} INFO - Processing /home/airflow/.local/lib/python3.7/site-packages/airflow/example_dags/example_local_kubernetes_executor.py took 0.066 seconds
[2023-05-05T23:30:30.541+0000] {processor.py:153} INFO - Started process (PID=20870) to work on /home/airflow/.local/lib/python3.7/site-packages/airflow/example_dags/example_local_kubernetes_executor.py
[2023-05-05T23:30:30.543+0000] {processor.py:743} INFO - Processing file /home/airflow/.local/lib/python3.7/site-packages/airflow/example_dags/example_local_kubernetes_executor.py for tasks to queue
[2023-05-05T23:30:30.544+0000] {logging_mixin.py:137} INFO - [2023-05-05T23:30:30.544+0000] {dagbag.py:538} INFO - Filling up the DagBag from /home/airflow/.local/lib/python3.7/site-packages/airflow/example_dags/example_local_kubernetes_executor.py
[2023-05-05T23:30:30.560+0000] {processor.py:753} INFO - DAG(s) dict_keys(['example_local_kubernetes_executor']) retrieved from /home/airflow/.local/lib/python3.7/site-packages/airflow/example_dags/example_local_kubernetes_executor.py
[2023-05-05T23:30:30.579+0000] {logging_mixin.py:137} INFO - [2023-05-05T23:30:30.579+0000] {dag.py:2690} INFO - Sync 1 DAGs
[2023-05-05T23:30:30.595+0000] {logging_mixin.py:137} INFO - [2023-05-05T23:30:30.594+0000] {dag.py:3441} INFO - Setting next_dagrun for example_local_kubernetes_executor to None, run_after=None
[2023-05-05T23:30:30.609+0000] {processor.py:175} INFO - Processing /home/airflow/.local/lib/python3.7/site-packages/airflow/example_dags/example_local_kubernetes_executor.py took 0.071 seconds
[2023-05-05T23:31:01.327+0000] {processor.py:153} INFO - Started process (PID=20955) to work on /home/airflow/.local/lib/python3.7/site-packages/airflow/example_dags/example_local_kubernetes_executor.py
[2023-05-05T23:31:01.329+0000] {processor.py:743} INFO - Processing file /home/airflow/.local/lib/python3.7/site-packages/airflow/example_dags/example_local_kubernetes_executor.py for tasks to queue
[2023-05-05T23:31:01.330+0000] {logging_mixin.py:137} INFO - [2023-05-05T23:31:01.330+0000] {dagbag.py:538} INFO - Filling up the DagBag from /home/airflow/.local/lib/python3.7/site-packages/airflow/example_dags/example_local_kubernetes_executor.py
[2023-05-05T23:31:01.346+0000] {processor.py:753} INFO - DAG(s) dict_keys(['example_local_kubernetes_executor']) retrieved from /home/airflow/.local/lib/python3.7/site-packages/airflow/example_dags/example_local_kubernetes_executor.py
[2023-05-05T23:31:01.365+0000] {logging_mixin.py:137} INFO - [2023-05-05T23:31:01.365+0000] {dag.py:2690} INFO - Sync 1 DAGs
[2023-05-05T23:31:01.380+0000] {logging_mixin.py:137} INFO - [2023-05-05T23:31:01.380+0000] {dag.py:3441} INFO - Setting next_dagrun for example_local_kubernetes_executor to None, run_after=None
[2023-05-05T23:31:01.393+0000] {processor.py:175} INFO - Processing /home/airflow/.local/lib/python3.7/site-packages/airflow/example_dags/example_local_kubernetes_executor.py took 0.069 seconds
[2023-05-05T23:31:32.350+0000] {processor.py:153} INFO - Started process (PID=21039) to work on /home/airflow/.local/lib/python3.7/site-packages/airflow/example_dags/example_local_kubernetes_executor.py
[2023-05-05T23:31:32.352+0000] {processor.py:743} INFO - Processing file /home/airflow/.local/lib/python3.7/site-packages/airflow/example_dags/example_local_kubernetes_executor.py for tasks to queue
[2023-05-05T23:31:32.353+0000] {logging_mixin.py:137} INFO - [2023-05-05T23:31:32.352+0000] {dagbag.py:538} INFO - Filling up the DagBag from /home/airflow/.local/lib/python3.7/site-packages/airflow/example_dags/example_local_kubernetes_executor.py
[2023-05-05T23:31:32.368+0000] {processor.py:753} INFO - DAG(s) dict_keys(['example_local_kubernetes_executor']) retrieved from /home/airflow/.local/lib/python3.7/site-packages/airflow/example_dags/example_local_kubernetes_executor.py
[2023-05-05T23:31:32.386+0000] {logging_mixin.py:137} INFO - [2023-05-05T23:31:32.386+0000] {dag.py:2690} INFO - Sync 1 DAGs
[2023-05-05T23:31:32.402+0000] {logging_mixin.py:137} INFO - [2023-05-05T23:31:32.402+0000] {dag.py:3441} INFO - Setting next_dagrun for example_local_kubernetes_executor to None, run_after=None
[2023-05-05T23:31:32.414+0000] {processor.py:175} INFO - Processing /home/airflow/.local/lib/python3.7/site-packages/airflow/example_dags/example_local_kubernetes_executor.py took 0.066 seconds
[2023-05-05T23:32:02.999+0000] {processor.py:153} INFO - Started process (PID=21122) to work on /home/airflow/.local/lib/python3.7/site-packages/airflow/example_dags/example_local_kubernetes_executor.py
[2023-05-05T23:32:03.000+0000] {processor.py:743} INFO - Processing file /home/airflow/.local/lib/python3.7/site-packages/airflow/example_dags/example_local_kubernetes_executor.py for tasks to queue
[2023-05-05T23:32:03.001+0000] {logging_mixin.py:137} INFO - [2023-05-05T23:32:03.001+0000] {dagbag.py:538} INFO - Filling up the DagBag from /home/airflow/.local/lib/python3.7/site-packages/airflow/example_dags/example_local_kubernetes_executor.py
[2023-05-05T23:32:03.016+0000] {processor.py:753} INFO - DAG(s) dict_keys(['example_local_kubernetes_executor']) retrieved from /home/airflow/.local/lib/python3.7/site-packages/airflow/example_dags/example_local_kubernetes_executor.py
[2023-05-05T23:32:03.039+0000] {logging_mixin.py:137} INFO - [2023-05-05T23:32:03.039+0000] {dag.py:2690} INFO - Sync 1 DAGs
[2023-05-05T23:32:03.056+0000] {logging_mixin.py:137} INFO - [2023-05-05T23:32:03.055+0000] {dag.py:3441} INFO - Setting next_dagrun for example_local_kubernetes_executor to None, run_after=None
[2023-05-05T23:32:03.068+0000] {processor.py:175} INFO - Processing /home/airflow/.local/lib/python3.7/site-packages/airflow/example_dags/example_local_kubernetes_executor.py took 0.072 seconds
[2023-05-05T23:32:34.026+0000] {processor.py:153} INFO - Started process (PID=21193) to work on /home/airflow/.local/lib/python3.7/site-packages/airflow/example_dags/example_local_kubernetes_executor.py
[2023-05-05T23:32:34.029+0000] {processor.py:743} INFO - Processing file /home/airflow/.local/lib/python3.7/site-packages/airflow/example_dags/example_local_kubernetes_executor.py for tasks to queue
[2023-05-05T23:32:34.030+0000] {logging_mixin.py:137} INFO - [2023-05-05T23:32:34.030+0000] {dagbag.py:538} INFO - Filling up the DagBag from /home/airflow/.local/lib/python3.7/site-packages/airflow/example_dags/example_local_kubernetes_executor.py
[2023-05-05T23:32:34.048+0000] {processor.py:753} INFO - DAG(s) dict_keys(['example_local_kubernetes_executor']) retrieved from /home/airflow/.local/lib/python3.7/site-packages/airflow/example_dags/example_local_kubernetes_executor.py
[2023-05-05T23:32:34.072+0000] {logging_mixin.py:137} INFO - [2023-05-05T23:32:34.072+0000] {dag.py:2690} INFO - Sync 1 DAGs
[2023-05-05T23:32:34.088+0000] {logging_mixin.py:137} INFO - [2023-05-05T23:32:34.088+0000] {dag.py:3441} INFO - Setting next_dagrun for example_local_kubernetes_executor to None, run_after=None
[2023-05-05T23:32:34.101+0000] {processor.py:175} INFO - Processing /home/airflow/.local/lib/python3.7/site-packages/airflow/example_dags/example_local_kubernetes_executor.py took 0.079 seconds
[2023-05-05T23:33:05.028+0000] {processor.py:153} INFO - Started process (PID=21276) to work on /home/airflow/.local/lib/python3.7/site-packages/airflow/example_dags/example_local_kubernetes_executor.py
[2023-05-05T23:33:05.030+0000] {processor.py:743} INFO - Processing file /home/airflow/.local/lib/python3.7/site-packages/airflow/example_dags/example_local_kubernetes_executor.py for tasks to queue
[2023-05-05T23:33:05.031+0000] {logging_mixin.py:137} INFO - [2023-05-05T23:33:05.031+0000] {dagbag.py:538} INFO - Filling up the DagBag from /home/airflow/.local/lib/python3.7/site-packages/airflow/example_dags/example_local_kubernetes_executor.py
[2023-05-05T23:33:05.046+0000] {processor.py:753} INFO - DAG(s) dict_keys(['example_local_kubernetes_executor']) retrieved from /home/airflow/.local/lib/python3.7/site-packages/airflow/example_dags/example_local_kubernetes_executor.py
[2023-05-05T23:33:05.064+0000] {logging_mixin.py:137} INFO - [2023-05-05T23:33:05.064+0000] {dag.py:2690} INFO - Sync 1 DAGs
[2023-05-05T23:33:05.080+0000] {logging_mixin.py:137} INFO - [2023-05-05T23:33:05.080+0000] {dag.py:3441} INFO - Setting next_dagrun for example_local_kubernetes_executor to None, run_after=None
[2023-05-05T23:33:05.091+0000] {processor.py:175} INFO - Processing /home/airflow/.local/lib/python3.7/site-packages/airflow/example_dags/example_local_kubernetes_executor.py took 0.065 seconds
