[2023-04-19T12:49:59.462+0000] {taskinstance.py:1083} INFO - Dependencies all met for <TaskInstance: age_check.age_check scheduled__2023-03-01T00:00:00+00:00 [queued]>
[2023-04-19T12:49:59.470+0000] {taskinstance.py:1083} INFO - Dependencies all met for <TaskInstance: age_check.age_check scheduled__2023-03-01T00:00:00+00:00 [queued]>
[2023-04-19T12:49:59.471+0000] {taskinstance.py:1279} INFO - 
--------------------------------------------------------------------------------
[2023-04-19T12:49:59.472+0000] {taskinstance.py:1280} INFO - Starting attempt 2 of 4
[2023-04-19T12:49:59.473+0000] {taskinstance.py:1281} INFO - 
--------------------------------------------------------------------------------
[2023-04-19T12:49:59.481+0000] {taskinstance.py:1300} INFO - Executing <Task(PythonOperator): age_check> on 2023-03-01 00:00:00+00:00
[2023-04-19T12:49:59.487+0000] {standard_task_runner.py:55} INFO - Started process 24891 to run task
[2023-04-19T12:49:59.490+0000] {standard_task_runner.py:82} INFO - Running: ['***', 'tasks', 'run', 'age_check', 'age_check', 'scheduled__2023-03-01T00:00:00+00:00', '--job-id', '1987', '--raw', '--subdir', 'DAGS_FOLDER/age.py', '--cfg-path', '/tmp/tmp2jng2uy7']
[2023-04-19T12:49:59.491+0000] {standard_task_runner.py:83} INFO - Job 1987: Subtask age_check
[2023-04-19T12:49:59.541+0000] {task_command.py:388} INFO - Running <TaskInstance: age_check.age_check scheduled__2023-03-01T00:00:00+00:00 [running]> on host fe34f61acbb3
[2023-04-19T12:49:59.581+0000] {taskinstance.py:1509} INFO - Exporting the following env vars:
AIRFLOW_CTX_DAG_OWNER=***
AIRFLOW_CTX_DAG_ID=age_check
AIRFLOW_CTX_TASK_ID=age_check
AIRFLOW_CTX_EXECUTION_DATE=2023-03-01T00:00:00+00:00
AIRFLOW_CTX_TRY_NUMBER=2
AIRFLOW_CTX_DAG_RUN_ID=scheduled__2023-03-01T00:00:00+00:00
[2023-04-19T12:49:59.587+0000] {taskinstance.py:1768} ERROR - Task failed with exception
Traceback (most recent call last):
  File "/home/airflow/.local/lib/python3.7/site-packages/airflow/operators/python.py", line 175, in execute
    return_value = self.execute_callable()
  File "/home/airflow/.local/lib/python3.7/site-packages/airflow/operators/python.py", line 192, in execute_callable
    return self.python_callable(*self.op_args, **self.op_kwargs)
  File "/opt/airflow/dags/age.py", line 35, in age_check
    birth_year = int(Variable.get('birth_year'))
  File "/home/airflow/.local/lib/python3.7/site-packages/airflow/models/variable.py", line 141, in get
    raise KeyError(f"Variable {key} does not exist")
KeyError: 'Variable birth_year does not exist'
[2023-04-19T12:49:59.616+0000] {taskinstance.py:1323} INFO - Marking task as UP_FOR_RETRY. dag_id=age_check, task_id=age_check, execution_date=20230301T000000, start_date=20230419T124959, end_date=20230419T124959
[2023-04-19T12:49:59.625+0000] {standard_task_runner.py:105} ERROR - Failed to execute job 1987 for task age_check ('Variable birth_year does not exist'; 24891)
[2023-04-19T12:49:59.662+0000] {local_task_job.py:208} INFO - Task exited with return code 1
[2023-04-19T12:49:59.682+0000] {taskinstance.py:2578} INFO - 0 downstream tasks scheduled from follow-on schedule check
[2023-05-20T21:35:29.376+0000] {taskinstance.py:1083} INFO - Dependencies all met for <TaskInstance: age_check.age_check scheduled__2023-03-01T00:00:00+00:00 [queued]>
[2023-05-20T21:35:29.481+0000] {taskinstance.py:1083} INFO - Dependencies all met for <TaskInstance: age_check.age_check scheduled__2023-03-01T00:00:00+00:00 [queued]>
[2023-05-20T21:35:29.488+0000] {taskinstance.py:1279} INFO - 
--------------------------------------------------------------------------------
[2023-05-20T21:35:29.489+0000] {taskinstance.py:1280} INFO - Starting attempt 2 of 4
[2023-05-20T21:35:29.491+0000] {taskinstance.py:1281} INFO - 
--------------------------------------------------------------------------------
[2023-05-20T21:35:29.610+0000] {taskinstance.py:1300} INFO - Executing <Task(PythonOperator): age_check> on 2023-03-01 00:00:00+00:00
[2023-05-20T21:35:29.633+0000] {standard_task_runner.py:55} INFO - Started process 1645 to run task
[2023-05-20T21:35:29.688+0000] {standard_task_runner.py:82} INFO - Running: ['***', 'tasks', 'run', 'age_check', 'age_check', 'scheduled__2023-03-01T00:00:00+00:00', '--job-id', '1557', '--raw', '--subdir', 'DAGS_FOLDER/age.py', '--cfg-path', '/tmp/tmpxxce_591']
[2023-05-20T21:35:29.698+0000] {standard_task_runner.py:83} INFO - Job 1557: Subtask age_check
[2023-05-20T21:35:30.008+0000] {task_command.py:388} INFO - Running <TaskInstance: age_check.age_check scheduled__2023-03-01T00:00:00+00:00 [running]> on host 242f95e3e8a8
[2023-05-20T21:35:30.224+0000] {taskinstance.py:1509} INFO - Exporting the following env vars:
AIRFLOW_CTX_DAG_OWNER=***
AIRFLOW_CTX_DAG_ID=age_check
AIRFLOW_CTX_TASK_ID=age_check
AIRFLOW_CTX_EXECUTION_DATE=2023-03-01T00:00:00+00:00
AIRFLOW_CTX_TRY_NUMBER=2
AIRFLOW_CTX_DAG_RUN_ID=scheduled__2023-03-01T00:00:00+00:00
[2023-05-20T21:35:30.284+0000] {taskinstance.py:1768} ERROR - Task failed with exception
Traceback (most recent call last):
  File "/home/airflow/.local/lib/python3.7/site-packages/airflow/operators/python.py", line 175, in execute
    return_value = self.execute_callable()
  File "/home/airflow/.local/lib/python3.7/site-packages/airflow/operators/python.py", line 192, in execute_callable
    return self.python_callable(*self.op_args, **self.op_kwargs)
  File "/opt/airflow/dags/age.py", line 35, in age_check
    birth_year = int(Variable.get('birth_year'))
  File "/home/airflow/.local/lib/python3.7/site-packages/airflow/models/variable.py", line 141, in get
    raise KeyError(f"Variable {key} does not exist")
KeyError: 'Variable birth_year does not exist'
[2023-05-20T21:35:30.330+0000] {taskinstance.py:1323} INFO - Marking task as UP_FOR_RETRY. dag_id=age_check, task_id=age_check, execution_date=20230301T000000, start_date=20230520T213529, end_date=20230520T213530
[2023-05-20T21:35:30.374+0000] {standard_task_runner.py:105} ERROR - Failed to execute job 1557 for task age_check ('Variable birth_year does not exist'; 1645)
[2023-05-20T21:35:30.545+0000] {local_task_job.py:208} INFO - Task exited with return code 1
[2023-05-20T21:35:30.599+0000] {taskinstance.py:2578} INFO - 0 downstream tasks scheduled from follow-on schedule check
