[2023-04-19T12:47:08.651+0000] {taskinstance.py:1083} INFO - Dependencies all met for <TaskInstance: age_check.multiplication scheduled__2023-01-21T00:00:00+00:00 [queued]>
[2023-04-19T12:47:08.661+0000] {taskinstance.py:1083} INFO - Dependencies all met for <TaskInstance: age_check.multiplication scheduled__2023-01-21T00:00:00+00:00 [queued]>
[2023-04-19T12:47:08.663+0000] {taskinstance.py:1279} INFO - 
--------------------------------------------------------------------------------
[2023-04-19T12:47:08.664+0000] {taskinstance.py:1280} INFO - Starting attempt 1 of 4
[2023-04-19T12:47:08.665+0000] {taskinstance.py:1281} INFO - 
--------------------------------------------------------------------------------
[2023-04-19T12:47:08.676+0000] {taskinstance.py:1300} INFO - Executing <Task(PythonOperator): multiplication> on 2023-01-21 00:00:00+00:00
[2023-04-19T12:47:08.682+0000] {standard_task_runner.py:55} INFO - Started process 24119 to run task
[2023-04-19T12:47:08.686+0000] {standard_task_runner.py:82} INFO - Running: ['***', 'tasks', 'run', 'age_check', 'multiplication', 'scheduled__2023-01-21T00:00:00+00:00', '--job-id', '1666', '--raw', '--subdir', 'DAGS_FOLDER/age.py', '--cfg-path', '/tmp/tmpy_s8jj3d']
[2023-04-19T12:47:08.688+0000] {standard_task_runner.py:83} INFO - Job 1666: Subtask multiplication
[2023-04-19T12:47:08.754+0000] {task_command.py:388} INFO - Running <TaskInstance: age_check.multiplication scheduled__2023-01-21T00:00:00+00:00 [running]> on host fe34f61acbb3
[2023-04-19T12:47:08.826+0000] {taskinstance.py:1509} INFO - Exporting the following env vars:
AIRFLOW_CTX_DAG_OWNER=***
AIRFLOW_CTX_DAG_ID=age_check
AIRFLOW_CTX_TASK_ID=multiplication
AIRFLOW_CTX_EXECUTION_DATE=2023-01-21T00:00:00+00:00
AIRFLOW_CTX_TRY_NUMBER=1
AIRFLOW_CTX_DAG_RUN_ID=scheduled__2023-01-21T00:00:00+00:00
[2023-04-19T12:47:08.827+0000] {logging_mixin.py:137} INFO - 25
[2023-04-19T12:47:08.828+0000] {python.py:177} INFO - Done. Returned value was: None
[2023-04-19T12:47:08.838+0000] {taskinstance.py:1323} INFO - Marking task as SUCCESS. dag_id=age_check, task_id=multiplication, execution_date=20230121T000000, start_date=20230419T124708, end_date=20230419T124708
[2023-04-19T12:47:08.899+0000] {local_task_job.py:208} INFO - Task exited with return code 0
[2023-04-19T12:47:08.927+0000] {taskinstance.py:2578} INFO - 1 downstream tasks scheduled from follow-on schedule check
[2023-05-20T20:58:10.936+0000] {taskinstance.py:1083} INFO - Dependencies all met for <TaskInstance: age_check.multiplication scheduled__2023-01-21T00:00:00+00:00 [queued]>
[2023-05-20T20:58:10.954+0000] {taskinstance.py:1083} INFO - Dependencies all met for <TaskInstance: age_check.multiplication scheduled__2023-01-21T00:00:00+00:00 [queued]>
[2023-05-20T20:58:10.955+0000] {taskinstance.py:1279} INFO - 
--------------------------------------------------------------------------------
[2023-05-20T20:58:10.956+0000] {taskinstance.py:1280} INFO - Starting attempt 1 of 4
[2023-05-20T20:58:10.958+0000] {taskinstance.py:1281} INFO - 
--------------------------------------------------------------------------------
[2023-05-20T20:58:10.980+0000] {taskinstance.py:1300} INFO - Executing <Task(PythonOperator): multiplication> on 2023-01-21 00:00:00+00:00
[2023-05-20T20:58:10.985+0000] {standard_task_runner.py:55} INFO - Started process 794 to run task
[2023-05-20T20:58:10.990+0000] {standard_task_runner.py:82} INFO - Running: ['***', 'tasks', 'run', 'age_check', 'multiplication', 'scheduled__2023-01-21T00:00:00+00:00', '--job-id', '1210', '--raw', '--subdir', 'DAGS_FOLDER/age.py', '--cfg-path', '/tmp/tmp99g58a7p']
[2023-05-20T20:58:10.994+0000] {standard_task_runner.py:83} INFO - Job 1210: Subtask multiplication
[2023-05-20T20:58:11.078+0000] {task_command.py:388} INFO - Running <TaskInstance: age_check.multiplication scheduled__2023-01-21T00:00:00+00:00 [running]> on host 242f95e3e8a8
[2023-05-20T20:58:11.162+0000] {taskinstance.py:1509} INFO - Exporting the following env vars:
AIRFLOW_CTX_DAG_OWNER=***
AIRFLOW_CTX_DAG_ID=age_check
AIRFLOW_CTX_TASK_ID=multiplication
AIRFLOW_CTX_EXECUTION_DATE=2023-01-21T00:00:00+00:00
AIRFLOW_CTX_TRY_NUMBER=1
AIRFLOW_CTX_DAG_RUN_ID=scheduled__2023-01-21T00:00:00+00:00
[2023-05-20T20:58:11.165+0000] {logging_mixin.py:137} INFO - 25
[2023-05-20T20:58:11.166+0000] {python.py:177} INFO - Done. Returned value was: None
[2023-05-20T20:58:11.185+0000] {taskinstance.py:1323} INFO - Marking task as SUCCESS. dag_id=age_check, task_id=multiplication, execution_date=20230121T000000, start_date=20230520T205810, end_date=20230520T205811
[2023-05-20T20:58:11.244+0000] {local_task_job.py:208} INFO - Task exited with return code 0
[2023-05-20T20:58:11.278+0000] {taskinstance.py:2578} INFO - 1 downstream tasks scheduled from follow-on schedule check
