[2023-09-08T00:29:07.262+0000] {processor.py:153} INFO - Started process (PID=279182) to work on /home/airflow/.local/lib/python3.7/site-packages/airflow/example_dags/example_xcomargs.py
[2023-09-08T00:29:07.268+0000] {processor.py:743} INFO - Processing file /home/airflow/.local/lib/python3.7/site-packages/airflow/example_dags/example_xcomargs.py for tasks to queue
[2023-09-08T00:29:07.273+0000] {logging_mixin.py:137} INFO - [2023-09-08T00:29:07.273+0000] {dagbag.py:538} INFO - Filling up the DagBag from /home/airflow/.local/lib/python3.7/site-packages/airflow/example_dags/example_xcomargs.py
[2023-09-08T00:29:07.364+0000] {processor.py:753} INFO - DAG(s) dict_keys(['example_xcom_args_with_operators', 'example_xcom_args']) retrieved from /home/airflow/.local/lib/python3.7/site-packages/airflow/example_dags/example_xcomargs.py
[2023-09-08T00:29:07.552+0000] {logging_mixin.py:137} INFO - [2023-09-08T00:29:07.551+0000] {dag.py:2690} INFO - Sync 2 DAGs
[2023-09-08T00:29:07.624+0000] {logging_mixin.py:137} INFO - [2023-09-08T00:29:07.624+0000] {dag.py:3441} INFO - Setting next_dagrun for example_xcom_args to None, run_after=None
[2023-09-08T00:29:07.633+0000] {logging_mixin.py:137} INFO - [2023-09-08T00:29:07.633+0000] {dag.py:3441} INFO - Setting next_dagrun for example_xcom_args_with_operators to None, run_after=None
[2023-09-08T00:29:07.694+0000] {processor.py:175} INFO - Processing /home/airflow/.local/lib/python3.7/site-packages/airflow/example_dags/example_xcomargs.py took 0.449 seconds
[2023-09-08T01:24:07.650+0000] {processor.py:153} INFO - Started process (PID=279243) to work on /home/airflow/.local/lib/python3.7/site-packages/airflow/example_dags/example_xcomargs.py
[2023-09-08T01:24:07.658+0000] {processor.py:743} INFO - Processing file /home/airflow/.local/lib/python3.7/site-packages/airflow/example_dags/example_xcomargs.py for tasks to queue
[2023-09-08T01:24:07.661+0000] {logging_mixin.py:137} INFO - [2023-09-08T01:24:07.661+0000] {dagbag.py:538} INFO - Filling up the DagBag from /home/airflow/.local/lib/python3.7/site-packages/airflow/example_dags/example_xcomargs.py
[2023-09-08T01:24:07.827+0000] {processor.py:753} INFO - DAG(s) dict_keys(['example_xcom_args', 'example_xcom_args_with_operators']) retrieved from /home/airflow/.local/lib/python3.7/site-packages/airflow/example_dags/example_xcomargs.py
[2023-09-08T01:24:08.128+0000] {logging_mixin.py:137} INFO - [2023-09-08T01:24:08.128+0000] {dag.py:2690} INFO - Sync 2 DAGs
[2023-09-08T01:24:08.317+0000] {logging_mixin.py:137} INFO - [2023-09-08T01:24:08.317+0000] {dag.py:3441} INFO - Setting next_dagrun for example_xcom_args to None, run_after=None
[2023-09-08T01:24:08.347+0000] {logging_mixin.py:137} INFO - [2023-09-08T01:24:08.347+0000] {dag.py:3441} INFO - Setting next_dagrun for example_xcom_args_with_operators to None, run_after=None
[2023-09-08T01:24:08.443+0000] {processor.py:175} INFO - Processing /home/airflow/.local/lib/python3.7/site-packages/airflow/example_dags/example_xcomargs.py took 0.797 seconds
[2023-09-08T01:58:44.884+0000] {processor.py:153} INFO - Started process (PID=279312) to work on /home/airflow/.local/lib/python3.7/site-packages/airflow/example_dags/example_xcomargs.py
[2023-09-08T01:58:44.887+0000] {processor.py:743} INFO - Processing file /home/airflow/.local/lib/python3.7/site-packages/airflow/example_dags/example_xcomargs.py for tasks to queue
[2023-09-08T01:58:44.889+0000] {logging_mixin.py:137} INFO - [2023-09-08T01:58:44.889+0000] {dagbag.py:538} INFO - Filling up the DagBag from /home/airflow/.local/lib/python3.7/site-packages/airflow/example_dags/example_xcomargs.py
[2023-09-08T01:58:44.925+0000] {processor.py:753} INFO - DAG(s) dict_keys(['example_xcom_args', 'example_xcom_args_with_operators']) retrieved from /home/airflow/.local/lib/python3.7/site-packages/airflow/example_dags/example_xcomargs.py
[2023-09-08T01:58:44.977+0000] {logging_mixin.py:137} INFO - [2023-09-08T01:58:44.976+0000] {dag.py:2690} INFO - Sync 2 DAGs
[2023-09-08T01:58:45.024+0000] {logging_mixin.py:137} INFO - [2023-09-08T01:58:45.023+0000] {dag.py:3441} INFO - Setting next_dagrun for example_xcom_args to None, run_after=None
[2023-09-08T01:58:45.050+0000] {logging_mixin.py:137} INFO - [2023-09-08T01:58:45.049+0000] {dag.py:3441} INFO - Setting next_dagrun for example_xcom_args_with_operators to None, run_after=None
[2023-09-08T01:58:45.131+0000] {processor.py:175} INFO - Processing /home/airflow/.local/lib/python3.7/site-packages/airflow/example_dags/example_xcomargs.py took 0.251 seconds
[2023-09-08T03:22:23.832+0000] {processor.py:153} INFO - Started process (PID=279367) to work on /home/airflow/.local/lib/python3.7/site-packages/airflow/example_dags/example_xcomargs.py
[2023-09-08T03:22:23.834+0000] {processor.py:743} INFO - Processing file /home/airflow/.local/lib/python3.7/site-packages/airflow/example_dags/example_xcomargs.py for tasks to queue
[2023-09-08T03:22:23.837+0000] {logging_mixin.py:137} INFO - [2023-09-08T03:22:23.837+0000] {dagbag.py:538} INFO - Filling up the DagBag from /home/airflow/.local/lib/python3.7/site-packages/airflow/example_dags/example_xcomargs.py
[2023-09-08T03:22:23.858+0000] {processor.py:753} INFO - DAG(s) dict_keys(['example_xcom_args_with_operators', 'example_xcom_args']) retrieved from /home/airflow/.local/lib/python3.7/site-packages/airflow/example_dags/example_xcomargs.py
[2023-09-08T03:22:23.887+0000] {logging_mixin.py:137} INFO - [2023-09-08T03:22:23.887+0000] {dag.py:2690} INFO - Sync 2 DAGs
[2023-09-08T03:22:23.909+0000] {logging_mixin.py:137} INFO - [2023-09-08T03:22:23.909+0000] {dag.py:3441} INFO - Setting next_dagrun for example_xcom_args to None, run_after=None
[2023-09-08T03:22:23.915+0000] {logging_mixin.py:137} INFO - [2023-09-08T03:22:23.915+0000] {dag.py:3441} INFO - Setting next_dagrun for example_xcom_args_with_operators to None, run_after=None
[2023-09-08T03:22:23.930+0000] {processor.py:175} INFO - Processing /home/airflow/.local/lib/python3.7/site-packages/airflow/example_dags/example_xcomargs.py took 0.102 seconds
[2023-09-08T04:30:42.243+0000] {processor.py:153} INFO - Started process (PID=279435) to work on /home/airflow/.local/lib/python3.7/site-packages/airflow/example_dags/example_xcomargs.py
[2023-09-08T04:30:42.254+0000] {processor.py:743} INFO - Processing file /home/airflow/.local/lib/python3.7/site-packages/airflow/example_dags/example_xcomargs.py for tasks to queue
[2023-09-08T04:30:42.256+0000] {logging_mixin.py:137} INFO - [2023-09-08T04:30:42.256+0000] {dagbag.py:538} INFO - Filling up the DagBag from /home/airflow/.local/lib/python3.7/site-packages/airflow/example_dags/example_xcomargs.py
[2023-09-08T04:30:42.277+0000] {processor.py:753} INFO - DAG(s) dict_keys(['example_xcom_args', 'example_xcom_args_with_operators']) retrieved from /home/airflow/.local/lib/python3.7/site-packages/airflow/example_dags/example_xcomargs.py
[2023-09-08T04:30:42.304+0000] {logging_mixin.py:137} INFO - [2023-09-08T04:30:42.304+0000] {dag.py:2690} INFO - Sync 2 DAGs
[2023-09-08T04:30:42.325+0000] {logging_mixin.py:137} INFO - [2023-09-08T04:30:42.325+0000] {dag.py:3441} INFO - Setting next_dagrun for example_xcom_args to None, run_after=None
[2023-09-08T04:30:42.329+0000] {logging_mixin.py:137} INFO - [2023-09-08T04:30:42.329+0000] {dag.py:3441} INFO - Setting next_dagrun for example_xcom_args_with_operators to None, run_after=None
[2023-09-08T04:30:42.346+0000] {processor.py:175} INFO - Processing /home/airflow/.local/lib/python3.7/site-packages/airflow/example_dags/example_xcomargs.py took 0.106 seconds
[2023-09-08T05:52:33.493+0000] {processor.py:153} INFO - Started process (PID=279501) to work on /home/airflow/.local/lib/python3.7/site-packages/airflow/example_dags/example_xcomargs.py
[2023-09-08T05:52:33.723+0000] {processor.py:743} INFO - Processing file /home/airflow/.local/lib/python3.7/site-packages/airflow/example_dags/example_xcomargs.py for tasks to queue
[2023-09-08T05:52:33.727+0000] {logging_mixin.py:137} INFO - [2023-09-08T05:52:33.726+0000] {dagbag.py:538} INFO - Filling up the DagBag from /home/airflow/.local/lib/python3.7/site-packages/airflow/example_dags/example_xcomargs.py
[2023-09-08T05:52:33.748+0000] {processor.py:753} INFO - DAG(s) dict_keys(['example_xcom_args_with_operators', 'example_xcom_args']) retrieved from /home/airflow/.local/lib/python3.7/site-packages/airflow/example_dags/example_xcomargs.py
[2023-09-08T05:52:33.793+0000] {logging_mixin.py:137} INFO - [2023-09-08T05:52:33.793+0000] {dag.py:2690} INFO - Sync 2 DAGs
[2023-09-08T05:52:33.821+0000] {logging_mixin.py:137} INFO - [2023-09-08T05:52:33.821+0000] {dag.py:3441} INFO - Setting next_dagrun for example_xcom_args to None, run_after=None
[2023-09-08T05:52:33.842+0000] {logging_mixin.py:137} INFO - [2023-09-08T05:52:33.842+0000] {dag.py:3441} INFO - Setting next_dagrun for example_xcom_args_with_operators to None, run_after=None
[2023-09-08T05:52:33.867+0000] {processor.py:175} INFO - Processing /home/airflow/.local/lib/python3.7/site-packages/airflow/example_dags/example_xcomargs.py took 0.379 seconds
[2023-09-08T06:58:09.637+0000] {processor.py:153} INFO - Started process (PID=279556) to work on /home/airflow/.local/lib/python3.7/site-packages/airflow/example_dags/example_xcomargs.py
[2023-09-08T06:58:09.670+0000] {processor.py:743} INFO - Processing file /home/airflow/.local/lib/python3.7/site-packages/airflow/example_dags/example_xcomargs.py for tasks to queue
[2023-09-08T06:58:09.684+0000] {logging_mixin.py:137} INFO - [2023-09-08T06:58:09.683+0000] {dagbag.py:538} INFO - Filling up the DagBag from /home/airflow/.local/lib/python3.7/site-packages/airflow/example_dags/example_xcomargs.py
[2023-09-08T06:58:09.704+0000] {processor.py:753} INFO - DAG(s) dict_keys(['example_xcom_args_with_operators', 'example_xcom_args']) retrieved from /home/airflow/.local/lib/python3.7/site-packages/airflow/example_dags/example_xcomargs.py
[2023-09-08T06:58:09.734+0000] {logging_mixin.py:137} INFO - [2023-09-08T06:58:09.734+0000] {dag.py:2690} INFO - Sync 2 DAGs
[2023-09-08T06:58:09.753+0000] {logging_mixin.py:137} INFO - [2023-09-08T06:58:09.753+0000] {dag.py:3441} INFO - Setting next_dagrun for example_xcom_args to None, run_after=None
[2023-09-08T06:58:09.758+0000] {logging_mixin.py:137} INFO - [2023-09-08T06:58:09.758+0000] {dag.py:3441} INFO - Setting next_dagrun for example_xcom_args_with_operators to None, run_after=None
[2023-09-08T06:58:09.772+0000] {processor.py:175} INFO - Processing /home/airflow/.local/lib/python3.7/site-packages/airflow/example_dags/example_xcomargs.py took 0.139 seconds
[2023-09-08T09:07:57.967+0000] {processor.py:153} INFO - Started process (PID=279635) to work on /home/airflow/.local/lib/python3.7/site-packages/airflow/example_dags/example_xcomargs.py
[2023-09-08T09:07:57.974+0000] {processor.py:743} INFO - Processing file /home/airflow/.local/lib/python3.7/site-packages/airflow/example_dags/example_xcomargs.py for tasks to queue
[2023-09-08T09:07:57.979+0000] {logging_mixin.py:137} INFO - [2023-09-08T09:07:57.979+0000] {dagbag.py:538} INFO - Filling up the DagBag from /home/airflow/.local/lib/python3.7/site-packages/airflow/example_dags/example_xcomargs.py
[2023-09-08T09:07:58.091+0000] {processor.py:753} INFO - DAG(s) dict_keys(['example_xcom_args', 'example_xcom_args_with_operators']) retrieved from /home/airflow/.local/lib/python3.7/site-packages/airflow/example_dags/example_xcomargs.py
[2023-09-08T09:07:58.209+0000] {logging_mixin.py:137} INFO - [2023-09-08T09:07:58.209+0000] {dag.py:2690} INFO - Sync 2 DAGs
[2023-09-08T09:07:58.250+0000] {logging_mixin.py:137} INFO - [2023-09-08T09:07:58.250+0000] {dag.py:3441} INFO - Setting next_dagrun for example_xcom_args to None, run_after=None
[2023-09-08T09:07:58.262+0000] {logging_mixin.py:137} INFO - [2023-09-08T09:07:58.262+0000] {dag.py:3441} INFO - Setting next_dagrun for example_xcom_args_with_operators to None, run_after=None
[2023-09-08T09:07:58.346+0000] {processor.py:175} INFO - Processing /home/airflow/.local/lib/python3.7/site-packages/airflow/example_dags/example_xcomargs.py took 0.401 seconds
[2023-09-08T09:42:26.723+0000] {processor.py:153} INFO - Started process (PID=279716) to work on /home/airflow/.local/lib/python3.7/site-packages/airflow/example_dags/example_xcomargs.py
[2023-09-08T09:42:26.851+0000] {processor.py:743} INFO - Processing file /home/airflow/.local/lib/python3.7/site-packages/airflow/example_dags/example_xcomargs.py for tasks to queue
[2023-09-08T09:42:26.872+0000] {logging_mixin.py:137} INFO - [2023-09-08T09:42:26.872+0000] {dagbag.py:538} INFO - Filling up the DagBag from /home/airflow/.local/lib/python3.7/site-packages/airflow/example_dags/example_xcomargs.py
[2023-09-08T09:42:27.327+0000] {processor.py:753} INFO - DAG(s) dict_keys(['example_xcom_args_with_operators', 'example_xcom_args']) retrieved from /home/airflow/.local/lib/python3.7/site-packages/airflow/example_dags/example_xcomargs.py
[2023-09-08T09:42:27.533+0000] {logging_mixin.py:137} INFO - [2023-09-08T09:42:27.533+0000] {dag.py:2690} INFO - Sync 2 DAGs
[2023-09-08T09:42:27.570+0000] {logging_mixin.py:137} INFO - [2023-09-08T09:42:27.570+0000] {dag.py:3441} INFO - Setting next_dagrun for example_xcom_args to None, run_after=None
[2023-09-08T09:42:27.585+0000] {logging_mixin.py:137} INFO - [2023-09-08T09:42:27.585+0000] {dag.py:3441} INFO - Setting next_dagrun for example_xcom_args_with_operators to None, run_after=None
[2023-09-08T09:42:27.610+0000] {processor.py:175} INFO - Processing /home/airflow/.local/lib/python3.7/site-packages/airflow/example_dags/example_xcomargs.py took 0.900 seconds
[2023-09-08T10:51:18.014+0000] {processor.py:153} INFO - Started process (PID=279786) to work on /home/airflow/.local/lib/python3.7/site-packages/airflow/example_dags/example_xcomargs.py
[2023-09-08T10:51:18.016+0000] {processor.py:743} INFO - Processing file /home/airflow/.local/lib/python3.7/site-packages/airflow/example_dags/example_xcomargs.py for tasks to queue
[2023-09-08T10:51:18.018+0000] {logging_mixin.py:137} INFO - [2023-09-08T10:51:18.018+0000] {dagbag.py:538} INFO - Filling up the DagBag from /home/airflow/.local/lib/python3.7/site-packages/airflow/example_dags/example_xcomargs.py
[2023-09-08T10:51:18.039+0000] {processor.py:753} INFO - DAG(s) dict_keys(['example_xcom_args_with_operators', 'example_xcom_args']) retrieved from /home/airflow/.local/lib/python3.7/site-packages/airflow/example_dags/example_xcomargs.py
[2023-09-08T10:51:18.066+0000] {logging_mixin.py:137} INFO - [2023-09-08T10:51:18.066+0000] {dag.py:2690} INFO - Sync 2 DAGs
[2023-09-08T10:51:18.091+0000] {logging_mixin.py:137} INFO - [2023-09-08T10:51:18.091+0000] {dag.py:3441} INFO - Setting next_dagrun for example_xcom_args to None, run_after=None
[2023-09-08T10:51:18.094+0000] {logging_mixin.py:137} INFO - [2023-09-08T10:51:18.094+0000] {dag.py:3441} INFO - Setting next_dagrun for example_xcom_args_with_operators to None, run_after=None
[2023-09-08T10:51:18.139+0000] {processor.py:175} INFO - Processing /home/airflow/.local/lib/python3.7/site-packages/airflow/example_dags/example_xcomargs.py took 0.129 seconds
[2023-09-08T12:16:35.201+0000] {processor.py:153} INFO - Started process (PID=279855) to work on /home/airflow/.local/lib/python3.7/site-packages/airflow/example_dags/example_xcomargs.py
[2023-09-08T12:16:35.206+0000] {processor.py:743} INFO - Processing file /home/airflow/.local/lib/python3.7/site-packages/airflow/example_dags/example_xcomargs.py for tasks to queue
[2023-09-08T12:16:35.218+0000] {logging_mixin.py:137} INFO - [2023-09-08T12:16:35.217+0000] {dagbag.py:538} INFO - Filling up the DagBag from /home/airflow/.local/lib/python3.7/site-packages/airflow/example_dags/example_xcomargs.py
[2023-09-08T12:16:35.258+0000] {processor.py:753} INFO - DAG(s) dict_keys(['example_xcom_args_with_operators', 'example_xcom_args']) retrieved from /home/airflow/.local/lib/python3.7/site-packages/airflow/example_dags/example_xcomargs.py
[2023-09-08T12:16:35.318+0000] {logging_mixin.py:137} INFO - [2023-09-08T12:16:35.317+0000] {dag.py:2690} INFO - Sync 2 DAGs
[2023-09-08T12:16:35.348+0000] {logging_mixin.py:137} INFO - [2023-09-08T12:16:35.348+0000] {dag.py:3441} INFO - Setting next_dagrun for example_xcom_args to None, run_after=None
[2023-09-08T12:16:35.356+0000] {logging_mixin.py:137} INFO - [2023-09-08T12:16:35.356+0000] {dag.py:3441} INFO - Setting next_dagrun for example_xcom_args_with_operators to None, run_after=None
[2023-09-08T12:16:35.388+0000] {processor.py:175} INFO - Processing /home/airflow/.local/lib/python3.7/site-packages/airflow/example_dags/example_xcomargs.py took 0.197 seconds
[2023-09-08T13:21:43.672+0000] {processor.py:153} INFO - Started process (PID=279923) to work on /home/airflow/.local/lib/python3.7/site-packages/airflow/example_dags/example_xcomargs.py
[2023-09-08T13:21:43.674+0000] {processor.py:743} INFO - Processing file /home/airflow/.local/lib/python3.7/site-packages/airflow/example_dags/example_xcomargs.py for tasks to queue
[2023-09-08T13:21:43.675+0000] {logging_mixin.py:137} INFO - [2023-09-08T13:21:43.675+0000] {dagbag.py:538} INFO - Filling up the DagBag from /home/airflow/.local/lib/python3.7/site-packages/airflow/example_dags/example_xcomargs.py
[2023-09-08T13:21:43.695+0000] {processor.py:753} INFO - DAG(s) dict_keys(['example_xcom_args_with_operators', 'example_xcom_args']) retrieved from /home/airflow/.local/lib/python3.7/site-packages/airflow/example_dags/example_xcomargs.py
[2023-09-08T13:21:43.720+0000] {logging_mixin.py:137} INFO - [2023-09-08T13:21:43.720+0000] {dag.py:2690} INFO - Sync 2 DAGs
[2023-09-08T13:21:43.739+0000] {logging_mixin.py:137} INFO - [2023-09-08T13:21:43.739+0000] {dag.py:3441} INFO - Setting next_dagrun for example_xcom_args to None, run_after=None
[2023-09-08T13:21:43.742+0000] {logging_mixin.py:137} INFO - [2023-09-08T13:21:43.742+0000] {dag.py:3441} INFO - Setting next_dagrun for example_xcom_args_with_operators to None, run_after=None
[2023-09-08T13:21:43.753+0000] {processor.py:175} INFO - Processing /home/airflow/.local/lib/python3.7/site-packages/airflow/example_dags/example_xcomargs.py took 0.085 seconds
[2023-09-08T14:44:37.329+0000] {processor.py:153} INFO - Started process (PID=279990) to work on /home/airflow/.local/lib/python3.7/site-packages/airflow/example_dags/example_xcomargs.py
[2023-09-08T14:44:37.331+0000] {processor.py:743} INFO - Processing file /home/airflow/.local/lib/python3.7/site-packages/airflow/example_dags/example_xcomargs.py for tasks to queue
[2023-09-08T14:44:37.332+0000] {logging_mixin.py:137} INFO - [2023-09-08T14:44:37.332+0000] {dagbag.py:538} INFO - Filling up the DagBag from /home/airflow/.local/lib/python3.7/site-packages/airflow/example_dags/example_xcomargs.py
[2023-09-08T14:44:37.348+0000] {processor.py:753} INFO - DAG(s) dict_keys(['example_xcom_args_with_operators', 'example_xcom_args']) retrieved from /home/airflow/.local/lib/python3.7/site-packages/airflow/example_dags/example_xcomargs.py
[2023-09-08T14:44:37.372+0000] {logging_mixin.py:137} INFO - [2023-09-08T14:44:37.372+0000] {dag.py:2690} INFO - Sync 2 DAGs
[2023-09-08T14:44:37.387+0000] {logging_mixin.py:137} INFO - [2023-09-08T14:44:37.386+0000] {dag.py:3441} INFO - Setting next_dagrun for example_xcom_args to None, run_after=None
[2023-09-08T14:44:37.390+0000] {logging_mixin.py:137} INFO - [2023-09-08T14:44:37.390+0000] {dag.py:3441} INFO - Setting next_dagrun for example_xcom_args_with_operators to None, run_after=None
[2023-09-08T14:44:37.400+0000] {processor.py:175} INFO - Processing /home/airflow/.local/lib/python3.7/site-packages/airflow/example_dags/example_xcomargs.py took 0.074 seconds
[2023-09-08T15:51:53.240+0000] {processor.py:153} INFO - Started process (PID=280058) to work on /home/airflow/.local/lib/python3.7/site-packages/airflow/example_dags/example_xcomargs.py
[2023-09-08T15:51:53.397+0000] {processor.py:743} INFO - Processing file /home/airflow/.local/lib/python3.7/site-packages/airflow/example_dags/example_xcomargs.py for tasks to queue
[2023-09-08T15:51:53.588+0000] {logging_mixin.py:137} INFO - [2023-09-08T15:51:53.587+0000] {dagbag.py:538} INFO - Filling up the DagBag from /home/airflow/.local/lib/python3.7/site-packages/airflow/example_dags/example_xcomargs.py
[2023-09-08T15:51:53.959+0000] {processor.py:753} INFO - DAG(s) dict_keys(['example_xcom_args_with_operators', 'example_xcom_args']) retrieved from /home/airflow/.local/lib/python3.7/site-packages/airflow/example_dags/example_xcomargs.py
[2023-09-08T15:51:54.146+0000] {logging_mixin.py:137} INFO - [2023-09-08T15:51:54.146+0000] {dag.py:2690} INFO - Sync 2 DAGs
[2023-09-08T15:51:54.206+0000] {logging_mixin.py:137} INFO - [2023-09-08T15:51:54.206+0000] {dag.py:3441} INFO - Setting next_dagrun for example_xcom_args to None, run_after=None
[2023-09-08T15:51:54.219+0000] {logging_mixin.py:137} INFO - [2023-09-08T15:51:54.219+0000] {dag.py:3441} INFO - Setting next_dagrun for example_xcom_args_with_operators to None, run_after=None
[2023-09-08T15:51:54.255+0000] {processor.py:175} INFO - Processing /home/airflow/.local/lib/python3.7/site-packages/airflow/example_dags/example_xcomargs.py took 1.019 seconds
[2023-09-08T18:05:56.536+0000] {processor.py:153} INFO - Started process (PID=280125) to work on /home/airflow/.local/lib/python3.7/site-packages/airflow/example_dags/example_xcomargs.py
[2023-09-08T18:05:56.558+0000] {processor.py:743} INFO - Processing file /home/airflow/.local/lib/python3.7/site-packages/airflow/example_dags/example_xcomargs.py for tasks to queue
[2023-09-08T18:05:56.576+0000] {logging_mixin.py:137} INFO - [2023-09-08T18:05:56.576+0000] {dagbag.py:538} INFO - Filling up the DagBag from /home/airflow/.local/lib/python3.7/site-packages/airflow/example_dags/example_xcomargs.py
[2023-09-08T18:05:56.837+0000] {processor.py:753} INFO - DAG(s) dict_keys(['example_xcom_args', 'example_xcom_args_with_operators']) retrieved from /home/airflow/.local/lib/python3.7/site-packages/airflow/example_dags/example_xcomargs.py
[2023-09-08T18:05:57.023+0000] {logging_mixin.py:137} INFO - [2023-09-08T18:05:57.023+0000] {dag.py:2690} INFO - Sync 2 DAGs
[2023-09-08T18:05:57.055+0000] {logging_mixin.py:137} INFO - [2023-09-08T18:05:57.055+0000] {dag.py:3441} INFO - Setting next_dagrun for example_xcom_args to None, run_after=None
[2023-09-08T18:05:57.066+0000] {logging_mixin.py:137} INFO - [2023-09-08T18:05:57.066+0000] {dag.py:3441} INFO - Setting next_dagrun for example_xcom_args_with_operators to None, run_after=None
[2023-09-08T18:05:57.098+0000] {processor.py:175} INFO - Processing /home/airflow/.local/lib/python3.7/site-packages/airflow/example_dags/example_xcomargs.py took 0.566 seconds
[2023-09-08T18:55:46.257+0000] {processor.py:153} INFO - Started process (PID=280204) to work on /home/airflow/.local/lib/python3.7/site-packages/airflow/example_dags/example_xcomargs.py
[2023-09-08T18:55:46.259+0000] {processor.py:743} INFO - Processing file /home/airflow/.local/lib/python3.7/site-packages/airflow/example_dags/example_xcomargs.py for tasks to queue
[2023-09-08T18:55:46.263+0000] {logging_mixin.py:137} INFO - [2023-09-08T18:55:46.263+0000] {dagbag.py:538} INFO - Filling up the DagBag from /home/airflow/.local/lib/python3.7/site-packages/airflow/example_dags/example_xcomargs.py
[2023-09-08T18:55:46.310+0000] {processor.py:753} INFO - DAG(s) dict_keys(['example_xcom_args', 'example_xcom_args_with_operators']) retrieved from /home/airflow/.local/lib/python3.7/site-packages/airflow/example_dags/example_xcomargs.py
[2023-09-08T18:55:46.365+0000] {logging_mixin.py:137} INFO - [2023-09-08T18:55:46.365+0000] {dag.py:2690} INFO - Sync 2 DAGs
[2023-09-08T18:55:46.403+0000] {logging_mixin.py:137} INFO - [2023-09-08T18:55:46.403+0000] {dag.py:3441} INFO - Setting next_dagrun for example_xcom_args to None, run_after=None
[2023-09-08T18:55:46.410+0000] {logging_mixin.py:137} INFO - [2023-09-08T18:55:46.410+0000] {dag.py:3441} INFO - Setting next_dagrun for example_xcom_args_with_operators to None, run_after=None
[2023-09-08T18:55:46.430+0000] {processor.py:175} INFO - Processing /home/airflow/.local/lib/python3.7/site-packages/airflow/example_dags/example_xcomargs.py took 0.177 seconds
[2023-09-08T20:04:03.235+0000] {processor.py:153} INFO - Started process (PID=280260) to work on /home/airflow/.local/lib/python3.7/site-packages/airflow/example_dags/example_xcomargs.py
[2023-09-08T20:04:03.239+0000] {processor.py:743} INFO - Processing file /home/airflow/.local/lib/python3.7/site-packages/airflow/example_dags/example_xcomargs.py for tasks to queue
[2023-09-08T20:04:03.243+0000] {logging_mixin.py:137} INFO - [2023-09-08T20:04:03.243+0000] {dagbag.py:538} INFO - Filling up the DagBag from /home/airflow/.local/lib/python3.7/site-packages/airflow/example_dags/example_xcomargs.py
[2023-09-08T20:04:03.266+0000] {processor.py:753} INFO - DAG(s) dict_keys(['example_xcom_args', 'example_xcom_args_with_operators']) retrieved from /home/airflow/.local/lib/python3.7/site-packages/airflow/example_dags/example_xcomargs.py
[2023-09-08T20:04:03.299+0000] {logging_mixin.py:137} INFO - [2023-09-08T20:04:03.299+0000] {dag.py:2690} INFO - Sync 2 DAGs
[2023-09-08T20:04:03.326+0000] {logging_mixin.py:137} INFO - [2023-09-08T20:04:03.326+0000] {dag.py:3441} INFO - Setting next_dagrun for example_xcom_args to None, run_after=None
[2023-09-08T20:04:03.330+0000] {logging_mixin.py:137} INFO - [2023-09-08T20:04:03.330+0000] {dag.py:3441} INFO - Setting next_dagrun for example_xcom_args_with_operators to None, run_after=None
[2023-09-08T20:04:03.342+0000] {processor.py:175} INFO - Processing /home/airflow/.local/lib/python3.7/site-packages/airflow/example_dags/example_xcomargs.py took 0.110 seconds
[2023-09-08T21:19:38.992+0000] {processor.py:153} INFO - Started process (PID=280329) to work on /home/airflow/.local/lib/python3.7/site-packages/airflow/example_dags/example_xcomargs.py
[2023-09-08T21:19:38.997+0000] {processor.py:743} INFO - Processing file /home/airflow/.local/lib/python3.7/site-packages/airflow/example_dags/example_xcomargs.py for tasks to queue
[2023-09-08T21:19:39.000+0000] {logging_mixin.py:137} INFO - [2023-09-08T21:19:39.000+0000] {dagbag.py:538} INFO - Filling up the DagBag from /home/airflow/.local/lib/python3.7/site-packages/airflow/example_dags/example_xcomargs.py
[2023-09-08T21:19:39.021+0000] {processor.py:753} INFO - DAG(s) dict_keys(['example_xcom_args_with_operators', 'example_xcom_args']) retrieved from /home/airflow/.local/lib/python3.7/site-packages/airflow/example_dags/example_xcomargs.py
[2023-09-08T21:19:39.048+0000] {logging_mixin.py:137} INFO - [2023-09-08T21:19:39.047+0000] {dag.py:2690} INFO - Sync 2 DAGs
[2023-09-08T21:19:39.068+0000] {logging_mixin.py:137} INFO - [2023-09-08T21:19:39.068+0000] {dag.py:3441} INFO - Setting next_dagrun for example_xcom_args to None, run_after=None
[2023-09-08T21:19:39.073+0000] {logging_mixin.py:137} INFO - [2023-09-08T21:19:39.072+0000] {dag.py:3441} INFO - Setting next_dagrun for example_xcom_args_with_operators to None, run_after=None
[2023-09-08T21:19:39.087+0000] {processor.py:175} INFO - Processing /home/airflow/.local/lib/python3.7/site-packages/airflow/example_dags/example_xcomargs.py took 0.101 seconds
[2023-09-08T22:05:52.276+0000] {processor.py:153} INFO - Started process (PID=280409) to work on /home/airflow/.local/lib/python3.7/site-packages/airflow/example_dags/example_xcomargs.py
[2023-09-08T22:05:52.284+0000] {processor.py:743} INFO - Processing file /home/airflow/.local/lib/python3.7/site-packages/airflow/example_dags/example_xcomargs.py for tasks to queue
[2023-09-08T22:05:52.290+0000] {logging_mixin.py:137} INFO - [2023-09-08T22:05:52.290+0000] {dagbag.py:538} INFO - Filling up the DagBag from /home/airflow/.local/lib/python3.7/site-packages/airflow/example_dags/example_xcomargs.py
[2023-09-08T22:05:52.344+0000] {processor.py:753} INFO - DAG(s) dict_keys(['example_xcom_args', 'example_xcom_args_with_operators']) retrieved from /home/airflow/.local/lib/python3.7/site-packages/airflow/example_dags/example_xcomargs.py
[2023-09-08T22:05:52.393+0000] {logging_mixin.py:137} INFO - [2023-09-08T22:05:52.393+0000] {dag.py:2690} INFO - Sync 2 DAGs
[2023-09-08T22:05:52.420+0000] {logging_mixin.py:137} INFO - [2023-09-08T22:05:52.419+0000] {dag.py:3441} INFO - Setting next_dagrun for example_xcom_args to None, run_after=None
[2023-09-08T22:05:52.427+0000] {logging_mixin.py:137} INFO - [2023-09-08T22:05:52.427+0000] {dag.py:3441} INFO - Setting next_dagrun for example_xcom_args_with_operators to None, run_after=None
[2023-09-08T22:05:52.459+0000] {processor.py:175} INFO - Processing /home/airflow/.local/lib/python3.7/site-packages/airflow/example_dags/example_xcomargs.py took 0.187 seconds
[2023-09-08T22:06:37.327+0000] {processor.py:153} INFO - Started process (PID=280477) to work on /home/airflow/.local/lib/python3.7/site-packages/airflow/example_dags/example_xcomargs.py
[2023-09-08T22:06:37.336+0000] {processor.py:743} INFO - Processing file /home/airflow/.local/lib/python3.7/site-packages/airflow/example_dags/example_xcomargs.py for tasks to queue
[2023-09-08T22:06:37.344+0000] {logging_mixin.py:137} INFO - [2023-09-08T22:06:37.344+0000] {dagbag.py:538} INFO - Filling up the DagBag from /home/airflow/.local/lib/python3.7/site-packages/airflow/example_dags/example_xcomargs.py
[2023-09-08T22:06:37.369+0000] {processor.py:753} INFO - DAG(s) dict_keys(['example_xcom_args_with_operators', 'example_xcom_args']) retrieved from /home/airflow/.local/lib/python3.7/site-packages/airflow/example_dags/example_xcomargs.py
[2023-09-08T22:06:37.400+0000] {logging_mixin.py:137} INFO - [2023-09-08T22:06:37.400+0000] {dag.py:2690} INFO - Sync 2 DAGs
[2023-09-08T22:06:37.421+0000] {logging_mixin.py:137} INFO - [2023-09-08T22:06:37.421+0000] {dag.py:3441} INFO - Setting next_dagrun for example_xcom_args to None, run_after=None
[2023-09-08T22:06:37.426+0000] {logging_mixin.py:137} INFO - [2023-09-08T22:06:37.426+0000] {dag.py:3441} INFO - Setting next_dagrun for example_xcom_args_with_operators to None, run_after=None
[2023-09-08T22:06:37.456+0000] {processor.py:175} INFO - Processing /home/airflow/.local/lib/python3.7/site-packages/airflow/example_dags/example_xcomargs.py took 0.133 seconds
[2023-09-08T22:07:09.502+0000] {processor.py:153} INFO - Started process (PID=280540) to work on /home/airflow/.local/lib/python3.7/site-packages/airflow/example_dags/example_xcomargs.py
[2023-09-08T22:07:09.506+0000] {processor.py:743} INFO - Processing file /home/airflow/.local/lib/python3.7/site-packages/airflow/example_dags/example_xcomargs.py for tasks to queue
[2023-09-08T22:07:09.510+0000] {logging_mixin.py:137} INFO - [2023-09-08T22:07:09.510+0000] {dagbag.py:538} INFO - Filling up the DagBag from /home/airflow/.local/lib/python3.7/site-packages/airflow/example_dags/example_xcomargs.py
[2023-09-08T22:07:09.551+0000] {processor.py:753} INFO - DAG(s) dict_keys(['example_xcom_args_with_operators', 'example_xcom_args']) retrieved from /home/airflow/.local/lib/python3.7/site-packages/airflow/example_dags/example_xcomargs.py
[2023-09-08T22:07:09.654+0000] {logging_mixin.py:137} INFO - [2023-09-08T22:07:09.654+0000] {dag.py:2690} INFO - Sync 2 DAGs
[2023-09-08T22:07:09.704+0000] {logging_mixin.py:137} INFO - [2023-09-08T22:07:09.704+0000] {dag.py:3441} INFO - Setting next_dagrun for example_xcom_args to None, run_after=None
[2023-09-08T22:07:09.717+0000] {logging_mixin.py:137} INFO - [2023-09-08T22:07:09.716+0000] {dag.py:3441} INFO - Setting next_dagrun for example_xcom_args_with_operators to None, run_after=None
[2023-09-08T22:07:09.734+0000] {processor.py:175} INFO - Processing /home/airflow/.local/lib/python3.7/site-packages/airflow/example_dags/example_xcomargs.py took 0.236 seconds
[2023-09-08T22:07:41.025+0000] {processor.py:153} INFO - Started process (PID=280612) to work on /home/airflow/.local/lib/python3.7/site-packages/airflow/example_dags/example_xcomargs.py
[2023-09-08T22:07:41.037+0000] {processor.py:743} INFO - Processing file /home/airflow/.local/lib/python3.7/site-packages/airflow/example_dags/example_xcomargs.py for tasks to queue
[2023-09-08T22:07:41.082+0000] {logging_mixin.py:137} INFO - [2023-09-08T22:07:41.082+0000] {dagbag.py:538} INFO - Filling up the DagBag from /home/airflow/.local/lib/python3.7/site-packages/airflow/example_dags/example_xcomargs.py
[2023-09-08T22:07:41.118+0000] {processor.py:753} INFO - DAG(s) dict_keys(['example_xcom_args', 'example_xcom_args_with_operators']) retrieved from /home/airflow/.local/lib/python3.7/site-packages/airflow/example_dags/example_xcomargs.py
[2023-09-08T22:07:41.190+0000] {logging_mixin.py:137} INFO - [2023-09-08T22:07:41.190+0000] {dag.py:2690} INFO - Sync 2 DAGs
[2023-09-08T22:07:41.228+0000] {logging_mixin.py:137} INFO - [2023-09-08T22:07:41.227+0000] {dag.py:3441} INFO - Setting next_dagrun for example_xcom_args to None, run_after=None
[2023-09-08T22:07:41.257+0000] {logging_mixin.py:137} INFO - [2023-09-08T22:07:41.257+0000] {dag.py:3441} INFO - Setting next_dagrun for example_xcom_args_with_operators to None, run_after=None
[2023-09-08T22:07:41.306+0000] {processor.py:175} INFO - Processing /home/airflow/.local/lib/python3.7/site-packages/airflow/example_dags/example_xcomargs.py took 0.291 seconds
[2023-09-08T22:08:11.564+0000] {processor.py:153} INFO - Started process (PID=280675) to work on /home/airflow/.local/lib/python3.7/site-packages/airflow/example_dags/example_xcomargs.py
[2023-09-08T22:08:11.568+0000] {processor.py:743} INFO - Processing file /home/airflow/.local/lib/python3.7/site-packages/airflow/example_dags/example_xcomargs.py for tasks to queue
[2023-09-08T22:08:11.573+0000] {logging_mixin.py:137} INFO - [2023-09-08T22:08:11.572+0000] {dagbag.py:538} INFO - Filling up the DagBag from /home/airflow/.local/lib/python3.7/site-packages/airflow/example_dags/example_xcomargs.py
[2023-09-08T22:08:11.609+0000] {processor.py:753} INFO - DAG(s) dict_keys(['example_xcom_args', 'example_xcom_args_with_operators']) retrieved from /home/airflow/.local/lib/python3.7/site-packages/airflow/example_dags/example_xcomargs.py
[2023-09-08T22:08:11.659+0000] {logging_mixin.py:137} INFO - [2023-09-08T22:08:11.659+0000] {dag.py:2690} INFO - Sync 2 DAGs
[2023-09-08T22:08:11.698+0000] {logging_mixin.py:137} INFO - [2023-09-08T22:08:11.698+0000] {dag.py:3441} INFO - Setting next_dagrun for example_xcom_args to None, run_after=None
[2023-09-08T22:08:11.704+0000] {logging_mixin.py:137} INFO - [2023-09-08T22:08:11.704+0000] {dag.py:3441} INFO - Setting next_dagrun for example_xcom_args_with_operators to None, run_after=None
[2023-09-08T22:08:11.738+0000] {processor.py:175} INFO - Processing /home/airflow/.local/lib/python3.7/site-packages/airflow/example_dags/example_xcomargs.py took 0.181 seconds
[2023-09-08T22:08:48.145+0000] {processor.py:153} INFO - Started process (PID=280742) to work on /home/airflow/.local/lib/python3.7/site-packages/airflow/example_dags/example_xcomargs.py
[2023-09-08T22:08:48.256+0000] {processor.py:743} INFO - Processing file /home/airflow/.local/lib/python3.7/site-packages/airflow/example_dags/example_xcomargs.py for tasks to queue
[2023-09-08T22:08:48.296+0000] {logging_mixin.py:137} INFO - [2023-09-08T22:08:48.296+0000] {dagbag.py:538} INFO - Filling up the DagBag from /home/airflow/.local/lib/python3.7/site-packages/airflow/example_dags/example_xcomargs.py
[2023-09-08T22:08:48.419+0000] {processor.py:753} INFO - DAG(s) dict_keys(['example_xcom_args', 'example_xcom_args_with_operators']) retrieved from /home/airflow/.local/lib/python3.7/site-packages/airflow/example_dags/example_xcomargs.py
[2023-09-08T22:08:48.659+0000] {logging_mixin.py:137} INFO - [2023-09-08T22:08:48.659+0000] {dag.py:2690} INFO - Sync 2 DAGs
[2023-09-08T22:08:48.851+0000] {logging_mixin.py:137} INFO - [2023-09-08T22:08:48.850+0000] {dag.py:3441} INFO - Setting next_dagrun for example_xcom_args to None, run_after=None
[2023-09-08T22:08:48.864+0000] {logging_mixin.py:137} INFO - [2023-09-08T22:08:48.864+0000] {dag.py:3441} INFO - Setting next_dagrun for example_xcom_args_with_operators to None, run_after=None
[2023-09-08T22:08:48.935+0000] {processor.py:175} INFO - Processing /home/airflow/.local/lib/python3.7/site-packages/airflow/example_dags/example_xcomargs.py took 0.794 seconds
[2023-09-08T22:09:19.803+0000] {processor.py:153} INFO - Started process (PID=280813) to work on /home/airflow/.local/lib/python3.7/site-packages/airflow/example_dags/example_xcomargs.py
[2023-09-08T22:09:19.811+0000] {processor.py:743} INFO - Processing file /home/airflow/.local/lib/python3.7/site-packages/airflow/example_dags/example_xcomargs.py for tasks to queue
[2023-09-08T22:09:19.818+0000] {logging_mixin.py:137} INFO - [2023-09-08T22:09:19.817+0000] {dagbag.py:538} INFO - Filling up the DagBag from /home/airflow/.local/lib/python3.7/site-packages/airflow/example_dags/example_xcomargs.py
[2023-09-08T22:09:19.847+0000] {processor.py:753} INFO - DAG(s) dict_keys(['example_xcom_args_with_operators', 'example_xcom_args']) retrieved from /home/airflow/.local/lib/python3.7/site-packages/airflow/example_dags/example_xcomargs.py
[2023-09-08T22:09:19.891+0000] {logging_mixin.py:137} INFO - [2023-09-08T22:09:19.891+0000] {dag.py:2690} INFO - Sync 2 DAGs
[2023-09-08T22:09:19.922+0000] {logging_mixin.py:137} INFO - [2023-09-08T22:09:19.922+0000] {dag.py:3441} INFO - Setting next_dagrun for example_xcom_args to None, run_after=None
[2023-09-08T22:09:19.934+0000] {logging_mixin.py:137} INFO - [2023-09-08T22:09:19.934+0000] {dag.py:3441} INFO - Setting next_dagrun for example_xcom_args_with_operators to None, run_after=None
[2023-09-08T22:09:19.954+0000] {processor.py:175} INFO - Processing /home/airflow/.local/lib/python3.7/site-packages/airflow/example_dags/example_xcomargs.py took 0.155 seconds
[2023-09-08T22:09:52.880+0000] {processor.py:153} INFO - Started process (PID=280881) to work on /home/airflow/.local/lib/python3.7/site-packages/airflow/example_dags/example_xcomargs.py
[2023-09-08T22:09:53.061+0000] {processor.py:743} INFO - Processing file /home/airflow/.local/lib/python3.7/site-packages/airflow/example_dags/example_xcomargs.py for tasks to queue
[2023-09-08T22:09:53.337+0000] {logging_mixin.py:137} INFO - [2023-09-08T22:09:53.336+0000] {dagbag.py:538} INFO - Filling up the DagBag from /home/airflow/.local/lib/python3.7/site-packages/airflow/example_dags/example_xcomargs.py
[2023-09-08T22:09:53.743+0000] {processor.py:753} INFO - DAG(s) dict_keys(['example_xcom_args_with_operators', 'example_xcom_args']) retrieved from /home/airflow/.local/lib/python3.7/site-packages/airflow/example_dags/example_xcomargs.py
[2023-09-08T22:09:53.880+0000] {logging_mixin.py:137} INFO - [2023-09-08T22:09:53.880+0000] {dag.py:2690} INFO - Sync 2 DAGs
[2023-09-08T22:09:53.964+0000] {logging_mixin.py:137} INFO - [2023-09-08T22:09:53.964+0000] {dag.py:3441} INFO - Setting next_dagrun for example_xcom_args to None, run_after=None
[2023-09-08T22:09:53.986+0000] {logging_mixin.py:137} INFO - [2023-09-08T22:09:53.986+0000] {dag.py:3441} INFO - Setting next_dagrun for example_xcom_args_with_operators to None, run_after=None
[2023-09-08T22:09:54.112+0000] {processor.py:175} INFO - Processing /home/airflow/.local/lib/python3.7/site-packages/airflow/example_dags/example_xcomargs.py took 1.257 seconds
[2023-09-08T22:10:24.293+0000] {processor.py:153} INFO - Started process (PID=280948) to work on /home/airflow/.local/lib/python3.7/site-packages/airflow/example_dags/example_xcomargs.py
[2023-09-08T22:10:24.299+0000] {processor.py:743} INFO - Processing file /home/airflow/.local/lib/python3.7/site-packages/airflow/example_dags/example_xcomargs.py for tasks to queue
[2023-09-08T22:10:24.303+0000] {logging_mixin.py:137} INFO - [2023-09-08T22:10:24.302+0000] {dagbag.py:538} INFO - Filling up the DagBag from /home/airflow/.local/lib/python3.7/site-packages/airflow/example_dags/example_xcomargs.py
[2023-09-08T22:10:24.332+0000] {processor.py:753} INFO - DAG(s) dict_keys(['example_xcom_args', 'example_xcom_args_with_operators']) retrieved from /home/airflow/.local/lib/python3.7/site-packages/airflow/example_dags/example_xcomargs.py
[2023-09-08T22:10:24.363+0000] {logging_mixin.py:137} INFO - [2023-09-08T22:10:24.363+0000] {dag.py:2690} INFO - Sync 2 DAGs
[2023-09-08T22:10:24.382+0000] {logging_mixin.py:137} INFO - [2023-09-08T22:10:24.382+0000] {dag.py:3441} INFO - Setting next_dagrun for example_xcom_args to None, run_after=None
[2023-09-08T22:10:24.386+0000] {logging_mixin.py:137} INFO - [2023-09-08T22:10:24.386+0000] {dag.py:3441} INFO - Setting next_dagrun for example_xcom_args_with_operators to None, run_after=None
[2023-09-08T22:10:24.399+0000] {processor.py:175} INFO - Processing /home/airflow/.local/lib/python3.7/site-packages/airflow/example_dags/example_xcomargs.py took 0.109 seconds
[2023-09-08T22:10:54.509+0000] {processor.py:153} INFO - Started process (PID=281016) to work on /home/airflow/.local/lib/python3.7/site-packages/airflow/example_dags/example_xcomargs.py
[2023-09-08T22:10:54.521+0000] {processor.py:743} INFO - Processing file /home/airflow/.local/lib/python3.7/site-packages/airflow/example_dags/example_xcomargs.py for tasks to queue
[2023-09-08T22:10:54.528+0000] {logging_mixin.py:137} INFO - [2023-09-08T22:10:54.528+0000] {dagbag.py:538} INFO - Filling up the DagBag from /home/airflow/.local/lib/python3.7/site-packages/airflow/example_dags/example_xcomargs.py
[2023-09-08T22:10:54.569+0000] {processor.py:753} INFO - DAG(s) dict_keys(['example_xcom_args', 'example_xcom_args_with_operators']) retrieved from /home/airflow/.local/lib/python3.7/site-packages/airflow/example_dags/example_xcomargs.py
[2023-09-08T22:10:54.605+0000] {logging_mixin.py:137} INFO - [2023-09-08T22:10:54.604+0000] {dag.py:2690} INFO - Sync 2 DAGs
[2023-09-08T22:10:54.627+0000] {logging_mixin.py:137} INFO - [2023-09-08T22:10:54.627+0000] {dag.py:3441} INFO - Setting next_dagrun for example_xcom_args to None, run_after=None
[2023-09-08T22:10:54.636+0000] {logging_mixin.py:137} INFO - [2023-09-08T22:10:54.636+0000] {dag.py:3441} INFO - Setting next_dagrun for example_xcom_args_with_operators to None, run_after=None
[2023-09-08T22:10:54.670+0000] {processor.py:175} INFO - Processing /home/airflow/.local/lib/python3.7/site-packages/airflow/example_dags/example_xcomargs.py took 0.168 seconds
[2023-09-08T22:11:24.752+0000] {processor.py:153} INFO - Started process (PID=281083) to work on /home/airflow/.local/lib/python3.7/site-packages/airflow/example_dags/example_xcomargs.py
[2023-09-08T22:11:24.754+0000] {processor.py:743} INFO - Processing file /home/airflow/.local/lib/python3.7/site-packages/airflow/example_dags/example_xcomargs.py for tasks to queue
[2023-09-08T22:11:24.756+0000] {logging_mixin.py:137} INFO - [2023-09-08T22:11:24.756+0000] {dagbag.py:538} INFO - Filling up the DagBag from /home/airflow/.local/lib/python3.7/site-packages/airflow/example_dags/example_xcomargs.py
[2023-09-08T22:11:24.789+0000] {processor.py:753} INFO - DAG(s) dict_keys(['example_xcom_args', 'example_xcom_args_with_operators']) retrieved from /home/airflow/.local/lib/python3.7/site-packages/airflow/example_dags/example_xcomargs.py
[2023-09-08T22:11:24.821+0000] {logging_mixin.py:137} INFO - [2023-09-08T22:11:24.821+0000] {dag.py:2690} INFO - Sync 2 DAGs
[2023-09-08T22:11:24.846+0000] {logging_mixin.py:137} INFO - [2023-09-08T22:11:24.846+0000] {dag.py:3441} INFO - Setting next_dagrun for example_xcom_args to None, run_after=None
[2023-09-08T22:11:24.851+0000] {logging_mixin.py:137} INFO - [2023-09-08T22:11:24.851+0000] {dag.py:3441} INFO - Setting next_dagrun for example_xcom_args_with_operators to None, run_after=None
[2023-09-08T22:11:24.866+0000] {processor.py:175} INFO - Processing /home/airflow/.local/lib/python3.7/site-packages/airflow/example_dags/example_xcomargs.py took 0.118 seconds
[2023-09-08T22:11:55.527+0000] {processor.py:153} INFO - Started process (PID=281150) to work on /home/airflow/.local/lib/python3.7/site-packages/airflow/example_dags/example_xcomargs.py
[2023-09-08T22:11:55.567+0000] {processor.py:743} INFO - Processing file /home/airflow/.local/lib/python3.7/site-packages/airflow/example_dags/example_xcomargs.py for tasks to queue
[2023-09-08T22:11:55.585+0000] {logging_mixin.py:137} INFO - [2023-09-08T22:11:55.576+0000] {dagbag.py:538} INFO - Filling up the DagBag from /home/airflow/.local/lib/python3.7/site-packages/airflow/example_dags/example_xcomargs.py
[2023-09-08T22:11:55.764+0000] {processor.py:753} INFO - DAG(s) dict_keys(['example_xcom_args', 'example_xcom_args_with_operators']) retrieved from /home/airflow/.local/lib/python3.7/site-packages/airflow/example_dags/example_xcomargs.py
[2023-09-08T22:11:55.921+0000] {logging_mixin.py:137} INFO - [2023-09-08T22:11:55.921+0000] {dag.py:2690} INFO - Sync 2 DAGs
[2023-09-08T22:11:55.973+0000] {logging_mixin.py:137} INFO - [2023-09-08T22:11:55.973+0000] {dag.py:3441} INFO - Setting next_dagrun for example_xcom_args to None, run_after=None
[2023-09-08T22:11:55.982+0000] {logging_mixin.py:137} INFO - [2023-09-08T22:11:55.982+0000] {dag.py:3441} INFO - Setting next_dagrun for example_xcom_args_with_operators to None, run_after=None
[2023-09-08T22:11:56.028+0000] {processor.py:175} INFO - Processing /home/airflow/.local/lib/python3.7/site-packages/airflow/example_dags/example_xcomargs.py took 0.650 seconds
[2023-09-08T22:12:26.916+0000] {processor.py:153} INFO - Started process (PID=281218) to work on /home/airflow/.local/lib/python3.7/site-packages/airflow/example_dags/example_xcomargs.py
[2023-09-08T22:12:26.926+0000] {processor.py:743} INFO - Processing file /home/airflow/.local/lib/python3.7/site-packages/airflow/example_dags/example_xcomargs.py for tasks to queue
[2023-09-08T22:12:26.929+0000] {logging_mixin.py:137} INFO - [2023-09-08T22:12:26.929+0000] {dagbag.py:538} INFO - Filling up the DagBag from /home/airflow/.local/lib/python3.7/site-packages/airflow/example_dags/example_xcomargs.py
[2023-09-08T22:12:27.016+0000] {processor.py:753} INFO - DAG(s) dict_keys(['example_xcom_args_with_operators', 'example_xcom_args']) retrieved from /home/airflow/.local/lib/python3.7/site-packages/airflow/example_dags/example_xcomargs.py
[2023-09-08T22:12:27.136+0000] {logging_mixin.py:137} INFO - [2023-09-08T22:12:27.135+0000] {dag.py:2690} INFO - Sync 2 DAGs
[2023-09-08T22:12:27.176+0000] {logging_mixin.py:137} INFO - [2023-09-08T22:12:27.175+0000] {dag.py:3441} INFO - Setting next_dagrun for example_xcom_args to None, run_after=None
[2023-09-08T22:12:27.181+0000] {logging_mixin.py:137} INFO - [2023-09-08T22:12:27.181+0000] {dag.py:3441} INFO - Setting next_dagrun for example_xcom_args_with_operators to None, run_after=None
[2023-09-08T22:12:27.197+0000] {processor.py:175} INFO - Processing /home/airflow/.local/lib/python3.7/site-packages/airflow/example_dags/example_xcomargs.py took 0.286 seconds
[2023-09-08T22:28:09.807+0000] {processor.py:153} INFO - Started process (PID=281250) to work on /home/airflow/.local/lib/python3.7/site-packages/airflow/example_dags/example_xcomargs.py
[2023-09-08T22:28:09.822+0000] {processor.py:743} INFO - Processing file /home/airflow/.local/lib/python3.7/site-packages/airflow/example_dags/example_xcomargs.py for tasks to queue
[2023-09-08T22:28:09.828+0000] {logging_mixin.py:137} INFO - [2023-09-08T22:28:09.828+0000] {dagbag.py:538} INFO - Filling up the DagBag from /home/airflow/.local/lib/python3.7/site-packages/airflow/example_dags/example_xcomargs.py
[2023-09-08T22:28:09.895+0000] {processor.py:753} INFO - DAG(s) dict_keys(['example_xcom_args_with_operators', 'example_xcom_args']) retrieved from /home/airflow/.local/lib/python3.7/site-packages/airflow/example_dags/example_xcomargs.py
[2023-09-08T22:28:09.964+0000] {logging_mixin.py:137} INFO - [2023-09-08T22:28:09.963+0000] {dag.py:2690} INFO - Sync 2 DAGs
[2023-09-08T22:28:10.118+0000] {logging_mixin.py:137} INFO - [2023-09-08T22:28:10.118+0000] {dag.py:3441} INFO - Setting next_dagrun for example_xcom_args to None, run_after=None
[2023-09-08T22:28:10.402+0000] {logging_mixin.py:137} INFO - [2023-09-08T22:28:10.401+0000] {dag.py:3441} INFO - Setting next_dagrun for example_xcom_args_with_operators to None, run_after=None
[2023-09-08T22:28:10.443+0000] {processor.py:175} INFO - Processing /home/airflow/.local/lib/python3.7/site-packages/airflow/example_dags/example_xcomargs.py took 0.641 seconds
[2023-09-08T23:49:15.634+0000] {processor.py:153} INFO - Started process (PID=281306) to work on /home/airflow/.local/lib/python3.7/site-packages/airflow/example_dags/example_xcomargs.py
[2023-09-08T23:49:15.637+0000] {processor.py:743} INFO - Processing file /home/airflow/.local/lib/python3.7/site-packages/airflow/example_dags/example_xcomargs.py for tasks to queue
[2023-09-08T23:49:15.639+0000] {logging_mixin.py:137} INFO - [2023-09-08T23:49:15.638+0000] {dagbag.py:538} INFO - Filling up the DagBag from /home/airflow/.local/lib/python3.7/site-packages/airflow/example_dags/example_xcomargs.py
[2023-09-08T23:49:15.660+0000] {processor.py:753} INFO - DAG(s) dict_keys(['example_xcom_args', 'example_xcom_args_with_operators']) retrieved from /home/airflow/.local/lib/python3.7/site-packages/airflow/example_dags/example_xcomargs.py
[2023-09-08T23:49:15.696+0000] {logging_mixin.py:137} INFO - [2023-09-08T23:49:15.696+0000] {dag.py:2690} INFO - Sync 2 DAGs
[2023-09-08T23:49:15.723+0000] {logging_mixin.py:137} INFO - [2023-09-08T23:49:15.723+0000] {dag.py:3441} INFO - Setting next_dagrun for example_xcom_args to None, run_after=None
[2023-09-08T23:49:15.729+0000] {logging_mixin.py:137} INFO - [2023-09-08T23:49:15.729+0000] {dag.py:3441} INFO - Setting next_dagrun for example_xcom_args_with_operators to None, run_after=None
[2023-09-08T23:49:15.767+0000] {processor.py:175} INFO - Processing /home/airflow/.local/lib/python3.7/site-packages/airflow/example_dags/example_xcomargs.py took 0.139 seconds
