[2023-09-08T00:29:09.166+0000] {processor.py:153} INFO - Started process (PID=279188) to work on /home/airflow/.local/lib/python3.7/site-packages/airflow/example_dags/example_sla_dag.py
[2023-09-08T00:29:09.171+0000] {processor.py:743} INFO - Processing file /home/airflow/.local/lib/python3.7/site-packages/airflow/example_dags/example_sla_dag.py for tasks to queue
[2023-09-08T00:29:09.175+0000] {logging_mixin.py:137} INFO - [2023-09-08T00:29:09.175+0000] {dagbag.py:538} INFO - Filling up the DagBag from /home/airflow/.local/lib/python3.7/site-packages/airflow/example_dags/example_sla_dag.py
[2023-09-08T00:29:09.226+0000] {processor.py:753} INFO - DAG(s) dict_keys(['example_sla_dag']) retrieved from /home/airflow/.local/lib/python3.7/site-packages/airflow/example_dags/example_sla_dag.py
[2023-09-08T00:29:09.287+0000] {logging_mixin.py:137} INFO - [2023-09-08T00:29:09.287+0000] {dag.py:2690} INFO - Sync 1 DAGs
[2023-09-08T00:29:09.355+0000] {logging_mixin.py:137} INFO - [2023-09-08T00:29:09.354+0000] {dag.py:3441} INFO - Setting next_dagrun for example_sla_dag to 2023-09-08T00:26:00+00:00, run_after=2023-09-08T00:28:00+00:00
[2023-09-08T00:29:09.440+0000] {processor.py:175} INFO - Processing /home/airflow/.local/lib/python3.7/site-packages/airflow/example_dags/example_sla_dag.py took 0.277 seconds
[2023-09-08T01:24:09.191+0000] {processor.py:153} INFO - Started process (PID=279249) to work on /home/airflow/.local/lib/python3.7/site-packages/airflow/example_dags/example_sla_dag.py
[2023-09-08T01:24:09.204+0000] {processor.py:743} INFO - Processing file /home/airflow/.local/lib/python3.7/site-packages/airflow/example_dags/example_sla_dag.py for tasks to queue
[2023-09-08T01:24:09.212+0000] {logging_mixin.py:137} INFO - [2023-09-08T01:24:09.212+0000] {dagbag.py:538} INFO - Filling up the DagBag from /home/airflow/.local/lib/python3.7/site-packages/airflow/example_dags/example_sla_dag.py
[2023-09-08T01:24:09.314+0000] {processor.py:753} INFO - DAG(s) dict_keys(['example_sla_dag']) retrieved from /home/airflow/.local/lib/python3.7/site-packages/airflow/example_dags/example_sla_dag.py
[2023-09-08T01:24:09.385+0000] {logging_mixin.py:137} INFO - [2023-09-08T01:24:09.385+0000] {dag.py:2690} INFO - Sync 1 DAGs
[2023-09-08T01:24:09.437+0000] {logging_mixin.py:137} INFO - [2023-09-08T01:24:09.437+0000] {dag.py:3441} INFO - Setting next_dagrun for example_sla_dag to 2023-09-08T01:22:00+00:00, run_after=2023-09-08T01:24:00+00:00
[2023-09-08T01:24:10.067+0000] {processor.py:175} INFO - Processing /home/airflow/.local/lib/python3.7/site-packages/airflow/example_dags/example_sla_dag.py took 0.886 seconds
[2023-09-08T01:58:45.771+0000] {processor.py:153} INFO - Started process (PID=279318) to work on /home/airflow/.local/lib/python3.7/site-packages/airflow/example_dags/example_sla_dag.py
[2023-09-08T01:58:45.774+0000] {processor.py:743} INFO - Processing file /home/airflow/.local/lib/python3.7/site-packages/airflow/example_dags/example_sla_dag.py for tasks to queue
[2023-09-08T01:58:45.776+0000] {logging_mixin.py:137} INFO - [2023-09-08T01:58:45.776+0000] {dagbag.py:538} INFO - Filling up the DagBag from /home/airflow/.local/lib/python3.7/site-packages/airflow/example_dags/example_sla_dag.py
[2023-09-08T01:58:45.794+0000] {processor.py:753} INFO - DAG(s) dict_keys(['example_sla_dag']) retrieved from /home/airflow/.local/lib/python3.7/site-packages/airflow/example_dags/example_sla_dag.py
[2023-09-08T01:58:45.822+0000] {logging_mixin.py:137} INFO - [2023-09-08T01:58:45.822+0000] {dag.py:2690} INFO - Sync 1 DAGs
[2023-09-08T01:58:45.847+0000] {logging_mixin.py:137} INFO - [2023-09-08T01:58:45.847+0000] {dag.py:3441} INFO - Setting next_dagrun for example_sla_dag to 2023-09-08T01:56:00+00:00, run_after=2023-09-08T01:58:00+00:00
[2023-09-08T01:58:45.862+0000] {processor.py:175} INFO - Processing /home/airflow/.local/lib/python3.7/site-packages/airflow/example_dags/example_sla_dag.py took 0.096 seconds
[2023-09-08T03:22:25.392+0000] {processor.py:153} INFO - Started process (PID=279373) to work on /home/airflow/.local/lib/python3.7/site-packages/airflow/example_dags/example_sla_dag.py
[2023-09-08T03:22:25.401+0000] {processor.py:743} INFO - Processing file /home/airflow/.local/lib/python3.7/site-packages/airflow/example_dags/example_sla_dag.py for tasks to queue
[2023-09-08T03:22:25.402+0000] {logging_mixin.py:137} INFO - [2023-09-08T03:22:25.402+0000] {dagbag.py:538} INFO - Filling up the DagBag from /home/airflow/.local/lib/python3.7/site-packages/airflow/example_dags/example_sla_dag.py
[2023-09-08T03:22:25.421+0000] {processor.py:753} INFO - DAG(s) dict_keys(['example_sla_dag']) retrieved from /home/airflow/.local/lib/python3.7/site-packages/airflow/example_dags/example_sla_dag.py
[2023-09-08T03:22:25.455+0000] {logging_mixin.py:137} INFO - [2023-09-08T03:22:25.455+0000] {dag.py:2690} INFO - Sync 1 DAGs
[2023-09-08T03:22:25.479+0000] {logging_mixin.py:137} INFO - [2023-09-08T03:22:25.479+0000] {dag.py:3441} INFO - Setting next_dagrun for example_sla_dag to 2023-09-08T03:20:00+00:00, run_after=2023-09-08T03:22:00+00:00
[2023-09-08T03:22:25.504+0000] {processor.py:175} INFO - Processing /home/airflow/.local/lib/python3.7/site-packages/airflow/example_dags/example_sla_dag.py took 0.115 seconds
[2023-09-08T04:30:42.644+0000] {processor.py:153} INFO - Started process (PID=279441) to work on /home/airflow/.local/lib/python3.7/site-packages/airflow/example_dags/example_sla_dag.py
[2023-09-08T04:30:42.646+0000] {processor.py:743} INFO - Processing file /home/airflow/.local/lib/python3.7/site-packages/airflow/example_dags/example_sla_dag.py for tasks to queue
[2023-09-08T04:30:42.647+0000] {logging_mixin.py:137} INFO - [2023-09-08T04:30:42.647+0000] {dagbag.py:538} INFO - Filling up the DagBag from /home/airflow/.local/lib/python3.7/site-packages/airflow/example_dags/example_sla_dag.py
[2023-09-08T04:30:42.663+0000] {processor.py:753} INFO - DAG(s) dict_keys(['example_sla_dag']) retrieved from /home/airflow/.local/lib/python3.7/site-packages/airflow/example_dags/example_sla_dag.py
[2023-09-08T04:30:42.688+0000] {logging_mixin.py:137} INFO - [2023-09-08T04:30:42.688+0000] {dag.py:2690} INFO - Sync 1 DAGs
[2023-09-08T04:30:42.707+0000] {logging_mixin.py:137} INFO - [2023-09-08T04:30:42.707+0000] {dag.py:3441} INFO - Setting next_dagrun for example_sla_dag to 2023-09-08T04:28:00+00:00, run_after=2023-09-08T04:30:00+00:00
[2023-09-08T04:30:42.722+0000] {processor.py:175} INFO - Processing /home/airflow/.local/lib/python3.7/site-packages/airflow/example_dags/example_sla_dag.py took 0.083 seconds
[2023-09-08T05:52:34.255+0000] {processor.py:153} INFO - Started process (PID=279507) to work on /home/airflow/.local/lib/python3.7/site-packages/airflow/example_dags/example_sla_dag.py
[2023-09-08T05:52:34.261+0000] {processor.py:743} INFO - Processing file /home/airflow/.local/lib/python3.7/site-packages/airflow/example_dags/example_sla_dag.py for tasks to queue
[2023-09-08T05:52:34.262+0000] {logging_mixin.py:137} INFO - [2023-09-08T05:52:34.262+0000] {dagbag.py:538} INFO - Filling up the DagBag from /home/airflow/.local/lib/python3.7/site-packages/airflow/example_dags/example_sla_dag.py
[2023-09-08T05:52:34.280+0000] {processor.py:753} INFO - DAG(s) dict_keys(['example_sla_dag']) retrieved from /home/airflow/.local/lib/python3.7/site-packages/airflow/example_dags/example_sla_dag.py
[2023-09-08T05:52:34.334+0000] {logging_mixin.py:137} INFO - [2023-09-08T05:52:34.334+0000] {dag.py:2690} INFO - Sync 1 DAGs
[2023-09-08T05:52:34.355+0000] {logging_mixin.py:137} INFO - [2023-09-08T05:52:34.355+0000] {dag.py:3441} INFO - Setting next_dagrun for example_sla_dag to 2023-09-08T05:50:00+00:00, run_after=2023-09-08T05:52:00+00:00
[2023-09-08T05:52:34.372+0000] {processor.py:175} INFO - Processing /home/airflow/.local/lib/python3.7/site-packages/airflow/example_dags/example_sla_dag.py took 0.121 seconds
[2023-09-08T06:58:10.210+0000] {processor.py:153} INFO - Started process (PID=279562) to work on /home/airflow/.local/lib/python3.7/site-packages/airflow/example_dags/example_sla_dag.py
[2023-09-08T06:58:10.217+0000] {processor.py:743} INFO - Processing file /home/airflow/.local/lib/python3.7/site-packages/airflow/example_dags/example_sla_dag.py for tasks to queue
[2023-09-08T06:58:10.247+0000] {logging_mixin.py:137} INFO - [2023-09-08T06:58:10.247+0000] {dagbag.py:538} INFO - Filling up the DagBag from /home/airflow/.local/lib/python3.7/site-packages/airflow/example_dags/example_sla_dag.py
[2023-09-08T06:58:10.268+0000] {processor.py:753} INFO - DAG(s) dict_keys(['example_sla_dag']) retrieved from /home/airflow/.local/lib/python3.7/site-packages/airflow/example_dags/example_sla_dag.py
[2023-09-08T06:58:10.318+0000] {logging_mixin.py:137} INFO - [2023-09-08T06:58:10.318+0000] {dag.py:2690} INFO - Sync 1 DAGs
[2023-09-08T06:58:10.340+0000] {logging_mixin.py:137} INFO - [2023-09-08T06:58:10.340+0000] {dag.py:3441} INFO - Setting next_dagrun for example_sla_dag to 2023-09-08T06:56:00+00:00, run_after=2023-09-08T06:58:00+00:00
[2023-09-08T06:58:10.359+0000] {processor.py:175} INFO - Processing /home/airflow/.local/lib/python3.7/site-packages/airflow/example_dags/example_sla_dag.py took 0.152 seconds
[2023-09-08T09:07:59.100+0000] {processor.py:153} INFO - Started process (PID=279641) to work on /home/airflow/.local/lib/python3.7/site-packages/airflow/example_dags/example_sla_dag.py
[2023-09-08T09:07:59.104+0000] {processor.py:743} INFO - Processing file /home/airflow/.local/lib/python3.7/site-packages/airflow/example_dags/example_sla_dag.py for tasks to queue
[2023-09-08T09:07:59.107+0000] {logging_mixin.py:137} INFO - [2023-09-08T09:07:59.107+0000] {dagbag.py:538} INFO - Filling up the DagBag from /home/airflow/.local/lib/python3.7/site-packages/airflow/example_dags/example_sla_dag.py
[2023-09-08T09:07:59.143+0000] {processor.py:753} INFO - DAG(s) dict_keys(['example_sla_dag']) retrieved from /home/airflow/.local/lib/python3.7/site-packages/airflow/example_dags/example_sla_dag.py
[2023-09-08T09:07:59.191+0000] {logging_mixin.py:137} INFO - [2023-09-08T09:07:59.191+0000] {dag.py:2690} INFO - Sync 1 DAGs
[2023-09-08T09:07:59.242+0000] {logging_mixin.py:137} INFO - [2023-09-08T09:07:59.242+0000] {dag.py:3441} INFO - Setting next_dagrun for example_sla_dag to 2023-09-08T09:04:00+00:00, run_after=2023-09-08T09:06:00+00:00
[2023-09-08T09:07:59.272+0000] {processor.py:175} INFO - Processing /home/airflow/.local/lib/python3.7/site-packages/airflow/example_dags/example_sla_dag.py took 0.180 seconds
[2023-09-08T09:42:27.933+0000] {processor.py:153} INFO - Started process (PID=279722) to work on /home/airflow/.local/lib/python3.7/site-packages/airflow/example_dags/example_sla_dag.py
[2023-09-08T09:42:27.935+0000] {processor.py:743} INFO - Processing file /home/airflow/.local/lib/python3.7/site-packages/airflow/example_dags/example_sla_dag.py for tasks to queue
[2023-09-08T09:42:27.936+0000] {logging_mixin.py:137} INFO - [2023-09-08T09:42:27.936+0000] {dagbag.py:538} INFO - Filling up the DagBag from /home/airflow/.local/lib/python3.7/site-packages/airflow/example_dags/example_sla_dag.py
[2023-09-08T09:42:27.953+0000] {processor.py:753} INFO - DAG(s) dict_keys(['example_sla_dag']) retrieved from /home/airflow/.local/lib/python3.7/site-packages/airflow/example_dags/example_sla_dag.py
[2023-09-08T09:42:27.978+0000] {logging_mixin.py:137} INFO - [2023-09-08T09:42:27.978+0000] {dag.py:2690} INFO - Sync 1 DAGs
[2023-09-08T09:42:27.998+0000] {logging_mixin.py:137} INFO - [2023-09-08T09:42:27.997+0000] {dag.py:3441} INFO - Setting next_dagrun for example_sla_dag to 2023-09-08T09:40:00+00:00, run_after=2023-09-08T09:42:00+00:00
[2023-09-08T09:42:28.012+0000] {processor.py:175} INFO - Processing /home/airflow/.local/lib/python3.7/site-packages/airflow/example_dags/example_sla_dag.py took 0.082 seconds
[2023-09-08T10:51:18.561+0000] {processor.py:153} INFO - Started process (PID=279792) to work on /home/airflow/.local/lib/python3.7/site-packages/airflow/example_dags/example_sla_dag.py
[2023-09-08T10:51:18.563+0000] {processor.py:743} INFO - Processing file /home/airflow/.local/lib/python3.7/site-packages/airflow/example_dags/example_sla_dag.py for tasks to queue
[2023-09-08T10:51:18.572+0000] {logging_mixin.py:137} INFO - [2023-09-08T10:51:18.565+0000] {dagbag.py:538} INFO - Filling up the DagBag from /home/airflow/.local/lib/python3.7/site-packages/airflow/example_dags/example_sla_dag.py
[2023-09-08T10:51:18.610+0000] {processor.py:753} INFO - DAG(s) dict_keys(['example_sla_dag']) retrieved from /home/airflow/.local/lib/python3.7/site-packages/airflow/example_dags/example_sla_dag.py
[2023-09-08T10:51:18.640+0000] {logging_mixin.py:137} INFO - [2023-09-08T10:51:18.640+0000] {dag.py:2690} INFO - Sync 1 DAGs
[2023-09-08T10:51:18.677+0000] {logging_mixin.py:137} INFO - [2023-09-08T10:51:18.677+0000] {dag.py:3441} INFO - Setting next_dagrun for example_sla_dag to 2023-09-08T10:48:00+00:00, run_after=2023-09-08T10:50:00+00:00
[2023-09-08T10:51:18.701+0000] {processor.py:175} INFO - Processing /home/airflow/.local/lib/python3.7/site-packages/airflow/example_dags/example_sla_dag.py took 0.146 seconds
[2023-09-08T12:16:35.743+0000] {processor.py:153} INFO - Started process (PID=279861) to work on /home/airflow/.local/lib/python3.7/site-packages/airflow/example_dags/example_sla_dag.py
[2023-09-08T12:16:35.745+0000] {processor.py:743} INFO - Processing file /home/airflow/.local/lib/python3.7/site-packages/airflow/example_dags/example_sla_dag.py for tasks to queue
[2023-09-08T12:16:35.746+0000] {logging_mixin.py:137} INFO - [2023-09-08T12:16:35.746+0000] {dagbag.py:538} INFO - Filling up the DagBag from /home/airflow/.local/lib/python3.7/site-packages/airflow/example_dags/example_sla_dag.py
[2023-09-08T12:16:35.767+0000] {processor.py:753} INFO - DAG(s) dict_keys(['example_sla_dag']) retrieved from /home/airflow/.local/lib/python3.7/site-packages/airflow/example_dags/example_sla_dag.py
[2023-09-08T12:16:35.807+0000] {logging_mixin.py:137} INFO - [2023-09-08T12:16:35.806+0000] {dag.py:2690} INFO - Sync 1 DAGs
[2023-09-08T12:16:35.832+0000] {logging_mixin.py:137} INFO - [2023-09-08T12:16:35.831+0000] {dag.py:3441} INFO - Setting next_dagrun for example_sla_dag to 2023-09-08T12:14:00+00:00, run_after=2023-09-08T12:16:00+00:00
[2023-09-08T12:16:35.846+0000] {processor.py:175} INFO - Processing /home/airflow/.local/lib/python3.7/site-packages/airflow/example_dags/example_sla_dag.py took 0.107 seconds
[2023-09-08T13:21:44.314+0000] {processor.py:153} INFO - Started process (PID=279929) to work on /home/airflow/.local/lib/python3.7/site-packages/airflow/example_dags/example_sla_dag.py
[2023-09-08T13:21:44.318+0000] {processor.py:743} INFO - Processing file /home/airflow/.local/lib/python3.7/site-packages/airflow/example_dags/example_sla_dag.py for tasks to queue
[2023-09-08T13:21:44.320+0000] {logging_mixin.py:137} INFO - [2023-09-08T13:21:44.319+0000] {dagbag.py:538} INFO - Filling up the DagBag from /home/airflow/.local/lib/python3.7/site-packages/airflow/example_dags/example_sla_dag.py
[2023-09-08T13:21:44.345+0000] {processor.py:753} INFO - DAG(s) dict_keys(['example_sla_dag']) retrieved from /home/airflow/.local/lib/python3.7/site-packages/airflow/example_dags/example_sla_dag.py
[2023-09-08T13:21:44.390+0000] {logging_mixin.py:137} INFO - [2023-09-08T13:21:44.390+0000] {dag.py:2690} INFO - Sync 1 DAGs
[2023-09-08T13:21:44.425+0000] {logging_mixin.py:137} INFO - [2023-09-08T13:21:44.425+0000] {dag.py:3441} INFO - Setting next_dagrun for example_sla_dag to 2023-09-08T13:18:00+00:00, run_after=2023-09-08T13:20:00+00:00
[2023-09-08T13:21:44.453+0000] {processor.py:175} INFO - Processing /home/airflow/.local/lib/python3.7/site-packages/airflow/example_dags/example_sla_dag.py took 0.144 seconds
[2023-09-08T14:44:37.711+0000] {processor.py:153} INFO - Started process (PID=279996) to work on /home/airflow/.local/lib/python3.7/site-packages/airflow/example_dags/example_sla_dag.py
[2023-09-08T14:44:37.713+0000] {processor.py:743} INFO - Processing file /home/airflow/.local/lib/python3.7/site-packages/airflow/example_dags/example_sla_dag.py for tasks to queue
[2023-09-08T14:44:37.714+0000] {logging_mixin.py:137} INFO - [2023-09-08T14:44:37.714+0000] {dagbag.py:538} INFO - Filling up the DagBag from /home/airflow/.local/lib/python3.7/site-packages/airflow/example_dags/example_sla_dag.py
[2023-09-08T14:44:37.730+0000] {processor.py:753} INFO - DAG(s) dict_keys(['example_sla_dag']) retrieved from /home/airflow/.local/lib/python3.7/site-packages/airflow/example_dags/example_sla_dag.py
[2023-09-08T14:44:37.751+0000] {logging_mixin.py:137} INFO - [2023-09-08T14:44:37.751+0000] {dag.py:2690} INFO - Sync 1 DAGs
[2023-09-08T14:44:37.772+0000] {logging_mixin.py:137} INFO - [2023-09-08T14:44:37.772+0000] {dag.py:3441} INFO - Setting next_dagrun for example_sla_dag to 2023-09-08T14:42:00+00:00, run_after=2023-09-08T14:44:00+00:00
[2023-09-08T14:44:37.800+0000] {processor.py:175} INFO - Processing /home/airflow/.local/lib/python3.7/site-packages/airflow/example_dags/example_sla_dag.py took 0.093 seconds
[2023-09-08T15:51:57.573+0000] {processor.py:153} INFO - Started process (PID=280064) to work on /home/airflow/.local/lib/python3.7/site-packages/airflow/example_dags/example_sla_dag.py
[2023-09-08T15:51:57.602+0000] {processor.py:743} INFO - Processing file /home/airflow/.local/lib/python3.7/site-packages/airflow/example_dags/example_sla_dag.py for tasks to queue
[2023-09-08T15:51:57.697+0000] {logging_mixin.py:137} INFO - [2023-09-08T15:51:57.696+0000] {dagbag.py:538} INFO - Filling up the DagBag from /home/airflow/.local/lib/python3.7/site-packages/airflow/example_dags/example_sla_dag.py
[2023-09-08T15:51:57.722+0000] {processor.py:753} INFO - DAG(s) dict_keys(['example_sla_dag']) retrieved from /home/airflow/.local/lib/python3.7/site-packages/airflow/example_dags/example_sla_dag.py
[2023-09-08T15:51:57.773+0000] {logging_mixin.py:137} INFO - [2023-09-08T15:51:57.773+0000] {dag.py:2690} INFO - Sync 1 DAGs
[2023-09-08T15:51:57.845+0000] {logging_mixin.py:137} INFO - [2023-09-08T15:51:57.845+0000] {dag.py:3441} INFO - Setting next_dagrun for example_sla_dag to 2023-09-08T15:48:00+00:00, run_after=2023-09-08T15:50:00+00:00
[2023-09-08T15:51:57.899+0000] {processor.py:175} INFO - Processing /home/airflow/.local/lib/python3.7/site-packages/airflow/example_dags/example_sla_dag.py took 0.329 seconds
[2023-09-08T18:05:58.110+0000] {processor.py:153} INFO - Started process (PID=280131) to work on /home/airflow/.local/lib/python3.7/site-packages/airflow/example_dags/example_sla_dag.py
[2023-09-08T18:05:58.121+0000] {processor.py:743} INFO - Processing file /home/airflow/.local/lib/python3.7/site-packages/airflow/example_dags/example_sla_dag.py for tasks to queue
[2023-09-08T18:05:58.123+0000] {logging_mixin.py:137} INFO - [2023-09-08T18:05:58.123+0000] {dagbag.py:538} INFO - Filling up the DagBag from /home/airflow/.local/lib/python3.7/site-packages/airflow/example_dags/example_sla_dag.py
[2023-09-08T18:05:58.182+0000] {processor.py:753} INFO - DAG(s) dict_keys(['example_sla_dag']) retrieved from /home/airflow/.local/lib/python3.7/site-packages/airflow/example_dags/example_sla_dag.py
[2023-09-08T18:05:58.255+0000] {logging_mixin.py:137} INFO - [2023-09-08T18:05:58.255+0000] {dag.py:2690} INFO - Sync 1 DAGs
[2023-09-08T18:05:58.315+0000] {logging_mixin.py:137} INFO - [2023-09-08T18:05:58.315+0000] {dag.py:3441} INFO - Setting next_dagrun for example_sla_dag to 2023-09-08T18:02:00+00:00, run_after=2023-09-08T18:04:00+00:00
[2023-09-08T18:05:58.379+0000] {processor.py:175} INFO - Processing /home/airflow/.local/lib/python3.7/site-packages/airflow/example_dags/example_sla_dag.py took 0.279 seconds
[2023-09-08T18:55:47.087+0000] {processor.py:153} INFO - Started process (PID=280210) to work on /home/airflow/.local/lib/python3.7/site-packages/airflow/example_dags/example_sla_dag.py
[2023-09-08T18:55:47.090+0000] {processor.py:743} INFO - Processing file /home/airflow/.local/lib/python3.7/site-packages/airflow/example_dags/example_sla_dag.py for tasks to queue
[2023-09-08T18:55:47.095+0000] {logging_mixin.py:137} INFO - [2023-09-08T18:55:47.095+0000] {dagbag.py:538} INFO - Filling up the DagBag from /home/airflow/.local/lib/python3.7/site-packages/airflow/example_dags/example_sla_dag.py
[2023-09-08T18:55:47.129+0000] {processor.py:753} INFO - DAG(s) dict_keys(['example_sla_dag']) retrieved from /home/airflow/.local/lib/python3.7/site-packages/airflow/example_dags/example_sla_dag.py
[2023-09-08T18:55:47.165+0000] {logging_mixin.py:137} INFO - [2023-09-08T18:55:47.165+0000] {dag.py:2690} INFO - Sync 1 DAGs
[2023-09-08T18:55:47.194+0000] {logging_mixin.py:137} INFO - [2023-09-08T18:55:47.194+0000] {dag.py:3441} INFO - Setting next_dagrun for example_sla_dag to 2023-09-08T18:52:00+00:00, run_after=2023-09-08T18:54:00+00:00
[2023-09-08T18:55:47.209+0000] {processor.py:175} INFO - Processing /home/airflow/.local/lib/python3.7/site-packages/airflow/example_dags/example_sla_dag.py took 0.126 seconds
[2023-09-08T20:04:03.807+0000] {processor.py:153} INFO - Started process (PID=280266) to work on /home/airflow/.local/lib/python3.7/site-packages/airflow/example_dags/example_sla_dag.py
[2023-09-08T20:04:03.812+0000] {processor.py:743} INFO - Processing file /home/airflow/.local/lib/python3.7/site-packages/airflow/example_dags/example_sla_dag.py for tasks to queue
[2023-09-08T20:04:03.815+0000] {logging_mixin.py:137} INFO - [2023-09-08T20:04:03.814+0000] {dagbag.py:538} INFO - Filling up the DagBag from /home/airflow/.local/lib/python3.7/site-packages/airflow/example_dags/example_sla_dag.py
[2023-09-08T20:04:03.838+0000] {processor.py:753} INFO - DAG(s) dict_keys(['example_sla_dag']) retrieved from /home/airflow/.local/lib/python3.7/site-packages/airflow/example_dags/example_sla_dag.py
[2023-09-08T20:04:03.867+0000] {logging_mixin.py:137} INFO - [2023-09-08T20:04:03.867+0000] {dag.py:2690} INFO - Sync 1 DAGs
[2023-09-08T20:04:03.898+0000] {logging_mixin.py:137} INFO - [2023-09-08T20:04:03.898+0000] {dag.py:3441} INFO - Setting next_dagrun for example_sla_dag to 2023-09-08T20:02:00+00:00, run_after=2023-09-08T20:04:00+00:00
[2023-09-08T20:04:03.914+0000] {processor.py:175} INFO - Processing /home/airflow/.local/lib/python3.7/site-packages/airflow/example_dags/example_sla_dag.py took 0.111 seconds
[2023-09-08T21:19:39.527+0000] {processor.py:153} INFO - Started process (PID=280335) to work on /home/airflow/.local/lib/python3.7/site-packages/airflow/example_dags/example_sla_dag.py
[2023-09-08T21:19:39.529+0000] {processor.py:743} INFO - Processing file /home/airflow/.local/lib/python3.7/site-packages/airflow/example_dags/example_sla_dag.py for tasks to queue
[2023-09-08T21:19:39.530+0000] {logging_mixin.py:137} INFO - [2023-09-08T21:19:39.530+0000] {dagbag.py:538} INFO - Filling up the DagBag from /home/airflow/.local/lib/python3.7/site-packages/airflow/example_dags/example_sla_dag.py
[2023-09-08T21:19:39.555+0000] {processor.py:753} INFO - DAG(s) dict_keys(['example_sla_dag']) retrieved from /home/airflow/.local/lib/python3.7/site-packages/airflow/example_dags/example_sla_dag.py
[2023-09-08T21:19:39.599+0000] {logging_mixin.py:137} INFO - [2023-09-08T21:19:39.599+0000] {dag.py:2690} INFO - Sync 1 DAGs
[2023-09-08T21:19:39.622+0000] {logging_mixin.py:137} INFO - [2023-09-08T21:19:39.622+0000] {dag.py:3441} INFO - Setting next_dagrun for example_sla_dag to 2023-09-08T21:16:00+00:00, run_after=2023-09-08T21:18:00+00:00
[2023-09-08T21:19:39.643+0000] {processor.py:175} INFO - Processing /home/airflow/.local/lib/python3.7/site-packages/airflow/example_dags/example_sla_dag.py took 0.120 seconds
[2023-09-08T22:05:56.245+0000] {processor.py:153} INFO - Started process (PID=280415) to work on /home/airflow/.local/lib/python3.7/site-packages/airflow/example_dags/example_sla_dag.py
[2023-09-08T22:05:56.251+0000] {processor.py:743} INFO - Processing file /home/airflow/.local/lib/python3.7/site-packages/airflow/example_dags/example_sla_dag.py for tasks to queue
[2023-09-08T22:05:56.256+0000] {logging_mixin.py:137} INFO - [2023-09-08T22:05:56.254+0000] {dagbag.py:538} INFO - Filling up the DagBag from /home/airflow/.local/lib/python3.7/site-packages/airflow/example_dags/example_sla_dag.py
[2023-09-08T22:05:56.315+0000] {processor.py:753} INFO - DAG(s) dict_keys(['example_sla_dag']) retrieved from /home/airflow/.local/lib/python3.7/site-packages/airflow/example_dags/example_sla_dag.py
[2023-09-08T22:05:56.428+0000] {logging_mixin.py:137} INFO - [2023-09-08T22:05:56.427+0000] {dag.py:2690} INFO - Sync 1 DAGs
[2023-09-08T22:05:56.475+0000] {logging_mixin.py:137} INFO - [2023-09-08T22:05:56.475+0000] {dag.py:3441} INFO - Setting next_dagrun for example_sla_dag to 2023-09-08T22:02:00+00:00, run_after=2023-09-08T22:04:00+00:00
[2023-09-08T22:05:56.597+0000] {processor.py:175} INFO - Processing /home/airflow/.local/lib/python3.7/site-packages/airflow/example_dags/example_sla_dag.py took 0.365 seconds
[2023-09-08T22:06:37.938+0000] {processor.py:153} INFO - Started process (PID=280483) to work on /home/airflow/.local/lib/python3.7/site-packages/airflow/example_dags/example_sla_dag.py
[2023-09-08T22:06:37.940+0000] {processor.py:743} INFO - Processing file /home/airflow/.local/lib/python3.7/site-packages/airflow/example_dags/example_sla_dag.py for tasks to queue
[2023-09-08T22:06:37.941+0000] {logging_mixin.py:137} INFO - [2023-09-08T22:06:37.941+0000] {dagbag.py:538} INFO - Filling up the DagBag from /home/airflow/.local/lib/python3.7/site-packages/airflow/example_dags/example_sla_dag.py
[2023-09-08T22:06:37.960+0000] {processor.py:753} INFO - DAG(s) dict_keys(['example_sla_dag']) retrieved from /home/airflow/.local/lib/python3.7/site-packages/airflow/example_dags/example_sla_dag.py
[2023-09-08T22:06:37.985+0000] {logging_mixin.py:137} INFO - [2023-09-08T22:06:37.984+0000] {dag.py:2690} INFO - Sync 1 DAGs
[2023-09-08T22:06:38.005+0000] {logging_mixin.py:137} INFO - [2023-09-08T22:06:38.005+0000] {dag.py:3441} INFO - Setting next_dagrun for example_sla_dag to 2023-09-08T22:04:00+00:00, run_after=2023-09-08T22:06:00+00:00
[2023-09-08T22:06:38.020+0000] {processor.py:175} INFO - Processing /home/airflow/.local/lib/python3.7/site-packages/airflow/example_dags/example_sla_dag.py took 0.086 seconds
[2023-09-08T22:07:10.300+0000] {processor.py:153} INFO - Started process (PID=280548) to work on /home/airflow/.local/lib/python3.7/site-packages/airflow/example_dags/example_sla_dag.py
[2023-09-08T22:07:10.312+0000] {processor.py:743} INFO - Processing file /home/airflow/.local/lib/python3.7/site-packages/airflow/example_dags/example_sla_dag.py for tasks to queue
[2023-09-08T22:07:10.317+0000] {logging_mixin.py:137} INFO - [2023-09-08T22:07:10.317+0000] {dagbag.py:538} INFO - Filling up the DagBag from /home/airflow/.local/lib/python3.7/site-packages/airflow/example_dags/example_sla_dag.py
[2023-09-08T22:07:10.363+0000] {processor.py:753} INFO - DAG(s) dict_keys(['example_sla_dag']) retrieved from /home/airflow/.local/lib/python3.7/site-packages/airflow/example_dags/example_sla_dag.py
[2023-09-08T22:07:10.405+0000] {logging_mixin.py:137} INFO - [2023-09-08T22:07:10.405+0000] {dag.py:2690} INFO - Sync 1 DAGs
[2023-09-08T22:07:10.429+0000] {logging_mixin.py:137} INFO - [2023-09-08T22:07:10.429+0000] {dag.py:3441} INFO - Setting next_dagrun for example_sla_dag to 2023-09-08T22:04:00+00:00, run_after=2023-09-08T22:06:00+00:00
[2023-09-08T22:07:10.446+0000] {processor.py:175} INFO - Processing /home/airflow/.local/lib/python3.7/site-packages/airflow/example_dags/example_sla_dag.py took 0.148 seconds
[2023-09-08T22:07:42.044+0000] {processor.py:153} INFO - Started process (PID=280618) to work on /home/airflow/.local/lib/python3.7/site-packages/airflow/example_dags/example_sla_dag.py
[2023-09-08T22:07:42.054+0000] {processor.py:743} INFO - Processing file /home/airflow/.local/lib/python3.7/site-packages/airflow/example_dags/example_sla_dag.py for tasks to queue
[2023-09-08T22:07:42.084+0000] {logging_mixin.py:137} INFO - [2023-09-08T22:07:42.083+0000] {dagbag.py:538} INFO - Filling up the DagBag from /home/airflow/.local/lib/python3.7/site-packages/airflow/example_dags/example_sla_dag.py
[2023-09-08T22:07:42.205+0000] {processor.py:753} INFO - DAG(s) dict_keys(['example_sla_dag']) retrieved from /home/airflow/.local/lib/python3.7/site-packages/airflow/example_dags/example_sla_dag.py
[2023-09-08T22:07:42.269+0000] {logging_mixin.py:137} INFO - [2023-09-08T22:07:42.269+0000] {dag.py:2690} INFO - Sync 1 DAGs
[2023-09-08T22:07:42.300+0000] {logging_mixin.py:137} INFO - [2023-09-08T22:07:42.300+0000] {dag.py:3441} INFO - Setting next_dagrun for example_sla_dag to 2023-09-08T22:04:00+00:00, run_after=2023-09-08T22:06:00+00:00
[2023-09-08T22:07:42.330+0000] {processor.py:175} INFO - Processing /home/airflow/.local/lib/python3.7/site-packages/airflow/example_dags/example_sla_dag.py took 0.291 seconds
[2023-09-08T22:08:13.176+0000] {processor.py:153} INFO - Started process (PID=280684) to work on /home/airflow/.local/lib/python3.7/site-packages/airflow/example_dags/example_sla_dag.py
[2023-09-08T22:08:13.184+0000] {processor.py:743} INFO - Processing file /home/airflow/.local/lib/python3.7/site-packages/airflow/example_dags/example_sla_dag.py for tasks to queue
[2023-09-08T22:08:13.187+0000] {logging_mixin.py:137} INFO - [2023-09-08T22:08:13.187+0000] {dagbag.py:538} INFO - Filling up the DagBag from /home/airflow/.local/lib/python3.7/site-packages/airflow/example_dags/example_sla_dag.py
[2023-09-08T22:08:13.244+0000] {processor.py:753} INFO - DAG(s) dict_keys(['example_sla_dag']) retrieved from /home/airflow/.local/lib/python3.7/site-packages/airflow/example_dags/example_sla_dag.py
[2023-09-08T22:08:13.316+0000] {logging_mixin.py:137} INFO - [2023-09-08T22:08:13.315+0000] {dag.py:2690} INFO - Sync 1 DAGs
[2023-09-08T22:08:13.425+0000] {logging_mixin.py:137} INFO - [2023-09-08T22:08:13.424+0000] {dag.py:3441} INFO - Setting next_dagrun for example_sla_dag to 2023-09-08T22:06:00+00:00, run_after=2023-09-08T22:08:00+00:00
[2023-09-08T22:08:13.459+0000] {processor.py:175} INFO - Processing /home/airflow/.local/lib/python3.7/site-packages/airflow/example_dags/example_sla_dag.py took 0.288 seconds
[2023-09-08T22:08:53.094+0000] {processor.py:153} INFO - Started process (PID=280751) to work on /home/airflow/.local/lib/python3.7/site-packages/airflow/example_dags/example_sla_dag.py
[2023-09-08T22:08:53.140+0000] {processor.py:743} INFO - Processing file /home/airflow/.local/lib/python3.7/site-packages/airflow/example_dags/example_sla_dag.py for tasks to queue
[2023-09-08T22:08:53.145+0000] {logging_mixin.py:137} INFO - [2023-09-08T22:08:53.145+0000] {dagbag.py:538} INFO - Filling up the DagBag from /home/airflow/.local/lib/python3.7/site-packages/airflow/example_dags/example_sla_dag.py
[2023-09-08T22:08:53.366+0000] {processor.py:753} INFO - DAG(s) dict_keys(['example_sla_dag']) retrieved from /home/airflow/.local/lib/python3.7/site-packages/airflow/example_dags/example_sla_dag.py
[2023-09-08T22:08:53.667+0000] {logging_mixin.py:137} INFO - [2023-09-08T22:08:53.667+0000] {dag.py:2690} INFO - Sync 1 DAGs
[2023-09-08T22:08:53.847+0000] {logging_mixin.py:137} INFO - [2023-09-08T22:08:53.847+0000] {dag.py:3441} INFO - Setting next_dagrun for example_sla_dag to 2023-09-08T22:06:00+00:00, run_after=2023-09-08T22:08:00+00:00
[2023-09-08T22:08:53.928+0000] {processor.py:175} INFO - Processing /home/airflow/.local/lib/python3.7/site-packages/airflow/example_dags/example_sla_dag.py took 0.871 seconds
[2023-09-08T22:09:24.473+0000] {processor.py:153} INFO - Started process (PID=280819) to work on /home/airflow/.local/lib/python3.7/site-packages/airflow/example_dags/example_sla_dag.py
[2023-09-08T22:09:24.481+0000] {processor.py:743} INFO - Processing file /home/airflow/.local/lib/python3.7/site-packages/airflow/example_dags/example_sla_dag.py for tasks to queue
[2023-09-08T22:09:24.489+0000] {logging_mixin.py:137} INFO - [2023-09-08T22:09:24.488+0000] {dagbag.py:538} INFO - Filling up the DagBag from /home/airflow/.local/lib/python3.7/site-packages/airflow/example_dags/example_sla_dag.py
[2023-09-08T22:09:24.625+0000] {processor.py:753} INFO - DAG(s) dict_keys(['example_sla_dag']) retrieved from /home/airflow/.local/lib/python3.7/site-packages/airflow/example_dags/example_sla_dag.py
[2023-09-08T22:09:24.785+0000] {logging_mixin.py:137} INFO - [2023-09-08T22:09:24.785+0000] {dag.py:2690} INFO - Sync 1 DAGs
[2023-09-08T22:09:25.037+0000] {logging_mixin.py:137} INFO - [2023-09-08T22:09:25.026+0000] {dag.py:3441} INFO - Setting next_dagrun for example_sla_dag to 2023-09-08T22:06:00+00:00, run_after=2023-09-08T22:08:00+00:00
[2023-09-08T22:09:25.136+0000] {processor.py:175} INFO - Processing /home/airflow/.local/lib/python3.7/site-packages/airflow/example_dags/example_sla_dag.py took 0.671 seconds
[2023-09-08T22:09:56.826+0000] {processor.py:153} INFO - Started process (PID=280887) to work on /home/airflow/.local/lib/python3.7/site-packages/airflow/example_dags/example_sla_dag.py
[2023-09-08T22:09:56.830+0000] {processor.py:743} INFO - Processing file /home/airflow/.local/lib/python3.7/site-packages/airflow/example_dags/example_sla_dag.py for tasks to queue
[2023-09-08T22:09:56.832+0000] {logging_mixin.py:137} INFO - [2023-09-08T22:09:56.832+0000] {dagbag.py:538} INFO - Filling up the DagBag from /home/airflow/.local/lib/python3.7/site-packages/airflow/example_dags/example_sla_dag.py
[2023-09-08T22:09:56.856+0000] {processor.py:753} INFO - DAG(s) dict_keys(['example_sla_dag']) retrieved from /home/airflow/.local/lib/python3.7/site-packages/airflow/example_dags/example_sla_dag.py
[2023-09-08T22:09:56.892+0000] {logging_mixin.py:137} INFO - [2023-09-08T22:09:56.892+0000] {dag.py:2690} INFO - Sync 1 DAGs
[2023-09-08T22:09:56.922+0000] {logging_mixin.py:137} INFO - [2023-09-08T22:09:56.922+0000] {dag.py:3441} INFO - Setting next_dagrun for example_sla_dag to 2023-09-08T22:06:00+00:00, run_after=2023-09-08T22:08:00+00:00
[2023-09-08T22:09:56.941+0000] {processor.py:175} INFO - Processing /home/airflow/.local/lib/python3.7/site-packages/airflow/example_dags/example_sla_dag.py took 0.119 seconds
[2023-09-08T22:10:27.085+0000] {processor.py:153} INFO - Started process (PID=280954) to work on /home/airflow/.local/lib/python3.7/site-packages/airflow/example_dags/example_sla_dag.py
[2023-09-08T22:10:27.090+0000] {processor.py:743} INFO - Processing file /home/airflow/.local/lib/python3.7/site-packages/airflow/example_dags/example_sla_dag.py for tasks to queue
[2023-09-08T22:10:27.102+0000] {logging_mixin.py:137} INFO - [2023-09-08T22:10:27.102+0000] {dagbag.py:538} INFO - Filling up the DagBag from /home/airflow/.local/lib/python3.7/site-packages/airflow/example_dags/example_sla_dag.py
[2023-09-08T22:10:27.142+0000] {processor.py:753} INFO - DAG(s) dict_keys(['example_sla_dag']) retrieved from /home/airflow/.local/lib/python3.7/site-packages/airflow/example_dags/example_sla_dag.py
[2023-09-08T22:10:27.208+0000] {logging_mixin.py:137} INFO - [2023-09-08T22:10:27.208+0000] {dag.py:2690} INFO - Sync 1 DAGs
[2023-09-08T22:10:27.253+0000] {logging_mixin.py:137} INFO - [2023-09-08T22:10:27.253+0000] {dag.py:3441} INFO - Setting next_dagrun for example_sla_dag to 2023-09-08T22:08:00+00:00, run_after=2023-09-08T22:10:00+00:00
[2023-09-08T22:10:27.281+0000] {processor.py:175} INFO - Processing /home/airflow/.local/lib/python3.7/site-packages/airflow/example_dags/example_sla_dag.py took 0.202 seconds
[2023-09-08T22:10:59.392+0000] {processor.py:153} INFO - Started process (PID=281033) to work on /home/airflow/.local/lib/python3.7/site-packages/airflow/example_dags/example_sla_dag.py
[2023-09-08T22:10:59.402+0000] {processor.py:743} INFO - Processing file /home/airflow/.local/lib/python3.7/site-packages/airflow/example_dags/example_sla_dag.py for tasks to queue
[2023-09-08T22:10:59.405+0000] {logging_mixin.py:137} INFO - [2023-09-08T22:10:59.405+0000] {dagbag.py:538} INFO - Filling up the DagBag from /home/airflow/.local/lib/python3.7/site-packages/airflow/example_dags/example_sla_dag.py
[2023-09-08T22:10:59.427+0000] {processor.py:753} INFO - DAG(s) dict_keys(['example_sla_dag']) retrieved from /home/airflow/.local/lib/python3.7/site-packages/airflow/example_dags/example_sla_dag.py
[2023-09-08T22:10:59.493+0000] {logging_mixin.py:137} INFO - [2023-09-08T22:10:59.493+0000] {dag.py:2690} INFO - Sync 1 DAGs
[2023-09-08T22:10:59.549+0000] {logging_mixin.py:137} INFO - [2023-09-08T22:10:59.549+0000] {dag.py:3441} INFO - Setting next_dagrun for example_sla_dag to 2023-09-08T22:08:00+00:00, run_after=2023-09-08T22:10:00+00:00
[2023-09-08T22:10:59.586+0000] {processor.py:175} INFO - Processing /home/airflow/.local/lib/python3.7/site-packages/airflow/example_dags/example_sla_dag.py took 0.198 seconds
[2023-09-08T22:11:30.176+0000] {processor.py:153} INFO - Started process (PID=281100) to work on /home/airflow/.local/lib/python3.7/site-packages/airflow/example_dags/example_sla_dag.py
[2023-09-08T22:11:30.178+0000] {processor.py:743} INFO - Processing file /home/airflow/.local/lib/python3.7/site-packages/airflow/example_dags/example_sla_dag.py for tasks to queue
[2023-09-08T22:11:30.180+0000] {logging_mixin.py:137} INFO - [2023-09-08T22:11:30.179+0000] {dagbag.py:538} INFO - Filling up the DagBag from /home/airflow/.local/lib/python3.7/site-packages/airflow/example_dags/example_sla_dag.py
[2023-09-08T22:11:30.198+0000] {processor.py:753} INFO - DAG(s) dict_keys(['example_sla_dag']) retrieved from /home/airflow/.local/lib/python3.7/site-packages/airflow/example_dags/example_sla_dag.py
[2023-09-08T22:11:30.223+0000] {logging_mixin.py:137} INFO - [2023-09-08T22:11:30.223+0000] {dag.py:2690} INFO - Sync 1 DAGs
[2023-09-08T22:11:30.244+0000] {logging_mixin.py:137} INFO - [2023-09-08T22:11:30.243+0000] {dag.py:3441} INFO - Setting next_dagrun for example_sla_dag to 2023-09-08T22:08:00+00:00, run_after=2023-09-08T22:10:00+00:00
[2023-09-08T22:11:30.257+0000] {processor.py:175} INFO - Processing /home/airflow/.local/lib/python3.7/site-packages/airflow/example_dags/example_sla_dag.py took 0.085 seconds
[2023-09-08T22:12:00.876+0000] {processor.py:153} INFO - Started process (PID=281168) to work on /home/airflow/.local/lib/python3.7/site-packages/airflow/example_dags/example_sla_dag.py
[2023-09-08T22:12:00.881+0000] {processor.py:743} INFO - Processing file /home/airflow/.local/lib/python3.7/site-packages/airflow/example_dags/example_sla_dag.py for tasks to queue
[2023-09-08T22:12:00.887+0000] {logging_mixin.py:137} INFO - [2023-09-08T22:12:00.887+0000] {dagbag.py:538} INFO - Filling up the DagBag from /home/airflow/.local/lib/python3.7/site-packages/airflow/example_dags/example_sla_dag.py
[2023-09-08T22:12:01.023+0000] {processor.py:753} INFO - DAG(s) dict_keys(['example_sla_dag']) retrieved from /home/airflow/.local/lib/python3.7/site-packages/airflow/example_dags/example_sla_dag.py
[2023-09-08T22:12:01.248+0000] {logging_mixin.py:137} INFO - [2023-09-08T22:12:01.248+0000] {dag.py:2690} INFO - Sync 1 DAGs
[2023-09-08T22:12:01.298+0000] {logging_mixin.py:137} INFO - [2023-09-08T22:12:01.297+0000] {dag.py:3441} INFO - Setting next_dagrun for example_sla_dag to 2023-09-08T22:10:00+00:00, run_after=2023-09-08T22:12:00+00:00
[2023-09-08T22:12:01.347+0000] {processor.py:175} INFO - Processing /home/airflow/.local/lib/python3.7/site-packages/airflow/example_dags/example_sla_dag.py took 0.485 seconds
[2023-09-08T22:28:12.387+0000] {processor.py:153} INFO - Started process (PID=281256) to work on /home/airflow/.local/lib/python3.7/site-packages/airflow/example_dags/example_sla_dag.py
[2023-09-08T22:28:12.394+0000] {processor.py:743} INFO - Processing file /home/airflow/.local/lib/python3.7/site-packages/airflow/example_dags/example_sla_dag.py for tasks to queue
[2023-09-08T22:28:12.396+0000] {logging_mixin.py:137} INFO - [2023-09-08T22:28:12.396+0000] {dagbag.py:538} INFO - Filling up the DagBag from /home/airflow/.local/lib/python3.7/site-packages/airflow/example_dags/example_sla_dag.py
[2023-09-08T22:28:12.434+0000] {processor.py:753} INFO - DAG(s) dict_keys(['example_sla_dag']) retrieved from /home/airflow/.local/lib/python3.7/site-packages/airflow/example_dags/example_sla_dag.py
[2023-09-08T22:28:12.546+0000] {logging_mixin.py:137} INFO - [2023-09-08T22:28:12.546+0000] {dag.py:2690} INFO - Sync 1 DAGs
[2023-09-08T22:28:12.642+0000] {logging_mixin.py:137} INFO - [2023-09-08T22:28:12.642+0000] {dag.py:3441} INFO - Setting next_dagrun for example_sla_dag to 2023-09-08T22:26:00+00:00, run_after=2023-09-08T22:28:00+00:00
[2023-09-08T22:28:12.713+0000] {processor.py:175} INFO - Processing /home/airflow/.local/lib/python3.7/site-packages/airflow/example_dags/example_sla_dag.py took 0.335 seconds
[2023-09-08T23:49:16.182+0000] {processor.py:153} INFO - Started process (PID=281312) to work on /home/airflow/.local/lib/python3.7/site-packages/airflow/example_dags/example_sla_dag.py
[2023-09-08T23:49:16.189+0000] {processor.py:743} INFO - Processing file /home/airflow/.local/lib/python3.7/site-packages/airflow/example_dags/example_sla_dag.py for tasks to queue
[2023-09-08T23:49:16.192+0000] {logging_mixin.py:137} INFO - [2023-09-08T23:49:16.192+0000] {dagbag.py:538} INFO - Filling up the DagBag from /home/airflow/.local/lib/python3.7/site-packages/airflow/example_dags/example_sla_dag.py
[2023-09-08T23:49:16.210+0000] {processor.py:753} INFO - DAG(s) dict_keys(['example_sla_dag']) retrieved from /home/airflow/.local/lib/python3.7/site-packages/airflow/example_dags/example_sla_dag.py
[2023-09-08T23:49:16.245+0000] {logging_mixin.py:137} INFO - [2023-09-08T23:49:16.244+0000] {dag.py:2690} INFO - Sync 1 DAGs
[2023-09-08T23:49:16.270+0000] {logging_mixin.py:137} INFO - [2023-09-08T23:49:16.270+0000] {dag.py:3441} INFO - Setting next_dagrun for example_sla_dag to 2023-09-08T23:46:00+00:00, run_after=2023-09-08T23:48:00+00:00
[2023-09-08T23:49:16.301+0000] {processor.py:175} INFO - Processing /home/airflow/.local/lib/python3.7/site-packages/airflow/example_dags/example_sla_dag.py took 0.124 seconds
