[2023-09-08T00:29:15.362+0000] {processor.py:153} INFO - Started process (PID=279197) to work on /home/airflow/.local/lib/python3.7/site-packages/airflow/example_dags/example_complex.py
[2023-09-08T00:29:15.375+0000] {processor.py:743} INFO - Processing file /home/airflow/.local/lib/python3.7/site-packages/airflow/example_dags/example_complex.py for tasks to queue
[2023-09-08T00:29:15.377+0000] {logging_mixin.py:137} INFO - [2023-09-08T00:29:15.376+0000] {dagbag.py:538} INFO - Filling up the DagBag from /home/airflow/.local/lib/python3.7/site-packages/airflow/example_dags/example_complex.py
[2023-09-08T00:29:15.404+0000] {logging_mixin.py:137} INFO - [2023-09-08T00:29:15.404+0000] {taskmixin.py:205} WARNING - Dependency <Task(BashOperator): create_entry_group>, delete_entry_group already registered for DAG: example_complex
[2023-09-08T00:29:15.437+0000] {logging_mixin.py:137} INFO - [2023-09-08T00:29:15.437+0000] {taskmixin.py:205} WARNING - Dependency <Task(BashOperator): delete_entry_group>, create_entry_group already registered for DAG: example_complex
[2023-09-08T00:29:15.439+0000] {logging_mixin.py:137} INFO - [2023-09-08T00:29:15.439+0000] {taskmixin.py:205} WARNING - Dependency <Task(BashOperator): create_entry_gcs>, delete_entry already registered for DAG: example_complex
[2023-09-08T00:29:15.453+0000] {logging_mixin.py:137} INFO - [2023-09-08T00:29:15.453+0000] {taskmixin.py:205} WARNING - Dependency <Task(BashOperator): delete_entry>, create_entry_gcs already registered for DAG: example_complex
[2023-09-08T00:29:15.457+0000] {logging_mixin.py:137} INFO - [2023-09-08T00:29:15.454+0000] {taskmixin.py:205} WARNING - Dependency <Task(BashOperator): create_tag>, delete_tag already registered for DAG: example_complex
[2023-09-08T00:29:15.465+0000] {logging_mixin.py:137} INFO - [2023-09-08T00:29:15.465+0000] {taskmixin.py:205} WARNING - Dependency <Task(BashOperator): delete_tag>, create_tag already registered for DAG: example_complex
[2023-09-08T00:29:15.470+0000] {processor.py:753} INFO - DAG(s) dict_keys(['example_complex']) retrieved from /home/airflow/.local/lib/python3.7/site-packages/airflow/example_dags/example_complex.py
[2023-09-08T00:29:15.762+0000] {logging_mixin.py:137} INFO - [2023-09-08T00:29:15.761+0000] {dag.py:2690} INFO - Sync 1 DAGs
[2023-09-08T00:29:15.954+0000] {logging_mixin.py:137} INFO - [2023-09-08T00:29:15.954+0000] {dag.py:3441} INFO - Setting next_dagrun for example_complex to None, run_after=None
[2023-09-08T00:29:16.309+0000] {processor.py:175} INFO - Processing /home/airflow/.local/lib/python3.7/site-packages/airflow/example_dags/example_complex.py took 0.954 seconds
[2023-09-08T01:24:16.157+0000] {processor.py:153} INFO - Started process (PID=279267) to work on /home/airflow/.local/lib/python3.7/site-packages/airflow/example_dags/example_complex.py
[2023-09-08T01:24:16.170+0000] {processor.py:743} INFO - Processing file /home/airflow/.local/lib/python3.7/site-packages/airflow/example_dags/example_complex.py for tasks to queue
[2023-09-08T01:24:16.174+0000] {logging_mixin.py:137} INFO - [2023-09-08T01:24:16.174+0000] {dagbag.py:538} INFO - Filling up the DagBag from /home/airflow/.local/lib/python3.7/site-packages/airflow/example_dags/example_complex.py
[2023-09-08T01:24:16.226+0000] {logging_mixin.py:137} INFO - [2023-09-08T01:24:16.226+0000] {taskmixin.py:205} WARNING - Dependency <Task(BashOperator): create_entry_group>, delete_entry_group already registered for DAG: example_complex
[2023-09-08T01:24:16.228+0000] {logging_mixin.py:137} INFO - [2023-09-08T01:24:16.228+0000] {taskmixin.py:205} WARNING - Dependency <Task(BashOperator): delete_entry_group>, create_entry_group already registered for DAG: example_complex
[2023-09-08T01:24:16.229+0000] {logging_mixin.py:137} INFO - [2023-09-08T01:24:16.229+0000] {taskmixin.py:205} WARNING - Dependency <Task(BashOperator): create_entry_gcs>, delete_entry already registered for DAG: example_complex
[2023-09-08T01:24:16.230+0000] {logging_mixin.py:137} INFO - [2023-09-08T01:24:16.230+0000] {taskmixin.py:205} WARNING - Dependency <Task(BashOperator): delete_entry>, create_entry_gcs already registered for DAG: example_complex
[2023-09-08T01:24:16.234+0000] {logging_mixin.py:137} INFO - [2023-09-08T01:24:16.234+0000] {taskmixin.py:205} WARNING - Dependency <Task(BashOperator): create_tag>, delete_tag already registered for DAG: example_complex
[2023-09-08T01:24:16.235+0000] {logging_mixin.py:137} INFO - [2023-09-08T01:24:16.235+0000] {taskmixin.py:205} WARNING - Dependency <Task(BashOperator): delete_tag>, create_tag already registered for DAG: example_complex
[2023-09-08T01:24:16.237+0000] {processor.py:753} INFO - DAG(s) dict_keys(['example_complex']) retrieved from /home/airflow/.local/lib/python3.7/site-packages/airflow/example_dags/example_complex.py
[2023-09-08T01:24:16.301+0000] {logging_mixin.py:137} INFO - [2023-09-08T01:24:16.300+0000] {dag.py:2690} INFO - Sync 1 DAGs
[2023-09-08T01:24:16.410+0000] {logging_mixin.py:137} INFO - [2023-09-08T01:24:16.409+0000] {dag.py:3441} INFO - Setting next_dagrun for example_complex to None, run_after=None
[2023-09-08T01:24:16.470+0000] {processor.py:175} INFO - Processing /home/airflow/.local/lib/python3.7/site-packages/airflow/example_dags/example_complex.py took 0.325 seconds
[2023-09-08T01:58:47.111+0000] {processor.py:153} INFO - Started process (PID=279327) to work on /home/airflow/.local/lib/python3.7/site-packages/airflow/example_dags/example_complex.py
[2023-09-08T01:58:47.116+0000] {processor.py:743} INFO - Processing file /home/airflow/.local/lib/python3.7/site-packages/airflow/example_dags/example_complex.py for tasks to queue
[2023-09-08T01:58:47.119+0000] {logging_mixin.py:137} INFO - [2023-09-08T01:58:47.119+0000] {dagbag.py:538} INFO - Filling up the DagBag from /home/airflow/.local/lib/python3.7/site-packages/airflow/example_dags/example_complex.py
[2023-09-08T01:58:47.136+0000] {logging_mixin.py:137} INFO - [2023-09-08T01:58:47.136+0000] {taskmixin.py:205} WARNING - Dependency <Task(BashOperator): create_entry_group>, delete_entry_group already registered for DAG: example_complex
[2023-09-08T01:58:47.137+0000] {logging_mixin.py:137} INFO - [2023-09-08T01:58:47.137+0000] {taskmixin.py:205} WARNING - Dependency <Task(BashOperator): delete_entry_group>, create_entry_group already registered for DAG: example_complex
[2023-09-08T01:58:47.138+0000] {logging_mixin.py:137} INFO - [2023-09-08T01:58:47.138+0000] {taskmixin.py:205} WARNING - Dependency <Task(BashOperator): create_entry_gcs>, delete_entry already registered for DAG: example_complex
[2023-09-08T01:58:47.141+0000] {logging_mixin.py:137} INFO - [2023-09-08T01:58:47.141+0000] {taskmixin.py:205} WARNING - Dependency <Task(BashOperator): delete_entry>, create_entry_gcs already registered for DAG: example_complex
[2023-09-08T01:58:47.144+0000] {logging_mixin.py:137} INFO - [2023-09-08T01:58:47.144+0000] {taskmixin.py:205} WARNING - Dependency <Task(BashOperator): create_tag>, delete_tag already registered for DAG: example_complex
[2023-09-08T01:58:47.145+0000] {logging_mixin.py:137} INFO - [2023-09-08T01:58:47.145+0000] {taskmixin.py:205} WARNING - Dependency <Task(BashOperator): delete_tag>, create_tag already registered for DAG: example_complex
[2023-09-08T01:58:47.148+0000] {processor.py:753} INFO - DAG(s) dict_keys(['example_complex']) retrieved from /home/airflow/.local/lib/python3.7/site-packages/airflow/example_dags/example_complex.py
[2023-09-08T01:58:47.205+0000] {logging_mixin.py:137} INFO - [2023-09-08T01:58:47.205+0000] {dag.py:2690} INFO - Sync 1 DAGs
[2023-09-08T01:58:47.274+0000] {logging_mixin.py:137} INFO - [2023-09-08T01:58:47.274+0000] {dag.py:3441} INFO - Setting next_dagrun for example_complex to None, run_after=None
[2023-09-08T01:58:47.312+0000] {processor.py:175} INFO - Processing /home/airflow/.local/lib/python3.7/site-packages/airflow/example_dags/example_complex.py took 0.204 seconds
[2023-09-08T03:22:26.329+0000] {processor.py:153} INFO - Started process (PID=279382) to work on /home/airflow/.local/lib/python3.7/site-packages/airflow/example_dags/example_complex.py
[2023-09-08T03:22:26.332+0000] {processor.py:743} INFO - Processing file /home/airflow/.local/lib/python3.7/site-packages/airflow/example_dags/example_complex.py for tasks to queue
[2023-09-08T03:22:26.345+0000] {logging_mixin.py:137} INFO - [2023-09-08T03:22:26.335+0000] {dagbag.py:538} INFO - Filling up the DagBag from /home/airflow/.local/lib/python3.7/site-packages/airflow/example_dags/example_complex.py
[2023-09-08T03:22:26.394+0000] {logging_mixin.py:137} INFO - [2023-09-08T03:22:26.392+0000] {taskmixin.py:205} WARNING - Dependency <Task(BashOperator): create_entry_group>, delete_entry_group already registered for DAG: example_complex
[2023-09-08T03:22:26.396+0000] {logging_mixin.py:137} INFO - [2023-09-08T03:22:26.396+0000] {taskmixin.py:205} WARNING - Dependency <Task(BashOperator): delete_entry_group>, create_entry_group already registered for DAG: example_complex
[2023-09-08T03:22:26.406+0000] {logging_mixin.py:137} INFO - [2023-09-08T03:22:26.406+0000] {taskmixin.py:205} WARNING - Dependency <Task(BashOperator): create_entry_gcs>, delete_entry already registered for DAG: example_complex
[2023-09-08T03:22:26.410+0000] {logging_mixin.py:137} INFO - [2023-09-08T03:22:26.410+0000] {taskmixin.py:205} WARNING - Dependency <Task(BashOperator): delete_entry>, create_entry_gcs already registered for DAG: example_complex
[2023-09-08T03:22:26.411+0000] {logging_mixin.py:137} INFO - [2023-09-08T03:22:26.411+0000] {taskmixin.py:205} WARNING - Dependency <Task(BashOperator): create_tag>, delete_tag already registered for DAG: example_complex
[2023-09-08T03:22:26.413+0000] {logging_mixin.py:137} INFO - [2023-09-08T03:22:26.413+0000] {taskmixin.py:205} WARNING - Dependency <Task(BashOperator): delete_tag>, create_tag already registered for DAG: example_complex
[2023-09-08T03:22:26.417+0000] {processor.py:753} INFO - DAG(s) dict_keys(['example_complex']) retrieved from /home/airflow/.local/lib/python3.7/site-packages/airflow/example_dags/example_complex.py
[2023-09-08T03:22:26.524+0000] {logging_mixin.py:137} INFO - [2023-09-08T03:22:26.523+0000] {dag.py:2690} INFO - Sync 1 DAGs
[2023-09-08T03:22:26.560+0000] {logging_mixin.py:137} INFO - [2023-09-08T03:22:26.559+0000] {dag.py:3441} INFO - Setting next_dagrun for example_complex to None, run_after=None
[2023-09-08T03:22:26.635+0000] {processor.py:175} INFO - Processing /home/airflow/.local/lib/python3.7/site-packages/airflow/example_dags/example_complex.py took 0.314 seconds
[2023-09-08T04:30:43.718+0000] {processor.py:153} INFO - Started process (PID=279450) to work on /home/airflow/.local/lib/python3.7/site-packages/airflow/example_dags/example_complex.py
[2023-09-08T04:30:43.728+0000] {processor.py:743} INFO - Processing file /home/airflow/.local/lib/python3.7/site-packages/airflow/example_dags/example_complex.py for tasks to queue
[2023-09-08T04:30:43.761+0000] {logging_mixin.py:137} INFO - [2023-09-08T04:30:43.760+0000] {dagbag.py:538} INFO - Filling up the DagBag from /home/airflow/.local/lib/python3.7/site-packages/airflow/example_dags/example_complex.py
[2023-09-08T04:30:43.850+0000] {logging_mixin.py:137} INFO - [2023-09-08T04:30:43.850+0000] {taskmixin.py:205} WARNING - Dependency <Task(BashOperator): create_entry_group>, delete_entry_group already registered for DAG: example_complex
[2023-09-08T04:30:43.861+0000] {logging_mixin.py:137} INFO - [2023-09-08T04:30:43.861+0000] {taskmixin.py:205} WARNING - Dependency <Task(BashOperator): delete_entry_group>, create_entry_group already registered for DAG: example_complex
[2023-09-08T04:30:43.867+0000] {logging_mixin.py:137} INFO - [2023-09-08T04:30:43.867+0000] {taskmixin.py:205} WARNING - Dependency <Task(BashOperator): create_entry_gcs>, delete_entry already registered for DAG: example_complex
[2023-09-08T04:30:43.872+0000] {logging_mixin.py:137} INFO - [2023-09-08T04:30:43.871+0000] {taskmixin.py:205} WARNING - Dependency <Task(BashOperator): delete_entry>, create_entry_gcs already registered for DAG: example_complex
[2023-09-08T04:30:43.890+0000] {logging_mixin.py:137} INFO - [2023-09-08T04:30:43.890+0000] {taskmixin.py:205} WARNING - Dependency <Task(BashOperator): create_tag>, delete_tag already registered for DAG: example_complex
[2023-09-08T04:30:43.906+0000] {logging_mixin.py:137} INFO - [2023-09-08T04:30:43.906+0000] {taskmixin.py:205} WARNING - Dependency <Task(BashOperator): delete_tag>, create_tag already registered for DAG: example_complex
[2023-09-08T04:30:43.917+0000] {processor.py:753} INFO - DAG(s) dict_keys(['example_complex']) retrieved from /home/airflow/.local/lib/python3.7/site-packages/airflow/example_dags/example_complex.py
[2023-09-08T04:30:44.080+0000] {logging_mixin.py:137} INFO - [2023-09-08T04:30:44.080+0000] {dag.py:2690} INFO - Sync 1 DAGs
[2023-09-08T04:30:44.248+0000] {logging_mixin.py:137} INFO - [2023-09-08T04:30:44.248+0000] {dag.py:3441} INFO - Setting next_dagrun for example_complex to None, run_after=None
[2023-09-08T04:30:44.765+0000] {processor.py:175} INFO - Processing /home/airflow/.local/lib/python3.7/site-packages/airflow/example_dags/example_complex.py took 1.052 seconds
[2023-09-08T05:52:35.545+0000] {processor.py:153} INFO - Started process (PID=279516) to work on /home/airflow/.local/lib/python3.7/site-packages/airflow/example_dags/example_complex.py
[2023-09-08T05:52:35.560+0000] {processor.py:743} INFO - Processing file /home/airflow/.local/lib/python3.7/site-packages/airflow/example_dags/example_complex.py for tasks to queue
[2023-09-08T05:52:35.597+0000] {logging_mixin.py:137} INFO - [2023-09-08T05:52:35.596+0000] {dagbag.py:538} INFO - Filling up the DagBag from /home/airflow/.local/lib/python3.7/site-packages/airflow/example_dags/example_complex.py
[2023-09-08T05:52:35.780+0000] {logging_mixin.py:137} INFO - [2023-09-08T05:52:35.780+0000] {taskmixin.py:205} WARNING - Dependency <Task(BashOperator): create_entry_group>, delete_entry_group already registered for DAG: example_complex
[2023-09-08T05:52:35.799+0000] {logging_mixin.py:137} INFO - [2023-09-08T05:52:35.798+0000] {taskmixin.py:205} WARNING - Dependency <Task(BashOperator): delete_entry_group>, create_entry_group already registered for DAG: example_complex
[2023-09-08T05:52:35.809+0000] {logging_mixin.py:137} INFO - [2023-09-08T05:52:35.809+0000] {taskmixin.py:205} WARNING - Dependency <Task(BashOperator): create_entry_gcs>, delete_entry already registered for DAG: example_complex
[2023-09-08T05:52:35.818+0000] {logging_mixin.py:137} INFO - [2023-09-08T05:52:35.818+0000] {taskmixin.py:205} WARNING - Dependency <Task(BashOperator): delete_entry>, create_entry_gcs already registered for DAG: example_complex
[2023-09-08T05:52:35.824+0000] {logging_mixin.py:137} INFO - [2023-09-08T05:52:35.824+0000] {taskmixin.py:205} WARNING - Dependency <Task(BashOperator): create_tag>, delete_tag already registered for DAG: example_complex
[2023-09-08T05:52:35.840+0000] {logging_mixin.py:137} INFO - [2023-09-08T05:52:35.840+0000] {taskmixin.py:205} WARNING - Dependency <Task(BashOperator): delete_tag>, create_tag already registered for DAG: example_complex
[2023-09-08T05:52:35.844+0000] {processor.py:753} INFO - DAG(s) dict_keys(['example_complex']) retrieved from /home/airflow/.local/lib/python3.7/site-packages/airflow/example_dags/example_complex.py
[2023-09-08T05:52:35.936+0000] {logging_mixin.py:137} INFO - [2023-09-08T05:52:35.936+0000] {dag.py:2690} INFO - Sync 1 DAGs
[2023-09-08T05:52:35.983+0000] {logging_mixin.py:137} INFO - [2023-09-08T05:52:35.983+0000] {dag.py:3441} INFO - Setting next_dagrun for example_complex to None, run_after=None
[2023-09-08T05:52:36.659+0000] {processor.py:175} INFO - Processing /home/airflow/.local/lib/python3.7/site-packages/airflow/example_dags/example_complex.py took 1.120 seconds
[2023-09-08T06:58:11.403+0000] {processor.py:153} INFO - Started process (PID=279571) to work on /home/airflow/.local/lib/python3.7/site-packages/airflow/example_dags/example_complex.py
[2023-09-08T06:58:11.413+0000] {processor.py:743} INFO - Processing file /home/airflow/.local/lib/python3.7/site-packages/airflow/example_dags/example_complex.py for tasks to queue
[2023-09-08T06:58:11.419+0000] {logging_mixin.py:137} INFO - [2023-09-08T06:58:11.419+0000] {dagbag.py:538} INFO - Filling up the DagBag from /home/airflow/.local/lib/python3.7/site-packages/airflow/example_dags/example_complex.py
[2023-09-08T06:58:11.456+0000] {logging_mixin.py:137} INFO - [2023-09-08T06:58:11.456+0000] {taskmixin.py:205} WARNING - Dependency <Task(BashOperator): create_entry_group>, delete_entry_group already registered for DAG: example_complex
[2023-09-08T06:58:11.457+0000] {logging_mixin.py:137} INFO - [2023-09-08T06:58:11.457+0000] {taskmixin.py:205} WARNING - Dependency <Task(BashOperator): delete_entry_group>, create_entry_group already registered for DAG: example_complex
[2023-09-08T06:58:11.458+0000] {logging_mixin.py:137} INFO - [2023-09-08T06:58:11.458+0000] {taskmixin.py:205} WARNING - Dependency <Task(BashOperator): create_entry_gcs>, delete_entry already registered for DAG: example_complex
[2023-09-08T06:58:11.459+0000] {logging_mixin.py:137} INFO - [2023-09-08T06:58:11.459+0000] {taskmixin.py:205} WARNING - Dependency <Task(BashOperator): delete_entry>, create_entry_gcs already registered for DAG: example_complex
[2023-09-08T06:58:11.467+0000] {logging_mixin.py:137} INFO - [2023-09-08T06:58:11.467+0000] {taskmixin.py:205} WARNING - Dependency <Task(BashOperator): create_tag>, delete_tag already registered for DAG: example_complex
[2023-09-08T06:58:11.475+0000] {logging_mixin.py:137} INFO - [2023-09-08T06:58:11.475+0000] {taskmixin.py:205} WARNING - Dependency <Task(BashOperator): delete_tag>, create_tag already registered for DAG: example_complex
[2023-09-08T06:58:11.477+0000] {processor.py:753} INFO - DAG(s) dict_keys(['example_complex']) retrieved from /home/airflow/.local/lib/python3.7/site-packages/airflow/example_dags/example_complex.py
[2023-09-08T06:58:11.571+0000] {logging_mixin.py:137} INFO - [2023-09-08T06:58:11.571+0000] {dag.py:2690} INFO - Sync 1 DAGs
[2023-09-08T06:58:11.621+0000] {logging_mixin.py:137} INFO - [2023-09-08T06:58:11.621+0000] {dag.py:3441} INFO - Setting next_dagrun for example_complex to None, run_after=None
[2023-09-08T06:58:11.655+0000] {processor.py:175} INFO - Processing /home/airflow/.local/lib/python3.7/site-packages/airflow/example_dags/example_complex.py took 0.258 seconds
[2023-09-08T09:08:01.007+0000] {processor.py:153} INFO - Started process (PID=279650) to work on /home/airflow/.local/lib/python3.7/site-packages/airflow/example_dags/example_complex.py
[2023-09-08T09:08:01.017+0000] {processor.py:743} INFO - Processing file /home/airflow/.local/lib/python3.7/site-packages/airflow/example_dags/example_complex.py for tasks to queue
[2023-09-08T09:08:01.032+0000] {logging_mixin.py:137} INFO - [2023-09-08T09:08:01.032+0000] {dagbag.py:538} INFO - Filling up the DagBag from /home/airflow/.local/lib/python3.7/site-packages/airflow/example_dags/example_complex.py
[2023-09-08T09:08:01.078+0000] {logging_mixin.py:137} INFO - [2023-09-08T09:08:01.078+0000] {taskmixin.py:205} WARNING - Dependency <Task(BashOperator): create_entry_group>, delete_entry_group already registered for DAG: example_complex
[2023-09-08T09:08:01.086+0000] {logging_mixin.py:137} INFO - [2023-09-08T09:08:01.085+0000] {taskmixin.py:205} WARNING - Dependency <Task(BashOperator): delete_entry_group>, create_entry_group already registered for DAG: example_complex
[2023-09-08T09:08:01.091+0000] {logging_mixin.py:137} INFO - [2023-09-08T09:08:01.090+0000] {taskmixin.py:205} WARNING - Dependency <Task(BashOperator): create_entry_gcs>, delete_entry already registered for DAG: example_complex
[2023-09-08T09:08:01.102+0000] {logging_mixin.py:137} INFO - [2023-09-08T09:08:01.102+0000] {taskmixin.py:205} WARNING - Dependency <Task(BashOperator): delete_entry>, create_entry_gcs already registered for DAG: example_complex
[2023-09-08T09:08:01.105+0000] {logging_mixin.py:137} INFO - [2023-09-08T09:08:01.105+0000] {taskmixin.py:205} WARNING - Dependency <Task(BashOperator): create_tag>, delete_tag already registered for DAG: example_complex
[2023-09-08T09:08:01.110+0000] {logging_mixin.py:137} INFO - [2023-09-08T09:08:01.110+0000] {taskmixin.py:205} WARNING - Dependency <Task(BashOperator): delete_tag>, create_tag already registered for DAG: example_complex
[2023-09-08T09:08:01.118+0000] {processor.py:753} INFO - DAG(s) dict_keys(['example_complex']) retrieved from /home/airflow/.local/lib/python3.7/site-packages/airflow/example_dags/example_complex.py
[2023-09-08T09:08:01.170+0000] {logging_mixin.py:137} INFO - [2023-09-08T09:08:01.170+0000] {dag.py:2690} INFO - Sync 1 DAGs
[2023-09-08T09:08:01.194+0000] {logging_mixin.py:137} INFO - [2023-09-08T09:08:01.194+0000] {dag.py:3441} INFO - Setting next_dagrun for example_complex to None, run_after=None
[2023-09-08T09:08:01.213+0000] {processor.py:175} INFO - Processing /home/airflow/.local/lib/python3.7/site-packages/airflow/example_dags/example_complex.py took 0.208 seconds
[2023-09-08T09:42:28.877+0000] {processor.py:153} INFO - Started process (PID=279731) to work on /home/airflow/.local/lib/python3.7/site-packages/airflow/example_dags/example_complex.py
[2023-09-08T09:42:28.879+0000] {processor.py:743} INFO - Processing file /home/airflow/.local/lib/python3.7/site-packages/airflow/example_dags/example_complex.py for tasks to queue
[2023-09-08T09:42:28.881+0000] {logging_mixin.py:137} INFO - [2023-09-08T09:42:28.881+0000] {dagbag.py:538} INFO - Filling up the DagBag from /home/airflow/.local/lib/python3.7/site-packages/airflow/example_dags/example_complex.py
[2023-09-08T09:42:28.896+0000] {logging_mixin.py:137} INFO - [2023-09-08T09:42:28.896+0000] {taskmixin.py:205} WARNING - Dependency <Task(BashOperator): create_entry_group>, delete_entry_group already registered for DAG: example_complex
[2023-09-08T09:42:28.899+0000] {logging_mixin.py:137} INFO - [2023-09-08T09:42:28.899+0000] {taskmixin.py:205} WARNING - Dependency <Task(BashOperator): delete_entry_group>, create_entry_group already registered for DAG: example_complex
[2023-09-08T09:42:28.902+0000] {logging_mixin.py:137} INFO - [2023-09-08T09:42:28.902+0000] {taskmixin.py:205} WARNING - Dependency <Task(BashOperator): create_entry_gcs>, delete_entry already registered for DAG: example_complex
[2023-09-08T09:42:28.905+0000] {logging_mixin.py:137} INFO - [2023-09-08T09:42:28.905+0000] {taskmixin.py:205} WARNING - Dependency <Task(BashOperator): delete_entry>, create_entry_gcs already registered for DAG: example_complex
[2023-09-08T09:42:28.912+0000] {logging_mixin.py:137} INFO - [2023-09-08T09:42:28.912+0000] {taskmixin.py:205} WARNING - Dependency <Task(BashOperator): create_tag>, delete_tag already registered for DAG: example_complex
[2023-09-08T09:42:28.916+0000] {logging_mixin.py:137} INFO - [2023-09-08T09:42:28.916+0000] {taskmixin.py:205} WARNING - Dependency <Task(BashOperator): delete_tag>, create_tag already registered for DAG: example_complex
[2023-09-08T09:42:28.917+0000] {processor.py:753} INFO - DAG(s) dict_keys(['example_complex']) retrieved from /home/airflow/.local/lib/python3.7/site-packages/airflow/example_dags/example_complex.py
[2023-09-08T09:42:28.947+0000] {logging_mixin.py:137} INFO - [2023-09-08T09:42:28.947+0000] {dag.py:2690} INFO - Sync 1 DAGs
[2023-09-08T09:42:28.968+0000] {logging_mixin.py:137} INFO - [2023-09-08T09:42:28.968+0000] {dag.py:3441} INFO - Setting next_dagrun for example_complex to None, run_after=None
[2023-09-08T09:42:28.981+0000] {processor.py:175} INFO - Processing /home/airflow/.local/lib/python3.7/site-packages/airflow/example_dags/example_complex.py took 0.108 seconds
[2023-09-08T10:51:19.723+0000] {processor.py:153} INFO - Started process (PID=279801) to work on /home/airflow/.local/lib/python3.7/site-packages/airflow/example_dags/example_complex.py
[2023-09-08T10:51:19.742+0000] {processor.py:743} INFO - Processing file /home/airflow/.local/lib/python3.7/site-packages/airflow/example_dags/example_complex.py for tasks to queue
[2023-09-08T10:51:19.747+0000] {logging_mixin.py:137} INFO - [2023-09-08T10:51:19.747+0000] {dagbag.py:538} INFO - Filling up the DagBag from /home/airflow/.local/lib/python3.7/site-packages/airflow/example_dags/example_complex.py
[2023-09-08T10:51:19.782+0000] {logging_mixin.py:137} INFO - [2023-09-08T10:51:19.782+0000] {taskmixin.py:205} WARNING - Dependency <Task(BashOperator): create_entry_group>, delete_entry_group already registered for DAG: example_complex
[2023-09-08T10:51:19.791+0000] {logging_mixin.py:137} INFO - [2023-09-08T10:51:19.791+0000] {taskmixin.py:205} WARNING - Dependency <Task(BashOperator): delete_entry_group>, create_entry_group already registered for DAG: example_complex
[2023-09-08T10:51:19.793+0000] {logging_mixin.py:137} INFO - [2023-09-08T10:51:19.792+0000] {taskmixin.py:205} WARNING - Dependency <Task(BashOperator): create_entry_gcs>, delete_entry already registered for DAG: example_complex
[2023-09-08T10:51:19.795+0000] {logging_mixin.py:137} INFO - [2023-09-08T10:51:19.795+0000] {taskmixin.py:205} WARNING - Dependency <Task(BashOperator): delete_entry>, create_entry_gcs already registered for DAG: example_complex
[2023-09-08T10:51:19.798+0000] {logging_mixin.py:137} INFO - [2023-09-08T10:51:19.798+0000] {taskmixin.py:205} WARNING - Dependency <Task(BashOperator): create_tag>, delete_tag already registered for DAG: example_complex
[2023-09-08T10:51:19.808+0000] {logging_mixin.py:137} INFO - [2023-09-08T10:51:19.808+0000] {taskmixin.py:205} WARNING - Dependency <Task(BashOperator): delete_tag>, create_tag already registered for DAG: example_complex
[2023-09-08T10:51:19.811+0000] {processor.py:753} INFO - DAG(s) dict_keys(['example_complex']) retrieved from /home/airflow/.local/lib/python3.7/site-packages/airflow/example_dags/example_complex.py
[2023-09-08T10:51:19.837+0000] {logging_mixin.py:137} INFO - [2023-09-08T10:51:19.837+0000] {dag.py:2690} INFO - Sync 1 DAGs
[2023-09-08T10:51:19.871+0000] {logging_mixin.py:137} INFO - [2023-09-08T10:51:19.871+0000] {dag.py:3441} INFO - Setting next_dagrun for example_complex to None, run_after=None
[2023-09-08T10:51:19.960+0000] {processor.py:175} INFO - Processing /home/airflow/.local/lib/python3.7/site-packages/airflow/example_dags/example_complex.py took 0.241 seconds
[2023-09-08T12:16:36.436+0000] {processor.py:153} INFO - Started process (PID=279870) to work on /home/airflow/.local/lib/python3.7/site-packages/airflow/example_dags/example_complex.py
[2023-09-08T12:16:36.439+0000] {processor.py:743} INFO - Processing file /home/airflow/.local/lib/python3.7/site-packages/airflow/example_dags/example_complex.py for tasks to queue
[2023-09-08T12:16:36.464+0000] {logging_mixin.py:137} INFO - [2023-09-08T12:16:36.464+0000] {dagbag.py:538} INFO - Filling up the DagBag from /home/airflow/.local/lib/python3.7/site-packages/airflow/example_dags/example_complex.py
[2023-09-08T12:16:36.478+0000] {logging_mixin.py:137} INFO - [2023-09-08T12:16:36.478+0000] {taskmixin.py:205} WARNING - Dependency <Task(BashOperator): create_entry_group>, delete_entry_group already registered for DAG: example_complex
[2023-09-08T12:16:36.484+0000] {logging_mixin.py:137} INFO - [2023-09-08T12:16:36.483+0000] {taskmixin.py:205} WARNING - Dependency <Task(BashOperator): delete_entry_group>, create_entry_group already registered for DAG: example_complex
[2023-09-08T12:16:36.507+0000] {logging_mixin.py:137} INFO - [2023-09-08T12:16:36.507+0000] {taskmixin.py:205} WARNING - Dependency <Task(BashOperator): create_entry_gcs>, delete_entry already registered for DAG: example_complex
[2023-09-08T12:16:36.515+0000] {logging_mixin.py:137} INFO - [2023-09-08T12:16:36.514+0000] {taskmixin.py:205} WARNING - Dependency <Task(BashOperator): delete_entry>, create_entry_gcs already registered for DAG: example_complex
[2023-09-08T12:16:36.516+0000] {logging_mixin.py:137} INFO - [2023-09-08T12:16:36.516+0000] {taskmixin.py:205} WARNING - Dependency <Task(BashOperator): create_tag>, delete_tag already registered for DAG: example_complex
[2023-09-08T12:16:36.521+0000] {logging_mixin.py:137} INFO - [2023-09-08T12:16:36.521+0000] {taskmixin.py:205} WARNING - Dependency <Task(BashOperator): delete_tag>, create_tag already registered for DAG: example_complex
[2023-09-08T12:16:36.523+0000] {processor.py:753} INFO - DAG(s) dict_keys(['example_complex']) retrieved from /home/airflow/.local/lib/python3.7/site-packages/airflow/example_dags/example_complex.py
[2023-09-08T12:16:36.588+0000] {logging_mixin.py:137} INFO - [2023-09-08T12:16:36.588+0000] {dag.py:2690} INFO - Sync 1 DAGs
[2023-09-08T12:16:36.620+0000] {logging_mixin.py:137} INFO - [2023-09-08T12:16:36.620+0000] {dag.py:3441} INFO - Setting next_dagrun for example_complex to None, run_after=None
[2023-09-08T12:16:36.669+0000] {processor.py:175} INFO - Processing /home/airflow/.local/lib/python3.7/site-packages/airflow/example_dags/example_complex.py took 0.236 seconds
[2023-09-08T13:21:45.658+0000] {processor.py:153} INFO - Started process (PID=279938) to work on /home/airflow/.local/lib/python3.7/site-packages/airflow/example_dags/example_complex.py
[2023-09-08T13:21:45.663+0000] {processor.py:743} INFO - Processing file /home/airflow/.local/lib/python3.7/site-packages/airflow/example_dags/example_complex.py for tasks to queue
[2023-09-08T13:21:45.666+0000] {logging_mixin.py:137} INFO - [2023-09-08T13:21:45.666+0000] {dagbag.py:538} INFO - Filling up the DagBag from /home/airflow/.local/lib/python3.7/site-packages/airflow/example_dags/example_complex.py
[2023-09-08T13:21:45.695+0000] {logging_mixin.py:137} INFO - [2023-09-08T13:21:45.695+0000] {taskmixin.py:205} WARNING - Dependency <Task(BashOperator): create_entry_group>, delete_entry_group already registered for DAG: example_complex
[2023-09-08T13:21:45.698+0000] {logging_mixin.py:137} INFO - [2023-09-08T13:21:45.698+0000] {taskmixin.py:205} WARNING - Dependency <Task(BashOperator): delete_entry_group>, create_entry_group already registered for DAG: example_complex
[2023-09-08T13:21:45.699+0000] {logging_mixin.py:137} INFO - [2023-09-08T13:21:45.699+0000] {taskmixin.py:205} WARNING - Dependency <Task(BashOperator): create_entry_gcs>, delete_entry already registered for DAG: example_complex
[2023-09-08T13:21:45.703+0000] {logging_mixin.py:137} INFO - [2023-09-08T13:21:45.702+0000] {taskmixin.py:205} WARNING - Dependency <Task(BashOperator): delete_entry>, create_entry_gcs already registered for DAG: example_complex
[2023-09-08T13:21:45.705+0000] {logging_mixin.py:137} INFO - [2023-09-08T13:21:45.705+0000] {taskmixin.py:205} WARNING - Dependency <Task(BashOperator): create_tag>, delete_tag already registered for DAG: example_complex
[2023-09-08T13:21:45.708+0000] {logging_mixin.py:137} INFO - [2023-09-08T13:21:45.707+0000] {taskmixin.py:205} WARNING - Dependency <Task(BashOperator): delete_tag>, create_tag already registered for DAG: example_complex
[2023-09-08T13:21:45.711+0000] {processor.py:753} INFO - DAG(s) dict_keys(['example_complex']) retrieved from /home/airflow/.local/lib/python3.7/site-packages/airflow/example_dags/example_complex.py
[2023-09-08T13:21:45.746+0000] {logging_mixin.py:137} INFO - [2023-09-08T13:21:45.746+0000] {dag.py:2690} INFO - Sync 1 DAGs
[2023-09-08T13:21:45.766+0000] {logging_mixin.py:137} INFO - [2023-09-08T13:21:45.766+0000] {dag.py:3441} INFO - Setting next_dagrun for example_complex to None, run_after=None
[2023-09-08T13:21:45.803+0000] {processor.py:175} INFO - Processing /home/airflow/.local/lib/python3.7/site-packages/airflow/example_dags/example_complex.py took 0.153 seconds
[2023-09-08T14:44:38.547+0000] {processor.py:153} INFO - Started process (PID=280005) to work on /home/airflow/.local/lib/python3.7/site-packages/airflow/example_dags/example_complex.py
[2023-09-08T14:44:38.548+0000] {processor.py:743} INFO - Processing file /home/airflow/.local/lib/python3.7/site-packages/airflow/example_dags/example_complex.py for tasks to queue
[2023-09-08T14:44:38.550+0000] {logging_mixin.py:137} INFO - [2023-09-08T14:44:38.550+0000] {dagbag.py:538} INFO - Filling up the DagBag from /home/airflow/.local/lib/python3.7/site-packages/airflow/example_dags/example_complex.py
[2023-09-08T14:44:38.561+0000] {logging_mixin.py:137} INFO - [2023-09-08T14:44:38.561+0000] {taskmixin.py:205} WARNING - Dependency <Task(BashOperator): create_entry_group>, delete_entry_group already registered for DAG: example_complex
[2023-09-08T14:44:38.563+0000] {logging_mixin.py:137} INFO - [2023-09-08T14:44:38.563+0000] {taskmixin.py:205} WARNING - Dependency <Task(BashOperator): delete_entry_group>, create_entry_group already registered for DAG: example_complex
[2023-09-08T14:44:38.566+0000] {logging_mixin.py:137} INFO - [2023-09-08T14:44:38.566+0000] {taskmixin.py:205} WARNING - Dependency <Task(BashOperator): create_entry_gcs>, delete_entry already registered for DAG: example_complex
[2023-09-08T14:44:38.567+0000] {logging_mixin.py:137} INFO - [2023-09-08T14:44:38.567+0000] {taskmixin.py:205} WARNING - Dependency <Task(BashOperator): delete_entry>, create_entry_gcs already registered for DAG: example_complex
[2023-09-08T14:44:38.569+0000] {logging_mixin.py:137} INFO - [2023-09-08T14:44:38.569+0000] {taskmixin.py:205} WARNING - Dependency <Task(BashOperator): create_tag>, delete_tag already registered for DAG: example_complex
[2023-09-08T14:44:38.569+0000] {logging_mixin.py:137} INFO - [2023-09-08T14:44:38.569+0000] {taskmixin.py:205} WARNING - Dependency <Task(BashOperator): delete_tag>, create_tag already registered for DAG: example_complex
[2023-09-08T14:44:38.571+0000] {processor.py:753} INFO - DAG(s) dict_keys(['example_complex']) retrieved from /home/airflow/.local/lib/python3.7/site-packages/airflow/example_dags/example_complex.py
[2023-09-08T14:44:38.597+0000] {logging_mixin.py:137} INFO - [2023-09-08T14:44:38.597+0000] {dag.py:2690} INFO - Sync 1 DAGs
[2023-09-08T14:44:38.614+0000] {logging_mixin.py:137} INFO - [2023-09-08T14:44:38.614+0000] {dag.py:3441} INFO - Setting next_dagrun for example_complex to None, run_after=None
[2023-09-08T14:44:38.629+0000] {processor.py:175} INFO - Processing /home/airflow/.local/lib/python3.7/site-packages/airflow/example_dags/example_complex.py took 0.085 seconds
[2023-09-08T15:51:59.275+0000] {processor.py:153} INFO - Started process (PID=280073) to work on /home/airflow/.local/lib/python3.7/site-packages/airflow/example_dags/example_complex.py
[2023-09-08T15:51:59.303+0000] {processor.py:743} INFO - Processing file /home/airflow/.local/lib/python3.7/site-packages/airflow/example_dags/example_complex.py for tasks to queue
[2023-09-08T15:51:59.322+0000] {logging_mixin.py:137} INFO - [2023-09-08T15:51:59.322+0000] {dagbag.py:538} INFO - Filling up the DagBag from /home/airflow/.local/lib/python3.7/site-packages/airflow/example_dags/example_complex.py
[2023-09-08T15:51:59.422+0000] {logging_mixin.py:137} INFO - [2023-09-08T15:51:59.416+0000] {taskmixin.py:205} WARNING - Dependency <Task(BashOperator): create_entry_group>, delete_entry_group already registered for DAG: example_complex
[2023-09-08T15:51:59.586+0000] {logging_mixin.py:137} INFO - [2023-09-08T15:51:59.586+0000] {taskmixin.py:205} WARNING - Dependency <Task(BashOperator): delete_entry_group>, create_entry_group already registered for DAG: example_complex
[2023-09-08T15:51:59.799+0000] {logging_mixin.py:137} INFO - [2023-09-08T15:51:59.798+0000] {taskmixin.py:205} WARNING - Dependency <Task(BashOperator): create_entry_gcs>, delete_entry already registered for DAG: example_complex
[2023-09-08T15:51:59.803+0000] {logging_mixin.py:137} INFO - [2023-09-08T15:51:59.802+0000] {taskmixin.py:205} WARNING - Dependency <Task(BashOperator): delete_entry>, create_entry_gcs already registered for DAG: example_complex
[2023-09-08T15:51:59.825+0000] {logging_mixin.py:137} INFO - [2023-09-08T15:51:59.824+0000] {taskmixin.py:205} WARNING - Dependency <Task(BashOperator): create_tag>, delete_tag already registered for DAG: example_complex
[2023-09-08T15:51:59.846+0000] {logging_mixin.py:137} INFO - [2023-09-08T15:51:59.845+0000] {taskmixin.py:205} WARNING - Dependency <Task(BashOperator): delete_tag>, create_tag already registered for DAG: example_complex
[2023-09-08T15:51:59.871+0000] {processor.py:753} INFO - DAG(s) dict_keys(['example_complex']) retrieved from /home/airflow/.local/lib/python3.7/site-packages/airflow/example_dags/example_complex.py
[2023-09-08T15:51:59.939+0000] {logging_mixin.py:137} INFO - [2023-09-08T15:51:59.939+0000] {dag.py:2690} INFO - Sync 1 DAGs
[2023-09-08T15:52:00.006+0000] {logging_mixin.py:137} INFO - [2023-09-08T15:52:00.006+0000] {dag.py:3441} INFO - Setting next_dagrun for example_complex to None, run_after=None
[2023-09-08T15:52:00.082+0000] {processor.py:175} INFO - Processing /home/airflow/.local/lib/python3.7/site-packages/airflow/example_dags/example_complex.py took 0.814 seconds
[2023-09-08T18:06:02.667+0000] {processor.py:153} INFO - Started process (PID=280147) to work on /home/airflow/.local/lib/python3.7/site-packages/airflow/example_dags/example_complex.py
[2023-09-08T18:06:02.685+0000] {processor.py:743} INFO - Processing file /home/airflow/.local/lib/python3.7/site-packages/airflow/example_dags/example_complex.py for tasks to queue
[2023-09-08T18:06:02.696+0000] {logging_mixin.py:137} INFO - [2023-09-08T18:06:02.696+0000] {dagbag.py:538} INFO - Filling up the DagBag from /home/airflow/.local/lib/python3.7/site-packages/airflow/example_dags/example_complex.py
[2023-09-08T18:06:02.852+0000] {logging_mixin.py:137} INFO - [2023-09-08T18:06:02.850+0000] {taskmixin.py:205} WARNING - Dependency <Task(BashOperator): create_entry_group>, delete_entry_group already registered for DAG: example_complex
[2023-09-08T18:06:02.866+0000] {logging_mixin.py:137} INFO - [2023-09-08T18:06:02.866+0000] {taskmixin.py:205} WARNING - Dependency <Task(BashOperator): delete_entry_group>, create_entry_group already registered for DAG: example_complex
[2023-09-08T18:06:02.874+0000] {logging_mixin.py:137} INFO - [2023-09-08T18:06:02.873+0000] {taskmixin.py:205} WARNING - Dependency <Task(BashOperator): create_entry_gcs>, delete_entry already registered for DAG: example_complex
[2023-09-08T18:06:02.884+0000] {logging_mixin.py:137} INFO - [2023-09-08T18:06:02.884+0000] {taskmixin.py:205} WARNING - Dependency <Task(BashOperator): delete_entry>, create_entry_gcs already registered for DAG: example_complex
[2023-09-08T18:06:02.894+0000] {logging_mixin.py:137} INFO - [2023-09-08T18:06:02.888+0000] {taskmixin.py:205} WARNING - Dependency <Task(BashOperator): create_tag>, delete_tag already registered for DAG: example_complex
[2023-09-08T18:06:02.908+0000] {logging_mixin.py:137} INFO - [2023-09-08T18:06:02.908+0000] {taskmixin.py:205} WARNING - Dependency <Task(BashOperator): delete_tag>, create_tag already registered for DAG: example_complex
[2023-09-08T18:06:02.916+0000] {processor.py:753} INFO - DAG(s) dict_keys(['example_complex']) retrieved from /home/airflow/.local/lib/python3.7/site-packages/airflow/example_dags/example_complex.py
[2023-09-08T18:06:03.084+0000] {logging_mixin.py:137} INFO - [2023-09-08T18:06:03.084+0000] {dag.py:2690} INFO - Sync 1 DAGs
[2023-09-08T18:06:03.264+0000] {logging_mixin.py:137} INFO - [2023-09-08T18:06:03.263+0000] {dag.py:3441} INFO - Setting next_dagrun for example_complex to None, run_after=None
[2023-09-08T18:06:03.350+0000] {processor.py:175} INFO - Processing /home/airflow/.local/lib/python3.7/site-packages/airflow/example_dags/example_complex.py took 0.686 seconds
[2023-09-08T18:55:49.499+0000] {processor.py:153} INFO - Started process (PID=280219) to work on /home/airflow/.local/lib/python3.7/site-packages/airflow/example_dags/example_complex.py
[2023-09-08T18:55:49.502+0000] {processor.py:743} INFO - Processing file /home/airflow/.local/lib/python3.7/site-packages/airflow/example_dags/example_complex.py for tasks to queue
[2023-09-08T18:55:49.511+0000] {logging_mixin.py:137} INFO - [2023-09-08T18:55:49.511+0000] {dagbag.py:538} INFO - Filling up the DagBag from /home/airflow/.local/lib/python3.7/site-packages/airflow/example_dags/example_complex.py
[2023-09-08T18:55:49.594+0000] {logging_mixin.py:137} INFO - [2023-09-08T18:55:49.593+0000] {taskmixin.py:205} WARNING - Dependency <Task(BashOperator): create_entry_group>, delete_entry_group already registered for DAG: example_complex
[2023-09-08T18:55:49.597+0000] {logging_mixin.py:137} INFO - [2023-09-08T18:55:49.597+0000] {taskmixin.py:205} WARNING - Dependency <Task(BashOperator): delete_entry_group>, create_entry_group already registered for DAG: example_complex
[2023-09-08T18:55:49.613+0000] {logging_mixin.py:137} INFO - [2023-09-08T18:55:49.612+0000] {taskmixin.py:205} WARNING - Dependency <Task(BashOperator): create_entry_gcs>, delete_entry already registered for DAG: example_complex
[2023-09-08T18:55:49.636+0000] {logging_mixin.py:137} INFO - [2023-09-08T18:55:49.635+0000] {taskmixin.py:205} WARNING - Dependency <Task(BashOperator): delete_entry>, create_entry_gcs already registered for DAG: example_complex
[2023-09-08T18:55:49.638+0000] {logging_mixin.py:137} INFO - [2023-09-08T18:55:49.638+0000] {taskmixin.py:205} WARNING - Dependency <Task(BashOperator): create_tag>, delete_tag already registered for DAG: example_complex
[2023-09-08T18:55:49.644+0000] {logging_mixin.py:137} INFO - [2023-09-08T18:55:49.642+0000] {taskmixin.py:205} WARNING - Dependency <Task(BashOperator): delete_tag>, create_tag already registered for DAG: example_complex
[2023-09-08T18:55:49.650+0000] {processor.py:753} INFO - DAG(s) dict_keys(['example_complex']) retrieved from /home/airflow/.local/lib/python3.7/site-packages/airflow/example_dags/example_complex.py
[2023-09-08T18:55:49.792+0000] {logging_mixin.py:137} INFO - [2023-09-08T18:55:49.792+0000] {dag.py:2690} INFO - Sync 1 DAGs
[2023-09-08T18:55:49.946+0000] {logging_mixin.py:137} INFO - [2023-09-08T18:55:49.945+0000] {dag.py:3441} INFO - Setting next_dagrun for example_complex to None, run_after=None
[2023-09-08T18:55:49.994+0000] {processor.py:175} INFO - Processing /home/airflow/.local/lib/python3.7/site-packages/airflow/example_dags/example_complex.py took 0.523 seconds
[2023-09-08T20:04:04.969+0000] {processor.py:153} INFO - Started process (PID=280275) to work on /home/airflow/.local/lib/python3.7/site-packages/airflow/example_dags/example_complex.py
[2023-09-08T20:04:04.972+0000] {processor.py:743} INFO - Processing file /home/airflow/.local/lib/python3.7/site-packages/airflow/example_dags/example_complex.py for tasks to queue
[2023-09-08T20:04:04.975+0000] {logging_mixin.py:137} INFO - [2023-09-08T20:04:04.974+0000] {dagbag.py:538} INFO - Filling up the DagBag from /home/airflow/.local/lib/python3.7/site-packages/airflow/example_dags/example_complex.py
[2023-09-08T20:04:05.001+0000] {logging_mixin.py:137} INFO - [2023-09-08T20:04:05.001+0000] {taskmixin.py:205} WARNING - Dependency <Task(BashOperator): create_entry_group>, delete_entry_group already registered for DAG: example_complex
[2023-09-08T20:04:05.004+0000] {logging_mixin.py:137} INFO - [2023-09-08T20:04:05.004+0000] {taskmixin.py:205} WARNING - Dependency <Task(BashOperator): delete_entry_group>, create_entry_group already registered for DAG: example_complex
[2023-09-08T20:04:05.011+0000] {logging_mixin.py:137} INFO - [2023-09-08T20:04:05.011+0000] {taskmixin.py:205} WARNING - Dependency <Task(BashOperator): create_entry_gcs>, delete_entry already registered for DAG: example_complex
[2023-09-08T20:04:05.013+0000] {logging_mixin.py:137} INFO - [2023-09-08T20:04:05.013+0000] {taskmixin.py:205} WARNING - Dependency <Task(BashOperator): delete_entry>, create_entry_gcs already registered for DAG: example_complex
[2023-09-08T20:04:05.017+0000] {logging_mixin.py:137} INFO - [2023-09-08T20:04:05.016+0000] {taskmixin.py:205} WARNING - Dependency <Task(BashOperator): create_tag>, delete_tag already registered for DAG: example_complex
[2023-09-08T20:04:05.022+0000] {logging_mixin.py:137} INFO - [2023-09-08T20:04:05.022+0000] {taskmixin.py:205} WARNING - Dependency <Task(BashOperator): delete_tag>, create_tag already registered for DAG: example_complex
[2023-09-08T20:04:05.026+0000] {processor.py:753} INFO - DAG(s) dict_keys(['example_complex']) retrieved from /home/airflow/.local/lib/python3.7/site-packages/airflow/example_dags/example_complex.py
[2023-09-08T20:04:05.077+0000] {logging_mixin.py:137} INFO - [2023-09-08T20:04:05.077+0000] {dag.py:2690} INFO - Sync 1 DAGs
[2023-09-08T20:04:05.161+0000] {logging_mixin.py:137} INFO - [2023-09-08T20:04:05.161+0000] {dag.py:3441} INFO - Setting next_dagrun for example_complex to None, run_after=None
[2023-09-08T20:04:05.191+0000] {processor.py:175} INFO - Processing /home/airflow/.local/lib/python3.7/site-packages/airflow/example_dags/example_complex.py took 0.228 seconds
[2023-09-08T21:19:41.945+0000] {processor.py:153} INFO - Started process (PID=280353) to work on /home/airflow/.local/lib/python3.7/site-packages/airflow/example_dags/example_complex.py
[2023-09-08T21:19:41.950+0000] {processor.py:743} INFO - Processing file /home/airflow/.local/lib/python3.7/site-packages/airflow/example_dags/example_complex.py for tasks to queue
[2023-09-08T21:19:41.952+0000] {logging_mixin.py:137} INFO - [2023-09-08T21:19:41.951+0000] {dagbag.py:538} INFO - Filling up the DagBag from /home/airflow/.local/lib/python3.7/site-packages/airflow/example_dags/example_complex.py
[2023-09-08T21:19:41.967+0000] {logging_mixin.py:137} INFO - [2023-09-08T21:19:41.966+0000] {taskmixin.py:205} WARNING - Dependency <Task(BashOperator): create_entry_group>, delete_entry_group already registered for DAG: example_complex
[2023-09-08T21:19:41.979+0000] {logging_mixin.py:137} INFO - [2023-09-08T21:19:41.979+0000] {taskmixin.py:205} WARNING - Dependency <Task(BashOperator): delete_entry_group>, create_entry_group already registered for DAG: example_complex
[2023-09-08T21:19:41.981+0000] {logging_mixin.py:137} INFO - [2023-09-08T21:19:41.981+0000] {taskmixin.py:205} WARNING - Dependency <Task(BashOperator): create_entry_gcs>, delete_entry already registered for DAG: example_complex
[2023-09-08T21:19:41.983+0000] {logging_mixin.py:137} INFO - [2023-09-08T21:19:41.983+0000] {taskmixin.py:205} WARNING - Dependency <Task(BashOperator): delete_entry>, create_entry_gcs already registered for DAG: example_complex
[2023-09-08T21:19:41.984+0000] {logging_mixin.py:137} INFO - [2023-09-08T21:19:41.984+0000] {taskmixin.py:205} WARNING - Dependency <Task(BashOperator): create_tag>, delete_tag already registered for DAG: example_complex
[2023-09-08T21:19:41.986+0000] {logging_mixin.py:137} INFO - [2023-09-08T21:19:41.986+0000] {taskmixin.py:205} WARNING - Dependency <Task(BashOperator): delete_tag>, create_tag already registered for DAG: example_complex
[2023-09-08T21:19:41.988+0000] {processor.py:753} INFO - DAG(s) dict_keys(['example_complex']) retrieved from /home/airflow/.local/lib/python3.7/site-packages/airflow/example_dags/example_complex.py
[2023-09-08T21:19:42.035+0000] {logging_mixin.py:137} INFO - [2023-09-08T21:19:42.035+0000] {dag.py:2690} INFO - Sync 1 DAGs
[2023-09-08T21:19:42.102+0000] {logging_mixin.py:137} INFO - [2023-09-08T21:19:42.102+0000] {dag.py:3441} INFO - Setting next_dagrun for example_complex to None, run_after=None
[2023-09-08T21:19:42.136+0000] {processor.py:175} INFO - Processing /home/airflow/.local/lib/python3.7/site-packages/airflow/example_dags/example_complex.py took 0.195 seconds
[2023-09-08T22:06:03.987+0000] {processor.py:153} INFO - Started process (PID=280424) to work on /home/airflow/.local/lib/python3.7/site-packages/airflow/example_dags/example_complex.py
[2023-09-08T22:06:04.348+0000] {processor.py:743} INFO - Processing file /home/airflow/.local/lib/python3.7/site-packages/airflow/example_dags/example_complex.py for tasks to queue
[2023-09-08T22:06:04.796+0000] {logging_mixin.py:137} INFO - [2023-09-08T22:06:04.795+0000] {dagbag.py:538} INFO - Filling up the DagBag from /home/airflow/.local/lib/python3.7/site-packages/airflow/example_dags/example_complex.py
[2023-09-08T22:06:05.049+0000] {logging_mixin.py:137} INFO - [2023-09-08T22:06:05.048+0000] {taskmixin.py:205} WARNING - Dependency <Task(BashOperator): create_entry_group>, delete_entry_group already registered for DAG: example_complex
[2023-09-08T22:06:05.273+0000] {logging_mixin.py:137} INFO - [2023-09-08T22:06:05.272+0000] {taskmixin.py:205} WARNING - Dependency <Task(BashOperator): delete_entry_group>, create_entry_group already registered for DAG: example_complex
[2023-09-08T22:06:05.287+0000] {logging_mixin.py:137} INFO - [2023-09-08T22:06:05.287+0000] {taskmixin.py:205} WARNING - Dependency <Task(BashOperator): create_entry_gcs>, delete_entry already registered for DAG: example_complex
[2023-09-08T22:06:05.298+0000] {logging_mixin.py:137} INFO - [2023-09-08T22:06:05.298+0000] {taskmixin.py:205} WARNING - Dependency <Task(BashOperator): delete_entry>, create_entry_gcs already registered for DAG: example_complex
[2023-09-08T22:06:05.317+0000] {logging_mixin.py:137} INFO - [2023-09-08T22:06:05.313+0000] {taskmixin.py:205} WARNING - Dependency <Task(BashOperator): create_tag>, delete_tag already registered for DAG: example_complex
[2023-09-08T22:06:05.330+0000] {logging_mixin.py:137} INFO - [2023-09-08T22:06:05.330+0000] {taskmixin.py:205} WARNING - Dependency <Task(BashOperator): delete_tag>, create_tag already registered for DAG: example_complex
[2023-09-08T22:06:05.685+0000] {processor.py:753} INFO - DAG(s) dict_keys(['example_complex']) retrieved from /home/airflow/.local/lib/python3.7/site-packages/airflow/example_dags/example_complex.py
[2023-09-08T22:06:09.229+0000] {logging_mixin.py:137} INFO - [2023-09-08T22:06:09.228+0000] {dag.py:2690} INFO - Sync 1 DAGs
[2023-09-08T22:06:09.608+0000] {logging_mixin.py:137} INFO - [2023-09-08T22:06:09.608+0000] {dag.py:3441} INFO - Setting next_dagrun for example_complex to None, run_after=None
[2023-09-08T22:06:13.760+0000] {processor.py:175} INFO - Processing /home/airflow/.local/lib/python3.7/site-packages/airflow/example_dags/example_complex.py took 9.775 seconds
[2023-09-08T22:06:46.131+0000] {processor.py:153} INFO - Started process (PID=280492) to work on /home/airflow/.local/lib/python3.7/site-packages/airflow/example_dags/example_complex.py
[2023-09-08T22:06:46.212+0000] {processor.py:743} INFO - Processing file /home/airflow/.local/lib/python3.7/site-packages/airflow/example_dags/example_complex.py for tasks to queue
[2023-09-08T22:06:46.604+0000] {logging_mixin.py:137} INFO - [2023-09-08T22:06:46.603+0000] {dagbag.py:538} INFO - Filling up the DagBag from /home/airflow/.local/lib/python3.7/site-packages/airflow/example_dags/example_complex.py
[2023-09-08T22:06:47.111+0000] {logging_mixin.py:137} INFO - [2023-09-08T22:06:47.111+0000] {taskmixin.py:205} WARNING - Dependency <Task(BashOperator): create_entry_group>, delete_entry_group already registered for DAG: example_complex
[2023-09-08T22:06:47.197+0000] {logging_mixin.py:137} INFO - [2023-09-08T22:06:47.197+0000] {taskmixin.py:205} WARNING - Dependency <Task(BashOperator): delete_entry_group>, create_entry_group already registered for DAG: example_complex
[2023-09-08T22:06:47.551+0000] {logging_mixin.py:137} INFO - [2023-09-08T22:06:47.551+0000] {taskmixin.py:205} WARNING - Dependency <Task(BashOperator): create_entry_gcs>, delete_entry already registered for DAG: example_complex
[2023-09-08T22:06:47.565+0000] {logging_mixin.py:137} INFO - [2023-09-08T22:06:47.565+0000] {taskmixin.py:205} WARNING - Dependency <Task(BashOperator): delete_entry>, create_entry_gcs already registered for DAG: example_complex
[2023-09-08T22:06:47.801+0000] {logging_mixin.py:137} INFO - [2023-09-08T22:06:47.801+0000] {taskmixin.py:205} WARNING - Dependency <Task(BashOperator): create_tag>, delete_tag already registered for DAG: example_complex
[2023-09-08T22:06:47.942+0000] {logging_mixin.py:137} INFO - [2023-09-08T22:06:47.942+0000] {taskmixin.py:205} WARNING - Dependency <Task(BashOperator): delete_tag>, create_tag already registered for DAG: example_complex
[2023-09-08T22:06:48.024+0000] {processor.py:753} INFO - DAG(s) dict_keys(['example_complex']) retrieved from /home/airflow/.local/lib/python3.7/site-packages/airflow/example_dags/example_complex.py
[2023-09-08T22:06:48.181+0000] {logging_mixin.py:137} INFO - [2023-09-08T22:06:48.180+0000] {dag.py:2690} INFO - Sync 1 DAGs
[2023-09-08T22:06:48.537+0000] {logging_mixin.py:137} INFO - [2023-09-08T22:06:48.537+0000] {dag.py:3441} INFO - Setting next_dagrun for example_complex to None, run_after=None
[2023-09-08T22:06:48.575+0000] {processor.py:175} INFO - Processing /home/airflow/.local/lib/python3.7/site-packages/airflow/example_dags/example_complex.py took 2.518 seconds
[2023-09-08T22:07:19.325+0000] {processor.py:153} INFO - Started process (PID=280560) to work on /home/airflow/.local/lib/python3.7/site-packages/airflow/example_dags/example_complex.py
[2023-09-08T22:07:19.332+0000] {processor.py:743} INFO - Processing file /home/airflow/.local/lib/python3.7/site-packages/airflow/example_dags/example_complex.py for tasks to queue
[2023-09-08T22:07:19.345+0000] {logging_mixin.py:137} INFO - [2023-09-08T22:07:19.345+0000] {dagbag.py:538} INFO - Filling up the DagBag from /home/airflow/.local/lib/python3.7/site-packages/airflow/example_dags/example_complex.py
[2023-09-08T22:07:19.386+0000] {logging_mixin.py:137} INFO - [2023-09-08T22:07:19.386+0000] {taskmixin.py:205} WARNING - Dependency <Task(BashOperator): create_entry_group>, delete_entry_group already registered for DAG: example_complex
[2023-09-08T22:07:19.387+0000] {logging_mixin.py:137} INFO - [2023-09-08T22:07:19.387+0000] {taskmixin.py:205} WARNING - Dependency <Task(BashOperator): delete_entry_group>, create_entry_group already registered for DAG: example_complex
[2023-09-08T22:07:19.389+0000] {logging_mixin.py:137} INFO - [2023-09-08T22:07:19.388+0000] {taskmixin.py:205} WARNING - Dependency <Task(BashOperator): create_entry_gcs>, delete_entry already registered for DAG: example_complex
[2023-09-08T22:07:19.390+0000] {logging_mixin.py:137} INFO - [2023-09-08T22:07:19.390+0000] {taskmixin.py:205} WARNING - Dependency <Task(BashOperator): delete_entry>, create_entry_gcs already registered for DAG: example_complex
[2023-09-08T22:07:19.391+0000] {logging_mixin.py:137} INFO - [2023-09-08T22:07:19.391+0000] {taskmixin.py:205} WARNING - Dependency <Task(BashOperator): create_tag>, delete_tag already registered for DAG: example_complex
[2023-09-08T22:07:19.393+0000] {logging_mixin.py:137} INFO - [2023-09-08T22:07:19.393+0000] {taskmixin.py:205} WARNING - Dependency <Task(BashOperator): delete_tag>, create_tag already registered for DAG: example_complex
[2023-09-08T22:07:19.394+0000] {processor.py:753} INFO - DAG(s) dict_keys(['example_complex']) retrieved from /home/airflow/.local/lib/python3.7/site-packages/airflow/example_dags/example_complex.py
[2023-09-08T22:07:19.439+0000] {logging_mixin.py:137} INFO - [2023-09-08T22:07:19.439+0000] {dag.py:2690} INFO - Sync 1 DAGs
[2023-09-08T22:07:19.475+0000] {logging_mixin.py:137} INFO - [2023-09-08T22:07:19.475+0000] {dag.py:3441} INFO - Setting next_dagrun for example_complex to None, run_after=None
[2023-09-08T22:07:19.543+0000] {processor.py:175} INFO - Processing /home/airflow/.local/lib/python3.7/site-packages/airflow/example_dags/example_complex.py took 0.246 seconds
[2023-09-08T22:07:50.113+0000] {processor.py:153} INFO - Started process (PID=280627) to work on /home/airflow/.local/lib/python3.7/site-packages/airflow/example_dags/example_complex.py
[2023-09-08T22:07:50.123+0000] {processor.py:743} INFO - Processing file /home/airflow/.local/lib/python3.7/site-packages/airflow/example_dags/example_complex.py for tasks to queue
[2023-09-08T22:07:50.132+0000] {logging_mixin.py:137} INFO - [2023-09-08T22:07:50.132+0000] {dagbag.py:538} INFO - Filling up the DagBag from /home/airflow/.local/lib/python3.7/site-packages/airflow/example_dags/example_complex.py
[2023-09-08T22:07:50.230+0000] {logging_mixin.py:137} INFO - [2023-09-08T22:07:50.227+0000] {taskmixin.py:205} WARNING - Dependency <Task(BashOperator): create_entry_group>, delete_entry_group already registered for DAG: example_complex
[2023-09-08T22:07:50.231+0000] {logging_mixin.py:137} INFO - [2023-09-08T22:07:50.231+0000] {taskmixin.py:205} WARNING - Dependency <Task(BashOperator): delete_entry_group>, create_entry_group already registered for DAG: example_complex
[2023-09-08T22:07:50.241+0000] {logging_mixin.py:137} INFO - [2023-09-08T22:07:50.241+0000] {taskmixin.py:205} WARNING - Dependency <Task(BashOperator): create_entry_gcs>, delete_entry already registered for DAG: example_complex
[2023-09-08T22:07:50.249+0000] {logging_mixin.py:137} INFO - [2023-09-08T22:07:50.248+0000] {taskmixin.py:205} WARNING - Dependency <Task(BashOperator): delete_entry>, create_entry_gcs already registered for DAG: example_complex
[2023-09-08T22:07:50.258+0000] {logging_mixin.py:137} INFO - [2023-09-08T22:07:50.258+0000] {taskmixin.py:205} WARNING - Dependency <Task(BashOperator): create_tag>, delete_tag already registered for DAG: example_complex
[2023-09-08T22:07:50.273+0000] {logging_mixin.py:137} INFO - [2023-09-08T22:07:50.272+0000] {taskmixin.py:205} WARNING - Dependency <Task(BashOperator): delete_tag>, create_tag already registered for DAG: example_complex
[2023-09-08T22:07:50.276+0000] {processor.py:753} INFO - DAG(s) dict_keys(['example_complex']) retrieved from /home/airflow/.local/lib/python3.7/site-packages/airflow/example_dags/example_complex.py
[2023-09-08T22:07:50.345+0000] {logging_mixin.py:137} INFO - [2023-09-08T22:07:50.345+0000] {dag.py:2690} INFO - Sync 1 DAGs
[2023-09-08T22:07:50.387+0000] {logging_mixin.py:137} INFO - [2023-09-08T22:07:50.387+0000] {dag.py:3441} INFO - Setting next_dagrun for example_complex to None, run_after=None
[2023-09-08T22:07:50.414+0000] {processor.py:175} INFO - Processing /home/airflow/.local/lib/python3.7/site-packages/airflow/example_dags/example_complex.py took 0.320 seconds
[2023-09-08T22:08:20.647+0000] {processor.py:153} INFO - Started process (PID=280693) to work on /home/airflow/.local/lib/python3.7/site-packages/airflow/example_dags/example_complex.py
[2023-09-08T22:08:20.660+0000] {processor.py:743} INFO - Processing file /home/airflow/.local/lib/python3.7/site-packages/airflow/example_dags/example_complex.py for tasks to queue
[2023-09-08T22:08:20.667+0000] {logging_mixin.py:137} INFO - [2023-09-08T22:08:20.667+0000] {dagbag.py:538} INFO - Filling up the DagBag from /home/airflow/.local/lib/python3.7/site-packages/airflow/example_dags/example_complex.py
[2023-09-08T22:08:20.763+0000] {logging_mixin.py:137} INFO - [2023-09-08T22:08:20.763+0000] {taskmixin.py:205} WARNING - Dependency <Task(BashOperator): create_entry_group>, delete_entry_group already registered for DAG: example_complex
[2023-09-08T22:08:20.778+0000] {logging_mixin.py:137} INFO - [2023-09-08T22:08:20.778+0000] {taskmixin.py:205} WARNING - Dependency <Task(BashOperator): delete_entry_group>, create_entry_group already registered for DAG: example_complex
[2023-09-08T22:08:20.783+0000] {logging_mixin.py:137} INFO - [2023-09-08T22:08:20.782+0000] {taskmixin.py:205} WARNING - Dependency <Task(BashOperator): create_entry_gcs>, delete_entry already registered for DAG: example_complex
[2023-09-08T22:08:20.793+0000] {logging_mixin.py:137} INFO - [2023-09-08T22:08:20.792+0000] {taskmixin.py:205} WARNING - Dependency <Task(BashOperator): delete_entry>, create_entry_gcs already registered for DAG: example_complex
[2023-09-08T22:08:20.798+0000] {logging_mixin.py:137} INFO - [2023-09-08T22:08:20.797+0000] {taskmixin.py:205} WARNING - Dependency <Task(BashOperator): create_tag>, delete_tag already registered for DAG: example_complex
[2023-09-08T22:08:20.803+0000] {logging_mixin.py:137} INFO - [2023-09-08T22:08:20.803+0000] {taskmixin.py:205} WARNING - Dependency <Task(BashOperator): delete_tag>, create_tag already registered for DAG: example_complex
[2023-09-08T22:08:20.809+0000] {processor.py:753} INFO - DAG(s) dict_keys(['example_complex']) retrieved from /home/airflow/.local/lib/python3.7/site-packages/airflow/example_dags/example_complex.py
[2023-09-08T22:08:20.891+0000] {logging_mixin.py:137} INFO - [2023-09-08T22:08:20.891+0000] {dag.py:2690} INFO - Sync 1 DAGs
[2023-09-08T22:08:20.952+0000] {logging_mixin.py:137} INFO - [2023-09-08T22:08:20.952+0000] {dag.py:3441} INFO - Setting next_dagrun for example_complex to None, run_after=None
[2023-09-08T22:08:21.022+0000] {processor.py:175} INFO - Processing /home/airflow/.local/lib/python3.7/site-packages/airflow/example_dags/example_complex.py took 0.403 seconds
[2023-09-08T22:08:59.256+0000] {processor.py:153} INFO - Started process (PID=280760) to work on /home/airflow/.local/lib/python3.7/site-packages/airflow/example_dags/example_complex.py
[2023-09-08T22:08:59.267+0000] {processor.py:743} INFO - Processing file /home/airflow/.local/lib/python3.7/site-packages/airflow/example_dags/example_complex.py for tasks to queue
[2023-09-08T22:08:59.274+0000] {logging_mixin.py:137} INFO - [2023-09-08T22:08:59.274+0000] {dagbag.py:538} INFO - Filling up the DagBag from /home/airflow/.local/lib/python3.7/site-packages/airflow/example_dags/example_complex.py
[2023-09-08T22:08:59.316+0000] {logging_mixin.py:137} INFO - [2023-09-08T22:08:59.316+0000] {taskmixin.py:205} WARNING - Dependency <Task(BashOperator): create_entry_group>, delete_entry_group already registered for DAG: example_complex
[2023-09-08T22:08:59.320+0000] {logging_mixin.py:137} INFO - [2023-09-08T22:08:59.320+0000] {taskmixin.py:205} WARNING - Dependency <Task(BashOperator): delete_entry_group>, create_entry_group already registered for DAG: example_complex
[2023-09-08T22:08:59.324+0000] {logging_mixin.py:137} INFO - [2023-09-08T22:08:59.324+0000] {taskmixin.py:205} WARNING - Dependency <Task(BashOperator): create_entry_gcs>, delete_entry already registered for DAG: example_complex
[2023-09-08T22:08:59.337+0000] {logging_mixin.py:137} INFO - [2023-09-08T22:08:59.326+0000] {taskmixin.py:205} WARNING - Dependency <Task(BashOperator): delete_entry>, create_entry_gcs already registered for DAG: example_complex
[2023-09-08T22:08:59.345+0000] {logging_mixin.py:137} INFO - [2023-09-08T22:08:59.345+0000] {taskmixin.py:205} WARNING - Dependency <Task(BashOperator): create_tag>, delete_tag already registered for DAG: example_complex
[2023-09-08T22:08:59.350+0000] {logging_mixin.py:137} INFO - [2023-09-08T22:08:59.350+0000] {taskmixin.py:205} WARNING - Dependency <Task(BashOperator): delete_tag>, create_tag already registered for DAG: example_complex
[2023-09-08T22:08:59.362+0000] {processor.py:753} INFO - DAG(s) dict_keys(['example_complex']) retrieved from /home/airflow/.local/lib/python3.7/site-packages/airflow/example_dags/example_complex.py
[2023-09-08T22:08:59.428+0000] {logging_mixin.py:137} INFO - [2023-09-08T22:08:59.428+0000] {dag.py:2690} INFO - Sync 1 DAGs
[2023-09-08T22:08:59.467+0000] {logging_mixin.py:137} INFO - [2023-09-08T22:08:59.467+0000] {dag.py:3441} INFO - Setting next_dagrun for example_complex to None, run_after=None
[2023-09-08T22:08:59.499+0000] {processor.py:175} INFO - Processing /home/airflow/.local/lib/python3.7/site-packages/airflow/example_dags/example_complex.py took 0.247 seconds
[2023-09-08T22:09:30.426+0000] {processor.py:153} INFO - Started process (PID=280828) to work on /home/airflow/.local/lib/python3.7/site-packages/airflow/example_dags/example_complex.py
[2023-09-08T22:09:30.435+0000] {processor.py:743} INFO - Processing file /home/airflow/.local/lib/python3.7/site-packages/airflow/example_dags/example_complex.py for tasks to queue
[2023-09-08T22:09:30.451+0000] {logging_mixin.py:137} INFO - [2023-09-08T22:09:30.451+0000] {dagbag.py:538} INFO - Filling up the DagBag from /home/airflow/.local/lib/python3.7/site-packages/airflow/example_dags/example_complex.py
[2023-09-08T22:09:30.475+0000] {logging_mixin.py:137} INFO - [2023-09-08T22:09:30.472+0000] {taskmixin.py:205} WARNING - Dependency <Task(BashOperator): create_entry_group>, delete_entry_group already registered for DAG: example_complex
[2023-09-08T22:09:30.476+0000] {logging_mixin.py:137} INFO - [2023-09-08T22:09:30.476+0000] {taskmixin.py:205} WARNING - Dependency <Task(BashOperator): delete_entry_group>, create_entry_group already registered for DAG: example_complex
[2023-09-08T22:09:30.477+0000] {logging_mixin.py:137} INFO - [2023-09-08T22:09:30.477+0000] {taskmixin.py:205} WARNING - Dependency <Task(BashOperator): create_entry_gcs>, delete_entry already registered for DAG: example_complex
[2023-09-08T22:09:30.478+0000] {logging_mixin.py:137} INFO - [2023-09-08T22:09:30.478+0000] {taskmixin.py:205} WARNING - Dependency <Task(BashOperator): delete_entry>, create_entry_gcs already registered for DAG: example_complex
[2023-09-08T22:09:30.482+0000] {logging_mixin.py:137} INFO - [2023-09-08T22:09:30.482+0000] {taskmixin.py:205} WARNING - Dependency <Task(BashOperator): create_tag>, delete_tag already registered for DAG: example_complex
[2023-09-08T22:09:30.485+0000] {logging_mixin.py:137} INFO - [2023-09-08T22:09:30.485+0000] {taskmixin.py:205} WARNING - Dependency <Task(BashOperator): delete_tag>, create_tag already registered for DAG: example_complex
[2023-09-08T22:09:30.494+0000] {processor.py:753} INFO - DAG(s) dict_keys(['example_complex']) retrieved from /home/airflow/.local/lib/python3.7/site-packages/airflow/example_dags/example_complex.py
[2023-09-08T22:09:30.555+0000] {logging_mixin.py:137} INFO - [2023-09-08T22:09:30.555+0000] {dag.py:2690} INFO - Sync 1 DAGs
[2023-09-08T22:09:30.608+0000] {logging_mixin.py:137} INFO - [2023-09-08T22:09:30.608+0000] {dag.py:3441} INFO - Setting next_dagrun for example_complex to None, run_after=None
[2023-09-08T22:09:30.631+0000] {processor.py:175} INFO - Processing /home/airflow/.local/lib/python3.7/site-packages/airflow/example_dags/example_complex.py took 0.213 seconds
[2023-09-08T22:10:01.139+0000] {processor.py:153} INFO - Started process (PID=280902) to work on /home/airflow/.local/lib/python3.7/site-packages/airflow/example_dags/example_complex.py
[2023-09-08T22:10:01.145+0000] {processor.py:743} INFO - Processing file /home/airflow/.local/lib/python3.7/site-packages/airflow/example_dags/example_complex.py for tasks to queue
[2023-09-08T22:10:01.156+0000] {logging_mixin.py:137} INFO - [2023-09-08T22:10:01.155+0000] {dagbag.py:538} INFO - Filling up the DagBag from /home/airflow/.local/lib/python3.7/site-packages/airflow/example_dags/example_complex.py
[2023-09-08T22:10:01.191+0000] {logging_mixin.py:137} INFO - [2023-09-08T22:10:01.190+0000] {taskmixin.py:205} WARNING - Dependency <Task(BashOperator): create_entry_group>, delete_entry_group already registered for DAG: example_complex
[2023-09-08T22:10:01.193+0000] {logging_mixin.py:137} INFO - [2023-09-08T22:10:01.193+0000] {taskmixin.py:205} WARNING - Dependency <Task(BashOperator): delete_entry_group>, create_entry_group already registered for DAG: example_complex
[2023-09-08T22:10:01.204+0000] {logging_mixin.py:137} INFO - [2023-09-08T22:10:01.201+0000] {taskmixin.py:205} WARNING - Dependency <Task(BashOperator): create_entry_gcs>, delete_entry already registered for DAG: example_complex
[2023-09-08T22:10:01.209+0000] {logging_mixin.py:137} INFO - [2023-09-08T22:10:01.208+0000] {taskmixin.py:205} WARNING - Dependency <Task(BashOperator): delete_entry>, create_entry_gcs already registered for DAG: example_complex
[2023-09-08T22:10:01.211+0000] {logging_mixin.py:137} INFO - [2023-09-08T22:10:01.211+0000] {taskmixin.py:205} WARNING - Dependency <Task(BashOperator): create_tag>, delete_tag already registered for DAG: example_complex
[2023-09-08T22:10:01.215+0000] {logging_mixin.py:137} INFO - [2023-09-08T22:10:01.215+0000] {taskmixin.py:205} WARNING - Dependency <Task(BashOperator): delete_tag>, create_tag already registered for DAG: example_complex
[2023-09-08T22:10:01.220+0000] {processor.py:753} INFO - DAG(s) dict_keys(['example_complex']) retrieved from /home/airflow/.local/lib/python3.7/site-packages/airflow/example_dags/example_complex.py
[2023-09-08T22:10:01.277+0000] {logging_mixin.py:137} INFO - [2023-09-08T22:10:01.276+0000] {dag.py:2690} INFO - Sync 1 DAGs
[2023-09-08T22:10:01.319+0000] {logging_mixin.py:137} INFO - [2023-09-08T22:10:01.319+0000] {dag.py:3441} INFO - Setting next_dagrun for example_complex to None, run_after=None
[2023-09-08T22:10:01.346+0000] {processor.py:175} INFO - Processing /home/airflow/.local/lib/python3.7/site-packages/airflow/example_dags/example_complex.py took 0.220 seconds
[2023-09-08T22:10:31.571+0000] {processor.py:153} INFO - Started process (PID=280975) to work on /home/airflow/.local/lib/python3.7/site-packages/airflow/example_dags/example_complex.py
[2023-09-08T22:10:31.577+0000] {processor.py:743} INFO - Processing file /home/airflow/.local/lib/python3.7/site-packages/airflow/example_dags/example_complex.py for tasks to queue
[2023-09-08T22:10:31.580+0000] {logging_mixin.py:137} INFO - [2023-09-08T22:10:31.580+0000] {dagbag.py:538} INFO - Filling up the DagBag from /home/airflow/.local/lib/python3.7/site-packages/airflow/example_dags/example_complex.py
[2023-09-08T22:10:31.592+0000] {logging_mixin.py:137} INFO - [2023-09-08T22:10:31.592+0000] {taskmixin.py:205} WARNING - Dependency <Task(BashOperator): create_entry_group>, delete_entry_group already registered for DAG: example_complex
[2023-09-08T22:10:31.603+0000] {logging_mixin.py:137} INFO - [2023-09-08T22:10:31.602+0000] {taskmixin.py:205} WARNING - Dependency <Task(BashOperator): delete_entry_group>, create_entry_group already registered for DAG: example_complex
[2023-09-08T22:10:31.609+0000] {logging_mixin.py:137} INFO - [2023-09-08T22:10:31.608+0000] {taskmixin.py:205} WARNING - Dependency <Task(BashOperator): create_entry_gcs>, delete_entry already registered for DAG: example_complex
[2023-09-08T22:10:31.618+0000] {logging_mixin.py:137} INFO - [2023-09-08T22:10:31.618+0000] {taskmixin.py:205} WARNING - Dependency <Task(BashOperator): delete_entry>, create_entry_gcs already registered for DAG: example_complex
[2023-09-08T22:10:31.627+0000] {logging_mixin.py:137} INFO - [2023-09-08T22:10:31.627+0000] {taskmixin.py:205} WARNING - Dependency <Task(BashOperator): create_tag>, delete_tag already registered for DAG: example_complex
[2023-09-08T22:10:31.629+0000] {logging_mixin.py:137} INFO - [2023-09-08T22:10:31.629+0000] {taskmixin.py:205} WARNING - Dependency <Task(BashOperator): delete_tag>, create_tag already registered for DAG: example_complex
[2023-09-08T22:10:31.632+0000] {processor.py:753} INFO - DAG(s) dict_keys(['example_complex']) retrieved from /home/airflow/.local/lib/python3.7/site-packages/airflow/example_dags/example_complex.py
[2023-09-08T22:10:31.672+0000] {logging_mixin.py:137} INFO - [2023-09-08T22:10:31.672+0000] {dag.py:2690} INFO - Sync 1 DAGs
[2023-09-08T22:10:31.690+0000] {logging_mixin.py:137} INFO - [2023-09-08T22:10:31.689+0000] {dag.py:3441} INFO - Setting next_dagrun for example_complex to None, run_after=None
[2023-09-08T22:10:31.724+0000] {processor.py:175} INFO - Processing /home/airflow/.local/lib/python3.7/site-packages/airflow/example_dags/example_complex.py took 0.156 seconds
[2023-09-08T22:11:02.341+0000] {processor.py:153} INFO - Started process (PID=281042) to work on /home/airflow/.local/lib/python3.7/site-packages/airflow/example_dags/example_complex.py
[2023-09-08T22:11:02.344+0000] {processor.py:743} INFO - Processing file /home/airflow/.local/lib/python3.7/site-packages/airflow/example_dags/example_complex.py for tasks to queue
[2023-09-08T22:11:02.346+0000] {logging_mixin.py:137} INFO - [2023-09-08T22:11:02.346+0000] {dagbag.py:538} INFO - Filling up the DagBag from /home/airflow/.local/lib/python3.7/site-packages/airflow/example_dags/example_complex.py
[2023-09-08T22:11:02.356+0000] {logging_mixin.py:137} INFO - [2023-09-08T22:11:02.356+0000] {taskmixin.py:205} WARNING - Dependency <Task(BashOperator): create_entry_group>, delete_entry_group already registered for DAG: example_complex
[2023-09-08T22:11:02.358+0000] {logging_mixin.py:137} INFO - [2023-09-08T22:11:02.358+0000] {taskmixin.py:205} WARNING - Dependency <Task(BashOperator): delete_entry_group>, create_entry_group already registered for DAG: example_complex
[2023-09-08T22:11:02.359+0000] {logging_mixin.py:137} INFO - [2023-09-08T22:11:02.359+0000] {taskmixin.py:205} WARNING - Dependency <Task(BashOperator): create_entry_gcs>, delete_entry already registered for DAG: example_complex
[2023-09-08T22:11:02.360+0000] {logging_mixin.py:137} INFO - [2023-09-08T22:11:02.359+0000] {taskmixin.py:205} WARNING - Dependency <Task(BashOperator): delete_entry>, create_entry_gcs already registered for DAG: example_complex
[2023-09-08T22:11:02.364+0000] {logging_mixin.py:137} INFO - [2023-09-08T22:11:02.364+0000] {taskmixin.py:205} WARNING - Dependency <Task(BashOperator): create_tag>, delete_tag already registered for DAG: example_complex
[2023-09-08T22:11:02.368+0000] {logging_mixin.py:137} INFO - [2023-09-08T22:11:02.367+0000] {taskmixin.py:205} WARNING - Dependency <Task(BashOperator): delete_tag>, create_tag already registered for DAG: example_complex
[2023-09-08T22:11:02.371+0000] {processor.py:753} INFO - DAG(s) dict_keys(['example_complex']) retrieved from /home/airflow/.local/lib/python3.7/site-packages/airflow/example_dags/example_complex.py
[2023-09-08T22:11:02.441+0000] {logging_mixin.py:137} INFO - [2023-09-08T22:11:02.441+0000] {dag.py:2690} INFO - Sync 1 DAGs
[2023-09-08T22:11:02.458+0000] {logging_mixin.py:137} INFO - [2023-09-08T22:11:02.458+0000] {dag.py:3441} INFO - Setting next_dagrun for example_complex to None, run_after=None
[2023-09-08T22:11:02.475+0000] {processor.py:175} INFO - Processing /home/airflow/.local/lib/python3.7/site-packages/airflow/example_dags/example_complex.py took 0.137 seconds
[2023-09-08T22:11:32.806+0000] {processor.py:153} INFO - Started process (PID=281109) to work on /home/airflow/.local/lib/python3.7/site-packages/airflow/example_dags/example_complex.py
[2023-09-08T22:11:32.838+0000] {processor.py:743} INFO - Processing file /home/airflow/.local/lib/python3.7/site-packages/airflow/example_dags/example_complex.py for tasks to queue
[2023-09-08T22:11:32.842+0000] {logging_mixin.py:137} INFO - [2023-09-08T22:11:32.842+0000] {dagbag.py:538} INFO - Filling up the DagBag from /home/airflow/.local/lib/python3.7/site-packages/airflow/example_dags/example_complex.py
[2023-09-08T22:11:32.857+0000] {logging_mixin.py:137} INFO - [2023-09-08T22:11:32.856+0000] {taskmixin.py:205} WARNING - Dependency <Task(BashOperator): create_entry_group>, delete_entry_group already registered for DAG: example_complex
[2023-09-08T22:11:32.858+0000] {logging_mixin.py:137} INFO - [2023-09-08T22:11:32.858+0000] {taskmixin.py:205} WARNING - Dependency <Task(BashOperator): delete_entry_group>, create_entry_group already registered for DAG: example_complex
[2023-09-08T22:11:32.858+0000] {logging_mixin.py:137} INFO - [2023-09-08T22:11:32.858+0000] {taskmixin.py:205} WARNING - Dependency <Task(BashOperator): create_entry_gcs>, delete_entry already registered for DAG: example_complex
[2023-09-08T22:11:32.860+0000] {logging_mixin.py:137} INFO - [2023-09-08T22:11:32.860+0000] {taskmixin.py:205} WARNING - Dependency <Task(BashOperator): delete_entry>, create_entry_gcs already registered for DAG: example_complex
[2023-09-08T22:11:32.862+0000] {logging_mixin.py:137} INFO - [2023-09-08T22:11:32.862+0000] {taskmixin.py:205} WARNING - Dependency <Task(BashOperator): create_tag>, delete_tag already registered for DAG: example_complex
[2023-09-08T22:11:32.863+0000] {logging_mixin.py:137} INFO - [2023-09-08T22:11:32.863+0000] {taskmixin.py:205} WARNING - Dependency <Task(BashOperator): delete_tag>, create_tag already registered for DAG: example_complex
[2023-09-08T22:11:32.866+0000] {processor.py:753} INFO - DAG(s) dict_keys(['example_complex']) retrieved from /home/airflow/.local/lib/python3.7/site-packages/airflow/example_dags/example_complex.py
[2023-09-08T22:11:33.035+0000] {logging_mixin.py:137} INFO - [2023-09-08T22:11:33.035+0000] {dag.py:2690} INFO - Sync 1 DAGs
[2023-09-08T22:11:33.107+0000] {logging_mixin.py:137} INFO - [2023-09-08T22:11:33.107+0000] {dag.py:3441} INFO - Setting next_dagrun for example_complex to None, run_after=None
[2023-09-08T22:11:33.148+0000] {processor.py:175} INFO - Processing /home/airflow/.local/lib/python3.7/site-packages/airflow/example_dags/example_complex.py took 0.346 seconds
[2023-09-08T22:12:04.049+0000] {processor.py:153} INFO - Started process (PID=281177) to work on /home/airflow/.local/lib/python3.7/site-packages/airflow/example_dags/example_complex.py
[2023-09-08T22:12:04.051+0000] {processor.py:743} INFO - Processing file /home/airflow/.local/lib/python3.7/site-packages/airflow/example_dags/example_complex.py for tasks to queue
[2023-09-08T22:12:04.053+0000] {logging_mixin.py:137} INFO - [2023-09-08T22:12:04.052+0000] {dagbag.py:538} INFO - Filling up the DagBag from /home/airflow/.local/lib/python3.7/site-packages/airflow/example_dags/example_complex.py
[2023-09-08T22:12:04.065+0000] {logging_mixin.py:137} INFO - [2023-09-08T22:12:04.065+0000] {taskmixin.py:205} WARNING - Dependency <Task(BashOperator): create_entry_group>, delete_entry_group already registered for DAG: example_complex
[2023-09-08T22:12:04.071+0000] {logging_mixin.py:137} INFO - [2023-09-08T22:12:04.071+0000] {taskmixin.py:205} WARNING - Dependency <Task(BashOperator): delete_entry_group>, create_entry_group already registered for DAG: example_complex
[2023-09-08T22:12:04.078+0000] {logging_mixin.py:137} INFO - [2023-09-08T22:12:04.078+0000] {taskmixin.py:205} WARNING - Dependency <Task(BashOperator): create_entry_gcs>, delete_entry already registered for DAG: example_complex
[2023-09-08T22:12:04.080+0000] {logging_mixin.py:137} INFO - [2023-09-08T22:12:04.080+0000] {taskmixin.py:205} WARNING - Dependency <Task(BashOperator): delete_entry>, create_entry_gcs already registered for DAG: example_complex
[2023-09-08T22:12:04.081+0000] {logging_mixin.py:137} INFO - [2023-09-08T22:12:04.081+0000] {taskmixin.py:205} WARNING - Dependency <Task(BashOperator): create_tag>, delete_tag already registered for DAG: example_complex
[2023-09-08T22:12:04.083+0000] {logging_mixin.py:137} INFO - [2023-09-08T22:12:04.083+0000] {taskmixin.py:205} WARNING - Dependency <Task(BashOperator): delete_tag>, create_tag already registered for DAG: example_complex
[2023-09-08T22:12:04.085+0000] {processor.py:753} INFO - DAG(s) dict_keys(['example_complex']) retrieved from /home/airflow/.local/lib/python3.7/site-packages/airflow/example_dags/example_complex.py
[2023-09-08T22:12:04.127+0000] {logging_mixin.py:137} INFO - [2023-09-08T22:12:04.127+0000] {dag.py:2690} INFO - Sync 1 DAGs
[2023-09-08T22:12:04.147+0000] {logging_mixin.py:137} INFO - [2023-09-08T22:12:04.147+0000] {dag.py:3441} INFO - Setting next_dagrun for example_complex to None, run_after=None
[2023-09-08T22:12:04.161+0000] {processor.py:175} INFO - Processing /home/airflow/.local/lib/python3.7/site-packages/airflow/example_dags/example_complex.py took 0.116 seconds
[2023-09-08T22:28:13.729+0000] {processor.py:153} INFO - Started process (PID=281265) to work on /home/airflow/.local/lib/python3.7/site-packages/airflow/example_dags/example_complex.py
[2023-09-08T22:28:13.731+0000] {processor.py:743} INFO - Processing file /home/airflow/.local/lib/python3.7/site-packages/airflow/example_dags/example_complex.py for tasks to queue
[2023-09-08T22:28:13.734+0000] {logging_mixin.py:137} INFO - [2023-09-08T22:28:13.733+0000] {dagbag.py:538} INFO - Filling up the DagBag from /home/airflow/.local/lib/python3.7/site-packages/airflow/example_dags/example_complex.py
[2023-09-08T22:28:13.750+0000] {logging_mixin.py:137} INFO - [2023-09-08T22:28:13.750+0000] {taskmixin.py:205} WARNING - Dependency <Task(BashOperator): create_entry_group>, delete_entry_group already registered for DAG: example_complex
[2023-09-08T22:28:13.752+0000] {logging_mixin.py:137} INFO - [2023-09-08T22:28:13.752+0000] {taskmixin.py:205} WARNING - Dependency <Task(BashOperator): delete_entry_group>, create_entry_group already registered for DAG: example_complex
[2023-09-08T22:28:13.753+0000] {logging_mixin.py:137} INFO - [2023-09-08T22:28:13.753+0000] {taskmixin.py:205} WARNING - Dependency <Task(BashOperator): create_entry_gcs>, delete_entry already registered for DAG: example_complex
[2023-09-08T22:28:13.754+0000] {logging_mixin.py:137} INFO - [2023-09-08T22:28:13.754+0000] {taskmixin.py:205} WARNING - Dependency <Task(BashOperator): delete_entry>, create_entry_gcs already registered for DAG: example_complex
[2023-09-08T22:28:13.755+0000] {logging_mixin.py:137} INFO - [2023-09-08T22:28:13.755+0000] {taskmixin.py:205} WARNING - Dependency <Task(BashOperator): create_tag>, delete_tag already registered for DAG: example_complex
[2023-09-08T22:28:13.757+0000] {logging_mixin.py:137} INFO - [2023-09-08T22:28:13.757+0000] {taskmixin.py:205} WARNING - Dependency <Task(BashOperator): delete_tag>, create_tag already registered for DAG: example_complex
[2023-09-08T22:28:13.761+0000] {processor.py:753} INFO - DAG(s) dict_keys(['example_complex']) retrieved from /home/airflow/.local/lib/python3.7/site-packages/airflow/example_dags/example_complex.py
[2023-09-08T22:28:13.805+0000] {logging_mixin.py:137} INFO - [2023-09-08T22:28:13.804+0000] {dag.py:2690} INFO - Sync 1 DAGs
[2023-09-08T22:28:13.824+0000] {logging_mixin.py:137} INFO - [2023-09-08T22:28:13.824+0000] {dag.py:3441} INFO - Setting next_dagrun for example_complex to None, run_after=None
[2023-09-08T22:28:13.847+0000] {processor.py:175} INFO - Processing /home/airflow/.local/lib/python3.7/site-packages/airflow/example_dags/example_complex.py took 0.122 seconds
[2023-09-08T23:49:16.876+0000] {processor.py:153} INFO - Started process (PID=281321) to work on /home/airflow/.local/lib/python3.7/site-packages/airflow/example_dags/example_complex.py
[2023-09-08T23:49:16.879+0000] {processor.py:743} INFO - Processing file /home/airflow/.local/lib/python3.7/site-packages/airflow/example_dags/example_complex.py for tasks to queue
[2023-09-08T23:49:16.880+0000] {logging_mixin.py:137} INFO - [2023-09-08T23:49:16.879+0000] {dagbag.py:538} INFO - Filling up the DagBag from /home/airflow/.local/lib/python3.7/site-packages/airflow/example_dags/example_complex.py
[2023-09-08T23:49:16.890+0000] {logging_mixin.py:137} INFO - [2023-09-08T23:49:16.889+0000] {taskmixin.py:205} WARNING - Dependency <Task(BashOperator): create_entry_group>, delete_entry_group already registered for DAG: example_complex
[2023-09-08T23:49:16.891+0000] {logging_mixin.py:137} INFO - [2023-09-08T23:49:16.891+0000] {taskmixin.py:205} WARNING - Dependency <Task(BashOperator): delete_entry_group>, create_entry_group already registered for DAG: example_complex
[2023-09-08T23:49:16.891+0000] {logging_mixin.py:137} INFO - [2023-09-08T23:49:16.891+0000] {taskmixin.py:205} WARNING - Dependency <Task(BashOperator): create_entry_gcs>, delete_entry already registered for DAG: example_complex
[2023-09-08T23:49:16.892+0000] {logging_mixin.py:137} INFO - [2023-09-08T23:49:16.892+0000] {taskmixin.py:205} WARNING - Dependency <Task(BashOperator): delete_entry>, create_entry_gcs already registered for DAG: example_complex
[2023-09-08T23:49:16.893+0000] {logging_mixin.py:137} INFO - [2023-09-08T23:49:16.893+0000] {taskmixin.py:205} WARNING - Dependency <Task(BashOperator): create_tag>, delete_tag already registered for DAG: example_complex
[2023-09-08T23:49:16.894+0000] {logging_mixin.py:137} INFO - [2023-09-08T23:49:16.894+0000] {taskmixin.py:205} WARNING - Dependency <Task(BashOperator): delete_tag>, create_tag already registered for DAG: example_complex
[2023-09-08T23:49:16.896+0000] {processor.py:753} INFO - DAG(s) dict_keys(['example_complex']) retrieved from /home/airflow/.local/lib/python3.7/site-packages/airflow/example_dags/example_complex.py
[2023-09-08T23:49:16.922+0000] {logging_mixin.py:137} INFO - [2023-09-08T23:49:16.922+0000] {dag.py:2690} INFO - Sync 1 DAGs
[2023-09-08T23:49:16.940+0000] {logging_mixin.py:137} INFO - [2023-09-08T23:49:16.940+0000] {dag.py:3441} INFO - Setting next_dagrun for example_complex to None, run_after=None
[2023-09-08T23:49:16.957+0000] {processor.py:175} INFO - Processing /home/airflow/.local/lib/python3.7/site-packages/airflow/example_dags/example_complex.py took 0.085 seconds
