[2023-09-08T00:29:13.472+0000] {processor.py:153} INFO - Started process (PID=279193) to work on /home/airflow/.local/lib/python3.7/site-packages/airflow/example_dags/example_sensors.py
[2023-09-08T00:29:13.524+0000] {processor.py:743} INFO - Processing file /home/airflow/.local/lib/python3.7/site-packages/airflow/example_dags/example_sensors.py for tasks to queue
[2023-09-08T00:29:13.536+0000] {logging_mixin.py:137} INFO - [2023-09-08T00:29:13.536+0000] {dagbag.py:538} INFO - Filling up the DagBag from /home/airflow/.local/lib/python3.7/site-packages/airflow/example_dags/example_sensors.py
[2023-09-08T00:29:13.981+0000] {processor.py:753} INFO - DAG(s) dict_keys(['example_sensors']) retrieved from /home/airflow/.local/lib/python3.7/site-packages/airflow/example_dags/example_sensors.py
[2023-09-08T00:29:14.155+0000] {logging_mixin.py:137} INFO - [2023-09-08T00:29:14.154+0000] {dag.py:2690} INFO - Sync 1 DAGs
[2023-09-08T00:29:14.230+0000] {logging_mixin.py:137} INFO - [2023-09-08T00:29:14.230+0000] {dag.py:3441} INFO - Setting next_dagrun for example_sensors to None, run_after=None
[2023-09-08T00:29:14.585+0000] {processor.py:175} INFO - Processing /home/airflow/.local/lib/python3.7/site-packages/airflow/example_dags/example_sensors.py took 1.205 seconds
[2023-09-08T01:24:11.328+0000] {processor.py:153} INFO - Started process (PID=279263) to work on /home/airflow/.local/lib/python3.7/site-packages/airflow/example_dags/example_sensors.py
[2023-09-08T01:24:11.339+0000] {processor.py:743} INFO - Processing file /home/airflow/.local/lib/python3.7/site-packages/airflow/example_dags/example_sensors.py for tasks to queue
[2023-09-08T01:24:11.343+0000] {logging_mixin.py:137} INFO - [2023-09-08T01:24:11.342+0000] {dagbag.py:538} INFO - Filling up the DagBag from /home/airflow/.local/lib/python3.7/site-packages/airflow/example_dags/example_sensors.py
[2023-09-08T01:24:11.923+0000] {processor.py:753} INFO - DAG(s) dict_keys(['example_sensors']) retrieved from /home/airflow/.local/lib/python3.7/site-packages/airflow/example_dags/example_sensors.py
[2023-09-08T01:24:13.923+0000] {logging_mixin.py:137} INFO - [2023-09-08T01:24:13.909+0000] {dag.py:2690} INFO - Sync 1 DAGs
[2023-09-08T01:24:14.195+0000] {logging_mixin.py:137} INFO - [2023-09-08T01:24:14.195+0000] {dag.py:3441} INFO - Setting next_dagrun for example_sensors to None, run_after=None
[2023-09-08T01:24:14.598+0000] {processor.py:175} INFO - Processing /home/airflow/.local/lib/python3.7/site-packages/airflow/example_dags/example_sensors.py took 3.274 seconds
[2023-09-08T01:58:46.640+0000] {processor.py:153} INFO - Started process (PID=279323) to work on /home/airflow/.local/lib/python3.7/site-packages/airflow/example_dags/example_sensors.py
[2023-09-08T01:58:46.648+0000] {processor.py:743} INFO - Processing file /home/airflow/.local/lib/python3.7/site-packages/airflow/example_dags/example_sensors.py for tasks to queue
[2023-09-08T01:58:46.652+0000] {logging_mixin.py:137} INFO - [2023-09-08T01:58:46.652+0000] {dagbag.py:538} INFO - Filling up the DagBag from /home/airflow/.local/lib/python3.7/site-packages/airflow/example_dags/example_sensors.py
[2023-09-08T01:58:46.688+0000] {processor.py:753} INFO - DAG(s) dict_keys(['example_sensors']) retrieved from /home/airflow/.local/lib/python3.7/site-packages/airflow/example_dags/example_sensors.py
[2023-09-08T01:58:46.779+0000] {logging_mixin.py:137} INFO - [2023-09-08T01:58:46.779+0000] {dag.py:2690} INFO - Sync 1 DAGs
[2023-09-08T01:58:46.828+0000] {logging_mixin.py:137} INFO - [2023-09-08T01:58:46.828+0000] {dag.py:3441} INFO - Setting next_dagrun for example_sensors to None, run_after=None
[2023-09-08T01:58:46.871+0000] {processor.py:175} INFO - Processing /home/airflow/.local/lib/python3.7/site-packages/airflow/example_dags/example_sensors.py took 0.236 seconds
[2023-09-08T03:22:25.853+0000] {processor.py:153} INFO - Started process (PID=279378) to work on /home/airflow/.local/lib/python3.7/site-packages/airflow/example_dags/example_sensors.py
[2023-09-08T03:22:25.859+0000] {processor.py:743} INFO - Processing file /home/airflow/.local/lib/python3.7/site-packages/airflow/example_dags/example_sensors.py for tasks to queue
[2023-09-08T03:22:25.863+0000] {logging_mixin.py:137} INFO - [2023-09-08T03:22:25.863+0000] {dagbag.py:538} INFO - Filling up the DagBag from /home/airflow/.local/lib/python3.7/site-packages/airflow/example_dags/example_sensors.py
[2023-09-08T03:22:25.907+0000] {processor.py:753} INFO - DAG(s) dict_keys(['example_sensors']) retrieved from /home/airflow/.local/lib/python3.7/site-packages/airflow/example_dags/example_sensors.py
[2023-09-08T03:22:25.948+0000] {logging_mixin.py:137} INFO - [2023-09-08T03:22:25.948+0000] {dag.py:2690} INFO - Sync 1 DAGs
[2023-09-08T03:22:25.992+0000] {logging_mixin.py:137} INFO - [2023-09-08T03:22:25.991+0000] {dag.py:3441} INFO - Setting next_dagrun for example_sensors to None, run_after=None
[2023-09-08T03:22:26.022+0000] {processor.py:175} INFO - Processing /home/airflow/.local/lib/python3.7/site-packages/airflow/example_dags/example_sensors.py took 0.176 seconds
[2023-09-08T04:30:42.920+0000] {processor.py:153} INFO - Started process (PID=279446) to work on /home/airflow/.local/lib/python3.7/site-packages/airflow/example_dags/example_sensors.py
[2023-09-08T04:30:42.922+0000] {processor.py:743} INFO - Processing file /home/airflow/.local/lib/python3.7/site-packages/airflow/example_dags/example_sensors.py for tasks to queue
[2023-09-08T04:30:42.923+0000] {logging_mixin.py:137} INFO - [2023-09-08T04:30:42.923+0000] {dagbag.py:538} INFO - Filling up the DagBag from /home/airflow/.local/lib/python3.7/site-packages/airflow/example_dags/example_sensors.py
[2023-09-08T04:30:42.940+0000] {processor.py:753} INFO - DAG(s) dict_keys(['example_sensors']) retrieved from /home/airflow/.local/lib/python3.7/site-packages/airflow/example_dags/example_sensors.py
[2023-09-08T04:30:42.973+0000] {logging_mixin.py:137} INFO - [2023-09-08T04:30:42.973+0000] {dag.py:2690} INFO - Sync 1 DAGs
[2023-09-08T04:30:42.993+0000] {logging_mixin.py:137} INFO - [2023-09-08T04:30:42.993+0000] {dag.py:3441} INFO - Setting next_dagrun for example_sensors to None, run_after=None
[2023-09-08T04:30:43.007+0000] {processor.py:175} INFO - Processing /home/airflow/.local/lib/python3.7/site-packages/airflow/example_dags/example_sensors.py took 0.091 seconds
[2023-09-08T05:52:34.720+0000] {processor.py:153} INFO - Started process (PID=279512) to work on /home/airflow/.local/lib/python3.7/site-packages/airflow/example_dags/example_sensors.py
[2023-09-08T05:52:34.724+0000] {processor.py:743} INFO - Processing file /home/airflow/.local/lib/python3.7/site-packages/airflow/example_dags/example_sensors.py for tasks to queue
[2023-09-08T05:52:34.725+0000] {logging_mixin.py:137} INFO - [2023-09-08T05:52:34.725+0000] {dagbag.py:538} INFO - Filling up the DagBag from /home/airflow/.local/lib/python3.7/site-packages/airflow/example_dags/example_sensors.py
[2023-09-08T05:52:34.753+0000] {processor.py:753} INFO - DAG(s) dict_keys(['example_sensors']) retrieved from /home/airflow/.local/lib/python3.7/site-packages/airflow/example_dags/example_sensors.py
[2023-09-08T05:52:34.781+0000] {logging_mixin.py:137} INFO - [2023-09-08T05:52:34.781+0000] {dag.py:2690} INFO - Sync 1 DAGs
[2023-09-08T05:52:34.800+0000] {logging_mixin.py:137} INFO - [2023-09-08T05:52:34.799+0000] {dag.py:3441} INFO - Setting next_dagrun for example_sensors to None, run_after=None
[2023-09-08T05:52:34.813+0000] {processor.py:175} INFO - Processing /home/airflow/.local/lib/python3.7/site-packages/airflow/example_dags/example_sensors.py took 0.097 seconds
[2023-09-08T06:58:10.906+0000] {processor.py:153} INFO - Started process (PID=279567) to work on /home/airflow/.local/lib/python3.7/site-packages/airflow/example_dags/example_sensors.py
[2023-09-08T06:58:10.915+0000] {processor.py:743} INFO - Processing file /home/airflow/.local/lib/python3.7/site-packages/airflow/example_dags/example_sensors.py for tasks to queue
[2023-09-08T06:58:10.925+0000] {logging_mixin.py:137} INFO - [2023-09-08T06:58:10.925+0000] {dagbag.py:538} INFO - Filling up the DagBag from /home/airflow/.local/lib/python3.7/site-packages/airflow/example_dags/example_sensors.py
[2023-09-08T06:58:10.974+0000] {processor.py:753} INFO - DAG(s) dict_keys(['example_sensors']) retrieved from /home/airflow/.local/lib/python3.7/site-packages/airflow/example_dags/example_sensors.py
[2023-09-08T06:58:11.011+0000] {logging_mixin.py:137} INFO - [2023-09-08T06:58:11.011+0000] {dag.py:2690} INFO - Sync 1 DAGs
[2023-09-08T06:58:11.035+0000] {logging_mixin.py:137} INFO - [2023-09-08T06:58:11.034+0000] {dag.py:3441} INFO - Setting next_dagrun for example_sensors to None, run_after=None
[2023-09-08T06:58:11.057+0000] {processor.py:175} INFO - Processing /home/airflow/.local/lib/python3.7/site-packages/airflow/example_dags/example_sensors.py took 0.157 seconds
[2023-09-08T09:08:00.522+0000] {processor.py:153} INFO - Started process (PID=279646) to work on /home/airflow/.local/lib/python3.7/site-packages/airflow/example_dags/example_sensors.py
[2023-09-08T09:08:00.531+0000] {processor.py:743} INFO - Processing file /home/airflow/.local/lib/python3.7/site-packages/airflow/example_dags/example_sensors.py for tasks to queue
[2023-09-08T09:08:00.537+0000] {logging_mixin.py:137} INFO - [2023-09-08T09:08:00.537+0000] {dagbag.py:538} INFO - Filling up the DagBag from /home/airflow/.local/lib/python3.7/site-packages/airflow/example_dags/example_sensors.py
[2023-09-08T09:08:00.638+0000] {processor.py:753} INFO - DAG(s) dict_keys(['example_sensors']) retrieved from /home/airflow/.local/lib/python3.7/site-packages/airflow/example_dags/example_sensors.py
[2023-09-08T09:08:00.679+0000] {logging_mixin.py:137} INFO - [2023-09-08T09:08:00.679+0000] {dag.py:2690} INFO - Sync 1 DAGs
[2023-09-08T09:08:00.702+0000] {logging_mixin.py:137} INFO - [2023-09-08T09:08:00.702+0000] {dag.py:3441} INFO - Setting next_dagrun for example_sensors to None, run_after=None
[2023-09-08T09:08:00.750+0000] {processor.py:175} INFO - Processing /home/airflow/.local/lib/python3.7/site-packages/airflow/example_dags/example_sensors.py took 0.237 seconds
[2023-09-08T09:42:28.539+0000] {processor.py:153} INFO - Started process (PID=279727) to work on /home/airflow/.local/lib/python3.7/site-packages/airflow/example_dags/example_sensors.py
[2023-09-08T09:42:28.545+0000] {processor.py:743} INFO - Processing file /home/airflow/.local/lib/python3.7/site-packages/airflow/example_dags/example_sensors.py for tasks to queue
[2023-09-08T09:42:28.548+0000] {logging_mixin.py:137} INFO - [2023-09-08T09:42:28.548+0000] {dagbag.py:538} INFO - Filling up the DagBag from /home/airflow/.local/lib/python3.7/site-packages/airflow/example_dags/example_sensors.py
[2023-09-08T09:42:28.582+0000] {processor.py:753} INFO - DAG(s) dict_keys(['example_sensors']) retrieved from /home/airflow/.local/lib/python3.7/site-packages/airflow/example_dags/example_sensors.py
[2023-09-08T09:42:28.610+0000] {logging_mixin.py:137} INFO - [2023-09-08T09:42:28.610+0000] {dag.py:2690} INFO - Sync 1 DAGs
[2023-09-08T09:42:28.631+0000] {logging_mixin.py:137} INFO - [2023-09-08T09:42:28.631+0000] {dag.py:3441} INFO - Setting next_dagrun for example_sensors to None, run_after=None
[2023-09-08T09:42:28.660+0000] {processor.py:175} INFO - Processing /home/airflow/.local/lib/python3.7/site-packages/airflow/example_dags/example_sensors.py took 0.125 seconds
[2023-09-08T10:51:19.176+0000] {processor.py:153} INFO - Started process (PID=279797) to work on /home/airflow/.local/lib/python3.7/site-packages/airflow/example_dags/example_sensors.py
[2023-09-08T10:51:19.180+0000] {processor.py:743} INFO - Processing file /home/airflow/.local/lib/python3.7/site-packages/airflow/example_dags/example_sensors.py for tasks to queue
[2023-09-08T10:51:19.183+0000] {logging_mixin.py:137} INFO - [2023-09-08T10:51:19.183+0000] {dagbag.py:538} INFO - Filling up the DagBag from /home/airflow/.local/lib/python3.7/site-packages/airflow/example_dags/example_sensors.py
[2023-09-08T10:51:19.225+0000] {processor.py:753} INFO - DAG(s) dict_keys(['example_sensors']) retrieved from /home/airflow/.local/lib/python3.7/site-packages/airflow/example_dags/example_sensors.py
[2023-09-08T10:51:19.273+0000] {logging_mixin.py:137} INFO - [2023-09-08T10:51:19.272+0000] {dag.py:2690} INFO - Sync 1 DAGs
[2023-09-08T10:51:19.328+0000] {logging_mixin.py:137} INFO - [2023-09-08T10:51:19.328+0000] {dag.py:3441} INFO - Setting next_dagrun for example_sensors to None, run_after=None
[2023-09-08T10:51:19.356+0000] {processor.py:175} INFO - Processing /home/airflow/.local/lib/python3.7/site-packages/airflow/example_dags/example_sensors.py took 0.185 seconds
[2023-09-08T12:16:36.156+0000] {processor.py:153} INFO - Started process (PID=279866) to work on /home/airflow/.local/lib/python3.7/site-packages/airflow/example_dags/example_sensors.py
[2023-09-08T12:16:36.158+0000] {processor.py:743} INFO - Processing file /home/airflow/.local/lib/python3.7/site-packages/airflow/example_dags/example_sensors.py for tasks to queue
[2023-09-08T12:16:36.160+0000] {logging_mixin.py:137} INFO - [2023-09-08T12:16:36.160+0000] {dagbag.py:538} INFO - Filling up the DagBag from /home/airflow/.local/lib/python3.7/site-packages/airflow/example_dags/example_sensors.py
[2023-09-08T12:16:36.176+0000] {processor.py:753} INFO - DAG(s) dict_keys(['example_sensors']) retrieved from /home/airflow/.local/lib/python3.7/site-packages/airflow/example_dags/example_sensors.py
[2023-09-08T12:16:36.202+0000] {logging_mixin.py:137} INFO - [2023-09-08T12:16:36.202+0000] {dag.py:2690} INFO - Sync 1 DAGs
[2023-09-08T12:16:36.219+0000] {logging_mixin.py:137} INFO - [2023-09-08T12:16:36.219+0000] {dag.py:3441} INFO - Setting next_dagrun for example_sensors to None, run_after=None
[2023-09-08T12:16:36.231+0000] {processor.py:175} INFO - Processing /home/airflow/.local/lib/python3.7/site-packages/airflow/example_dags/example_sensors.py took 0.078 seconds
[2023-09-08T13:21:44.896+0000] {processor.py:153} INFO - Started process (PID=279934) to work on /home/airflow/.local/lib/python3.7/site-packages/airflow/example_dags/example_sensors.py
[2023-09-08T13:21:44.901+0000] {processor.py:743} INFO - Processing file /home/airflow/.local/lib/python3.7/site-packages/airflow/example_dags/example_sensors.py for tasks to queue
[2023-09-08T13:21:44.905+0000] {logging_mixin.py:137} INFO - [2023-09-08T13:21:44.905+0000] {dagbag.py:538} INFO - Filling up the DagBag from /home/airflow/.local/lib/python3.7/site-packages/airflow/example_dags/example_sensors.py
[2023-09-08T13:21:44.934+0000] {processor.py:753} INFO - DAG(s) dict_keys(['example_sensors']) retrieved from /home/airflow/.local/lib/python3.7/site-packages/airflow/example_dags/example_sensors.py
[2023-09-08T13:21:44.977+0000] {logging_mixin.py:137} INFO - [2023-09-08T13:21:44.977+0000] {dag.py:2690} INFO - Sync 1 DAGs
[2023-09-08T13:21:45.008+0000] {logging_mixin.py:137} INFO - [2023-09-08T13:21:45.007+0000] {dag.py:3441} INFO - Setting next_dagrun for example_sensors to None, run_after=None
[2023-09-08T13:21:45.036+0000] {processor.py:175} INFO - Processing /home/airflow/.local/lib/python3.7/site-packages/airflow/example_dags/example_sensors.py took 0.147 seconds
[2023-09-08T14:44:38.286+0000] {processor.py:153} INFO - Started process (PID=280001) to work on /home/airflow/.local/lib/python3.7/site-packages/airflow/example_dags/example_sensors.py
[2023-09-08T14:44:38.287+0000] {processor.py:743} INFO - Processing file /home/airflow/.local/lib/python3.7/site-packages/airflow/example_dags/example_sensors.py for tasks to queue
[2023-09-08T14:44:38.288+0000] {logging_mixin.py:137} INFO - [2023-09-08T14:44:38.288+0000] {dagbag.py:538} INFO - Filling up the DagBag from /home/airflow/.local/lib/python3.7/site-packages/airflow/example_dags/example_sensors.py
[2023-09-08T14:44:38.307+0000] {processor.py:753} INFO - DAG(s) dict_keys(['example_sensors']) retrieved from /home/airflow/.local/lib/python3.7/site-packages/airflow/example_dags/example_sensors.py
[2023-09-08T14:44:38.335+0000] {logging_mixin.py:137} INFO - [2023-09-08T14:44:38.334+0000] {dag.py:2690} INFO - Sync 1 DAGs
[2023-09-08T14:44:38.358+0000] {logging_mixin.py:137} INFO - [2023-09-08T14:44:38.358+0000] {dag.py:3441} INFO - Setting next_dagrun for example_sensors to None, run_after=None
[2023-09-08T14:44:38.374+0000] {processor.py:175} INFO - Processing /home/airflow/.local/lib/python3.7/site-packages/airflow/example_dags/example_sensors.py took 0.091 seconds
[2023-09-08T15:51:58.475+0000] {processor.py:153} INFO - Started process (PID=280069) to work on /home/airflow/.local/lib/python3.7/site-packages/airflow/example_dags/example_sensors.py
[2023-09-08T15:51:58.727+0000] {processor.py:743} INFO - Processing file /home/airflow/.local/lib/python3.7/site-packages/airflow/example_dags/example_sensors.py for tasks to queue
[2023-09-08T15:51:58.762+0000] {logging_mixin.py:137} INFO - [2023-09-08T15:51:58.762+0000] {dagbag.py:538} INFO - Filling up the DagBag from /home/airflow/.local/lib/python3.7/site-packages/airflow/example_dags/example_sensors.py
[2023-09-08T15:51:58.837+0000] {processor.py:753} INFO - DAG(s) dict_keys(['example_sensors']) retrieved from /home/airflow/.local/lib/python3.7/site-packages/airflow/example_dags/example_sensors.py
[2023-09-08T15:51:58.963+0000] {logging_mixin.py:137} INFO - [2023-09-08T15:51:58.963+0000] {dag.py:2690} INFO - Sync 1 DAGs
[2023-09-08T15:51:59.018+0000] {logging_mixin.py:137} INFO - [2023-09-08T15:51:59.018+0000] {dag.py:3441} INFO - Setting next_dagrun for example_sensors to None, run_after=None
[2023-09-08T15:51:59.064+0000] {processor.py:175} INFO - Processing /home/airflow/.local/lib/python3.7/site-packages/airflow/example_dags/example_sensors.py took 0.593 seconds
[2023-09-08T18:05:59.111+0000] {processor.py:153} INFO - Started process (PID=280136) to work on /home/airflow/.local/lib/python3.7/site-packages/airflow/example_dags/example_sensors.py
[2023-09-08T18:05:59.322+0000] {processor.py:743} INFO - Processing file /home/airflow/.local/lib/python3.7/site-packages/airflow/example_dags/example_sensors.py for tasks to queue
[2023-09-08T18:05:59.338+0000] {logging_mixin.py:137} INFO - [2023-09-08T18:05:59.338+0000] {dagbag.py:538} INFO - Filling up the DagBag from /home/airflow/.local/lib/python3.7/site-packages/airflow/example_dags/example_sensors.py
[2023-09-08T18:05:59.450+0000] {processor.py:753} INFO - DAG(s) dict_keys(['example_sensors']) retrieved from /home/airflow/.local/lib/python3.7/site-packages/airflow/example_dags/example_sensors.py
[2023-09-08T18:05:59.730+0000] {logging_mixin.py:137} INFO - [2023-09-08T18:05:59.729+0000] {dag.py:2690} INFO - Sync 1 DAGs
[2023-09-08T18:06:00.929+0000] {logging_mixin.py:137} INFO - [2023-09-08T18:06:00.929+0000] {dag.py:3441} INFO - Setting next_dagrun for example_sensors to None, run_after=None
[2023-09-08T18:06:01.295+0000] {processor.py:175} INFO - Processing /home/airflow/.local/lib/python3.7/site-packages/airflow/example_dags/example_sensors.py took 2.194 seconds
[2023-09-08T18:55:48.411+0000] {processor.py:153} INFO - Started process (PID=280215) to work on /home/airflow/.local/lib/python3.7/site-packages/airflow/example_dags/example_sensors.py
[2023-09-08T18:55:48.413+0000] {processor.py:743} INFO - Processing file /home/airflow/.local/lib/python3.7/site-packages/airflow/example_dags/example_sensors.py for tasks to queue
[2023-09-08T18:55:48.417+0000] {logging_mixin.py:137} INFO - [2023-09-08T18:55:48.417+0000] {dagbag.py:538} INFO - Filling up the DagBag from /home/airflow/.local/lib/python3.7/site-packages/airflow/example_dags/example_sensors.py
[2023-09-08T18:55:48.477+0000] {processor.py:753} INFO - DAG(s) dict_keys(['example_sensors']) retrieved from /home/airflow/.local/lib/python3.7/site-packages/airflow/example_dags/example_sensors.py
[2023-09-08T18:55:48.532+0000] {logging_mixin.py:137} INFO - [2023-09-08T18:55:48.532+0000] {dag.py:2690} INFO - Sync 1 DAGs
[2023-09-08T18:55:48.601+0000] {logging_mixin.py:137} INFO - [2023-09-08T18:55:48.601+0000] {dag.py:3441} INFO - Setting next_dagrun for example_sensors to None, run_after=None
[2023-09-08T18:55:48.658+0000] {processor.py:175} INFO - Processing /home/airflow/.local/lib/python3.7/site-packages/airflow/example_dags/example_sensors.py took 0.251 seconds
[2023-09-08T20:04:04.417+0000] {processor.py:153} INFO - Started process (PID=280271) to work on /home/airflow/.local/lib/python3.7/site-packages/airflow/example_dags/example_sensors.py
[2023-09-08T20:04:04.425+0000] {processor.py:743} INFO - Processing file /home/airflow/.local/lib/python3.7/site-packages/airflow/example_dags/example_sensors.py for tasks to queue
[2023-09-08T20:04:04.427+0000] {logging_mixin.py:137} INFO - [2023-09-08T20:04:04.427+0000] {dagbag.py:538} INFO - Filling up the DagBag from /home/airflow/.local/lib/python3.7/site-packages/airflow/example_dags/example_sensors.py
[2023-09-08T20:04:04.464+0000] {processor.py:753} INFO - DAG(s) dict_keys(['example_sensors']) retrieved from /home/airflow/.local/lib/python3.7/site-packages/airflow/example_dags/example_sensors.py
[2023-09-08T20:04:04.492+0000] {logging_mixin.py:137} INFO - [2023-09-08T20:04:04.491+0000] {dag.py:2690} INFO - Sync 1 DAGs
[2023-09-08T20:04:04.511+0000] {logging_mixin.py:137} INFO - [2023-09-08T20:04:04.511+0000] {dag.py:3441} INFO - Setting next_dagrun for example_sensors to None, run_after=None
[2023-09-08T20:04:04.526+0000] {processor.py:175} INFO - Processing /home/airflow/.local/lib/python3.7/site-packages/airflow/example_dags/example_sensors.py took 0.113 seconds
[2023-09-08T21:19:40.061+0000] {processor.py:153} INFO - Started process (PID=280349) to work on /home/airflow/.local/lib/python3.7/site-packages/airflow/example_dags/example_sensors.py
[2023-09-08T21:19:40.064+0000] {processor.py:743} INFO - Processing file /home/airflow/.local/lib/python3.7/site-packages/airflow/example_dags/example_sensors.py for tasks to queue
[2023-09-08T21:19:40.067+0000] {logging_mixin.py:137} INFO - [2023-09-08T21:19:40.067+0000] {dagbag.py:538} INFO - Filling up the DagBag from /home/airflow/.local/lib/python3.7/site-packages/airflow/example_dags/example_sensors.py
[2023-09-08T21:19:40.104+0000] {processor.py:753} INFO - DAG(s) dict_keys(['example_sensors']) retrieved from /home/airflow/.local/lib/python3.7/site-packages/airflow/example_dags/example_sensors.py
[2023-09-08T21:19:40.504+0000] {logging_mixin.py:137} INFO - [2023-09-08T21:19:40.504+0000] {dag.py:2690} INFO - Sync 1 DAGs
[2023-09-08T21:19:40.591+0000] {logging_mixin.py:137} INFO - [2023-09-08T21:19:40.591+0000] {dag.py:3441} INFO - Setting next_dagrun for example_sensors to None, run_after=None
[2023-09-08T21:19:40.690+0000] {processor.py:175} INFO - Processing /home/airflow/.local/lib/python3.7/site-packages/airflow/example_dags/example_sensors.py took 0.633 seconds
[2023-09-08T22:06:02.522+0000] {processor.py:153} INFO - Started process (PID=280420) to work on /home/airflow/.local/lib/python3.7/site-packages/airflow/example_dags/example_sensors.py
[2023-09-08T22:06:02.550+0000] {processor.py:743} INFO - Processing file /home/airflow/.local/lib/python3.7/site-packages/airflow/example_dags/example_sensors.py for tasks to queue
[2023-09-08T22:06:02.557+0000] {logging_mixin.py:137} INFO - [2023-09-08T22:06:02.556+0000] {dagbag.py:538} INFO - Filling up the DagBag from /home/airflow/.local/lib/python3.7/site-packages/airflow/example_dags/example_sensors.py
[2023-09-08T22:06:02.652+0000] {processor.py:753} INFO - DAG(s) dict_keys(['example_sensors']) retrieved from /home/airflow/.local/lib/python3.7/site-packages/airflow/example_dags/example_sensors.py
[2023-09-08T22:06:02.992+0000] {logging_mixin.py:137} INFO - [2023-09-08T22:06:02.992+0000] {dag.py:2690} INFO - Sync 1 DAGs
[2023-09-08T22:06:03.105+0000] {logging_mixin.py:137} INFO - [2023-09-08T22:06:03.105+0000] {dag.py:3441} INFO - Setting next_dagrun for example_sensors to None, run_after=None
[2023-09-08T22:06:03.239+0000] {processor.py:175} INFO - Processing /home/airflow/.local/lib/python3.7/site-packages/airflow/example_dags/example_sensors.py took 0.738 seconds
[2023-09-08T22:06:38.354+0000] {processor.py:153} INFO - Started process (PID=280488) to work on /home/airflow/.local/lib/python3.7/site-packages/airflow/example_dags/example_sensors.py
[2023-09-08T22:06:38.357+0000] {processor.py:743} INFO - Processing file /home/airflow/.local/lib/python3.7/site-packages/airflow/example_dags/example_sensors.py for tasks to queue
[2023-09-08T22:06:38.373+0000] {logging_mixin.py:137} INFO - [2023-09-08T22:06:38.373+0000] {dagbag.py:538} INFO - Filling up the DagBag from /home/airflow/.local/lib/python3.7/site-packages/airflow/example_dags/example_sensors.py
[2023-09-08T22:06:38.447+0000] {processor.py:753} INFO - DAG(s) dict_keys(['example_sensors']) retrieved from /home/airflow/.local/lib/python3.7/site-packages/airflow/example_dags/example_sensors.py
[2023-09-08T22:06:38.504+0000] {logging_mixin.py:137} INFO - [2023-09-08T22:06:38.503+0000] {dag.py:2690} INFO - Sync 1 DAGs
[2023-09-08T22:06:38.535+0000] {logging_mixin.py:137} INFO - [2023-09-08T22:06:38.535+0000] {dag.py:3441} INFO - Setting next_dagrun for example_sensors to None, run_after=None
[2023-09-08T22:06:38.568+0000] {processor.py:175} INFO - Processing /home/airflow/.local/lib/python3.7/site-packages/airflow/example_dags/example_sensors.py took 0.219 seconds
[2023-09-08T22:07:10.776+0000] {processor.py:153} INFO - Started process (PID=280553) to work on /home/airflow/.local/lib/python3.7/site-packages/airflow/example_dags/example_sensors.py
[2023-09-08T22:07:10.779+0000] {processor.py:743} INFO - Processing file /home/airflow/.local/lib/python3.7/site-packages/airflow/example_dags/example_sensors.py for tasks to queue
[2023-09-08T22:07:10.781+0000] {logging_mixin.py:137} INFO - [2023-09-08T22:07:10.781+0000] {dagbag.py:538} INFO - Filling up the DagBag from /home/airflow/.local/lib/python3.7/site-packages/airflow/example_dags/example_sensors.py
[2023-09-08T22:07:10.807+0000] {processor.py:753} INFO - DAG(s) dict_keys(['example_sensors']) retrieved from /home/airflow/.local/lib/python3.7/site-packages/airflow/example_dags/example_sensors.py
[2023-09-08T22:07:10.843+0000] {logging_mixin.py:137} INFO - [2023-09-08T22:07:10.843+0000] {dag.py:2690} INFO - Sync 1 DAGs
[2023-09-08T22:07:10.869+0000] {logging_mixin.py:137} INFO - [2023-09-08T22:07:10.869+0000] {dag.py:3441} INFO - Setting next_dagrun for example_sensors to None, run_after=None
[2023-09-08T22:07:10.891+0000] {processor.py:175} INFO - Processing /home/airflow/.local/lib/python3.7/site-packages/airflow/example_dags/example_sensors.py took 0.117 seconds
[2023-09-08T22:07:43.227+0000] {processor.py:153} INFO - Started process (PID=280623) to work on /home/airflow/.local/lib/python3.7/site-packages/airflow/example_dags/example_sensors.py
[2023-09-08T22:07:43.234+0000] {processor.py:743} INFO - Processing file /home/airflow/.local/lib/python3.7/site-packages/airflow/example_dags/example_sensors.py for tasks to queue
[2023-09-08T22:07:43.242+0000] {logging_mixin.py:137} INFO - [2023-09-08T22:07:43.241+0000] {dagbag.py:538} INFO - Filling up the DagBag from /home/airflow/.local/lib/python3.7/site-packages/airflow/example_dags/example_sensors.py
[2023-09-08T22:07:43.330+0000] {processor.py:753} INFO - DAG(s) dict_keys(['example_sensors']) retrieved from /home/airflow/.local/lib/python3.7/site-packages/airflow/example_dags/example_sensors.py
[2023-09-08T22:07:43.377+0000] {logging_mixin.py:137} INFO - [2023-09-08T22:07:43.377+0000] {dag.py:2690} INFO - Sync 1 DAGs
[2023-09-08T22:07:43.408+0000] {logging_mixin.py:137} INFO - [2023-09-08T22:07:43.408+0000] {dag.py:3441} INFO - Setting next_dagrun for example_sensors to None, run_after=None
[2023-09-08T22:07:43.440+0000] {processor.py:175} INFO - Processing /home/airflow/.local/lib/python3.7/site-packages/airflow/example_dags/example_sensors.py took 0.219 seconds
[2023-09-08T22:08:13.977+0000] {processor.py:153} INFO - Started process (PID=280689) to work on /home/airflow/.local/lib/python3.7/site-packages/airflow/example_dags/example_sensors.py
[2023-09-08T22:08:13.983+0000] {processor.py:743} INFO - Processing file /home/airflow/.local/lib/python3.7/site-packages/airflow/example_dags/example_sensors.py for tasks to queue
[2023-09-08T22:08:13.986+0000] {logging_mixin.py:137} INFO - [2023-09-08T22:08:13.985+0000] {dagbag.py:538} INFO - Filling up the DagBag from /home/airflow/.local/lib/python3.7/site-packages/airflow/example_dags/example_sensors.py
[2023-09-08T22:08:14.054+0000] {processor.py:753} INFO - DAG(s) dict_keys(['example_sensors']) retrieved from /home/airflow/.local/lib/python3.7/site-packages/airflow/example_dags/example_sensors.py
[2023-09-08T22:08:14.124+0000] {logging_mixin.py:137} INFO - [2023-09-08T22:08:14.124+0000] {dag.py:2690} INFO - Sync 1 DAGs
[2023-09-08T22:08:14.169+0000] {logging_mixin.py:137} INFO - [2023-09-08T22:08:14.169+0000] {dag.py:3441} INFO - Setting next_dagrun for example_sensors to None, run_after=None
[2023-09-08T22:08:14.209+0000] {processor.py:175} INFO - Processing /home/airflow/.local/lib/python3.7/site-packages/airflow/example_dags/example_sensors.py took 0.238 seconds
[2023-09-08T22:08:56.378+0000] {processor.py:153} INFO - Started process (PID=280756) to work on /home/airflow/.local/lib/python3.7/site-packages/airflow/example_dags/example_sensors.py
[2023-09-08T22:08:56.411+0000] {processor.py:743} INFO - Processing file /home/airflow/.local/lib/python3.7/site-packages/airflow/example_dags/example_sensors.py for tasks to queue
[2023-09-08T22:08:56.416+0000] {logging_mixin.py:137} INFO - [2023-09-08T22:08:56.416+0000] {dagbag.py:538} INFO - Filling up the DagBag from /home/airflow/.local/lib/python3.7/site-packages/airflow/example_dags/example_sensors.py
[2023-09-08T22:08:56.741+0000] {processor.py:753} INFO - DAG(s) dict_keys(['example_sensors']) retrieved from /home/airflow/.local/lib/python3.7/site-packages/airflow/example_dags/example_sensors.py
[2023-09-08T22:08:56.891+0000] {logging_mixin.py:137} INFO - [2023-09-08T22:08:56.890+0000] {dag.py:2690} INFO - Sync 1 DAGs
[2023-09-08T22:08:57.367+0000] {logging_mixin.py:137} INFO - [2023-09-08T22:08:57.367+0000] {dag.py:3441} INFO - Setting next_dagrun for example_sensors to None, run_after=None
[2023-09-08T22:08:58.061+0000] {processor.py:175} INFO - Processing /home/airflow/.local/lib/python3.7/site-packages/airflow/example_dags/example_sensors.py took 1.686 seconds
[2023-09-08T22:09:28.731+0000] {processor.py:153} INFO - Started process (PID=280824) to work on /home/airflow/.local/lib/python3.7/site-packages/airflow/example_dags/example_sensors.py
[2023-09-08T22:09:28.733+0000] {processor.py:743} INFO - Processing file /home/airflow/.local/lib/python3.7/site-packages/airflow/example_dags/example_sensors.py for tasks to queue
[2023-09-08T22:09:28.736+0000] {logging_mixin.py:137} INFO - [2023-09-08T22:09:28.736+0000] {dagbag.py:538} INFO - Filling up the DagBag from /home/airflow/.local/lib/python3.7/site-packages/airflow/example_dags/example_sensors.py
[2023-09-08T22:09:28.777+0000] {processor.py:753} INFO - DAG(s) dict_keys(['example_sensors']) retrieved from /home/airflow/.local/lib/python3.7/site-packages/airflow/example_dags/example_sensors.py
[2023-09-08T22:09:28.811+0000] {logging_mixin.py:137} INFO - [2023-09-08T22:09:28.811+0000] {dag.py:2690} INFO - Sync 1 DAGs
[2023-09-08T22:09:28.834+0000] {logging_mixin.py:137} INFO - [2023-09-08T22:09:28.834+0000] {dag.py:3441} INFO - Setting next_dagrun for example_sensors to None, run_after=None
[2023-09-08T22:09:28.853+0000] {processor.py:175} INFO - Processing /home/airflow/.local/lib/python3.7/site-packages/airflow/example_dags/example_sensors.py took 0.129 seconds
[2023-09-08T22:09:59.448+0000] {processor.py:153} INFO - Started process (PID=280892) to work on /home/airflow/.local/lib/python3.7/site-packages/airflow/example_dags/example_sensors.py
[2023-09-08T22:09:59.465+0000] {processor.py:743} INFO - Processing file /home/airflow/.local/lib/python3.7/site-packages/airflow/example_dags/example_sensors.py for tasks to queue
[2023-09-08T22:09:59.472+0000] {logging_mixin.py:137} INFO - [2023-09-08T22:09:59.472+0000] {dagbag.py:538} INFO - Filling up the DagBag from /home/airflow/.local/lib/python3.7/site-packages/airflow/example_dags/example_sensors.py
[2023-09-08T22:09:59.663+0000] {processor.py:753} INFO - DAG(s) dict_keys(['example_sensors']) retrieved from /home/airflow/.local/lib/python3.7/site-packages/airflow/example_dags/example_sensors.py
[2023-09-08T22:09:59.764+0000] {logging_mixin.py:137} INFO - [2023-09-08T22:09:59.764+0000] {dag.py:2690} INFO - Sync 1 DAGs
[2023-09-08T22:09:59.981+0000] {logging_mixin.py:137} INFO - [2023-09-08T22:09:59.981+0000] {dag.py:3441} INFO - Setting next_dagrun for example_sensors to None, run_after=None
[2023-09-08T22:10:00.574+0000] {processor.py:175} INFO - Processing /home/airflow/.local/lib/python3.7/site-packages/airflow/example_dags/example_sensors.py took 1.142 seconds
[2023-09-08T22:10:31.011+0000] {processor.py:153} INFO - Started process (PID=280971) to work on /home/airflow/.local/lib/python3.7/site-packages/airflow/example_dags/example_sensors.py
[2023-09-08T22:10:31.013+0000] {processor.py:743} INFO - Processing file /home/airflow/.local/lib/python3.7/site-packages/airflow/example_dags/example_sensors.py for tasks to queue
[2023-09-08T22:10:31.015+0000] {logging_mixin.py:137} INFO - [2023-09-08T22:10:31.015+0000] {dagbag.py:538} INFO - Filling up the DagBag from /home/airflow/.local/lib/python3.7/site-packages/airflow/example_dags/example_sensors.py
[2023-09-08T22:10:31.056+0000] {processor.py:753} INFO - DAG(s) dict_keys(['example_sensors']) retrieved from /home/airflow/.local/lib/python3.7/site-packages/airflow/example_dags/example_sensors.py
[2023-09-08T22:10:31.113+0000] {logging_mixin.py:137} INFO - [2023-09-08T22:10:31.112+0000] {dag.py:2690} INFO - Sync 1 DAGs
[2023-09-08T22:10:31.168+0000] {logging_mixin.py:137} INFO - [2023-09-08T22:10:31.167+0000] {dag.py:3441} INFO - Setting next_dagrun for example_sensors to None, run_after=None
[2023-09-08T22:10:31.196+0000] {processor.py:175} INFO - Processing /home/airflow/.local/lib/python3.7/site-packages/airflow/example_dags/example_sensors.py took 0.192 seconds
[2023-09-08T22:11:02.036+0000] {processor.py:153} INFO - Started process (PID=281038) to work on /home/airflow/.local/lib/python3.7/site-packages/airflow/example_dags/example_sensors.py
[2023-09-08T22:11:02.039+0000] {processor.py:743} INFO - Processing file /home/airflow/.local/lib/python3.7/site-packages/airflow/example_dags/example_sensors.py for tasks to queue
[2023-09-08T22:11:02.041+0000] {logging_mixin.py:137} INFO - [2023-09-08T22:11:02.041+0000] {dagbag.py:538} INFO - Filling up the DagBag from /home/airflow/.local/lib/python3.7/site-packages/airflow/example_dags/example_sensors.py
[2023-09-08T22:11:02.092+0000] {processor.py:753} INFO - DAG(s) dict_keys(['example_sensors']) retrieved from /home/airflow/.local/lib/python3.7/site-packages/airflow/example_dags/example_sensors.py
[2023-09-08T22:11:02.135+0000] {logging_mixin.py:137} INFO - [2023-09-08T22:11:02.134+0000] {dag.py:2690} INFO - Sync 1 DAGs
[2023-09-08T22:11:02.178+0000] {logging_mixin.py:137} INFO - [2023-09-08T22:11:02.177+0000] {dag.py:3441} INFO - Setting next_dagrun for example_sensors to None, run_after=None
[2023-09-08T22:11:02.198+0000] {processor.py:175} INFO - Processing /home/airflow/.local/lib/python3.7/site-packages/airflow/example_dags/example_sensors.py took 0.169 seconds
[2023-09-08T22:11:32.526+0000] {processor.py:153} INFO - Started process (PID=281105) to work on /home/airflow/.local/lib/python3.7/site-packages/airflow/example_dags/example_sensors.py
[2023-09-08T22:11:32.530+0000] {processor.py:743} INFO - Processing file /home/airflow/.local/lib/python3.7/site-packages/airflow/example_dags/example_sensors.py for tasks to queue
[2023-09-08T22:11:32.533+0000] {logging_mixin.py:137} INFO - [2023-09-08T22:11:32.532+0000] {dagbag.py:538} INFO - Filling up the DagBag from /home/airflow/.local/lib/python3.7/site-packages/airflow/example_dags/example_sensors.py
[2023-09-08T22:11:32.559+0000] {processor.py:753} INFO - DAG(s) dict_keys(['example_sensors']) retrieved from /home/airflow/.local/lib/python3.7/site-packages/airflow/example_dags/example_sensors.py
[2023-09-08T22:11:32.599+0000] {logging_mixin.py:137} INFO - [2023-09-08T22:11:32.598+0000] {dag.py:2690} INFO - Sync 1 DAGs
[2023-09-08T22:11:32.623+0000] {logging_mixin.py:137} INFO - [2023-09-08T22:11:32.623+0000] {dag.py:3441} INFO - Setting next_dagrun for example_sensors to None, run_after=None
[2023-09-08T22:11:32.641+0000] {processor.py:175} INFO - Processing /home/airflow/.local/lib/python3.7/site-packages/airflow/example_dags/example_sensors.py took 0.120 seconds
[2023-09-08T22:12:02.690+0000] {processor.py:153} INFO - Started process (PID=281173) to work on /home/airflow/.local/lib/python3.7/site-packages/airflow/example_dags/example_sensors.py
[2023-09-08T22:12:02.696+0000] {processor.py:743} INFO - Processing file /home/airflow/.local/lib/python3.7/site-packages/airflow/example_dags/example_sensors.py for tasks to queue
[2023-09-08T22:12:02.697+0000] {logging_mixin.py:137} INFO - [2023-09-08T22:12:02.697+0000] {dagbag.py:538} INFO - Filling up the DagBag from /home/airflow/.local/lib/python3.7/site-packages/airflow/example_dags/example_sensors.py
[2023-09-08T22:12:02.743+0000] {processor.py:753} INFO - DAG(s) dict_keys(['example_sensors']) retrieved from /home/airflow/.local/lib/python3.7/site-packages/airflow/example_dags/example_sensors.py
[2023-09-08T22:12:02.769+0000] {logging_mixin.py:137} INFO - [2023-09-08T22:12:02.769+0000] {dag.py:2690} INFO - Sync 1 DAGs
[2023-09-08T22:12:02.785+0000] {logging_mixin.py:137} INFO - [2023-09-08T22:12:02.785+0000] {dag.py:3441} INFO - Setting next_dagrun for example_sensors to None, run_after=None
[2023-09-08T22:12:02.839+0000] {processor.py:175} INFO - Processing /home/airflow/.local/lib/python3.7/site-packages/airflow/example_dags/example_sensors.py took 0.153 seconds
[2023-09-08T22:28:13.375+0000] {processor.py:153} INFO - Started process (PID=281261) to work on /home/airflow/.local/lib/python3.7/site-packages/airflow/example_dags/example_sensors.py
[2023-09-08T22:28:13.377+0000] {processor.py:743} INFO - Processing file /home/airflow/.local/lib/python3.7/site-packages/airflow/example_dags/example_sensors.py for tasks to queue
[2023-09-08T22:28:13.380+0000] {logging_mixin.py:137} INFO - [2023-09-08T22:28:13.380+0000] {dagbag.py:538} INFO - Filling up the DagBag from /home/airflow/.local/lib/python3.7/site-packages/airflow/example_dags/example_sensors.py
[2023-09-08T22:28:13.418+0000] {processor.py:753} INFO - DAG(s) dict_keys(['example_sensors']) retrieved from /home/airflow/.local/lib/python3.7/site-packages/airflow/example_dags/example_sensors.py
[2023-09-08T22:28:13.453+0000] {logging_mixin.py:137} INFO - [2023-09-08T22:28:13.453+0000] {dag.py:2690} INFO - Sync 1 DAGs
[2023-09-08T22:28:13.478+0000] {logging_mixin.py:137} INFO - [2023-09-08T22:28:13.477+0000] {dag.py:3441} INFO - Setting next_dagrun for example_sensors to None, run_after=None
[2023-09-08T22:28:13.499+0000] {processor.py:175} INFO - Processing /home/airflow/.local/lib/python3.7/site-packages/airflow/example_dags/example_sensors.py took 0.133 seconds
[2023-09-08T23:49:16.560+0000] {processor.py:153} INFO - Started process (PID=281317) to work on /home/airflow/.local/lib/python3.7/site-packages/airflow/example_dags/example_sensors.py
[2023-09-08T23:49:16.563+0000] {processor.py:743} INFO - Processing file /home/airflow/.local/lib/python3.7/site-packages/airflow/example_dags/example_sensors.py for tasks to queue
[2023-09-08T23:49:16.565+0000] {logging_mixin.py:137} INFO - [2023-09-08T23:49:16.564+0000] {dagbag.py:538} INFO - Filling up the DagBag from /home/airflow/.local/lib/python3.7/site-packages/airflow/example_dags/example_sensors.py
[2023-09-08T23:49:16.583+0000] {processor.py:753} INFO - DAG(s) dict_keys(['example_sensors']) retrieved from /home/airflow/.local/lib/python3.7/site-packages/airflow/example_dags/example_sensors.py
[2023-09-08T23:49:16.608+0000] {logging_mixin.py:137} INFO - [2023-09-08T23:49:16.608+0000] {dag.py:2690} INFO - Sync 1 DAGs
[2023-09-08T23:49:16.627+0000] {logging_mixin.py:137} INFO - [2023-09-08T23:49:16.627+0000] {dag.py:3441} INFO - Setting next_dagrun for example_sensors to None, run_after=None
[2023-09-08T23:49:16.642+0000] {processor.py:175} INFO - Processing /home/airflow/.local/lib/python3.7/site-packages/airflow/example_dags/example_sensors.py took 0.084 seconds
