[2023-04-19T12:38:20.542+0000] {taskinstance.py:1083} INFO - Dependencies all met for <TaskInstance: age_check.multiplication scheduled__2022-09-14T00:00:00+00:00 [queued]>
[2023-04-19T12:38:20.551+0000] {taskinstance.py:1083} INFO - Dependencies all met for <TaskInstance: age_check.multiplication scheduled__2022-09-14T00:00:00+00:00 [queued]>
[2023-04-19T12:38:20.552+0000] {taskinstance.py:1279} INFO - 
--------------------------------------------------------------------------------
[2023-04-19T12:38:20.553+0000] {taskinstance.py:1280} INFO - Starting attempt 1 of 4
[2023-04-19T12:38:20.554+0000] {taskinstance.py:1281} INFO - 
--------------------------------------------------------------------------------
[2023-04-19T12:38:20.564+0000] {taskinstance.py:1300} INFO - Executing <Task(PythonOperator): multiplication> on 2022-09-14 00:00:00+00:00
[2023-04-19T12:38:20.571+0000] {standard_task_runner.py:55} INFO - Started process 21850 to run task
[2023-04-19T12:38:20.574+0000] {standard_task_runner.py:82} INFO - Running: ['***', 'tasks', 'run', 'age_check', 'multiplication', 'scheduled__2022-09-14T00:00:00+00:00', '--job-id', '752', '--raw', '--subdir', 'DAGS_FOLDER/age.py', '--cfg-path', '/tmp/tmpny31aq7m']
[2023-04-19T12:38:20.575+0000] {standard_task_runner.py:83} INFO - Job 752: Subtask multiplication
[2023-04-19T12:38:20.634+0000] {task_command.py:388} INFO - Running <TaskInstance: age_check.multiplication scheduled__2022-09-14T00:00:00+00:00 [running]> on host fe34f61acbb3
[2023-04-19T12:38:20.675+0000] {taskinstance.py:1509} INFO - Exporting the following env vars:
AIRFLOW_CTX_DAG_OWNER=***
AIRFLOW_CTX_DAG_ID=age_check
AIRFLOW_CTX_TASK_ID=multiplication
AIRFLOW_CTX_EXECUTION_DATE=2022-09-14T00:00:00+00:00
AIRFLOW_CTX_TRY_NUMBER=1
AIRFLOW_CTX_DAG_RUN_ID=scheduled__2022-09-14T00:00:00+00:00
[2023-04-19T12:38:20.677+0000] {logging_mixin.py:137} INFO - 25
[2023-04-19T12:38:20.678+0000] {python.py:177} INFO - Done. Returned value was: None
[2023-04-19T12:38:20.684+0000] {taskinstance.py:1323} INFO - Marking task as SUCCESS. dag_id=age_check, task_id=multiplication, execution_date=20220914T000000, start_date=20230419T123820, end_date=20230419T123820
[2023-04-19T12:38:20.710+0000] {local_task_job.py:208} INFO - Task exited with return code 0
[2023-04-19T12:38:20.730+0000] {taskinstance.py:2578} INFO - 1 downstream tasks scheduled from follow-on schedule check
[2023-05-17T09:54:22.737+0000] {taskinstance.py:1083} INFO - Dependencies all met for <TaskInstance: age_check.multiplication scheduled__2022-09-14T00:00:00+00:00 [queued]>
[2023-05-17T09:54:22.773+0000] {taskinstance.py:1083} INFO - Dependencies all met for <TaskInstance: age_check.multiplication scheduled__2022-09-14T00:00:00+00:00 [queued]>
[2023-05-17T09:54:22.775+0000] {taskinstance.py:1279} INFO - 
--------------------------------------------------------------------------------
[2023-05-17T09:54:22.776+0000] {taskinstance.py:1280} INFO - Starting attempt 1 of 4
[2023-05-17T09:54:22.778+0000] {taskinstance.py:1281} INFO - 
--------------------------------------------------------------------------------
[2023-05-17T09:54:22.795+0000] {taskinstance.py:1300} INFO - Executing <Task(PythonOperator): multiplication> on 2022-09-14 00:00:00+00:00
[2023-05-17T09:54:22.803+0000] {standard_task_runner.py:55} INFO - Started process 4601 to run task
[2023-05-17T09:54:22.817+0000] {standard_task_runner.py:82} INFO - Running: ['***', 'tasks', 'run', 'age_check', 'multiplication', 'scheduled__2022-09-14T00:00:00+00:00', '--job-id', '339', '--raw', '--subdir', 'DAGS_FOLDER/age.py', '--cfg-path', '/tmp/tmp0pcuxrvf']
[2023-05-17T09:54:22.820+0000] {standard_task_runner.py:83} INFO - Job 339: Subtask multiplication
[2023-05-17T09:54:22.994+0000] {task_command.py:388} INFO - Running <TaskInstance: age_check.multiplication scheduled__2022-09-14T00:00:00+00:00 [running]> on host 242f95e3e8a8
[2023-05-17T09:54:23.158+0000] {taskinstance.py:1509} INFO - Exporting the following env vars:
AIRFLOW_CTX_DAG_OWNER=***
AIRFLOW_CTX_DAG_ID=age_check
AIRFLOW_CTX_TASK_ID=multiplication
AIRFLOW_CTX_EXECUTION_DATE=2022-09-14T00:00:00+00:00
AIRFLOW_CTX_TRY_NUMBER=1
AIRFLOW_CTX_DAG_RUN_ID=scheduled__2022-09-14T00:00:00+00:00
[2023-05-17T09:54:23.162+0000] {logging_mixin.py:137} INFO - 25
[2023-05-17T09:54:23.164+0000] {python.py:177} INFO - Done. Returned value was: None
[2023-05-17T09:54:23.198+0000] {taskinstance.py:1323} INFO - Marking task as SUCCESS. dag_id=age_check, task_id=multiplication, execution_date=20220914T000000, start_date=20230517T095422, end_date=20230517T095423
[2023-05-17T09:54:23.283+0000] {local_task_job.py:208} INFO - Task exited with return code 0
[2023-05-17T09:54:23.346+0000] {taskinstance.py:2578} INFO - 1 downstream tasks scheduled from follow-on schedule check
