[2023-11-28T01:12:54.987+0000] {processor.py:153} INFO - Started process (PID=86573) to work on /home/airflow/.local/lib/python3.7/site-packages/airflow/example_dags/example_datasets.py
[2023-11-28T01:12:54.989+0000] {processor.py:743} INFO - Processing file /home/airflow/.local/lib/python3.7/site-packages/airflow/example_dags/example_datasets.py for tasks to queue
[2023-11-28T01:12:54.990+0000] {logging_mixin.py:137} INFO - [2023-11-28T01:12:54.990+0000] {dagbag.py:538} INFO - Filling up the DagBag from /home/airflow/.local/lib/python3.7/site-packages/airflow/example_dags/example_datasets.py
[2023-11-28T01:12:55.011+0000] {processor.py:753} INFO - DAG(s) dict_keys(['dataset_consumes_1_and_2', 'dataset_produces_1', 'dataset_consumes_1', 'dataset_produces_2', 'dataset_consumes_unknown_never_scheduled', 'dataset_consumes_1_never_scheduled']) retrieved from /home/airflow/.local/lib/python3.7/site-packages/airflow/example_dags/example_datasets.py
[2023-11-28T01:12:55.045+0000] {logging_mixin.py:137} INFO - [2023-11-28T01:12:55.045+0000] {dag.py:2690} INFO - Sync 6 DAGs
[2023-11-28T01:12:55.068+0000] {logging_mixin.py:137} INFO - [2023-11-28T01:12:55.068+0000] {dag.py:3441} INFO - Setting next_dagrun for dataset_consumes_1 to None, run_after=None
[2023-11-28T01:12:55.072+0000] {logging_mixin.py:137} INFO - [2023-11-28T01:12:55.072+0000] {dag.py:3441} INFO - Setting next_dagrun for dataset_consumes_1_and_2 to None, run_after=None
[2023-11-28T01:12:55.074+0000] {logging_mixin.py:137} INFO - [2023-11-28T01:12:55.074+0000] {dag.py:3441} INFO - Setting next_dagrun for dataset_consumes_1_never_scheduled to None, run_after=None
[2023-11-28T01:12:55.075+0000] {logging_mixin.py:137} INFO - [2023-11-28T01:12:55.075+0000] {dag.py:3441} INFO - Setting next_dagrun for dataset_consumes_unknown_never_scheduled to None, run_after=None
[2023-11-28T01:12:55.078+0000] {logging_mixin.py:137} INFO - [2023-11-28T01:12:55.078+0000] {dag.py:3441} INFO - Setting next_dagrun for dataset_produces_1 to 2023-11-27T00:00:00+00:00, run_after=2023-11-28T00:00:00+00:00
[2023-11-28T01:12:55.080+0000] {logging_mixin.py:137} INFO - [2023-11-28T01:12:55.080+0000] {dag.py:3441} INFO - Setting next_dagrun for dataset_produces_2 to None, run_after=None
[2023-11-28T01:12:55.106+0000] {processor.py:175} INFO - Processing /home/airflow/.local/lib/python3.7/site-packages/airflow/example_dags/example_datasets.py took 0.123 seconds
[2023-11-28T02:33:58.051+0000] {processor.py:153} INFO - Started process (PID=86642) to work on /home/airflow/.local/lib/python3.7/site-packages/airflow/example_dags/example_datasets.py
[2023-11-28T02:33:58.055+0000] {processor.py:743} INFO - Processing file /home/airflow/.local/lib/python3.7/site-packages/airflow/example_dags/example_datasets.py for tasks to queue
[2023-11-28T02:33:58.056+0000] {logging_mixin.py:137} INFO - [2023-11-28T02:33:58.056+0000] {dagbag.py:538} INFO - Filling up the DagBag from /home/airflow/.local/lib/python3.7/site-packages/airflow/example_dags/example_datasets.py
[2023-11-28T02:33:58.070+0000] {processor.py:753} INFO - DAG(s) dict_keys(['dataset_produces_2', 'dataset_consumes_unknown_never_scheduled', 'dataset_consumes_1_never_scheduled', 'dataset_produces_1', 'dataset_consumes_1_and_2', 'dataset_consumes_1']) retrieved from /home/airflow/.local/lib/python3.7/site-packages/airflow/example_dags/example_datasets.py
[2023-11-28T02:33:58.106+0000] {logging_mixin.py:137} INFO - [2023-11-28T02:33:58.106+0000] {dag.py:2690} INFO - Sync 6 DAGs
[2023-11-28T02:33:58.129+0000] {logging_mixin.py:137} INFO - [2023-11-28T02:33:58.129+0000] {dag.py:3441} INFO - Setting next_dagrun for dataset_consumes_1 to None, run_after=None
[2023-11-28T02:33:58.132+0000] {logging_mixin.py:137} INFO - [2023-11-28T02:33:58.132+0000] {dag.py:3441} INFO - Setting next_dagrun for dataset_consumes_1_and_2 to None, run_after=None
[2023-11-28T02:33:58.137+0000] {logging_mixin.py:137} INFO - [2023-11-28T02:33:58.137+0000] {dag.py:3441} INFO - Setting next_dagrun for dataset_consumes_1_never_scheduled to None, run_after=None
[2023-11-28T02:33:58.139+0000] {logging_mixin.py:137} INFO - [2023-11-28T02:33:58.139+0000] {dag.py:3441} INFO - Setting next_dagrun for dataset_consumes_unknown_never_scheduled to None, run_after=None
[2023-11-28T02:33:58.143+0000] {logging_mixin.py:137} INFO - [2023-11-28T02:33:58.143+0000] {dag.py:3441} INFO - Setting next_dagrun for dataset_produces_1 to 2023-11-27T00:00:00+00:00, run_after=2023-11-28T00:00:00+00:00
[2023-11-28T02:33:58.145+0000] {logging_mixin.py:137} INFO - [2023-11-28T02:33:58.145+0000] {dag.py:3441} INFO - Setting next_dagrun for dataset_produces_2 to None, run_after=None
[2023-11-28T02:33:58.170+0000] {processor.py:175} INFO - Processing /home/airflow/.local/lib/python3.7/site-packages/airflow/example_dags/example_datasets.py took 0.122 seconds
[2023-11-28T03:59:01.835+0000] {processor.py:153} INFO - Started process (PID=86723) to work on /home/airflow/.local/lib/python3.7/site-packages/airflow/example_dags/example_datasets.py
[2023-11-28T03:59:01.841+0000] {processor.py:743} INFO - Processing file /home/airflow/.local/lib/python3.7/site-packages/airflow/example_dags/example_datasets.py for tasks to queue
[2023-11-28T03:59:01.844+0000] {logging_mixin.py:137} INFO - [2023-11-28T03:59:01.844+0000] {dagbag.py:538} INFO - Filling up the DagBag from /home/airflow/.local/lib/python3.7/site-packages/airflow/example_dags/example_datasets.py
[2023-11-28T03:59:01.887+0000] {processor.py:753} INFO - DAG(s) dict_keys(['dataset_produces_1', 'dataset_produces_2', 'dataset_consumes_1', 'dataset_consumes_1_never_scheduled', 'dataset_consumes_1_and_2', 'dataset_consumes_unknown_never_scheduled']) retrieved from /home/airflow/.local/lib/python3.7/site-packages/airflow/example_dags/example_datasets.py
[2023-11-28T03:59:01.928+0000] {logging_mixin.py:137} INFO - [2023-11-28T03:59:01.928+0000] {dag.py:2690} INFO - Sync 6 DAGs
[2023-11-28T03:59:01.977+0000] {logging_mixin.py:137} INFO - [2023-11-28T03:59:01.977+0000] {dag.py:3441} INFO - Setting next_dagrun for dataset_consumes_1 to None, run_after=None
[2023-11-28T03:59:01.989+0000] {logging_mixin.py:137} INFO - [2023-11-28T03:59:01.989+0000] {dag.py:3441} INFO - Setting next_dagrun for dataset_consumes_1_and_2 to None, run_after=None
[2023-11-28T03:59:01.992+0000] {logging_mixin.py:137} INFO - [2023-11-28T03:59:01.992+0000] {dag.py:3441} INFO - Setting next_dagrun for dataset_consumes_1_never_scheduled to None, run_after=None
[2023-11-28T03:59:01.994+0000] {logging_mixin.py:137} INFO - [2023-11-28T03:59:01.994+0000] {dag.py:3441} INFO - Setting next_dagrun for dataset_consumes_unknown_never_scheduled to None, run_after=None
[2023-11-28T03:59:01.998+0000] {logging_mixin.py:137} INFO - [2023-11-28T03:59:01.997+0000] {dag.py:3441} INFO - Setting next_dagrun for dataset_produces_1 to 2023-11-27T00:00:00+00:00, run_after=2023-11-28T00:00:00+00:00
[2023-11-28T03:59:02.004+0000] {logging_mixin.py:137} INFO - [2023-11-28T03:59:02.004+0000] {dag.py:3441} INFO - Setting next_dagrun for dataset_produces_2 to None, run_after=None
[2023-11-28T03:59:02.167+0000] {processor.py:175} INFO - Processing /home/airflow/.local/lib/python3.7/site-packages/airflow/example_dags/example_datasets.py took 0.335 seconds
[2023-11-28T05:17:33.281+0000] {processor.py:153} INFO - Started process (PID=86792) to work on /home/airflow/.local/lib/python3.7/site-packages/airflow/example_dags/example_datasets.py
[2023-11-28T05:17:33.282+0000] {processor.py:743} INFO - Processing file /home/airflow/.local/lib/python3.7/site-packages/airflow/example_dags/example_datasets.py for tasks to queue
[2023-11-28T05:17:33.284+0000] {logging_mixin.py:137} INFO - [2023-11-28T05:17:33.284+0000] {dagbag.py:538} INFO - Filling up the DagBag from /home/airflow/.local/lib/python3.7/site-packages/airflow/example_dags/example_datasets.py
[2023-11-28T05:17:33.300+0000] {processor.py:753} INFO - DAG(s) dict_keys(['dataset_produces_1', 'dataset_produces_2', 'dataset_consumes_1', 'dataset_consumes_1_and_2', 'dataset_consumes_1_never_scheduled', 'dataset_consumes_unknown_never_scheduled']) retrieved from /home/airflow/.local/lib/python3.7/site-packages/airflow/example_dags/example_datasets.py
[2023-11-28T05:17:33.336+0000] {logging_mixin.py:137} INFO - [2023-11-28T05:17:33.336+0000] {dag.py:2690} INFO - Sync 6 DAGs
[2023-11-28T05:17:33.357+0000] {logging_mixin.py:137} INFO - [2023-11-28T05:17:33.357+0000] {dag.py:3441} INFO - Setting next_dagrun for dataset_consumes_1 to None, run_after=None
[2023-11-28T05:17:33.360+0000] {logging_mixin.py:137} INFO - [2023-11-28T05:17:33.360+0000] {dag.py:3441} INFO - Setting next_dagrun for dataset_consumes_1_and_2 to None, run_after=None
[2023-11-28T05:17:33.362+0000] {logging_mixin.py:137} INFO - [2023-11-28T05:17:33.362+0000] {dag.py:3441} INFO - Setting next_dagrun for dataset_consumes_1_never_scheduled to None, run_after=None
[2023-11-28T05:17:33.364+0000] {logging_mixin.py:137} INFO - [2023-11-28T05:17:33.364+0000] {dag.py:3441} INFO - Setting next_dagrun for dataset_consumes_unknown_never_scheduled to None, run_after=None
[2023-11-28T05:17:33.366+0000] {logging_mixin.py:137} INFO - [2023-11-28T05:17:33.366+0000] {dag.py:3441} INFO - Setting next_dagrun for dataset_produces_1 to 2023-11-27T00:00:00+00:00, run_after=2023-11-28T00:00:00+00:00
[2023-11-28T05:17:33.368+0000] {logging_mixin.py:137} INFO - [2023-11-28T05:17:33.368+0000] {dag.py:3441} INFO - Setting next_dagrun for dataset_produces_2 to None, run_after=None
[2023-11-28T05:17:33.390+0000] {processor.py:175} INFO - Processing /home/airflow/.local/lib/python3.7/site-packages/airflow/example_dags/example_datasets.py took 0.114 seconds
[2023-11-28T06:41:31.637+0000] {processor.py:153} INFO - Started process (PID=86861) to work on /home/airflow/.local/lib/python3.7/site-packages/airflow/example_dags/example_datasets.py
[2023-11-28T06:41:31.643+0000] {processor.py:743} INFO - Processing file /home/airflow/.local/lib/python3.7/site-packages/airflow/example_dags/example_datasets.py for tasks to queue
[2023-11-28T06:41:31.646+0000] {logging_mixin.py:137} INFO - [2023-11-28T06:41:31.645+0000] {dagbag.py:538} INFO - Filling up the DagBag from /home/airflow/.local/lib/python3.7/site-packages/airflow/example_dags/example_datasets.py
[2023-11-28T06:41:31.662+0000] {processor.py:753} INFO - DAG(s) dict_keys(['dataset_consumes_1_never_scheduled', 'dataset_consumes_1_and_2', 'dataset_produces_1', 'dataset_consumes_unknown_never_scheduled', 'dataset_produces_2', 'dataset_consumes_1']) retrieved from /home/airflow/.local/lib/python3.7/site-packages/airflow/example_dags/example_datasets.py
[2023-11-28T06:41:31.709+0000] {logging_mixin.py:137} INFO - [2023-11-28T06:41:31.708+0000] {dag.py:2690} INFO - Sync 6 DAGs
[2023-11-28T06:41:31.732+0000] {logging_mixin.py:137} INFO - [2023-11-28T06:41:31.732+0000] {dag.py:3441} INFO - Setting next_dagrun for dataset_consumes_1 to None, run_after=None
[2023-11-28T06:41:31.736+0000] {logging_mixin.py:137} INFO - [2023-11-28T06:41:31.736+0000] {dag.py:3441} INFO - Setting next_dagrun for dataset_consumes_1_and_2 to None, run_after=None
[2023-11-28T06:41:31.738+0000] {logging_mixin.py:137} INFO - [2023-11-28T06:41:31.738+0000] {dag.py:3441} INFO - Setting next_dagrun for dataset_consumes_1_never_scheduled to None, run_after=None
[2023-11-28T06:41:31.739+0000] {logging_mixin.py:137} INFO - [2023-11-28T06:41:31.739+0000] {dag.py:3441} INFO - Setting next_dagrun for dataset_consumes_unknown_never_scheduled to None, run_after=None
[2023-11-28T06:41:31.742+0000] {logging_mixin.py:137} INFO - [2023-11-28T06:41:31.742+0000] {dag.py:3441} INFO - Setting next_dagrun for dataset_produces_1 to 2023-11-27T00:00:00+00:00, run_after=2023-11-28T00:00:00+00:00
[2023-11-28T06:41:31.749+0000] {logging_mixin.py:137} INFO - [2023-11-28T06:41:31.749+0000] {dag.py:3441} INFO - Setting next_dagrun for dataset_produces_2 to None, run_after=None
[2023-11-28T06:41:31.774+0000] {processor.py:175} INFO - Processing /home/airflow/.local/lib/python3.7/site-packages/airflow/example_dags/example_datasets.py took 0.140 seconds
[2023-11-28T08:07:31.821+0000] {processor.py:153} INFO - Started process (PID=86943) to work on /home/airflow/.local/lib/python3.7/site-packages/airflow/example_dags/example_datasets.py
[2023-11-28T08:07:31.823+0000] {processor.py:743} INFO - Processing file /home/airflow/.local/lib/python3.7/site-packages/airflow/example_dags/example_datasets.py for tasks to queue
[2023-11-28T08:07:31.824+0000] {logging_mixin.py:137} INFO - [2023-11-28T08:07:31.824+0000] {dagbag.py:538} INFO - Filling up the DagBag from /home/airflow/.local/lib/python3.7/site-packages/airflow/example_dags/example_datasets.py
[2023-11-28T08:07:31.837+0000] {processor.py:753} INFO - DAG(s) dict_keys(['dataset_consumes_1', 'dataset_produces_1', 'dataset_consumes_1_and_2', 'dataset_produces_2', 'dataset_consumes_unknown_never_scheduled', 'dataset_consumes_1_never_scheduled']) retrieved from /home/airflow/.local/lib/python3.7/site-packages/airflow/example_dags/example_datasets.py
[2023-11-28T08:07:31.869+0000] {logging_mixin.py:137} INFO - [2023-11-28T08:07:31.869+0000] {dag.py:2690} INFO - Sync 6 DAGs
[2023-11-28T08:07:31.889+0000] {logging_mixin.py:137} INFO - [2023-11-28T08:07:31.888+0000] {dag.py:3441} INFO - Setting next_dagrun for dataset_consumes_1 to None, run_after=None
[2023-11-28T08:07:31.891+0000] {logging_mixin.py:137} INFO - [2023-11-28T08:07:31.891+0000] {dag.py:3441} INFO - Setting next_dagrun for dataset_consumes_1_and_2 to None, run_after=None
[2023-11-28T08:07:31.893+0000] {logging_mixin.py:137} INFO - [2023-11-28T08:07:31.893+0000] {dag.py:3441} INFO - Setting next_dagrun for dataset_consumes_1_never_scheduled to None, run_after=None
[2023-11-28T08:07:31.894+0000] {logging_mixin.py:137} INFO - [2023-11-28T08:07:31.894+0000] {dag.py:3441} INFO - Setting next_dagrun for dataset_consumes_unknown_never_scheduled to None, run_after=None
[2023-11-28T08:07:31.896+0000] {logging_mixin.py:137} INFO - [2023-11-28T08:07:31.896+0000] {dag.py:3441} INFO - Setting next_dagrun for dataset_produces_1 to 2023-11-27T00:00:00+00:00, run_after=2023-11-28T00:00:00+00:00
[2023-11-28T08:07:31.898+0000] {logging_mixin.py:137} INFO - [2023-11-28T08:07:31.898+0000] {dag.py:3441} INFO - Setting next_dagrun for dataset_produces_2 to None, run_after=None
[2023-11-28T08:07:31.918+0000] {processor.py:175} INFO - Processing /home/airflow/.local/lib/python3.7/site-packages/airflow/example_dags/example_datasets.py took 0.100 seconds
[2023-11-28T09:32:24.521+0000] {processor.py:153} INFO - Started process (PID=87018) to work on /home/airflow/.local/lib/python3.7/site-packages/airflow/example_dags/example_datasets.py
[2023-11-28T09:32:24.523+0000] {processor.py:743} INFO - Processing file /home/airflow/.local/lib/python3.7/site-packages/airflow/example_dags/example_datasets.py for tasks to queue
[2023-11-28T09:32:24.525+0000] {logging_mixin.py:137} INFO - [2023-11-28T09:32:24.525+0000] {dagbag.py:538} INFO - Filling up the DagBag from /home/airflow/.local/lib/python3.7/site-packages/airflow/example_dags/example_datasets.py
[2023-11-28T09:32:24.557+0000] {processor.py:753} INFO - DAG(s) dict_keys(['dataset_consumes_unknown_never_scheduled', 'dataset_produces_1', 'dataset_consumes_1_and_2', 'dataset_consumes_1', 'dataset_consumes_1_never_scheduled', 'dataset_produces_2']) retrieved from /home/airflow/.local/lib/python3.7/site-packages/airflow/example_dags/example_datasets.py
[2023-11-28T09:32:24.640+0000] {logging_mixin.py:137} INFO - [2023-11-28T09:32:24.640+0000] {dag.py:2690} INFO - Sync 6 DAGs
[2023-11-28T09:32:24.664+0000] {logging_mixin.py:137} INFO - [2023-11-28T09:32:24.664+0000] {dag.py:3441} INFO - Setting next_dagrun for dataset_consumes_1 to None, run_after=None
[2023-11-28T09:32:24.667+0000] {logging_mixin.py:137} INFO - [2023-11-28T09:32:24.667+0000] {dag.py:3441} INFO - Setting next_dagrun for dataset_consumes_1_and_2 to None, run_after=None
[2023-11-28T09:32:24.670+0000] {logging_mixin.py:137} INFO - [2023-11-28T09:32:24.670+0000] {dag.py:3441} INFO - Setting next_dagrun for dataset_consumes_1_never_scheduled to None, run_after=None
[2023-11-28T09:32:24.672+0000] {logging_mixin.py:137} INFO - [2023-11-28T09:32:24.672+0000] {dag.py:3441} INFO - Setting next_dagrun for dataset_consumes_unknown_never_scheduled to None, run_after=None
[2023-11-28T09:32:24.675+0000] {logging_mixin.py:137} INFO - [2023-11-28T09:32:24.675+0000] {dag.py:3441} INFO - Setting next_dagrun for dataset_produces_1 to 2023-11-27T00:00:00+00:00, run_after=2023-11-28T00:00:00+00:00
[2023-11-28T09:32:24.678+0000] {logging_mixin.py:137} INFO - [2023-11-28T09:32:24.678+0000] {dag.py:3441} INFO - Setting next_dagrun for dataset_produces_2 to None, run_after=None
[2023-11-28T09:32:24.705+0000] {processor.py:175} INFO - Processing /home/airflow/.local/lib/python3.7/site-packages/airflow/example_dags/example_datasets.py took 0.189 seconds
[2023-11-28T10:53:41.334+0000] {processor.py:153} INFO - Started process (PID=87092) to work on /home/airflow/.local/lib/python3.7/site-packages/airflow/example_dags/example_datasets.py
[2023-11-28T10:53:41.336+0000] {processor.py:743} INFO - Processing file /home/airflow/.local/lib/python3.7/site-packages/airflow/example_dags/example_datasets.py for tasks to queue
[2023-11-28T10:53:41.339+0000] {logging_mixin.py:137} INFO - [2023-11-28T10:53:41.339+0000] {dagbag.py:538} INFO - Filling up the DagBag from /home/airflow/.local/lib/python3.7/site-packages/airflow/example_dags/example_datasets.py
[2023-11-28T10:53:41.353+0000] {processor.py:753} INFO - DAG(s) dict_keys(['dataset_produces_2', 'dataset_consumes_1_and_2', 'dataset_consumes_1', 'dataset_consumes_unknown_never_scheduled', 'dataset_consumes_1_never_scheduled', 'dataset_produces_1']) retrieved from /home/airflow/.local/lib/python3.7/site-packages/airflow/example_dags/example_datasets.py
[2023-11-28T10:53:41.389+0000] {logging_mixin.py:137} INFO - [2023-11-28T10:53:41.389+0000] {dag.py:2690} INFO - Sync 6 DAGs
[2023-11-28T10:53:41.408+0000] {logging_mixin.py:137} INFO - [2023-11-28T10:53:41.408+0000] {dag.py:3441} INFO - Setting next_dagrun for dataset_consumes_1 to None, run_after=None
[2023-11-28T10:53:41.411+0000] {logging_mixin.py:137} INFO - [2023-11-28T10:53:41.411+0000] {dag.py:3441} INFO - Setting next_dagrun for dataset_consumes_1_and_2 to None, run_after=None
[2023-11-28T10:53:41.413+0000] {logging_mixin.py:137} INFO - [2023-11-28T10:53:41.413+0000] {dag.py:3441} INFO - Setting next_dagrun for dataset_consumes_1_never_scheduled to None, run_after=None
[2023-11-28T10:53:41.414+0000] {logging_mixin.py:137} INFO - [2023-11-28T10:53:41.414+0000] {dag.py:3441} INFO - Setting next_dagrun for dataset_consumes_unknown_never_scheduled to None, run_after=None
[2023-11-28T10:53:41.416+0000] {logging_mixin.py:137} INFO - [2023-11-28T10:53:41.416+0000] {dag.py:3441} INFO - Setting next_dagrun for dataset_produces_1 to 2023-11-27T00:00:00+00:00, run_after=2023-11-28T00:00:00+00:00
[2023-11-28T10:53:41.418+0000] {logging_mixin.py:137} INFO - [2023-11-28T10:53:41.417+0000] {dag.py:3441} INFO - Setting next_dagrun for dataset_produces_2 to None, run_after=None
[2023-11-28T10:53:41.437+0000] {processor.py:175} INFO - Processing /home/airflow/.local/lib/python3.7/site-packages/airflow/example_dags/example_datasets.py took 0.105 seconds
[2023-11-28T12:17:27.947+0000] {processor.py:153} INFO - Started process (PID=87171) to work on /home/airflow/.local/lib/python3.7/site-packages/airflow/example_dags/example_datasets.py
[2023-11-28T12:17:27.949+0000] {processor.py:743} INFO - Processing file /home/airflow/.local/lib/python3.7/site-packages/airflow/example_dags/example_datasets.py for tasks to queue
[2023-11-28T12:17:27.950+0000] {logging_mixin.py:137} INFO - [2023-11-28T12:17:27.950+0000] {dagbag.py:538} INFO - Filling up the DagBag from /home/airflow/.local/lib/python3.7/site-packages/airflow/example_dags/example_datasets.py
[2023-11-28T12:17:27.970+0000] {processor.py:753} INFO - DAG(s) dict_keys(['dataset_produces_1', 'dataset_consumes_1_and_2', 'dataset_consumes_1', 'dataset_consumes_unknown_never_scheduled', 'dataset_consumes_1_never_scheduled', 'dataset_produces_2']) retrieved from /home/airflow/.local/lib/python3.7/site-packages/airflow/example_dags/example_datasets.py
[2023-11-28T12:17:28.042+0000] {logging_mixin.py:137} INFO - [2023-11-28T12:17:28.042+0000] {dag.py:2690} INFO - Sync 6 DAGs
[2023-11-28T12:17:28.076+0000] {logging_mixin.py:137} INFO - [2023-11-28T12:17:28.076+0000] {dag.py:3441} INFO - Setting next_dagrun for dataset_consumes_1 to None, run_after=None
[2023-11-28T12:17:28.080+0000] {logging_mixin.py:137} INFO - [2023-11-28T12:17:28.080+0000] {dag.py:3441} INFO - Setting next_dagrun for dataset_consumes_1_and_2 to None, run_after=None
[2023-11-28T12:17:28.081+0000] {logging_mixin.py:137} INFO - [2023-11-28T12:17:28.081+0000] {dag.py:3441} INFO - Setting next_dagrun for dataset_consumes_1_never_scheduled to None, run_after=None
[2023-11-28T12:17:28.083+0000] {logging_mixin.py:137} INFO - [2023-11-28T12:17:28.083+0000] {dag.py:3441} INFO - Setting next_dagrun for dataset_consumes_unknown_never_scheduled to None, run_after=None
[2023-11-28T12:17:28.086+0000] {logging_mixin.py:137} INFO - [2023-11-28T12:17:28.085+0000] {dag.py:3441} INFO - Setting next_dagrun for dataset_produces_1 to 2023-11-27T00:00:00+00:00, run_after=2023-11-28T00:00:00+00:00
[2023-11-28T12:17:28.087+0000] {logging_mixin.py:137} INFO - [2023-11-28T12:17:28.087+0000] {dag.py:3441} INFO - Setting next_dagrun for dataset_produces_2 to None, run_after=None
[2023-11-28T12:17:28.128+0000] {processor.py:175} INFO - Processing /home/airflow/.local/lib/python3.7/site-packages/airflow/example_dags/example_datasets.py took 0.185 seconds
[2023-11-28T13:40:02.169+0000] {processor.py:153} INFO - Started process (PID=87243) to work on /home/airflow/.local/lib/python3.7/site-packages/airflow/example_dags/example_datasets.py
[2023-11-28T13:40:02.171+0000] {processor.py:743} INFO - Processing file /home/airflow/.local/lib/python3.7/site-packages/airflow/example_dags/example_datasets.py for tasks to queue
[2023-11-28T13:40:02.172+0000] {logging_mixin.py:137} INFO - [2023-11-28T13:40:02.172+0000] {dagbag.py:538} INFO - Filling up the DagBag from /home/airflow/.local/lib/python3.7/site-packages/airflow/example_dags/example_datasets.py
[2023-11-28T13:40:02.186+0000] {processor.py:753} INFO - DAG(s) dict_keys(['dataset_consumes_unknown_never_scheduled', 'dataset_produces_1', 'dataset_consumes_1_never_scheduled', 'dataset_consumes_1', 'dataset_produces_2', 'dataset_consumes_1_and_2']) retrieved from /home/airflow/.local/lib/python3.7/site-packages/airflow/example_dags/example_datasets.py
[2023-11-28T13:40:02.219+0000] {logging_mixin.py:137} INFO - [2023-11-28T13:40:02.219+0000] {dag.py:2690} INFO - Sync 6 DAGs
[2023-11-28T13:40:02.240+0000] {logging_mixin.py:137} INFO - [2023-11-28T13:40:02.240+0000] {dag.py:3441} INFO - Setting next_dagrun for dataset_consumes_1 to None, run_after=None
[2023-11-28T13:40:02.244+0000] {logging_mixin.py:137} INFO - [2023-11-28T13:40:02.244+0000] {dag.py:3441} INFO - Setting next_dagrun for dataset_consumes_1_and_2 to None, run_after=None
[2023-11-28T13:40:02.246+0000] {logging_mixin.py:137} INFO - [2023-11-28T13:40:02.246+0000] {dag.py:3441} INFO - Setting next_dagrun for dataset_consumes_1_never_scheduled to None, run_after=None
[2023-11-28T13:40:02.247+0000] {logging_mixin.py:137} INFO - [2023-11-28T13:40:02.247+0000] {dag.py:3441} INFO - Setting next_dagrun for dataset_consumes_unknown_never_scheduled to None, run_after=None
[2023-11-28T13:40:02.250+0000] {logging_mixin.py:137} INFO - [2023-11-28T13:40:02.249+0000] {dag.py:3441} INFO - Setting next_dagrun for dataset_produces_1 to 2023-11-27T00:00:00+00:00, run_after=2023-11-28T00:00:00+00:00
[2023-11-28T13:40:02.251+0000] {logging_mixin.py:137} INFO - [2023-11-28T13:40:02.251+0000] {dag.py:3441} INFO - Setting next_dagrun for dataset_produces_2 to None, run_after=None
[2023-11-28T13:40:02.281+0000] {processor.py:175} INFO - Processing /home/airflow/.local/lib/python3.7/site-packages/airflow/example_dags/example_datasets.py took 0.115 seconds
[2023-11-28T15:00:56.714+0000] {processor.py:153} INFO - Started process (PID=87325) to work on /home/airflow/.local/lib/python3.7/site-packages/airflow/example_dags/example_datasets.py
[2023-11-28T15:00:56.716+0000] {processor.py:743} INFO - Processing file /home/airflow/.local/lib/python3.7/site-packages/airflow/example_dags/example_datasets.py for tasks to queue
[2023-11-28T15:00:56.718+0000] {logging_mixin.py:137} INFO - [2023-11-28T15:00:56.718+0000] {dagbag.py:538} INFO - Filling up the DagBag from /home/airflow/.local/lib/python3.7/site-packages/airflow/example_dags/example_datasets.py
[2023-11-28T15:00:56.730+0000] {processor.py:753} INFO - DAG(s) dict_keys(['dataset_consumes_1_and_2', 'dataset_produces_1', 'dataset_consumes_unknown_never_scheduled', 'dataset_consumes_1_never_scheduled', 'dataset_consumes_1', 'dataset_produces_2']) retrieved from /home/airflow/.local/lib/python3.7/site-packages/airflow/example_dags/example_datasets.py
[2023-11-28T15:00:56.765+0000] {logging_mixin.py:137} INFO - [2023-11-28T15:00:56.765+0000] {dag.py:2690} INFO - Sync 6 DAGs
[2023-11-28T15:00:56.785+0000] {logging_mixin.py:137} INFO - [2023-11-28T15:00:56.784+0000] {dag.py:3441} INFO - Setting next_dagrun for dataset_consumes_1 to None, run_after=None
[2023-11-28T15:00:56.789+0000] {logging_mixin.py:137} INFO - [2023-11-28T15:00:56.789+0000] {dag.py:3441} INFO - Setting next_dagrun for dataset_consumes_1_and_2 to None, run_after=None
[2023-11-28T15:00:56.791+0000] {logging_mixin.py:137} INFO - [2023-11-28T15:00:56.790+0000] {dag.py:3441} INFO - Setting next_dagrun for dataset_consumes_1_never_scheduled to None, run_after=None
[2023-11-28T15:00:56.792+0000] {logging_mixin.py:137} INFO - [2023-11-28T15:00:56.792+0000] {dag.py:3441} INFO - Setting next_dagrun for dataset_consumes_unknown_never_scheduled to None, run_after=None
[2023-11-28T15:00:56.794+0000] {logging_mixin.py:137} INFO - [2023-11-28T15:00:56.794+0000] {dag.py:3441} INFO - Setting next_dagrun for dataset_produces_1 to 2023-11-27T00:00:00+00:00, run_after=2023-11-28T00:00:00+00:00
[2023-11-28T15:00:56.796+0000] {logging_mixin.py:137} INFO - [2023-11-28T15:00:56.796+0000] {dag.py:3441} INFO - Setting next_dagrun for dataset_produces_2 to None, run_after=None
[2023-11-28T15:00:56.817+0000] {processor.py:175} INFO - Processing /home/airflow/.local/lib/python3.7/site-packages/airflow/example_dags/example_datasets.py took 0.105 seconds
[2023-11-28T16:23:59.844+0000] {processor.py:153} INFO - Started process (PID=87394) to work on /home/airflow/.local/lib/python3.7/site-packages/airflow/example_dags/example_datasets.py
[2023-11-28T16:23:59.846+0000] {processor.py:743} INFO - Processing file /home/airflow/.local/lib/python3.7/site-packages/airflow/example_dags/example_datasets.py for tasks to queue
[2023-11-28T16:23:59.847+0000] {logging_mixin.py:137} INFO - [2023-11-28T16:23:59.847+0000] {dagbag.py:538} INFO - Filling up the DagBag from /home/airflow/.local/lib/python3.7/site-packages/airflow/example_dags/example_datasets.py
[2023-11-28T16:23:59.860+0000] {processor.py:753} INFO - DAG(s) dict_keys(['dataset_consumes_unknown_never_scheduled', 'dataset_consumes_1_and_2', 'dataset_consumes_1_never_scheduled', 'dataset_produces_1', 'dataset_consumes_1', 'dataset_produces_2']) retrieved from /home/airflow/.local/lib/python3.7/site-packages/airflow/example_dags/example_datasets.py
[2023-11-28T16:23:59.893+0000] {logging_mixin.py:137} INFO - [2023-11-28T16:23:59.893+0000] {dag.py:2690} INFO - Sync 6 DAGs
[2023-11-28T16:23:59.913+0000] {logging_mixin.py:137} INFO - [2023-11-28T16:23:59.913+0000] {dag.py:3441} INFO - Setting next_dagrun for dataset_consumes_1 to None, run_after=None
[2023-11-28T16:23:59.916+0000] {logging_mixin.py:137} INFO - [2023-11-28T16:23:59.916+0000] {dag.py:3441} INFO - Setting next_dagrun for dataset_consumes_1_and_2 to None, run_after=None
[2023-11-28T16:23:59.918+0000] {logging_mixin.py:137} INFO - [2023-11-28T16:23:59.918+0000] {dag.py:3441} INFO - Setting next_dagrun for dataset_consumes_1_never_scheduled to None, run_after=None
[2023-11-28T16:23:59.919+0000] {logging_mixin.py:137} INFO - [2023-11-28T16:23:59.919+0000] {dag.py:3441} INFO - Setting next_dagrun for dataset_consumes_unknown_never_scheduled to None, run_after=None
[2023-11-28T16:23:59.922+0000] {logging_mixin.py:137} INFO - [2023-11-28T16:23:59.922+0000] {dag.py:3441} INFO - Setting next_dagrun for dataset_produces_1 to 2023-11-27T00:00:00+00:00, run_after=2023-11-28T00:00:00+00:00
[2023-11-28T16:23:59.925+0000] {logging_mixin.py:137} INFO - [2023-11-28T16:23:59.925+0000] {dag.py:3441} INFO - Setting next_dagrun for dataset_produces_2 to None, run_after=None
[2023-11-28T16:23:59.945+0000] {processor.py:175} INFO - Processing /home/airflow/.local/lib/python3.7/site-packages/airflow/example_dags/example_datasets.py took 0.103 seconds
[2023-11-28T17:00:30.614+0000] {processor.py:153} INFO - Started process (PID=87476) to work on /home/airflow/.local/lib/python3.7/site-packages/airflow/example_dags/example_datasets.py
[2023-11-28T17:00:30.616+0000] {processor.py:743} INFO - Processing file /home/airflow/.local/lib/python3.7/site-packages/airflow/example_dags/example_datasets.py for tasks to queue
[2023-11-28T17:00:30.617+0000] {logging_mixin.py:137} INFO - [2023-11-28T17:00:30.617+0000] {dagbag.py:538} INFO - Filling up the DagBag from /home/airflow/.local/lib/python3.7/site-packages/airflow/example_dags/example_datasets.py
[2023-11-28T17:00:30.632+0000] {processor.py:753} INFO - DAG(s) dict_keys(['dataset_consumes_1', 'dataset_produces_2', 'dataset_consumes_1_and_2', 'dataset_consumes_unknown_never_scheduled', 'dataset_produces_1', 'dataset_consumes_1_never_scheduled']) retrieved from /home/airflow/.local/lib/python3.7/site-packages/airflow/example_dags/example_datasets.py
[2023-11-28T17:00:30.662+0000] {logging_mixin.py:137} INFO - [2023-11-28T17:00:30.662+0000] {dag.py:2690} INFO - Sync 6 DAGs
[2023-11-28T17:00:30.680+0000] {logging_mixin.py:137} INFO - [2023-11-28T17:00:30.680+0000] {dag.py:3441} INFO - Setting next_dagrun for dataset_consumes_1 to None, run_after=None
[2023-11-28T17:00:30.684+0000] {logging_mixin.py:137} INFO - [2023-11-28T17:00:30.683+0000] {dag.py:3441} INFO - Setting next_dagrun for dataset_consumes_1_and_2 to None, run_after=None
[2023-11-28T17:00:30.685+0000] {logging_mixin.py:137} INFO - [2023-11-28T17:00:30.685+0000] {dag.py:3441} INFO - Setting next_dagrun for dataset_consumes_1_never_scheduled to None, run_after=None
[2023-11-28T17:00:30.686+0000] {logging_mixin.py:137} INFO - [2023-11-28T17:00:30.686+0000] {dag.py:3441} INFO - Setting next_dagrun for dataset_consumes_unknown_never_scheduled to None, run_after=None
[2023-11-28T17:00:30.688+0000] {logging_mixin.py:137} INFO - [2023-11-28T17:00:30.688+0000] {dag.py:3441} INFO - Setting next_dagrun for dataset_produces_1 to 2023-11-27T00:00:00+00:00, run_after=2023-11-28T00:00:00+00:00
[2023-11-28T17:00:30.689+0000] {logging_mixin.py:137} INFO - [2023-11-28T17:00:30.689+0000] {dag.py:3441} INFO - Setting next_dagrun for dataset_produces_2 to None, run_after=None
[2023-11-28T17:00:30.709+0000] {processor.py:175} INFO - Processing /home/airflow/.local/lib/python3.7/site-packages/airflow/example_dags/example_datasets.py took 0.097 seconds
[2023-11-28T17:19:06.272+0000] {processor.py:153} INFO - Started process (PID=87544) to work on /home/airflow/.local/lib/python3.7/site-packages/airflow/example_dags/example_datasets.py
[2023-11-28T17:19:06.274+0000] {processor.py:743} INFO - Processing file /home/airflow/.local/lib/python3.7/site-packages/airflow/example_dags/example_datasets.py for tasks to queue
[2023-11-28T17:19:06.275+0000] {logging_mixin.py:137} INFO - [2023-11-28T17:19:06.275+0000] {dagbag.py:538} INFO - Filling up the DagBag from /home/airflow/.local/lib/python3.7/site-packages/airflow/example_dags/example_datasets.py
[2023-11-28T17:19:06.289+0000] {processor.py:753} INFO - DAG(s) dict_keys(['dataset_consumes_1_and_2', 'dataset_produces_2', 'dataset_consumes_1_never_scheduled', 'dataset_produces_1', 'dataset_consumes_unknown_never_scheduled', 'dataset_consumes_1']) retrieved from /home/airflow/.local/lib/python3.7/site-packages/airflow/example_dags/example_datasets.py
[2023-11-28T17:19:06.320+0000] {logging_mixin.py:137} INFO - [2023-11-28T17:19:06.320+0000] {dag.py:2690} INFO - Sync 6 DAGs
[2023-11-28T17:19:06.338+0000] {logging_mixin.py:137} INFO - [2023-11-28T17:19:06.338+0000] {dag.py:3441} INFO - Setting next_dagrun for dataset_consumes_1 to None, run_after=None
[2023-11-28T17:19:06.342+0000] {logging_mixin.py:137} INFO - [2023-11-28T17:19:06.342+0000] {dag.py:3441} INFO - Setting next_dagrun for dataset_consumes_1_and_2 to None, run_after=None
[2023-11-28T17:19:06.344+0000] {logging_mixin.py:137} INFO - [2023-11-28T17:19:06.344+0000] {dag.py:3441} INFO - Setting next_dagrun for dataset_consumes_1_never_scheduled to None, run_after=None
[2023-11-28T17:19:06.346+0000] {logging_mixin.py:137} INFO - [2023-11-28T17:19:06.346+0000] {dag.py:3441} INFO - Setting next_dagrun for dataset_consumes_unknown_never_scheduled to None, run_after=None
[2023-11-28T17:19:06.348+0000] {logging_mixin.py:137} INFO - [2023-11-28T17:19:06.348+0000] {dag.py:3441} INFO - Setting next_dagrun for dataset_produces_1 to 2023-11-27T00:00:00+00:00, run_after=2023-11-28T00:00:00+00:00
[2023-11-28T17:19:06.351+0000] {logging_mixin.py:137} INFO - [2023-11-28T17:19:06.350+0000] {dag.py:3441} INFO - Setting next_dagrun for dataset_produces_2 to None, run_after=None
[2023-11-28T17:19:06.373+0000] {processor.py:175} INFO - Processing /home/airflow/.local/lib/python3.7/site-packages/airflow/example_dags/example_datasets.py took 0.104 seconds
[2023-11-28T17:19:37.213+0000] {processor.py:153} INFO - Started process (PID=87625) to work on /home/airflow/.local/lib/python3.7/site-packages/airflow/example_dags/example_datasets.py
[2023-11-28T17:19:37.215+0000] {processor.py:743} INFO - Processing file /home/airflow/.local/lib/python3.7/site-packages/airflow/example_dags/example_datasets.py for tasks to queue
[2023-11-28T17:19:37.219+0000] {logging_mixin.py:137} INFO - [2023-11-28T17:19:37.219+0000] {dagbag.py:538} INFO - Filling up the DagBag from /home/airflow/.local/lib/python3.7/site-packages/airflow/example_dags/example_datasets.py
[2023-11-28T17:19:37.238+0000] {processor.py:753} INFO - DAG(s) dict_keys(['dataset_produces_2', 'dataset_consumes_1_and_2', 'dataset_produces_1', 'dataset_consumes_1', 'dataset_consumes_1_never_scheduled', 'dataset_consumes_unknown_never_scheduled']) retrieved from /home/airflow/.local/lib/python3.7/site-packages/airflow/example_dags/example_datasets.py
[2023-11-28T17:19:37.270+0000] {logging_mixin.py:137} INFO - [2023-11-28T17:19:37.269+0000] {dag.py:2690} INFO - Sync 6 DAGs
[2023-11-28T17:19:37.288+0000] {logging_mixin.py:137} INFO - [2023-11-28T17:19:37.288+0000] {dag.py:3441} INFO - Setting next_dagrun for dataset_consumes_1 to None, run_after=None
[2023-11-28T17:19:37.295+0000] {logging_mixin.py:137} INFO - [2023-11-28T17:19:37.295+0000] {dag.py:3441} INFO - Setting next_dagrun for dataset_consumes_1_and_2 to None, run_after=None
[2023-11-28T17:19:37.297+0000] {logging_mixin.py:137} INFO - [2023-11-28T17:19:37.297+0000] {dag.py:3441} INFO - Setting next_dagrun for dataset_consumes_1_never_scheduled to None, run_after=None
[2023-11-28T17:19:37.299+0000] {logging_mixin.py:137} INFO - [2023-11-28T17:19:37.299+0000] {dag.py:3441} INFO - Setting next_dagrun for dataset_consumes_unknown_never_scheduled to None, run_after=None
[2023-11-28T17:19:37.302+0000] {logging_mixin.py:137} INFO - [2023-11-28T17:19:37.301+0000] {dag.py:3441} INFO - Setting next_dagrun for dataset_produces_1 to 2023-11-27T00:00:00+00:00, run_after=2023-11-28T00:00:00+00:00
[2023-11-28T17:19:37.303+0000] {logging_mixin.py:137} INFO - [2023-11-28T17:19:37.303+0000] {dag.py:3441} INFO - Setting next_dagrun for dataset_produces_2 to None, run_after=None
[2023-11-28T17:19:37.326+0000] {processor.py:175} INFO - Processing /home/airflow/.local/lib/python3.7/site-packages/airflow/example_dags/example_datasets.py took 0.118 seconds
[2023-11-28T17:20:09.166+0000] {processor.py:153} INFO - Started process (PID=87706) to work on /home/airflow/.local/lib/python3.7/site-packages/airflow/example_dags/example_datasets.py
[2023-11-28T17:20:09.168+0000] {processor.py:743} INFO - Processing file /home/airflow/.local/lib/python3.7/site-packages/airflow/example_dags/example_datasets.py for tasks to queue
[2023-11-28T17:20:09.170+0000] {logging_mixin.py:137} INFO - [2023-11-28T17:20:09.170+0000] {dagbag.py:538} INFO - Filling up the DagBag from /home/airflow/.local/lib/python3.7/site-packages/airflow/example_dags/example_datasets.py
[2023-11-28T17:20:09.194+0000] {processor.py:753} INFO - DAG(s) dict_keys(['dataset_consumes_1', 'dataset_consumes_1_and_2', 'dataset_consumes_1_never_scheduled', 'dataset_consumes_unknown_never_scheduled', 'dataset_produces_1', 'dataset_produces_2']) retrieved from /home/airflow/.local/lib/python3.7/site-packages/airflow/example_dags/example_datasets.py
[2023-11-28T17:20:09.229+0000] {logging_mixin.py:137} INFO - [2023-11-28T17:20:09.229+0000] {dag.py:2690} INFO - Sync 6 DAGs
[2023-11-28T17:20:09.249+0000] {logging_mixin.py:137} INFO - [2023-11-28T17:20:09.249+0000] {dag.py:3441} INFO - Setting next_dagrun for dataset_consumes_1 to None, run_after=None
[2023-11-28T17:20:09.253+0000] {logging_mixin.py:137} INFO - [2023-11-28T17:20:09.253+0000] {dag.py:3441} INFO - Setting next_dagrun for dataset_consumes_1_and_2 to None, run_after=None
[2023-11-28T17:20:09.255+0000] {logging_mixin.py:137} INFO - [2023-11-28T17:20:09.255+0000] {dag.py:3441} INFO - Setting next_dagrun for dataset_consumes_1_never_scheduled to None, run_after=None
[2023-11-28T17:20:09.256+0000] {logging_mixin.py:137} INFO - [2023-11-28T17:20:09.256+0000] {dag.py:3441} INFO - Setting next_dagrun for dataset_consumes_unknown_never_scheduled to None, run_after=None
[2023-11-28T17:20:09.260+0000] {logging_mixin.py:137} INFO - [2023-11-28T17:20:09.260+0000] {dag.py:3441} INFO - Setting next_dagrun for dataset_produces_1 to 2023-11-27T00:00:00+00:00, run_after=2023-11-28T00:00:00+00:00
[2023-11-28T17:20:09.262+0000] {logging_mixin.py:137} INFO - [2023-11-28T17:20:09.262+0000] {dag.py:3441} INFO - Setting next_dagrun for dataset_produces_2 to None, run_after=None
[2023-11-28T17:20:09.287+0000] {processor.py:175} INFO - Processing /home/airflow/.local/lib/python3.7/site-packages/airflow/example_dags/example_datasets.py took 0.125 seconds
[2023-11-28T17:20:39.379+0000] {processor.py:153} INFO - Started process (PID=87776) to work on /home/airflow/.local/lib/python3.7/site-packages/airflow/example_dags/example_datasets.py
[2023-11-28T17:20:39.381+0000] {processor.py:743} INFO - Processing file /home/airflow/.local/lib/python3.7/site-packages/airflow/example_dags/example_datasets.py for tasks to queue
[2023-11-28T17:20:39.382+0000] {logging_mixin.py:137} INFO - [2023-11-28T17:20:39.382+0000] {dagbag.py:538} INFO - Filling up the DagBag from /home/airflow/.local/lib/python3.7/site-packages/airflow/example_dags/example_datasets.py
[2023-11-28T17:20:39.394+0000] {processor.py:753} INFO - DAG(s) dict_keys(['dataset_consumes_1', 'dataset_consumes_1_never_scheduled', 'dataset_consumes_1_and_2', 'dataset_produces_2', 'dataset_consumes_unknown_never_scheduled', 'dataset_produces_1']) retrieved from /home/airflow/.local/lib/python3.7/site-packages/airflow/example_dags/example_datasets.py
[2023-11-28T17:20:39.449+0000] {logging_mixin.py:137} INFO - [2023-11-28T17:20:39.449+0000] {dag.py:2690} INFO - Sync 6 DAGs
[2023-11-28T17:20:39.468+0000] {logging_mixin.py:137} INFO - [2023-11-28T17:20:39.468+0000] {dag.py:3441} INFO - Setting next_dagrun for dataset_consumes_1 to None, run_after=None
[2023-11-28T17:20:39.471+0000] {logging_mixin.py:137} INFO - [2023-11-28T17:20:39.471+0000] {dag.py:3441} INFO - Setting next_dagrun for dataset_consumes_1_and_2 to None, run_after=None
[2023-11-28T17:20:39.472+0000] {logging_mixin.py:137} INFO - [2023-11-28T17:20:39.472+0000] {dag.py:3441} INFO - Setting next_dagrun for dataset_consumes_1_never_scheduled to None, run_after=None
[2023-11-28T17:20:39.474+0000] {logging_mixin.py:137} INFO - [2023-11-28T17:20:39.474+0000] {dag.py:3441} INFO - Setting next_dagrun for dataset_consumes_unknown_never_scheduled to None, run_after=None
[2023-11-28T17:20:39.476+0000] {logging_mixin.py:137} INFO - [2023-11-28T17:20:39.476+0000] {dag.py:3441} INFO - Setting next_dagrun for dataset_produces_1 to 2023-11-27T00:00:00+00:00, run_after=2023-11-28T00:00:00+00:00
[2023-11-28T17:20:39.478+0000] {logging_mixin.py:137} INFO - [2023-11-28T17:20:39.478+0000] {dag.py:3441} INFO - Setting next_dagrun for dataset_produces_2 to None, run_after=None
[2023-11-28T17:20:39.505+0000] {processor.py:175} INFO - Processing /home/airflow/.local/lib/python3.7/site-packages/airflow/example_dags/example_datasets.py took 0.129 seconds
[2023-11-28T17:21:10.721+0000] {processor.py:153} INFO - Started process (PID=87856) to work on /home/airflow/.local/lib/python3.7/site-packages/airflow/example_dags/example_datasets.py
[2023-11-28T17:21:10.723+0000] {processor.py:743} INFO - Processing file /home/airflow/.local/lib/python3.7/site-packages/airflow/example_dags/example_datasets.py for tasks to queue
[2023-11-28T17:21:10.724+0000] {logging_mixin.py:137} INFO - [2023-11-28T17:21:10.724+0000] {dagbag.py:538} INFO - Filling up the DagBag from /home/airflow/.local/lib/python3.7/site-packages/airflow/example_dags/example_datasets.py
[2023-11-28T17:21:10.738+0000] {processor.py:753} INFO - DAG(s) dict_keys(['dataset_consumes_1_never_scheduled', 'dataset_produces_2', 'dataset_consumes_1_and_2', 'dataset_produces_1', 'dataset_consumes_1', 'dataset_consumes_unknown_never_scheduled']) retrieved from /home/airflow/.local/lib/python3.7/site-packages/airflow/example_dags/example_datasets.py
[2023-11-28T17:21:10.770+0000] {logging_mixin.py:137} INFO - [2023-11-28T17:21:10.770+0000] {dag.py:2690} INFO - Sync 6 DAGs
[2023-11-28T17:21:10.788+0000] {logging_mixin.py:137} INFO - [2023-11-28T17:21:10.788+0000] {dag.py:3441} INFO - Setting next_dagrun for dataset_consumes_1 to None, run_after=None
[2023-11-28T17:21:10.792+0000] {logging_mixin.py:137} INFO - [2023-11-28T17:21:10.792+0000] {dag.py:3441} INFO - Setting next_dagrun for dataset_consumes_1_and_2 to None, run_after=None
[2023-11-28T17:21:10.793+0000] {logging_mixin.py:137} INFO - [2023-11-28T17:21:10.793+0000] {dag.py:3441} INFO - Setting next_dagrun for dataset_consumes_1_never_scheduled to None, run_after=None
[2023-11-28T17:21:10.794+0000] {logging_mixin.py:137} INFO - [2023-11-28T17:21:10.794+0000] {dag.py:3441} INFO - Setting next_dagrun for dataset_consumes_unknown_never_scheduled to None, run_after=None
[2023-11-28T17:21:10.797+0000] {logging_mixin.py:137} INFO - [2023-11-28T17:21:10.796+0000] {dag.py:3441} INFO - Setting next_dagrun for dataset_produces_1 to 2023-11-27T00:00:00+00:00, run_after=2023-11-28T00:00:00+00:00
[2023-11-28T17:21:10.798+0000] {logging_mixin.py:137} INFO - [2023-11-28T17:21:10.798+0000] {dag.py:3441} INFO - Setting next_dagrun for dataset_produces_2 to None, run_after=None
[2023-11-28T17:21:10.820+0000] {processor.py:175} INFO - Processing /home/airflow/.local/lib/python3.7/site-packages/airflow/example_dags/example_datasets.py took 0.102 seconds
[2023-11-28T17:21:41.685+0000] {processor.py:153} INFO - Started process (PID=87925) to work on /home/airflow/.local/lib/python3.7/site-packages/airflow/example_dags/example_datasets.py
[2023-11-28T17:21:41.686+0000] {processor.py:743} INFO - Processing file /home/airflow/.local/lib/python3.7/site-packages/airflow/example_dags/example_datasets.py for tasks to queue
[2023-11-28T17:21:41.688+0000] {logging_mixin.py:137} INFO - [2023-11-28T17:21:41.687+0000] {dagbag.py:538} INFO - Filling up the DagBag from /home/airflow/.local/lib/python3.7/site-packages/airflow/example_dags/example_datasets.py
[2023-11-28T17:21:41.701+0000] {processor.py:753} INFO - DAG(s) dict_keys(['dataset_consumes_1_and_2', 'dataset_consumes_1_never_scheduled', 'dataset_produces_2', 'dataset_produces_1', 'dataset_consumes_1', 'dataset_consumes_unknown_never_scheduled']) retrieved from /home/airflow/.local/lib/python3.7/site-packages/airflow/example_dags/example_datasets.py
[2023-11-28T17:21:41.744+0000] {logging_mixin.py:137} INFO - [2023-11-28T17:21:41.744+0000] {dag.py:2690} INFO - Sync 6 DAGs
[2023-11-28T17:21:41.763+0000] {logging_mixin.py:137} INFO - [2023-11-28T17:21:41.763+0000] {dag.py:3441} INFO - Setting next_dagrun for dataset_consumes_1 to None, run_after=None
[2023-11-28T17:21:41.766+0000] {logging_mixin.py:137} INFO - [2023-11-28T17:21:41.766+0000] {dag.py:3441} INFO - Setting next_dagrun for dataset_consumes_1_and_2 to None, run_after=None
[2023-11-28T17:21:41.768+0000] {logging_mixin.py:137} INFO - [2023-11-28T17:21:41.768+0000] {dag.py:3441} INFO - Setting next_dagrun for dataset_consumes_1_never_scheduled to None, run_after=None
[2023-11-28T17:21:41.769+0000] {logging_mixin.py:137} INFO - [2023-11-28T17:21:41.769+0000] {dag.py:3441} INFO - Setting next_dagrun for dataset_consumes_unknown_never_scheduled to None, run_after=None
[2023-11-28T17:21:41.771+0000] {logging_mixin.py:137} INFO - [2023-11-28T17:21:41.771+0000] {dag.py:3441} INFO - Setting next_dagrun for dataset_produces_1 to 2023-11-27T00:00:00+00:00, run_after=2023-11-28T00:00:00+00:00
[2023-11-28T17:21:41.773+0000] {logging_mixin.py:137} INFO - [2023-11-28T17:21:41.773+0000] {dag.py:3441} INFO - Setting next_dagrun for dataset_produces_2 to None, run_after=None
[2023-11-28T17:21:41.793+0000] {processor.py:175} INFO - Processing /home/airflow/.local/lib/python3.7/site-packages/airflow/example_dags/example_datasets.py took 0.112 seconds
[2023-11-28T17:22:12.582+0000] {processor.py:153} INFO - Started process (PID=88006) to work on /home/airflow/.local/lib/python3.7/site-packages/airflow/example_dags/example_datasets.py
[2023-11-28T17:22:12.584+0000] {processor.py:743} INFO - Processing file /home/airflow/.local/lib/python3.7/site-packages/airflow/example_dags/example_datasets.py for tasks to queue
[2023-11-28T17:22:12.586+0000] {logging_mixin.py:137} INFO - [2023-11-28T17:22:12.586+0000] {dagbag.py:538} INFO - Filling up the DagBag from /home/airflow/.local/lib/python3.7/site-packages/airflow/example_dags/example_datasets.py
[2023-11-28T17:22:12.605+0000] {processor.py:753} INFO - DAG(s) dict_keys(['dataset_consumes_1_and_2', 'dataset_consumes_1', 'dataset_consumes_1_never_scheduled', 'dataset_produces_1', 'dataset_consumes_unknown_never_scheduled', 'dataset_produces_2']) retrieved from /home/airflow/.local/lib/python3.7/site-packages/airflow/example_dags/example_datasets.py
[2023-11-28T17:22:12.634+0000] {logging_mixin.py:137} INFO - [2023-11-28T17:22:12.634+0000] {dag.py:2690} INFO - Sync 6 DAGs
[2023-11-28T17:22:12.652+0000] {logging_mixin.py:137} INFO - [2023-11-28T17:22:12.652+0000] {dag.py:3441} INFO - Setting next_dagrun for dataset_consumes_1 to None, run_after=None
[2023-11-28T17:22:12.655+0000] {logging_mixin.py:137} INFO - [2023-11-28T17:22:12.655+0000] {dag.py:3441} INFO - Setting next_dagrun for dataset_consumes_1_and_2 to None, run_after=None
[2023-11-28T17:22:12.656+0000] {logging_mixin.py:137} INFO - [2023-11-28T17:22:12.656+0000] {dag.py:3441} INFO - Setting next_dagrun for dataset_consumes_1_never_scheduled to None, run_after=None
[2023-11-28T17:22:12.658+0000] {logging_mixin.py:137} INFO - [2023-11-28T17:22:12.658+0000] {dag.py:3441} INFO - Setting next_dagrun for dataset_consumes_unknown_never_scheduled to None, run_after=None
[2023-11-28T17:22:12.660+0000] {logging_mixin.py:137} INFO - [2023-11-28T17:22:12.660+0000] {dag.py:3441} INFO - Setting next_dagrun for dataset_produces_1 to 2023-11-27T00:00:00+00:00, run_after=2023-11-28T00:00:00+00:00
[2023-11-28T17:22:12.661+0000] {logging_mixin.py:137} INFO - [2023-11-28T17:22:12.661+0000] {dag.py:3441} INFO - Setting next_dagrun for dataset_produces_2 to None, run_after=None
[2023-11-28T17:22:12.683+0000] {processor.py:175} INFO - Processing /home/airflow/.local/lib/python3.7/site-packages/airflow/example_dags/example_datasets.py took 0.105 seconds
[2023-11-28T17:22:43.173+0000] {processor.py:153} INFO - Started process (PID=88087) to work on /home/airflow/.local/lib/python3.7/site-packages/airflow/example_dags/example_datasets.py
[2023-11-28T17:22:43.176+0000] {processor.py:743} INFO - Processing file /home/airflow/.local/lib/python3.7/site-packages/airflow/example_dags/example_datasets.py for tasks to queue
[2023-11-28T17:22:43.177+0000] {logging_mixin.py:137} INFO - [2023-11-28T17:22:43.177+0000] {dagbag.py:538} INFO - Filling up the DagBag from /home/airflow/.local/lib/python3.7/site-packages/airflow/example_dags/example_datasets.py
[2023-11-28T17:22:43.194+0000] {processor.py:753} INFO - DAG(s) dict_keys(['dataset_consumes_1_never_scheduled', 'dataset_produces_2', 'dataset_consumes_1_and_2', 'dataset_consumes_1', 'dataset_produces_1', 'dataset_consumes_unknown_never_scheduled']) retrieved from /home/airflow/.local/lib/python3.7/site-packages/airflow/example_dags/example_datasets.py
[2023-11-28T17:22:43.231+0000] {logging_mixin.py:137} INFO - [2023-11-28T17:22:43.231+0000] {dag.py:2690} INFO - Sync 6 DAGs
[2023-11-28T17:22:43.252+0000] {logging_mixin.py:137} INFO - [2023-11-28T17:22:43.252+0000] {dag.py:3441} INFO - Setting next_dagrun for dataset_consumes_1 to None, run_after=None
[2023-11-28T17:22:43.256+0000] {logging_mixin.py:137} INFO - [2023-11-28T17:22:43.256+0000] {dag.py:3441} INFO - Setting next_dagrun for dataset_consumes_1_and_2 to None, run_after=None
[2023-11-28T17:22:43.261+0000] {logging_mixin.py:137} INFO - [2023-11-28T17:22:43.261+0000] {dag.py:3441} INFO - Setting next_dagrun for dataset_consumes_1_never_scheduled to None, run_after=None
[2023-11-28T17:22:43.263+0000] {logging_mixin.py:137} INFO - [2023-11-28T17:22:43.262+0000] {dag.py:3441} INFO - Setting next_dagrun for dataset_consumes_unknown_never_scheduled to None, run_after=None
[2023-11-28T17:22:43.265+0000] {logging_mixin.py:137} INFO - [2023-11-28T17:22:43.265+0000] {dag.py:3441} INFO - Setting next_dagrun for dataset_produces_1 to 2023-11-27T00:00:00+00:00, run_after=2023-11-28T00:00:00+00:00
[2023-11-28T17:22:43.267+0000] {logging_mixin.py:137} INFO - [2023-11-28T17:22:43.267+0000] {dag.py:3441} INFO - Setting next_dagrun for dataset_produces_2 to None, run_after=None
[2023-11-28T17:22:43.296+0000] {processor.py:175} INFO - Processing /home/airflow/.local/lib/python3.7/site-packages/airflow/example_dags/example_datasets.py took 0.127 seconds
[2023-11-28T17:23:13.448+0000] {processor.py:153} INFO - Started process (PID=88155) to work on /home/airflow/.local/lib/python3.7/site-packages/airflow/example_dags/example_datasets.py
[2023-11-28T17:23:13.449+0000] {processor.py:743} INFO - Processing file /home/airflow/.local/lib/python3.7/site-packages/airflow/example_dags/example_datasets.py for tasks to queue
[2023-11-28T17:23:13.450+0000] {logging_mixin.py:137} INFO - [2023-11-28T17:23:13.450+0000] {dagbag.py:538} INFO - Filling up the DagBag from /home/airflow/.local/lib/python3.7/site-packages/airflow/example_dags/example_datasets.py
[2023-11-28T17:23:13.462+0000] {processor.py:753} INFO - DAG(s) dict_keys(['dataset_consumes_1', 'dataset_consumes_1_never_scheduled', 'dataset_consumes_unknown_never_scheduled', 'dataset_produces_2', 'dataset_produces_1', 'dataset_consumes_1_and_2']) retrieved from /home/airflow/.local/lib/python3.7/site-packages/airflow/example_dags/example_datasets.py
[2023-11-28T17:23:13.489+0000] {logging_mixin.py:137} INFO - [2023-11-28T17:23:13.489+0000] {dag.py:2690} INFO - Sync 6 DAGs
[2023-11-28T17:23:13.505+0000] {logging_mixin.py:137} INFO - [2023-11-28T17:23:13.505+0000] {dag.py:3441} INFO - Setting next_dagrun for dataset_consumes_1 to None, run_after=None
[2023-11-28T17:23:13.508+0000] {logging_mixin.py:137} INFO - [2023-11-28T17:23:13.508+0000] {dag.py:3441} INFO - Setting next_dagrun for dataset_consumes_1_and_2 to None, run_after=None
[2023-11-28T17:23:13.509+0000] {logging_mixin.py:137} INFO - [2023-11-28T17:23:13.509+0000] {dag.py:3441} INFO - Setting next_dagrun for dataset_consumes_1_never_scheduled to None, run_after=None
[2023-11-28T17:23:13.510+0000] {logging_mixin.py:137} INFO - [2023-11-28T17:23:13.510+0000] {dag.py:3441} INFO - Setting next_dagrun for dataset_consumes_unknown_never_scheduled to None, run_after=None
[2023-11-28T17:23:13.512+0000] {logging_mixin.py:137} INFO - [2023-11-28T17:23:13.512+0000] {dag.py:3441} INFO - Setting next_dagrun for dataset_produces_1 to 2023-11-27T00:00:00+00:00, run_after=2023-11-28T00:00:00+00:00
[2023-11-28T17:23:13.514+0000] {logging_mixin.py:137} INFO - [2023-11-28T17:23:13.513+0000] {dag.py:3441} INFO - Setting next_dagrun for dataset_produces_2 to None, run_after=None
[2023-11-28T17:23:13.531+0000] {processor.py:175} INFO - Processing /home/airflow/.local/lib/python3.7/site-packages/airflow/example_dags/example_datasets.py took 0.086 seconds
[2023-11-28T17:23:43.776+0000] {processor.py:153} INFO - Started process (PID=88236) to work on /home/airflow/.local/lib/python3.7/site-packages/airflow/example_dags/example_datasets.py
[2023-11-28T17:23:43.777+0000] {processor.py:743} INFO - Processing file /home/airflow/.local/lib/python3.7/site-packages/airflow/example_dags/example_datasets.py for tasks to queue
[2023-11-28T17:23:43.778+0000] {logging_mixin.py:137} INFO - [2023-11-28T17:23:43.778+0000] {dagbag.py:538} INFO - Filling up the DagBag from /home/airflow/.local/lib/python3.7/site-packages/airflow/example_dags/example_datasets.py
[2023-11-28T17:23:43.793+0000] {processor.py:753} INFO - DAG(s) dict_keys(['dataset_consumes_1_never_scheduled', 'dataset_produces_1', 'dataset_produces_2', 'dataset_consumes_1_and_2', 'dataset_consumes_unknown_never_scheduled', 'dataset_consumes_1']) retrieved from /home/airflow/.local/lib/python3.7/site-packages/airflow/example_dags/example_datasets.py
[2023-11-28T17:23:43.830+0000] {logging_mixin.py:137} INFO - [2023-11-28T17:23:43.829+0000] {dag.py:2690} INFO - Sync 6 DAGs
[2023-11-28T17:23:43.849+0000] {logging_mixin.py:137} INFO - [2023-11-28T17:23:43.849+0000] {dag.py:3441} INFO - Setting next_dagrun for dataset_consumes_1 to None, run_after=None
[2023-11-28T17:23:43.852+0000] {logging_mixin.py:137} INFO - [2023-11-28T17:23:43.852+0000] {dag.py:3441} INFO - Setting next_dagrun for dataset_consumes_1_and_2 to None, run_after=None
[2023-11-28T17:23:43.853+0000] {logging_mixin.py:137} INFO - [2023-11-28T17:23:43.853+0000] {dag.py:3441} INFO - Setting next_dagrun for dataset_consumes_1_never_scheduled to None, run_after=None
[2023-11-28T17:23:43.855+0000] {logging_mixin.py:137} INFO - [2023-11-28T17:23:43.855+0000] {dag.py:3441} INFO - Setting next_dagrun for dataset_consumes_unknown_never_scheduled to None, run_after=None
[2023-11-28T17:23:43.857+0000] {logging_mixin.py:137} INFO - [2023-11-28T17:23:43.857+0000] {dag.py:3441} INFO - Setting next_dagrun for dataset_produces_1 to 2023-11-27T00:00:00+00:00, run_after=2023-11-28T00:00:00+00:00
[2023-11-28T17:23:43.859+0000] {logging_mixin.py:137} INFO - [2023-11-28T17:23:43.859+0000] {dag.py:3441} INFO - Setting next_dagrun for dataset_produces_2 to None, run_after=None
[2023-11-28T17:23:43.880+0000] {processor.py:175} INFO - Processing /home/airflow/.local/lib/python3.7/site-packages/airflow/example_dags/example_datasets.py took 0.108 seconds
[2023-11-28T17:24:14.471+0000] {processor.py:153} INFO - Started process (PID=88313) to work on /home/airflow/.local/lib/python3.7/site-packages/airflow/example_dags/example_datasets.py
[2023-11-28T17:24:14.475+0000] {processor.py:743} INFO - Processing file /home/airflow/.local/lib/python3.7/site-packages/airflow/example_dags/example_datasets.py for tasks to queue
[2023-11-28T17:24:14.476+0000] {logging_mixin.py:137} INFO - [2023-11-28T17:24:14.476+0000] {dagbag.py:538} INFO - Filling up the DagBag from /home/airflow/.local/lib/python3.7/site-packages/airflow/example_dags/example_datasets.py
[2023-11-28T17:24:14.493+0000] {processor.py:753} INFO - DAG(s) dict_keys(['dataset_produces_1', 'dataset_consumes_unknown_never_scheduled', 'dataset_produces_2', 'dataset_consumes_1_and_2', 'dataset_consumes_1_never_scheduled', 'dataset_consumes_1']) retrieved from /home/airflow/.local/lib/python3.7/site-packages/airflow/example_dags/example_datasets.py
[2023-11-28T17:24:14.545+0000] {logging_mixin.py:137} INFO - [2023-11-28T17:24:14.545+0000] {dag.py:2690} INFO - Sync 6 DAGs
[2023-11-28T17:24:14.579+0000] {logging_mixin.py:137} INFO - [2023-11-28T17:24:14.579+0000] {dag.py:3441} INFO - Setting next_dagrun for dataset_consumes_1 to None, run_after=None
[2023-11-28T17:24:14.584+0000] {logging_mixin.py:137} INFO - [2023-11-28T17:24:14.584+0000] {dag.py:3441} INFO - Setting next_dagrun for dataset_consumes_1_and_2 to None, run_after=None
[2023-11-28T17:24:14.586+0000] {logging_mixin.py:137} INFO - [2023-11-28T17:24:14.586+0000] {dag.py:3441} INFO - Setting next_dagrun for dataset_consumes_1_never_scheduled to None, run_after=None
[2023-11-28T17:24:14.594+0000] {logging_mixin.py:137} INFO - [2023-11-28T17:24:14.594+0000] {dag.py:3441} INFO - Setting next_dagrun for dataset_consumes_unknown_never_scheduled to None, run_after=None
[2023-11-28T17:24:14.598+0000] {logging_mixin.py:137} INFO - [2023-11-28T17:24:14.598+0000] {dag.py:3441} INFO - Setting next_dagrun for dataset_produces_1 to 2023-11-27T00:00:00+00:00, run_after=2023-11-28T00:00:00+00:00
[2023-11-28T17:24:14.600+0000] {logging_mixin.py:137} INFO - [2023-11-28T17:24:14.600+0000] {dag.py:3441} INFO - Setting next_dagrun for dataset_produces_2 to None, run_after=None
[2023-11-28T17:24:14.659+0000] {processor.py:175} INFO - Processing /home/airflow/.local/lib/python3.7/site-packages/airflow/example_dags/example_datasets.py took 0.192 seconds
[2023-11-28T17:47:44.560+0000] {processor.py:153} INFO - Started process (PID=88375) to work on /home/airflow/.local/lib/python3.7/site-packages/airflow/example_dags/example_datasets.py
[2023-11-28T17:47:44.561+0000] {processor.py:743} INFO - Processing file /home/airflow/.local/lib/python3.7/site-packages/airflow/example_dags/example_datasets.py for tasks to queue
[2023-11-28T17:47:44.562+0000] {logging_mixin.py:137} INFO - [2023-11-28T17:47:44.562+0000] {dagbag.py:538} INFO - Filling up the DagBag from /home/airflow/.local/lib/python3.7/site-packages/airflow/example_dags/example_datasets.py
[2023-11-28T17:47:44.576+0000] {processor.py:753} INFO - DAG(s) dict_keys(['dataset_consumes_1_never_scheduled', 'dataset_consumes_unknown_never_scheduled', 'dataset_consumes_1_and_2', 'dataset_consumes_1', 'dataset_produces_2', 'dataset_produces_1']) retrieved from /home/airflow/.local/lib/python3.7/site-packages/airflow/example_dags/example_datasets.py
[2023-11-28T17:47:44.606+0000] {logging_mixin.py:137} INFO - [2023-11-28T17:47:44.606+0000] {dag.py:2690} INFO - Sync 6 DAGs
[2023-11-28T17:47:44.627+0000] {logging_mixin.py:137} INFO - [2023-11-28T17:47:44.627+0000] {dag.py:3441} INFO - Setting next_dagrun for dataset_consumes_1 to None, run_after=None
[2023-11-28T17:47:44.641+0000] {logging_mixin.py:137} INFO - [2023-11-28T17:47:44.641+0000] {dag.py:3441} INFO - Setting next_dagrun for dataset_consumes_1_and_2 to None, run_after=None
[2023-11-28T17:47:44.642+0000] {logging_mixin.py:137} INFO - [2023-11-28T17:47:44.642+0000] {dag.py:3441} INFO - Setting next_dagrun for dataset_consumes_1_never_scheduled to None, run_after=None
[2023-11-28T17:47:44.643+0000] {logging_mixin.py:137} INFO - [2023-11-28T17:47:44.643+0000] {dag.py:3441} INFO - Setting next_dagrun for dataset_consumes_unknown_never_scheduled to None, run_after=None
[2023-11-28T17:47:44.645+0000] {logging_mixin.py:137} INFO - [2023-11-28T17:47:44.645+0000] {dag.py:3441} INFO - Setting next_dagrun for dataset_produces_1 to 2023-11-27T00:00:00+00:00, run_after=2023-11-28T00:00:00+00:00
[2023-11-28T17:47:44.647+0000] {logging_mixin.py:137} INFO - [2023-11-28T17:47:44.647+0000] {dag.py:3441} INFO - Setting next_dagrun for dataset_produces_2 to None, run_after=None
[2023-11-28T17:47:44.668+0000] {processor.py:175} INFO - Processing /home/airflow/.local/lib/python3.7/site-packages/airflow/example_dags/example_datasets.py took 0.111 seconds
[2023-11-28T19:09:56.173+0000] {processor.py:153} INFO - Started process (PID=88456) to work on /home/airflow/.local/lib/python3.7/site-packages/airflow/example_dags/example_datasets.py
[2023-11-28T19:09:56.175+0000] {processor.py:743} INFO - Processing file /home/airflow/.local/lib/python3.7/site-packages/airflow/example_dags/example_datasets.py for tasks to queue
[2023-11-28T19:09:56.176+0000] {logging_mixin.py:137} INFO - [2023-11-28T19:09:56.176+0000] {dagbag.py:538} INFO - Filling up the DagBag from /home/airflow/.local/lib/python3.7/site-packages/airflow/example_dags/example_datasets.py
[2023-11-28T19:09:56.190+0000] {processor.py:753} INFO - DAG(s) dict_keys(['dataset_produces_1', 'dataset_produces_2', 'dataset_consumes_unknown_never_scheduled', 'dataset_consumes_1', 'dataset_consumes_1_and_2', 'dataset_consumes_1_never_scheduled']) retrieved from /home/airflow/.local/lib/python3.7/site-packages/airflow/example_dags/example_datasets.py
[2023-11-28T19:09:56.221+0000] {logging_mixin.py:137} INFO - [2023-11-28T19:09:56.221+0000] {dag.py:2690} INFO - Sync 6 DAGs
[2023-11-28T19:09:56.239+0000] {logging_mixin.py:137} INFO - [2023-11-28T19:09:56.239+0000] {dag.py:3441} INFO - Setting next_dagrun for dataset_consumes_1 to None, run_after=None
[2023-11-28T19:09:56.242+0000] {logging_mixin.py:137} INFO - [2023-11-28T19:09:56.242+0000] {dag.py:3441} INFO - Setting next_dagrun for dataset_consumes_1_and_2 to None, run_after=None
[2023-11-28T19:09:56.244+0000] {logging_mixin.py:137} INFO - [2023-11-28T19:09:56.244+0000] {dag.py:3441} INFO - Setting next_dagrun for dataset_consumes_1_never_scheduled to None, run_after=None
[2023-11-28T19:09:56.245+0000] {logging_mixin.py:137} INFO - [2023-11-28T19:09:56.245+0000] {dag.py:3441} INFO - Setting next_dagrun for dataset_consumes_unknown_never_scheduled to None, run_after=None
[2023-11-28T19:09:56.247+0000] {logging_mixin.py:137} INFO - [2023-11-28T19:09:56.247+0000] {dag.py:3441} INFO - Setting next_dagrun for dataset_produces_1 to 2023-11-27T00:00:00+00:00, run_after=2023-11-28T00:00:00+00:00
[2023-11-28T19:09:56.248+0000] {logging_mixin.py:137} INFO - [2023-11-28T19:09:56.248+0000] {dag.py:3441} INFO - Setting next_dagrun for dataset_produces_2 to None, run_after=None
[2023-11-28T19:09:56.268+0000] {processor.py:175} INFO - Processing /home/airflow/.local/lib/python3.7/site-packages/airflow/example_dags/example_datasets.py took 0.098 seconds
[2023-11-28T20:52:34.399+0000] {processor.py:153} INFO - Started process (PID=88525) to work on /home/airflow/.local/lib/python3.7/site-packages/airflow/example_dags/example_datasets.py
[2023-11-28T20:52:34.401+0000] {processor.py:743} INFO - Processing file /home/airflow/.local/lib/python3.7/site-packages/airflow/example_dags/example_datasets.py for tasks to queue
[2023-11-28T20:52:34.402+0000] {logging_mixin.py:137} INFO - [2023-11-28T20:52:34.402+0000] {dagbag.py:538} INFO - Filling up the DagBag from /home/airflow/.local/lib/python3.7/site-packages/airflow/example_dags/example_datasets.py
[2023-11-28T20:52:34.419+0000] {processor.py:753} INFO - DAG(s) dict_keys(['dataset_consumes_1', 'dataset_produces_1', 'dataset_consumes_1_never_scheduled', 'dataset_consumes_1_and_2', 'dataset_produces_2', 'dataset_consumes_unknown_never_scheduled']) retrieved from /home/airflow/.local/lib/python3.7/site-packages/airflow/example_dags/example_datasets.py
[2023-11-28T20:52:34.648+0000] {logging_mixin.py:137} INFO - [2023-11-28T20:52:34.648+0000] {dag.py:2690} INFO - Sync 6 DAGs
[2023-11-28T20:52:34.770+0000] {logging_mixin.py:137} INFO - [2023-11-28T20:52:34.770+0000] {dag.py:3441} INFO - Setting next_dagrun for dataset_consumes_1 to None, run_after=None
[2023-11-28T20:52:34.773+0000] {logging_mixin.py:137} INFO - [2023-11-28T20:52:34.773+0000] {dag.py:3441} INFO - Setting next_dagrun for dataset_consumes_1_and_2 to None, run_after=None
[2023-11-28T20:52:34.775+0000] {logging_mixin.py:137} INFO - [2023-11-28T20:52:34.775+0000] {dag.py:3441} INFO - Setting next_dagrun for dataset_consumes_1_never_scheduled to None, run_after=None
[2023-11-28T20:52:34.777+0000] {logging_mixin.py:137} INFO - [2023-11-28T20:52:34.777+0000] {dag.py:3441} INFO - Setting next_dagrun for dataset_consumes_unknown_never_scheduled to None, run_after=None
[2023-11-28T20:52:34.779+0000] {logging_mixin.py:137} INFO - [2023-11-28T20:52:34.779+0000] {dag.py:3441} INFO - Setting next_dagrun for dataset_produces_1 to 2023-11-27T00:00:00+00:00, run_after=2023-11-28T00:00:00+00:00
[2023-11-28T20:52:34.781+0000] {logging_mixin.py:137} INFO - [2023-11-28T20:52:34.781+0000] {dag.py:3441} INFO - Setting next_dagrun for dataset_produces_2 to None, run_after=None
[2023-11-28T20:52:34.803+0000] {processor.py:175} INFO - Processing /home/airflow/.local/lib/python3.7/site-packages/airflow/example_dags/example_datasets.py took 0.407 seconds
[2023-11-28T22:08:30.135+0000] {processor.py:153} INFO - Started process (PID=88605) to work on /home/airflow/.local/lib/python3.7/site-packages/airflow/example_dags/example_datasets.py
[2023-11-28T22:08:30.138+0000] {processor.py:743} INFO - Processing file /home/airflow/.local/lib/python3.7/site-packages/airflow/example_dags/example_datasets.py for tasks to queue
[2023-11-28T22:08:30.140+0000] {logging_mixin.py:137} INFO - [2023-11-28T22:08:30.140+0000] {dagbag.py:538} INFO - Filling up the DagBag from /home/airflow/.local/lib/python3.7/site-packages/airflow/example_dags/example_datasets.py
[2023-11-28T22:08:30.154+0000] {processor.py:753} INFO - DAG(s) dict_keys(['dataset_consumes_unknown_never_scheduled', 'dataset_consumes_1_never_scheduled', 'dataset_consumes_1', 'dataset_produces_1', 'dataset_consumes_1_and_2', 'dataset_produces_2']) retrieved from /home/airflow/.local/lib/python3.7/site-packages/airflow/example_dags/example_datasets.py
[2023-11-28T22:08:30.184+0000] {logging_mixin.py:137} INFO - [2023-11-28T22:08:30.184+0000] {dag.py:2690} INFO - Sync 6 DAGs
[2023-11-28T22:08:30.201+0000] {logging_mixin.py:137} INFO - [2023-11-28T22:08:30.201+0000] {dag.py:3441} INFO - Setting next_dagrun for dataset_consumes_1 to None, run_after=None
[2023-11-28T22:08:30.204+0000] {logging_mixin.py:137} INFO - [2023-11-28T22:08:30.204+0000] {dag.py:3441} INFO - Setting next_dagrun for dataset_consumes_1_and_2 to None, run_after=None
[2023-11-28T22:08:30.205+0000] {logging_mixin.py:137} INFO - [2023-11-28T22:08:30.205+0000] {dag.py:3441} INFO - Setting next_dagrun for dataset_consumes_1_never_scheduled to None, run_after=None
[2023-11-28T22:08:30.207+0000] {logging_mixin.py:137} INFO - [2023-11-28T22:08:30.207+0000] {dag.py:3441} INFO - Setting next_dagrun for dataset_consumes_unknown_never_scheduled to None, run_after=None
[2023-11-28T22:08:30.209+0000] {logging_mixin.py:137} INFO - [2023-11-28T22:08:30.209+0000] {dag.py:3441} INFO - Setting next_dagrun for dataset_produces_1 to 2023-11-27T00:00:00+00:00, run_after=2023-11-28T00:00:00+00:00
[2023-11-28T22:08:30.210+0000] {logging_mixin.py:137} INFO - [2023-11-28T22:08:30.210+0000] {dag.py:3441} INFO - Setting next_dagrun for dataset_produces_2 to None, run_after=None
[2023-11-28T22:08:30.232+0000] {processor.py:175} INFO - Processing /home/airflow/.local/lib/python3.7/site-packages/airflow/example_dags/example_datasets.py took 0.100 seconds
[2023-11-28T22:09:00.596+0000] {processor.py:153} INFO - Started process (PID=88685) to work on /home/airflow/.local/lib/python3.7/site-packages/airflow/example_dags/example_datasets.py
[2023-11-28T22:09:00.598+0000] {processor.py:743} INFO - Processing file /home/airflow/.local/lib/python3.7/site-packages/airflow/example_dags/example_datasets.py for tasks to queue
[2023-11-28T22:09:00.599+0000] {logging_mixin.py:137} INFO - [2023-11-28T22:09:00.599+0000] {dagbag.py:538} INFO - Filling up the DagBag from /home/airflow/.local/lib/python3.7/site-packages/airflow/example_dags/example_datasets.py
[2023-11-28T22:09:00.618+0000] {processor.py:753} INFO - DAG(s) dict_keys(['dataset_consumes_unknown_never_scheduled', 'dataset_consumes_1_never_scheduled', 'dataset_consumes_1_and_2', 'dataset_produces_1', 'dataset_consumes_1', 'dataset_produces_2']) retrieved from /home/airflow/.local/lib/python3.7/site-packages/airflow/example_dags/example_datasets.py
[2023-11-28T22:09:00.655+0000] {logging_mixin.py:137} INFO - [2023-11-28T22:09:00.655+0000] {dag.py:2690} INFO - Sync 6 DAGs
[2023-11-28T22:09:00.686+0000] {logging_mixin.py:137} INFO - [2023-11-28T22:09:00.686+0000] {dag.py:3441} INFO - Setting next_dagrun for dataset_consumes_1 to None, run_after=None
[2023-11-28T22:09:00.690+0000] {logging_mixin.py:137} INFO - [2023-11-28T22:09:00.690+0000] {dag.py:3441} INFO - Setting next_dagrun for dataset_consumes_1_and_2 to None, run_after=None
[2023-11-28T22:09:00.692+0000] {logging_mixin.py:137} INFO - [2023-11-28T22:09:00.692+0000] {dag.py:3441} INFO - Setting next_dagrun for dataset_consumes_1_never_scheduled to None, run_after=None
[2023-11-28T22:09:00.694+0000] {logging_mixin.py:137} INFO - [2023-11-28T22:09:00.694+0000] {dag.py:3441} INFO - Setting next_dagrun for dataset_consumes_unknown_never_scheduled to None, run_after=None
[2023-11-28T22:09:00.698+0000] {logging_mixin.py:137} INFO - [2023-11-28T22:09:00.698+0000] {dag.py:3441} INFO - Setting next_dagrun for dataset_produces_1 to 2023-11-27T00:00:00+00:00, run_after=2023-11-28T00:00:00+00:00
[2023-11-28T22:09:00.700+0000] {logging_mixin.py:137} INFO - [2023-11-28T22:09:00.700+0000] {dag.py:3441} INFO - Setting next_dagrun for dataset_produces_2 to None, run_after=None
[2023-11-28T22:09:00.729+0000] {processor.py:175} INFO - Processing /home/airflow/.local/lib/python3.7/site-packages/airflow/example_dags/example_datasets.py took 0.136 seconds
[2023-11-28T22:09:31.576+0000] {processor.py:153} INFO - Started process (PID=88754) to work on /home/airflow/.local/lib/python3.7/site-packages/airflow/example_dags/example_datasets.py
[2023-11-28T22:09:31.578+0000] {processor.py:743} INFO - Processing file /home/airflow/.local/lib/python3.7/site-packages/airflow/example_dags/example_datasets.py for tasks to queue
[2023-11-28T22:09:31.580+0000] {logging_mixin.py:137} INFO - [2023-11-28T22:09:31.580+0000] {dagbag.py:538} INFO - Filling up the DagBag from /home/airflow/.local/lib/python3.7/site-packages/airflow/example_dags/example_datasets.py
[2023-11-28T22:09:31.594+0000] {processor.py:753} INFO - DAG(s) dict_keys(['dataset_produces_1', 'dataset_consumes_1_and_2', 'dataset_consumes_1', 'dataset_consumes_1_never_scheduled', 'dataset_produces_2', 'dataset_consumes_unknown_never_scheduled']) retrieved from /home/airflow/.local/lib/python3.7/site-packages/airflow/example_dags/example_datasets.py
[2023-11-28T22:09:31.625+0000] {logging_mixin.py:137} INFO - [2023-11-28T22:09:31.625+0000] {dag.py:2690} INFO - Sync 6 DAGs
[2023-11-28T22:09:31.644+0000] {logging_mixin.py:137} INFO - [2023-11-28T22:09:31.643+0000] {dag.py:3441} INFO - Setting next_dagrun for dataset_consumes_1 to None, run_after=None
[2023-11-28T22:09:31.647+0000] {logging_mixin.py:137} INFO - [2023-11-28T22:09:31.647+0000] {dag.py:3441} INFO - Setting next_dagrun for dataset_consumes_1_and_2 to None, run_after=None
[2023-11-28T22:09:31.649+0000] {logging_mixin.py:137} INFO - [2023-11-28T22:09:31.648+0000] {dag.py:3441} INFO - Setting next_dagrun for dataset_consumes_1_never_scheduled to None, run_after=None
[2023-11-28T22:09:31.650+0000] {logging_mixin.py:137} INFO - [2023-11-28T22:09:31.650+0000] {dag.py:3441} INFO - Setting next_dagrun for dataset_consumes_unknown_never_scheduled to None, run_after=None
[2023-11-28T22:09:31.652+0000] {logging_mixin.py:137} INFO - [2023-11-28T22:09:31.652+0000] {dag.py:3441} INFO - Setting next_dagrun for dataset_produces_1 to 2023-11-27T00:00:00+00:00, run_after=2023-11-28T00:00:00+00:00
[2023-11-28T22:09:31.654+0000] {logging_mixin.py:137} INFO - [2023-11-28T22:09:31.654+0000] {dag.py:3441} INFO - Setting next_dagrun for dataset_produces_2 to None, run_after=None
[2023-11-28T22:09:31.677+0000] {processor.py:175} INFO - Processing /home/airflow/.local/lib/python3.7/site-packages/airflow/example_dags/example_datasets.py took 0.104 seconds
[2023-11-28T22:26:53.955+0000] {processor.py:153} INFO - Started process (PID=88836) to work on /home/airflow/.local/lib/python3.7/site-packages/airflow/example_dags/example_datasets.py
[2023-11-28T22:26:53.957+0000] {processor.py:743} INFO - Processing file /home/airflow/.local/lib/python3.7/site-packages/airflow/example_dags/example_datasets.py for tasks to queue
[2023-11-28T22:26:53.958+0000] {logging_mixin.py:137} INFO - [2023-11-28T22:26:53.958+0000] {dagbag.py:538} INFO - Filling up the DagBag from /home/airflow/.local/lib/python3.7/site-packages/airflow/example_dags/example_datasets.py
[2023-11-28T22:26:53.973+0000] {processor.py:753} INFO - DAG(s) dict_keys(['dataset_consumes_unknown_never_scheduled', 'dataset_produces_1', 'dataset_produces_2', 'dataset_consumes_1', 'dataset_consumes_1_never_scheduled', 'dataset_consumes_1_and_2']) retrieved from /home/airflow/.local/lib/python3.7/site-packages/airflow/example_dags/example_datasets.py
[2023-11-28T22:26:54.005+0000] {logging_mixin.py:137} INFO - [2023-11-28T22:26:54.005+0000] {dag.py:2690} INFO - Sync 6 DAGs
[2023-11-28T22:26:54.023+0000] {logging_mixin.py:137} INFO - [2023-11-28T22:26:54.023+0000] {dag.py:3441} INFO - Setting next_dagrun for dataset_consumes_1 to None, run_after=None
[2023-11-28T22:26:54.026+0000] {logging_mixin.py:137} INFO - [2023-11-28T22:26:54.026+0000] {dag.py:3441} INFO - Setting next_dagrun for dataset_consumes_1_and_2 to None, run_after=None
[2023-11-28T22:26:54.028+0000] {logging_mixin.py:137} INFO - [2023-11-28T22:26:54.028+0000] {dag.py:3441} INFO - Setting next_dagrun for dataset_consumes_1_never_scheduled to None, run_after=None
[2023-11-28T22:26:54.029+0000] {logging_mixin.py:137} INFO - [2023-11-28T22:26:54.029+0000] {dag.py:3441} INFO - Setting next_dagrun for dataset_consumes_unknown_never_scheduled to None, run_after=None
[2023-11-28T22:26:54.031+0000] {logging_mixin.py:137} INFO - [2023-11-28T22:26:54.031+0000] {dag.py:3441} INFO - Setting next_dagrun for dataset_produces_1 to 2023-11-27T00:00:00+00:00, run_after=2023-11-28T00:00:00+00:00
[2023-11-28T22:26:54.033+0000] {logging_mixin.py:137} INFO - [2023-11-28T22:26:54.033+0000] {dag.py:3441} INFO - Setting next_dagrun for dataset_produces_2 to None, run_after=None
[2023-11-28T22:26:54.053+0000] {processor.py:175} INFO - Processing /home/airflow/.local/lib/python3.7/site-packages/airflow/example_dags/example_datasets.py took 0.101 seconds
[2023-11-28T23:31:10.877+0000] {processor.py:153} INFO - Started process (PID=88905) to work on /home/airflow/.local/lib/python3.7/site-packages/airflow/example_dags/example_datasets.py
[2023-11-28T23:31:10.879+0000] {processor.py:743} INFO - Processing file /home/airflow/.local/lib/python3.7/site-packages/airflow/example_dags/example_datasets.py for tasks to queue
[2023-11-28T23:31:10.880+0000] {logging_mixin.py:137} INFO - [2023-11-28T23:31:10.880+0000] {dagbag.py:538} INFO - Filling up the DagBag from /home/airflow/.local/lib/python3.7/site-packages/airflow/example_dags/example_datasets.py
[2023-11-28T23:31:10.894+0000] {processor.py:753} INFO - DAG(s) dict_keys(['dataset_produces_1', 'dataset_consumes_1_never_scheduled', 'dataset_consumes_1_and_2', 'dataset_consumes_unknown_never_scheduled', 'dataset_consumes_1', 'dataset_produces_2']) retrieved from /home/airflow/.local/lib/python3.7/site-packages/airflow/example_dags/example_datasets.py
[2023-11-28T23:31:10.924+0000] {logging_mixin.py:137} INFO - [2023-11-28T23:31:10.924+0000] {dag.py:2690} INFO - Sync 6 DAGs
[2023-11-28T23:31:10.942+0000] {logging_mixin.py:137} INFO - [2023-11-28T23:31:10.942+0000] {dag.py:3441} INFO - Setting next_dagrun for dataset_consumes_1 to None, run_after=None
[2023-11-28T23:31:10.945+0000] {logging_mixin.py:137} INFO - [2023-11-28T23:31:10.945+0000] {dag.py:3441} INFO - Setting next_dagrun for dataset_consumes_1_and_2 to None, run_after=None
[2023-11-28T23:31:10.947+0000] {logging_mixin.py:137} INFO - [2023-11-28T23:31:10.947+0000] {dag.py:3441} INFO - Setting next_dagrun for dataset_consumes_1_never_scheduled to None, run_after=None
[2023-11-28T23:31:10.948+0000] {logging_mixin.py:137} INFO - [2023-11-28T23:31:10.948+0000] {dag.py:3441} INFO - Setting next_dagrun for dataset_consumes_unknown_never_scheduled to None, run_after=None
[2023-11-28T23:31:10.950+0000] {logging_mixin.py:137} INFO - [2023-11-28T23:31:10.950+0000] {dag.py:3441} INFO - Setting next_dagrun for dataset_produces_1 to 2023-11-27T00:00:00+00:00, run_after=2023-11-28T00:00:00+00:00
[2023-11-28T23:31:10.952+0000] {logging_mixin.py:137} INFO - [2023-11-28T23:31:10.951+0000] {dag.py:3441} INFO - Setting next_dagrun for dataset_produces_2 to None, run_after=None
[2023-11-28T23:31:10.973+0000] {processor.py:175} INFO - Processing /home/airflow/.local/lib/python3.7/site-packages/airflow/example_dags/example_datasets.py took 0.099 seconds
