[2023-06-28T19:18:22.929+0000] {taskinstance.py:1083} INFO - Dependencies all met for <TaskInstance: my_mulitiplication.multiplication scheduled__2022-08-12T00:00:00+00:00 [queued]>
[2023-06-28T19:18:22.944+0000] {taskinstance.py:1083} INFO - Dependencies all met for <TaskInstance: my_mulitiplication.multiplication scheduled__2022-08-12T00:00:00+00:00 [queued]>
[2023-06-28T19:18:22.945+0000] {taskinstance.py:1279} INFO - 
--------------------------------------------------------------------------------
[2023-06-28T19:18:22.947+0000] {taskinstance.py:1280} INFO - Starting attempt 1 of 4
[2023-06-28T19:18:22.948+0000] {taskinstance.py:1281} INFO - 
--------------------------------------------------------------------------------
[2023-06-28T19:18:22.993+0000] {taskinstance.py:1300} INFO - Executing <Task(PythonOperator): multiplication> on 2022-08-12 00:00:00+00:00
[2023-06-28T19:18:23.005+0000] {standard_task_runner.py:55} INFO - Started process 21518 to run task
[2023-06-28T19:18:23.024+0000] {standard_task_runner.py:82} INFO - Running: ['***', 'tasks', 'run', 'my_mulitiplication', 'multiplication', 'scheduled__2022-08-12T00:00:00+00:00', '--job-id', '2388', '--raw', '--subdir', 'DAGS_FOLDER/new_dag.py', '--cfg-path', '/tmp/tmpdh8cppk_']
[2023-06-28T19:18:23.029+0000] {standard_task_runner.py:83} INFO - Job 2388: Subtask multiplication
[2023-06-28T19:18:23.306+0000] {task_command.py:388} INFO - Running <TaskInstance: my_mulitiplication.multiplication scheduled__2022-08-12T00:00:00+00:00 [running]> on host 242f95e3e8a8
[2023-06-28T19:18:23.580+0000] {taskinstance.py:1509} INFO - Exporting the following env vars:
AIRFLOW_CTX_DAG_OWNER=***
AIRFLOW_CTX_DAG_ID=my_mulitiplication
AIRFLOW_CTX_TASK_ID=multiplication
AIRFLOW_CTX_EXECUTION_DATE=2022-08-12T00:00:00+00:00
AIRFLOW_CTX_TRY_NUMBER=1
AIRFLOW_CTX_DAG_RUN_ID=scheduled__2022-08-12T00:00:00+00:00
[2023-06-28T19:18:23.585+0000] {logging_mixin.py:137} INFO - 16
[2023-06-28T19:18:23.594+0000] {python.py:177} INFO - Done. Returned value was: None
[2023-06-28T19:18:23.645+0000] {taskinstance.py:1323} INFO - Marking task as SUCCESS. dag_id=my_mulitiplication, task_id=multiplication, execution_date=20220812T000000, start_date=20230628T191822, end_date=20230628T191823
[2023-06-28T19:18:23.738+0000] {local_task_job.py:208} INFO - Task exited with return code 0
[2023-06-28T19:18:23.782+0000] {taskinstance.py:2578} INFO - 0 downstream tasks scheduled from follow-on schedule check
