[2023-04-19T12:48:07.478+0000] {taskinstance.py:1083} INFO - Dependencies all met for <TaskInstance: age_check.age_check scheduled__2023-02-01T00:00:00+00:00 [queued]>
[2023-04-19T12:48:07.535+0000] {taskinstance.py:1083} INFO - Dependencies all met for <TaskInstance: age_check.age_check scheduled__2023-02-01T00:00:00+00:00 [queued]>
[2023-04-19T12:48:07.540+0000] {taskinstance.py:1279} INFO - 
--------------------------------------------------------------------------------
[2023-04-19T12:48:07.544+0000] {taskinstance.py:1280} INFO - Starting attempt 2 of 4
[2023-04-19T12:48:07.545+0000] {taskinstance.py:1281} INFO - 
--------------------------------------------------------------------------------
[2023-04-19T12:48:07.583+0000] {taskinstance.py:1300} INFO - Executing <Task(PythonOperator): age_check> on 2023-02-01 00:00:00+00:00
[2023-04-19T12:48:07.606+0000] {standard_task_runner.py:55} INFO - Started process 24385 to run task
[2023-04-19T12:48:07.627+0000] {standard_task_runner.py:82} INFO - Running: ['***', 'tasks', 'run', 'age_check', 'age_check', 'scheduled__2023-02-01T00:00:00+00:00', '--job-id', '1776', '--raw', '--subdir', 'DAGS_FOLDER/age.py', '--cfg-path', '/tmp/tmptgzfqunf']
[2023-04-19T12:48:07.641+0000] {standard_task_runner.py:83} INFO - Job 1776: Subtask age_check
[2023-04-19T12:48:08.055+0000] {task_command.py:388} INFO - Running <TaskInstance: age_check.age_check scheduled__2023-02-01T00:00:00+00:00 [running]> on host fe34f61acbb3
[2023-04-19T12:48:08.417+0000] {taskinstance.py:1509} INFO - Exporting the following env vars:
AIRFLOW_CTX_DAG_OWNER=***
AIRFLOW_CTX_DAG_ID=age_check
AIRFLOW_CTX_TASK_ID=age_check
AIRFLOW_CTX_EXECUTION_DATE=2023-02-01T00:00:00+00:00
AIRFLOW_CTX_TRY_NUMBER=2
AIRFLOW_CTX_DAG_RUN_ID=scheduled__2023-02-01T00:00:00+00:00
[2023-04-19T12:48:08.451+0000] {taskinstance.py:1768} ERROR - Task failed with exception
Traceback (most recent call last):
  File "/home/airflow/.local/lib/python3.7/site-packages/airflow/operators/python.py", line 175, in execute
    return_value = self.execute_callable()
  File "/home/airflow/.local/lib/python3.7/site-packages/airflow/operators/python.py", line 192, in execute_callable
    return self.python_callable(*self.op_args, **self.op_kwargs)
  File "/opt/airflow/dags/age.py", line 35, in age_check
    birth_year = int(Variable.get('birth_year'))
  File "/home/airflow/.local/lib/python3.7/site-packages/airflow/models/variable.py", line 141, in get
    raise KeyError(f"Variable {key} does not exist")
KeyError: 'Variable birth_year does not exist'
[2023-04-19T12:48:08.487+0000] {taskinstance.py:1323} INFO - Marking task as UP_FOR_RETRY. dag_id=age_check, task_id=age_check, execution_date=20230201T000000, start_date=20230419T124807, end_date=20230419T124808
[2023-04-19T12:48:08.516+0000] {standard_task_runner.py:105} ERROR - Failed to execute job 1776 for task age_check ('Variable birth_year does not exist'; 24385)
[2023-04-19T12:48:08.601+0000] {local_task_job.py:208} INFO - Task exited with return code 1
[2023-04-19T12:48:08.651+0000] {taskinstance.py:2578} INFO - 0 downstream tasks scheduled from follow-on schedule check
[2023-05-20T20:59:13.112+0000] {taskinstance.py:1083} INFO - Dependencies all met for <TaskInstance: age_check.age_check scheduled__2023-02-01T00:00:00+00:00 [queued]>
[2023-05-20T20:59:13.144+0000] {taskinstance.py:1083} INFO - Dependencies all met for <TaskInstance: age_check.age_check scheduled__2023-02-01T00:00:00+00:00 [queued]>
[2023-05-20T20:59:13.145+0000] {taskinstance.py:1279} INFO - 
--------------------------------------------------------------------------------
[2023-05-20T20:59:13.146+0000] {taskinstance.py:1280} INFO - Starting attempt 2 of 4
[2023-05-20T20:59:13.148+0000] {taskinstance.py:1281} INFO - 
--------------------------------------------------------------------------------
[2023-05-20T20:59:13.187+0000] {taskinstance.py:1300} INFO - Executing <Task(PythonOperator): age_check> on 2023-02-01 00:00:00+00:00
[2023-05-20T20:59:13.200+0000] {standard_task_runner.py:55} INFO - Started process 1117 to run task
[2023-05-20T20:59:13.214+0000] {standard_task_runner.py:82} INFO - Running: ['***', 'tasks', 'run', 'age_check', 'age_check', 'scheduled__2023-02-01T00:00:00+00:00', '--job-id', '1338', '--raw', '--subdir', 'DAGS_FOLDER/age.py', '--cfg-path', '/tmp/tmpxlibot89']
[2023-05-20T20:59:13.216+0000] {standard_task_runner.py:83} INFO - Job 1338: Subtask age_check
[2023-05-20T20:59:13.391+0000] {task_command.py:388} INFO - Running <TaskInstance: age_check.age_check scheduled__2023-02-01T00:00:00+00:00 [running]> on host 242f95e3e8a8
[2023-05-20T20:59:13.580+0000] {taskinstance.py:1509} INFO - Exporting the following env vars:
AIRFLOW_CTX_DAG_OWNER=***
AIRFLOW_CTX_DAG_ID=age_check
AIRFLOW_CTX_TASK_ID=age_check
AIRFLOW_CTX_EXECUTION_DATE=2023-02-01T00:00:00+00:00
AIRFLOW_CTX_TRY_NUMBER=2
AIRFLOW_CTX_DAG_RUN_ID=scheduled__2023-02-01T00:00:00+00:00
[2023-05-20T20:59:13.619+0000] {taskinstance.py:1768} ERROR - Task failed with exception
Traceback (most recent call last):
  File "/home/airflow/.local/lib/python3.7/site-packages/airflow/operators/python.py", line 175, in execute
    return_value = self.execute_callable()
  File "/home/airflow/.local/lib/python3.7/site-packages/airflow/operators/python.py", line 192, in execute_callable
    return self.python_callable(*self.op_args, **self.op_kwargs)
  File "/opt/airflow/dags/age.py", line 35, in age_check
    birth_year = int(Variable.get('birth_year'))
  File "/home/airflow/.local/lib/python3.7/site-packages/airflow/models/variable.py", line 141, in get
    raise KeyError(f"Variable {key} does not exist")
KeyError: 'Variable birth_year does not exist'
[2023-05-20T20:59:13.657+0000] {taskinstance.py:1323} INFO - Marking task as UP_FOR_RETRY. dag_id=age_check, task_id=age_check, execution_date=20230201T000000, start_date=20230520T205913, end_date=20230520T205913
[2023-05-20T20:59:13.674+0000] {standard_task_runner.py:105} ERROR - Failed to execute job 1338 for task age_check ('Variable birth_year does not exist'; 1117)
[2023-05-20T20:59:13.760+0000] {local_task_job.py:208} INFO - Task exited with return code 1
[2023-05-20T20:59:13.799+0000] {taskinstance.py:2578} INFO - 0 downstream tasks scheduled from follow-on schedule check
