[2023-05-22T01:09:55.356+0000] {processor.py:153} INFO - Started process (PID=18747) to work on /opt/airflow/dags/new.py
[2023-05-22T01:09:55.358+0000] {processor.py:743} INFO - Processing file /opt/airflow/dags/new.py for tasks to queue
[2023-05-22T01:09:55.360+0000] {logging_mixin.py:137} INFO - [2023-05-22T01:09:55.360+0000] {dagbag.py:538} INFO - Filling up the DagBag from /opt/airflow/dags/new.py
[2023-05-22T01:09:55.386+0000] {processor.py:753} INFO - DAG(s) dict_keys(['my_new_dag']) retrieved from /opt/airflow/dags/new.py
[2023-05-22T01:09:55.449+0000] {logging_mixin.py:137} INFO - [2023-05-22T01:09:55.449+0000] {dag.py:2690} INFO - Sync 1 DAGs
[2023-05-22T01:09:55.478+0000] {logging_mixin.py:137} INFO - [2023-05-22T01:09:55.478+0000] {dag.py:3441} INFO - Setting next_dagrun for my_new_dag to 2023-03-24T00:00:00+00:00, run_after=2023-03-25T00:00:00+00:00
[2023-05-22T01:09:55.496+0000] {processor.py:175} INFO - Processing /opt/airflow/dags/new.py took 0.143 seconds
[2023-05-22T02:33:47.980+0000] {processor.py:153} INFO - Started process (PID=18830) to work on /opt/airflow/dags/new.py
[2023-05-22T02:33:47.981+0000] {processor.py:743} INFO - Processing file /opt/airflow/dags/new.py for tasks to queue
[2023-05-22T02:33:47.983+0000] {logging_mixin.py:137} INFO - [2023-05-22T02:33:47.983+0000] {dagbag.py:538} INFO - Filling up the DagBag from /opt/airflow/dags/new.py
[2023-05-22T02:33:48.000+0000] {processor.py:753} INFO - DAG(s) dict_keys(['my_new_dag']) retrieved from /opt/airflow/dags/new.py
[2023-05-22T02:33:48.051+0000] {logging_mixin.py:137} INFO - [2023-05-22T02:33:48.051+0000] {dag.py:2690} INFO - Sync 1 DAGs
[2023-05-22T02:33:48.071+0000] {logging_mixin.py:137} INFO - [2023-05-22T02:33:48.071+0000] {dag.py:3441} INFO - Setting next_dagrun for my_new_dag to 2023-03-24T00:00:00+00:00, run_after=2023-03-25T00:00:00+00:00
[2023-05-22T02:33:48.088+0000] {processor.py:175} INFO - Processing /opt/airflow/dags/new.py took 0.111 seconds
[2023-05-22T03:58:38.803+0000] {processor.py:153} INFO - Started process (PID=18913) to work on /opt/airflow/dags/new.py
[2023-05-22T03:58:38.806+0000] {processor.py:743} INFO - Processing file /opt/airflow/dags/new.py for tasks to queue
[2023-05-22T03:58:38.808+0000] {logging_mixin.py:137} INFO - [2023-05-22T03:58:38.808+0000] {dagbag.py:538} INFO - Filling up the DagBag from /opt/airflow/dags/new.py
[2023-05-22T03:58:38.839+0000] {processor.py:753} INFO - DAG(s) dict_keys(['my_new_dag']) retrieved from /opt/airflow/dags/new.py
[2023-05-22T03:58:38.908+0000] {logging_mixin.py:137} INFO - [2023-05-22T03:58:38.908+0000] {dag.py:2690} INFO - Sync 1 DAGs
[2023-05-22T03:58:38.931+0000] {logging_mixin.py:137} INFO - [2023-05-22T03:58:38.931+0000] {dag.py:3441} INFO - Setting next_dagrun for my_new_dag to 2023-03-24T00:00:00+00:00, run_after=2023-03-25T00:00:00+00:00
[2023-05-22T03:58:38.947+0000] {processor.py:175} INFO - Processing /opt/airflow/dags/new.py took 0.148 seconds
[2023-05-22T05:22:37.677+0000] {processor.py:153} INFO - Started process (PID=18984) to work on /opt/airflow/dags/new.py
[2023-05-22T05:22:37.678+0000] {processor.py:743} INFO - Processing file /opt/airflow/dags/new.py for tasks to queue
[2023-05-22T05:22:37.679+0000] {logging_mixin.py:137} INFO - [2023-05-22T05:22:37.679+0000] {dagbag.py:538} INFO - Filling up the DagBag from /opt/airflow/dags/new.py
[2023-05-22T05:22:37.696+0000] {processor.py:753} INFO - DAG(s) dict_keys(['my_new_dag']) retrieved from /opt/airflow/dags/new.py
[2023-05-22T05:22:37.738+0000] {logging_mixin.py:137} INFO - [2023-05-22T05:22:37.738+0000] {dag.py:2690} INFO - Sync 1 DAGs
[2023-05-22T05:22:37.752+0000] {logging_mixin.py:137} INFO - [2023-05-22T05:22:37.752+0000] {dag.py:3441} INFO - Setting next_dagrun for my_new_dag to 2023-03-24T00:00:00+00:00, run_after=2023-03-25T00:00:00+00:00
[2023-05-22T05:22:37.763+0000] {processor.py:175} INFO - Processing /opt/airflow/dags/new.py took 0.090 seconds
[2023-05-22T06:47:29.853+0000] {processor.py:153} INFO - Started process (PID=19067) to work on /opt/airflow/dags/new.py
[2023-05-22T06:47:29.859+0000] {processor.py:743} INFO - Processing file /opt/airflow/dags/new.py for tasks to queue
[2023-05-22T06:47:29.863+0000] {logging_mixin.py:137} INFO - [2023-05-22T06:47:29.863+0000] {dagbag.py:538} INFO - Filling up the DagBag from /opt/airflow/dags/new.py
[2023-05-22T06:47:29.898+0000] {processor.py:753} INFO - DAG(s) dict_keys(['my_new_dag']) retrieved from /opt/airflow/dags/new.py
[2023-05-22T06:47:29.967+0000] {logging_mixin.py:137} INFO - [2023-05-22T06:47:29.966+0000] {dag.py:2690} INFO - Sync 1 DAGs
[2023-05-22T06:47:30.003+0000] {logging_mixin.py:137} INFO - [2023-05-22T06:47:30.003+0000] {dag.py:3441} INFO - Setting next_dagrun for my_new_dag to 2023-03-24T00:00:00+00:00, run_after=2023-03-25T00:00:00+00:00
[2023-05-22T06:47:30.026+0000] {processor.py:175} INFO - Processing /opt/airflow/dags/new.py took 0.182 seconds
[2023-05-22T08:09:06.897+0000] {processor.py:153} INFO - Started process (PID=19138) to work on /opt/airflow/dags/new.py
[2023-05-22T08:09:06.903+0000] {processor.py:743} INFO - Processing file /opt/airflow/dags/new.py for tasks to queue
[2023-05-22T08:09:06.910+0000] {logging_mixin.py:137} INFO - [2023-05-22T08:09:06.910+0000] {dagbag.py:538} INFO - Filling up the DagBag from /opt/airflow/dags/new.py
[2023-05-22T08:09:06.959+0000] {processor.py:753} INFO - DAG(s) dict_keys(['my_new_dag']) retrieved from /opt/airflow/dags/new.py
[2023-05-22T08:09:07.086+0000] {logging_mixin.py:137} INFO - [2023-05-22T08:09:07.086+0000] {dag.py:2690} INFO - Sync 1 DAGs
[2023-05-22T08:09:07.127+0000] {logging_mixin.py:137} INFO - [2023-05-22T08:09:07.127+0000] {dag.py:3441} INFO - Setting next_dagrun for my_new_dag to 2023-03-24T00:00:00+00:00, run_after=2023-03-25T00:00:00+00:00
[2023-05-22T08:09:07.174+0000] {processor.py:175} INFO - Processing /opt/airflow/dags/new.py took 0.283 seconds
[2023-05-22T09:31:31.738+0000] {processor.py:153} INFO - Started process (PID=19221) to work on /opt/airflow/dags/new.py
[2023-05-22T09:31:31.740+0000] {processor.py:743} INFO - Processing file /opt/airflow/dags/new.py for tasks to queue
[2023-05-22T09:31:31.741+0000] {logging_mixin.py:137} INFO - [2023-05-22T09:31:31.741+0000] {dagbag.py:538} INFO - Filling up the DagBag from /opt/airflow/dags/new.py
[2023-05-22T09:31:31.765+0000] {processor.py:753} INFO - DAG(s) dict_keys(['my_new_dag']) retrieved from /opt/airflow/dags/new.py
[2023-05-22T09:31:31.878+0000] {logging_mixin.py:137} INFO - [2023-05-22T09:31:31.877+0000] {dag.py:2690} INFO - Sync 1 DAGs
[2023-05-22T09:31:31.904+0000] {logging_mixin.py:137} INFO - [2023-05-22T09:31:31.904+0000] {dag.py:3441} INFO - Setting next_dagrun for my_new_dag to 2023-03-24T00:00:00+00:00, run_after=2023-03-25T00:00:00+00:00
[2023-05-22T09:31:31.928+0000] {processor.py:175} INFO - Processing /opt/airflow/dags/new.py took 0.193 seconds
[2023-05-22T10:54:37.935+0000] {processor.py:153} INFO - Started process (PID=19304) to work on /opt/airflow/dags/new.py
[2023-05-22T10:54:37.937+0000] {processor.py:743} INFO - Processing file /opt/airflow/dags/new.py for tasks to queue
[2023-05-22T10:54:37.938+0000] {logging_mixin.py:137} INFO - [2023-05-22T10:54:37.938+0000] {dagbag.py:538} INFO - Filling up the DagBag from /opt/airflow/dags/new.py
[2023-05-22T10:54:37.957+0000] {processor.py:753} INFO - DAG(s) dict_keys(['my_new_dag']) retrieved from /opt/airflow/dags/new.py
[2023-05-22T10:54:38.003+0000] {logging_mixin.py:137} INFO - [2023-05-22T10:54:38.003+0000] {dag.py:2690} INFO - Sync 1 DAGs
[2023-05-22T10:54:38.018+0000] {logging_mixin.py:137} INFO - [2023-05-22T10:54:38.018+0000] {dag.py:3441} INFO - Setting next_dagrun for my_new_dag to 2023-03-24T00:00:00+00:00, run_after=2023-03-25T00:00:00+00:00
[2023-05-22T10:54:38.030+0000] {processor.py:175} INFO - Processing /opt/airflow/dags/new.py took 0.099 seconds
[2023-05-22T12:16:13.700+0000] {processor.py:153} INFO - Started process (PID=19375) to work on /opt/airflow/dags/new.py
[2023-05-22T12:16:13.702+0000] {processor.py:743} INFO - Processing file /opt/airflow/dags/new.py for tasks to queue
[2023-05-22T12:16:13.703+0000] {logging_mixin.py:137} INFO - [2023-05-22T12:16:13.703+0000] {dagbag.py:538} INFO - Filling up the DagBag from /opt/airflow/dags/new.py
[2023-05-22T12:16:13.728+0000] {processor.py:753} INFO - DAG(s) dict_keys(['my_new_dag']) retrieved from /opt/airflow/dags/new.py
[2023-05-22T12:16:13.796+0000] {logging_mixin.py:137} INFO - [2023-05-22T12:16:13.796+0000] {dag.py:2690} INFO - Sync 1 DAGs
[2023-05-22T12:16:13.819+0000] {logging_mixin.py:137} INFO - [2023-05-22T12:16:13.819+0000] {dag.py:3441} INFO - Setting next_dagrun for my_new_dag to 2023-03-24T00:00:00+00:00, run_after=2023-03-25T00:00:00+00:00
[2023-05-22T12:16:13.839+0000] {processor.py:175} INFO - Processing /opt/airflow/dags/new.py took 0.142 seconds
[2023-05-22T13:37:26.832+0000] {processor.py:153} INFO - Started process (PID=19456) to work on /opt/airflow/dags/new.py
[2023-05-22T13:37:26.837+0000] {processor.py:743} INFO - Processing file /opt/airflow/dags/new.py for tasks to queue
[2023-05-22T13:37:26.838+0000] {logging_mixin.py:137} INFO - [2023-05-22T13:37:26.838+0000] {dagbag.py:538} INFO - Filling up the DagBag from /opt/airflow/dags/new.py
[2023-05-22T13:37:26.868+0000] {processor.py:753} INFO - DAG(s) dict_keys(['my_new_dag']) retrieved from /opt/airflow/dags/new.py
[2023-05-22T13:37:26.934+0000] {logging_mixin.py:137} INFO - [2023-05-22T13:37:26.934+0000] {dag.py:2690} INFO - Sync 1 DAGs
[2023-05-22T13:37:26.959+0000] {logging_mixin.py:137} INFO - [2023-05-22T13:37:26.959+0000] {dag.py:3441} INFO - Setting next_dagrun for my_new_dag to 2023-03-24T00:00:00+00:00, run_after=2023-03-25T00:00:00+00:00
[2023-05-22T13:37:26.980+0000] {processor.py:175} INFO - Processing /opt/airflow/dags/new.py took 0.153 seconds
[2023-05-22T15:01:41.409+0000] {processor.py:153} INFO - Started process (PID=19527) to work on /opt/airflow/dags/new.py
[2023-05-22T15:01:41.411+0000] {processor.py:743} INFO - Processing file /opt/airflow/dags/new.py for tasks to queue
[2023-05-22T15:01:41.413+0000] {logging_mixin.py:137} INFO - [2023-05-22T15:01:41.413+0000] {dagbag.py:538} INFO - Filling up the DagBag from /opt/airflow/dags/new.py
[2023-05-22T15:01:41.448+0000] {processor.py:753} INFO - DAG(s) dict_keys(['my_new_dag']) retrieved from /opt/airflow/dags/new.py
[2023-05-22T15:01:41.520+0000] {logging_mixin.py:137} INFO - [2023-05-22T15:01:41.520+0000] {dag.py:2690} INFO - Sync 1 DAGs
[2023-05-22T15:01:41.543+0000] {logging_mixin.py:137} INFO - [2023-05-22T15:01:41.543+0000] {dag.py:3441} INFO - Setting next_dagrun for my_new_dag to 2023-03-24T00:00:00+00:00, run_after=2023-03-25T00:00:00+00:00
[2023-05-22T15:01:41.568+0000] {processor.py:175} INFO - Processing /opt/airflow/dags/new.py took 0.163 seconds
[2023-05-22T16:24:28.937+0000] {processor.py:153} INFO - Started process (PID=19610) to work on /opt/airflow/dags/new.py
[2023-05-22T16:24:28.940+0000] {processor.py:743} INFO - Processing file /opt/airflow/dags/new.py for tasks to queue
[2023-05-22T16:24:28.941+0000] {logging_mixin.py:137} INFO - [2023-05-22T16:24:28.941+0000] {dagbag.py:538} INFO - Filling up the DagBag from /opt/airflow/dags/new.py
[2023-05-22T16:24:28.974+0000] {processor.py:753} INFO - DAG(s) dict_keys(['my_new_dag']) retrieved from /opt/airflow/dags/new.py
[2023-05-22T16:24:29.098+0000] {logging_mixin.py:137} INFO - [2023-05-22T16:24:29.098+0000] {dag.py:2690} INFO - Sync 1 DAGs
[2023-05-22T16:24:29.123+0000] {logging_mixin.py:137} INFO - [2023-05-22T16:24:29.123+0000] {dag.py:3441} INFO - Setting next_dagrun for my_new_dag to 2023-03-24T00:00:00+00:00, run_after=2023-03-25T00:00:00+00:00
[2023-05-22T16:24:29.153+0000] {processor.py:175} INFO - Processing /opt/airflow/dags/new.py took 0.220 seconds
[2023-05-22T17:46:32.652+0000] {processor.py:153} INFO - Started process (PID=19693) to work on /opt/airflow/dags/new.py
[2023-05-22T17:46:32.654+0000] {processor.py:743} INFO - Processing file /opt/airflow/dags/new.py for tasks to queue
[2023-05-22T17:46:32.655+0000] {logging_mixin.py:137} INFO - [2023-05-22T17:46:32.655+0000] {dagbag.py:538} INFO - Filling up the DagBag from /opt/airflow/dags/new.py
[2023-05-22T17:46:32.670+0000] {processor.py:753} INFO - DAG(s) dict_keys(['my_new_dag']) retrieved from /opt/airflow/dags/new.py
[2023-05-22T17:46:32.720+0000] {logging_mixin.py:137} INFO - [2023-05-22T17:46:32.720+0000] {dag.py:2690} INFO - Sync 1 DAGs
[2023-05-22T17:46:32.736+0000] {logging_mixin.py:137} INFO - [2023-05-22T17:46:32.736+0000] {dag.py:3441} INFO - Setting next_dagrun for my_new_dag to 2023-03-24T00:00:00+00:00, run_after=2023-03-25T00:00:00+00:00
[2023-05-22T17:46:32.748+0000] {processor.py:175} INFO - Processing /opt/airflow/dags/new.py took 0.098 seconds
[2023-05-22T19:10:49.210+0000] {processor.py:153} INFO - Started process (PID=19764) to work on /opt/airflow/dags/new.py
[2023-05-22T19:10:49.218+0000] {processor.py:743} INFO - Processing file /opt/airflow/dags/new.py for tasks to queue
[2023-05-22T19:10:49.223+0000] {logging_mixin.py:137} INFO - [2023-05-22T19:10:49.223+0000] {dagbag.py:538} INFO - Filling up the DagBag from /opt/airflow/dags/new.py
[2023-05-22T19:10:49.288+0000] {processor.py:753} INFO - DAG(s) dict_keys(['my_new_dag']) retrieved from /opt/airflow/dags/new.py
[2023-05-22T19:10:49.428+0000] {logging_mixin.py:137} INFO - [2023-05-22T19:10:49.428+0000] {dag.py:2690} INFO - Sync 1 DAGs
[2023-05-22T19:10:49.453+0000] {logging_mixin.py:137} INFO - [2023-05-22T19:10:49.453+0000] {dag.py:3441} INFO - Setting next_dagrun for my_new_dag to 2023-03-24T00:00:00+00:00, run_after=2023-03-25T00:00:00+00:00
[2023-05-22T19:10:49.486+0000] {processor.py:175} INFO - Processing /opt/airflow/dags/new.py took 0.288 seconds
[2023-05-22T20:34:33.146+0000] {processor.py:153} INFO - Started process (PID=19847) to work on /opt/airflow/dags/new.py
[2023-05-22T20:34:33.154+0000] {processor.py:743} INFO - Processing file /opt/airflow/dags/new.py for tasks to queue
[2023-05-22T20:34:33.162+0000] {logging_mixin.py:137} INFO - [2023-05-22T20:34:33.162+0000] {dagbag.py:538} INFO - Filling up the DagBag from /opt/airflow/dags/new.py
[2023-05-22T20:34:33.211+0000] {processor.py:753} INFO - DAG(s) dict_keys(['my_new_dag']) retrieved from /opt/airflow/dags/new.py
[2023-05-22T20:34:33.301+0000] {logging_mixin.py:137} INFO - [2023-05-22T20:34:33.301+0000] {dag.py:2690} INFO - Sync 1 DAGs
[2023-05-22T20:34:33.338+0000] {logging_mixin.py:137} INFO - [2023-05-22T20:34:33.338+0000] {dag.py:3441} INFO - Setting next_dagrun for my_new_dag to 2023-03-24T00:00:00+00:00, run_after=2023-03-25T00:00:00+00:00
[2023-05-22T20:34:33.378+0000] {processor.py:175} INFO - Processing /opt/airflow/dags/new.py took 0.236 seconds
[2023-05-22T20:40:03.674+0000] {processor.py:153} INFO - Started process (PID=19925) to work on /opt/airflow/dags/new.py
[2023-05-22T20:40:03.675+0000] {processor.py:743} INFO - Processing file /opt/airflow/dags/new.py for tasks to queue
[2023-05-22T20:40:03.676+0000] {logging_mixin.py:137} INFO - [2023-05-22T20:40:03.676+0000] {dagbag.py:538} INFO - Filling up the DagBag from /opt/airflow/dags/new.py
[2023-05-22T20:40:03.700+0000] {processor.py:753} INFO - DAG(s) dict_keys(['my_new_dag']) retrieved from /opt/airflow/dags/new.py
[2023-05-22T20:40:03.789+0000] {logging_mixin.py:137} INFO - [2023-05-22T20:40:03.789+0000] {dag.py:2690} INFO - Sync 1 DAGs
[2023-05-22T20:40:03.834+0000] {logging_mixin.py:137} INFO - [2023-05-22T20:40:03.834+0000] {dag.py:3441} INFO - Setting next_dagrun for my_new_dag to 2023-03-24T00:00:00+00:00, run_after=2023-03-25T00:00:00+00:00
[2023-05-22T20:40:03.854+0000] {processor.py:175} INFO - Processing /opt/airflow/dags/new.py took 0.183 seconds
[2023-05-22T20:40:34.425+0000] {processor.py:153} INFO - Started process (PID=20001) to work on /opt/airflow/dags/new.py
[2023-05-22T20:40:34.426+0000] {processor.py:743} INFO - Processing file /opt/airflow/dags/new.py for tasks to queue
[2023-05-22T20:40:34.427+0000] {logging_mixin.py:137} INFO - [2023-05-22T20:40:34.427+0000] {dagbag.py:538} INFO - Filling up the DagBag from /opt/airflow/dags/new.py
[2023-05-22T20:40:34.441+0000] {processor.py:753} INFO - DAG(s) dict_keys(['my_new_dag']) retrieved from /opt/airflow/dags/new.py
[2023-05-22T20:40:34.484+0000] {logging_mixin.py:137} INFO - [2023-05-22T20:40:34.484+0000] {dag.py:2690} INFO - Sync 1 DAGs
[2023-05-22T20:40:34.503+0000] {logging_mixin.py:137} INFO - [2023-05-22T20:40:34.503+0000] {dag.py:3441} INFO - Setting next_dagrun for my_new_dag to 2023-03-24T00:00:00+00:00, run_after=2023-03-25T00:00:00+00:00
[2023-05-22T20:40:34.523+0000] {processor.py:175} INFO - Processing /opt/airflow/dags/new.py took 0.101 seconds
[2023-05-22T20:41:05.407+0000] {processor.py:153} INFO - Started process (PID=20084) to work on /opt/airflow/dags/new.py
[2023-05-22T20:41:05.409+0000] {processor.py:743} INFO - Processing file /opt/airflow/dags/new.py for tasks to queue
[2023-05-22T20:41:05.410+0000] {logging_mixin.py:137} INFO - [2023-05-22T20:41:05.410+0000] {dagbag.py:538} INFO - Filling up the DagBag from /opt/airflow/dags/new.py
[2023-05-22T20:41:05.424+0000] {processor.py:753} INFO - DAG(s) dict_keys(['my_new_dag']) retrieved from /opt/airflow/dags/new.py
[2023-05-22T20:41:05.464+0000] {logging_mixin.py:137} INFO - [2023-05-22T20:41:05.464+0000] {dag.py:2690} INFO - Sync 1 DAGs
[2023-05-22T20:41:05.478+0000] {logging_mixin.py:137} INFO - [2023-05-22T20:41:05.478+0000] {dag.py:3441} INFO - Setting next_dagrun for my_new_dag to 2023-03-24T00:00:00+00:00, run_after=2023-03-25T00:00:00+00:00
[2023-05-22T20:41:05.490+0000] {processor.py:175} INFO - Processing /opt/airflow/dags/new.py took 0.085 seconds
[2023-05-22T20:41:36.480+0000] {processor.py:153} INFO - Started process (PID=20167) to work on /opt/airflow/dags/new.py
[2023-05-22T20:41:36.482+0000] {processor.py:743} INFO - Processing file /opt/airflow/dags/new.py for tasks to queue
[2023-05-22T20:41:36.483+0000] {logging_mixin.py:137} INFO - [2023-05-22T20:41:36.483+0000] {dagbag.py:538} INFO - Filling up the DagBag from /opt/airflow/dags/new.py
[2023-05-22T20:41:36.496+0000] {processor.py:753} INFO - DAG(s) dict_keys(['my_new_dag']) retrieved from /opt/airflow/dags/new.py
[2023-05-22T20:41:36.538+0000] {logging_mixin.py:137} INFO - [2023-05-22T20:41:36.538+0000] {dag.py:2690} INFO - Sync 1 DAGs
[2023-05-22T20:41:36.552+0000] {logging_mixin.py:137} INFO - [2023-05-22T20:41:36.552+0000] {dag.py:3441} INFO - Setting next_dagrun for my_new_dag to 2023-03-24T00:00:00+00:00, run_after=2023-03-25T00:00:00+00:00
[2023-05-22T20:41:36.564+0000] {processor.py:175} INFO - Processing /opt/airflow/dags/new.py took 0.087 seconds
[2023-05-22T20:42:06.781+0000] {processor.py:153} INFO - Started process (PID=20238) to work on /opt/airflow/dags/new.py
[2023-05-22T20:42:06.783+0000] {processor.py:743} INFO - Processing file /opt/airflow/dags/new.py for tasks to queue
[2023-05-22T20:42:06.784+0000] {logging_mixin.py:137} INFO - [2023-05-22T20:42:06.783+0000] {dagbag.py:538} INFO - Filling up the DagBag from /opt/airflow/dags/new.py
[2023-05-22T20:42:06.799+0000] {processor.py:753} INFO - DAG(s) dict_keys(['my_new_dag']) retrieved from /opt/airflow/dags/new.py
[2023-05-22T20:42:06.839+0000] {logging_mixin.py:137} INFO - [2023-05-22T20:42:06.839+0000] {dag.py:2690} INFO - Sync 1 DAGs
[2023-05-22T20:42:06.857+0000] {logging_mixin.py:137} INFO - [2023-05-22T20:42:06.857+0000] {dag.py:3441} INFO - Setting next_dagrun for my_new_dag to 2023-03-24T00:00:00+00:00, run_after=2023-03-25T00:00:00+00:00
[2023-05-22T20:42:06.870+0000] {processor.py:175} INFO - Processing /opt/airflow/dags/new.py took 0.092 seconds
[2023-05-22T20:43:50.128+0000] {processor.py:153} INFO - Started process (PID=20321) to work on /opt/airflow/dags/new.py
[2023-05-22T20:43:50.144+0000] {processor.py:743} INFO - Processing file /opt/airflow/dags/new.py for tasks to queue
[2023-05-22T20:43:50.145+0000] {logging_mixin.py:137} INFO - [2023-05-22T20:43:50.145+0000] {dagbag.py:538} INFO - Filling up the DagBag from /opt/airflow/dags/new.py
[2023-05-22T20:43:50.161+0000] {processor.py:753} INFO - DAG(s) dict_keys(['my_new_dag']) retrieved from /opt/airflow/dags/new.py
[2023-05-22T20:43:50.203+0000] {logging_mixin.py:137} INFO - [2023-05-22T20:43:50.203+0000] {dag.py:2690} INFO - Sync 1 DAGs
[2023-05-22T20:43:50.220+0000] {logging_mixin.py:137} INFO - [2023-05-22T20:43:50.220+0000] {dag.py:3441} INFO - Setting next_dagrun for my_new_dag to 2023-03-24T00:00:00+00:00, run_after=2023-03-25T00:00:00+00:00
[2023-05-22T20:43:50.238+0000] {processor.py:175} INFO - Processing /opt/airflow/dags/new.py took 0.113 seconds
[2023-05-22T20:44:21.190+0000] {processor.py:153} INFO - Started process (PID=20392) to work on /opt/airflow/dags/new.py
[2023-05-22T20:44:21.193+0000] {processor.py:743} INFO - Processing file /opt/airflow/dags/new.py for tasks to queue
[2023-05-22T20:44:21.195+0000] {logging_mixin.py:137} INFO - [2023-05-22T20:44:21.195+0000] {dagbag.py:538} INFO - Filling up the DagBag from /opt/airflow/dags/new.py
[2023-05-22T20:44:21.215+0000] {processor.py:753} INFO - DAG(s) dict_keys(['my_new_dag']) retrieved from /opt/airflow/dags/new.py
[2023-05-22T20:44:21.268+0000] {logging_mixin.py:137} INFO - [2023-05-22T20:44:21.268+0000] {dag.py:2690} INFO - Sync 1 DAGs
[2023-05-22T20:44:21.284+0000] {logging_mixin.py:137} INFO - [2023-05-22T20:44:21.284+0000] {dag.py:3441} INFO - Setting next_dagrun for my_new_dag to 2023-03-24T00:00:00+00:00, run_after=2023-03-25T00:00:00+00:00
[2023-05-22T20:44:21.296+0000] {processor.py:175} INFO - Processing /opt/airflow/dags/new.py took 0.111 seconds
[2023-05-22T20:44:51.332+0000] {processor.py:153} INFO - Started process (PID=20477) to work on /opt/airflow/dags/new.py
[2023-05-22T20:44:51.333+0000] {processor.py:743} INFO - Processing file /opt/airflow/dags/new.py for tasks to queue
[2023-05-22T20:44:51.334+0000] {logging_mixin.py:137} INFO - [2023-05-22T20:44:51.334+0000] {dagbag.py:538} INFO - Filling up the DagBag from /opt/airflow/dags/new.py
[2023-05-22T20:44:51.350+0000] {processor.py:753} INFO - DAG(s) dict_keys(['my_new_dag']) retrieved from /opt/airflow/dags/new.py
[2023-05-22T20:44:51.396+0000] {logging_mixin.py:137} INFO - [2023-05-22T20:44:51.396+0000] {dag.py:2690} INFO - Sync 1 DAGs
[2023-05-22T20:44:51.413+0000] {logging_mixin.py:137} INFO - [2023-05-22T20:44:51.413+0000] {dag.py:3441} INFO - Setting next_dagrun for my_new_dag to 2023-03-24T00:00:00+00:00, run_after=2023-03-25T00:00:00+00:00
[2023-05-22T20:44:51.426+0000] {processor.py:175} INFO - Processing /opt/airflow/dags/new.py took 0.097 seconds
[2023-05-22T20:45:21.502+0000] {processor.py:153} INFO - Started process (PID=20559) to work on /opt/airflow/dags/new.py
[2023-05-22T20:45:21.504+0000] {processor.py:743} INFO - Processing file /opt/airflow/dags/new.py for tasks to queue
[2023-05-22T20:45:21.505+0000] {logging_mixin.py:137} INFO - [2023-05-22T20:45:21.505+0000] {dagbag.py:538} INFO - Filling up the DagBag from /opt/airflow/dags/new.py
[2023-05-22T20:45:21.521+0000] {processor.py:753} INFO - DAG(s) dict_keys(['my_new_dag']) retrieved from /opt/airflow/dags/new.py
[2023-05-22T20:45:21.568+0000] {logging_mixin.py:137} INFO - [2023-05-22T20:45:21.568+0000] {dag.py:2690} INFO - Sync 1 DAGs
[2023-05-22T20:45:21.583+0000] {logging_mixin.py:137} INFO - [2023-05-22T20:45:21.583+0000] {dag.py:3441} INFO - Setting next_dagrun for my_new_dag to 2023-03-24T00:00:00+00:00, run_after=2023-03-25T00:00:00+00:00
[2023-05-22T20:45:21.596+0000] {processor.py:175} INFO - Processing /opt/airflow/dags/new.py took 0.098 seconds
[2023-05-22T20:45:51.720+0000] {processor.py:153} INFO - Started process (PID=20630) to work on /opt/airflow/dags/new.py
[2023-05-22T20:45:51.721+0000] {processor.py:743} INFO - Processing file /opt/airflow/dags/new.py for tasks to queue
[2023-05-22T20:45:51.722+0000] {logging_mixin.py:137} INFO - [2023-05-22T20:45:51.722+0000] {dagbag.py:538} INFO - Filling up the DagBag from /opt/airflow/dags/new.py
[2023-05-22T20:45:51.739+0000] {processor.py:753} INFO - DAG(s) dict_keys(['my_new_dag']) retrieved from /opt/airflow/dags/new.py
[2023-05-22T20:45:51.783+0000] {logging_mixin.py:137} INFO - [2023-05-22T20:45:51.783+0000] {dag.py:2690} INFO - Sync 1 DAGs
[2023-05-22T20:45:51.797+0000] {logging_mixin.py:137} INFO - [2023-05-22T20:45:51.797+0000] {dag.py:3441} INFO - Setting next_dagrun for my_new_dag to 2023-03-24T00:00:00+00:00, run_after=2023-03-25T00:00:00+00:00
[2023-05-22T20:45:51.809+0000] {processor.py:175} INFO - Processing /opt/airflow/dags/new.py took 0.091 seconds
[2023-05-22T20:46:21.967+0000] {processor.py:153} INFO - Started process (PID=20713) to work on /opt/airflow/dags/new.py
[2023-05-22T20:46:21.969+0000] {processor.py:743} INFO - Processing file /opt/airflow/dags/new.py for tasks to queue
[2023-05-22T20:46:21.971+0000] {logging_mixin.py:137} INFO - [2023-05-22T20:46:21.971+0000] {dagbag.py:538} INFO - Filling up the DagBag from /opt/airflow/dags/new.py
[2023-05-22T20:46:21.988+0000] {processor.py:753} INFO - DAG(s) dict_keys(['my_new_dag']) retrieved from /opt/airflow/dags/new.py
[2023-05-22T20:46:22.036+0000] {logging_mixin.py:137} INFO - [2023-05-22T20:46:22.036+0000] {dag.py:2690} INFO - Sync 1 DAGs
[2023-05-22T20:46:22.053+0000] {logging_mixin.py:137} INFO - [2023-05-22T20:46:22.053+0000] {dag.py:3441} INFO - Setting next_dagrun for my_new_dag to 2023-03-24T00:00:00+00:00, run_after=2023-03-25T00:00:00+00:00
[2023-05-22T20:46:22.066+0000] {processor.py:175} INFO - Processing /opt/airflow/dags/new.py took 0.102 seconds
[2023-05-22T20:46:53.077+0000] {processor.py:153} INFO - Started process (PID=20796) to work on /opt/airflow/dags/new.py
[2023-05-22T20:46:53.099+0000] {processor.py:743} INFO - Processing file /opt/airflow/dags/new.py for tasks to queue
[2023-05-22T20:46:53.100+0000] {logging_mixin.py:137} INFO - [2023-05-22T20:46:53.100+0000] {dagbag.py:538} INFO - Filling up the DagBag from /opt/airflow/dags/new.py
[2023-05-22T20:46:53.115+0000] {processor.py:753} INFO - DAG(s) dict_keys(['my_new_dag']) retrieved from /opt/airflow/dags/new.py
[2023-05-22T20:46:53.157+0000] {logging_mixin.py:137} INFO - [2023-05-22T20:46:53.157+0000] {dag.py:2690} INFO - Sync 1 DAGs
[2023-05-22T20:46:53.172+0000] {logging_mixin.py:137} INFO - [2023-05-22T20:46:53.172+0000] {dag.py:3441} INFO - Setting next_dagrun for my_new_dag to 2023-03-24T00:00:00+00:00, run_after=2023-03-25T00:00:00+00:00
[2023-05-22T20:46:53.210+0000] {processor.py:175} INFO - Processing /opt/airflow/dags/new.py took 0.136 seconds
[2023-05-22T20:47:24.048+0000] {processor.py:153} INFO - Started process (PID=20866) to work on /opt/airflow/dags/new.py
[2023-05-22T20:47:24.050+0000] {processor.py:743} INFO - Processing file /opt/airflow/dags/new.py for tasks to queue
[2023-05-22T20:47:24.051+0000] {logging_mixin.py:137} INFO - [2023-05-22T20:47:24.051+0000] {dagbag.py:538} INFO - Filling up the DagBag from /opt/airflow/dags/new.py
[2023-05-22T20:47:24.067+0000] {processor.py:753} INFO - DAG(s) dict_keys(['my_new_dag']) retrieved from /opt/airflow/dags/new.py
[2023-05-22T20:47:24.110+0000] {logging_mixin.py:137} INFO - [2023-05-22T20:47:24.110+0000] {dag.py:2690} INFO - Sync 1 DAGs
[2023-05-22T20:47:24.125+0000] {logging_mixin.py:137} INFO - [2023-05-22T20:47:24.125+0000] {dag.py:3441} INFO - Setting next_dagrun for my_new_dag to 2023-03-24T00:00:00+00:00, run_after=2023-03-25T00:00:00+00:00
[2023-05-22T20:47:24.138+0000] {processor.py:175} INFO - Processing /opt/airflow/dags/new.py took 0.093 seconds
[2023-05-22T20:47:54.343+0000] {processor.py:153} INFO - Started process (PID=20948) to work on /opt/airflow/dags/new.py
[2023-05-22T20:47:54.344+0000] {processor.py:743} INFO - Processing file /opt/airflow/dags/new.py for tasks to queue
[2023-05-22T20:47:54.345+0000] {logging_mixin.py:137} INFO - [2023-05-22T20:47:54.345+0000] {dagbag.py:538} INFO - Filling up the DagBag from /opt/airflow/dags/new.py
[2023-05-22T20:47:54.361+0000] {processor.py:753} INFO - DAG(s) dict_keys(['my_new_dag']) retrieved from /opt/airflow/dags/new.py
[2023-05-22T20:47:54.399+0000] {logging_mixin.py:137} INFO - [2023-05-22T20:47:54.399+0000] {dag.py:2690} INFO - Sync 1 DAGs
[2023-05-22T20:47:54.413+0000] {logging_mixin.py:137} INFO - [2023-05-22T20:47:54.413+0000] {dag.py:3441} INFO - Setting next_dagrun for my_new_dag to 2023-03-24T00:00:00+00:00, run_after=2023-03-25T00:00:00+00:00
[2023-05-22T20:47:54.424+0000] {processor.py:175} INFO - Processing /opt/airflow/dags/new.py took 0.084 seconds
[2023-05-22T20:48:24.517+0000] {processor.py:153} INFO - Started process (PID=21031) to work on /opt/airflow/dags/new.py
[2023-05-22T20:48:24.519+0000] {processor.py:743} INFO - Processing file /opt/airflow/dags/new.py for tasks to queue
[2023-05-22T20:48:24.520+0000] {logging_mixin.py:137} INFO - [2023-05-22T20:48:24.520+0000] {dagbag.py:538} INFO - Filling up the DagBag from /opt/airflow/dags/new.py
[2023-05-22T20:48:24.534+0000] {processor.py:753} INFO - DAG(s) dict_keys(['my_new_dag']) retrieved from /opt/airflow/dags/new.py
[2023-05-22T20:48:24.574+0000] {logging_mixin.py:137} INFO - [2023-05-22T20:48:24.574+0000] {dag.py:2690} INFO - Sync 1 DAGs
[2023-05-22T20:48:24.588+0000] {logging_mixin.py:137} INFO - [2023-05-22T20:48:24.588+0000] {dag.py:3441} INFO - Setting next_dagrun for my_new_dag to 2023-03-24T00:00:00+00:00, run_after=2023-03-25T00:00:00+00:00
[2023-05-22T20:48:24.599+0000] {processor.py:175} INFO - Processing /opt/airflow/dags/new.py took 0.085 seconds
[2023-05-22T20:48:54.770+0000] {processor.py:153} INFO - Started process (PID=21102) to work on /opt/airflow/dags/new.py
[2023-05-22T20:48:54.772+0000] {processor.py:743} INFO - Processing file /opt/airflow/dags/new.py for tasks to queue
[2023-05-22T20:48:54.773+0000] {logging_mixin.py:137} INFO - [2023-05-22T20:48:54.773+0000] {dagbag.py:538} INFO - Filling up the DagBag from /opt/airflow/dags/new.py
[2023-05-22T20:48:54.789+0000] {processor.py:753} INFO - DAG(s) dict_keys(['my_new_dag']) retrieved from /opt/airflow/dags/new.py
[2023-05-22T20:48:54.842+0000] {logging_mixin.py:137} INFO - [2023-05-22T20:48:54.842+0000] {dag.py:2690} INFO - Sync 1 DAGs
[2023-05-22T20:48:54.863+0000] {logging_mixin.py:137} INFO - [2023-05-22T20:48:54.863+0000] {dag.py:3441} INFO - Setting next_dagrun for my_new_dag to 2023-03-24T00:00:00+00:00, run_after=2023-03-25T00:00:00+00:00
[2023-05-22T20:48:54.879+0000] {processor.py:175} INFO - Processing /opt/airflow/dags/new.py took 0.111 seconds
[2023-05-22T20:49:25.244+0000] {processor.py:153} INFO - Started process (PID=21185) to work on /opt/airflow/dags/new.py
[2023-05-22T20:49:25.245+0000] {processor.py:743} INFO - Processing file /opt/airflow/dags/new.py for tasks to queue
[2023-05-22T20:49:25.246+0000] {logging_mixin.py:137} INFO - [2023-05-22T20:49:25.246+0000] {dagbag.py:538} INFO - Filling up the DagBag from /opt/airflow/dags/new.py
[2023-05-22T20:49:25.261+0000] {processor.py:753} INFO - DAG(s) dict_keys(['my_new_dag']) retrieved from /opt/airflow/dags/new.py
[2023-05-22T20:49:25.300+0000] {logging_mixin.py:137} INFO - [2023-05-22T20:49:25.300+0000] {dag.py:2690} INFO - Sync 1 DAGs
[2023-05-22T20:49:25.314+0000] {logging_mixin.py:137} INFO - [2023-05-22T20:49:25.314+0000] {dag.py:3441} INFO - Setting next_dagrun for my_new_dag to 2023-03-24T00:00:00+00:00, run_after=2023-03-25T00:00:00+00:00
[2023-05-22T20:49:25.326+0000] {processor.py:175} INFO - Processing /opt/airflow/dags/new.py took 0.085 seconds
[2023-05-22T20:49:55.382+0000] {processor.py:153} INFO - Started process (PID=21269) to work on /opt/airflow/dags/new.py
[2023-05-22T20:49:55.384+0000] {processor.py:743} INFO - Processing file /opt/airflow/dags/new.py for tasks to queue
[2023-05-22T20:49:55.385+0000] {logging_mixin.py:137} INFO - [2023-05-22T20:49:55.385+0000] {dagbag.py:538} INFO - Filling up the DagBag from /opt/airflow/dags/new.py
[2023-05-22T20:49:55.401+0000] {processor.py:753} INFO - DAG(s) dict_keys(['my_new_dag']) retrieved from /opt/airflow/dags/new.py
[2023-05-22T20:49:55.448+0000] {logging_mixin.py:137} INFO - [2023-05-22T20:49:55.448+0000] {dag.py:2690} INFO - Sync 1 DAGs
[2023-05-22T20:49:55.465+0000] {logging_mixin.py:137} INFO - [2023-05-22T20:49:55.465+0000] {dag.py:3441} INFO - Setting next_dagrun for my_new_dag to 2023-03-24T00:00:00+00:00, run_after=2023-03-25T00:00:00+00:00
[2023-05-22T20:49:55.481+0000] {processor.py:175} INFO - Processing /opt/airflow/dags/new.py took 0.101 seconds
[2023-05-22T20:50:25.521+0000] {processor.py:153} INFO - Started process (PID=21340) to work on /opt/airflow/dags/new.py
[2023-05-22T20:50:25.523+0000] {processor.py:743} INFO - Processing file /opt/airflow/dags/new.py for tasks to queue
[2023-05-22T20:50:25.524+0000] {logging_mixin.py:137} INFO - [2023-05-22T20:50:25.524+0000] {dagbag.py:538} INFO - Filling up the DagBag from /opt/airflow/dags/new.py
[2023-05-22T20:50:25.539+0000] {processor.py:753} INFO - DAG(s) dict_keys(['my_new_dag']) retrieved from /opt/airflow/dags/new.py
[2023-05-22T20:50:25.582+0000] {logging_mixin.py:137} INFO - [2023-05-22T20:50:25.582+0000] {dag.py:2690} INFO - Sync 1 DAGs
[2023-05-22T20:50:25.599+0000] {logging_mixin.py:137} INFO - [2023-05-22T20:50:25.599+0000] {dag.py:3441} INFO - Setting next_dagrun for my_new_dag to 2023-03-24T00:00:00+00:00, run_after=2023-03-25T00:00:00+00:00
[2023-05-22T20:50:25.613+0000] {processor.py:175} INFO - Processing /opt/airflow/dags/new.py took 0.095 seconds
[2023-05-22T20:50:55.709+0000] {processor.py:153} INFO - Started process (PID=21423) to work on /opt/airflow/dags/new.py
[2023-05-22T20:50:55.711+0000] {processor.py:743} INFO - Processing file /opt/airflow/dags/new.py for tasks to queue
[2023-05-22T20:50:55.712+0000] {logging_mixin.py:137} INFO - [2023-05-22T20:50:55.712+0000] {dagbag.py:538} INFO - Filling up the DagBag from /opt/airflow/dags/new.py
[2023-05-22T20:50:55.727+0000] {processor.py:753} INFO - DAG(s) dict_keys(['my_new_dag']) retrieved from /opt/airflow/dags/new.py
[2023-05-22T20:50:55.771+0000] {logging_mixin.py:137} INFO - [2023-05-22T20:50:55.771+0000] {dag.py:2690} INFO - Sync 1 DAGs
[2023-05-22T20:50:55.788+0000] {logging_mixin.py:137} INFO - [2023-05-22T20:50:55.788+0000] {dag.py:3441} INFO - Setting next_dagrun for my_new_dag to 2023-03-24T00:00:00+00:00, run_after=2023-03-25T00:00:00+00:00
[2023-05-22T20:50:55.803+0000] {processor.py:175} INFO - Processing /opt/airflow/dags/new.py took 0.098 seconds
[2023-05-22T20:51:26.680+0000] {processor.py:153} INFO - Started process (PID=21507) to work on /opt/airflow/dags/new.py
[2023-05-22T20:51:26.682+0000] {processor.py:743} INFO - Processing file /opt/airflow/dags/new.py for tasks to queue
[2023-05-22T20:51:26.683+0000] {logging_mixin.py:137} INFO - [2023-05-22T20:51:26.682+0000] {dagbag.py:538} INFO - Filling up the DagBag from /opt/airflow/dags/new.py
[2023-05-22T20:51:26.698+0000] {processor.py:753} INFO - DAG(s) dict_keys(['my_new_dag']) retrieved from /opt/airflow/dags/new.py
[2023-05-22T20:51:26.738+0000] {logging_mixin.py:137} INFO - [2023-05-22T20:51:26.738+0000] {dag.py:2690} INFO - Sync 1 DAGs
[2023-05-22T20:51:26.752+0000] {logging_mixin.py:137} INFO - [2023-05-22T20:51:26.751+0000] {dag.py:3441} INFO - Setting next_dagrun for my_new_dag to 2023-03-24T00:00:00+00:00, run_after=2023-03-25T00:00:00+00:00
[2023-05-22T20:51:26.763+0000] {processor.py:175} INFO - Processing /opt/airflow/dags/new.py took 0.086 seconds
[2023-05-22T20:51:57.528+0000] {processor.py:153} INFO - Started process (PID=21590) to work on /opt/airflow/dags/new.py
[2023-05-22T20:51:57.529+0000] {processor.py:743} INFO - Processing file /opt/airflow/dags/new.py for tasks to queue
[2023-05-22T20:51:57.530+0000] {logging_mixin.py:137} INFO - [2023-05-22T20:51:57.530+0000] {dagbag.py:538} INFO - Filling up the DagBag from /opt/airflow/dags/new.py
[2023-05-22T20:51:57.544+0000] {processor.py:753} INFO - DAG(s) dict_keys(['my_new_dag']) retrieved from /opt/airflow/dags/new.py
[2023-05-22T20:51:57.591+0000] {logging_mixin.py:137} INFO - [2023-05-22T20:51:57.591+0000] {dag.py:2690} INFO - Sync 1 DAGs
[2023-05-22T20:51:57.609+0000] {logging_mixin.py:137} INFO - [2023-05-22T20:51:57.609+0000] {dag.py:3441} INFO - Setting next_dagrun for my_new_dag to 2023-03-24T00:00:00+00:00, run_after=2023-03-25T00:00:00+00:00
[2023-05-22T20:51:57.624+0000] {processor.py:175} INFO - Processing /opt/airflow/dags/new.py took 0.099 seconds
[2023-05-22T20:52:28.576+0000] {processor.py:153} INFO - Started process (PID=21661) to work on /opt/airflow/dags/new.py
[2023-05-22T20:52:28.578+0000] {processor.py:743} INFO - Processing file /opt/airflow/dags/new.py for tasks to queue
[2023-05-22T20:52:28.579+0000] {logging_mixin.py:137} INFO - [2023-05-22T20:52:28.579+0000] {dagbag.py:538} INFO - Filling up the DagBag from /opt/airflow/dags/new.py
[2023-05-22T20:52:28.595+0000] {processor.py:753} INFO - DAG(s) dict_keys(['my_new_dag']) retrieved from /opt/airflow/dags/new.py
[2023-05-22T20:52:28.641+0000] {logging_mixin.py:137} INFO - [2023-05-22T20:52:28.641+0000] {dag.py:2690} INFO - Sync 1 DAGs
[2023-05-22T20:52:28.661+0000] {logging_mixin.py:137} INFO - [2023-05-22T20:52:28.661+0000] {dag.py:3441} INFO - Setting next_dagrun for my_new_dag to 2023-03-24T00:00:00+00:00, run_after=2023-03-25T00:00:00+00:00
[2023-05-22T20:52:28.674+0000] {processor.py:175} INFO - Processing /opt/airflow/dags/new.py took 0.100 seconds
[2023-05-22T20:52:59.527+0000] {processor.py:153} INFO - Started process (PID=21743) to work on /opt/airflow/dags/new.py
[2023-05-22T20:52:59.529+0000] {processor.py:743} INFO - Processing file /opt/airflow/dags/new.py for tasks to queue
[2023-05-22T20:52:59.531+0000] {logging_mixin.py:137} INFO - [2023-05-22T20:52:59.530+0000] {dagbag.py:538} INFO - Filling up the DagBag from /opt/airflow/dags/new.py
[2023-05-22T20:52:59.545+0000] {processor.py:753} INFO - DAG(s) dict_keys(['my_new_dag']) retrieved from /opt/airflow/dags/new.py
[2023-05-22T20:52:59.584+0000] {logging_mixin.py:137} INFO - [2023-05-22T20:52:59.584+0000] {dag.py:2690} INFO - Sync 1 DAGs
[2023-05-22T20:52:59.597+0000] {logging_mixin.py:137} INFO - [2023-05-22T20:52:59.597+0000] {dag.py:3441} INFO - Setting next_dagrun for my_new_dag to 2023-03-24T00:00:00+00:00, run_after=2023-03-25T00:00:00+00:00
[2023-05-22T20:52:59.609+0000] {processor.py:175} INFO - Processing /opt/airflow/dags/new.py took 0.084 seconds
[2023-05-22T20:53:30.556+0000] {processor.py:153} INFO - Started process (PID=21826) to work on /opt/airflow/dags/new.py
[2023-05-22T20:53:30.557+0000] {processor.py:743} INFO - Processing file /opt/airflow/dags/new.py for tasks to queue
[2023-05-22T20:53:30.558+0000] {logging_mixin.py:137} INFO - [2023-05-22T20:53:30.558+0000] {dagbag.py:538} INFO - Filling up the DagBag from /opt/airflow/dags/new.py
[2023-05-22T20:53:30.572+0000] {processor.py:753} INFO - DAG(s) dict_keys(['my_new_dag']) retrieved from /opt/airflow/dags/new.py
[2023-05-22T20:53:30.612+0000] {logging_mixin.py:137} INFO - [2023-05-22T20:53:30.612+0000] {dag.py:2690} INFO - Sync 1 DAGs
[2023-05-22T20:53:30.626+0000] {logging_mixin.py:137} INFO - [2023-05-22T20:53:30.626+0000] {dag.py:3441} INFO - Setting next_dagrun for my_new_dag to 2023-03-24T00:00:00+00:00, run_after=2023-03-25T00:00:00+00:00
[2023-05-22T20:53:30.638+0000] {processor.py:175} INFO - Processing /opt/airflow/dags/new.py took 0.085 seconds
[2023-05-22T20:54:00.755+0000] {processor.py:153} INFO - Started process (PID=21903) to work on /opt/airflow/dags/new.py
[2023-05-22T20:54:00.757+0000] {processor.py:743} INFO - Processing file /opt/airflow/dags/new.py for tasks to queue
[2023-05-22T20:54:00.758+0000] {logging_mixin.py:137} INFO - [2023-05-22T20:54:00.758+0000] {dagbag.py:538} INFO - Filling up the DagBag from /opt/airflow/dags/new.py
[2023-05-22T20:54:00.774+0000] {processor.py:753} INFO - DAG(s) dict_keys(['my_new_dag']) retrieved from /opt/airflow/dags/new.py
[2023-05-22T20:54:00.825+0000] {logging_mixin.py:137} INFO - [2023-05-22T20:54:00.825+0000] {dag.py:2690} INFO - Sync 1 DAGs
[2023-05-22T20:54:00.841+0000] {logging_mixin.py:137} INFO - [2023-05-22T20:54:00.841+0000] {dag.py:3441} INFO - Setting next_dagrun for my_new_dag to 2023-03-24T00:00:00+00:00, run_after=2023-03-25T00:00:00+00:00
[2023-05-22T20:54:00.855+0000] {processor.py:175} INFO - Processing /opt/airflow/dags/new.py took 0.104 seconds
[2023-05-22T20:54:31.032+0000] {processor.py:153} INFO - Started process (PID=21981) to work on /opt/airflow/dags/new.py
[2023-05-22T20:54:31.034+0000] {processor.py:743} INFO - Processing file /opt/airflow/dags/new.py for tasks to queue
[2023-05-22T20:54:31.035+0000] {logging_mixin.py:137} INFO - [2023-05-22T20:54:31.035+0000] {dagbag.py:538} INFO - Filling up the DagBag from /opt/airflow/dags/new.py
[2023-05-22T20:54:31.055+0000] {processor.py:753} INFO - DAG(s) dict_keys(['my_new_dag']) retrieved from /opt/airflow/dags/new.py
[2023-05-22T20:54:31.103+0000] {logging_mixin.py:137} INFO - [2023-05-22T20:54:31.103+0000] {dag.py:2690} INFO - Sync 1 DAGs
[2023-05-22T20:54:31.121+0000] {logging_mixin.py:137} INFO - [2023-05-22T20:54:31.121+0000] {dag.py:3441} INFO - Setting next_dagrun for my_new_dag to 2023-03-24T00:00:00+00:00, run_after=2023-03-25T00:00:00+00:00
[2023-05-22T20:54:31.138+0000] {processor.py:175} INFO - Processing /opt/airflow/dags/new.py took 0.109 seconds
[2023-05-22T20:55:02.125+0000] {processor.py:153} INFO - Started process (PID=22063) to work on /opt/airflow/dags/new.py
[2023-05-22T20:55:02.127+0000] {processor.py:743} INFO - Processing file /opt/airflow/dags/new.py for tasks to queue
[2023-05-22T20:55:02.128+0000] {logging_mixin.py:137} INFO - [2023-05-22T20:55:02.128+0000] {dagbag.py:538} INFO - Filling up the DagBag from /opt/airflow/dags/new.py
[2023-05-22T20:55:02.146+0000] {processor.py:753} INFO - DAG(s) dict_keys(['my_new_dag']) retrieved from /opt/airflow/dags/new.py
[2023-05-22T20:55:02.188+0000] {logging_mixin.py:137} INFO - [2023-05-22T20:55:02.188+0000] {dag.py:2690} INFO - Sync 1 DAGs
[2023-05-22T20:55:02.203+0000] {logging_mixin.py:137} INFO - [2023-05-22T20:55:02.203+0000] {dag.py:3441} INFO - Setting next_dagrun for my_new_dag to 2023-03-24T00:00:00+00:00, run_after=2023-03-25T00:00:00+00:00
[2023-05-22T20:55:02.217+0000] {processor.py:175} INFO - Processing /opt/airflow/dags/new.py took 0.095 seconds
[2023-05-22T20:55:32.312+0000] {processor.py:153} INFO - Started process (PID=22146) to work on /opt/airflow/dags/new.py
[2023-05-22T20:55:32.314+0000] {processor.py:743} INFO - Processing file /opt/airflow/dags/new.py for tasks to queue
[2023-05-22T20:55:32.315+0000] {logging_mixin.py:137} INFO - [2023-05-22T20:55:32.315+0000] {dagbag.py:538} INFO - Filling up the DagBag from /opt/airflow/dags/new.py
[2023-05-22T20:55:32.333+0000] {processor.py:753} INFO - DAG(s) dict_keys(['my_new_dag']) retrieved from /opt/airflow/dags/new.py
[2023-05-22T20:55:32.380+0000] {logging_mixin.py:137} INFO - [2023-05-22T20:55:32.380+0000] {dag.py:2690} INFO - Sync 1 DAGs
[2023-05-22T20:55:32.398+0000] {logging_mixin.py:137} INFO - [2023-05-22T20:55:32.398+0000] {dag.py:3441} INFO - Setting next_dagrun for my_new_dag to 2023-03-24T00:00:00+00:00, run_after=2023-03-25T00:00:00+00:00
[2023-05-22T20:55:32.411+0000] {processor.py:175} INFO - Processing /opt/airflow/dags/new.py took 0.102 seconds
[2023-05-22T20:56:02.527+0000] {processor.py:153} INFO - Started process (PID=22217) to work on /opt/airflow/dags/new.py
[2023-05-22T20:56:02.529+0000] {processor.py:743} INFO - Processing file /opt/airflow/dags/new.py for tasks to queue
[2023-05-22T20:56:02.530+0000] {logging_mixin.py:137} INFO - [2023-05-22T20:56:02.530+0000] {dagbag.py:538} INFO - Filling up the DagBag from /opt/airflow/dags/new.py
[2023-05-22T20:56:02.544+0000] {processor.py:753} INFO - DAG(s) dict_keys(['my_new_dag']) retrieved from /opt/airflow/dags/new.py
[2023-05-22T20:56:02.584+0000] {logging_mixin.py:137} INFO - [2023-05-22T20:56:02.583+0000] {dag.py:2690} INFO - Sync 1 DAGs
[2023-05-22T20:56:02.598+0000] {logging_mixin.py:137} INFO - [2023-05-22T20:56:02.598+0000] {dag.py:3441} INFO - Setting next_dagrun for my_new_dag to 2023-03-24T00:00:00+00:00, run_after=2023-03-25T00:00:00+00:00
[2023-05-22T20:56:02.609+0000] {processor.py:175} INFO - Processing /opt/airflow/dags/new.py took 0.085 seconds
[2023-05-22T20:56:32.715+0000] {processor.py:153} INFO - Started process (PID=22300) to work on /opt/airflow/dags/new.py
[2023-05-22T20:56:32.716+0000] {processor.py:743} INFO - Processing file /opt/airflow/dags/new.py for tasks to queue
[2023-05-22T20:56:32.717+0000] {logging_mixin.py:137} INFO - [2023-05-22T20:56:32.717+0000] {dagbag.py:538} INFO - Filling up the DagBag from /opt/airflow/dags/new.py
[2023-05-22T20:56:32.733+0000] {processor.py:753} INFO - DAG(s) dict_keys(['my_new_dag']) retrieved from /opt/airflow/dags/new.py
[2023-05-22T20:56:32.777+0000] {logging_mixin.py:137} INFO - [2023-05-22T20:56:32.776+0000] {dag.py:2690} INFO - Sync 1 DAGs
[2023-05-22T20:56:32.792+0000] {logging_mixin.py:137} INFO - [2023-05-22T20:56:32.792+0000] {dag.py:3441} INFO - Setting next_dagrun for my_new_dag to 2023-03-24T00:00:00+00:00, run_after=2023-03-25T00:00:00+00:00
[2023-05-22T20:56:32.806+0000] {processor.py:175} INFO - Processing /opt/airflow/dags/new.py took 0.094 seconds
[2023-05-22T20:57:02.846+0000] {processor.py:153} INFO - Started process (PID=22383) to work on /opt/airflow/dags/new.py
[2023-05-22T20:57:02.848+0000] {processor.py:743} INFO - Processing file /opt/airflow/dags/new.py for tasks to queue
[2023-05-22T20:57:02.849+0000] {logging_mixin.py:137} INFO - [2023-05-22T20:57:02.849+0000] {dagbag.py:538} INFO - Filling up the DagBag from /opt/airflow/dags/new.py
[2023-05-22T20:57:02.868+0000] {processor.py:753} INFO - DAG(s) dict_keys(['my_new_dag']) retrieved from /opt/airflow/dags/new.py
[2023-05-22T20:57:02.915+0000] {logging_mixin.py:137} INFO - [2023-05-22T20:57:02.915+0000] {dag.py:2690} INFO - Sync 1 DAGs
[2023-05-22T20:57:02.933+0000] {logging_mixin.py:137} INFO - [2023-05-22T20:57:02.933+0000] {dag.py:3441} INFO - Setting next_dagrun for my_new_dag to 2023-03-24T00:00:00+00:00, run_after=2023-03-25T00:00:00+00:00
[2023-05-22T20:57:02.948+0000] {processor.py:175} INFO - Processing /opt/airflow/dags/new.py took 0.105 seconds
[2023-05-22T20:57:33.082+0000] {processor.py:153} INFO - Started process (PID=22454) to work on /opt/airflow/dags/new.py
[2023-05-22T20:57:33.083+0000] {processor.py:743} INFO - Processing file /opt/airflow/dags/new.py for tasks to queue
[2023-05-22T20:57:33.084+0000] {logging_mixin.py:137} INFO - [2023-05-22T20:57:33.084+0000] {dagbag.py:538} INFO - Filling up the DagBag from /opt/airflow/dags/new.py
[2023-05-22T20:57:33.100+0000] {processor.py:753} INFO - DAG(s) dict_keys(['my_new_dag']) retrieved from /opt/airflow/dags/new.py
[2023-05-22T20:57:33.148+0000] {logging_mixin.py:137} INFO - [2023-05-22T20:57:33.147+0000] {dag.py:2690} INFO - Sync 1 DAGs
[2023-05-22T20:57:33.168+0000] {logging_mixin.py:137} INFO - [2023-05-22T20:57:33.167+0000] {dag.py:3441} INFO - Setting next_dagrun for my_new_dag to 2023-03-24T00:00:00+00:00, run_after=2023-03-25T00:00:00+00:00
[2023-05-22T20:57:33.180+0000] {processor.py:175} INFO - Processing /opt/airflow/dags/new.py took 0.100 seconds
[2023-05-22T20:58:04.164+0000] {processor.py:153} INFO - Started process (PID=22537) to work on /opt/airflow/dags/new.py
[2023-05-22T20:58:04.166+0000] {processor.py:743} INFO - Processing file /opt/airflow/dags/new.py for tasks to queue
[2023-05-22T20:58:04.167+0000] {logging_mixin.py:137} INFO - [2023-05-22T20:58:04.167+0000] {dagbag.py:538} INFO - Filling up the DagBag from /opt/airflow/dags/new.py
[2023-05-22T20:58:04.183+0000] {processor.py:753} INFO - DAG(s) dict_keys(['my_new_dag']) retrieved from /opt/airflow/dags/new.py
[2023-05-22T20:58:04.226+0000] {logging_mixin.py:137} INFO - [2023-05-22T20:58:04.226+0000] {dag.py:2690} INFO - Sync 1 DAGs
[2023-05-22T20:58:04.242+0000] {logging_mixin.py:137} INFO - [2023-05-22T20:58:04.242+0000] {dag.py:3441} INFO - Setting next_dagrun for my_new_dag to 2023-03-24T00:00:00+00:00, run_after=2023-03-25T00:00:00+00:00
[2023-05-22T20:58:04.258+0000] {processor.py:175} INFO - Processing /opt/airflow/dags/new.py took 0.096 seconds
[2023-05-22T20:58:35.242+0000] {processor.py:153} INFO - Started process (PID=22620) to work on /opt/airflow/dags/new.py
[2023-05-22T20:58:35.245+0000] {processor.py:743} INFO - Processing file /opt/airflow/dags/new.py for tasks to queue
[2023-05-22T20:58:35.246+0000] {logging_mixin.py:137} INFO - [2023-05-22T20:58:35.246+0000] {dagbag.py:538} INFO - Filling up the DagBag from /opt/airflow/dags/new.py
[2023-05-22T20:58:35.259+0000] {processor.py:753} INFO - DAG(s) dict_keys(['my_new_dag']) retrieved from /opt/airflow/dags/new.py
[2023-05-22T20:58:35.299+0000] {logging_mixin.py:137} INFO - [2023-05-22T20:58:35.299+0000] {dag.py:2690} INFO - Sync 1 DAGs
[2023-05-22T20:58:35.313+0000] {logging_mixin.py:137} INFO - [2023-05-22T20:58:35.313+0000] {dag.py:3441} INFO - Setting next_dagrun for my_new_dag to 2023-03-24T00:00:00+00:00, run_after=2023-03-25T00:00:00+00:00
[2023-05-22T20:58:35.326+0000] {processor.py:175} INFO - Processing /opt/airflow/dags/new.py took 0.087 seconds
[2023-05-22T20:59:05.676+0000] {processor.py:153} INFO - Started process (PID=22690) to work on /opt/airflow/dags/new.py
[2023-05-22T20:59:05.678+0000] {processor.py:743} INFO - Processing file /opt/airflow/dags/new.py for tasks to queue
[2023-05-22T20:59:05.678+0000] {logging_mixin.py:137} INFO - [2023-05-22T20:59:05.678+0000] {dagbag.py:538} INFO - Filling up the DagBag from /opt/airflow/dags/new.py
[2023-05-22T20:59:05.695+0000] {processor.py:753} INFO - DAG(s) dict_keys(['my_new_dag']) retrieved from /opt/airflow/dags/new.py
[2023-05-22T20:59:05.744+0000] {logging_mixin.py:137} INFO - [2023-05-22T20:59:05.743+0000] {dag.py:2690} INFO - Sync 1 DAGs
[2023-05-22T20:59:05.762+0000] {logging_mixin.py:137} INFO - [2023-05-22T20:59:05.762+0000] {dag.py:3441} INFO - Setting next_dagrun for my_new_dag to 2023-03-24T00:00:00+00:00, run_after=2023-03-25T00:00:00+00:00
[2023-05-22T20:59:05.774+0000] {processor.py:175} INFO - Processing /opt/airflow/dags/new.py took 0.101 seconds
[2023-05-22T20:59:36.563+0000] {processor.py:153} INFO - Started process (PID=22773) to work on /opt/airflow/dags/new.py
[2023-05-22T20:59:36.564+0000] {processor.py:743} INFO - Processing file /opt/airflow/dags/new.py for tasks to queue
[2023-05-22T20:59:36.565+0000] {logging_mixin.py:137} INFO - [2023-05-22T20:59:36.565+0000] {dagbag.py:538} INFO - Filling up the DagBag from /opt/airflow/dags/new.py
[2023-05-22T20:59:36.579+0000] {processor.py:753} INFO - DAG(s) dict_keys(['my_new_dag']) retrieved from /opt/airflow/dags/new.py
[2023-05-22T20:59:36.618+0000] {logging_mixin.py:137} INFO - [2023-05-22T20:59:36.618+0000] {dag.py:2690} INFO - Sync 1 DAGs
[2023-05-22T20:59:36.632+0000] {logging_mixin.py:137} INFO - [2023-05-22T20:59:36.632+0000] {dag.py:3441} INFO - Setting next_dagrun for my_new_dag to 2023-03-24T00:00:00+00:00, run_after=2023-03-25T00:00:00+00:00
[2023-05-22T20:59:36.644+0000] {processor.py:175} INFO - Processing /opt/airflow/dags/new.py took 0.084 seconds
[2023-05-22T21:00:07.604+0000] {processor.py:153} INFO - Started process (PID=22856) to work on /opt/airflow/dags/new.py
[2023-05-22T21:00:07.605+0000] {processor.py:743} INFO - Processing file /opt/airflow/dags/new.py for tasks to queue
[2023-05-22T21:00:07.606+0000] {logging_mixin.py:137} INFO - [2023-05-22T21:00:07.606+0000] {dagbag.py:538} INFO - Filling up the DagBag from /opt/airflow/dags/new.py
[2023-05-22T21:00:07.621+0000] {processor.py:753} INFO - DAG(s) dict_keys(['my_new_dag']) retrieved from /opt/airflow/dags/new.py
[2023-05-22T21:00:07.660+0000] {logging_mixin.py:137} INFO - [2023-05-22T21:00:07.660+0000] {dag.py:2690} INFO - Sync 1 DAGs
[2023-05-22T21:00:07.675+0000] {logging_mixin.py:137} INFO - [2023-05-22T21:00:07.675+0000] {dag.py:3441} INFO - Setting next_dagrun for my_new_dag to 2023-03-24T00:00:00+00:00, run_after=2023-03-25T00:00:00+00:00
[2023-05-22T21:00:07.687+0000] {processor.py:175} INFO - Processing /opt/airflow/dags/new.py took 0.086 seconds
[2023-05-22T21:00:38.494+0000] {processor.py:153} INFO - Started process (PID=22939) to work on /opt/airflow/dags/new.py
[2023-05-22T21:00:38.496+0000] {processor.py:743} INFO - Processing file /opt/airflow/dags/new.py for tasks to queue
[2023-05-22T21:00:38.497+0000] {logging_mixin.py:137} INFO - [2023-05-22T21:00:38.497+0000] {dagbag.py:538} INFO - Filling up the DagBag from /opt/airflow/dags/new.py
[2023-05-22T21:00:38.513+0000] {processor.py:753} INFO - DAG(s) dict_keys(['my_new_dag']) retrieved from /opt/airflow/dags/new.py
[2023-05-22T21:00:38.557+0000] {logging_mixin.py:137} INFO - [2023-05-22T21:00:38.557+0000] {dag.py:2690} INFO - Sync 1 DAGs
[2023-05-22T21:00:38.575+0000] {logging_mixin.py:137} INFO - [2023-05-22T21:00:38.575+0000] {dag.py:3441} INFO - Setting next_dagrun for my_new_dag to 2023-03-24T00:00:00+00:00, run_after=2023-03-25T00:00:00+00:00
[2023-05-22T21:00:38.588+0000] {processor.py:175} INFO - Processing /opt/airflow/dags/new.py took 0.097 seconds
[2023-05-22T21:01:09.614+0000] {processor.py:153} INFO - Started process (PID=23010) to work on /opt/airflow/dags/new.py
[2023-05-22T21:01:09.615+0000] {processor.py:743} INFO - Processing file /opt/airflow/dags/new.py for tasks to queue
[2023-05-22T21:01:09.616+0000] {logging_mixin.py:137} INFO - [2023-05-22T21:01:09.616+0000] {dagbag.py:538} INFO - Filling up the DagBag from /opt/airflow/dags/new.py
[2023-05-22T21:01:09.630+0000] {processor.py:753} INFO - DAG(s) dict_keys(['my_new_dag']) retrieved from /opt/airflow/dags/new.py
[2023-05-22T21:01:09.682+0000] {logging_mixin.py:137} INFO - [2023-05-22T21:01:09.682+0000] {dag.py:2690} INFO - Sync 1 DAGs
[2023-05-22T21:01:09.698+0000] {logging_mixin.py:137} INFO - [2023-05-22T21:01:09.698+0000] {dag.py:3441} INFO - Setting next_dagrun for my_new_dag to 2023-03-24T00:00:00+00:00, run_after=2023-03-25T00:00:00+00:00
[2023-05-22T21:01:09.714+0000] {processor.py:175} INFO - Processing /opt/airflow/dags/new.py took 0.103 seconds
[2023-05-22T21:01:40.733+0000] {processor.py:153} INFO - Started process (PID=23093) to work on /opt/airflow/dags/new.py
[2023-05-22T21:01:40.735+0000] {processor.py:743} INFO - Processing file /opt/airflow/dags/new.py for tasks to queue
[2023-05-22T21:01:40.737+0000] {logging_mixin.py:137} INFO - [2023-05-22T21:01:40.737+0000] {dagbag.py:538} INFO - Filling up the DagBag from /opt/airflow/dags/new.py
[2023-05-22T21:01:40.756+0000] {processor.py:753} INFO - DAG(s) dict_keys(['my_new_dag']) retrieved from /opt/airflow/dags/new.py
[2023-05-22T21:01:40.810+0000] {logging_mixin.py:137} INFO - [2023-05-22T21:01:40.809+0000] {dag.py:2690} INFO - Sync 1 DAGs
[2023-05-22T21:01:40.826+0000] {logging_mixin.py:137} INFO - [2023-05-22T21:01:40.826+0000] {dag.py:3441} INFO - Setting next_dagrun for my_new_dag to 2023-03-24T00:00:00+00:00, run_after=2023-03-25T00:00:00+00:00
[2023-05-22T21:01:40.839+0000] {processor.py:175} INFO - Processing /opt/airflow/dags/new.py took 0.110 seconds
[2023-05-22T21:02:11.627+0000] {processor.py:153} INFO - Started process (PID=23176) to work on /opt/airflow/dags/new.py
[2023-05-22T21:02:11.631+0000] {processor.py:743} INFO - Processing file /opt/airflow/dags/new.py for tasks to queue
[2023-05-22T21:02:11.634+0000] {logging_mixin.py:137} INFO - [2023-05-22T21:02:11.634+0000] {dagbag.py:538} INFO - Filling up the DagBag from /opt/airflow/dags/new.py
[2023-05-22T21:02:11.657+0000] {processor.py:753} INFO - DAG(s) dict_keys(['my_new_dag']) retrieved from /opt/airflow/dags/new.py
[2023-05-22T21:02:11.710+0000] {logging_mixin.py:137} INFO - [2023-05-22T21:02:11.710+0000] {dag.py:2690} INFO - Sync 1 DAGs
[2023-05-22T21:02:11.727+0000] {logging_mixin.py:137} INFO - [2023-05-22T21:02:11.726+0000] {dag.py:3441} INFO - Setting next_dagrun for my_new_dag to 2023-03-24T00:00:00+00:00, run_after=2023-03-25T00:00:00+00:00
[2023-05-22T21:02:11.739+0000] {processor.py:175} INFO - Processing /opt/airflow/dags/new.py took 0.119 seconds
[2023-05-22T21:02:42.647+0000] {processor.py:153} INFO - Started process (PID=23258) to work on /opt/airflow/dags/new.py
[2023-05-22T21:02:42.649+0000] {processor.py:743} INFO - Processing file /opt/airflow/dags/new.py for tasks to queue
[2023-05-22T21:02:42.651+0000] {logging_mixin.py:137} INFO - [2023-05-22T21:02:42.651+0000] {dagbag.py:538} INFO - Filling up the DagBag from /opt/airflow/dags/new.py
[2023-05-22T21:02:42.676+0000] {processor.py:753} INFO - DAG(s) dict_keys(['my_new_dag']) retrieved from /opt/airflow/dags/new.py
[2023-05-22T21:02:42.735+0000] {logging_mixin.py:137} INFO - [2023-05-22T21:02:42.734+0000] {dag.py:2690} INFO - Sync 1 DAGs
[2023-05-22T21:02:42.751+0000] {logging_mixin.py:137} INFO - [2023-05-22T21:02:42.751+0000] {dag.py:3441} INFO - Setting next_dagrun for my_new_dag to 2023-03-24T00:00:00+00:00, run_after=2023-03-25T00:00:00+00:00
[2023-05-22T21:02:42.765+0000] {processor.py:175} INFO - Processing /opt/airflow/dags/new.py took 0.123 seconds
[2023-05-22T21:03:13.760+0000] {processor.py:153} INFO - Started process (PID=23330) to work on /opt/airflow/dags/new.py
[2023-05-22T21:03:13.763+0000] {processor.py:743} INFO - Processing file /opt/airflow/dags/new.py for tasks to queue
[2023-05-22T21:03:13.765+0000] {logging_mixin.py:137} INFO - [2023-05-22T21:03:13.765+0000] {dagbag.py:538} INFO - Filling up the DagBag from /opt/airflow/dags/new.py
[2023-05-22T21:03:13.789+0000] {processor.py:753} INFO - DAG(s) dict_keys(['my_new_dag']) retrieved from /opt/airflow/dags/new.py
[2023-05-22T21:03:13.840+0000] {logging_mixin.py:137} INFO - [2023-05-22T21:03:13.839+0000] {dag.py:2690} INFO - Sync 1 DAGs
[2023-05-22T21:03:13.856+0000] {logging_mixin.py:137} INFO - [2023-05-22T21:03:13.855+0000] {dag.py:3441} INFO - Setting next_dagrun for my_new_dag to 2023-03-24T00:00:00+00:00, run_after=2023-03-25T00:00:00+00:00
[2023-05-22T21:03:13.873+0000] {processor.py:175} INFO - Processing /opt/airflow/dags/new.py took 0.119 seconds
[2023-05-22T21:03:44.599+0000] {processor.py:153} INFO - Started process (PID=23413) to work on /opt/airflow/dags/new.py
[2023-05-22T21:03:44.601+0000] {processor.py:743} INFO - Processing file /opt/airflow/dags/new.py for tasks to queue
[2023-05-22T21:03:44.602+0000] {logging_mixin.py:137} INFO - [2023-05-22T21:03:44.602+0000] {dagbag.py:538} INFO - Filling up the DagBag from /opt/airflow/dags/new.py
[2023-05-22T21:03:44.619+0000] {processor.py:753} INFO - DAG(s) dict_keys(['my_new_dag']) retrieved from /opt/airflow/dags/new.py
[2023-05-22T21:03:44.663+0000] {logging_mixin.py:137} INFO - [2023-05-22T21:03:44.663+0000] {dag.py:2690} INFO - Sync 1 DAGs
[2023-05-22T21:03:44.680+0000] {logging_mixin.py:137} INFO - [2023-05-22T21:03:44.680+0000] {dag.py:3441} INFO - Setting next_dagrun for my_new_dag to 2023-03-24T00:00:00+00:00, run_after=2023-03-25T00:00:00+00:00
[2023-05-22T21:03:44.695+0000] {processor.py:175} INFO - Processing /opt/airflow/dags/new.py took 0.099 seconds
[2023-05-22T21:04:15.677+0000] {processor.py:153} INFO - Started process (PID=23496) to work on /opt/airflow/dags/new.py
[2023-05-22T21:04:15.680+0000] {processor.py:743} INFO - Processing file /opt/airflow/dags/new.py for tasks to queue
[2023-05-22T21:04:15.682+0000] {logging_mixin.py:137} INFO - [2023-05-22T21:04:15.682+0000] {dagbag.py:538} INFO - Filling up the DagBag from /opt/airflow/dags/new.py
[2023-05-22T21:04:15.705+0000] {processor.py:753} INFO - DAG(s) dict_keys(['my_new_dag']) retrieved from /opt/airflow/dags/new.py
[2023-05-22T21:04:15.751+0000] {logging_mixin.py:137} INFO - [2023-05-22T21:04:15.751+0000] {dag.py:2690} INFO - Sync 1 DAGs
[2023-05-22T21:04:15.767+0000] {logging_mixin.py:137} INFO - [2023-05-22T21:04:15.767+0000] {dag.py:3441} INFO - Setting next_dagrun for my_new_dag to 2023-03-24T00:00:00+00:00, run_after=2023-03-25T00:00:00+00:00
[2023-05-22T21:04:15.781+0000] {processor.py:175} INFO - Processing /opt/airflow/dags/new.py took 0.110 seconds
[2023-05-22T21:04:45.845+0000] {processor.py:153} INFO - Started process (PID=23580) to work on /opt/airflow/dags/new.py
[2023-05-22T21:04:45.846+0000] {processor.py:743} INFO - Processing file /opt/airflow/dags/new.py for tasks to queue
[2023-05-22T21:04:45.848+0000] {logging_mixin.py:137} INFO - [2023-05-22T21:04:45.848+0000] {dagbag.py:538} INFO - Filling up the DagBag from /opt/airflow/dags/new.py
[2023-05-22T21:04:45.869+0000] {processor.py:753} INFO - DAG(s) dict_keys(['my_new_dag']) retrieved from /opt/airflow/dags/new.py
[2023-05-22T21:04:45.923+0000] {logging_mixin.py:137} INFO - [2023-05-22T21:04:45.922+0000] {dag.py:2690} INFO - Sync 1 DAGs
[2023-05-22T21:04:45.939+0000] {logging_mixin.py:137} INFO - [2023-05-22T21:04:45.939+0000] {dag.py:3441} INFO - Setting next_dagrun for my_new_dag to 2023-03-24T00:00:00+00:00, run_after=2023-03-25T00:00:00+00:00
[2023-05-22T21:04:45.952+0000] {processor.py:175} INFO - Processing /opt/airflow/dags/new.py took 0.111 seconds
[2023-05-22T21:05:16.266+0000] {processor.py:153} INFO - Started process (PID=23649) to work on /opt/airflow/dags/new.py
[2023-05-22T21:05:16.268+0000] {processor.py:743} INFO - Processing file /opt/airflow/dags/new.py for tasks to queue
[2023-05-22T21:05:16.270+0000] {logging_mixin.py:137} INFO - [2023-05-22T21:05:16.269+0000] {dagbag.py:538} INFO - Filling up the DagBag from /opt/airflow/dags/new.py
[2023-05-22T21:05:16.294+0000] {processor.py:753} INFO - DAG(s) dict_keys(['my_new_dag']) retrieved from /opt/airflow/dags/new.py
[2023-05-22T21:05:16.340+0000] {logging_mixin.py:137} INFO - [2023-05-22T21:05:16.340+0000] {dag.py:2690} INFO - Sync 1 DAGs
[2023-05-22T21:05:16.358+0000] {logging_mixin.py:137} INFO - [2023-05-22T21:05:16.357+0000] {dag.py:3441} INFO - Setting next_dagrun for my_new_dag to 2023-03-24T00:00:00+00:00, run_after=2023-03-25T00:00:00+00:00
[2023-05-22T21:05:16.375+0000] {processor.py:175} INFO - Processing /opt/airflow/dags/new.py took 0.117 seconds
[2023-05-22T21:05:46.481+0000] {processor.py:153} INFO - Started process (PID=23733) to work on /opt/airflow/dags/new.py
[2023-05-22T21:05:46.482+0000] {processor.py:743} INFO - Processing file /opt/airflow/dags/new.py for tasks to queue
[2023-05-22T21:05:46.483+0000] {logging_mixin.py:137} INFO - [2023-05-22T21:05:46.483+0000] {dagbag.py:538} INFO - Filling up the DagBag from /opt/airflow/dags/new.py
[2023-05-22T21:05:46.498+0000] {processor.py:753} INFO - DAG(s) dict_keys(['my_new_dag']) retrieved from /opt/airflow/dags/new.py
[2023-05-22T21:05:46.538+0000] {logging_mixin.py:137} INFO - [2023-05-22T21:05:46.538+0000] {dag.py:2690} INFO - Sync 1 DAGs
[2023-05-22T21:05:46.552+0000] {logging_mixin.py:137} INFO - [2023-05-22T21:05:46.552+0000] {dag.py:3441} INFO - Setting next_dagrun for my_new_dag to 2023-03-24T00:00:00+00:00, run_after=2023-03-25T00:00:00+00:00
[2023-05-22T21:05:46.565+0000] {processor.py:175} INFO - Processing /opt/airflow/dags/new.py took 0.087 seconds
[2023-05-22T21:06:16.831+0000] {processor.py:153} INFO - Started process (PID=23811) to work on /opt/airflow/dags/new.py
[2023-05-22T21:06:16.832+0000] {processor.py:743} INFO - Processing file /opt/airflow/dags/new.py for tasks to queue
[2023-05-22T21:06:16.834+0000] {logging_mixin.py:137} INFO - [2023-05-22T21:06:16.834+0000] {dagbag.py:538} INFO - Filling up the DagBag from /opt/airflow/dags/new.py
[2023-05-22T21:06:16.859+0000] {processor.py:753} INFO - DAG(s) dict_keys(['my_new_dag']) retrieved from /opt/airflow/dags/new.py
[2023-05-22T21:06:16.981+0000] {logging_mixin.py:137} INFO - [2023-05-22T21:06:16.981+0000] {dag.py:2690} INFO - Sync 1 DAGs
[2023-05-22T21:06:17.006+0000] {logging_mixin.py:137} INFO - [2023-05-22T21:06:17.006+0000] {dag.py:3441} INFO - Setting next_dagrun for my_new_dag to 2023-03-24T00:00:00+00:00, run_after=2023-03-25T00:00:00+00:00
[2023-05-22T21:06:17.027+0000] {processor.py:175} INFO - Processing /opt/airflow/dags/new.py took 0.200 seconds
[2023-05-22T21:06:47.073+0000] {processor.py:153} INFO - Started process (PID=23886) to work on /opt/airflow/dags/new.py
[2023-05-22T21:06:47.074+0000] {processor.py:743} INFO - Processing file /opt/airflow/dags/new.py for tasks to queue
[2023-05-22T21:06:47.076+0000] {logging_mixin.py:137} INFO - [2023-05-22T21:06:47.076+0000] {dagbag.py:538} INFO - Filling up the DagBag from /opt/airflow/dags/new.py
[2023-05-22T21:06:47.091+0000] {processor.py:753} INFO - DAG(s) dict_keys(['my_new_dag']) retrieved from /opt/airflow/dags/new.py
[2023-05-22T21:06:47.132+0000] {logging_mixin.py:137} INFO - [2023-05-22T21:06:47.132+0000] {dag.py:2690} INFO - Sync 1 DAGs
[2023-05-22T21:06:47.147+0000] {logging_mixin.py:137} INFO - [2023-05-22T21:06:47.147+0000] {dag.py:3441} INFO - Setting next_dagrun for my_new_dag to 2023-03-24T00:00:00+00:00, run_after=2023-03-25T00:00:00+00:00
[2023-05-22T21:06:47.159+0000] {processor.py:175} INFO - Processing /opt/airflow/dags/new.py took 0.089 seconds
[2023-05-22T21:07:17.246+0000] {processor.py:153} INFO - Started process (PID=23970) to work on /opt/airflow/dags/new.py
[2023-05-22T21:07:17.247+0000] {processor.py:743} INFO - Processing file /opt/airflow/dags/new.py for tasks to queue
[2023-05-22T21:07:17.249+0000] {logging_mixin.py:137} INFO - [2023-05-22T21:07:17.249+0000] {dagbag.py:538} INFO - Filling up the DagBag from /opt/airflow/dags/new.py
[2023-05-22T21:07:17.264+0000] {processor.py:753} INFO - DAG(s) dict_keys(['my_new_dag']) retrieved from /opt/airflow/dags/new.py
[2023-05-22T21:07:17.304+0000] {logging_mixin.py:137} INFO - [2023-05-22T21:07:17.304+0000] {dag.py:2690} INFO - Sync 1 DAGs
[2023-05-22T21:07:17.321+0000] {logging_mixin.py:137} INFO - [2023-05-22T21:07:17.321+0000] {dag.py:3441} INFO - Setting next_dagrun for my_new_dag to 2023-03-24T00:00:00+00:00, run_after=2023-03-25T00:00:00+00:00
[2023-05-22T21:07:17.335+0000] {processor.py:175} INFO - Processing /opt/airflow/dags/new.py took 0.093 seconds
[2023-05-22T21:22:32.846+0000] {processor.py:153} INFO - Started process (PID=24008) to work on /opt/airflow/dags/new.py
[2023-05-22T21:22:32.847+0000] {processor.py:743} INFO - Processing file /opt/airflow/dags/new.py for tasks to queue
[2023-05-22T21:22:32.849+0000] {logging_mixin.py:137} INFO - [2023-05-22T21:22:32.849+0000] {dagbag.py:538} INFO - Filling up the DagBag from /opt/airflow/dags/new.py
[2023-05-22T21:22:32.864+0000] {processor.py:753} INFO - DAG(s) dict_keys(['my_new_dag']) retrieved from /opt/airflow/dags/new.py
[2023-05-22T21:22:32.914+0000] {logging_mixin.py:137} INFO - [2023-05-22T21:22:32.914+0000] {dag.py:2690} INFO - Sync 1 DAGs
[2023-05-22T21:22:32.937+0000] {logging_mixin.py:137} INFO - [2023-05-22T21:22:32.936+0000] {dag.py:3441} INFO - Setting next_dagrun for my_new_dag to 2023-03-24T00:00:00+00:00, run_after=2023-03-25T00:00:00+00:00
[2023-05-22T21:22:32.951+0000] {processor.py:175} INFO - Processing /opt/airflow/dags/new.py took 0.108 seconds
[2023-05-22T21:23:03.408+0000] {processor.py:153} INFO - Started process (PID=24081) to work on /opt/airflow/dags/new.py
[2023-05-22T21:23:03.410+0000] {processor.py:743} INFO - Processing file /opt/airflow/dags/new.py for tasks to queue
[2023-05-22T21:23:03.411+0000] {logging_mixin.py:137} INFO - [2023-05-22T21:23:03.411+0000] {dagbag.py:538} INFO - Filling up the DagBag from /opt/airflow/dags/new.py
[2023-05-22T21:23:03.426+0000] {processor.py:753} INFO - DAG(s) dict_keys(['my_new_dag']) retrieved from /opt/airflow/dags/new.py
[2023-05-22T21:23:03.473+0000] {logging_mixin.py:137} INFO - [2023-05-22T21:23:03.473+0000] {dag.py:2690} INFO - Sync 1 DAGs
[2023-05-22T21:23:03.489+0000] {logging_mixin.py:137} INFO - [2023-05-22T21:23:03.489+0000] {dag.py:3441} INFO - Setting next_dagrun for my_new_dag to 2023-03-24T00:00:00+00:00, run_after=2023-03-25T00:00:00+00:00
[2023-05-22T21:23:03.502+0000] {processor.py:175} INFO - Processing /opt/airflow/dags/new.py took 0.097 seconds
[2023-05-22T21:23:33.557+0000] {processor.py:153} INFO - Started process (PID=24164) to work on /opt/airflow/dags/new.py
[2023-05-22T21:23:33.558+0000] {processor.py:743} INFO - Processing file /opt/airflow/dags/new.py for tasks to queue
[2023-05-22T21:23:33.559+0000] {logging_mixin.py:137} INFO - [2023-05-22T21:23:33.559+0000] {dagbag.py:538} INFO - Filling up the DagBag from /opt/airflow/dags/new.py
[2023-05-22T21:23:33.574+0000] {processor.py:753} INFO - DAG(s) dict_keys(['my_new_dag']) retrieved from /opt/airflow/dags/new.py
[2023-05-22T21:23:33.616+0000] {logging_mixin.py:137} INFO - [2023-05-22T21:23:33.616+0000] {dag.py:2690} INFO - Sync 1 DAGs
[2023-05-22T21:23:33.632+0000] {logging_mixin.py:137} INFO - [2023-05-22T21:23:33.631+0000] {dag.py:3441} INFO - Setting next_dagrun for my_new_dag to 2023-03-24T00:00:00+00:00, run_after=2023-03-25T00:00:00+00:00
[2023-05-22T21:23:33.645+0000] {processor.py:175} INFO - Processing /opt/airflow/dags/new.py took 0.091 seconds
[2023-05-22T21:24:04.700+0000] {processor.py:153} INFO - Started process (PID=24236) to work on /opt/airflow/dags/new.py
[2023-05-22T21:24:04.701+0000] {processor.py:743} INFO - Processing file /opt/airflow/dags/new.py for tasks to queue
[2023-05-22T21:24:04.702+0000] {logging_mixin.py:137} INFO - [2023-05-22T21:24:04.702+0000] {dagbag.py:538} INFO - Filling up the DagBag from /opt/airflow/dags/new.py
[2023-05-22T21:24:04.719+0000] {processor.py:753} INFO - DAG(s) dict_keys(['my_new_dag']) retrieved from /opt/airflow/dags/new.py
[2023-05-22T21:24:04.775+0000] {logging_mixin.py:137} INFO - [2023-05-22T21:24:04.775+0000] {dag.py:2690} INFO - Sync 1 DAGs
[2023-05-22T21:24:04.797+0000] {logging_mixin.py:137} INFO - [2023-05-22T21:24:04.797+0000] {dag.py:3441} INFO - Setting next_dagrun for my_new_dag to 2023-03-24T00:00:00+00:00, run_after=2023-03-25T00:00:00+00:00
[2023-05-22T21:24:04.810+0000] {processor.py:175} INFO - Processing /opt/airflow/dags/new.py took 0.114 seconds
[2023-05-22T21:24:34.978+0000] {processor.py:153} INFO - Started process (PID=24319) to work on /opt/airflow/dags/new.py
[2023-05-22T21:24:34.981+0000] {processor.py:743} INFO - Processing file /opt/airflow/dags/new.py for tasks to queue
[2023-05-22T21:24:34.985+0000] {logging_mixin.py:137} INFO - [2023-05-22T21:24:34.985+0000] {dagbag.py:538} INFO - Filling up the DagBag from /opt/airflow/dags/new.py
[2023-05-22T21:24:35.012+0000] {processor.py:753} INFO - DAG(s) dict_keys(['my_new_dag']) retrieved from /opt/airflow/dags/new.py
[2023-05-22T21:24:35.068+0000] {logging_mixin.py:137} INFO - [2023-05-22T21:24:35.067+0000] {dag.py:2690} INFO - Sync 1 DAGs
[2023-05-22T21:24:35.088+0000] {logging_mixin.py:137} INFO - [2023-05-22T21:24:35.088+0000] {dag.py:3441} INFO - Setting next_dagrun for my_new_dag to 2023-03-24T00:00:00+00:00, run_after=2023-03-25T00:00:00+00:00
[2023-05-22T21:24:35.105+0000] {processor.py:175} INFO - Processing /opt/airflow/dags/new.py took 0.129 seconds
[2023-05-22T21:25:05.153+0000] {processor.py:153} INFO - Started process (PID=24403) to work on /opt/airflow/dags/new.py
[2023-05-22T21:25:05.154+0000] {processor.py:743} INFO - Processing file /opt/airflow/dags/new.py for tasks to queue
[2023-05-22T21:25:05.155+0000] {logging_mixin.py:137} INFO - [2023-05-22T21:25:05.155+0000] {dagbag.py:538} INFO - Filling up the DagBag from /opt/airflow/dags/new.py
[2023-05-22T21:25:05.170+0000] {processor.py:753} INFO - DAG(s) dict_keys(['my_new_dag']) retrieved from /opt/airflow/dags/new.py
[2023-05-22T21:25:05.209+0000] {logging_mixin.py:137} INFO - [2023-05-22T21:25:05.209+0000] {dag.py:2690} INFO - Sync 1 DAGs
[2023-05-22T21:25:05.223+0000] {logging_mixin.py:137} INFO - [2023-05-22T21:25:05.223+0000] {dag.py:3441} INFO - Setting next_dagrun for my_new_dag to 2023-03-24T00:00:00+00:00, run_after=2023-03-25T00:00:00+00:00
[2023-05-22T21:25:05.235+0000] {processor.py:175} INFO - Processing /opt/airflow/dags/new.py took 0.086 seconds
[2023-05-22T21:25:35.304+0000] {processor.py:153} INFO - Started process (PID=24474) to work on /opt/airflow/dags/new.py
[2023-05-22T21:25:35.305+0000] {processor.py:743} INFO - Processing file /opt/airflow/dags/new.py for tasks to queue
[2023-05-22T21:25:35.307+0000] {logging_mixin.py:137} INFO - [2023-05-22T21:25:35.307+0000] {dagbag.py:538} INFO - Filling up the DagBag from /opt/airflow/dags/new.py
[2023-05-22T21:25:35.324+0000] {processor.py:753} INFO - DAG(s) dict_keys(['my_new_dag']) retrieved from /opt/airflow/dags/new.py
[2023-05-22T21:25:35.364+0000] {logging_mixin.py:137} INFO - [2023-05-22T21:25:35.364+0000] {dag.py:2690} INFO - Sync 1 DAGs
[2023-05-22T21:25:35.379+0000] {logging_mixin.py:137} INFO - [2023-05-22T21:25:35.379+0000] {dag.py:3441} INFO - Setting next_dagrun for my_new_dag to 2023-03-24T00:00:00+00:00, run_after=2023-03-25T00:00:00+00:00
[2023-05-22T21:25:35.391+0000] {processor.py:175} INFO - Processing /opt/airflow/dags/new.py took 0.092 seconds
[2023-05-22T21:26:05.458+0000] {processor.py:153} INFO - Started process (PID=24556) to work on /opt/airflow/dags/new.py
[2023-05-22T21:26:05.460+0000] {processor.py:743} INFO - Processing file /opt/airflow/dags/new.py for tasks to queue
[2023-05-22T21:26:05.461+0000] {logging_mixin.py:137} INFO - [2023-05-22T21:26:05.461+0000] {dagbag.py:538} INFO - Filling up the DagBag from /opt/airflow/dags/new.py
[2023-05-22T21:26:05.480+0000] {processor.py:753} INFO - DAG(s) dict_keys(['my_new_dag']) retrieved from /opt/airflow/dags/new.py
[2023-05-22T21:26:05.523+0000] {logging_mixin.py:137} INFO - [2023-05-22T21:26:05.523+0000] {dag.py:2690} INFO - Sync 1 DAGs
[2023-05-22T21:26:05.541+0000] {logging_mixin.py:137} INFO - [2023-05-22T21:26:05.541+0000] {dag.py:3441} INFO - Setting next_dagrun for my_new_dag to 2023-03-24T00:00:00+00:00, run_after=2023-03-25T00:00:00+00:00
[2023-05-22T21:26:05.555+0000] {processor.py:175} INFO - Processing /opt/airflow/dags/new.py took 0.100 seconds
[2023-05-22T21:26:35.770+0000] {processor.py:153} INFO - Started process (PID=24638) to work on /opt/airflow/dags/new.py
[2023-05-22T21:26:35.772+0000] {processor.py:743} INFO - Processing file /opt/airflow/dags/new.py for tasks to queue
[2023-05-22T21:26:35.773+0000] {logging_mixin.py:137} INFO - [2023-05-22T21:26:35.773+0000] {dagbag.py:538} INFO - Filling up the DagBag from /opt/airflow/dags/new.py
[2023-05-22T21:26:35.788+0000] {processor.py:753} INFO - DAG(s) dict_keys(['my_new_dag']) retrieved from /opt/airflow/dags/new.py
[2023-05-22T21:26:35.828+0000] {logging_mixin.py:137} INFO - [2023-05-22T21:26:35.828+0000] {dag.py:2690} INFO - Sync 1 DAGs
[2023-05-22T21:26:35.842+0000] {logging_mixin.py:137} INFO - [2023-05-22T21:26:35.842+0000] {dag.py:3441} INFO - Setting next_dagrun for my_new_dag to 2023-03-24T00:00:00+00:00, run_after=2023-03-25T00:00:00+00:00
[2023-05-22T21:26:35.853+0000] {processor.py:175} INFO - Processing /opt/airflow/dags/new.py took 0.085 seconds
[2023-05-22T21:27:05.921+0000] {processor.py:153} INFO - Started process (PID=24709) to work on /opt/airflow/dags/new.py
[2023-05-22T21:27:05.923+0000] {processor.py:743} INFO - Processing file /opt/airflow/dags/new.py for tasks to queue
[2023-05-22T21:27:05.924+0000] {logging_mixin.py:137} INFO - [2023-05-22T21:27:05.924+0000] {dagbag.py:538} INFO - Filling up the DagBag from /opt/airflow/dags/new.py
[2023-05-22T21:27:05.939+0000] {processor.py:753} INFO - DAG(s) dict_keys(['my_new_dag']) retrieved from /opt/airflow/dags/new.py
[2023-05-22T21:27:05.985+0000] {logging_mixin.py:137} INFO - [2023-05-22T21:27:05.985+0000] {dag.py:2690} INFO - Sync 1 DAGs
[2023-05-22T21:27:06.002+0000] {logging_mixin.py:137} INFO - [2023-05-22T21:27:06.002+0000] {dag.py:3441} INFO - Setting next_dagrun for my_new_dag to 2023-03-24T00:00:00+00:00, run_after=2023-03-25T00:00:00+00:00
[2023-05-22T21:27:06.015+0000] {processor.py:175} INFO - Processing /opt/airflow/dags/new.py took 0.097 seconds
[2023-05-22T21:27:36.188+0000] {processor.py:153} INFO - Started process (PID=24792) to work on /opt/airflow/dags/new.py
[2023-05-22T21:27:36.193+0000] {processor.py:743} INFO - Processing file /opt/airflow/dags/new.py for tasks to queue
[2023-05-22T21:27:36.197+0000] {logging_mixin.py:137} INFO - [2023-05-22T21:27:36.197+0000] {dagbag.py:538} INFO - Filling up the DagBag from /opt/airflow/dags/new.py
[2023-05-22T21:27:36.216+0000] {processor.py:753} INFO - DAG(s) dict_keys(['my_new_dag']) retrieved from /opt/airflow/dags/new.py
[2023-05-22T21:27:36.265+0000] {logging_mixin.py:137} INFO - [2023-05-22T21:27:36.265+0000] {dag.py:2690} INFO - Sync 1 DAGs
[2023-05-22T21:27:36.285+0000] {logging_mixin.py:137} INFO - [2023-05-22T21:27:36.285+0000] {dag.py:3441} INFO - Setting next_dagrun for my_new_dag to 2023-03-24T00:00:00+00:00, run_after=2023-03-25T00:00:00+00:00
[2023-05-22T21:27:36.300+0000] {processor.py:175} INFO - Processing /opt/airflow/dags/new.py took 0.116 seconds
[2023-05-22T21:28:06.427+0000] {processor.py:153} INFO - Started process (PID=24874) to work on /opt/airflow/dags/new.py
[2023-05-22T21:28:06.429+0000] {processor.py:743} INFO - Processing file /opt/airflow/dags/new.py for tasks to queue
[2023-05-22T21:28:06.430+0000] {logging_mixin.py:137} INFO - [2023-05-22T21:28:06.430+0000] {dagbag.py:538} INFO - Filling up the DagBag from /opt/airflow/dags/new.py
[2023-05-22T21:28:06.444+0000] {processor.py:753} INFO - DAG(s) dict_keys(['my_new_dag']) retrieved from /opt/airflow/dags/new.py
[2023-05-22T21:28:06.490+0000] {logging_mixin.py:137} INFO - [2023-05-22T21:28:06.490+0000] {dag.py:2690} INFO - Sync 1 DAGs
[2023-05-22T21:28:06.506+0000] {logging_mixin.py:137} INFO - [2023-05-22T21:28:06.506+0000] {dag.py:3441} INFO - Setting next_dagrun for my_new_dag to 2023-03-24T00:00:00+00:00, run_after=2023-03-25T00:00:00+00:00
[2023-05-22T21:28:06.520+0000] {processor.py:175} INFO - Processing /opt/airflow/dags/new.py took 0.100 seconds
[2023-05-22T21:28:36.657+0000] {processor.py:153} INFO - Started process (PID=24944) to work on /opt/airflow/dags/new.py
[2023-05-22T21:28:36.659+0000] {processor.py:743} INFO - Processing file /opt/airflow/dags/new.py for tasks to queue
[2023-05-22T21:28:36.660+0000] {logging_mixin.py:137} INFO - [2023-05-22T21:28:36.660+0000] {dagbag.py:538} INFO - Filling up the DagBag from /opt/airflow/dags/new.py
[2023-05-22T21:28:36.674+0000] {processor.py:753} INFO - DAG(s) dict_keys(['my_new_dag']) retrieved from /opt/airflow/dags/new.py
[2023-05-22T21:28:36.729+0000] {logging_mixin.py:137} INFO - [2023-05-22T21:28:36.729+0000] {dag.py:2690} INFO - Sync 1 DAGs
[2023-05-22T21:28:36.743+0000] {logging_mixin.py:137} INFO - [2023-05-22T21:28:36.743+0000] {dag.py:3441} INFO - Setting next_dagrun for my_new_dag to 2023-03-24T00:00:00+00:00, run_after=2023-03-25T00:00:00+00:00
[2023-05-22T21:28:36.754+0000] {processor.py:175} INFO - Processing /opt/airflow/dags/new.py took 0.099 seconds
[2023-05-22T21:29:06.872+0000] {processor.py:153} INFO - Started process (PID=25027) to work on /opt/airflow/dags/new.py
[2023-05-22T21:29:06.876+0000] {processor.py:743} INFO - Processing file /opt/airflow/dags/new.py for tasks to queue
[2023-05-22T21:29:06.878+0000] {logging_mixin.py:137} INFO - [2023-05-22T21:29:06.877+0000] {dagbag.py:538} INFO - Filling up the DagBag from /opt/airflow/dags/new.py
[2023-05-22T21:29:06.907+0000] {processor.py:753} INFO - DAG(s) dict_keys(['my_new_dag']) retrieved from /opt/airflow/dags/new.py
[2023-05-22T21:29:06.985+0000] {logging_mixin.py:137} INFO - [2023-05-22T21:29:06.985+0000] {dag.py:2690} INFO - Sync 1 DAGs
[2023-05-22T21:29:07.016+0000] {logging_mixin.py:137} INFO - [2023-05-22T21:29:07.016+0000] {dag.py:3441} INFO - Setting next_dagrun for my_new_dag to 2023-03-24T00:00:00+00:00, run_after=2023-03-25T00:00:00+00:00
[2023-05-22T21:29:07.043+0000] {processor.py:175} INFO - Processing /opt/airflow/dags/new.py took 0.174 seconds
[2023-05-22T21:29:37.131+0000] {processor.py:153} INFO - Started process (PID=25110) to work on /opt/airflow/dags/new.py
[2023-05-22T21:29:37.133+0000] {processor.py:743} INFO - Processing file /opt/airflow/dags/new.py for tasks to queue
[2023-05-22T21:29:37.134+0000] {logging_mixin.py:137} INFO - [2023-05-22T21:29:37.134+0000] {dagbag.py:538} INFO - Filling up the DagBag from /opt/airflow/dags/new.py
[2023-05-22T21:29:37.150+0000] {processor.py:753} INFO - DAG(s) dict_keys(['my_new_dag']) retrieved from /opt/airflow/dags/new.py
[2023-05-22T21:29:37.197+0000] {logging_mixin.py:137} INFO - [2023-05-22T21:29:37.197+0000] {dag.py:2690} INFO - Sync 1 DAGs
[2023-05-22T21:29:37.211+0000] {logging_mixin.py:137} INFO - [2023-05-22T21:29:37.211+0000] {dag.py:3441} INFO - Setting next_dagrun for my_new_dag to 2023-03-24T00:00:00+00:00, run_after=2023-03-25T00:00:00+00:00
[2023-05-22T21:29:37.222+0000] {processor.py:175} INFO - Processing /opt/airflow/dags/new.py took 0.094 seconds
[2023-05-22T21:30:07.286+0000] {processor.py:153} INFO - Started process (PID=25182) to work on /opt/airflow/dags/new.py
[2023-05-22T21:30:07.287+0000] {processor.py:743} INFO - Processing file /opt/airflow/dags/new.py for tasks to queue
[2023-05-22T21:30:07.288+0000] {logging_mixin.py:137} INFO - [2023-05-22T21:30:07.288+0000] {dagbag.py:538} INFO - Filling up the DagBag from /opt/airflow/dags/new.py
[2023-05-22T21:30:07.302+0000] {processor.py:753} INFO - DAG(s) dict_keys(['my_new_dag']) retrieved from /opt/airflow/dags/new.py
[2023-05-22T21:30:07.344+0000] {logging_mixin.py:137} INFO - [2023-05-22T21:30:07.343+0000] {dag.py:2690} INFO - Sync 1 DAGs
[2023-05-22T21:30:07.357+0000] {logging_mixin.py:137} INFO - [2023-05-22T21:30:07.357+0000] {dag.py:3441} INFO - Setting next_dagrun for my_new_dag to 2023-03-24T00:00:00+00:00, run_after=2023-03-25T00:00:00+00:00
[2023-05-22T21:30:07.368+0000] {processor.py:175} INFO - Processing /opt/airflow/dags/new.py took 0.084 seconds
[2023-05-22T21:30:37.415+0000] {processor.py:153} INFO - Started process (PID=25262) to work on /opt/airflow/dags/new.py
[2023-05-22T21:30:37.418+0000] {processor.py:743} INFO - Processing file /opt/airflow/dags/new.py for tasks to queue
[2023-05-22T21:30:37.419+0000] {logging_mixin.py:137} INFO - [2023-05-22T21:30:37.419+0000] {dagbag.py:538} INFO - Filling up the DagBag from /opt/airflow/dags/new.py
[2023-05-22T21:30:37.441+0000] {processor.py:753} INFO - DAG(s) dict_keys(['my_new_dag']) retrieved from /opt/airflow/dags/new.py
[2023-05-22T21:30:37.507+0000] {logging_mixin.py:137} INFO - [2023-05-22T21:30:37.507+0000] {dag.py:2690} INFO - Sync 1 DAGs
[2023-05-22T21:30:37.526+0000] {logging_mixin.py:137} INFO - [2023-05-22T21:30:37.526+0000] {dag.py:3441} INFO - Setting next_dagrun for my_new_dag to 2023-03-24T00:00:00+00:00, run_after=2023-03-25T00:00:00+00:00
[2023-05-22T21:30:37.539+0000] {processor.py:175} INFO - Processing /opt/airflow/dags/new.py took 0.129 seconds
[2023-05-22T21:31:07.600+0000] {processor.py:153} INFO - Started process (PID=25345) to work on /opt/airflow/dags/new.py
[2023-05-22T21:31:07.601+0000] {processor.py:743} INFO - Processing file /opt/airflow/dags/new.py for tasks to queue
[2023-05-22T21:31:07.603+0000] {logging_mixin.py:137} INFO - [2023-05-22T21:31:07.602+0000] {dagbag.py:538} INFO - Filling up the DagBag from /opt/airflow/dags/new.py
[2023-05-22T21:31:07.618+0000] {processor.py:753} INFO - DAG(s) dict_keys(['my_new_dag']) retrieved from /opt/airflow/dags/new.py
[2023-05-22T21:31:07.664+0000] {logging_mixin.py:137} INFO - [2023-05-22T21:31:07.663+0000] {dag.py:2690} INFO - Sync 1 DAGs
[2023-05-22T21:31:07.678+0000] {logging_mixin.py:137} INFO - [2023-05-22T21:31:07.678+0000] {dag.py:3441} INFO - Setting next_dagrun for my_new_dag to 2023-03-24T00:00:00+00:00, run_after=2023-03-25T00:00:00+00:00
[2023-05-22T21:31:07.688+0000] {processor.py:175} INFO - Processing /opt/airflow/dags/new.py took 0.091 seconds
[2023-05-22T21:31:37.819+0000] {processor.py:153} INFO - Started process (PID=25416) to work on /opt/airflow/dags/new.py
[2023-05-22T21:31:37.820+0000] {processor.py:743} INFO - Processing file /opt/airflow/dags/new.py for tasks to queue
[2023-05-22T21:31:37.822+0000] {logging_mixin.py:137} INFO - [2023-05-22T21:31:37.821+0000] {dagbag.py:538} INFO - Filling up the DagBag from /opt/airflow/dags/new.py
[2023-05-22T21:31:37.839+0000] {processor.py:753} INFO - DAG(s) dict_keys(['my_new_dag']) retrieved from /opt/airflow/dags/new.py
[2023-05-22T21:31:37.886+0000] {logging_mixin.py:137} INFO - [2023-05-22T21:31:37.886+0000] {dag.py:2690} INFO - Sync 1 DAGs
[2023-05-22T21:31:37.903+0000] {logging_mixin.py:137} INFO - [2023-05-22T21:31:37.903+0000] {dag.py:3441} INFO - Setting next_dagrun for my_new_dag to 2023-03-24T00:00:00+00:00, run_after=2023-03-25T00:00:00+00:00
[2023-05-22T21:31:37.915+0000] {processor.py:175} INFO - Processing /opt/airflow/dags/new.py took 0.100 seconds
[2023-05-22T21:32:07.988+0000] {processor.py:153} INFO - Started process (PID=25500) to work on /opt/airflow/dags/new.py
[2023-05-22T21:32:07.989+0000] {processor.py:743} INFO - Processing file /opt/airflow/dags/new.py for tasks to queue
[2023-05-22T21:32:07.990+0000] {logging_mixin.py:137} INFO - [2023-05-22T21:32:07.990+0000] {dagbag.py:538} INFO - Filling up the DagBag from /opt/airflow/dags/new.py
[2023-05-22T21:32:08.012+0000] {processor.py:753} INFO - DAG(s) dict_keys(['my_new_dag']) retrieved from /opt/airflow/dags/new.py
[2023-05-22T21:32:08.063+0000] {logging_mixin.py:137} INFO - [2023-05-22T21:32:08.063+0000] {dag.py:2690} INFO - Sync 1 DAGs
[2023-05-22T21:32:08.084+0000] {logging_mixin.py:137} INFO - [2023-05-22T21:32:08.084+0000] {dag.py:3441} INFO - Setting next_dagrun for my_new_dag to 2023-03-24T00:00:00+00:00, run_after=2023-03-25T00:00:00+00:00
[2023-05-22T21:32:08.108+0000] {processor.py:175} INFO - Processing /opt/airflow/dags/new.py took 0.123 seconds
[2023-05-22T21:32:38.142+0000] {processor.py:153} INFO - Started process (PID=25584) to work on /opt/airflow/dags/new.py
[2023-05-22T21:32:38.143+0000] {processor.py:743} INFO - Processing file /opt/airflow/dags/new.py for tasks to queue
[2023-05-22T21:32:38.145+0000] {logging_mixin.py:137} INFO - [2023-05-22T21:32:38.145+0000] {dagbag.py:538} INFO - Filling up the DagBag from /opt/airflow/dags/new.py
[2023-05-22T21:32:38.162+0000] {processor.py:753} INFO - DAG(s) dict_keys(['my_new_dag']) retrieved from /opt/airflow/dags/new.py
[2023-05-22T21:32:38.201+0000] {logging_mixin.py:137} INFO - [2023-05-22T21:32:38.200+0000] {dag.py:2690} INFO - Sync 1 DAGs
[2023-05-22T21:32:38.215+0000] {logging_mixin.py:137} INFO - [2023-05-22T21:32:38.215+0000] {dag.py:3441} INFO - Setting next_dagrun for my_new_dag to 2023-03-24T00:00:00+00:00, run_after=2023-03-25T00:00:00+00:00
[2023-05-22T21:32:38.227+0000] {processor.py:175} INFO - Processing /opt/airflow/dags/new.py took 0.088 seconds
[2023-05-22T21:33:08.316+0000] {processor.py:153} INFO - Started process (PID=25651) to work on /opt/airflow/dags/new.py
[2023-05-22T21:33:08.318+0000] {processor.py:743} INFO - Processing file /opt/airflow/dags/new.py for tasks to queue
[2023-05-22T21:33:08.319+0000] {logging_mixin.py:137} INFO - [2023-05-22T21:33:08.319+0000] {dagbag.py:538} INFO - Filling up the DagBag from /opt/airflow/dags/new.py
[2023-05-22T21:33:08.337+0000] {processor.py:753} INFO - DAG(s) dict_keys(['my_new_dag']) retrieved from /opt/airflow/dags/new.py
[2023-05-22T21:33:08.387+0000] {logging_mixin.py:137} INFO - [2023-05-22T21:33:08.387+0000] {dag.py:2690} INFO - Sync 1 DAGs
[2023-05-22T21:33:08.403+0000] {logging_mixin.py:137} INFO - [2023-05-22T21:33:08.403+0000] {dag.py:3441} INFO - Setting next_dagrun for my_new_dag to 2023-03-24T00:00:00+00:00, run_after=2023-03-25T00:00:00+00:00
[2023-05-22T21:33:08.415+0000] {processor.py:175} INFO - Processing /opt/airflow/dags/new.py took 0.103 seconds
[2023-05-22T21:33:38.686+0000] {processor.py:153} INFO - Started process (PID=25734) to work on /opt/airflow/dags/new.py
[2023-05-22T21:33:38.688+0000] {processor.py:743} INFO - Processing file /opt/airflow/dags/new.py for tasks to queue
[2023-05-22T21:33:38.689+0000] {logging_mixin.py:137} INFO - [2023-05-22T21:33:38.689+0000] {dagbag.py:538} INFO - Filling up the DagBag from /opt/airflow/dags/new.py
[2023-05-22T21:33:38.722+0000] {processor.py:753} INFO - DAG(s) dict_keys(['my_new_dag']) retrieved from /opt/airflow/dags/new.py
[2023-05-22T21:33:38.787+0000] {logging_mixin.py:137} INFO - [2023-05-22T21:33:38.787+0000] {dag.py:2690} INFO - Sync 1 DAGs
[2023-05-22T21:33:38.803+0000] {logging_mixin.py:137} INFO - [2023-05-22T21:33:38.803+0000] {dag.py:3441} INFO - Setting next_dagrun for my_new_dag to 2023-03-24T00:00:00+00:00, run_after=2023-03-25T00:00:00+00:00
[2023-05-22T21:33:38.817+0000] {processor.py:175} INFO - Processing /opt/airflow/dags/new.py took 0.134 seconds
[2023-05-22T21:34:08.949+0000] {processor.py:153} INFO - Started process (PID=25817) to work on /opt/airflow/dags/new.py
[2023-05-22T21:34:08.951+0000] {processor.py:743} INFO - Processing file /opt/airflow/dags/new.py for tasks to queue
[2023-05-22T21:34:08.952+0000] {logging_mixin.py:137} INFO - [2023-05-22T21:34:08.952+0000] {dagbag.py:538} INFO - Filling up the DagBag from /opt/airflow/dags/new.py
[2023-05-22T21:34:08.970+0000] {processor.py:753} INFO - DAG(s) dict_keys(['my_new_dag']) retrieved from /opt/airflow/dags/new.py
[2023-05-22T21:34:09.011+0000] {logging_mixin.py:137} INFO - [2023-05-22T21:34:09.011+0000] {dag.py:2690} INFO - Sync 1 DAGs
[2023-05-22T21:34:09.028+0000] {logging_mixin.py:137} INFO - [2023-05-22T21:34:09.028+0000] {dag.py:3441} INFO - Setting next_dagrun for my_new_dag to 2023-03-24T00:00:00+00:00, run_after=2023-03-25T00:00:00+00:00
[2023-05-22T21:34:09.041+0000] {processor.py:175} INFO - Processing /opt/airflow/dags/new.py took 0.095 seconds
[2023-05-22T21:34:39.241+0000] {processor.py:153} INFO - Started process (PID=25886) to work on /opt/airflow/dags/new.py
[2023-05-22T21:34:39.243+0000] {processor.py:743} INFO - Processing file /opt/airflow/dags/new.py for tasks to queue
[2023-05-22T21:34:39.244+0000] {logging_mixin.py:137} INFO - [2023-05-22T21:34:39.244+0000] {dagbag.py:538} INFO - Filling up the DagBag from /opt/airflow/dags/new.py
[2023-05-22T21:34:39.262+0000] {processor.py:753} INFO - DAG(s) dict_keys(['my_new_dag']) retrieved from /opt/airflow/dags/new.py
[2023-05-22T21:34:39.302+0000] {logging_mixin.py:137} INFO - [2023-05-22T21:34:39.302+0000] {dag.py:2690} INFO - Sync 1 DAGs
[2023-05-22T21:34:39.316+0000] {logging_mixin.py:137} INFO - [2023-05-22T21:34:39.316+0000] {dag.py:3441} INFO - Setting next_dagrun for my_new_dag to 2023-03-24T00:00:00+00:00, run_after=2023-03-25T00:00:00+00:00
[2023-05-22T21:34:39.327+0000] {processor.py:175} INFO - Processing /opt/airflow/dags/new.py took 0.088 seconds
[2023-05-22T21:35:09.401+0000] {processor.py:153} INFO - Started process (PID=25968) to work on /opt/airflow/dags/new.py
[2023-05-22T21:35:09.402+0000] {processor.py:743} INFO - Processing file /opt/airflow/dags/new.py for tasks to queue
[2023-05-22T21:35:09.403+0000] {logging_mixin.py:137} INFO - [2023-05-22T21:35:09.403+0000] {dagbag.py:538} INFO - Filling up the DagBag from /opt/airflow/dags/new.py
[2023-05-22T21:35:09.424+0000] {processor.py:753} INFO - DAG(s) dict_keys(['my_new_dag']) retrieved from /opt/airflow/dags/new.py
[2023-05-22T21:35:09.472+0000] {logging_mixin.py:137} INFO - [2023-05-22T21:35:09.472+0000] {dag.py:2690} INFO - Sync 1 DAGs
[2023-05-22T21:35:09.490+0000] {logging_mixin.py:137} INFO - [2023-05-22T21:35:09.490+0000] {dag.py:3441} INFO - Setting next_dagrun for my_new_dag to 2023-03-24T00:00:00+00:00, run_after=2023-03-25T00:00:00+00:00
[2023-05-22T21:35:09.503+0000] {processor.py:175} INFO - Processing /opt/airflow/dags/new.py took 0.105 seconds
[2023-05-22T21:40:30.373+0000] {processor.py:153} INFO - Started process (PID=26039) to work on /opt/airflow/dags/new.py
[2023-05-22T21:40:30.375+0000] {processor.py:743} INFO - Processing file /opt/airflow/dags/new.py for tasks to queue
[2023-05-22T21:40:30.376+0000] {logging_mixin.py:137} INFO - [2023-05-22T21:40:30.376+0000] {dagbag.py:538} INFO - Filling up the DagBag from /opt/airflow/dags/new.py
[2023-05-22T21:40:30.394+0000] {processor.py:753} INFO - DAG(s) dict_keys(['my_new_dag']) retrieved from /opt/airflow/dags/new.py
[2023-05-22T21:40:30.435+0000] {logging_mixin.py:137} INFO - [2023-05-22T21:40:30.435+0000] {dag.py:2690} INFO - Sync 1 DAGs
[2023-05-22T21:40:30.450+0000] {logging_mixin.py:137} INFO - [2023-05-22T21:40:30.450+0000] {dag.py:3441} INFO - Setting next_dagrun for my_new_dag to 2023-03-24T00:00:00+00:00, run_after=2023-03-25T00:00:00+00:00
[2023-05-22T21:40:30.461+0000] {processor.py:175} INFO - Processing /opt/airflow/dags/new.py took 0.091 seconds
[2023-05-22T21:41:01.567+0000] {processor.py:153} INFO - Started process (PID=26122) to work on /opt/airflow/dags/new.py
[2023-05-22T21:41:01.568+0000] {processor.py:743} INFO - Processing file /opt/airflow/dags/new.py for tasks to queue
[2023-05-22T21:41:01.569+0000] {logging_mixin.py:137} INFO - [2023-05-22T21:41:01.569+0000] {dagbag.py:538} INFO - Filling up the DagBag from /opt/airflow/dags/new.py
[2023-05-22T21:41:01.588+0000] {processor.py:753} INFO - DAG(s) dict_keys(['my_new_dag']) retrieved from /opt/airflow/dags/new.py
[2023-05-22T21:41:01.630+0000] {logging_mixin.py:137} INFO - [2023-05-22T21:41:01.630+0000] {dag.py:2690} INFO - Sync 1 DAGs
[2023-05-22T21:41:01.646+0000] {logging_mixin.py:137} INFO - [2023-05-22T21:41:01.646+0000] {dag.py:3441} INFO - Setting next_dagrun for my_new_dag to 2023-03-24T00:00:00+00:00, run_after=2023-03-25T00:00:00+00:00
[2023-05-22T21:41:01.664+0000] {processor.py:175} INFO - Processing /opt/airflow/dags/new.py took 0.100 seconds
[2023-05-22T21:46:29.510+0000] {processor.py:153} INFO - Started process (PID=26193) to work on /opt/airflow/dags/new.py
[2023-05-22T21:46:29.514+0000] {processor.py:743} INFO - Processing file /opt/airflow/dags/new.py for tasks to queue
[2023-05-22T21:46:29.518+0000] {logging_mixin.py:137} INFO - [2023-05-22T21:46:29.518+0000] {dagbag.py:538} INFO - Filling up the DagBag from /opt/airflow/dags/new.py
[2023-05-22T21:46:29.593+0000] {processor.py:753} INFO - DAG(s) dict_keys(['my_new_dag']) retrieved from /opt/airflow/dags/new.py
[2023-05-22T21:46:29.698+0000] {logging_mixin.py:137} INFO - [2023-05-22T21:46:29.698+0000] {dag.py:2690} INFO - Sync 1 DAGs
[2023-05-22T21:46:29.736+0000] {logging_mixin.py:137} INFO - [2023-05-22T21:46:29.736+0000] {dag.py:3441} INFO - Setting next_dagrun for my_new_dag to 2023-03-24T00:00:00+00:00, run_after=2023-03-25T00:00:00+00:00
[2023-05-22T21:46:29.781+0000] {processor.py:175} INFO - Processing /opt/airflow/dags/new.py took 0.279 seconds
[2023-05-22T22:17:38.146+0000] {processor.py:153} INFO - Started process (PID=26276) to work on /opt/airflow/dags/new.py
[2023-05-22T22:17:38.149+0000] {processor.py:743} INFO - Processing file /opt/airflow/dags/new.py for tasks to queue
[2023-05-22T22:17:38.161+0000] {logging_mixin.py:137} INFO - [2023-05-22T22:17:38.161+0000] {dagbag.py:538} INFO - Filling up the DagBag from /opt/airflow/dags/new.py
[2023-05-22T22:17:38.211+0000] {processor.py:753} INFO - DAG(s) dict_keys(['my_new_dag']) retrieved from /opt/airflow/dags/new.py
[2023-05-22T22:17:38.310+0000] {logging_mixin.py:137} INFO - [2023-05-22T22:17:38.309+0000] {dag.py:2690} INFO - Sync 1 DAGs
[2023-05-22T22:17:38.356+0000] {logging_mixin.py:137} INFO - [2023-05-22T22:17:38.356+0000] {dag.py:3441} INFO - Setting next_dagrun for my_new_dag to 2023-03-24T00:00:00+00:00, run_after=2023-03-25T00:00:00+00:00
[2023-05-22T22:17:38.419+0000] {processor.py:175} INFO - Processing /opt/airflow/dags/new.py took 0.276 seconds
[2023-05-22T23:00:50.016+0000] {processor.py:153} INFO - Started process (PID=26358) to work on /opt/airflow/dags/new.py
[2023-05-22T23:00:50.021+0000] {processor.py:743} INFO - Processing file /opt/airflow/dags/new.py for tasks to queue
[2023-05-22T23:00:50.025+0000] {logging_mixin.py:137} INFO - [2023-05-22T23:00:50.024+0000] {dagbag.py:538} INFO - Filling up the DagBag from /opt/airflow/dags/new.py
[2023-05-22T23:00:50.053+0000] {processor.py:753} INFO - DAG(s) dict_keys(['my_new_dag']) retrieved from /opt/airflow/dags/new.py
[2023-05-22T23:00:50.114+0000] {logging_mixin.py:137} INFO - [2023-05-22T23:00:50.113+0000] {dag.py:2690} INFO - Sync 1 DAGs
[2023-05-22T23:00:50.139+0000] {logging_mixin.py:137} INFO - [2023-05-22T23:00:50.139+0000] {dag.py:3441} INFO - Setting next_dagrun for my_new_dag to 2023-03-24T00:00:00+00:00, run_after=2023-03-25T00:00:00+00:00
[2023-05-22T23:00:50.162+0000] {processor.py:175} INFO - Processing /opt/airflow/dags/new.py took 0.150 seconds
