[2023-12-17T15:25:25.127+0000] {taskinstance.py:1157} INFO - Dependencies all met for dep_context=non-requeueable deps ti=<TaskInstance: read_s3_data.read_s3_data scheduled__2022-09-03T00:00:00+00:00 [queued]>
[2023-12-17T15:25:25.348+0000] {taskinstance.py:1157} INFO - Dependencies all met for dep_context=requeueable deps ti=<TaskInstance: read_s3_data.read_s3_data scheduled__2022-09-03T00:00:00+00:00 [queued]>
[2023-12-17T15:25:25.367+0000] {taskinstance.py:1359} INFO - Starting attempt 4 of 4
[2023-12-17T15:25:25.768+0000] {taskinstance.py:1380} INFO - Executing <Task(PythonOperator): read_s3_data> on 2022-09-03 00:00:00+00:00
[2023-12-17T15:25:26.014+0000] {standard_task_runner.py:57} INFO - Started process 26396 to run task
[2023-12-17T15:25:26.148+0000] {standard_task_runner.py:84} INFO - Running: ['***', 'tasks', 'run', 'read_s3_data', 'read_s3_data', 'scheduled__2022-09-03T00:00:00+00:00', '--job-id', '6473', '--raw', '--subdir', 'DAGS_FOLDER/read.py', '--cfg-path', '/tmp/tmpmv1jdnr_']
[2023-12-17T15:25:26.205+0000] {standard_task_runner.py:85} INFO - Job 6473: Subtask read_s3_data
[2023-12-17T15:25:27.211+0000] {task_command.py:415} INFO - Running <TaskInstance: read_s3_data.read_s3_data scheduled__2022-09-03T00:00:00+00:00 [running]> on host 533efb53d454
[2023-12-17T15:25:28.118+0000] {taskinstance.py:1660} INFO - Exporting env vars: AIRFLOW_CTX_DAG_OWNER='***' AIRFLOW_CTX_DAG_ID='read_s3_data' AIRFLOW_CTX_TASK_ID='read_s3_data' AIRFLOW_CTX_EXECUTION_DATE='2022-09-03T00:00:00+00:00' AIRFLOW_CTX_TRY_NUMBER='4' AIRFLOW_CTX_DAG_RUN_ID='scheduled__2022-09-03T00:00:00+00:00'
[2023-12-17T15:25:28.151+0000] {taskinstance.py:1935} ERROR - Task failed with exception
Traceback (most recent call last):
  File "/home/airflow/.local/lib/python3.11/site-packages/airflow/operators/python.py", line 192, in execute
    return_value = self.execute_callable()
                   ^^^^^^^^^^^^^^^^^^^^^^^
  File "/home/airflow/.local/lib/python3.11/site-packages/airflow/operators/python.py", line 209, in execute_callable
    return self.python_callable(*self.op_args, **self.op_kwargs)
           ^^^^^^^^^^^^^^^^^^^^^^^^^^^^^^^^^^^^^^^^^^^^^^^^^^^^^
TypeError: generic_s3_clients() missing 2 required positional arguments: 'ACCESS_KEY' and 'SECRET_KEY'
[2023-12-17T15:25:28.230+0000] {taskinstance.py:1398} INFO - Marking task as FAILED. dag_id=read_s3_data, task_id=read_s3_data, execution_date=20220903T000000, start_date=20231217T152525, end_date=20231217T152528
[2023-12-17T15:25:28.372+0000] {standard_task_runner.py:104} ERROR - Failed to execute job 6473 for task read_s3_data (generic_s3_clients() missing 2 required positional arguments: 'ACCESS_KEY' and 'SECRET_KEY'; 26396)
[2023-12-17T15:25:28.628+0000] {local_task_job_runner.py:228} INFO - Task exited with return code 1
[2023-12-17T15:25:29.030+0000] {taskinstance.py:2776} INFO - 0 downstream tasks scheduled from follow-on schedule check
[2023-12-24T17:02:29.948+0000] {taskinstance.py:1157} INFO - Dependencies all met for dep_context=non-requeueable deps ti=<TaskInstance: read_s3_data.read_s3_data scheduled__2022-09-03T00:00:00+00:00 [queued]>
[2023-12-24T17:02:30.005+0000] {taskinstance.py:1157} INFO - Dependencies all met for dep_context=requeueable deps ti=<TaskInstance: read_s3_data.read_s3_data scheduled__2022-09-03T00:00:00+00:00 [queued]>
[2023-12-24T17:02:30.041+0000] {taskinstance.py:1359} INFO - Starting attempt 4 of 4
[2023-12-24T17:02:30.165+0000] {taskinstance.py:1380} INFO - Executing <Task(PythonOperator): read_s3_data> on 2022-09-03 00:00:00+00:00
[2023-12-24T17:02:30.226+0000] {standard_task_runner.py:57} INFO - Started process 859 to run task
[2023-12-24T17:02:30.331+0000] {standard_task_runner.py:84} INFO - Running: ['***', 'tasks', 'run', 'read_s3_data', 'read_s3_data', 'scheduled__2022-09-03T00:00:00+00:00', '--job-id', '193', '--raw', '--subdir', 'DAGS_FOLDER/read.py', '--cfg-path', '/tmp/tmp7v5s3m0z']
[2023-12-24T17:02:32.352+0000] {standard_task_runner.py:85} INFO - Job 193: Subtask read_s3_data
[2023-12-24T17:02:33.601+0000] {task_command.py:415} INFO - Running <TaskInstance: read_s3_data.read_s3_data scheduled__2022-09-03T00:00:00+00:00 [running]> on host 37dc6044b459
[2023-12-24T17:02:33.885+0000] {taskinstance.py:1660} INFO - Exporting env vars: AIRFLOW_CTX_DAG_OWNER='***' AIRFLOW_CTX_DAG_ID='read_s3_data' AIRFLOW_CTX_TASK_ID='read_s3_data' AIRFLOW_CTX_EXECUTION_DATE='2022-09-03T00:00:00+00:00' AIRFLOW_CTX_TRY_NUMBER='4' AIRFLOW_CTX_DAG_RUN_ID='scheduled__2022-09-03T00:00:00+00:00'
[2023-12-24T17:03:34.583+0000] {python.py:194} INFO - Done. Returned value was:                             customer_id  ... customer_state
0      06b8999e2fba1a1fbc88172c00ba8bc7  ...             SP
1      18955e83d337fd6b2def6b18a428ac77  ...             SP
2      4e7b3e00288586ebd08712fdd0374a03  ...             SP
3      b2b6027bc5c5109e529d4dc6358b12c3  ...             SP
4      4f2d8ab171c80ec8364f7c12e35b23ad  ...             SP
...                                 ...  ...            ...
99436  17ddf5dd5d51696bb3d7c6291687be6f  ...             SP
99437  e7b71a9017aa05c9a7fd292d714858e8  ...             SP
99438  5e28dfe12db7fb50a4b2f691faecea5e  ...             CE
99439  56b18e2166679b8a959d72dd06da27f9  ...             RS
99440  274fa6071e5e17fe303b9748641082c8  ...             SP

[99441 rows x 5 columns]
[2023-12-24T17:03:34.768+0000] {warnings.py:109} WARNING - /home/***/.local/lib/python3.11/site-packages/pyarrow/pandas_compat.py:373: FutureWarning: is_sparse is deprecated and will be removed in a future version. Check `isinstance(dtype, pd.SparseDtype)` instead.
  if _pandas_api.is_sparse(col):

[2023-12-24T17:03:36.575+0000] {taskinstance.py:1398} INFO - Marking task as SUCCESS. dag_id=read_s3_data, task_id=read_s3_data, execution_date=20220903T000000, start_date=20231224T170229, end_date=20231224T170336
[2023-12-24T17:03:36.692+0000] {local_task_job_runner.py:228} INFO - Task exited with return code 0
[2023-12-24T17:03:36.740+0000] {taskinstance.py:2776} INFO - 0 downstream tasks scheduled from follow-on schedule check
