[2023-12-17T15:11:44.787+0000] {taskinstance.py:1157} INFO - Dependencies all met for dep_context=non-requeueable deps ti=<TaskInstance: read_s3_data.read_s3_data scheduled__2022-08-26T00:00:00+00:00 [queued]>
[2023-12-17T15:11:44.859+0000] {taskinstance.py:1157} INFO - Dependencies all met for dep_context=requeueable deps ti=<TaskInstance: read_s3_data.read_s3_data scheduled__2022-08-26T00:00:00+00:00 [queued]>
[2023-12-17T15:11:44.866+0000] {taskinstance.py:1359} INFO - Starting attempt 4 of 4
[2023-12-17T15:11:44.989+0000] {taskinstance.py:1380} INFO - Executing <Task(PythonOperator): read_s3_data> on 2022-08-26 00:00:00+00:00
[2023-12-17T15:11:45.173+0000] {standard_task_runner.py:57} INFO - Started process 25845 to run task
[2023-12-17T15:11:45.210+0000] {standard_task_runner.py:84} INFO - Running: ['***', 'tasks', 'run', 'read_s3_data', 'read_s3_data', 'scheduled__2022-08-26T00:00:00+00:00', '--job-id', '6372', '--raw', '--subdir', 'DAGS_FOLDER/read.py', '--cfg-path', '/tmp/tmp9h08hqq8']
[2023-12-17T15:11:45.234+0000] {standard_task_runner.py:85} INFO - Job 6372: Subtask read_s3_data
[2023-12-17T15:11:45.799+0000] {task_command.py:415} INFO - Running <TaskInstance: read_s3_data.read_s3_data scheduled__2022-08-26T00:00:00+00:00 [running]> on host 533efb53d454
[2023-12-17T15:11:46.687+0000] {taskinstance.py:1660} INFO - Exporting env vars: AIRFLOW_CTX_DAG_OWNER='***' AIRFLOW_CTX_DAG_ID='read_s3_data' AIRFLOW_CTX_TASK_ID='read_s3_data' AIRFLOW_CTX_EXECUTION_DATE='2022-08-26T00:00:00+00:00' AIRFLOW_CTX_TRY_NUMBER='4' AIRFLOW_CTX_DAG_RUN_ID='scheduled__2022-08-26T00:00:00+00:00'
[2023-12-17T15:11:46.750+0000] {taskinstance.py:1935} ERROR - Task failed with exception
Traceback (most recent call last):
  File "/home/airflow/.local/lib/python3.11/site-packages/airflow/operators/python.py", line 192, in execute
    return_value = self.execute_callable()
                   ^^^^^^^^^^^^^^^^^^^^^^^
  File "/home/airflow/.local/lib/python3.11/site-packages/airflow/operators/python.py", line 209, in execute_callable
    return self.python_callable(*self.op_args, **self.op_kwargs)
           ^^^^^^^^^^^^^^^^^^^^^^^^^^^^^^^^^^^^^^^^^^^^^^^^^^^^^
TypeError: generic_s3_clients() missing 2 required positional arguments: 'ACCESS_KEY' and 'SECRET_KEY'
[2023-12-17T15:11:46.838+0000] {taskinstance.py:1398} INFO - Marking task as FAILED. dag_id=read_s3_data, task_id=read_s3_data, execution_date=20220826T000000, start_date=20231217T151144, end_date=20231217T151146
[2023-12-17T15:11:47.080+0000] {standard_task_runner.py:104} ERROR - Failed to execute job 6372 for task read_s3_data (generic_s3_clients() missing 2 required positional arguments: 'ACCESS_KEY' and 'SECRET_KEY'; 25845)
[2023-12-17T15:11:47.897+0000] {local_task_job_runner.py:228} INFO - Task exited with return code 1
[2023-12-17T15:11:48.478+0000] {taskinstance.py:2776} INFO - 0 downstream tasks scheduled from follow-on schedule check
[2023-12-24T17:01:22.855+0000] {taskinstance.py:1157} INFO - Dependencies all met for dep_context=non-requeueable deps ti=<TaskInstance: read_s3_data.read_s3_data scheduled__2022-08-26T00:00:00+00:00 [queued]>
[2023-12-24T17:01:22.876+0000] {taskinstance.py:1157} INFO - Dependencies all met for dep_context=requeueable deps ti=<TaskInstance: read_s3_data.read_s3_data scheduled__2022-08-26T00:00:00+00:00 [queued]>
[2023-12-24T17:01:22.878+0000] {taskinstance.py:1359} INFO - Starting attempt 4 of 4
[2023-12-24T17:01:22.901+0000] {taskinstance.py:1380} INFO - Executing <Task(PythonOperator): read_s3_data> on 2022-08-26 00:00:00+00:00
[2023-12-24T17:01:22.910+0000] {standard_task_runner.py:57} INFO - Started process 611 to run task
[2023-12-24T17:01:22.915+0000] {standard_task_runner.py:84} INFO - Running: ['***', 'tasks', 'run', 'read_s3_data', 'read_s3_data', 'scheduled__2022-08-26T00:00:00+00:00', '--job-id', '138', '--raw', '--subdir', 'DAGS_FOLDER/read.py', '--cfg-path', '/tmp/tmpayxgdqcv']
[2023-12-24T17:01:22.919+0000] {standard_task_runner.py:85} INFO - Job 138: Subtask read_s3_data
[2023-12-24T17:01:22.985+0000] {task_command.py:415} INFO - Running <TaskInstance: read_s3_data.read_s3_data scheduled__2022-08-26T00:00:00+00:00 [running]> on host 37dc6044b459
[2023-12-24T17:01:23.187+0000] {taskinstance.py:1660} INFO - Exporting env vars: AIRFLOW_CTX_DAG_OWNER='***' AIRFLOW_CTX_DAG_ID='read_s3_data' AIRFLOW_CTX_TASK_ID='read_s3_data' AIRFLOW_CTX_EXECUTION_DATE='2022-08-26T00:00:00+00:00' AIRFLOW_CTX_TRY_NUMBER='4' AIRFLOW_CTX_DAG_RUN_ID='scheduled__2022-08-26T00:00:00+00:00'
[2023-12-24T17:01:23.252+0000] {taskinstance.py:1935} ERROR - Task failed with exception
Traceback (most recent call last):
  File "/home/airflow/.local/lib/python3.11/site-packages/airflow/operators/python.py", line 192, in execute
    return_value = self.execute_callable()
                   ^^^^^^^^^^^^^^^^^^^^^^^
  File "/home/airflow/.local/lib/python3.11/site-packages/airflow/operators/python.py", line 209, in execute_callable
    return self.python_callable(*self.op_args, **self.op_kwargs)
           ^^^^^^^^^^^^^^^^^^^^^^^^^^^^^^^^^^^^^^^^^^^^^^^^^^^^^
  File "/opt/airflow/dags/read.py", line 29, in read_s3_file
    session = boto3.session.Session(aws_access_key_id=Variable.get('ACCESS_KEY'),
                                                     ^^^^^^^^^^^^^^^^^^^^^^^^^^
  File "/home/airflow/.local/lib/python3.11/site-packages/airflow/models/variable.py", line 140, in get
    raise KeyError(f"Variable {key} does not exist")
KeyError: 'Variable ACCESS_KEY does not exist'
[2023-12-24T17:01:23.284+0000] {taskinstance.py:1398} INFO - Marking task as FAILED. dag_id=read_s3_data, task_id=read_s3_data, execution_date=20220826T000000, start_date=20231224T170122, end_date=20231224T170123
[2023-12-24T17:01:23.308+0000] {standard_task_runner.py:104} ERROR - Failed to execute job 138 for task read_s3_data ('Variable ACCESS_KEY does not exist'; 611)
[2023-12-24T17:01:23.342+0000] {local_task_job_runner.py:228} INFO - Task exited with return code 1
[2023-12-24T17:01:23.367+0000] {taskinstance.py:2776} INFO - 0 downstream tasks scheduled from follow-on schedule check
