[2023-05-24T01:16:26.707+0000] {processor.py:153} INFO - Started process (PID=29480) to work on /opt/airflow/dags/read_s3.py
[2023-05-24T01:16:26.712+0000] {processor.py:743} INFO - Processing file /opt/airflow/dags/read_s3.py for tasks to queue
[2023-05-24T01:16:26.714+0000] {logging_mixin.py:137} INFO - [2023-05-24T01:16:26.713+0000] {dagbag.py:538} INFO - Filling up the DagBag from /opt/airflow/dags/read_s3.py
[2023-05-24T01:16:26.784+0000] {logging_mixin.py:137} INFO - [2023-05-24T01:16:26.779+0000] {dagbag.py:343} ERROR - Failed to import: /opt/airflow/dags/read_s3.py
Traceback (most recent call last):
  File "/home/airflow/.local/lib/python3.7/site-packages/airflow/models/dagbag.py", line 339, in parse
    loader.exec_module(new_module)
  File "<frozen importlib._bootstrap_external>", line 728, in exec_module
  File "<frozen importlib._bootstrap>", line 219, in _call_with_frames_removed
  File "/opt/airflow/dags/read_s3.py", line 6, in <module>
    import awswrangler as wr
ModuleNotFoundError: No module named 'awswrangler'
[2023-05-24T01:16:26.788+0000] {processor.py:755} WARNING - No viable dags retrieved from /opt/airflow/dags/read_s3.py
[2023-05-24T01:16:26.837+0000] {processor.py:175} INFO - Processing /opt/airflow/dags/read_s3.py took 0.135 seconds
[2023-05-24T02:36:10.417+0000] {processor.py:153} INFO - Started process (PID=29562) to work on /opt/airflow/dags/read_s3.py
[2023-05-24T02:36:10.420+0000] {processor.py:743} INFO - Processing file /opt/airflow/dags/read_s3.py for tasks to queue
[2023-05-24T02:36:10.421+0000] {logging_mixin.py:137} INFO - [2023-05-24T02:36:10.421+0000] {dagbag.py:538} INFO - Filling up the DagBag from /opt/airflow/dags/read_s3.py
[2023-05-24T02:36:10.472+0000] {logging_mixin.py:137} INFO - [2023-05-24T02:36:10.470+0000] {dagbag.py:343} ERROR - Failed to import: /opt/airflow/dags/read_s3.py
Traceback (most recent call last):
  File "/home/airflow/.local/lib/python3.7/site-packages/airflow/models/dagbag.py", line 339, in parse
    loader.exec_module(new_module)
  File "<frozen importlib._bootstrap_external>", line 728, in exec_module
  File "<frozen importlib._bootstrap>", line 219, in _call_with_frames_removed
  File "/opt/airflow/dags/read_s3.py", line 6, in <module>
    import awswrangler as wr
ModuleNotFoundError: No module named 'awswrangler'
[2023-05-24T02:36:10.474+0000] {processor.py:755} WARNING - No viable dags retrieved from /opt/airflow/dags/read_s3.py
[2023-05-24T02:36:10.491+0000] {processor.py:175} INFO - Processing /opt/airflow/dags/read_s3.py took 0.077 seconds
[2023-05-24T04:17:59.742+0000] {processor.py:153} INFO - Started process (PID=29645) to work on /opt/airflow/dags/read_s3.py
[2023-05-24T04:17:59.745+0000] {processor.py:743} INFO - Processing file /opt/airflow/dags/read_s3.py for tasks to queue
[2023-05-24T04:17:59.746+0000] {logging_mixin.py:137} INFO - [2023-05-24T04:17:59.746+0000] {dagbag.py:538} INFO - Filling up the DagBag from /opt/airflow/dags/read_s3.py
[2023-05-24T04:17:59.837+0000] {logging_mixin.py:137} INFO - [2023-05-24T04:17:59.832+0000] {dagbag.py:343} ERROR - Failed to import: /opt/airflow/dags/read_s3.py
Traceback (most recent call last):
  File "/home/airflow/.local/lib/python3.7/site-packages/airflow/models/dagbag.py", line 339, in parse
    loader.exec_module(new_module)
  File "<frozen importlib._bootstrap_external>", line 728, in exec_module
  File "<frozen importlib._bootstrap>", line 219, in _call_with_frames_removed
  File "/opt/airflow/dags/read_s3.py", line 6, in <module>
    import awswrangler as wr
ModuleNotFoundError: No module named 'awswrangler'
[2023-05-24T04:17:59.838+0000] {processor.py:755} WARNING - No viable dags retrieved from /opt/airflow/dags/read_s3.py
[2023-05-24T04:17:59.874+0000] {processor.py:175} INFO - Processing /opt/airflow/dags/read_s3.py took 0.139 seconds
[2023-05-24T06:01:05.532+0000] {processor.py:153} INFO - Started process (PID=29717) to work on /opt/airflow/dags/read_s3.py
[2023-05-24T06:01:05.533+0000] {processor.py:743} INFO - Processing file /opt/airflow/dags/read_s3.py for tasks to queue
[2023-05-24T06:01:05.534+0000] {logging_mixin.py:137} INFO - [2023-05-24T06:01:05.534+0000] {dagbag.py:538} INFO - Filling up the DagBag from /opt/airflow/dags/read_s3.py
[2023-05-24T06:01:05.582+0000] {logging_mixin.py:137} INFO - [2023-05-24T06:01:05.580+0000] {dagbag.py:343} ERROR - Failed to import: /opt/airflow/dags/read_s3.py
Traceback (most recent call last):
  File "/home/airflow/.local/lib/python3.7/site-packages/airflow/models/dagbag.py", line 339, in parse
    loader.exec_module(new_module)
  File "<frozen importlib._bootstrap_external>", line 728, in exec_module
  File "<frozen importlib._bootstrap>", line 219, in _call_with_frames_removed
  File "/opt/airflow/dags/read_s3.py", line 6, in <module>
    import awswrangler as wr
ModuleNotFoundError: No module named 'awswrangler'
[2023-05-24T06:01:05.583+0000] {processor.py:755} WARNING - No viable dags retrieved from /opt/airflow/dags/read_s3.py
[2023-05-24T06:01:05.605+0000] {processor.py:175} INFO - Processing /opt/airflow/dags/read_s3.py took 0.076 seconds
[2023-05-24T07:25:38.124+0000] {processor.py:153} INFO - Started process (PID=29800) to work on /opt/airflow/dags/read_s3.py
[2023-05-24T07:25:38.126+0000] {processor.py:743} INFO - Processing file /opt/airflow/dags/read_s3.py for tasks to queue
[2023-05-24T07:25:38.129+0000] {logging_mixin.py:137} INFO - [2023-05-24T07:25:38.128+0000] {dagbag.py:538} INFO - Filling up the DagBag from /opt/airflow/dags/read_s3.py
[2023-05-24T07:25:38.277+0000] {logging_mixin.py:137} INFO - [2023-05-24T07:25:38.274+0000] {dagbag.py:343} ERROR - Failed to import: /opt/airflow/dags/read_s3.py
Traceback (most recent call last):
  File "/home/airflow/.local/lib/python3.7/site-packages/airflow/models/dagbag.py", line 339, in parse
    loader.exec_module(new_module)
  File "<frozen importlib._bootstrap_external>", line 728, in exec_module
  File "<frozen importlib._bootstrap>", line 219, in _call_with_frames_removed
  File "/opt/airflow/dags/read_s3.py", line 6, in <module>
    import awswrangler as wr
ModuleNotFoundError: No module named 'awswrangler'
[2023-05-24T07:25:38.279+0000] {processor.py:755} WARNING - No viable dags retrieved from /opt/airflow/dags/read_s3.py
[2023-05-24T07:25:38.313+0000] {processor.py:175} INFO - Processing /opt/airflow/dags/read_s3.py took 0.201 seconds
[2023-05-24T09:04:00.471+0000] {processor.py:153} INFO - Started process (PID=29883) to work on /opt/airflow/dags/read_s3.py
[2023-05-24T09:04:00.476+0000] {processor.py:743} INFO - Processing file /opt/airflow/dags/read_s3.py for tasks to queue
[2023-05-24T09:04:00.479+0000] {logging_mixin.py:137} INFO - [2023-05-24T09:04:00.479+0000] {dagbag.py:538} INFO - Filling up the DagBag from /opt/airflow/dags/read_s3.py
[2023-05-24T09:04:00.616+0000] {logging_mixin.py:137} INFO - [2023-05-24T09:04:00.613+0000] {dagbag.py:343} ERROR - Failed to import: /opt/airflow/dags/read_s3.py
Traceback (most recent call last):
  File "/home/airflow/.local/lib/python3.7/site-packages/airflow/models/dagbag.py", line 339, in parse
    loader.exec_module(new_module)
  File "<frozen importlib._bootstrap_external>", line 728, in exec_module
  File "<frozen importlib._bootstrap>", line 219, in _call_with_frames_removed
  File "/opt/airflow/dags/read_s3.py", line 6, in <module>
    import awswrangler as wr
ModuleNotFoundError: No module named 'awswrangler'
[2023-05-24T09:04:00.618+0000] {processor.py:755} WARNING - No viable dags retrieved from /opt/airflow/dags/read_s3.py
[2023-05-24T09:04:00.650+0000] {processor.py:175} INFO - Processing /opt/airflow/dags/read_s3.py took 0.186 seconds
[2023-05-24T10:28:11.517+0000] {processor.py:153} INFO - Started process (PID=29954) to work on /opt/airflow/dags/read_s3.py
[2023-05-24T10:28:11.519+0000] {processor.py:743} INFO - Processing file /opt/airflow/dags/read_s3.py for tasks to queue
[2023-05-24T10:28:11.529+0000] {logging_mixin.py:137} INFO - [2023-05-24T10:28:11.529+0000] {dagbag.py:538} INFO - Filling up the DagBag from /opt/airflow/dags/read_s3.py
[2023-05-24T10:28:11.730+0000] {logging_mixin.py:137} INFO - [2023-05-24T10:28:11.717+0000] {dagbag.py:343} ERROR - Failed to import: /opt/airflow/dags/read_s3.py
Traceback (most recent call last):
  File "/home/airflow/.local/lib/python3.7/site-packages/airflow/models/dagbag.py", line 339, in parse
    loader.exec_module(new_module)
  File "<frozen importlib._bootstrap_external>", line 728, in exec_module
  File "<frozen importlib._bootstrap>", line 219, in _call_with_frames_removed
  File "/opt/airflow/dags/read_s3.py", line 6, in <module>
    import awswrangler as wr
ModuleNotFoundError: No module named 'awswrangler'
[2023-05-24T10:28:11.732+0000] {processor.py:755} WARNING - No viable dags retrieved from /opt/airflow/dags/read_s3.py
[2023-05-24T10:28:11.794+0000] {processor.py:175} INFO - Processing /opt/airflow/dags/read_s3.py took 0.280 seconds
[2023-05-24T12:05:12.414+0000] {processor.py:153} INFO - Started process (PID=30037) to work on /opt/airflow/dags/read_s3.py
[2023-05-24T12:05:12.420+0000] {processor.py:743} INFO - Processing file /opt/airflow/dags/read_s3.py for tasks to queue
[2023-05-24T12:05:12.422+0000] {logging_mixin.py:137} INFO - [2023-05-24T12:05:12.422+0000] {dagbag.py:538} INFO - Filling up the DagBag from /opt/airflow/dags/read_s3.py
[2023-05-24T12:05:12.525+0000] {logging_mixin.py:137} INFO - [2023-05-24T12:05:12.522+0000] {dagbag.py:343} ERROR - Failed to import: /opt/airflow/dags/read_s3.py
Traceback (most recent call last):
  File "/home/airflow/.local/lib/python3.7/site-packages/airflow/models/dagbag.py", line 339, in parse
    loader.exec_module(new_module)
  File "<frozen importlib._bootstrap_external>", line 728, in exec_module
  File "<frozen importlib._bootstrap>", line 219, in _call_with_frames_removed
  File "/opt/airflow/dags/read_s3.py", line 6, in <module>
    import awswrangler as wr
ModuleNotFoundError: No module named 'awswrangler'
[2023-05-24T12:05:12.528+0000] {processor.py:755} WARNING - No viable dags retrieved from /opt/airflow/dags/read_s3.py
[2023-05-24T12:05:12.557+0000] {processor.py:175} INFO - Processing /opt/airflow/dags/read_s3.py took 0.148 seconds
[2023-05-24T13:46:36.902+0000] {processor.py:153} INFO - Started process (PID=30108) to work on /opt/airflow/dags/read_s3.py
[2023-05-24T13:46:36.905+0000] {processor.py:743} INFO - Processing file /opt/airflow/dags/read_s3.py for tasks to queue
[2023-05-24T13:46:36.907+0000] {logging_mixin.py:137} INFO - [2023-05-24T13:46:36.907+0000] {dagbag.py:538} INFO - Filling up the DagBag from /opt/airflow/dags/read_s3.py
[2023-05-24T13:46:37.060+0000] {logging_mixin.py:137} INFO - [2023-05-24T13:46:37.056+0000] {dagbag.py:343} ERROR - Failed to import: /opt/airflow/dags/read_s3.py
Traceback (most recent call last):
  File "/home/airflow/.local/lib/python3.7/site-packages/airflow/models/dagbag.py", line 339, in parse
    loader.exec_module(new_module)
  File "<frozen importlib._bootstrap_external>", line 728, in exec_module
  File "<frozen importlib._bootstrap>", line 219, in _call_with_frames_removed
  File "/opt/airflow/dags/read_s3.py", line 6, in <module>
    import awswrangler as wr
ModuleNotFoundError: No module named 'awswrangler'
[2023-05-24T13:46:37.062+0000] {processor.py:755} WARNING - No viable dags retrieved from /opt/airflow/dags/read_s3.py
[2023-05-24T13:46:37.113+0000] {processor.py:175} INFO - Processing /opt/airflow/dags/read_s3.py took 0.215 seconds
[2023-05-24T15:11:42.598+0000] {processor.py:153} INFO - Started process (PID=30191) to work on /opt/airflow/dags/read_s3.py
[2023-05-24T15:11:42.603+0000] {processor.py:743} INFO - Processing file /opt/airflow/dags/read_s3.py for tasks to queue
[2023-05-24T15:11:42.605+0000] {logging_mixin.py:137} INFO - [2023-05-24T15:11:42.605+0000] {dagbag.py:538} INFO - Filling up the DagBag from /opt/airflow/dags/read_s3.py
[2023-05-24T15:11:42.698+0000] {logging_mixin.py:137} INFO - [2023-05-24T15:11:42.689+0000] {dagbag.py:343} ERROR - Failed to import: /opt/airflow/dags/read_s3.py
Traceback (most recent call last):
  File "/home/airflow/.local/lib/python3.7/site-packages/airflow/models/dagbag.py", line 339, in parse
    loader.exec_module(new_module)
  File "<frozen importlib._bootstrap_external>", line 728, in exec_module
  File "<frozen importlib._bootstrap>", line 219, in _call_with_frames_removed
  File "/opt/airflow/dags/read_s3.py", line 6, in <module>
    import awswrangler as wr
ModuleNotFoundError: No module named 'awswrangler'
[2023-05-24T15:11:42.705+0000] {processor.py:755} WARNING - No viable dags retrieved from /opt/airflow/dags/read_s3.py
[2023-05-24T15:11:42.761+0000] {processor.py:175} INFO - Processing /opt/airflow/dags/read_s3.py took 0.166 seconds
[2023-05-24T15:33:50.810+0000] {processor.py:153} INFO - Started process (PID=30275) to work on /opt/airflow/dags/read_s3.py
[2023-05-24T15:33:50.817+0000] {processor.py:743} INFO - Processing file /opt/airflow/dags/read_s3.py for tasks to queue
[2023-05-24T15:33:50.844+0000] {logging_mixin.py:137} INFO - [2023-05-24T15:33:50.844+0000] {dagbag.py:538} INFO - Filling up the DagBag from /opt/airflow/dags/read_s3.py
[2023-05-24T15:33:51.135+0000] {logging_mixin.py:137} INFO - [2023-05-24T15:33:51.130+0000] {dagbag.py:343} ERROR - Failed to import: /opt/airflow/dags/read_s3.py
Traceback (most recent call last):
  File "/home/airflow/.local/lib/python3.7/site-packages/airflow/models/dagbag.py", line 339, in parse
    loader.exec_module(new_module)
  File "<frozen importlib._bootstrap_external>", line 728, in exec_module
  File "<frozen importlib._bootstrap>", line 219, in _call_with_frames_removed
  File "/opt/airflow/dags/read_s3.py", line 6, in <module>
    import awswrangler as wr
ModuleNotFoundError: No module named 'awswrangler'
[2023-05-24T15:33:51.141+0000] {processor.py:755} WARNING - No viable dags retrieved from /opt/airflow/dags/read_s3.py
[2023-05-24T15:33:51.214+0000] {processor.py:175} INFO - Processing /opt/airflow/dags/read_s3.py took 0.408 seconds
[2023-05-24T15:34:22.223+0000] {processor.py:153} INFO - Started process (PID=30346) to work on /opt/airflow/dags/read_s3.py
[2023-05-24T15:34:22.224+0000] {processor.py:743} INFO - Processing file /opt/airflow/dags/read_s3.py for tasks to queue
[2023-05-24T15:34:22.226+0000] {logging_mixin.py:137} INFO - [2023-05-24T15:34:22.226+0000] {dagbag.py:538} INFO - Filling up the DagBag from /opt/airflow/dags/read_s3.py
[2023-05-24T15:34:22.287+0000] {logging_mixin.py:137} INFO - [2023-05-24T15:34:22.285+0000] {dagbag.py:343} ERROR - Failed to import: /opt/airflow/dags/read_s3.py
Traceback (most recent call last):
  File "/home/airflow/.local/lib/python3.7/site-packages/airflow/models/dagbag.py", line 339, in parse
    loader.exec_module(new_module)
  File "<frozen importlib._bootstrap_external>", line 728, in exec_module
  File "<frozen importlib._bootstrap>", line 219, in _call_with_frames_removed
  File "/opt/airflow/dags/read_s3.py", line 6, in <module>
    import awswrangler as wr
ModuleNotFoundError: No module named 'awswrangler'
[2023-05-24T15:34:22.288+0000] {processor.py:755} WARNING - No viable dags retrieved from /opt/airflow/dags/read_s3.py
[2023-05-24T15:34:22.305+0000] {processor.py:175} INFO - Processing /opt/airflow/dags/read_s3.py took 0.086 seconds
[2023-05-24T15:34:52.345+0000] {processor.py:153} INFO - Started process (PID=30429) to work on /opt/airflow/dags/read_s3.py
[2023-05-24T15:34:52.347+0000] {processor.py:743} INFO - Processing file /opt/airflow/dags/read_s3.py for tasks to queue
[2023-05-24T15:34:52.348+0000] {logging_mixin.py:137} INFO - [2023-05-24T15:34:52.348+0000] {dagbag.py:538} INFO - Filling up the DagBag from /opt/airflow/dags/read_s3.py
[2023-05-24T15:34:52.412+0000] {logging_mixin.py:137} INFO - [2023-05-24T15:34:52.410+0000] {dagbag.py:343} ERROR - Failed to import: /opt/airflow/dags/read_s3.py
Traceback (most recent call last):
  File "/home/airflow/.local/lib/python3.7/site-packages/airflow/models/dagbag.py", line 339, in parse
    loader.exec_module(new_module)
  File "<frozen importlib._bootstrap_external>", line 728, in exec_module
  File "<frozen importlib._bootstrap>", line 219, in _call_with_frames_removed
  File "/opt/airflow/dags/read_s3.py", line 6, in <module>
    import awswrangler as wr
ModuleNotFoundError: No module named 'awswrangler'
[2023-05-24T15:34:52.414+0000] {processor.py:755} WARNING - No viable dags retrieved from /opt/airflow/dags/read_s3.py
[2023-05-24T15:34:52.436+0000] {processor.py:175} INFO - Processing /opt/airflow/dags/read_s3.py took 0.095 seconds
[2023-05-24T15:35:22.569+0000] {processor.py:153} INFO - Started process (PID=30512) to work on /opt/airflow/dags/read_s3.py
[2023-05-24T15:35:22.573+0000] {processor.py:743} INFO - Processing file /opt/airflow/dags/read_s3.py for tasks to queue
[2023-05-24T15:35:22.574+0000] {logging_mixin.py:137} INFO - [2023-05-24T15:35:22.574+0000] {dagbag.py:538} INFO - Filling up the DagBag from /opt/airflow/dags/read_s3.py
[2023-05-24T15:35:22.631+0000] {logging_mixin.py:137} INFO - [2023-05-24T15:35:22.629+0000] {dagbag.py:343} ERROR - Failed to import: /opt/airflow/dags/read_s3.py
Traceback (most recent call last):
  File "/home/airflow/.local/lib/python3.7/site-packages/airflow/models/dagbag.py", line 339, in parse
    loader.exec_module(new_module)
  File "<frozen importlib._bootstrap_external>", line 728, in exec_module
  File "<frozen importlib._bootstrap>", line 219, in _call_with_frames_removed
  File "/opt/airflow/dags/read_s3.py", line 6, in <module>
    import awswrangler as wr
ModuleNotFoundError: No module named 'awswrangler'
[2023-05-24T15:35:22.633+0000] {processor.py:755} WARNING - No viable dags retrieved from /opt/airflow/dags/read_s3.py
[2023-05-24T15:35:22.650+0000] {processor.py:175} INFO - Processing /opt/airflow/dags/read_s3.py took 0.085 seconds
[2023-05-24T15:35:52.718+0000] {processor.py:153} INFO - Started process (PID=30583) to work on /opt/airflow/dags/read_s3.py
[2023-05-24T15:35:52.720+0000] {processor.py:743} INFO - Processing file /opt/airflow/dags/read_s3.py for tasks to queue
[2023-05-24T15:35:52.722+0000] {logging_mixin.py:137} INFO - [2023-05-24T15:35:52.722+0000] {dagbag.py:538} INFO - Filling up the DagBag from /opt/airflow/dags/read_s3.py
[2023-05-24T15:35:52.781+0000] {logging_mixin.py:137} INFO - [2023-05-24T15:35:52.779+0000] {dagbag.py:343} ERROR - Failed to import: /opt/airflow/dags/read_s3.py
Traceback (most recent call last):
  File "/home/airflow/.local/lib/python3.7/site-packages/airflow/models/dagbag.py", line 339, in parse
    loader.exec_module(new_module)
  File "<frozen importlib._bootstrap_external>", line 728, in exec_module
  File "<frozen importlib._bootstrap>", line 219, in _call_with_frames_removed
  File "/opt/airflow/dags/read_s3.py", line 6, in <module>
    import awswrangler as wr
ModuleNotFoundError: No module named 'awswrangler'
[2023-05-24T15:35:52.782+0000] {processor.py:755} WARNING - No viable dags retrieved from /opt/airflow/dags/read_s3.py
[2023-05-24T15:35:52.801+0000] {processor.py:175} INFO - Processing /opt/airflow/dags/read_s3.py took 0.093 seconds
[2023-05-24T15:36:22.880+0000] {processor.py:153} INFO - Started process (PID=30666) to work on /opt/airflow/dags/read_s3.py
[2023-05-24T15:36:22.883+0000] {processor.py:743} INFO - Processing file /opt/airflow/dags/read_s3.py for tasks to queue
[2023-05-24T15:36:22.885+0000] {logging_mixin.py:137} INFO - [2023-05-24T15:36:22.885+0000] {dagbag.py:538} INFO - Filling up the DagBag from /opt/airflow/dags/read_s3.py
[2023-05-24T15:36:22.939+0000] {logging_mixin.py:137} INFO - [2023-05-24T15:36:22.937+0000] {dagbag.py:343} ERROR - Failed to import: /opt/airflow/dags/read_s3.py
Traceback (most recent call last):
  File "/home/airflow/.local/lib/python3.7/site-packages/airflow/models/dagbag.py", line 339, in parse
    loader.exec_module(new_module)
  File "<frozen importlib._bootstrap_external>", line 728, in exec_module
  File "<frozen importlib._bootstrap>", line 219, in _call_with_frames_removed
  File "/opt/airflow/dags/read_s3.py", line 6, in <module>
    import awswrangler as wr
ModuleNotFoundError: No module named 'awswrangler'
[2023-05-24T15:36:22.941+0000] {processor.py:755} WARNING - No viable dags retrieved from /opt/airflow/dags/read_s3.py
[2023-05-24T15:36:22.957+0000] {processor.py:175} INFO - Processing /opt/airflow/dags/read_s3.py took 0.081 seconds
[2023-05-24T16:14:22.032+0000] {processor.py:153} INFO - Started process (PID=30747) to work on /opt/airflow/dags/read_s3.py
[2023-05-24T16:14:22.036+0000] {processor.py:743} INFO - Processing file /opt/airflow/dags/read_s3.py for tasks to queue
[2023-05-24T16:14:22.037+0000] {logging_mixin.py:137} INFO - [2023-05-24T16:14:22.037+0000] {dagbag.py:538} INFO - Filling up the DagBag from /opt/airflow/dags/read_s3.py
[2023-05-24T16:14:22.163+0000] {logging_mixin.py:137} INFO - [2023-05-24T16:14:22.158+0000] {dagbag.py:343} ERROR - Failed to import: /opt/airflow/dags/read_s3.py
Traceback (most recent call last):
  File "/home/airflow/.local/lib/python3.7/site-packages/airflow/models/dagbag.py", line 339, in parse
    loader.exec_module(new_module)
  File "<frozen importlib._bootstrap_external>", line 728, in exec_module
  File "<frozen importlib._bootstrap>", line 219, in _call_with_frames_removed
  File "/opt/airflow/dags/read_s3.py", line 6, in <module>
    import awswrangler as wr
ModuleNotFoundError: No module named 'awswrangler'
[2023-05-24T16:14:22.164+0000] {processor.py:755} WARNING - No viable dags retrieved from /opt/airflow/dags/read_s3.py
[2023-05-24T16:14:22.193+0000] {processor.py:175} INFO - Processing /opt/airflow/dags/read_s3.py took 0.167 seconds
[2023-05-24T17:50:10.111+0000] {processor.py:153} INFO - Started process (PID=30821) to work on /opt/airflow/dags/read_s3.py
[2023-05-24T17:50:10.112+0000] {processor.py:743} INFO - Processing file /opt/airflow/dags/read_s3.py for tasks to queue
[2023-05-24T17:50:10.113+0000] {logging_mixin.py:137} INFO - [2023-05-24T17:50:10.113+0000] {dagbag.py:538} INFO - Filling up the DagBag from /opt/airflow/dags/read_s3.py
[2023-05-24T17:50:10.161+0000] {logging_mixin.py:137} INFO - [2023-05-24T17:50:10.159+0000] {dagbag.py:343} ERROR - Failed to import: /opt/airflow/dags/read_s3.py
Traceback (most recent call last):
  File "/home/airflow/.local/lib/python3.7/site-packages/airflow/models/dagbag.py", line 339, in parse
    loader.exec_module(new_module)
  File "<frozen importlib._bootstrap_external>", line 728, in exec_module
  File "<frozen importlib._bootstrap>", line 219, in _call_with_frames_removed
  File "/opt/airflow/dags/read_s3.py", line 6, in <module>
    import awswrangler as wr
ModuleNotFoundError: No module named 'awswrangler'
[2023-05-24T17:50:10.162+0000] {processor.py:755} WARNING - No viable dags retrieved from /opt/airflow/dags/read_s3.py
[2023-05-24T17:50:10.178+0000] {processor.py:175} INFO - Processing /opt/airflow/dags/read_s3.py took 0.070 seconds
[2023-05-24T19:13:15.389+0000] {processor.py:153} INFO - Started process (PID=30903) to work on /opt/airflow/dags/read_s3.py
[2023-05-24T19:13:15.400+0000] {processor.py:743} INFO - Processing file /opt/airflow/dags/read_s3.py for tasks to queue
[2023-05-24T19:13:15.402+0000] {logging_mixin.py:137} INFO - [2023-05-24T19:13:15.402+0000] {dagbag.py:538} INFO - Filling up the DagBag from /opt/airflow/dags/read_s3.py
[2023-05-24T19:13:15.446+0000] {logging_mixin.py:137} INFO - [2023-05-24T19:13:15.444+0000] {dagbag.py:343} ERROR - Failed to import: /opt/airflow/dags/read_s3.py
Traceback (most recent call last):
  File "/home/airflow/.local/lib/python3.7/site-packages/airflow/models/dagbag.py", line 339, in parse
    loader.exec_module(new_module)
  File "<frozen importlib._bootstrap_external>", line 728, in exec_module
  File "<frozen importlib._bootstrap>", line 219, in _call_with_frames_removed
  File "/opt/airflow/dags/read_s3.py", line 6, in <module>
    import awswrangler as wr
ModuleNotFoundError: No module named 'awswrangler'
[2023-05-24T19:13:15.448+0000] {processor.py:755} WARNING - No viable dags retrieved from /opt/airflow/dags/read_s3.py
[2023-05-24T19:13:15.466+0000] {processor.py:175} INFO - Processing /opt/airflow/dags/read_s3.py took 0.079 seconds
[2023-05-24T20:50:57.654+0000] {processor.py:153} INFO - Started process (PID=30974) to work on /opt/airflow/dags/read_s3.py
[2023-05-24T20:50:57.657+0000] {processor.py:743} INFO - Processing file /opt/airflow/dags/read_s3.py for tasks to queue
[2023-05-24T20:50:57.658+0000] {logging_mixin.py:137} INFO - [2023-05-24T20:50:57.658+0000] {dagbag.py:538} INFO - Filling up the DagBag from /opt/airflow/dags/read_s3.py
[2023-05-24T20:50:57.746+0000] {logging_mixin.py:137} INFO - [2023-05-24T20:50:57.740+0000] {dagbag.py:343} ERROR - Failed to import: /opt/airflow/dags/read_s3.py
Traceback (most recent call last):
  File "/home/airflow/.local/lib/python3.7/site-packages/airflow/models/dagbag.py", line 339, in parse
    loader.exec_module(new_module)
  File "<frozen importlib._bootstrap_external>", line 728, in exec_module
  File "<frozen importlib._bootstrap>", line 219, in _call_with_frames_removed
  File "/opt/airflow/dags/read_s3.py", line 6, in <module>
    import awswrangler as wr
ModuleNotFoundError: No module named 'awswrangler'
[2023-05-24T20:50:57.747+0000] {processor.py:755} WARNING - No viable dags retrieved from /opt/airflow/dags/read_s3.py
[2023-05-24T20:50:57.779+0000] {processor.py:175} INFO - Processing /opt/airflow/dags/read_s3.py took 0.128 seconds
[2023-05-24T22:32:04.848+0000] {processor.py:153} INFO - Started process (PID=31056) to work on /opt/airflow/dags/read_s3.py
[2023-05-24T22:32:04.849+0000] {processor.py:743} INFO - Processing file /opt/airflow/dags/read_s3.py for tasks to queue
[2023-05-24T22:32:04.851+0000] {logging_mixin.py:137} INFO - [2023-05-24T22:32:04.851+0000] {dagbag.py:538} INFO - Filling up the DagBag from /opt/airflow/dags/read_s3.py
[2023-05-24T22:32:04.894+0000] {logging_mixin.py:137} INFO - [2023-05-24T22:32:04.892+0000] {dagbag.py:343} ERROR - Failed to import: /opt/airflow/dags/read_s3.py
Traceback (most recent call last):
  File "/home/airflow/.local/lib/python3.7/site-packages/airflow/models/dagbag.py", line 339, in parse
    loader.exec_module(new_module)
  File "<frozen importlib._bootstrap_external>", line 728, in exec_module
  File "<frozen importlib._bootstrap>", line 219, in _call_with_frames_removed
  File "/opt/airflow/dags/read_s3.py", line 6, in <module>
    import awswrangler as wr
ModuleNotFoundError: No module named 'awswrangler'
[2023-05-24T22:32:04.896+0000] {processor.py:755} WARNING - No viable dags retrieved from /opt/airflow/dags/read_s3.py
[2023-05-24T22:32:04.913+0000] {processor.py:175} INFO - Processing /opt/airflow/dags/read_s3.py took 0.067 seconds
[2023-05-24T23:53:37.008+0000] {processor.py:153} INFO - Started process (PID=31139) to work on /opt/airflow/dags/read_s3.py
[2023-05-24T23:53:37.012+0000] {processor.py:743} INFO - Processing file /opt/airflow/dags/read_s3.py for tasks to queue
[2023-05-24T23:53:37.014+0000] {logging_mixin.py:137} INFO - [2023-05-24T23:53:37.013+0000] {dagbag.py:538} INFO - Filling up the DagBag from /opt/airflow/dags/read_s3.py
[2023-05-24T23:53:37.098+0000] {logging_mixin.py:137} INFO - [2023-05-24T23:53:37.089+0000] {dagbag.py:343} ERROR - Failed to import: /opt/airflow/dags/read_s3.py
Traceback (most recent call last):
  File "/home/airflow/.local/lib/python3.7/site-packages/airflow/models/dagbag.py", line 339, in parse
    loader.exec_module(new_module)
  File "<frozen importlib._bootstrap_external>", line 728, in exec_module
  File "<frozen importlib._bootstrap>", line 219, in _call_with_frames_removed
  File "/opt/airflow/dags/read_s3.py", line 6, in <module>
    import awswrangler as wr
ModuleNotFoundError: No module named 'awswrangler'
[2023-05-24T23:53:37.101+0000] {processor.py:755} WARNING - No viable dags retrieved from /opt/airflow/dags/read_s3.py
[2023-05-24T23:53:37.146+0000] {processor.py:175} INFO - Processing /opt/airflow/dags/read_s3.py took 0.151 seconds
