[2023-04-25T15:40:10.269+0000] {taskinstance.py:1083} INFO - Dependencies all met for <TaskInstance: my_new_dag.multiplication scheduled__2023-04-09T00:00:00+00:00 [queued]>
[2023-04-25T15:40:10.746+0000] {taskinstance.py:1083} INFO - Dependencies all met for <TaskInstance: my_new_dag.multiplication scheduled__2023-04-09T00:00:00+00:00 [queued]>
[2023-04-25T15:40:10.772+0000] {taskinstance.py:1279} INFO - 
--------------------------------------------------------------------------------
[2023-04-25T15:40:10.776+0000] {taskinstance.py:1280} INFO - Starting attempt 1 of 1
[2023-04-25T15:40:10.780+0000] {taskinstance.py:1281} INFO - 
--------------------------------------------------------------------------------
[2023-04-25T15:40:11.182+0000] {taskinstance.py:1300} INFO - Executing <Task(PythonOperator): multiplication> on 2023-04-09 00:00:00+00:00
[2023-04-25T15:40:11.578+0000] {standard_task_runner.py:55} INFO - Started process 26158 to run task
[2023-04-25T15:40:12.026+0000] {standard_task_runner.py:82} INFO - Running: ['***', 'tasks', 'run', 'my_new_dag', 'multiplication', 'scheduled__2023-04-09T00:00:00+00:00', '--job-id', '4577', '--raw', '--subdir', 'DAGS_FOLDER/new.py', '--cfg-path', '/tmp/tmpzxw7fv_j']
[2023-04-25T15:40:12.035+0000] {standard_task_runner.py:83} INFO - Job 4577: Subtask multiplication
[2023-04-25T15:40:13.841+0000] {task_command.py:388} INFO - Running <TaskInstance: my_new_dag.multiplication scheduled__2023-04-09T00:00:00+00:00 [running]> on host fe34f61acbb3
[2023-04-25T15:40:15.077+0000] {taskinstance.py:1509} INFO - Exporting the following env vars:
AIRFLOW_CTX_DAG_OWNER=***
AIRFLOW_CTX_DAG_ID=my_new_dag
AIRFLOW_CTX_TASK_ID=multiplication
AIRFLOW_CTX_EXECUTION_DATE=2023-04-09T00:00:00+00:00
AIRFLOW_CTX_TRY_NUMBER=1
AIRFLOW_CTX_DAG_RUN_ID=scheduled__2023-04-09T00:00:00+00:00
[2023-04-25T15:40:15.137+0000] {logging_mixin.py:137} INFO - 25
[2023-04-25T15:40:15.139+0000] {python.py:177} INFO - Done. Returned value was: None
[2023-04-25T15:40:15.193+0000] {taskinstance.py:1323} INFO - Marking task as SUCCESS. dag_id=my_new_dag, task_id=multiplication, execution_date=20230409T000000, start_date=20230425T154010, end_date=20230425T154015
[2023-04-25T15:40:16.028+0000] {local_task_job.py:208} INFO - Task exited with return code 0
[2023-04-25T15:40:17.247+0000] {taskinstance.py:2578} INFO - 0 downstream tasks scheduled from follow-on schedule check
[2023-05-04T17:32:48.931+0000] {taskinstance.py:1083} INFO - Dependencies all met for <TaskInstance: my_new_dag.multiplication scheduled__2023-04-09T00:00:00+00:00 [queued]>
[2023-05-04T17:32:48.959+0000] {taskinstance.py:1083} INFO - Dependencies all met for <TaskInstance: my_new_dag.multiplication scheduled__2023-04-09T00:00:00+00:00 [queued]>
[2023-05-04T17:32:48.960+0000] {taskinstance.py:1279} INFO - 
--------------------------------------------------------------------------------
[2023-05-04T17:32:48.961+0000] {taskinstance.py:1280} INFO - Starting attempt 1 of 1
[2023-05-04T17:32:48.962+0000] {taskinstance.py:1281} INFO - 
--------------------------------------------------------------------------------
[2023-05-04T17:32:48.992+0000] {taskinstance.py:1300} INFO - Executing <Task(PythonOperator): multiplication> on 2023-04-09 00:00:00+00:00
[2023-05-04T17:32:49.003+0000] {standard_task_runner.py:55} INFO - Started process 297 to run task
[2023-05-04T17:32:49.021+0000] {standard_task_runner.py:82} INFO - Running: ['***', 'tasks', 'run', 'my_new_dag', 'multiplication', 'scheduled__2023-04-09T00:00:00+00:00', '--job-id', '80', '--raw', '--subdir', 'DAGS_FOLDER/new.py', '--cfg-path', '/tmp/tmp0d7sgkkt']
[2023-05-04T17:32:49.030+0000] {standard_task_runner.py:83} INFO - Job 80: Subtask multiplication
[2023-05-04T17:32:49.183+0000] {task_command.py:388} INFO - Running <TaskInstance: my_new_dag.multiplication scheduled__2023-04-09T00:00:00+00:00 [running]> on host 7cb0501374e0
[2023-05-04T17:32:49.347+0000] {taskinstance.py:1509} INFO - Exporting the following env vars:
AIRFLOW_CTX_DAG_OWNER=***
AIRFLOW_CTX_DAG_ID=my_new_dag
AIRFLOW_CTX_TASK_ID=multiplication
AIRFLOW_CTX_EXECUTION_DATE=2023-04-09T00:00:00+00:00
AIRFLOW_CTX_TRY_NUMBER=1
AIRFLOW_CTX_DAG_RUN_ID=scheduled__2023-04-09T00:00:00+00:00
[2023-05-04T17:32:49.349+0000] {logging_mixin.py:137} INFO - 25
[2023-05-04T17:32:49.351+0000] {python.py:177} INFO - Done. Returned value was: None
[2023-05-04T17:32:49.362+0000] {taskinstance.py:1323} INFO - Marking task as SUCCESS. dag_id=my_new_dag, task_id=multiplication, execution_date=20230409T000000, start_date=20230504T173248, end_date=20230504T173249
[2023-05-04T17:32:49.438+0000] {local_task_job.py:208} INFO - Task exited with return code 0
[2023-05-04T17:32:49.473+0000] {taskinstance.py:2578} INFO - 0 downstream tasks scheduled from follow-on schedule check
