[2023-04-19T12:42:40.606+0000] {taskinstance.py:1083} INFO - Dependencies all met for <TaskInstance: age_check.age_check scheduled__2022-11-07T00:00:00+00:00 [queued]>
[2023-04-19T12:42:40.639+0000] {taskinstance.py:1083} INFO - Dependencies all met for <TaskInstance: age_check.age_check scheduled__2022-11-07T00:00:00+00:00 [queued]>
[2023-04-19T12:42:40.641+0000] {taskinstance.py:1279} INFO - 
--------------------------------------------------------------------------------
[2023-04-19T12:42:40.644+0000] {taskinstance.py:1280} INFO - Starting attempt 3 of 4
[2023-04-19T12:42:40.647+0000] {taskinstance.py:1281} INFO - 
--------------------------------------------------------------------------------
[2023-04-19T12:42:40.667+0000] {taskinstance.py:1300} INFO - Executing <Task(PythonOperator): age_check> on 2022-11-07 00:00:00+00:00
[2023-04-19T12:42:40.699+0000] {standard_task_runner.py:55} INFO - Started process 22978 to run task
[2023-04-19T12:42:40.708+0000] {standard_task_runner.py:82} INFO - Running: ['***', 'tasks', 'run', 'age_check', 'age_check', 'scheduled__2022-11-07T00:00:00+00:00', '--job-id', '1206', '--raw', '--subdir', 'DAGS_FOLDER/age.py', '--cfg-path', '/tmp/tmpcpik8z2n']
[2023-04-19T12:42:40.711+0000] {standard_task_runner.py:83} INFO - Job 1206: Subtask age_check
[2023-04-19T12:42:40.851+0000] {task_command.py:388} INFO - Running <TaskInstance: age_check.age_check scheduled__2022-11-07T00:00:00+00:00 [running]> on host fe34f61acbb3
[2023-04-19T12:42:40.979+0000] {taskinstance.py:1509} INFO - Exporting the following env vars:
AIRFLOW_CTX_DAG_OWNER=***
AIRFLOW_CTX_DAG_ID=age_check
AIRFLOW_CTX_TASK_ID=age_check
AIRFLOW_CTX_EXECUTION_DATE=2022-11-07T00:00:00+00:00
AIRFLOW_CTX_TRY_NUMBER=3
AIRFLOW_CTX_DAG_RUN_ID=scheduled__2022-11-07T00:00:00+00:00
[2023-04-19T12:42:40.995+0000] {taskinstance.py:1768} ERROR - Task failed with exception
Traceback (most recent call last):
  File "/home/airflow/.local/lib/python3.7/site-packages/airflow/operators/python.py", line 175, in execute
    return_value = self.execute_callable()
  File "/home/airflow/.local/lib/python3.7/site-packages/airflow/operators/python.py", line 192, in execute_callable
    return self.python_callable(*self.op_args, **self.op_kwargs)
  File "/opt/airflow/dags/age.py", line 35, in age_check
    birth_year = int(Variable.get('birth_year'))
  File "/home/airflow/.local/lib/python3.7/site-packages/airflow/models/variable.py", line 141, in get
    raise KeyError(f"Variable {key} does not exist")
KeyError: 'Variable birth_year does not exist'
[2023-04-19T12:42:41.013+0000] {taskinstance.py:1323} INFO - Marking task as UP_FOR_RETRY. dag_id=age_check, task_id=age_check, execution_date=20221107T000000, start_date=20230419T124240, end_date=20230419T124241
[2023-04-19T12:42:41.042+0000] {standard_task_runner.py:105} ERROR - Failed to execute job 1206 for task age_check ('Variable birth_year does not exist'; 22978)
[2023-04-19T12:42:41.102+0000] {local_task_job.py:208} INFO - Task exited with return code 1
[2023-04-19T12:42:41.178+0000] {taskinstance.py:2578} INFO - 0 downstream tasks scheduled from follow-on schedule check
[2023-05-17T10:14:35.819+0000] {taskinstance.py:1083} INFO - Dependencies all met for <TaskInstance: age_check.age_check scheduled__2022-11-07T00:00:00+00:00 [queued]>
[2023-05-17T10:14:35.848+0000] {taskinstance.py:1083} INFO - Dependencies all met for <TaskInstance: age_check.age_check scheduled__2022-11-07T00:00:00+00:00 [queued]>
[2023-05-17T10:14:35.849+0000] {taskinstance.py:1279} INFO - 
--------------------------------------------------------------------------------
[2023-05-17T10:14:35.850+0000] {taskinstance.py:1280} INFO - Starting attempt 3 of 4
[2023-05-17T10:14:35.854+0000] {taskinstance.py:1281} INFO - 
--------------------------------------------------------------------------------
[2023-05-17T10:14:35.875+0000] {taskinstance.py:1300} INFO - Executing <Task(PythonOperator): age_check> on 2022-11-07 00:00:00+00:00
[2023-05-17T10:14:35.887+0000] {standard_task_runner.py:55} INFO - Started process 5654 to run task
[2023-05-17T10:14:35.918+0000] {standard_task_runner.py:82} INFO - Running: ['***', 'tasks', 'run', 'age_check', 'age_check', 'scheduled__2022-11-07T00:00:00+00:00', '--job-id', '767', '--raw', '--subdir', 'DAGS_FOLDER/age.py', '--cfg-path', '/tmp/tmpfd2dcnnp']
[2023-05-17T10:14:35.921+0000] {standard_task_runner.py:83} INFO - Job 767: Subtask age_check
[2023-05-17T10:14:36.110+0000] {task_command.py:388} INFO - Running <TaskInstance: age_check.age_check scheduled__2022-11-07T00:00:00+00:00 [running]> on host 242f95e3e8a8
[2023-05-17T10:14:36.254+0000] {taskinstance.py:1509} INFO - Exporting the following env vars:
AIRFLOW_CTX_DAG_OWNER=***
AIRFLOW_CTX_DAG_ID=age_check
AIRFLOW_CTX_TASK_ID=age_check
AIRFLOW_CTX_EXECUTION_DATE=2022-11-07T00:00:00+00:00
AIRFLOW_CTX_TRY_NUMBER=3
AIRFLOW_CTX_DAG_RUN_ID=scheduled__2022-11-07T00:00:00+00:00
[2023-05-17T10:14:36.264+0000] {taskinstance.py:1768} ERROR - Task failed with exception
Traceback (most recent call last):
  File "/home/airflow/.local/lib/python3.7/site-packages/airflow/operators/python.py", line 175, in execute
    return_value = self.execute_callable()
  File "/home/airflow/.local/lib/python3.7/site-packages/airflow/operators/python.py", line 192, in execute_callable
    return self.python_callable(*self.op_args, **self.op_kwargs)
  File "/opt/airflow/dags/age.py", line 35, in age_check
    birth_year = int(Variable.get('birth_year'))
  File "/home/airflow/.local/lib/python3.7/site-packages/airflow/models/variable.py", line 141, in get
    raise KeyError(f"Variable {key} does not exist")
KeyError: 'Variable birth_year does not exist'
[2023-05-17T10:14:36.283+0000] {taskinstance.py:1323} INFO - Marking task as UP_FOR_RETRY. dag_id=age_check, task_id=age_check, execution_date=20221107T000000, start_date=20230517T101435, end_date=20230517T101436
[2023-05-17T10:14:36.299+0000] {standard_task_runner.py:105} ERROR - Failed to execute job 767 for task age_check ('Variable birth_year does not exist'; 5654)
[2023-05-17T10:14:36.333+0000] {local_task_job.py:208} INFO - Task exited with return code 1
[2023-05-17T10:14:36.367+0000] {taskinstance.py:2578} INFO - 0 downstream tasks scheduled from follow-on schedule check
