[2023-04-28T01:51:16.011+0000] {taskinstance.py:1083} INFO - Dependencies all met for <TaskInstance: age_check.age_check scheduled__2023-04-27T00:00:00+00:00 [queued]>
[2023-04-28T01:51:16.070+0000] {taskinstance.py:1083} INFO - Dependencies all met for <TaskInstance: age_check.age_check scheduled__2023-04-27T00:00:00+00:00 [queued]>
[2023-04-28T01:51:16.172+0000] {taskinstance.py:1279} INFO - 
--------------------------------------------------------------------------------
[2023-04-28T01:51:16.179+0000] {taskinstance.py:1280} INFO - Starting attempt 1 of 4
[2023-04-28T01:51:16.186+0000] {taskinstance.py:1281} INFO - 
--------------------------------------------------------------------------------
[2023-04-28T01:51:16.235+0000] {taskinstance.py:1300} INFO - Executing <Task(PythonOperator): age_check> on 2023-04-27 00:00:00+00:00
[2023-04-28T01:51:16.288+0000] {standard_task_runner.py:55} INFO - Started process 65174 to run task
[2023-04-28T01:51:16.310+0000] {standard_task_runner.py:82} INFO - Running: ['***', 'tasks', 'run', 'age_check', 'age_check', 'scheduled__2023-04-27T00:00:00+00:00', '--job-id', '4673', '--raw', '--subdir', 'DAGS_FOLDER/age.py', '--cfg-path', '/tmp/tmp06b0jwar']
[2023-04-28T01:51:16.313+0000] {standard_task_runner.py:83} INFO - Job 4673: Subtask age_check
[2023-04-28T01:51:16.550+0000] {task_command.py:388} INFO - Running <TaskInstance: age_check.age_check scheduled__2023-04-27T00:00:00+00:00 [running]> on host fe34f61acbb3
[2023-04-28T01:51:16.748+0000] {taskinstance.py:1509} INFO - Exporting the following env vars:
AIRFLOW_CTX_DAG_OWNER=***
AIRFLOW_CTX_DAG_ID=age_check
AIRFLOW_CTX_TASK_ID=age_check
AIRFLOW_CTX_EXECUTION_DATE=2023-04-27T00:00:00+00:00
AIRFLOW_CTX_TRY_NUMBER=1
AIRFLOW_CTX_DAG_RUN_ID=scheduled__2023-04-27T00:00:00+00:00
[2023-04-28T01:51:16.801+0000] {taskinstance.py:1768} ERROR - Task failed with exception
Traceback (most recent call last):
  File "/home/airflow/.local/lib/python3.7/site-packages/airflow/operators/python.py", line 175, in execute
    return_value = self.execute_callable()
  File "/home/airflow/.local/lib/python3.7/site-packages/airflow/operators/python.py", line 192, in execute_callable
    return self.python_callable(*self.op_args, **self.op_kwargs)
  File "/opt/airflow/dags/age.py", line 35, in age_check
    birth_year = int(Variable.get('birth_year'))
  File "/home/airflow/.local/lib/python3.7/site-packages/airflow/models/variable.py", line 141, in get
    raise KeyError(f"Variable {key} does not exist")
KeyError: 'Variable birth_year does not exist'
[2023-04-28T01:51:17.079+0000] {taskinstance.py:1323} INFO - Marking task as UP_FOR_RETRY. dag_id=age_check, task_id=age_check, execution_date=20230427T000000, start_date=20230428T015116, end_date=20230428T015117
[2023-04-28T01:51:17.301+0000] {standard_task_runner.py:105} ERROR - Failed to execute job 4673 for task age_check ('Variable birth_year does not exist'; 65174)
[2023-04-28T01:51:17.405+0000] {local_task_job.py:208} INFO - Task exited with return code 1
[2023-04-28T01:51:17.517+0000] {taskinstance.py:2578} INFO - 0 downstream tasks scheduled from follow-on schedule check
[2023-05-20T21:50:47.085+0000] {taskinstance.py:1083} INFO - Dependencies all met for <TaskInstance: age_check.age_check scheduled__2023-04-27T00:00:00+00:00 [queued]>
[2023-05-20T21:50:47.097+0000] {taskinstance.py:1083} INFO - Dependencies all met for <TaskInstance: age_check.age_check scheduled__2023-04-27T00:00:00+00:00 [queued]>
[2023-05-20T21:50:47.098+0000] {taskinstance.py:1279} INFO - 
--------------------------------------------------------------------------------
[2023-05-20T21:50:47.099+0000] {taskinstance.py:1280} INFO - Starting attempt 1 of 4
[2023-05-20T21:50:47.099+0000] {taskinstance.py:1281} INFO - 
--------------------------------------------------------------------------------
[2023-05-20T21:50:47.110+0000] {taskinstance.py:1300} INFO - Executing <Task(PythonOperator): age_check> on 2023-04-27 00:00:00+00:00
[2023-05-20T21:50:47.115+0000] {standard_task_runner.py:55} INFO - Started process 2453 to run task
[2023-05-20T21:50:47.119+0000] {standard_task_runner.py:82} INFO - Running: ['***', 'tasks', 'run', 'age_check', 'age_check', 'scheduled__2023-04-27T00:00:00+00:00', '--job-id', '1889', '--raw', '--subdir', 'DAGS_FOLDER/age.py', '--cfg-path', '/tmp/tmp1574x_w2']
[2023-05-20T21:50:47.121+0000] {standard_task_runner.py:83} INFO - Job 1889: Subtask age_check
[2023-05-20T21:50:47.192+0000] {task_command.py:388} INFO - Running <TaskInstance: age_check.age_check scheduled__2023-04-27T00:00:00+00:00 [running]> on host 242f95e3e8a8
[2023-05-20T21:50:47.255+0000] {taskinstance.py:1509} INFO - Exporting the following env vars:
AIRFLOW_CTX_DAG_OWNER=***
AIRFLOW_CTX_DAG_ID=age_check
AIRFLOW_CTX_TASK_ID=age_check
AIRFLOW_CTX_EXECUTION_DATE=2023-04-27T00:00:00+00:00
AIRFLOW_CTX_TRY_NUMBER=1
AIRFLOW_CTX_DAG_RUN_ID=scheduled__2023-04-27T00:00:00+00:00
[2023-05-20T21:50:47.267+0000] {taskinstance.py:1768} ERROR - Task failed with exception
Traceback (most recent call last):
  File "/home/airflow/.local/lib/python3.7/site-packages/airflow/operators/python.py", line 175, in execute
    return_value = self.execute_callable()
  File "/home/airflow/.local/lib/python3.7/site-packages/airflow/operators/python.py", line 192, in execute_callable
    return self.python_callable(*self.op_args, **self.op_kwargs)
  File "/opt/airflow/dags/age.py", line 35, in age_check
    birth_year = int(Variable.get('birth_year'))
  File "/home/airflow/.local/lib/python3.7/site-packages/airflow/models/variable.py", line 141, in get
    raise KeyError(f"Variable {key} does not exist")
KeyError: 'Variable birth_year does not exist'
[2023-05-20T21:50:47.280+0000] {taskinstance.py:1323} INFO - Marking task as UP_FOR_RETRY. dag_id=age_check, task_id=age_check, execution_date=20230427T000000, start_date=20230520T215047, end_date=20230520T215047
[2023-05-20T21:50:47.289+0000] {standard_task_runner.py:105} ERROR - Failed to execute job 1889 for task age_check ('Variable birth_year does not exist'; 2453)
[2023-05-20T21:50:47.332+0000] {local_task_job.py:208} INFO - Task exited with return code 1
[2023-05-20T21:50:47.357+0000] {taskinstance.py:2578} INFO - 0 downstream tasks scheduled from follow-on schedule check
