[2023-12-17T15:29:11.603+0000] {taskinstance.py:1157} INFO - Dependencies all met for dep_context=non-requeueable deps ti=<TaskInstance: read_s3_data.read_s3_data scheduled__2022-09-25T00:00:00+00:00 [queued]>
[2023-12-17T15:29:11.697+0000] {taskinstance.py:1157} INFO - Dependencies all met for dep_context=requeueable deps ti=<TaskInstance: read_s3_data.read_s3_data scheduled__2022-09-25T00:00:00+00:00 [queued]>
[2023-12-17T15:29:11.699+0000] {taskinstance.py:1359} INFO - Starting attempt 4 of 4
[2023-12-17T15:29:11.813+0000] {taskinstance.py:1380} INFO - Executing <Task(PythonOperator): read_s3_data> on 2022-09-25 00:00:00+00:00
[2023-12-17T15:29:11.915+0000] {standard_task_runner.py:57} INFO - Started process 26748 to run task
[2023-12-17T15:29:11.982+0000] {standard_task_runner.py:84} INFO - Running: ['***', 'tasks', 'run', 'read_s3_data', 'read_s3_data', 'scheduled__2022-09-25T00:00:00+00:00', '--job-id', '6537', '--raw', '--subdir', 'DAGS_FOLDER/read.py', '--cfg-path', '/tmp/tmphsklklcx']
[2023-12-17T15:29:11.988+0000] {standard_task_runner.py:85} INFO - Job 6537: Subtask read_s3_data
[2023-12-17T15:29:12.277+0000] {task_command.py:415} INFO - Running <TaskInstance: read_s3_data.read_s3_data scheduled__2022-09-25T00:00:00+00:00 [running]> on host 533efb53d454
[2023-12-17T15:29:12.828+0000] {taskinstance.py:1660} INFO - Exporting env vars: AIRFLOW_CTX_DAG_OWNER='***' AIRFLOW_CTX_DAG_ID='read_s3_data' AIRFLOW_CTX_TASK_ID='read_s3_data' AIRFLOW_CTX_EXECUTION_DATE='2022-09-25T00:00:00+00:00' AIRFLOW_CTX_TRY_NUMBER='4' AIRFLOW_CTX_DAG_RUN_ID='scheduled__2022-09-25T00:00:00+00:00'
[2023-12-17T15:29:12.881+0000] {taskinstance.py:1935} ERROR - Task failed with exception
Traceback (most recent call last):
  File "/home/airflow/.local/lib/python3.11/site-packages/airflow/operators/python.py", line 192, in execute
    return_value = self.execute_callable()
                   ^^^^^^^^^^^^^^^^^^^^^^^
  File "/home/airflow/.local/lib/python3.11/site-packages/airflow/operators/python.py", line 209, in execute_callable
    return self.python_callable(*self.op_args, **self.op_kwargs)
           ^^^^^^^^^^^^^^^^^^^^^^^^^^^^^^^^^^^^^^^^^^^^^^^^^^^^^
TypeError: generic_s3_clients() missing 2 required positional arguments: 'ACCESS_KEY' and 'SECRET_KEY'
[2023-12-17T15:29:12.953+0000] {taskinstance.py:1398} INFO - Marking task as FAILED. dag_id=read_s3_data, task_id=read_s3_data, execution_date=20220925T000000, start_date=20231217T152911, end_date=20231217T152912
[2023-12-17T15:29:13.038+0000] {standard_task_runner.py:104} ERROR - Failed to execute job 6537 for task read_s3_data (generic_s3_clients() missing 2 required positional arguments: 'ACCESS_KEY' and 'SECRET_KEY'; 26748)
[2023-12-17T15:29:13.258+0000] {local_task_job_runner.py:228} INFO - Task exited with return code 1
[2023-12-17T15:29:13.379+0000] {taskinstance.py:2776} INFO - 0 downstream tasks scheduled from follow-on schedule check
