[2023-05-21T00:00:50.648+0000] {processor.py:153} INFO - Started process (PID=13348) to work on /home/airflow/.local/lib/python3.7/site-packages/airflow/example_dags/example_local_kubernetes_executor.py
[2023-05-21T00:00:50.650+0000] {processor.py:743} INFO - Processing file /home/airflow/.local/lib/python3.7/site-packages/airflow/example_dags/example_local_kubernetes_executor.py for tasks to queue
[2023-05-21T00:00:50.651+0000] {logging_mixin.py:137} INFO - [2023-05-21T00:00:50.651+0000] {dagbag.py:538} INFO - Filling up the DagBag from /home/airflow/.local/lib/python3.7/site-packages/airflow/example_dags/example_local_kubernetes_executor.py
[2023-05-21T00:00:50.669+0000] {processor.py:753} INFO - DAG(s) dict_keys(['example_local_kubernetes_executor']) retrieved from /home/airflow/.local/lib/python3.7/site-packages/airflow/example_dags/example_local_kubernetes_executor.py
[2023-05-21T00:00:50.694+0000] {logging_mixin.py:137} INFO - [2023-05-21T00:00:50.693+0000] {dag.py:2690} INFO - Sync 1 DAGs
[2023-05-21T00:00:50.711+0000] {logging_mixin.py:137} INFO - [2023-05-21T00:00:50.710+0000] {dag.py:3441} INFO - Setting next_dagrun for example_local_kubernetes_executor to None, run_after=None
[2023-05-21T00:00:50.724+0000] {processor.py:175} INFO - Processing /home/airflow/.local/lib/python3.7/site-packages/airflow/example_dags/example_local_kubernetes_executor.py took 0.079 seconds
[2023-05-21T00:01:20.913+0000] {processor.py:153} INFO - Started process (PID=13419) to work on /home/airflow/.local/lib/python3.7/site-packages/airflow/example_dags/example_local_kubernetes_executor.py
[2023-05-21T00:01:20.915+0000] {processor.py:743} INFO - Processing file /home/airflow/.local/lib/python3.7/site-packages/airflow/example_dags/example_local_kubernetes_executor.py for tasks to queue
[2023-05-21T00:01:20.916+0000] {logging_mixin.py:137} INFO - [2023-05-21T00:01:20.916+0000] {dagbag.py:538} INFO - Filling up the DagBag from /home/airflow/.local/lib/python3.7/site-packages/airflow/example_dags/example_local_kubernetes_executor.py
[2023-05-21T00:01:20.935+0000] {processor.py:753} INFO - DAG(s) dict_keys(['example_local_kubernetes_executor']) retrieved from /home/airflow/.local/lib/python3.7/site-packages/airflow/example_dags/example_local_kubernetes_executor.py
[2023-05-21T00:01:20.961+0000] {logging_mixin.py:137} INFO - [2023-05-21T00:01:20.961+0000] {dag.py:2690} INFO - Sync 1 DAGs
[2023-05-21T00:01:20.978+0000] {logging_mixin.py:137} INFO - [2023-05-21T00:01:20.978+0000] {dag.py:3441} INFO - Setting next_dagrun for example_local_kubernetes_executor to None, run_after=None
[2023-05-21T00:01:20.991+0000] {processor.py:175} INFO - Processing /home/airflow/.local/lib/python3.7/site-packages/airflow/example_dags/example_local_kubernetes_executor.py took 0.081 seconds
[2023-05-21T00:01:51.120+0000] {processor.py:153} INFO - Started process (PID=13503) to work on /home/airflow/.local/lib/python3.7/site-packages/airflow/example_dags/example_local_kubernetes_executor.py
[2023-05-21T00:01:51.122+0000] {processor.py:743} INFO - Processing file /home/airflow/.local/lib/python3.7/site-packages/airflow/example_dags/example_local_kubernetes_executor.py for tasks to queue
[2023-05-21T00:01:51.123+0000] {logging_mixin.py:137} INFO - [2023-05-21T00:01:51.123+0000] {dagbag.py:538} INFO - Filling up the DagBag from /home/airflow/.local/lib/python3.7/site-packages/airflow/example_dags/example_local_kubernetes_executor.py
[2023-05-21T00:01:51.142+0000] {processor.py:753} INFO - DAG(s) dict_keys(['example_local_kubernetes_executor']) retrieved from /home/airflow/.local/lib/python3.7/site-packages/airflow/example_dags/example_local_kubernetes_executor.py
[2023-05-21T00:01:51.167+0000] {logging_mixin.py:137} INFO - [2023-05-21T00:01:51.167+0000] {dag.py:2690} INFO - Sync 1 DAGs
[2023-05-21T00:01:51.185+0000] {logging_mixin.py:137} INFO - [2023-05-21T00:01:51.185+0000] {dag.py:3441} INFO - Setting next_dagrun for example_local_kubernetes_executor to None, run_after=None
[2023-05-21T00:01:51.197+0000] {processor.py:175} INFO - Processing /home/airflow/.local/lib/python3.7/site-packages/airflow/example_dags/example_local_kubernetes_executor.py took 0.080 seconds
[2023-05-21T00:02:22.144+0000] {processor.py:153} INFO - Started process (PID=13586) to work on /home/airflow/.local/lib/python3.7/site-packages/airflow/example_dags/example_local_kubernetes_executor.py
[2023-05-21T00:02:22.145+0000] {processor.py:743} INFO - Processing file /home/airflow/.local/lib/python3.7/site-packages/airflow/example_dags/example_local_kubernetes_executor.py for tasks to queue
[2023-05-21T00:02:22.146+0000] {logging_mixin.py:137} INFO - [2023-05-21T00:02:22.146+0000] {dagbag.py:538} INFO - Filling up the DagBag from /home/airflow/.local/lib/python3.7/site-packages/airflow/example_dags/example_local_kubernetes_executor.py
[2023-05-21T00:02:22.164+0000] {processor.py:753} INFO - DAG(s) dict_keys(['example_local_kubernetes_executor']) retrieved from /home/airflow/.local/lib/python3.7/site-packages/airflow/example_dags/example_local_kubernetes_executor.py
[2023-05-21T00:02:22.191+0000] {logging_mixin.py:137} INFO - [2023-05-21T00:02:22.191+0000] {dag.py:2690} INFO - Sync 1 DAGs
[2023-05-21T00:02:22.209+0000] {logging_mixin.py:137} INFO - [2023-05-21T00:02:22.209+0000] {dag.py:3441} INFO - Setting next_dagrun for example_local_kubernetes_executor to None, run_after=None
[2023-05-21T00:02:22.221+0000] {processor.py:175} INFO - Processing /home/airflow/.local/lib/python3.7/site-packages/airflow/example_dags/example_local_kubernetes_executor.py took 0.081 seconds
[2023-05-21T00:02:53.105+0000] {processor.py:153} INFO - Started process (PID=13668) to work on /home/airflow/.local/lib/python3.7/site-packages/airflow/example_dags/example_local_kubernetes_executor.py
[2023-05-21T00:02:53.107+0000] {processor.py:743} INFO - Processing file /home/airflow/.local/lib/python3.7/site-packages/airflow/example_dags/example_local_kubernetes_executor.py for tasks to queue
[2023-05-21T00:02:53.110+0000] {logging_mixin.py:137} INFO - [2023-05-21T00:02:53.110+0000] {dagbag.py:538} INFO - Filling up the DagBag from /home/airflow/.local/lib/python3.7/site-packages/airflow/example_dags/example_local_kubernetes_executor.py
[2023-05-21T00:02:53.132+0000] {processor.py:753} INFO - DAG(s) dict_keys(['example_local_kubernetes_executor']) retrieved from /home/airflow/.local/lib/python3.7/site-packages/airflow/example_dags/example_local_kubernetes_executor.py
[2023-05-21T00:02:53.155+0000] {logging_mixin.py:137} INFO - [2023-05-21T00:02:53.155+0000] {dag.py:2690} INFO - Sync 1 DAGs
[2023-05-21T00:02:53.172+0000] {logging_mixin.py:137} INFO - [2023-05-21T00:02:53.172+0000] {dag.py:3441} INFO - Setting next_dagrun for example_local_kubernetes_executor to None, run_after=None
[2023-05-21T00:02:53.184+0000] {processor.py:175} INFO - Processing /home/airflow/.local/lib/python3.7/site-packages/airflow/example_dags/example_local_kubernetes_executor.py took 0.083 seconds
[2023-05-21T00:22:40.034+0000] {processor.py:153} INFO - Started process (PID=13740) to work on /home/airflow/.local/lib/python3.7/site-packages/airflow/example_dags/example_local_kubernetes_executor.py
[2023-05-21T00:22:40.036+0000] {processor.py:743} INFO - Processing file /home/airflow/.local/lib/python3.7/site-packages/airflow/example_dags/example_local_kubernetes_executor.py for tasks to queue
[2023-05-21T00:22:40.037+0000] {logging_mixin.py:137} INFO - [2023-05-21T00:22:40.037+0000] {dagbag.py:538} INFO - Filling up the DagBag from /home/airflow/.local/lib/python3.7/site-packages/airflow/example_dags/example_local_kubernetes_executor.py
[2023-05-21T00:22:40.054+0000] {processor.py:753} INFO - DAG(s) dict_keys(['example_local_kubernetes_executor']) retrieved from /home/airflow/.local/lib/python3.7/site-packages/airflow/example_dags/example_local_kubernetes_executor.py
[2023-05-21T00:22:40.076+0000] {logging_mixin.py:137} INFO - [2023-05-21T00:22:40.076+0000] {dag.py:2690} INFO - Sync 1 DAGs
[2023-05-21T00:22:40.093+0000] {logging_mixin.py:137} INFO - [2023-05-21T00:22:40.093+0000] {dag.py:3441} INFO - Setting next_dagrun for example_local_kubernetes_executor to None, run_after=None
[2023-05-21T00:22:40.109+0000] {processor.py:175} INFO - Processing /home/airflow/.local/lib/python3.7/site-packages/airflow/example_dags/example_local_kubernetes_executor.py took 0.078 seconds
[2023-05-21T01:45:18.547+0000] {processor.py:153} INFO - Started process (PID=13823) to work on /home/airflow/.local/lib/python3.7/site-packages/airflow/example_dags/example_local_kubernetes_executor.py
[2023-05-21T01:45:18.549+0000] {processor.py:743} INFO - Processing file /home/airflow/.local/lib/python3.7/site-packages/airflow/example_dags/example_local_kubernetes_executor.py for tasks to queue
[2023-05-21T01:45:18.550+0000] {logging_mixin.py:137} INFO - [2023-05-21T01:45:18.550+0000] {dagbag.py:538} INFO - Filling up the DagBag from /home/airflow/.local/lib/python3.7/site-packages/airflow/example_dags/example_local_kubernetes_executor.py
[2023-05-21T01:45:18.571+0000] {processor.py:753} INFO - DAG(s) dict_keys(['example_local_kubernetes_executor']) retrieved from /home/airflow/.local/lib/python3.7/site-packages/airflow/example_dags/example_local_kubernetes_executor.py
[2023-05-21T01:45:18.611+0000] {logging_mixin.py:137} INFO - [2023-05-21T01:45:18.611+0000] {dag.py:2690} INFO - Sync 1 DAGs
[2023-05-21T01:45:18.639+0000] {logging_mixin.py:137} INFO - [2023-05-21T01:45:18.639+0000] {dag.py:3441} INFO - Setting next_dagrun for example_local_kubernetes_executor to None, run_after=None
[2023-05-21T01:45:18.660+0000] {processor.py:175} INFO - Processing /home/airflow/.local/lib/python3.7/site-packages/airflow/example_dags/example_local_kubernetes_executor.py took 0.116 seconds
[2023-05-21T03:07:47.698+0000] {processor.py:153} INFO - Started process (PID=13894) to work on /home/airflow/.local/lib/python3.7/site-packages/airflow/example_dags/example_local_kubernetes_executor.py
[2023-05-21T03:07:47.700+0000] {processor.py:743} INFO - Processing file /home/airflow/.local/lib/python3.7/site-packages/airflow/example_dags/example_local_kubernetes_executor.py for tasks to queue
[2023-05-21T03:07:47.702+0000] {logging_mixin.py:137} INFO - [2023-05-21T03:07:47.702+0000] {dagbag.py:538} INFO - Filling up the DagBag from /home/airflow/.local/lib/python3.7/site-packages/airflow/example_dags/example_local_kubernetes_executor.py
[2023-05-21T03:07:47.720+0000] {processor.py:753} INFO - DAG(s) dict_keys(['example_local_kubernetes_executor']) retrieved from /home/airflow/.local/lib/python3.7/site-packages/airflow/example_dags/example_local_kubernetes_executor.py
[2023-05-21T03:07:47.745+0000] {logging_mixin.py:137} INFO - [2023-05-21T03:07:47.745+0000] {dag.py:2690} INFO - Sync 1 DAGs
[2023-05-21T03:07:47.764+0000] {logging_mixin.py:137} INFO - [2023-05-21T03:07:47.764+0000] {dag.py:3441} INFO - Setting next_dagrun for example_local_kubernetes_executor to None, run_after=None
[2023-05-21T03:07:47.780+0000] {processor.py:175} INFO - Processing /home/airflow/.local/lib/python3.7/site-packages/airflow/example_dags/example_local_kubernetes_executor.py took 0.084 seconds
[2023-05-21T04:29:30.819+0000] {processor.py:153} INFO - Started process (PID=13977) to work on /home/airflow/.local/lib/python3.7/site-packages/airflow/example_dags/example_local_kubernetes_executor.py
[2023-05-21T04:29:30.821+0000] {processor.py:743} INFO - Processing file /home/airflow/.local/lib/python3.7/site-packages/airflow/example_dags/example_local_kubernetes_executor.py for tasks to queue
[2023-05-21T04:29:30.822+0000] {logging_mixin.py:137} INFO - [2023-05-21T04:29:30.822+0000] {dagbag.py:538} INFO - Filling up the DagBag from /home/airflow/.local/lib/python3.7/site-packages/airflow/example_dags/example_local_kubernetes_executor.py
[2023-05-21T04:29:30.841+0000] {processor.py:753} INFO - DAG(s) dict_keys(['example_local_kubernetes_executor']) retrieved from /home/airflow/.local/lib/python3.7/site-packages/airflow/example_dags/example_local_kubernetes_executor.py
[2023-05-21T04:29:30.863+0000] {logging_mixin.py:137} INFO - [2023-05-21T04:29:30.863+0000] {dag.py:2690} INFO - Sync 1 DAGs
[2023-05-21T04:29:30.881+0000] {logging_mixin.py:137} INFO - [2023-05-21T04:29:30.881+0000] {dag.py:3441} INFO - Setting next_dagrun for example_local_kubernetes_executor to None, run_after=None
[2023-05-21T04:29:30.897+0000] {processor.py:175} INFO - Processing /home/airflow/.local/lib/python3.7/site-packages/airflow/example_dags/example_local_kubernetes_executor.py took 0.082 seconds
[2023-05-21T05:49:55.141+0000] {processor.py:153} INFO - Started process (PID=14061) to work on /home/airflow/.local/lib/python3.7/site-packages/airflow/example_dags/example_local_kubernetes_executor.py
[2023-05-21T05:49:55.144+0000] {processor.py:743} INFO - Processing file /home/airflow/.local/lib/python3.7/site-packages/airflow/example_dags/example_local_kubernetes_executor.py for tasks to queue
[2023-05-21T05:49:55.150+0000] {logging_mixin.py:137} INFO - [2023-05-21T05:49:55.150+0000] {dagbag.py:538} INFO - Filling up the DagBag from /home/airflow/.local/lib/python3.7/site-packages/airflow/example_dags/example_local_kubernetes_executor.py
[2023-05-21T05:49:55.197+0000] {processor.py:753} INFO - DAG(s) dict_keys(['example_local_kubernetes_executor']) retrieved from /home/airflow/.local/lib/python3.7/site-packages/airflow/example_dags/example_local_kubernetes_executor.py
[2023-05-21T05:49:55.256+0000] {logging_mixin.py:137} INFO - [2023-05-21T05:49:55.256+0000] {dag.py:2690} INFO - Sync 1 DAGs
[2023-05-21T05:49:55.292+0000] {logging_mixin.py:137} INFO - [2023-05-21T05:49:55.292+0000] {dag.py:3441} INFO - Setting next_dagrun for example_local_kubernetes_executor to None, run_after=None
[2023-05-21T05:49:55.311+0000] {processor.py:175} INFO - Processing /home/airflow/.local/lib/python3.7/site-packages/airflow/example_dags/example_local_kubernetes_executor.py took 0.174 seconds
[2023-05-21T07:11:45.660+0000] {processor.py:153} INFO - Started process (PID=14132) to work on /home/airflow/.local/lib/python3.7/site-packages/airflow/example_dags/example_local_kubernetes_executor.py
[2023-05-21T07:11:45.665+0000] {processor.py:743} INFO - Processing file /home/airflow/.local/lib/python3.7/site-packages/airflow/example_dags/example_local_kubernetes_executor.py for tasks to queue
[2023-05-21T07:11:45.666+0000] {logging_mixin.py:137} INFO - [2023-05-21T07:11:45.666+0000] {dagbag.py:538} INFO - Filling up the DagBag from /home/airflow/.local/lib/python3.7/site-packages/airflow/example_dags/example_local_kubernetes_executor.py
[2023-05-21T07:11:45.697+0000] {processor.py:753} INFO - DAG(s) dict_keys(['example_local_kubernetes_executor']) retrieved from /home/airflow/.local/lib/python3.7/site-packages/airflow/example_dags/example_local_kubernetes_executor.py
[2023-05-21T07:11:45.741+0000] {logging_mixin.py:137} INFO - [2023-05-21T07:11:45.741+0000] {dag.py:2690} INFO - Sync 1 DAGs
[2023-05-21T07:11:45.772+0000] {logging_mixin.py:137} INFO - [2023-05-21T07:11:45.771+0000] {dag.py:3441} INFO - Setting next_dagrun for example_local_kubernetes_executor to None, run_after=None
[2023-05-21T07:11:45.796+0000] {processor.py:175} INFO - Processing /home/airflow/.local/lib/python3.7/site-packages/airflow/example_dags/example_local_kubernetes_executor.py took 0.139 seconds
[2023-05-21T08:35:17.316+0000] {processor.py:153} INFO - Started process (PID=14214) to work on /home/airflow/.local/lib/python3.7/site-packages/airflow/example_dags/example_local_kubernetes_executor.py
[2023-05-21T08:35:17.321+0000] {processor.py:743} INFO - Processing file /home/airflow/.local/lib/python3.7/site-packages/airflow/example_dags/example_local_kubernetes_executor.py for tasks to queue
[2023-05-21T08:35:17.323+0000] {logging_mixin.py:137} INFO - [2023-05-21T08:35:17.322+0000] {dagbag.py:538} INFO - Filling up the DagBag from /home/airflow/.local/lib/python3.7/site-packages/airflow/example_dags/example_local_kubernetes_executor.py
[2023-05-21T08:35:17.341+0000] {processor.py:753} INFO - DAG(s) dict_keys(['example_local_kubernetes_executor']) retrieved from /home/airflow/.local/lib/python3.7/site-packages/airflow/example_dags/example_local_kubernetes_executor.py
[2023-05-21T08:35:17.376+0000] {logging_mixin.py:137} INFO - [2023-05-21T08:35:17.376+0000] {dag.py:2690} INFO - Sync 1 DAGs
[2023-05-21T08:35:17.674+0000] {logging_mixin.py:137} INFO - [2023-05-21T08:35:17.674+0000] {dag.py:3441} INFO - Setting next_dagrun for example_local_kubernetes_executor to None, run_after=None
[2023-05-21T08:35:17.755+0000] {processor.py:175} INFO - Processing /home/airflow/.local/lib/python3.7/site-packages/airflow/example_dags/example_local_kubernetes_executor.py took 0.443 seconds
[2023-05-21T09:54:19.020+0000] {processor.py:153} INFO - Started process (PID=14284) to work on /home/airflow/.local/lib/python3.7/site-packages/airflow/example_dags/example_local_kubernetes_executor.py
[2023-05-21T09:54:19.022+0000] {processor.py:743} INFO - Processing file /home/airflow/.local/lib/python3.7/site-packages/airflow/example_dags/example_local_kubernetes_executor.py for tasks to queue
[2023-05-21T09:54:19.023+0000] {logging_mixin.py:137} INFO - [2023-05-21T09:54:19.023+0000] {dagbag.py:538} INFO - Filling up the DagBag from /home/airflow/.local/lib/python3.7/site-packages/airflow/example_dags/example_local_kubernetes_executor.py
[2023-05-21T09:54:19.040+0000] {processor.py:753} INFO - DAG(s) dict_keys(['example_local_kubernetes_executor']) retrieved from /home/airflow/.local/lib/python3.7/site-packages/airflow/example_dags/example_local_kubernetes_executor.py
[2023-05-21T09:54:19.064+0000] {logging_mixin.py:137} INFO - [2023-05-21T09:54:19.064+0000] {dag.py:2690} INFO - Sync 1 DAGs
[2023-05-21T09:54:19.082+0000] {logging_mixin.py:137} INFO - [2023-05-21T09:54:19.082+0000] {dag.py:3441} INFO - Setting next_dagrun for example_local_kubernetes_executor to None, run_after=None
[2023-05-21T09:54:19.093+0000] {processor.py:175} INFO - Processing /home/airflow/.local/lib/python3.7/site-packages/airflow/example_dags/example_local_kubernetes_executor.py took 0.077 seconds
[2023-05-21T11:17:39.142+0000] {processor.py:153} INFO - Started process (PID=14368) to work on /home/airflow/.local/lib/python3.7/site-packages/airflow/example_dags/example_local_kubernetes_executor.py
[2023-05-21T11:17:39.144+0000] {processor.py:743} INFO - Processing file /home/airflow/.local/lib/python3.7/site-packages/airflow/example_dags/example_local_kubernetes_executor.py for tasks to queue
[2023-05-21T11:17:39.145+0000] {logging_mixin.py:137} INFO - [2023-05-21T11:17:39.145+0000] {dagbag.py:538} INFO - Filling up the DagBag from /home/airflow/.local/lib/python3.7/site-packages/airflow/example_dags/example_local_kubernetes_executor.py
[2023-05-21T11:17:39.164+0000] {processor.py:753} INFO - DAG(s) dict_keys(['example_local_kubernetes_executor']) retrieved from /home/airflow/.local/lib/python3.7/site-packages/airflow/example_dags/example_local_kubernetes_executor.py
[2023-05-21T11:17:39.187+0000] {logging_mixin.py:137} INFO - [2023-05-21T11:17:39.187+0000] {dag.py:2690} INFO - Sync 1 DAGs
[2023-05-21T11:17:39.203+0000] {logging_mixin.py:137} INFO - [2023-05-21T11:17:39.203+0000] {dag.py:3441} INFO - Setting next_dagrun for example_local_kubernetes_executor to None, run_after=None
[2023-05-21T11:17:39.216+0000] {processor.py:175} INFO - Processing /home/airflow/.local/lib/python3.7/site-packages/airflow/example_dags/example_local_kubernetes_executor.py took 0.077 seconds
[2023-05-21T11:31:47.913+0000] {processor.py:153} INFO - Started process (PID=14439) to work on /home/airflow/.local/lib/python3.7/site-packages/airflow/example_dags/example_local_kubernetes_executor.py
[2023-05-21T11:31:47.916+0000] {processor.py:743} INFO - Processing file /home/airflow/.local/lib/python3.7/site-packages/airflow/example_dags/example_local_kubernetes_executor.py for tasks to queue
[2023-05-21T11:31:47.918+0000] {logging_mixin.py:137} INFO - [2023-05-21T11:31:47.917+0000] {dagbag.py:538} INFO - Filling up the DagBag from /home/airflow/.local/lib/python3.7/site-packages/airflow/example_dags/example_local_kubernetes_executor.py
[2023-05-21T11:31:47.961+0000] {processor.py:753} INFO - DAG(s) dict_keys(['example_local_kubernetes_executor']) retrieved from /home/airflow/.local/lib/python3.7/site-packages/airflow/example_dags/example_local_kubernetes_executor.py
[2023-05-21T11:31:48.024+0000] {logging_mixin.py:137} INFO - [2023-05-21T11:31:48.023+0000] {dag.py:2690} INFO - Sync 1 DAGs
[2023-05-21T11:31:48.061+0000] {logging_mixin.py:137} INFO - [2023-05-21T11:31:48.061+0000] {dag.py:3441} INFO - Setting next_dagrun for example_local_kubernetes_executor to None, run_after=None
[2023-05-21T11:31:48.099+0000] {processor.py:175} INFO - Processing /home/airflow/.local/lib/python3.7/site-packages/airflow/example_dags/example_local_kubernetes_executor.py took 0.192 seconds
[2023-05-21T11:32:18.159+0000] {processor.py:153} INFO - Started process (PID=14522) to work on /home/airflow/.local/lib/python3.7/site-packages/airflow/example_dags/example_local_kubernetes_executor.py
[2023-05-21T11:32:18.161+0000] {processor.py:743} INFO - Processing file /home/airflow/.local/lib/python3.7/site-packages/airflow/example_dags/example_local_kubernetes_executor.py for tasks to queue
[2023-05-21T11:32:18.162+0000] {logging_mixin.py:137} INFO - [2023-05-21T11:32:18.162+0000] {dagbag.py:538} INFO - Filling up the DagBag from /home/airflow/.local/lib/python3.7/site-packages/airflow/example_dags/example_local_kubernetes_executor.py
[2023-05-21T11:32:18.179+0000] {processor.py:753} INFO - DAG(s) dict_keys(['example_local_kubernetes_executor']) retrieved from /home/airflow/.local/lib/python3.7/site-packages/airflow/example_dags/example_local_kubernetes_executor.py
[2023-05-21T11:32:18.202+0000] {logging_mixin.py:137} INFO - [2023-05-21T11:32:18.202+0000] {dag.py:2690} INFO - Sync 1 DAGs
[2023-05-21T11:32:18.219+0000] {logging_mixin.py:137} INFO - [2023-05-21T11:32:18.219+0000] {dag.py:3441} INFO - Setting next_dagrun for example_local_kubernetes_executor to None, run_after=None
[2023-05-21T11:32:18.232+0000] {processor.py:175} INFO - Processing /home/airflow/.local/lib/python3.7/site-packages/airflow/example_dags/example_local_kubernetes_executor.py took 0.076 seconds
[2023-05-21T11:32:49.123+0000] {processor.py:153} INFO - Started process (PID=14605) to work on /home/airflow/.local/lib/python3.7/site-packages/airflow/example_dags/example_local_kubernetes_executor.py
[2023-05-21T11:32:49.125+0000] {processor.py:743} INFO - Processing file /home/airflow/.local/lib/python3.7/site-packages/airflow/example_dags/example_local_kubernetes_executor.py for tasks to queue
[2023-05-21T11:32:49.126+0000] {logging_mixin.py:137} INFO - [2023-05-21T11:32:49.126+0000] {dagbag.py:538} INFO - Filling up the DagBag from /home/airflow/.local/lib/python3.7/site-packages/airflow/example_dags/example_local_kubernetes_executor.py
[2023-05-21T11:32:49.143+0000] {processor.py:753} INFO - DAG(s) dict_keys(['example_local_kubernetes_executor']) retrieved from /home/airflow/.local/lib/python3.7/site-packages/airflow/example_dags/example_local_kubernetes_executor.py
[2023-05-21T11:32:49.166+0000] {logging_mixin.py:137} INFO - [2023-05-21T11:32:49.166+0000] {dag.py:2690} INFO - Sync 1 DAGs
[2023-05-21T11:32:49.183+0000] {logging_mixin.py:137} INFO - [2023-05-21T11:32:49.183+0000] {dag.py:3441} INFO - Setting next_dagrun for example_local_kubernetes_executor to None, run_after=None
[2023-05-21T11:32:49.195+0000] {processor.py:175} INFO - Processing /home/airflow/.local/lib/python3.7/site-packages/airflow/example_dags/example_local_kubernetes_executor.py took 0.074 seconds
[2023-05-21T11:33:20.158+0000] {processor.py:153} INFO - Started process (PID=14688) to work on /home/airflow/.local/lib/python3.7/site-packages/airflow/example_dags/example_local_kubernetes_executor.py
[2023-05-21T11:33:20.160+0000] {processor.py:743} INFO - Processing file /home/airflow/.local/lib/python3.7/site-packages/airflow/example_dags/example_local_kubernetes_executor.py for tasks to queue
[2023-05-21T11:33:20.161+0000] {logging_mixin.py:137} INFO - [2023-05-21T11:33:20.161+0000] {dagbag.py:538} INFO - Filling up the DagBag from /home/airflow/.local/lib/python3.7/site-packages/airflow/example_dags/example_local_kubernetes_executor.py
[2023-05-21T11:33:20.179+0000] {processor.py:753} INFO - DAG(s) dict_keys(['example_local_kubernetes_executor']) retrieved from /home/airflow/.local/lib/python3.7/site-packages/airflow/example_dags/example_local_kubernetes_executor.py
[2023-05-21T11:33:20.201+0000] {logging_mixin.py:137} INFO - [2023-05-21T11:33:20.201+0000] {dag.py:2690} INFO - Sync 1 DAGs
[2023-05-21T11:33:20.217+0000] {logging_mixin.py:137} INFO - [2023-05-21T11:33:20.217+0000] {dag.py:3441} INFO - Setting next_dagrun for example_local_kubernetes_executor to None, run_after=None
[2023-05-21T11:33:20.230+0000] {processor.py:175} INFO - Processing /home/airflow/.local/lib/python3.7/site-packages/airflow/example_dags/example_local_kubernetes_executor.py took 0.075 seconds
[2023-05-21T11:33:50.934+0000] {processor.py:153} INFO - Started process (PID=14759) to work on /home/airflow/.local/lib/python3.7/site-packages/airflow/example_dags/example_local_kubernetes_executor.py
[2023-05-21T11:33:50.937+0000] {processor.py:743} INFO - Processing file /home/airflow/.local/lib/python3.7/site-packages/airflow/example_dags/example_local_kubernetes_executor.py for tasks to queue
[2023-05-21T11:33:50.938+0000] {logging_mixin.py:137} INFO - [2023-05-21T11:33:50.938+0000] {dagbag.py:538} INFO - Filling up the DagBag from /home/airflow/.local/lib/python3.7/site-packages/airflow/example_dags/example_local_kubernetes_executor.py
[2023-05-21T11:33:50.955+0000] {processor.py:753} INFO - DAG(s) dict_keys(['example_local_kubernetes_executor']) retrieved from /home/airflow/.local/lib/python3.7/site-packages/airflow/example_dags/example_local_kubernetes_executor.py
[2023-05-21T11:33:50.978+0000] {logging_mixin.py:137} INFO - [2023-05-21T11:33:50.978+0000] {dag.py:2690} INFO - Sync 1 DAGs
[2023-05-21T11:33:50.995+0000] {logging_mixin.py:137} INFO - [2023-05-21T11:33:50.995+0000] {dag.py:3441} INFO - Setting next_dagrun for example_local_kubernetes_executor to None, run_after=None
[2023-05-21T11:33:51.008+0000] {processor.py:175} INFO - Processing /home/airflow/.local/lib/python3.7/site-packages/airflow/example_dags/example_local_kubernetes_executor.py took 0.077 seconds
[2023-05-21T11:34:22.200+0000] {processor.py:153} INFO - Started process (PID=14841) to work on /home/airflow/.local/lib/python3.7/site-packages/airflow/example_dags/example_local_kubernetes_executor.py
[2023-05-21T11:34:22.206+0000] {processor.py:743} INFO - Processing file /home/airflow/.local/lib/python3.7/site-packages/airflow/example_dags/example_local_kubernetes_executor.py for tasks to queue
[2023-05-21T11:34:22.208+0000] {logging_mixin.py:137} INFO - [2023-05-21T11:34:22.208+0000] {dagbag.py:538} INFO - Filling up the DagBag from /home/airflow/.local/lib/python3.7/site-packages/airflow/example_dags/example_local_kubernetes_executor.py
[2023-05-21T11:34:22.236+0000] {processor.py:753} INFO - DAG(s) dict_keys(['example_local_kubernetes_executor']) retrieved from /home/airflow/.local/lib/python3.7/site-packages/airflow/example_dags/example_local_kubernetes_executor.py
[2023-05-21T11:34:22.271+0000] {logging_mixin.py:137} INFO - [2023-05-21T11:34:22.271+0000] {dag.py:2690} INFO - Sync 1 DAGs
[2023-05-21T11:34:22.291+0000] {logging_mixin.py:137} INFO - [2023-05-21T11:34:22.291+0000] {dag.py:3441} INFO - Setting next_dagrun for example_local_kubernetes_executor to None, run_after=None
[2023-05-21T11:34:22.309+0000] {processor.py:175} INFO - Processing /home/airflow/.local/lib/python3.7/site-packages/airflow/example_dags/example_local_kubernetes_executor.py took 0.112 seconds
[2023-05-21T11:34:52.421+0000] {processor.py:153} INFO - Started process (PID=14923) to work on /home/airflow/.local/lib/python3.7/site-packages/airflow/example_dags/example_local_kubernetes_executor.py
[2023-05-21T11:34:52.423+0000] {processor.py:743} INFO - Processing file /home/airflow/.local/lib/python3.7/site-packages/airflow/example_dags/example_local_kubernetes_executor.py for tasks to queue
[2023-05-21T11:34:52.424+0000] {logging_mixin.py:137} INFO - [2023-05-21T11:34:52.424+0000] {dagbag.py:538} INFO - Filling up the DagBag from /home/airflow/.local/lib/python3.7/site-packages/airflow/example_dags/example_local_kubernetes_executor.py
[2023-05-21T11:34:52.439+0000] {processor.py:753} INFO - DAG(s) dict_keys(['example_local_kubernetes_executor']) retrieved from /home/airflow/.local/lib/python3.7/site-packages/airflow/example_dags/example_local_kubernetes_executor.py
[2023-05-21T11:34:52.462+0000] {logging_mixin.py:137} INFO - [2023-05-21T11:34:52.462+0000] {dag.py:2690} INFO - Sync 1 DAGs
[2023-05-21T11:34:52.477+0000] {logging_mixin.py:137} INFO - [2023-05-21T11:34:52.477+0000] {dag.py:3441} INFO - Setting next_dagrun for example_local_kubernetes_executor to None, run_after=None
[2023-05-21T11:34:52.488+0000] {processor.py:175} INFO - Processing /home/airflow/.local/lib/python3.7/site-packages/airflow/example_dags/example_local_kubernetes_executor.py took 0.069 seconds
[2023-05-21T11:35:22.673+0000] {processor.py:153} INFO - Started process (PID=14994) to work on /home/airflow/.local/lib/python3.7/site-packages/airflow/example_dags/example_local_kubernetes_executor.py
[2023-05-21T11:35:22.675+0000] {processor.py:743} INFO - Processing file /home/airflow/.local/lib/python3.7/site-packages/airflow/example_dags/example_local_kubernetes_executor.py for tasks to queue
[2023-05-21T11:35:22.676+0000] {logging_mixin.py:137} INFO - [2023-05-21T11:35:22.676+0000] {dagbag.py:538} INFO - Filling up the DagBag from /home/airflow/.local/lib/python3.7/site-packages/airflow/example_dags/example_local_kubernetes_executor.py
[2023-05-21T11:35:22.695+0000] {processor.py:753} INFO - DAG(s) dict_keys(['example_local_kubernetes_executor']) retrieved from /home/airflow/.local/lib/python3.7/site-packages/airflow/example_dags/example_local_kubernetes_executor.py
[2023-05-21T11:35:22.725+0000] {logging_mixin.py:137} INFO - [2023-05-21T11:35:22.725+0000] {dag.py:2690} INFO - Sync 1 DAGs
[2023-05-21T11:35:22.747+0000] {logging_mixin.py:137} INFO - [2023-05-21T11:35:22.746+0000] {dag.py:3441} INFO - Setting next_dagrun for example_local_kubernetes_executor to None, run_after=None
[2023-05-21T11:35:22.773+0000] {processor.py:175} INFO - Processing /home/airflow/.local/lib/python3.7/site-packages/airflow/example_dags/example_local_kubernetes_executor.py took 0.103 seconds
[2023-05-21T11:35:53.447+0000] {processor.py:153} INFO - Started process (PID=15076) to work on /home/airflow/.local/lib/python3.7/site-packages/airflow/example_dags/example_local_kubernetes_executor.py
[2023-05-21T11:35:53.458+0000] {processor.py:743} INFO - Processing file /home/airflow/.local/lib/python3.7/site-packages/airflow/example_dags/example_local_kubernetes_executor.py for tasks to queue
[2023-05-21T11:35:53.460+0000] {logging_mixin.py:137} INFO - [2023-05-21T11:35:53.460+0000] {dagbag.py:538} INFO - Filling up the DagBag from /home/airflow/.local/lib/python3.7/site-packages/airflow/example_dags/example_local_kubernetes_executor.py
[2023-05-21T11:35:53.483+0000] {processor.py:753} INFO - DAG(s) dict_keys(['example_local_kubernetes_executor']) retrieved from /home/airflow/.local/lib/python3.7/site-packages/airflow/example_dags/example_local_kubernetes_executor.py
[2023-05-21T11:35:53.527+0000] {logging_mixin.py:137} INFO - [2023-05-21T11:35:53.527+0000] {dag.py:2690} INFO - Sync 1 DAGs
[2023-05-21T11:35:53.579+0000] {logging_mixin.py:137} INFO - [2023-05-21T11:35:53.578+0000] {dag.py:3441} INFO - Setting next_dagrun for example_local_kubernetes_executor to None, run_after=None
[2023-05-21T11:35:53.666+0000] {processor.py:175} INFO - Processing /home/airflow/.local/lib/python3.7/site-packages/airflow/example_dags/example_local_kubernetes_executor.py took 0.221 seconds
[2023-05-21T11:36:23.972+0000] {processor.py:153} INFO - Started process (PID=15160) to work on /home/airflow/.local/lib/python3.7/site-packages/airflow/example_dags/example_local_kubernetes_executor.py
[2023-05-21T11:36:23.973+0000] {processor.py:743} INFO - Processing file /home/airflow/.local/lib/python3.7/site-packages/airflow/example_dags/example_local_kubernetes_executor.py for tasks to queue
[2023-05-21T11:36:23.974+0000] {logging_mixin.py:137} INFO - [2023-05-21T11:36:23.974+0000] {dagbag.py:538} INFO - Filling up the DagBag from /home/airflow/.local/lib/python3.7/site-packages/airflow/example_dags/example_local_kubernetes_executor.py
[2023-05-21T11:36:23.990+0000] {processor.py:753} INFO - DAG(s) dict_keys(['example_local_kubernetes_executor']) retrieved from /home/airflow/.local/lib/python3.7/site-packages/airflow/example_dags/example_local_kubernetes_executor.py
[2023-05-21T11:36:24.011+0000] {logging_mixin.py:137} INFO - [2023-05-21T11:36:24.011+0000] {dag.py:2690} INFO - Sync 1 DAGs
[2023-05-21T11:36:24.027+0000] {logging_mixin.py:137} INFO - [2023-05-21T11:36:24.027+0000] {dag.py:3441} INFO - Setting next_dagrun for example_local_kubernetes_executor to None, run_after=None
[2023-05-21T11:36:24.040+0000] {processor.py:175} INFO - Processing /home/airflow/.local/lib/python3.7/site-packages/airflow/example_dags/example_local_kubernetes_executor.py took 0.071 seconds
[2023-05-21T11:36:54.228+0000] {processor.py:153} INFO - Started process (PID=15230) to work on /home/airflow/.local/lib/python3.7/site-packages/airflow/example_dags/example_local_kubernetes_executor.py
[2023-05-21T11:36:54.229+0000] {processor.py:743} INFO - Processing file /home/airflow/.local/lib/python3.7/site-packages/airflow/example_dags/example_local_kubernetes_executor.py for tasks to queue
[2023-05-21T11:36:54.230+0000] {logging_mixin.py:137} INFO - [2023-05-21T11:36:54.230+0000] {dagbag.py:538} INFO - Filling up the DagBag from /home/airflow/.local/lib/python3.7/site-packages/airflow/example_dags/example_local_kubernetes_executor.py
[2023-05-21T11:36:54.248+0000] {processor.py:753} INFO - DAG(s) dict_keys(['example_local_kubernetes_executor']) retrieved from /home/airflow/.local/lib/python3.7/site-packages/airflow/example_dags/example_local_kubernetes_executor.py
[2023-05-21T11:36:54.271+0000] {logging_mixin.py:137} INFO - [2023-05-21T11:36:54.271+0000] {dag.py:2690} INFO - Sync 1 DAGs
[2023-05-21T11:36:54.289+0000] {logging_mixin.py:137} INFO - [2023-05-21T11:36:54.289+0000] {dag.py:3441} INFO - Setting next_dagrun for example_local_kubernetes_executor to None, run_after=None
[2023-05-21T11:36:54.302+0000] {processor.py:175} INFO - Processing /home/airflow/.local/lib/python3.7/site-packages/airflow/example_dags/example_local_kubernetes_executor.py took 0.077 seconds
[2023-05-21T11:37:24.505+0000] {processor.py:153} INFO - Started process (PID=15312) to work on /home/airflow/.local/lib/python3.7/site-packages/airflow/example_dags/example_local_kubernetes_executor.py
[2023-05-21T11:37:24.507+0000] {processor.py:743} INFO - Processing file /home/airflow/.local/lib/python3.7/site-packages/airflow/example_dags/example_local_kubernetes_executor.py for tasks to queue
[2023-05-21T11:37:24.508+0000] {logging_mixin.py:137} INFO - [2023-05-21T11:37:24.508+0000] {dagbag.py:538} INFO - Filling up the DagBag from /home/airflow/.local/lib/python3.7/site-packages/airflow/example_dags/example_local_kubernetes_executor.py
[2023-05-21T11:37:24.525+0000] {processor.py:753} INFO - DAG(s) dict_keys(['example_local_kubernetes_executor']) retrieved from /home/airflow/.local/lib/python3.7/site-packages/airflow/example_dags/example_local_kubernetes_executor.py
[2023-05-21T11:37:24.553+0000] {logging_mixin.py:137} INFO - [2023-05-21T11:37:24.553+0000] {dag.py:2690} INFO - Sync 1 DAGs
[2023-05-21T11:37:24.570+0000] {logging_mixin.py:137} INFO - [2023-05-21T11:37:24.569+0000] {dag.py:3441} INFO - Setting next_dagrun for example_local_kubernetes_executor to None, run_after=None
[2023-05-21T11:37:24.582+0000] {processor.py:175} INFO - Processing /home/airflow/.local/lib/python3.7/site-packages/airflow/example_dags/example_local_kubernetes_executor.py took 0.080 seconds
[2023-05-21T11:37:54.745+0000] {processor.py:153} INFO - Started process (PID=15395) to work on /home/airflow/.local/lib/python3.7/site-packages/airflow/example_dags/example_local_kubernetes_executor.py
[2023-05-21T11:37:54.746+0000] {processor.py:743} INFO - Processing file /home/airflow/.local/lib/python3.7/site-packages/airflow/example_dags/example_local_kubernetes_executor.py for tasks to queue
[2023-05-21T11:37:54.747+0000] {logging_mixin.py:137} INFO - [2023-05-21T11:37:54.747+0000] {dagbag.py:538} INFO - Filling up the DagBag from /home/airflow/.local/lib/python3.7/site-packages/airflow/example_dags/example_local_kubernetes_executor.py
[2023-05-21T11:37:54.765+0000] {processor.py:753} INFO - DAG(s) dict_keys(['example_local_kubernetes_executor']) retrieved from /home/airflow/.local/lib/python3.7/site-packages/airflow/example_dags/example_local_kubernetes_executor.py
[2023-05-21T11:37:54.790+0000] {logging_mixin.py:137} INFO - [2023-05-21T11:37:54.790+0000] {dag.py:2690} INFO - Sync 1 DAGs
[2023-05-21T11:37:54.807+0000] {logging_mixin.py:137} INFO - [2023-05-21T11:37:54.807+0000] {dag.py:3441} INFO - Setting next_dagrun for example_local_kubernetes_executor to None, run_after=None
[2023-05-21T11:37:54.819+0000] {processor.py:175} INFO - Processing /home/airflow/.local/lib/python3.7/site-packages/airflow/example_dags/example_local_kubernetes_executor.py took 0.077 seconds
[2023-05-21T11:38:25.029+0000] {processor.py:153} INFO - Started process (PID=15475) to work on /home/airflow/.local/lib/python3.7/site-packages/airflow/example_dags/example_local_kubernetes_executor.py
[2023-05-21T11:38:25.031+0000] {processor.py:743} INFO - Processing file /home/airflow/.local/lib/python3.7/site-packages/airflow/example_dags/example_local_kubernetes_executor.py for tasks to queue
[2023-05-21T11:38:25.033+0000] {logging_mixin.py:137} INFO - [2023-05-21T11:38:25.033+0000] {dagbag.py:538} INFO - Filling up the DagBag from /home/airflow/.local/lib/python3.7/site-packages/airflow/example_dags/example_local_kubernetes_executor.py
[2023-05-21T11:38:25.054+0000] {processor.py:753} INFO - DAG(s) dict_keys(['example_local_kubernetes_executor']) retrieved from /home/airflow/.local/lib/python3.7/site-packages/airflow/example_dags/example_local_kubernetes_executor.py
[2023-05-21T11:38:25.081+0000] {logging_mixin.py:137} INFO - [2023-05-21T11:38:25.080+0000] {dag.py:2690} INFO - Sync 1 DAGs
[2023-05-21T11:38:25.098+0000] {logging_mixin.py:137} INFO - [2023-05-21T11:38:25.098+0000] {dag.py:3441} INFO - Setting next_dagrun for example_local_kubernetes_executor to None, run_after=None
[2023-05-21T11:38:25.113+0000] {processor.py:175} INFO - Processing /home/airflow/.local/lib/python3.7/site-packages/airflow/example_dags/example_local_kubernetes_executor.py took 0.087 seconds
[2023-05-21T11:38:55.256+0000] {processor.py:153} INFO - Started process (PID=15549) to work on /home/airflow/.local/lib/python3.7/site-packages/airflow/example_dags/example_local_kubernetes_executor.py
[2023-05-21T11:38:55.258+0000] {processor.py:743} INFO - Processing file /home/airflow/.local/lib/python3.7/site-packages/airflow/example_dags/example_local_kubernetes_executor.py for tasks to queue
[2023-05-21T11:38:55.260+0000] {logging_mixin.py:137} INFO - [2023-05-21T11:38:55.260+0000] {dagbag.py:538} INFO - Filling up the DagBag from /home/airflow/.local/lib/python3.7/site-packages/airflow/example_dags/example_local_kubernetes_executor.py
[2023-05-21T11:38:55.287+0000] {processor.py:753} INFO - DAG(s) dict_keys(['example_local_kubernetes_executor']) retrieved from /home/airflow/.local/lib/python3.7/site-packages/airflow/example_dags/example_local_kubernetes_executor.py
[2023-05-21T11:38:55.316+0000] {logging_mixin.py:137} INFO - [2023-05-21T11:38:55.316+0000] {dag.py:2690} INFO - Sync 1 DAGs
[2023-05-21T11:38:55.334+0000] {logging_mixin.py:137} INFO - [2023-05-21T11:38:55.334+0000] {dag.py:3441} INFO - Setting next_dagrun for example_local_kubernetes_executor to None, run_after=None
[2023-05-21T11:38:55.346+0000] {processor.py:175} INFO - Processing /home/airflow/.local/lib/python3.7/site-packages/airflow/example_dags/example_local_kubernetes_executor.py took 0.093 seconds
[2023-05-21T11:39:26.146+0000] {processor.py:153} INFO - Started process (PID=15631) to work on /home/airflow/.local/lib/python3.7/site-packages/airflow/example_dags/example_local_kubernetes_executor.py
[2023-05-21T11:39:26.148+0000] {processor.py:743} INFO - Processing file /home/airflow/.local/lib/python3.7/site-packages/airflow/example_dags/example_local_kubernetes_executor.py for tasks to queue
[2023-05-21T11:39:26.150+0000] {logging_mixin.py:137} INFO - [2023-05-21T11:39:26.150+0000] {dagbag.py:538} INFO - Filling up the DagBag from /home/airflow/.local/lib/python3.7/site-packages/airflow/example_dags/example_local_kubernetes_executor.py
[2023-05-21T11:39:26.167+0000] {processor.py:753} INFO - DAG(s) dict_keys(['example_local_kubernetes_executor']) retrieved from /home/airflow/.local/lib/python3.7/site-packages/airflow/example_dags/example_local_kubernetes_executor.py
[2023-05-21T11:39:26.190+0000] {logging_mixin.py:137} INFO - [2023-05-21T11:39:26.190+0000] {dag.py:2690} INFO - Sync 1 DAGs
[2023-05-21T11:39:26.206+0000] {logging_mixin.py:137} INFO - [2023-05-21T11:39:26.206+0000] {dag.py:3441} INFO - Setting next_dagrun for example_local_kubernetes_executor to None, run_after=None
[2023-05-21T11:39:26.218+0000] {processor.py:175} INFO - Processing /home/airflow/.local/lib/python3.7/site-packages/airflow/example_dags/example_local_kubernetes_executor.py took 0.076 seconds
[2023-05-21T11:39:57.096+0000] {processor.py:153} INFO - Started process (PID=15714) to work on /home/airflow/.local/lib/python3.7/site-packages/airflow/example_dags/example_local_kubernetes_executor.py
[2023-05-21T11:39:57.098+0000] {processor.py:743} INFO - Processing file /home/airflow/.local/lib/python3.7/site-packages/airflow/example_dags/example_local_kubernetes_executor.py for tasks to queue
[2023-05-21T11:39:57.099+0000] {logging_mixin.py:137} INFO - [2023-05-21T11:39:57.099+0000] {dagbag.py:538} INFO - Filling up the DagBag from /home/airflow/.local/lib/python3.7/site-packages/airflow/example_dags/example_local_kubernetes_executor.py
[2023-05-21T11:39:57.120+0000] {processor.py:753} INFO - DAG(s) dict_keys(['example_local_kubernetes_executor']) retrieved from /home/airflow/.local/lib/python3.7/site-packages/airflow/example_dags/example_local_kubernetes_executor.py
[2023-05-21T11:39:57.144+0000] {logging_mixin.py:137} INFO - [2023-05-21T11:39:57.144+0000] {dag.py:2690} INFO - Sync 1 DAGs
[2023-05-21T11:39:57.161+0000] {logging_mixin.py:137} INFO - [2023-05-21T11:39:57.161+0000] {dag.py:3441} INFO - Setting next_dagrun for example_local_kubernetes_executor to None, run_after=None
[2023-05-21T11:39:57.172+0000] {processor.py:175} INFO - Processing /home/airflow/.local/lib/python3.7/site-packages/airflow/example_dags/example_local_kubernetes_executor.py took 0.079 seconds
[2023-05-21T11:40:28.181+0000] {processor.py:153} INFO - Started process (PID=15785) to work on /home/airflow/.local/lib/python3.7/site-packages/airflow/example_dags/example_local_kubernetes_executor.py
[2023-05-21T11:40:28.182+0000] {processor.py:743} INFO - Processing file /home/airflow/.local/lib/python3.7/site-packages/airflow/example_dags/example_local_kubernetes_executor.py for tasks to queue
[2023-05-21T11:40:28.183+0000] {logging_mixin.py:137} INFO - [2023-05-21T11:40:28.183+0000] {dagbag.py:538} INFO - Filling up the DagBag from /home/airflow/.local/lib/python3.7/site-packages/airflow/example_dags/example_local_kubernetes_executor.py
[2023-05-21T11:40:28.200+0000] {processor.py:753} INFO - DAG(s) dict_keys(['example_local_kubernetes_executor']) retrieved from /home/airflow/.local/lib/python3.7/site-packages/airflow/example_dags/example_local_kubernetes_executor.py
[2023-05-21T11:40:28.221+0000] {logging_mixin.py:137} INFO - [2023-05-21T11:40:28.221+0000] {dag.py:2690} INFO - Sync 1 DAGs
[2023-05-21T11:40:28.237+0000] {logging_mixin.py:137} INFO - [2023-05-21T11:40:28.237+0000] {dag.py:3441} INFO - Setting next_dagrun for example_local_kubernetes_executor to None, run_after=None
[2023-05-21T11:40:28.250+0000] {processor.py:175} INFO - Processing /home/airflow/.local/lib/python3.7/site-packages/airflow/example_dags/example_local_kubernetes_executor.py took 0.072 seconds
[2023-05-21T11:40:58.395+0000] {processor.py:153} INFO - Started process (PID=15868) to work on /home/airflow/.local/lib/python3.7/site-packages/airflow/example_dags/example_local_kubernetes_executor.py
[2023-05-21T11:40:58.397+0000] {processor.py:743} INFO - Processing file /home/airflow/.local/lib/python3.7/site-packages/airflow/example_dags/example_local_kubernetes_executor.py for tasks to queue
[2023-05-21T11:40:58.398+0000] {logging_mixin.py:137} INFO - [2023-05-21T11:40:58.398+0000] {dagbag.py:538} INFO - Filling up the DagBag from /home/airflow/.local/lib/python3.7/site-packages/airflow/example_dags/example_local_kubernetes_executor.py
[2023-05-21T11:40:58.416+0000] {processor.py:753} INFO - DAG(s) dict_keys(['example_local_kubernetes_executor']) retrieved from /home/airflow/.local/lib/python3.7/site-packages/airflow/example_dags/example_local_kubernetes_executor.py
[2023-05-21T11:40:58.440+0000] {logging_mixin.py:137} INFO - [2023-05-21T11:40:58.440+0000] {dag.py:2690} INFO - Sync 1 DAGs
[2023-05-21T11:40:58.456+0000] {logging_mixin.py:137} INFO - [2023-05-21T11:40:58.456+0000] {dag.py:3441} INFO - Setting next_dagrun for example_local_kubernetes_executor to None, run_after=None
[2023-05-21T11:40:58.469+0000] {processor.py:175} INFO - Processing /home/airflow/.local/lib/python3.7/site-packages/airflow/example_dags/example_local_kubernetes_executor.py took 0.076 seconds
[2023-05-21T11:41:28.580+0000] {processor.py:153} INFO - Started process (PID=15951) to work on /home/airflow/.local/lib/python3.7/site-packages/airflow/example_dags/example_local_kubernetes_executor.py
[2023-05-21T11:41:28.581+0000] {processor.py:743} INFO - Processing file /home/airflow/.local/lib/python3.7/site-packages/airflow/example_dags/example_local_kubernetes_executor.py for tasks to queue
[2023-05-21T11:41:28.582+0000] {logging_mixin.py:137} INFO - [2023-05-21T11:41:28.582+0000] {dagbag.py:538} INFO - Filling up the DagBag from /home/airflow/.local/lib/python3.7/site-packages/airflow/example_dags/example_local_kubernetes_executor.py
[2023-05-21T11:41:28.598+0000] {processor.py:753} INFO - DAG(s) dict_keys(['example_local_kubernetes_executor']) retrieved from /home/airflow/.local/lib/python3.7/site-packages/airflow/example_dags/example_local_kubernetes_executor.py
[2023-05-21T11:41:28.621+0000] {logging_mixin.py:137} INFO - [2023-05-21T11:41:28.621+0000] {dag.py:2690} INFO - Sync 1 DAGs
[2023-05-21T11:41:28.637+0000] {logging_mixin.py:137} INFO - [2023-05-21T11:41:28.637+0000] {dag.py:3441} INFO - Setting next_dagrun for example_local_kubernetes_executor to None, run_after=None
[2023-05-21T11:41:28.650+0000] {processor.py:175} INFO - Processing /home/airflow/.local/lib/python3.7/site-packages/airflow/example_dags/example_local_kubernetes_executor.py took 0.073 seconds
[2023-05-21T11:41:58.795+0000] {processor.py:153} INFO - Started process (PID=16021) to work on /home/airflow/.local/lib/python3.7/site-packages/airflow/example_dags/example_local_kubernetes_executor.py
[2023-05-21T11:41:58.797+0000] {processor.py:743} INFO - Processing file /home/airflow/.local/lib/python3.7/site-packages/airflow/example_dags/example_local_kubernetes_executor.py for tasks to queue
[2023-05-21T11:41:58.798+0000] {logging_mixin.py:137} INFO - [2023-05-21T11:41:58.798+0000] {dagbag.py:538} INFO - Filling up the DagBag from /home/airflow/.local/lib/python3.7/site-packages/airflow/example_dags/example_local_kubernetes_executor.py
[2023-05-21T11:41:58.813+0000] {processor.py:753} INFO - DAG(s) dict_keys(['example_local_kubernetes_executor']) retrieved from /home/airflow/.local/lib/python3.7/site-packages/airflow/example_dags/example_local_kubernetes_executor.py
[2023-05-21T11:41:58.836+0000] {logging_mixin.py:137} INFO - [2023-05-21T11:41:58.835+0000] {dag.py:2690} INFO - Sync 1 DAGs
[2023-05-21T11:41:58.852+0000] {logging_mixin.py:137} INFO - [2023-05-21T11:41:58.852+0000] {dag.py:3441} INFO - Setting next_dagrun for example_local_kubernetes_executor to None, run_after=None
[2023-05-21T11:41:58.865+0000] {processor.py:175} INFO - Processing /home/airflow/.local/lib/python3.7/site-packages/airflow/example_dags/example_local_kubernetes_executor.py took 0.072 seconds
[2023-05-21T11:42:28.979+0000] {processor.py:153} INFO - Started process (PID=16105) to work on /home/airflow/.local/lib/python3.7/site-packages/airflow/example_dags/example_local_kubernetes_executor.py
[2023-05-21T11:42:28.981+0000] {processor.py:743} INFO - Processing file /home/airflow/.local/lib/python3.7/site-packages/airflow/example_dags/example_local_kubernetes_executor.py for tasks to queue
[2023-05-21T11:42:28.982+0000] {logging_mixin.py:137} INFO - [2023-05-21T11:42:28.982+0000] {dagbag.py:538} INFO - Filling up the DagBag from /home/airflow/.local/lib/python3.7/site-packages/airflow/example_dags/example_local_kubernetes_executor.py
[2023-05-21T11:42:29.000+0000] {processor.py:753} INFO - DAG(s) dict_keys(['example_local_kubernetes_executor']) retrieved from /home/airflow/.local/lib/python3.7/site-packages/airflow/example_dags/example_local_kubernetes_executor.py
[2023-05-21T11:42:29.028+0000] {logging_mixin.py:137} INFO - [2023-05-21T11:42:29.028+0000] {dag.py:2690} INFO - Sync 1 DAGs
[2023-05-21T11:42:29.045+0000] {logging_mixin.py:137} INFO - [2023-05-21T11:42:29.045+0000] {dag.py:3441} INFO - Setting next_dagrun for example_local_kubernetes_executor to None, run_after=None
[2023-05-21T11:42:29.058+0000] {processor.py:175} INFO - Processing /home/airflow/.local/lib/python3.7/site-packages/airflow/example_dags/example_local_kubernetes_executor.py took 0.082 seconds
[2023-05-21T11:43:00.039+0000] {processor.py:153} INFO - Started process (PID=16188) to work on /home/airflow/.local/lib/python3.7/site-packages/airflow/example_dags/example_local_kubernetes_executor.py
[2023-05-21T11:43:00.040+0000] {processor.py:743} INFO - Processing file /home/airflow/.local/lib/python3.7/site-packages/airflow/example_dags/example_local_kubernetes_executor.py for tasks to queue
[2023-05-21T11:43:00.041+0000] {logging_mixin.py:137} INFO - [2023-05-21T11:43:00.041+0000] {dagbag.py:538} INFO - Filling up the DagBag from /home/airflow/.local/lib/python3.7/site-packages/airflow/example_dags/example_local_kubernetes_executor.py
[2023-05-21T11:43:00.060+0000] {processor.py:753} INFO - DAG(s) dict_keys(['example_local_kubernetes_executor']) retrieved from /home/airflow/.local/lib/python3.7/site-packages/airflow/example_dags/example_local_kubernetes_executor.py
[2023-05-21T11:43:00.085+0000] {logging_mixin.py:137} INFO - [2023-05-21T11:43:00.085+0000] {dag.py:2690} INFO - Sync 1 DAGs
[2023-05-21T11:43:00.101+0000] {logging_mixin.py:137} INFO - [2023-05-21T11:43:00.101+0000] {dag.py:3441} INFO - Setting next_dagrun for example_local_kubernetes_executor to None, run_after=None
[2023-05-21T11:43:00.114+0000] {processor.py:175} INFO - Processing /home/airflow/.local/lib/python3.7/site-packages/airflow/example_dags/example_local_kubernetes_executor.py took 0.078 seconds
[2023-05-21T11:43:31.040+0000] {processor.py:153} INFO - Started process (PID=16271) to work on /home/airflow/.local/lib/python3.7/site-packages/airflow/example_dags/example_local_kubernetes_executor.py
[2023-05-21T11:43:31.042+0000] {processor.py:743} INFO - Processing file /home/airflow/.local/lib/python3.7/site-packages/airflow/example_dags/example_local_kubernetes_executor.py for tasks to queue
[2023-05-21T11:43:31.044+0000] {logging_mixin.py:137} INFO - [2023-05-21T11:43:31.044+0000] {dagbag.py:538} INFO - Filling up the DagBag from /home/airflow/.local/lib/python3.7/site-packages/airflow/example_dags/example_local_kubernetes_executor.py
[2023-05-21T11:43:31.071+0000] {processor.py:753} INFO - DAG(s) dict_keys(['example_local_kubernetes_executor']) retrieved from /home/airflow/.local/lib/python3.7/site-packages/airflow/example_dags/example_local_kubernetes_executor.py
[2023-05-21T11:43:31.096+0000] {logging_mixin.py:137} INFO - [2023-05-21T11:43:31.096+0000] {dag.py:2690} INFO - Sync 1 DAGs
[2023-05-21T11:43:31.125+0000] {logging_mixin.py:137} INFO - [2023-05-21T11:43:31.125+0000] {dag.py:3441} INFO - Setting next_dagrun for example_local_kubernetes_executor to None, run_after=None
[2023-05-21T11:43:31.149+0000] {processor.py:175} INFO - Processing /home/airflow/.local/lib/python3.7/site-packages/airflow/example_dags/example_local_kubernetes_executor.py took 0.114 seconds
[2023-05-21T11:44:01.204+0000] {processor.py:153} INFO - Started process (PID=16342) to work on /home/airflow/.local/lib/python3.7/site-packages/airflow/example_dags/example_local_kubernetes_executor.py
[2023-05-21T11:44:01.206+0000] {processor.py:743} INFO - Processing file /home/airflow/.local/lib/python3.7/site-packages/airflow/example_dags/example_local_kubernetes_executor.py for tasks to queue
[2023-05-21T11:44:01.207+0000] {logging_mixin.py:137} INFO - [2023-05-21T11:44:01.207+0000] {dagbag.py:538} INFO - Filling up the DagBag from /home/airflow/.local/lib/python3.7/site-packages/airflow/example_dags/example_local_kubernetes_executor.py
[2023-05-21T11:44:01.225+0000] {processor.py:753} INFO - DAG(s) dict_keys(['example_local_kubernetes_executor']) retrieved from /home/airflow/.local/lib/python3.7/site-packages/airflow/example_dags/example_local_kubernetes_executor.py
[2023-05-21T11:44:01.249+0000] {logging_mixin.py:137} INFO - [2023-05-21T11:44:01.249+0000] {dag.py:2690} INFO - Sync 1 DAGs
[2023-05-21T11:44:01.265+0000] {logging_mixin.py:137} INFO - [2023-05-21T11:44:01.265+0000] {dag.py:3441} INFO - Setting next_dagrun for example_local_kubernetes_executor to None, run_after=None
[2023-05-21T11:44:01.278+0000] {processor.py:175} INFO - Processing /home/airflow/.local/lib/python3.7/site-packages/airflow/example_dags/example_local_kubernetes_executor.py took 0.077 seconds
[2023-05-21T11:44:32.136+0000] {processor.py:153} INFO - Started process (PID=16426) to work on /home/airflow/.local/lib/python3.7/site-packages/airflow/example_dags/example_local_kubernetes_executor.py
[2023-05-21T11:44:32.138+0000] {processor.py:743} INFO - Processing file /home/airflow/.local/lib/python3.7/site-packages/airflow/example_dags/example_local_kubernetes_executor.py for tasks to queue
[2023-05-21T11:44:32.139+0000] {logging_mixin.py:137} INFO - [2023-05-21T11:44:32.139+0000] {dagbag.py:538} INFO - Filling up the DagBag from /home/airflow/.local/lib/python3.7/site-packages/airflow/example_dags/example_local_kubernetes_executor.py
[2023-05-21T11:44:32.157+0000] {processor.py:753} INFO - DAG(s) dict_keys(['example_local_kubernetes_executor']) retrieved from /home/airflow/.local/lib/python3.7/site-packages/airflow/example_dags/example_local_kubernetes_executor.py
[2023-05-21T11:44:32.180+0000] {logging_mixin.py:137} INFO - [2023-05-21T11:44:32.180+0000] {dag.py:2690} INFO - Sync 1 DAGs
[2023-05-21T11:44:32.196+0000] {logging_mixin.py:137} INFO - [2023-05-21T11:44:32.196+0000] {dag.py:3441} INFO - Setting next_dagrun for example_local_kubernetes_executor to None, run_after=None
[2023-05-21T11:44:32.209+0000] {processor.py:175} INFO - Processing /home/airflow/.local/lib/python3.7/site-packages/airflow/example_dags/example_local_kubernetes_executor.py took 0.077 seconds
[2023-05-21T11:45:03.050+0000] {processor.py:153} INFO - Started process (PID=16497) to work on /home/airflow/.local/lib/python3.7/site-packages/airflow/example_dags/example_local_kubernetes_executor.py
[2023-05-21T11:45:03.052+0000] {processor.py:743} INFO - Processing file /home/airflow/.local/lib/python3.7/site-packages/airflow/example_dags/example_local_kubernetes_executor.py for tasks to queue
[2023-05-21T11:45:03.053+0000] {logging_mixin.py:137} INFO - [2023-05-21T11:45:03.053+0000] {dagbag.py:538} INFO - Filling up the DagBag from /home/airflow/.local/lib/python3.7/site-packages/airflow/example_dags/example_local_kubernetes_executor.py
[2023-05-21T11:45:03.074+0000] {processor.py:753} INFO - DAG(s) dict_keys(['example_local_kubernetes_executor']) retrieved from /home/airflow/.local/lib/python3.7/site-packages/airflow/example_dags/example_local_kubernetes_executor.py
[2023-05-21T11:45:03.096+0000] {logging_mixin.py:137} INFO - [2023-05-21T11:45:03.096+0000] {dag.py:2690} INFO - Sync 1 DAGs
[2023-05-21T11:45:03.115+0000] {logging_mixin.py:137} INFO - [2023-05-21T11:45:03.115+0000] {dag.py:3441} INFO - Setting next_dagrun for example_local_kubernetes_executor to None, run_after=None
[2023-05-21T11:45:03.129+0000] {processor.py:175} INFO - Processing /home/airflow/.local/lib/python3.7/site-packages/airflow/example_dags/example_local_kubernetes_executor.py took 0.081 seconds
[2023-05-21T11:45:33.918+0000] {processor.py:153} INFO - Started process (PID=16580) to work on /home/airflow/.local/lib/python3.7/site-packages/airflow/example_dags/example_local_kubernetes_executor.py
[2023-05-21T11:45:33.920+0000] {processor.py:743} INFO - Processing file /home/airflow/.local/lib/python3.7/site-packages/airflow/example_dags/example_local_kubernetes_executor.py for tasks to queue
[2023-05-21T11:45:33.921+0000] {logging_mixin.py:137} INFO - [2023-05-21T11:45:33.921+0000] {dagbag.py:538} INFO - Filling up the DagBag from /home/airflow/.local/lib/python3.7/site-packages/airflow/example_dags/example_local_kubernetes_executor.py
[2023-05-21T11:45:33.940+0000] {processor.py:753} INFO - DAG(s) dict_keys(['example_local_kubernetes_executor']) retrieved from /home/airflow/.local/lib/python3.7/site-packages/airflow/example_dags/example_local_kubernetes_executor.py
[2023-05-21T11:45:33.962+0000] {logging_mixin.py:137} INFO - [2023-05-21T11:45:33.962+0000] {dag.py:2690} INFO - Sync 1 DAGs
[2023-05-21T11:45:33.978+0000] {logging_mixin.py:137} INFO - [2023-05-21T11:45:33.978+0000] {dag.py:3441} INFO - Setting next_dagrun for example_local_kubernetes_executor to None, run_after=None
[2023-05-21T11:45:33.991+0000] {processor.py:175} INFO - Processing /home/airflow/.local/lib/python3.7/site-packages/airflow/example_dags/example_local_kubernetes_executor.py took 0.076 seconds
[2023-05-21T11:46:04.636+0000] {processor.py:153} INFO - Started process (PID=16651) to work on /home/airflow/.local/lib/python3.7/site-packages/airflow/example_dags/example_local_kubernetes_executor.py
[2023-05-21T11:46:04.638+0000] {processor.py:743} INFO - Processing file /home/airflow/.local/lib/python3.7/site-packages/airflow/example_dags/example_local_kubernetes_executor.py for tasks to queue
[2023-05-21T11:46:04.639+0000] {logging_mixin.py:137} INFO - [2023-05-21T11:46:04.639+0000] {dagbag.py:538} INFO - Filling up the DagBag from /home/airflow/.local/lib/python3.7/site-packages/airflow/example_dags/example_local_kubernetes_executor.py
[2023-05-21T11:46:04.657+0000] {processor.py:753} INFO - DAG(s) dict_keys(['example_local_kubernetes_executor']) retrieved from /home/airflow/.local/lib/python3.7/site-packages/airflow/example_dags/example_local_kubernetes_executor.py
[2023-05-21T11:46:04.680+0000] {logging_mixin.py:137} INFO - [2023-05-21T11:46:04.679+0000] {dag.py:2690} INFO - Sync 1 DAGs
[2023-05-21T11:46:04.697+0000] {logging_mixin.py:137} INFO - [2023-05-21T11:46:04.697+0000] {dag.py:3441} INFO - Setting next_dagrun for example_local_kubernetes_executor to None, run_after=None
[2023-05-21T11:46:04.711+0000] {processor.py:175} INFO - Processing /home/airflow/.local/lib/python3.7/site-packages/airflow/example_dags/example_local_kubernetes_executor.py took 0.078 seconds
[2023-05-21T11:46:35.773+0000] {processor.py:153} INFO - Started process (PID=16732) to work on /home/airflow/.local/lib/python3.7/site-packages/airflow/example_dags/example_local_kubernetes_executor.py
[2023-05-21T11:46:35.775+0000] {processor.py:743} INFO - Processing file /home/airflow/.local/lib/python3.7/site-packages/airflow/example_dags/example_local_kubernetes_executor.py for tasks to queue
[2023-05-21T11:46:35.776+0000] {logging_mixin.py:137} INFO - [2023-05-21T11:46:35.776+0000] {dagbag.py:538} INFO - Filling up the DagBag from /home/airflow/.local/lib/python3.7/site-packages/airflow/example_dags/example_local_kubernetes_executor.py
[2023-05-21T11:46:35.794+0000] {processor.py:753} INFO - DAG(s) dict_keys(['example_local_kubernetes_executor']) retrieved from /home/airflow/.local/lib/python3.7/site-packages/airflow/example_dags/example_local_kubernetes_executor.py
[2023-05-21T11:46:35.818+0000] {logging_mixin.py:137} INFO - [2023-05-21T11:46:35.818+0000] {dag.py:2690} INFO - Sync 1 DAGs
[2023-05-21T11:46:35.835+0000] {logging_mixin.py:137} INFO - [2023-05-21T11:46:35.835+0000] {dag.py:3441} INFO - Setting next_dagrun for example_local_kubernetes_executor to None, run_after=None
[2023-05-21T11:46:35.848+0000] {processor.py:175} INFO - Processing /home/airflow/.local/lib/python3.7/site-packages/airflow/example_dags/example_local_kubernetes_executor.py took 0.078 seconds
[2023-05-21T11:47:05.956+0000] {processor.py:153} INFO - Started process (PID=16815) to work on /home/airflow/.local/lib/python3.7/site-packages/airflow/example_dags/example_local_kubernetes_executor.py
[2023-05-21T11:47:05.958+0000] {processor.py:743} INFO - Processing file /home/airflow/.local/lib/python3.7/site-packages/airflow/example_dags/example_local_kubernetes_executor.py for tasks to queue
[2023-05-21T11:47:05.959+0000] {logging_mixin.py:137} INFO - [2023-05-21T11:47:05.959+0000] {dagbag.py:538} INFO - Filling up the DagBag from /home/airflow/.local/lib/python3.7/site-packages/airflow/example_dags/example_local_kubernetes_executor.py
[2023-05-21T11:47:05.974+0000] {processor.py:753} INFO - DAG(s) dict_keys(['example_local_kubernetes_executor']) retrieved from /home/airflow/.local/lib/python3.7/site-packages/airflow/example_dags/example_local_kubernetes_executor.py
[2023-05-21T11:47:05.997+0000] {logging_mixin.py:137} INFO - [2023-05-21T11:47:05.997+0000] {dag.py:2690} INFO - Sync 1 DAGs
[2023-05-21T11:47:06.012+0000] {logging_mixin.py:137} INFO - [2023-05-21T11:47:06.012+0000] {dag.py:3441} INFO - Setting next_dagrun for example_local_kubernetes_executor to None, run_after=None
[2023-05-21T11:47:06.025+0000] {processor.py:175} INFO - Processing /home/airflow/.local/lib/python3.7/site-packages/airflow/example_dags/example_local_kubernetes_executor.py took 0.072 seconds
[2023-05-21T11:47:37.161+0000] {processor.py:153} INFO - Started process (PID=16896) to work on /home/airflow/.local/lib/python3.7/site-packages/airflow/example_dags/example_local_kubernetes_executor.py
[2023-05-21T11:47:37.163+0000] {processor.py:743} INFO - Processing file /home/airflow/.local/lib/python3.7/site-packages/airflow/example_dags/example_local_kubernetes_executor.py for tasks to queue
[2023-05-21T11:47:37.164+0000] {logging_mixin.py:137} INFO - [2023-05-21T11:47:37.164+0000] {dagbag.py:538} INFO - Filling up the DagBag from /home/airflow/.local/lib/python3.7/site-packages/airflow/example_dags/example_local_kubernetes_executor.py
[2023-05-21T11:47:37.186+0000] {processor.py:753} INFO - DAG(s) dict_keys(['example_local_kubernetes_executor']) retrieved from /home/airflow/.local/lib/python3.7/site-packages/airflow/example_dags/example_local_kubernetes_executor.py
[2023-05-21T11:47:37.208+0000] {logging_mixin.py:137} INFO - [2023-05-21T11:47:37.208+0000] {dag.py:2690} INFO - Sync 1 DAGs
[2023-05-21T11:47:37.226+0000] {logging_mixin.py:137} INFO - [2023-05-21T11:47:37.226+0000] {dag.py:3441} INFO - Setting next_dagrun for example_local_kubernetes_executor to None, run_after=None
[2023-05-21T11:47:37.240+0000] {processor.py:175} INFO - Processing /home/airflow/.local/lib/python3.7/site-packages/airflow/example_dags/example_local_kubernetes_executor.py took 0.081 seconds
[2023-05-21T11:48:08.322+0000] {processor.py:153} INFO - Started process (PID=16970) to work on /home/airflow/.local/lib/python3.7/site-packages/airflow/example_dags/example_local_kubernetes_executor.py
[2023-05-21T11:48:08.324+0000] {processor.py:743} INFO - Processing file /home/airflow/.local/lib/python3.7/site-packages/airflow/example_dags/example_local_kubernetes_executor.py for tasks to queue
[2023-05-21T11:48:08.325+0000] {logging_mixin.py:137} INFO - [2023-05-21T11:48:08.325+0000] {dagbag.py:538} INFO - Filling up the DagBag from /home/airflow/.local/lib/python3.7/site-packages/airflow/example_dags/example_local_kubernetes_executor.py
[2023-05-21T11:48:08.346+0000] {processor.py:753} INFO - DAG(s) dict_keys(['example_local_kubernetes_executor']) retrieved from /home/airflow/.local/lib/python3.7/site-packages/airflow/example_dags/example_local_kubernetes_executor.py
[2023-05-21T11:48:08.372+0000] {logging_mixin.py:137} INFO - [2023-05-21T11:48:08.372+0000] {dag.py:2690} INFO - Sync 1 DAGs
[2023-05-21T11:48:08.389+0000] {logging_mixin.py:137} INFO - [2023-05-21T11:48:08.389+0000] {dag.py:3441} INFO - Setting next_dagrun for example_local_kubernetes_executor to None, run_after=None
[2023-05-21T11:48:08.409+0000] {processor.py:175} INFO - Processing /home/airflow/.local/lib/python3.7/site-packages/airflow/example_dags/example_local_kubernetes_executor.py took 0.090 seconds
[2023-05-21T11:48:39.411+0000] {processor.py:153} INFO - Started process (PID=17053) to work on /home/airflow/.local/lib/python3.7/site-packages/airflow/example_dags/example_local_kubernetes_executor.py
[2023-05-21T11:48:39.413+0000] {processor.py:743} INFO - Processing file /home/airflow/.local/lib/python3.7/site-packages/airflow/example_dags/example_local_kubernetes_executor.py for tasks to queue
[2023-05-21T11:48:39.415+0000] {logging_mixin.py:137} INFO - [2023-05-21T11:48:39.415+0000] {dagbag.py:538} INFO - Filling up the DagBag from /home/airflow/.local/lib/python3.7/site-packages/airflow/example_dags/example_local_kubernetes_executor.py
[2023-05-21T11:48:39.436+0000] {processor.py:753} INFO - DAG(s) dict_keys(['example_local_kubernetes_executor']) retrieved from /home/airflow/.local/lib/python3.7/site-packages/airflow/example_dags/example_local_kubernetes_executor.py
[2023-05-21T11:48:39.461+0000] {logging_mixin.py:137} INFO - [2023-05-21T11:48:39.461+0000] {dag.py:2690} INFO - Sync 1 DAGs
[2023-05-21T11:48:39.477+0000] {logging_mixin.py:137} INFO - [2023-05-21T11:48:39.476+0000] {dag.py:3441} INFO - Setting next_dagrun for example_local_kubernetes_executor to None, run_after=None
[2023-05-21T11:48:39.489+0000] {processor.py:175} INFO - Processing /home/airflow/.local/lib/python3.7/site-packages/airflow/example_dags/example_local_kubernetes_executor.py took 0.082 seconds
[2023-05-21T12:05:56.700+0000] {processor.py:153} INFO - Started process (PID=17124) to work on /home/airflow/.local/lib/python3.7/site-packages/airflow/example_dags/example_local_kubernetes_executor.py
[2023-05-21T12:05:56.720+0000] {processor.py:743} INFO - Processing file /home/airflow/.local/lib/python3.7/site-packages/airflow/example_dags/example_local_kubernetes_executor.py for tasks to queue
[2023-05-21T12:05:56.722+0000] {logging_mixin.py:137} INFO - [2023-05-21T12:05:56.721+0000] {dagbag.py:538} INFO - Filling up the DagBag from /home/airflow/.local/lib/python3.7/site-packages/airflow/example_dags/example_local_kubernetes_executor.py
[2023-05-21T12:05:56.742+0000] {processor.py:753} INFO - DAG(s) dict_keys(['example_local_kubernetes_executor']) retrieved from /home/airflow/.local/lib/python3.7/site-packages/airflow/example_dags/example_local_kubernetes_executor.py
[2023-05-21T12:05:56.767+0000] {logging_mixin.py:137} INFO - [2023-05-21T12:05:56.767+0000] {dag.py:2690} INFO - Sync 1 DAGs
[2023-05-21T12:05:56.788+0000] {logging_mixin.py:137} INFO - [2023-05-21T12:05:56.787+0000] {dag.py:3441} INFO - Setting next_dagrun for example_local_kubernetes_executor to None, run_after=None
[2023-05-21T12:05:56.803+0000] {processor.py:175} INFO - Processing /home/airflow/.local/lib/python3.7/site-packages/airflow/example_dags/example_local_kubernetes_executor.py took 0.107 seconds
[2023-05-21T12:47:17.452+0000] {processor.py:153} INFO - Started process (PID=17195) to work on /home/airflow/.local/lib/python3.7/site-packages/airflow/example_dags/example_local_kubernetes_executor.py
[2023-05-21T12:47:17.464+0000] {processor.py:743} INFO - Processing file /home/airflow/.local/lib/python3.7/site-packages/airflow/example_dags/example_local_kubernetes_executor.py for tasks to queue
[2023-05-21T12:47:17.467+0000] {logging_mixin.py:137} INFO - [2023-05-21T12:47:17.467+0000] {dagbag.py:538} INFO - Filling up the DagBag from /home/airflow/.local/lib/python3.7/site-packages/airflow/example_dags/example_local_kubernetes_executor.py
[2023-05-21T12:47:17.574+0000] {processor.py:753} INFO - DAG(s) dict_keys(['example_local_kubernetes_executor']) retrieved from /home/airflow/.local/lib/python3.7/site-packages/airflow/example_dags/example_local_kubernetes_executor.py
[2023-05-21T12:47:17.634+0000] {logging_mixin.py:137} INFO - [2023-05-21T12:47:17.634+0000] {dag.py:2690} INFO - Sync 1 DAGs
[2023-05-21T12:47:17.681+0000] {logging_mixin.py:137} INFO - [2023-05-21T12:47:17.681+0000] {dag.py:3441} INFO - Setting next_dagrun for example_local_kubernetes_executor to None, run_after=None
[2023-05-21T12:47:17.734+0000] {processor.py:175} INFO - Processing /home/airflow/.local/lib/python3.7/site-packages/airflow/example_dags/example_local_kubernetes_executor.py took 0.286 seconds
[2023-05-21T12:59:48.400+0000] {processor.py:153} INFO - Started process (PID=17278) to work on /home/airflow/.local/lib/python3.7/site-packages/airflow/example_dags/example_local_kubernetes_executor.py
[2023-05-21T12:59:48.402+0000] {processor.py:743} INFO - Processing file /home/airflow/.local/lib/python3.7/site-packages/airflow/example_dags/example_local_kubernetes_executor.py for tasks to queue
[2023-05-21T12:59:48.403+0000] {logging_mixin.py:137} INFO - [2023-05-21T12:59:48.403+0000] {dagbag.py:538} INFO - Filling up the DagBag from /home/airflow/.local/lib/python3.7/site-packages/airflow/example_dags/example_local_kubernetes_executor.py
[2023-05-21T12:59:48.421+0000] {processor.py:753} INFO - DAG(s) dict_keys(['example_local_kubernetes_executor']) retrieved from /home/airflow/.local/lib/python3.7/site-packages/airflow/example_dags/example_local_kubernetes_executor.py
[2023-05-21T12:59:48.444+0000] {logging_mixin.py:137} INFO - [2023-05-21T12:59:48.444+0000] {dag.py:2690} INFO - Sync 1 DAGs
[2023-05-21T12:59:48.461+0000] {logging_mixin.py:137} INFO - [2023-05-21T12:59:48.461+0000] {dag.py:3441} INFO - Setting next_dagrun for example_local_kubernetes_executor to None, run_after=None
[2023-05-21T12:59:48.475+0000] {processor.py:175} INFO - Processing /home/airflow/.local/lib/python3.7/site-packages/airflow/example_dags/example_local_kubernetes_executor.py took 0.078 seconds
[2023-05-21T14:08:23.371+0000] {processor.py:153} INFO - Started process (PID=17359) to work on /home/airflow/.local/lib/python3.7/site-packages/airflow/example_dags/example_local_kubernetes_executor.py
[2023-05-21T14:08:23.373+0000] {processor.py:743} INFO - Processing file /home/airflow/.local/lib/python3.7/site-packages/airflow/example_dags/example_local_kubernetes_executor.py for tasks to queue
[2023-05-21T14:08:23.375+0000] {logging_mixin.py:137} INFO - [2023-05-21T14:08:23.375+0000] {dagbag.py:538} INFO - Filling up the DagBag from /home/airflow/.local/lib/python3.7/site-packages/airflow/example_dags/example_local_kubernetes_executor.py
[2023-05-21T14:08:23.395+0000] {processor.py:753} INFO - DAG(s) dict_keys(['example_local_kubernetes_executor']) retrieved from /home/airflow/.local/lib/python3.7/site-packages/airflow/example_dags/example_local_kubernetes_executor.py
[2023-05-21T14:08:23.425+0000] {logging_mixin.py:137} INFO - [2023-05-21T14:08:23.425+0000] {dag.py:2690} INFO - Sync 1 DAGs
[2023-05-21T14:08:23.443+0000] {logging_mixin.py:137} INFO - [2023-05-21T14:08:23.443+0000] {dag.py:3441} INFO - Setting next_dagrun for example_local_kubernetes_executor to None, run_after=None
[2023-05-21T14:08:23.457+0000] {processor.py:175} INFO - Processing /home/airflow/.local/lib/python3.7/site-packages/airflow/example_dags/example_local_kubernetes_executor.py took 0.089 seconds
[2023-05-21T15:29:20.460+0000] {processor.py:153} INFO - Started process (PID=17433) to work on /home/airflow/.local/lib/python3.7/site-packages/airflow/example_dags/example_local_kubernetes_executor.py
[2023-05-21T15:29:20.462+0000] {processor.py:743} INFO - Processing file /home/airflow/.local/lib/python3.7/site-packages/airflow/example_dags/example_local_kubernetes_executor.py for tasks to queue
[2023-05-21T15:29:20.463+0000] {logging_mixin.py:137} INFO - [2023-05-21T15:29:20.463+0000] {dagbag.py:538} INFO - Filling up the DagBag from /home/airflow/.local/lib/python3.7/site-packages/airflow/example_dags/example_local_kubernetes_executor.py
[2023-05-21T15:29:20.481+0000] {processor.py:753} INFO - DAG(s) dict_keys(['example_local_kubernetes_executor']) retrieved from /home/airflow/.local/lib/python3.7/site-packages/airflow/example_dags/example_local_kubernetes_executor.py
[2023-05-21T15:29:20.504+0000] {logging_mixin.py:137} INFO - [2023-05-21T15:29:20.504+0000] {dag.py:2690} INFO - Sync 1 DAGs
[2023-05-21T15:29:20.521+0000] {logging_mixin.py:137} INFO - [2023-05-21T15:29:20.521+0000] {dag.py:3441} INFO - Setting next_dagrun for example_local_kubernetes_executor to None, run_after=None
[2023-05-21T15:29:20.536+0000] {processor.py:175} INFO - Processing /home/airflow/.local/lib/python3.7/site-packages/airflow/example_dags/example_local_kubernetes_executor.py took 0.078 seconds
[2023-05-21T16:49:10.145+0000] {processor.py:153} INFO - Started process (PID=17516) to work on /home/airflow/.local/lib/python3.7/site-packages/airflow/example_dags/example_local_kubernetes_executor.py
[2023-05-21T16:49:10.146+0000] {processor.py:743} INFO - Processing file /home/airflow/.local/lib/python3.7/site-packages/airflow/example_dags/example_local_kubernetes_executor.py for tasks to queue
[2023-05-21T16:49:10.147+0000] {logging_mixin.py:137} INFO - [2023-05-21T16:49:10.147+0000] {dagbag.py:538} INFO - Filling up the DagBag from /home/airflow/.local/lib/python3.7/site-packages/airflow/example_dags/example_local_kubernetes_executor.py
[2023-05-21T16:49:10.163+0000] {processor.py:753} INFO - DAG(s) dict_keys(['example_local_kubernetes_executor']) retrieved from /home/airflow/.local/lib/python3.7/site-packages/airflow/example_dags/example_local_kubernetes_executor.py
[2023-05-21T16:49:10.187+0000] {logging_mixin.py:137} INFO - [2023-05-21T16:49:10.187+0000] {dag.py:2690} INFO - Sync 1 DAGs
[2023-05-21T16:49:10.202+0000] {logging_mixin.py:137} INFO - [2023-05-21T16:49:10.202+0000] {dag.py:3441} INFO - Setting next_dagrun for example_local_kubernetes_executor to None, run_after=None
[2023-05-21T16:49:10.215+0000] {processor.py:175} INFO - Processing /home/airflow/.local/lib/python3.7/site-packages/airflow/example_dags/example_local_kubernetes_executor.py took 0.073 seconds
[2023-05-21T18:04:22.372+0000] {processor.py:153} INFO - Started process (PID=17587) to work on /home/airflow/.local/lib/python3.7/site-packages/airflow/example_dags/example_local_kubernetes_executor.py
[2023-05-21T18:04:22.374+0000] {processor.py:743} INFO - Processing file /home/airflow/.local/lib/python3.7/site-packages/airflow/example_dags/example_local_kubernetes_executor.py for tasks to queue
[2023-05-21T18:04:22.375+0000] {logging_mixin.py:137} INFO - [2023-05-21T18:04:22.375+0000] {dagbag.py:538} INFO - Filling up the DagBag from /home/airflow/.local/lib/python3.7/site-packages/airflow/example_dags/example_local_kubernetes_executor.py
[2023-05-21T18:04:22.397+0000] {processor.py:753} INFO - DAG(s) dict_keys(['example_local_kubernetes_executor']) retrieved from /home/airflow/.local/lib/python3.7/site-packages/airflow/example_dags/example_local_kubernetes_executor.py
[2023-05-21T18:04:22.421+0000] {logging_mixin.py:137} INFO - [2023-05-21T18:04:22.421+0000] {dag.py:2690} INFO - Sync 1 DAGs
[2023-05-21T18:04:22.443+0000] {logging_mixin.py:137} INFO - [2023-05-21T18:04:22.443+0000] {dag.py:3441} INFO - Setting next_dagrun for example_local_kubernetes_executor to None, run_after=None
[2023-05-21T18:04:22.472+0000] {processor.py:175} INFO - Processing /home/airflow/.local/lib/python3.7/site-packages/airflow/example_dags/example_local_kubernetes_executor.py took 0.104 seconds
[2023-05-21T19:26:20.169+0000] {processor.py:153} INFO - Started process (PID=17669) to work on /home/airflow/.local/lib/python3.7/site-packages/airflow/example_dags/example_local_kubernetes_executor.py
[2023-05-21T19:26:20.172+0000] {processor.py:743} INFO - Processing file /home/airflow/.local/lib/python3.7/site-packages/airflow/example_dags/example_local_kubernetes_executor.py for tasks to queue
[2023-05-21T19:26:20.174+0000] {logging_mixin.py:137} INFO - [2023-05-21T19:26:20.173+0000] {dagbag.py:538} INFO - Filling up the DagBag from /home/airflow/.local/lib/python3.7/site-packages/airflow/example_dags/example_local_kubernetes_executor.py
[2023-05-21T19:26:20.195+0000] {processor.py:753} INFO - DAG(s) dict_keys(['example_local_kubernetes_executor']) retrieved from /home/airflow/.local/lib/python3.7/site-packages/airflow/example_dags/example_local_kubernetes_executor.py
[2023-05-21T19:26:20.220+0000] {logging_mixin.py:137} INFO - [2023-05-21T19:26:20.220+0000] {dag.py:2690} INFO - Sync 1 DAGs
[2023-05-21T19:26:20.236+0000] {logging_mixin.py:137} INFO - [2023-05-21T19:26:20.236+0000] {dag.py:3441} INFO - Setting next_dagrun for example_local_kubernetes_executor to None, run_after=None
[2023-05-21T19:26:20.248+0000] {processor.py:175} INFO - Processing /home/airflow/.local/lib/python3.7/site-packages/airflow/example_dags/example_local_kubernetes_executor.py took 0.083 seconds
[2023-05-21T20:07:58.019+0000] {processor.py:153} INFO - Started process (PID=17752) to work on /home/airflow/.local/lib/python3.7/site-packages/airflow/example_dags/example_local_kubernetes_executor.py
[2023-05-21T20:07:58.020+0000] {processor.py:743} INFO - Processing file /home/airflow/.local/lib/python3.7/site-packages/airflow/example_dags/example_local_kubernetes_executor.py for tasks to queue
[2023-05-21T20:07:58.021+0000] {logging_mixin.py:137} INFO - [2023-05-21T20:07:58.021+0000] {dagbag.py:538} INFO - Filling up the DagBag from /home/airflow/.local/lib/python3.7/site-packages/airflow/example_dags/example_local_kubernetes_executor.py
[2023-05-21T20:07:58.038+0000] {processor.py:753} INFO - DAG(s) dict_keys(['example_local_kubernetes_executor']) retrieved from /home/airflow/.local/lib/python3.7/site-packages/airflow/example_dags/example_local_kubernetes_executor.py
[2023-05-21T20:07:58.059+0000] {logging_mixin.py:137} INFO - [2023-05-21T20:07:58.059+0000] {dag.py:2690} INFO - Sync 1 DAGs
[2023-05-21T20:07:58.075+0000] {logging_mixin.py:137} INFO - [2023-05-21T20:07:58.075+0000] {dag.py:3441} INFO - Setting next_dagrun for example_local_kubernetes_executor to None, run_after=None
[2023-05-21T20:07:58.088+0000] {processor.py:175} INFO - Processing /home/airflow/.local/lib/python3.7/site-packages/airflow/example_dags/example_local_kubernetes_executor.py took 0.072 seconds
[2023-05-21T20:29:18.359+0000] {processor.py:153} INFO - Started process (PID=17823) to work on /home/airflow/.local/lib/python3.7/site-packages/airflow/example_dags/example_local_kubernetes_executor.py
[2023-05-21T20:29:18.362+0000] {processor.py:743} INFO - Processing file /home/airflow/.local/lib/python3.7/site-packages/airflow/example_dags/example_local_kubernetes_executor.py for tasks to queue
[2023-05-21T20:29:18.367+0000] {logging_mixin.py:137} INFO - [2023-05-21T20:29:18.367+0000] {dagbag.py:538} INFO - Filling up the DagBag from /home/airflow/.local/lib/python3.7/site-packages/airflow/example_dags/example_local_kubernetes_executor.py
[2023-05-21T20:29:18.414+0000] {processor.py:753} INFO - DAG(s) dict_keys(['example_local_kubernetes_executor']) retrieved from /home/airflow/.local/lib/python3.7/site-packages/airflow/example_dags/example_local_kubernetes_executor.py
[2023-05-21T20:29:18.452+0000] {logging_mixin.py:137} INFO - [2023-05-21T20:29:18.451+0000] {dag.py:2690} INFO - Sync 1 DAGs
[2023-05-21T20:29:18.477+0000] {logging_mixin.py:137} INFO - [2023-05-21T20:29:18.477+0000] {dag.py:3441} INFO - Setting next_dagrun for example_local_kubernetes_executor to None, run_after=None
[2023-05-21T20:29:18.501+0000] {processor.py:175} INFO - Processing /home/airflow/.local/lib/python3.7/site-packages/airflow/example_dags/example_local_kubernetes_executor.py took 0.146 seconds
[2023-05-21T20:29:48.569+0000] {processor.py:153} INFO - Started process (PID=17906) to work on /home/airflow/.local/lib/python3.7/site-packages/airflow/example_dags/example_local_kubernetes_executor.py
[2023-05-21T20:29:48.571+0000] {processor.py:743} INFO - Processing file /home/airflow/.local/lib/python3.7/site-packages/airflow/example_dags/example_local_kubernetes_executor.py for tasks to queue
[2023-05-21T20:29:48.572+0000] {logging_mixin.py:137} INFO - [2023-05-21T20:29:48.572+0000] {dagbag.py:538} INFO - Filling up the DagBag from /home/airflow/.local/lib/python3.7/site-packages/airflow/example_dags/example_local_kubernetes_executor.py
[2023-05-21T20:29:48.591+0000] {processor.py:753} INFO - DAG(s) dict_keys(['example_local_kubernetes_executor']) retrieved from /home/airflow/.local/lib/python3.7/site-packages/airflow/example_dags/example_local_kubernetes_executor.py
[2023-05-21T20:29:48.615+0000] {logging_mixin.py:137} INFO - [2023-05-21T20:29:48.615+0000] {dag.py:2690} INFO - Sync 1 DAGs
[2023-05-21T20:29:48.631+0000] {logging_mixin.py:137} INFO - [2023-05-21T20:29:48.631+0000] {dag.py:3441} INFO - Setting next_dagrun for example_local_kubernetes_executor to None, run_after=None
[2023-05-21T20:29:48.643+0000] {processor.py:175} INFO - Processing /home/airflow/.local/lib/python3.7/site-packages/airflow/example_dags/example_local_kubernetes_executor.py took 0.077 seconds
[2023-05-21T20:30:19.528+0000] {processor.py:153} INFO - Started process (PID=17989) to work on /home/airflow/.local/lib/python3.7/site-packages/airflow/example_dags/example_local_kubernetes_executor.py
[2023-05-21T20:30:19.530+0000] {processor.py:743} INFO - Processing file /home/airflow/.local/lib/python3.7/site-packages/airflow/example_dags/example_local_kubernetes_executor.py for tasks to queue
[2023-05-21T20:30:19.531+0000] {logging_mixin.py:137} INFO - [2023-05-21T20:30:19.531+0000] {dagbag.py:538} INFO - Filling up the DagBag from /home/airflow/.local/lib/python3.7/site-packages/airflow/example_dags/example_local_kubernetes_executor.py
[2023-05-21T20:30:19.547+0000] {processor.py:753} INFO - DAG(s) dict_keys(['example_local_kubernetes_executor']) retrieved from /home/airflow/.local/lib/python3.7/site-packages/airflow/example_dags/example_local_kubernetes_executor.py
[2023-05-21T20:30:19.571+0000] {logging_mixin.py:137} INFO - [2023-05-21T20:30:19.571+0000] {dag.py:2690} INFO - Sync 1 DAGs
[2023-05-21T20:30:19.587+0000] {logging_mixin.py:137} INFO - [2023-05-21T20:30:19.586+0000] {dag.py:3441} INFO - Setting next_dagrun for example_local_kubernetes_executor to None, run_after=None
[2023-05-21T20:30:19.601+0000] {processor.py:175} INFO - Processing /home/airflow/.local/lib/python3.7/site-packages/airflow/example_dags/example_local_kubernetes_executor.py took 0.075 seconds
[2023-05-21T20:30:50.458+0000] {processor.py:153} INFO - Started process (PID=18060) to work on /home/airflow/.local/lib/python3.7/site-packages/airflow/example_dags/example_local_kubernetes_executor.py
[2023-05-21T20:30:50.460+0000] {processor.py:743} INFO - Processing file /home/airflow/.local/lib/python3.7/site-packages/airflow/example_dags/example_local_kubernetes_executor.py for tasks to queue
[2023-05-21T20:30:50.461+0000] {logging_mixin.py:137} INFO - [2023-05-21T20:30:50.461+0000] {dagbag.py:538} INFO - Filling up the DagBag from /home/airflow/.local/lib/python3.7/site-packages/airflow/example_dags/example_local_kubernetes_executor.py
[2023-05-21T20:30:50.481+0000] {processor.py:753} INFO - DAG(s) dict_keys(['example_local_kubernetes_executor']) retrieved from /home/airflow/.local/lib/python3.7/site-packages/airflow/example_dags/example_local_kubernetes_executor.py
[2023-05-21T20:30:50.505+0000] {logging_mixin.py:137} INFO - [2023-05-21T20:30:50.505+0000] {dag.py:2690} INFO - Sync 1 DAGs
[2023-05-21T20:30:50.523+0000] {logging_mixin.py:137} INFO - [2023-05-21T20:30:50.523+0000] {dag.py:3441} INFO - Setting next_dagrun for example_local_kubernetes_executor to None, run_after=None
[2023-05-21T20:30:50.537+0000] {processor.py:175} INFO - Processing /home/airflow/.local/lib/python3.7/site-packages/airflow/example_dags/example_local_kubernetes_executor.py took 0.082 seconds
[2023-05-21T20:31:20.815+0000] {processor.py:153} INFO - Started process (PID=18143) to work on /home/airflow/.local/lib/python3.7/site-packages/airflow/example_dags/example_local_kubernetes_executor.py
[2023-05-21T20:31:20.817+0000] {processor.py:743} INFO - Processing file /home/airflow/.local/lib/python3.7/site-packages/airflow/example_dags/example_local_kubernetes_executor.py for tasks to queue
[2023-05-21T20:31:20.819+0000] {logging_mixin.py:137} INFO - [2023-05-21T20:31:20.818+0000] {dagbag.py:538} INFO - Filling up the DagBag from /home/airflow/.local/lib/python3.7/site-packages/airflow/example_dags/example_local_kubernetes_executor.py
[2023-05-21T20:31:20.838+0000] {processor.py:753} INFO - DAG(s) dict_keys(['example_local_kubernetes_executor']) retrieved from /home/airflow/.local/lib/python3.7/site-packages/airflow/example_dags/example_local_kubernetes_executor.py
[2023-05-21T20:31:20.863+0000] {logging_mixin.py:137} INFO - [2023-05-21T20:31:20.863+0000] {dag.py:2690} INFO - Sync 1 DAGs
[2023-05-21T20:31:20.884+0000] {logging_mixin.py:137} INFO - [2023-05-21T20:31:20.883+0000] {dag.py:3441} INFO - Setting next_dagrun for example_local_kubernetes_executor to None, run_after=None
[2023-05-21T20:31:20.899+0000] {processor.py:175} INFO - Processing /home/airflow/.local/lib/python3.7/site-packages/airflow/example_dags/example_local_kubernetes_executor.py took 0.086 seconds
[2023-05-21T20:31:51.789+0000] {processor.py:153} INFO - Started process (PID=18226) to work on /home/airflow/.local/lib/python3.7/site-packages/airflow/example_dags/example_local_kubernetes_executor.py
[2023-05-21T20:31:51.791+0000] {processor.py:743} INFO - Processing file /home/airflow/.local/lib/python3.7/site-packages/airflow/example_dags/example_local_kubernetes_executor.py for tasks to queue
[2023-05-21T20:31:51.792+0000] {logging_mixin.py:137} INFO - [2023-05-21T20:31:51.792+0000] {dagbag.py:538} INFO - Filling up the DagBag from /home/airflow/.local/lib/python3.7/site-packages/airflow/example_dags/example_local_kubernetes_executor.py
[2023-05-21T20:31:51.809+0000] {processor.py:753} INFO - DAG(s) dict_keys(['example_local_kubernetes_executor']) retrieved from /home/airflow/.local/lib/python3.7/site-packages/airflow/example_dags/example_local_kubernetes_executor.py
[2023-05-21T20:31:51.833+0000] {logging_mixin.py:137} INFO - [2023-05-21T20:31:51.833+0000] {dag.py:2690} INFO - Sync 1 DAGs
[2023-05-21T20:31:51.852+0000] {logging_mixin.py:137} INFO - [2023-05-21T20:31:51.852+0000] {dag.py:3441} INFO - Setting next_dagrun for example_local_kubernetes_executor to None, run_after=None
[2023-05-21T20:31:51.867+0000] {processor.py:175} INFO - Processing /home/airflow/.local/lib/python3.7/site-packages/airflow/example_dags/example_local_kubernetes_executor.py took 0.080 seconds
[2023-05-21T20:32:22.670+0000] {processor.py:153} INFO - Started process (PID=18297) to work on /home/airflow/.local/lib/python3.7/site-packages/airflow/example_dags/example_local_kubernetes_executor.py
[2023-05-21T20:32:22.672+0000] {processor.py:743} INFO - Processing file /home/airflow/.local/lib/python3.7/site-packages/airflow/example_dags/example_local_kubernetes_executor.py for tasks to queue
[2023-05-21T20:32:22.673+0000] {logging_mixin.py:137} INFO - [2023-05-21T20:32:22.673+0000] {dagbag.py:538} INFO - Filling up the DagBag from /home/airflow/.local/lib/python3.7/site-packages/airflow/example_dags/example_local_kubernetes_executor.py
[2023-05-21T20:32:22.690+0000] {processor.py:753} INFO - DAG(s) dict_keys(['example_local_kubernetes_executor']) retrieved from /home/airflow/.local/lib/python3.7/site-packages/airflow/example_dags/example_local_kubernetes_executor.py
[2023-05-21T20:32:22.713+0000] {logging_mixin.py:137} INFO - [2023-05-21T20:32:22.713+0000] {dag.py:2690} INFO - Sync 1 DAGs
[2023-05-21T20:32:22.730+0000] {logging_mixin.py:137} INFO - [2023-05-21T20:32:22.730+0000] {dag.py:3441} INFO - Setting next_dagrun for example_local_kubernetes_executor to None, run_after=None
[2023-05-21T20:32:22.743+0000] {processor.py:175} INFO - Processing /home/airflow/.local/lib/python3.7/site-packages/airflow/example_dags/example_local_kubernetes_executor.py took 0.077 seconds
[2023-05-21T20:32:53.759+0000] {processor.py:153} INFO - Started process (PID=18381) to work on /home/airflow/.local/lib/python3.7/site-packages/airflow/example_dags/example_local_kubernetes_executor.py
[2023-05-21T20:32:53.761+0000] {processor.py:743} INFO - Processing file /home/airflow/.local/lib/python3.7/site-packages/airflow/example_dags/example_local_kubernetes_executor.py for tasks to queue
[2023-05-21T20:32:53.762+0000] {logging_mixin.py:137} INFO - [2023-05-21T20:32:53.762+0000] {dagbag.py:538} INFO - Filling up the DagBag from /home/airflow/.local/lib/python3.7/site-packages/airflow/example_dags/example_local_kubernetes_executor.py
[2023-05-21T20:32:53.781+0000] {processor.py:753} INFO - DAG(s) dict_keys(['example_local_kubernetes_executor']) retrieved from /home/airflow/.local/lib/python3.7/site-packages/airflow/example_dags/example_local_kubernetes_executor.py
[2023-05-21T20:32:53.804+0000] {logging_mixin.py:137} INFO - [2023-05-21T20:32:53.804+0000] {dag.py:2690} INFO - Sync 1 DAGs
[2023-05-21T20:32:53.821+0000] {logging_mixin.py:137} INFO - [2023-05-21T20:32:53.821+0000] {dag.py:3441} INFO - Setting next_dagrun for example_local_kubernetes_executor to None, run_after=None
[2023-05-21T20:32:53.836+0000] {processor.py:175} INFO - Processing /home/airflow/.local/lib/python3.7/site-packages/airflow/example_dags/example_local_kubernetes_executor.py took 0.079 seconds
[2023-05-21T20:42:02.551+0000] {processor.py:153} INFO - Started process (PID=18452) to work on /home/airflow/.local/lib/python3.7/site-packages/airflow/example_dags/example_local_kubernetes_executor.py
[2023-05-21T20:42:02.556+0000] {processor.py:743} INFO - Processing file /home/airflow/.local/lib/python3.7/site-packages/airflow/example_dags/example_local_kubernetes_executor.py for tasks to queue
[2023-05-21T20:42:02.557+0000] {logging_mixin.py:137} INFO - [2023-05-21T20:42:02.557+0000] {dagbag.py:538} INFO - Filling up the DagBag from /home/airflow/.local/lib/python3.7/site-packages/airflow/example_dags/example_local_kubernetes_executor.py
[2023-05-21T20:42:02.577+0000] {processor.py:753} INFO - DAG(s) dict_keys(['example_local_kubernetes_executor']) retrieved from /home/airflow/.local/lib/python3.7/site-packages/airflow/example_dags/example_local_kubernetes_executor.py
[2023-05-21T20:42:02.608+0000] {logging_mixin.py:137} INFO - [2023-05-21T20:42:02.608+0000] {dag.py:2690} INFO - Sync 1 DAGs
[2023-05-21T20:42:02.626+0000] {logging_mixin.py:137} INFO - [2023-05-21T20:42:02.626+0000] {dag.py:3441} INFO - Setting next_dagrun for example_local_kubernetes_executor to None, run_after=None
[2023-05-21T20:42:02.639+0000] {processor.py:175} INFO - Processing /home/airflow/.local/lib/python3.7/site-packages/airflow/example_dags/example_local_kubernetes_executor.py took 0.091 seconds
[2023-05-21T21:17:40.905+0000] {processor.py:153} INFO - Started process (PID=18534) to work on /home/airflow/.local/lib/python3.7/site-packages/airflow/example_dags/example_local_kubernetes_executor.py
[2023-05-21T21:17:40.907+0000] {processor.py:743} INFO - Processing file /home/airflow/.local/lib/python3.7/site-packages/airflow/example_dags/example_local_kubernetes_executor.py for tasks to queue
[2023-05-21T21:17:40.908+0000] {logging_mixin.py:137} INFO - [2023-05-21T21:17:40.908+0000] {dagbag.py:538} INFO - Filling up the DagBag from /home/airflow/.local/lib/python3.7/site-packages/airflow/example_dags/example_local_kubernetes_executor.py
[2023-05-21T21:17:40.926+0000] {processor.py:753} INFO - DAG(s) dict_keys(['example_local_kubernetes_executor']) retrieved from /home/airflow/.local/lib/python3.7/site-packages/airflow/example_dags/example_local_kubernetes_executor.py
[2023-05-21T21:17:40.949+0000] {logging_mixin.py:137} INFO - [2023-05-21T21:17:40.949+0000] {dag.py:2690} INFO - Sync 1 DAGs
[2023-05-21T21:17:40.968+0000] {logging_mixin.py:137} INFO - [2023-05-21T21:17:40.968+0000] {dag.py:3441} INFO - Setting next_dagrun for example_local_kubernetes_executor to None, run_after=None
[2023-05-21T21:17:40.981+0000] {processor.py:175} INFO - Processing /home/airflow/.local/lib/python3.7/site-packages/airflow/example_dags/example_local_kubernetes_executor.py took 0.079 seconds
[2023-05-21T22:25:08.204+0000] {processor.py:153} INFO - Started process (PID=18605) to work on /home/airflow/.local/lib/python3.7/site-packages/airflow/example_dags/example_local_kubernetes_executor.py
[2023-05-21T22:25:08.206+0000] {processor.py:743} INFO - Processing file /home/airflow/.local/lib/python3.7/site-packages/airflow/example_dags/example_local_kubernetes_executor.py for tasks to queue
[2023-05-21T22:25:08.207+0000] {logging_mixin.py:137} INFO - [2023-05-21T22:25:08.207+0000] {dagbag.py:538} INFO - Filling up the DagBag from /home/airflow/.local/lib/python3.7/site-packages/airflow/example_dags/example_local_kubernetes_executor.py
[2023-05-21T22:25:08.226+0000] {processor.py:753} INFO - DAG(s) dict_keys(['example_local_kubernetes_executor']) retrieved from /home/airflow/.local/lib/python3.7/site-packages/airflow/example_dags/example_local_kubernetes_executor.py
[2023-05-21T22:25:08.250+0000] {logging_mixin.py:137} INFO - [2023-05-21T22:25:08.250+0000] {dag.py:2690} INFO - Sync 1 DAGs
[2023-05-21T22:25:08.267+0000] {logging_mixin.py:137} INFO - [2023-05-21T22:25:08.267+0000] {dag.py:3441} INFO - Setting next_dagrun for example_local_kubernetes_executor to None, run_after=None
[2023-05-21T22:25:08.279+0000] {processor.py:175} INFO - Processing /home/airflow/.local/lib/python3.7/site-packages/airflow/example_dags/example_local_kubernetes_executor.py took 0.078 seconds
[2023-05-21T23:50:29.983+0000] {processor.py:153} INFO - Started process (PID=18688) to work on /home/airflow/.local/lib/python3.7/site-packages/airflow/example_dags/example_local_kubernetes_executor.py
[2023-05-21T23:50:29.984+0000] {processor.py:743} INFO - Processing file /home/airflow/.local/lib/python3.7/site-packages/airflow/example_dags/example_local_kubernetes_executor.py for tasks to queue
[2023-05-21T23:50:29.985+0000] {logging_mixin.py:137} INFO - [2023-05-21T23:50:29.985+0000] {dagbag.py:538} INFO - Filling up the DagBag from /home/airflow/.local/lib/python3.7/site-packages/airflow/example_dags/example_local_kubernetes_executor.py
[2023-05-21T23:50:30.003+0000] {processor.py:753} INFO - DAG(s) dict_keys(['example_local_kubernetes_executor']) retrieved from /home/airflow/.local/lib/python3.7/site-packages/airflow/example_dags/example_local_kubernetes_executor.py
[2023-05-21T23:50:30.027+0000] {logging_mixin.py:137} INFO - [2023-05-21T23:50:30.027+0000] {dag.py:2690} INFO - Sync 1 DAGs
[2023-05-21T23:50:30.043+0000] {logging_mixin.py:137} INFO - [2023-05-21T23:50:30.043+0000] {dag.py:3441} INFO - Setting next_dagrun for example_local_kubernetes_executor to None, run_after=None
[2023-05-21T23:50:30.055+0000] {processor.py:175} INFO - Processing /home/airflow/.local/lib/python3.7/site-packages/airflow/example_dags/example_local_kubernetes_executor.py took 0.075 seconds
