[2023-04-19T12:38:33.630+0000] {taskinstance.py:1083} INFO - Dependencies all met for <TaskInstance: age_check.age_check scheduled__2022-09-04T00:00:00+00:00 [queued]>
[2023-04-19T12:38:33.643+0000] {taskinstance.py:1083} INFO - Dependencies all met for <TaskInstance: age_check.age_check scheduled__2022-09-04T00:00:00+00:00 [queued]>
[2023-04-19T12:38:33.646+0000] {taskinstance.py:1279} INFO - 
--------------------------------------------------------------------------------
[2023-04-19T12:38:33.647+0000] {taskinstance.py:1280} INFO - Starting attempt 4 of 4
[2023-04-19T12:38:33.648+0000] {taskinstance.py:1281} INFO - 
--------------------------------------------------------------------------------
[2023-04-19T12:38:33.659+0000] {taskinstance.py:1300} INFO - Executing <Task(PythonOperator): age_check> on 2022-09-04 00:00:00+00:00
[2023-04-19T12:38:33.667+0000] {standard_task_runner.py:55} INFO - Started process 21907 to run task
[2023-04-19T12:38:33.673+0000] {standard_task_runner.py:82} INFO - Running: ['***', 'tasks', 'run', 'age_check', 'age_check', 'scheduled__2022-09-04T00:00:00+00:00', '--job-id', '774', '--raw', '--subdir', 'DAGS_FOLDER/age.py', '--cfg-path', '/tmp/tmpahffdv84']
[2023-04-19T12:38:33.677+0000] {standard_task_runner.py:83} INFO - Job 774: Subtask age_check
[2023-04-19T12:38:33.735+0000] {task_command.py:388} INFO - Running <TaskInstance: age_check.age_check scheduled__2022-09-04T00:00:00+00:00 [running]> on host fe34f61acbb3
[2023-04-19T12:38:33.796+0000] {taskinstance.py:1509} INFO - Exporting the following env vars:
AIRFLOW_CTX_DAG_OWNER=***
AIRFLOW_CTX_DAG_ID=age_check
AIRFLOW_CTX_TASK_ID=age_check
AIRFLOW_CTX_EXECUTION_DATE=2022-09-04T00:00:00+00:00
AIRFLOW_CTX_TRY_NUMBER=4
AIRFLOW_CTX_DAG_RUN_ID=scheduled__2022-09-04T00:00:00+00:00
[2023-04-19T12:38:33.805+0000] {taskinstance.py:1768} ERROR - Task failed with exception
Traceback (most recent call last):
  File "/home/airflow/.local/lib/python3.7/site-packages/airflow/operators/python.py", line 175, in execute
    return_value = self.execute_callable()
  File "/home/airflow/.local/lib/python3.7/site-packages/airflow/operators/python.py", line 192, in execute_callable
    return self.python_callable(*self.op_args, **self.op_kwargs)
  File "/opt/airflow/dags/age.py", line 35, in age_check
    birth_year = int(Variable.get('birth_year'))
  File "/home/airflow/.local/lib/python3.7/site-packages/airflow/models/variable.py", line 141, in get
    raise KeyError(f"Variable {key} does not exist")
KeyError: 'Variable birth_year does not exist'
[2023-04-19T12:38:33.838+0000] {taskinstance.py:1323} INFO - Marking task as FAILED. dag_id=age_check, task_id=age_check, execution_date=20220904T000000, start_date=20230419T123833, end_date=20230419T123833
[2023-04-19T12:38:33.856+0000] {standard_task_runner.py:105} ERROR - Failed to execute job 774 for task age_check ('Variable birth_year does not exist'; 21907)
[2023-04-19T12:38:33.882+0000] {local_task_job.py:208} INFO - Task exited with return code 1
[2023-04-19T12:38:33.901+0000] {taskinstance.py:2578} INFO - 0 downstream tasks scheduled from follow-on schedule check
[2023-05-17T09:54:12.241+0000] {taskinstance.py:1083} INFO - Dependencies all met for <TaskInstance: age_check.age_check scheduled__2022-09-04T00:00:00+00:00 [queued]>
[2023-05-17T09:54:12.249+0000] {taskinstance.py:1083} INFO - Dependencies all met for <TaskInstance: age_check.age_check scheduled__2022-09-04T00:00:00+00:00 [queued]>
[2023-05-17T09:54:12.251+0000] {taskinstance.py:1279} INFO - 
--------------------------------------------------------------------------------
[2023-05-17T09:54:12.253+0000] {taskinstance.py:1280} INFO - Starting attempt 4 of 4
[2023-05-17T09:54:12.254+0000] {taskinstance.py:1281} INFO - 
--------------------------------------------------------------------------------
[2023-05-17T09:54:12.272+0000] {taskinstance.py:1300} INFO - Executing <Task(PythonOperator): age_check> on 2022-09-04 00:00:00+00:00
[2023-05-17T09:54:12.278+0000] {standard_task_runner.py:55} INFO - Started process 4565 to run task
[2023-05-17T09:54:12.289+0000] {standard_task_runner.py:82} INFO - Running: ['***', 'tasks', 'run', 'age_check', 'age_check', 'scheduled__2022-09-04T00:00:00+00:00', '--job-id', '327', '--raw', '--subdir', 'DAGS_FOLDER/age.py', '--cfg-path', '/tmp/tmprqugjebj']
[2023-05-17T09:54:12.298+0000] {standard_task_runner.py:83} INFO - Job 327: Subtask age_check
[2023-05-17T09:54:12.386+0000] {task_command.py:388} INFO - Running <TaskInstance: age_check.age_check scheduled__2022-09-04T00:00:00+00:00 [running]> on host 242f95e3e8a8
[2023-05-17T09:54:12.460+0000] {taskinstance.py:1509} INFO - Exporting the following env vars:
AIRFLOW_CTX_DAG_OWNER=***
AIRFLOW_CTX_DAG_ID=age_check
AIRFLOW_CTX_TASK_ID=age_check
AIRFLOW_CTX_EXECUTION_DATE=2022-09-04T00:00:00+00:00
AIRFLOW_CTX_TRY_NUMBER=4
AIRFLOW_CTX_DAG_RUN_ID=scheduled__2022-09-04T00:00:00+00:00
[2023-05-17T09:54:12.481+0000] {taskinstance.py:1768} ERROR - Task failed with exception
Traceback (most recent call last):
  File "/home/airflow/.local/lib/python3.7/site-packages/airflow/operators/python.py", line 175, in execute
    return_value = self.execute_callable()
  File "/home/airflow/.local/lib/python3.7/site-packages/airflow/operators/python.py", line 192, in execute_callable
    return self.python_callable(*self.op_args, **self.op_kwargs)
  File "/opt/airflow/dags/age.py", line 35, in age_check
    birth_year = int(Variable.get('birth_year'))
  File "/home/airflow/.local/lib/python3.7/site-packages/airflow/models/variable.py", line 141, in get
    raise KeyError(f"Variable {key} does not exist")
KeyError: 'Variable birth_year does not exist'
[2023-05-17T09:54:12.498+0000] {taskinstance.py:1323} INFO - Marking task as FAILED. dag_id=age_check, task_id=age_check, execution_date=20220904T000000, start_date=20230517T095412, end_date=20230517T095412
[2023-05-17T09:54:12.508+0000] {standard_task_runner.py:105} ERROR - Failed to execute job 327 for task age_check ('Variable birth_year does not exist'; 4565)
[2023-05-17T09:54:12.538+0000] {local_task_job.py:208} INFO - Task exited with return code 1
[2023-05-17T09:54:12.586+0000] {taskinstance.py:2578} INFO - 0 downstream tasks scheduled from follow-on schedule check
