[2023-04-19T12:46:16.234+0000] {taskinstance.py:1083} INFO - Dependencies all met for <TaskInstance: age_check.multiplication scheduled__2023-01-06T00:00:00+00:00 [queued]>
[2023-04-19T12:46:16.245+0000] {taskinstance.py:1083} INFO - Dependencies all met for <TaskInstance: age_check.multiplication scheduled__2023-01-06T00:00:00+00:00 [queued]>
[2023-04-19T12:46:16.246+0000] {taskinstance.py:1279} INFO - 
--------------------------------------------------------------------------------
[2023-04-19T12:46:16.248+0000] {taskinstance.py:1280} INFO - Starting attempt 1 of 4
[2023-04-19T12:46:16.249+0000] {taskinstance.py:1281} INFO - 
--------------------------------------------------------------------------------
[2023-04-19T12:46:16.297+0000] {taskinstance.py:1300} INFO - Executing <Task(PythonOperator): multiplication> on 2023-01-06 00:00:00+00:00
[2023-04-19T12:46:16.333+0000] {standard_task_runner.py:55} INFO - Started process 23865 to run task
[2023-04-19T12:46:16.339+0000] {standard_task_runner.py:82} INFO - Running: ['***', 'tasks', 'run', 'age_check', 'multiplication', 'scheduled__2023-01-06T00:00:00+00:00', '--job-id', '1561', '--raw', '--subdir', 'DAGS_FOLDER/age.py', '--cfg-path', '/tmp/tmpe2hv5ckn']
[2023-04-19T12:46:16.371+0000] {standard_task_runner.py:83} INFO - Job 1561: Subtask multiplication
[2023-04-19T12:46:16.505+0000] {task_command.py:388} INFO - Running <TaskInstance: age_check.multiplication scheduled__2023-01-06T00:00:00+00:00 [running]> on host fe34f61acbb3
[2023-04-19T12:46:16.593+0000] {taskinstance.py:1509} INFO - Exporting the following env vars:
AIRFLOW_CTX_DAG_OWNER=***
AIRFLOW_CTX_DAG_ID=age_check
AIRFLOW_CTX_TASK_ID=multiplication
AIRFLOW_CTX_EXECUTION_DATE=2023-01-06T00:00:00+00:00
AIRFLOW_CTX_TRY_NUMBER=1
AIRFLOW_CTX_DAG_RUN_ID=scheduled__2023-01-06T00:00:00+00:00
[2023-04-19T12:46:16.597+0000] {logging_mixin.py:137} INFO - 25
[2023-04-19T12:46:16.600+0000] {python.py:177} INFO - Done. Returned value was: None
[2023-04-19T12:46:16.623+0000] {taskinstance.py:1323} INFO - Marking task as SUCCESS. dag_id=age_check, task_id=multiplication, execution_date=20230106T000000, start_date=20230419T124616, end_date=20230419T124616
[2023-04-19T12:46:16.685+0000] {local_task_job.py:208} INFO - Task exited with return code 0
[2023-04-19T12:46:16.739+0000] {taskinstance.py:2578} INFO - 1 downstream tasks scheduled from follow-on schedule check
[2023-05-20T20:57:16.568+0000] {taskinstance.py:1083} INFO - Dependencies all met for <TaskInstance: age_check.multiplication scheduled__2023-01-06T00:00:00+00:00 [queued]>
[2023-05-20T20:57:16.582+0000] {taskinstance.py:1083} INFO - Dependencies all met for <TaskInstance: age_check.multiplication scheduled__2023-01-06T00:00:00+00:00 [queued]>
[2023-05-20T20:57:16.590+0000] {taskinstance.py:1279} INFO - 
--------------------------------------------------------------------------------
[2023-05-20T20:57:16.590+0000] {taskinstance.py:1280} INFO - Starting attempt 1 of 4
[2023-05-20T20:57:16.594+0000] {taskinstance.py:1281} INFO - 
--------------------------------------------------------------------------------
[2023-05-20T20:57:16.608+0000] {taskinstance.py:1300} INFO - Executing <Task(PythonOperator): multiplication> on 2023-01-06 00:00:00+00:00
[2023-05-20T20:57:16.619+0000] {standard_task_runner.py:55} INFO - Started process 556 to run task
[2023-05-20T20:57:16.626+0000] {standard_task_runner.py:82} INFO - Running: ['***', 'tasks', 'run', 'age_check', 'multiplication', 'scheduled__2023-01-06T00:00:00+00:00', '--job-id', '1114', '--raw', '--subdir', 'DAGS_FOLDER/age.py', '--cfg-path', '/tmp/tmpu38yd6yf']
[2023-05-20T20:57:16.631+0000] {standard_task_runner.py:83} INFO - Job 1114: Subtask multiplication
[2023-05-20T20:57:16.707+0000] {task_command.py:388} INFO - Running <TaskInstance: age_check.multiplication scheduled__2023-01-06T00:00:00+00:00 [running]> on host 242f95e3e8a8
[2023-05-20T20:57:16.755+0000] {taskinstance.py:1509} INFO - Exporting the following env vars:
AIRFLOW_CTX_DAG_OWNER=***
AIRFLOW_CTX_DAG_ID=age_check
AIRFLOW_CTX_TASK_ID=multiplication
AIRFLOW_CTX_EXECUTION_DATE=2023-01-06T00:00:00+00:00
AIRFLOW_CTX_TRY_NUMBER=1
AIRFLOW_CTX_DAG_RUN_ID=scheduled__2023-01-06T00:00:00+00:00
[2023-05-20T20:57:16.757+0000] {logging_mixin.py:137} INFO - 25
[2023-05-20T20:57:16.758+0000] {python.py:177} INFO - Done. Returned value was: None
[2023-05-20T20:57:16.767+0000] {taskinstance.py:1323} INFO - Marking task as SUCCESS. dag_id=age_check, task_id=multiplication, execution_date=20230106T000000, start_date=20230520T205716, end_date=20230520T205716
[2023-05-20T20:57:16.797+0000] {local_task_job.py:208} INFO - Task exited with return code 0
[2023-05-20T20:57:16.818+0000] {taskinstance.py:2578} INFO - 1 downstream tasks scheduled from follow-on schedule check
