[2023-04-19T12:44:49.357+0000] {taskinstance.py:1083} INFO - Dependencies all met for <TaskInstance: age_check.age_check scheduled__2022-12-09T00:00:00+00:00 [queued]>
[2023-04-19T12:44:49.367+0000] {taskinstance.py:1083} INFO - Dependencies all met for <TaskInstance: age_check.age_check scheduled__2022-12-09T00:00:00+00:00 [queued]>
[2023-04-19T12:44:49.369+0000] {taskinstance.py:1279} INFO - 
--------------------------------------------------------------------------------
[2023-04-19T12:44:49.370+0000] {taskinstance.py:1280} INFO - Starting attempt 3 of 4
[2023-04-19T12:44:49.372+0000] {taskinstance.py:1281} INFO - 
--------------------------------------------------------------------------------
[2023-04-19T12:44:49.387+0000] {taskinstance.py:1300} INFO - Executing <Task(PythonOperator): age_check> on 2022-12-09 00:00:00+00:00
[2023-04-19T12:44:49.399+0000] {standard_task_runner.py:55} INFO - Started process 23531 to run task
[2023-04-19T12:44:49.402+0000] {standard_task_runner.py:82} INFO - Running: ['***', 'tasks', 'run', 'age_check', 'age_check', 'scheduled__2022-12-09T00:00:00+00:00', '--job-id', '1431', '--raw', '--subdir', 'DAGS_FOLDER/age.py', '--cfg-path', '/tmp/tmph5ipn6mz']
[2023-04-19T12:44:49.403+0000] {standard_task_runner.py:83} INFO - Job 1431: Subtask age_check
[2023-04-19T12:44:49.468+0000] {task_command.py:388} INFO - Running <TaskInstance: age_check.age_check scheduled__2022-12-09T00:00:00+00:00 [running]> on host fe34f61acbb3
[2023-04-19T12:44:49.553+0000] {taskinstance.py:1509} INFO - Exporting the following env vars:
AIRFLOW_CTX_DAG_OWNER=***
AIRFLOW_CTX_DAG_ID=age_check
AIRFLOW_CTX_TASK_ID=age_check
AIRFLOW_CTX_EXECUTION_DATE=2022-12-09T00:00:00+00:00
AIRFLOW_CTX_TRY_NUMBER=3
AIRFLOW_CTX_DAG_RUN_ID=scheduled__2022-12-09T00:00:00+00:00
[2023-04-19T12:44:49.563+0000] {taskinstance.py:1768} ERROR - Task failed with exception
Traceback (most recent call last):
  File "/home/airflow/.local/lib/python3.7/site-packages/airflow/operators/python.py", line 175, in execute
    return_value = self.execute_callable()
  File "/home/airflow/.local/lib/python3.7/site-packages/airflow/operators/python.py", line 192, in execute_callable
    return self.python_callable(*self.op_args, **self.op_kwargs)
  File "/opt/airflow/dags/age.py", line 35, in age_check
    birth_year = int(Variable.get('birth_year'))
  File "/home/airflow/.local/lib/python3.7/site-packages/airflow/models/variable.py", line 141, in get
    raise KeyError(f"Variable {key} does not exist")
KeyError: 'Variable birth_year does not exist'
[2023-04-19T12:44:49.591+0000] {taskinstance.py:1323} INFO - Marking task as UP_FOR_RETRY. dag_id=age_check, task_id=age_check, execution_date=20221209T000000, start_date=20230419T124449, end_date=20230419T124449
[2023-04-19T12:44:49.602+0000] {standard_task_runner.py:105} ERROR - Failed to execute job 1431 for task age_check ('Variable birth_year does not exist'; 23531)
[2023-04-19T12:44:49.615+0000] {local_task_job.py:208} INFO - Task exited with return code 1
[2023-04-19T12:44:49.640+0000] {taskinstance.py:2578} INFO - 0 downstream tasks scheduled from follow-on schedule check
[2023-05-20T20:56:22.588+0000] {taskinstance.py:1083} INFO - Dependencies all met for <TaskInstance: age_check.age_check scheduled__2022-12-09T00:00:00+00:00 [queued]>
[2023-05-20T20:56:22.689+0000] {taskinstance.py:1083} INFO - Dependencies all met for <TaskInstance: age_check.age_check scheduled__2022-12-09T00:00:00+00:00 [queued]>
[2023-05-20T20:56:22.692+0000] {taskinstance.py:1279} INFO - 
--------------------------------------------------------------------------------
[2023-05-20T20:56:22.693+0000] {taskinstance.py:1280} INFO - Starting attempt 3 of 4
[2023-05-20T20:56:22.695+0000] {taskinstance.py:1281} INFO - 
--------------------------------------------------------------------------------
[2023-05-20T20:56:22.743+0000] {taskinstance.py:1300} INFO - Executing <Task(PythonOperator): age_check> on 2022-12-09 00:00:00+00:00
[2023-05-20T20:56:22.757+0000] {standard_task_runner.py:55} INFO - Started process 281 to run task
[2023-05-20T20:56:22.770+0000] {standard_task_runner.py:82} INFO - Running: ['***', 'tasks', 'run', 'age_check', 'age_check', 'scheduled__2022-12-09T00:00:00+00:00', '--job-id', '998', '--raw', '--subdir', 'DAGS_FOLDER/age.py', '--cfg-path', '/tmp/tmp6v7yi_if']
[2023-05-20T20:56:22.773+0000] {standard_task_runner.py:83} INFO - Job 998: Subtask age_check
[2023-05-20T20:56:23.010+0000] {task_command.py:388} INFO - Running <TaskInstance: age_check.age_check scheduled__2022-12-09T00:00:00+00:00 [running]> on host 242f95e3e8a8
[2023-05-20T20:56:23.179+0000] {taskinstance.py:1509} INFO - Exporting the following env vars:
AIRFLOW_CTX_DAG_OWNER=***
AIRFLOW_CTX_DAG_ID=age_check
AIRFLOW_CTX_TASK_ID=age_check
AIRFLOW_CTX_EXECUTION_DATE=2022-12-09T00:00:00+00:00
AIRFLOW_CTX_TRY_NUMBER=3
AIRFLOW_CTX_DAG_RUN_ID=scheduled__2022-12-09T00:00:00+00:00
[2023-05-20T20:56:23.194+0000] {taskinstance.py:1768} ERROR - Task failed with exception
Traceback (most recent call last):
  File "/home/airflow/.local/lib/python3.7/site-packages/airflow/operators/python.py", line 175, in execute
    return_value = self.execute_callable()
  File "/home/airflow/.local/lib/python3.7/site-packages/airflow/operators/python.py", line 192, in execute_callable
    return self.python_callable(*self.op_args, **self.op_kwargs)
  File "/opt/airflow/dags/age.py", line 35, in age_check
    birth_year = int(Variable.get('birth_year'))
  File "/home/airflow/.local/lib/python3.7/site-packages/airflow/models/variable.py", line 141, in get
    raise KeyError(f"Variable {key} does not exist")
KeyError: 'Variable birth_year does not exist'
[2023-05-20T20:56:23.214+0000] {taskinstance.py:1323} INFO - Marking task as UP_FOR_RETRY. dag_id=age_check, task_id=age_check, execution_date=20221209T000000, start_date=20230520T205622, end_date=20230520T205623
[2023-05-20T20:56:23.231+0000] {standard_task_runner.py:105} ERROR - Failed to execute job 998 for task age_check ('Variable birth_year does not exist'; 281)
[2023-05-20T20:56:23.263+0000] {local_task_job.py:208} INFO - Task exited with return code 1
[2023-05-20T20:56:23.292+0000] {taskinstance.py:2578} INFO - 0 downstream tasks scheduled from follow-on schedule check
