[2023-05-14T01:05:21.911+0000] {processor.py:153} INFO - Started process (PID=57765) to work on /opt/airflow/dags/date.py
[2023-05-14T01:05:21.913+0000] {processor.py:743} INFO - Processing file /opt/airflow/dags/date.py for tasks to queue
[2023-05-14T01:05:21.915+0000] {logging_mixin.py:137} INFO - [2023-05-14T01:05:21.915+0000] {dagbag.py:538} INFO - Filling up the DagBag from /opt/airflow/dags/date.py
[2023-05-14T01:05:22.085+0000] {processor.py:753} INFO - DAG(s) dict_keys(['execution_date']) retrieved from /opt/airflow/dags/date.py
[2023-05-14T01:05:22.161+0000] {logging_mixin.py:137} INFO - [2023-05-14T01:05:22.161+0000] {dag.py:2690} INFO - Sync 1 DAGs
[2023-05-14T01:05:22.182+0000] {logging_mixin.py:137} INFO - [2023-05-14T01:05:22.182+0000] {dag.py:3441} INFO - Setting next_dagrun for execution_date to 2023-05-13T00:00:00+00:00, run_after=2023-05-14T00:00:00+00:00
[2023-05-14T01:05:22.207+0000] {processor.py:175} INFO - Processing /opt/airflow/dags/date.py took 0.300 seconds
[2023-05-14T02:09:08.466+0000] {processor.py:153} INFO - Started process (PID=57848) to work on /opt/airflow/dags/date.py
[2023-05-14T02:09:08.473+0000] {processor.py:743} INFO - Processing file /opt/airflow/dags/date.py for tasks to queue
[2023-05-14T02:09:08.475+0000] {logging_mixin.py:137} INFO - [2023-05-14T02:09:08.475+0000] {dagbag.py:538} INFO - Filling up the DagBag from /opt/airflow/dags/date.py
[2023-05-14T02:09:08.733+0000] {processor.py:753} INFO - DAG(s) dict_keys(['execution_date']) retrieved from /opt/airflow/dags/date.py
[2023-05-14T02:09:08.852+0000] {logging_mixin.py:137} INFO - [2023-05-14T02:09:08.852+0000] {dag.py:2690} INFO - Sync 1 DAGs
[2023-05-14T02:09:08.881+0000] {logging_mixin.py:137} INFO - [2023-05-14T02:09:08.881+0000] {dag.py:3441} INFO - Setting next_dagrun for execution_date to 2023-05-13T00:00:00+00:00, run_after=2023-05-14T00:00:00+00:00
[2023-05-14T02:09:08.902+0000] {processor.py:175} INFO - Processing /opt/airflow/dags/date.py took 0.442 seconds
[2023-05-14T02:59:39.783+0000] {processor.py:153} INFO - Started process (PID=57918) to work on /opt/airflow/dags/date.py
[2023-05-14T02:59:39.785+0000] {processor.py:743} INFO - Processing file /opt/airflow/dags/date.py for tasks to queue
[2023-05-14T02:59:39.787+0000] {logging_mixin.py:137} INFO - [2023-05-14T02:59:39.787+0000] {dagbag.py:538} INFO - Filling up the DagBag from /opt/airflow/dags/date.py
[2023-05-14T02:59:39.937+0000] {processor.py:753} INFO - DAG(s) dict_keys(['execution_date']) retrieved from /opt/airflow/dags/date.py
[2023-05-14T02:59:40.010+0000] {logging_mixin.py:137} INFO - [2023-05-14T02:59:40.010+0000] {dag.py:2690} INFO - Sync 1 DAGs
[2023-05-14T02:59:40.046+0000] {logging_mixin.py:137} INFO - [2023-05-14T02:59:40.046+0000] {dag.py:3441} INFO - Setting next_dagrun for execution_date to 2023-05-13T00:00:00+00:00, run_after=2023-05-14T00:00:00+00:00
[2023-05-14T02:59:40.068+0000] {processor.py:175} INFO - Processing /opt/airflow/dags/date.py took 0.289 seconds
[2023-05-14T03:48:11.931+0000] {processor.py:153} INFO - Started process (PID=58002) to work on /opt/airflow/dags/date.py
[2023-05-14T03:48:11.939+0000] {processor.py:743} INFO - Processing file /opt/airflow/dags/date.py for tasks to queue
[2023-05-14T03:48:11.945+0000] {logging_mixin.py:137} INFO - [2023-05-14T03:48:11.945+0000] {dagbag.py:538} INFO - Filling up the DagBag from /opt/airflow/dags/date.py
[2023-05-14T03:48:12.183+0000] {processor.py:753} INFO - DAG(s) dict_keys(['execution_date']) retrieved from /opt/airflow/dags/date.py
[2023-05-14T03:48:12.325+0000] {logging_mixin.py:137} INFO - [2023-05-14T03:48:12.325+0000] {dag.py:2690} INFO - Sync 1 DAGs
[2023-05-14T03:48:12.367+0000] {logging_mixin.py:137} INFO - [2023-05-14T03:48:12.367+0000] {dag.py:3441} INFO - Setting next_dagrun for execution_date to 2023-05-13T00:00:00+00:00, run_after=2023-05-14T00:00:00+00:00
[2023-05-14T03:48:12.402+0000] {processor.py:175} INFO - Processing /opt/airflow/dags/date.py took 0.515 seconds
[2023-05-14T05:09:14.975+0000] {processor.py:153} INFO - Started process (PID=58073) to work on /opt/airflow/dags/date.py
[2023-05-14T05:09:14.977+0000] {processor.py:743} INFO - Processing file /opt/airflow/dags/date.py for tasks to queue
[2023-05-14T05:09:14.995+0000] {logging_mixin.py:137} INFO - [2023-05-14T05:09:14.995+0000] {dagbag.py:538} INFO - Filling up the DagBag from /opt/airflow/dags/date.py
[2023-05-14T05:09:15.218+0000] {processor.py:753} INFO - DAG(s) dict_keys(['execution_date']) retrieved from /opt/airflow/dags/date.py
[2023-05-14T05:09:15.412+0000] {logging_mixin.py:137} INFO - [2023-05-14T05:09:15.412+0000] {dag.py:2690} INFO - Sync 1 DAGs
[2023-05-14T05:09:15.450+0000] {logging_mixin.py:137} INFO - [2023-05-14T05:09:15.450+0000] {dag.py:3441} INFO - Setting next_dagrun for execution_date to 2023-05-13T00:00:00+00:00, run_after=2023-05-14T00:00:00+00:00
[2023-05-14T05:09:15.495+0000] {processor.py:175} INFO - Processing /opt/airflow/dags/date.py took 0.523 seconds
[2023-05-14T06:15:01.732+0000] {processor.py:153} INFO - Started process (PID=58156) to work on /opt/airflow/dags/date.py
[2023-05-14T06:15:01.737+0000] {processor.py:743} INFO - Processing file /opt/airflow/dags/date.py for tasks to queue
[2023-05-14T06:15:01.743+0000] {logging_mixin.py:137} INFO - [2023-05-14T06:15:01.742+0000] {dagbag.py:538} INFO - Filling up the DagBag from /opt/airflow/dags/date.py
[2023-05-14T06:15:02.072+0000] {processor.py:753} INFO - DAG(s) dict_keys(['execution_date']) retrieved from /opt/airflow/dags/date.py
[2023-05-14T06:15:02.207+0000] {logging_mixin.py:137} INFO - [2023-05-14T06:15:02.206+0000] {dag.py:2690} INFO - Sync 1 DAGs
[2023-05-14T06:15:02.229+0000] {logging_mixin.py:137} INFO - [2023-05-14T06:15:02.229+0000] {dag.py:3441} INFO - Setting next_dagrun for execution_date to 2023-05-13T00:00:00+00:00, run_after=2023-05-14T00:00:00+00:00
[2023-05-14T06:15:02.264+0000] {processor.py:175} INFO - Processing /opt/airflow/dags/date.py took 0.548 seconds
[2023-05-14T07:20:47.859+0000] {processor.py:153} INFO - Started process (PID=58228) to work on /opt/airflow/dags/date.py
[2023-05-14T07:20:47.861+0000] {processor.py:743} INFO - Processing file /opt/airflow/dags/date.py for tasks to queue
[2023-05-14T07:20:47.862+0000] {logging_mixin.py:137} INFO - [2023-05-14T07:20:47.862+0000] {dagbag.py:538} INFO - Filling up the DagBag from /opt/airflow/dags/date.py
[2023-05-14T07:20:48.014+0000] {processor.py:753} INFO - DAG(s) dict_keys(['execution_date']) retrieved from /opt/airflow/dags/date.py
[2023-05-14T07:20:48.077+0000] {logging_mixin.py:137} INFO - [2023-05-14T07:20:48.077+0000] {dag.py:2690} INFO - Sync 1 DAGs
[2023-05-14T07:20:48.108+0000] {logging_mixin.py:137} INFO - [2023-05-14T07:20:48.107+0000] {dag.py:3441} INFO - Setting next_dagrun for execution_date to 2023-05-13T00:00:00+00:00, run_after=2023-05-14T00:00:00+00:00
[2023-05-14T07:20:48.125+0000] {processor.py:175} INFO - Processing /opt/airflow/dags/date.py took 0.270 seconds
[2023-05-14T08:10:02.636+0000] {processor.py:153} INFO - Started process (PID=58312) to work on /opt/airflow/dags/date.py
[2023-05-14T08:10:02.641+0000] {processor.py:743} INFO - Processing file /opt/airflow/dags/date.py for tasks to queue
[2023-05-14T08:10:02.643+0000] {logging_mixin.py:137} INFO - [2023-05-14T08:10:02.643+0000] {dagbag.py:538} INFO - Filling up the DagBag from /opt/airflow/dags/date.py
[2023-05-14T08:10:02.821+0000] {processor.py:753} INFO - DAG(s) dict_keys(['execution_date']) retrieved from /opt/airflow/dags/date.py
[2023-05-14T08:10:02.877+0000] {logging_mixin.py:137} INFO - [2023-05-14T08:10:02.877+0000] {dag.py:2690} INFO - Sync 1 DAGs
[2023-05-14T08:10:02.895+0000] {logging_mixin.py:137} INFO - [2023-05-14T08:10:02.895+0000] {dag.py:3441} INFO - Setting next_dagrun for execution_date to 2023-05-13T00:00:00+00:00, run_after=2023-05-14T00:00:00+00:00
[2023-05-14T08:10:02.912+0000] {processor.py:175} INFO - Processing /opt/airflow/dags/date.py took 0.282 seconds
[2023-05-14T08:10:33.198+0000] {processor.py:153} INFO - Started process (PID=58396) to work on /opt/airflow/dags/date.py
[2023-05-14T08:10:33.200+0000] {processor.py:743} INFO - Processing file /opt/airflow/dags/date.py for tasks to queue
[2023-05-14T08:10:33.202+0000] {logging_mixin.py:137} INFO - [2023-05-14T08:10:33.202+0000] {dagbag.py:538} INFO - Filling up the DagBag from /opt/airflow/dags/date.py
[2023-05-14T08:10:33.300+0000] {processor.py:753} INFO - DAG(s) dict_keys(['execution_date']) retrieved from /opt/airflow/dags/date.py
[2023-05-14T08:10:33.354+0000] {logging_mixin.py:137} INFO - [2023-05-14T08:10:33.354+0000] {dag.py:2690} INFO - Sync 1 DAGs
[2023-05-14T08:10:33.371+0000] {logging_mixin.py:137} INFO - [2023-05-14T08:10:33.371+0000] {dag.py:3441} INFO - Setting next_dagrun for execution_date to 2023-05-13T00:00:00+00:00, run_after=2023-05-14T00:00:00+00:00
[2023-05-14T08:10:33.384+0000] {processor.py:175} INFO - Processing /opt/airflow/dags/date.py took 0.191 seconds
[2023-05-14T08:11:03.510+0000] {processor.py:153} INFO - Started process (PID=58468) to work on /opt/airflow/dags/date.py
[2023-05-14T08:11:03.511+0000] {processor.py:743} INFO - Processing file /opt/airflow/dags/date.py for tasks to queue
[2023-05-14T08:11:03.512+0000] {logging_mixin.py:137} INFO - [2023-05-14T08:11:03.512+0000] {dagbag.py:538} INFO - Filling up the DagBag from /opt/airflow/dags/date.py
[2023-05-14T08:11:03.579+0000] {processor.py:753} INFO - DAG(s) dict_keys(['execution_date']) retrieved from /opt/airflow/dags/date.py
[2023-05-14T08:11:03.617+0000] {logging_mixin.py:137} INFO - [2023-05-14T08:11:03.617+0000] {dag.py:2690} INFO - Sync 1 DAGs
[2023-05-14T08:11:03.630+0000] {logging_mixin.py:137} INFO - [2023-05-14T08:11:03.630+0000] {dag.py:3441} INFO - Setting next_dagrun for execution_date to 2023-05-13T00:00:00+00:00, run_after=2023-05-14T00:00:00+00:00
[2023-05-14T08:11:03.641+0000] {processor.py:175} INFO - Processing /opt/airflow/dags/date.py took 0.134 seconds
[2023-05-14T09:33:59.369+0000] {processor.py:153} INFO - Started process (PID=58552) to work on /opt/airflow/dags/date.py
[2023-05-14T09:33:59.370+0000] {processor.py:743} INFO - Processing file /opt/airflow/dags/date.py for tasks to queue
[2023-05-14T09:33:59.372+0000] {logging_mixin.py:137} INFO - [2023-05-14T09:33:59.371+0000] {dagbag.py:538} INFO - Filling up the DagBag from /opt/airflow/dags/date.py
[2023-05-14T09:33:59.495+0000] {processor.py:753} INFO - DAG(s) dict_keys(['execution_date']) retrieved from /opt/airflow/dags/date.py
[2023-05-14T09:33:59.549+0000] {logging_mixin.py:137} INFO - [2023-05-14T09:33:59.549+0000] {dag.py:2690} INFO - Sync 1 DAGs
[2023-05-14T09:33:59.568+0000] {logging_mixin.py:137} INFO - [2023-05-14T09:33:59.568+0000] {dag.py:3441} INFO - Setting next_dagrun for execution_date to 2023-05-13T00:00:00+00:00, run_after=2023-05-14T00:00:00+00:00
[2023-05-14T09:33:59.580+0000] {processor.py:175} INFO - Processing /opt/airflow/dags/date.py took 0.214 seconds
[2023-05-14T10:13:08.640+0000] {processor.py:153} INFO - Started process (PID=58623) to work on /opt/airflow/dags/date.py
[2023-05-14T10:13:08.645+0000] {processor.py:743} INFO - Processing file /opt/airflow/dags/date.py for tasks to queue
[2023-05-14T10:13:08.652+0000] {logging_mixin.py:137} INFO - [2023-05-14T10:13:08.651+0000] {dagbag.py:538} INFO - Filling up the DagBag from /opt/airflow/dags/date.py
[2023-05-14T10:13:08.930+0000] {processor.py:753} INFO - DAG(s) dict_keys(['execution_date']) retrieved from /opt/airflow/dags/date.py
[2023-05-14T10:13:09.075+0000] {logging_mixin.py:137} INFO - [2023-05-14T10:13:09.075+0000] {dag.py:2690} INFO - Sync 1 DAGs
[2023-05-14T10:13:09.113+0000] {logging_mixin.py:137} INFO - [2023-05-14T10:13:09.113+0000] {dag.py:3441} INFO - Setting next_dagrun for execution_date to 2023-05-13T00:00:00+00:00, run_after=2023-05-14T00:00:00+00:00
[2023-05-14T10:13:09.146+0000] {processor.py:175} INFO - Processing /opt/airflow/dags/date.py took 0.510 seconds
