[2023-09-10T16:03:18.387+0000] {taskinstance.py:1083} INFO - Dependencies all met for <TaskInstance: my_new_dag.hello_world_task scheduled__2023-09-09T00:00:00+00:00 [queued]>
[2023-09-10T16:03:18.449+0000] {taskinstance.py:1083} INFO - Dependencies all met for <TaskInstance: my_new_dag.hello_world_task scheduled__2023-09-09T00:00:00+00:00 [queued]>
[2023-09-10T16:03:18.452+0000] {taskinstance.py:1279} INFO - 
--------------------------------------------------------------------------------
[2023-09-10T16:03:18.453+0000] {taskinstance.py:1280} INFO - Starting attempt 1 of 1
[2023-09-10T16:03:18.453+0000] {taskinstance.py:1281} INFO - 
--------------------------------------------------------------------------------
[2023-09-10T16:03:18.511+0000] {taskinstance.py:1300} INFO - Executing <Task(PythonOperator): hello_world_task> on 2023-09-09 00:00:00+00:00
[2023-09-10T16:03:18.590+0000] {standard_task_runner.py:55} INFO - Started process 67 to run task
[2023-09-10T16:03:18.632+0000] {standard_task_runner.py:82} INFO - Running: ['***', 'tasks', 'run', 'my_new_dag', 'hello_world_task', 'scheduled__2023-09-09T00:00:00+00:00', '--job-id', '4476', '--raw', '--subdir', 'DAGS_FOLDER/new.py', '--cfg-path', '/tmp/tmpete7g6dw']
[2023-09-10T16:03:18.639+0000] {standard_task_runner.py:83} INFO - Job 4476: Subtask hello_world_task
[2023-09-10T16:03:19.014+0000] {task_command.py:388} INFO - Running <TaskInstance: my_new_dag.hello_world_task scheduled__2023-09-09T00:00:00+00:00 [running]> on host 25f6b46723d1
[2023-09-10T16:03:19.592+0000] {taskinstance.py:1509} INFO - Exporting the following env vars:
AIRFLOW_CTX_DAG_OWNER=***
AIRFLOW_CTX_DAG_ID=my_new_dag
AIRFLOW_CTX_TASK_ID=hello_world_task
AIRFLOW_CTX_EXECUTION_DATE=2023-09-09T00:00:00+00:00
AIRFLOW_CTX_TRY_NUMBER=1
AIRFLOW_CTX_DAG_RUN_ID=scheduled__2023-09-09T00:00:00+00:00
[2023-09-10T16:03:19.609+0000] {new.py:8} INFO - Hello World Desmond
[2023-09-10T16:03:19.611+0000] {python.py:177} INFO - Done. Returned value was: None
[2023-09-10T16:03:19.638+0000] {taskinstance.py:1323} INFO - Marking task as SUCCESS. dag_id=my_new_dag, task_id=hello_world_task, execution_date=20230909T000000, start_date=20230910T160318, end_date=20230910T160319
[2023-09-10T16:03:19.705+0000] {local_task_job.py:208} INFO - Task exited with return code 0
[2023-09-10T16:03:19.834+0000] {taskinstance.py:2578} INFO - 1 downstream tasks scheduled from follow-on schedule check
