[2023-10-21T00:38:22.309+0000] {taskinstance.py:1083} INFO - Dependencies all met for <TaskInstance: my_new_dag.multiplication scheduled__2023-10-20T00:00:00+00:00 [queued]>
[2023-10-21T00:38:22.326+0000] {taskinstance.py:1083} INFO - Dependencies all met for <TaskInstance: my_new_dag.multiplication scheduled__2023-10-20T00:00:00+00:00 [queued]>
[2023-10-21T00:38:22.328+0000] {taskinstance.py:1279} INFO - 
--------------------------------------------------------------------------------
[2023-10-21T00:38:22.329+0000] {taskinstance.py:1280} INFO - Starting attempt 1 of 1
[2023-10-21T00:38:22.330+0000] {taskinstance.py:1281} INFO - 
--------------------------------------------------------------------------------
[2023-10-21T00:38:22.355+0000] {taskinstance.py:1300} INFO - Executing <Task(PythonOperator): multiplication> on 2023-10-20 00:00:00+00:00
[2023-10-21T00:38:22.373+0000] {standard_task_runner.py:55} INFO - Started process 60197 to run task
[2023-10-21T00:38:22.396+0000] {standard_task_runner.py:82} INFO - Running: ['***', 'tasks', 'run', 'my_new_dag', 'multiplication', 'scheduled__2023-10-20T00:00:00+00:00', '--job-id', '5192', '--raw', '--subdir', 'DAGS_FOLDER/new.py', '--cfg-path', '/tmp/tmpqq1b3a6z']
[2023-10-21T00:38:22.400+0000] {standard_task_runner.py:83} INFO - Job 5192: Subtask multiplication
[2023-10-21T00:38:22.573+0000] {task_command.py:388} INFO - Running <TaskInstance: my_new_dag.multiplication scheduled__2023-10-20T00:00:00+00:00 [running]> on host 25f6b46723d1
[2023-10-21T00:38:22.698+0000] {taskinstance.py:1509} INFO - Exporting the following env vars:
AIRFLOW_CTX_DAG_OWNER=***
AIRFLOW_CTX_DAG_ID=my_new_dag
AIRFLOW_CTX_TASK_ID=multiplication
AIRFLOW_CTX_EXECUTION_DATE=2023-10-20T00:00:00+00:00
AIRFLOW_CTX_TRY_NUMBER=1
AIRFLOW_CTX_DAG_RUN_ID=scheduled__2023-10-20T00:00:00+00:00
[2023-10-21T00:38:22.703+0000] {logging_mixin.py:137} INFO - 25
[2023-10-21T00:38:22.704+0000] {python.py:177} INFO - Done. Returned value was: None
[2023-10-21T00:38:22.718+0000] {taskinstance.py:1323} INFO - Marking task as SUCCESS. dag_id=my_new_dag, task_id=multiplication, execution_date=20231020T000000, start_date=20231021T003822, end_date=20231021T003822
[2023-10-21T00:38:22.766+0000] {local_task_job.py:208} INFO - Task exited with return code 0
[2023-10-21T00:38:22.796+0000] {taskinstance.py:2578} INFO - 0 downstream tasks scheduled from follow-on schedule check
