[2023-04-19T12:40:06.459+0000] {taskinstance.py:1083} INFO - Dependencies all met for <TaskInstance: age_check.age_check scheduled__2022-10-12T00:00:00+00:00 [queued]>
[2023-04-19T12:40:06.504+0000] {taskinstance.py:1083} INFO - Dependencies all met for <TaskInstance: age_check.age_check scheduled__2022-10-12T00:00:00+00:00 [queued]>
[2023-04-19T12:40:06.517+0000] {taskinstance.py:1279} INFO - 
--------------------------------------------------------------------------------
[2023-04-19T12:40:06.520+0000] {taskinstance.py:1280} INFO - Starting attempt 1 of 4
[2023-04-19T12:40:06.522+0000] {taskinstance.py:1281} INFO - 
--------------------------------------------------------------------------------
[2023-04-19T12:40:06.626+0000] {taskinstance.py:1300} INFO - Executing <Task(PythonOperator): age_check> on 2022-10-12 00:00:00+00:00
[2023-04-19T12:40:06.634+0000] {standard_task_runner.py:55} INFO - Started process 22336 to run task
[2023-04-19T12:40:06.641+0000] {standard_task_runner.py:82} INFO - Running: ['***', 'tasks', 'run', 'age_check', 'age_check', 'scheduled__2022-10-12T00:00:00+00:00', '--job-id', '953', '--raw', '--subdir', 'DAGS_FOLDER/age.py', '--cfg-path', '/tmp/tmpxiyo3i8_']
[2023-04-19T12:40:06.642+0000] {standard_task_runner.py:83} INFO - Job 953: Subtask age_check
[2023-04-19T12:40:06.707+0000] {task_command.py:388} INFO - Running <TaskInstance: age_check.age_check scheduled__2022-10-12T00:00:00+00:00 [running]> on host fe34f61acbb3
[2023-04-19T12:40:06.788+0000] {taskinstance.py:1509} INFO - Exporting the following env vars:
AIRFLOW_CTX_DAG_OWNER=***
AIRFLOW_CTX_DAG_ID=age_check
AIRFLOW_CTX_TASK_ID=age_check
AIRFLOW_CTX_EXECUTION_DATE=2022-10-12T00:00:00+00:00
AIRFLOW_CTX_TRY_NUMBER=1
AIRFLOW_CTX_DAG_RUN_ID=scheduled__2022-10-12T00:00:00+00:00
[2023-04-19T12:40:06.798+0000] {taskinstance.py:1768} ERROR - Task failed with exception
Traceback (most recent call last):
  File "/home/airflow/.local/lib/python3.7/site-packages/airflow/operators/python.py", line 175, in execute
    return_value = self.execute_callable()
  File "/home/airflow/.local/lib/python3.7/site-packages/airflow/operators/python.py", line 192, in execute_callable
    return self.python_callable(*self.op_args, **self.op_kwargs)
  File "/opt/airflow/dags/age.py", line 35, in age_check
    birth_year = int(Variable.get('birth_year'))
  File "/home/airflow/.local/lib/python3.7/site-packages/airflow/models/variable.py", line 141, in get
    raise KeyError(f"Variable {key} does not exist")
KeyError: 'Variable birth_year does not exist'
[2023-04-19T12:40:06.831+0000] {taskinstance.py:1323} INFO - Marking task as UP_FOR_RETRY. dag_id=age_check, task_id=age_check, execution_date=20221012T000000, start_date=20230419T124006, end_date=20230419T124006
[2023-04-19T12:40:06.850+0000] {standard_task_runner.py:105} ERROR - Failed to execute job 953 for task age_check ('Variable birth_year does not exist'; 22336)
[2023-04-19T12:40:06.892+0000] {local_task_job.py:208} INFO - Task exited with return code 1
[2023-04-19T12:40:06.929+0000] {taskinstance.py:2578} INFO - 0 downstream tasks scheduled from follow-on schedule check
[2023-05-17T09:55:40.912+0000] {taskinstance.py:1083} INFO - Dependencies all met for <TaskInstance: age_check.age_check scheduled__2022-10-12T00:00:00+00:00 [queued]>
[2023-05-17T09:55:40.925+0000] {taskinstance.py:1083} INFO - Dependencies all met for <TaskInstance: age_check.age_check scheduled__2022-10-12T00:00:00+00:00 [queued]>
[2023-05-17T09:55:40.926+0000] {taskinstance.py:1279} INFO - 
--------------------------------------------------------------------------------
[2023-05-17T09:55:40.929+0000] {taskinstance.py:1280} INFO - Starting attempt 1 of 4
[2023-05-17T09:55:40.929+0000] {taskinstance.py:1281} INFO - 
--------------------------------------------------------------------------------
[2023-05-17T09:55:40.940+0000] {taskinstance.py:1300} INFO - Executing <Task(PythonOperator): age_check> on 2022-10-12 00:00:00+00:00
[2023-05-17T09:55:40.946+0000] {standard_task_runner.py:55} INFO - Started process 5011 to run task
[2023-05-17T09:55:40.952+0000] {standard_task_runner.py:82} INFO - Running: ['***', 'tasks', 'run', 'age_check', 'age_check', 'scheduled__2022-10-12T00:00:00+00:00', '--job-id', '515', '--raw', '--subdir', 'DAGS_FOLDER/age.py', '--cfg-path', '/tmp/tmp4wehfg22']
[2023-05-17T09:55:40.953+0000] {standard_task_runner.py:83} INFO - Job 515: Subtask age_check
[2023-05-17T09:55:41.037+0000] {task_command.py:388} INFO - Running <TaskInstance: age_check.age_check scheduled__2022-10-12T00:00:00+00:00 [running]> on host 242f95e3e8a8
[2023-05-17T09:55:41.121+0000] {taskinstance.py:1509} INFO - Exporting the following env vars:
AIRFLOW_CTX_DAG_OWNER=***
AIRFLOW_CTX_DAG_ID=age_check
AIRFLOW_CTX_TASK_ID=age_check
AIRFLOW_CTX_EXECUTION_DATE=2022-10-12T00:00:00+00:00
AIRFLOW_CTX_TRY_NUMBER=1
AIRFLOW_CTX_DAG_RUN_ID=scheduled__2022-10-12T00:00:00+00:00
[2023-05-17T09:55:41.145+0000] {taskinstance.py:1768} ERROR - Task failed with exception
Traceback (most recent call last):
  File "/home/airflow/.local/lib/python3.7/site-packages/airflow/operators/python.py", line 175, in execute
    return_value = self.execute_callable()
  File "/home/airflow/.local/lib/python3.7/site-packages/airflow/operators/python.py", line 192, in execute_callable
    return self.python_callable(*self.op_args, **self.op_kwargs)
  File "/opt/airflow/dags/age.py", line 35, in age_check
    birth_year = int(Variable.get('birth_year'))
  File "/home/airflow/.local/lib/python3.7/site-packages/airflow/models/variable.py", line 141, in get
    raise KeyError(f"Variable {key} does not exist")
KeyError: 'Variable birth_year does not exist'
[2023-05-17T09:55:41.169+0000] {taskinstance.py:1323} INFO - Marking task as UP_FOR_RETRY. dag_id=age_check, task_id=age_check, execution_date=20221012T000000, start_date=20230517T095540, end_date=20230517T095541
[2023-05-17T09:55:41.179+0000] {standard_task_runner.py:105} ERROR - Failed to execute job 515 for task age_check ('Variable birth_year does not exist'; 5011)
[2023-05-17T09:55:41.210+0000] {local_task_job.py:208} INFO - Task exited with return code 1
[2023-05-17T09:55:41.245+0000] {taskinstance.py:2578} INFO - 0 downstream tasks scheduled from follow-on schedule check
