[2023-04-25T15:40:14.998+0000] {taskinstance.py:1083} INFO - Dependencies all met for <TaskInstance: my_new_dag.multiplication scheduled__2023-04-10T00:00:00+00:00 [queued]>
[2023-04-25T15:40:15.457+0000] {taskinstance.py:1083} INFO - Dependencies all met for <TaskInstance: my_new_dag.multiplication scheduled__2023-04-10T00:00:00+00:00 [queued]>
[2023-04-25T15:40:15.479+0000] {taskinstance.py:1279} INFO - 
--------------------------------------------------------------------------------
[2023-04-25T15:40:15.485+0000] {taskinstance.py:1280} INFO - Starting attempt 1 of 1
[2023-04-25T15:40:15.488+0000] {taskinstance.py:1281} INFO - 
--------------------------------------------------------------------------------
[2023-04-25T15:40:15.972+0000] {taskinstance.py:1300} INFO - Executing <Task(PythonOperator): multiplication> on 2023-04-10 00:00:00+00:00
[2023-04-25T15:40:16.080+0000] {standard_task_runner.py:55} INFO - Started process 26163 to run task
[2023-04-25T15:40:16.417+0000] {standard_task_runner.py:82} INFO - Running: ['***', 'tasks', 'run', 'my_new_dag', 'multiplication', 'scheduled__2023-04-10T00:00:00+00:00', '--job-id', '4581', '--raw', '--subdir', 'DAGS_FOLDER/new.py', '--cfg-path', '/tmp/tmpryu3id46']
[2023-04-25T15:40:16.508+0000] {standard_task_runner.py:83} INFO - Job 4581: Subtask multiplication
[2023-04-25T15:40:17.733+0000] {task_command.py:388} INFO - Running <TaskInstance: my_new_dag.multiplication scheduled__2023-04-10T00:00:00+00:00 [running]> on host fe34f61acbb3
[2023-04-25T15:40:18.570+0000] {taskinstance.py:1509} INFO - Exporting the following env vars:
AIRFLOW_CTX_DAG_OWNER=***
AIRFLOW_CTX_DAG_ID=my_new_dag
AIRFLOW_CTX_TASK_ID=multiplication
AIRFLOW_CTX_EXECUTION_DATE=2023-04-10T00:00:00+00:00
AIRFLOW_CTX_TRY_NUMBER=1
AIRFLOW_CTX_DAG_RUN_ID=scheduled__2023-04-10T00:00:00+00:00
[2023-04-25T15:40:18.574+0000] {logging_mixin.py:137} INFO - 25
[2023-04-25T15:40:18.575+0000] {python.py:177} INFO - Done. Returned value was: None
[2023-04-25T15:40:18.645+0000] {taskinstance.py:1323} INFO - Marking task as SUCCESS. dag_id=my_new_dag, task_id=multiplication, execution_date=20230410T000000, start_date=20230425T154015, end_date=20230425T154018
[2023-04-25T15:40:19.097+0000] {local_task_job.py:208} INFO - Task exited with return code 0
[2023-04-25T15:40:19.475+0000] {taskinstance.py:2578} INFO - 0 downstream tasks scheduled from follow-on schedule check
[2023-05-04T17:32:48.966+0000] {taskinstance.py:1083} INFO - Dependencies all met for <TaskInstance: my_new_dag.multiplication scheduled__2023-04-10T00:00:00+00:00 [queued]>
[2023-05-04T17:32:49.006+0000] {taskinstance.py:1083} INFO - Dependencies all met for <TaskInstance: my_new_dag.multiplication scheduled__2023-04-10T00:00:00+00:00 [queued]>
[2023-05-04T17:32:49.007+0000] {taskinstance.py:1279} INFO - 
--------------------------------------------------------------------------------
[2023-05-04T17:32:49.008+0000] {taskinstance.py:1280} INFO - Starting attempt 1 of 1
[2023-05-04T17:32:49.009+0000] {taskinstance.py:1281} INFO - 
--------------------------------------------------------------------------------
[2023-05-04T17:32:49.048+0000] {taskinstance.py:1300} INFO - Executing <Task(PythonOperator): multiplication> on 2023-04-10 00:00:00+00:00
[2023-05-04T17:32:49.068+0000] {standard_task_runner.py:55} INFO - Started process 298 to run task
[2023-05-04T17:32:49.083+0000] {standard_task_runner.py:82} INFO - Running: ['***', 'tasks', 'run', 'my_new_dag', 'multiplication', 'scheduled__2023-04-10T00:00:00+00:00', '--job-id', '81', '--raw', '--subdir', 'DAGS_FOLDER/new.py', '--cfg-path', '/tmp/tmphl9nrkdf']
[2023-05-04T17:32:49.096+0000] {standard_task_runner.py:83} INFO - Job 81: Subtask multiplication
[2023-05-04T17:32:49.235+0000] {task_command.py:388} INFO - Running <TaskInstance: my_new_dag.multiplication scheduled__2023-04-10T00:00:00+00:00 [running]> on host 7cb0501374e0
[2023-05-04T17:32:49.380+0000] {taskinstance.py:1509} INFO - Exporting the following env vars:
AIRFLOW_CTX_DAG_OWNER=***
AIRFLOW_CTX_DAG_ID=my_new_dag
AIRFLOW_CTX_TASK_ID=multiplication
AIRFLOW_CTX_EXECUTION_DATE=2023-04-10T00:00:00+00:00
AIRFLOW_CTX_TRY_NUMBER=1
AIRFLOW_CTX_DAG_RUN_ID=scheduled__2023-04-10T00:00:00+00:00
[2023-05-04T17:32:49.390+0000] {logging_mixin.py:137} INFO - 25
[2023-05-04T17:32:49.390+0000] {python.py:177} INFO - Done. Returned value was: None
[2023-05-04T17:32:49.411+0000] {taskinstance.py:1323} INFO - Marking task as SUCCESS. dag_id=my_new_dag, task_id=multiplication, execution_date=20230410T000000, start_date=20230504T173248, end_date=20230504T173249
[2023-05-04T17:32:49.493+0000] {local_task_job.py:208} INFO - Task exited with return code 0
[2023-05-04T17:32:49.509+0000] {taskinstance.py:2578} INFO - 0 downstream tasks scheduled from follow-on schedule check
