[2023-07-12T01:21:57.652+0000] {taskinstance.py:1083} INFO - Dependencies all met for <TaskInstance: my_mulitiplication.multiplication scheduled__2023-07-11T00:00:00+00:00 [queued]>
[2023-07-12T01:21:57.692+0000] {taskinstance.py:1083} INFO - Dependencies all met for <TaskInstance: my_mulitiplication.multiplication scheduled__2023-07-11T00:00:00+00:00 [queued]>
[2023-07-12T01:21:57.703+0000] {taskinstance.py:1279} INFO - 
--------------------------------------------------------------------------------
[2023-07-12T01:21:57.704+0000] {taskinstance.py:1280} INFO - Starting attempt 1 of 4
[2023-07-12T01:21:57.706+0000] {taskinstance.py:1281} INFO - 
--------------------------------------------------------------------------------
[2023-07-12T01:21:57.733+0000] {taskinstance.py:1300} INFO - Executing <Task(PythonOperator): multiplication> on 2023-07-11 00:00:00+00:00
[2023-07-12T01:21:57.755+0000] {standard_task_runner.py:55} INFO - Started process 78954 to run task
[2023-07-12T01:21:57.766+0000] {standard_task_runner.py:82} INFO - Running: ['***', 'tasks', 'run', 'my_mulitiplication', 'multiplication', 'scheduled__2023-07-11T00:00:00+00:00', '--job-id', '3649', '--raw', '--subdir', 'DAGS_FOLDER/new_dag.py', '--cfg-path', '/tmp/tmpg5hvn0qw']
[2023-07-12T01:21:57.770+0000] {standard_task_runner.py:83} INFO - Job 3649: Subtask multiplication
[2023-07-12T01:21:58.094+0000] {task_command.py:388} INFO - Running <TaskInstance: my_mulitiplication.multiplication scheduled__2023-07-11T00:00:00+00:00 [running]> on host 25f6b46723d1
[2023-07-12T01:21:58.677+0000] {taskinstance.py:1509} INFO - Exporting the following env vars:
AIRFLOW_CTX_DAG_OWNER=***
AIRFLOW_CTX_DAG_ID=my_mulitiplication
AIRFLOW_CTX_TASK_ID=multiplication
AIRFLOW_CTX_EXECUTION_DATE=2023-07-11T00:00:00+00:00
AIRFLOW_CTX_TRY_NUMBER=1
AIRFLOW_CTX_DAG_RUN_ID=scheduled__2023-07-11T00:00:00+00:00
[2023-07-12T01:21:58.684+0000] {logging_mixin.py:137} INFO - 16
[2023-07-12T01:21:58.697+0000] {python.py:177} INFO - Done. Returned value was: None
[2023-07-12T01:21:58.747+0000] {taskinstance.py:1323} INFO - Marking task as SUCCESS. dag_id=my_mulitiplication, task_id=multiplication, execution_date=20230711T000000, start_date=20230712T012157, end_date=20230712T012158
[2023-07-12T01:21:58.835+0000] {local_task_job.py:208} INFO - Task exited with return code 0
[2023-07-12T01:21:58.879+0000] {taskinstance.py:2578} INFO - 1 downstream tasks scheduled from follow-on schedule check
