[2023-04-25T15:39:28.657+0000] {taskinstance.py:1083} INFO - Dependencies all met for <TaskInstance: my_new_dag.hello_world_task scheduled__2023-04-05T00:00:00+00:00 [queued]>
[2023-04-25T15:39:31.768+0000] {taskinstance.py:1083} INFO - Dependencies all met for <TaskInstance: my_new_dag.hello_world_task scheduled__2023-04-05T00:00:00+00:00 [queued]>
[2023-04-25T15:39:31.773+0000] {taskinstance.py:1279} INFO - 
--------------------------------------------------------------------------------
[2023-04-25T15:39:31.823+0000] {taskinstance.py:1280} INFO - Starting attempt 1 of 1
[2023-04-25T15:39:31.834+0000] {taskinstance.py:1281} INFO - 
--------------------------------------------------------------------------------
[2023-04-25T15:39:32.664+0000] {taskinstance.py:1300} INFO - Executing <Task(PythonOperator): hello_world_task> on 2023-04-05 00:00:00+00:00
[2023-04-25T15:39:33.091+0000] {standard_task_runner.py:55} INFO - Started process 26104 to run task
[2023-04-25T15:39:33.565+0000] {standard_task_runner.py:82} INFO - Running: ['***', 'tasks', 'run', 'my_new_dag', 'hello_world_task', 'scheduled__2023-04-05T00:00:00+00:00', '--job-id', '4559', '--raw', '--subdir', 'DAGS_FOLDER/new.py', '--cfg-path', '/tmp/tmpsqzoxb3e']
[2023-04-25T15:39:33.631+0000] {standard_task_runner.py:83} INFO - Job 4559: Subtask hello_world_task
[2023-04-25T15:39:34.896+0000] {task_command.py:388} INFO - Running <TaskInstance: my_new_dag.hello_world_task scheduled__2023-04-05T00:00:00+00:00 [running]> on host fe34f61acbb3
[2023-04-25T15:39:36.212+0000] {taskinstance.py:1509} INFO - Exporting the following env vars:
AIRFLOW_CTX_DAG_OWNER=***
AIRFLOW_CTX_DAG_ID=my_new_dag
AIRFLOW_CTX_TASK_ID=hello_world_task
AIRFLOW_CTX_EXECUTION_DATE=2023-04-05T00:00:00+00:00
AIRFLOW_CTX_TRY_NUMBER=1
AIRFLOW_CTX_DAG_RUN_ID=scheduled__2023-04-05T00:00:00+00:00
[2023-04-25T15:39:36.521+0000] {new.py:8} INFO - Hello World Desmond
[2023-04-25T15:39:36.523+0000] {python.py:177} INFO - Done. Returned value was: None
[2023-04-25T15:39:36.848+0000] {taskinstance.py:1323} INFO - Marking task as SUCCESS. dag_id=my_new_dag, task_id=hello_world_task, execution_date=20230405T000000, start_date=20230425T153929, end_date=20230425T153936
[2023-04-25T15:39:38.079+0000] {local_task_job.py:208} INFO - Task exited with return code 0
[2023-04-25T15:39:39.051+0000] {taskinstance.py:2578} INFO - 0 downstream tasks scheduled from follow-on schedule check
[2023-05-04T17:32:45.613+0000] {taskinstance.py:1083} INFO - Dependencies all met for <TaskInstance: my_new_dag.hello_world_task scheduled__2023-04-05T00:00:00+00:00 [queued]>
[2023-05-04T17:32:45.629+0000] {taskinstance.py:1083} INFO - Dependencies all met for <TaskInstance: my_new_dag.hello_world_task scheduled__2023-04-05T00:00:00+00:00 [queued]>
[2023-05-04T17:32:45.630+0000] {taskinstance.py:1279} INFO - 
--------------------------------------------------------------------------------
[2023-05-04T17:32:45.631+0000] {taskinstance.py:1280} INFO - Starting attempt 1 of 1
[2023-05-04T17:32:45.632+0000] {taskinstance.py:1281} INFO - 
--------------------------------------------------------------------------------
[2023-05-04T17:32:45.664+0000] {taskinstance.py:1300} INFO - Executing <Task(PythonOperator): hello_world_task> on 2023-04-05 00:00:00+00:00
[2023-05-04T17:32:45.672+0000] {standard_task_runner.py:55} INFO - Started process 263 to run task
[2023-05-04T17:32:45.686+0000] {standard_task_runner.py:82} INFO - Running: ['***', 'tasks', 'run', 'my_new_dag', 'hello_world_task', 'scheduled__2023-04-05T00:00:00+00:00', '--job-id', '65', '--raw', '--subdir', 'DAGS_FOLDER/new.py', '--cfg-path', '/tmp/tmpv1qjwp80']
[2023-05-04T17:32:45.693+0000] {standard_task_runner.py:83} INFO - Job 65: Subtask hello_world_task
[2023-05-04T17:32:45.823+0000] {task_command.py:388} INFO - Running <TaskInstance: my_new_dag.hello_world_task scheduled__2023-04-05T00:00:00+00:00 [running]> on host 7cb0501374e0
[2023-05-04T17:32:46.002+0000] {taskinstance.py:1509} INFO - Exporting the following env vars:
AIRFLOW_CTX_DAG_OWNER=***
AIRFLOW_CTX_DAG_ID=my_new_dag
AIRFLOW_CTX_TASK_ID=hello_world_task
AIRFLOW_CTX_EXECUTION_DATE=2023-04-05T00:00:00+00:00
AIRFLOW_CTX_TRY_NUMBER=1
AIRFLOW_CTX_DAG_RUN_ID=scheduled__2023-04-05T00:00:00+00:00
[2023-05-04T17:32:46.005+0000] {new.py:8} INFO - Hello World Desmond
[2023-05-04T17:32:46.007+0000] {python.py:177} INFO - Done. Returned value was: None
[2023-05-04T17:32:46.025+0000] {taskinstance.py:1323} INFO - Marking task as SUCCESS. dag_id=my_new_dag, task_id=hello_world_task, execution_date=20230405T000000, start_date=20230504T173245, end_date=20230504T173246
[2023-05-04T17:32:46.061+0000] {local_task_job.py:208} INFO - Task exited with return code 0
[2023-05-04T17:32:46.120+0000] {taskinstance.py:2578} INFO - 1 downstream tasks scheduled from follow-on schedule check
