[2023-07-02T19:24:36.472+0000] {taskinstance.py:1083} INFO - Dependencies all met for <TaskInstance: multiple.multiplication scheduled__2023-04-09T00:00:00+00:00 [queued]>
[2023-07-02T19:24:36.483+0000] {taskinstance.py:1083} INFO - Dependencies all met for <TaskInstance: multiple.multiplication scheduled__2023-04-09T00:00:00+00:00 [queued]>
[2023-07-02T19:24:36.484+0000] {taskinstance.py:1279} INFO - 
--------------------------------------------------------------------------------
[2023-07-02T19:24:36.485+0000] {taskinstance.py:1280} INFO - Starting attempt 1 of 4
[2023-07-02T19:24:36.486+0000] {taskinstance.py:1281} INFO - 
--------------------------------------------------------------------------------
[2023-07-02T19:24:36.500+0000] {taskinstance.py:1300} INFO - Executing <Task(PythonOperator): multiplication> on 2023-04-09 00:00:00+00:00
[2023-07-02T19:24:36.509+0000] {standard_task_runner.py:55} INFO - Started process 4614 to run task
[2023-07-02T19:24:36.517+0000] {standard_task_runner.py:82} INFO - Running: ['***', 'tasks', 'run', 'multiple', 'multiplication', 'scheduled__2023-04-09T00:00:00+00:00', '--job-id', '3477', '--raw', '--subdir', 'DAGS_FOLDER/desmond.py', '--cfg-path', '/tmp/tmp4n0syzv3']
[2023-07-02T19:24:36.523+0000] {standard_task_runner.py:83} INFO - Job 3477: Subtask multiplication
[2023-07-02T19:24:36.671+0000] {task_command.py:388} INFO - Running <TaskInstance: multiple.multiplication scheduled__2023-04-09T00:00:00+00:00 [running]> on host 25f6b46723d1
[2023-07-02T19:24:36.777+0000] {taskinstance.py:1509} INFO - Exporting the following env vars:
AIRFLOW_CTX_DAG_OWNER=***
AIRFLOW_CTX_DAG_ID=multiple
AIRFLOW_CTX_TASK_ID=multiplication
AIRFLOW_CTX_EXECUTION_DATE=2023-04-09T00:00:00+00:00
AIRFLOW_CTX_TRY_NUMBER=1
AIRFLOW_CTX_DAG_RUN_ID=scheduled__2023-04-09T00:00:00+00:00
[2023-07-02T19:24:36.779+0000] {logging_mixin.py:137} INFO - 50
[2023-07-02T19:24:36.782+0000] {python.py:177} INFO - Done. Returned value was: None
[2023-07-02T19:24:36.806+0000] {taskinstance.py:1323} INFO - Marking task as SUCCESS. dag_id=multiple, task_id=multiplication, execution_date=20230409T000000, start_date=20230702T192436, end_date=20230702T192436
[2023-07-02T19:24:36.849+0000] {local_task_job.py:208} INFO - Task exited with return code 0
[2023-07-02T19:24:36.872+0000] {taskinstance.py:2578} INFO - 0 downstream tasks scheduled from follow-on schedule check
