[2023-09-07T02:49:08.516+0000] {taskinstance.py:1083} INFO - Dependencies all met for <TaskInstance: age_check.multiplication scheduled__2023-09-06T00:00:00+00:00 [queued]>
[2023-09-07T02:49:08.664+0000] {taskinstance.py:1083} INFO - Dependencies all met for <TaskInstance: age_check.multiplication scheduled__2023-09-06T00:00:00+00:00 [queued]>
[2023-09-07T02:49:08.668+0000] {taskinstance.py:1279} INFO - 
--------------------------------------------------------------------------------
[2023-09-07T02:49:08.683+0000] {taskinstance.py:1280} INFO - Starting attempt 2 of 4
[2023-09-07T02:49:08.685+0000] {taskinstance.py:1281} INFO - 
--------------------------------------------------------------------------------
[2023-09-07T02:49:08.966+0000] {taskinstance.py:1300} INFO - Executing <Task(PythonOperator): multiplication> on 2023-09-06 00:00:00+00:00
[2023-09-07T02:49:09.173+0000] {standard_task_runner.py:82} INFO - Running: ['***', 'tasks', 'run', 'age_check', 'multiplication', 'scheduled__2023-09-06T00:00:00+00:00', '--job-id', '4430', '--raw', '--subdir', 'DAGS_FOLDER/age.py', '--cfg-path', '/tmp/tmp5cr1vjqf']
[2023-09-07T02:49:09.205+0000] {standard_task_runner.py:83} INFO - Job 4430: Subtask multiplication
[2023-09-07T02:49:09.133+0000] {standard_task_runner.py:55} INFO - Started process 157785 to run task
[2023-09-07T02:49:10.354+0000] {task_command.py:388} INFO - Running <TaskInstance: age_check.multiplication scheduled__2023-09-06T00:00:00+00:00 [running]> on host 25f6b46723d1
[2023-09-07T02:49:11.354+0000] {taskinstance.py:1509} INFO - Exporting the following env vars:
AIRFLOW_CTX_DAG_OWNER=***
AIRFLOW_CTX_DAG_ID=age_check
AIRFLOW_CTX_TASK_ID=multiplication
AIRFLOW_CTX_EXECUTION_DATE=2023-09-06T00:00:00+00:00
AIRFLOW_CTX_TRY_NUMBER=2
AIRFLOW_CTX_DAG_RUN_ID=scheduled__2023-09-06T00:00:00+00:00
[2023-09-07T02:49:11.462+0000] {logging_mixin.py:137} INFO - 25
[2023-09-07T02:49:11.464+0000] {python.py:177} INFO - Done. Returned value was: None
[2023-09-07T02:49:11.489+0000] {taskinstance.py:1323} INFO - Marking task as SUCCESS. dag_id=age_check, task_id=multiplication, execution_date=20230906T000000, start_date=20230907T024908, end_date=20230907T024911
[2023-09-07T02:49:11.621+0000] {local_task_job.py:208} INFO - Task exited with return code 0
[2023-09-07T02:49:11.837+0000] {taskinstance.py:2578} INFO - 0 downstream tasks scheduled from follow-on schedule check
