[2023-04-19T12:40:31.148+0000] {taskinstance.py:1083} INFO - Dependencies all met for <TaskInstance: age_check.age_check scheduled__2022-10-11T00:00:00+00:00 [queued]>
[2023-04-19T12:40:31.222+0000] {taskinstance.py:1083} INFO - Dependencies all met for <TaskInstance: age_check.age_check scheduled__2022-10-11T00:00:00+00:00 [queued]>
[2023-04-19T12:40:31.224+0000] {taskinstance.py:1279} INFO - 
--------------------------------------------------------------------------------
[2023-04-19T12:40:31.226+0000] {taskinstance.py:1280} INFO - Starting attempt 3 of 4
[2023-04-19T12:40:31.228+0000] {taskinstance.py:1281} INFO - 
--------------------------------------------------------------------------------
[2023-04-19T12:40:31.357+0000] {taskinstance.py:1300} INFO - Executing <Task(PythonOperator): age_check> on 2022-10-11 00:00:00+00:00
[2023-04-19T12:40:31.380+0000] {standard_task_runner.py:55} INFO - Started process 22433 to run task
[2023-04-19T12:40:31.407+0000] {standard_task_runner.py:82} INFO - Running: ['***', 'tasks', 'run', 'age_check', 'age_check', 'scheduled__2022-10-11T00:00:00+00:00', '--job-id', '988', '--raw', '--subdir', 'DAGS_FOLDER/age.py', '--cfg-path', '/tmp/tmpm7q8b547']
[2023-04-19T12:40:31.416+0000] {standard_task_runner.py:83} INFO - Job 988: Subtask age_check
[2023-04-19T12:40:31.832+0000] {task_command.py:388} INFO - Running <TaskInstance: age_check.age_check scheduled__2022-10-11T00:00:00+00:00 [running]> on host fe34f61acbb3
[2023-04-19T12:40:32.007+0000] {taskinstance.py:1509} INFO - Exporting the following env vars:
AIRFLOW_CTX_DAG_OWNER=***
AIRFLOW_CTX_DAG_ID=age_check
AIRFLOW_CTX_TASK_ID=age_check
AIRFLOW_CTX_EXECUTION_DATE=2022-10-11T00:00:00+00:00
AIRFLOW_CTX_TRY_NUMBER=3
AIRFLOW_CTX_DAG_RUN_ID=scheduled__2022-10-11T00:00:00+00:00
[2023-04-19T12:40:32.044+0000] {taskinstance.py:1768} ERROR - Task failed with exception
Traceback (most recent call last):
  File "/home/airflow/.local/lib/python3.7/site-packages/airflow/operators/python.py", line 175, in execute
    return_value = self.execute_callable()
  File "/home/airflow/.local/lib/python3.7/site-packages/airflow/operators/python.py", line 192, in execute_callable
    return self.python_callable(*self.op_args, **self.op_kwargs)
  File "/opt/airflow/dags/age.py", line 35, in age_check
    birth_year = int(Variable.get('birth_year'))
  File "/home/airflow/.local/lib/python3.7/site-packages/airflow/models/variable.py", line 141, in get
    raise KeyError(f"Variable {key} does not exist")
KeyError: 'Variable birth_year does not exist'
[2023-04-19T12:40:32.103+0000] {taskinstance.py:1323} INFO - Marking task as UP_FOR_RETRY. dag_id=age_check, task_id=age_check, execution_date=20221011T000000, start_date=20230419T124031, end_date=20230419T124032
[2023-04-19T12:40:32.191+0000] {standard_task_runner.py:105} ERROR - Failed to execute job 988 for task age_check ('Variable birth_year does not exist'; 22433)
[2023-04-19T12:40:32.224+0000] {local_task_job.py:208} INFO - Task exited with return code 1
[2023-04-19T12:40:32.301+0000] {taskinstance.py:2578} INFO - 0 downstream tasks scheduled from follow-on schedule check
[2023-05-17T09:56:03.755+0000] {taskinstance.py:1083} INFO - Dependencies all met for <TaskInstance: age_check.age_check scheduled__2022-10-11T00:00:00+00:00 [queued]>
[2023-05-17T09:56:03.775+0000] {taskinstance.py:1083} INFO - Dependencies all met for <TaskInstance: age_check.age_check scheduled__2022-10-11T00:00:00+00:00 [queued]>
[2023-05-17T09:56:03.776+0000] {taskinstance.py:1279} INFO - 
--------------------------------------------------------------------------------
[2023-05-17T09:56:03.777+0000] {taskinstance.py:1280} INFO - Starting attempt 3 of 4
[2023-05-17T09:56:03.779+0000] {taskinstance.py:1281} INFO - 
--------------------------------------------------------------------------------
[2023-05-17T09:56:03.838+0000] {taskinstance.py:1300} INFO - Executing <Task(PythonOperator): age_check> on 2022-10-11 00:00:00+00:00
[2023-05-17T09:56:03.858+0000] {standard_task_runner.py:55} INFO - Started process 5094 to run task
[2023-05-17T09:56:03.888+0000] {standard_task_runner.py:82} INFO - Running: ['***', 'tasks', 'run', 'age_check', 'age_check', 'scheduled__2022-10-11T00:00:00+00:00', '--job-id', '541', '--raw', '--subdir', 'DAGS_FOLDER/age.py', '--cfg-path', '/tmp/tmpjd55usst']
[2023-05-17T09:56:03.896+0000] {standard_task_runner.py:83} INFO - Job 541: Subtask age_check
[2023-05-17T09:56:04.031+0000] {task_command.py:388} INFO - Running <TaskInstance: age_check.age_check scheduled__2022-10-11T00:00:00+00:00 [running]> on host 242f95e3e8a8
[2023-05-17T09:56:04.156+0000] {taskinstance.py:1509} INFO - Exporting the following env vars:
AIRFLOW_CTX_DAG_OWNER=***
AIRFLOW_CTX_DAG_ID=age_check
AIRFLOW_CTX_TASK_ID=age_check
AIRFLOW_CTX_EXECUTION_DATE=2022-10-11T00:00:00+00:00
AIRFLOW_CTX_TRY_NUMBER=3
AIRFLOW_CTX_DAG_RUN_ID=scheduled__2022-10-11T00:00:00+00:00
[2023-05-17T09:56:04.181+0000] {taskinstance.py:1768} ERROR - Task failed with exception
Traceback (most recent call last):
  File "/home/airflow/.local/lib/python3.7/site-packages/airflow/operators/python.py", line 175, in execute
    return_value = self.execute_callable()
  File "/home/airflow/.local/lib/python3.7/site-packages/airflow/operators/python.py", line 192, in execute_callable
    return self.python_callable(*self.op_args, **self.op_kwargs)
  File "/opt/airflow/dags/age.py", line 35, in age_check
    birth_year = int(Variable.get('birth_year'))
  File "/home/airflow/.local/lib/python3.7/site-packages/airflow/models/variable.py", line 141, in get
    raise KeyError(f"Variable {key} does not exist")
KeyError: 'Variable birth_year does not exist'
[2023-05-17T09:56:04.207+0000] {taskinstance.py:1323} INFO - Marking task as UP_FOR_RETRY. dag_id=age_check, task_id=age_check, execution_date=20221011T000000, start_date=20230517T095603, end_date=20230517T095604
[2023-05-17T09:56:04.239+0000] {standard_task_runner.py:105} ERROR - Failed to execute job 541 for task age_check ('Variable birth_year does not exist'; 5094)
[2023-05-17T09:56:04.312+0000] {local_task_job.py:208} INFO - Task exited with return code 1
[2023-05-17T09:56:04.380+0000] {taskinstance.py:2578} INFO - 0 downstream tasks scheduled from follow-on schedule check
