[2023-04-19T12:44:20.268+0000] {taskinstance.py:1083} INFO - Dependencies all met for <TaskInstance: age_check.age_check scheduled__2022-12-02T00:00:00+00:00 [queued]>
[2023-04-19T12:44:20.376+0000] {taskinstance.py:1083} INFO - Dependencies all met for <TaskInstance: age_check.age_check scheduled__2022-12-02T00:00:00+00:00 [queued]>
[2023-04-19T12:44:20.378+0000] {taskinstance.py:1279} INFO - 
--------------------------------------------------------------------------------
[2023-04-19T12:44:20.381+0000] {taskinstance.py:1280} INFO - Starting attempt 4 of 4
[2023-04-19T12:44:20.382+0000] {taskinstance.py:1281} INFO - 
--------------------------------------------------------------------------------
[2023-04-19T12:44:20.460+0000] {taskinstance.py:1300} INFO - Executing <Task(PythonOperator): age_check> on 2022-12-02 00:00:00+00:00
[2023-04-19T12:44:20.482+0000] {standard_task_runner.py:55} INFO - Started process 23414 to run task
[2023-04-19T12:44:20.510+0000] {standard_task_runner.py:82} INFO - Running: ['***', 'tasks', 'run', 'age_check', 'age_check', 'scheduled__2022-12-02T00:00:00+00:00', '--job-id', '1381', '--raw', '--subdir', 'DAGS_FOLDER/age.py', '--cfg-path', '/tmp/tmpyx4cwyos']
[2023-04-19T12:44:20.520+0000] {standard_task_runner.py:83} INFO - Job 1381: Subtask age_check
[2023-04-19T12:44:21.320+0000] {task_command.py:388} INFO - Running <TaskInstance: age_check.age_check scheduled__2022-12-02T00:00:00+00:00 [running]> on host fe34f61acbb3
[2023-04-19T12:44:21.731+0000] {taskinstance.py:1509} INFO - Exporting the following env vars:
AIRFLOW_CTX_DAG_OWNER=***
AIRFLOW_CTX_DAG_ID=age_check
AIRFLOW_CTX_TASK_ID=age_check
AIRFLOW_CTX_EXECUTION_DATE=2022-12-02T00:00:00+00:00
AIRFLOW_CTX_TRY_NUMBER=4
AIRFLOW_CTX_DAG_RUN_ID=scheduled__2022-12-02T00:00:00+00:00
[2023-04-19T12:44:21.837+0000] {taskinstance.py:1768} ERROR - Task failed with exception
Traceback (most recent call last):
  File "/home/airflow/.local/lib/python3.7/site-packages/airflow/operators/python.py", line 175, in execute
    return_value = self.execute_callable()
  File "/home/airflow/.local/lib/python3.7/site-packages/airflow/operators/python.py", line 192, in execute_callable
    return self.python_callable(*self.op_args, **self.op_kwargs)
  File "/opt/airflow/dags/age.py", line 35, in age_check
    birth_year = int(Variable.get('birth_year'))
  File "/home/airflow/.local/lib/python3.7/site-packages/airflow/models/variable.py", line 141, in get
    raise KeyError(f"Variable {key} does not exist")
KeyError: 'Variable birth_year does not exist'
[2023-04-19T12:44:21.880+0000] {taskinstance.py:1323} INFO - Marking task as FAILED. dag_id=age_check, task_id=age_check, execution_date=20221202T000000, start_date=20230419T124420, end_date=20230419T124421
[2023-04-19T12:44:21.935+0000] {standard_task_runner.py:105} ERROR - Failed to execute job 1381 for task age_check ('Variable birth_year does not exist'; 23414)
[2023-04-19T12:44:22.061+0000] {local_task_job.py:208} INFO - Task exited with return code 1
[2023-04-19T12:44:22.209+0000] {taskinstance.py:2578} INFO - 0 downstream tasks scheduled from follow-on schedule check
[2023-05-17T11:01:20.180+0000] {taskinstance.py:1083} INFO - Dependencies all met for <TaskInstance: age_check.age_check scheduled__2022-12-02T00:00:00+00:00 [queued]>
[2023-05-17T11:01:20.235+0000] {taskinstance.py:1083} INFO - Dependencies all met for <TaskInstance: age_check.age_check scheduled__2022-12-02T00:00:00+00:00 [queued]>
[2023-05-17T11:01:20.237+0000] {taskinstance.py:1279} INFO - 
--------------------------------------------------------------------------------
[2023-05-17T11:01:20.240+0000] {taskinstance.py:1280} INFO - Starting attempt 4 of 4
[2023-05-17T11:01:20.243+0000] {taskinstance.py:1281} INFO - 
--------------------------------------------------------------------------------
[2023-05-17T11:01:20.321+0000] {taskinstance.py:1300} INFO - Executing <Task(PythonOperator): age_check> on 2022-12-02 00:00:00+00:00
[2023-05-17T11:01:20.371+0000] {standard_task_runner.py:55} INFO - Started process 5995 to run task
[2023-05-17T11:01:20.408+0000] {standard_task_runner.py:82} INFO - Running: ['***', 'tasks', 'run', 'age_check', 'age_check', 'scheduled__2022-12-02T00:00:00+00:00', '--job-id', '903', '--raw', '--subdir', 'DAGS_FOLDER/age.py', '--cfg-path', '/tmp/tmp_htdws3o']
[2023-05-17T11:01:20.422+0000] {standard_task_runner.py:83} INFO - Job 903: Subtask age_check
[2023-05-20T20:55:39.567+0000] {taskinstance.py:1077} INFO - Dependencies not met for <TaskInstance: age_check.age_check scheduled__2022-12-02T00:00:00+00:00 [running]>, dependency 'Task Instance State' FAILED: Task is in the 'running' state.
[2023-05-20T20:55:39.573+0000] {taskinstance.py:1077} INFO - Dependencies not met for <TaskInstance: age_check.age_check scheduled__2022-12-02T00:00:00+00:00 [running]>, dependency 'Task Instance Not Running' FAILED: Task is in the running state
[2023-05-20T20:55:39.608+0000] {local_task_job.py:147} INFO - Task is not able to be run
