[2023-04-19T12:41:27.916+0000] {taskinstance.py:1083} INFO - Dependencies all met for <TaskInstance: age_check.age_check scheduled__2022-10-28T00:00:00+00:00 [queued]>
[2023-04-19T12:41:27.931+0000] {taskinstance.py:1083} INFO - Dependencies all met for <TaskInstance: age_check.age_check scheduled__2022-10-28T00:00:00+00:00 [queued]>
[2023-04-19T12:41:27.934+0000] {taskinstance.py:1279} INFO - 
--------------------------------------------------------------------------------
[2023-04-19T12:41:27.935+0000] {taskinstance.py:1280} INFO - Starting attempt 2 of 4
[2023-04-19T12:41:27.936+0000] {taskinstance.py:1281} INFO - 
--------------------------------------------------------------------------------
[2023-04-19T12:41:27.949+0000] {taskinstance.py:1300} INFO - Executing <Task(PythonOperator): age_check> on 2022-10-28 00:00:00+00:00
[2023-04-19T12:41:27.958+0000] {standard_task_runner.py:55} INFO - Started process 22662 to run task
[2023-04-19T12:41:27.964+0000] {standard_task_runner.py:82} INFO - Running: ['***', 'tasks', 'run', 'age_check', 'age_check', 'scheduled__2022-10-28T00:00:00+00:00', '--job-id', '1079', '--raw', '--subdir', 'DAGS_FOLDER/age.py', '--cfg-path', '/tmp/tmp_49qurs4']
[2023-04-19T12:41:27.969+0000] {standard_task_runner.py:83} INFO - Job 1079: Subtask age_check
[2023-04-19T12:41:28.056+0000] {task_command.py:388} INFO - Running <TaskInstance: age_check.age_check scheduled__2022-10-28T00:00:00+00:00 [running]> on host fe34f61acbb3
[2023-04-19T12:41:28.135+0000] {taskinstance.py:1509} INFO - Exporting the following env vars:
AIRFLOW_CTX_DAG_OWNER=***
AIRFLOW_CTX_DAG_ID=age_check
AIRFLOW_CTX_TASK_ID=age_check
AIRFLOW_CTX_EXECUTION_DATE=2022-10-28T00:00:00+00:00
AIRFLOW_CTX_TRY_NUMBER=2
AIRFLOW_CTX_DAG_RUN_ID=scheduled__2022-10-28T00:00:00+00:00
[2023-04-19T12:41:28.154+0000] {taskinstance.py:1768} ERROR - Task failed with exception
Traceback (most recent call last):
  File "/home/airflow/.local/lib/python3.7/site-packages/airflow/operators/python.py", line 175, in execute
    return_value = self.execute_callable()
  File "/home/airflow/.local/lib/python3.7/site-packages/airflow/operators/python.py", line 192, in execute_callable
    return self.python_callable(*self.op_args, **self.op_kwargs)
  File "/opt/airflow/dags/age.py", line 35, in age_check
    birth_year = int(Variable.get('birth_year'))
  File "/home/airflow/.local/lib/python3.7/site-packages/airflow/models/variable.py", line 141, in get
    raise KeyError(f"Variable {key} does not exist")
KeyError: 'Variable birth_year does not exist'
[2023-04-19T12:41:28.165+0000] {taskinstance.py:1323} INFO - Marking task as UP_FOR_RETRY. dag_id=age_check, task_id=age_check, execution_date=20221028T000000, start_date=20230419T124127, end_date=20230419T124128
[2023-04-19T12:41:28.181+0000] {standard_task_runner.py:105} ERROR - Failed to execute job 1079 for task age_check ('Variable birth_year does not exist'; 22662)
[2023-04-19T12:41:28.218+0000] {local_task_job.py:208} INFO - Task exited with return code 1
[2023-04-19T12:41:28.248+0000] {taskinstance.py:2578} INFO - 0 downstream tasks scheduled from follow-on schedule check
[2023-05-17T10:13:24.614+0000] {taskinstance.py:1083} INFO - Dependencies all met for <TaskInstance: age_check.age_check scheduled__2022-10-28T00:00:00+00:00 [queued]>
[2023-05-17T10:13:24.622+0000] {taskinstance.py:1083} INFO - Dependencies all met for <TaskInstance: age_check.age_check scheduled__2022-10-28T00:00:00+00:00 [queued]>
[2023-05-17T10:13:24.623+0000] {taskinstance.py:1279} INFO - 
--------------------------------------------------------------------------------
[2023-05-17T10:13:24.624+0000] {taskinstance.py:1280} INFO - Starting attempt 2 of 4
[2023-05-17T10:13:24.625+0000] {taskinstance.py:1281} INFO - 
--------------------------------------------------------------------------------
[2023-05-17T10:13:24.635+0000] {taskinstance.py:1300} INFO - Executing <Task(PythonOperator): age_check> on 2022-10-28 00:00:00+00:00
[2023-05-17T10:13:24.644+0000] {standard_task_runner.py:55} INFO - Started process 5335 to run task
[2023-05-17T10:13:24.649+0000] {standard_task_runner.py:82} INFO - Running: ['***', 'tasks', 'run', 'age_check', 'age_check', 'scheduled__2022-10-28T00:00:00+00:00', '--job-id', '642', '--raw', '--subdir', 'DAGS_FOLDER/age.py', '--cfg-path', '/tmp/tmpykbz5pfk']
[2023-05-17T10:13:24.651+0000] {standard_task_runner.py:83} INFO - Job 642: Subtask age_check
[2023-05-17T10:13:24.725+0000] {task_command.py:388} INFO - Running <TaskInstance: age_check.age_check scheduled__2022-10-28T00:00:00+00:00 [running]> on host 242f95e3e8a8
[2023-05-17T10:13:24.787+0000] {taskinstance.py:1509} INFO - Exporting the following env vars:
AIRFLOW_CTX_DAG_OWNER=***
AIRFLOW_CTX_DAG_ID=age_check
AIRFLOW_CTX_TASK_ID=age_check
AIRFLOW_CTX_EXECUTION_DATE=2022-10-28T00:00:00+00:00
AIRFLOW_CTX_TRY_NUMBER=2
AIRFLOW_CTX_DAG_RUN_ID=scheduled__2022-10-28T00:00:00+00:00
[2023-05-17T10:13:24.797+0000] {taskinstance.py:1768} ERROR - Task failed with exception
Traceback (most recent call last):
  File "/home/airflow/.local/lib/python3.7/site-packages/airflow/operators/python.py", line 175, in execute
    return_value = self.execute_callable()
  File "/home/airflow/.local/lib/python3.7/site-packages/airflow/operators/python.py", line 192, in execute_callable
    return self.python_callable(*self.op_args, **self.op_kwargs)
  File "/opt/airflow/dags/age.py", line 35, in age_check
    birth_year = int(Variable.get('birth_year'))
  File "/home/airflow/.local/lib/python3.7/site-packages/airflow/models/variable.py", line 141, in get
    raise KeyError(f"Variable {key} does not exist")
KeyError: 'Variable birth_year does not exist'
[2023-05-17T10:13:24.809+0000] {taskinstance.py:1323} INFO - Marking task as UP_FOR_RETRY. dag_id=age_check, task_id=age_check, execution_date=20221028T000000, start_date=20230517T101324, end_date=20230517T101324
[2023-05-17T10:13:24.818+0000] {standard_task_runner.py:105} ERROR - Failed to execute job 642 for task age_check ('Variable birth_year does not exist'; 5335)
[2023-05-17T10:13:24.861+0000] {local_task_job.py:208} INFO - Task exited with return code 1
[2023-05-17T10:13:24.882+0000] {taskinstance.py:2578} INFO - 0 downstream tasks scheduled from follow-on schedule check
