[2024-01-17T01:22:33.511+0000] {processor.py:157} INFO - Started process (PID=82547) to work on /home/airflow/.local/lib/python3.11/site-packages/airflow/example_dags/example_complex.py
[2024-01-17T01:22:33.513+0000] {processor.py:829} INFO - Processing file /home/airflow/.local/lib/python3.11/site-packages/airflow/example_dags/example_complex.py for tasks to queue
[2024-01-17T01:22:33.515+0000] {logging_mixin.py:151} INFO - [2024-01-17T01:22:33.514+0000] {dagbag.py:539} INFO - Filling up the DagBag from /home/airflow/.local/lib/python3.11/site-packages/airflow/example_dags/example_complex.py
[2024-01-17T01:22:33.527+0000] {processor.py:839} INFO - DAG(s) dict_keys(['example_complex']) retrieved from /home/airflow/.local/lib/python3.11/site-packages/airflow/example_dags/example_complex.py
[2024-01-17T01:22:33.554+0000] {logging_mixin.py:151} INFO - [2024-01-17T01:22:33.554+0000] {dag.py:2915} INFO - Sync 1 DAGs
[2024-01-17T01:22:33.565+0000] {logging_mixin.py:151} INFO - [2024-01-17T01:22:33.565+0000] {dag.py:3696} INFO - Setting next_dagrun for example_complex to None, run_after=None
[2024-01-17T01:22:33.595+0000] {processor.py:179} INFO - Processing /home/airflow/.local/lib/python3.11/site-packages/airflow/example_dags/example_complex.py took 0.087 seconds
[2024-01-17T02:14:11.177+0000] {processor.py:157} INFO - Started process (PID=82607) to work on /home/airflow/.local/lib/python3.11/site-packages/airflow/example_dags/example_complex.py
[2024-01-17T02:14:11.179+0000] {processor.py:829} INFO - Processing file /home/airflow/.local/lib/python3.11/site-packages/airflow/example_dags/example_complex.py for tasks to queue
[2024-01-17T02:14:11.180+0000] {logging_mixin.py:151} INFO - [2024-01-17T02:14:11.180+0000] {dagbag.py:539} INFO - Filling up the DagBag from /home/airflow/.local/lib/python3.11/site-packages/airflow/example_dags/example_complex.py
[2024-01-17T02:14:11.187+0000] {processor.py:839} INFO - DAG(s) dict_keys(['example_complex']) retrieved from /home/airflow/.local/lib/python3.11/site-packages/airflow/example_dags/example_complex.py
[2024-01-17T02:14:11.208+0000] {logging_mixin.py:151} INFO - [2024-01-17T02:14:11.208+0000] {dag.py:2915} INFO - Sync 1 DAGs
[2024-01-17T02:14:11.216+0000] {logging_mixin.py:151} INFO - [2024-01-17T02:14:11.216+0000] {dag.py:3696} INFO - Setting next_dagrun for example_complex to None, run_after=None
[2024-01-17T02:14:11.228+0000] {processor.py:179} INFO - Processing /home/airflow/.local/lib/python3.11/site-packages/airflow/example_dags/example_complex.py took 0.054 seconds
[2024-01-17T03:20:35.279+0000] {processor.py:157} INFO - Started process (PID=82660) to work on /home/airflow/.local/lib/python3.11/site-packages/airflow/example_dags/example_complex.py
[2024-01-17T03:20:35.281+0000] {processor.py:829} INFO - Processing file /home/airflow/.local/lib/python3.11/site-packages/airflow/example_dags/example_complex.py for tasks to queue
[2024-01-17T03:20:35.282+0000] {logging_mixin.py:151} INFO - [2024-01-17T03:20:35.282+0000] {dagbag.py:539} INFO - Filling up the DagBag from /home/airflow/.local/lib/python3.11/site-packages/airflow/example_dags/example_complex.py
[2024-01-17T03:20:35.290+0000] {processor.py:839} INFO - DAG(s) dict_keys(['example_complex']) retrieved from /home/airflow/.local/lib/python3.11/site-packages/airflow/example_dags/example_complex.py
[2024-01-17T03:20:35.316+0000] {logging_mixin.py:151} INFO - [2024-01-17T03:20:35.315+0000] {dag.py:2915} INFO - Sync 1 DAGs
[2024-01-17T03:20:35.327+0000] {logging_mixin.py:151} INFO - [2024-01-17T03:20:35.327+0000] {dag.py:3696} INFO - Setting next_dagrun for example_complex to None, run_after=None
[2024-01-17T03:20:35.365+0000] {processor.py:179} INFO - Processing /home/airflow/.local/lib/python3.11/site-packages/airflow/example_dags/example_complex.py took 0.088 seconds
[2024-01-17T04:43:39.422+0000] {processor.py:157} INFO - Started process (PID=82720) to work on /home/airflow/.local/lib/python3.11/site-packages/airflow/example_dags/example_complex.py
[2024-01-17T04:43:39.425+0000] {processor.py:829} INFO - Processing file /home/airflow/.local/lib/python3.11/site-packages/airflow/example_dags/example_complex.py for tasks to queue
[2024-01-17T04:43:39.427+0000] {logging_mixin.py:151} INFO - [2024-01-17T04:43:39.427+0000] {dagbag.py:539} INFO - Filling up the DagBag from /home/airflow/.local/lib/python3.11/site-packages/airflow/example_dags/example_complex.py
[2024-01-17T04:43:39.435+0000] {processor.py:839} INFO - DAG(s) dict_keys(['example_complex']) retrieved from /home/airflow/.local/lib/python3.11/site-packages/airflow/example_dags/example_complex.py
[2024-01-17T04:43:39.458+0000] {logging_mixin.py:151} INFO - [2024-01-17T04:43:39.458+0000] {dag.py:2915} INFO - Sync 1 DAGs
[2024-01-17T04:43:39.467+0000] {logging_mixin.py:151} INFO - [2024-01-17T04:43:39.466+0000] {dag.py:3696} INFO - Setting next_dagrun for example_complex to None, run_after=None
[2024-01-17T04:43:39.481+0000] {processor.py:179} INFO - Processing /home/airflow/.local/lib/python3.11/site-packages/airflow/example_dags/example_complex.py took 0.061 seconds
[2024-01-17T06:23:52.117+0000] {processor.py:157} INFO - Started process (PID=82780) to work on /home/airflow/.local/lib/python3.11/site-packages/airflow/example_dags/example_complex.py
[2024-01-17T06:23:52.125+0000] {processor.py:829} INFO - Processing file /home/airflow/.local/lib/python3.11/site-packages/airflow/example_dags/example_complex.py for tasks to queue
[2024-01-17T06:23:52.132+0000] {logging_mixin.py:151} INFO - [2024-01-17T06:23:52.132+0000] {dagbag.py:539} INFO - Filling up the DagBag from /home/airflow/.local/lib/python3.11/site-packages/airflow/example_dags/example_complex.py
[2024-01-17T06:23:52.141+0000] {processor.py:839} INFO - DAG(s) dict_keys(['example_complex']) retrieved from /home/airflow/.local/lib/python3.11/site-packages/airflow/example_dags/example_complex.py
[2024-01-17T06:23:52.201+0000] {logging_mixin.py:151} INFO - [2024-01-17T06:23:52.201+0000] {dag.py:2915} INFO - Sync 1 DAGs
[2024-01-17T06:23:52.213+0000] {logging_mixin.py:151} INFO - [2024-01-17T06:23:52.213+0000] {dag.py:3696} INFO - Setting next_dagrun for example_complex to None, run_after=None
[2024-01-17T06:23:52.229+0000] {processor.py:179} INFO - Processing /home/airflow/.local/lib/python3.11/site-packages/airflow/example_dags/example_complex.py took 0.116 seconds
[2024-01-17T08:02:47.803+0000] {processor.py:157} INFO - Started process (PID=82840) to work on /home/airflow/.local/lib/python3.11/site-packages/airflow/example_dags/example_complex.py
[2024-01-17T08:02:47.805+0000] {processor.py:829} INFO - Processing file /home/airflow/.local/lib/python3.11/site-packages/airflow/example_dags/example_complex.py for tasks to queue
[2024-01-17T08:02:47.808+0000] {logging_mixin.py:151} INFO - [2024-01-17T08:02:47.808+0000] {dagbag.py:539} INFO - Filling up the DagBag from /home/airflow/.local/lib/python3.11/site-packages/airflow/example_dags/example_complex.py
[2024-01-17T08:02:47.817+0000] {processor.py:839} INFO - DAG(s) dict_keys(['example_complex']) retrieved from /home/airflow/.local/lib/python3.11/site-packages/airflow/example_dags/example_complex.py
[2024-01-17T08:02:47.845+0000] {logging_mixin.py:151} INFO - [2024-01-17T08:02:47.845+0000] {dag.py:2915} INFO - Sync 1 DAGs
[2024-01-17T08:02:47.855+0000] {logging_mixin.py:151} INFO - [2024-01-17T08:02:47.854+0000] {dag.py:3696} INFO - Setting next_dagrun for example_complex to None, run_after=None
[2024-01-17T08:02:47.869+0000] {processor.py:179} INFO - Processing /home/airflow/.local/lib/python3.11/site-packages/airflow/example_dags/example_complex.py took 0.070 seconds
[2024-01-17T08:37:34.994+0000] {processor.py:157} INFO - Started process (PID=82906) to work on /home/airflow/.local/lib/python3.11/site-packages/airflow/example_dags/example_complex.py
[2024-01-17T08:37:35.000+0000] {processor.py:829} INFO - Processing file /home/airflow/.local/lib/python3.11/site-packages/airflow/example_dags/example_complex.py for tasks to queue
[2024-01-17T08:37:35.010+0000] {logging_mixin.py:151} INFO - [2024-01-17T08:37:35.009+0000] {dagbag.py:539} INFO - Filling up the DagBag from /home/airflow/.local/lib/python3.11/site-packages/airflow/example_dags/example_complex.py
[2024-01-17T08:37:35.049+0000] {processor.py:839} INFO - DAG(s) dict_keys(['example_complex']) retrieved from /home/airflow/.local/lib/python3.11/site-packages/airflow/example_dags/example_complex.py
[2024-01-17T08:37:35.085+0000] {logging_mixin.py:151} INFO - [2024-01-17T08:37:35.085+0000] {dag.py:2915} INFO - Sync 1 DAGs
[2024-01-17T08:37:35.133+0000] {logging_mixin.py:151} INFO - [2024-01-17T08:37:35.132+0000] {dag.py:3696} INFO - Setting next_dagrun for example_complex to None, run_after=None
[2024-01-17T08:37:35.171+0000] {processor.py:179} INFO - Processing /home/airflow/.local/lib/python3.11/site-packages/airflow/example_dags/example_complex.py took 0.180 seconds
[2024-01-17T08:38:05.602+0000] {processor.py:157} INFO - Started process (PID=82966) to work on /home/airflow/.local/lib/python3.11/site-packages/airflow/example_dags/example_complex.py
[2024-01-17T08:38:05.603+0000] {processor.py:829} INFO - Processing file /home/airflow/.local/lib/python3.11/site-packages/airflow/example_dags/example_complex.py for tasks to queue
[2024-01-17T08:38:05.605+0000] {logging_mixin.py:151} INFO - [2024-01-17T08:38:05.604+0000] {dagbag.py:539} INFO - Filling up the DagBag from /home/airflow/.local/lib/python3.11/site-packages/airflow/example_dags/example_complex.py
[2024-01-17T08:38:05.613+0000] {processor.py:839} INFO - DAG(s) dict_keys(['example_complex']) retrieved from /home/airflow/.local/lib/python3.11/site-packages/airflow/example_dags/example_complex.py
[2024-01-17T08:38:05.642+0000] {logging_mixin.py:151} INFO - [2024-01-17T08:38:05.642+0000] {dag.py:2915} INFO - Sync 1 DAGs
[2024-01-17T08:38:05.650+0000] {logging_mixin.py:151} INFO - [2024-01-17T08:38:05.650+0000] {dag.py:3696} INFO - Setting next_dagrun for example_complex to None, run_after=None
[2024-01-17T08:38:05.666+0000] {processor.py:179} INFO - Processing /home/airflow/.local/lib/python3.11/site-packages/airflow/example_dags/example_complex.py took 0.067 seconds
[2024-01-17T08:38:36.735+0000] {processor.py:157} INFO - Started process (PID=83026) to work on /home/airflow/.local/lib/python3.11/site-packages/airflow/example_dags/example_complex.py
[2024-01-17T08:38:36.737+0000] {processor.py:829} INFO - Processing file /home/airflow/.local/lib/python3.11/site-packages/airflow/example_dags/example_complex.py for tasks to queue
[2024-01-17T08:38:36.738+0000] {logging_mixin.py:151} INFO - [2024-01-17T08:38:36.738+0000] {dagbag.py:539} INFO - Filling up the DagBag from /home/airflow/.local/lib/python3.11/site-packages/airflow/example_dags/example_complex.py
[2024-01-17T08:38:36.745+0000] {processor.py:839} INFO - DAG(s) dict_keys(['example_complex']) retrieved from /home/airflow/.local/lib/python3.11/site-packages/airflow/example_dags/example_complex.py
[2024-01-17T08:38:36.765+0000] {logging_mixin.py:151} INFO - [2024-01-17T08:38:36.765+0000] {dag.py:2915} INFO - Sync 1 DAGs
[2024-01-17T08:38:36.773+0000] {logging_mixin.py:151} INFO - [2024-01-17T08:38:36.773+0000] {dag.py:3696} INFO - Setting next_dagrun for example_complex to None, run_after=None
[2024-01-17T08:38:36.787+0000] {processor.py:179} INFO - Processing /home/airflow/.local/lib/python3.11/site-packages/airflow/example_dags/example_complex.py took 0.055 seconds
[2024-01-17T08:39:07.587+0000] {processor.py:157} INFO - Started process (PID=83086) to work on /home/airflow/.local/lib/python3.11/site-packages/airflow/example_dags/example_complex.py
[2024-01-17T08:39:07.589+0000] {processor.py:829} INFO - Processing file /home/airflow/.local/lib/python3.11/site-packages/airflow/example_dags/example_complex.py for tasks to queue
[2024-01-17T08:39:07.591+0000] {logging_mixin.py:151} INFO - [2024-01-17T08:39:07.591+0000] {dagbag.py:539} INFO - Filling up the DagBag from /home/airflow/.local/lib/python3.11/site-packages/airflow/example_dags/example_complex.py
[2024-01-17T08:39:07.600+0000] {processor.py:839} INFO - DAG(s) dict_keys(['example_complex']) retrieved from /home/airflow/.local/lib/python3.11/site-packages/airflow/example_dags/example_complex.py
[2024-01-17T08:39:07.625+0000] {logging_mixin.py:151} INFO - [2024-01-17T08:39:07.625+0000] {dag.py:2915} INFO - Sync 1 DAGs
[2024-01-17T08:39:07.634+0000] {logging_mixin.py:151} INFO - [2024-01-17T08:39:07.634+0000] {dag.py:3696} INFO - Setting next_dagrun for example_complex to None, run_after=None
[2024-01-17T08:39:07.651+0000] {processor.py:179} INFO - Processing /home/airflow/.local/lib/python3.11/site-packages/airflow/example_dags/example_complex.py took 0.067 seconds
[2024-01-17T08:39:38.159+0000] {processor.py:157} INFO - Started process (PID=83146) to work on /home/airflow/.local/lib/python3.11/site-packages/airflow/example_dags/example_complex.py
[2024-01-17T08:39:38.162+0000] {processor.py:829} INFO - Processing file /home/airflow/.local/lib/python3.11/site-packages/airflow/example_dags/example_complex.py for tasks to queue
[2024-01-17T08:39:38.164+0000] {logging_mixin.py:151} INFO - [2024-01-17T08:39:38.164+0000] {dagbag.py:539} INFO - Filling up the DagBag from /home/airflow/.local/lib/python3.11/site-packages/airflow/example_dags/example_complex.py
[2024-01-17T08:39:38.173+0000] {processor.py:839} INFO - DAG(s) dict_keys(['example_complex']) retrieved from /home/airflow/.local/lib/python3.11/site-packages/airflow/example_dags/example_complex.py
[2024-01-17T08:39:38.195+0000] {logging_mixin.py:151} INFO - [2024-01-17T08:39:38.195+0000] {dag.py:2915} INFO - Sync 1 DAGs
[2024-01-17T08:39:38.204+0000] {logging_mixin.py:151} INFO - [2024-01-17T08:39:38.204+0000] {dag.py:3696} INFO - Setting next_dagrun for example_complex to None, run_after=None
[2024-01-17T08:39:38.217+0000] {processor.py:179} INFO - Processing /home/airflow/.local/lib/python3.11/site-packages/airflow/example_dags/example_complex.py took 0.060 seconds
[2024-01-17T08:56:11.157+0000] {processor.py:157} INFO - Started process (PID=83199) to work on /home/airflow/.local/lib/python3.11/site-packages/airflow/example_dags/example_complex.py
[2024-01-17T08:56:11.162+0000] {processor.py:829} INFO - Processing file /home/airflow/.local/lib/python3.11/site-packages/airflow/example_dags/example_complex.py for tasks to queue
[2024-01-17T08:56:11.165+0000] {logging_mixin.py:151} INFO - [2024-01-17T08:56:11.165+0000] {dagbag.py:539} INFO - Filling up the DagBag from /home/airflow/.local/lib/python3.11/site-packages/airflow/example_dags/example_complex.py
[2024-01-17T08:56:11.176+0000] {processor.py:839} INFO - DAG(s) dict_keys(['example_complex']) retrieved from /home/airflow/.local/lib/python3.11/site-packages/airflow/example_dags/example_complex.py
[2024-01-17T08:56:11.207+0000] {logging_mixin.py:151} INFO - [2024-01-17T08:56:11.207+0000] {dag.py:2915} INFO - Sync 1 DAGs
[2024-01-17T08:56:11.218+0000] {logging_mixin.py:151} INFO - [2024-01-17T08:56:11.218+0000] {dag.py:3696} INFO - Setting next_dagrun for example_complex to None, run_after=None
[2024-01-17T08:56:11.243+0000] {processor.py:179} INFO - Processing /home/airflow/.local/lib/python3.11/site-packages/airflow/example_dags/example_complex.py took 0.090 seconds
[2024-01-17T08:56:41.891+0000] {processor.py:157} INFO - Started process (PID=83258) to work on /home/airflow/.local/lib/python3.11/site-packages/airflow/example_dags/example_complex.py
[2024-01-17T08:56:41.893+0000] {processor.py:829} INFO - Processing file /home/airflow/.local/lib/python3.11/site-packages/airflow/example_dags/example_complex.py for tasks to queue
[2024-01-17T08:56:41.894+0000] {logging_mixin.py:151} INFO - [2024-01-17T08:56:41.894+0000] {dagbag.py:539} INFO - Filling up the DagBag from /home/airflow/.local/lib/python3.11/site-packages/airflow/example_dags/example_complex.py
[2024-01-17T08:56:41.903+0000] {processor.py:839} INFO - DAG(s) dict_keys(['example_complex']) retrieved from /home/airflow/.local/lib/python3.11/site-packages/airflow/example_dags/example_complex.py
[2024-01-17T08:56:41.924+0000] {logging_mixin.py:151} INFO - [2024-01-17T08:56:41.924+0000] {dag.py:2915} INFO - Sync 1 DAGs
[2024-01-17T08:56:41.933+0000] {logging_mixin.py:151} INFO - [2024-01-17T08:56:41.933+0000] {dag.py:3696} INFO - Setting next_dagrun for example_complex to None, run_after=None
[2024-01-17T08:56:41.948+0000] {processor.py:179} INFO - Processing /home/airflow/.local/lib/python3.11/site-packages/airflow/example_dags/example_complex.py took 0.059 seconds
[2024-01-17T08:57:13.068+0000] {processor.py:157} INFO - Started process (PID=83318) to work on /home/airflow/.local/lib/python3.11/site-packages/airflow/example_dags/example_complex.py
[2024-01-17T08:57:13.070+0000] {processor.py:829} INFO - Processing file /home/airflow/.local/lib/python3.11/site-packages/airflow/example_dags/example_complex.py for tasks to queue
[2024-01-17T08:57:13.072+0000] {logging_mixin.py:151} INFO - [2024-01-17T08:57:13.071+0000] {dagbag.py:539} INFO - Filling up the DagBag from /home/airflow/.local/lib/python3.11/site-packages/airflow/example_dags/example_complex.py
[2024-01-17T08:57:13.080+0000] {processor.py:839} INFO - DAG(s) dict_keys(['example_complex']) retrieved from /home/airflow/.local/lib/python3.11/site-packages/airflow/example_dags/example_complex.py
[2024-01-17T08:57:13.102+0000] {logging_mixin.py:151} INFO - [2024-01-17T08:57:13.102+0000] {dag.py:2915} INFO - Sync 1 DAGs
[2024-01-17T08:57:13.113+0000] {logging_mixin.py:151} INFO - [2024-01-17T08:57:13.113+0000] {dag.py:3696} INFO - Setting next_dagrun for example_complex to None, run_after=None
[2024-01-17T08:57:13.129+0000] {processor.py:179} INFO - Processing /home/airflow/.local/lib/python3.11/site-packages/airflow/example_dags/example_complex.py took 0.064 seconds
[2024-01-17T08:57:44.421+0000] {processor.py:157} INFO - Started process (PID=83385) to work on /home/airflow/.local/lib/python3.11/site-packages/airflow/example_dags/example_complex.py
[2024-01-17T08:57:44.423+0000] {processor.py:829} INFO - Processing file /home/airflow/.local/lib/python3.11/site-packages/airflow/example_dags/example_complex.py for tasks to queue
[2024-01-17T08:57:44.424+0000] {logging_mixin.py:151} INFO - [2024-01-17T08:57:44.424+0000] {dagbag.py:539} INFO - Filling up the DagBag from /home/airflow/.local/lib/python3.11/site-packages/airflow/example_dags/example_complex.py
[2024-01-17T08:57:44.431+0000] {processor.py:839} INFO - DAG(s) dict_keys(['example_complex']) retrieved from /home/airflow/.local/lib/python3.11/site-packages/airflow/example_dags/example_complex.py
[2024-01-17T08:57:44.449+0000] {logging_mixin.py:151} INFO - [2024-01-17T08:57:44.449+0000] {dag.py:2915} INFO - Sync 1 DAGs
[2024-01-17T08:57:44.456+0000] {logging_mixin.py:151} INFO - [2024-01-17T08:57:44.456+0000] {dag.py:3696} INFO - Setting next_dagrun for example_complex to None, run_after=None
[2024-01-17T08:57:44.466+0000] {processor.py:179} INFO - Processing /home/airflow/.local/lib/python3.11/site-packages/airflow/example_dags/example_complex.py took 0.047 seconds
[2024-01-17T08:58:14.762+0000] {processor.py:157} INFO - Started process (PID=83445) to work on /home/airflow/.local/lib/python3.11/site-packages/airflow/example_dags/example_complex.py
[2024-01-17T08:58:14.764+0000] {processor.py:829} INFO - Processing file /home/airflow/.local/lib/python3.11/site-packages/airflow/example_dags/example_complex.py for tasks to queue
[2024-01-17T08:58:14.765+0000] {logging_mixin.py:151} INFO - [2024-01-17T08:58:14.765+0000] {dagbag.py:539} INFO - Filling up the DagBag from /home/airflow/.local/lib/python3.11/site-packages/airflow/example_dags/example_complex.py
[2024-01-17T08:58:14.772+0000] {processor.py:839} INFO - DAG(s) dict_keys(['example_complex']) retrieved from /home/airflow/.local/lib/python3.11/site-packages/airflow/example_dags/example_complex.py
[2024-01-17T08:58:14.790+0000] {logging_mixin.py:151} INFO - [2024-01-17T08:58:14.790+0000] {dag.py:2915} INFO - Sync 1 DAGs
[2024-01-17T08:58:14.798+0000] {logging_mixin.py:151} INFO - [2024-01-17T08:58:14.797+0000] {dag.py:3696} INFO - Setting next_dagrun for example_complex to None, run_after=None
[2024-01-17T08:58:14.807+0000] {processor.py:179} INFO - Processing /home/airflow/.local/lib/python3.11/site-packages/airflow/example_dags/example_complex.py took 0.047 seconds
[2024-01-17T08:58:45.983+0000] {processor.py:157} INFO - Started process (PID=83505) to work on /home/airflow/.local/lib/python3.11/site-packages/airflow/example_dags/example_complex.py
[2024-01-17T08:58:45.985+0000] {processor.py:829} INFO - Processing file /home/airflow/.local/lib/python3.11/site-packages/airflow/example_dags/example_complex.py for tasks to queue
[2024-01-17T08:58:45.987+0000] {logging_mixin.py:151} INFO - [2024-01-17T08:58:45.986+0000] {dagbag.py:539} INFO - Filling up the DagBag from /home/airflow/.local/lib/python3.11/site-packages/airflow/example_dags/example_complex.py
[2024-01-17T08:58:45.994+0000] {processor.py:839} INFO - DAG(s) dict_keys(['example_complex']) retrieved from /home/airflow/.local/lib/python3.11/site-packages/airflow/example_dags/example_complex.py
[2024-01-17T08:58:46.018+0000] {logging_mixin.py:151} INFO - [2024-01-17T08:58:46.018+0000] {dag.py:2915} INFO - Sync 1 DAGs
[2024-01-17T08:58:46.028+0000] {logging_mixin.py:151} INFO - [2024-01-17T08:58:46.028+0000] {dag.py:3696} INFO - Setting next_dagrun for example_complex to None, run_after=None
[2024-01-17T08:58:46.042+0000] {processor.py:179} INFO - Processing /home/airflow/.local/lib/python3.11/site-packages/airflow/example_dags/example_complex.py took 0.062 seconds
[2024-01-17T08:59:16.996+0000] {processor.py:157} INFO - Started process (PID=83566) to work on /home/airflow/.local/lib/python3.11/site-packages/airflow/example_dags/example_complex.py
[2024-01-17T08:59:16.997+0000] {processor.py:829} INFO - Processing file /home/airflow/.local/lib/python3.11/site-packages/airflow/example_dags/example_complex.py for tasks to queue
[2024-01-17T08:59:16.999+0000] {logging_mixin.py:151} INFO - [2024-01-17T08:59:16.998+0000] {dagbag.py:539} INFO - Filling up the DagBag from /home/airflow/.local/lib/python3.11/site-packages/airflow/example_dags/example_complex.py
[2024-01-17T08:59:17.006+0000] {processor.py:839} INFO - DAG(s) dict_keys(['example_complex']) retrieved from /home/airflow/.local/lib/python3.11/site-packages/airflow/example_dags/example_complex.py
[2024-01-17T08:59:17.027+0000] {logging_mixin.py:151} INFO - [2024-01-17T08:59:17.027+0000] {dag.py:2915} INFO - Sync 1 DAGs
[2024-01-17T08:59:17.037+0000] {logging_mixin.py:151} INFO - [2024-01-17T08:59:17.037+0000] {dag.py:3696} INFO - Setting next_dagrun for example_complex to None, run_after=None
[2024-01-17T08:59:17.051+0000] {processor.py:179} INFO - Processing /home/airflow/.local/lib/python3.11/site-packages/airflow/example_dags/example_complex.py took 0.058 seconds
[2024-01-17T08:59:47.843+0000] {processor.py:157} INFO - Started process (PID=83625) to work on /home/airflow/.local/lib/python3.11/site-packages/airflow/example_dags/example_complex.py
[2024-01-17T08:59:47.845+0000] {processor.py:829} INFO - Processing file /home/airflow/.local/lib/python3.11/site-packages/airflow/example_dags/example_complex.py for tasks to queue
[2024-01-17T08:59:47.846+0000] {logging_mixin.py:151} INFO - [2024-01-17T08:59:47.846+0000] {dagbag.py:539} INFO - Filling up the DagBag from /home/airflow/.local/lib/python3.11/site-packages/airflow/example_dags/example_complex.py
[2024-01-17T08:59:47.854+0000] {processor.py:839} INFO - DAG(s) dict_keys(['example_complex']) retrieved from /home/airflow/.local/lib/python3.11/site-packages/airflow/example_dags/example_complex.py
[2024-01-17T08:59:47.878+0000] {logging_mixin.py:151} INFO - [2024-01-17T08:59:47.878+0000] {dag.py:2915} INFO - Sync 1 DAGs
[2024-01-17T08:59:47.885+0000] {logging_mixin.py:151} INFO - [2024-01-17T08:59:47.885+0000] {dag.py:3696} INFO - Setting next_dagrun for example_complex to None, run_after=None
[2024-01-17T08:59:47.901+0000] {processor.py:179} INFO - Processing /home/airflow/.local/lib/python3.11/site-packages/airflow/example_dags/example_complex.py took 0.060 seconds
[2024-01-17T09:00:18.826+0000] {processor.py:157} INFO - Started process (PID=83685) to work on /home/airflow/.local/lib/python3.11/site-packages/airflow/example_dags/example_complex.py
[2024-01-17T09:00:18.828+0000] {processor.py:829} INFO - Processing file /home/airflow/.local/lib/python3.11/site-packages/airflow/example_dags/example_complex.py for tasks to queue
[2024-01-17T09:00:18.831+0000] {logging_mixin.py:151} INFO - [2024-01-17T09:00:18.831+0000] {dagbag.py:539} INFO - Filling up the DagBag from /home/airflow/.local/lib/python3.11/site-packages/airflow/example_dags/example_complex.py
[2024-01-17T09:00:18.838+0000] {processor.py:839} INFO - DAG(s) dict_keys(['example_complex']) retrieved from /home/airflow/.local/lib/python3.11/site-packages/airflow/example_dags/example_complex.py
[2024-01-17T09:00:18.861+0000] {logging_mixin.py:151} INFO - [2024-01-17T09:00:18.861+0000] {dag.py:2915} INFO - Sync 1 DAGs
[2024-01-17T09:00:18.870+0000] {logging_mixin.py:151} INFO - [2024-01-17T09:00:18.870+0000] {dag.py:3696} INFO - Setting next_dagrun for example_complex to None, run_after=None
[2024-01-17T09:00:18.886+0000] {processor.py:179} INFO - Processing /home/airflow/.local/lib/python3.11/site-packages/airflow/example_dags/example_complex.py took 0.062 seconds
[2024-01-17T09:00:49.787+0000] {processor.py:157} INFO - Started process (PID=83744) to work on /home/airflow/.local/lib/python3.11/site-packages/airflow/example_dags/example_complex.py
[2024-01-17T09:00:49.788+0000] {processor.py:829} INFO - Processing file /home/airflow/.local/lib/python3.11/site-packages/airflow/example_dags/example_complex.py for tasks to queue
[2024-01-17T09:00:49.790+0000] {logging_mixin.py:151} INFO - [2024-01-17T09:00:49.790+0000] {dagbag.py:539} INFO - Filling up the DagBag from /home/airflow/.local/lib/python3.11/site-packages/airflow/example_dags/example_complex.py
[2024-01-17T09:00:49.798+0000] {processor.py:839} INFO - DAG(s) dict_keys(['example_complex']) retrieved from /home/airflow/.local/lib/python3.11/site-packages/airflow/example_dags/example_complex.py
[2024-01-17T09:00:49.821+0000] {logging_mixin.py:151} INFO - [2024-01-17T09:00:49.821+0000] {dag.py:2915} INFO - Sync 1 DAGs
[2024-01-17T09:00:49.829+0000] {logging_mixin.py:151} INFO - [2024-01-17T09:00:49.829+0000] {dag.py:3696} INFO - Setting next_dagrun for example_complex to None, run_after=None
[2024-01-17T09:00:49.846+0000] {processor.py:179} INFO - Processing /home/airflow/.local/lib/python3.11/site-packages/airflow/example_dags/example_complex.py took 0.061 seconds
[2024-01-17T09:01:20.135+0000] {processor.py:157} INFO - Started process (PID=83804) to work on /home/airflow/.local/lib/python3.11/site-packages/airflow/example_dags/example_complex.py
[2024-01-17T09:01:20.137+0000] {processor.py:829} INFO - Processing file /home/airflow/.local/lib/python3.11/site-packages/airflow/example_dags/example_complex.py for tasks to queue
[2024-01-17T09:01:20.138+0000] {logging_mixin.py:151} INFO - [2024-01-17T09:01:20.138+0000] {dagbag.py:539} INFO - Filling up the DagBag from /home/airflow/.local/lib/python3.11/site-packages/airflow/example_dags/example_complex.py
[2024-01-17T09:01:20.146+0000] {processor.py:839} INFO - DAG(s) dict_keys(['example_complex']) retrieved from /home/airflow/.local/lib/python3.11/site-packages/airflow/example_dags/example_complex.py
[2024-01-17T09:01:20.171+0000] {logging_mixin.py:151} INFO - [2024-01-17T09:01:20.171+0000] {dag.py:2915} INFO - Sync 1 DAGs
[2024-01-17T09:01:20.181+0000] {logging_mixin.py:151} INFO - [2024-01-17T09:01:20.181+0000] {dag.py:3696} INFO - Setting next_dagrun for example_complex to None, run_after=None
[2024-01-17T09:01:20.196+0000] {processor.py:179} INFO - Processing /home/airflow/.local/lib/python3.11/site-packages/airflow/example_dags/example_complex.py took 0.063 seconds
[2024-01-17T09:01:51.240+0000] {processor.py:157} INFO - Started process (PID=83864) to work on /home/airflow/.local/lib/python3.11/site-packages/airflow/example_dags/example_complex.py
[2024-01-17T09:01:51.242+0000] {processor.py:829} INFO - Processing file /home/airflow/.local/lib/python3.11/site-packages/airflow/example_dags/example_complex.py for tasks to queue
[2024-01-17T09:01:51.244+0000] {logging_mixin.py:151} INFO - [2024-01-17T09:01:51.244+0000] {dagbag.py:539} INFO - Filling up the DagBag from /home/airflow/.local/lib/python3.11/site-packages/airflow/example_dags/example_complex.py
[2024-01-17T09:01:51.252+0000] {processor.py:839} INFO - DAG(s) dict_keys(['example_complex']) retrieved from /home/airflow/.local/lib/python3.11/site-packages/airflow/example_dags/example_complex.py
[2024-01-17T09:01:51.271+0000] {logging_mixin.py:151} INFO - [2024-01-17T09:01:51.271+0000] {dag.py:2915} INFO - Sync 1 DAGs
[2024-01-17T09:01:51.280+0000] {logging_mixin.py:151} INFO - [2024-01-17T09:01:51.280+0000] {dag.py:3696} INFO - Setting next_dagrun for example_complex to None, run_after=None
[2024-01-17T09:01:51.297+0000] {processor.py:179} INFO - Processing /home/airflow/.local/lib/python3.11/site-packages/airflow/example_dags/example_complex.py took 0.060 seconds
[2024-01-17T09:02:22.349+0000] {processor.py:157} INFO - Started process (PID=83924) to work on /home/airflow/.local/lib/python3.11/site-packages/airflow/example_dags/example_complex.py
[2024-01-17T09:02:22.351+0000] {processor.py:829} INFO - Processing file /home/airflow/.local/lib/python3.11/site-packages/airflow/example_dags/example_complex.py for tasks to queue
[2024-01-17T09:02:22.353+0000] {logging_mixin.py:151} INFO - [2024-01-17T09:02:22.353+0000] {dagbag.py:539} INFO - Filling up the DagBag from /home/airflow/.local/lib/python3.11/site-packages/airflow/example_dags/example_complex.py
[2024-01-17T09:02:22.361+0000] {processor.py:839} INFO - DAG(s) dict_keys(['example_complex']) retrieved from /home/airflow/.local/lib/python3.11/site-packages/airflow/example_dags/example_complex.py
[2024-01-17T09:02:22.380+0000] {logging_mixin.py:151} INFO - [2024-01-17T09:02:22.380+0000] {dag.py:2915} INFO - Sync 1 DAGs
[2024-01-17T09:02:22.389+0000] {logging_mixin.py:151} INFO - [2024-01-17T09:02:22.388+0000] {dag.py:3696} INFO - Setting next_dagrun for example_complex to None, run_after=None
[2024-01-17T09:02:22.398+0000] {processor.py:179} INFO - Processing /home/airflow/.local/lib/python3.11/site-packages/airflow/example_dags/example_complex.py took 0.051 seconds
[2024-01-17T09:02:53.530+0000] {processor.py:157} INFO - Started process (PID=83984) to work on /home/airflow/.local/lib/python3.11/site-packages/airflow/example_dags/example_complex.py
[2024-01-17T09:02:53.532+0000] {processor.py:829} INFO - Processing file /home/airflow/.local/lib/python3.11/site-packages/airflow/example_dags/example_complex.py for tasks to queue
[2024-01-17T09:02:53.533+0000] {logging_mixin.py:151} INFO - [2024-01-17T09:02:53.533+0000] {dagbag.py:539} INFO - Filling up the DagBag from /home/airflow/.local/lib/python3.11/site-packages/airflow/example_dags/example_complex.py
[2024-01-17T09:02:53.540+0000] {processor.py:839} INFO - DAG(s) dict_keys(['example_complex']) retrieved from /home/airflow/.local/lib/python3.11/site-packages/airflow/example_dags/example_complex.py
[2024-01-17T09:02:53.560+0000] {logging_mixin.py:151} INFO - [2024-01-17T09:02:53.560+0000] {dag.py:2915} INFO - Sync 1 DAGs
[2024-01-17T09:02:53.570+0000] {logging_mixin.py:151} INFO - [2024-01-17T09:02:53.569+0000] {dag.py:3696} INFO - Setting next_dagrun for example_complex to None, run_after=None
[2024-01-17T09:02:53.585+0000] {processor.py:179} INFO - Processing /home/airflow/.local/lib/python3.11/site-packages/airflow/example_dags/example_complex.py took 0.057 seconds
[2024-01-17T09:03:25.002+0000] {processor.py:157} INFO - Started process (PID=84044) to work on /home/airflow/.local/lib/python3.11/site-packages/airflow/example_dags/example_complex.py
[2024-01-17T09:03:25.004+0000] {processor.py:829} INFO - Processing file /home/airflow/.local/lib/python3.11/site-packages/airflow/example_dags/example_complex.py for tasks to queue
[2024-01-17T09:03:25.005+0000] {logging_mixin.py:151} INFO - [2024-01-17T09:03:25.005+0000] {dagbag.py:539} INFO - Filling up the DagBag from /home/airflow/.local/lib/python3.11/site-packages/airflow/example_dags/example_complex.py
[2024-01-17T09:03:25.012+0000] {processor.py:839} INFO - DAG(s) dict_keys(['example_complex']) retrieved from /home/airflow/.local/lib/python3.11/site-packages/airflow/example_dags/example_complex.py
[2024-01-17T09:03:25.035+0000] {logging_mixin.py:151} INFO - [2024-01-17T09:03:25.035+0000] {dag.py:2915} INFO - Sync 1 DAGs
[2024-01-17T09:03:25.045+0000] {logging_mixin.py:151} INFO - [2024-01-17T09:03:25.045+0000] {dag.py:3696} INFO - Setting next_dagrun for example_complex to None, run_after=None
[2024-01-17T09:03:25.061+0000] {processor.py:179} INFO - Processing /home/airflow/.local/lib/python3.11/site-packages/airflow/example_dags/example_complex.py took 0.062 seconds
[2024-01-17T09:03:55.922+0000] {processor.py:157} INFO - Started process (PID=84103) to work on /home/airflow/.local/lib/python3.11/site-packages/airflow/example_dags/example_complex.py
[2024-01-17T09:03:55.924+0000] {processor.py:829} INFO - Processing file /home/airflow/.local/lib/python3.11/site-packages/airflow/example_dags/example_complex.py for tasks to queue
[2024-01-17T09:03:55.925+0000] {logging_mixin.py:151} INFO - [2024-01-17T09:03:55.925+0000] {dagbag.py:539} INFO - Filling up the DagBag from /home/airflow/.local/lib/python3.11/site-packages/airflow/example_dags/example_complex.py
[2024-01-17T09:03:55.932+0000] {processor.py:839} INFO - DAG(s) dict_keys(['example_complex']) retrieved from /home/airflow/.local/lib/python3.11/site-packages/airflow/example_dags/example_complex.py
[2024-01-17T09:03:55.957+0000] {logging_mixin.py:151} INFO - [2024-01-17T09:03:55.957+0000] {dag.py:2915} INFO - Sync 1 DAGs
[2024-01-17T09:03:55.966+0000] {logging_mixin.py:151} INFO - [2024-01-17T09:03:55.966+0000] {dag.py:3696} INFO - Setting next_dagrun for example_complex to None, run_after=None
[2024-01-17T09:03:55.979+0000] {processor.py:179} INFO - Processing /home/airflow/.local/lib/python3.11/site-packages/airflow/example_dags/example_complex.py took 0.059 seconds
[2024-01-17T09:04:27.112+0000] {processor.py:157} INFO - Started process (PID=84163) to work on /home/airflow/.local/lib/python3.11/site-packages/airflow/example_dags/example_complex.py
[2024-01-17T09:04:27.114+0000] {processor.py:829} INFO - Processing file /home/airflow/.local/lib/python3.11/site-packages/airflow/example_dags/example_complex.py for tasks to queue
[2024-01-17T09:04:27.115+0000] {logging_mixin.py:151} INFO - [2024-01-17T09:04:27.115+0000] {dagbag.py:539} INFO - Filling up the DagBag from /home/airflow/.local/lib/python3.11/site-packages/airflow/example_dags/example_complex.py
[2024-01-17T09:04:27.123+0000] {processor.py:839} INFO - DAG(s) dict_keys(['example_complex']) retrieved from /home/airflow/.local/lib/python3.11/site-packages/airflow/example_dags/example_complex.py
[2024-01-17T09:04:27.146+0000] {logging_mixin.py:151} INFO - [2024-01-17T09:04:27.146+0000] {dag.py:2915} INFO - Sync 1 DAGs
[2024-01-17T09:04:27.158+0000] {logging_mixin.py:151} INFO - [2024-01-17T09:04:27.158+0000] {dag.py:3696} INFO - Setting next_dagrun for example_complex to None, run_after=None
[2024-01-17T09:04:27.173+0000] {processor.py:179} INFO - Processing /home/airflow/.local/lib/python3.11/site-packages/airflow/example_dags/example_complex.py took 0.064 seconds
[2024-01-17T09:04:58.183+0000] {processor.py:157} INFO - Started process (PID=84223) to work on /home/airflow/.local/lib/python3.11/site-packages/airflow/example_dags/example_complex.py
[2024-01-17T09:04:58.186+0000] {processor.py:829} INFO - Processing file /home/airflow/.local/lib/python3.11/site-packages/airflow/example_dags/example_complex.py for tasks to queue
[2024-01-17T09:04:58.188+0000] {logging_mixin.py:151} INFO - [2024-01-17T09:04:58.188+0000] {dagbag.py:539} INFO - Filling up the DagBag from /home/airflow/.local/lib/python3.11/site-packages/airflow/example_dags/example_complex.py
[2024-01-17T09:04:58.196+0000] {processor.py:839} INFO - DAG(s) dict_keys(['example_complex']) retrieved from /home/airflow/.local/lib/python3.11/site-packages/airflow/example_dags/example_complex.py
[2024-01-17T09:04:58.217+0000] {logging_mixin.py:151} INFO - [2024-01-17T09:04:58.217+0000] {dag.py:2915} INFO - Sync 1 DAGs
[2024-01-17T09:04:58.227+0000] {logging_mixin.py:151} INFO - [2024-01-17T09:04:58.227+0000] {dag.py:3696} INFO - Setting next_dagrun for example_complex to None, run_after=None
[2024-01-17T09:04:58.247+0000] {processor.py:179} INFO - Processing /home/airflow/.local/lib/python3.11/site-packages/airflow/example_dags/example_complex.py took 0.068 seconds
[2024-01-17T09:05:29.621+0000] {processor.py:157} INFO - Started process (PID=84284) to work on /home/airflow/.local/lib/python3.11/site-packages/airflow/example_dags/example_complex.py
[2024-01-17T09:05:29.623+0000] {processor.py:829} INFO - Processing file /home/airflow/.local/lib/python3.11/site-packages/airflow/example_dags/example_complex.py for tasks to queue
[2024-01-17T09:05:29.625+0000] {logging_mixin.py:151} INFO - [2024-01-17T09:05:29.625+0000] {dagbag.py:539} INFO - Filling up the DagBag from /home/airflow/.local/lib/python3.11/site-packages/airflow/example_dags/example_complex.py
[2024-01-17T09:05:29.634+0000] {processor.py:839} INFO - DAG(s) dict_keys(['example_complex']) retrieved from /home/airflow/.local/lib/python3.11/site-packages/airflow/example_dags/example_complex.py
[2024-01-17T09:05:29.655+0000] {logging_mixin.py:151} INFO - [2024-01-17T09:05:29.655+0000] {dag.py:2915} INFO - Sync 1 DAGs
[2024-01-17T09:05:29.663+0000] {logging_mixin.py:151} INFO - [2024-01-17T09:05:29.663+0000] {dag.py:3696} INFO - Setting next_dagrun for example_complex to None, run_after=None
[2024-01-17T09:05:29.679+0000] {processor.py:179} INFO - Processing /home/airflow/.local/lib/python3.11/site-packages/airflow/example_dags/example_complex.py took 0.060 seconds
[2024-01-17T09:05:59.728+0000] {processor.py:157} INFO - Started process (PID=84344) to work on /home/airflow/.local/lib/python3.11/site-packages/airflow/example_dags/example_complex.py
[2024-01-17T09:05:59.730+0000] {processor.py:829} INFO - Processing file /home/airflow/.local/lib/python3.11/site-packages/airflow/example_dags/example_complex.py for tasks to queue
[2024-01-17T09:05:59.731+0000] {logging_mixin.py:151} INFO - [2024-01-17T09:05:59.731+0000] {dagbag.py:539} INFO - Filling up the DagBag from /home/airflow/.local/lib/python3.11/site-packages/airflow/example_dags/example_complex.py
[2024-01-17T09:05:59.739+0000] {processor.py:839} INFO - DAG(s) dict_keys(['example_complex']) retrieved from /home/airflow/.local/lib/python3.11/site-packages/airflow/example_dags/example_complex.py
[2024-01-17T09:05:59.760+0000] {logging_mixin.py:151} INFO - [2024-01-17T09:05:59.760+0000] {dag.py:2915} INFO - Sync 1 DAGs
[2024-01-17T09:05:59.769+0000] {logging_mixin.py:151} INFO - [2024-01-17T09:05:59.769+0000] {dag.py:3696} INFO - Setting next_dagrun for example_complex to None, run_after=None
[2024-01-17T09:05:59.785+0000] {processor.py:179} INFO - Processing /home/airflow/.local/lib/python3.11/site-packages/airflow/example_dags/example_complex.py took 0.059 seconds
[2024-01-17T09:06:30.946+0000] {processor.py:157} INFO - Started process (PID=84403) to work on /home/airflow/.local/lib/python3.11/site-packages/airflow/example_dags/example_complex.py
[2024-01-17T09:06:30.949+0000] {processor.py:829} INFO - Processing file /home/airflow/.local/lib/python3.11/site-packages/airflow/example_dags/example_complex.py for tasks to queue
[2024-01-17T09:06:30.951+0000] {logging_mixin.py:151} INFO - [2024-01-17T09:06:30.951+0000] {dagbag.py:539} INFO - Filling up the DagBag from /home/airflow/.local/lib/python3.11/site-packages/airflow/example_dags/example_complex.py
[2024-01-17T09:06:30.959+0000] {processor.py:839} INFO - DAG(s) dict_keys(['example_complex']) retrieved from /home/airflow/.local/lib/python3.11/site-packages/airflow/example_dags/example_complex.py
[2024-01-17T09:06:30.982+0000] {logging_mixin.py:151} INFO - [2024-01-17T09:06:30.982+0000] {dag.py:2915} INFO - Sync 1 DAGs
[2024-01-17T09:06:30.991+0000] {logging_mixin.py:151} INFO - [2024-01-17T09:06:30.991+0000] {dag.py:3696} INFO - Setting next_dagrun for example_complex to None, run_after=None
[2024-01-17T09:06:31.007+0000] {processor.py:179} INFO - Processing /home/airflow/.local/lib/python3.11/site-packages/airflow/example_dags/example_complex.py took 0.064 seconds
[2024-01-17T09:07:02.935+0000] {processor.py:157} INFO - Started process (PID=84463) to work on /home/airflow/.local/lib/python3.11/site-packages/airflow/example_dags/example_complex.py
[2024-01-17T09:07:02.943+0000] {processor.py:829} INFO - Processing file /home/airflow/.local/lib/python3.11/site-packages/airflow/example_dags/example_complex.py for tasks to queue
[2024-01-17T09:07:02.945+0000] {logging_mixin.py:151} INFO - [2024-01-17T09:07:02.944+0000] {dagbag.py:539} INFO - Filling up the DagBag from /home/airflow/.local/lib/python3.11/site-packages/airflow/example_dags/example_complex.py
[2024-01-17T09:07:02.954+0000] {processor.py:839} INFO - DAG(s) dict_keys(['example_complex']) retrieved from /home/airflow/.local/lib/python3.11/site-packages/airflow/example_dags/example_complex.py
[2024-01-17T09:07:02.980+0000] {logging_mixin.py:151} INFO - [2024-01-17T09:07:02.979+0000] {dag.py:2915} INFO - Sync 1 DAGs
[2024-01-17T09:07:02.988+0000] {logging_mixin.py:151} INFO - [2024-01-17T09:07:02.988+0000] {dag.py:3696} INFO - Setting next_dagrun for example_complex to None, run_after=None
[2024-01-17T09:07:03.001+0000] {processor.py:179} INFO - Processing /home/airflow/.local/lib/python3.11/site-packages/airflow/example_dags/example_complex.py took 0.072 seconds
[2024-01-17T09:07:33.209+0000] {processor.py:157} INFO - Started process (PID=84523) to work on /home/airflow/.local/lib/python3.11/site-packages/airflow/example_dags/example_complex.py
[2024-01-17T09:07:33.212+0000] {processor.py:829} INFO - Processing file /home/airflow/.local/lib/python3.11/site-packages/airflow/example_dags/example_complex.py for tasks to queue
[2024-01-17T09:07:33.213+0000] {logging_mixin.py:151} INFO - [2024-01-17T09:07:33.213+0000] {dagbag.py:539} INFO - Filling up the DagBag from /home/airflow/.local/lib/python3.11/site-packages/airflow/example_dags/example_complex.py
[2024-01-17T09:07:33.221+0000] {processor.py:839} INFO - DAG(s) dict_keys(['example_complex']) retrieved from /home/airflow/.local/lib/python3.11/site-packages/airflow/example_dags/example_complex.py
[2024-01-17T09:07:33.238+0000] {logging_mixin.py:151} INFO - [2024-01-17T09:07:33.238+0000] {dag.py:2915} INFO - Sync 1 DAGs
[2024-01-17T09:07:33.246+0000] {logging_mixin.py:151} INFO - [2024-01-17T09:07:33.246+0000] {dag.py:3696} INFO - Setting next_dagrun for example_complex to None, run_after=None
[2024-01-17T09:07:33.257+0000] {processor.py:179} INFO - Processing /home/airflow/.local/lib/python3.11/site-packages/airflow/example_dags/example_complex.py took 0.050 seconds
[2024-01-17T09:08:04.257+0000] {processor.py:157} INFO - Started process (PID=84583) to work on /home/airflow/.local/lib/python3.11/site-packages/airflow/example_dags/example_complex.py
[2024-01-17T09:08:04.259+0000] {processor.py:829} INFO - Processing file /home/airflow/.local/lib/python3.11/site-packages/airflow/example_dags/example_complex.py for tasks to queue
[2024-01-17T09:08:04.260+0000] {logging_mixin.py:151} INFO - [2024-01-17T09:08:04.260+0000] {dagbag.py:539} INFO - Filling up the DagBag from /home/airflow/.local/lib/python3.11/site-packages/airflow/example_dags/example_complex.py
[2024-01-17T09:08:04.267+0000] {processor.py:839} INFO - DAG(s) dict_keys(['example_complex']) retrieved from /home/airflow/.local/lib/python3.11/site-packages/airflow/example_dags/example_complex.py
[2024-01-17T09:08:04.287+0000] {logging_mixin.py:151} INFO - [2024-01-17T09:08:04.287+0000] {dag.py:2915} INFO - Sync 1 DAGs
[2024-01-17T09:08:04.294+0000] {logging_mixin.py:151} INFO - [2024-01-17T09:08:04.294+0000] {dag.py:3696} INFO - Setting next_dagrun for example_complex to None, run_after=None
[2024-01-17T09:08:04.304+0000] {processor.py:179} INFO - Processing /home/airflow/.local/lib/python3.11/site-packages/airflow/example_dags/example_complex.py took 0.049 seconds
[2024-01-17T09:08:35.351+0000] {processor.py:157} INFO - Started process (PID=84643) to work on /home/airflow/.local/lib/python3.11/site-packages/airflow/example_dags/example_complex.py
[2024-01-17T09:08:35.353+0000] {processor.py:829} INFO - Processing file /home/airflow/.local/lib/python3.11/site-packages/airflow/example_dags/example_complex.py for tasks to queue
[2024-01-17T09:08:35.355+0000] {logging_mixin.py:151} INFO - [2024-01-17T09:08:35.355+0000] {dagbag.py:539} INFO - Filling up the DagBag from /home/airflow/.local/lib/python3.11/site-packages/airflow/example_dags/example_complex.py
[2024-01-17T09:08:35.363+0000] {processor.py:839} INFO - DAG(s) dict_keys(['example_complex']) retrieved from /home/airflow/.local/lib/python3.11/site-packages/airflow/example_dags/example_complex.py
[2024-01-17T09:08:35.385+0000] {logging_mixin.py:151} INFO - [2024-01-17T09:08:35.385+0000] {dag.py:2915} INFO - Sync 1 DAGs
[2024-01-17T09:08:35.394+0000] {logging_mixin.py:151} INFO - [2024-01-17T09:08:35.394+0000] {dag.py:3696} INFO - Setting next_dagrun for example_complex to None, run_after=None
[2024-01-17T09:08:35.407+0000] {processor.py:179} INFO - Processing /home/airflow/.local/lib/python3.11/site-packages/airflow/example_dags/example_complex.py took 0.060 seconds
[2024-01-17T09:09:06.615+0000] {processor.py:157} INFO - Started process (PID=84703) to work on /home/airflow/.local/lib/python3.11/site-packages/airflow/example_dags/example_complex.py
[2024-01-17T09:09:06.617+0000] {processor.py:829} INFO - Processing file /home/airflow/.local/lib/python3.11/site-packages/airflow/example_dags/example_complex.py for tasks to queue
[2024-01-17T09:09:06.619+0000] {logging_mixin.py:151} INFO - [2024-01-17T09:09:06.619+0000] {dagbag.py:539} INFO - Filling up the DagBag from /home/airflow/.local/lib/python3.11/site-packages/airflow/example_dags/example_complex.py
[2024-01-17T09:09:06.627+0000] {processor.py:839} INFO - DAG(s) dict_keys(['example_complex']) retrieved from /home/airflow/.local/lib/python3.11/site-packages/airflow/example_dags/example_complex.py
[2024-01-17T09:09:06.652+0000] {logging_mixin.py:151} INFO - [2024-01-17T09:09:06.652+0000] {dag.py:2915} INFO - Sync 1 DAGs
[2024-01-17T09:09:06.664+0000] {logging_mixin.py:151} INFO - [2024-01-17T09:09:06.664+0000] {dag.py:3696} INFO - Setting next_dagrun for example_complex to None, run_after=None
[2024-01-17T09:09:06.678+0000] {processor.py:179} INFO - Processing /home/airflow/.local/lib/python3.11/site-packages/airflow/example_dags/example_complex.py took 0.065 seconds
[2024-01-17T09:09:37.728+0000] {processor.py:157} INFO - Started process (PID=84763) to work on /home/airflow/.local/lib/python3.11/site-packages/airflow/example_dags/example_complex.py
[2024-01-17T09:09:37.745+0000] {processor.py:829} INFO - Processing file /home/airflow/.local/lib/python3.11/site-packages/airflow/example_dags/example_complex.py for tasks to queue
[2024-01-17T09:09:37.746+0000] {logging_mixin.py:151} INFO - [2024-01-17T09:09:37.746+0000] {dagbag.py:539} INFO - Filling up the DagBag from /home/airflow/.local/lib/python3.11/site-packages/airflow/example_dags/example_complex.py
[2024-01-17T09:09:37.756+0000] {processor.py:839} INFO - DAG(s) dict_keys(['example_complex']) retrieved from /home/airflow/.local/lib/python3.11/site-packages/airflow/example_dags/example_complex.py
[2024-01-17T09:09:37.782+0000] {logging_mixin.py:151} INFO - [2024-01-17T09:09:37.782+0000] {dag.py:2915} INFO - Sync 1 DAGs
[2024-01-17T09:09:37.793+0000] {logging_mixin.py:151} INFO - [2024-01-17T09:09:37.793+0000] {dag.py:3696} INFO - Setting next_dagrun for example_complex to None, run_after=None
[2024-01-17T09:09:37.813+0000] {processor.py:179} INFO - Processing /home/airflow/.local/lib/python3.11/site-packages/airflow/example_dags/example_complex.py took 0.088 seconds
[2024-01-17T09:10:08.501+0000] {processor.py:157} INFO - Started process (PID=84823) to work on /home/airflow/.local/lib/python3.11/site-packages/airflow/example_dags/example_complex.py
[2024-01-17T09:10:08.503+0000] {processor.py:829} INFO - Processing file /home/airflow/.local/lib/python3.11/site-packages/airflow/example_dags/example_complex.py for tasks to queue
[2024-01-17T09:10:08.505+0000] {logging_mixin.py:151} INFO - [2024-01-17T09:10:08.505+0000] {dagbag.py:539} INFO - Filling up the DagBag from /home/airflow/.local/lib/python3.11/site-packages/airflow/example_dags/example_complex.py
[2024-01-17T09:10:08.514+0000] {processor.py:839} INFO - DAG(s) dict_keys(['example_complex']) retrieved from /home/airflow/.local/lib/python3.11/site-packages/airflow/example_dags/example_complex.py
[2024-01-17T09:10:08.537+0000] {logging_mixin.py:151} INFO - [2024-01-17T09:10:08.537+0000] {dag.py:2915} INFO - Sync 1 DAGs
[2024-01-17T09:10:08.551+0000] {logging_mixin.py:151} INFO - [2024-01-17T09:10:08.551+0000] {dag.py:3696} INFO - Setting next_dagrun for example_complex to None, run_after=None
[2024-01-17T09:10:08.740+0000] {processor.py:179} INFO - Processing /home/airflow/.local/lib/python3.11/site-packages/airflow/example_dags/example_complex.py took 0.242 seconds
[2024-01-17T09:10:39.546+0000] {processor.py:157} INFO - Started process (PID=84883) to work on /home/airflow/.local/lib/python3.11/site-packages/airflow/example_dags/example_complex.py
[2024-01-17T09:10:39.547+0000] {processor.py:829} INFO - Processing file /home/airflow/.local/lib/python3.11/site-packages/airflow/example_dags/example_complex.py for tasks to queue
[2024-01-17T09:10:39.549+0000] {logging_mixin.py:151} INFO - [2024-01-17T09:10:39.549+0000] {dagbag.py:539} INFO - Filling up the DagBag from /home/airflow/.local/lib/python3.11/site-packages/airflow/example_dags/example_complex.py
[2024-01-17T09:10:39.557+0000] {processor.py:839} INFO - DAG(s) dict_keys(['example_complex']) retrieved from /home/airflow/.local/lib/python3.11/site-packages/airflow/example_dags/example_complex.py
[2024-01-17T09:10:39.582+0000] {logging_mixin.py:151} INFO - [2024-01-17T09:10:39.582+0000] {dag.py:2915} INFO - Sync 1 DAGs
[2024-01-17T09:10:39.594+0000] {logging_mixin.py:151} INFO - [2024-01-17T09:10:39.594+0000] {dag.py:3696} INFO - Setting next_dagrun for example_complex to None, run_after=None
[2024-01-17T09:10:39.607+0000] {processor.py:179} INFO - Processing /home/airflow/.local/lib/python3.11/site-packages/airflow/example_dags/example_complex.py took 0.064 seconds
[2024-01-17T09:11:10.572+0000] {processor.py:157} INFO - Started process (PID=84943) to work on /home/airflow/.local/lib/python3.11/site-packages/airflow/example_dags/example_complex.py
[2024-01-17T09:11:10.574+0000] {processor.py:829} INFO - Processing file /home/airflow/.local/lib/python3.11/site-packages/airflow/example_dags/example_complex.py for tasks to queue
[2024-01-17T09:11:10.576+0000] {logging_mixin.py:151} INFO - [2024-01-17T09:11:10.576+0000] {dagbag.py:539} INFO - Filling up the DagBag from /home/airflow/.local/lib/python3.11/site-packages/airflow/example_dags/example_complex.py
[2024-01-17T09:11:10.583+0000] {processor.py:839} INFO - DAG(s) dict_keys(['example_complex']) retrieved from /home/airflow/.local/lib/python3.11/site-packages/airflow/example_dags/example_complex.py
[2024-01-17T09:11:10.605+0000] {logging_mixin.py:151} INFO - [2024-01-17T09:11:10.604+0000] {dag.py:2915} INFO - Sync 1 DAGs
[2024-01-17T09:11:10.614+0000] {logging_mixin.py:151} INFO - [2024-01-17T09:11:10.614+0000] {dag.py:3696} INFO - Setting next_dagrun for example_complex to None, run_after=None
[2024-01-17T09:11:10.630+0000] {processor.py:179} INFO - Processing /home/airflow/.local/lib/python3.11/site-packages/airflow/example_dags/example_complex.py took 0.060 seconds
[2024-01-17T09:11:41.135+0000] {processor.py:157} INFO - Started process (PID=85003) to work on /home/airflow/.local/lib/python3.11/site-packages/airflow/example_dags/example_complex.py
[2024-01-17T09:11:41.136+0000] {processor.py:829} INFO - Processing file /home/airflow/.local/lib/python3.11/site-packages/airflow/example_dags/example_complex.py for tasks to queue
[2024-01-17T09:11:41.138+0000] {logging_mixin.py:151} INFO - [2024-01-17T09:11:41.138+0000] {dagbag.py:539} INFO - Filling up the DagBag from /home/airflow/.local/lib/python3.11/site-packages/airflow/example_dags/example_complex.py
[2024-01-17T09:11:41.146+0000] {processor.py:839} INFO - DAG(s) dict_keys(['example_complex']) retrieved from /home/airflow/.local/lib/python3.11/site-packages/airflow/example_dags/example_complex.py
[2024-01-17T09:11:41.174+0000] {logging_mixin.py:151} INFO - [2024-01-17T09:11:41.173+0000] {dag.py:2915} INFO - Sync 1 DAGs
[2024-01-17T09:11:41.183+0000] {logging_mixin.py:151} INFO - [2024-01-17T09:11:41.183+0000] {dag.py:3696} INFO - Setting next_dagrun for example_complex to None, run_after=None
[2024-01-17T09:11:41.197+0000] {processor.py:179} INFO - Processing /home/airflow/.local/lib/python3.11/site-packages/airflow/example_dags/example_complex.py took 0.065 seconds
[2024-01-17T09:12:12.262+0000] {processor.py:157} INFO - Started process (PID=85063) to work on /home/airflow/.local/lib/python3.11/site-packages/airflow/example_dags/example_complex.py
[2024-01-17T09:12:12.264+0000] {processor.py:829} INFO - Processing file /home/airflow/.local/lib/python3.11/site-packages/airflow/example_dags/example_complex.py for tasks to queue
[2024-01-17T09:12:12.266+0000] {logging_mixin.py:151} INFO - [2024-01-17T09:12:12.266+0000] {dagbag.py:539} INFO - Filling up the DagBag from /home/airflow/.local/lib/python3.11/site-packages/airflow/example_dags/example_complex.py
[2024-01-17T09:12:12.273+0000] {processor.py:839} INFO - DAG(s) dict_keys(['example_complex']) retrieved from /home/airflow/.local/lib/python3.11/site-packages/airflow/example_dags/example_complex.py
[2024-01-17T09:12:12.294+0000] {logging_mixin.py:151} INFO - [2024-01-17T09:12:12.294+0000] {dag.py:2915} INFO - Sync 1 DAGs
[2024-01-17T09:12:12.303+0000] {logging_mixin.py:151} INFO - [2024-01-17T09:12:12.303+0000] {dag.py:3696} INFO - Setting next_dagrun for example_complex to None, run_after=None
[2024-01-17T09:12:12.317+0000] {processor.py:179} INFO - Processing /home/airflow/.local/lib/python3.11/site-packages/airflow/example_dags/example_complex.py took 0.057 seconds
[2024-01-17T09:12:43.457+0000] {processor.py:157} INFO - Started process (PID=85123) to work on /home/airflow/.local/lib/python3.11/site-packages/airflow/example_dags/example_complex.py
[2024-01-17T09:12:43.459+0000] {processor.py:829} INFO - Processing file /home/airflow/.local/lib/python3.11/site-packages/airflow/example_dags/example_complex.py for tasks to queue
[2024-01-17T09:12:43.461+0000] {logging_mixin.py:151} INFO - [2024-01-17T09:12:43.461+0000] {dagbag.py:539} INFO - Filling up the DagBag from /home/airflow/.local/lib/python3.11/site-packages/airflow/example_dags/example_complex.py
[2024-01-17T09:12:43.469+0000] {processor.py:839} INFO - DAG(s) dict_keys(['example_complex']) retrieved from /home/airflow/.local/lib/python3.11/site-packages/airflow/example_dags/example_complex.py
[2024-01-17T09:12:43.499+0000] {logging_mixin.py:151} INFO - [2024-01-17T09:12:43.499+0000] {dag.py:2915} INFO - Sync 1 DAGs
[2024-01-17T09:12:43.509+0000] {logging_mixin.py:151} INFO - [2024-01-17T09:12:43.509+0000] {dag.py:3696} INFO - Setting next_dagrun for example_complex to None, run_after=None
[2024-01-17T09:12:43.527+0000] {processor.py:179} INFO - Processing /home/airflow/.local/lib/python3.11/site-packages/airflow/example_dags/example_complex.py took 0.072 seconds
[2024-01-17T09:42:06.346+0000] {processor.py:157} INFO - Started process (PID=85213) to work on /home/airflow/.local/lib/python3.11/site-packages/airflow/example_dags/example_complex.py
[2024-01-17T09:42:06.348+0000] {processor.py:829} INFO - Processing file /home/airflow/.local/lib/python3.11/site-packages/airflow/example_dags/example_complex.py for tasks to queue
[2024-01-17T09:42:06.350+0000] {logging_mixin.py:151} INFO - [2024-01-17T09:42:06.350+0000] {dagbag.py:539} INFO - Filling up the DagBag from /home/airflow/.local/lib/python3.11/site-packages/airflow/example_dags/example_complex.py
[2024-01-17T09:42:06.358+0000] {processor.py:839} INFO - DAG(s) dict_keys(['example_complex']) retrieved from /home/airflow/.local/lib/python3.11/site-packages/airflow/example_dags/example_complex.py
[2024-01-17T09:42:06.381+0000] {logging_mixin.py:151} INFO - [2024-01-17T09:42:06.381+0000] {dag.py:2915} INFO - Sync 1 DAGs
[2024-01-17T09:42:06.391+0000] {logging_mixin.py:151} INFO - [2024-01-17T09:42:06.391+0000] {dag.py:3696} INFO - Setting next_dagrun for example_complex to None, run_after=None
[2024-01-17T09:42:06.407+0000] {processor.py:179} INFO - Processing /home/airflow/.local/lib/python3.11/site-packages/airflow/example_dags/example_complex.py took 0.065 seconds
[2024-01-17T10:49:02.348+0000] {processor.py:157} INFO - Started process (PID=85273) to work on /home/airflow/.local/lib/python3.11/site-packages/airflow/example_dags/example_complex.py
[2024-01-17T10:49:02.365+0000] {processor.py:829} INFO - Processing file /home/airflow/.local/lib/python3.11/site-packages/airflow/example_dags/example_complex.py for tasks to queue
[2024-01-17T10:49:02.367+0000] {logging_mixin.py:151} INFO - [2024-01-17T10:49:02.366+0000] {dagbag.py:539} INFO - Filling up the DagBag from /home/airflow/.local/lib/python3.11/site-packages/airflow/example_dags/example_complex.py
[2024-01-17T10:49:02.377+0000] {processor.py:839} INFO - DAG(s) dict_keys(['example_complex']) retrieved from /home/airflow/.local/lib/python3.11/site-packages/airflow/example_dags/example_complex.py
[2024-01-17T10:49:02.409+0000] {logging_mixin.py:151} INFO - [2024-01-17T10:49:02.409+0000] {dag.py:2915} INFO - Sync 1 DAGs
[2024-01-17T10:49:02.426+0000] {logging_mixin.py:151} INFO - [2024-01-17T10:49:02.426+0000] {dag.py:3696} INFO - Setting next_dagrun for example_complex to None, run_after=None
[2024-01-17T10:49:02.443+0000] {processor.py:179} INFO - Processing /home/airflow/.local/lib/python3.11/site-packages/airflow/example_dags/example_complex.py took 0.097 seconds
[2024-01-17T11:55:37.764+0000] {processor.py:157} INFO - Started process (PID=85333) to work on /home/airflow/.local/lib/python3.11/site-packages/airflow/example_dags/example_complex.py
[2024-01-17T11:55:37.774+0000] {processor.py:829} INFO - Processing file /home/airflow/.local/lib/python3.11/site-packages/airflow/example_dags/example_complex.py for tasks to queue
[2024-01-17T11:55:37.776+0000] {logging_mixin.py:151} INFO - [2024-01-17T11:55:37.776+0000] {dagbag.py:539} INFO - Filling up the DagBag from /home/airflow/.local/lib/python3.11/site-packages/airflow/example_dags/example_complex.py
[2024-01-17T11:55:37.785+0000] {processor.py:839} INFO - DAG(s) dict_keys(['example_complex']) retrieved from /home/airflow/.local/lib/python3.11/site-packages/airflow/example_dags/example_complex.py
[2024-01-17T11:55:37.808+0000] {logging_mixin.py:151} INFO - [2024-01-17T11:55:37.808+0000] {dag.py:2915} INFO - Sync 1 DAGs
[2024-01-17T11:55:37.819+0000] {logging_mixin.py:151} INFO - [2024-01-17T11:55:37.819+0000] {dag.py:3696} INFO - Setting next_dagrun for example_complex to None, run_after=None
[2024-01-17T11:55:37.841+0000] {processor.py:179} INFO - Processing /home/airflow/.local/lib/python3.11/site-packages/airflow/example_dags/example_complex.py took 0.080 seconds
[2024-01-17T13:21:34.365+0000] {processor.py:157} INFO - Started process (PID=85393) to work on /home/airflow/.local/lib/python3.11/site-packages/airflow/example_dags/example_complex.py
[2024-01-17T13:21:34.368+0000] {processor.py:829} INFO - Processing file /home/airflow/.local/lib/python3.11/site-packages/airflow/example_dags/example_complex.py for tasks to queue
[2024-01-17T13:21:34.371+0000] {logging_mixin.py:151} INFO - [2024-01-17T13:21:34.371+0000] {dagbag.py:539} INFO - Filling up the DagBag from /home/airflow/.local/lib/python3.11/site-packages/airflow/example_dags/example_complex.py
[2024-01-17T13:21:34.385+0000] {processor.py:839} INFO - DAG(s) dict_keys(['example_complex']) retrieved from /home/airflow/.local/lib/python3.11/site-packages/airflow/example_dags/example_complex.py
[2024-01-17T13:21:34.414+0000] {logging_mixin.py:151} INFO - [2024-01-17T13:21:34.414+0000] {dag.py:2915} INFO - Sync 1 DAGs
[2024-01-17T13:21:34.442+0000] {logging_mixin.py:151} INFO - [2024-01-17T13:21:34.442+0000] {dag.py:3696} INFO - Setting next_dagrun for example_complex to None, run_after=None
[2024-01-17T13:21:34.478+0000] {processor.py:179} INFO - Processing /home/airflow/.local/lib/python3.11/site-packages/airflow/example_dags/example_complex.py took 0.115 seconds
[2024-01-17T14:44:02.480+0000] {processor.py:157} INFO - Started process (PID=85453) to work on /home/airflow/.local/lib/python3.11/site-packages/airflow/example_dags/example_complex.py
[2024-01-17T14:44:02.489+0000] {processor.py:829} INFO - Processing file /home/airflow/.local/lib/python3.11/site-packages/airflow/example_dags/example_complex.py for tasks to queue
[2024-01-17T14:44:02.490+0000] {logging_mixin.py:151} INFO - [2024-01-17T14:44:02.490+0000] {dagbag.py:539} INFO - Filling up the DagBag from /home/airflow/.local/lib/python3.11/site-packages/airflow/example_dags/example_complex.py
[2024-01-17T14:44:02.499+0000] {processor.py:839} INFO - DAG(s) dict_keys(['example_complex']) retrieved from /home/airflow/.local/lib/python3.11/site-packages/airflow/example_dags/example_complex.py
[2024-01-17T14:44:02.526+0000] {logging_mixin.py:151} INFO - [2024-01-17T14:44:02.526+0000] {dag.py:2915} INFO - Sync 1 DAGs
[2024-01-17T14:44:02.534+0000] {logging_mixin.py:151} INFO - [2024-01-17T14:44:02.534+0000] {dag.py:3696} INFO - Setting next_dagrun for example_complex to None, run_after=None
[2024-01-17T14:44:02.547+0000] {processor.py:179} INFO - Processing /home/airflow/.local/lib/python3.11/site-packages/airflow/example_dags/example_complex.py took 0.070 seconds
[2024-01-17T16:08:32.858+0000] {processor.py:157} INFO - Started process (PID=85513) to work on /home/airflow/.local/lib/python3.11/site-packages/airflow/example_dags/example_complex.py
[2024-01-17T16:08:32.860+0000] {processor.py:829} INFO - Processing file /home/airflow/.local/lib/python3.11/site-packages/airflow/example_dags/example_complex.py for tasks to queue
[2024-01-17T16:08:32.862+0000] {logging_mixin.py:151} INFO - [2024-01-17T16:08:32.861+0000] {dagbag.py:539} INFO - Filling up the DagBag from /home/airflow/.local/lib/python3.11/site-packages/airflow/example_dags/example_complex.py
[2024-01-17T16:08:32.869+0000] {processor.py:839} INFO - DAG(s) dict_keys(['example_complex']) retrieved from /home/airflow/.local/lib/python3.11/site-packages/airflow/example_dags/example_complex.py
[2024-01-17T16:08:32.890+0000] {logging_mixin.py:151} INFO - [2024-01-17T16:08:32.890+0000] {dag.py:2915} INFO - Sync 1 DAGs
[2024-01-17T16:08:32.899+0000] {logging_mixin.py:151} INFO - [2024-01-17T16:08:32.899+0000] {dag.py:3696} INFO - Setting next_dagrun for example_complex to None, run_after=None
[2024-01-17T16:08:32.913+0000] {processor.py:179} INFO - Processing /home/airflow/.local/lib/python3.11/site-packages/airflow/example_dags/example_complex.py took 0.058 seconds
[2024-01-17T17:33:57.257+0000] {processor.py:157} INFO - Started process (PID=85573) to work on /home/airflow/.local/lib/python3.11/site-packages/airflow/example_dags/example_complex.py
[2024-01-17T17:33:57.258+0000] {processor.py:829} INFO - Processing file /home/airflow/.local/lib/python3.11/site-packages/airflow/example_dags/example_complex.py for tasks to queue
[2024-01-17T17:33:57.260+0000] {logging_mixin.py:151} INFO - [2024-01-17T17:33:57.260+0000] {dagbag.py:539} INFO - Filling up the DagBag from /home/airflow/.local/lib/python3.11/site-packages/airflow/example_dags/example_complex.py
[2024-01-17T17:33:57.269+0000] {processor.py:839} INFO - DAG(s) dict_keys(['example_complex']) retrieved from /home/airflow/.local/lib/python3.11/site-packages/airflow/example_dags/example_complex.py
[2024-01-17T17:33:57.291+0000] {logging_mixin.py:151} INFO - [2024-01-17T17:33:57.290+0000] {dag.py:2915} INFO - Sync 1 DAGs
[2024-01-17T17:33:57.298+0000] {logging_mixin.py:151} INFO - [2024-01-17T17:33:57.298+0000] {dag.py:3696} INFO - Setting next_dagrun for example_complex to None, run_after=None
[2024-01-17T17:33:57.316+0000] {processor.py:179} INFO - Processing /home/airflow/.local/lib/python3.11/site-packages/airflow/example_dags/example_complex.py took 0.062 seconds
[2024-01-17T18:52:30.186+0000] {processor.py:157} INFO - Started process (PID=85633) to work on /home/airflow/.local/lib/python3.11/site-packages/airflow/example_dags/example_complex.py
[2024-01-17T18:52:30.187+0000] {processor.py:829} INFO - Processing file /home/airflow/.local/lib/python3.11/site-packages/airflow/example_dags/example_complex.py for tasks to queue
[2024-01-17T18:52:30.189+0000] {logging_mixin.py:151} INFO - [2024-01-17T18:52:30.188+0000] {dagbag.py:539} INFO - Filling up the DagBag from /home/airflow/.local/lib/python3.11/site-packages/airflow/example_dags/example_complex.py
[2024-01-17T18:52:30.196+0000] {processor.py:839} INFO - DAG(s) dict_keys(['example_complex']) retrieved from /home/airflow/.local/lib/python3.11/site-packages/airflow/example_dags/example_complex.py
[2024-01-17T18:52:30.216+0000] {logging_mixin.py:151} INFO - [2024-01-17T18:52:30.216+0000] {dag.py:2915} INFO - Sync 1 DAGs
[2024-01-17T18:52:30.224+0000] {logging_mixin.py:151} INFO - [2024-01-17T18:52:30.224+0000] {dag.py:3696} INFO - Setting next_dagrun for example_complex to None, run_after=None
[2024-01-17T18:52:30.238+0000] {processor.py:179} INFO - Processing /home/airflow/.local/lib/python3.11/site-packages/airflow/example_dags/example_complex.py took 0.055 seconds
[2024-01-17T20:14:19.282+0000] {processor.py:157} INFO - Started process (PID=85693) to work on /home/airflow/.local/lib/python3.11/site-packages/airflow/example_dags/example_complex.py
[2024-01-17T20:14:19.284+0000] {processor.py:829} INFO - Processing file /home/airflow/.local/lib/python3.11/site-packages/airflow/example_dags/example_complex.py for tasks to queue
[2024-01-17T20:14:19.285+0000] {logging_mixin.py:151} INFO - [2024-01-17T20:14:19.285+0000] {dagbag.py:539} INFO - Filling up the DagBag from /home/airflow/.local/lib/python3.11/site-packages/airflow/example_dags/example_complex.py
[2024-01-17T20:14:19.293+0000] {processor.py:839} INFO - DAG(s) dict_keys(['example_complex']) retrieved from /home/airflow/.local/lib/python3.11/site-packages/airflow/example_dags/example_complex.py
[2024-01-17T20:14:19.328+0000] {logging_mixin.py:151} INFO - [2024-01-17T20:14:19.327+0000] {dag.py:2915} INFO - Sync 1 DAGs
[2024-01-17T20:14:19.340+0000] {logging_mixin.py:151} INFO - [2024-01-17T20:14:19.339+0000] {dag.py:3696} INFO - Setting next_dagrun for example_complex to None, run_after=None
[2024-01-17T20:14:19.358+0000] {processor.py:179} INFO - Processing /home/airflow/.local/lib/python3.11/site-packages/airflow/example_dags/example_complex.py took 0.079 seconds
[2024-01-17T21:41:25.801+0000] {processor.py:157} INFO - Started process (PID=85754) to work on /home/airflow/.local/lib/python3.11/site-packages/airflow/example_dags/example_complex.py
[2024-01-17T21:41:25.804+0000] {processor.py:829} INFO - Processing file /home/airflow/.local/lib/python3.11/site-packages/airflow/example_dags/example_complex.py for tasks to queue
[2024-01-17T21:41:25.808+0000] {logging_mixin.py:151} INFO - [2024-01-17T21:41:25.808+0000] {dagbag.py:539} INFO - Filling up the DagBag from /home/airflow/.local/lib/python3.11/site-packages/airflow/example_dags/example_complex.py
[2024-01-17T21:41:25.817+0000] {processor.py:839} INFO - DAG(s) dict_keys(['example_complex']) retrieved from /home/airflow/.local/lib/python3.11/site-packages/airflow/example_dags/example_complex.py
[2024-01-17T21:41:25.846+0000] {logging_mixin.py:151} INFO - [2024-01-17T21:41:25.846+0000] {dag.py:2915} INFO - Sync 1 DAGs
[2024-01-17T21:41:25.857+0000] {logging_mixin.py:151} INFO - [2024-01-17T21:41:25.857+0000] {dag.py:3696} INFO - Setting next_dagrun for example_complex to None, run_after=None
[2024-01-17T21:41:25.885+0000] {processor.py:179} INFO - Processing /home/airflow/.local/lib/python3.11/site-packages/airflow/example_dags/example_complex.py took 0.088 seconds
[2024-01-17T23:01:27.255+0000] {processor.py:157} INFO - Started process (PID=85814) to work on /home/airflow/.local/lib/python3.11/site-packages/airflow/example_dags/example_complex.py
[2024-01-17T23:01:27.257+0000] {processor.py:829} INFO - Processing file /home/airflow/.local/lib/python3.11/site-packages/airflow/example_dags/example_complex.py for tasks to queue
[2024-01-17T23:01:27.258+0000] {logging_mixin.py:151} INFO - [2024-01-17T23:01:27.258+0000] {dagbag.py:539} INFO - Filling up the DagBag from /home/airflow/.local/lib/python3.11/site-packages/airflow/example_dags/example_complex.py
[2024-01-17T23:01:27.267+0000] {processor.py:839} INFO - DAG(s) dict_keys(['example_complex']) retrieved from /home/airflow/.local/lib/python3.11/site-packages/airflow/example_dags/example_complex.py
[2024-01-17T23:01:27.289+0000] {logging_mixin.py:151} INFO - [2024-01-17T23:01:27.289+0000] {dag.py:2915} INFO - Sync 1 DAGs
[2024-01-17T23:01:27.299+0000] {logging_mixin.py:151} INFO - [2024-01-17T23:01:27.299+0000] {dag.py:3696} INFO - Setting next_dagrun for example_complex to None, run_after=None
[2024-01-17T23:01:27.317+0000] {processor.py:179} INFO - Processing /home/airflow/.local/lib/python3.11/site-packages/airflow/example_dags/example_complex.py took 0.064 seconds
[2024-01-17T23:11:59.299+0000] {processor.py:157} INFO - Started process (PID=85874) to work on /home/airflow/.local/lib/python3.11/site-packages/airflow/example_dags/example_complex.py
[2024-01-17T23:11:59.300+0000] {processor.py:829} INFO - Processing file /home/airflow/.local/lib/python3.11/site-packages/airflow/example_dags/example_complex.py for tasks to queue
[2024-01-17T23:11:59.302+0000] {logging_mixin.py:151} INFO - [2024-01-17T23:11:59.302+0000] {dagbag.py:539} INFO - Filling up the DagBag from /home/airflow/.local/lib/python3.11/site-packages/airflow/example_dags/example_complex.py
[2024-01-17T23:11:59.309+0000] {processor.py:839} INFO - DAG(s) dict_keys(['example_complex']) retrieved from /home/airflow/.local/lib/python3.11/site-packages/airflow/example_dags/example_complex.py
[2024-01-17T23:11:59.331+0000] {logging_mixin.py:151} INFO - [2024-01-17T23:11:59.331+0000] {dag.py:2915} INFO - Sync 1 DAGs
[2024-01-17T23:11:59.341+0000] {logging_mixin.py:151} INFO - [2024-01-17T23:11:59.341+0000] {dag.py:3696} INFO - Setting next_dagrun for example_complex to None, run_after=None
[2024-01-17T23:11:59.360+0000] {processor.py:179} INFO - Processing /home/airflow/.local/lib/python3.11/site-packages/airflow/example_dags/example_complex.py took 0.064 seconds
[2024-01-17T23:12:30.285+0000] {processor.py:157} INFO - Started process (PID=85935) to work on /home/airflow/.local/lib/python3.11/site-packages/airflow/example_dags/example_complex.py
[2024-01-17T23:12:30.286+0000] {processor.py:829} INFO - Processing file /home/airflow/.local/lib/python3.11/site-packages/airflow/example_dags/example_complex.py for tasks to queue
[2024-01-17T23:12:30.288+0000] {logging_mixin.py:151} INFO - [2024-01-17T23:12:30.287+0000] {dagbag.py:539} INFO - Filling up the DagBag from /home/airflow/.local/lib/python3.11/site-packages/airflow/example_dags/example_complex.py
[2024-01-17T23:12:30.295+0000] {processor.py:839} INFO - DAG(s) dict_keys(['example_complex']) retrieved from /home/airflow/.local/lib/python3.11/site-packages/airflow/example_dags/example_complex.py
[2024-01-17T23:12:30.322+0000] {logging_mixin.py:151} INFO - [2024-01-17T23:12:30.322+0000] {dag.py:2915} INFO - Sync 1 DAGs
[2024-01-17T23:12:30.332+0000] {logging_mixin.py:151} INFO - [2024-01-17T23:12:30.331+0000] {dag.py:3696} INFO - Setting next_dagrun for example_complex to None, run_after=None
[2024-01-17T23:12:30.346+0000] {processor.py:179} INFO - Processing /home/airflow/.local/lib/python3.11/site-packages/airflow/example_dags/example_complex.py took 0.064 seconds
[2024-01-17T23:13:01.476+0000] {processor.py:157} INFO - Started process (PID=85994) to work on /home/airflow/.local/lib/python3.11/site-packages/airflow/example_dags/example_complex.py
[2024-01-17T23:13:01.478+0000] {processor.py:829} INFO - Processing file /home/airflow/.local/lib/python3.11/site-packages/airflow/example_dags/example_complex.py for tasks to queue
[2024-01-17T23:13:01.480+0000] {logging_mixin.py:151} INFO - [2024-01-17T23:13:01.479+0000] {dagbag.py:539} INFO - Filling up the DagBag from /home/airflow/.local/lib/python3.11/site-packages/airflow/example_dags/example_complex.py
[2024-01-17T23:13:01.487+0000] {processor.py:839} INFO - DAG(s) dict_keys(['example_complex']) retrieved from /home/airflow/.local/lib/python3.11/site-packages/airflow/example_dags/example_complex.py
[2024-01-17T23:13:01.508+0000] {logging_mixin.py:151} INFO - [2024-01-17T23:13:01.508+0000] {dag.py:2915} INFO - Sync 1 DAGs
[2024-01-17T23:13:01.517+0000] {logging_mixin.py:151} INFO - [2024-01-17T23:13:01.517+0000] {dag.py:3696} INFO - Setting next_dagrun for example_complex to None, run_after=None
[2024-01-17T23:13:01.536+0000] {processor.py:179} INFO - Processing /home/airflow/.local/lib/python3.11/site-packages/airflow/example_dags/example_complex.py took 0.063 seconds
[2024-01-17T23:17:21.972+0000] {processor.py:157} INFO - Started process (PID=86054) to work on /home/airflow/.local/lib/python3.11/site-packages/airflow/example_dags/example_complex.py
[2024-01-17T23:17:21.974+0000] {processor.py:829} INFO - Processing file /home/airflow/.local/lib/python3.11/site-packages/airflow/example_dags/example_complex.py for tasks to queue
[2024-01-17T23:17:21.976+0000] {logging_mixin.py:151} INFO - [2024-01-17T23:17:21.976+0000] {dagbag.py:539} INFO - Filling up the DagBag from /home/airflow/.local/lib/python3.11/site-packages/airflow/example_dags/example_complex.py
[2024-01-17T23:17:21.984+0000] {processor.py:839} INFO - DAG(s) dict_keys(['example_complex']) retrieved from /home/airflow/.local/lib/python3.11/site-packages/airflow/example_dags/example_complex.py
[2024-01-17T23:17:22.009+0000] {logging_mixin.py:151} INFO - [2024-01-17T23:17:22.008+0000] {dag.py:2915} INFO - Sync 1 DAGs
[2024-01-17T23:17:22.019+0000] {logging_mixin.py:151} INFO - [2024-01-17T23:17:22.019+0000] {dag.py:3696} INFO - Setting next_dagrun for example_complex to None, run_after=None
[2024-01-17T23:17:22.039+0000] {processor.py:179} INFO - Processing /home/airflow/.local/lib/python3.11/site-packages/airflow/example_dags/example_complex.py took 0.070 seconds
[2024-01-17T23:17:52.231+0000] {processor.py:157} INFO - Started process (PID=86114) to work on /home/airflow/.local/lib/python3.11/site-packages/airflow/example_dags/example_complex.py
[2024-01-17T23:17:52.233+0000] {processor.py:829} INFO - Processing file /home/airflow/.local/lib/python3.11/site-packages/airflow/example_dags/example_complex.py for tasks to queue
[2024-01-17T23:17:52.234+0000] {logging_mixin.py:151} INFO - [2024-01-17T23:17:52.234+0000] {dagbag.py:539} INFO - Filling up the DagBag from /home/airflow/.local/lib/python3.11/site-packages/airflow/example_dags/example_complex.py
[2024-01-17T23:17:52.243+0000] {processor.py:839} INFO - DAG(s) dict_keys(['example_complex']) retrieved from /home/airflow/.local/lib/python3.11/site-packages/airflow/example_dags/example_complex.py
[2024-01-17T23:17:52.264+0000] {logging_mixin.py:151} INFO - [2024-01-17T23:17:52.264+0000] {dag.py:2915} INFO - Sync 1 DAGs
[2024-01-17T23:17:52.273+0000] {logging_mixin.py:151} INFO - [2024-01-17T23:17:52.273+0000] {dag.py:3696} INFO - Setting next_dagrun for example_complex to None, run_after=None
[2024-01-17T23:17:52.292+0000] {processor.py:179} INFO - Processing /home/airflow/.local/lib/python3.11/site-packages/airflow/example_dags/example_complex.py took 0.063 seconds
[2024-01-17T23:18:23.749+0000] {processor.py:157} INFO - Started process (PID=86174) to work on /home/airflow/.local/lib/python3.11/site-packages/airflow/example_dags/example_complex.py
[2024-01-17T23:18:23.751+0000] {processor.py:829} INFO - Processing file /home/airflow/.local/lib/python3.11/site-packages/airflow/example_dags/example_complex.py for tasks to queue
[2024-01-17T23:18:23.753+0000] {logging_mixin.py:151} INFO - [2024-01-17T23:18:23.753+0000] {dagbag.py:539} INFO - Filling up the DagBag from /home/airflow/.local/lib/python3.11/site-packages/airflow/example_dags/example_complex.py
[2024-01-17T23:18:23.761+0000] {processor.py:839} INFO - DAG(s) dict_keys(['example_complex']) retrieved from /home/airflow/.local/lib/python3.11/site-packages/airflow/example_dags/example_complex.py
[2024-01-17T23:18:23.784+0000] {logging_mixin.py:151} INFO - [2024-01-17T23:18:23.784+0000] {dag.py:2915} INFO - Sync 1 DAGs
[2024-01-17T23:18:23.793+0000] {logging_mixin.py:151} INFO - [2024-01-17T23:18:23.793+0000] {dag.py:3696} INFO - Setting next_dagrun for example_complex to None, run_after=None
[2024-01-17T23:18:23.810+0000] {processor.py:179} INFO - Processing /home/airflow/.local/lib/python3.11/site-packages/airflow/example_dags/example_complex.py took 0.063 seconds
[2024-01-17T23:18:55.002+0000] {processor.py:157} INFO - Started process (PID=86233) to work on /home/airflow/.local/lib/python3.11/site-packages/airflow/example_dags/example_complex.py
[2024-01-17T23:18:55.004+0000] {processor.py:829} INFO - Processing file /home/airflow/.local/lib/python3.11/site-packages/airflow/example_dags/example_complex.py for tasks to queue
[2024-01-17T23:18:55.006+0000] {logging_mixin.py:151} INFO - [2024-01-17T23:18:55.006+0000] {dagbag.py:539} INFO - Filling up the DagBag from /home/airflow/.local/lib/python3.11/site-packages/airflow/example_dags/example_complex.py
[2024-01-17T23:18:55.013+0000] {processor.py:839} INFO - DAG(s) dict_keys(['example_complex']) retrieved from /home/airflow/.local/lib/python3.11/site-packages/airflow/example_dags/example_complex.py
[2024-01-17T23:18:55.036+0000] {logging_mixin.py:151} INFO - [2024-01-17T23:18:55.035+0000] {dag.py:2915} INFO - Sync 1 DAGs
[2024-01-17T23:18:55.046+0000] {logging_mixin.py:151} INFO - [2024-01-17T23:18:55.046+0000] {dag.py:3696} INFO - Setting next_dagrun for example_complex to None, run_after=None
[2024-01-17T23:18:55.062+0000] {processor.py:179} INFO - Processing /home/airflow/.local/lib/python3.11/site-packages/airflow/example_dags/example_complex.py took 0.063 seconds
[2024-01-17T23:19:26.248+0000] {processor.py:157} INFO - Started process (PID=86293) to work on /home/airflow/.local/lib/python3.11/site-packages/airflow/example_dags/example_complex.py
[2024-01-17T23:19:26.251+0000] {processor.py:829} INFO - Processing file /home/airflow/.local/lib/python3.11/site-packages/airflow/example_dags/example_complex.py for tasks to queue
[2024-01-17T23:19:26.253+0000] {logging_mixin.py:151} INFO - [2024-01-17T23:19:26.253+0000] {dagbag.py:539} INFO - Filling up the DagBag from /home/airflow/.local/lib/python3.11/site-packages/airflow/example_dags/example_complex.py
[2024-01-17T23:19:26.260+0000] {processor.py:839} INFO - DAG(s) dict_keys(['example_complex']) retrieved from /home/airflow/.local/lib/python3.11/site-packages/airflow/example_dags/example_complex.py
[2024-01-17T23:19:26.286+0000] {logging_mixin.py:151} INFO - [2024-01-17T23:19:26.285+0000] {dag.py:2915} INFO - Sync 1 DAGs
[2024-01-17T23:19:26.298+0000] {logging_mixin.py:151} INFO - [2024-01-17T23:19:26.298+0000] {dag.py:3696} INFO - Setting next_dagrun for example_complex to None, run_after=None
[2024-01-17T23:19:26.310+0000] {processor.py:179} INFO - Processing /home/airflow/.local/lib/python3.11/site-packages/airflow/example_dags/example_complex.py took 0.064 seconds
[2024-01-17T23:19:56.966+0000] {processor.py:157} INFO - Started process (PID=86353) to work on /home/airflow/.local/lib/python3.11/site-packages/airflow/example_dags/example_complex.py
[2024-01-17T23:19:56.967+0000] {processor.py:829} INFO - Processing file /home/airflow/.local/lib/python3.11/site-packages/airflow/example_dags/example_complex.py for tasks to queue
[2024-01-17T23:19:56.969+0000] {logging_mixin.py:151} INFO - [2024-01-17T23:19:56.969+0000] {dagbag.py:539} INFO - Filling up the DagBag from /home/airflow/.local/lib/python3.11/site-packages/airflow/example_dags/example_complex.py
[2024-01-17T23:19:56.976+0000] {processor.py:839} INFO - DAG(s) dict_keys(['example_complex']) retrieved from /home/airflow/.local/lib/python3.11/site-packages/airflow/example_dags/example_complex.py
[2024-01-17T23:19:57.006+0000] {logging_mixin.py:151} INFO - [2024-01-17T23:19:57.006+0000] {dag.py:2915} INFO - Sync 1 DAGs
[2024-01-17T23:19:57.017+0000] {logging_mixin.py:151} INFO - [2024-01-17T23:19:57.017+0000] {dag.py:3696} INFO - Setting next_dagrun for example_complex to None, run_after=None
[2024-01-17T23:19:57.072+0000] {processor.py:179} INFO - Processing /home/airflow/.local/lib/python3.11/site-packages/airflow/example_dags/example_complex.py took 0.109 seconds
