[2024-01-17T01:22:30.732+0000] {processor.py:157} INFO - Started process (PID=82504) to work on /home/airflow/.local/lib/python3.11/site-packages/airflow/example_dags/example_python_operator.py
[2024-01-17T01:22:30.750+0000] {processor.py:829} INFO - Processing file /home/airflow/.local/lib/python3.11/site-packages/airflow/example_dags/example_python_operator.py for tasks to queue
[2024-01-17T01:22:30.752+0000] {logging_mixin.py:151} INFO - [2024-01-17T01:22:30.752+0000] {dagbag.py:539} INFO - Filling up the DagBag from /home/airflow/.local/lib/python3.11/site-packages/airflow/example_dags/example_python_operator.py
[2024-01-17T01:22:30.773+0000] {processor.py:839} INFO - DAG(s) dict_keys(['example_python_operator']) retrieved from /home/airflow/.local/lib/python3.11/site-packages/airflow/example_dags/example_python_operator.py
[2024-01-17T01:22:30.793+0000] {logging_mixin.py:151} INFO - [2024-01-17T01:22:30.793+0000] {dag.py:2915} INFO - Sync 1 DAGs
[2024-01-17T01:22:30.804+0000] {logging_mixin.py:151} INFO - [2024-01-17T01:22:30.804+0000] {dag.py:3696} INFO - Setting next_dagrun for example_python_operator to None, run_after=None
[2024-01-17T01:22:30.819+0000] {processor.py:179} INFO - Processing /home/airflow/.local/lib/python3.11/site-packages/airflow/example_dags/example_python_operator.py took 0.090 seconds
[2024-01-17T02:14:06.836+0000] {processor.py:157} INFO - Started process (PID=82564) to work on /home/airflow/.local/lib/python3.11/site-packages/airflow/example_dags/example_python_operator.py
[2024-01-17T02:14:06.838+0000] {processor.py:829} INFO - Processing file /home/airflow/.local/lib/python3.11/site-packages/airflow/example_dags/example_python_operator.py for tasks to queue
[2024-01-17T02:14:06.840+0000] {logging_mixin.py:151} INFO - [2024-01-17T02:14:06.839+0000] {dagbag.py:539} INFO - Filling up the DagBag from /home/airflow/.local/lib/python3.11/site-packages/airflow/example_dags/example_python_operator.py
[2024-01-17T02:14:06.850+0000] {processor.py:839} INFO - DAG(s) dict_keys(['example_python_operator']) retrieved from /home/airflow/.local/lib/python3.11/site-packages/airflow/example_dags/example_python_operator.py
[2024-01-17T02:14:06.877+0000] {logging_mixin.py:151} INFO - [2024-01-17T02:14:06.877+0000] {dag.py:2915} INFO - Sync 1 DAGs
[2024-01-17T02:14:06.885+0000] {logging_mixin.py:151} INFO - [2024-01-17T02:14:06.885+0000] {dag.py:3696} INFO - Setting next_dagrun for example_python_operator to None, run_after=None
[2024-01-17T02:14:06.901+0000] {processor.py:179} INFO - Processing /home/airflow/.local/lib/python3.11/site-packages/airflow/example_dags/example_python_operator.py took 0.067 seconds
[2024-01-17T03:20:32.709+0000] {processor.py:157} INFO - Started process (PID=82624) to work on /home/airflow/.local/lib/python3.11/site-packages/airflow/example_dags/example_python_operator.py
[2024-01-17T03:20:32.712+0000] {processor.py:829} INFO - Processing file /home/airflow/.local/lib/python3.11/site-packages/airflow/example_dags/example_python_operator.py for tasks to queue
[2024-01-17T03:20:32.714+0000] {logging_mixin.py:151} INFO - [2024-01-17T03:20:32.713+0000] {dagbag.py:539} INFO - Filling up the DagBag from /home/airflow/.local/lib/python3.11/site-packages/airflow/example_dags/example_python_operator.py
[2024-01-17T03:20:32.730+0000] {processor.py:839} INFO - DAG(s) dict_keys(['example_python_operator']) retrieved from /home/airflow/.local/lib/python3.11/site-packages/airflow/example_dags/example_python_operator.py
[2024-01-17T03:20:32.757+0000] {logging_mixin.py:151} INFO - [2024-01-17T03:20:32.757+0000] {dag.py:2915} INFO - Sync 1 DAGs
[2024-01-17T03:20:32.766+0000] {logging_mixin.py:151} INFO - [2024-01-17T03:20:32.766+0000] {dag.py:3696} INFO - Setting next_dagrun for example_python_operator to None, run_after=None
[2024-01-17T03:20:32.777+0000] {processor.py:179} INFO - Processing /home/airflow/.local/lib/python3.11/site-packages/airflow/example_dags/example_python_operator.py took 0.071 seconds
[2024-01-17T04:43:36.987+0000] {processor.py:157} INFO - Started process (PID=82684) to work on /home/airflow/.local/lib/python3.11/site-packages/airflow/example_dags/example_python_operator.py
[2024-01-17T04:43:37.000+0000] {processor.py:829} INFO - Processing file /home/airflow/.local/lib/python3.11/site-packages/airflow/example_dags/example_python_operator.py for tasks to queue
[2024-01-17T04:43:37.012+0000] {logging_mixin.py:151} INFO - [2024-01-17T04:43:37.012+0000] {dagbag.py:539} INFO - Filling up the DagBag from /home/airflow/.local/lib/python3.11/site-packages/airflow/example_dags/example_python_operator.py
[2024-01-17T04:43:37.040+0000] {processor.py:839} INFO - DAG(s) dict_keys(['example_python_operator']) retrieved from /home/airflow/.local/lib/python3.11/site-packages/airflow/example_dags/example_python_operator.py
[2024-01-17T04:43:37.058+0000] {logging_mixin.py:151} INFO - [2024-01-17T04:43:37.058+0000] {dag.py:2915} INFO - Sync 1 DAGs
[2024-01-17T04:43:37.082+0000] {logging_mixin.py:151} INFO - [2024-01-17T04:43:37.079+0000] {dag.py:3696} INFO - Setting next_dagrun for example_python_operator to None, run_after=None
[2024-01-17T04:43:37.100+0000] {processor.py:179} INFO - Processing /home/airflow/.local/lib/python3.11/site-packages/airflow/example_dags/example_python_operator.py took 0.115 seconds
[2024-01-17T06:23:49.440+0000] {processor.py:157} INFO - Started process (PID=82744) to work on /home/airflow/.local/lib/python3.11/site-packages/airflow/example_dags/example_python_operator.py
[2024-01-17T06:23:49.444+0000] {processor.py:829} INFO - Processing file /home/airflow/.local/lib/python3.11/site-packages/airflow/example_dags/example_python_operator.py for tasks to queue
[2024-01-17T06:23:49.447+0000] {logging_mixin.py:151} INFO - [2024-01-17T06:23:49.447+0000] {dagbag.py:539} INFO - Filling up the DagBag from /home/airflow/.local/lib/python3.11/site-packages/airflow/example_dags/example_python_operator.py
[2024-01-17T06:23:49.467+0000] {processor.py:839} INFO - DAG(s) dict_keys(['example_python_operator']) retrieved from /home/airflow/.local/lib/python3.11/site-packages/airflow/example_dags/example_python_operator.py
[2024-01-17T06:23:49.696+0000] {logging_mixin.py:151} INFO - [2024-01-17T06:23:49.696+0000] {dag.py:2915} INFO - Sync 1 DAGs
[2024-01-17T06:23:49.708+0000] {logging_mixin.py:151} INFO - [2024-01-17T06:23:49.708+0000] {dag.py:3696} INFO - Setting next_dagrun for example_python_operator to None, run_after=None
[2024-01-17T06:23:49.796+0000] {processor.py:179} INFO - Processing /home/airflow/.local/lib/python3.11/site-packages/airflow/example_dags/example_python_operator.py took 0.360 seconds
[2024-01-17T08:02:44.935+0000] {processor.py:157} INFO - Started process (PID=82804) to work on /home/airflow/.local/lib/python3.11/site-packages/airflow/example_dags/example_python_operator.py
[2024-01-17T08:02:44.936+0000] {processor.py:829} INFO - Processing file /home/airflow/.local/lib/python3.11/site-packages/airflow/example_dags/example_python_operator.py for tasks to queue
[2024-01-17T08:02:44.937+0000] {logging_mixin.py:151} INFO - [2024-01-17T08:02:44.937+0000] {dagbag.py:539} INFO - Filling up the DagBag from /home/airflow/.local/lib/python3.11/site-packages/airflow/example_dags/example_python_operator.py
[2024-01-17T08:02:44.951+0000] {processor.py:839} INFO - DAG(s) dict_keys(['example_python_operator']) retrieved from /home/airflow/.local/lib/python3.11/site-packages/airflow/example_dags/example_python_operator.py
[2024-01-17T08:02:44.975+0000] {logging_mixin.py:151} INFO - [2024-01-17T08:02:44.975+0000] {dag.py:2915} INFO - Sync 1 DAGs
[2024-01-17T08:02:44.990+0000] {logging_mixin.py:151} INFO - [2024-01-17T08:02:44.990+0000] {dag.py:3696} INFO - Setting next_dagrun for example_python_operator to None, run_after=None
[2024-01-17T08:02:45.004+0000] {processor.py:179} INFO - Processing /home/airflow/.local/lib/python3.11/site-packages/airflow/example_dags/example_python_operator.py took 0.072 seconds
[2024-01-17T08:37:31.579+0000] {processor.py:157} INFO - Started process (PID=82864) to work on /home/airflow/.local/lib/python3.11/site-packages/airflow/example_dags/example_python_operator.py
[2024-01-17T08:37:31.582+0000] {processor.py:829} INFO - Processing file /home/airflow/.local/lib/python3.11/site-packages/airflow/example_dags/example_python_operator.py for tasks to queue
[2024-01-17T08:37:31.584+0000] {logging_mixin.py:151} INFO - [2024-01-17T08:37:31.584+0000] {dagbag.py:539} INFO - Filling up the DagBag from /home/airflow/.local/lib/python3.11/site-packages/airflow/example_dags/example_python_operator.py
[2024-01-17T08:37:31.601+0000] {processor.py:839} INFO - DAG(s) dict_keys(['example_python_operator']) retrieved from /home/airflow/.local/lib/python3.11/site-packages/airflow/example_dags/example_python_operator.py
[2024-01-17T08:37:31.625+0000] {logging_mixin.py:151} INFO - [2024-01-17T08:37:31.625+0000] {dag.py:2915} INFO - Sync 1 DAGs
[2024-01-17T08:37:31.633+0000] {logging_mixin.py:151} INFO - [2024-01-17T08:37:31.633+0000] {dag.py:3696} INFO - Setting next_dagrun for example_python_operator to None, run_after=None
[2024-01-17T08:37:31.647+0000] {processor.py:179} INFO - Processing /home/airflow/.local/lib/python3.11/site-packages/airflow/example_dags/example_python_operator.py took 0.071 seconds
[2024-01-17T08:38:02.606+0000] {processor.py:157} INFO - Started process (PID=82923) to work on /home/airflow/.local/lib/python3.11/site-packages/airflow/example_dags/example_python_operator.py
[2024-01-17T08:38:02.608+0000] {processor.py:829} INFO - Processing file /home/airflow/.local/lib/python3.11/site-packages/airflow/example_dags/example_python_operator.py for tasks to queue
[2024-01-17T08:38:02.609+0000] {logging_mixin.py:151} INFO - [2024-01-17T08:38:02.609+0000] {dagbag.py:539} INFO - Filling up the DagBag from /home/airflow/.local/lib/python3.11/site-packages/airflow/example_dags/example_python_operator.py
[2024-01-17T08:38:02.617+0000] {processor.py:839} INFO - DAG(s) dict_keys(['example_python_operator']) retrieved from /home/airflow/.local/lib/python3.11/site-packages/airflow/example_dags/example_python_operator.py
[2024-01-17T08:38:02.633+0000] {logging_mixin.py:151} INFO - [2024-01-17T08:38:02.633+0000] {dag.py:2915} INFO - Sync 1 DAGs
[2024-01-17T08:38:02.641+0000] {logging_mixin.py:151} INFO - [2024-01-17T08:38:02.641+0000] {dag.py:3696} INFO - Setting next_dagrun for example_python_operator to None, run_after=None
[2024-01-17T08:38:02.652+0000] {processor.py:179} INFO - Processing /home/airflow/.local/lib/python3.11/site-packages/airflow/example_dags/example_python_operator.py took 0.049 seconds
[2024-01-17T08:38:32.745+0000] {processor.py:157} INFO - Started process (PID=82983) to work on /home/airflow/.local/lib/python3.11/site-packages/airflow/example_dags/example_python_operator.py
[2024-01-17T08:38:32.747+0000] {processor.py:829} INFO - Processing file /home/airflow/.local/lib/python3.11/site-packages/airflow/example_dags/example_python_operator.py for tasks to queue
[2024-01-17T08:38:32.748+0000] {logging_mixin.py:151} INFO - [2024-01-17T08:38:32.748+0000] {dagbag.py:539} INFO - Filling up the DagBag from /home/airflow/.local/lib/python3.11/site-packages/airflow/example_dags/example_python_operator.py
[2024-01-17T08:38:32.757+0000] {processor.py:839} INFO - DAG(s) dict_keys(['example_python_operator']) retrieved from /home/airflow/.local/lib/python3.11/site-packages/airflow/example_dags/example_python_operator.py
[2024-01-17T08:38:32.772+0000] {logging_mixin.py:151} INFO - [2024-01-17T08:38:32.772+0000] {dag.py:2915} INFO - Sync 1 DAGs
[2024-01-17T08:38:32.779+0000] {logging_mixin.py:151} INFO - [2024-01-17T08:38:32.779+0000] {dag.py:3696} INFO - Setting next_dagrun for example_python_operator to None, run_after=None
[2024-01-17T08:38:32.790+0000] {processor.py:179} INFO - Processing /home/airflow/.local/lib/python3.11/site-packages/airflow/example_dags/example_python_operator.py took 0.047 seconds
[2024-01-17T08:39:03.791+0000] {processor.py:157} INFO - Started process (PID=83043) to work on /home/airflow/.local/lib/python3.11/site-packages/airflow/example_dags/example_python_operator.py
[2024-01-17T08:39:03.793+0000] {processor.py:829} INFO - Processing file /home/airflow/.local/lib/python3.11/site-packages/airflow/example_dags/example_python_operator.py for tasks to queue
[2024-01-17T08:39:03.795+0000] {logging_mixin.py:151} INFO - [2024-01-17T08:39:03.795+0000] {dagbag.py:539} INFO - Filling up the DagBag from /home/airflow/.local/lib/python3.11/site-packages/airflow/example_dags/example_python_operator.py
[2024-01-17T08:39:03.805+0000] {processor.py:839} INFO - DAG(s) dict_keys(['example_python_operator']) retrieved from /home/airflow/.local/lib/python3.11/site-packages/airflow/example_dags/example_python_operator.py
[2024-01-17T08:39:03.819+0000] {logging_mixin.py:151} INFO - [2024-01-17T08:39:03.819+0000] {dag.py:2915} INFO - Sync 1 DAGs
[2024-01-17T08:39:03.827+0000] {logging_mixin.py:151} INFO - [2024-01-17T08:39:03.827+0000] {dag.py:3696} INFO - Setting next_dagrun for example_python_operator to None, run_after=None
[2024-01-17T08:39:03.837+0000] {processor.py:179} INFO - Processing /home/airflow/.local/lib/python3.11/site-packages/airflow/example_dags/example_python_operator.py took 0.049 seconds
[2024-01-17T08:39:35.080+0000] {processor.py:157} INFO - Started process (PID=83103) to work on /home/airflow/.local/lib/python3.11/site-packages/airflow/example_dags/example_python_operator.py
[2024-01-17T08:39:35.081+0000] {processor.py:829} INFO - Processing file /home/airflow/.local/lib/python3.11/site-packages/airflow/example_dags/example_python_operator.py for tasks to queue
[2024-01-17T08:39:35.087+0000] {logging_mixin.py:151} INFO - [2024-01-17T08:39:35.086+0000] {dagbag.py:539} INFO - Filling up the DagBag from /home/airflow/.local/lib/python3.11/site-packages/airflow/example_dags/example_python_operator.py
[2024-01-17T08:39:35.103+0000] {processor.py:839} INFO - DAG(s) dict_keys(['example_python_operator']) retrieved from /home/airflow/.local/lib/python3.11/site-packages/airflow/example_dags/example_python_operator.py
[2024-01-17T08:39:35.124+0000] {logging_mixin.py:151} INFO - [2024-01-17T08:39:35.124+0000] {dag.py:2915} INFO - Sync 1 DAGs
[2024-01-17T08:39:35.138+0000] {logging_mixin.py:151} INFO - [2024-01-17T08:39:35.137+0000] {dag.py:3696} INFO - Setting next_dagrun for example_python_operator to None, run_after=None
[2024-01-17T08:39:35.157+0000] {processor.py:179} INFO - Processing /home/airflow/.local/lib/python3.11/site-packages/airflow/example_dags/example_python_operator.py took 0.080 seconds
[2024-01-17T08:56:08.290+0000] {processor.py:157} INFO - Started process (PID=83163) to work on /home/airflow/.local/lib/python3.11/site-packages/airflow/example_dags/example_python_operator.py
[2024-01-17T08:56:08.293+0000] {processor.py:829} INFO - Processing file /home/airflow/.local/lib/python3.11/site-packages/airflow/example_dags/example_python_operator.py for tasks to queue
[2024-01-17T08:56:08.296+0000] {logging_mixin.py:151} INFO - [2024-01-17T08:56:08.296+0000] {dagbag.py:539} INFO - Filling up the DagBag from /home/airflow/.local/lib/python3.11/site-packages/airflow/example_dags/example_python_operator.py
[2024-01-17T08:56:08.311+0000] {processor.py:839} INFO - DAG(s) dict_keys(['example_python_operator']) retrieved from /home/airflow/.local/lib/python3.11/site-packages/airflow/example_dags/example_python_operator.py
[2024-01-17T08:56:08.355+0000] {logging_mixin.py:151} INFO - [2024-01-17T08:56:08.354+0000] {dag.py:2915} INFO - Sync 1 DAGs
[2024-01-17T08:56:08.378+0000] {logging_mixin.py:151} INFO - [2024-01-17T08:56:08.378+0000] {dag.py:3696} INFO - Setting next_dagrun for example_python_operator to None, run_after=None
[2024-01-17T08:56:08.404+0000] {processor.py:179} INFO - Processing /home/airflow/.local/lib/python3.11/site-packages/airflow/example_dags/example_python_operator.py took 0.116 seconds
[2024-01-17T08:56:38.800+0000] {processor.py:157} INFO - Started process (PID=83222) to work on /home/airflow/.local/lib/python3.11/site-packages/airflow/example_dags/example_python_operator.py
[2024-01-17T08:56:38.801+0000] {processor.py:829} INFO - Processing file /home/airflow/.local/lib/python3.11/site-packages/airflow/example_dags/example_python_operator.py for tasks to queue
[2024-01-17T08:56:38.804+0000] {logging_mixin.py:151} INFO - [2024-01-17T08:56:38.804+0000] {dagbag.py:539} INFO - Filling up the DagBag from /home/airflow/.local/lib/python3.11/site-packages/airflow/example_dags/example_python_operator.py
[2024-01-17T08:56:38.817+0000] {processor.py:839} INFO - DAG(s) dict_keys(['example_python_operator']) retrieved from /home/airflow/.local/lib/python3.11/site-packages/airflow/example_dags/example_python_operator.py
[2024-01-17T08:56:38.839+0000] {logging_mixin.py:151} INFO - [2024-01-17T08:56:38.839+0000] {dag.py:2915} INFO - Sync 1 DAGs
[2024-01-17T08:56:38.848+0000] {logging_mixin.py:151} INFO - [2024-01-17T08:56:38.847+0000] {dag.py:3696} INFO - Setting next_dagrun for example_python_operator to None, run_after=None
[2024-01-17T08:56:38.865+0000] {processor.py:179} INFO - Processing /home/airflow/.local/lib/python3.11/site-packages/airflow/example_dags/example_python_operator.py took 0.067 seconds
[2024-01-17T08:57:08.993+0000] {processor.py:157} INFO - Started process (PID=83282) to work on /home/airflow/.local/lib/python3.11/site-packages/airflow/example_dags/example_python_operator.py
[2024-01-17T08:57:08.996+0000] {processor.py:829} INFO - Processing file /home/airflow/.local/lib/python3.11/site-packages/airflow/example_dags/example_python_operator.py for tasks to queue
[2024-01-17T08:57:08.997+0000] {logging_mixin.py:151} INFO - [2024-01-17T08:57:08.997+0000] {dagbag.py:539} INFO - Filling up the DagBag from /home/airflow/.local/lib/python3.11/site-packages/airflow/example_dags/example_python_operator.py
[2024-01-17T08:57:09.013+0000] {processor.py:839} INFO - DAG(s) dict_keys(['example_python_operator']) retrieved from /home/airflow/.local/lib/python3.11/site-packages/airflow/example_dags/example_python_operator.py
[2024-01-17T08:57:09.036+0000] {logging_mixin.py:151} INFO - [2024-01-17T08:57:09.036+0000] {dag.py:2915} INFO - Sync 1 DAGs
[2024-01-17T08:57:09.052+0000] {logging_mixin.py:151} INFO - [2024-01-17T08:57:09.052+0000] {dag.py:3696} INFO - Setting next_dagrun for example_python_operator to None, run_after=None
[2024-01-17T08:57:09.065+0000] {processor.py:179} INFO - Processing /home/airflow/.local/lib/python3.11/site-packages/airflow/example_dags/example_python_operator.py took 0.075 seconds
[2024-01-17T08:57:39.281+0000] {processor.py:157} INFO - Started process (PID=83342) to work on /home/airflow/.local/lib/python3.11/site-packages/airflow/example_dags/example_python_operator.py
[2024-01-17T08:57:39.283+0000] {processor.py:829} INFO - Processing file /home/airflow/.local/lib/python3.11/site-packages/airflow/example_dags/example_python_operator.py for tasks to queue
[2024-01-17T08:57:39.286+0000] {logging_mixin.py:151} INFO - [2024-01-17T08:57:39.286+0000] {dagbag.py:539} INFO - Filling up the DagBag from /home/airflow/.local/lib/python3.11/site-packages/airflow/example_dags/example_python_operator.py
[2024-01-17T08:57:39.294+0000] {processor.py:839} INFO - DAG(s) dict_keys(['example_python_operator']) retrieved from /home/airflow/.local/lib/python3.11/site-packages/airflow/example_dags/example_python_operator.py
[2024-01-17T08:57:39.311+0000] {logging_mixin.py:151} INFO - [2024-01-17T08:57:39.310+0000] {dag.py:2915} INFO - Sync 1 DAGs
[2024-01-17T08:57:39.318+0000] {logging_mixin.py:151} INFO - [2024-01-17T08:57:39.318+0000] {dag.py:3696} INFO - Setting next_dagrun for example_python_operator to None, run_after=None
[2024-01-17T08:57:39.331+0000] {processor.py:179} INFO - Processing /home/airflow/.local/lib/python3.11/site-packages/airflow/example_dags/example_python_operator.py took 0.053 seconds
[2024-01-17T08:58:09.545+0000] {processor.py:157} INFO - Started process (PID=83402) to work on /home/airflow/.local/lib/python3.11/site-packages/airflow/example_dags/example_python_operator.py
[2024-01-17T08:58:09.548+0000] {processor.py:829} INFO - Processing file /home/airflow/.local/lib/python3.11/site-packages/airflow/example_dags/example_python_operator.py for tasks to queue
[2024-01-17T08:58:09.549+0000] {logging_mixin.py:151} INFO - [2024-01-17T08:58:09.549+0000] {dagbag.py:539} INFO - Filling up the DagBag from /home/airflow/.local/lib/python3.11/site-packages/airflow/example_dags/example_python_operator.py
[2024-01-17T08:58:09.560+0000] {processor.py:839} INFO - DAG(s) dict_keys(['example_python_operator']) retrieved from /home/airflow/.local/lib/python3.11/site-packages/airflow/example_dags/example_python_operator.py
[2024-01-17T08:58:09.579+0000] {logging_mixin.py:151} INFO - [2024-01-17T08:58:09.579+0000] {dag.py:2915} INFO - Sync 1 DAGs
[2024-01-17T08:58:09.588+0000] {logging_mixin.py:151} INFO - [2024-01-17T08:58:09.588+0000] {dag.py:3696} INFO - Setting next_dagrun for example_python_operator to None, run_after=None
[2024-01-17T08:58:09.605+0000] {processor.py:179} INFO - Processing /home/airflow/.local/lib/python3.11/site-packages/airflow/example_dags/example_python_operator.py took 0.062 seconds
[2024-01-17T08:58:39.795+0000] {processor.py:157} INFO - Started process (PID=83462) to work on /home/airflow/.local/lib/python3.11/site-packages/airflow/example_dags/example_python_operator.py
[2024-01-17T08:58:39.797+0000] {processor.py:829} INFO - Processing file /home/airflow/.local/lib/python3.11/site-packages/airflow/example_dags/example_python_operator.py for tasks to queue
[2024-01-17T08:58:39.798+0000] {logging_mixin.py:151} INFO - [2024-01-17T08:58:39.797+0000] {dagbag.py:539} INFO - Filling up the DagBag from /home/airflow/.local/lib/python3.11/site-packages/airflow/example_dags/example_python_operator.py
[2024-01-17T08:58:39.808+0000] {processor.py:839} INFO - DAG(s) dict_keys(['example_python_operator']) retrieved from /home/airflow/.local/lib/python3.11/site-packages/airflow/example_dags/example_python_operator.py
[2024-01-17T08:58:39.830+0000] {logging_mixin.py:151} INFO - [2024-01-17T08:58:39.830+0000] {dag.py:2915} INFO - Sync 1 DAGs
[2024-01-17T08:58:39.839+0000] {logging_mixin.py:151} INFO - [2024-01-17T08:58:39.839+0000] {dag.py:3696} INFO - Setting next_dagrun for example_python_operator to None, run_after=None
[2024-01-17T08:58:39.854+0000] {processor.py:179} INFO - Processing /home/airflow/.local/lib/python3.11/site-packages/airflow/example_dags/example_python_operator.py took 0.062 seconds
[2024-01-17T08:59:09.931+0000] {processor.py:157} INFO - Started process (PID=83522) to work on /home/airflow/.local/lib/python3.11/site-packages/airflow/example_dags/example_python_operator.py
[2024-01-17T08:59:09.932+0000] {processor.py:829} INFO - Processing file /home/airflow/.local/lib/python3.11/site-packages/airflow/example_dags/example_python_operator.py for tasks to queue
[2024-01-17T08:59:09.934+0000] {logging_mixin.py:151} INFO - [2024-01-17T08:59:09.934+0000] {dagbag.py:539} INFO - Filling up the DagBag from /home/airflow/.local/lib/python3.11/site-packages/airflow/example_dags/example_python_operator.py
[2024-01-17T08:59:09.942+0000] {processor.py:839} INFO - DAG(s) dict_keys(['example_python_operator']) retrieved from /home/airflow/.local/lib/python3.11/site-packages/airflow/example_dags/example_python_operator.py
[2024-01-17T08:59:09.960+0000] {logging_mixin.py:151} INFO - [2024-01-17T08:59:09.960+0000] {dag.py:2915} INFO - Sync 1 DAGs
[2024-01-17T08:59:09.968+0000] {logging_mixin.py:151} INFO - [2024-01-17T08:59:09.968+0000] {dag.py:3696} INFO - Setting next_dagrun for example_python_operator to None, run_after=None
[2024-01-17T08:59:09.982+0000] {processor.py:179} INFO - Processing /home/airflow/.local/lib/python3.11/site-packages/airflow/example_dags/example_python_operator.py took 0.054 seconds
[2024-01-17T08:59:40.957+0000] {processor.py:157} INFO - Started process (PID=83582) to work on /home/airflow/.local/lib/python3.11/site-packages/airflow/example_dags/example_python_operator.py
[2024-01-17T08:59:40.959+0000] {processor.py:829} INFO - Processing file /home/airflow/.local/lib/python3.11/site-packages/airflow/example_dags/example_python_operator.py for tasks to queue
[2024-01-17T08:59:40.961+0000] {logging_mixin.py:151} INFO - [2024-01-17T08:59:40.960+0000] {dagbag.py:539} INFO - Filling up the DagBag from /home/airflow/.local/lib/python3.11/site-packages/airflow/example_dags/example_python_operator.py
[2024-01-17T08:59:40.972+0000] {processor.py:839} INFO - DAG(s) dict_keys(['example_python_operator']) retrieved from /home/airflow/.local/lib/python3.11/site-packages/airflow/example_dags/example_python_operator.py
[2024-01-17T08:59:40.992+0000] {logging_mixin.py:151} INFO - [2024-01-17T08:59:40.992+0000] {dag.py:2915} INFO - Sync 1 DAGs
[2024-01-17T08:59:41.001+0000] {logging_mixin.py:151} INFO - [2024-01-17T08:59:41.001+0000] {dag.py:3696} INFO - Setting next_dagrun for example_python_operator to None, run_after=None
[2024-01-17T08:59:41.015+0000] {processor.py:179} INFO - Processing /home/airflow/.local/lib/python3.11/site-packages/airflow/example_dags/example_python_operator.py took 0.060 seconds
[2024-01-17T09:00:12.043+0000] {processor.py:157} INFO - Started process (PID=83642) to work on /home/airflow/.local/lib/python3.11/site-packages/airflow/example_dags/example_python_operator.py
[2024-01-17T09:00:12.045+0000] {processor.py:829} INFO - Processing file /home/airflow/.local/lib/python3.11/site-packages/airflow/example_dags/example_python_operator.py for tasks to queue
[2024-01-17T09:00:12.046+0000] {logging_mixin.py:151} INFO - [2024-01-17T09:00:12.046+0000] {dagbag.py:539} INFO - Filling up the DagBag from /home/airflow/.local/lib/python3.11/site-packages/airflow/example_dags/example_python_operator.py
[2024-01-17T09:00:12.056+0000] {processor.py:839} INFO - DAG(s) dict_keys(['example_python_operator']) retrieved from /home/airflow/.local/lib/python3.11/site-packages/airflow/example_dags/example_python_operator.py
[2024-01-17T09:00:12.077+0000] {logging_mixin.py:151} INFO - [2024-01-17T09:00:12.077+0000] {dag.py:2915} INFO - Sync 1 DAGs
[2024-01-17T09:00:12.085+0000] {logging_mixin.py:151} INFO - [2024-01-17T09:00:12.085+0000] {dag.py:3696} INFO - Setting next_dagrun for example_python_operator to None, run_after=None
[2024-01-17T09:00:12.101+0000] {processor.py:179} INFO - Processing /home/airflow/.local/lib/python3.11/site-packages/airflow/example_dags/example_python_operator.py took 0.060 seconds
[2024-01-17T09:00:42.889+0000] {processor.py:157} INFO - Started process (PID=83702) to work on /home/airflow/.local/lib/python3.11/site-packages/airflow/example_dags/example_python_operator.py
[2024-01-17T09:00:42.892+0000] {processor.py:829} INFO - Processing file /home/airflow/.local/lib/python3.11/site-packages/airflow/example_dags/example_python_operator.py for tasks to queue
[2024-01-17T09:00:42.893+0000] {logging_mixin.py:151} INFO - [2024-01-17T09:00:42.893+0000] {dagbag.py:539} INFO - Filling up the DagBag from /home/airflow/.local/lib/python3.11/site-packages/airflow/example_dags/example_python_operator.py
[2024-01-17T09:00:42.902+0000] {processor.py:839} INFO - DAG(s) dict_keys(['example_python_operator']) retrieved from /home/airflow/.local/lib/python3.11/site-packages/airflow/example_dags/example_python_operator.py
[2024-01-17T09:00:42.917+0000] {logging_mixin.py:151} INFO - [2024-01-17T09:00:42.917+0000] {dag.py:2915} INFO - Sync 1 DAGs
[2024-01-17T09:00:42.926+0000] {logging_mixin.py:151} INFO - [2024-01-17T09:00:42.926+0000] {dag.py:3696} INFO - Setting next_dagrun for example_python_operator to None, run_after=None
[2024-01-17T09:00:42.938+0000] {processor.py:179} INFO - Processing /home/airflow/.local/lib/python3.11/site-packages/airflow/example_dags/example_python_operator.py took 0.051 seconds
[2024-01-17T09:01:14.035+0000] {processor.py:157} INFO - Started process (PID=83761) to work on /home/airflow/.local/lib/python3.11/site-packages/airflow/example_dags/example_python_operator.py
[2024-01-17T09:01:14.036+0000] {processor.py:829} INFO - Processing file /home/airflow/.local/lib/python3.11/site-packages/airflow/example_dags/example_python_operator.py for tasks to queue
[2024-01-17T09:01:14.038+0000] {logging_mixin.py:151} INFO - [2024-01-17T09:01:14.037+0000] {dagbag.py:539} INFO - Filling up the DagBag from /home/airflow/.local/lib/python3.11/site-packages/airflow/example_dags/example_python_operator.py
[2024-01-17T09:01:14.051+0000] {processor.py:839} INFO - DAG(s) dict_keys(['example_python_operator']) retrieved from /home/airflow/.local/lib/python3.11/site-packages/airflow/example_dags/example_python_operator.py
[2024-01-17T09:01:14.072+0000] {logging_mixin.py:151} INFO - [2024-01-17T09:01:14.072+0000] {dag.py:2915} INFO - Sync 1 DAGs
[2024-01-17T09:01:14.081+0000] {logging_mixin.py:151} INFO - [2024-01-17T09:01:14.081+0000] {dag.py:3696} INFO - Setting next_dagrun for example_python_operator to None, run_after=None
[2024-01-17T09:01:14.095+0000] {processor.py:179} INFO - Processing /home/airflow/.local/lib/python3.11/site-packages/airflow/example_dags/example_python_operator.py took 0.064 seconds
[2024-01-17T09:01:44.164+0000] {processor.py:157} INFO - Started process (PID=83821) to work on /home/airflow/.local/lib/python3.11/site-packages/airflow/example_dags/example_python_operator.py
[2024-01-17T09:01:44.165+0000] {processor.py:829} INFO - Processing file /home/airflow/.local/lib/python3.11/site-packages/airflow/example_dags/example_python_operator.py for tasks to queue
[2024-01-17T09:01:44.167+0000] {logging_mixin.py:151} INFO - [2024-01-17T09:01:44.166+0000] {dagbag.py:539} INFO - Filling up the DagBag from /home/airflow/.local/lib/python3.11/site-packages/airflow/example_dags/example_python_operator.py
[2024-01-17T09:01:44.179+0000] {processor.py:839} INFO - DAG(s) dict_keys(['example_python_operator']) retrieved from /home/airflow/.local/lib/python3.11/site-packages/airflow/example_dags/example_python_operator.py
[2024-01-17T09:01:44.198+0000] {logging_mixin.py:151} INFO - [2024-01-17T09:01:44.198+0000] {dag.py:2915} INFO - Sync 1 DAGs
[2024-01-17T09:01:44.208+0000] {logging_mixin.py:151} INFO - [2024-01-17T09:01:44.208+0000] {dag.py:3696} INFO - Setting next_dagrun for example_python_operator to None, run_after=None
[2024-01-17T09:01:44.221+0000] {processor.py:179} INFO - Processing /home/airflow/.local/lib/python3.11/site-packages/airflow/example_dags/example_python_operator.py took 0.060 seconds
[2024-01-17T09:02:15.333+0000] {processor.py:157} INFO - Started process (PID=83888) to work on /home/airflow/.local/lib/python3.11/site-packages/airflow/example_dags/example_python_operator.py
[2024-01-17T09:02:15.335+0000] {processor.py:829} INFO - Processing file /home/airflow/.local/lib/python3.11/site-packages/airflow/example_dags/example_python_operator.py for tasks to queue
[2024-01-17T09:02:15.336+0000] {logging_mixin.py:151} INFO - [2024-01-17T09:02:15.336+0000] {dagbag.py:539} INFO - Filling up the DagBag from /home/airflow/.local/lib/python3.11/site-packages/airflow/example_dags/example_python_operator.py
[2024-01-17T09:02:15.345+0000] {processor.py:839} INFO - DAG(s) dict_keys(['example_python_operator']) retrieved from /home/airflow/.local/lib/python3.11/site-packages/airflow/example_dags/example_python_operator.py
[2024-01-17T09:02:15.363+0000] {logging_mixin.py:151} INFO - [2024-01-17T09:02:15.363+0000] {dag.py:2915} INFO - Sync 1 DAGs
[2024-01-17T09:02:15.372+0000] {logging_mixin.py:151} INFO - [2024-01-17T09:02:15.372+0000] {dag.py:3696} INFO - Setting next_dagrun for example_python_operator to None, run_after=None
[2024-01-17T09:02:15.388+0000] {processor.py:179} INFO - Processing /home/airflow/.local/lib/python3.11/site-packages/airflow/example_dags/example_python_operator.py took 0.057 seconds
[2024-01-17T09:02:45.507+0000] {processor.py:157} INFO - Started process (PID=83948) to work on /home/airflow/.local/lib/python3.11/site-packages/airflow/example_dags/example_python_operator.py
[2024-01-17T09:02:45.509+0000] {processor.py:829} INFO - Processing file /home/airflow/.local/lib/python3.11/site-packages/airflow/example_dags/example_python_operator.py for tasks to queue
[2024-01-17T09:02:45.512+0000] {logging_mixin.py:151} INFO - [2024-01-17T09:02:45.511+0000] {dagbag.py:539} INFO - Filling up the DagBag from /home/airflow/.local/lib/python3.11/site-packages/airflow/example_dags/example_python_operator.py
[2024-01-17T09:02:45.524+0000] {processor.py:839} INFO - DAG(s) dict_keys(['example_python_operator']) retrieved from /home/airflow/.local/lib/python3.11/site-packages/airflow/example_dags/example_python_operator.py
[2024-01-17T09:02:45.545+0000] {logging_mixin.py:151} INFO - [2024-01-17T09:02:45.545+0000] {dag.py:2915} INFO - Sync 1 DAGs
[2024-01-17T09:02:45.553+0000] {logging_mixin.py:151} INFO - [2024-01-17T09:02:45.553+0000] {dag.py:3696} INFO - Setting next_dagrun for example_python_operator to None, run_after=None
[2024-01-17T09:02:45.565+0000] {processor.py:179} INFO - Processing /home/airflow/.local/lib/python3.11/site-packages/airflow/example_dags/example_python_operator.py took 0.060 seconds
[2024-01-17T09:03:16.583+0000] {processor.py:157} INFO - Started process (PID=84008) to work on /home/airflow/.local/lib/python3.11/site-packages/airflow/example_dags/example_python_operator.py
[2024-01-17T09:03:16.586+0000] {processor.py:829} INFO - Processing file /home/airflow/.local/lib/python3.11/site-packages/airflow/example_dags/example_python_operator.py for tasks to queue
[2024-01-17T09:03:16.587+0000] {logging_mixin.py:151} INFO - [2024-01-17T09:03:16.587+0000] {dagbag.py:539} INFO - Filling up the DagBag from /home/airflow/.local/lib/python3.11/site-packages/airflow/example_dags/example_python_operator.py
[2024-01-17T09:03:16.600+0000] {processor.py:839} INFO - DAG(s) dict_keys(['example_python_operator']) retrieved from /home/airflow/.local/lib/python3.11/site-packages/airflow/example_dags/example_python_operator.py
[2024-01-17T09:03:16.623+0000] {logging_mixin.py:151} INFO - [2024-01-17T09:03:16.623+0000] {dag.py:2915} INFO - Sync 1 DAGs
[2024-01-17T09:03:16.633+0000] {logging_mixin.py:151} INFO - [2024-01-17T09:03:16.632+0000] {dag.py:3696} INFO - Setting next_dagrun for example_python_operator to None, run_after=None
[2024-01-17T09:03:16.647+0000] {processor.py:179} INFO - Processing /home/airflow/.local/lib/python3.11/site-packages/airflow/example_dags/example_python_operator.py took 0.066 seconds
[2024-01-17T09:03:46.989+0000] {processor.py:157} INFO - Started process (PID=84067) to work on /home/airflow/.local/lib/python3.11/site-packages/airflow/example_dags/example_python_operator.py
[2024-01-17T09:03:46.991+0000] {processor.py:829} INFO - Processing file /home/airflow/.local/lib/python3.11/site-packages/airflow/example_dags/example_python_operator.py for tasks to queue
[2024-01-17T09:03:46.992+0000] {logging_mixin.py:151} INFO - [2024-01-17T09:03:46.992+0000] {dagbag.py:539} INFO - Filling up the DagBag from /home/airflow/.local/lib/python3.11/site-packages/airflow/example_dags/example_python_operator.py
[2024-01-17T09:03:47.005+0000] {processor.py:839} INFO - DAG(s) dict_keys(['example_python_operator']) retrieved from /home/airflow/.local/lib/python3.11/site-packages/airflow/example_dags/example_python_operator.py
[2024-01-17T09:03:47.023+0000] {logging_mixin.py:151} INFO - [2024-01-17T09:03:47.023+0000] {dag.py:2915} INFO - Sync 1 DAGs
[2024-01-17T09:03:47.032+0000] {logging_mixin.py:151} INFO - [2024-01-17T09:03:47.032+0000] {dag.py:3696} INFO - Setting next_dagrun for example_python_operator to None, run_after=None
[2024-01-17T09:03:47.046+0000] {processor.py:179} INFO - Processing /home/airflow/.local/lib/python3.11/site-packages/airflow/example_dags/example_python_operator.py took 0.059 seconds
[2024-01-17T09:04:17.970+0000] {processor.py:157} INFO - Started process (PID=84127) to work on /home/airflow/.local/lib/python3.11/site-packages/airflow/example_dags/example_python_operator.py
[2024-01-17T09:04:17.972+0000] {processor.py:829} INFO - Processing file /home/airflow/.local/lib/python3.11/site-packages/airflow/example_dags/example_python_operator.py for tasks to queue
[2024-01-17T09:04:17.974+0000] {logging_mixin.py:151} INFO - [2024-01-17T09:04:17.974+0000] {dagbag.py:539} INFO - Filling up the DagBag from /home/airflow/.local/lib/python3.11/site-packages/airflow/example_dags/example_python_operator.py
[2024-01-17T09:04:17.987+0000] {processor.py:839} INFO - DAG(s) dict_keys(['example_python_operator']) retrieved from /home/airflow/.local/lib/python3.11/site-packages/airflow/example_dags/example_python_operator.py
[2024-01-17T09:04:18.006+0000] {logging_mixin.py:151} INFO - [2024-01-17T09:04:18.006+0000] {dag.py:2915} INFO - Sync 1 DAGs
[2024-01-17T09:04:18.015+0000] {logging_mixin.py:151} INFO - [2024-01-17T09:04:18.015+0000] {dag.py:3696} INFO - Setting next_dagrun for example_python_operator to None, run_after=None
[2024-01-17T09:04:18.029+0000] {processor.py:179} INFO - Processing /home/airflow/.local/lib/python3.11/site-packages/airflow/example_dags/example_python_operator.py took 0.061 seconds
[2024-01-17T09:04:48.110+0000] {processor.py:157} INFO - Started process (PID=84187) to work on /home/airflow/.local/lib/python3.11/site-packages/airflow/example_dags/example_python_operator.py
[2024-01-17T09:04:48.113+0000] {processor.py:829} INFO - Processing file /home/airflow/.local/lib/python3.11/site-packages/airflow/example_dags/example_python_operator.py for tasks to queue
[2024-01-17T09:04:48.116+0000] {logging_mixin.py:151} INFO - [2024-01-17T09:04:48.115+0000] {dagbag.py:539} INFO - Filling up the DagBag from /home/airflow/.local/lib/python3.11/site-packages/airflow/example_dags/example_python_operator.py
[2024-01-17T09:04:48.128+0000] {processor.py:839} INFO - DAG(s) dict_keys(['example_python_operator']) retrieved from /home/airflow/.local/lib/python3.11/site-packages/airflow/example_dags/example_python_operator.py
[2024-01-17T09:04:48.148+0000] {logging_mixin.py:151} INFO - [2024-01-17T09:04:48.148+0000] {dag.py:2915} INFO - Sync 1 DAGs
[2024-01-17T09:04:48.160+0000] {logging_mixin.py:151} INFO - [2024-01-17T09:04:48.160+0000] {dag.py:3696} INFO - Setting next_dagrun for example_python_operator to None, run_after=None
[2024-01-17T09:04:48.180+0000] {processor.py:179} INFO - Processing /home/airflow/.local/lib/python3.11/site-packages/airflow/example_dags/example_python_operator.py took 0.072 seconds
[2024-01-17T09:05:19.185+0000] {processor.py:157} INFO - Started process (PID=84247) to work on /home/airflow/.local/lib/python3.11/site-packages/airflow/example_dags/example_python_operator.py
[2024-01-17T09:05:19.187+0000] {processor.py:829} INFO - Processing file /home/airflow/.local/lib/python3.11/site-packages/airflow/example_dags/example_python_operator.py for tasks to queue
[2024-01-17T09:05:19.189+0000] {logging_mixin.py:151} INFO - [2024-01-17T09:05:19.189+0000] {dagbag.py:539} INFO - Filling up the DagBag from /home/airflow/.local/lib/python3.11/site-packages/airflow/example_dags/example_python_operator.py
[2024-01-17T09:05:19.198+0000] {processor.py:839} INFO - DAG(s) dict_keys(['example_python_operator']) retrieved from /home/airflow/.local/lib/python3.11/site-packages/airflow/example_dags/example_python_operator.py
[2024-01-17T09:05:19.216+0000] {logging_mixin.py:151} INFO - [2024-01-17T09:05:19.216+0000] {dag.py:2915} INFO - Sync 1 DAGs
[2024-01-17T09:05:19.225+0000] {logging_mixin.py:151} INFO - [2024-01-17T09:05:19.225+0000] {dag.py:3696} INFO - Setting next_dagrun for example_python_operator to None, run_after=None
[2024-01-17T09:05:19.240+0000] {processor.py:179} INFO - Processing /home/airflow/.local/lib/python3.11/site-packages/airflow/example_dags/example_python_operator.py took 0.056 seconds
[2024-01-17T09:05:49.706+0000] {processor.py:157} INFO - Started process (PID=84307) to work on /home/airflow/.local/lib/python3.11/site-packages/airflow/example_dags/example_python_operator.py
[2024-01-17T09:05:49.708+0000] {processor.py:829} INFO - Processing file /home/airflow/.local/lib/python3.11/site-packages/airflow/example_dags/example_python_operator.py for tasks to queue
[2024-01-17T09:05:49.710+0000] {logging_mixin.py:151} INFO - [2024-01-17T09:05:49.709+0000] {dagbag.py:539} INFO - Filling up the DagBag from /home/airflow/.local/lib/python3.11/site-packages/airflow/example_dags/example_python_operator.py
[2024-01-17T09:05:49.720+0000] {processor.py:839} INFO - DAG(s) dict_keys(['example_python_operator']) retrieved from /home/airflow/.local/lib/python3.11/site-packages/airflow/example_dags/example_python_operator.py
[2024-01-17T09:05:49.741+0000] {logging_mixin.py:151} INFO - [2024-01-17T09:05:49.741+0000] {dag.py:2915} INFO - Sync 1 DAGs
[2024-01-17T09:05:49.755+0000] {logging_mixin.py:151} INFO - [2024-01-17T09:05:49.755+0000] {dag.py:3696} INFO - Setting next_dagrun for example_python_operator to None, run_after=None
[2024-01-17T09:05:49.769+0000] {processor.py:179} INFO - Processing /home/airflow/.local/lib/python3.11/site-packages/airflow/example_dags/example_python_operator.py took 0.065 seconds
[2024-01-17T09:06:19.834+0000] {processor.py:157} INFO - Started process (PID=84367) to work on /home/airflow/.local/lib/python3.11/site-packages/airflow/example_dags/example_python_operator.py
[2024-01-17T09:06:19.835+0000] {processor.py:829} INFO - Processing file /home/airflow/.local/lib/python3.11/site-packages/airflow/example_dags/example_python_operator.py for tasks to queue
[2024-01-17T09:06:19.837+0000] {logging_mixin.py:151} INFO - [2024-01-17T09:06:19.836+0000] {dagbag.py:539} INFO - Filling up the DagBag from /home/airflow/.local/lib/python3.11/site-packages/airflow/example_dags/example_python_operator.py
[2024-01-17T09:06:19.845+0000] {processor.py:839} INFO - DAG(s) dict_keys(['example_python_operator']) retrieved from /home/airflow/.local/lib/python3.11/site-packages/airflow/example_dags/example_python_operator.py
[2024-01-17T09:06:19.864+0000] {logging_mixin.py:151} INFO - [2024-01-17T09:06:19.864+0000] {dag.py:2915} INFO - Sync 1 DAGs
[2024-01-17T09:06:19.872+0000] {logging_mixin.py:151} INFO - [2024-01-17T09:06:19.872+0000] {dag.py:3696} INFO - Setting next_dagrun for example_python_operator to None, run_after=None
[2024-01-17T09:06:19.885+0000] {processor.py:179} INFO - Processing /home/airflow/.local/lib/python3.11/site-packages/airflow/example_dags/example_python_operator.py took 0.054 seconds
[2024-01-17T09:06:50.046+0000] {processor.py:157} INFO - Started process (PID=84427) to work on /home/airflow/.local/lib/python3.11/site-packages/airflow/example_dags/example_python_operator.py
[2024-01-17T09:06:50.048+0000] {processor.py:829} INFO - Processing file /home/airflow/.local/lib/python3.11/site-packages/airflow/example_dags/example_python_operator.py for tasks to queue
[2024-01-17T09:06:50.049+0000] {logging_mixin.py:151} INFO - [2024-01-17T09:06:50.049+0000] {dagbag.py:539} INFO - Filling up the DagBag from /home/airflow/.local/lib/python3.11/site-packages/airflow/example_dags/example_python_operator.py
[2024-01-17T09:06:50.059+0000] {processor.py:839} INFO - DAG(s) dict_keys(['example_python_operator']) retrieved from /home/airflow/.local/lib/python3.11/site-packages/airflow/example_dags/example_python_operator.py
[2024-01-17T09:06:50.079+0000] {logging_mixin.py:151} INFO - [2024-01-17T09:06:50.078+0000] {dag.py:2915} INFO - Sync 1 DAGs
[2024-01-17T09:06:50.086+0000] {logging_mixin.py:151} INFO - [2024-01-17T09:06:50.086+0000] {dag.py:3696} INFO - Setting next_dagrun for example_python_operator to None, run_after=None
[2024-01-17T09:06:50.100+0000] {processor.py:179} INFO - Processing /home/airflow/.local/lib/python3.11/site-packages/airflow/example_dags/example_python_operator.py took 0.057 seconds
[2024-01-17T09:07:20.962+0000] {processor.py:157} INFO - Started process (PID=84487) to work on /home/airflow/.local/lib/python3.11/site-packages/airflow/example_dags/example_python_operator.py
[2024-01-17T09:07:20.963+0000] {processor.py:829} INFO - Processing file /home/airflow/.local/lib/python3.11/site-packages/airflow/example_dags/example_python_operator.py for tasks to queue
[2024-01-17T09:07:20.965+0000] {logging_mixin.py:151} INFO - [2024-01-17T09:07:20.965+0000] {dagbag.py:539} INFO - Filling up the DagBag from /home/airflow/.local/lib/python3.11/site-packages/airflow/example_dags/example_python_operator.py
[2024-01-17T09:07:20.974+0000] {processor.py:839} INFO - DAG(s) dict_keys(['example_python_operator']) retrieved from /home/airflow/.local/lib/python3.11/site-packages/airflow/example_dags/example_python_operator.py
[2024-01-17T09:07:20.990+0000] {logging_mixin.py:151} INFO - [2024-01-17T09:07:20.990+0000] {dag.py:2915} INFO - Sync 1 DAGs
[2024-01-17T09:07:20.999+0000] {logging_mixin.py:151} INFO - [2024-01-17T09:07:20.999+0000] {dag.py:3696} INFO - Setting next_dagrun for example_python_operator to None, run_after=None
[2024-01-17T09:07:21.014+0000] {processor.py:179} INFO - Processing /home/airflow/.local/lib/python3.11/site-packages/airflow/example_dags/example_python_operator.py took 0.055 seconds
[2024-01-17T09:07:51.201+0000] {processor.py:157} INFO - Started process (PID=84547) to work on /home/airflow/.local/lib/python3.11/site-packages/airflow/example_dags/example_python_operator.py
[2024-01-17T09:07:51.203+0000] {processor.py:829} INFO - Processing file /home/airflow/.local/lib/python3.11/site-packages/airflow/example_dags/example_python_operator.py for tasks to queue
[2024-01-17T09:07:51.204+0000] {logging_mixin.py:151} INFO - [2024-01-17T09:07:51.204+0000] {dagbag.py:539} INFO - Filling up the DagBag from /home/airflow/.local/lib/python3.11/site-packages/airflow/example_dags/example_python_operator.py
[2024-01-17T09:07:51.214+0000] {processor.py:839} INFO - DAG(s) dict_keys(['example_python_operator']) retrieved from /home/airflow/.local/lib/python3.11/site-packages/airflow/example_dags/example_python_operator.py
[2024-01-17T09:07:51.244+0000] {logging_mixin.py:151} INFO - [2024-01-17T09:07:51.244+0000] {dag.py:2915} INFO - Sync 1 DAGs
[2024-01-17T09:07:51.253+0000] {logging_mixin.py:151} INFO - [2024-01-17T09:07:51.253+0000] {dag.py:3696} INFO - Setting next_dagrun for example_python_operator to None, run_after=None
[2024-01-17T09:07:51.268+0000] {processor.py:179} INFO - Processing /home/airflow/.local/lib/python3.11/site-packages/airflow/example_dags/example_python_operator.py took 0.069 seconds
[2024-01-17T09:08:22.142+0000] {processor.py:157} INFO - Started process (PID=84607) to work on /home/airflow/.local/lib/python3.11/site-packages/airflow/example_dags/example_python_operator.py
[2024-01-17T09:08:22.145+0000] {processor.py:829} INFO - Processing file /home/airflow/.local/lib/python3.11/site-packages/airflow/example_dags/example_python_operator.py for tasks to queue
[2024-01-17T09:08:22.146+0000] {logging_mixin.py:151} INFO - [2024-01-17T09:08:22.146+0000] {dagbag.py:539} INFO - Filling up the DagBag from /home/airflow/.local/lib/python3.11/site-packages/airflow/example_dags/example_python_operator.py
[2024-01-17T09:08:22.155+0000] {processor.py:839} INFO - DAG(s) dict_keys(['example_python_operator']) retrieved from /home/airflow/.local/lib/python3.11/site-packages/airflow/example_dags/example_python_operator.py
[2024-01-17T09:08:22.176+0000] {logging_mixin.py:151} INFO - [2024-01-17T09:08:22.176+0000] {dag.py:2915} INFO - Sync 1 DAGs
[2024-01-17T09:08:22.185+0000] {logging_mixin.py:151} INFO - [2024-01-17T09:08:22.185+0000] {dag.py:3696} INFO - Setting next_dagrun for example_python_operator to None, run_after=None
[2024-01-17T09:08:22.197+0000] {processor.py:179} INFO - Processing /home/airflow/.local/lib/python3.11/site-packages/airflow/example_dags/example_python_operator.py took 0.057 seconds
[2024-01-17T09:08:52.415+0000] {processor.py:157} INFO - Started process (PID=84667) to work on /home/airflow/.local/lib/python3.11/site-packages/airflow/example_dags/example_python_operator.py
[2024-01-17T09:08:52.417+0000] {processor.py:829} INFO - Processing file /home/airflow/.local/lib/python3.11/site-packages/airflow/example_dags/example_python_operator.py for tasks to queue
[2024-01-17T09:08:52.419+0000] {logging_mixin.py:151} INFO - [2024-01-17T09:08:52.418+0000] {dagbag.py:539} INFO - Filling up the DagBag from /home/airflow/.local/lib/python3.11/site-packages/airflow/example_dags/example_python_operator.py
[2024-01-17T09:08:52.428+0000] {processor.py:839} INFO - DAG(s) dict_keys(['example_python_operator']) retrieved from /home/airflow/.local/lib/python3.11/site-packages/airflow/example_dags/example_python_operator.py
[2024-01-17T09:08:52.448+0000] {logging_mixin.py:151} INFO - [2024-01-17T09:08:52.448+0000] {dag.py:2915} INFO - Sync 1 DAGs
[2024-01-17T09:08:52.457+0000] {logging_mixin.py:151} INFO - [2024-01-17T09:08:52.456+0000] {dag.py:3696} INFO - Setting next_dagrun for example_python_operator to None, run_after=None
[2024-01-17T09:08:52.473+0000] {processor.py:179} INFO - Processing /home/airflow/.local/lib/python3.11/site-packages/airflow/example_dags/example_python_operator.py took 0.061 seconds
[2024-01-17T09:09:23.128+0000] {processor.py:157} INFO - Started process (PID=84727) to work on /home/airflow/.local/lib/python3.11/site-packages/airflow/example_dags/example_python_operator.py
[2024-01-17T09:09:23.130+0000] {processor.py:829} INFO - Processing file /home/airflow/.local/lib/python3.11/site-packages/airflow/example_dags/example_python_operator.py for tasks to queue
[2024-01-17T09:09:23.134+0000] {logging_mixin.py:151} INFO - [2024-01-17T09:09:23.133+0000] {dagbag.py:539} INFO - Filling up the DagBag from /home/airflow/.local/lib/python3.11/site-packages/airflow/example_dags/example_python_operator.py
[2024-01-17T09:09:23.147+0000] {processor.py:839} INFO - DAG(s) dict_keys(['example_python_operator']) retrieved from /home/airflow/.local/lib/python3.11/site-packages/airflow/example_dags/example_python_operator.py
[2024-01-17T09:09:23.165+0000] {logging_mixin.py:151} INFO - [2024-01-17T09:09:23.165+0000] {dag.py:2915} INFO - Sync 1 DAGs
[2024-01-17T09:09:23.174+0000] {logging_mixin.py:151} INFO - [2024-01-17T09:09:23.174+0000] {dag.py:3696} INFO - Setting next_dagrun for example_python_operator to None, run_after=None
[2024-01-17T09:09:23.197+0000] {processor.py:179} INFO - Processing /home/airflow/.local/lib/python3.11/site-packages/airflow/example_dags/example_python_operator.py took 0.072 seconds
[2024-01-17T09:09:53.966+0000] {processor.py:157} INFO - Started process (PID=84787) to work on /home/airflow/.local/lib/python3.11/site-packages/airflow/example_dags/example_python_operator.py
[2024-01-17T09:09:53.968+0000] {processor.py:829} INFO - Processing file /home/airflow/.local/lib/python3.11/site-packages/airflow/example_dags/example_python_operator.py for tasks to queue
[2024-01-17T09:09:53.971+0000] {logging_mixin.py:151} INFO - [2024-01-17T09:09:53.971+0000] {dagbag.py:539} INFO - Filling up the DagBag from /home/airflow/.local/lib/python3.11/site-packages/airflow/example_dags/example_python_operator.py
[2024-01-17T09:09:53.987+0000] {processor.py:839} INFO - DAG(s) dict_keys(['example_python_operator']) retrieved from /home/airflow/.local/lib/python3.11/site-packages/airflow/example_dags/example_python_operator.py
[2024-01-17T09:09:54.016+0000] {logging_mixin.py:151} INFO - [2024-01-17T09:09:54.015+0000] {dag.py:2915} INFO - Sync 1 DAGs
[2024-01-17T09:09:54.027+0000] {logging_mixin.py:151} INFO - [2024-01-17T09:09:54.026+0000] {dag.py:3696} INFO - Setting next_dagrun for example_python_operator to None, run_after=None
[2024-01-17T09:09:54.058+0000] {processor.py:179} INFO - Processing /home/airflow/.local/lib/python3.11/site-packages/airflow/example_dags/example_python_operator.py took 0.095 seconds
[2024-01-17T09:10:24.669+0000] {processor.py:157} INFO - Started process (PID=84847) to work on /home/airflow/.local/lib/python3.11/site-packages/airflow/example_dags/example_python_operator.py
[2024-01-17T09:10:24.672+0000] {processor.py:829} INFO - Processing file /home/airflow/.local/lib/python3.11/site-packages/airflow/example_dags/example_python_operator.py for tasks to queue
[2024-01-17T09:10:24.673+0000] {logging_mixin.py:151} INFO - [2024-01-17T09:10:24.673+0000] {dagbag.py:539} INFO - Filling up the DagBag from /home/airflow/.local/lib/python3.11/site-packages/airflow/example_dags/example_python_operator.py
[2024-01-17T09:10:24.688+0000] {processor.py:839} INFO - DAG(s) dict_keys(['example_python_operator']) retrieved from /home/airflow/.local/lib/python3.11/site-packages/airflow/example_dags/example_python_operator.py
[2024-01-17T09:10:24.709+0000] {logging_mixin.py:151} INFO - [2024-01-17T09:10:24.709+0000] {dag.py:2915} INFO - Sync 1 DAGs
[2024-01-17T09:10:24.717+0000] {logging_mixin.py:151} INFO - [2024-01-17T09:10:24.717+0000] {dag.py:3696} INFO - Setting next_dagrun for example_python_operator to None, run_after=None
[2024-01-17T09:10:24.732+0000] {processor.py:179} INFO - Processing /home/airflow/.local/lib/python3.11/site-packages/airflow/example_dags/example_python_operator.py took 0.065 seconds
[2024-01-17T09:10:55.510+0000] {processor.py:157} INFO - Started process (PID=84907) to work on /home/airflow/.local/lib/python3.11/site-packages/airflow/example_dags/example_python_operator.py
[2024-01-17T09:10:55.512+0000] {processor.py:829} INFO - Processing file /home/airflow/.local/lib/python3.11/site-packages/airflow/example_dags/example_python_operator.py for tasks to queue
[2024-01-17T09:10:55.514+0000] {logging_mixin.py:151} INFO - [2024-01-17T09:10:55.514+0000] {dagbag.py:539} INFO - Filling up the DagBag from /home/airflow/.local/lib/python3.11/site-packages/airflow/example_dags/example_python_operator.py
[2024-01-17T09:10:55.526+0000] {processor.py:839} INFO - DAG(s) dict_keys(['example_python_operator']) retrieved from /home/airflow/.local/lib/python3.11/site-packages/airflow/example_dags/example_python_operator.py
[2024-01-17T09:10:55.542+0000] {logging_mixin.py:151} INFO - [2024-01-17T09:10:55.542+0000] {dag.py:2915} INFO - Sync 1 DAGs
[2024-01-17T09:10:55.551+0000] {logging_mixin.py:151} INFO - [2024-01-17T09:10:55.551+0000] {dag.py:3696} INFO - Setting next_dagrun for example_python_operator to None, run_after=None
[2024-01-17T09:10:55.570+0000] {processor.py:179} INFO - Processing /home/airflow/.local/lib/python3.11/site-packages/airflow/example_dags/example_python_operator.py took 0.062 seconds
[2024-01-17T09:11:26.502+0000] {processor.py:157} INFO - Started process (PID=84967) to work on /home/airflow/.local/lib/python3.11/site-packages/airflow/example_dags/example_python_operator.py
[2024-01-17T09:11:26.503+0000] {processor.py:829} INFO - Processing file /home/airflow/.local/lib/python3.11/site-packages/airflow/example_dags/example_python_operator.py for tasks to queue
[2024-01-17T09:11:26.505+0000] {logging_mixin.py:151} INFO - [2024-01-17T09:11:26.505+0000] {dagbag.py:539} INFO - Filling up the DagBag from /home/airflow/.local/lib/python3.11/site-packages/airflow/example_dags/example_python_operator.py
[2024-01-17T09:11:26.524+0000] {processor.py:839} INFO - DAG(s) dict_keys(['example_python_operator']) retrieved from /home/airflow/.local/lib/python3.11/site-packages/airflow/example_dags/example_python_operator.py
[2024-01-17T09:11:26.546+0000] {logging_mixin.py:151} INFO - [2024-01-17T09:11:26.546+0000] {dag.py:2915} INFO - Sync 1 DAGs
[2024-01-17T09:11:26.554+0000] {logging_mixin.py:151} INFO - [2024-01-17T09:11:26.554+0000] {dag.py:3696} INFO - Setting next_dagrun for example_python_operator to None, run_after=None
[2024-01-17T09:11:26.579+0000] {processor.py:179} INFO - Processing /home/airflow/.local/lib/python3.11/site-packages/airflow/example_dags/example_python_operator.py took 0.080 seconds
[2024-01-17T09:11:56.979+0000] {processor.py:157} INFO - Started process (PID=85027) to work on /home/airflow/.local/lib/python3.11/site-packages/airflow/example_dags/example_python_operator.py
[2024-01-17T09:11:56.981+0000] {processor.py:829} INFO - Processing file /home/airflow/.local/lib/python3.11/site-packages/airflow/example_dags/example_python_operator.py for tasks to queue
[2024-01-17T09:11:56.983+0000] {logging_mixin.py:151} INFO - [2024-01-17T09:11:56.983+0000] {dagbag.py:539} INFO - Filling up the DagBag from /home/airflow/.local/lib/python3.11/site-packages/airflow/example_dags/example_python_operator.py
[2024-01-17T09:11:56.993+0000] {processor.py:839} INFO - DAG(s) dict_keys(['example_python_operator']) retrieved from /home/airflow/.local/lib/python3.11/site-packages/airflow/example_dags/example_python_operator.py
[2024-01-17T09:11:57.017+0000] {logging_mixin.py:151} INFO - [2024-01-17T09:11:57.017+0000] {dag.py:2915} INFO - Sync 1 DAGs
[2024-01-17T09:11:57.025+0000] {logging_mixin.py:151} INFO - [2024-01-17T09:11:57.025+0000] {dag.py:3696} INFO - Setting next_dagrun for example_python_operator to None, run_after=None
[2024-01-17T09:11:57.037+0000] {processor.py:179} INFO - Processing /home/airflow/.local/lib/python3.11/site-packages/airflow/example_dags/example_python_operator.py took 0.060 seconds
[2024-01-17T09:12:27.150+0000] {processor.py:157} INFO - Started process (PID=85087) to work on /home/airflow/.local/lib/python3.11/site-packages/airflow/example_dags/example_python_operator.py
[2024-01-17T09:12:27.151+0000] {processor.py:829} INFO - Processing file /home/airflow/.local/lib/python3.11/site-packages/airflow/example_dags/example_python_operator.py for tasks to queue
[2024-01-17T09:12:27.154+0000] {logging_mixin.py:151} INFO - [2024-01-17T09:12:27.153+0000] {dagbag.py:539} INFO - Filling up the DagBag from /home/airflow/.local/lib/python3.11/site-packages/airflow/example_dags/example_python_operator.py
[2024-01-17T09:12:27.163+0000] {processor.py:839} INFO - DAG(s) dict_keys(['example_python_operator']) retrieved from /home/airflow/.local/lib/python3.11/site-packages/airflow/example_dags/example_python_operator.py
[2024-01-17T09:12:27.183+0000] {logging_mixin.py:151} INFO - [2024-01-17T09:12:27.183+0000] {dag.py:2915} INFO - Sync 1 DAGs
[2024-01-17T09:12:27.193+0000] {logging_mixin.py:151} INFO - [2024-01-17T09:12:27.193+0000] {dag.py:3696} INFO - Setting next_dagrun for example_python_operator to None, run_after=None
[2024-01-17T09:12:27.207+0000] {processor.py:179} INFO - Processing /home/airflow/.local/lib/python3.11/site-packages/airflow/example_dags/example_python_operator.py took 0.059 seconds
[2024-01-17T09:12:57.357+0000] {processor.py:157} INFO - Started process (PID=85147) to work on /home/airflow/.local/lib/python3.11/site-packages/airflow/example_dags/example_python_operator.py
[2024-01-17T09:12:57.359+0000] {processor.py:829} INFO - Processing file /home/airflow/.local/lib/python3.11/site-packages/airflow/example_dags/example_python_operator.py for tasks to queue
[2024-01-17T09:12:57.360+0000] {logging_mixin.py:151} INFO - [2024-01-17T09:12:57.360+0000] {dagbag.py:539} INFO - Filling up the DagBag from /home/airflow/.local/lib/python3.11/site-packages/airflow/example_dags/example_python_operator.py
[2024-01-17T09:12:57.372+0000] {processor.py:839} INFO - DAG(s) dict_keys(['example_python_operator']) retrieved from /home/airflow/.local/lib/python3.11/site-packages/airflow/example_dags/example_python_operator.py
[2024-01-17T09:12:57.395+0000] {logging_mixin.py:151} INFO - [2024-01-17T09:12:57.395+0000] {dag.py:2915} INFO - Sync 1 DAGs
[2024-01-17T09:12:57.403+0000] {logging_mixin.py:151} INFO - [2024-01-17T09:12:57.403+0000] {dag.py:3696} INFO - Setting next_dagrun for example_python_operator to None, run_after=None
[2024-01-17T09:12:57.417+0000] {processor.py:179} INFO - Processing /home/airflow/.local/lib/python3.11/site-packages/airflow/example_dags/example_python_operator.py took 0.063 seconds
[2024-01-17T09:42:03.876+0000] {processor.py:157} INFO - Started process (PID=85177) to work on /home/airflow/.local/lib/python3.11/site-packages/airflow/example_dags/example_python_operator.py
[2024-01-17T09:42:03.880+0000] {processor.py:829} INFO - Processing file /home/airflow/.local/lib/python3.11/site-packages/airflow/example_dags/example_python_operator.py for tasks to queue
[2024-01-17T09:42:03.882+0000] {logging_mixin.py:151} INFO - [2024-01-17T09:42:03.881+0000] {dagbag.py:539} INFO - Filling up the DagBag from /home/airflow/.local/lib/python3.11/site-packages/airflow/example_dags/example_python_operator.py
[2024-01-17T09:42:03.903+0000] {processor.py:839} INFO - DAG(s) dict_keys(['example_python_operator']) retrieved from /home/airflow/.local/lib/python3.11/site-packages/airflow/example_dags/example_python_operator.py
[2024-01-17T09:42:03.939+0000] {logging_mixin.py:151} INFO - [2024-01-17T09:42:03.939+0000] {dag.py:2915} INFO - Sync 1 DAGs
[2024-01-17T09:42:03.951+0000] {logging_mixin.py:151} INFO - [2024-01-17T09:42:03.951+0000] {dag.py:3696} INFO - Setting next_dagrun for example_python_operator to None, run_after=None
[2024-01-17T09:42:03.972+0000] {processor.py:179} INFO - Processing /home/airflow/.local/lib/python3.11/site-packages/airflow/example_dags/example_python_operator.py took 0.100 seconds
[2024-01-17T10:48:59.174+0000] {processor.py:157} INFO - Started process (PID=85237) to work on /home/airflow/.local/lib/python3.11/site-packages/airflow/example_dags/example_python_operator.py
[2024-01-17T10:48:59.179+0000] {processor.py:829} INFO - Processing file /home/airflow/.local/lib/python3.11/site-packages/airflow/example_dags/example_python_operator.py for tasks to queue
[2024-01-17T10:48:59.181+0000] {logging_mixin.py:151} INFO - [2024-01-17T10:48:59.181+0000] {dagbag.py:539} INFO - Filling up the DagBag from /home/airflow/.local/lib/python3.11/site-packages/airflow/example_dags/example_python_operator.py
[2024-01-17T10:48:59.193+0000] {processor.py:839} INFO - DAG(s) dict_keys(['example_python_operator']) retrieved from /home/airflow/.local/lib/python3.11/site-packages/airflow/example_dags/example_python_operator.py
[2024-01-17T10:48:59.215+0000] {logging_mixin.py:151} INFO - [2024-01-17T10:48:59.215+0000] {dag.py:2915} INFO - Sync 1 DAGs
[2024-01-17T10:48:59.237+0000] {logging_mixin.py:151} INFO - [2024-01-17T10:48:59.237+0000] {dag.py:3696} INFO - Setting next_dagrun for example_python_operator to None, run_after=None
[2024-01-17T10:48:59.275+0000] {processor.py:179} INFO - Processing /home/airflow/.local/lib/python3.11/site-packages/airflow/example_dags/example_python_operator.py took 0.107 seconds
[2024-01-17T11:55:35.319+0000] {processor.py:157} INFO - Started process (PID=85297) to work on /home/airflow/.local/lib/python3.11/site-packages/airflow/example_dags/example_python_operator.py
[2024-01-17T11:55:35.322+0000] {processor.py:829} INFO - Processing file /home/airflow/.local/lib/python3.11/site-packages/airflow/example_dags/example_python_operator.py for tasks to queue
[2024-01-17T11:55:35.323+0000] {logging_mixin.py:151} INFO - [2024-01-17T11:55:35.323+0000] {dagbag.py:539} INFO - Filling up the DagBag from /home/airflow/.local/lib/python3.11/site-packages/airflow/example_dags/example_python_operator.py
[2024-01-17T11:55:35.345+0000] {processor.py:839} INFO - DAG(s) dict_keys(['example_python_operator']) retrieved from /home/airflow/.local/lib/python3.11/site-packages/airflow/example_dags/example_python_operator.py
[2024-01-17T11:55:35.394+0000] {logging_mixin.py:151} INFO - [2024-01-17T11:55:35.394+0000] {dag.py:2915} INFO - Sync 1 DAGs
[2024-01-17T11:55:35.406+0000] {logging_mixin.py:151} INFO - [2024-01-17T11:55:35.406+0000] {dag.py:3696} INFO - Setting next_dagrun for example_python_operator to None, run_after=None
[2024-01-17T11:55:35.429+0000] {processor.py:179} INFO - Processing /home/airflow/.local/lib/python3.11/site-packages/airflow/example_dags/example_python_operator.py took 0.115 seconds
[2024-01-17T13:21:31.049+0000] {processor.py:157} INFO - Started process (PID=85357) to work on /home/airflow/.local/lib/python3.11/site-packages/airflow/example_dags/example_python_operator.py
[2024-01-17T13:21:31.051+0000] {processor.py:829} INFO - Processing file /home/airflow/.local/lib/python3.11/site-packages/airflow/example_dags/example_python_operator.py for tasks to queue
[2024-01-17T13:21:31.053+0000] {logging_mixin.py:151} INFO - [2024-01-17T13:21:31.052+0000] {dagbag.py:539} INFO - Filling up the DagBag from /home/airflow/.local/lib/python3.11/site-packages/airflow/example_dags/example_python_operator.py
[2024-01-17T13:21:31.071+0000] {processor.py:839} INFO - DAG(s) dict_keys(['example_python_operator']) retrieved from /home/airflow/.local/lib/python3.11/site-packages/airflow/example_dags/example_python_operator.py
[2024-01-17T13:21:31.161+0000] {logging_mixin.py:151} INFO - [2024-01-17T13:21:31.161+0000] {dag.py:2915} INFO - Sync 1 DAGs
[2024-01-17T13:21:31.194+0000] {logging_mixin.py:151} INFO - [2024-01-17T13:21:31.194+0000] {dag.py:3696} INFO - Setting next_dagrun for example_python_operator to None, run_after=None
[2024-01-17T13:21:31.209+0000] {processor.py:179} INFO - Processing /home/airflow/.local/lib/python3.11/site-packages/airflow/example_dags/example_python_operator.py took 0.163 seconds
[2024-01-17T14:44:00.207+0000] {processor.py:157} INFO - Started process (PID=85417) to work on /home/airflow/.local/lib/python3.11/site-packages/airflow/example_dags/example_python_operator.py
[2024-01-17T14:44:00.210+0000] {processor.py:829} INFO - Processing file /home/airflow/.local/lib/python3.11/site-packages/airflow/example_dags/example_python_operator.py for tasks to queue
[2024-01-17T14:44:00.211+0000] {logging_mixin.py:151} INFO - [2024-01-17T14:44:00.211+0000] {dagbag.py:539} INFO - Filling up the DagBag from /home/airflow/.local/lib/python3.11/site-packages/airflow/example_dags/example_python_operator.py
[2024-01-17T14:44:00.224+0000] {processor.py:839} INFO - DAG(s) dict_keys(['example_python_operator']) retrieved from /home/airflow/.local/lib/python3.11/site-packages/airflow/example_dags/example_python_operator.py
[2024-01-17T14:44:00.249+0000] {logging_mixin.py:151} INFO - [2024-01-17T14:44:00.249+0000] {dag.py:2915} INFO - Sync 1 DAGs
[2024-01-17T14:44:00.257+0000] {logging_mixin.py:151} INFO - [2024-01-17T14:44:00.257+0000] {dag.py:3696} INFO - Setting next_dagrun for example_python_operator to None, run_after=None
[2024-01-17T14:44:00.271+0000] {processor.py:179} INFO - Processing /home/airflow/.local/lib/python3.11/site-packages/airflow/example_dags/example_python_operator.py took 0.067 seconds
[2024-01-17T16:08:29.556+0000] {processor.py:157} INFO - Started process (PID=85477) to work on /home/airflow/.local/lib/python3.11/site-packages/airflow/example_dags/example_python_operator.py
[2024-01-17T16:08:29.559+0000] {processor.py:829} INFO - Processing file /home/airflow/.local/lib/python3.11/site-packages/airflow/example_dags/example_python_operator.py for tasks to queue
[2024-01-17T16:08:29.560+0000] {logging_mixin.py:151} INFO - [2024-01-17T16:08:29.560+0000] {dagbag.py:539} INFO - Filling up the DagBag from /home/airflow/.local/lib/python3.11/site-packages/airflow/example_dags/example_python_operator.py
[2024-01-17T16:08:29.605+0000] {processor.py:839} INFO - DAG(s) dict_keys(['example_python_operator']) retrieved from /home/airflow/.local/lib/python3.11/site-packages/airflow/example_dags/example_python_operator.py
[2024-01-17T16:08:29.681+0000] {logging_mixin.py:151} INFO - [2024-01-17T16:08:29.680+0000] {dag.py:2915} INFO - Sync 1 DAGs
[2024-01-17T16:08:29.715+0000] {logging_mixin.py:151} INFO - [2024-01-17T16:08:29.715+0000] {dag.py:3696} INFO - Setting next_dagrun for example_python_operator to None, run_after=None
[2024-01-17T16:08:29.807+0000] {processor.py:179} INFO - Processing /home/airflow/.local/lib/python3.11/site-packages/airflow/example_dags/example_python_operator.py took 0.254 seconds
[2024-01-17T17:33:54.679+0000] {processor.py:157} INFO - Started process (PID=85537) to work on /home/airflow/.local/lib/python3.11/site-packages/airflow/example_dags/example_python_operator.py
[2024-01-17T17:33:54.682+0000] {processor.py:829} INFO - Processing file /home/airflow/.local/lib/python3.11/site-packages/airflow/example_dags/example_python_operator.py for tasks to queue
[2024-01-17T17:33:54.685+0000] {logging_mixin.py:151} INFO - [2024-01-17T17:33:54.684+0000] {dagbag.py:539} INFO - Filling up the DagBag from /home/airflow/.local/lib/python3.11/site-packages/airflow/example_dags/example_python_operator.py
[2024-01-17T17:33:54.699+0000] {processor.py:839} INFO - DAG(s) dict_keys(['example_python_operator']) retrieved from /home/airflow/.local/lib/python3.11/site-packages/airflow/example_dags/example_python_operator.py
[2024-01-17T17:33:54.946+0000] {logging_mixin.py:151} INFO - [2024-01-17T17:33:54.946+0000] {dag.py:2915} INFO - Sync 1 DAGs
[2024-01-17T17:33:54.982+0000] {logging_mixin.py:151} INFO - [2024-01-17T17:33:54.981+0000] {dag.py:3696} INFO - Setting next_dagrun for example_python_operator to None, run_after=None
[2024-01-17T17:33:55.090+0000] {processor.py:179} INFO - Processing /home/airflow/.local/lib/python3.11/site-packages/airflow/example_dags/example_python_operator.py took 0.414 seconds
[2024-01-17T18:52:27.640+0000] {processor.py:157} INFO - Started process (PID=85597) to work on /home/airflow/.local/lib/python3.11/site-packages/airflow/example_dags/example_python_operator.py
[2024-01-17T18:52:27.642+0000] {processor.py:829} INFO - Processing file /home/airflow/.local/lib/python3.11/site-packages/airflow/example_dags/example_python_operator.py for tasks to queue
[2024-01-17T18:52:27.644+0000] {logging_mixin.py:151} INFO - [2024-01-17T18:52:27.643+0000] {dagbag.py:539} INFO - Filling up the DagBag from /home/airflow/.local/lib/python3.11/site-packages/airflow/example_dags/example_python_operator.py
[2024-01-17T18:52:27.652+0000] {processor.py:839} INFO - DAG(s) dict_keys(['example_python_operator']) retrieved from /home/airflow/.local/lib/python3.11/site-packages/airflow/example_dags/example_python_operator.py
[2024-01-17T18:52:27.672+0000] {logging_mixin.py:151} INFO - [2024-01-17T18:52:27.672+0000] {dag.py:2915} INFO - Sync 1 DAGs
[2024-01-17T18:52:27.681+0000] {logging_mixin.py:151} INFO - [2024-01-17T18:52:27.681+0000] {dag.py:3696} INFO - Setting next_dagrun for example_python_operator to None, run_after=None
[2024-01-17T18:52:27.694+0000] {processor.py:179} INFO - Processing /home/airflow/.local/lib/python3.11/site-packages/airflow/example_dags/example_python_operator.py took 0.057 seconds
[2024-01-17T20:14:15.729+0000] {processor.py:157} INFO - Started process (PID=85657) to work on /home/airflow/.local/lib/python3.11/site-packages/airflow/example_dags/example_python_operator.py
[2024-01-17T20:14:15.730+0000] {processor.py:829} INFO - Processing file /home/airflow/.local/lib/python3.11/site-packages/airflow/example_dags/example_python_operator.py for tasks to queue
[2024-01-17T20:14:15.732+0000] {logging_mixin.py:151} INFO - [2024-01-17T20:14:15.732+0000] {dagbag.py:539} INFO - Filling up the DagBag from /home/airflow/.local/lib/python3.11/site-packages/airflow/example_dags/example_python_operator.py
[2024-01-17T20:14:15.974+0000] {processor.py:839} INFO - DAG(s) dict_keys(['example_python_operator']) retrieved from /home/airflow/.local/lib/python3.11/site-packages/airflow/example_dags/example_python_operator.py
[2024-01-17T20:14:16.029+0000] {logging_mixin.py:151} INFO - [2024-01-17T20:14:16.029+0000] {dag.py:2915} INFO - Sync 1 DAGs
[2024-01-17T20:14:16.087+0000] {logging_mixin.py:151} INFO - [2024-01-17T20:14:16.087+0000] {dag.py:3696} INFO - Setting next_dagrun for example_python_operator to None, run_after=None
[2024-01-17T20:14:16.117+0000] {processor.py:179} INFO - Processing /home/airflow/.local/lib/python3.11/site-packages/airflow/example_dags/example_python_operator.py took 0.391 seconds
[2024-01-17T21:41:23.105+0000] {processor.py:157} INFO - Started process (PID=85718) to work on /home/airflow/.local/lib/python3.11/site-packages/airflow/example_dags/example_python_operator.py
[2024-01-17T21:41:23.125+0000] {processor.py:829} INFO - Processing file /home/airflow/.local/lib/python3.11/site-packages/airflow/example_dags/example_python_operator.py for tasks to queue
[2024-01-17T21:41:23.151+0000] {logging_mixin.py:151} INFO - [2024-01-17T21:41:23.147+0000] {dagbag.py:539} INFO - Filling up the DagBag from /home/airflow/.local/lib/python3.11/site-packages/airflow/example_dags/example_python_operator.py
[2024-01-17T21:41:23.179+0000] {processor.py:839} INFO - DAG(s) dict_keys(['example_python_operator']) retrieved from /home/airflow/.local/lib/python3.11/site-packages/airflow/example_dags/example_python_operator.py
[2024-01-17T21:41:23.216+0000] {logging_mixin.py:151} INFO - [2024-01-17T21:41:23.216+0000] {dag.py:2915} INFO - Sync 1 DAGs
[2024-01-17T21:41:23.289+0000] {logging_mixin.py:151} INFO - [2024-01-17T21:41:23.289+0000] {dag.py:3696} INFO - Setting next_dagrun for example_python_operator to None, run_after=None
[2024-01-17T21:41:23.341+0000] {processor.py:179} INFO - Processing /home/airflow/.local/lib/python3.11/site-packages/airflow/example_dags/example_python_operator.py took 0.246 seconds
[2024-01-17T23:01:25.006+0000] {processor.py:157} INFO - Started process (PID=85778) to work on /home/airflow/.local/lib/python3.11/site-packages/airflow/example_dags/example_python_operator.py
[2024-01-17T23:01:25.008+0000] {processor.py:829} INFO - Processing file /home/airflow/.local/lib/python3.11/site-packages/airflow/example_dags/example_python_operator.py for tasks to queue
[2024-01-17T23:01:25.010+0000] {logging_mixin.py:151} INFO - [2024-01-17T23:01:25.010+0000] {dagbag.py:539} INFO - Filling up the DagBag from /home/airflow/.local/lib/python3.11/site-packages/airflow/example_dags/example_python_operator.py
[2024-01-17T23:01:25.019+0000] {processor.py:839} INFO - DAG(s) dict_keys(['example_python_operator']) retrieved from /home/airflow/.local/lib/python3.11/site-packages/airflow/example_dags/example_python_operator.py
[2024-01-17T23:01:25.038+0000] {logging_mixin.py:151} INFO - [2024-01-17T23:01:25.038+0000] {dag.py:2915} INFO - Sync 1 DAGs
[2024-01-17T23:01:25.047+0000] {logging_mixin.py:151} INFO - [2024-01-17T23:01:25.047+0000] {dag.py:3696} INFO - Setting next_dagrun for example_python_operator to None, run_after=None
[2024-01-17T23:01:25.061+0000] {processor.py:179} INFO - Processing /home/airflow/.local/lib/python3.11/site-packages/airflow/example_dags/example_python_operator.py took 0.058 seconds
[2024-01-17T23:11:57.169+0000] {processor.py:157} INFO - Started process (PID=85838) to work on /home/airflow/.local/lib/python3.11/site-packages/airflow/example_dags/example_python_operator.py
[2024-01-17T23:11:57.171+0000] {processor.py:829} INFO - Processing file /home/airflow/.local/lib/python3.11/site-packages/airflow/example_dags/example_python_operator.py for tasks to queue
[2024-01-17T23:11:57.172+0000] {logging_mixin.py:151} INFO - [2024-01-17T23:11:57.172+0000] {dagbag.py:539} INFO - Filling up the DagBag from /home/airflow/.local/lib/python3.11/site-packages/airflow/example_dags/example_python_operator.py
[2024-01-17T23:11:57.181+0000] {processor.py:839} INFO - DAG(s) dict_keys(['example_python_operator']) retrieved from /home/airflow/.local/lib/python3.11/site-packages/airflow/example_dags/example_python_operator.py
[2024-01-17T23:11:57.201+0000] {logging_mixin.py:151} INFO - [2024-01-17T23:11:57.201+0000] {dag.py:2915} INFO - Sync 1 DAGs
[2024-01-17T23:11:57.210+0000] {logging_mixin.py:151} INFO - [2024-01-17T23:11:57.210+0000] {dag.py:3696} INFO - Setting next_dagrun for example_python_operator to None, run_after=None
[2024-01-17T23:11:57.222+0000] {processor.py:179} INFO - Processing /home/airflow/.local/lib/python3.11/site-packages/airflow/example_dags/example_python_operator.py took 0.055 seconds
[2024-01-17T23:12:27.318+0000] {processor.py:157} INFO - Started process (PID=85898) to work on /home/airflow/.local/lib/python3.11/site-packages/airflow/example_dags/example_python_operator.py
[2024-01-17T23:12:27.320+0000] {processor.py:829} INFO - Processing file /home/airflow/.local/lib/python3.11/site-packages/airflow/example_dags/example_python_operator.py for tasks to queue
[2024-01-17T23:12:27.322+0000] {logging_mixin.py:151} INFO - [2024-01-17T23:12:27.322+0000] {dagbag.py:539} INFO - Filling up the DagBag from /home/airflow/.local/lib/python3.11/site-packages/airflow/example_dags/example_python_operator.py
[2024-01-17T23:12:27.331+0000] {processor.py:839} INFO - DAG(s) dict_keys(['example_python_operator']) retrieved from /home/airflow/.local/lib/python3.11/site-packages/airflow/example_dags/example_python_operator.py
[2024-01-17T23:12:27.352+0000] {logging_mixin.py:151} INFO - [2024-01-17T23:12:27.352+0000] {dag.py:2915} INFO - Sync 1 DAGs
[2024-01-17T23:12:27.361+0000] {logging_mixin.py:151} INFO - [2024-01-17T23:12:27.361+0000] {dag.py:3696} INFO - Setting next_dagrun for example_python_operator to None, run_after=None
[2024-01-17T23:12:27.374+0000] {processor.py:179} INFO - Processing /home/airflow/.local/lib/python3.11/site-packages/airflow/example_dags/example_python_operator.py took 0.058 seconds
[2024-01-17T23:12:58.349+0000] {processor.py:157} INFO - Started process (PID=85958) to work on /home/airflow/.local/lib/python3.11/site-packages/airflow/example_dags/example_python_operator.py
[2024-01-17T23:12:58.351+0000] {processor.py:829} INFO - Processing file /home/airflow/.local/lib/python3.11/site-packages/airflow/example_dags/example_python_operator.py for tasks to queue
[2024-01-17T23:12:58.352+0000] {logging_mixin.py:151} INFO - [2024-01-17T23:12:58.352+0000] {dagbag.py:539} INFO - Filling up the DagBag from /home/airflow/.local/lib/python3.11/site-packages/airflow/example_dags/example_python_operator.py
[2024-01-17T23:12:58.365+0000] {processor.py:839} INFO - DAG(s) dict_keys(['example_python_operator']) retrieved from /home/airflow/.local/lib/python3.11/site-packages/airflow/example_dags/example_python_operator.py
[2024-01-17T23:12:58.385+0000] {logging_mixin.py:151} INFO - [2024-01-17T23:12:58.385+0000] {dag.py:2915} INFO - Sync 1 DAGs
[2024-01-17T23:12:58.393+0000] {logging_mixin.py:151} INFO - [2024-01-17T23:12:58.393+0000] {dag.py:3696} INFO - Setting next_dagrun for example_python_operator to None, run_after=None
[2024-01-17T23:12:58.406+0000] {processor.py:179} INFO - Processing /home/airflow/.local/lib/python3.11/site-packages/airflow/example_dags/example_python_operator.py took 0.059 seconds
[2024-01-17T23:17:18.895+0000] {processor.py:157} INFO - Started process (PID=86018) to work on /home/airflow/.local/lib/python3.11/site-packages/airflow/example_dags/example_python_operator.py
[2024-01-17T23:17:18.897+0000] {processor.py:829} INFO - Processing file /home/airflow/.local/lib/python3.11/site-packages/airflow/example_dags/example_python_operator.py for tasks to queue
[2024-01-17T23:17:18.898+0000] {logging_mixin.py:151} INFO - [2024-01-17T23:17:18.898+0000] {dagbag.py:539} INFO - Filling up the DagBag from /home/airflow/.local/lib/python3.11/site-packages/airflow/example_dags/example_python_operator.py
[2024-01-17T23:17:18.916+0000] {processor.py:839} INFO - DAG(s) dict_keys(['example_python_operator']) retrieved from /home/airflow/.local/lib/python3.11/site-packages/airflow/example_dags/example_python_operator.py
[2024-01-17T23:17:18.938+0000] {logging_mixin.py:151} INFO - [2024-01-17T23:17:18.938+0000] {dag.py:2915} INFO - Sync 1 DAGs
[2024-01-17T23:17:18.947+0000] {logging_mixin.py:151} INFO - [2024-01-17T23:17:18.947+0000] {dag.py:3696} INFO - Setting next_dagrun for example_python_operator to None, run_after=None
[2024-01-17T23:17:18.965+0000] {processor.py:179} INFO - Processing /home/airflow/.local/lib/python3.11/site-packages/airflow/example_dags/example_python_operator.py took 0.074 seconds
[2024-01-17T23:17:49.001+0000] {processor.py:157} INFO - Started process (PID=86078) to work on /home/airflow/.local/lib/python3.11/site-packages/airflow/example_dags/example_python_operator.py
[2024-01-17T23:17:49.003+0000] {processor.py:829} INFO - Processing file /home/airflow/.local/lib/python3.11/site-packages/airflow/example_dags/example_python_operator.py for tasks to queue
[2024-01-17T23:17:49.004+0000] {logging_mixin.py:151} INFO - [2024-01-17T23:17:49.004+0000] {dagbag.py:539} INFO - Filling up the DagBag from /home/airflow/.local/lib/python3.11/site-packages/airflow/example_dags/example_python_operator.py
[2024-01-17T23:17:49.014+0000] {processor.py:839} INFO - DAG(s) dict_keys(['example_python_operator']) retrieved from /home/airflow/.local/lib/python3.11/site-packages/airflow/example_dags/example_python_operator.py
[2024-01-17T23:17:49.031+0000] {logging_mixin.py:151} INFO - [2024-01-17T23:17:49.030+0000] {dag.py:2915} INFO - Sync 1 DAGs
[2024-01-17T23:17:49.040+0000] {logging_mixin.py:151} INFO - [2024-01-17T23:17:49.040+0000] {dag.py:3696} INFO - Setting next_dagrun for example_python_operator to None, run_after=None
[2024-01-17T23:17:49.052+0000] {processor.py:179} INFO - Processing /home/airflow/.local/lib/python3.11/site-packages/airflow/example_dags/example_python_operator.py took 0.054 seconds
[2024-01-17T23:18:19.350+0000] {processor.py:157} INFO - Started process (PID=86138) to work on /home/airflow/.local/lib/python3.11/site-packages/airflow/example_dags/example_python_operator.py
[2024-01-17T23:18:19.354+0000] {processor.py:829} INFO - Processing file /home/airflow/.local/lib/python3.11/site-packages/airflow/example_dags/example_python_operator.py for tasks to queue
[2024-01-17T23:18:19.355+0000] {logging_mixin.py:151} INFO - [2024-01-17T23:18:19.355+0000] {dagbag.py:539} INFO - Filling up the DagBag from /home/airflow/.local/lib/python3.11/site-packages/airflow/example_dags/example_python_operator.py
[2024-01-17T23:18:19.365+0000] {processor.py:839} INFO - DAG(s) dict_keys(['example_python_operator']) retrieved from /home/airflow/.local/lib/python3.11/site-packages/airflow/example_dags/example_python_operator.py
[2024-01-17T23:18:19.387+0000] {logging_mixin.py:151} INFO - [2024-01-17T23:18:19.387+0000] {dag.py:2915} INFO - Sync 1 DAGs
[2024-01-17T23:18:19.399+0000] {logging_mixin.py:151} INFO - [2024-01-17T23:18:19.399+0000] {dag.py:3696} INFO - Setting next_dagrun for example_python_operator to None, run_after=None
[2024-01-17T23:18:19.413+0000] {processor.py:179} INFO - Processing /home/airflow/.local/lib/python3.11/site-packages/airflow/example_dags/example_python_operator.py took 0.065 seconds
[2024-01-17T23:18:49.840+0000] {processor.py:157} INFO - Started process (PID=86197) to work on /home/airflow/.local/lib/python3.11/site-packages/airflow/example_dags/example_python_operator.py
[2024-01-17T23:18:49.842+0000] {processor.py:829} INFO - Processing file /home/airflow/.local/lib/python3.11/site-packages/airflow/example_dags/example_python_operator.py for tasks to queue
[2024-01-17T23:18:49.844+0000] {logging_mixin.py:151} INFO - [2024-01-17T23:18:49.843+0000] {dagbag.py:539} INFO - Filling up the DagBag from /home/airflow/.local/lib/python3.11/site-packages/airflow/example_dags/example_python_operator.py
[2024-01-17T23:18:49.857+0000] {processor.py:839} INFO - DAG(s) dict_keys(['example_python_operator']) retrieved from /home/airflow/.local/lib/python3.11/site-packages/airflow/example_dags/example_python_operator.py
[2024-01-17T23:18:49.873+0000] {logging_mixin.py:151} INFO - [2024-01-17T23:18:49.873+0000] {dag.py:2915} INFO - Sync 1 DAGs
[2024-01-17T23:18:49.881+0000] {logging_mixin.py:151} INFO - [2024-01-17T23:18:49.881+0000] {dag.py:3696} INFO - Setting next_dagrun for example_python_operator to None, run_after=None
[2024-01-17T23:18:49.895+0000] {processor.py:179} INFO - Processing /home/airflow/.local/lib/python3.11/site-packages/airflow/example_dags/example_python_operator.py took 0.058 seconds
[2024-01-17T23:19:20.229+0000] {processor.py:157} INFO - Started process (PID=86257) to work on /home/airflow/.local/lib/python3.11/site-packages/airflow/example_dags/example_python_operator.py
[2024-01-17T23:19:20.233+0000] {processor.py:829} INFO - Processing file /home/airflow/.local/lib/python3.11/site-packages/airflow/example_dags/example_python_operator.py for tasks to queue
[2024-01-17T23:19:20.236+0000] {logging_mixin.py:151} INFO - [2024-01-17T23:19:20.235+0000] {dagbag.py:539} INFO - Filling up the DagBag from /home/airflow/.local/lib/python3.11/site-packages/airflow/example_dags/example_python_operator.py
[2024-01-17T23:19:20.248+0000] {processor.py:839} INFO - DAG(s) dict_keys(['example_python_operator']) retrieved from /home/airflow/.local/lib/python3.11/site-packages/airflow/example_dags/example_python_operator.py
[2024-01-17T23:19:20.285+0000] {logging_mixin.py:151} INFO - [2024-01-17T23:19:20.285+0000] {dag.py:2915} INFO - Sync 1 DAGs
[2024-01-17T23:19:20.300+0000] {logging_mixin.py:151} INFO - [2024-01-17T23:19:20.299+0000] {dag.py:3696} INFO - Setting next_dagrun for example_python_operator to None, run_after=None
[2024-01-17T23:19:20.321+0000] {processor.py:179} INFO - Processing /home/airflow/.local/lib/python3.11/site-packages/airflow/example_dags/example_python_operator.py took 0.095 seconds
[2024-01-17T23:19:50.507+0000] {processor.py:157} INFO - Started process (PID=86317) to work on /home/airflow/.local/lib/python3.11/site-packages/airflow/example_dags/example_python_operator.py
[2024-01-17T23:19:50.510+0000] {processor.py:829} INFO - Processing file /home/airflow/.local/lib/python3.11/site-packages/airflow/example_dags/example_python_operator.py for tasks to queue
[2024-01-17T23:19:50.514+0000] {logging_mixin.py:151} INFO - [2024-01-17T23:19:50.514+0000] {dagbag.py:539} INFO - Filling up the DagBag from /home/airflow/.local/lib/python3.11/site-packages/airflow/example_dags/example_python_operator.py
[2024-01-17T23:19:50.530+0000] {processor.py:839} INFO - DAG(s) dict_keys(['example_python_operator']) retrieved from /home/airflow/.local/lib/python3.11/site-packages/airflow/example_dags/example_python_operator.py
[2024-01-17T23:19:50.559+0000] {logging_mixin.py:151} INFO - [2024-01-17T23:19:50.559+0000] {dag.py:2915} INFO - Sync 1 DAGs
[2024-01-17T23:19:50.571+0000] {logging_mixin.py:151} INFO - [2024-01-17T23:19:50.571+0000] {dag.py:3696} INFO - Setting next_dagrun for example_python_operator to None, run_after=None
[2024-01-17T23:19:50.595+0000] {processor.py:179} INFO - Processing /home/airflow/.local/lib/python3.11/site-packages/airflow/example_dags/example_python_operator.py took 0.090 seconds
