[2023-04-19T12:36:45.025+0000] {taskinstance.py:1083} INFO - Dependencies all met for <TaskInstance: age_check.multiplication scheduled__2022-08-27T00:00:00+00:00 [queued]>
[2023-04-19T12:36:45.213+0000] {taskinstance.py:1083} INFO - Dependencies all met for <TaskInstance: age_check.multiplication scheduled__2022-08-27T00:00:00+00:00 [queued]>
[2023-04-19T12:36:45.222+0000] {taskinstance.py:1279} INFO - 
--------------------------------------------------------------------------------
[2023-04-19T12:36:45.224+0000] {taskinstance.py:1280} INFO - Starting attempt 1 of 4
[2023-04-19T12:36:45.225+0000] {taskinstance.py:1281} INFO - 
--------------------------------------------------------------------------------
[2023-04-19T12:36:45.788+0000] {taskinstance.py:1300} INFO - Executing <Task(PythonOperator): multiplication> on 2022-08-27 00:00:00+00:00
[2023-04-19T12:36:45.810+0000] {standard_task_runner.py:55} INFO - Started process 21439 to run task
[2023-04-19T12:36:45.867+0000] {standard_task_runner.py:82} INFO - Running: ['***', 'tasks', 'run', 'age_check', 'multiplication', 'scheduled__2022-08-27T00:00:00+00:00', '--job-id', '579', '--raw', '--subdir', 'DAGS_FOLDER/age.py', '--cfg-path', '/tmp/tmpmtl6rzts']
[2023-04-19T12:36:45.895+0000] {standard_task_runner.py:83} INFO - Job 579: Subtask multiplication
[2023-04-19T12:36:46.351+0000] {task_command.py:388} INFO - Running <TaskInstance: age_check.multiplication scheduled__2022-08-27T00:00:00+00:00 [running]> on host fe34f61acbb3
[2023-04-19T12:36:47.322+0000] {taskinstance.py:1509} INFO - Exporting the following env vars:
AIRFLOW_CTX_DAG_OWNER=***
AIRFLOW_CTX_DAG_ID=age_check
AIRFLOW_CTX_TASK_ID=multiplication
AIRFLOW_CTX_EXECUTION_DATE=2022-08-27T00:00:00+00:00
AIRFLOW_CTX_TRY_NUMBER=1
AIRFLOW_CTX_DAG_RUN_ID=scheduled__2022-08-27T00:00:00+00:00
[2023-04-19T12:36:47.335+0000] {logging_mixin.py:137} INFO - 25
[2023-04-19T12:36:47.351+0000] {python.py:177} INFO - Done. Returned value was: None
[2023-04-19T12:36:47.405+0000] {taskinstance.py:1323} INFO - Marking task as SUCCESS. dag_id=age_check, task_id=multiplication, execution_date=20220827T000000, start_date=20230419T123645, end_date=20230419T123647
[2023-04-19T12:36:47.585+0000] {local_task_job.py:208} INFO - Task exited with return code 0
[2023-04-19T12:36:47.714+0000] {taskinstance.py:2578} INFO - 1 downstream tasks scheduled from follow-on schedule check
[2023-05-17T09:52:31.361+0000] {taskinstance.py:1083} INFO - Dependencies all met for <TaskInstance: age_check.multiplication scheduled__2022-08-27T00:00:00+00:00 [queued]>
[2023-05-17T09:52:31.434+0000] {taskinstance.py:1083} INFO - Dependencies all met for <TaskInstance: age_check.multiplication scheduled__2022-08-27T00:00:00+00:00 [queued]>
[2023-05-17T09:52:31.436+0000] {taskinstance.py:1279} INFO - 
--------------------------------------------------------------------------------
[2023-05-17T09:52:31.439+0000] {taskinstance.py:1280} INFO - Starting attempt 1 of 4
[2023-05-17T09:52:31.444+0000] {taskinstance.py:1281} INFO - 
--------------------------------------------------------------------------------
[2023-05-17T09:52:31.585+0000] {taskinstance.py:1300} INFO - Executing <Task(PythonOperator): multiplication> on 2022-08-27 00:00:00+00:00
[2023-05-17T09:52:31.617+0000] {standard_task_runner.py:55} INFO - Started process 4120 to run task
[2023-05-17T09:52:31.670+0000] {standard_task_runner.py:82} INFO - Running: ['***', 'tasks', 'run', 'age_check', 'multiplication', 'scheduled__2022-08-27T00:00:00+00:00', '--job-id', '143', '--raw', '--subdir', 'DAGS_FOLDER/age.py', '--cfg-path', '/tmp/tmpmx54e7ep']
[2023-05-17T09:52:31.701+0000] {standard_task_runner.py:83} INFO - Job 143: Subtask multiplication
[2023-05-17T09:52:32.143+0000] {task_command.py:388} INFO - Running <TaskInstance: age_check.multiplication scheduled__2022-08-27T00:00:00+00:00 [running]> on host 242f95e3e8a8
[2023-05-17T09:52:32.393+0000] {taskinstance.py:1509} INFO - Exporting the following env vars:
AIRFLOW_CTX_DAG_OWNER=***
AIRFLOW_CTX_DAG_ID=age_check
AIRFLOW_CTX_TASK_ID=multiplication
AIRFLOW_CTX_EXECUTION_DATE=2022-08-27T00:00:00+00:00
AIRFLOW_CTX_TRY_NUMBER=1
AIRFLOW_CTX_DAG_RUN_ID=scheduled__2022-08-27T00:00:00+00:00
[2023-05-17T09:52:32.398+0000] {logging_mixin.py:137} INFO - 25
[2023-05-17T09:52:32.399+0000] {python.py:177} INFO - Done. Returned value was: None
[2023-05-17T09:52:32.414+0000] {taskinstance.py:1323} INFO - Marking task as SUCCESS. dag_id=age_check, task_id=multiplication, execution_date=20220827T000000, start_date=20230517T095231, end_date=20230517T095232
[2023-05-17T09:52:32.513+0000] {local_task_job.py:208} INFO - Task exited with return code 0
[2023-05-17T09:52:32.801+0000] {taskinstance.py:2578} INFO - 1 downstream tasks scheduled from follow-on schedule check
