[2023-12-24T17:00:09.061+0000] {taskinstance.py:1157} INFO - Dependencies all met for dep_context=non-requeueable deps ti=<TaskInstance: read_s3_data.read_s3_data scheduled__2022-08-11T00:00:00+00:00 [queued]>
[2023-12-24T17:00:09.070+0000] {taskinstance.py:1157} INFO - Dependencies all met for dep_context=requeueable deps ti=<TaskInstance: read_s3_data.read_s3_data scheduled__2022-08-11T00:00:00+00:00 [queued]>
[2023-12-24T17:00:09.072+0000] {taskinstance.py:1359} INFO - Starting attempt 3 of 4
[2023-12-24T17:00:09.085+0000] {taskinstance.py:1380} INFO - Executing <Task(PythonOperator): read_s3_data> on 2022-08-11 00:00:00+00:00
[2023-12-24T17:00:09.092+0000] {standard_task_runner.py:57} INFO - Started process 251 to run task
[2023-12-24T17:00:09.099+0000] {standard_task_runner.py:84} INFO - Running: ['***', 'tasks', 'run', 'read_s3_data', 'read_s3_data', 'scheduled__2022-08-11T00:00:00+00:00', '--job-id', '52', '--raw', '--subdir', 'DAGS_FOLDER/read.py', '--cfg-path', '/tmp/tmp6fkt1424']
[2023-12-24T17:00:09.102+0000] {standard_task_runner.py:85} INFO - Job 52: Subtask read_s3_data
[2023-12-24T17:00:09.165+0000] {task_command.py:415} INFO - Running <TaskInstance: read_s3_data.read_s3_data scheduled__2022-08-11T00:00:00+00:00 [running]> on host 37dc6044b459
[2023-12-24T17:00:09.247+0000] {taskinstance.py:1660} INFO - Exporting env vars: AIRFLOW_CTX_DAG_OWNER='***' AIRFLOW_CTX_DAG_ID='read_s3_data' AIRFLOW_CTX_TASK_ID='read_s3_data' AIRFLOW_CTX_EXECUTION_DATE='2022-08-11T00:00:00+00:00' AIRFLOW_CTX_TRY_NUMBER='3' AIRFLOW_CTX_DAG_RUN_ID='scheduled__2022-08-11T00:00:00+00:00'
[2023-12-24T17:00:09.261+0000] {taskinstance.py:1935} ERROR - Task failed with exception
Traceback (most recent call last):
  File "/home/airflow/.local/lib/python3.11/site-packages/airflow/operators/python.py", line 192, in execute
    return_value = self.execute_callable()
                   ^^^^^^^^^^^^^^^^^^^^^^^
  File "/home/airflow/.local/lib/python3.11/site-packages/airflow/operators/python.py", line 209, in execute_callable
    return self.python_callable(*self.op_args, **self.op_kwargs)
           ^^^^^^^^^^^^^^^^^^^^^^^^^^^^^^^^^^^^^^^^^^^^^^^^^^^^^
  File "/opt/airflow/dags/read.py", line 29, in read_s3_file
    session = boto3.session.Session(aws_access_key_id=Variable.get('ACCESS_KEY'),
                                                     ^^^^^^^^^^^^^^^^^^^^^^^^^^
  File "/home/airflow/.local/lib/python3.11/site-packages/airflow/models/variable.py", line 140, in get
    raise KeyError(f"Variable {key} does not exist")
KeyError: 'Variable ACCESS_KEY does not exist'
[2023-12-24T17:00:09.280+0000] {taskinstance.py:1398} INFO - Marking task as UP_FOR_RETRY. dag_id=read_s3_data, task_id=read_s3_data, execution_date=20220811T000000, start_date=20231224T170009, end_date=20231224T170009
[2023-12-24T17:00:09.295+0000] {standard_task_runner.py:104} ERROR - Failed to execute job 52 for task read_s3_data ('Variable ACCESS_KEY does not exist'; 251)
[2023-12-24T17:00:09.316+0000] {local_task_job_runner.py:228} INFO - Task exited with return code 1
[2023-12-24T17:00:09.357+0000] {taskinstance.py:2776} INFO - 0 downstream tasks scheduled from follow-on schedule check
