[2023-04-19T12:43:37.318+0000] {taskinstance.py:1083} INFO - Dependencies all met for <TaskInstance: age_check.age_check scheduled__2022-11-25T00:00:00+00:00 [queued]>
[2023-04-19T12:43:37.350+0000] {taskinstance.py:1083} INFO - Dependencies all met for <TaskInstance: age_check.age_check scheduled__2022-11-25T00:00:00+00:00 [queued]>
[2023-04-19T12:43:37.352+0000] {taskinstance.py:1279} INFO - 
--------------------------------------------------------------------------------
[2023-04-19T12:43:37.353+0000] {taskinstance.py:1280} INFO - Starting attempt 2 of 4
[2023-04-19T12:43:37.353+0000] {taskinstance.py:1281} INFO - 
--------------------------------------------------------------------------------
[2023-04-19T12:43:37.393+0000] {taskinstance.py:1300} INFO - Executing <Task(PythonOperator): age_check> on 2022-11-25 00:00:00+00:00
[2023-04-19T12:43:37.420+0000] {standard_task_runner.py:55} INFO - Started process 23224 to run task
[2023-04-19T12:43:37.437+0000] {standard_task_runner.py:82} INFO - Running: ['***', 'tasks', 'run', 'age_check', 'age_check', 'scheduled__2022-11-25T00:00:00+00:00', '--job-id', '1306', '--raw', '--subdir', 'DAGS_FOLDER/age.py', '--cfg-path', '/tmp/tmpnq_3t20u']
[2023-04-19T12:43:37.439+0000] {standard_task_runner.py:83} INFO - Job 1306: Subtask age_check
[2023-04-19T12:43:37.695+0000] {task_command.py:388} INFO - Running <TaskInstance: age_check.age_check scheduled__2022-11-25T00:00:00+00:00 [running]> on host fe34f61acbb3
[2023-04-19T12:43:37.803+0000] {taskinstance.py:1509} INFO - Exporting the following env vars:
AIRFLOW_CTX_DAG_OWNER=***
AIRFLOW_CTX_DAG_ID=age_check
AIRFLOW_CTX_TASK_ID=age_check
AIRFLOW_CTX_EXECUTION_DATE=2022-11-25T00:00:00+00:00
AIRFLOW_CTX_TRY_NUMBER=2
AIRFLOW_CTX_DAG_RUN_ID=scheduled__2022-11-25T00:00:00+00:00
[2023-04-19T12:43:37.814+0000] {taskinstance.py:1768} ERROR - Task failed with exception
Traceback (most recent call last):
  File "/home/airflow/.local/lib/python3.7/site-packages/airflow/operators/python.py", line 175, in execute
    return_value = self.execute_callable()
  File "/home/airflow/.local/lib/python3.7/site-packages/airflow/operators/python.py", line 192, in execute_callable
    return self.python_callable(*self.op_args, **self.op_kwargs)
  File "/opt/airflow/dags/age.py", line 35, in age_check
    birth_year = int(Variable.get('birth_year'))
  File "/home/airflow/.local/lib/python3.7/site-packages/airflow/models/variable.py", line 141, in get
    raise KeyError(f"Variable {key} does not exist")
KeyError: 'Variable birth_year does not exist'
[2023-04-19T12:43:37.854+0000] {taskinstance.py:1323} INFO - Marking task as UP_FOR_RETRY. dag_id=age_check, task_id=age_check, execution_date=20221125T000000, start_date=20230419T124337, end_date=20230419T124337
[2023-04-19T12:43:37.890+0000] {standard_task_runner.py:105} ERROR - Failed to execute job 1306 for task age_check ('Variable birth_year does not exist'; 23224)
[2023-04-19T12:43:37.996+0000] {local_task_job.py:208} INFO - Task exited with return code 1
[2023-04-19T12:43:38.243+0000] {taskinstance.py:2578} INFO - 0 downstream tasks scheduled from follow-on schedule check
[2023-05-17T10:15:24.045+0000] {taskinstance.py:1083} INFO - Dependencies all met for <TaskInstance: age_check.age_check scheduled__2022-11-25T00:00:00+00:00 [queued]>
[2023-05-17T10:15:24.097+0000] {taskinstance.py:1083} INFO - Dependencies all met for <TaskInstance: age_check.age_check scheduled__2022-11-25T00:00:00+00:00 [queued]>
[2023-05-17T10:15:24.104+0000] {taskinstance.py:1279} INFO - 
--------------------------------------------------------------------------------
[2023-05-17T10:15:24.111+0000] {taskinstance.py:1280} INFO - Starting attempt 2 of 4
[2023-05-17T10:15:24.113+0000] {taskinstance.py:1281} INFO - 
--------------------------------------------------------------------------------
[2023-05-17T10:15:24.156+0000] {taskinstance.py:1300} INFO - Executing <Task(PythonOperator): age_check> on 2022-11-25 00:00:00+00:00
[2023-05-17T10:15:24.174+0000] {standard_task_runner.py:55} INFO - Started process 5883 to run task
[2023-05-17T10:15:24.187+0000] {standard_task_runner.py:82} INFO - Running: ['***', 'tasks', 'run', 'age_check', 'age_check', 'scheduled__2022-11-25T00:00:00+00:00', '--job-id', '861', '--raw', '--subdir', 'DAGS_FOLDER/age.py', '--cfg-path', '/tmp/tmp5l_i3pbd']
[2023-05-17T10:15:24.199+0000] {standard_task_runner.py:83} INFO - Job 861: Subtask age_check
[2023-05-17T10:15:24.443+0000] {task_command.py:388} INFO - Running <TaskInstance: age_check.age_check scheduled__2022-11-25T00:00:00+00:00 [running]> on host 242f95e3e8a8
[2023-05-17T10:15:24.982+0000] {taskinstance.py:1509} INFO - Exporting the following env vars:
AIRFLOW_CTX_DAG_OWNER=***
AIRFLOW_CTX_DAG_ID=age_check
AIRFLOW_CTX_TASK_ID=age_check
AIRFLOW_CTX_EXECUTION_DATE=2022-11-25T00:00:00+00:00
AIRFLOW_CTX_TRY_NUMBER=2
AIRFLOW_CTX_DAG_RUN_ID=scheduled__2022-11-25T00:00:00+00:00
[2023-05-17T10:15:25.098+0000] {taskinstance.py:1768} ERROR - Task failed with exception
Traceback (most recent call last):
  File "/home/airflow/.local/lib/python3.7/site-packages/airflow/operators/python.py", line 175, in execute
    return_value = self.execute_callable()
  File "/home/airflow/.local/lib/python3.7/site-packages/airflow/operators/python.py", line 192, in execute_callable
    return self.python_callable(*self.op_args, **self.op_kwargs)
  File "/opt/airflow/dags/age.py", line 35, in age_check
    birth_year = int(Variable.get('birth_year'))
  File "/home/airflow/.local/lib/python3.7/site-packages/airflow/models/variable.py", line 141, in get
    raise KeyError(f"Variable {key} does not exist")
KeyError: 'Variable birth_year does not exist'
[2023-05-17T10:15:25.186+0000] {taskinstance.py:1323} INFO - Marking task as UP_FOR_RETRY. dag_id=age_check, task_id=age_check, execution_date=20221125T000000, start_date=20230517T101524, end_date=20230517T101525
[2023-05-17T10:15:25.242+0000] {standard_task_runner.py:105} ERROR - Failed to execute job 861 for task age_check ('Variable birth_year does not exist'; 5883)
[2023-05-17T10:15:25.346+0000] {local_task_job.py:208} INFO - Task exited with return code 1
[2023-05-17T10:15:25.428+0000] {taskinstance.py:2578} INFO - 0 downstream tasks scheduled from follow-on schedule check
