[2023-05-12T16:26:37.412+0000] {taskinstance.py:1083} INFO - Dependencies all met for <TaskInstance: my_new_dag.hello_world_task scheduled__2023-05-11T00:00:00+00:00 [queued]>
[2023-05-12T16:26:37.429+0000] {taskinstance.py:1083} INFO - Dependencies all met for <TaskInstance: my_new_dag.hello_world_task scheduled__2023-05-11T00:00:00+00:00 [queued]>
[2023-05-12T16:26:37.430+0000] {taskinstance.py:1279} INFO - 
--------------------------------------------------------------------------------
[2023-05-12T16:26:37.431+0000] {taskinstance.py:1280} INFO - Starting attempt 1 of 1
[2023-05-12T16:26:37.433+0000] {taskinstance.py:1281} INFO - 
--------------------------------------------------------------------------------
[2023-05-12T16:26:37.454+0000] {taskinstance.py:1300} INFO - Executing <Task(PythonOperator): hello_world_task> on 2023-05-11 00:00:00+00:00
[2023-05-12T16:26:37.465+0000] {standard_task_runner.py:55} INFO - Started process 55 to run task
[2023-05-12T16:26:37.480+0000] {standard_task_runner.py:82} INFO - Running: ['***', 'tasks', 'run', 'my_new_dag', 'hello_world_task', 'scheduled__2023-05-11T00:00:00+00:00', '--job-id', '132', '--raw', '--subdir', 'DAGS_FOLDER/new.py', '--cfg-path', '/tmp/tmpvlctw1wl']
[2023-05-12T16:26:37.484+0000] {standard_task_runner.py:83} INFO - Job 132: Subtask hello_world_task
[2023-05-12T16:26:37.642+0000] {task_command.py:388} INFO - Running <TaskInstance: my_new_dag.hello_world_task scheduled__2023-05-11T00:00:00+00:00 [running]> on host 7cb0501374e0
[2023-05-12T16:26:37.772+0000] {taskinstance.py:1509} INFO - Exporting the following env vars:
AIRFLOW_CTX_DAG_OWNER=***
AIRFLOW_CTX_DAG_ID=my_new_dag
AIRFLOW_CTX_TASK_ID=hello_world_task
AIRFLOW_CTX_EXECUTION_DATE=2023-05-11T00:00:00+00:00
AIRFLOW_CTX_TRY_NUMBER=1
AIRFLOW_CTX_DAG_RUN_ID=scheduled__2023-05-11T00:00:00+00:00
[2023-05-12T16:26:37.785+0000] {new.py:8} INFO - Hello World Desmond
[2023-05-12T16:26:37.794+0000] {python.py:177} INFO - Done. Returned value was: None
[2023-05-12T16:26:37.808+0000] {taskinstance.py:1323} INFO - Marking task as SUCCESS. dag_id=my_new_dag, task_id=hello_world_task, execution_date=20230511T000000, start_date=20230512T162637, end_date=20230512T162637
[2023-05-12T16:26:37.851+0000] {local_task_job.py:208} INFO - Task exited with return code 0
[2023-05-12T16:26:37.894+0000] {taskinstance.py:2578} INFO - 1 downstream tasks scheduled from follow-on schedule check
[2023-06-29T19:13:07.652+0000] {taskinstance.py:1083} INFO - Dependencies all met for <TaskInstance: my_new_dag.hello_world_task scheduled__2023-05-11T00:00:00+00:00 [queued]>
[2023-06-29T19:13:07.703+0000] {taskinstance.py:1083} INFO - Dependencies all met for <TaskInstance: my_new_dag.hello_world_task scheduled__2023-05-11T00:00:00+00:00 [queued]>
[2023-06-29T19:13:07.737+0000] {taskinstance.py:1279} INFO - 
--------------------------------------------------------------------------------
[2023-06-29T19:13:07.740+0000] {taskinstance.py:1280} INFO - Starting attempt 1 of 1
[2023-06-29T19:13:07.741+0000] {taskinstance.py:1281} INFO - 
--------------------------------------------------------------------------------
[2023-06-29T19:13:07.853+0000] {taskinstance.py:1300} INFO - Executing <Task(PythonOperator): hello_world_task> on 2023-05-11 00:00:00+00:00
[2023-06-29T19:13:07.862+0000] {standard_task_runner.py:55} INFO - Started process 29640 to run task
[2023-06-29T19:13:07.911+0000] {standard_task_runner.py:82} INFO - Running: ['***', 'tasks', 'run', 'my_new_dag', 'hello_world_task', 'scheduled__2023-05-11T00:00:00+00:00', '--job-id', '2734', '--raw', '--subdir', 'DAGS_FOLDER/new.py', '--cfg-path', '/tmp/tmpg7c_yg9f']
[2023-06-29T19:13:07.913+0000] {standard_task_runner.py:83} INFO - Job 2734: Subtask hello_world_task
[2023-06-29T19:13:08.361+0000] {task_command.py:388} INFO - Running <TaskInstance: my_new_dag.hello_world_task scheduled__2023-05-11T00:00:00+00:00 [running]> on host 242f95e3e8a8
[2023-06-29T19:13:08.775+0000] {taskinstance.py:1509} INFO - Exporting the following env vars:
AIRFLOW_CTX_DAG_OWNER=***
AIRFLOW_CTX_DAG_ID=my_new_dag
AIRFLOW_CTX_TASK_ID=hello_world_task
AIRFLOW_CTX_EXECUTION_DATE=2023-05-11T00:00:00+00:00
AIRFLOW_CTX_TRY_NUMBER=1
AIRFLOW_CTX_DAG_RUN_ID=scheduled__2023-05-11T00:00:00+00:00
[2023-06-29T19:13:08.782+0000] {new.py:8} INFO - Hello World Desmond
[2023-06-29T19:13:08.789+0000] {python.py:177} INFO - Done. Returned value was: None
[2023-06-29T19:13:08.854+0000] {taskinstance.py:1323} INFO - Marking task as SUCCESS. dag_id=my_new_dag, task_id=hello_world_task, execution_date=20230511T000000, start_date=20230629T191307, end_date=20230629T191308
[2023-06-29T19:13:09.186+0000] {local_task_job.py:208} INFO - Task exited with return code 0
[2023-06-29T19:13:09.318+0000] {taskinstance.py:2578} INFO - 1 downstream tasks scheduled from follow-on schedule check
