[2023-04-19T12:44:24.337+0000] {taskinstance.py:1083} INFO - Dependencies all met for <TaskInstance: age_check.minus scheduled__2022-12-10T00:00:00+00:00 [queued]>
[2023-04-19T12:44:24.381+0000] {taskinstance.py:1083} INFO - Dependencies all met for <TaskInstance: age_check.minus scheduled__2022-12-10T00:00:00+00:00 [queued]>
[2023-04-19T12:44:24.394+0000] {taskinstance.py:1279} INFO - 
--------------------------------------------------------------------------------
[2023-04-19T12:44:24.396+0000] {taskinstance.py:1280} INFO - Starting attempt 1 of 4
[2023-04-19T12:44:24.397+0000] {taskinstance.py:1281} INFO - 
--------------------------------------------------------------------------------
[2023-04-19T12:44:24.457+0000] {taskinstance.py:1300} INFO - Executing <Task(PythonOperator): minus> on 2022-12-10 00:00:00+00:00
[2023-04-19T12:44:24.479+0000] {standard_task_runner.py:55} INFO - Started process 23434 to run task
[2023-04-19T12:44:24.507+0000] {standard_task_runner.py:82} INFO - Running: ['***', 'tasks', 'run', 'age_check', 'minus', 'scheduled__2022-12-10T00:00:00+00:00', '--job-id', '1388', '--raw', '--subdir', 'DAGS_FOLDER/age.py', '--cfg-path', '/tmp/tmpb7nyw6w5']
[2023-04-19T12:44:24.509+0000] {standard_task_runner.py:83} INFO - Job 1388: Subtask minus
[2023-04-19T12:44:24.667+0000] {task_command.py:388} INFO - Running <TaskInstance: age_check.minus scheduled__2022-12-10T00:00:00+00:00 [running]> on host fe34f61acbb3
[2023-04-19T12:44:24.933+0000] {taskinstance.py:1509} INFO - Exporting the following env vars:
AIRFLOW_CTX_DAG_OWNER=***
AIRFLOW_CTX_DAG_ID=age_check
AIRFLOW_CTX_TASK_ID=minus
AIRFLOW_CTX_EXECUTION_DATE=2022-12-10T00:00:00+00:00
AIRFLOW_CTX_TRY_NUMBER=1
AIRFLOW_CTX_DAG_RUN_ID=scheduled__2022-12-10T00:00:00+00:00
[2023-04-19T12:44:24.939+0000] {logging_mixin.py:137} INFO - 3
[2023-04-19T12:44:24.944+0000] {python.py:177} INFO - Done. Returned value was: None
[2023-04-19T12:44:24.977+0000] {taskinstance.py:1323} INFO - Marking task as SUCCESS. dag_id=age_check, task_id=minus, execution_date=20221210T000000, start_date=20230419T124424, end_date=20230419T124424
[2023-04-19T12:44:25.122+0000] {local_task_job.py:208} INFO - Task exited with return code 0
[2023-04-19T12:44:25.472+0000] {taskinstance.py:2578} INFO - 0 downstream tasks scheduled from follow-on schedule check
[2023-05-20T20:55:56.781+0000] {taskinstance.py:1083} INFO - Dependencies all met for <TaskInstance: age_check.minus scheduled__2022-12-10T00:00:00+00:00 [queued]>
[2023-05-20T20:55:56.797+0000] {taskinstance.py:1083} INFO - Dependencies all met for <TaskInstance: age_check.minus scheduled__2022-12-10T00:00:00+00:00 [queued]>
[2023-05-20T20:55:56.801+0000] {taskinstance.py:1279} INFO - 
--------------------------------------------------------------------------------
[2023-05-20T20:55:56.803+0000] {taskinstance.py:1280} INFO - Starting attempt 1 of 4
[2023-05-20T20:55:56.803+0000] {taskinstance.py:1281} INFO - 
--------------------------------------------------------------------------------
[2023-05-20T20:55:56.817+0000] {taskinstance.py:1300} INFO - Executing <Task(PythonOperator): minus> on 2022-12-10 00:00:00+00:00
[2023-05-20T20:55:56.822+0000] {standard_task_runner.py:55} INFO - Started process 146 to run task
[2023-05-20T20:55:56.826+0000] {standard_task_runner.py:82} INFO - Running: ['***', 'tasks', 'run', 'age_check', 'minus', 'scheduled__2022-12-10T00:00:00+00:00', '--job-id', '945', '--raw', '--subdir', 'DAGS_FOLDER/age.py', '--cfg-path', '/tmp/tmpijx2dbsf']
[2023-05-20T20:55:56.829+0000] {standard_task_runner.py:83} INFO - Job 945: Subtask minus
[2023-05-20T20:55:56.936+0000] {task_command.py:388} INFO - Running <TaskInstance: age_check.minus scheduled__2022-12-10T00:00:00+00:00 [running]> on host 242f95e3e8a8
[2023-05-20T20:55:57.037+0000] {taskinstance.py:1509} INFO - Exporting the following env vars:
AIRFLOW_CTX_DAG_OWNER=***
AIRFLOW_CTX_DAG_ID=age_check
AIRFLOW_CTX_TASK_ID=minus
AIRFLOW_CTX_EXECUTION_DATE=2022-12-10T00:00:00+00:00
AIRFLOW_CTX_TRY_NUMBER=1
AIRFLOW_CTX_DAG_RUN_ID=scheduled__2022-12-10T00:00:00+00:00
[2023-05-20T20:55:57.039+0000] {logging_mixin.py:137} INFO - 3
[2023-05-20T20:55:57.041+0000] {python.py:177} INFO - Done. Returned value was: None
[2023-05-20T20:55:57.057+0000] {taskinstance.py:1323} INFO - Marking task as SUCCESS. dag_id=age_check, task_id=minus, execution_date=20221210T000000, start_date=20230520T205556, end_date=20230520T205557
[2023-05-20T20:55:57.084+0000] {local_task_job.py:208} INFO - Task exited with return code 0
[2023-05-20T20:55:57.108+0000] {taskinstance.py:2578} INFO - 1 downstream tasks scheduled from follow-on schedule check
