[2023-04-19T12:43:05.427+0000] {taskinstance.py:1083} INFO - Dependencies all met for <TaskInstance: age_check.multiplication scheduled__2022-11-25T00:00:00+00:00 [queued]>
[2023-04-19T12:43:05.559+0000] {taskinstance.py:1083} INFO - Dependencies all met for <TaskInstance: age_check.multiplication scheduled__2022-11-25T00:00:00+00:00 [queued]>
[2023-04-19T12:43:05.561+0000] {taskinstance.py:1279} INFO - 
--------------------------------------------------------------------------------
[2023-04-19T12:43:05.562+0000] {taskinstance.py:1280} INFO - Starting attempt 1 of 4
[2023-04-19T12:43:05.563+0000] {taskinstance.py:1281} INFO - 
--------------------------------------------------------------------------------
[2023-04-19T12:43:05.601+0000] {taskinstance.py:1300} INFO - Executing <Task(PythonOperator): multiplication> on 2022-11-25 00:00:00+00:00
[2023-04-19T12:43:05.623+0000] {standard_task_runner.py:55} INFO - Started process 23077 to run task
[2023-04-19T12:43:05.673+0000] {standard_task_runner.py:82} INFO - Running: ['***', 'tasks', 'run', 'age_check', 'multiplication', 'scheduled__2022-11-25T00:00:00+00:00', '--job-id', '1241', '--raw', '--subdir', 'DAGS_FOLDER/age.py', '--cfg-path', '/tmp/tmpp38k8tuq']
[2023-04-19T12:43:05.677+0000] {standard_task_runner.py:83} INFO - Job 1241: Subtask multiplication
[2023-04-19T12:43:06.032+0000] {task_command.py:388} INFO - Running <TaskInstance: age_check.multiplication scheduled__2022-11-25T00:00:00+00:00 [running]> on host fe34f61acbb3
[2023-04-19T12:43:06.667+0000] {taskinstance.py:1509} INFO - Exporting the following env vars:
AIRFLOW_CTX_DAG_OWNER=***
AIRFLOW_CTX_DAG_ID=age_check
AIRFLOW_CTX_TASK_ID=multiplication
AIRFLOW_CTX_EXECUTION_DATE=2022-11-25T00:00:00+00:00
AIRFLOW_CTX_TRY_NUMBER=1
AIRFLOW_CTX_DAG_RUN_ID=scheduled__2022-11-25T00:00:00+00:00
[2023-04-19T12:43:06.705+0000] {logging_mixin.py:137} INFO - 25
[2023-04-19T12:43:06.718+0000] {python.py:177} INFO - Done. Returned value was: None
[2023-04-19T12:43:06.850+0000] {taskinstance.py:1323} INFO - Marking task as SUCCESS. dag_id=age_check, task_id=multiplication, execution_date=20221125T000000, start_date=20230419T124305, end_date=20230419T124306
[2023-04-19T12:43:07.226+0000] {local_task_job.py:208} INFO - Task exited with return code 0
[2023-04-19T12:43:07.564+0000] {taskinstance.py:2578} INFO - 1 downstream tasks scheduled from follow-on schedule check
[2023-05-17T10:14:57.925+0000] {taskinstance.py:1083} INFO - Dependencies all met for <TaskInstance: age_check.multiplication scheduled__2022-11-25T00:00:00+00:00 [queued]>
[2023-05-17T10:14:57.954+0000] {taskinstance.py:1083} INFO - Dependencies all met for <TaskInstance: age_check.multiplication scheduled__2022-11-25T00:00:00+00:00 [queued]>
[2023-05-17T10:14:57.956+0000] {taskinstance.py:1279} INFO - 
--------------------------------------------------------------------------------
[2023-05-17T10:14:57.957+0000] {taskinstance.py:1280} INFO - Starting attempt 1 of 4
[2023-05-17T10:14:57.958+0000] {taskinstance.py:1281} INFO - 
--------------------------------------------------------------------------------
[2023-05-17T10:14:58.083+0000] {taskinstance.py:1300} INFO - Executing <Task(PythonOperator): multiplication> on 2022-11-25 00:00:00+00:00
[2023-05-17T10:14:58.094+0000] {standard_task_runner.py:55} INFO - Started process 5745 to run task
[2023-05-17T10:14:58.132+0000] {standard_task_runner.py:82} INFO - Running: ['***', 'tasks', 'run', 'age_check', 'multiplication', 'scheduled__2022-11-25T00:00:00+00:00', '--job-id', '802', '--raw', '--subdir', 'DAGS_FOLDER/age.py', '--cfg-path', '/tmp/tmp3aqk3wks']
[2023-05-17T10:14:58.142+0000] {standard_task_runner.py:83} INFO - Job 802: Subtask multiplication
[2023-05-17T10:14:58.493+0000] {task_command.py:388} INFO - Running <TaskInstance: age_check.multiplication scheduled__2022-11-25T00:00:00+00:00 [running]> on host 242f95e3e8a8
[2023-05-17T10:14:58.792+0000] {taskinstance.py:1509} INFO - Exporting the following env vars:
AIRFLOW_CTX_DAG_OWNER=***
AIRFLOW_CTX_DAG_ID=age_check
AIRFLOW_CTX_TASK_ID=multiplication
AIRFLOW_CTX_EXECUTION_DATE=2022-11-25T00:00:00+00:00
AIRFLOW_CTX_TRY_NUMBER=1
AIRFLOW_CTX_DAG_RUN_ID=scheduled__2022-11-25T00:00:00+00:00
[2023-05-17T10:14:58.796+0000] {logging_mixin.py:137} INFO - 25
[2023-05-17T10:14:58.797+0000] {python.py:177} INFO - Done. Returned value was: None
[2023-05-17T10:14:58.819+0000] {taskinstance.py:1323} INFO - Marking task as SUCCESS. dag_id=age_check, task_id=multiplication, execution_date=20221125T000000, start_date=20230517T101457, end_date=20230517T101458
[2023-05-17T10:14:58.866+0000] {local_task_job.py:208} INFO - Task exited with return code 0
[2023-05-17T10:14:58.979+0000] {taskinstance.py:2578} INFO - 1 downstream tasks scheduled from follow-on schedule check
