[2023-06-13T01:05:03.127+0000] {processor.py:153} INFO - Started process (PID=62635) to work on /opt/airflow/dags/redshift.py
[2023-06-13T01:05:03.130+0000] {processor.py:743} INFO - Processing file /opt/airflow/dags/redshift.py for tasks to queue
[2023-06-13T01:05:03.132+0000] {logging_mixin.py:137} INFO - [2023-06-13T01:05:03.132+0000] {dagbag.py:538} INFO - Filling up the DagBag from /opt/airflow/dags/redshift.py
[2023-06-13T01:05:03.772+0000] {logging_mixin.py:137} INFO - [2023-06-13T01:05:03.770+0000] {dagbag.py:343} ERROR - Failed to import: /opt/airflow/dags/redshift.py
Traceback (most recent call last):
  File "/home/airflow/.local/lib/python3.7/site-packages/airflow/models/dagbag.py", line 339, in parse
    loader.exec_module(new_module)
  File "<frozen importlib._bootstrap_external>", line 728, in exec_module
  File "<frozen importlib._bootstrap>", line 219, in _call_with_frames_removed
  File "/opt/airflow/dags/redshift.py", line 12, in <module>
    import sql
ModuleNotFoundError: No module named 'sql'
[2023-06-13T01:05:03.773+0000] {processor.py:755} WARNING - No viable dags retrieved from /opt/airflow/dags/redshift.py
[2023-06-13T01:05:03.795+0000] {processor.py:175} INFO - Processing /opt/airflow/dags/redshift.py took 0.672 seconds
[2023-06-13T02:21:19.365+0000] {processor.py:153} INFO - Started process (PID=62717) to work on /opt/airflow/dags/redshift.py
[2023-06-13T02:21:19.367+0000] {processor.py:743} INFO - Processing file /opt/airflow/dags/redshift.py for tasks to queue
[2023-06-13T02:21:19.370+0000] {logging_mixin.py:137} INFO - [2023-06-13T02:21:19.370+0000] {dagbag.py:538} INFO - Filling up the DagBag from /opt/airflow/dags/redshift.py
[2023-06-13T02:21:19.517+0000] {logging_mixin.py:137} INFO - [2023-06-13T02:21:19.514+0000] {dagbag.py:343} ERROR - Failed to import: /opt/airflow/dags/redshift.py
Traceback (most recent call last):
  File "/home/airflow/.local/lib/python3.7/site-packages/airflow/models/dagbag.py", line 339, in parse
    loader.exec_module(new_module)
  File "<frozen importlib._bootstrap_external>", line 728, in exec_module
  File "<frozen importlib._bootstrap>", line 219, in _call_with_frames_removed
  File "/opt/airflow/dags/redshift.py", line 12, in <module>
    import sql
ModuleNotFoundError: No module named 'sql'
[2023-06-13T02:21:19.519+0000] {processor.py:755} WARNING - No viable dags retrieved from /opt/airflow/dags/redshift.py
[2023-06-13T02:21:19.539+0000] {processor.py:175} INFO - Processing /opt/airflow/dags/redshift.py took 0.193 seconds
[2023-06-13T03:46:00.256+0000] {processor.py:153} INFO - Started process (PID=62800) to work on /opt/airflow/dags/redshift.py
[2023-06-13T03:46:00.257+0000] {processor.py:743} INFO - Processing file /opt/airflow/dags/redshift.py for tasks to queue
[2023-06-13T03:46:00.258+0000] {logging_mixin.py:137} INFO - [2023-06-13T03:46:00.258+0000] {dagbag.py:538} INFO - Filling up the DagBag from /opt/airflow/dags/redshift.py
[2023-06-13T03:46:00.353+0000] {logging_mixin.py:137} INFO - [2023-06-13T03:46:00.350+0000] {dagbag.py:343} ERROR - Failed to import: /opt/airflow/dags/redshift.py
Traceback (most recent call last):
  File "/home/airflow/.local/lib/python3.7/site-packages/airflow/models/dagbag.py", line 339, in parse
    loader.exec_module(new_module)
  File "<frozen importlib._bootstrap_external>", line 728, in exec_module
  File "<frozen importlib._bootstrap>", line 219, in _call_with_frames_removed
  File "/opt/airflow/dags/redshift.py", line 12, in <module>
    import sql
ModuleNotFoundError: No module named 'sql'
[2023-06-13T03:46:00.354+0000] {processor.py:755} WARNING - No viable dags retrieved from /opt/airflow/dags/redshift.py
[2023-06-13T03:46:00.370+0000] {processor.py:175} INFO - Processing /opt/airflow/dags/redshift.py took 0.117 seconds
[2023-06-13T05:06:46.485+0000] {processor.py:153} INFO - Started process (PID=62871) to work on /opt/airflow/dags/redshift.py
[2023-06-13T05:06:46.489+0000] {processor.py:743} INFO - Processing file /opt/airflow/dags/redshift.py for tasks to queue
[2023-06-13T05:06:46.491+0000] {logging_mixin.py:137} INFO - [2023-06-13T05:06:46.491+0000] {dagbag.py:538} INFO - Filling up the DagBag from /opt/airflow/dags/redshift.py
[2023-06-13T05:06:46.764+0000] {logging_mixin.py:137} INFO - [2023-06-13T05:06:46.762+0000] {dagbag.py:343} ERROR - Failed to import: /opt/airflow/dags/redshift.py
Traceback (most recent call last):
  File "/home/airflow/.local/lib/python3.7/site-packages/airflow/models/dagbag.py", line 339, in parse
    loader.exec_module(new_module)
  File "<frozen importlib._bootstrap_external>", line 728, in exec_module
  File "<frozen importlib._bootstrap>", line 219, in _call_with_frames_removed
  File "/opt/airflow/dags/redshift.py", line 12, in <module>
    import sql
ModuleNotFoundError: No module named 'sql'
[2023-06-13T05:06:46.766+0000] {processor.py:755} WARNING - No viable dags retrieved from /opt/airflow/dags/redshift.py
[2023-06-13T05:06:46.782+0000] {processor.py:175} INFO - Processing /opt/airflow/dags/redshift.py took 0.303 seconds
[2023-06-13T06:29:10.675+0000] {processor.py:153} INFO - Started process (PID=62954) to work on /opt/airflow/dags/redshift.py
[2023-06-13T06:29:10.677+0000] {processor.py:743} INFO - Processing file /opt/airflow/dags/redshift.py for tasks to queue
[2023-06-13T06:29:10.678+0000] {logging_mixin.py:137} INFO - [2023-06-13T06:29:10.678+0000] {dagbag.py:538} INFO - Filling up the DagBag from /opt/airflow/dags/redshift.py
[2023-06-13T06:29:10.771+0000] {logging_mixin.py:137} INFO - [2023-06-13T06:29:10.769+0000] {dagbag.py:343} ERROR - Failed to import: /opt/airflow/dags/redshift.py
Traceback (most recent call last):
  File "/home/airflow/.local/lib/python3.7/site-packages/airflow/models/dagbag.py", line 339, in parse
    loader.exec_module(new_module)
  File "<frozen importlib._bootstrap_external>", line 728, in exec_module
  File "<frozen importlib._bootstrap>", line 219, in _call_with_frames_removed
  File "/opt/airflow/dags/redshift.py", line 12, in <module>
    import sql
ModuleNotFoundError: No module named 'sql'
[2023-06-13T06:29:10.772+0000] {processor.py:755} WARNING - No viable dags retrieved from /opt/airflow/dags/redshift.py
[2023-06-13T06:29:10.787+0000] {processor.py:175} INFO - Processing /opt/airflow/dags/redshift.py took 0.114 seconds
[2023-06-13T07:50:58.989+0000] {processor.py:153} INFO - Started process (PID=63025) to work on /opt/airflow/dags/redshift.py
[2023-06-13T07:50:58.995+0000] {processor.py:743} INFO - Processing file /opt/airflow/dags/redshift.py for tasks to queue
[2023-06-13T07:50:58.996+0000] {logging_mixin.py:137} INFO - [2023-06-13T07:50:58.996+0000] {dagbag.py:538} INFO - Filling up the DagBag from /opt/airflow/dags/redshift.py
[2023-06-13T07:50:59.147+0000] {logging_mixin.py:137} INFO - [2023-06-13T07:50:59.140+0000] {dagbag.py:343} ERROR - Failed to import: /opt/airflow/dags/redshift.py
Traceback (most recent call last):
  File "/home/airflow/.local/lib/python3.7/site-packages/airflow/models/dagbag.py", line 339, in parse
    loader.exec_module(new_module)
  File "<frozen importlib._bootstrap_external>", line 728, in exec_module
  File "<frozen importlib._bootstrap>", line 219, in _call_with_frames_removed
  File "/opt/airflow/dags/redshift.py", line 12, in <module>
    import sql
ModuleNotFoundError: No module named 'sql'
[2023-06-13T07:50:59.149+0000] {processor.py:755} WARNING - No viable dags retrieved from /opt/airflow/dags/redshift.py
[2023-06-13T07:50:59.169+0000] {processor.py:175} INFO - Processing /opt/airflow/dags/redshift.py took 0.185 seconds
[2023-06-13T09:14:14.846+0000] {processor.py:153} INFO - Started process (PID=63107) to work on /opt/airflow/dags/redshift.py
[2023-06-13T09:14:14.849+0000] {processor.py:743} INFO - Processing file /opt/airflow/dags/redshift.py for tasks to queue
[2023-06-13T09:14:14.850+0000] {logging_mixin.py:137} INFO - [2023-06-13T09:14:14.850+0000] {dagbag.py:538} INFO - Filling up the DagBag from /opt/airflow/dags/redshift.py
[2023-06-13T09:14:15.865+0000] {logging_mixin.py:137} INFO - [2023-06-13T09:14:15.800+0000] {dagbag.py:343} ERROR - Failed to import: /opt/airflow/dags/redshift.py
Traceback (most recent call last):
  File "/home/airflow/.local/lib/python3.7/site-packages/airflow/models/dagbag.py", line 339, in parse
    loader.exec_module(new_module)
  File "<frozen importlib._bootstrap_external>", line 728, in exec_module
  File "<frozen importlib._bootstrap>", line 219, in _call_with_frames_removed
  File "/opt/airflow/dags/redshift.py", line 12, in <module>
    import sql
ModuleNotFoundError: No module named 'sql'
[2023-06-13T09:14:15.889+0000] {processor.py:755} WARNING - No viable dags retrieved from /opt/airflow/dags/redshift.py
[2023-06-13T09:14:15.909+0000] {processor.py:175} INFO - Processing /opt/airflow/dags/redshift.py took 1.068 seconds
[2023-06-13T10:35:55.356+0000] {processor.py:153} INFO - Started process (PID=63178) to work on /opt/airflow/dags/redshift.py
[2023-06-13T10:35:55.357+0000] {processor.py:743} INFO - Processing file /opt/airflow/dags/redshift.py for tasks to queue
[2023-06-13T10:35:55.358+0000] {logging_mixin.py:137} INFO - [2023-06-13T10:35:55.358+0000] {dagbag.py:538} INFO - Filling up the DagBag from /opt/airflow/dags/redshift.py
[2023-06-13T10:35:55.452+0000] {logging_mixin.py:137} INFO - [2023-06-13T10:35:55.450+0000] {dagbag.py:343} ERROR - Failed to import: /opt/airflow/dags/redshift.py
Traceback (most recent call last):
  File "/home/airflow/.local/lib/python3.7/site-packages/airflow/models/dagbag.py", line 339, in parse
    loader.exec_module(new_module)
  File "<frozen importlib._bootstrap_external>", line 728, in exec_module
  File "<frozen importlib._bootstrap>", line 219, in _call_with_frames_removed
  File "/opt/airflow/dags/redshift.py", line 12, in <module>
    import sql
ModuleNotFoundError: No module named 'sql'
[2023-06-13T10:35:55.453+0000] {processor.py:755} WARNING - No viable dags retrieved from /opt/airflow/dags/redshift.py
[2023-06-13T10:35:55.496+0000] {processor.py:175} INFO - Processing /opt/airflow/dags/redshift.py took 0.144 seconds
[2023-06-13T11:58:01.545+0000] {processor.py:153} INFO - Started process (PID=63261) to work on /opt/airflow/dags/redshift.py
[2023-06-13T11:58:01.554+0000] {processor.py:743} INFO - Processing file /opt/airflow/dags/redshift.py for tasks to queue
[2023-06-13T11:58:01.556+0000] {logging_mixin.py:137} INFO - [2023-06-13T11:58:01.556+0000] {dagbag.py:538} INFO - Filling up the DagBag from /opt/airflow/dags/redshift.py
[2023-06-13T11:58:01.781+0000] {logging_mixin.py:137} INFO - [2023-06-13T11:58:01.777+0000] {dagbag.py:343} ERROR - Failed to import: /opt/airflow/dags/redshift.py
Traceback (most recent call last):
  File "/home/airflow/.local/lib/python3.7/site-packages/airflow/models/dagbag.py", line 339, in parse
    loader.exec_module(new_module)
  File "<frozen importlib._bootstrap_external>", line 728, in exec_module
  File "<frozen importlib._bootstrap>", line 219, in _call_with_frames_removed
  File "/opt/airflow/dags/redshift.py", line 12, in <module>
    import sql
ModuleNotFoundError: No module named 'sql'
[2023-06-13T11:58:01.782+0000] {processor.py:755} WARNING - No viable dags retrieved from /opt/airflow/dags/redshift.py
[2023-06-13T11:58:01.822+0000] {processor.py:175} INFO - Processing /opt/airflow/dags/redshift.py took 0.285 seconds
[2023-06-13T13:22:14.682+0000] {processor.py:153} INFO - Started process (PID=63332) to work on /opt/airflow/dags/redshift.py
[2023-06-13T13:22:14.690+0000] {processor.py:743} INFO - Processing file /opt/airflow/dags/redshift.py for tasks to queue
[2023-06-13T13:22:14.693+0000] {logging_mixin.py:137} INFO - [2023-06-13T13:22:14.693+0000] {dagbag.py:538} INFO - Filling up the DagBag from /opt/airflow/dags/redshift.py
[2023-06-13T13:22:15.154+0000] {logging_mixin.py:137} INFO - [2023-06-13T13:22:15.148+0000] {dagbag.py:343} ERROR - Failed to import: /opt/airflow/dags/redshift.py
Traceback (most recent call last):
  File "/home/airflow/.local/lib/python3.7/site-packages/airflow/models/dagbag.py", line 339, in parse
    loader.exec_module(new_module)
  File "<frozen importlib._bootstrap_external>", line 728, in exec_module
  File "<frozen importlib._bootstrap>", line 219, in _call_with_frames_removed
  File "/opt/airflow/dags/redshift.py", line 12, in <module>
    import sql
ModuleNotFoundError: No module named 'sql'
[2023-06-13T13:22:15.160+0000] {processor.py:755} WARNING - No viable dags retrieved from /opt/airflow/dags/redshift.py
[2023-06-13T13:22:15.186+0000] {processor.py:175} INFO - Processing /opt/airflow/dags/redshift.py took 0.512 seconds
[2023-06-13T15:00:31.303+0000] {processor.py:153} INFO - Started process (PID=63416) to work on /opt/airflow/dags/redshift.py
[2023-06-13T15:00:31.310+0000] {processor.py:743} INFO - Processing file /opt/airflow/dags/redshift.py for tasks to queue
[2023-06-13T15:00:31.314+0000] {logging_mixin.py:137} INFO - [2023-06-13T15:00:31.314+0000] {dagbag.py:538} INFO - Filling up the DagBag from /opt/airflow/dags/redshift.py
[2023-06-13T15:00:31.406+0000] {logging_mixin.py:137} INFO - [2023-06-13T15:00:31.404+0000] {dagbag.py:343} ERROR - Failed to import: /opt/airflow/dags/redshift.py
Traceback (most recent call last):
  File "/home/airflow/.local/lib/python3.7/site-packages/airflow/models/dagbag.py", line 339, in parse
    loader.exec_module(new_module)
  File "<frozen importlib._bootstrap_external>", line 728, in exec_module
  File "<frozen importlib._bootstrap>", line 219, in _call_with_frames_removed
  File "/opt/airflow/dags/redshift.py", line 12, in <module>
    import sql
ModuleNotFoundError: No module named 'sql'
[2023-06-13T15:00:31.408+0000] {processor.py:755} WARNING - No viable dags retrieved from /opt/airflow/dags/redshift.py
[2023-06-13T15:00:31.425+0000] {processor.py:175} INFO - Processing /opt/airflow/dags/redshift.py took 0.126 seconds
[2023-06-13T16:38:45.634+0000] {processor.py:153} INFO - Started process (PID=63497) to work on /opt/airflow/dags/redshift.py
[2023-06-13T16:38:45.644+0000] {processor.py:743} INFO - Processing file /opt/airflow/dags/redshift.py for tasks to queue
[2023-06-13T16:38:45.651+0000] {logging_mixin.py:137} INFO - [2023-06-13T16:38:45.649+0000] {dagbag.py:538} INFO - Filling up the DagBag from /opt/airflow/dags/redshift.py
[2023-06-13T16:38:46.465+0000] {logging_mixin.py:137} INFO - [2023-06-13T16:38:46.462+0000] {dagbag.py:343} ERROR - Failed to import: /opt/airflow/dags/redshift.py
Traceback (most recent call last):
  File "/home/airflow/.local/lib/python3.7/site-packages/airflow/models/dagbag.py", line 339, in parse
    loader.exec_module(new_module)
  File "<frozen importlib._bootstrap_external>", line 728, in exec_module
  File "<frozen importlib._bootstrap>", line 219, in _call_with_frames_removed
  File "/opt/airflow/dags/redshift.py", line 12, in <module>
    import sql
ModuleNotFoundError: No module named 'sql'
[2023-06-13T16:38:46.466+0000] {processor.py:755} WARNING - No viable dags retrieved from /opt/airflow/dags/redshift.py
[2023-06-13T16:38:46.509+0000] {processor.py:175} INFO - Processing /opt/airflow/dags/redshift.py took 0.879 seconds
[2023-06-13T17:44:50.517+0000] {processor.py:153} INFO - Started process (PID=63571) to work on /opt/airflow/dags/redshift.py
[2023-06-13T17:44:50.519+0000] {processor.py:743} INFO - Processing file /opt/airflow/dags/redshift.py for tasks to queue
[2023-06-13T17:44:50.520+0000] {logging_mixin.py:137} INFO - [2023-06-13T17:44:50.520+0000] {dagbag.py:538} INFO - Filling up the DagBag from /opt/airflow/dags/redshift.py
[2023-06-13T17:44:50.888+0000] {logging_mixin.py:137} INFO - [2023-06-13T17:44:50.886+0000] {dagbag.py:343} ERROR - Failed to import: /opt/airflow/dags/redshift.py
Traceback (most recent call last):
  File "/home/airflow/.local/lib/python3.7/site-packages/airflow/models/dagbag.py", line 339, in parse
    loader.exec_module(new_module)
  File "<frozen importlib._bootstrap_external>", line 728, in exec_module
  File "<frozen importlib._bootstrap>", line 219, in _call_with_frames_removed
  File "/opt/airflow/dags/redshift.py", line 12, in <module>
    import sql
ModuleNotFoundError: No module named 'sql'
[2023-06-13T17:44:50.889+0000] {processor.py:755} WARNING - No viable dags retrieved from /opt/airflow/dags/redshift.py
[2023-06-13T17:44:50.902+0000] {processor.py:175} INFO - Processing /opt/airflow/dags/redshift.py took 0.388 seconds
[2023-06-13T19:08:43.936+0000] {processor.py:153} INFO - Started process (PID=63655) to work on /opt/airflow/dags/redshift.py
[2023-06-13T19:08:43.938+0000] {processor.py:743} INFO - Processing file /opt/airflow/dags/redshift.py for tasks to queue
[2023-06-13T19:08:43.939+0000] {logging_mixin.py:137} INFO - [2023-06-13T19:08:43.939+0000] {dagbag.py:538} INFO - Filling up the DagBag from /opt/airflow/dags/redshift.py
[2023-06-13T19:08:44.026+0000] {logging_mixin.py:137} INFO - [2023-06-13T19:08:44.023+0000] {dagbag.py:343} ERROR - Failed to import: /opt/airflow/dags/redshift.py
Traceback (most recent call last):
  File "/home/airflow/.local/lib/python3.7/site-packages/airflow/models/dagbag.py", line 339, in parse
    loader.exec_module(new_module)
  File "<frozen importlib._bootstrap_external>", line 728, in exec_module
  File "<frozen importlib._bootstrap>", line 219, in _call_with_frames_removed
  File "/opt/airflow/dags/redshift.py", line 12, in <module>
    import sql
ModuleNotFoundError: No module named 'sql'
[2023-06-13T19:08:44.027+0000] {processor.py:755} WARNING - No viable dags retrieved from /opt/airflow/dags/redshift.py
[2023-06-13T19:08:44.043+0000] {processor.py:175} INFO - Processing /opt/airflow/dags/redshift.py took 0.109 seconds
[2023-06-13T20:31:58.270+0000] {processor.py:153} INFO - Started process (PID=63725) to work on /opt/airflow/dags/redshift.py
[2023-06-13T20:31:58.272+0000] {processor.py:743} INFO - Processing file /opt/airflow/dags/redshift.py for tasks to queue
[2023-06-13T20:31:58.274+0000] {logging_mixin.py:137} INFO - [2023-06-13T20:31:58.274+0000] {dagbag.py:538} INFO - Filling up the DagBag from /opt/airflow/dags/redshift.py
[2023-06-13T20:31:58.866+0000] {logging_mixin.py:137} INFO - [2023-06-13T20:31:58.863+0000] {dagbag.py:343} ERROR - Failed to import: /opt/airflow/dags/redshift.py
Traceback (most recent call last):
  File "/home/airflow/.local/lib/python3.7/site-packages/airflow/models/dagbag.py", line 339, in parse
    loader.exec_module(new_module)
  File "<frozen importlib._bootstrap_external>", line 728, in exec_module
  File "<frozen importlib._bootstrap>", line 219, in _call_with_frames_removed
  File "/opt/airflow/dags/redshift.py", line 12, in <module>
    import sql
ModuleNotFoundError: No module named 'sql'
[2023-06-13T20:31:58.868+0000] {processor.py:755} WARNING - No viable dags retrieved from /opt/airflow/dags/redshift.py
[2023-06-13T20:31:58.883+0000] {processor.py:175} INFO - Processing /opt/airflow/dags/redshift.py took 0.619 seconds
[2023-06-13T21:53:07.058+0000] {processor.py:153} INFO - Started process (PID=63807) to work on /opt/airflow/dags/redshift.py
[2023-06-13T21:53:07.064+0000] {processor.py:743} INFO - Processing file /opt/airflow/dags/redshift.py for tasks to queue
[2023-06-13T21:53:07.066+0000] {logging_mixin.py:137} INFO - [2023-06-13T21:53:07.066+0000] {dagbag.py:538} INFO - Filling up the DagBag from /opt/airflow/dags/redshift.py
[2023-06-13T21:53:07.786+0000] {logging_mixin.py:137} INFO - [2023-06-13T21:53:07.784+0000] {dagbag.py:343} ERROR - Failed to import: /opt/airflow/dags/redshift.py
Traceback (most recent call last):
  File "/home/airflow/.local/lib/python3.7/site-packages/airflow/models/dagbag.py", line 339, in parse
    loader.exec_module(new_module)
  File "<frozen importlib._bootstrap_external>", line 728, in exec_module
  File "<frozen importlib._bootstrap>", line 219, in _call_with_frames_removed
  File "/opt/airflow/dags/redshift.py", line 12, in <module>
    import sql
ModuleNotFoundError: No module named 'sql'
[2023-06-13T21:53:07.787+0000] {processor.py:755} WARNING - No viable dags retrieved from /opt/airflow/dags/redshift.py
[2023-06-13T21:53:07.801+0000] {processor.py:175} INFO - Processing /opt/airflow/dags/redshift.py took 0.751 seconds
[2023-06-13T23:13:49.165+0000] {processor.py:153} INFO - Started process (PID=63878) to work on /opt/airflow/dags/redshift.py
[2023-06-13T23:13:49.169+0000] {processor.py:743} INFO - Processing file /opt/airflow/dags/redshift.py for tasks to queue
[2023-06-13T23:13:49.174+0000] {logging_mixin.py:137} INFO - [2023-06-13T23:13:49.174+0000] {dagbag.py:538} INFO - Filling up the DagBag from /opt/airflow/dags/redshift.py
[2023-06-13T23:13:49.706+0000] {logging_mixin.py:137} INFO - [2023-06-13T23:13:49.701+0000] {dagbag.py:343} ERROR - Failed to import: /opt/airflow/dags/redshift.py
Traceback (most recent call last):
  File "/home/airflow/.local/lib/python3.7/site-packages/airflow/models/dagbag.py", line 339, in parse
    loader.exec_module(new_module)
  File "<frozen importlib._bootstrap_external>", line 728, in exec_module
  File "<frozen importlib._bootstrap>", line 219, in _call_with_frames_removed
  File "/opt/airflow/dags/redshift.py", line 12, in <module>
    import sql
ModuleNotFoundError: No module named 'sql'
[2023-06-13T23:13:49.709+0000] {processor.py:755} WARNING - No viable dags retrieved from /opt/airflow/dags/redshift.py
[2023-06-13T23:13:49.758+0000] {processor.py:175} INFO - Processing /opt/airflow/dags/redshift.py took 0.597 seconds
