[2023-05-23T00:23:49.990+0000] {processor.py:153} INFO - Started process (PID=26427) to work on /opt/airflow/dags/read_s3.py
[2023-05-23T00:23:49.991+0000] {processor.py:743} INFO - Processing file /opt/airflow/dags/read_s3.py for tasks to queue
[2023-05-23T00:23:49.993+0000] {logging_mixin.py:137} INFO - [2023-05-23T00:23:49.992+0000] {dagbag.py:538} INFO - Filling up the DagBag from /opt/airflow/dags/read_s3.py
[2023-05-23T00:23:50.067+0000] {logging_mixin.py:137} INFO - [2023-05-23T00:23:50.063+0000] {dagbag.py:343} ERROR - Failed to import: /opt/airflow/dags/read_s3.py
Traceback (most recent call last):
  File "/home/airflow/.local/lib/python3.7/site-packages/airflow/models/dagbag.py", line 339, in parse
    loader.exec_module(new_module)
  File "<frozen importlib._bootstrap_external>", line 728, in exec_module
  File "<frozen importlib._bootstrap>", line 219, in _call_with_frames_removed
  File "/opt/airflow/dags/read_s3.py", line 6, in <module>
    import awswrangler as wr
ModuleNotFoundError: No module named 'awswrangler'
[2023-05-23T00:23:50.068+0000] {processor.py:755} WARNING - No viable dags retrieved from /opt/airflow/dags/read_s3.py
[2023-05-23T00:23:50.109+0000] {processor.py:175} INFO - Processing /opt/airflow/dags/read_s3.py took 0.122 seconds
[2023-05-23T01:34:46.978+0000] {processor.py:153} INFO - Started process (PID=26509) to work on /opt/airflow/dags/read_s3.py
[2023-05-23T01:34:46.984+0000] {processor.py:743} INFO - Processing file /opt/airflow/dags/read_s3.py for tasks to queue
[2023-05-23T01:34:46.986+0000] {logging_mixin.py:137} INFO - [2023-05-23T01:34:46.986+0000] {dagbag.py:538} INFO - Filling up the DagBag from /opt/airflow/dags/read_s3.py
[2023-05-23T01:34:47.093+0000] {logging_mixin.py:137} INFO - [2023-05-23T01:34:47.090+0000] {dagbag.py:343} ERROR - Failed to import: /opt/airflow/dags/read_s3.py
Traceback (most recent call last):
  File "/home/airflow/.local/lib/python3.7/site-packages/airflow/models/dagbag.py", line 339, in parse
    loader.exec_module(new_module)
  File "<frozen importlib._bootstrap_external>", line 728, in exec_module
  File "<frozen importlib._bootstrap>", line 219, in _call_with_frames_removed
  File "/opt/airflow/dags/read_s3.py", line 6, in <module>
    import awswrangler as wr
ModuleNotFoundError: No module named 'awswrangler'
[2023-05-23T01:34:47.094+0000] {processor.py:755} WARNING - No viable dags retrieved from /opt/airflow/dags/read_s3.py
[2023-05-23T01:34:47.134+0000] {processor.py:175} INFO - Processing /opt/airflow/dags/read_s3.py took 0.160 seconds
[2023-05-23T02:56:45.197+0000] {processor.py:153} INFO - Started process (PID=26580) to work on /opt/airflow/dags/read_s3.py
[2023-05-23T02:56:45.199+0000] {processor.py:743} INFO - Processing file /opt/airflow/dags/read_s3.py for tasks to queue
[2023-05-23T02:56:45.200+0000] {logging_mixin.py:137} INFO - [2023-05-23T02:56:45.200+0000] {dagbag.py:538} INFO - Filling up the DagBag from /opt/airflow/dags/read_s3.py
[2023-05-23T02:56:45.244+0000] {logging_mixin.py:137} INFO - [2023-05-23T02:56:45.241+0000] {dagbag.py:343} ERROR - Failed to import: /opt/airflow/dags/read_s3.py
Traceback (most recent call last):
  File "/home/airflow/.local/lib/python3.7/site-packages/airflow/models/dagbag.py", line 339, in parse
    loader.exec_module(new_module)
  File "<frozen importlib._bootstrap_external>", line 728, in exec_module
  File "<frozen importlib._bootstrap>", line 219, in _call_with_frames_removed
  File "/opt/airflow/dags/read_s3.py", line 6, in <module>
    import awswrangler as wr
ModuleNotFoundError: No module named 'awswrangler'
[2023-05-23T02:56:45.246+0000] {processor.py:755} WARNING - No viable dags retrieved from /opt/airflow/dags/read_s3.py
[2023-05-23T02:56:45.267+0000] {processor.py:175} INFO - Processing /opt/airflow/dags/read_s3.py took 0.072 seconds
[2023-05-23T04:19:16.063+0000] {processor.py:153} INFO - Started process (PID=26663) to work on /opt/airflow/dags/read_s3.py
[2023-05-23T04:19:16.068+0000] {processor.py:743} INFO - Processing file /opt/airflow/dags/read_s3.py for tasks to queue
[2023-05-23T04:19:16.074+0000] {logging_mixin.py:137} INFO - [2023-05-23T04:19:16.074+0000] {dagbag.py:538} INFO - Filling up the DagBag from /opt/airflow/dags/read_s3.py
[2023-05-23T04:19:16.207+0000] {logging_mixin.py:137} INFO - [2023-05-23T04:19:16.201+0000] {dagbag.py:343} ERROR - Failed to import: /opt/airflow/dags/read_s3.py
Traceback (most recent call last):
  File "/home/airflow/.local/lib/python3.7/site-packages/airflow/models/dagbag.py", line 339, in parse
    loader.exec_module(new_module)
  File "<frozen importlib._bootstrap_external>", line 728, in exec_module
  File "<frozen importlib._bootstrap>", line 219, in _call_with_frames_removed
  File "/opt/airflow/dags/read_s3.py", line 6, in <module>
    import awswrangler as wr
ModuleNotFoundError: No module named 'awswrangler'
[2023-05-23T04:19:16.210+0000] {processor.py:755} WARNING - No viable dags retrieved from /opt/airflow/dags/read_s3.py
[2023-05-23T04:19:16.269+0000] {processor.py:175} INFO - Processing /opt/airflow/dags/read_s3.py took 0.210 seconds
[2023-05-23T05:43:24.425+0000] {processor.py:153} INFO - Started process (PID=26746) to work on /opt/airflow/dags/read_s3.py
[2023-05-23T05:43:24.435+0000] {processor.py:743} INFO - Processing file /opt/airflow/dags/read_s3.py for tasks to queue
[2023-05-23T05:43:24.439+0000] {logging_mixin.py:137} INFO - [2023-05-23T05:43:24.439+0000] {dagbag.py:538} INFO - Filling up the DagBag from /opt/airflow/dags/read_s3.py
[2023-05-23T05:43:24.608+0000] {logging_mixin.py:137} INFO - [2023-05-23T05:43:24.603+0000] {dagbag.py:343} ERROR - Failed to import: /opt/airflow/dags/read_s3.py
Traceback (most recent call last):
  File "/home/airflow/.local/lib/python3.7/site-packages/airflow/models/dagbag.py", line 339, in parse
    loader.exec_module(new_module)
  File "<frozen importlib._bootstrap_external>", line 728, in exec_module
  File "<frozen importlib._bootstrap>", line 219, in _call_with_frames_removed
  File "/opt/airflow/dags/read_s3.py", line 6, in <module>
    import awswrangler as wr
ModuleNotFoundError: No module named 'awswrangler'
[2023-05-23T05:43:24.615+0000] {processor.py:755} WARNING - No viable dags retrieved from /opt/airflow/dags/read_s3.py
[2023-05-23T05:43:24.710+0000] {processor.py:175} INFO - Processing /opt/airflow/dags/read_s3.py took 0.290 seconds
[2023-05-23T07:05:11.782+0000] {processor.py:153} INFO - Started process (PID=26817) to work on /opt/airflow/dags/read_s3.py
[2023-05-23T07:05:11.787+0000] {processor.py:743} INFO - Processing file /opt/airflow/dags/read_s3.py for tasks to queue
[2023-05-23T07:05:11.788+0000] {logging_mixin.py:137} INFO - [2023-05-23T07:05:11.788+0000] {dagbag.py:538} INFO - Filling up the DagBag from /opt/airflow/dags/read_s3.py
[2023-05-23T07:05:11.901+0000] {logging_mixin.py:137} INFO - [2023-05-23T07:05:11.898+0000] {dagbag.py:343} ERROR - Failed to import: /opt/airflow/dags/read_s3.py
Traceback (most recent call last):
  File "/home/airflow/.local/lib/python3.7/site-packages/airflow/models/dagbag.py", line 339, in parse
    loader.exec_module(new_module)
  File "<frozen importlib._bootstrap_external>", line 728, in exec_module
  File "<frozen importlib._bootstrap>", line 219, in _call_with_frames_removed
  File "/opt/airflow/dags/read_s3.py", line 6, in <module>
    import awswrangler as wr
ModuleNotFoundError: No module named 'awswrangler'
[2023-05-23T07:05:11.902+0000] {processor.py:755} WARNING - No viable dags retrieved from /opt/airflow/dags/read_s3.py
[2023-05-23T07:05:11.932+0000] {processor.py:175} INFO - Processing /opt/airflow/dags/read_s3.py took 0.154 seconds
[2023-05-23T08:28:06.109+0000] {processor.py:153} INFO - Started process (PID=26901) to work on /opt/airflow/dags/read_s3.py
[2023-05-23T08:28:06.115+0000] {processor.py:743} INFO - Processing file /opt/airflow/dags/read_s3.py for tasks to queue
[2023-05-23T08:28:06.117+0000] {logging_mixin.py:137} INFO - [2023-05-23T08:28:06.116+0000] {dagbag.py:538} INFO - Filling up the DagBag from /opt/airflow/dags/read_s3.py
[2023-05-23T08:28:06.230+0000] {logging_mixin.py:137} INFO - [2023-05-23T08:28:06.228+0000] {dagbag.py:343} ERROR - Failed to import: /opt/airflow/dags/read_s3.py
Traceback (most recent call last):
  File "/home/airflow/.local/lib/python3.7/site-packages/airflow/models/dagbag.py", line 339, in parse
    loader.exec_module(new_module)
  File "<frozen importlib._bootstrap_external>", line 728, in exec_module
  File "<frozen importlib._bootstrap>", line 219, in _call_with_frames_removed
  File "/opt/airflow/dags/read_s3.py", line 6, in <module>
    import awswrangler as wr
ModuleNotFoundError: No module named 'awswrangler'
[2023-05-23T08:28:06.232+0000] {processor.py:755} WARNING - No viable dags retrieved from /opt/airflow/dags/read_s3.py
[2023-05-23T08:28:06.272+0000] {processor.py:175} INFO - Processing /opt/airflow/dags/read_s3.py took 0.167 seconds
[2023-05-23T09:51:55.902+0000] {processor.py:153} INFO - Started process (PID=26972) to work on /opt/airflow/dags/read_s3.py
[2023-05-23T09:51:55.910+0000] {processor.py:743} INFO - Processing file /opt/airflow/dags/read_s3.py for tasks to queue
[2023-05-23T09:51:55.911+0000] {logging_mixin.py:137} INFO - [2023-05-23T09:51:55.911+0000] {dagbag.py:538} INFO - Filling up the DagBag from /opt/airflow/dags/read_s3.py
[2023-05-23T09:51:55.961+0000] {logging_mixin.py:137} INFO - [2023-05-23T09:51:55.959+0000] {dagbag.py:343} ERROR - Failed to import: /opt/airflow/dags/read_s3.py
Traceback (most recent call last):
  File "/home/airflow/.local/lib/python3.7/site-packages/airflow/models/dagbag.py", line 339, in parse
    loader.exec_module(new_module)
  File "<frozen importlib._bootstrap_external>", line 728, in exec_module
  File "<frozen importlib._bootstrap>", line 219, in _call_with_frames_removed
  File "/opt/airflow/dags/read_s3.py", line 6, in <module>
    import awswrangler as wr
ModuleNotFoundError: No module named 'awswrangler'
[2023-05-23T09:51:55.963+0000] {processor.py:755} WARNING - No viable dags retrieved from /opt/airflow/dags/read_s3.py
[2023-05-23T09:51:55.981+0000] {processor.py:175} INFO - Processing /opt/airflow/dags/read_s3.py took 0.082 seconds
[2023-05-23T11:15:04.763+0000] {processor.py:153} INFO - Started process (PID=27056) to work on /opt/airflow/dags/read_s3.py
[2023-05-23T11:15:04.768+0000] {processor.py:743} INFO - Processing file /opt/airflow/dags/read_s3.py for tasks to queue
[2023-05-23T11:15:04.787+0000] {logging_mixin.py:137} INFO - [2023-05-23T11:15:04.787+0000] {dagbag.py:538} INFO - Filling up the DagBag from /opt/airflow/dags/read_s3.py
[2023-05-23T11:15:04.927+0000] {logging_mixin.py:137} INFO - [2023-05-23T11:15:04.921+0000] {dagbag.py:343} ERROR - Failed to import: /opt/airflow/dags/read_s3.py
Traceback (most recent call last):
  File "/home/airflow/.local/lib/python3.7/site-packages/airflow/models/dagbag.py", line 339, in parse
    loader.exec_module(new_module)
  File "<frozen importlib._bootstrap_external>", line 728, in exec_module
  File "<frozen importlib._bootstrap>", line 219, in _call_with_frames_removed
  File "/opt/airflow/dags/read_s3.py", line 6, in <module>
    import awswrangler as wr
ModuleNotFoundError: No module named 'awswrangler'
[2023-05-23T11:15:04.930+0000] {processor.py:755} WARNING - No viable dags retrieved from /opt/airflow/dags/read_s3.py
[2023-05-23T11:15:04.969+0000] {processor.py:175} INFO - Processing /opt/airflow/dags/read_s3.py took 0.211 seconds
[2023-05-23T12:35:47.185+0000] {processor.py:153} INFO - Started process (PID=27139) to work on /opt/airflow/dags/read_s3.py
[2023-05-23T12:35:47.187+0000] {processor.py:743} INFO - Processing file /opt/airflow/dags/read_s3.py for tasks to queue
[2023-05-23T12:35:47.188+0000] {logging_mixin.py:137} INFO - [2023-05-23T12:35:47.188+0000] {dagbag.py:538} INFO - Filling up the DagBag from /opt/airflow/dags/read_s3.py
[2023-05-23T12:35:47.243+0000] {logging_mixin.py:137} INFO - [2023-05-23T12:35:47.241+0000] {dagbag.py:343} ERROR - Failed to import: /opt/airflow/dags/read_s3.py
Traceback (most recent call last):
  File "/home/airflow/.local/lib/python3.7/site-packages/airflow/models/dagbag.py", line 339, in parse
    loader.exec_module(new_module)
  File "<frozen importlib._bootstrap_external>", line 728, in exec_module
  File "<frozen importlib._bootstrap>", line 219, in _call_with_frames_removed
  File "/opt/airflow/dags/read_s3.py", line 6, in <module>
    import awswrangler as wr
ModuleNotFoundError: No module named 'awswrangler'
[2023-05-23T12:35:47.246+0000] {processor.py:755} WARNING - No viable dags retrieved from /opt/airflow/dags/read_s3.py
[2023-05-23T12:35:47.265+0000] {processor.py:175} INFO - Processing /opt/airflow/dags/read_s3.py took 0.083 seconds
[2023-05-23T13:58:56.956+0000] {processor.py:153} INFO - Started process (PID=27210) to work on /opt/airflow/dags/read_s3.py
[2023-05-23T13:58:56.959+0000] {processor.py:743} INFO - Processing file /opt/airflow/dags/read_s3.py for tasks to queue
[2023-05-23T13:58:56.961+0000] {logging_mixin.py:137} INFO - [2023-05-23T13:58:56.961+0000] {dagbag.py:538} INFO - Filling up the DagBag from /opt/airflow/dags/read_s3.py
[2023-05-23T13:58:57.128+0000] {logging_mixin.py:137} INFO - [2023-05-23T13:58:57.126+0000] {dagbag.py:343} ERROR - Failed to import: /opt/airflow/dags/read_s3.py
Traceback (most recent call last):
  File "/home/airflow/.local/lib/python3.7/site-packages/airflow/models/dagbag.py", line 339, in parse
    loader.exec_module(new_module)
  File "<frozen importlib._bootstrap_external>", line 728, in exec_module
  File "<frozen importlib._bootstrap>", line 219, in _call_with_frames_removed
  File "/opt/airflow/dags/read_s3.py", line 6, in <module>
    import awswrangler as wr
ModuleNotFoundError: No module named 'awswrangler'
[2023-05-23T13:58:57.131+0000] {processor.py:755} WARNING - No viable dags retrieved from /opt/airflow/dags/read_s3.py
[2023-05-23T13:58:57.222+0000] {processor.py:175} INFO - Processing /opt/airflow/dags/read_s3.py took 0.270 seconds
[2023-05-23T15:21:21.706+0000] {processor.py:153} INFO - Started process (PID=27293) to work on /opt/airflow/dags/read_s3.py
[2023-05-23T15:21:21.707+0000] {processor.py:743} INFO - Processing file /opt/airflow/dags/read_s3.py for tasks to queue
[2023-05-23T15:21:21.709+0000] {logging_mixin.py:137} INFO - [2023-05-23T15:21:21.709+0000] {dagbag.py:538} INFO - Filling up the DagBag from /opt/airflow/dags/read_s3.py
[2023-05-23T15:21:21.770+0000] {logging_mixin.py:137} INFO - [2023-05-23T15:21:21.759+0000] {dagbag.py:343} ERROR - Failed to import: /opt/airflow/dags/read_s3.py
Traceback (most recent call last):
  File "/home/airflow/.local/lib/python3.7/site-packages/airflow/models/dagbag.py", line 339, in parse
    loader.exec_module(new_module)
  File "<frozen importlib._bootstrap_external>", line 728, in exec_module
  File "<frozen importlib._bootstrap>", line 219, in _call_with_frames_removed
  File "/opt/airflow/dags/read_s3.py", line 6, in <module>
    import awswrangler as wr
ModuleNotFoundError: No module named 'awswrangler'
[2023-05-23T15:21:21.771+0000] {processor.py:755} WARNING - No viable dags retrieved from /opt/airflow/dags/read_s3.py
[2023-05-23T15:21:21.800+0000] {processor.py:175} INFO - Processing /opt/airflow/dags/read_s3.py took 0.096 seconds
[2023-05-23T16:44:58.725+0000] {processor.py:153} INFO - Started process (PID=27364) to work on /opt/airflow/dags/read_s3.py
[2023-05-23T16:44:58.729+0000] {processor.py:743} INFO - Processing file /opt/airflow/dags/read_s3.py for tasks to queue
[2023-05-23T16:44:58.731+0000] {logging_mixin.py:137} INFO - [2023-05-23T16:44:58.731+0000] {dagbag.py:538} INFO - Filling up the DagBag from /opt/airflow/dags/read_s3.py
[2023-05-23T16:44:58.821+0000] {logging_mixin.py:137} INFO - [2023-05-23T16:44:58.815+0000] {dagbag.py:343} ERROR - Failed to import: /opt/airflow/dags/read_s3.py
Traceback (most recent call last):
  File "/home/airflow/.local/lib/python3.7/site-packages/airflow/models/dagbag.py", line 339, in parse
    loader.exec_module(new_module)
  File "<frozen importlib._bootstrap_external>", line 728, in exec_module
  File "<frozen importlib._bootstrap>", line 219, in _call_with_frames_removed
  File "/opt/airflow/dags/read_s3.py", line 6, in <module>
    import awswrangler as wr
ModuleNotFoundError: No module named 'awswrangler'
[2023-05-23T16:44:58.823+0000] {processor.py:755} WARNING - No viable dags retrieved from /opt/airflow/dags/read_s3.py
[2023-05-23T16:44:58.852+0000] {processor.py:175} INFO - Processing /opt/airflow/dags/read_s3.py took 0.131 seconds
[2023-05-23T18:05:15.881+0000] {processor.py:153} INFO - Started process (PID=27447) to work on /opt/airflow/dags/read_s3.py
[2023-05-23T18:05:15.914+0000] {processor.py:743} INFO - Processing file /opt/airflow/dags/read_s3.py for tasks to queue
[2023-05-23T18:05:15.933+0000] {logging_mixin.py:137} INFO - [2023-05-23T18:05:15.933+0000] {dagbag.py:538} INFO - Filling up the DagBag from /opt/airflow/dags/read_s3.py
[2023-05-23T18:05:16.112+0000] {logging_mixin.py:137} INFO - [2023-05-23T18:05:16.104+0000] {dagbag.py:343} ERROR - Failed to import: /opt/airflow/dags/read_s3.py
Traceback (most recent call last):
  File "/home/airflow/.local/lib/python3.7/site-packages/airflow/models/dagbag.py", line 339, in parse
    loader.exec_module(new_module)
  File "<frozen importlib._bootstrap_external>", line 728, in exec_module
  File "<frozen importlib._bootstrap>", line 219, in _call_with_frames_removed
  File "/opt/airflow/dags/read_s3.py", line 6, in <module>
    import awswrangler as wr
ModuleNotFoundError: No module named 'awswrangler'
[2023-05-23T18:05:16.115+0000] {processor.py:755} WARNING - No viable dags retrieved from /opt/airflow/dags/read_s3.py
[2023-05-23T18:05:16.179+0000] {processor.py:175} INFO - Processing /opt/airflow/dags/read_s3.py took 0.307 seconds
[2023-05-23T19:26:38.701+0000] {processor.py:153} INFO - Started process (PID=27530) to work on /opt/airflow/dags/read_s3.py
[2023-05-23T19:26:38.705+0000] {processor.py:743} INFO - Processing file /opt/airflow/dags/read_s3.py for tasks to queue
[2023-05-23T19:26:38.723+0000] {logging_mixin.py:137} INFO - [2023-05-23T19:26:38.723+0000] {dagbag.py:538} INFO - Filling up the DagBag from /opt/airflow/dags/read_s3.py
[2023-05-23T19:26:38.980+0000] {logging_mixin.py:137} INFO - [2023-05-23T19:26:38.976+0000] {dagbag.py:343} ERROR - Failed to import: /opt/airflow/dags/read_s3.py
Traceback (most recent call last):
  File "/home/airflow/.local/lib/python3.7/site-packages/airflow/models/dagbag.py", line 339, in parse
    loader.exec_module(new_module)
  File "<frozen importlib._bootstrap_external>", line 728, in exec_module
  File "<frozen importlib._bootstrap>", line 219, in _call_with_frames_removed
  File "/opt/airflow/dags/read_s3.py", line 6, in <module>
    import awswrangler as wr
ModuleNotFoundError: No module named 'awswrangler'
[2023-05-23T19:26:38.986+0000] {processor.py:755} WARNING - No viable dags retrieved from /opt/airflow/dags/read_s3.py
[2023-05-23T19:26:39.060+0000] {processor.py:175} INFO - Processing /opt/airflow/dags/read_s3.py took 0.363 seconds
[2023-05-23T21:05:02.617+0000] {processor.py:153} INFO - Started process (PID=27601) to work on /opt/airflow/dags/read_s3.py
[2023-05-23T21:05:02.618+0000] {processor.py:743} INFO - Processing file /opt/airflow/dags/read_s3.py for tasks to queue
[2023-05-23T21:05:02.620+0000] {logging_mixin.py:137} INFO - [2023-05-23T21:05:02.620+0000] {dagbag.py:538} INFO - Filling up the DagBag from /opt/airflow/dags/read_s3.py
[2023-05-23T21:05:02.670+0000] {logging_mixin.py:137} INFO - [2023-05-23T21:05:02.668+0000] {dagbag.py:343} ERROR - Failed to import: /opt/airflow/dags/read_s3.py
Traceback (most recent call last):
  File "/home/airflow/.local/lib/python3.7/site-packages/airflow/models/dagbag.py", line 339, in parse
    loader.exec_module(new_module)
  File "<frozen importlib._bootstrap_external>", line 728, in exec_module
  File "<frozen importlib._bootstrap>", line 219, in _call_with_frames_removed
  File "/opt/airflow/dags/read_s3.py", line 6, in <module>
    import awswrangler as wr
ModuleNotFoundError: No module named 'awswrangler'
[2023-05-23T21:05:02.671+0000] {processor.py:755} WARNING - No viable dags retrieved from /opt/airflow/dags/read_s3.py
[2023-05-23T21:05:02.688+0000] {processor.py:175} INFO - Processing /opt/airflow/dags/read_s3.py took 0.074 seconds
[2023-05-23T22:24:17.638+0000] {processor.py:153} INFO - Started process (PID=27683) to work on /opt/airflow/dags/read_s3.py
[2023-05-23T22:24:17.649+0000] {processor.py:743} INFO - Processing file /opt/airflow/dags/read_s3.py for tasks to queue
[2023-05-23T22:24:17.652+0000] {logging_mixin.py:137} INFO - [2023-05-23T22:24:17.651+0000] {dagbag.py:538} INFO - Filling up the DagBag from /opt/airflow/dags/read_s3.py
[2023-05-23T22:24:17.821+0000] {logging_mixin.py:137} INFO - [2023-05-23T22:24:17.818+0000] {dagbag.py:343} ERROR - Failed to import: /opt/airflow/dags/read_s3.py
Traceback (most recent call last):
  File "/home/airflow/.local/lib/python3.7/site-packages/airflow/models/dagbag.py", line 339, in parse
    loader.exec_module(new_module)
  File "<frozen importlib._bootstrap_external>", line 728, in exec_module
  File "<frozen importlib._bootstrap>", line 219, in _call_with_frames_removed
  File "/opt/airflow/dags/read_s3.py", line 6, in <module>
    import awswrangler as wr
ModuleNotFoundError: No module named 'awswrangler'
[2023-05-23T22:24:17.836+0000] {processor.py:755} WARNING - No viable dags retrieved from /opt/airflow/dags/read_s3.py
[2023-05-23T22:24:17.869+0000] {processor.py:175} INFO - Processing /opt/airflow/dags/read_s3.py took 0.239 seconds
[2023-05-23T22:24:48.430+0000] {processor.py:153} INFO - Started process (PID=27753) to work on /opt/airflow/dags/read_s3.py
[2023-05-23T22:24:48.432+0000] {processor.py:743} INFO - Processing file /opt/airflow/dags/read_s3.py for tasks to queue
[2023-05-23T22:24:48.433+0000] {logging_mixin.py:137} INFO - [2023-05-23T22:24:48.433+0000] {dagbag.py:538} INFO - Filling up the DagBag from /opt/airflow/dags/read_s3.py
[2023-05-23T22:24:48.486+0000] {logging_mixin.py:137} INFO - [2023-05-23T22:24:48.484+0000] {dagbag.py:343} ERROR - Failed to import: /opt/airflow/dags/read_s3.py
Traceback (most recent call last):
  File "/home/airflow/.local/lib/python3.7/site-packages/airflow/models/dagbag.py", line 339, in parse
    loader.exec_module(new_module)
  File "<frozen importlib._bootstrap_external>", line 728, in exec_module
  File "<frozen importlib._bootstrap>", line 219, in _call_with_frames_removed
  File "/opt/airflow/dags/read_s3.py", line 6, in <module>
    import awswrangler as wr
ModuleNotFoundError: No module named 'awswrangler'
[2023-05-23T22:24:48.488+0000] {processor.py:755} WARNING - No viable dags retrieved from /opt/airflow/dags/read_s3.py
[2023-05-23T22:24:48.507+0000] {processor.py:175} INFO - Processing /opt/airflow/dags/read_s3.py took 0.082 seconds
[2023-05-23T22:25:18.633+0000] {processor.py:153} INFO - Started process (PID=27836) to work on /opt/airflow/dags/read_s3.py
[2023-05-23T22:25:18.635+0000] {processor.py:743} INFO - Processing file /opt/airflow/dags/read_s3.py for tasks to queue
[2023-05-23T22:25:18.636+0000] {logging_mixin.py:137} INFO - [2023-05-23T22:25:18.636+0000] {dagbag.py:538} INFO - Filling up the DagBag from /opt/airflow/dags/read_s3.py
[2023-05-23T22:25:18.691+0000] {logging_mixin.py:137} INFO - [2023-05-23T22:25:18.688+0000] {dagbag.py:343} ERROR - Failed to import: /opt/airflow/dags/read_s3.py
Traceback (most recent call last):
  File "/home/airflow/.local/lib/python3.7/site-packages/airflow/models/dagbag.py", line 339, in parse
    loader.exec_module(new_module)
  File "<frozen importlib._bootstrap_external>", line 728, in exec_module
  File "<frozen importlib._bootstrap>", line 219, in _call_with_frames_removed
  File "/opt/airflow/dags/read_s3.py", line 6, in <module>
    import awswrangler as wr
ModuleNotFoundError: No module named 'awswrangler'
[2023-05-23T22:25:18.692+0000] {processor.py:755} WARNING - No viable dags retrieved from /opt/airflow/dags/read_s3.py
[2023-05-23T22:25:18.712+0000] {processor.py:175} INFO - Processing /opt/airflow/dags/read_s3.py took 0.085 seconds
[2023-05-23T22:25:49.042+0000] {processor.py:153} INFO - Started process (PID=27919) to work on /opt/airflow/dags/read_s3.py
[2023-05-23T22:25:49.043+0000] {processor.py:743} INFO - Processing file /opt/airflow/dags/read_s3.py for tasks to queue
[2023-05-23T22:25:49.045+0000] {logging_mixin.py:137} INFO - [2023-05-23T22:25:49.045+0000] {dagbag.py:538} INFO - Filling up the DagBag from /opt/airflow/dags/read_s3.py
[2023-05-23T22:25:49.094+0000] {logging_mixin.py:137} INFO - [2023-05-23T22:25:49.092+0000] {dagbag.py:343} ERROR - Failed to import: /opt/airflow/dags/read_s3.py
Traceback (most recent call last):
  File "/home/airflow/.local/lib/python3.7/site-packages/airflow/models/dagbag.py", line 339, in parse
    loader.exec_module(new_module)
  File "<frozen importlib._bootstrap_external>", line 728, in exec_module
  File "<frozen importlib._bootstrap>", line 219, in _call_with_frames_removed
  File "/opt/airflow/dags/read_s3.py", line 6, in <module>
    import awswrangler as wr
ModuleNotFoundError: No module named 'awswrangler'
[2023-05-23T22:25:49.095+0000] {processor.py:755} WARNING - No viable dags retrieved from /opt/airflow/dags/read_s3.py
[2023-05-23T22:25:49.112+0000] {processor.py:175} INFO - Processing /opt/airflow/dags/read_s3.py took 0.077 seconds
[2023-05-23T22:26:20.141+0000] {processor.py:153} INFO - Started process (PID=28002) to work on /opt/airflow/dags/read_s3.py
[2023-05-23T22:26:20.142+0000] {processor.py:743} INFO - Processing file /opt/airflow/dags/read_s3.py for tasks to queue
[2023-05-23T22:26:20.144+0000] {logging_mixin.py:137} INFO - [2023-05-23T22:26:20.144+0000] {dagbag.py:538} INFO - Filling up the DagBag from /opt/airflow/dags/read_s3.py
[2023-05-23T22:26:20.192+0000] {logging_mixin.py:137} INFO - [2023-05-23T22:26:20.190+0000] {dagbag.py:343} ERROR - Failed to import: /opt/airflow/dags/read_s3.py
Traceback (most recent call last):
  File "/home/airflow/.local/lib/python3.7/site-packages/airflow/models/dagbag.py", line 339, in parse
    loader.exec_module(new_module)
  File "<frozen importlib._bootstrap_external>", line 728, in exec_module
  File "<frozen importlib._bootstrap>", line 219, in _call_with_frames_removed
  File "/opt/airflow/dags/read_s3.py", line 6, in <module>
    import awswrangler as wr
ModuleNotFoundError: No module named 'awswrangler'
[2023-05-23T22:26:20.194+0000] {processor.py:755} WARNING - No viable dags retrieved from /opt/airflow/dags/read_s3.py
[2023-05-23T22:26:20.214+0000] {processor.py:175} INFO - Processing /opt/airflow/dags/read_s3.py took 0.077 seconds
[2023-05-23T22:52:30.963+0000] {processor.py:153} INFO - Started process (PID=28072) to work on /opt/airflow/dags/read_s3.py
[2023-05-23T22:52:30.977+0000] {processor.py:743} INFO - Processing file /opt/airflow/dags/read_s3.py for tasks to queue
[2023-05-23T22:52:30.992+0000] {logging_mixin.py:137} INFO - [2023-05-23T22:52:30.992+0000] {dagbag.py:538} INFO - Filling up the DagBag from /opt/airflow/dags/read_s3.py
[2023-05-23T22:52:31.225+0000] {logging_mixin.py:137} INFO - [2023-05-23T22:52:31.216+0000] {dagbag.py:343} ERROR - Failed to import: /opt/airflow/dags/read_s3.py
Traceback (most recent call last):
  File "/home/airflow/.local/lib/python3.7/site-packages/airflow/models/dagbag.py", line 339, in parse
    loader.exec_module(new_module)
  File "<frozen importlib._bootstrap_external>", line 728, in exec_module
  File "<frozen importlib._bootstrap>", line 219, in _call_with_frames_removed
  File "/opt/airflow/dags/read_s3.py", line 6, in <module>
    import awswrangler as wr
ModuleNotFoundError: No module named 'awswrangler'
[2023-05-23T22:52:31.228+0000] {processor.py:755} WARNING - No viable dags retrieved from /opt/airflow/dags/read_s3.py
[2023-05-23T22:52:31.276+0000] {processor.py:175} INFO - Processing /opt/airflow/dags/read_s3.py took 0.317 seconds
[2023-05-23T22:53:02.113+0000] {processor.py:153} INFO - Started process (PID=28155) to work on /opt/airflow/dags/read_s3.py
[2023-05-23T22:53:02.114+0000] {processor.py:743} INFO - Processing file /opt/airflow/dags/read_s3.py for tasks to queue
[2023-05-23T22:53:02.115+0000] {logging_mixin.py:137} INFO - [2023-05-23T22:53:02.115+0000] {dagbag.py:538} INFO - Filling up the DagBag from /opt/airflow/dags/read_s3.py
[2023-05-23T22:53:02.161+0000] {logging_mixin.py:137} INFO - [2023-05-23T22:53:02.159+0000] {dagbag.py:343} ERROR - Failed to import: /opt/airflow/dags/read_s3.py
Traceback (most recent call last):
  File "/home/airflow/.local/lib/python3.7/site-packages/airflow/models/dagbag.py", line 339, in parse
    loader.exec_module(new_module)
  File "<frozen importlib._bootstrap_external>", line 728, in exec_module
  File "<frozen importlib._bootstrap>", line 219, in _call_with_frames_removed
  File "/opt/airflow/dags/read_s3.py", line 6, in <module>
    import awswrangler as wr
ModuleNotFoundError: No module named 'awswrangler'
[2023-05-23T22:53:02.162+0000] {processor.py:755} WARNING - No viable dags retrieved from /opt/airflow/dags/read_s3.py
[2023-05-23T22:53:02.180+0000] {processor.py:175} INFO - Processing /opt/airflow/dags/read_s3.py took 0.070 seconds
[2023-05-23T22:53:32.958+0000] {processor.py:153} INFO - Started process (PID=28226) to work on /opt/airflow/dags/read_s3.py
[2023-05-23T22:53:32.960+0000] {processor.py:743} INFO - Processing file /opt/airflow/dags/read_s3.py for tasks to queue
[2023-05-23T22:53:32.962+0000] {logging_mixin.py:137} INFO - [2023-05-23T22:53:32.961+0000] {dagbag.py:538} INFO - Filling up the DagBag from /opt/airflow/dags/read_s3.py
[2023-05-23T22:53:33.024+0000] {logging_mixin.py:137} INFO - [2023-05-23T22:53:33.022+0000] {dagbag.py:343} ERROR - Failed to import: /opt/airflow/dags/read_s3.py
Traceback (most recent call last):
  File "/home/airflow/.local/lib/python3.7/site-packages/airflow/models/dagbag.py", line 339, in parse
    loader.exec_module(new_module)
  File "<frozen importlib._bootstrap_external>", line 728, in exec_module
  File "<frozen importlib._bootstrap>", line 219, in _call_with_frames_removed
  File "/opt/airflow/dags/read_s3.py", line 6, in <module>
    import awswrangler as wr
ModuleNotFoundError: No module named 'awswrangler'
[2023-05-23T22:53:33.030+0000] {processor.py:755} WARNING - No viable dags retrieved from /opt/airflow/dags/read_s3.py
[2023-05-23T22:53:33.049+0000] {processor.py:175} INFO - Processing /opt/airflow/dags/read_s3.py took 0.096 seconds
[2023-05-23T22:54:03.149+0000] {processor.py:153} INFO - Started process (PID=28309) to work on /opt/airflow/dags/read_s3.py
[2023-05-23T22:54:03.150+0000] {processor.py:743} INFO - Processing file /opt/airflow/dags/read_s3.py for tasks to queue
[2023-05-23T22:54:03.151+0000] {logging_mixin.py:137} INFO - [2023-05-23T22:54:03.151+0000] {dagbag.py:538} INFO - Filling up the DagBag from /opt/airflow/dags/read_s3.py
[2023-05-23T22:54:03.195+0000] {logging_mixin.py:137} INFO - [2023-05-23T22:54:03.193+0000] {dagbag.py:343} ERROR - Failed to import: /opt/airflow/dags/read_s3.py
Traceback (most recent call last):
  File "/home/airflow/.local/lib/python3.7/site-packages/airflow/models/dagbag.py", line 339, in parse
    loader.exec_module(new_module)
  File "<frozen importlib._bootstrap_external>", line 728, in exec_module
  File "<frozen importlib._bootstrap>", line 219, in _call_with_frames_removed
  File "/opt/airflow/dags/read_s3.py", line 6, in <module>
    import awswrangler as wr
ModuleNotFoundError: No module named 'awswrangler'
[2023-05-23T22:54:03.196+0000] {processor.py:755} WARNING - No viable dags retrieved from /opt/airflow/dags/read_s3.py
[2023-05-23T22:54:03.212+0000] {processor.py:175} INFO - Processing /opt/airflow/dags/read_s3.py took 0.066 seconds
[2023-05-23T22:54:33.360+0000] {processor.py:153} INFO - Started process (PID=28392) to work on /opt/airflow/dags/read_s3.py
[2023-05-23T22:54:33.362+0000] {processor.py:743} INFO - Processing file /opt/airflow/dags/read_s3.py for tasks to queue
[2023-05-23T22:54:33.364+0000] {logging_mixin.py:137} INFO - [2023-05-23T22:54:33.364+0000] {dagbag.py:538} INFO - Filling up the DagBag from /opt/airflow/dags/read_s3.py
[2023-05-23T22:54:33.418+0000] {logging_mixin.py:137} INFO - [2023-05-23T22:54:33.416+0000] {dagbag.py:343} ERROR - Failed to import: /opt/airflow/dags/read_s3.py
Traceback (most recent call last):
  File "/home/airflow/.local/lib/python3.7/site-packages/airflow/models/dagbag.py", line 339, in parse
    loader.exec_module(new_module)
  File "<frozen importlib._bootstrap_external>", line 728, in exec_module
  File "<frozen importlib._bootstrap>", line 219, in _call_with_frames_removed
  File "/opt/airflow/dags/read_s3.py", line 6, in <module>
    import awswrangler as wr
ModuleNotFoundError: No module named 'awswrangler'
[2023-05-23T22:54:33.420+0000] {processor.py:755} WARNING - No viable dags retrieved from /opt/airflow/dags/read_s3.py
[2023-05-23T22:54:33.438+0000] {processor.py:175} INFO - Processing /opt/airflow/dags/read_s3.py took 0.083 seconds
[2023-05-23T22:56:58.619+0000] {processor.py:153} INFO - Started process (PID=28463) to work on /opt/airflow/dags/read_s3.py
[2023-05-23T22:56:58.621+0000] {processor.py:743} INFO - Processing file /opt/airflow/dags/read_s3.py for tasks to queue
[2023-05-23T22:56:58.624+0000] {logging_mixin.py:137} INFO - [2023-05-23T22:56:58.624+0000] {dagbag.py:538} INFO - Filling up the DagBag from /opt/airflow/dags/read_s3.py
[2023-05-23T22:56:58.732+0000] {logging_mixin.py:137} INFO - [2023-05-23T22:56:58.728+0000] {dagbag.py:343} ERROR - Failed to import: /opt/airflow/dags/read_s3.py
Traceback (most recent call last):
  File "/home/airflow/.local/lib/python3.7/site-packages/airflow/models/dagbag.py", line 339, in parse
    loader.exec_module(new_module)
  File "<frozen importlib._bootstrap_external>", line 728, in exec_module
  File "<frozen importlib._bootstrap>", line 219, in _call_with_frames_removed
  File "/opt/airflow/dags/read_s3.py", line 6, in <module>
    import awswrangler as wr
ModuleNotFoundError: No module named 'awswrangler'
[2023-05-23T22:56:58.734+0000] {processor.py:755} WARNING - No viable dags retrieved from /opt/airflow/dags/read_s3.py
[2023-05-23T22:56:58.768+0000] {processor.py:175} INFO - Processing /opt/airflow/dags/read_s3.py took 0.163 seconds
[2023-05-23T22:57:29.140+0000] {processor.py:153} INFO - Started process (PID=28546) to work on /opt/airflow/dags/read_s3.py
[2023-05-23T22:57:29.141+0000] {processor.py:743} INFO - Processing file /opt/airflow/dags/read_s3.py for tasks to queue
[2023-05-23T22:57:29.143+0000] {logging_mixin.py:137} INFO - [2023-05-23T22:57:29.142+0000] {dagbag.py:538} INFO - Filling up the DagBag from /opt/airflow/dags/read_s3.py
[2023-05-23T22:57:29.189+0000] {logging_mixin.py:137} INFO - [2023-05-23T22:57:29.187+0000] {dagbag.py:343} ERROR - Failed to import: /opt/airflow/dags/read_s3.py
Traceback (most recent call last):
  File "/home/airflow/.local/lib/python3.7/site-packages/airflow/models/dagbag.py", line 339, in parse
    loader.exec_module(new_module)
  File "<frozen importlib._bootstrap_external>", line 728, in exec_module
  File "<frozen importlib._bootstrap>", line 219, in _call_with_frames_removed
  File "/opt/airflow/dags/read_s3.py", line 6, in <module>
    import awswrangler as wr
ModuleNotFoundError: No module named 'awswrangler'
[2023-05-23T22:57:29.190+0000] {processor.py:755} WARNING - No viable dags retrieved from /opt/airflow/dags/read_s3.py
[2023-05-23T22:57:29.211+0000] {processor.py:175} INFO - Processing /opt/airflow/dags/read_s3.py took 0.075 seconds
[2023-05-23T22:57:59.268+0000] {processor.py:153} INFO - Started process (PID=28626) to work on /opt/airflow/dags/read_s3.py
[2023-05-23T22:57:59.283+0000] {processor.py:743} INFO - Processing file /opt/airflow/dags/read_s3.py for tasks to queue
[2023-05-23T22:57:59.302+0000] {logging_mixin.py:137} INFO - [2023-05-23T22:57:59.302+0000] {dagbag.py:538} INFO - Filling up the DagBag from /opt/airflow/dags/read_s3.py
[2023-05-23T22:57:59.409+0000] {logging_mixin.py:137} INFO - [2023-05-23T22:57:59.406+0000] {dagbag.py:343} ERROR - Failed to import: /opt/airflow/dags/read_s3.py
Traceback (most recent call last):
  File "/home/airflow/.local/lib/python3.7/site-packages/airflow/models/dagbag.py", line 339, in parse
    loader.exec_module(new_module)
  File "<frozen importlib._bootstrap_external>", line 728, in exec_module
  File "<frozen importlib._bootstrap>", line 219, in _call_with_frames_removed
  File "/opt/airflow/dags/read_s3.py", line 6, in <module>
    import awswrangler as wr
ModuleNotFoundError: No module named 'awswrangler'
[2023-05-23T22:57:59.444+0000] {processor.py:755} WARNING - No viable dags retrieved from /opt/airflow/dags/read_s3.py
[2023-05-23T22:57:59.477+0000] {processor.py:175} INFO - Processing /opt/airflow/dags/read_s3.py took 0.211 seconds
[2023-05-23T22:58:29.524+0000] {processor.py:153} INFO - Started process (PID=28699) to work on /opt/airflow/dags/read_s3.py
[2023-05-23T22:58:29.525+0000] {processor.py:743} INFO - Processing file /opt/airflow/dags/read_s3.py for tasks to queue
[2023-05-23T22:58:29.526+0000] {logging_mixin.py:137} INFO - [2023-05-23T22:58:29.526+0000] {dagbag.py:538} INFO - Filling up the DagBag from /opt/airflow/dags/read_s3.py
[2023-05-23T22:58:29.571+0000] {logging_mixin.py:137} INFO - [2023-05-23T22:58:29.569+0000] {dagbag.py:343} ERROR - Failed to import: /opt/airflow/dags/read_s3.py
Traceback (most recent call last):
  File "/home/airflow/.local/lib/python3.7/site-packages/airflow/models/dagbag.py", line 339, in parse
    loader.exec_module(new_module)
  File "<frozen importlib._bootstrap_external>", line 728, in exec_module
  File "<frozen importlib._bootstrap>", line 219, in _call_with_frames_removed
  File "/opt/airflow/dags/read_s3.py", line 6, in <module>
    import awswrangler as wr
ModuleNotFoundError: No module named 'awswrangler'
[2023-05-23T22:58:29.573+0000] {processor.py:755} WARNING - No viable dags retrieved from /opt/airflow/dags/read_s3.py
[2023-05-23T22:58:29.593+0000] {processor.py:175} INFO - Processing /opt/airflow/dags/read_s3.py took 0.074 seconds
[2023-05-23T22:59:00.573+0000] {processor.py:153} INFO - Started process (PID=28782) to work on /opt/airflow/dags/read_s3.py
[2023-05-23T22:59:00.575+0000] {processor.py:743} INFO - Processing file /opt/airflow/dags/read_s3.py for tasks to queue
[2023-05-23T22:59:00.576+0000] {logging_mixin.py:137} INFO - [2023-05-23T22:59:00.576+0000] {dagbag.py:538} INFO - Filling up the DagBag from /opt/airflow/dags/read_s3.py
[2023-05-23T22:59:00.644+0000] {logging_mixin.py:137} INFO - [2023-05-23T22:59:00.642+0000] {dagbag.py:343} ERROR - Failed to import: /opt/airflow/dags/read_s3.py
Traceback (most recent call last):
  File "/home/airflow/.local/lib/python3.7/site-packages/airflow/models/dagbag.py", line 339, in parse
    loader.exec_module(new_module)
  File "<frozen importlib._bootstrap_external>", line 728, in exec_module
  File "<frozen importlib._bootstrap>", line 219, in _call_with_frames_removed
  File "/opt/airflow/dags/read_s3.py", line 6, in <module>
    import awswrangler as wr
ModuleNotFoundError: No module named 'awswrangler'
[2023-05-23T22:59:00.646+0000] {processor.py:755} WARNING - No viable dags retrieved from /opt/airflow/dags/read_s3.py
[2023-05-23T22:59:00.665+0000] {processor.py:175} INFO - Processing /opt/airflow/dags/read_s3.py took 0.098 seconds
[2023-05-23T22:59:30.737+0000] {processor.py:153} INFO - Started process (PID=28865) to work on /opt/airflow/dags/read_s3.py
[2023-05-23T22:59:30.738+0000] {processor.py:743} INFO - Processing file /opt/airflow/dags/read_s3.py for tasks to queue
[2023-05-23T22:59:30.739+0000] {logging_mixin.py:137} INFO - [2023-05-23T22:59:30.739+0000] {dagbag.py:538} INFO - Filling up the DagBag from /opt/airflow/dags/read_s3.py
[2023-05-23T22:59:30.803+0000] {logging_mixin.py:137} INFO - [2023-05-23T22:59:30.800+0000] {dagbag.py:343} ERROR - Failed to import: /opt/airflow/dags/read_s3.py
Traceback (most recent call last):
  File "/home/airflow/.local/lib/python3.7/site-packages/airflow/models/dagbag.py", line 339, in parse
    loader.exec_module(new_module)
  File "<frozen importlib._bootstrap_external>", line 728, in exec_module
  File "<frozen importlib._bootstrap>", line 219, in _call_with_frames_removed
  File "/opt/airflow/dags/read_s3.py", line 6, in <module>
    import awswrangler as wr
ModuleNotFoundError: No module named 'awswrangler'
[2023-05-23T22:59:30.804+0000] {processor.py:755} WARNING - No viable dags retrieved from /opt/airflow/dags/read_s3.py
[2023-05-23T22:59:30.842+0000] {processor.py:175} INFO - Processing /opt/airflow/dags/read_s3.py took 0.107 seconds
[2023-05-23T23:00:01.830+0000] {processor.py:153} INFO - Started process (PID=28936) to work on /opt/airflow/dags/read_s3.py
[2023-05-23T23:00:01.832+0000] {processor.py:743} INFO - Processing file /opt/airflow/dags/read_s3.py for tasks to queue
[2023-05-23T23:00:01.833+0000] {logging_mixin.py:137} INFO - [2023-05-23T23:00:01.833+0000] {dagbag.py:538} INFO - Filling up the DagBag from /opt/airflow/dags/read_s3.py
[2023-05-23T23:00:01.883+0000] {logging_mixin.py:137} INFO - [2023-05-23T23:00:01.882+0000] {dagbag.py:343} ERROR - Failed to import: /opt/airflow/dags/read_s3.py
Traceback (most recent call last):
  File "/home/airflow/.local/lib/python3.7/site-packages/airflow/models/dagbag.py", line 339, in parse
    loader.exec_module(new_module)
  File "<frozen importlib._bootstrap_external>", line 728, in exec_module
  File "<frozen importlib._bootstrap>", line 219, in _call_with_frames_removed
  File "/opt/airflow/dags/read_s3.py", line 6, in <module>
    import awswrangler as wr
ModuleNotFoundError: No module named 'awswrangler'
[2023-05-23T23:00:01.885+0000] {processor.py:755} WARNING - No viable dags retrieved from /opt/airflow/dags/read_s3.py
[2023-05-23T23:00:01.905+0000] {processor.py:175} INFO - Processing /opt/airflow/dags/read_s3.py took 0.078 seconds
[2023-05-23T23:00:32.950+0000] {processor.py:153} INFO - Started process (PID=29019) to work on /opt/airflow/dags/read_s3.py
[2023-05-23T23:00:32.952+0000] {processor.py:743} INFO - Processing file /opt/airflow/dags/read_s3.py for tasks to queue
[2023-05-23T23:00:32.954+0000] {logging_mixin.py:137} INFO - [2023-05-23T23:00:32.954+0000] {dagbag.py:538} INFO - Filling up the DagBag from /opt/airflow/dags/read_s3.py
[2023-05-23T23:00:33.004+0000] {logging_mixin.py:137} INFO - [2023-05-23T23:00:33.002+0000] {dagbag.py:343} ERROR - Failed to import: /opt/airflow/dags/read_s3.py
Traceback (most recent call last):
  File "/home/airflow/.local/lib/python3.7/site-packages/airflow/models/dagbag.py", line 339, in parse
    loader.exec_module(new_module)
  File "<frozen importlib._bootstrap_external>", line 728, in exec_module
  File "<frozen importlib._bootstrap>", line 219, in _call_with_frames_removed
  File "/opt/airflow/dags/read_s3.py", line 6, in <module>
    import awswrangler as wr
ModuleNotFoundError: No module named 'awswrangler'
[2023-05-23T23:00:33.005+0000] {processor.py:755} WARNING - No viable dags retrieved from /opt/airflow/dags/read_s3.py
[2023-05-23T23:00:33.021+0000] {processor.py:175} INFO - Processing /opt/airflow/dags/read_s3.py took 0.076 seconds
[2023-05-23T23:01:03.875+0000] {processor.py:153} INFO - Started process (PID=29102) to work on /opt/airflow/dags/read_s3.py
[2023-05-23T23:01:03.877+0000] {processor.py:743} INFO - Processing file /opt/airflow/dags/read_s3.py for tasks to queue
[2023-05-23T23:01:03.878+0000] {logging_mixin.py:137} INFO - [2023-05-23T23:01:03.878+0000] {dagbag.py:538} INFO - Filling up the DagBag from /opt/airflow/dags/read_s3.py
[2023-05-23T23:01:03.922+0000] {logging_mixin.py:137} INFO - [2023-05-23T23:01:03.920+0000] {dagbag.py:343} ERROR - Failed to import: /opt/airflow/dags/read_s3.py
Traceback (most recent call last):
  File "/home/airflow/.local/lib/python3.7/site-packages/airflow/models/dagbag.py", line 339, in parse
    loader.exec_module(new_module)
  File "<frozen importlib._bootstrap_external>", line 728, in exec_module
  File "<frozen importlib._bootstrap>", line 219, in _call_with_frames_removed
  File "/opt/airflow/dags/read_s3.py", line 6, in <module>
    import awswrangler as wr
ModuleNotFoundError: No module named 'awswrangler'
[2023-05-23T23:01:03.923+0000] {processor.py:755} WARNING - No viable dags retrieved from /opt/airflow/dags/read_s3.py
[2023-05-23T23:01:03.939+0000] {processor.py:175} INFO - Processing /opt/airflow/dags/read_s3.py took 0.067 seconds
[2023-05-23T23:01:34.807+0000] {processor.py:153} INFO - Started process (PID=29185) to work on /opt/airflow/dags/read_s3.py
[2023-05-23T23:01:34.808+0000] {processor.py:743} INFO - Processing file /opt/airflow/dags/read_s3.py for tasks to queue
[2023-05-23T23:01:34.810+0000] {logging_mixin.py:137} INFO - [2023-05-23T23:01:34.809+0000] {dagbag.py:538} INFO - Filling up the DagBag from /opt/airflow/dags/read_s3.py
[2023-05-23T23:01:34.872+0000] {logging_mixin.py:137} INFO - [2023-05-23T23:01:34.869+0000] {dagbag.py:343} ERROR - Failed to import: /opt/airflow/dags/read_s3.py
Traceback (most recent call last):
  File "/home/airflow/.local/lib/python3.7/site-packages/airflow/models/dagbag.py", line 339, in parse
    loader.exec_module(new_module)
  File "<frozen importlib._bootstrap_external>", line 728, in exec_module
  File "<frozen importlib._bootstrap>", line 219, in _call_with_frames_removed
  File "/opt/airflow/dags/read_s3.py", line 6, in <module>
    import awswrangler as wr
ModuleNotFoundError: No module named 'awswrangler'
[2023-05-23T23:01:34.877+0000] {processor.py:755} WARNING - No viable dags retrieved from /opt/airflow/dags/read_s3.py
[2023-05-23T23:01:34.905+0000] {processor.py:175} INFO - Processing /opt/airflow/dags/read_s3.py took 0.101 seconds
[2023-05-23T23:02:05.777+0000] {processor.py:153} INFO - Started process (PID=29255) to work on /opt/airflow/dags/read_s3.py
[2023-05-23T23:02:05.778+0000] {processor.py:743} INFO - Processing file /opt/airflow/dags/read_s3.py for tasks to queue
[2023-05-23T23:02:05.779+0000] {logging_mixin.py:137} INFO - [2023-05-23T23:02:05.779+0000] {dagbag.py:538} INFO - Filling up the DagBag from /opt/airflow/dags/read_s3.py
[2023-05-23T23:02:05.824+0000] {logging_mixin.py:137} INFO - [2023-05-23T23:02:05.822+0000] {dagbag.py:343} ERROR - Failed to import: /opt/airflow/dags/read_s3.py
Traceback (most recent call last):
  File "/home/airflow/.local/lib/python3.7/site-packages/airflow/models/dagbag.py", line 339, in parse
    loader.exec_module(new_module)
  File "<frozen importlib._bootstrap_external>", line 728, in exec_module
  File "<frozen importlib._bootstrap>", line 219, in _call_with_frames_removed
  File "/opt/airflow/dags/read_s3.py", line 6, in <module>
    import awswrangler as wr
ModuleNotFoundError: No module named 'awswrangler'
[2023-05-23T23:02:05.825+0000] {processor.py:755} WARNING - No viable dags retrieved from /opt/airflow/dags/read_s3.py
[2023-05-23T23:02:05.842+0000] {processor.py:175} INFO - Processing /opt/airflow/dags/read_s3.py took 0.068 seconds
[2023-05-23T23:02:35.948+0000] {processor.py:153} INFO - Started process (PID=29338) to work on /opt/airflow/dags/read_s3.py
[2023-05-23T23:02:35.950+0000] {processor.py:743} INFO - Processing file /opt/airflow/dags/read_s3.py for tasks to queue
[2023-05-23T23:02:35.952+0000] {logging_mixin.py:137} INFO - [2023-05-23T23:02:35.951+0000] {dagbag.py:538} INFO - Filling up the DagBag from /opt/airflow/dags/read_s3.py
[2023-05-23T23:02:36.010+0000] {logging_mixin.py:137} INFO - [2023-05-23T23:02:36.008+0000] {dagbag.py:343} ERROR - Failed to import: /opt/airflow/dags/read_s3.py
Traceback (most recent call last):
  File "/home/airflow/.local/lib/python3.7/site-packages/airflow/models/dagbag.py", line 339, in parse
    loader.exec_module(new_module)
  File "<frozen importlib._bootstrap_external>", line 728, in exec_module
  File "<frozen importlib._bootstrap>", line 219, in _call_with_frames_removed
  File "/opt/airflow/dags/read_s3.py", line 6, in <module>
    import awswrangler as wr
ModuleNotFoundError: No module named 'awswrangler'
[2023-05-23T23:02:36.012+0000] {processor.py:755} WARNING - No viable dags retrieved from /opt/airflow/dags/read_s3.py
[2023-05-23T23:02:36.032+0000] {processor.py:175} INFO - Processing /opt/airflow/dags/read_s3.py took 0.088 seconds
[2023-05-23T23:37:31.993+0000] {processor.py:153} INFO - Started process (PID=29410) to work on /opt/airflow/dags/read_s3.py
[2023-05-23T23:37:31.994+0000] {processor.py:743} INFO - Processing file /opt/airflow/dags/read_s3.py for tasks to queue
[2023-05-23T23:37:31.996+0000] {logging_mixin.py:137} INFO - [2023-05-23T23:37:31.996+0000] {dagbag.py:538} INFO - Filling up the DagBag from /opt/airflow/dags/read_s3.py
[2023-05-23T23:37:32.048+0000] {logging_mixin.py:137} INFO - [2023-05-23T23:37:32.045+0000] {dagbag.py:343} ERROR - Failed to import: /opt/airflow/dags/read_s3.py
Traceback (most recent call last):
  File "/home/airflow/.local/lib/python3.7/site-packages/airflow/models/dagbag.py", line 339, in parse
    loader.exec_module(new_module)
  File "<frozen importlib._bootstrap_external>", line 728, in exec_module
  File "<frozen importlib._bootstrap>", line 219, in _call_with_frames_removed
  File "/opt/airflow/dags/read_s3.py", line 6, in <module>
    import awswrangler as wr
ModuleNotFoundError: No module named 'awswrangler'
[2023-05-23T23:37:32.051+0000] {processor.py:755} WARNING - No viable dags retrieved from /opt/airflow/dags/read_s3.py
[2023-05-23T23:37:32.072+0000] {processor.py:175} INFO - Processing /opt/airflow/dags/read_s3.py took 0.082 seconds
