[2023-05-23T00:23:49.995+0000] {processor.py:153} INFO - Started process (PID=26426) to work on /opt/airflow/dags/s3_create.py
[2023-05-23T00:23:49.997+0000] {processor.py:743} INFO - Processing file /opt/airflow/dags/s3_create.py for tasks to queue
[2023-05-23T00:23:49.998+0000] {logging_mixin.py:137} INFO - [2023-05-23T00:23:49.998+0000] {dagbag.py:538} INFO - Filling up the DagBag from /opt/airflow/dags/s3_create.py
[2023-05-23T00:23:50.089+0000] {logging_mixin.py:137} INFO - [2023-05-23T00:23:50.085+0000] {dagbag.py:343} ERROR - Failed to import: /opt/airflow/dags/s3_create.py
Traceback (most recent call last):
  File "/home/airflow/.local/lib/python3.7/site-packages/airflow/models/dagbag.py", line 339, in parse
    loader.exec_module(new_module)
  File "<frozen importlib._bootstrap_external>", line 728, in exec_module
  File "<frozen importlib._bootstrap>", line 219, in _call_with_frames_removed
  File "/opt/airflow/dags/s3_create.py", line 9, in <module>
    aws_access_key_id=Variable.get('access_key'),
  File "/home/airflow/.local/lib/python3.7/site-packages/airflow/models/variable.py", line 141, in get
    raise KeyError(f"Variable {key} does not exist")
KeyError: 'Variable access_key does not exist'
[2023-05-23T00:23:50.090+0000] {processor.py:755} WARNING - No viable dags retrieved from /opt/airflow/dags/s3_create.py
[2023-05-23T00:23:50.105+0000] {processor.py:175} INFO - Processing /opt/airflow/dags/s3_create.py took 0.113 seconds
[2023-05-23T01:34:46.968+0000] {processor.py:153} INFO - Started process (PID=26508) to work on /opt/airflow/dags/s3_create.py
[2023-05-23T01:34:46.974+0000] {processor.py:743} INFO - Processing file /opt/airflow/dags/s3_create.py for tasks to queue
[2023-05-23T01:34:46.977+0000] {logging_mixin.py:137} INFO - [2023-05-23T01:34:46.977+0000] {dagbag.py:538} INFO - Filling up the DagBag from /opt/airflow/dags/s3_create.py
[2023-05-23T01:34:47.155+0000] {logging_mixin.py:137} INFO - [2023-05-23T01:34:47.150+0000] {dagbag.py:343} ERROR - Failed to import: /opt/airflow/dags/s3_create.py
Traceback (most recent call last):
  File "/home/airflow/.local/lib/python3.7/site-packages/airflow/models/dagbag.py", line 339, in parse
    loader.exec_module(new_module)
  File "<frozen importlib._bootstrap_external>", line 728, in exec_module
  File "<frozen importlib._bootstrap>", line 219, in _call_with_frames_removed
  File "/opt/airflow/dags/s3_create.py", line 9, in <module>
    aws_access_key_id=Variable.get('access_key'),
  File "/home/airflow/.local/lib/python3.7/site-packages/airflow/models/variable.py", line 141, in get
    raise KeyError(f"Variable {key} does not exist")
KeyError: 'Variable access_key does not exist'
[2023-05-23T01:34:47.157+0000] {processor.py:755} WARNING - No viable dags retrieved from /opt/airflow/dags/s3_create.py
[2023-05-23T01:34:47.195+0000] {processor.py:175} INFO - Processing /opt/airflow/dags/s3_create.py took 0.231 seconds
[2023-05-23T02:56:45.188+0000] {processor.py:153} INFO - Started process (PID=26579) to work on /opt/airflow/dags/s3_create.py
[2023-05-23T02:56:45.190+0000] {processor.py:743} INFO - Processing file /opt/airflow/dags/s3_create.py for tasks to queue
[2023-05-23T02:56:45.191+0000] {logging_mixin.py:137} INFO - [2023-05-23T02:56:45.191+0000] {dagbag.py:538} INFO - Filling up the DagBag from /opt/airflow/dags/s3_create.py
[2023-05-23T02:56:45.257+0000] {logging_mixin.py:137} INFO - [2023-05-23T02:56:45.255+0000] {dagbag.py:343} ERROR - Failed to import: /opt/airflow/dags/s3_create.py
Traceback (most recent call last):
  File "/home/airflow/.local/lib/python3.7/site-packages/airflow/models/dagbag.py", line 339, in parse
    loader.exec_module(new_module)
  File "<frozen importlib._bootstrap_external>", line 728, in exec_module
  File "<frozen importlib._bootstrap>", line 219, in _call_with_frames_removed
  File "/opt/airflow/dags/s3_create.py", line 9, in <module>
    aws_access_key_id=Variable.get('access_key'),
  File "/home/airflow/.local/lib/python3.7/site-packages/airflow/models/variable.py", line 141, in get
    raise KeyError(f"Variable {key} does not exist")
KeyError: 'Variable access_key does not exist'
[2023-05-23T02:56:45.259+0000] {processor.py:755} WARNING - No viable dags retrieved from /opt/airflow/dags/s3_create.py
[2023-05-23T02:56:45.266+0000] {processor.py:175} INFO - Processing /opt/airflow/dags/s3_create.py took 0.081 seconds
[2023-05-23T04:19:16.066+0000] {processor.py:153} INFO - Started process (PID=26662) to work on /opt/airflow/dags/s3_create.py
[2023-05-23T04:19:16.077+0000] {processor.py:743} INFO - Processing file /opt/airflow/dags/s3_create.py for tasks to queue
[2023-05-23T04:19:16.079+0000] {logging_mixin.py:137} INFO - [2023-05-23T04:19:16.079+0000] {dagbag.py:538} INFO - Filling up the DagBag from /opt/airflow/dags/s3_create.py
[2023-05-23T04:19:16.225+0000] {logging_mixin.py:137} INFO - [2023-05-23T04:19:16.219+0000] {dagbag.py:343} ERROR - Failed to import: /opt/airflow/dags/s3_create.py
Traceback (most recent call last):
  File "/home/airflow/.local/lib/python3.7/site-packages/airflow/models/dagbag.py", line 339, in parse
    loader.exec_module(new_module)
  File "<frozen importlib._bootstrap_external>", line 728, in exec_module
  File "<frozen importlib._bootstrap>", line 219, in _call_with_frames_removed
  File "/opt/airflow/dags/s3_create.py", line 9, in <module>
    aws_access_key_id=Variable.get('access_key'),
  File "/home/airflow/.local/lib/python3.7/site-packages/airflow/models/variable.py", line 141, in get
    raise KeyError(f"Variable {key} does not exist")
KeyError: 'Variable access_key does not exist'
[2023-05-23T04:19:16.227+0000] {processor.py:755} WARNING - No viable dags retrieved from /opt/airflow/dags/s3_create.py
[2023-05-23T04:19:16.247+0000] {processor.py:175} INFO - Processing /opt/airflow/dags/s3_create.py took 0.194 seconds
[2023-05-23T05:43:24.417+0000] {processor.py:153} INFO - Started process (PID=26745) to work on /opt/airflow/dags/s3_create.py
[2023-05-23T05:43:24.435+0000] {processor.py:743} INFO - Processing file /opt/airflow/dags/s3_create.py for tasks to queue
[2023-05-23T05:43:24.440+0000] {logging_mixin.py:137} INFO - [2023-05-23T05:43:24.439+0000] {dagbag.py:538} INFO - Filling up the DagBag from /opt/airflow/dags/s3_create.py
[2023-05-23T05:43:24.688+0000] {logging_mixin.py:137} INFO - [2023-05-23T05:43:24.664+0000] {dagbag.py:343} ERROR - Failed to import: /opt/airflow/dags/s3_create.py
Traceback (most recent call last):
  File "/home/airflow/.local/lib/python3.7/site-packages/airflow/models/dagbag.py", line 339, in parse
    loader.exec_module(new_module)
  File "<frozen importlib._bootstrap_external>", line 728, in exec_module
  File "<frozen importlib._bootstrap>", line 219, in _call_with_frames_removed
  File "/opt/airflow/dags/s3_create.py", line 9, in <module>
    aws_access_key_id=Variable.get('access_key'),
  File "/home/airflow/.local/lib/python3.7/site-packages/airflow/models/variable.py", line 141, in get
    raise KeyError(f"Variable {key} does not exist")
KeyError: 'Variable access_key does not exist'
[2023-05-23T05:43:24.689+0000] {processor.py:755} WARNING - No viable dags retrieved from /opt/airflow/dags/s3_create.py
[2023-05-23T05:43:24.711+0000] {processor.py:175} INFO - Processing /opt/airflow/dags/s3_create.py took 0.305 seconds
[2023-05-23T07:05:11.769+0000] {processor.py:153} INFO - Started process (PID=26816) to work on /opt/airflow/dags/s3_create.py
[2023-05-23T07:05:11.774+0000] {processor.py:743} INFO - Processing file /opt/airflow/dags/s3_create.py for tasks to queue
[2023-05-23T07:05:11.776+0000] {logging_mixin.py:137} INFO - [2023-05-23T07:05:11.775+0000] {dagbag.py:538} INFO - Filling up the DagBag from /opt/airflow/dags/s3_create.py
[2023-05-23T07:05:11.920+0000] {logging_mixin.py:137} INFO - [2023-05-23T07:05:11.917+0000] {dagbag.py:343} ERROR - Failed to import: /opt/airflow/dags/s3_create.py
Traceback (most recent call last):
  File "/home/airflow/.local/lib/python3.7/site-packages/airflow/models/dagbag.py", line 339, in parse
    loader.exec_module(new_module)
  File "<frozen importlib._bootstrap_external>", line 728, in exec_module
  File "<frozen importlib._bootstrap>", line 219, in _call_with_frames_removed
  File "/opt/airflow/dags/s3_create.py", line 9, in <module>
    aws_access_key_id=Variable.get('access_key'),
  File "/home/airflow/.local/lib/python3.7/site-packages/airflow/models/variable.py", line 141, in get
    raise KeyError(f"Variable {key} does not exist")
KeyError: 'Variable access_key does not exist'
[2023-05-23T07:05:11.922+0000] {processor.py:755} WARNING - No viable dags retrieved from /opt/airflow/dags/s3_create.py
[2023-05-23T07:05:11.941+0000] {processor.py:175} INFO - Processing /opt/airflow/dags/s3_create.py took 0.176 seconds
[2023-05-23T08:28:06.096+0000] {processor.py:153} INFO - Started process (PID=26900) to work on /opt/airflow/dags/s3_create.py
[2023-05-23T08:28:06.099+0000] {processor.py:743} INFO - Processing file /opt/airflow/dags/s3_create.py for tasks to queue
[2023-05-23T08:28:06.102+0000] {logging_mixin.py:137} INFO - [2023-05-23T08:28:06.102+0000] {dagbag.py:538} INFO - Filling up the DagBag from /opt/airflow/dags/s3_create.py
[2023-05-23T08:28:06.255+0000] {logging_mixin.py:137} INFO - [2023-05-23T08:28:06.253+0000] {dagbag.py:343} ERROR - Failed to import: /opt/airflow/dags/s3_create.py
Traceback (most recent call last):
  File "/home/airflow/.local/lib/python3.7/site-packages/airflow/models/dagbag.py", line 339, in parse
    loader.exec_module(new_module)
  File "<frozen importlib._bootstrap_external>", line 728, in exec_module
  File "<frozen importlib._bootstrap>", line 219, in _call_with_frames_removed
  File "/opt/airflow/dags/s3_create.py", line 9, in <module>
    aws_access_key_id=Variable.get('access_key'),
  File "/home/airflow/.local/lib/python3.7/site-packages/airflow/models/variable.py", line 141, in get
    raise KeyError(f"Variable {key} does not exist")
KeyError: 'Variable access_key does not exist'
[2023-05-23T08:28:06.256+0000] {processor.py:755} WARNING - No viable dags retrieved from /opt/airflow/dags/s3_create.py
[2023-05-23T08:28:06.272+0000] {processor.py:175} INFO - Processing /opt/airflow/dags/s3_create.py took 0.180 seconds
[2023-05-23T09:51:55.896+0000] {processor.py:153} INFO - Started process (PID=26971) to work on /opt/airflow/dags/s3_create.py
[2023-05-23T09:51:55.899+0000] {processor.py:743} INFO - Processing file /opt/airflow/dags/s3_create.py for tasks to queue
[2023-05-23T09:51:55.900+0000] {logging_mixin.py:137} INFO - [2023-05-23T09:51:55.900+0000] {dagbag.py:538} INFO - Filling up the DagBag from /opt/airflow/dags/s3_create.py
[2023-05-23T09:51:55.976+0000] {logging_mixin.py:137} INFO - [2023-05-23T09:51:55.975+0000] {dagbag.py:343} ERROR - Failed to import: /opt/airflow/dags/s3_create.py
Traceback (most recent call last):
  File "/home/airflow/.local/lib/python3.7/site-packages/airflow/models/dagbag.py", line 339, in parse
    loader.exec_module(new_module)
  File "<frozen importlib._bootstrap_external>", line 728, in exec_module
  File "<frozen importlib._bootstrap>", line 219, in _call_with_frames_removed
  File "/opt/airflow/dags/s3_create.py", line 9, in <module>
    aws_access_key_id=Variable.get('access_key'),
  File "/home/airflow/.local/lib/python3.7/site-packages/airflow/models/variable.py", line 141, in get
    raise KeyError(f"Variable {key} does not exist")
KeyError: 'Variable access_key does not exist'
[2023-05-23T09:51:55.977+0000] {processor.py:755} WARNING - No viable dags retrieved from /opt/airflow/dags/s3_create.py
[2023-05-23T09:51:55.984+0000] {processor.py:175} INFO - Processing /opt/airflow/dags/s3_create.py took 0.092 seconds
[2023-05-23T11:15:04.750+0000] {processor.py:153} INFO - Started process (PID=27055) to work on /opt/airflow/dags/s3_create.py
[2023-05-23T11:15:04.761+0000] {processor.py:743} INFO - Processing file /opt/airflow/dags/s3_create.py for tasks to queue
[2023-05-23T11:15:04.763+0000] {logging_mixin.py:137} INFO - [2023-05-23T11:15:04.763+0000] {dagbag.py:538} INFO - Filling up the DagBag from /opt/airflow/dags/s3_create.py
[2023-05-23T11:15:04.927+0000] {logging_mixin.py:137} INFO - [2023-05-23T11:15:04.921+0000] {dagbag.py:343} ERROR - Failed to import: /opt/airflow/dags/s3_create.py
Traceback (most recent call last):
  File "/home/airflow/.local/lib/python3.7/site-packages/airflow/models/dagbag.py", line 339, in parse
    loader.exec_module(new_module)
  File "<frozen importlib._bootstrap_external>", line 728, in exec_module
  File "<frozen importlib._bootstrap>", line 219, in _call_with_frames_removed
  File "/opt/airflow/dags/s3_create.py", line 9, in <module>
    aws_access_key_id=Variable.get('access_key'),
  File "/home/airflow/.local/lib/python3.7/site-packages/airflow/models/variable.py", line 141, in get
    raise KeyError(f"Variable {key} does not exist")
KeyError: 'Variable access_key does not exist'
[2023-05-23T11:15:04.930+0000] {processor.py:755} WARNING - No viable dags retrieved from /opt/airflow/dags/s3_create.py
[2023-05-23T11:15:04.950+0000] {processor.py:175} INFO - Processing /opt/airflow/dags/s3_create.py took 0.204 seconds
[2023-05-23T12:35:47.176+0000] {processor.py:153} INFO - Started process (PID=27138) to work on /opt/airflow/dags/s3_create.py
[2023-05-23T12:35:47.179+0000] {processor.py:743} INFO - Processing file /opt/airflow/dags/s3_create.py for tasks to queue
[2023-05-23T12:35:47.181+0000] {logging_mixin.py:137} INFO - [2023-05-23T12:35:47.181+0000] {dagbag.py:538} INFO - Filling up the DagBag from /opt/airflow/dags/s3_create.py
[2023-05-23T12:35:47.262+0000] {logging_mixin.py:137} INFO - [2023-05-23T12:35:47.260+0000] {dagbag.py:343} ERROR - Failed to import: /opt/airflow/dags/s3_create.py
Traceback (most recent call last):
  File "/home/airflow/.local/lib/python3.7/site-packages/airflow/models/dagbag.py", line 339, in parse
    loader.exec_module(new_module)
  File "<frozen importlib._bootstrap_external>", line 728, in exec_module
  File "<frozen importlib._bootstrap>", line 219, in _call_with_frames_removed
  File "/opt/airflow/dags/s3_create.py", line 9, in <module>
    aws_access_key_id=Variable.get('access_key'),
  File "/home/airflow/.local/lib/python3.7/site-packages/airflow/models/variable.py", line 141, in get
    raise KeyError(f"Variable {key} does not exist")
KeyError: 'Variable access_key does not exist'
[2023-05-23T12:35:47.263+0000] {processor.py:755} WARNING - No viable dags retrieved from /opt/airflow/dags/s3_create.py
[2023-05-23T12:35:47.272+0000] {processor.py:175} INFO - Processing /opt/airflow/dags/s3_create.py took 0.102 seconds
[2023-05-23T13:58:56.925+0000] {processor.py:153} INFO - Started process (PID=27209) to work on /opt/airflow/dags/s3_create.py
[2023-05-23T13:58:56.929+0000] {processor.py:743} INFO - Processing file /opt/airflow/dags/s3_create.py for tasks to queue
[2023-05-23T13:58:56.932+0000] {logging_mixin.py:137} INFO - [2023-05-23T13:58:56.932+0000] {dagbag.py:538} INFO - Filling up the DagBag from /opt/airflow/dags/s3_create.py
[2023-05-23T13:58:57.112+0000] {logging_mixin.py:137} INFO - [2023-05-23T13:58:57.107+0000] {dagbag.py:343} ERROR - Failed to import: /opt/airflow/dags/s3_create.py
Traceback (most recent call last):
  File "/home/airflow/.local/lib/python3.7/site-packages/airflow/models/dagbag.py", line 339, in parse
    loader.exec_module(new_module)
  File "<frozen importlib._bootstrap_external>", line 728, in exec_module
  File "<frozen importlib._bootstrap>", line 219, in _call_with_frames_removed
  File "/opt/airflow/dags/s3_create.py", line 9, in <module>
    aws_access_key_id=Variable.get('access_key'),
  File "/home/airflow/.local/lib/python3.7/site-packages/airflow/models/variable.py", line 141, in get
    raise KeyError(f"Variable {key} does not exist")
KeyError: 'Variable access_key does not exist'
[2023-05-23T13:58:57.115+0000] {processor.py:755} WARNING - No viable dags retrieved from /opt/airflow/dags/s3_create.py
[2023-05-23T13:58:57.142+0000] {processor.py:175} INFO - Processing /opt/airflow/dags/s3_create.py took 0.223 seconds
[2023-05-23T15:21:21.702+0000] {processor.py:153} INFO - Started process (PID=27292) to work on /opt/airflow/dags/s3_create.py
[2023-05-23T15:21:21.707+0000] {processor.py:743} INFO - Processing file /opt/airflow/dags/s3_create.py for tasks to queue
[2023-05-23T15:21:21.708+0000] {logging_mixin.py:137} INFO - [2023-05-23T15:21:21.708+0000] {dagbag.py:538} INFO - Filling up the DagBag from /opt/airflow/dags/s3_create.py
[2023-05-23T15:21:21.786+0000] {logging_mixin.py:137} INFO - [2023-05-23T15:21:21.781+0000] {dagbag.py:343} ERROR - Failed to import: /opt/airflow/dags/s3_create.py
Traceback (most recent call last):
  File "/home/airflow/.local/lib/python3.7/site-packages/airflow/models/dagbag.py", line 339, in parse
    loader.exec_module(new_module)
  File "<frozen importlib._bootstrap_external>", line 728, in exec_module
  File "<frozen importlib._bootstrap>", line 219, in _call_with_frames_removed
  File "/opt/airflow/dags/s3_create.py", line 9, in <module>
    aws_access_key_id=Variable.get('access_key'),
  File "/home/airflow/.local/lib/python3.7/site-packages/airflow/models/variable.py", line 141, in get
    raise KeyError(f"Variable {key} does not exist")
KeyError: 'Variable access_key does not exist'
[2023-05-23T15:21:21.787+0000] {processor.py:755} WARNING - No viable dags retrieved from /opt/airflow/dags/s3_create.py
[2023-05-23T15:21:21.812+0000] {processor.py:175} INFO - Processing /opt/airflow/dags/s3_create.py took 0.113 seconds
[2023-05-23T16:44:58.713+0000] {processor.py:153} INFO - Started process (PID=27363) to work on /opt/airflow/dags/s3_create.py
[2023-05-23T16:44:58.718+0000] {processor.py:743} INFO - Processing file /opt/airflow/dags/s3_create.py for tasks to queue
[2023-05-23T16:44:58.720+0000] {logging_mixin.py:137} INFO - [2023-05-23T16:44:58.720+0000] {dagbag.py:538} INFO - Filling up the DagBag from /opt/airflow/dags/s3_create.py
[2023-05-23T16:44:58.847+0000] {logging_mixin.py:137} INFO - [2023-05-23T16:44:58.844+0000] {dagbag.py:343} ERROR - Failed to import: /opt/airflow/dags/s3_create.py
Traceback (most recent call last):
  File "/home/airflow/.local/lib/python3.7/site-packages/airflow/models/dagbag.py", line 339, in parse
    loader.exec_module(new_module)
  File "<frozen importlib._bootstrap_external>", line 728, in exec_module
  File "<frozen importlib._bootstrap>", line 219, in _call_with_frames_removed
  File "/opt/airflow/dags/s3_create.py", line 9, in <module>
    aws_access_key_id=Variable.get('access_key'),
  File "/home/airflow/.local/lib/python3.7/site-packages/airflow/models/variable.py", line 141, in get
    raise KeyError(f"Variable {key} does not exist")
KeyError: 'Variable access_key does not exist'
[2023-05-23T16:44:58.849+0000] {processor.py:755} WARNING - No viable dags retrieved from /opt/airflow/dags/s3_create.py
[2023-05-23T16:44:58.863+0000] {processor.py:175} INFO - Processing /opt/airflow/dags/s3_create.py took 0.154 seconds
[2023-05-23T18:05:15.852+0000] {processor.py:153} INFO - Started process (PID=27446) to work on /opt/airflow/dags/s3_create.py
[2023-05-23T18:05:15.878+0000] {processor.py:743} INFO - Processing file /opt/airflow/dags/s3_create.py for tasks to queue
[2023-05-23T18:05:15.914+0000] {logging_mixin.py:137} INFO - [2023-05-23T18:05:15.914+0000] {dagbag.py:538} INFO - Filling up the DagBag from /opt/airflow/dags/s3_create.py
[2023-05-23T18:05:16.142+0000] {logging_mixin.py:137} INFO - [2023-05-23T18:05:16.138+0000] {dagbag.py:343} ERROR - Failed to import: /opt/airflow/dags/s3_create.py
Traceback (most recent call last):
  File "/home/airflow/.local/lib/python3.7/site-packages/airflow/models/dagbag.py", line 339, in parse
    loader.exec_module(new_module)
  File "<frozen importlib._bootstrap_external>", line 728, in exec_module
  File "<frozen importlib._bootstrap>", line 219, in _call_with_frames_removed
  File "/opt/airflow/dags/s3_create.py", line 9, in <module>
    aws_access_key_id=Variable.get('access_key'),
  File "/home/airflow/.local/lib/python3.7/site-packages/airflow/models/variable.py", line 141, in get
    raise KeyError(f"Variable {key} does not exist")
KeyError: 'Variable access_key does not exist'
[2023-05-23T18:05:16.144+0000] {processor.py:755} WARNING - No viable dags retrieved from /opt/airflow/dags/s3_create.py
[2023-05-23T18:05:16.219+0000] {processor.py:175} INFO - Processing /opt/airflow/dags/s3_create.py took 0.371 seconds
[2023-05-23T19:26:38.689+0000] {processor.py:153} INFO - Started process (PID=27529) to work on /opt/airflow/dags/s3_create.py
[2023-05-23T19:26:38.705+0000] {processor.py:743} INFO - Processing file /opt/airflow/dags/s3_create.py for tasks to queue
[2023-05-23T19:26:38.723+0000] {logging_mixin.py:137} INFO - [2023-05-23T19:26:38.723+0000] {dagbag.py:538} INFO - Filling up the DagBag from /opt/airflow/dags/s3_create.py
[2023-05-23T19:26:39.031+0000] {logging_mixin.py:137} INFO - [2023-05-23T19:26:39.027+0000] {dagbag.py:343} ERROR - Failed to import: /opt/airflow/dags/s3_create.py
Traceback (most recent call last):
  File "/home/airflow/.local/lib/python3.7/site-packages/airflow/models/dagbag.py", line 339, in parse
    loader.exec_module(new_module)
  File "<frozen importlib._bootstrap_external>", line 728, in exec_module
  File "<frozen importlib._bootstrap>", line 219, in _call_with_frames_removed
  File "/opt/airflow/dags/s3_create.py", line 9, in <module>
    aws_access_key_id=Variable.get('access_key'),
  File "/home/airflow/.local/lib/python3.7/site-packages/airflow/models/variable.py", line 141, in get
    raise KeyError(f"Variable {key} does not exist")
KeyError: 'Variable access_key does not exist'
[2023-05-23T19:26:39.060+0000] {processor.py:755} WARNING - No viable dags retrieved from /opt/airflow/dags/s3_create.py
[2023-05-23T19:26:39.111+0000] {processor.py:175} INFO - Processing /opt/airflow/dags/s3_create.py took 0.436 seconds
[2023-05-23T21:05:02.615+0000] {processor.py:153} INFO - Started process (PID=27600) to work on /opt/airflow/dags/s3_create.py
[2023-05-23T21:05:02.616+0000] {processor.py:743} INFO - Processing file /opt/airflow/dags/s3_create.py for tasks to queue
[2023-05-23T21:05:02.617+0000] {logging_mixin.py:137} INFO - [2023-05-23T21:05:02.617+0000] {dagbag.py:538} INFO - Filling up the DagBag from /opt/airflow/dags/s3_create.py
[2023-05-23T21:05:02.678+0000] {logging_mixin.py:137} INFO - [2023-05-23T21:05:02.676+0000] {dagbag.py:343} ERROR - Failed to import: /opt/airflow/dags/s3_create.py
Traceback (most recent call last):
  File "/home/airflow/.local/lib/python3.7/site-packages/airflow/models/dagbag.py", line 339, in parse
    loader.exec_module(new_module)
  File "<frozen importlib._bootstrap_external>", line 728, in exec_module
  File "<frozen importlib._bootstrap>", line 219, in _call_with_frames_removed
  File "/opt/airflow/dags/s3_create.py", line 9, in <module>
    aws_access_key_id=Variable.get('access_key'),
  File "/home/airflow/.local/lib/python3.7/site-packages/airflow/models/variable.py", line 141, in get
    raise KeyError(f"Variable {key} does not exist")
KeyError: 'Variable access_key does not exist'
[2023-05-23T21:05:02.680+0000] {processor.py:755} WARNING - No viable dags retrieved from /opt/airflow/dags/s3_create.py
[2023-05-23T21:05:02.687+0000] {processor.py:175} INFO - Processing /opt/airflow/dags/s3_create.py took 0.076 seconds
[2023-05-23T22:24:17.618+0000] {processor.py:153} INFO - Started process (PID=27682) to work on /opt/airflow/dags/s3_create.py
[2023-05-23T22:24:17.648+0000] {processor.py:743} INFO - Processing file /opt/airflow/dags/s3_create.py for tasks to queue
[2023-05-23T22:24:17.653+0000] {logging_mixin.py:137} INFO - [2023-05-23T22:24:17.652+0000] {dagbag.py:538} INFO - Filling up the DagBag from /opt/airflow/dags/s3_create.py
[2023-05-23T22:24:17.857+0000] {logging_mixin.py:137} INFO - [2023-05-23T22:24:17.854+0000] {dagbag.py:343} ERROR - Failed to import: /opt/airflow/dags/s3_create.py
Traceback (most recent call last):
  File "/home/airflow/.local/lib/python3.7/site-packages/airflow/models/dagbag.py", line 339, in parse
    loader.exec_module(new_module)
  File "<frozen importlib._bootstrap_external>", line 728, in exec_module
  File "<frozen importlib._bootstrap>", line 219, in _call_with_frames_removed
  File "/opt/airflow/dags/s3_create.py", line 9, in <module>
    aws_access_key_id=Variable.get('access_key'),
  File "/home/airflow/.local/lib/python3.7/site-packages/airflow/models/variable.py", line 141, in get
    raise KeyError(f"Variable {key} does not exist")
KeyError: 'Variable access_key does not exist'
[2023-05-23T22:24:17.867+0000] {processor.py:755} WARNING - No viable dags retrieved from /opt/airflow/dags/s3_create.py
[2023-05-23T22:24:17.911+0000] {processor.py:175} INFO - Processing /opt/airflow/dags/s3_create.py took 0.299 seconds
[2023-05-23T22:24:48.429+0000] {processor.py:153} INFO - Started process (PID=27752) to work on /opt/airflow/dags/s3_create.py
[2023-05-23T22:24:48.431+0000] {processor.py:743} INFO - Processing file /opt/airflow/dags/s3_create.py for tasks to queue
[2023-05-23T22:24:48.433+0000] {logging_mixin.py:137} INFO - [2023-05-23T22:24:48.433+0000] {dagbag.py:538} INFO - Filling up the DagBag from /opt/airflow/dags/s3_create.py
[2023-05-23T22:24:48.501+0000] {logging_mixin.py:137} INFO - [2023-05-23T22:24:48.498+0000] {dagbag.py:343} ERROR - Failed to import: /opt/airflow/dags/s3_create.py
Traceback (most recent call last):
  File "/home/airflow/.local/lib/python3.7/site-packages/airflow/models/dagbag.py", line 339, in parse
    loader.exec_module(new_module)
  File "<frozen importlib._bootstrap_external>", line 728, in exec_module
  File "<frozen importlib._bootstrap>", line 219, in _call_with_frames_removed
  File "/opt/airflow/dags/s3_create.py", line 9, in <module>
    aws_access_key_id=Variable.get('access_key'),
  File "/home/airflow/.local/lib/python3.7/site-packages/airflow/models/variable.py", line 141, in get
    raise KeyError(f"Variable {key} does not exist")
KeyError: 'Variable access_key does not exist'
[2023-05-23T22:24:48.503+0000] {processor.py:755} WARNING - No viable dags retrieved from /opt/airflow/dags/s3_create.py
[2023-05-23T22:24:48.511+0000] {processor.py:175} INFO - Processing /opt/airflow/dags/s3_create.py took 0.092 seconds
[2023-05-23T22:25:18.624+0000] {processor.py:153} INFO - Started process (PID=27835) to work on /opt/airflow/dags/s3_create.py
[2023-05-23T22:25:18.626+0000] {processor.py:743} INFO - Processing file /opt/airflow/dags/s3_create.py for tasks to queue
[2023-05-23T22:25:18.627+0000] {logging_mixin.py:137} INFO - [2023-05-23T22:25:18.627+0000] {dagbag.py:538} INFO - Filling up the DagBag from /opt/airflow/dags/s3_create.py
[2023-05-23T22:25:18.707+0000] {logging_mixin.py:137} INFO - [2023-05-23T22:25:18.704+0000] {dagbag.py:343} ERROR - Failed to import: /opt/airflow/dags/s3_create.py
Traceback (most recent call last):
  File "/home/airflow/.local/lib/python3.7/site-packages/airflow/models/dagbag.py", line 339, in parse
    loader.exec_module(new_module)
  File "<frozen importlib._bootstrap_external>", line 728, in exec_module
  File "<frozen importlib._bootstrap>", line 219, in _call_with_frames_removed
  File "/opt/airflow/dags/s3_create.py", line 9, in <module>
    aws_access_key_id=Variable.get('access_key'),
  File "/home/airflow/.local/lib/python3.7/site-packages/airflow/models/variable.py", line 141, in get
    raise KeyError(f"Variable {key} does not exist")
KeyError: 'Variable access_key does not exist'
[2023-05-23T22:25:18.708+0000] {processor.py:755} WARNING - No viable dags retrieved from /opt/airflow/dags/s3_create.py
[2023-05-23T22:25:18.718+0000] {processor.py:175} INFO - Processing /opt/airflow/dags/s3_create.py took 0.099 seconds
[2023-05-23T22:25:49.022+0000] {processor.py:153} INFO - Started process (PID=27918) to work on /opt/airflow/dags/s3_create.py
[2023-05-23T22:25:49.026+0000] {processor.py:743} INFO - Processing file /opt/airflow/dags/s3_create.py for tasks to queue
[2023-05-23T22:25:49.031+0000] {logging_mixin.py:137} INFO - [2023-05-23T22:25:49.030+0000] {dagbag.py:538} INFO - Filling up the DagBag from /opt/airflow/dags/s3_create.py
[2023-05-23T22:25:49.100+0000] {logging_mixin.py:137} INFO - [2023-05-23T22:25:49.098+0000] {dagbag.py:343} ERROR - Failed to import: /opt/airflow/dags/s3_create.py
Traceback (most recent call last):
  File "/home/airflow/.local/lib/python3.7/site-packages/airflow/models/dagbag.py", line 339, in parse
    loader.exec_module(new_module)
  File "<frozen importlib._bootstrap_external>", line 728, in exec_module
  File "<frozen importlib._bootstrap>", line 219, in _call_with_frames_removed
  File "/opt/airflow/dags/s3_create.py", line 9, in <module>
    aws_access_key_id=Variable.get('access_key'),
  File "/home/airflow/.local/lib/python3.7/site-packages/airflow/models/variable.py", line 141, in get
    raise KeyError(f"Variable {key} does not exist")
KeyError: 'Variable access_key does not exist'
[2023-05-23T22:25:49.102+0000] {processor.py:755} WARNING - No viable dags retrieved from /opt/airflow/dags/s3_create.py
[2023-05-23T22:25:49.109+0000] {processor.py:175} INFO - Processing /opt/airflow/dags/s3_create.py took 0.093 seconds
[2023-05-23T22:26:20.130+0000] {processor.py:153} INFO - Started process (PID=28001) to work on /opt/airflow/dags/s3_create.py
[2023-05-23T22:26:20.133+0000] {processor.py:743} INFO - Processing file /opt/airflow/dags/s3_create.py for tasks to queue
[2023-05-23T22:26:20.134+0000] {logging_mixin.py:137} INFO - [2023-05-23T22:26:20.134+0000] {dagbag.py:538} INFO - Filling up the DagBag from /opt/airflow/dags/s3_create.py
[2023-05-23T22:26:20.198+0000] {logging_mixin.py:137} INFO - [2023-05-23T22:26:20.196+0000] {dagbag.py:343} ERROR - Failed to import: /opt/airflow/dags/s3_create.py
Traceback (most recent call last):
  File "/home/airflow/.local/lib/python3.7/site-packages/airflow/models/dagbag.py", line 339, in parse
    loader.exec_module(new_module)
  File "<frozen importlib._bootstrap_external>", line 728, in exec_module
  File "<frozen importlib._bootstrap>", line 219, in _call_with_frames_removed
  File "/opt/airflow/dags/s3_create.py", line 9, in <module>
    aws_access_key_id=Variable.get('access_key'),
  File "/home/airflow/.local/lib/python3.7/site-packages/airflow/models/variable.py", line 141, in get
    raise KeyError(f"Variable {key} does not exist")
KeyError: 'Variable access_key does not exist'
[2023-05-23T22:26:20.199+0000] {processor.py:755} WARNING - No viable dags retrieved from /opt/airflow/dags/s3_create.py
[2023-05-23T22:26:20.207+0000] {processor.py:175} INFO - Processing /opt/airflow/dags/s3_create.py took 0.081 seconds
[2023-05-23T22:52:30.942+0000] {processor.py:153} INFO - Started process (PID=28071) to work on /opt/airflow/dags/s3_create.py
[2023-05-23T22:52:30.947+0000] {processor.py:743} INFO - Processing file /opt/airflow/dags/s3_create.py for tasks to queue
[2023-05-23T22:52:30.949+0000] {logging_mixin.py:137} INFO - [2023-05-23T22:52:30.949+0000] {dagbag.py:538} INFO - Filling up the DagBag from /opt/airflow/dags/s3_create.py
[2023-05-23T22:52:31.110+0000] {logging_mixin.py:137} INFO - [2023-05-23T22:52:31.106+0000] {dagbag.py:343} ERROR - Failed to import: /opt/airflow/dags/s3_create.py
Traceback (most recent call last):
  File "/home/airflow/.local/lib/python3.7/site-packages/airflow/models/dagbag.py", line 339, in parse
    loader.exec_module(new_module)
  File "<frozen importlib._bootstrap_external>", line 728, in exec_module
  File "<frozen importlib._bootstrap>", line 219, in _call_with_frames_removed
  File "/opt/airflow/dags/s3_create.py", line 9, in <module>
    aws_access_key_id=Variable.get('access_key'),
  File "/home/airflow/.local/lib/python3.7/site-packages/airflow/models/variable.py", line 141, in get
    raise KeyError(f"Variable {key} does not exist")
KeyError: 'Variable access_key does not exist'
[2023-05-23T22:52:31.112+0000] {processor.py:755} WARNING - No viable dags retrieved from /opt/airflow/dags/s3_create.py
[2023-05-23T22:52:31.176+0000] {processor.py:175} INFO - Processing /opt/airflow/dags/s3_create.py took 0.240 seconds
[2023-05-23T22:53:02.106+0000] {processor.py:153} INFO - Started process (PID=28154) to work on /opt/airflow/dags/s3_create.py
[2023-05-23T22:53:02.108+0000] {processor.py:743} INFO - Processing file /opt/airflow/dags/s3_create.py for tasks to queue
[2023-05-23T22:53:02.109+0000] {logging_mixin.py:137} INFO - [2023-05-23T22:53:02.109+0000] {dagbag.py:538} INFO - Filling up the DagBag from /opt/airflow/dags/s3_create.py
[2023-05-23T22:53:02.176+0000] {logging_mixin.py:137} INFO - [2023-05-23T22:53:02.174+0000] {dagbag.py:343} ERROR - Failed to import: /opt/airflow/dags/s3_create.py
Traceback (most recent call last):
  File "/home/airflow/.local/lib/python3.7/site-packages/airflow/models/dagbag.py", line 339, in parse
    loader.exec_module(new_module)
  File "<frozen importlib._bootstrap_external>", line 728, in exec_module
  File "<frozen importlib._bootstrap>", line 219, in _call_with_frames_removed
  File "/opt/airflow/dags/s3_create.py", line 9, in <module>
    aws_access_key_id=Variable.get('access_key'),
  File "/home/airflow/.local/lib/python3.7/site-packages/airflow/models/variable.py", line 141, in get
    raise KeyError(f"Variable {key} does not exist")
KeyError: 'Variable access_key does not exist'
[2023-05-23T22:53:02.178+0000] {processor.py:755} WARNING - No viable dags retrieved from /opt/airflow/dags/s3_create.py
[2023-05-23T22:53:02.187+0000] {processor.py:175} INFO - Processing /opt/airflow/dags/s3_create.py took 0.084 seconds
[2023-05-23T22:53:32.948+0000] {processor.py:153} INFO - Started process (PID=28225) to work on /opt/airflow/dags/s3_create.py
[2023-05-23T22:53:32.950+0000] {processor.py:743} INFO - Processing file /opt/airflow/dags/s3_create.py for tasks to queue
[2023-05-23T22:53:32.952+0000] {logging_mixin.py:137} INFO - [2023-05-23T22:53:32.952+0000] {dagbag.py:538} INFO - Filling up the DagBag from /opt/airflow/dags/s3_create.py
[2023-05-23T22:53:33.040+0000] {logging_mixin.py:137} INFO - [2023-05-23T22:53:33.037+0000] {dagbag.py:343} ERROR - Failed to import: /opt/airflow/dags/s3_create.py
Traceback (most recent call last):
  File "/home/airflow/.local/lib/python3.7/site-packages/airflow/models/dagbag.py", line 339, in parse
    loader.exec_module(new_module)
  File "<frozen importlib._bootstrap_external>", line 728, in exec_module
  File "<frozen importlib._bootstrap>", line 219, in _call_with_frames_removed
  File "/opt/airflow/dags/s3_create.py", line 9, in <module>
    aws_access_key_id=Variable.get('access_key'),
  File "/home/airflow/.local/lib/python3.7/site-packages/airflow/models/variable.py", line 141, in get
    raise KeyError(f"Variable {key} does not exist")
KeyError: 'Variable access_key does not exist'
[2023-05-23T22:53:33.041+0000] {processor.py:755} WARNING - No viable dags retrieved from /opt/airflow/dags/s3_create.py
[2023-05-23T22:53:33.049+0000] {processor.py:175} INFO - Processing /opt/airflow/dags/s3_create.py took 0.108 seconds
[2023-05-23T22:54:03.144+0000] {processor.py:153} INFO - Started process (PID=28308) to work on /opt/airflow/dags/s3_create.py
[2023-05-23T22:54:03.145+0000] {processor.py:743} INFO - Processing file /opt/airflow/dags/s3_create.py for tasks to queue
[2023-05-23T22:54:03.147+0000] {logging_mixin.py:137} INFO - [2023-05-23T22:54:03.147+0000] {dagbag.py:538} INFO - Filling up the DagBag from /opt/airflow/dags/s3_create.py
[2023-05-23T22:54:03.208+0000] {logging_mixin.py:137} INFO - [2023-05-23T22:54:03.206+0000] {dagbag.py:343} ERROR - Failed to import: /opt/airflow/dags/s3_create.py
Traceback (most recent call last):
  File "/home/airflow/.local/lib/python3.7/site-packages/airflow/models/dagbag.py", line 339, in parse
    loader.exec_module(new_module)
  File "<frozen importlib._bootstrap_external>", line 728, in exec_module
  File "<frozen importlib._bootstrap>", line 219, in _call_with_frames_removed
  File "/opt/airflow/dags/s3_create.py", line 9, in <module>
    aws_access_key_id=Variable.get('access_key'),
  File "/home/airflow/.local/lib/python3.7/site-packages/airflow/models/variable.py", line 141, in get
    raise KeyError(f"Variable {key} does not exist")
KeyError: 'Variable access_key does not exist'
[2023-05-23T22:54:03.209+0000] {processor.py:755} WARNING - No viable dags retrieved from /opt/airflow/dags/s3_create.py
[2023-05-23T22:54:03.217+0000] {processor.py:175} INFO - Processing /opt/airflow/dags/s3_create.py took 0.076 seconds
[2023-05-23T22:54:33.354+0000] {processor.py:153} INFO - Started process (PID=28391) to work on /opt/airflow/dags/s3_create.py
[2023-05-23T22:54:33.358+0000] {processor.py:743} INFO - Processing file /opt/airflow/dags/s3_create.py for tasks to queue
[2023-05-23T22:54:33.361+0000] {logging_mixin.py:137} INFO - [2023-05-23T22:54:33.361+0000] {dagbag.py:538} INFO - Filling up the DagBag from /opt/airflow/dags/s3_create.py
[2023-05-23T22:54:33.432+0000] {logging_mixin.py:137} INFO - [2023-05-23T22:54:33.430+0000] {dagbag.py:343} ERROR - Failed to import: /opt/airflow/dags/s3_create.py
Traceback (most recent call last):
  File "/home/airflow/.local/lib/python3.7/site-packages/airflow/models/dagbag.py", line 339, in parse
    loader.exec_module(new_module)
  File "<frozen importlib._bootstrap_external>", line 728, in exec_module
  File "<frozen importlib._bootstrap>", line 219, in _call_with_frames_removed
  File "/opt/airflow/dags/s3_create.py", line 9, in <module>
    aws_access_key_id=Variable.get('access_key'),
  File "/home/airflow/.local/lib/python3.7/site-packages/airflow/models/variable.py", line 141, in get
    raise KeyError(f"Variable {key} does not exist")
KeyError: 'Variable access_key does not exist'
[2023-05-23T22:54:33.433+0000] {processor.py:755} WARNING - No viable dags retrieved from /opt/airflow/dags/s3_create.py
[2023-05-23T22:54:33.441+0000] {processor.py:175} INFO - Processing /opt/airflow/dags/s3_create.py took 0.094 seconds
[2023-05-23T22:56:58.617+0000] {processor.py:153} INFO - Started process (PID=28462) to work on /opt/airflow/dags/s3_create.py
[2023-05-23T22:56:58.621+0000] {processor.py:743} INFO - Processing file /opt/airflow/dags/s3_create.py for tasks to queue
[2023-05-23T22:56:58.623+0000] {logging_mixin.py:137} INFO - [2023-05-23T22:56:58.622+0000] {dagbag.py:538} INFO - Filling up the DagBag from /opt/airflow/dags/s3_create.py
[2023-05-23T22:56:58.756+0000] {logging_mixin.py:137} INFO - [2023-05-23T22:56:58.753+0000] {dagbag.py:343} ERROR - Failed to import: /opt/airflow/dags/s3_create.py
Traceback (most recent call last):
  File "/home/airflow/.local/lib/python3.7/site-packages/airflow/models/dagbag.py", line 339, in parse
    loader.exec_module(new_module)
  File "<frozen importlib._bootstrap_external>", line 728, in exec_module
  File "<frozen importlib._bootstrap>", line 219, in _call_with_frames_removed
  File "/opt/airflow/dags/s3_create.py", line 9, in <module>
    aws_access_key_id=Variable.get('access_key'),
  File "/home/airflow/.local/lib/python3.7/site-packages/airflow/models/variable.py", line 141, in get
    raise KeyError(f"Variable {key} does not exist")
KeyError: 'Variable access_key does not exist'
[2023-05-23T22:56:58.757+0000] {processor.py:755} WARNING - No viable dags retrieved from /opt/airflow/dags/s3_create.py
[2023-05-23T22:56:58.770+0000] {processor.py:175} INFO - Processing /opt/airflow/dags/s3_create.py took 0.158 seconds
[2023-05-23T22:57:29.136+0000] {processor.py:153} INFO - Started process (PID=28545) to work on /opt/airflow/dags/s3_create.py
[2023-05-23T22:57:29.138+0000] {processor.py:743} INFO - Processing file /opt/airflow/dags/s3_create.py for tasks to queue
[2023-05-23T22:57:29.139+0000] {logging_mixin.py:137} INFO - [2023-05-23T22:57:29.139+0000] {dagbag.py:538} INFO - Filling up the DagBag from /opt/airflow/dags/s3_create.py
[2023-05-23T22:57:29.203+0000] {logging_mixin.py:137} INFO - [2023-05-23T22:57:29.200+0000] {dagbag.py:343} ERROR - Failed to import: /opt/airflow/dags/s3_create.py
Traceback (most recent call last):
  File "/home/airflow/.local/lib/python3.7/site-packages/airflow/models/dagbag.py", line 339, in parse
    loader.exec_module(new_module)
  File "<frozen importlib._bootstrap_external>", line 728, in exec_module
  File "<frozen importlib._bootstrap>", line 219, in _call_with_frames_removed
  File "/opt/airflow/dags/s3_create.py", line 9, in <module>
    aws_access_key_id=Variable.get('access_key'),
  File "/home/airflow/.local/lib/python3.7/site-packages/airflow/models/variable.py", line 141, in get
    raise KeyError(f"Variable {key} does not exist")
KeyError: 'Variable access_key does not exist'
[2023-05-23T22:57:29.204+0000] {processor.py:755} WARNING - No viable dags retrieved from /opt/airflow/dags/s3_create.py
[2023-05-23T22:57:29.219+0000] {processor.py:175} INFO - Processing /opt/airflow/dags/s3_create.py took 0.086 seconds
[2023-05-23T22:57:59.262+0000] {processor.py:153} INFO - Started process (PID=28625) to work on /opt/airflow/dags/s3_create.py
[2023-05-23T22:57:59.283+0000] {processor.py:743} INFO - Processing file /opt/airflow/dags/s3_create.py for tasks to queue
[2023-05-23T22:57:59.302+0000] {logging_mixin.py:137} INFO - [2023-05-23T22:57:59.302+0000] {dagbag.py:538} INFO - Filling up the DagBag from /opt/airflow/dags/s3_create.py
[2023-05-23T22:57:59.419+0000] {logging_mixin.py:137} INFO - [2023-05-23T22:57:59.417+0000] {dagbag.py:343} ERROR - Failed to import: /opt/airflow/dags/s3_create.py
Traceback (most recent call last):
  File "/home/airflow/.local/lib/python3.7/site-packages/airflow/models/dagbag.py", line 339, in parse
    loader.exec_module(new_module)
  File "<frozen importlib._bootstrap_external>", line 728, in exec_module
  File "<frozen importlib._bootstrap>", line 219, in _call_with_frames_removed
  File "/opt/airflow/dags/s3_create.py", line 9, in <module>
    aws_access_key_id=Variable.get('access_key'),
  File "/home/airflow/.local/lib/python3.7/site-packages/airflow/models/variable.py", line 141, in get
    raise KeyError(f"Variable {key} does not exist")
KeyError: 'Variable access_key does not exist'
[2023-05-23T22:57:59.425+0000] {processor.py:755} WARNING - No viable dags retrieved from /opt/airflow/dags/s3_create.py
[2023-05-23T22:57:59.459+0000] {processor.py:175} INFO - Processing /opt/airflow/dags/s3_create.py took 0.204 seconds
[2023-05-23T22:58:29.513+0000] {processor.py:153} INFO - Started process (PID=28698) to work on /opt/airflow/dags/s3_create.py
[2023-05-23T22:58:29.515+0000] {processor.py:743} INFO - Processing file /opt/airflow/dags/s3_create.py for tasks to queue
[2023-05-23T22:58:29.517+0000] {logging_mixin.py:137} INFO - [2023-05-23T22:58:29.517+0000] {dagbag.py:538} INFO - Filling up the DagBag from /opt/airflow/dags/s3_create.py
[2023-05-23T22:58:29.579+0000] {logging_mixin.py:137} INFO - [2023-05-23T22:58:29.578+0000] {dagbag.py:343} ERROR - Failed to import: /opt/airflow/dags/s3_create.py
Traceback (most recent call last):
  File "/home/airflow/.local/lib/python3.7/site-packages/airflow/models/dagbag.py", line 339, in parse
    loader.exec_module(new_module)
  File "<frozen importlib._bootstrap_external>", line 728, in exec_module
  File "<frozen importlib._bootstrap>", line 219, in _call_with_frames_removed
  File "/opt/airflow/dags/s3_create.py", line 9, in <module>
    aws_access_key_id=Variable.get('access_key'),
  File "/home/airflow/.local/lib/python3.7/site-packages/airflow/models/variable.py", line 141, in get
    raise KeyError(f"Variable {key} does not exist")
KeyError: 'Variable access_key does not exist'
[2023-05-23T22:58:29.581+0000] {processor.py:755} WARNING - No viable dags retrieved from /opt/airflow/dags/s3_create.py
[2023-05-23T22:58:29.588+0000] {processor.py:175} INFO - Processing /opt/airflow/dags/s3_create.py took 0.079 seconds
[2023-05-23T22:59:00.567+0000] {processor.py:153} INFO - Started process (PID=28781) to work on /opt/airflow/dags/s3_create.py
[2023-05-23T22:59:00.571+0000] {processor.py:743} INFO - Processing file /opt/airflow/dags/s3_create.py for tasks to queue
[2023-05-23T22:59:00.573+0000] {logging_mixin.py:137} INFO - [2023-05-23T22:59:00.573+0000] {dagbag.py:538} INFO - Filling up the DagBag from /opt/airflow/dags/s3_create.py
[2023-05-23T22:59:00.660+0000] {logging_mixin.py:137} INFO - [2023-05-23T22:59:00.658+0000] {dagbag.py:343} ERROR - Failed to import: /opt/airflow/dags/s3_create.py
Traceback (most recent call last):
  File "/home/airflow/.local/lib/python3.7/site-packages/airflow/models/dagbag.py", line 339, in parse
    loader.exec_module(new_module)
  File "<frozen importlib._bootstrap_external>", line 728, in exec_module
  File "<frozen importlib._bootstrap>", line 219, in _call_with_frames_removed
  File "/opt/airflow/dags/s3_create.py", line 9, in <module>
    aws_access_key_id=Variable.get('access_key'),
  File "/home/airflow/.local/lib/python3.7/site-packages/airflow/models/variable.py", line 141, in get
    raise KeyError(f"Variable {key} does not exist")
KeyError: 'Variable access_key does not exist'
[2023-05-23T22:59:00.662+0000] {processor.py:755} WARNING - No viable dags retrieved from /opt/airflow/dags/s3_create.py
[2023-05-23T22:59:00.672+0000] {processor.py:175} INFO - Processing /opt/airflow/dags/s3_create.py took 0.113 seconds
[2023-05-23T22:59:30.729+0000] {processor.py:153} INFO - Started process (PID=28864) to work on /opt/airflow/dags/s3_create.py
[2023-05-23T22:59:30.731+0000] {processor.py:743} INFO - Processing file /opt/airflow/dags/s3_create.py for tasks to queue
[2023-05-23T22:59:30.732+0000] {logging_mixin.py:137} INFO - [2023-05-23T22:59:30.732+0000] {dagbag.py:538} INFO - Filling up the DagBag from /opt/airflow/dags/s3_create.py
[2023-05-23T22:59:30.814+0000] {logging_mixin.py:137} INFO - [2023-05-23T22:59:30.811+0000] {dagbag.py:343} ERROR - Failed to import: /opt/airflow/dags/s3_create.py
Traceback (most recent call last):
  File "/home/airflow/.local/lib/python3.7/site-packages/airflow/models/dagbag.py", line 339, in parse
    loader.exec_module(new_module)
  File "<frozen importlib._bootstrap_external>", line 728, in exec_module
  File "<frozen importlib._bootstrap>", line 219, in _call_with_frames_removed
  File "/opt/airflow/dags/s3_create.py", line 9, in <module>
    aws_access_key_id=Variable.get('access_key'),
  File "/home/airflow/.local/lib/python3.7/site-packages/airflow/models/variable.py", line 141, in get
    raise KeyError(f"Variable {key} does not exist")
KeyError: 'Variable access_key does not exist'
[2023-05-23T22:59:30.815+0000] {processor.py:755} WARNING - No viable dags retrieved from /opt/airflow/dags/s3_create.py
[2023-05-23T22:59:30.827+0000] {processor.py:175} INFO - Processing /opt/airflow/dags/s3_create.py took 0.101 seconds
[2023-05-23T23:00:01.822+0000] {processor.py:153} INFO - Started process (PID=28935) to work on /opt/airflow/dags/s3_create.py
[2023-05-23T23:00:01.823+0000] {processor.py:743} INFO - Processing file /opt/airflow/dags/s3_create.py for tasks to queue
[2023-05-23T23:00:01.825+0000] {logging_mixin.py:137} INFO - [2023-05-23T23:00:01.825+0000] {dagbag.py:538} INFO - Filling up the DagBag from /opt/airflow/dags/s3_create.py
[2023-05-23T23:00:01.895+0000] {logging_mixin.py:137} INFO - [2023-05-23T23:00:01.893+0000] {dagbag.py:343} ERROR - Failed to import: /opt/airflow/dags/s3_create.py
Traceback (most recent call last):
  File "/home/airflow/.local/lib/python3.7/site-packages/airflow/models/dagbag.py", line 339, in parse
    loader.exec_module(new_module)
  File "<frozen importlib._bootstrap_external>", line 728, in exec_module
  File "<frozen importlib._bootstrap>", line 219, in _call_with_frames_removed
  File "/opt/airflow/dags/s3_create.py", line 9, in <module>
    aws_access_key_id=Variable.get('access_key'),
  File "/home/airflow/.local/lib/python3.7/site-packages/airflow/models/variable.py", line 141, in get
    raise KeyError(f"Variable {key} does not exist")
KeyError: 'Variable access_key does not exist'
[2023-05-23T23:00:01.896+0000] {processor.py:755} WARNING - No viable dags retrieved from /opt/airflow/dags/s3_create.py
[2023-05-23T23:00:01.905+0000] {processor.py:175} INFO - Processing /opt/airflow/dags/s3_create.py took 0.087 seconds
[2023-05-23T23:00:32.945+0000] {processor.py:153} INFO - Started process (PID=29018) to work on /opt/airflow/dags/s3_create.py
[2023-05-23T23:00:32.947+0000] {processor.py:743} INFO - Processing file /opt/airflow/dags/s3_create.py for tasks to queue
[2023-05-23T23:00:32.949+0000] {logging_mixin.py:137} INFO - [2023-05-23T23:00:32.949+0000] {dagbag.py:538} INFO - Filling up the DagBag from /opt/airflow/dags/s3_create.py
[2023-05-23T23:00:33.016+0000] {logging_mixin.py:137} INFO - [2023-05-23T23:00:33.013+0000] {dagbag.py:343} ERROR - Failed to import: /opt/airflow/dags/s3_create.py
Traceback (most recent call last):
  File "/home/airflow/.local/lib/python3.7/site-packages/airflow/models/dagbag.py", line 339, in parse
    loader.exec_module(new_module)
  File "<frozen importlib._bootstrap_external>", line 728, in exec_module
  File "<frozen importlib._bootstrap>", line 219, in _call_with_frames_removed
  File "/opt/airflow/dags/s3_create.py", line 9, in <module>
    aws_access_key_id=Variable.get('access_key'),
  File "/home/airflow/.local/lib/python3.7/site-packages/airflow/models/variable.py", line 141, in get
    raise KeyError(f"Variable {key} does not exist")
KeyError: 'Variable access_key does not exist'
[2023-05-23T23:00:33.018+0000] {processor.py:755} WARNING - No viable dags retrieved from /opt/airflow/dags/s3_create.py
[2023-05-23T23:00:33.026+0000] {processor.py:175} INFO - Processing /opt/airflow/dags/s3_create.py took 0.086 seconds
[2023-05-23T23:01:03.871+0000] {processor.py:153} INFO - Started process (PID=29101) to work on /opt/airflow/dags/s3_create.py
[2023-05-23T23:01:03.873+0000] {processor.py:743} INFO - Processing file /opt/airflow/dags/s3_create.py for tasks to queue
[2023-05-23T23:01:03.874+0000] {logging_mixin.py:137} INFO - [2023-05-23T23:01:03.874+0000] {dagbag.py:538} INFO - Filling up the DagBag from /opt/airflow/dags/s3_create.py
[2023-05-23T23:01:03.935+0000] {logging_mixin.py:137} INFO - [2023-05-23T23:01:03.933+0000] {dagbag.py:343} ERROR - Failed to import: /opt/airflow/dags/s3_create.py
Traceback (most recent call last):
  File "/home/airflow/.local/lib/python3.7/site-packages/airflow/models/dagbag.py", line 339, in parse
    loader.exec_module(new_module)
  File "<frozen importlib._bootstrap_external>", line 728, in exec_module
  File "<frozen importlib._bootstrap>", line 219, in _call_with_frames_removed
  File "/opt/airflow/dags/s3_create.py", line 9, in <module>
    aws_access_key_id=Variable.get('access_key'),
  File "/home/airflow/.local/lib/python3.7/site-packages/airflow/models/variable.py", line 141, in get
    raise KeyError(f"Variable {key} does not exist")
KeyError: 'Variable access_key does not exist'
[2023-05-23T23:01:03.935+0000] {processor.py:755} WARNING - No viable dags retrieved from /opt/airflow/dags/s3_create.py
[2023-05-23T23:01:03.943+0000] {processor.py:175} INFO - Processing /opt/airflow/dags/s3_create.py took 0.076 seconds
[2023-05-23T23:01:34.798+0000] {processor.py:153} INFO - Started process (PID=29184) to work on /opt/airflow/dags/s3_create.py
[2023-05-23T23:01:34.801+0000] {processor.py:743} INFO - Processing file /opt/airflow/dags/s3_create.py for tasks to queue
[2023-05-23T23:01:34.804+0000] {logging_mixin.py:137} INFO - [2023-05-23T23:01:34.803+0000] {dagbag.py:538} INFO - Filling up the DagBag from /opt/airflow/dags/s3_create.py
[2023-05-23T23:01:34.876+0000] {logging_mixin.py:137} INFO - [2023-05-23T23:01:34.874+0000] {dagbag.py:343} ERROR - Failed to import: /opt/airflow/dags/s3_create.py
Traceback (most recent call last):
  File "/home/airflow/.local/lib/python3.7/site-packages/airflow/models/dagbag.py", line 339, in parse
    loader.exec_module(new_module)
  File "<frozen importlib._bootstrap_external>", line 728, in exec_module
  File "<frozen importlib._bootstrap>", line 219, in _call_with_frames_removed
  File "/opt/airflow/dags/s3_create.py", line 9, in <module>
    aws_access_key_id=Variable.get('access_key'),
  File "/home/airflow/.local/lib/python3.7/site-packages/airflow/models/variable.py", line 141, in get
    raise KeyError(f"Variable {key} does not exist")
KeyError: 'Variable access_key does not exist'
[2023-05-23T23:01:34.878+0000] {processor.py:755} WARNING - No viable dags retrieved from /opt/airflow/dags/s3_create.py
[2023-05-23T23:01:34.890+0000] {processor.py:175} INFO - Processing /opt/airflow/dags/s3_create.py took 0.095 seconds
[2023-05-23T23:02:05.772+0000] {processor.py:153} INFO - Started process (PID=29254) to work on /opt/airflow/dags/s3_create.py
[2023-05-23T23:02:05.774+0000] {processor.py:743} INFO - Processing file /opt/airflow/dags/s3_create.py for tasks to queue
[2023-05-23T23:02:05.775+0000] {logging_mixin.py:137} INFO - [2023-05-23T23:02:05.775+0000] {dagbag.py:538} INFO - Filling up the DagBag from /opt/airflow/dags/s3_create.py
[2023-05-23T23:02:05.836+0000] {logging_mixin.py:137} INFO - [2023-05-23T23:02:05.834+0000] {dagbag.py:343} ERROR - Failed to import: /opt/airflow/dags/s3_create.py
Traceback (most recent call last):
  File "/home/airflow/.local/lib/python3.7/site-packages/airflow/models/dagbag.py", line 339, in parse
    loader.exec_module(new_module)
  File "<frozen importlib._bootstrap_external>", line 728, in exec_module
  File "<frozen importlib._bootstrap>", line 219, in _call_with_frames_removed
  File "/opt/airflow/dags/s3_create.py", line 9, in <module>
    aws_access_key_id=Variable.get('access_key'),
  File "/home/airflow/.local/lib/python3.7/site-packages/airflow/models/variable.py", line 141, in get
    raise KeyError(f"Variable {key} does not exist")
KeyError: 'Variable access_key does not exist'
[2023-05-23T23:02:05.837+0000] {processor.py:755} WARNING - No viable dags retrieved from /opt/airflow/dags/s3_create.py
[2023-05-23T23:02:05.847+0000] {processor.py:175} INFO - Processing /opt/airflow/dags/s3_create.py took 0.078 seconds
[2023-05-23T23:02:35.944+0000] {processor.py:153} INFO - Started process (PID=29337) to work on /opt/airflow/dags/s3_create.py
[2023-05-23T23:02:35.946+0000] {processor.py:743} INFO - Processing file /opt/airflow/dags/s3_create.py for tasks to queue
[2023-05-23T23:02:35.947+0000] {logging_mixin.py:137} INFO - [2023-05-23T23:02:35.947+0000] {dagbag.py:538} INFO - Filling up the DagBag from /opt/airflow/dags/s3_create.py
[2023-05-23T23:02:36.024+0000] {logging_mixin.py:137} INFO - [2023-05-23T23:02:36.022+0000] {dagbag.py:343} ERROR - Failed to import: /opt/airflow/dags/s3_create.py
Traceback (most recent call last):
  File "/home/airflow/.local/lib/python3.7/site-packages/airflow/models/dagbag.py", line 339, in parse
    loader.exec_module(new_module)
  File "<frozen importlib._bootstrap_external>", line 728, in exec_module
  File "<frozen importlib._bootstrap>", line 219, in _call_with_frames_removed
  File "/opt/airflow/dags/s3_create.py", line 9, in <module>
    aws_access_key_id=Variable.get('access_key'),
  File "/home/airflow/.local/lib/python3.7/site-packages/airflow/models/variable.py", line 141, in get
    raise KeyError(f"Variable {key} does not exist")
KeyError: 'Variable access_key does not exist'
[2023-05-23T23:02:36.033+0000] {processor.py:755} WARNING - No viable dags retrieved from /opt/airflow/dags/s3_create.py
[2023-05-23T23:02:36.061+0000] {processor.py:175} INFO - Processing /opt/airflow/dags/s3_create.py took 0.120 seconds
[2023-05-23T23:37:31.989+0000] {processor.py:153} INFO - Started process (PID=29409) to work on /opt/airflow/dags/s3_create.py
[2023-05-23T23:37:31.991+0000] {processor.py:743} INFO - Processing file /opt/airflow/dags/s3_create.py for tasks to queue
[2023-05-23T23:37:31.993+0000] {logging_mixin.py:137} INFO - [2023-05-23T23:37:31.993+0000] {dagbag.py:538} INFO - Filling up the DagBag from /opt/airflow/dags/s3_create.py
[2023-05-23T23:37:32.064+0000] {logging_mixin.py:137} INFO - [2023-05-23T23:37:32.062+0000] {dagbag.py:343} ERROR - Failed to import: /opt/airflow/dags/s3_create.py
Traceback (most recent call last):
  File "/home/airflow/.local/lib/python3.7/site-packages/airflow/models/dagbag.py", line 339, in parse
    loader.exec_module(new_module)
  File "<frozen importlib._bootstrap_external>", line 728, in exec_module
  File "<frozen importlib._bootstrap>", line 219, in _call_with_frames_removed
  File "/opt/airflow/dags/s3_create.py", line 9, in <module>
    aws_access_key_id=Variable.get('access_key'),
  File "/home/airflow/.local/lib/python3.7/site-packages/airflow/models/variable.py", line 141, in get
    raise KeyError(f"Variable {key} does not exist")
KeyError: 'Variable access_key does not exist'
[2023-05-23T23:37:32.065+0000] {processor.py:755} WARNING - No viable dags retrieved from /opt/airflow/dags/s3_create.py
[2023-05-23T23:37:32.074+0000] {processor.py:175} INFO - Processing /opt/airflow/dags/s3_create.py took 0.092 seconds
