[2023-04-19T12:46:21.033+0000] {taskinstance.py:1083} INFO - Dependencies all met for <TaskInstance: age_check.age_check scheduled__2023-01-03T00:00:00+00:00 [queued]>
[2023-04-19T12:46:21.113+0000] {taskinstance.py:1083} INFO - Dependencies all met for <TaskInstance: age_check.age_check scheduled__2023-01-03T00:00:00+00:00 [queued]>
[2023-04-19T12:46:21.127+0000] {taskinstance.py:1279} INFO - 
--------------------------------------------------------------------------------
[2023-04-19T12:46:21.129+0000] {taskinstance.py:1280} INFO - Starting attempt 3 of 4
[2023-04-19T12:46:21.131+0000] {taskinstance.py:1281} INFO - 
--------------------------------------------------------------------------------
[2023-04-19T12:46:21.185+0000] {taskinstance.py:1300} INFO - Executing <Task(PythonOperator): age_check> on 2023-01-03 00:00:00+00:00
[2023-04-19T12:46:21.199+0000] {standard_task_runner.py:55} INFO - Started process 23903 to run task
[2023-04-19T12:46:21.213+0000] {standard_task_runner.py:82} INFO - Running: ['***', 'tasks', 'run', 'age_check', 'age_check', 'scheduled__2023-01-03T00:00:00+00:00', '--job-id', '1580', '--raw', '--subdir', 'DAGS_FOLDER/age.py', '--cfg-path', '/tmp/tmpvhb3xj7m']
[2023-04-19T12:46:21.217+0000] {standard_task_runner.py:83} INFO - Job 1580: Subtask age_check
[2023-04-19T12:46:21.416+0000] {task_command.py:388} INFO - Running <TaskInstance: age_check.age_check scheduled__2023-01-03T00:00:00+00:00 [running]> on host fe34f61acbb3
[2023-04-19T12:46:21.761+0000] {taskinstance.py:1509} INFO - Exporting the following env vars:
AIRFLOW_CTX_DAG_OWNER=***
AIRFLOW_CTX_DAG_ID=age_check
AIRFLOW_CTX_TASK_ID=age_check
AIRFLOW_CTX_EXECUTION_DATE=2023-01-03T00:00:00+00:00
AIRFLOW_CTX_TRY_NUMBER=3
AIRFLOW_CTX_DAG_RUN_ID=scheduled__2023-01-03T00:00:00+00:00
[2023-04-19T12:46:21.802+0000] {taskinstance.py:1768} ERROR - Task failed with exception
Traceback (most recent call last):
  File "/home/airflow/.local/lib/python3.7/site-packages/airflow/operators/python.py", line 175, in execute
    return_value = self.execute_callable()
  File "/home/airflow/.local/lib/python3.7/site-packages/airflow/operators/python.py", line 192, in execute_callable
    return self.python_callable(*self.op_args, **self.op_kwargs)
  File "/opt/airflow/dags/age.py", line 35, in age_check
    birth_year = int(Variable.get('birth_year'))
  File "/home/airflow/.local/lib/python3.7/site-packages/airflow/models/variable.py", line 141, in get
    raise KeyError(f"Variable {key} does not exist")
KeyError: 'Variable birth_year does not exist'
[2023-04-19T12:46:21.858+0000] {taskinstance.py:1323} INFO - Marking task as UP_FOR_RETRY. dag_id=age_check, task_id=age_check, execution_date=20230103T000000, start_date=20230419T124621, end_date=20230419T124621
[2023-04-19T12:46:21.905+0000] {standard_task_runner.py:105} ERROR - Failed to execute job 1580 for task age_check ('Variable birth_year does not exist'; 23903)
[2023-04-19T12:46:21.964+0000] {local_task_job.py:208} INFO - Task exited with return code 1
[2023-04-19T12:46:22.114+0000] {taskinstance.py:2578} INFO - 0 downstream tasks scheduled from follow-on schedule check
[2023-05-20T20:57:26.367+0000] {taskinstance.py:1083} INFO - Dependencies all met for <TaskInstance: age_check.age_check scheduled__2023-01-03T00:00:00+00:00 [queued]>
[2023-05-20T20:57:26.375+0000] {taskinstance.py:1083} INFO - Dependencies all met for <TaskInstance: age_check.age_check scheduled__2023-01-03T00:00:00+00:00 [queued]>
[2023-05-20T20:57:26.376+0000] {taskinstance.py:1279} INFO - 
--------------------------------------------------------------------------------
[2023-05-20T20:57:26.377+0000] {taskinstance.py:1280} INFO - Starting attempt 3 of 4
[2023-05-20T20:57:26.378+0000] {taskinstance.py:1281} INFO - 
--------------------------------------------------------------------------------
[2023-05-20T20:57:26.389+0000] {taskinstance.py:1300} INFO - Executing <Task(PythonOperator): age_check> on 2023-01-03 00:00:00+00:00
[2023-05-20T20:57:26.394+0000] {standard_task_runner.py:55} INFO - Started process 604 to run task
[2023-05-20T20:57:26.399+0000] {standard_task_runner.py:82} INFO - Running: ['***', 'tasks', 'run', 'age_check', 'age_check', 'scheduled__2023-01-03T00:00:00+00:00', '--job-id', '1132', '--raw', '--subdir', 'DAGS_FOLDER/age.py', '--cfg-path', '/tmp/tmpjf89kov6']
[2023-05-20T20:57:26.401+0000] {standard_task_runner.py:83} INFO - Job 1132: Subtask age_check
[2023-05-20T20:57:26.455+0000] {task_command.py:388} INFO - Running <TaskInstance: age_check.age_check scheduled__2023-01-03T00:00:00+00:00 [running]> on host 242f95e3e8a8
[2023-05-20T20:57:26.508+0000] {taskinstance.py:1509} INFO - Exporting the following env vars:
AIRFLOW_CTX_DAG_OWNER=***
AIRFLOW_CTX_DAG_ID=age_check
AIRFLOW_CTX_TASK_ID=age_check
AIRFLOW_CTX_EXECUTION_DATE=2023-01-03T00:00:00+00:00
AIRFLOW_CTX_TRY_NUMBER=3
AIRFLOW_CTX_DAG_RUN_ID=scheduled__2023-01-03T00:00:00+00:00
[2023-05-20T20:57:26.518+0000] {taskinstance.py:1768} ERROR - Task failed with exception
Traceback (most recent call last):
  File "/home/airflow/.local/lib/python3.7/site-packages/airflow/operators/python.py", line 175, in execute
    return_value = self.execute_callable()
  File "/home/airflow/.local/lib/python3.7/site-packages/airflow/operators/python.py", line 192, in execute_callable
    return self.python_callable(*self.op_args, **self.op_kwargs)
  File "/opt/airflow/dags/age.py", line 35, in age_check
    birth_year = int(Variable.get('birth_year'))
  File "/home/airflow/.local/lib/python3.7/site-packages/airflow/models/variable.py", line 141, in get
    raise KeyError(f"Variable {key} does not exist")
KeyError: 'Variable birth_year does not exist'
[2023-05-20T20:57:26.529+0000] {taskinstance.py:1323} INFO - Marking task as UP_FOR_RETRY. dag_id=age_check, task_id=age_check, execution_date=20230103T000000, start_date=20230520T205726, end_date=20230520T205726
[2023-05-20T20:57:26.539+0000] {standard_task_runner.py:105} ERROR - Failed to execute job 1132 for task age_check ('Variable birth_year does not exist'; 604)
[2023-05-20T20:57:26.573+0000] {local_task_job.py:208} INFO - Task exited with return code 1
[2023-05-20T20:57:26.595+0000] {taskinstance.py:2578} INFO - 0 downstream tasks scheduled from follow-on schedule check
