[2024-01-20T14:22:35.732+0000] {taskinstance.py:1157} INFO - Dependencies all met for dep_context=non-requeueable deps ti=<TaskInstance: read_s3_data.load_s3_data scheduled__2022-11-27T00:00:00+00:00 [queued]>
[2024-01-20T14:22:35.774+0000] {taskinstance.py:1157} INFO - Dependencies all met for dep_context=requeueable deps ti=<TaskInstance: read_s3_data.load_s3_data scheduled__2022-11-27T00:00:00+00:00 [queued]>
[2024-01-20T14:22:35.778+0000] {taskinstance.py:1359} INFO - Starting attempt 1 of 4
[2024-01-20T14:22:35.826+0000] {taskinstance.py:1380} INFO - Executing <Task(PythonOperator): load_s3_data> on 2022-11-27 00:00:00+00:00
[2024-01-20T14:22:35.844+0000] {standard_task_runner.py:57} INFO - Started process 59202 to run task
[2024-01-20T14:22:35.883+0000] {standard_task_runner.py:84} INFO - Running: ['***', 'tasks', 'run', 'read_s3_data', 'load_s3_data', 'scheduled__2022-11-27T00:00:00+00:00', '--job-id', '757', '--raw', '--subdir', 'DAGS_FOLDER/read.py', '--cfg-path', '/tmp/tmp93wxhjk0']
[2024-01-20T14:22:35.899+0000] {standard_task_runner.py:85} INFO - Job 757: Subtask load_s3_data
[2024-01-20T14:22:36.148+0000] {task_command.py:415} INFO - Running <TaskInstance: read_s3_data.load_s3_data scheduled__2022-11-27T00:00:00+00:00 [running]> on host dbb3489df186
[2024-01-20T14:22:36.602+0000] {taskinstance.py:1660} INFO - Exporting env vars: AIRFLOW_CTX_DAG_OWNER='***' AIRFLOW_CTX_DAG_ID='read_s3_data' AIRFLOW_CTX_TASK_ID='load_s3_data' AIRFLOW_CTX_EXECUTION_DATE='2022-11-27T00:00:00+00:00' AIRFLOW_CTX_TRY_NUMBER='1' AIRFLOW_CTX_DAG_RUN_ID='scheduled__2022-11-27T00:00:00+00:00'
[2024-01-20T14:22:36.612+0000] {taskinstance.py:1935} ERROR - Task failed with exception
Traceback (most recent call last):
  File "/home/airflow/.local/lib/python3.11/site-packages/airflow/operators/python.py", line 192, in execute
    return_value = self.execute_callable()
                   ^^^^^^^^^^^^^^^^^^^^^^^
  File "/home/airflow/.local/lib/python3.11/site-packages/airflow/operators/python.py", line 209, in execute_callable
    return self.python_callable(*self.op_args, **self.op_kwargs)
           ^^^^^^^^^^^^^^^^^^^^^^^^^^^^^^^^^^^^^^^^^^^^^^^^^^^^^
  File "/opt/airflow/dags/read.py", line 40, in load_s3_file
    cnxn = create_engine("postgresql+psycopg2://staging_db:DnrbWdUcaZxyIc7v:5432/main")
           ^^^^^^^^^^^^^^^^^^^^^^^^^^^^^^^^^^^^^^^^^^^^^^^^^^^^^^^^^^^^^^^^^^^^^^^^^^^^
  File "<string>", line 2, in create_engine
  File "/home/airflow/.local/lib/python3.11/site-packages/sqlalchemy/util/deprecations.py", line 375, in warned
    return fn(*args, **kwargs)
           ^^^^^^^^^^^^^^^^^^^
  File "/home/airflow/.local/lib/python3.11/site-packages/sqlalchemy/engine/create.py", line 514, in create_engine
    u = _url.make_url(url)
        ^^^^^^^^^^^^^^^^^^
  File "/home/airflow/.local/lib/python3.11/site-packages/sqlalchemy/engine/url.py", line 738, in make_url
    return _parse_url(name_or_url)
           ^^^^^^^^^^^^^^^^^^^^^^^
  File "/home/airflow/.local/lib/python3.11/site-packages/sqlalchemy/engine/url.py", line 794, in _parse_url
    components["port"] = int(components["port"])
                         ^^^^^^^^^^^^^^^^^^^^^^^
ValueError: invalid literal for int() with base 10: 'DnrbWdUcaZxyIc7v:5432'
[2024-01-20T14:22:36.687+0000] {taskinstance.py:1398} INFO - Marking task as UP_FOR_RETRY. dag_id=read_s3_data, task_id=load_s3_data, execution_date=20221127T000000, start_date=20240120T142235, end_date=20240120T142236
[2024-01-20T14:22:36.743+0000] {standard_task_runner.py:104} ERROR - Failed to execute job 757 for task load_s3_data (invalid literal for int() with base 10: 'DnrbWdUcaZxyIc7v:5432'; 59202)
[2024-01-20T14:22:36.859+0000] {local_task_job_runner.py:228} INFO - Task exited with return code 1
[2024-01-20T14:22:37.111+0000] {taskinstance.py:2776} INFO - 0 downstream tasks scheduled from follow-on schedule check
