[2023-12-11T11:51:24.387+0000] {taskinstance.py:1157} INFO - Dependencies all met for dep_context=non-requeueable deps ti=<TaskInstance: read_s3_file.read_s3_file manual__2023-12-11T11:50:54.740048+00:00 [queued]>
[2023-12-11T11:51:24.394+0000] {taskinstance.py:1157} INFO - Dependencies all met for dep_context=requeueable deps ti=<TaskInstance: read_s3_file.read_s3_file manual__2023-12-11T11:50:54.740048+00:00 [queued]>
[2023-12-11T11:51:24.396+0000] {taskinstance.py:1359} INFO - Starting attempt 3 of 4
[2023-12-11T11:51:24.403+0000] {taskinstance.py:1380} INFO - Executing <Task(PythonOperator): read_s3_file> on 2023-12-11 11:50:54.740048+00:00
[2023-12-11T11:51:24.410+0000] {standard_task_runner.py:57} INFO - Started process 120 to run task
[2023-12-11T11:51:24.415+0000] {standard_task_runner.py:84} INFO - Running: ['***', 'tasks', 'run', 'read_s3_file', 'read_s3_file', 'manual__2023-12-11T11:50:54.740048+00:00', '--job-id', '6207', '--raw', '--subdir', 'DAGS_FOLDER/desmond.py', '--cfg-path', '/tmp/tmpowh2g0qe']
[2023-12-11T11:51:24.419+0000] {standard_task_runner.py:85} INFO - Job 6207: Subtask read_s3_file
[2023-12-11T11:51:24.478+0000] {task_command.py:415} INFO - Running <TaskInstance: read_s3_file.read_s3_file manual__2023-12-11T11:50:54.740048+00:00 [running]> on host 533efb53d454
[2023-12-11T11:51:24.544+0000] {taskinstance.py:1660} INFO - Exporting env vars: AIRFLOW_CTX_DAG_OWNER='***' AIRFLOW_CTX_DAG_ID='read_s3_file' AIRFLOW_CTX_TASK_ID='read_s3_file' AIRFLOW_CTX_EXECUTION_DATE='2023-12-11T11:50:54.740048+00:00' AIRFLOW_CTX_TRY_NUMBER='3' AIRFLOW_CTX_DAG_RUN_ID='manual__2023-12-11T11:50:54.740048+00:00'
[2023-12-11T11:51:24.547+0000] {taskinstance.py:1935} ERROR - Task failed with exception
Traceback (most recent call last):
  File "/home/airflow/.local/lib/python3.11/site-packages/airflow/operators/python.py", line 192, in execute
    return_value = self.execute_callable()
                   ^^^^^^^^^^^^^^^^^^^^^^^
  File "/home/airflow/.local/lib/python3.11/site-packages/airflow/operators/python.py", line 209, in execute_callable
    return self.python_callable(*self.op_args, **self.op_kwargs)
           ^^^^^^^^^^^^^^^^^^^^^^^^^^^^^^^^^^^^^^^^^^^^^^^^^^^^^
TypeError: generic_s3_client() missing 2 required positional arguments: 'ACCESS_KEY' and 'SECRET_KEY'
[2023-12-11T11:51:24.563+0000] {taskinstance.py:1398} INFO - Marking task as UP_FOR_RETRY. dag_id=read_s3_file, task_id=read_s3_file, execution_date=20231211T115054, start_date=20231211T115124, end_date=20231211T115124
[2023-12-11T11:51:24.576+0000] {standard_task_runner.py:104} ERROR - Failed to execute job 6207 for task read_s3_file (generic_s3_client() missing 2 required positional arguments: 'ACCESS_KEY' and 'SECRET_KEY'; 120)
[2023-12-11T11:51:24.632+0000] {local_task_job_runner.py:228} INFO - Task exited with return code 1
[2023-12-11T11:51:24.660+0000] {taskinstance.py:2776} INFO - 0 downstream tasks scheduled from follow-on schedule check
