[2023-04-19T12:44:01.373+0000] {taskinstance.py:1083} INFO - Dependencies all met for <TaskInstance: age_check.age_check scheduled__2022-11-28T00:00:00+00:00 [queued]>
[2023-04-19T12:44:01.381+0000] {taskinstance.py:1083} INFO - Dependencies all met for <TaskInstance: age_check.age_check scheduled__2022-11-28T00:00:00+00:00 [queued]>
[2023-04-19T12:44:01.384+0000] {taskinstance.py:1279} INFO - 
--------------------------------------------------------------------------------
[2023-04-19T12:44:01.389+0000] {taskinstance.py:1280} INFO - Starting attempt 4 of 4
[2023-04-19T12:44:01.393+0000] {taskinstance.py:1281} INFO - 
--------------------------------------------------------------------------------
[2023-04-19T12:44:01.411+0000] {taskinstance.py:1300} INFO - Executing <Task(PythonOperator): age_check> on 2022-11-28 00:00:00+00:00
[2023-04-19T12:44:01.429+0000] {standard_task_runner.py:82} INFO - Running: ['***', 'tasks', 'run', 'age_check', 'age_check', 'scheduled__2022-11-28T00:00:00+00:00', '--job-id', '1343', '--raw', '--subdir', 'DAGS_FOLDER/age.py', '--cfg-path', '/tmp/tmpqn32dat2']
[2023-04-19T12:44:01.426+0000] {standard_task_runner.py:55} INFO - Started process 23319 to run task
[2023-04-19T12:44:01.436+0000] {standard_task_runner.py:83} INFO - Job 1343: Subtask age_check
[2023-04-19T12:44:01.619+0000] {task_command.py:388} INFO - Running <TaskInstance: age_check.age_check scheduled__2022-11-28T00:00:00+00:00 [running]> on host fe34f61acbb3
[2023-04-19T12:44:01.811+0000] {taskinstance.py:1509} INFO - Exporting the following env vars:
AIRFLOW_CTX_DAG_OWNER=***
AIRFLOW_CTX_DAG_ID=age_check
AIRFLOW_CTX_TASK_ID=age_check
AIRFLOW_CTX_EXECUTION_DATE=2022-11-28T00:00:00+00:00
AIRFLOW_CTX_TRY_NUMBER=4
AIRFLOW_CTX_DAG_RUN_ID=scheduled__2022-11-28T00:00:00+00:00
[2023-04-19T12:44:01.846+0000] {taskinstance.py:1768} ERROR - Task failed with exception
Traceback (most recent call last):
  File "/home/airflow/.local/lib/python3.7/site-packages/airflow/operators/python.py", line 175, in execute
    return_value = self.execute_callable()
  File "/home/airflow/.local/lib/python3.7/site-packages/airflow/operators/python.py", line 192, in execute_callable
    return self.python_callable(*self.op_args, **self.op_kwargs)
  File "/opt/airflow/dags/age.py", line 35, in age_check
    birth_year = int(Variable.get('birth_year'))
  File "/home/airflow/.local/lib/python3.7/site-packages/airflow/models/variable.py", line 141, in get
    raise KeyError(f"Variable {key} does not exist")
KeyError: 'Variable birth_year does not exist'
[2023-04-19T12:44:01.873+0000] {taskinstance.py:1323} INFO - Marking task as FAILED. dag_id=age_check, task_id=age_check, execution_date=20221128T000000, start_date=20230419T124401, end_date=20230419T124401
[2023-04-19T12:44:01.897+0000] {standard_task_runner.py:105} ERROR - Failed to execute job 1343 for task age_check ('Variable birth_year does not exist'; 23319)
[2023-04-19T12:44:01.941+0000] {local_task_job.py:208} INFO - Task exited with return code 1
[2023-04-19T12:44:01.968+0000] {taskinstance.py:2578} INFO - 0 downstream tasks scheduled from follow-on schedule check
[2023-05-17T10:48:15.940+0000] {taskinstance.py:1083} INFO - Dependencies all met for <TaskInstance: age_check.age_check scheduled__2022-11-28T00:00:00+00:00 [queued]>
[2023-05-17T10:48:16.000+0000] {taskinstance.py:1083} INFO - Dependencies all met for <TaskInstance: age_check.age_check scheduled__2022-11-28T00:00:00+00:00 [queued]>
[2023-05-17T10:48:16.021+0000] {taskinstance.py:1279} INFO - 
--------------------------------------------------------------------------------
[2023-05-17T10:48:16.046+0000] {taskinstance.py:1280} INFO - Starting attempt 4 of 4
[2023-05-17T10:48:16.076+0000] {taskinstance.py:1281} INFO - 
--------------------------------------------------------------------------------
[2023-05-17T10:48:16.123+0000] {taskinstance.py:1300} INFO - Executing <Task(PythonOperator): age_check> on 2022-11-28 00:00:00+00:00
[2023-05-17T10:48:16.153+0000] {standard_task_runner.py:55} INFO - Started process 5954 to run task
[2023-05-17T10:48:16.182+0000] {standard_task_runner.py:82} INFO - Running: ['***', 'tasks', 'run', 'age_check', 'age_check', 'scheduled__2022-11-28T00:00:00+00:00', '--job-id', '889', '--raw', '--subdir', 'DAGS_FOLDER/age.py', '--cfg-path', '/tmp/tmpdwta7fjs']
[2023-05-17T10:48:16.185+0000] {standard_task_runner.py:83} INFO - Job 889: Subtask age_check
[2023-05-17T10:48:16.312+0000] {task_command.py:388} INFO - Running <TaskInstance: age_check.age_check scheduled__2022-11-28T00:00:00+00:00 [running]> on host 242f95e3e8a8
[2023-05-17T10:48:16.410+0000] {taskinstance.py:1509} INFO - Exporting the following env vars:
AIRFLOW_CTX_DAG_OWNER=***
AIRFLOW_CTX_DAG_ID=age_check
AIRFLOW_CTX_TASK_ID=age_check
AIRFLOW_CTX_EXECUTION_DATE=2022-11-28T00:00:00+00:00
AIRFLOW_CTX_TRY_NUMBER=4
AIRFLOW_CTX_DAG_RUN_ID=scheduled__2022-11-28T00:00:00+00:00
[2023-05-17T10:48:16.432+0000] {taskinstance.py:1768} ERROR - Task failed with exception
Traceback (most recent call last):
  File "/home/airflow/.local/lib/python3.7/site-packages/airflow/operators/python.py", line 175, in execute
    return_value = self.execute_callable()
  File "/home/airflow/.local/lib/python3.7/site-packages/airflow/operators/python.py", line 192, in execute_callable
    return self.python_callable(*self.op_args, **self.op_kwargs)
  File "/opt/airflow/dags/age.py", line 35, in age_check
    birth_year = int(Variable.get('birth_year'))
  File "/home/airflow/.local/lib/python3.7/site-packages/airflow/models/variable.py", line 141, in get
    raise KeyError(f"Variable {key} does not exist")
KeyError: 'Variable birth_year does not exist'
[2023-05-17T10:48:16.456+0000] {taskinstance.py:1323} INFO - Marking task as FAILED. dag_id=age_check, task_id=age_check, execution_date=20221128T000000, start_date=20230517T104815, end_date=20230517T104816
[2023-05-17T10:48:16.472+0000] {standard_task_runner.py:105} ERROR - Failed to execute job 889 for task age_check ('Variable birth_year does not exist'; 5954)
[2023-05-17T10:48:16.513+0000] {local_task_job.py:208} INFO - Task exited with return code 1
[2023-05-17T10:48:16.545+0000] {taskinstance.py:2578} INFO - 0 downstream tasks scheduled from follow-on schedule check
