[2023-12-17T15:32:10.628+0000] {taskinstance.py:1157} INFO - Dependencies all met for dep_context=non-requeueable deps ti=<TaskInstance: read_s3_data.read_s3_data scheduled__2022-10-21T00:00:00+00:00 [queued]>
[2023-12-17T15:32:10.644+0000] {taskinstance.py:1157} INFO - Dependencies all met for dep_context=requeueable deps ti=<TaskInstance: read_s3_data.read_s3_data scheduled__2022-10-21T00:00:00+00:00 [queued]>
[2023-12-17T15:32:10.647+0000] {taskinstance.py:1359} INFO - Starting attempt 2 of 4
[2023-12-17T15:32:10.738+0000] {taskinstance.py:1380} INFO - Executing <Task(PythonOperator): read_s3_data> on 2022-10-21 00:00:00+00:00
[2023-12-17T15:32:10.755+0000] {standard_task_runner.py:57} INFO - Started process 27180 to run task
[2023-12-17T15:32:10.767+0000] {standard_task_runner.py:84} INFO - Running: ['***', 'tasks', 'run', 'read_s3_data', 'read_s3_data', 'scheduled__2022-10-21T00:00:00+00:00', '--job-id', '6628', '--raw', '--subdir', 'DAGS_FOLDER/read.py', '--cfg-path', '/tmp/tmpos74jsm0']
[2023-12-17T15:32:10.776+0000] {standard_task_runner.py:85} INFO - Job 6628: Subtask read_s3_data
[2023-12-17T15:32:10.996+0000] {task_command.py:415} INFO - Running <TaskInstance: read_s3_data.read_s3_data scheduled__2022-10-21T00:00:00+00:00 [running]> on host 533efb53d454
[2023-12-17T15:32:11.331+0000] {taskinstance.py:1660} INFO - Exporting env vars: AIRFLOW_CTX_DAG_OWNER='***' AIRFLOW_CTX_DAG_ID='read_s3_data' AIRFLOW_CTX_TASK_ID='read_s3_data' AIRFLOW_CTX_EXECUTION_DATE='2022-10-21T00:00:00+00:00' AIRFLOW_CTX_TRY_NUMBER='2' AIRFLOW_CTX_DAG_RUN_ID='scheduled__2022-10-21T00:00:00+00:00'
[2023-12-17T15:32:11.335+0000] {taskinstance.py:1935} ERROR - Task failed with exception
Traceback (most recent call last):
  File "/home/airflow/.local/lib/python3.11/site-packages/airflow/operators/python.py", line 192, in execute
    return_value = self.execute_callable()
                   ^^^^^^^^^^^^^^^^^^^^^^^
  File "/home/airflow/.local/lib/python3.11/site-packages/airflow/operators/python.py", line 209, in execute_callable
    return self.python_callable(*self.op_args, **self.op_kwargs)
           ^^^^^^^^^^^^^^^^^^^^^^^^^^^^^^^^^^^^^^^^^^^^^^^^^^^^^
TypeError: generic_s3_clients() missing 2 required positional arguments: 'ACCESS_KEY' and 'SECRET_KEY'
[2023-12-17T15:32:11.381+0000] {taskinstance.py:1398} INFO - Marking task as UP_FOR_RETRY. dag_id=read_s3_data, task_id=read_s3_data, execution_date=20221021T000000, start_date=20231217T153210, end_date=20231217T153211
[2023-12-17T15:32:11.419+0000] {standard_task_runner.py:104} ERROR - Failed to execute job 6628 for task read_s3_data (generic_s3_clients() missing 2 required positional arguments: 'ACCESS_KEY' and 'SECRET_KEY'; 27180)
[2023-12-17T15:32:11.511+0000] {local_task_job_runner.py:228} INFO - Task exited with return code 1
[2023-12-17T15:32:11.552+0000] {taskinstance.py:2776} INFO - 0 downstream tasks scheduled from follow-on schedule check
[2023-12-24T17:12:41.366+0000] {taskinstance.py:1157} INFO - Dependencies all met for dep_context=non-requeueable deps ti=<TaskInstance: read_s3_data.read_s3_data scheduled__2022-10-21T00:00:00+00:00 [queued]>
[2023-12-24T17:12:41.441+0000] {taskinstance.py:1157} INFO - Dependencies all met for dep_context=requeueable deps ti=<TaskInstance: read_s3_data.read_s3_data scheduled__2022-10-21T00:00:00+00:00 [queued]>
[2023-12-24T17:12:41.458+0000] {taskinstance.py:1359} INFO - Starting attempt 2 of 4
[2023-12-24T17:12:41.655+0000] {taskinstance.py:1380} INFO - Executing <Task(PythonOperator): read_s3_data> on 2022-10-21 00:00:00+00:00
[2023-12-24T17:12:41.690+0000] {standard_task_runner.py:57} INFO - Started process 248 to run task
[2023-12-24T17:12:41.723+0000] {standard_task_runner.py:84} INFO - Running: ['***', 'tasks', 'run', 'read_s3_data', 'read_s3_data', 'scheduled__2022-10-21T00:00:00+00:00', '--job-id', '264', '--raw', '--subdir', 'DAGS_FOLDER/read.py', '--cfg-path', '/tmp/tmpa_jfy13t']
[2023-12-24T17:12:41.755+0000] {standard_task_runner.py:85} INFO - Job 264: Subtask read_s3_data
[2023-12-24T17:12:42.070+0000] {task_command.py:415} INFO - Running <TaskInstance: read_s3_data.read_s3_data scheduled__2022-10-21T00:00:00+00:00 [running]> on host dbb3489df186
[2023-12-24T17:12:42.633+0000] {taskinstance.py:1660} INFO - Exporting env vars: AIRFLOW_CTX_DAG_OWNER='***' AIRFLOW_CTX_DAG_ID='read_s3_data' AIRFLOW_CTX_TASK_ID='read_s3_data' AIRFLOW_CTX_EXECUTION_DATE='2022-10-21T00:00:00+00:00' AIRFLOW_CTX_TRY_NUMBER='2' AIRFLOW_CTX_DAG_RUN_ID='scheduled__2022-10-21T00:00:00+00:00'
[2023-12-24T17:13:04.052+0000] {local_task_job_runner.py:294} WARNING - State of this instance has been externally set to scheduled. Terminating instance.
[2023-12-24T17:13:04.166+0000] {process_utils.py:131} INFO - Sending 15 to group 248. PIDs of all processes in the group: [248]
[2023-12-24T17:13:04.190+0000] {process_utils.py:86} INFO - Sending the signal 15 to group 248
[2023-12-24T17:13:04.208+0000] {taskinstance.py:1630} ERROR - Received SIGTERM. Terminating subprocesses.
[2023-12-24T17:13:04.392+0000] {taskinstance.py:1935} ERROR - Task failed with exception
Traceback (most recent call last):
  File "/home/airflow/.local/lib/python3.11/site-packages/airflow/operators/python.py", line 192, in execute
    return_value = self.execute_callable()
                   ^^^^^^^^^^^^^^^^^^^^^^^
  File "/home/airflow/.local/lib/python3.11/site-packages/airflow/operators/python.py", line 209, in execute_callable
    return self.python_callable(*self.op_args, **self.op_kwargs)
           ^^^^^^^^^^^^^^^^^^^^^^^^^^^^^^^^^^^^^^^^^^^^^^^^^^^^^
  File "/opt/airflow/dags/read.py", line 32, in read_s3_file
    df = wr.s3.read_csv(path='s3://staging-olist/customer/olist_customers_dataset.csv', boto3_session=session)
         ^^^^^^^^^^^^^^^^^^^^^^^^^^^^^^^^^^^^^^^^^^^^^^^^^^^^^^^^^^^^^^^^^^^^^^^^^^^^^^^^^^^^^^^^^^^^^^^^^^^^^
  File "/home/airflow/.local/lib/python3.11/site-packages/awswrangler/_utils.py", line 176, in inner
    return func(*args, **kwargs)
           ^^^^^^^^^^^^^^^^^^^^^
  File "/home/airflow/.local/lib/python3.11/site-packages/awswrangler/s3/_read_text.py", line 293, in read_csv
    return _read_text_format(
           ^^^^^^^^^^^^^^^^^^
  File "/home/airflow/.local/lib/python3.11/site-packages/awswrangler/s3/_read_text.py", line 132, in _read_text_format
    return _read_text(
           ^^^^^^^^^^^
  File "/home/airflow/.local/lib/python3.11/site-packages/awswrangler/_distributed.py", line 105, in wrapper
    return cls.dispatch_func(func)(*args, **kw)
           ^^^^^^^^^^^^^^^^^^^^^^^^^^^^^^^^^^^^
  File "/home/airflow/.local/lib/python3.11/site-packages/awswrangler/s3/_read_text.py", line 58, in _read_text
    tables = executor.map(
             ^^^^^^^^^^^^^
  File "/home/airflow/.local/lib/python3.11/site-packages/awswrangler/_executor.py", line 51, in map
    return list(self._exec.map(func, *iterables))
           ^^^^^^^^^^^^^^^^^^^^^^^^^^^^^^^^^^^^^^
  File "/usr/local/lib/python3.11/concurrent/futures/_base.py", line 619, in result_iterator
    yield _result_or_cancel(fs.pop())
          ^^^^^^^^^^^^^^^^^^^^^^^^^^^
  File "/usr/local/lib/python3.11/concurrent/futures/_base.py", line 317, in _result_or_cancel
    return fut.result(timeout)
           ^^^^^^^^^^^^^^^^^^^
  File "/usr/local/lib/python3.11/concurrent/futures/_base.py", line 451, in result
    self._condition.wait(timeout)
  File "/usr/local/lib/python3.11/threading.py", line 320, in wait
    waiter.acquire()
  File "/home/airflow/.local/lib/python3.11/site-packages/airflow/models/taskinstance.py", line 1632, in signal_handler
    raise AirflowException("Task received SIGTERM signal")
airflow.exceptions.AirflowException: Task received SIGTERM signal
[2023-12-24T17:13:04.557+0000] {taskinstance.py:1398} INFO - Marking task as UP_FOR_RETRY. dag_id=read_s3_data, task_id=read_s3_data, execution_date=20221021T000000, start_date=20231224T171241, end_date=20231224T171304
[2023-12-24T17:13:04.857+0000] {standard_task_runner.py:104} ERROR - Failed to execute job 264 for task read_s3_data (Task received SIGTERM signal; 248)
[2023-12-24T17:13:05.135+0000] {process_utils.py:79} INFO - Process psutil.Process(pid=248, status='terminated', exitcode=1, started='17:12:40') (248) terminated with exit code 1
