[2023-12-17T15:31:52.670+0000] {taskinstance.py:1157} INFO - Dependencies all met for dep_context=non-requeueable deps ti=<TaskInstance: read_s3_data.read_s3_data scheduled__2022-10-21T00:00:00+00:00 [queued]>
[2023-12-17T15:31:52.887+0000] {taskinstance.py:1157} INFO - Dependencies all met for dep_context=requeueable deps ti=<TaskInstance: read_s3_data.read_s3_data scheduled__2022-10-21T00:00:00+00:00 [queued]>
[2023-12-17T15:31:52.895+0000] {taskinstance.py:1359} INFO - Starting attempt 1 of 4
[2023-12-17T15:31:53.215+0000] {taskinstance.py:1380} INFO - Executing <Task(PythonOperator): read_s3_data> on 2022-10-21 00:00:00+00:00
[2023-12-17T15:31:53.468+0000] {standard_task_runner.py:57} INFO - Started process 27119 to run task
[2023-12-17T15:31:53.501+0000] {standard_task_runner.py:84} INFO - Running: ['***', 'tasks', 'run', 'read_s3_data', 'read_s3_data', 'scheduled__2022-10-21T00:00:00+00:00', '--job-id', '6615', '--raw', '--subdir', 'DAGS_FOLDER/read.py', '--cfg-path', '/tmp/tmpj5ytfytj']
[2023-12-17T15:31:53.566+0000] {standard_task_runner.py:85} INFO - Job 6615: Subtask read_s3_data
[2023-12-17T15:31:54.421+0000] {task_command.py:415} INFO - Running <TaskInstance: read_s3_data.read_s3_data scheduled__2022-10-21T00:00:00+00:00 [running]> on host 533efb53d454
[2023-12-17T15:31:55.059+0000] {taskinstance.py:1660} INFO - Exporting env vars: AIRFLOW_CTX_DAG_OWNER='***' AIRFLOW_CTX_DAG_ID='read_s3_data' AIRFLOW_CTX_TASK_ID='read_s3_data' AIRFLOW_CTX_EXECUTION_DATE='2022-10-21T00:00:00+00:00' AIRFLOW_CTX_TRY_NUMBER='1' AIRFLOW_CTX_DAG_RUN_ID='scheduled__2022-10-21T00:00:00+00:00'
[2023-12-17T15:31:55.107+0000] {taskinstance.py:1935} ERROR - Task failed with exception
Traceback (most recent call last):
  File "/home/airflow/.local/lib/python3.11/site-packages/airflow/operators/python.py", line 192, in execute
    return_value = self.execute_callable()
                   ^^^^^^^^^^^^^^^^^^^^^^^
  File "/home/airflow/.local/lib/python3.11/site-packages/airflow/operators/python.py", line 209, in execute_callable
    return self.python_callable(*self.op_args, **self.op_kwargs)
           ^^^^^^^^^^^^^^^^^^^^^^^^^^^^^^^^^^^^^^^^^^^^^^^^^^^^^
TypeError: generic_s3_clients() missing 2 required positional arguments: 'ACCESS_KEY' and 'SECRET_KEY'
[2023-12-17T15:31:55.181+0000] {taskinstance.py:1398} INFO - Marking task as UP_FOR_RETRY. dag_id=read_s3_data, task_id=read_s3_data, execution_date=20221021T000000, start_date=20231217T153152, end_date=20231217T153155
[2023-12-17T15:31:55.322+0000] {standard_task_runner.py:104} ERROR - Failed to execute job 6615 for task read_s3_data (generic_s3_clients() missing 2 required positional arguments: 'ACCESS_KEY' and 'SECRET_KEY'; 27119)
[2023-12-17T15:31:56.049+0000] {local_task_job_runner.py:228} INFO - Task exited with return code 1
[2023-12-17T15:31:56.365+0000] {taskinstance.py:2776} INFO - 0 downstream tasks scheduled from follow-on schedule check
[2023-12-24T17:06:51.133+0000] {taskinstance.py:1157} INFO - Dependencies all met for dep_context=non-requeueable deps ti=<TaskInstance: read_s3_data.read_s3_data scheduled__2022-10-21T00:00:00+00:00 [queued]>
[2023-12-24T17:06:51.163+0000] {taskinstance.py:1157} INFO - Dependencies all met for dep_context=requeueable deps ti=<TaskInstance: read_s3_data.read_s3_data scheduled__2022-10-21T00:00:00+00:00 [queued]>
[2023-12-24T17:06:51.167+0000] {taskinstance.py:1359} INFO - Starting attempt 1 of 4
[2023-12-24T17:06:51.185+0000] {taskinstance.py:1380} INFO - Executing <Task(PythonOperator): read_s3_data> on 2022-10-21 00:00:00+00:00
[2023-12-24T17:06:51.195+0000] {standard_task_runner.py:57} INFO - Started process 1226 to run task
[2023-12-24T17:06:51.205+0000] {standard_task_runner.py:84} INFO - Running: ['***', 'tasks', 'run', 'read_s3_data', 'read_s3_data', 'scheduled__2022-10-21T00:00:00+00:00', '--job-id', '238', '--raw', '--subdir', 'DAGS_FOLDER/read.py', '--cfg-path', '/tmp/tmp5_3m15qa']
[2023-12-24T17:06:51.209+0000] {standard_task_runner.py:85} INFO - Job 238: Subtask read_s3_data
[2023-12-24T17:06:51.391+0000] {task_command.py:415} INFO - Running <TaskInstance: read_s3_data.read_s3_data scheduled__2022-10-21T00:00:00+00:00 [running]> on host 37dc6044b459
[2023-12-24T17:06:51.784+0000] {taskinstance.py:1660} INFO - Exporting env vars: AIRFLOW_CTX_DAG_OWNER='***' AIRFLOW_CTX_DAG_ID='read_s3_data' AIRFLOW_CTX_TASK_ID='read_s3_data' AIRFLOW_CTX_EXECUTION_DATE='2022-10-21T00:00:00+00:00' AIRFLOW_CTX_TRY_NUMBER='1' AIRFLOW_CTX_DAG_RUN_ID='scheduled__2022-10-21T00:00:00+00:00'
