[2023-04-19T12:35:29.504+0000] {taskinstance.py:1083} INFO - Dependencies all met for <TaskInstance: age_check.multiplication scheduled__2022-08-04T00:00:00+00:00 [queued]>
[2023-04-19T12:35:29.602+0000] {taskinstance.py:1083} INFO - Dependencies all met for <TaskInstance: age_check.multiplication scheduled__2022-08-04T00:00:00+00:00 [queued]>
[2023-04-19T12:35:29.605+0000] {taskinstance.py:1279} INFO - 
--------------------------------------------------------------------------------
[2023-04-19T12:35:29.609+0000] {taskinstance.py:1280} INFO - Starting attempt 1 of 4
[2023-04-19T12:35:29.610+0000] {taskinstance.py:1281} INFO - 
--------------------------------------------------------------------------------
[2023-04-19T12:35:30.661+0000] {taskinstance.py:1300} INFO - Executing <Task(PythonOperator): multiplication> on 2022-08-04 00:00:00+00:00
[2023-04-19T12:35:30.806+0000] {standard_task_runner.py:55} INFO - Started process 21113 to run task
[2023-04-19T12:35:30.965+0000] {standard_task_runner.py:82} INFO - Running: ['***', 'tasks', 'run', 'age_check', 'multiplication', 'scheduled__2022-08-04T00:00:00+00:00', '--job-id', '443', '--raw', '--subdir', 'DAGS_FOLDER/age.py', '--cfg-path', '/tmp/tmpxsv54kmp']
[2023-04-19T12:35:31.010+0000] {standard_task_runner.py:83} INFO - Job 443: Subtask multiplication
[2023-04-19T12:35:32.118+0000] {task_command.py:388} INFO - Running <TaskInstance: age_check.multiplication scheduled__2022-08-04T00:00:00+00:00 [running]> on host fe34f61acbb3
[2023-04-19T12:35:32.643+0000] {taskinstance.py:1509} INFO - Exporting the following env vars:
AIRFLOW_CTX_DAG_OWNER=***
AIRFLOW_CTX_DAG_ID=age_check
AIRFLOW_CTX_TASK_ID=multiplication
AIRFLOW_CTX_EXECUTION_DATE=2022-08-04T00:00:00+00:00
AIRFLOW_CTX_TRY_NUMBER=1
AIRFLOW_CTX_DAG_RUN_ID=scheduled__2022-08-04T00:00:00+00:00
[2023-04-19T12:35:32.647+0000] {logging_mixin.py:137} INFO - 25
[2023-04-19T12:35:32.649+0000] {python.py:177} INFO - Done. Returned value was: None
[2023-04-19T12:35:32.667+0000] {taskinstance.py:1323} INFO - Marking task as SUCCESS. dag_id=age_check, task_id=multiplication, execution_date=20220804T000000, start_date=20230419T123529, end_date=20230419T123532
[2023-04-19T12:35:32.745+0000] {local_task_job.py:208} INFO - Task exited with return code 0
[2023-04-19T12:35:33.010+0000] {taskinstance.py:2578} INFO - 1 downstream tasks scheduled from follow-on schedule check
[2023-05-17T09:51:27.595+0000] {taskinstance.py:1083} INFO - Dependencies all met for <TaskInstance: age_check.multiplication scheduled__2022-08-04T00:00:00+00:00 [queued]>
[2023-05-17T09:51:27.674+0000] {taskinstance.py:1083} INFO - Dependencies all met for <TaskInstance: age_check.multiplication scheduled__2022-08-04T00:00:00+00:00 [queued]>
[2023-05-17T09:51:27.683+0000] {taskinstance.py:1279} INFO - 
--------------------------------------------------------------------------------
[2023-05-17T09:51:27.688+0000] {taskinstance.py:1280} INFO - Starting attempt 1 of 4
[2023-05-17T09:51:27.693+0000] {taskinstance.py:1281} INFO - 
--------------------------------------------------------------------------------
[2023-05-17T09:51:28.088+0000] {taskinstance.py:1300} INFO - Executing <Task(PythonOperator): multiplication> on 2022-08-04 00:00:00+00:00
[2023-05-17T09:51:28.093+0000] {standard_task_runner.py:55} INFO - Started process 3810 to run task
[2023-05-17T09:51:28.113+0000] {standard_task_runner.py:82} INFO - Running: ['***', 'tasks', 'run', 'age_check', 'multiplication', 'scheduled__2022-08-04T00:00:00+00:00', '--job-id', '11', '--raw', '--subdir', 'DAGS_FOLDER/age.py', '--cfg-path', '/tmp/tmph_5bwj4_']
[2023-05-17T09:51:28.115+0000] {standard_task_runner.py:83} INFO - Job 11: Subtask multiplication
[2023-05-17T09:51:28.550+0000] {task_command.py:388} INFO - Running <TaskInstance: age_check.multiplication scheduled__2022-08-04T00:00:00+00:00 [running]> on host 242f95e3e8a8
[2023-05-17T09:51:29.295+0000] {taskinstance.py:1509} INFO - Exporting the following env vars:
AIRFLOW_CTX_DAG_OWNER=***
AIRFLOW_CTX_DAG_ID=age_check
AIRFLOW_CTX_TASK_ID=multiplication
AIRFLOW_CTX_EXECUTION_DATE=2022-08-04T00:00:00+00:00
AIRFLOW_CTX_TRY_NUMBER=1
AIRFLOW_CTX_DAG_RUN_ID=scheduled__2022-08-04T00:00:00+00:00
[2023-05-17T09:51:29.299+0000] {logging_mixin.py:137} INFO - 25
[2023-05-17T09:51:29.300+0000] {python.py:177} INFO - Done. Returned value was: None
[2023-05-17T09:51:29.436+0000] {taskinstance.py:1323} INFO - Marking task as SUCCESS. dag_id=age_check, task_id=multiplication, execution_date=20220804T000000, start_date=20230517T095127, end_date=20230517T095129
[2023-05-17T09:51:29.801+0000] {local_task_job.py:208} INFO - Task exited with return code 0
[2023-05-17T09:51:29.918+0000] {taskinstance.py:2578} INFO - 1 downstream tasks scheduled from follow-on schedule check
