[2023-05-24T01:16:29.602+0000] {processor.py:153} INFO - Started process (PID=29519) to work on /home/airflow/.local/lib/python3.7/site-packages/airflow/example_dags/example_task_group.py
[2023-05-24T01:16:29.603+0000] {processor.py:743} INFO - Processing file /home/airflow/.local/lib/python3.7/site-packages/airflow/example_dags/example_task_group.py for tasks to queue
[2023-05-24T01:16:29.604+0000] {logging_mixin.py:137} INFO - [2023-05-24T01:16:29.604+0000] {dagbag.py:538} INFO - Filling up the DagBag from /home/airflow/.local/lib/python3.7/site-packages/airflow/example_dags/example_task_group.py
[2023-05-24T01:16:29.618+0000] {processor.py:753} INFO - DAG(s) dict_keys(['example_task_group']) retrieved from /home/airflow/.local/lib/python3.7/site-packages/airflow/example_dags/example_task_group.py
[2023-05-24T01:16:29.645+0000] {logging_mixin.py:137} INFO - [2023-05-24T01:16:29.645+0000] {dag.py:2690} INFO - Sync 1 DAGs
[2023-05-24T01:16:29.665+0000] {logging_mixin.py:137} INFO - [2023-05-24T01:16:29.665+0000] {dag.py:3441} INFO - Setting next_dagrun for example_task_group to 2023-05-23T01:16:29.664809+00:00, run_after=2023-05-24T01:16:29.664809+00:00
[2023-05-24T01:16:29.740+0000] {processor.py:175} INFO - Processing /home/airflow/.local/lib/python3.7/site-packages/airflow/example_dags/example_task_group.py took 0.142 seconds
[2023-05-24T02:36:13.151+0000] {processor.py:153} INFO - Started process (PID=29589) to work on /home/airflow/.local/lib/python3.7/site-packages/airflow/example_dags/example_task_group.py
[2023-05-24T02:36:13.152+0000] {processor.py:743} INFO - Processing file /home/airflow/.local/lib/python3.7/site-packages/airflow/example_dags/example_task_group.py for tasks to queue
[2023-05-24T02:36:13.153+0000] {logging_mixin.py:137} INFO - [2023-05-24T02:36:13.153+0000] {dagbag.py:538} INFO - Filling up the DagBag from /home/airflow/.local/lib/python3.7/site-packages/airflow/example_dags/example_task_group.py
[2023-05-24T02:36:13.165+0000] {processor.py:753} INFO - DAG(s) dict_keys(['example_task_group']) retrieved from /home/airflow/.local/lib/python3.7/site-packages/airflow/example_dags/example_task_group.py
[2023-05-24T02:36:13.187+0000] {logging_mixin.py:137} INFO - [2023-05-24T02:36:13.187+0000] {dag.py:2690} INFO - Sync 1 DAGs
[2023-05-24T02:36:13.206+0000] {logging_mixin.py:137} INFO - [2023-05-24T02:36:13.206+0000] {dag.py:3441} INFO - Setting next_dagrun for example_task_group to 2023-05-23T02:36:13.206282+00:00, run_after=2023-05-24T02:36:13.206282+00:00
[2023-05-24T02:36:13.219+0000] {processor.py:175} INFO - Processing /home/airflow/.local/lib/python3.7/site-packages/airflow/example_dags/example_task_group.py took 0.071 seconds
[2023-05-24T04:18:01.825+0000] {processor.py:153} INFO - Started process (PID=29672) to work on /home/airflow/.local/lib/python3.7/site-packages/airflow/example_dags/example_task_group.py
[2023-05-24T04:18:01.827+0000] {processor.py:743} INFO - Processing file /home/airflow/.local/lib/python3.7/site-packages/airflow/example_dags/example_task_group.py for tasks to queue
[2023-05-24T04:18:01.828+0000] {logging_mixin.py:137} INFO - [2023-05-24T04:18:01.827+0000] {dagbag.py:538} INFO - Filling up the DagBag from /home/airflow/.local/lib/python3.7/site-packages/airflow/example_dags/example_task_group.py
[2023-05-24T04:18:01.839+0000] {processor.py:753} INFO - DAG(s) dict_keys(['example_task_group']) retrieved from /home/airflow/.local/lib/python3.7/site-packages/airflow/example_dags/example_task_group.py
[2023-05-24T04:18:01.859+0000] {logging_mixin.py:137} INFO - [2023-05-24T04:18:01.859+0000] {dag.py:2690} INFO - Sync 1 DAGs
[2023-05-24T04:18:01.874+0000] {logging_mixin.py:137} INFO - [2023-05-24T04:18:01.874+0000] {dag.py:3441} INFO - Setting next_dagrun for example_task_group to 2023-05-23T04:18:01.874243+00:00, run_after=2023-05-24T04:18:01.874243+00:00
[2023-05-24T04:18:01.886+0000] {processor.py:175} INFO - Processing /home/airflow/.local/lib/python3.7/site-packages/airflow/example_dags/example_task_group.py took 0.063 seconds
[2023-05-24T06:01:07.820+0000] {processor.py:153} INFO - Started process (PID=29753) to work on /home/airflow/.local/lib/python3.7/site-packages/airflow/example_dags/example_task_group.py
[2023-05-24T06:01:07.822+0000] {processor.py:743} INFO - Processing file /home/airflow/.local/lib/python3.7/site-packages/airflow/example_dags/example_task_group.py for tasks to queue
[2023-05-24T06:01:07.823+0000] {logging_mixin.py:137} INFO - [2023-05-24T06:01:07.823+0000] {dagbag.py:538} INFO - Filling up the DagBag from /home/airflow/.local/lib/python3.7/site-packages/airflow/example_dags/example_task_group.py
[2023-05-24T06:01:07.836+0000] {processor.py:753} INFO - DAG(s) dict_keys(['example_task_group']) retrieved from /home/airflow/.local/lib/python3.7/site-packages/airflow/example_dags/example_task_group.py
[2023-05-24T06:01:07.857+0000] {logging_mixin.py:137} INFO - [2023-05-24T06:01:07.857+0000] {dag.py:2690} INFO - Sync 1 DAGs
[2023-05-24T06:01:07.874+0000] {logging_mixin.py:137} INFO - [2023-05-24T06:01:07.874+0000] {dag.py:3441} INFO - Setting next_dagrun for example_task_group to 2023-05-23T06:01:07.874193+00:00, run_after=2023-05-24T06:01:07.874193+00:00
[2023-05-24T06:01:07.887+0000] {processor.py:175} INFO - Processing /home/airflow/.local/lib/python3.7/site-packages/airflow/example_dags/example_task_group.py took 0.070 seconds
[2023-05-24T07:25:40.728+0000] {processor.py:153} INFO - Started process (PID=29827) to work on /home/airflow/.local/lib/python3.7/site-packages/airflow/example_dags/example_task_group.py
[2023-05-24T07:25:40.730+0000] {processor.py:743} INFO - Processing file /home/airflow/.local/lib/python3.7/site-packages/airflow/example_dags/example_task_group.py for tasks to queue
[2023-05-24T07:25:40.731+0000] {logging_mixin.py:137} INFO - [2023-05-24T07:25:40.731+0000] {dagbag.py:538} INFO - Filling up the DagBag from /home/airflow/.local/lib/python3.7/site-packages/airflow/example_dags/example_task_group.py
[2023-05-24T07:25:40.748+0000] {processor.py:753} INFO - DAG(s) dict_keys(['example_task_group']) retrieved from /home/airflow/.local/lib/python3.7/site-packages/airflow/example_dags/example_task_group.py
[2023-05-24T07:25:40.786+0000] {logging_mixin.py:137} INFO - [2023-05-24T07:25:40.786+0000] {dag.py:2690} INFO - Sync 1 DAGs
[2023-05-24T07:25:40.804+0000] {logging_mixin.py:137} INFO - [2023-05-24T07:25:40.804+0000] {dag.py:3441} INFO - Setting next_dagrun for example_task_group to 2023-05-23T07:25:40.804152+00:00, run_after=2023-05-24T07:25:40.804152+00:00
[2023-05-24T07:25:40.818+0000] {processor.py:175} INFO - Processing /home/airflow/.local/lib/python3.7/site-packages/airflow/example_dags/example_task_group.py took 0.093 seconds
[2023-05-24T09:04:02.334+0000] {processor.py:153} INFO - Started process (PID=29910) to work on /home/airflow/.local/lib/python3.7/site-packages/airflow/example_dags/example_task_group.py
[2023-05-24T09:04:02.336+0000] {processor.py:743} INFO - Processing file /home/airflow/.local/lib/python3.7/site-packages/airflow/example_dags/example_task_group.py for tasks to queue
[2023-05-24T09:04:02.337+0000] {logging_mixin.py:137} INFO - [2023-05-24T09:04:02.337+0000] {dagbag.py:538} INFO - Filling up the DagBag from /home/airflow/.local/lib/python3.7/site-packages/airflow/example_dags/example_task_group.py
[2023-05-24T09:04:02.350+0000] {processor.py:753} INFO - DAG(s) dict_keys(['example_task_group']) retrieved from /home/airflow/.local/lib/python3.7/site-packages/airflow/example_dags/example_task_group.py
[2023-05-24T09:04:02.372+0000] {logging_mixin.py:137} INFO - [2023-05-24T09:04:02.372+0000] {dag.py:2690} INFO - Sync 1 DAGs
[2023-05-24T09:04:02.390+0000] {logging_mixin.py:137} INFO - [2023-05-24T09:04:02.390+0000] {dag.py:3441} INFO - Setting next_dagrun for example_task_group to 2023-05-23T09:04:02.389948+00:00, run_after=2023-05-24T09:04:02.389948+00:00
[2023-05-24T09:04:02.402+0000] {processor.py:175} INFO - Processing /home/airflow/.local/lib/python3.7/site-packages/airflow/example_dags/example_task_group.py took 0.070 seconds
[2023-05-24T10:28:13.868+0000] {processor.py:153} INFO - Started process (PID=29981) to work on /home/airflow/.local/lib/python3.7/site-packages/airflow/example_dags/example_task_group.py
[2023-05-24T10:28:13.870+0000] {processor.py:743} INFO - Processing file /home/airflow/.local/lib/python3.7/site-packages/airflow/example_dags/example_task_group.py for tasks to queue
[2023-05-24T10:28:13.871+0000] {logging_mixin.py:137} INFO - [2023-05-24T10:28:13.871+0000] {dagbag.py:538} INFO - Filling up the DagBag from /home/airflow/.local/lib/python3.7/site-packages/airflow/example_dags/example_task_group.py
[2023-05-24T10:28:13.884+0000] {processor.py:753} INFO - DAG(s) dict_keys(['example_task_group']) retrieved from /home/airflow/.local/lib/python3.7/site-packages/airflow/example_dags/example_task_group.py
[2023-05-24T10:28:13.906+0000] {logging_mixin.py:137} INFO - [2023-05-24T10:28:13.905+0000] {dag.py:2690} INFO - Sync 1 DAGs
[2023-05-24T10:28:13.922+0000] {logging_mixin.py:137} INFO - [2023-05-24T10:28:13.922+0000] {dag.py:3441} INFO - Setting next_dagrun for example_task_group to 2023-05-23T10:28:13.922446+00:00, run_after=2023-05-24T10:28:13.922446+00:00
[2023-05-24T10:28:13.935+0000] {processor.py:175} INFO - Processing /home/airflow/.local/lib/python3.7/site-packages/airflow/example_dags/example_task_group.py took 0.070 seconds
[2023-05-24T12:05:14.826+0000] {processor.py:153} INFO - Started process (PID=30064) to work on /home/airflow/.local/lib/python3.7/site-packages/airflow/example_dags/example_task_group.py
[2023-05-24T12:05:14.828+0000] {processor.py:743} INFO - Processing file /home/airflow/.local/lib/python3.7/site-packages/airflow/example_dags/example_task_group.py for tasks to queue
[2023-05-24T12:05:14.830+0000] {logging_mixin.py:137} INFO - [2023-05-24T12:05:14.830+0000] {dagbag.py:538} INFO - Filling up the DagBag from /home/airflow/.local/lib/python3.7/site-packages/airflow/example_dags/example_task_group.py
[2023-05-24T12:05:14.844+0000] {processor.py:753} INFO - DAG(s) dict_keys(['example_task_group']) retrieved from /home/airflow/.local/lib/python3.7/site-packages/airflow/example_dags/example_task_group.py
[2023-05-24T12:05:14.867+0000] {logging_mixin.py:137} INFO - [2023-05-24T12:05:14.867+0000] {dag.py:2690} INFO - Sync 1 DAGs
[2023-05-24T12:05:14.885+0000] {logging_mixin.py:137} INFO - [2023-05-24T12:05:14.885+0000] {dag.py:3441} INFO - Setting next_dagrun for example_task_group to 2023-05-23T12:05:14.885646+00:00, run_after=2023-05-24T12:05:14.885646+00:00
[2023-05-24T12:05:14.900+0000] {processor.py:175} INFO - Processing /home/airflow/.local/lib/python3.7/site-packages/airflow/example_dags/example_task_group.py took 0.076 seconds
[2023-05-24T13:46:41.301+0000] {processor.py:153} INFO - Started process (PID=30147) to work on /home/airflow/.local/lib/python3.7/site-packages/airflow/example_dags/example_task_group.py
[2023-05-24T13:46:41.311+0000] {processor.py:743} INFO - Processing file /home/airflow/.local/lib/python3.7/site-packages/airflow/example_dags/example_task_group.py for tasks to queue
[2023-05-24T13:46:41.328+0000] {logging_mixin.py:137} INFO - [2023-05-24T13:46:41.328+0000] {dagbag.py:538} INFO - Filling up the DagBag from /home/airflow/.local/lib/python3.7/site-packages/airflow/example_dags/example_task_group.py
[2023-05-24T13:46:41.348+0000] {processor.py:753} INFO - DAG(s) dict_keys(['example_task_group']) retrieved from /home/airflow/.local/lib/python3.7/site-packages/airflow/example_dags/example_task_group.py
[2023-05-24T13:46:41.383+0000] {logging_mixin.py:137} INFO - [2023-05-24T13:46:41.383+0000] {dag.py:2690} INFO - Sync 1 DAGs
[2023-05-24T13:46:41.409+0000] {logging_mixin.py:137} INFO - [2023-05-24T13:46:41.409+0000] {dag.py:3441} INFO - Setting next_dagrun for example_task_group to 2023-05-23T13:46:41.409017+00:00, run_after=2023-05-24T13:46:41.409017+00:00
[2023-05-24T13:46:41.443+0000] {processor.py:175} INFO - Processing /home/airflow/.local/lib/python3.7/site-packages/airflow/example_dags/example_task_group.py took 0.144 seconds
[2023-05-24T15:11:45.520+0000] {processor.py:153} INFO - Started process (PID=30218) to work on /home/airflow/.local/lib/python3.7/site-packages/airflow/example_dags/example_task_group.py
[2023-05-24T15:11:45.522+0000] {processor.py:743} INFO - Processing file /home/airflow/.local/lib/python3.7/site-packages/airflow/example_dags/example_task_group.py for tasks to queue
[2023-05-24T15:11:45.524+0000] {logging_mixin.py:137} INFO - [2023-05-24T15:11:45.523+0000] {dagbag.py:538} INFO - Filling up the DagBag from /home/airflow/.local/lib/python3.7/site-packages/airflow/example_dags/example_task_group.py
[2023-05-24T15:11:45.538+0000] {processor.py:753} INFO - DAG(s) dict_keys(['example_task_group']) retrieved from /home/airflow/.local/lib/python3.7/site-packages/airflow/example_dags/example_task_group.py
[2023-05-24T15:11:45.568+0000] {logging_mixin.py:137} INFO - [2023-05-24T15:11:45.568+0000] {dag.py:2690} INFO - Sync 1 DAGs
[2023-05-24T15:11:45.588+0000] {logging_mixin.py:137} INFO - [2023-05-24T15:11:45.588+0000] {dag.py:3441} INFO - Setting next_dagrun for example_task_group to 2023-05-23T15:11:45.588239+00:00, run_after=2023-05-24T15:11:45.588239+00:00
[2023-05-24T15:11:45.601+0000] {processor.py:175} INFO - Processing /home/airflow/.local/lib/python3.7/site-packages/airflow/example_dags/example_task_group.py took 0.084 seconds
[2023-05-24T15:33:53.984+0000] {processor.py:153} INFO - Started process (PID=30302) to work on /home/airflow/.local/lib/python3.7/site-packages/airflow/example_dags/example_task_group.py
[2023-05-24T15:33:53.986+0000] {processor.py:743} INFO - Processing file /home/airflow/.local/lib/python3.7/site-packages/airflow/example_dags/example_task_group.py for tasks to queue
[2023-05-24T15:33:53.990+0000] {logging_mixin.py:137} INFO - [2023-05-24T15:33:53.990+0000] {dagbag.py:538} INFO - Filling up the DagBag from /home/airflow/.local/lib/python3.7/site-packages/airflow/example_dags/example_task_group.py
[2023-05-24T15:33:54.016+0000] {processor.py:753} INFO - DAG(s) dict_keys(['example_task_group']) retrieved from /home/airflow/.local/lib/python3.7/site-packages/airflow/example_dags/example_task_group.py
[2023-05-24T15:33:54.064+0000] {logging_mixin.py:137} INFO - [2023-05-24T15:33:54.064+0000] {dag.py:2690} INFO - Sync 1 DAGs
[2023-05-24T15:33:54.100+0000] {logging_mixin.py:137} INFO - [2023-05-24T15:33:54.100+0000] {dag.py:3441} INFO - Setting next_dagrun for example_task_group to 2023-05-23T15:33:54.099849+00:00, run_after=2023-05-24T15:33:54.099849+00:00
[2023-05-24T15:33:54.155+0000] {processor.py:175} INFO - Processing /home/airflow/.local/lib/python3.7/site-packages/airflow/example_dags/example_task_group.py took 0.174 seconds
[2023-05-24T15:34:24.994+0000] {processor.py:153} INFO - Started process (PID=30385) to work on /home/airflow/.local/lib/python3.7/site-packages/airflow/example_dags/example_task_group.py
[2023-05-24T15:34:24.995+0000] {processor.py:743} INFO - Processing file /home/airflow/.local/lib/python3.7/site-packages/airflow/example_dags/example_task_group.py for tasks to queue
[2023-05-24T15:34:24.996+0000] {logging_mixin.py:137} INFO - [2023-05-24T15:34:24.996+0000] {dagbag.py:538} INFO - Filling up the DagBag from /home/airflow/.local/lib/python3.7/site-packages/airflow/example_dags/example_task_group.py
[2023-05-24T15:34:25.010+0000] {processor.py:753} INFO - DAG(s) dict_keys(['example_task_group']) retrieved from /home/airflow/.local/lib/python3.7/site-packages/airflow/example_dags/example_task_group.py
[2023-05-24T15:34:25.030+0000] {logging_mixin.py:137} INFO - [2023-05-24T15:34:25.030+0000] {dag.py:2690} INFO - Sync 1 DAGs
[2023-05-24T15:34:25.050+0000] {logging_mixin.py:137} INFO - [2023-05-24T15:34:25.050+0000] {dag.py:3441} INFO - Setting next_dagrun for example_task_group to 2023-05-23T15:34:25.049990+00:00, run_after=2023-05-24T15:34:25.049990+00:00
[2023-05-24T15:34:25.065+0000] {processor.py:175} INFO - Processing /home/airflow/.local/lib/python3.7/site-packages/airflow/example_dags/example_task_group.py took 0.074 seconds
[2023-05-24T15:34:55.100+0000] {processor.py:153} INFO - Started process (PID=30456) to work on /home/airflow/.local/lib/python3.7/site-packages/airflow/example_dags/example_task_group.py
[2023-05-24T15:34:55.102+0000] {processor.py:743} INFO - Processing file /home/airflow/.local/lib/python3.7/site-packages/airflow/example_dags/example_task_group.py for tasks to queue
[2023-05-24T15:34:55.103+0000] {logging_mixin.py:137} INFO - [2023-05-24T15:34:55.103+0000] {dagbag.py:538} INFO - Filling up the DagBag from /home/airflow/.local/lib/python3.7/site-packages/airflow/example_dags/example_task_group.py
[2023-05-24T15:34:55.114+0000] {processor.py:753} INFO - DAG(s) dict_keys(['example_task_group']) retrieved from /home/airflow/.local/lib/python3.7/site-packages/airflow/example_dags/example_task_group.py
[2023-05-24T15:34:55.135+0000] {logging_mixin.py:137} INFO - [2023-05-24T15:34:55.135+0000] {dag.py:2690} INFO - Sync 1 DAGs
[2023-05-24T15:34:55.150+0000] {logging_mixin.py:137} INFO - [2023-05-24T15:34:55.150+0000] {dag.py:3441} INFO - Setting next_dagrun for example_task_group to 2023-05-23T15:34:55.150480+00:00, run_after=2023-05-24T15:34:55.150480+00:00
[2023-05-24T15:34:55.161+0000] {processor.py:175} INFO - Processing /home/airflow/.local/lib/python3.7/site-packages/airflow/example_dags/example_task_group.py took 0.064 seconds
[2023-05-24T15:35:25.235+0000] {processor.py:153} INFO - Started process (PID=30539) to work on /home/airflow/.local/lib/python3.7/site-packages/airflow/example_dags/example_task_group.py
[2023-05-24T15:35:25.237+0000] {processor.py:743} INFO - Processing file /home/airflow/.local/lib/python3.7/site-packages/airflow/example_dags/example_task_group.py for tasks to queue
[2023-05-24T15:35:25.238+0000] {logging_mixin.py:137} INFO - [2023-05-24T15:35:25.238+0000] {dagbag.py:538} INFO - Filling up the DagBag from /home/airflow/.local/lib/python3.7/site-packages/airflow/example_dags/example_task_group.py
[2023-05-24T15:35:25.251+0000] {processor.py:753} INFO - DAG(s) dict_keys(['example_task_group']) retrieved from /home/airflow/.local/lib/python3.7/site-packages/airflow/example_dags/example_task_group.py
[2023-05-24T15:35:25.275+0000] {logging_mixin.py:137} INFO - [2023-05-24T15:35:25.275+0000] {dag.py:2690} INFO - Sync 1 DAGs
[2023-05-24T15:35:25.292+0000] {logging_mixin.py:137} INFO - [2023-05-24T15:35:25.292+0000] {dag.py:3441} INFO - Setting next_dagrun for example_task_group to 2023-05-23T15:35:25.292519+00:00, run_after=2023-05-24T15:35:25.292519+00:00
[2023-05-24T15:35:25.308+0000] {processor.py:175} INFO - Processing /home/airflow/.local/lib/python3.7/site-packages/airflow/example_dags/example_task_group.py took 0.076 seconds
[2023-05-24T15:35:56.558+0000] {processor.py:153} INFO - Started process (PID=30622) to work on /home/airflow/.local/lib/python3.7/site-packages/airflow/example_dags/example_task_group.py
[2023-05-24T15:35:56.560+0000] {processor.py:743} INFO - Processing file /home/airflow/.local/lib/python3.7/site-packages/airflow/example_dags/example_task_group.py for tasks to queue
[2023-05-24T15:35:56.560+0000] {logging_mixin.py:137} INFO - [2023-05-24T15:35:56.560+0000] {dagbag.py:538} INFO - Filling up the DagBag from /home/airflow/.local/lib/python3.7/site-packages/airflow/example_dags/example_task_group.py
[2023-05-24T15:35:56.573+0000] {processor.py:753} INFO - DAG(s) dict_keys(['example_task_group']) retrieved from /home/airflow/.local/lib/python3.7/site-packages/airflow/example_dags/example_task_group.py
[2023-05-24T15:35:56.594+0000] {logging_mixin.py:137} INFO - [2023-05-24T15:35:56.594+0000] {dag.py:2690} INFO - Sync 1 DAGs
[2023-05-24T15:35:56.613+0000] {logging_mixin.py:137} INFO - [2023-05-24T15:35:56.613+0000] {dag.py:3441} INFO - Setting next_dagrun for example_task_group to 2023-05-23T15:35:56.613106+00:00, run_after=2023-05-24T15:35:56.613106+00:00
[2023-05-24T15:35:56.629+0000] {processor.py:175} INFO - Processing /home/airflow/.local/lib/python3.7/site-packages/airflow/example_dags/example_task_group.py took 0.074 seconds
[2023-05-24T15:36:27.951+0000] {processor.py:153} INFO - Started process (PID=30693) to work on /home/airflow/.local/lib/python3.7/site-packages/airflow/example_dags/example_task_group.py
[2023-05-24T15:36:27.953+0000] {processor.py:743} INFO - Processing file /home/airflow/.local/lib/python3.7/site-packages/airflow/example_dags/example_task_group.py for tasks to queue
[2023-05-24T15:36:27.955+0000] {logging_mixin.py:137} INFO - [2023-05-24T15:36:27.955+0000] {dagbag.py:538} INFO - Filling up the DagBag from /home/airflow/.local/lib/python3.7/site-packages/airflow/example_dags/example_task_group.py
[2023-05-24T15:36:27.970+0000] {processor.py:753} INFO - DAG(s) dict_keys(['example_task_group']) retrieved from /home/airflow/.local/lib/python3.7/site-packages/airflow/example_dags/example_task_group.py
[2023-05-24T15:36:28.000+0000] {logging_mixin.py:137} INFO - [2023-05-24T15:36:27.999+0000] {dag.py:2690} INFO - Sync 1 DAGs
[2023-05-24T15:36:28.020+0000] {logging_mixin.py:137} INFO - [2023-05-24T15:36:28.020+0000] {dag.py:3441} INFO - Setting next_dagrun for example_task_group to 2023-05-23T15:36:28.020162+00:00, run_after=2023-05-24T15:36:28.020162+00:00
[2023-05-24T15:36:28.036+0000] {processor.py:175} INFO - Processing /home/airflow/.local/lib/python3.7/site-packages/airflow/example_dags/example_task_group.py took 0.088 seconds
[2023-05-24T16:14:24.444+0000] {processor.py:153} INFO - Started process (PID=30777) to work on /home/airflow/.local/lib/python3.7/site-packages/airflow/example_dags/example_task_group.py
[2023-05-24T16:14:24.446+0000] {processor.py:743} INFO - Processing file /home/airflow/.local/lib/python3.7/site-packages/airflow/example_dags/example_task_group.py for tasks to queue
[2023-05-24T16:14:24.447+0000] {logging_mixin.py:137} INFO - [2023-05-24T16:14:24.447+0000] {dagbag.py:538} INFO - Filling up the DagBag from /home/airflow/.local/lib/python3.7/site-packages/airflow/example_dags/example_task_group.py
[2023-05-24T16:14:24.460+0000] {processor.py:753} INFO - DAG(s) dict_keys(['example_task_group']) retrieved from /home/airflow/.local/lib/python3.7/site-packages/airflow/example_dags/example_task_group.py
[2023-05-24T16:14:24.480+0000] {logging_mixin.py:137} INFO - [2023-05-24T16:14:24.480+0000] {dag.py:2690} INFO - Sync 1 DAGs
[2023-05-24T16:14:24.498+0000] {logging_mixin.py:137} INFO - [2023-05-24T16:14:24.498+0000] {dag.py:3441} INFO - Setting next_dagrun for example_task_group to 2023-05-23T16:14:24.497802+00:00, run_after=2023-05-24T16:14:24.497802+00:00
[2023-05-24T16:14:24.513+0000] {processor.py:175} INFO - Processing /home/airflow/.local/lib/python3.7/site-packages/airflow/example_dags/example_task_group.py took 0.071 seconds
[2023-05-24T17:50:12.695+0000] {processor.py:153} INFO - Started process (PID=30848) to work on /home/airflow/.local/lib/python3.7/site-packages/airflow/example_dags/example_task_group.py
[2023-05-24T17:50:12.698+0000] {processor.py:743} INFO - Processing file /home/airflow/.local/lib/python3.7/site-packages/airflow/example_dags/example_task_group.py for tasks to queue
[2023-05-24T17:50:12.699+0000] {logging_mixin.py:137} INFO - [2023-05-24T17:50:12.699+0000] {dagbag.py:538} INFO - Filling up the DagBag from /home/airflow/.local/lib/python3.7/site-packages/airflow/example_dags/example_task_group.py
[2023-05-24T17:50:12.717+0000] {processor.py:753} INFO - DAG(s) dict_keys(['example_task_group']) retrieved from /home/airflow/.local/lib/python3.7/site-packages/airflow/example_dags/example_task_group.py
[2023-05-24T17:50:12.745+0000] {logging_mixin.py:137} INFO - [2023-05-24T17:50:12.745+0000] {dag.py:2690} INFO - Sync 1 DAGs
[2023-05-24T17:50:12.767+0000] {logging_mixin.py:137} INFO - [2023-05-24T17:50:12.766+0000] {dag.py:3441} INFO - Setting next_dagrun for example_task_group to 2023-05-23T17:50:12.766695+00:00, run_after=2023-05-24T17:50:12.766695+00:00
[2023-05-24T17:50:12.788+0000] {processor.py:175} INFO - Processing /home/airflow/.local/lib/python3.7/site-packages/airflow/example_dags/example_task_group.py took 0.100 seconds
[2023-05-24T19:13:18.168+0000] {processor.py:153} INFO - Started process (PID=30930) to work on /home/airflow/.local/lib/python3.7/site-packages/airflow/example_dags/example_task_group.py
[2023-05-24T19:13:18.169+0000] {processor.py:743} INFO - Processing file /home/airflow/.local/lib/python3.7/site-packages/airflow/example_dags/example_task_group.py for tasks to queue
[2023-05-24T19:13:18.171+0000] {logging_mixin.py:137} INFO - [2023-05-24T19:13:18.171+0000] {dagbag.py:538} INFO - Filling up the DagBag from /home/airflow/.local/lib/python3.7/site-packages/airflow/example_dags/example_task_group.py
[2023-05-24T19:13:18.183+0000] {processor.py:753} INFO - DAG(s) dict_keys(['example_task_group']) retrieved from /home/airflow/.local/lib/python3.7/site-packages/airflow/example_dags/example_task_group.py
[2023-05-24T19:13:18.205+0000] {logging_mixin.py:137} INFO - [2023-05-24T19:13:18.205+0000] {dag.py:2690} INFO - Sync 1 DAGs
[2023-05-24T19:13:18.223+0000] {logging_mixin.py:137} INFO - [2023-05-24T19:13:18.223+0000] {dag.py:3441} INFO - Setting next_dagrun for example_task_group to 2023-05-23T19:13:18.223326+00:00, run_after=2023-05-24T19:13:18.223326+00:00
[2023-05-24T19:13:18.235+0000] {processor.py:175} INFO - Processing /home/airflow/.local/lib/python3.7/site-packages/airflow/example_dags/example_task_group.py took 0.070 seconds
[2023-05-24T20:51:00.024+0000] {processor.py:153} INFO - Started process (PID=31001) to work on /home/airflow/.local/lib/python3.7/site-packages/airflow/example_dags/example_task_group.py
[2023-05-24T20:51:00.026+0000] {processor.py:743} INFO - Processing file /home/airflow/.local/lib/python3.7/site-packages/airflow/example_dags/example_task_group.py for tasks to queue
[2023-05-24T20:51:00.027+0000] {logging_mixin.py:137} INFO - [2023-05-24T20:51:00.027+0000] {dagbag.py:538} INFO - Filling up the DagBag from /home/airflow/.local/lib/python3.7/site-packages/airflow/example_dags/example_task_group.py
[2023-05-24T20:51:00.038+0000] {processor.py:753} INFO - DAG(s) dict_keys(['example_task_group']) retrieved from /home/airflow/.local/lib/python3.7/site-packages/airflow/example_dags/example_task_group.py
[2023-05-24T20:51:00.058+0000] {logging_mixin.py:137} INFO - [2023-05-24T20:51:00.058+0000] {dag.py:2690} INFO - Sync 1 DAGs
[2023-05-24T20:51:00.074+0000] {logging_mixin.py:137} INFO - [2023-05-24T20:51:00.074+0000] {dag.py:3441} INFO - Setting next_dagrun for example_task_group to 2023-05-23T20:51:00.073853+00:00, run_after=2023-05-24T20:51:00.073853+00:00
[2023-05-24T20:51:00.084+0000] {processor.py:175} INFO - Processing /home/airflow/.local/lib/python3.7/site-packages/airflow/example_dags/example_task_group.py took 0.063 seconds
[2023-05-24T22:32:06.803+0000] {processor.py:153} INFO - Started process (PID=31083) to work on /home/airflow/.local/lib/python3.7/site-packages/airflow/example_dags/example_task_group.py
[2023-05-24T22:32:06.805+0000] {processor.py:743} INFO - Processing file /home/airflow/.local/lib/python3.7/site-packages/airflow/example_dags/example_task_group.py for tasks to queue
[2023-05-24T22:32:06.807+0000] {logging_mixin.py:137} INFO - [2023-05-24T22:32:06.807+0000] {dagbag.py:538} INFO - Filling up the DagBag from /home/airflow/.local/lib/python3.7/site-packages/airflow/example_dags/example_task_group.py
[2023-05-24T22:32:06.820+0000] {processor.py:753} INFO - DAG(s) dict_keys(['example_task_group']) retrieved from /home/airflow/.local/lib/python3.7/site-packages/airflow/example_dags/example_task_group.py
[2023-05-24T22:32:06.840+0000] {logging_mixin.py:137} INFO - [2023-05-24T22:32:06.840+0000] {dag.py:2690} INFO - Sync 1 DAGs
[2023-05-24T22:32:06.860+0000] {logging_mixin.py:137} INFO - [2023-05-24T22:32:06.860+0000] {dag.py:3441} INFO - Setting next_dagrun for example_task_group to 2023-05-23T22:32:06.859929+00:00, run_after=2023-05-24T22:32:06.859929+00:00
[2023-05-24T22:32:06.877+0000] {processor.py:175} INFO - Processing /home/airflow/.local/lib/python3.7/site-packages/airflow/example_dags/example_task_group.py took 0.076 seconds
[2023-05-24T23:53:39.475+0000] {processor.py:153} INFO - Started process (PID=31166) to work on /home/airflow/.local/lib/python3.7/site-packages/airflow/example_dags/example_task_group.py
[2023-05-24T23:53:39.476+0000] {processor.py:743} INFO - Processing file /home/airflow/.local/lib/python3.7/site-packages/airflow/example_dags/example_task_group.py for tasks to queue
[2023-05-24T23:53:39.478+0000] {logging_mixin.py:137} INFO - [2023-05-24T23:53:39.478+0000] {dagbag.py:538} INFO - Filling up the DagBag from /home/airflow/.local/lib/python3.7/site-packages/airflow/example_dags/example_task_group.py
[2023-05-24T23:53:39.491+0000] {processor.py:753} INFO - DAG(s) dict_keys(['example_task_group']) retrieved from /home/airflow/.local/lib/python3.7/site-packages/airflow/example_dags/example_task_group.py
[2023-05-24T23:53:39.511+0000] {logging_mixin.py:137} INFO - [2023-05-24T23:53:39.510+0000] {dag.py:2690} INFO - Sync 1 DAGs
[2023-05-24T23:53:39.527+0000] {logging_mixin.py:137} INFO - [2023-05-24T23:53:39.527+0000] {dag.py:3441} INFO - Setting next_dagrun for example_task_group to 2023-05-23T23:53:39.527022+00:00, run_after=2023-05-24T23:53:39.527022+00:00
[2023-05-24T23:53:39.540+0000] {processor.py:175} INFO - Processing /home/airflow/.local/lib/python3.7/site-packages/airflow/example_dags/example_task_group.py took 0.068 seconds
