[2023-05-24T01:16:28.460+0000] {processor.py:153} INFO - Started process (PID=29502) to work on /home/airflow/.local/lib/python3.7/site-packages/airflow/example_dags/example_xcom.py
[2023-05-24T01:16:28.462+0000] {processor.py:743} INFO - Processing file /home/airflow/.local/lib/python3.7/site-packages/airflow/example_dags/example_xcom.py for tasks to queue
[2023-05-24T01:16:28.463+0000] {logging_mixin.py:137} INFO - [2023-05-24T01:16:28.463+0000] {dagbag.py:538} INFO - Filling up the DagBag from /home/airflow/.local/lib/python3.7/site-packages/airflow/example_dags/example_xcom.py
[2023-05-24T01:16:28.483+0000] {processor.py:753} INFO - DAG(s) dict_keys(['example_xcom']) retrieved from /home/airflow/.local/lib/python3.7/site-packages/airflow/example_dags/example_xcom.py
[2023-05-24T01:16:28.508+0000] {logging_mixin.py:137} INFO - [2023-05-24T01:16:28.508+0000] {dag.py:2690} INFO - Sync 1 DAGs
[2023-05-24T01:16:28.527+0000] {logging_mixin.py:137} INFO - [2023-05-24T01:16:28.527+0000] {dag.py:3441} INFO - Setting next_dagrun for example_xcom to 2021-01-01T00:00:00+00:00, run_after=2021-01-01T00:00:00+00:00
[2023-05-24T01:16:28.543+0000] {processor.py:175} INFO - Processing /home/airflow/.local/lib/python3.7/site-packages/airflow/example_dags/example_xcom.py took 0.087 seconds
[2023-05-24T02:36:12.107+0000] {processor.py:153} INFO - Started process (PID=29572) to work on /home/airflow/.local/lib/python3.7/site-packages/airflow/example_dags/example_xcom.py
[2023-05-24T02:36:12.109+0000] {processor.py:743} INFO - Processing file /home/airflow/.local/lib/python3.7/site-packages/airflow/example_dags/example_xcom.py for tasks to queue
[2023-05-24T02:36:12.110+0000] {logging_mixin.py:137} INFO - [2023-05-24T02:36:12.110+0000] {dagbag.py:538} INFO - Filling up the DagBag from /home/airflow/.local/lib/python3.7/site-packages/airflow/example_dags/example_xcom.py
[2023-05-24T02:36:12.142+0000] {processor.py:753} INFO - DAG(s) dict_keys(['example_xcom']) retrieved from /home/airflow/.local/lib/python3.7/site-packages/airflow/example_dags/example_xcom.py
[2023-05-24T02:36:12.167+0000] {logging_mixin.py:137} INFO - [2023-05-24T02:36:12.167+0000] {dag.py:2690} INFO - Sync 1 DAGs
[2023-05-24T02:36:12.186+0000] {logging_mixin.py:137} INFO - [2023-05-24T02:36:12.186+0000] {dag.py:3441} INFO - Setting next_dagrun for example_xcom to 2021-01-01T00:00:00+00:00, run_after=2021-01-01T00:00:00+00:00
[2023-05-24T02:36:12.200+0000] {processor.py:175} INFO - Processing /home/airflow/.local/lib/python3.7/site-packages/airflow/example_dags/example_xcom.py took 0.099 seconds
[2023-05-24T04:18:00.840+0000] {processor.py:153} INFO - Started process (PID=29655) to work on /home/airflow/.local/lib/python3.7/site-packages/airflow/example_dags/example_xcom.py
[2023-05-24T04:18:00.842+0000] {processor.py:743} INFO - Processing file /home/airflow/.local/lib/python3.7/site-packages/airflow/example_dags/example_xcom.py for tasks to queue
[2023-05-24T04:18:00.843+0000] {logging_mixin.py:137} INFO - [2023-05-24T04:18:00.843+0000] {dagbag.py:538} INFO - Filling up the DagBag from /home/airflow/.local/lib/python3.7/site-packages/airflow/example_dags/example_xcom.py
[2023-05-24T04:18:00.861+0000] {processor.py:753} INFO - DAG(s) dict_keys(['example_xcom']) retrieved from /home/airflow/.local/lib/python3.7/site-packages/airflow/example_dags/example_xcom.py
[2023-05-24T04:18:00.882+0000] {logging_mixin.py:137} INFO - [2023-05-24T04:18:00.882+0000] {dag.py:2690} INFO - Sync 1 DAGs
[2023-05-24T04:18:00.898+0000] {logging_mixin.py:137} INFO - [2023-05-24T04:18:00.898+0000] {dag.py:3441} INFO - Setting next_dagrun for example_xcom to 2021-01-01T00:00:00+00:00, run_after=2021-01-01T00:00:00+00:00
[2023-05-24T04:18:00.911+0000] {processor.py:175} INFO - Processing /home/airflow/.local/lib/python3.7/site-packages/airflow/example_dags/example_xcom.py took 0.073 seconds
[2023-05-24T06:01:06.597+0000] {processor.py:153} INFO - Started process (PID=29727) to work on /home/airflow/.local/lib/python3.7/site-packages/airflow/example_dags/example_xcom.py
[2023-05-24T06:01:06.601+0000] {processor.py:743} INFO - Processing file /home/airflow/.local/lib/python3.7/site-packages/airflow/example_dags/example_xcom.py for tasks to queue
[2023-05-24T06:01:06.608+0000] {logging_mixin.py:137} INFO - [2023-05-24T06:01:06.608+0000] {dagbag.py:538} INFO - Filling up the DagBag from /home/airflow/.local/lib/python3.7/site-packages/airflow/example_dags/example_xcom.py
[2023-05-24T06:01:06.645+0000] {processor.py:753} INFO - DAG(s) dict_keys(['example_xcom']) retrieved from /home/airflow/.local/lib/python3.7/site-packages/airflow/example_dags/example_xcom.py
[2023-05-24T06:01:06.710+0000] {logging_mixin.py:137} INFO - [2023-05-24T06:01:06.710+0000] {dag.py:2690} INFO - Sync 1 DAGs
[2023-05-24T06:01:06.740+0000] {logging_mixin.py:137} INFO - [2023-05-24T06:01:06.740+0000] {dag.py:3441} INFO - Setting next_dagrun for example_xcom to 2021-01-01T00:00:00+00:00, run_after=2021-01-01T00:00:00+00:00
[2023-05-24T06:01:06.774+0000] {processor.py:175} INFO - Processing /home/airflow/.local/lib/python3.7/site-packages/airflow/example_dags/example_xcom.py took 0.185 seconds
[2023-05-24T07:25:39.728+0000] {processor.py:153} INFO - Started process (PID=29810) to work on /home/airflow/.local/lib/python3.7/site-packages/airflow/example_dags/example_xcom.py
[2023-05-24T07:25:39.730+0000] {processor.py:743} INFO - Processing file /home/airflow/.local/lib/python3.7/site-packages/airflow/example_dags/example_xcom.py for tasks to queue
[2023-05-24T07:25:39.731+0000] {logging_mixin.py:137} INFO - [2023-05-24T07:25:39.731+0000] {dagbag.py:538} INFO - Filling up the DagBag from /home/airflow/.local/lib/python3.7/site-packages/airflow/example_dags/example_xcom.py
[2023-05-24T07:25:39.751+0000] {processor.py:753} INFO - DAG(s) dict_keys(['example_xcom']) retrieved from /home/airflow/.local/lib/python3.7/site-packages/airflow/example_dags/example_xcom.py
[2023-05-24T07:25:39.776+0000] {logging_mixin.py:137} INFO - [2023-05-24T07:25:39.776+0000] {dag.py:2690} INFO - Sync 1 DAGs
[2023-05-24T07:25:39.794+0000] {logging_mixin.py:137} INFO - [2023-05-24T07:25:39.794+0000] {dag.py:3441} INFO - Setting next_dagrun for example_xcom to 2021-01-01T00:00:00+00:00, run_after=2021-01-01T00:00:00+00:00
[2023-05-24T07:25:39.807+0000] {processor.py:175} INFO - Processing /home/airflow/.local/lib/python3.7/site-packages/airflow/example_dags/example_xcom.py took 0.082 seconds
[2023-05-24T09:04:01.396+0000] {processor.py:153} INFO - Started process (PID=29893) to work on /home/airflow/.local/lib/python3.7/site-packages/airflow/example_dags/example_xcom.py
[2023-05-24T09:04:01.397+0000] {processor.py:743} INFO - Processing file /home/airflow/.local/lib/python3.7/site-packages/airflow/example_dags/example_xcom.py for tasks to queue
[2023-05-24T09:04:01.398+0000] {logging_mixin.py:137} INFO - [2023-05-24T09:04:01.398+0000] {dagbag.py:538} INFO - Filling up the DagBag from /home/airflow/.local/lib/python3.7/site-packages/airflow/example_dags/example_xcom.py
[2023-05-24T09:04:01.417+0000] {processor.py:753} INFO - DAG(s) dict_keys(['example_xcom']) retrieved from /home/airflow/.local/lib/python3.7/site-packages/airflow/example_dags/example_xcom.py
[2023-05-24T09:04:01.438+0000] {logging_mixin.py:137} INFO - [2023-05-24T09:04:01.438+0000] {dag.py:2690} INFO - Sync 1 DAGs
[2023-05-24T09:04:01.456+0000] {logging_mixin.py:137} INFO - [2023-05-24T09:04:01.456+0000] {dag.py:3441} INFO - Setting next_dagrun for example_xcom to 2021-01-01T00:00:00+00:00, run_after=2021-01-01T00:00:00+00:00
[2023-05-24T09:04:01.468+0000] {processor.py:175} INFO - Processing /home/airflow/.local/lib/python3.7/site-packages/airflow/example_dags/example_xcom.py took 0.075 seconds
[2023-05-24T10:28:12.868+0000] {processor.py:153} INFO - Started process (PID=29964) to work on /home/airflow/.local/lib/python3.7/site-packages/airflow/example_dags/example_xcom.py
[2023-05-24T10:28:12.870+0000] {processor.py:743} INFO - Processing file /home/airflow/.local/lib/python3.7/site-packages/airflow/example_dags/example_xcom.py for tasks to queue
[2023-05-24T10:28:12.872+0000] {logging_mixin.py:137} INFO - [2023-05-24T10:28:12.872+0000] {dagbag.py:538} INFO - Filling up the DagBag from /home/airflow/.local/lib/python3.7/site-packages/airflow/example_dags/example_xcom.py
[2023-05-24T10:28:12.896+0000] {processor.py:753} INFO - DAG(s) dict_keys(['example_xcom']) retrieved from /home/airflow/.local/lib/python3.7/site-packages/airflow/example_dags/example_xcom.py
[2023-05-24T10:28:12.920+0000] {logging_mixin.py:137} INFO - [2023-05-24T10:28:12.920+0000] {dag.py:2690} INFO - Sync 1 DAGs
[2023-05-24T10:28:12.939+0000] {logging_mixin.py:137} INFO - [2023-05-24T10:28:12.939+0000] {dag.py:3441} INFO - Setting next_dagrun for example_xcom to 2021-01-01T00:00:00+00:00, run_after=2021-01-01T00:00:00+00:00
[2023-05-24T10:28:12.960+0000] {processor.py:175} INFO - Processing /home/airflow/.local/lib/python3.7/site-packages/airflow/example_dags/example_xcom.py took 0.095 seconds
[2023-05-24T12:05:13.571+0000] {processor.py:153} INFO - Started process (PID=30047) to work on /home/airflow/.local/lib/python3.7/site-packages/airflow/example_dags/example_xcom.py
[2023-05-24T12:05:13.573+0000] {processor.py:743} INFO - Processing file /home/airflow/.local/lib/python3.7/site-packages/airflow/example_dags/example_xcom.py for tasks to queue
[2023-05-24T12:05:13.574+0000] {logging_mixin.py:137} INFO - [2023-05-24T12:05:13.574+0000] {dagbag.py:538} INFO - Filling up the DagBag from /home/airflow/.local/lib/python3.7/site-packages/airflow/example_dags/example_xcom.py
[2023-05-24T12:05:13.592+0000] {processor.py:753} INFO - DAG(s) dict_keys(['example_xcom']) retrieved from /home/airflow/.local/lib/python3.7/site-packages/airflow/example_dags/example_xcom.py
[2023-05-24T12:05:13.615+0000] {logging_mixin.py:137} INFO - [2023-05-24T12:05:13.614+0000] {dag.py:2690} INFO - Sync 1 DAGs
[2023-05-24T12:05:13.631+0000] {logging_mixin.py:137} INFO - [2023-05-24T12:05:13.631+0000] {dag.py:3441} INFO - Setting next_dagrun for example_xcom to 2021-01-01T00:00:00+00:00, run_after=2021-01-01T00:00:00+00:00
[2023-05-24T12:05:13.643+0000] {processor.py:175} INFO - Processing /home/airflow/.local/lib/python3.7/site-packages/airflow/example_dags/example_xcom.py took 0.075 seconds
[2023-05-24T13:46:38.577+0000] {processor.py:153} INFO - Started process (PID=30130) to work on /home/airflow/.local/lib/python3.7/site-packages/airflow/example_dags/example_xcom.py
[2023-05-24T13:46:38.610+0000] {processor.py:743} INFO - Processing file /home/airflow/.local/lib/python3.7/site-packages/airflow/example_dags/example_xcom.py for tasks to queue
[2023-05-24T13:46:38.646+0000] {logging_mixin.py:137} INFO - [2023-05-24T13:46:38.646+0000] {dagbag.py:538} INFO - Filling up the DagBag from /home/airflow/.local/lib/python3.7/site-packages/airflow/example_dags/example_xcom.py
[2023-05-24T13:46:38.774+0000] {processor.py:753} INFO - DAG(s) dict_keys(['example_xcom']) retrieved from /home/airflow/.local/lib/python3.7/site-packages/airflow/example_dags/example_xcom.py
[2023-05-24T13:46:38.860+0000] {logging_mixin.py:137} INFO - [2023-05-24T13:46:38.859+0000] {dag.py:2690} INFO - Sync 1 DAGs
[2023-05-24T13:46:38.925+0000] {logging_mixin.py:137} INFO - [2023-05-24T13:46:38.925+0000] {dag.py:3441} INFO - Setting next_dagrun for example_xcom to 2021-01-01T00:00:00+00:00, run_after=2021-01-01T00:00:00+00:00
[2023-05-24T13:46:38.962+0000] {processor.py:175} INFO - Processing /home/airflow/.local/lib/python3.7/site-packages/airflow/example_dags/example_xcom.py took 0.392 seconds
[2023-05-24T15:11:44.336+0000] {processor.py:153} INFO - Started process (PID=30201) to work on /home/airflow/.local/lib/python3.7/site-packages/airflow/example_dags/example_xcom.py
[2023-05-24T15:11:44.337+0000] {processor.py:743} INFO - Processing file /home/airflow/.local/lib/python3.7/site-packages/airflow/example_dags/example_xcom.py for tasks to queue
[2023-05-24T15:11:44.339+0000] {logging_mixin.py:137} INFO - [2023-05-24T15:11:44.339+0000] {dagbag.py:538} INFO - Filling up the DagBag from /home/airflow/.local/lib/python3.7/site-packages/airflow/example_dags/example_xcom.py
[2023-05-24T15:11:44.358+0000] {processor.py:753} INFO - DAG(s) dict_keys(['example_xcom']) retrieved from /home/airflow/.local/lib/python3.7/site-packages/airflow/example_dags/example_xcom.py
[2023-05-24T15:11:44.392+0000] {logging_mixin.py:137} INFO - [2023-05-24T15:11:44.392+0000] {dag.py:2690} INFO - Sync 1 DAGs
[2023-05-24T15:11:44.411+0000] {logging_mixin.py:137} INFO - [2023-05-24T15:11:44.410+0000] {dag.py:3441} INFO - Setting next_dagrun for example_xcom to 2021-01-01T00:00:00+00:00, run_after=2021-01-01T00:00:00+00:00
[2023-05-24T15:11:44.425+0000] {processor.py:175} INFO - Processing /home/airflow/.local/lib/python3.7/site-packages/airflow/example_dags/example_xcom.py took 0.094 seconds
[2023-05-24T15:33:52.620+0000] {processor.py:153} INFO - Started process (PID=30285) to work on /home/airflow/.local/lib/python3.7/site-packages/airflow/example_dags/example_xcom.py
[2023-05-24T15:33:52.631+0000] {processor.py:743} INFO - Processing file /home/airflow/.local/lib/python3.7/site-packages/airflow/example_dags/example_xcom.py for tasks to queue
[2023-05-24T15:33:52.633+0000] {logging_mixin.py:137} INFO - [2023-05-24T15:33:52.633+0000] {dagbag.py:538} INFO - Filling up the DagBag from /home/airflow/.local/lib/python3.7/site-packages/airflow/example_dags/example_xcom.py
[2023-05-24T15:33:52.669+0000] {processor.py:753} INFO - DAG(s) dict_keys(['example_xcom']) retrieved from /home/airflow/.local/lib/python3.7/site-packages/airflow/example_dags/example_xcom.py
[2023-05-24T15:33:52.727+0000] {logging_mixin.py:137} INFO - [2023-05-24T15:33:52.727+0000] {dag.py:2690} INFO - Sync 1 DAGs
[2023-05-24T15:33:52.770+0000] {logging_mixin.py:137} INFO - [2023-05-24T15:33:52.770+0000] {dag.py:3441} INFO - Setting next_dagrun for example_xcom to 2021-01-01T00:00:00+00:00, run_after=2021-01-01T00:00:00+00:00
[2023-05-24T15:33:52.876+0000] {processor.py:175} INFO - Processing /home/airflow/.local/lib/python3.7/site-packages/airflow/example_dags/example_xcom.py took 0.258 seconds
[2023-05-24T15:34:23.051+0000] {processor.py:153} INFO - Started process (PID=30356) to work on /home/airflow/.local/lib/python3.7/site-packages/airflow/example_dags/example_xcom.py
[2023-05-24T15:34:23.053+0000] {processor.py:743} INFO - Processing file /home/airflow/.local/lib/python3.7/site-packages/airflow/example_dags/example_xcom.py for tasks to queue
[2023-05-24T15:34:23.054+0000] {logging_mixin.py:137} INFO - [2023-05-24T15:34:23.054+0000] {dagbag.py:538} INFO - Filling up the DagBag from /home/airflow/.local/lib/python3.7/site-packages/airflow/example_dags/example_xcom.py
[2023-05-24T15:34:23.075+0000] {processor.py:753} INFO - DAG(s) dict_keys(['example_xcom']) retrieved from /home/airflow/.local/lib/python3.7/site-packages/airflow/example_dags/example_xcom.py
[2023-05-24T15:34:23.097+0000] {logging_mixin.py:137} INFO - [2023-05-24T15:34:23.097+0000] {dag.py:2690} INFO - Sync 1 DAGs
[2023-05-24T15:34:23.114+0000] {logging_mixin.py:137} INFO - [2023-05-24T15:34:23.114+0000] {dag.py:3441} INFO - Setting next_dagrun for example_xcom to 2021-01-01T00:00:00+00:00, run_after=2021-01-01T00:00:00+00:00
[2023-05-24T15:34:23.126+0000] {processor.py:175} INFO - Processing /home/airflow/.local/lib/python3.7/site-packages/airflow/example_dags/example_xcom.py took 0.079 seconds
[2023-05-24T15:34:54.066+0000] {processor.py:153} INFO - Started process (PID=30439) to work on /home/airflow/.local/lib/python3.7/site-packages/airflow/example_dags/example_xcom.py
[2023-05-24T15:34:54.068+0000] {processor.py:743} INFO - Processing file /home/airflow/.local/lib/python3.7/site-packages/airflow/example_dags/example_xcom.py for tasks to queue
[2023-05-24T15:34:54.069+0000] {logging_mixin.py:137} INFO - [2023-05-24T15:34:54.069+0000] {dagbag.py:538} INFO - Filling up the DagBag from /home/airflow/.local/lib/python3.7/site-packages/airflow/example_dags/example_xcom.py
[2023-05-24T15:34:54.087+0000] {processor.py:753} INFO - DAG(s) dict_keys(['example_xcom']) retrieved from /home/airflow/.local/lib/python3.7/site-packages/airflow/example_dags/example_xcom.py
[2023-05-24T15:34:54.113+0000] {logging_mixin.py:137} INFO - [2023-05-24T15:34:54.113+0000] {dag.py:2690} INFO - Sync 1 DAGs
[2023-05-24T15:34:54.133+0000] {logging_mixin.py:137} INFO - [2023-05-24T15:34:54.133+0000] {dag.py:3441} INFO - Setting next_dagrun for example_xcom to 2021-01-01T00:00:00+00:00, run_after=2021-01-01T00:00:00+00:00
[2023-05-24T15:34:54.148+0000] {processor.py:175} INFO - Processing /home/airflow/.local/lib/python3.7/site-packages/airflow/example_dags/example_xcom.py took 0.085 seconds
[2023-05-24T15:35:24.328+0000] {processor.py:153} INFO - Started process (PID=30522) to work on /home/airflow/.local/lib/python3.7/site-packages/airflow/example_dags/example_xcom.py
[2023-05-24T15:35:24.329+0000] {processor.py:743} INFO - Processing file /home/airflow/.local/lib/python3.7/site-packages/airflow/example_dags/example_xcom.py for tasks to queue
[2023-05-24T15:35:24.330+0000] {logging_mixin.py:137} INFO - [2023-05-24T15:35:24.330+0000] {dagbag.py:538} INFO - Filling up the DagBag from /home/airflow/.local/lib/python3.7/site-packages/airflow/example_dags/example_xcom.py
[2023-05-24T15:35:24.346+0000] {processor.py:753} INFO - DAG(s) dict_keys(['example_xcom']) retrieved from /home/airflow/.local/lib/python3.7/site-packages/airflow/example_dags/example_xcom.py
[2023-05-24T15:35:24.368+0000] {logging_mixin.py:137} INFO - [2023-05-24T15:35:24.368+0000] {dag.py:2690} INFO - Sync 1 DAGs
[2023-05-24T15:35:24.383+0000] {logging_mixin.py:137} INFO - [2023-05-24T15:35:24.383+0000] {dag.py:3441} INFO - Setting next_dagrun for example_xcom to 2021-01-01T00:00:00+00:00, run_after=2021-01-01T00:00:00+00:00
[2023-05-24T15:35:24.396+0000] {processor.py:175} INFO - Processing /home/airflow/.local/lib/python3.7/site-packages/airflow/example_dags/example_xcom.py took 0.071 seconds
[2023-05-24T15:35:55.575+0000] {processor.py:153} INFO - Started process (PID=30605) to work on /home/airflow/.local/lib/python3.7/site-packages/airflow/example_dags/example_xcom.py
[2023-05-24T15:35:55.576+0000] {processor.py:743} INFO - Processing file /home/airflow/.local/lib/python3.7/site-packages/airflow/example_dags/example_xcom.py for tasks to queue
[2023-05-24T15:35:55.577+0000] {logging_mixin.py:137} INFO - [2023-05-24T15:35:55.577+0000] {dagbag.py:538} INFO - Filling up the DagBag from /home/airflow/.local/lib/python3.7/site-packages/airflow/example_dags/example_xcom.py
[2023-05-24T15:35:55.596+0000] {processor.py:753} INFO - DAG(s) dict_keys(['example_xcom']) retrieved from /home/airflow/.local/lib/python3.7/site-packages/airflow/example_dags/example_xcom.py
[2023-05-24T15:35:55.620+0000] {logging_mixin.py:137} INFO - [2023-05-24T15:35:55.620+0000] {dag.py:2690} INFO - Sync 1 DAGs
[2023-05-24T15:35:55.640+0000] {logging_mixin.py:137} INFO - [2023-05-24T15:35:55.640+0000] {dag.py:3441} INFO - Setting next_dagrun for example_xcom to 2021-01-01T00:00:00+00:00, run_after=2021-01-01T00:00:00+00:00
[2023-05-24T15:35:55.655+0000] {processor.py:175} INFO - Processing /home/airflow/.local/lib/python3.7/site-packages/airflow/example_dags/example_xcom.py took 0.083 seconds
[2023-05-24T15:36:26.588+0000] {processor.py:153} INFO - Started process (PID=30676) to work on /home/airflow/.local/lib/python3.7/site-packages/airflow/example_dags/example_xcom.py
[2023-05-24T15:36:26.589+0000] {processor.py:743} INFO - Processing file /home/airflow/.local/lib/python3.7/site-packages/airflow/example_dags/example_xcom.py for tasks to queue
[2023-05-24T15:36:26.590+0000] {logging_mixin.py:137} INFO - [2023-05-24T15:36:26.590+0000] {dagbag.py:538} INFO - Filling up the DagBag from /home/airflow/.local/lib/python3.7/site-packages/airflow/example_dags/example_xcom.py
[2023-05-24T15:36:26.608+0000] {processor.py:753} INFO - DAG(s) dict_keys(['example_xcom']) retrieved from /home/airflow/.local/lib/python3.7/site-packages/airflow/example_dags/example_xcom.py
[2023-05-24T15:36:26.630+0000] {logging_mixin.py:137} INFO - [2023-05-24T15:36:26.630+0000] {dag.py:2690} INFO - Sync 1 DAGs
[2023-05-24T15:36:26.646+0000] {logging_mixin.py:137} INFO - [2023-05-24T15:36:26.646+0000] {dag.py:3441} INFO - Setting next_dagrun for example_xcom to 2021-01-01T00:00:00+00:00, run_after=2021-01-01T00:00:00+00:00
[2023-05-24T15:36:26.659+0000] {processor.py:175} INFO - Processing /home/airflow/.local/lib/python3.7/site-packages/airflow/example_dags/example_xcom.py took 0.073 seconds
[2023-05-24T16:14:23.399+0000] {processor.py:153} INFO - Started process (PID=30760) to work on /home/airflow/.local/lib/python3.7/site-packages/airflow/example_dags/example_xcom.py
[2023-05-24T16:14:23.401+0000] {processor.py:743} INFO - Processing file /home/airflow/.local/lib/python3.7/site-packages/airflow/example_dags/example_xcom.py for tasks to queue
[2023-05-24T16:14:23.403+0000] {logging_mixin.py:137} INFO - [2023-05-24T16:14:23.403+0000] {dagbag.py:538} INFO - Filling up the DagBag from /home/airflow/.local/lib/python3.7/site-packages/airflow/example_dags/example_xcom.py
[2023-05-24T16:14:23.425+0000] {processor.py:753} INFO - DAG(s) dict_keys(['example_xcom']) retrieved from /home/airflow/.local/lib/python3.7/site-packages/airflow/example_dags/example_xcom.py
[2023-05-24T16:14:23.447+0000] {logging_mixin.py:137} INFO - [2023-05-24T16:14:23.447+0000] {dag.py:2690} INFO - Sync 1 DAGs
[2023-05-24T16:14:23.465+0000] {logging_mixin.py:137} INFO - [2023-05-24T16:14:23.464+0000] {dag.py:3441} INFO - Setting next_dagrun for example_xcom to 2021-01-01T00:00:00+00:00, run_after=2021-01-01T00:00:00+00:00
[2023-05-24T16:14:23.477+0000] {processor.py:175} INFO - Processing /home/airflow/.local/lib/python3.7/site-packages/airflow/example_dags/example_xcom.py took 0.083 seconds
[2023-05-24T17:50:11.318+0000] {processor.py:153} INFO - Started process (PID=30831) to work on /home/airflow/.local/lib/python3.7/site-packages/airflow/example_dags/example_xcom.py
[2023-05-24T17:50:11.321+0000] {processor.py:743} INFO - Processing file /home/airflow/.local/lib/python3.7/site-packages/airflow/example_dags/example_xcom.py for tasks to queue
[2023-05-24T17:50:11.323+0000] {logging_mixin.py:137} INFO - [2023-05-24T17:50:11.323+0000] {dagbag.py:538} INFO - Filling up the DagBag from /home/airflow/.local/lib/python3.7/site-packages/airflow/example_dags/example_xcom.py
[2023-05-24T17:50:11.366+0000] {processor.py:753} INFO - DAG(s) dict_keys(['example_xcom']) retrieved from /home/airflow/.local/lib/python3.7/site-packages/airflow/example_dags/example_xcom.py
[2023-05-24T17:50:11.403+0000] {logging_mixin.py:137} INFO - [2023-05-24T17:50:11.403+0000] {dag.py:2690} INFO - Sync 1 DAGs
[2023-05-24T17:50:11.477+0000] {logging_mixin.py:137} INFO - [2023-05-24T17:50:11.477+0000] {dag.py:3441} INFO - Setting next_dagrun for example_xcom to 2021-01-01T00:00:00+00:00, run_after=2021-01-01T00:00:00+00:00
[2023-05-24T17:50:11.512+0000] {processor.py:175} INFO - Processing /home/airflow/.local/lib/python3.7/site-packages/airflow/example_dags/example_xcom.py took 0.199 seconds
[2023-05-24T19:13:17.125+0000] {processor.py:153} INFO - Started process (PID=30913) to work on /home/airflow/.local/lib/python3.7/site-packages/airflow/example_dags/example_xcom.py
[2023-05-24T19:13:17.126+0000] {processor.py:743} INFO - Processing file /home/airflow/.local/lib/python3.7/site-packages/airflow/example_dags/example_xcom.py for tasks to queue
[2023-05-24T19:13:17.128+0000] {logging_mixin.py:137} INFO - [2023-05-24T19:13:17.127+0000] {dagbag.py:538} INFO - Filling up the DagBag from /home/airflow/.local/lib/python3.7/site-packages/airflow/example_dags/example_xcom.py
[2023-05-24T19:13:17.145+0000] {processor.py:753} INFO - DAG(s) dict_keys(['example_xcom']) retrieved from /home/airflow/.local/lib/python3.7/site-packages/airflow/example_dags/example_xcom.py
[2023-05-24T19:13:17.167+0000] {logging_mixin.py:137} INFO - [2023-05-24T19:13:17.167+0000] {dag.py:2690} INFO - Sync 1 DAGs
[2023-05-24T19:13:17.185+0000] {logging_mixin.py:137} INFO - [2023-05-24T19:13:17.185+0000] {dag.py:3441} INFO - Setting next_dagrun for example_xcom to 2021-01-01T00:00:00+00:00, run_after=2021-01-01T00:00:00+00:00
[2023-05-24T19:13:17.201+0000] {processor.py:175} INFO - Processing /home/airflow/.local/lib/python3.7/site-packages/airflow/example_dags/example_xcom.py took 0.080 seconds
[2023-05-24T20:50:58.804+0000] {processor.py:153} INFO - Started process (PID=30984) to work on /home/airflow/.local/lib/python3.7/site-packages/airflow/example_dags/example_xcom.py
[2023-05-24T20:50:58.806+0000] {processor.py:743} INFO - Processing file /home/airflow/.local/lib/python3.7/site-packages/airflow/example_dags/example_xcom.py for tasks to queue
[2023-05-24T20:50:58.807+0000] {logging_mixin.py:137} INFO - [2023-05-24T20:50:58.807+0000] {dagbag.py:538} INFO - Filling up the DagBag from /home/airflow/.local/lib/python3.7/site-packages/airflow/example_dags/example_xcom.py
[2023-05-24T20:50:58.829+0000] {processor.py:753} INFO - DAG(s) dict_keys(['example_xcom']) retrieved from /home/airflow/.local/lib/python3.7/site-packages/airflow/example_dags/example_xcom.py
[2023-05-24T20:50:58.849+0000] {logging_mixin.py:137} INFO - [2023-05-24T20:50:58.849+0000] {dag.py:2690} INFO - Sync 1 DAGs
[2023-05-24T20:50:58.865+0000] {logging_mixin.py:137} INFO - [2023-05-24T20:50:58.865+0000] {dag.py:3441} INFO - Setting next_dagrun for example_xcom to 2021-01-01T00:00:00+00:00, run_after=2021-01-01T00:00:00+00:00
[2023-05-24T20:50:58.878+0000] {processor.py:175} INFO - Processing /home/airflow/.local/lib/python3.7/site-packages/airflow/example_dags/example_xcom.py took 0.077 seconds
[2023-05-24T22:32:05.729+0000] {processor.py:153} INFO - Started process (PID=31066) to work on /home/airflow/.local/lib/python3.7/site-packages/airflow/example_dags/example_xcom.py
[2023-05-24T22:32:05.731+0000] {processor.py:743} INFO - Processing file /home/airflow/.local/lib/python3.7/site-packages/airflow/example_dags/example_xcom.py for tasks to queue
[2023-05-24T22:32:05.732+0000] {logging_mixin.py:137} INFO - [2023-05-24T22:32:05.731+0000] {dagbag.py:538} INFO - Filling up the DagBag from /home/airflow/.local/lib/python3.7/site-packages/airflow/example_dags/example_xcom.py
[2023-05-24T22:32:05.750+0000] {processor.py:753} INFO - DAG(s) dict_keys(['example_xcom']) retrieved from /home/airflow/.local/lib/python3.7/site-packages/airflow/example_dags/example_xcom.py
[2023-05-24T22:32:05.774+0000] {logging_mixin.py:137} INFO - [2023-05-24T22:32:05.774+0000] {dag.py:2690} INFO - Sync 1 DAGs
[2023-05-24T22:32:05.793+0000] {logging_mixin.py:137} INFO - [2023-05-24T22:32:05.793+0000] {dag.py:3441} INFO - Setting next_dagrun for example_xcom to 2021-01-01T00:00:00+00:00, run_after=2021-01-01T00:00:00+00:00
[2023-05-24T22:32:05.810+0000] {processor.py:175} INFO - Processing /home/airflow/.local/lib/python3.7/site-packages/airflow/example_dags/example_xcom.py took 0.085 seconds
[2023-05-24T23:53:38.437+0000] {processor.py:153} INFO - Started process (PID=31149) to work on /home/airflow/.local/lib/python3.7/site-packages/airflow/example_dags/example_xcom.py
[2023-05-24T23:53:38.439+0000] {processor.py:743} INFO - Processing file /home/airflow/.local/lib/python3.7/site-packages/airflow/example_dags/example_xcom.py for tasks to queue
[2023-05-24T23:53:38.441+0000] {logging_mixin.py:137} INFO - [2023-05-24T23:53:38.440+0000] {dagbag.py:538} INFO - Filling up the DagBag from /home/airflow/.local/lib/python3.7/site-packages/airflow/example_dags/example_xcom.py
[2023-05-24T23:53:38.463+0000] {processor.py:753} INFO - DAG(s) dict_keys(['example_xcom']) retrieved from /home/airflow/.local/lib/python3.7/site-packages/airflow/example_dags/example_xcom.py
[2023-05-24T23:53:38.502+0000] {logging_mixin.py:137} INFO - [2023-05-24T23:53:38.502+0000] {dag.py:2690} INFO - Sync 1 DAGs
[2023-05-24T23:53:38.523+0000] {logging_mixin.py:137} INFO - [2023-05-24T23:53:38.523+0000] {dag.py:3441} INFO - Setting next_dagrun for example_xcom to 2021-01-01T00:00:00+00:00, run_after=2021-01-01T00:00:00+00:00
[2023-05-24T23:53:38.538+0000] {processor.py:175} INFO - Processing /home/airflow/.local/lib/python3.7/site-packages/airflow/example_dags/example_xcom.py took 0.103 seconds
