[2023-04-19T12:50:57.799+0000] {taskinstance.py:1083} INFO - Dependencies all met for <TaskInstance: age_check.minus scheduled__2023-03-21T00:00:00+00:00 [queued]>
[2023-04-19T12:50:57.940+0000] {taskinstance.py:1083} INFO - Dependencies all met for <TaskInstance: age_check.minus scheduled__2023-03-21T00:00:00+00:00 [queued]>
[2023-04-19T12:50:57.942+0000] {taskinstance.py:1279} INFO - 
--------------------------------------------------------------------------------
[2023-04-19T12:50:57.948+0000] {taskinstance.py:1280} INFO - Starting attempt 1 of 4
[2023-04-19T12:50:57.949+0000] {taskinstance.py:1281} INFO - 
--------------------------------------------------------------------------------
[2023-04-19T12:50:58.030+0000] {taskinstance.py:1300} INFO - Executing <Task(PythonOperator): minus> on 2023-03-21 00:00:00+00:00
[2023-04-19T12:50:58.153+0000] {standard_task_runner.py:55} INFO - Started process 25184 to run task
[2023-04-19T12:50:58.150+0000] {standard_task_runner.py:82} INFO - Running: ['***', 'tasks', 'run', 'age_check', 'minus', 'scheduled__2023-03-21T00:00:00+00:00', '--job-id', '2108', '--raw', '--subdir', 'DAGS_FOLDER/age.py', '--cfg-path', '/tmp/tmp6jjw_chb']
[2023-04-19T12:50:58.174+0000] {standard_task_runner.py:83} INFO - Job 2108: Subtask minus
[2023-04-19T12:50:58.596+0000] {task_command.py:388} INFO - Running <TaskInstance: age_check.minus scheduled__2023-03-21T00:00:00+00:00 [running]> on host fe34f61acbb3
[2023-04-19T12:50:59.084+0000] {taskinstance.py:1509} INFO - Exporting the following env vars:
AIRFLOW_CTX_DAG_OWNER=***
AIRFLOW_CTX_DAG_ID=age_check
AIRFLOW_CTX_TASK_ID=minus
AIRFLOW_CTX_EXECUTION_DATE=2023-03-21T00:00:00+00:00
AIRFLOW_CTX_TRY_NUMBER=1
AIRFLOW_CTX_DAG_RUN_ID=scheduled__2023-03-21T00:00:00+00:00
[2023-04-19T12:50:59.087+0000] {logging_mixin.py:137} INFO - 3
[2023-04-19T12:50:59.089+0000] {python.py:177} INFO - Done. Returned value was: None
[2023-04-19T12:50:59.133+0000] {taskinstance.py:1323} INFO - Marking task as SUCCESS. dag_id=age_check, task_id=minus, execution_date=20230321T000000, start_date=20230419T125057, end_date=20230419T125059
[2023-04-19T12:50:59.323+0000] {local_task_job.py:208} INFO - Task exited with return code 0
[2023-04-19T12:50:59.554+0000] {taskinstance.py:2578} INFO - 1 downstream tasks scheduled from follow-on schedule check
[2023-05-20T21:48:54.931+0000] {taskinstance.py:1083} INFO - Dependencies all met for <TaskInstance: age_check.minus scheduled__2023-03-21T00:00:00+00:00 [queued]>
[2023-05-20T21:48:54.957+0000] {taskinstance.py:1083} INFO - Dependencies all met for <TaskInstance: age_check.minus scheduled__2023-03-21T00:00:00+00:00 [queued]>
[2023-05-20T21:48:54.959+0000] {taskinstance.py:1279} INFO - 
--------------------------------------------------------------------------------
[2023-05-20T21:48:54.960+0000] {taskinstance.py:1280} INFO - Starting attempt 1 of 4
[2023-05-20T21:48:54.960+0000] {taskinstance.py:1281} INFO - 
--------------------------------------------------------------------------------
[2023-05-20T21:48:54.988+0000] {taskinstance.py:1300} INFO - Executing <Task(PythonOperator): minus> on 2023-03-21 00:00:00+00:00
[2023-05-20T21:48:54.996+0000] {standard_task_runner.py:55} INFO - Started process 1882 to run task
[2023-05-20T21:48:55.006+0000] {standard_task_runner.py:82} INFO - Running: ['***', 'tasks', 'run', 'age_check', 'minus', 'scheduled__2023-03-21T00:00:00+00:00', '--job-id', '1656', '--raw', '--subdir', 'DAGS_FOLDER/age.py', '--cfg-path', '/tmp/tmpfwkhy1b5']
[2023-05-20T21:48:55.007+0000] {standard_task_runner.py:83} INFO - Job 1656: Subtask minus
[2023-05-20T21:48:55.141+0000] {task_command.py:388} INFO - Running <TaskInstance: age_check.minus scheduled__2023-03-21T00:00:00+00:00 [running]> on host 242f95e3e8a8
[2023-05-20T21:48:55.313+0000] {taskinstance.py:1509} INFO - Exporting the following env vars:
AIRFLOW_CTX_DAG_OWNER=***
AIRFLOW_CTX_DAG_ID=age_check
AIRFLOW_CTX_TASK_ID=minus
AIRFLOW_CTX_EXECUTION_DATE=2023-03-21T00:00:00+00:00
AIRFLOW_CTX_TRY_NUMBER=1
AIRFLOW_CTX_DAG_RUN_ID=scheduled__2023-03-21T00:00:00+00:00
[2023-05-20T21:48:55.315+0000] {logging_mixin.py:137} INFO - 3
[2023-05-20T21:48:55.316+0000] {python.py:177} INFO - Done. Returned value was: None
[2023-05-20T21:48:55.338+0000] {taskinstance.py:1323} INFO - Marking task as SUCCESS. dag_id=age_check, task_id=minus, execution_date=20230321T000000, start_date=20230520T214854, end_date=20230520T214855
[2023-05-20T21:48:55.384+0000] {local_task_job.py:208} INFO - Task exited with return code 0
[2023-05-20T21:48:55.441+0000] {taskinstance.py:2578} INFO - 1 downstream tasks scheduled from follow-on schedule check
