[2024-01-21T00:27:02.332+0000] {processor.py:157} INFO - Started process (PID=39698) to work on /home/airflow/.local/lib/python3.11/site-packages/airflow/example_dags/example_bash_operator.py
[2024-01-21T00:27:02.334+0000] {processor.py:829} INFO - Processing file /home/airflow/.local/lib/python3.11/site-packages/airflow/example_dags/example_bash_operator.py for tasks to queue
[2024-01-21T00:27:02.336+0000] {logging_mixin.py:151} INFO - [2024-01-21T00:27:02.336+0000] {dagbag.py:539} INFO - Filling up the DagBag from /home/airflow/.local/lib/python3.11/site-packages/airflow/example_dags/example_bash_operator.py
[2024-01-21T00:27:02.347+0000] {processor.py:839} INFO - DAG(s) dict_keys(['example_bash_operator']) retrieved from /home/airflow/.local/lib/python3.11/site-packages/airflow/example_dags/example_bash_operator.py
[2024-01-21T00:27:02.382+0000] {logging_mixin.py:151} INFO - [2024-01-21T00:27:02.382+0000] {dag.py:2915} INFO - Sync 1 DAGs
[2024-01-21T00:27:02.438+0000] {logging_mixin.py:151} INFO - [2024-01-21T00:27:02.438+0000] {dag.py:3696} INFO - Setting next_dagrun for example_bash_operator to 2024-01-20T00:00:00+00:00, run_after=2024-01-21T00:00:00+00:00
[2024-01-21T00:27:02.483+0000] {processor.py:179} INFO - Processing /home/airflow/.local/lib/python3.11/site-packages/airflow/example_dags/example_bash_operator.py took 0.153 seconds
[2024-01-21T01:32:18.222+0000] {processor.py:157} INFO - Started process (PID=39758) to work on /home/airflow/.local/lib/python3.11/site-packages/airflow/example_dags/example_bash_operator.py
[2024-01-21T01:32:18.225+0000] {processor.py:829} INFO - Processing file /home/airflow/.local/lib/python3.11/site-packages/airflow/example_dags/example_bash_operator.py for tasks to queue
[2024-01-21T01:32:18.232+0000] {logging_mixin.py:151} INFO - [2024-01-21T01:32:18.231+0000] {dagbag.py:539} INFO - Filling up the DagBag from /home/airflow/.local/lib/python3.11/site-packages/airflow/example_dags/example_bash_operator.py
[2024-01-21T01:32:18.247+0000] {processor.py:839} INFO - DAG(s) dict_keys(['example_bash_operator']) retrieved from /home/airflow/.local/lib/python3.11/site-packages/airflow/example_dags/example_bash_operator.py
[2024-01-21T01:32:18.282+0000] {logging_mixin.py:151} INFO - [2024-01-21T01:32:18.281+0000] {dag.py:2915} INFO - Sync 1 DAGs
[2024-01-21T01:32:18.324+0000] {logging_mixin.py:151} INFO - [2024-01-21T01:32:18.318+0000] {dag.py:3696} INFO - Setting next_dagrun for example_bash_operator to 2024-01-20T00:00:00+00:00, run_after=2024-01-21T00:00:00+00:00
[2024-01-21T01:32:18.374+0000] {processor.py:179} INFO - Processing /home/airflow/.local/lib/python3.11/site-packages/airflow/example_dags/example_bash_operator.py took 0.156 seconds
[2024-01-21T02:36:54.197+0000] {processor.py:157} INFO - Started process (PID=39819) to work on /home/airflow/.local/lib/python3.11/site-packages/airflow/example_dags/example_bash_operator.py
[2024-01-21T02:36:54.199+0000] {processor.py:829} INFO - Processing file /home/airflow/.local/lib/python3.11/site-packages/airflow/example_dags/example_bash_operator.py for tasks to queue
[2024-01-21T02:36:54.201+0000] {logging_mixin.py:151} INFO - [2024-01-21T02:36:54.201+0000] {dagbag.py:539} INFO - Filling up the DagBag from /home/airflow/.local/lib/python3.11/site-packages/airflow/example_dags/example_bash_operator.py
[2024-01-21T02:36:54.210+0000] {processor.py:839} INFO - DAG(s) dict_keys(['example_bash_operator']) retrieved from /home/airflow/.local/lib/python3.11/site-packages/airflow/example_dags/example_bash_operator.py
[2024-01-21T02:36:54.236+0000] {logging_mixin.py:151} INFO - [2024-01-21T02:36:54.236+0000] {dag.py:2915} INFO - Sync 1 DAGs
[2024-01-21T02:36:54.258+0000] {logging_mixin.py:151} INFO - [2024-01-21T02:36:54.258+0000] {dag.py:3696} INFO - Setting next_dagrun for example_bash_operator to 2024-01-20T00:00:00+00:00, run_after=2024-01-21T00:00:00+00:00
[2024-01-21T02:36:54.283+0000] {processor.py:179} INFO - Processing /home/airflow/.local/lib/python3.11/site-packages/airflow/example_dags/example_bash_operator.py took 0.090 seconds
[2024-01-21T03:57:08.294+0000] {processor.py:157} INFO - Started process (PID=39879) to work on /home/airflow/.local/lib/python3.11/site-packages/airflow/example_dags/example_bash_operator.py
[2024-01-21T03:57:08.298+0000] {processor.py:829} INFO - Processing file /home/airflow/.local/lib/python3.11/site-packages/airflow/example_dags/example_bash_operator.py for tasks to queue
[2024-01-21T03:57:08.300+0000] {logging_mixin.py:151} INFO - [2024-01-21T03:57:08.300+0000] {dagbag.py:539} INFO - Filling up the DagBag from /home/airflow/.local/lib/python3.11/site-packages/airflow/example_dags/example_bash_operator.py
[2024-01-21T03:57:08.309+0000] {processor.py:839} INFO - DAG(s) dict_keys(['example_bash_operator']) retrieved from /home/airflow/.local/lib/python3.11/site-packages/airflow/example_dags/example_bash_operator.py
[2024-01-21T03:57:08.342+0000] {logging_mixin.py:151} INFO - [2024-01-21T03:57:08.342+0000] {dag.py:2915} INFO - Sync 1 DAGs
[2024-01-21T03:57:08.358+0000] {logging_mixin.py:151} INFO - [2024-01-21T03:57:08.358+0000] {dag.py:3696} INFO - Setting next_dagrun for example_bash_operator to 2024-01-20T00:00:00+00:00, run_after=2024-01-21T00:00:00+00:00
[2024-01-21T03:57:08.372+0000] {processor.py:179} INFO - Processing /home/airflow/.local/lib/python3.11/site-packages/airflow/example_dags/example_bash_operator.py took 0.081 seconds
[2024-01-21T04:47:06.663+0000] {processor.py:157} INFO - Started process (PID=39938) to work on /home/airflow/.local/lib/python3.11/site-packages/airflow/example_dags/example_bash_operator.py
[2024-01-21T04:47:06.667+0000] {processor.py:829} INFO - Processing file /home/airflow/.local/lib/python3.11/site-packages/airflow/example_dags/example_bash_operator.py for tasks to queue
[2024-01-21T04:47:06.669+0000] {logging_mixin.py:151} INFO - [2024-01-21T04:47:06.669+0000] {dagbag.py:539} INFO - Filling up the DagBag from /home/airflow/.local/lib/python3.11/site-packages/airflow/example_dags/example_bash_operator.py
[2024-01-21T04:47:06.678+0000] {processor.py:839} INFO - DAG(s) dict_keys(['example_bash_operator']) retrieved from /home/airflow/.local/lib/python3.11/site-packages/airflow/example_dags/example_bash_operator.py
[2024-01-21T04:47:06.714+0000] {logging_mixin.py:151} INFO - [2024-01-21T04:47:06.714+0000] {dag.py:2915} INFO - Sync 1 DAGs
[2024-01-21T04:47:06.751+0000] {logging_mixin.py:151} INFO - [2024-01-21T04:47:06.751+0000] {dag.py:3696} INFO - Setting next_dagrun for example_bash_operator to 2024-01-20T00:00:00+00:00, run_after=2024-01-21T00:00:00+00:00
[2024-01-21T04:47:06.784+0000] {processor.py:179} INFO - Processing /home/airflow/.local/lib/python3.11/site-packages/airflow/example_dags/example_bash_operator.py took 0.127 seconds
[2024-01-21T06:09:44.166+0000] {processor.py:157} INFO - Started process (PID=39991) to work on /home/airflow/.local/lib/python3.11/site-packages/airflow/example_dags/example_bash_operator.py
[2024-01-21T06:09:44.169+0000] {processor.py:829} INFO - Processing file /home/airflow/.local/lib/python3.11/site-packages/airflow/example_dags/example_bash_operator.py for tasks to queue
[2024-01-21T06:09:44.172+0000] {logging_mixin.py:151} INFO - [2024-01-21T06:09:44.171+0000] {dagbag.py:539} INFO - Filling up the DagBag from /home/airflow/.local/lib/python3.11/site-packages/airflow/example_dags/example_bash_operator.py
[2024-01-21T06:09:44.181+0000] {processor.py:839} INFO - DAG(s) dict_keys(['example_bash_operator']) retrieved from /home/airflow/.local/lib/python3.11/site-packages/airflow/example_dags/example_bash_operator.py
[2024-01-21T06:09:44.203+0000] {logging_mixin.py:151} INFO - [2024-01-21T06:09:44.203+0000] {dag.py:2915} INFO - Sync 1 DAGs
[2024-01-21T06:09:44.219+0000] {logging_mixin.py:151} INFO - [2024-01-21T06:09:44.219+0000] {dag.py:3696} INFO - Setting next_dagrun for example_bash_operator to 2024-01-20T00:00:00+00:00, run_after=2024-01-21T00:00:00+00:00
[2024-01-21T06:09:44.243+0000] {processor.py:179} INFO - Processing /home/airflow/.local/lib/python3.11/site-packages/airflow/example_dags/example_bash_operator.py took 0.079 seconds
[2024-01-21T07:34:23.461+0000] {processor.py:157} INFO - Started process (PID=40052) to work on /home/airflow/.local/lib/python3.11/site-packages/airflow/example_dags/example_bash_operator.py
[2024-01-21T07:34:23.466+0000] {processor.py:829} INFO - Processing file /home/airflow/.local/lib/python3.11/site-packages/airflow/example_dags/example_bash_operator.py for tasks to queue
[2024-01-21T07:34:23.469+0000] {logging_mixin.py:151} INFO - [2024-01-21T07:34:23.469+0000] {dagbag.py:539} INFO - Filling up the DagBag from /home/airflow/.local/lib/python3.11/site-packages/airflow/example_dags/example_bash_operator.py
[2024-01-21T07:34:23.477+0000] {processor.py:839} INFO - DAG(s) dict_keys(['example_bash_operator']) retrieved from /home/airflow/.local/lib/python3.11/site-packages/airflow/example_dags/example_bash_operator.py
[2024-01-21T07:34:23.502+0000] {logging_mixin.py:151} INFO - [2024-01-21T07:34:23.502+0000] {dag.py:2915} INFO - Sync 1 DAGs
[2024-01-21T07:34:23.519+0000] {logging_mixin.py:151} INFO - [2024-01-21T07:34:23.519+0000] {dag.py:3696} INFO - Setting next_dagrun for example_bash_operator to 2024-01-20T00:00:00+00:00, run_after=2024-01-21T00:00:00+00:00
[2024-01-21T07:34:23.532+0000] {processor.py:179} INFO - Processing /home/airflow/.local/lib/python3.11/site-packages/airflow/example_dags/example_bash_operator.py took 0.074 seconds
[2024-01-21T08:26:59.644+0000] {processor.py:157} INFO - Started process (PID=40112) to work on /home/airflow/.local/lib/python3.11/site-packages/airflow/example_dags/example_bash_operator.py
[2024-01-21T08:26:59.646+0000] {processor.py:829} INFO - Processing file /home/airflow/.local/lib/python3.11/site-packages/airflow/example_dags/example_bash_operator.py for tasks to queue
[2024-01-21T08:26:59.648+0000] {logging_mixin.py:151} INFO - [2024-01-21T08:26:59.647+0000] {dagbag.py:539} INFO - Filling up the DagBag from /home/airflow/.local/lib/python3.11/site-packages/airflow/example_dags/example_bash_operator.py
[2024-01-21T08:26:59.657+0000] {processor.py:839} INFO - DAG(s) dict_keys(['example_bash_operator']) retrieved from /home/airflow/.local/lib/python3.11/site-packages/airflow/example_dags/example_bash_operator.py
[2024-01-21T08:26:59.684+0000] {logging_mixin.py:151} INFO - [2024-01-21T08:26:59.684+0000] {dag.py:2915} INFO - Sync 1 DAGs
[2024-01-21T08:26:59.702+0000] {logging_mixin.py:151} INFO - [2024-01-21T08:26:59.702+0000] {dag.py:3696} INFO - Setting next_dagrun for example_bash_operator to 2024-01-20T00:00:00+00:00, run_after=2024-01-21T00:00:00+00:00
[2024-01-21T08:26:59.716+0000] {processor.py:179} INFO - Processing /home/airflow/.local/lib/python3.11/site-packages/airflow/example_dags/example_bash_operator.py took 0.075 seconds
[2024-01-21T08:27:30.316+0000] {processor.py:157} INFO - Started process (PID=40172) to work on /home/airflow/.local/lib/python3.11/site-packages/airflow/example_dags/example_bash_operator.py
[2024-01-21T08:27:30.317+0000] {processor.py:829} INFO - Processing file /home/airflow/.local/lib/python3.11/site-packages/airflow/example_dags/example_bash_operator.py for tasks to queue
[2024-01-21T08:27:30.319+0000] {logging_mixin.py:151} INFO - [2024-01-21T08:27:30.318+0000] {dagbag.py:539} INFO - Filling up the DagBag from /home/airflow/.local/lib/python3.11/site-packages/airflow/example_dags/example_bash_operator.py
[2024-01-21T08:27:30.329+0000] {processor.py:839} INFO - DAG(s) dict_keys(['example_bash_operator']) retrieved from /home/airflow/.local/lib/python3.11/site-packages/airflow/example_dags/example_bash_operator.py
[2024-01-21T08:27:30.357+0000] {logging_mixin.py:151} INFO - [2024-01-21T08:27:30.357+0000] {dag.py:2915} INFO - Sync 1 DAGs
[2024-01-21T08:27:30.379+0000] {logging_mixin.py:151} INFO - [2024-01-21T08:27:30.379+0000] {dag.py:3696} INFO - Setting next_dagrun for example_bash_operator to 2024-01-20T00:00:00+00:00, run_after=2024-01-21T00:00:00+00:00
[2024-01-21T08:27:30.402+0000] {processor.py:179} INFO - Processing /home/airflow/.local/lib/python3.11/site-packages/airflow/example_dags/example_bash_operator.py took 0.089 seconds
[2024-01-21T08:28:03.227+0000] {processor.py:157} INFO - Started process (PID=40238) to work on /home/airflow/.local/lib/python3.11/site-packages/airflow/example_dags/example_bash_operator.py
[2024-01-21T08:28:03.229+0000] {processor.py:829} INFO - Processing file /home/airflow/.local/lib/python3.11/site-packages/airflow/example_dags/example_bash_operator.py for tasks to queue
[2024-01-21T08:28:03.231+0000] {logging_mixin.py:151} INFO - [2024-01-21T08:28:03.230+0000] {dagbag.py:539} INFO - Filling up the DagBag from /home/airflow/.local/lib/python3.11/site-packages/airflow/example_dags/example_bash_operator.py
[2024-01-21T08:28:03.242+0000] {processor.py:839} INFO - DAG(s) dict_keys(['example_bash_operator']) retrieved from /home/airflow/.local/lib/python3.11/site-packages/airflow/example_dags/example_bash_operator.py
[2024-01-21T08:28:03.269+0000] {logging_mixin.py:151} INFO - [2024-01-21T08:28:03.268+0000] {dag.py:2915} INFO - Sync 1 DAGs
[2024-01-21T08:28:03.285+0000] {logging_mixin.py:151} INFO - [2024-01-21T08:28:03.285+0000] {dag.py:3696} INFO - Setting next_dagrun for example_bash_operator to 2024-01-20T00:00:00+00:00, run_after=2024-01-21T00:00:00+00:00
[2024-01-21T08:28:03.297+0000] {processor.py:179} INFO - Processing /home/airflow/.local/lib/python3.11/site-packages/airflow/example_dags/example_bash_operator.py took 0.073 seconds
[2024-01-21T08:28:33.878+0000] {processor.py:157} INFO - Started process (PID=40298) to work on /home/airflow/.local/lib/python3.11/site-packages/airflow/example_dags/example_bash_operator.py
[2024-01-21T08:28:33.880+0000] {processor.py:829} INFO - Processing file /home/airflow/.local/lib/python3.11/site-packages/airflow/example_dags/example_bash_operator.py for tasks to queue
[2024-01-21T08:28:33.883+0000] {logging_mixin.py:151} INFO - [2024-01-21T08:28:33.883+0000] {dagbag.py:539} INFO - Filling up the DagBag from /home/airflow/.local/lib/python3.11/site-packages/airflow/example_dags/example_bash_operator.py
[2024-01-21T08:28:33.892+0000] {processor.py:839} INFO - DAG(s) dict_keys(['example_bash_operator']) retrieved from /home/airflow/.local/lib/python3.11/site-packages/airflow/example_dags/example_bash_operator.py
[2024-01-21T08:28:33.913+0000] {logging_mixin.py:151} INFO - [2024-01-21T08:28:33.913+0000] {dag.py:2915} INFO - Sync 1 DAGs
[2024-01-21T08:28:33.931+0000] {logging_mixin.py:151} INFO - [2024-01-21T08:28:33.930+0000] {dag.py:3696} INFO - Setting next_dagrun for example_bash_operator to 2024-01-20T00:00:00+00:00, run_after=2024-01-21T00:00:00+00:00
[2024-01-21T08:28:33.945+0000] {processor.py:179} INFO - Processing /home/airflow/.local/lib/python3.11/site-packages/airflow/example_dags/example_bash_operator.py took 0.070 seconds
[2024-01-21T08:29:04.287+0000] {processor.py:157} INFO - Started process (PID=40358) to work on /home/airflow/.local/lib/python3.11/site-packages/airflow/example_dags/example_bash_operator.py
[2024-01-21T08:29:04.289+0000] {processor.py:829} INFO - Processing file /home/airflow/.local/lib/python3.11/site-packages/airflow/example_dags/example_bash_operator.py for tasks to queue
[2024-01-21T08:29:04.291+0000] {logging_mixin.py:151} INFO - [2024-01-21T08:29:04.290+0000] {dagbag.py:539} INFO - Filling up the DagBag from /home/airflow/.local/lib/python3.11/site-packages/airflow/example_dags/example_bash_operator.py
[2024-01-21T08:29:04.300+0000] {processor.py:839} INFO - DAG(s) dict_keys(['example_bash_operator']) retrieved from /home/airflow/.local/lib/python3.11/site-packages/airflow/example_dags/example_bash_operator.py
[2024-01-21T08:29:04.323+0000] {logging_mixin.py:151} INFO - [2024-01-21T08:29:04.323+0000] {dag.py:2915} INFO - Sync 1 DAGs
[2024-01-21T08:29:04.339+0000] {logging_mixin.py:151} INFO - [2024-01-21T08:29:04.339+0000] {dag.py:3696} INFO - Setting next_dagrun for example_bash_operator to 2024-01-20T00:00:00+00:00, run_after=2024-01-21T00:00:00+00:00
[2024-01-21T08:29:04.351+0000] {processor.py:179} INFO - Processing /home/airflow/.local/lib/python3.11/site-packages/airflow/example_dags/example_bash_operator.py took 0.066 seconds
[2024-01-21T08:29:35.263+0000] {processor.py:157} INFO - Started process (PID=40417) to work on /home/airflow/.local/lib/python3.11/site-packages/airflow/example_dags/example_bash_operator.py
[2024-01-21T08:29:35.266+0000] {processor.py:829} INFO - Processing file /home/airflow/.local/lib/python3.11/site-packages/airflow/example_dags/example_bash_operator.py for tasks to queue
[2024-01-21T08:29:35.268+0000] {logging_mixin.py:151} INFO - [2024-01-21T08:29:35.268+0000] {dagbag.py:539} INFO - Filling up the DagBag from /home/airflow/.local/lib/python3.11/site-packages/airflow/example_dags/example_bash_operator.py
[2024-01-21T08:29:35.277+0000] {processor.py:839} INFO - DAG(s) dict_keys(['example_bash_operator']) retrieved from /home/airflow/.local/lib/python3.11/site-packages/airflow/example_dags/example_bash_operator.py
[2024-01-21T08:29:35.300+0000] {logging_mixin.py:151} INFO - [2024-01-21T08:29:35.300+0000] {dag.py:2915} INFO - Sync 1 DAGs
[2024-01-21T08:29:35.314+0000] {logging_mixin.py:151} INFO - [2024-01-21T08:29:35.314+0000] {dag.py:3696} INFO - Setting next_dagrun for example_bash_operator to 2024-01-20T00:00:00+00:00, run_after=2024-01-21T00:00:00+00:00
[2024-01-21T08:29:35.328+0000] {processor.py:179} INFO - Processing /home/airflow/.local/lib/python3.11/site-packages/airflow/example_dags/example_bash_operator.py took 0.067 seconds
[2024-01-21T08:30:05.528+0000] {processor.py:157} INFO - Started process (PID=40477) to work on /home/airflow/.local/lib/python3.11/site-packages/airflow/example_dags/example_bash_operator.py
[2024-01-21T08:30:05.530+0000] {processor.py:829} INFO - Processing file /home/airflow/.local/lib/python3.11/site-packages/airflow/example_dags/example_bash_operator.py for tasks to queue
[2024-01-21T08:30:05.532+0000] {logging_mixin.py:151} INFO - [2024-01-21T08:30:05.532+0000] {dagbag.py:539} INFO - Filling up the DagBag from /home/airflow/.local/lib/python3.11/site-packages/airflow/example_dags/example_bash_operator.py
[2024-01-21T08:30:05.541+0000] {processor.py:839} INFO - DAG(s) dict_keys(['example_bash_operator']) retrieved from /home/airflow/.local/lib/python3.11/site-packages/airflow/example_dags/example_bash_operator.py
[2024-01-21T08:30:05.570+0000] {logging_mixin.py:151} INFO - [2024-01-21T08:30:05.570+0000] {dag.py:2915} INFO - Sync 1 DAGs
[2024-01-21T08:30:05.586+0000] {logging_mixin.py:151} INFO - [2024-01-21T08:30:05.586+0000] {dag.py:3696} INFO - Setting next_dagrun for example_bash_operator to 2024-01-20T00:00:00+00:00, run_after=2024-01-21T00:00:00+00:00
[2024-01-21T08:30:05.600+0000] {processor.py:179} INFO - Processing /home/airflow/.local/lib/python3.11/site-packages/airflow/example_dags/example_bash_operator.py took 0.074 seconds
[2024-01-21T08:30:36.087+0000] {processor.py:157} INFO - Started process (PID=40537) to work on /home/airflow/.local/lib/python3.11/site-packages/airflow/example_dags/example_bash_operator.py
[2024-01-21T08:30:36.090+0000] {processor.py:829} INFO - Processing file /home/airflow/.local/lib/python3.11/site-packages/airflow/example_dags/example_bash_operator.py for tasks to queue
[2024-01-21T08:30:36.092+0000] {logging_mixin.py:151} INFO - [2024-01-21T08:30:36.092+0000] {dagbag.py:539} INFO - Filling up the DagBag from /home/airflow/.local/lib/python3.11/site-packages/airflow/example_dags/example_bash_operator.py
[2024-01-21T08:30:36.101+0000] {processor.py:839} INFO - DAG(s) dict_keys(['example_bash_operator']) retrieved from /home/airflow/.local/lib/python3.11/site-packages/airflow/example_dags/example_bash_operator.py
[2024-01-21T08:30:36.125+0000] {logging_mixin.py:151} INFO - [2024-01-21T08:30:36.125+0000] {dag.py:2915} INFO - Sync 1 DAGs
[2024-01-21T08:30:36.141+0000] {logging_mixin.py:151} INFO - [2024-01-21T08:30:36.141+0000] {dag.py:3696} INFO - Setting next_dagrun for example_bash_operator to 2024-01-20T00:00:00+00:00, run_after=2024-01-21T00:00:00+00:00
[2024-01-21T08:30:36.154+0000] {processor.py:179} INFO - Processing /home/airflow/.local/lib/python3.11/site-packages/airflow/example_dags/example_bash_operator.py took 0.071 seconds
[2024-01-21T08:37:14.592+0000] {processor.py:157} INFO - Started process (PID=40597) to work on /home/airflow/.local/lib/python3.11/site-packages/airflow/example_dags/example_bash_operator.py
[2024-01-21T08:37:14.594+0000] {processor.py:829} INFO - Processing file /home/airflow/.local/lib/python3.11/site-packages/airflow/example_dags/example_bash_operator.py for tasks to queue
[2024-01-21T08:37:14.596+0000] {logging_mixin.py:151} INFO - [2024-01-21T08:37:14.595+0000] {dagbag.py:539} INFO - Filling up the DagBag from /home/airflow/.local/lib/python3.11/site-packages/airflow/example_dags/example_bash_operator.py
[2024-01-21T08:37:14.605+0000] {processor.py:839} INFO - DAG(s) dict_keys(['example_bash_operator']) retrieved from /home/airflow/.local/lib/python3.11/site-packages/airflow/example_dags/example_bash_operator.py
[2024-01-21T08:37:14.627+0000] {logging_mixin.py:151} INFO - [2024-01-21T08:37:14.626+0000] {dag.py:2915} INFO - Sync 1 DAGs
[2024-01-21T08:37:14.643+0000] {logging_mixin.py:151} INFO - [2024-01-21T08:37:14.643+0000] {dag.py:3696} INFO - Setting next_dagrun for example_bash_operator to 2024-01-20T00:00:00+00:00, run_after=2024-01-21T00:00:00+00:00
[2024-01-21T08:37:14.659+0000] {processor.py:179} INFO - Processing /home/airflow/.local/lib/python3.11/site-packages/airflow/example_dags/example_bash_operator.py took 0.070 seconds
[2024-01-21T08:37:45.593+0000] {processor.py:157} INFO - Started process (PID=40657) to work on /home/airflow/.local/lib/python3.11/site-packages/airflow/example_dags/example_bash_operator.py
[2024-01-21T08:37:45.596+0000] {processor.py:829} INFO - Processing file /home/airflow/.local/lib/python3.11/site-packages/airflow/example_dags/example_bash_operator.py for tasks to queue
[2024-01-21T08:37:45.599+0000] {logging_mixin.py:151} INFO - [2024-01-21T08:37:45.599+0000] {dagbag.py:539} INFO - Filling up the DagBag from /home/airflow/.local/lib/python3.11/site-packages/airflow/example_dags/example_bash_operator.py
[2024-01-21T08:37:45.611+0000] {processor.py:839} INFO - DAG(s) dict_keys(['example_bash_operator']) retrieved from /home/airflow/.local/lib/python3.11/site-packages/airflow/example_dags/example_bash_operator.py
[2024-01-21T08:37:45.650+0000] {logging_mixin.py:151} INFO - [2024-01-21T08:37:45.650+0000] {dag.py:2915} INFO - Sync 1 DAGs
[2024-01-21T08:37:45.683+0000] {logging_mixin.py:151} INFO - [2024-01-21T08:37:45.683+0000] {dag.py:3696} INFO - Setting next_dagrun for example_bash_operator to 2024-01-20T00:00:00+00:00, run_after=2024-01-21T00:00:00+00:00
[2024-01-21T08:37:45.715+0000] {processor.py:179} INFO - Processing /home/airflow/.local/lib/python3.11/site-packages/airflow/example_dags/example_bash_operator.py took 0.126 seconds
[2024-01-21T08:38:16.376+0000] {processor.py:157} INFO - Started process (PID=40717) to work on /home/airflow/.local/lib/python3.11/site-packages/airflow/example_dags/example_bash_operator.py
[2024-01-21T08:38:16.379+0000] {processor.py:829} INFO - Processing file /home/airflow/.local/lib/python3.11/site-packages/airflow/example_dags/example_bash_operator.py for tasks to queue
[2024-01-21T08:38:16.381+0000] {logging_mixin.py:151} INFO - [2024-01-21T08:38:16.381+0000] {dagbag.py:539} INFO - Filling up the DagBag from /home/airflow/.local/lib/python3.11/site-packages/airflow/example_dags/example_bash_operator.py
[2024-01-21T08:38:16.391+0000] {processor.py:839} INFO - DAG(s) dict_keys(['example_bash_operator']) retrieved from /home/airflow/.local/lib/python3.11/site-packages/airflow/example_dags/example_bash_operator.py
[2024-01-21T08:38:16.427+0000] {logging_mixin.py:151} INFO - [2024-01-21T08:38:16.427+0000] {dag.py:2915} INFO - Sync 1 DAGs
[2024-01-21T08:38:16.457+0000] {logging_mixin.py:151} INFO - [2024-01-21T08:38:16.457+0000] {dag.py:3696} INFO - Setting next_dagrun for example_bash_operator to 2024-01-20T00:00:00+00:00, run_after=2024-01-21T00:00:00+00:00
[2024-01-21T08:38:16.473+0000] {processor.py:179} INFO - Processing /home/airflow/.local/lib/python3.11/site-packages/airflow/example_dags/example_bash_operator.py took 0.100 seconds
[2024-01-21T08:38:46.796+0000] {processor.py:157} INFO - Started process (PID=40777) to work on /home/airflow/.local/lib/python3.11/site-packages/airflow/example_dags/example_bash_operator.py
[2024-01-21T08:38:46.799+0000] {processor.py:829} INFO - Processing file /home/airflow/.local/lib/python3.11/site-packages/airflow/example_dags/example_bash_operator.py for tasks to queue
[2024-01-21T08:38:46.800+0000] {logging_mixin.py:151} INFO - [2024-01-21T08:38:46.800+0000] {dagbag.py:539} INFO - Filling up the DagBag from /home/airflow/.local/lib/python3.11/site-packages/airflow/example_dags/example_bash_operator.py
[2024-01-21T08:38:46.810+0000] {processor.py:839} INFO - DAG(s) dict_keys(['example_bash_operator']) retrieved from /home/airflow/.local/lib/python3.11/site-packages/airflow/example_dags/example_bash_operator.py
[2024-01-21T08:38:46.984+0000] {logging_mixin.py:151} INFO - [2024-01-21T08:38:46.984+0000] {dag.py:2915} INFO - Sync 1 DAGs
[2024-01-21T08:38:47.008+0000] {logging_mixin.py:151} INFO - [2024-01-21T08:38:47.008+0000] {dag.py:3696} INFO - Setting next_dagrun for example_bash_operator to 2024-01-20T00:00:00+00:00, run_after=2024-01-21T00:00:00+00:00
[2024-01-21T08:38:47.073+0000] {processor.py:179} INFO - Processing /home/airflow/.local/lib/python3.11/site-packages/airflow/example_dags/example_bash_operator.py took 0.280 seconds
[2024-01-21T08:39:17.376+0000] {processor.py:157} INFO - Started process (PID=40837) to work on /home/airflow/.local/lib/python3.11/site-packages/airflow/example_dags/example_bash_operator.py
[2024-01-21T08:39:17.378+0000] {processor.py:829} INFO - Processing file /home/airflow/.local/lib/python3.11/site-packages/airflow/example_dags/example_bash_operator.py for tasks to queue
[2024-01-21T08:39:17.379+0000] {logging_mixin.py:151} INFO - [2024-01-21T08:39:17.379+0000] {dagbag.py:539} INFO - Filling up the DagBag from /home/airflow/.local/lib/python3.11/site-packages/airflow/example_dags/example_bash_operator.py
[2024-01-21T08:39:17.388+0000] {processor.py:839} INFO - DAG(s) dict_keys(['example_bash_operator']) retrieved from /home/airflow/.local/lib/python3.11/site-packages/airflow/example_dags/example_bash_operator.py
[2024-01-21T08:39:17.407+0000] {logging_mixin.py:151} INFO - [2024-01-21T08:39:17.407+0000] {dag.py:2915} INFO - Sync 1 DAGs
[2024-01-21T08:39:17.424+0000] {logging_mixin.py:151} INFO - [2024-01-21T08:39:17.424+0000] {dag.py:3696} INFO - Setting next_dagrun for example_bash_operator to 2024-01-20T00:00:00+00:00, run_after=2024-01-21T00:00:00+00:00
[2024-01-21T08:39:17.438+0000] {processor.py:179} INFO - Processing /home/airflow/.local/lib/python3.11/site-packages/airflow/example_dags/example_bash_operator.py took 0.064 seconds
[2024-01-21T08:39:47.818+0000] {processor.py:157} INFO - Started process (PID=40896) to work on /home/airflow/.local/lib/python3.11/site-packages/airflow/example_dags/example_bash_operator.py
[2024-01-21T08:39:47.820+0000] {processor.py:829} INFO - Processing file /home/airflow/.local/lib/python3.11/site-packages/airflow/example_dags/example_bash_operator.py for tasks to queue
[2024-01-21T08:39:47.822+0000] {logging_mixin.py:151} INFO - [2024-01-21T08:39:47.821+0000] {dagbag.py:539} INFO - Filling up the DagBag from /home/airflow/.local/lib/python3.11/site-packages/airflow/example_dags/example_bash_operator.py
[2024-01-21T08:39:47.830+0000] {processor.py:839} INFO - DAG(s) dict_keys(['example_bash_operator']) retrieved from /home/airflow/.local/lib/python3.11/site-packages/airflow/example_dags/example_bash_operator.py
[2024-01-21T08:39:47.850+0000] {logging_mixin.py:151} INFO - [2024-01-21T08:39:47.849+0000] {dag.py:2915} INFO - Sync 1 DAGs
[2024-01-21T08:39:47.866+0000] {logging_mixin.py:151} INFO - [2024-01-21T08:39:47.866+0000] {dag.py:3696} INFO - Setting next_dagrun for example_bash_operator to 2024-01-20T00:00:00+00:00, run_after=2024-01-21T00:00:00+00:00
[2024-01-21T08:39:47.883+0000] {processor.py:179} INFO - Processing /home/airflow/.local/lib/python3.11/site-packages/airflow/example_dags/example_bash_operator.py took 0.068 seconds
[2024-01-21T08:40:18.274+0000] {processor.py:157} INFO - Started process (PID=40956) to work on /home/airflow/.local/lib/python3.11/site-packages/airflow/example_dags/example_bash_operator.py
[2024-01-21T08:40:18.276+0000] {processor.py:829} INFO - Processing file /home/airflow/.local/lib/python3.11/site-packages/airflow/example_dags/example_bash_operator.py for tasks to queue
[2024-01-21T08:40:18.277+0000] {logging_mixin.py:151} INFO - [2024-01-21T08:40:18.277+0000] {dagbag.py:539} INFO - Filling up the DagBag from /home/airflow/.local/lib/python3.11/site-packages/airflow/example_dags/example_bash_operator.py
[2024-01-21T08:40:18.287+0000] {processor.py:839} INFO - DAG(s) dict_keys(['example_bash_operator']) retrieved from /home/airflow/.local/lib/python3.11/site-packages/airflow/example_dags/example_bash_operator.py
[2024-01-21T08:40:18.313+0000] {logging_mixin.py:151} INFO - [2024-01-21T08:40:18.313+0000] {dag.py:2915} INFO - Sync 1 DAGs
[2024-01-21T08:40:18.336+0000] {logging_mixin.py:151} INFO - [2024-01-21T08:40:18.336+0000] {dag.py:3696} INFO - Setting next_dagrun for example_bash_operator to 2024-01-20T00:00:00+00:00, run_after=2024-01-21T00:00:00+00:00
[2024-01-21T08:40:18.351+0000] {processor.py:179} INFO - Processing /home/airflow/.local/lib/python3.11/site-packages/airflow/example_dags/example_bash_operator.py took 0.079 seconds
[2024-01-21T08:40:48.809+0000] {processor.py:157} INFO - Started process (PID=41016) to work on /home/airflow/.local/lib/python3.11/site-packages/airflow/example_dags/example_bash_operator.py
[2024-01-21T08:40:48.811+0000] {processor.py:829} INFO - Processing file /home/airflow/.local/lib/python3.11/site-packages/airflow/example_dags/example_bash_operator.py for tasks to queue
[2024-01-21T08:40:48.812+0000] {logging_mixin.py:151} INFO - [2024-01-21T08:40:48.812+0000] {dagbag.py:539} INFO - Filling up the DagBag from /home/airflow/.local/lib/python3.11/site-packages/airflow/example_dags/example_bash_operator.py
[2024-01-21T08:40:48.821+0000] {processor.py:839} INFO - DAG(s) dict_keys(['example_bash_operator']) retrieved from /home/airflow/.local/lib/python3.11/site-packages/airflow/example_dags/example_bash_operator.py
[2024-01-21T08:40:48.845+0000] {logging_mixin.py:151} INFO - [2024-01-21T08:40:48.845+0000] {dag.py:2915} INFO - Sync 1 DAGs
[2024-01-21T08:40:48.862+0000] {logging_mixin.py:151} INFO - [2024-01-21T08:40:48.862+0000] {dag.py:3696} INFO - Setting next_dagrun for example_bash_operator to 2024-01-20T00:00:00+00:00, run_after=2024-01-21T00:00:00+00:00
[2024-01-21T08:40:48.877+0000] {processor.py:179} INFO - Processing /home/airflow/.local/lib/python3.11/site-packages/airflow/example_dags/example_bash_operator.py took 0.070 seconds
[2024-01-21T08:41:18.998+0000] {processor.py:157} INFO - Started process (PID=41075) to work on /home/airflow/.local/lib/python3.11/site-packages/airflow/example_dags/example_bash_operator.py
[2024-01-21T08:41:18.999+0000] {processor.py:829} INFO - Processing file /home/airflow/.local/lib/python3.11/site-packages/airflow/example_dags/example_bash_operator.py for tasks to queue
[2024-01-21T08:41:19.000+0000] {logging_mixin.py:151} INFO - [2024-01-21T08:41:19.000+0000] {dagbag.py:539} INFO - Filling up the DagBag from /home/airflow/.local/lib/python3.11/site-packages/airflow/example_dags/example_bash_operator.py
[2024-01-21T08:41:19.007+0000] {processor.py:839} INFO - DAG(s) dict_keys(['example_bash_operator']) retrieved from /home/airflow/.local/lib/python3.11/site-packages/airflow/example_dags/example_bash_operator.py
[2024-01-21T08:41:19.030+0000] {logging_mixin.py:151} INFO - [2024-01-21T08:41:19.030+0000] {dag.py:2915} INFO - Sync 1 DAGs
[2024-01-21T08:41:19.044+0000] {logging_mixin.py:151} INFO - [2024-01-21T08:41:19.044+0000] {dag.py:3696} INFO - Setting next_dagrun for example_bash_operator to 2024-01-20T00:00:00+00:00, run_after=2024-01-21T00:00:00+00:00
[2024-01-21T08:41:19.054+0000] {processor.py:179} INFO - Processing /home/airflow/.local/lib/python3.11/site-packages/airflow/example_dags/example_bash_operator.py took 0.059 seconds
[2024-01-21T08:41:49.686+0000] {processor.py:157} INFO - Started process (PID=41135) to work on /home/airflow/.local/lib/python3.11/site-packages/airflow/example_dags/example_bash_operator.py
[2024-01-21T08:41:49.689+0000] {processor.py:829} INFO - Processing file /home/airflow/.local/lib/python3.11/site-packages/airflow/example_dags/example_bash_operator.py for tasks to queue
[2024-01-21T08:41:49.691+0000] {logging_mixin.py:151} INFO - [2024-01-21T08:41:49.691+0000] {dagbag.py:539} INFO - Filling up the DagBag from /home/airflow/.local/lib/python3.11/site-packages/airflow/example_dags/example_bash_operator.py
[2024-01-21T08:41:49.705+0000] {processor.py:839} INFO - DAG(s) dict_keys(['example_bash_operator']) retrieved from /home/airflow/.local/lib/python3.11/site-packages/airflow/example_dags/example_bash_operator.py
[2024-01-21T08:41:49.730+0000] {logging_mixin.py:151} INFO - [2024-01-21T08:41:49.730+0000] {dag.py:2915} INFO - Sync 1 DAGs
[2024-01-21T08:41:49.745+0000] {logging_mixin.py:151} INFO - [2024-01-21T08:41:49.745+0000] {dag.py:3696} INFO - Setting next_dagrun for example_bash_operator to 2024-01-20T00:00:00+00:00, run_after=2024-01-21T00:00:00+00:00
[2024-01-21T08:41:49.758+0000] {processor.py:179} INFO - Processing /home/airflow/.local/lib/python3.11/site-packages/airflow/example_dags/example_bash_operator.py took 0.075 seconds
[2024-01-21T08:42:20.163+0000] {processor.py:157} INFO - Started process (PID=41195) to work on /home/airflow/.local/lib/python3.11/site-packages/airflow/example_dags/example_bash_operator.py
[2024-01-21T08:42:20.165+0000] {processor.py:829} INFO - Processing file /home/airflow/.local/lib/python3.11/site-packages/airflow/example_dags/example_bash_operator.py for tasks to queue
[2024-01-21T08:42:20.167+0000] {logging_mixin.py:151} INFO - [2024-01-21T08:42:20.166+0000] {dagbag.py:539} INFO - Filling up the DagBag from /home/airflow/.local/lib/python3.11/site-packages/airflow/example_dags/example_bash_operator.py
[2024-01-21T08:42:20.175+0000] {processor.py:839} INFO - DAG(s) dict_keys(['example_bash_operator']) retrieved from /home/airflow/.local/lib/python3.11/site-packages/airflow/example_dags/example_bash_operator.py
[2024-01-21T08:42:20.199+0000] {logging_mixin.py:151} INFO - [2024-01-21T08:42:20.199+0000] {dag.py:2915} INFO - Sync 1 DAGs
[2024-01-21T08:42:20.213+0000] {logging_mixin.py:151} INFO - [2024-01-21T08:42:20.213+0000] {dag.py:3696} INFO - Setting next_dagrun for example_bash_operator to 2024-01-20T00:00:00+00:00, run_after=2024-01-21T00:00:00+00:00
[2024-01-21T08:42:20.226+0000] {processor.py:179} INFO - Processing /home/airflow/.local/lib/python3.11/site-packages/airflow/example_dags/example_bash_operator.py took 0.067 seconds
[2024-01-21T08:42:50.501+0000] {processor.py:157} INFO - Started process (PID=41254) to work on /home/airflow/.local/lib/python3.11/site-packages/airflow/example_dags/example_bash_operator.py
[2024-01-21T08:42:50.503+0000] {processor.py:829} INFO - Processing file /home/airflow/.local/lib/python3.11/site-packages/airflow/example_dags/example_bash_operator.py for tasks to queue
[2024-01-21T08:42:50.504+0000] {logging_mixin.py:151} INFO - [2024-01-21T08:42:50.504+0000] {dagbag.py:539} INFO - Filling up the DagBag from /home/airflow/.local/lib/python3.11/site-packages/airflow/example_dags/example_bash_operator.py
[2024-01-21T08:42:50.513+0000] {processor.py:839} INFO - DAG(s) dict_keys(['example_bash_operator']) retrieved from /home/airflow/.local/lib/python3.11/site-packages/airflow/example_dags/example_bash_operator.py
[2024-01-21T08:42:50.532+0000] {logging_mixin.py:151} INFO - [2024-01-21T08:42:50.532+0000] {dag.py:2915} INFO - Sync 1 DAGs
[2024-01-21T08:42:50.546+0000] {logging_mixin.py:151} INFO - [2024-01-21T08:42:50.546+0000] {dag.py:3696} INFO - Setting next_dagrun for example_bash_operator to 2024-01-20T00:00:00+00:00, run_after=2024-01-21T00:00:00+00:00
[2024-01-21T08:42:50.558+0000] {processor.py:179} INFO - Processing /home/airflow/.local/lib/python3.11/site-packages/airflow/example_dags/example_bash_operator.py took 0.061 seconds
[2024-01-21T08:43:21.800+0000] {processor.py:157} INFO - Started process (PID=41314) to work on /home/airflow/.local/lib/python3.11/site-packages/airflow/example_dags/example_bash_operator.py
[2024-01-21T08:43:21.815+0000] {processor.py:829} INFO - Processing file /home/airflow/.local/lib/python3.11/site-packages/airflow/example_dags/example_bash_operator.py for tasks to queue
[2024-01-21T08:43:21.836+0000] {logging_mixin.py:151} INFO - [2024-01-21T08:43:21.829+0000] {dagbag.py:539} INFO - Filling up the DagBag from /home/airflow/.local/lib/python3.11/site-packages/airflow/example_dags/example_bash_operator.py
[2024-01-21T08:43:22.241+0000] {processor.py:839} INFO - DAG(s) dict_keys(['example_bash_operator']) retrieved from /home/airflow/.local/lib/python3.11/site-packages/airflow/example_dags/example_bash_operator.py
[2024-01-21T08:43:22.341+0000] {logging_mixin.py:151} INFO - [2024-01-21T08:43:22.340+0000] {dag.py:2915} INFO - Sync 1 DAGs
[2024-01-21T08:43:22.484+0000] {logging_mixin.py:151} INFO - [2024-01-21T08:43:22.483+0000] {dag.py:3696} INFO - Setting next_dagrun for example_bash_operator to 2024-01-20T00:00:00+00:00, run_after=2024-01-21T00:00:00+00:00
[2024-01-21T08:43:22.540+0000] {processor.py:179} INFO - Processing /home/airflow/.local/lib/python3.11/site-packages/airflow/example_dags/example_bash_operator.py took 0.741 seconds
[2024-01-21T08:43:53.193+0000] {processor.py:157} INFO - Started process (PID=41374) to work on /home/airflow/.local/lib/python3.11/site-packages/airflow/example_dags/example_bash_operator.py
[2024-01-21T08:43:53.197+0000] {processor.py:829} INFO - Processing file /home/airflow/.local/lib/python3.11/site-packages/airflow/example_dags/example_bash_operator.py for tasks to queue
[2024-01-21T08:43:53.200+0000] {logging_mixin.py:151} INFO - [2024-01-21T08:43:53.200+0000] {dagbag.py:539} INFO - Filling up the DagBag from /home/airflow/.local/lib/python3.11/site-packages/airflow/example_dags/example_bash_operator.py
[2024-01-21T08:43:53.213+0000] {processor.py:839} INFO - DAG(s) dict_keys(['example_bash_operator']) retrieved from /home/airflow/.local/lib/python3.11/site-packages/airflow/example_dags/example_bash_operator.py
[2024-01-21T08:43:53.236+0000] {logging_mixin.py:151} INFO - [2024-01-21T08:43:53.236+0000] {dag.py:2915} INFO - Sync 1 DAGs
[2024-01-21T08:43:53.250+0000] {logging_mixin.py:151} INFO - [2024-01-21T08:43:53.250+0000] {dag.py:3696} INFO - Setting next_dagrun for example_bash_operator to 2024-01-20T00:00:00+00:00, run_after=2024-01-21T00:00:00+00:00
[2024-01-21T08:43:53.260+0000] {processor.py:179} INFO - Processing /home/airflow/.local/lib/python3.11/site-packages/airflow/example_dags/example_bash_operator.py took 0.073 seconds
[2024-01-21T08:44:24.119+0000] {processor.py:157} INFO - Started process (PID=41434) to work on /home/airflow/.local/lib/python3.11/site-packages/airflow/example_dags/example_bash_operator.py
[2024-01-21T08:44:24.121+0000] {processor.py:829} INFO - Processing file /home/airflow/.local/lib/python3.11/site-packages/airflow/example_dags/example_bash_operator.py for tasks to queue
[2024-01-21T08:44:24.122+0000] {logging_mixin.py:151} INFO - [2024-01-21T08:44:24.122+0000] {dagbag.py:539} INFO - Filling up the DagBag from /home/airflow/.local/lib/python3.11/site-packages/airflow/example_dags/example_bash_operator.py
[2024-01-21T08:44:24.131+0000] {processor.py:839} INFO - DAG(s) dict_keys(['example_bash_operator']) retrieved from /home/airflow/.local/lib/python3.11/site-packages/airflow/example_dags/example_bash_operator.py
[2024-01-21T08:44:24.151+0000] {logging_mixin.py:151} INFO - [2024-01-21T08:44:24.151+0000] {dag.py:2915} INFO - Sync 1 DAGs
[2024-01-21T08:44:24.167+0000] {logging_mixin.py:151} INFO - [2024-01-21T08:44:24.167+0000] {dag.py:3696} INFO - Setting next_dagrun for example_bash_operator to 2024-01-20T00:00:00+00:00, run_after=2024-01-21T00:00:00+00:00
[2024-01-21T08:44:24.178+0000] {processor.py:179} INFO - Processing /home/airflow/.local/lib/python3.11/site-packages/airflow/example_dags/example_bash_operator.py took 0.062 seconds
[2024-01-21T08:44:55.030+0000] {processor.py:157} INFO - Started process (PID=41494) to work on /home/airflow/.local/lib/python3.11/site-packages/airflow/example_dags/example_bash_operator.py
[2024-01-21T08:44:55.037+0000] {processor.py:829} INFO - Processing file /home/airflow/.local/lib/python3.11/site-packages/airflow/example_dags/example_bash_operator.py for tasks to queue
[2024-01-21T08:44:55.039+0000] {logging_mixin.py:151} INFO - [2024-01-21T08:44:55.039+0000] {dagbag.py:539} INFO - Filling up the DagBag from /home/airflow/.local/lib/python3.11/site-packages/airflow/example_dags/example_bash_operator.py
[2024-01-21T08:44:55.050+0000] {processor.py:839} INFO - DAG(s) dict_keys(['example_bash_operator']) retrieved from /home/airflow/.local/lib/python3.11/site-packages/airflow/example_dags/example_bash_operator.py
[2024-01-21T08:44:55.072+0000] {logging_mixin.py:151} INFO - [2024-01-21T08:44:55.071+0000] {dag.py:2915} INFO - Sync 1 DAGs
[2024-01-21T08:44:55.085+0000] {logging_mixin.py:151} INFO - [2024-01-21T08:44:55.085+0000] {dag.py:3696} INFO - Setting next_dagrun for example_bash_operator to 2024-01-20T00:00:00+00:00, run_after=2024-01-21T00:00:00+00:00
[2024-01-21T08:44:55.099+0000] {processor.py:179} INFO - Processing /home/airflow/.local/lib/python3.11/site-packages/airflow/example_dags/example_bash_operator.py took 0.074 seconds
[2024-01-21T08:45:25.157+0000] {processor.py:157} INFO - Started process (PID=41554) to work on /home/airflow/.local/lib/python3.11/site-packages/airflow/example_dags/example_bash_operator.py
[2024-01-21T08:45:25.159+0000] {processor.py:829} INFO - Processing file /home/airflow/.local/lib/python3.11/site-packages/airflow/example_dags/example_bash_operator.py for tasks to queue
[2024-01-21T08:45:25.161+0000] {logging_mixin.py:151} INFO - [2024-01-21T08:45:25.160+0000] {dagbag.py:539} INFO - Filling up the DagBag from /home/airflow/.local/lib/python3.11/site-packages/airflow/example_dags/example_bash_operator.py
[2024-01-21T08:45:25.169+0000] {processor.py:839} INFO - DAG(s) dict_keys(['example_bash_operator']) retrieved from /home/airflow/.local/lib/python3.11/site-packages/airflow/example_dags/example_bash_operator.py
[2024-01-21T08:45:25.190+0000] {logging_mixin.py:151} INFO - [2024-01-21T08:45:25.189+0000] {dag.py:2915} INFO - Sync 1 DAGs
[2024-01-21T08:45:25.207+0000] {logging_mixin.py:151} INFO - [2024-01-21T08:45:25.207+0000] {dag.py:3696} INFO - Setting next_dagrun for example_bash_operator to 2024-01-20T00:00:00+00:00, run_after=2024-01-21T00:00:00+00:00
[2024-01-21T08:45:25.220+0000] {processor.py:179} INFO - Processing /home/airflow/.local/lib/python3.11/site-packages/airflow/example_dags/example_bash_operator.py took 0.065 seconds
[2024-01-21T08:45:56.091+0000] {processor.py:157} INFO - Started process (PID=41614) to work on /home/airflow/.local/lib/python3.11/site-packages/airflow/example_dags/example_bash_operator.py
[2024-01-21T08:45:56.094+0000] {processor.py:829} INFO - Processing file /home/airflow/.local/lib/python3.11/site-packages/airflow/example_dags/example_bash_operator.py for tasks to queue
[2024-01-21T08:45:56.095+0000] {logging_mixin.py:151} INFO - [2024-01-21T08:45:56.095+0000] {dagbag.py:539} INFO - Filling up the DagBag from /home/airflow/.local/lib/python3.11/site-packages/airflow/example_dags/example_bash_operator.py
[2024-01-21T08:45:56.112+0000] {processor.py:839} INFO - DAG(s) dict_keys(['example_bash_operator']) retrieved from /home/airflow/.local/lib/python3.11/site-packages/airflow/example_dags/example_bash_operator.py
[2024-01-21T08:45:56.138+0000] {logging_mixin.py:151} INFO - [2024-01-21T08:45:56.137+0000] {dag.py:2915} INFO - Sync 1 DAGs
[2024-01-21T08:45:56.155+0000] {logging_mixin.py:151} INFO - [2024-01-21T08:45:56.155+0000] {dag.py:3696} INFO - Setting next_dagrun for example_bash_operator to 2024-01-20T00:00:00+00:00, run_after=2024-01-21T00:00:00+00:00
[2024-01-21T08:45:56.184+0000] {processor.py:179} INFO - Processing /home/airflow/.local/lib/python3.11/site-packages/airflow/example_dags/example_bash_operator.py took 0.096 seconds
[2024-01-21T09:08:11.686+0000] {processor.py:157} INFO - Started process (PID=41644) to work on /home/airflow/.local/lib/python3.11/site-packages/airflow/example_dags/example_bash_operator.py
[2024-01-21T09:08:11.688+0000] {processor.py:829} INFO - Processing file /home/airflow/.local/lib/python3.11/site-packages/airflow/example_dags/example_bash_operator.py for tasks to queue
[2024-01-21T09:08:11.690+0000] {logging_mixin.py:151} INFO - [2024-01-21T09:08:11.689+0000] {dagbag.py:539} INFO - Filling up the DagBag from /home/airflow/.local/lib/python3.11/site-packages/airflow/example_dags/example_bash_operator.py
[2024-01-21T09:08:11.698+0000] {processor.py:839} INFO - DAG(s) dict_keys(['example_bash_operator']) retrieved from /home/airflow/.local/lib/python3.11/site-packages/airflow/example_dags/example_bash_operator.py
[2024-01-21T09:08:11.719+0000] {logging_mixin.py:151} INFO - [2024-01-21T09:08:11.719+0000] {dag.py:2915} INFO - Sync 1 DAGs
[2024-01-21T09:08:11.735+0000] {logging_mixin.py:151} INFO - [2024-01-21T09:08:11.735+0000] {dag.py:3696} INFO - Setting next_dagrun for example_bash_operator to 2024-01-20T00:00:00+00:00, run_after=2024-01-21T00:00:00+00:00
[2024-01-21T09:08:11.748+0000] {processor.py:179} INFO - Processing /home/airflow/.local/lib/python3.11/site-packages/airflow/example_dags/example_bash_operator.py took 0.065 seconds
[2024-01-21T09:08:42.723+0000] {processor.py:157} INFO - Started process (PID=41704) to work on /home/airflow/.local/lib/python3.11/site-packages/airflow/example_dags/example_bash_operator.py
[2024-01-21T09:08:42.726+0000] {processor.py:829} INFO - Processing file /home/airflow/.local/lib/python3.11/site-packages/airflow/example_dags/example_bash_operator.py for tasks to queue
[2024-01-21T09:08:42.730+0000] {logging_mixin.py:151} INFO - [2024-01-21T09:08:42.730+0000] {dagbag.py:539} INFO - Filling up the DagBag from /home/airflow/.local/lib/python3.11/site-packages/airflow/example_dags/example_bash_operator.py
[2024-01-21T09:08:42.742+0000] {processor.py:839} INFO - DAG(s) dict_keys(['example_bash_operator']) retrieved from /home/airflow/.local/lib/python3.11/site-packages/airflow/example_dags/example_bash_operator.py
[2024-01-21T09:08:42.769+0000] {logging_mixin.py:151} INFO - [2024-01-21T09:08:42.769+0000] {dag.py:2915} INFO - Sync 1 DAGs
[2024-01-21T09:08:42.822+0000] {logging_mixin.py:151} INFO - [2024-01-21T09:08:42.822+0000] {dag.py:3696} INFO - Setting next_dagrun for example_bash_operator to 2024-01-20T00:00:00+00:00, run_after=2024-01-21T00:00:00+00:00
[2024-01-21T09:08:42.866+0000] {processor.py:179} INFO - Processing /home/airflow/.local/lib/python3.11/site-packages/airflow/example_dags/example_bash_operator.py took 0.146 seconds
[2024-01-21T09:09:14.688+0000] {processor.py:157} INFO - Started process (PID=41763) to work on /home/airflow/.local/lib/python3.11/site-packages/airflow/example_dags/example_bash_operator.py
[2024-01-21T09:09:14.690+0000] {processor.py:829} INFO - Processing file /home/airflow/.local/lib/python3.11/site-packages/airflow/example_dags/example_bash_operator.py for tasks to queue
[2024-01-21T09:09:14.691+0000] {logging_mixin.py:151} INFO - [2024-01-21T09:09:14.691+0000] {dagbag.py:539} INFO - Filling up the DagBag from /home/airflow/.local/lib/python3.11/site-packages/airflow/example_dags/example_bash_operator.py
[2024-01-21T09:09:14.699+0000] {processor.py:839} INFO - DAG(s) dict_keys(['example_bash_operator']) retrieved from /home/airflow/.local/lib/python3.11/site-packages/airflow/example_dags/example_bash_operator.py
[2024-01-21T09:09:14.721+0000] {logging_mixin.py:151} INFO - [2024-01-21T09:09:14.721+0000] {dag.py:2915} INFO - Sync 1 DAGs
[2024-01-21T09:09:14.735+0000] {logging_mixin.py:151} INFO - [2024-01-21T09:09:14.735+0000] {dag.py:3696} INFO - Setting next_dagrun for example_bash_operator to 2024-01-20T00:00:00+00:00, run_after=2024-01-21T00:00:00+00:00
[2024-01-21T09:09:14.748+0000] {processor.py:179} INFO - Processing /home/airflow/.local/lib/python3.11/site-packages/airflow/example_dags/example_bash_operator.py took 0.062 seconds
[2024-01-21T09:09:45.012+0000] {processor.py:157} INFO - Started process (PID=41823) to work on /home/airflow/.local/lib/python3.11/site-packages/airflow/example_dags/example_bash_operator.py
[2024-01-21T09:09:45.017+0000] {processor.py:829} INFO - Processing file /home/airflow/.local/lib/python3.11/site-packages/airflow/example_dags/example_bash_operator.py for tasks to queue
[2024-01-21T09:09:45.019+0000] {logging_mixin.py:151} INFO - [2024-01-21T09:09:45.018+0000] {dagbag.py:539} INFO - Filling up the DagBag from /home/airflow/.local/lib/python3.11/site-packages/airflow/example_dags/example_bash_operator.py
[2024-01-21T09:09:45.029+0000] {processor.py:839} INFO - DAG(s) dict_keys(['example_bash_operator']) retrieved from /home/airflow/.local/lib/python3.11/site-packages/airflow/example_dags/example_bash_operator.py
[2024-01-21T09:09:45.049+0000] {logging_mixin.py:151} INFO - [2024-01-21T09:09:45.049+0000] {dag.py:2915} INFO - Sync 1 DAGs
[2024-01-21T09:09:45.067+0000] {logging_mixin.py:151} INFO - [2024-01-21T09:09:45.066+0000] {dag.py:3696} INFO - Setting next_dagrun for example_bash_operator to 2024-01-20T00:00:00+00:00, run_after=2024-01-21T00:00:00+00:00
[2024-01-21T09:09:45.081+0000] {processor.py:179} INFO - Processing /home/airflow/.local/lib/python3.11/site-packages/airflow/example_dags/example_bash_operator.py took 0.071 seconds
[2024-01-21T09:10:15.965+0000] {processor.py:157} INFO - Started process (PID=41883) to work on /home/airflow/.local/lib/python3.11/site-packages/airflow/example_dags/example_bash_operator.py
[2024-01-21T09:10:15.966+0000] {processor.py:829} INFO - Processing file /home/airflow/.local/lib/python3.11/site-packages/airflow/example_dags/example_bash_operator.py for tasks to queue
[2024-01-21T09:10:15.969+0000] {logging_mixin.py:151} INFO - [2024-01-21T09:10:15.969+0000] {dagbag.py:539} INFO - Filling up the DagBag from /home/airflow/.local/lib/python3.11/site-packages/airflow/example_dags/example_bash_operator.py
[2024-01-21T09:10:15.978+0000] {processor.py:839} INFO - DAG(s) dict_keys(['example_bash_operator']) retrieved from /home/airflow/.local/lib/python3.11/site-packages/airflow/example_dags/example_bash_operator.py
[2024-01-21T09:10:16.003+0000] {logging_mixin.py:151} INFO - [2024-01-21T09:10:16.003+0000] {dag.py:2915} INFO - Sync 1 DAGs
[2024-01-21T09:10:16.018+0000] {logging_mixin.py:151} INFO - [2024-01-21T09:10:16.018+0000] {dag.py:3696} INFO - Setting next_dagrun for example_bash_operator to 2024-01-20T00:00:00+00:00, run_after=2024-01-21T00:00:00+00:00
[2024-01-21T09:10:16.036+0000] {processor.py:179} INFO - Processing /home/airflow/.local/lib/python3.11/site-packages/airflow/example_dags/example_bash_operator.py took 0.073 seconds
[2024-01-21T09:10:46.371+0000] {processor.py:157} INFO - Started process (PID=41943) to work on /home/airflow/.local/lib/python3.11/site-packages/airflow/example_dags/example_bash_operator.py
[2024-01-21T09:10:46.373+0000] {processor.py:829} INFO - Processing file /home/airflow/.local/lib/python3.11/site-packages/airflow/example_dags/example_bash_operator.py for tasks to queue
[2024-01-21T09:10:46.374+0000] {logging_mixin.py:151} INFO - [2024-01-21T09:10:46.374+0000] {dagbag.py:539} INFO - Filling up the DagBag from /home/airflow/.local/lib/python3.11/site-packages/airflow/example_dags/example_bash_operator.py
[2024-01-21T09:10:46.384+0000] {processor.py:839} INFO - DAG(s) dict_keys(['example_bash_operator']) retrieved from /home/airflow/.local/lib/python3.11/site-packages/airflow/example_dags/example_bash_operator.py
[2024-01-21T09:10:46.405+0000] {logging_mixin.py:151} INFO - [2024-01-21T09:10:46.405+0000] {dag.py:2915} INFO - Sync 1 DAGs
[2024-01-21T09:10:46.425+0000] {logging_mixin.py:151} INFO - [2024-01-21T09:10:46.425+0000] {dag.py:3696} INFO - Setting next_dagrun for example_bash_operator to 2024-01-20T00:00:00+00:00, run_after=2024-01-21T00:00:00+00:00
[2024-01-21T09:10:46.438+0000] {processor.py:179} INFO - Processing /home/airflow/.local/lib/python3.11/site-packages/airflow/example_dags/example_bash_operator.py took 0.069 seconds
[2024-01-21T09:11:17.610+0000] {processor.py:157} INFO - Started process (PID=42003) to work on /home/airflow/.local/lib/python3.11/site-packages/airflow/example_dags/example_bash_operator.py
[2024-01-21T09:11:17.613+0000] {processor.py:829} INFO - Processing file /home/airflow/.local/lib/python3.11/site-packages/airflow/example_dags/example_bash_operator.py for tasks to queue
[2024-01-21T09:11:17.614+0000] {logging_mixin.py:151} INFO - [2024-01-21T09:11:17.614+0000] {dagbag.py:539} INFO - Filling up the DagBag from /home/airflow/.local/lib/python3.11/site-packages/airflow/example_dags/example_bash_operator.py
[2024-01-21T09:11:17.621+0000] {processor.py:839} INFO - DAG(s) dict_keys(['example_bash_operator']) retrieved from /home/airflow/.local/lib/python3.11/site-packages/airflow/example_dags/example_bash_operator.py
[2024-01-21T09:11:17.638+0000] {logging_mixin.py:151} INFO - [2024-01-21T09:11:17.638+0000] {dag.py:2915} INFO - Sync 1 DAGs
[2024-01-21T09:11:17.651+0000] {logging_mixin.py:151} INFO - [2024-01-21T09:11:17.651+0000] {dag.py:3696} INFO - Setting next_dagrun for example_bash_operator to 2024-01-20T00:00:00+00:00, run_after=2024-01-21T00:00:00+00:00
[2024-01-21T09:11:17.662+0000] {processor.py:179} INFO - Processing /home/airflow/.local/lib/python3.11/site-packages/airflow/example_dags/example_bash_operator.py took 0.054 seconds
[2024-01-21T09:11:48.572+0000] {processor.py:157} INFO - Started process (PID=42070) to work on /home/airflow/.local/lib/python3.11/site-packages/airflow/example_dags/example_bash_operator.py
[2024-01-21T09:11:48.574+0000] {processor.py:829} INFO - Processing file /home/airflow/.local/lib/python3.11/site-packages/airflow/example_dags/example_bash_operator.py for tasks to queue
[2024-01-21T09:11:48.575+0000] {logging_mixin.py:151} INFO - [2024-01-21T09:11:48.575+0000] {dagbag.py:539} INFO - Filling up the DagBag from /home/airflow/.local/lib/python3.11/site-packages/airflow/example_dags/example_bash_operator.py
[2024-01-21T09:11:48.583+0000] {processor.py:839} INFO - DAG(s) dict_keys(['example_bash_operator']) retrieved from /home/airflow/.local/lib/python3.11/site-packages/airflow/example_dags/example_bash_operator.py
[2024-01-21T09:11:48.603+0000] {logging_mixin.py:151} INFO - [2024-01-21T09:11:48.603+0000] {dag.py:2915} INFO - Sync 1 DAGs
[2024-01-21T09:11:48.618+0000] {logging_mixin.py:151} INFO - [2024-01-21T09:11:48.617+0000] {dag.py:3696} INFO - Setting next_dagrun for example_bash_operator to 2024-01-20T00:00:00+00:00, run_after=2024-01-21T00:00:00+00:00
[2024-01-21T09:11:48.631+0000] {processor.py:179} INFO - Processing /home/airflow/.local/lib/python3.11/site-packages/airflow/example_dags/example_bash_operator.py took 0.062 seconds
[2024-01-21T09:12:19.607+0000] {processor.py:157} INFO - Started process (PID=42130) to work on /home/airflow/.local/lib/python3.11/site-packages/airflow/example_dags/example_bash_operator.py
[2024-01-21T09:12:19.609+0000] {processor.py:829} INFO - Processing file /home/airflow/.local/lib/python3.11/site-packages/airflow/example_dags/example_bash_operator.py for tasks to queue
[2024-01-21T09:12:19.611+0000] {logging_mixin.py:151} INFO - [2024-01-21T09:12:19.610+0000] {dagbag.py:539} INFO - Filling up the DagBag from /home/airflow/.local/lib/python3.11/site-packages/airflow/example_dags/example_bash_operator.py
[2024-01-21T09:12:19.619+0000] {processor.py:839} INFO - DAG(s) dict_keys(['example_bash_operator']) retrieved from /home/airflow/.local/lib/python3.11/site-packages/airflow/example_dags/example_bash_operator.py
[2024-01-21T09:12:19.641+0000] {logging_mixin.py:151} INFO - [2024-01-21T09:12:19.641+0000] {dag.py:2915} INFO - Sync 1 DAGs
[2024-01-21T09:12:19.656+0000] {logging_mixin.py:151} INFO - [2024-01-21T09:12:19.656+0000] {dag.py:3696} INFO - Setting next_dagrun for example_bash_operator to 2024-01-20T00:00:00+00:00, run_after=2024-01-21T00:00:00+00:00
[2024-01-21T09:12:19.668+0000] {processor.py:179} INFO - Processing /home/airflow/.local/lib/python3.11/site-packages/airflow/example_dags/example_bash_operator.py took 0.064 seconds
[2024-01-21T09:12:50.432+0000] {processor.py:157} INFO - Started process (PID=42190) to work on /home/airflow/.local/lib/python3.11/site-packages/airflow/example_dags/example_bash_operator.py
[2024-01-21T09:12:50.437+0000] {processor.py:829} INFO - Processing file /home/airflow/.local/lib/python3.11/site-packages/airflow/example_dags/example_bash_operator.py for tasks to queue
[2024-01-21T09:12:50.438+0000] {logging_mixin.py:151} INFO - [2024-01-21T09:12:50.438+0000] {dagbag.py:539} INFO - Filling up the DagBag from /home/airflow/.local/lib/python3.11/site-packages/airflow/example_dags/example_bash_operator.py
[2024-01-21T09:12:50.448+0000] {processor.py:839} INFO - DAG(s) dict_keys(['example_bash_operator']) retrieved from /home/airflow/.local/lib/python3.11/site-packages/airflow/example_dags/example_bash_operator.py
[2024-01-21T09:12:50.480+0000] {logging_mixin.py:151} INFO - [2024-01-21T09:12:50.480+0000] {dag.py:2915} INFO - Sync 1 DAGs
[2024-01-21T09:12:50.505+0000] {logging_mixin.py:151} INFO - [2024-01-21T09:12:50.505+0000] {dag.py:3696} INFO - Setting next_dagrun for example_bash_operator to 2024-01-20T00:00:00+00:00, run_after=2024-01-21T00:00:00+00:00
[2024-01-21T09:12:50.530+0000] {processor.py:179} INFO - Processing /home/airflow/.local/lib/python3.11/site-packages/airflow/example_dags/example_bash_operator.py took 0.101 seconds
[2024-01-21T10:25:03.949+0000] {processor.py:157} INFO - Started process (PID=42243) to work on /home/airflow/.local/lib/python3.11/site-packages/airflow/example_dags/example_bash_operator.py
[2024-01-21T10:25:03.951+0000] {processor.py:829} INFO - Processing file /home/airflow/.local/lib/python3.11/site-packages/airflow/example_dags/example_bash_operator.py for tasks to queue
[2024-01-21T10:25:03.953+0000] {logging_mixin.py:151} INFO - [2024-01-21T10:25:03.953+0000] {dagbag.py:539} INFO - Filling up the DagBag from /home/airflow/.local/lib/python3.11/site-packages/airflow/example_dags/example_bash_operator.py
[2024-01-21T10:25:03.961+0000] {processor.py:839} INFO - DAG(s) dict_keys(['example_bash_operator']) retrieved from /home/airflow/.local/lib/python3.11/site-packages/airflow/example_dags/example_bash_operator.py
[2024-01-21T10:25:03.980+0000] {logging_mixin.py:151} INFO - [2024-01-21T10:25:03.980+0000] {dag.py:2915} INFO - Sync 1 DAGs
[2024-01-21T10:25:03.999+0000] {logging_mixin.py:151} INFO - [2024-01-21T10:25:03.999+0000] {dag.py:3696} INFO - Setting next_dagrun for example_bash_operator to 2024-01-20T00:00:00+00:00, run_after=2024-01-21T00:00:00+00:00
[2024-01-21T10:25:04.012+0000] {processor.py:179} INFO - Processing /home/airflow/.local/lib/python3.11/site-packages/airflow/example_dags/example_bash_operator.py took 0.066 seconds
[2024-01-21T11:31:03.038+0000] {processor.py:157} INFO - Started process (PID=42303) to work on /home/airflow/.local/lib/python3.11/site-packages/airflow/example_dags/example_bash_operator.py
[2024-01-21T11:31:03.040+0000] {processor.py:829} INFO - Processing file /home/airflow/.local/lib/python3.11/site-packages/airflow/example_dags/example_bash_operator.py for tasks to queue
[2024-01-21T11:31:03.041+0000] {logging_mixin.py:151} INFO - [2024-01-21T11:31:03.041+0000] {dagbag.py:539} INFO - Filling up the DagBag from /home/airflow/.local/lib/python3.11/site-packages/airflow/example_dags/example_bash_operator.py
[2024-01-21T11:31:03.052+0000] {processor.py:839} INFO - DAG(s) dict_keys(['example_bash_operator']) retrieved from /home/airflow/.local/lib/python3.11/site-packages/airflow/example_dags/example_bash_operator.py
[2024-01-21T11:31:03.073+0000] {logging_mixin.py:151} INFO - [2024-01-21T11:31:03.073+0000] {dag.py:2915} INFO - Sync 1 DAGs
[2024-01-21T11:31:03.087+0000] {logging_mixin.py:151} INFO - [2024-01-21T11:31:03.087+0000] {dag.py:3696} INFO - Setting next_dagrun for example_bash_operator to 2024-01-20T00:00:00+00:00, run_after=2024-01-21T00:00:00+00:00
[2024-01-21T11:31:03.098+0000] {processor.py:179} INFO - Processing /home/airflow/.local/lib/python3.11/site-packages/airflow/example_dags/example_bash_operator.py took 0.063 seconds
[2024-01-21T12:40:16.091+0000] {processor.py:157} INFO - Started process (PID=42368) to work on /home/airflow/.local/lib/python3.11/site-packages/airflow/example_dags/example_bash_operator.py
[2024-01-21T12:40:16.094+0000] {processor.py:829} INFO - Processing file /home/airflow/.local/lib/python3.11/site-packages/airflow/example_dags/example_bash_operator.py for tasks to queue
[2024-01-21T12:40:16.096+0000] {logging_mixin.py:151} INFO - [2024-01-21T12:40:16.095+0000] {dagbag.py:539} INFO - Filling up the DagBag from /home/airflow/.local/lib/python3.11/site-packages/airflow/example_dags/example_bash_operator.py
[2024-01-21T12:40:16.104+0000] {processor.py:839} INFO - DAG(s) dict_keys(['example_bash_operator']) retrieved from /home/airflow/.local/lib/python3.11/site-packages/airflow/example_dags/example_bash_operator.py
[2024-01-21T12:40:16.126+0000] {logging_mixin.py:151} INFO - [2024-01-21T12:40:16.125+0000] {dag.py:2915} INFO - Sync 1 DAGs
[2024-01-21T12:40:16.147+0000] {logging_mixin.py:151} INFO - [2024-01-21T12:40:16.147+0000] {dag.py:3696} INFO - Setting next_dagrun for example_bash_operator to 2024-01-20T00:00:00+00:00, run_after=2024-01-21T00:00:00+00:00
[2024-01-21T12:40:16.161+0000] {processor.py:179} INFO - Processing /home/airflow/.local/lib/python3.11/site-packages/airflow/example_dags/example_bash_operator.py took 0.073 seconds
[2024-01-21T14:19:13.000+0000] {processor.py:157} INFO - Started process (PID=42421) to work on /home/airflow/.local/lib/python3.11/site-packages/airflow/example_dags/example_bash_operator.py
[2024-01-21T14:19:13.003+0000] {processor.py:829} INFO - Processing file /home/airflow/.local/lib/python3.11/site-packages/airflow/example_dags/example_bash_operator.py for tasks to queue
[2024-01-21T14:19:13.005+0000] {logging_mixin.py:151} INFO - [2024-01-21T14:19:13.004+0000] {dagbag.py:539} INFO - Filling up the DagBag from /home/airflow/.local/lib/python3.11/site-packages/airflow/example_dags/example_bash_operator.py
[2024-01-21T14:19:13.013+0000] {processor.py:839} INFO - DAG(s) dict_keys(['example_bash_operator']) retrieved from /home/airflow/.local/lib/python3.11/site-packages/airflow/example_dags/example_bash_operator.py
[2024-01-21T14:19:13.034+0000] {logging_mixin.py:151} INFO - [2024-01-21T14:19:13.034+0000] {dag.py:2915} INFO - Sync 1 DAGs
[2024-01-21T14:19:13.056+0000] {logging_mixin.py:151} INFO - [2024-01-21T14:19:13.056+0000] {dag.py:3696} INFO - Setting next_dagrun for example_bash_operator to 2024-01-20T00:00:00+00:00, run_after=2024-01-21T00:00:00+00:00
[2024-01-21T14:19:13.073+0000] {processor.py:179} INFO - Processing /home/airflow/.local/lib/python3.11/site-packages/airflow/example_dags/example_bash_operator.py took 0.075 seconds
[2024-01-21T14:44:54.876+0000] {processor.py:157} INFO - Started process (PID=42481) to work on /home/airflow/.local/lib/python3.11/site-packages/airflow/example_dags/example_bash_operator.py
[2024-01-21T14:44:54.883+0000] {processor.py:829} INFO - Processing file /home/airflow/.local/lib/python3.11/site-packages/airflow/example_dags/example_bash_operator.py for tasks to queue
[2024-01-21T14:44:54.886+0000] {logging_mixin.py:151} INFO - [2024-01-21T14:44:54.885+0000] {dagbag.py:539} INFO - Filling up the DagBag from /home/airflow/.local/lib/python3.11/site-packages/airflow/example_dags/example_bash_operator.py
[2024-01-21T14:44:54.894+0000] {processor.py:839} INFO - DAG(s) dict_keys(['example_bash_operator']) retrieved from /home/airflow/.local/lib/python3.11/site-packages/airflow/example_dags/example_bash_operator.py
[2024-01-21T14:44:54.922+0000] {logging_mixin.py:151} INFO - [2024-01-21T14:44:54.922+0000] {dag.py:2915} INFO - Sync 1 DAGs
[2024-01-21T14:44:54.936+0000] {logging_mixin.py:151} INFO - [2024-01-21T14:44:54.936+0000] {dag.py:3696} INFO - Setting next_dagrun for example_bash_operator to 2024-01-20T00:00:00+00:00, run_after=2024-01-21T00:00:00+00:00
[2024-01-21T14:44:54.949+0000] {processor.py:179} INFO - Processing /home/airflow/.local/lib/python3.11/site-packages/airflow/example_dags/example_bash_operator.py took 0.075 seconds
[2024-01-21T14:45:28.372+0000] {processor.py:157} INFO - Started process (PID=42541) to work on /home/airflow/.local/lib/python3.11/site-packages/airflow/example_dags/example_bash_operator.py
[2024-01-21T14:45:28.381+0000] {processor.py:829} INFO - Processing file /home/airflow/.local/lib/python3.11/site-packages/airflow/example_dags/example_bash_operator.py for tasks to queue
[2024-01-21T14:45:28.384+0000] {logging_mixin.py:151} INFO - [2024-01-21T14:45:28.384+0000] {dagbag.py:539} INFO - Filling up the DagBag from /home/airflow/.local/lib/python3.11/site-packages/airflow/example_dags/example_bash_operator.py
[2024-01-21T14:45:28.499+0000] {processor.py:839} INFO - DAG(s) dict_keys(['example_bash_operator']) retrieved from /home/airflow/.local/lib/python3.11/site-packages/airflow/example_dags/example_bash_operator.py
[2024-01-21T14:45:28.568+0000] {logging_mixin.py:151} INFO - [2024-01-21T14:45:28.568+0000] {dag.py:2915} INFO - Sync 1 DAGs
[2024-01-21T14:45:28.595+0000] {logging_mixin.py:151} INFO - [2024-01-21T14:45:28.594+0000] {dag.py:3696} INFO - Setting next_dagrun for example_bash_operator to 2024-01-20T00:00:00+00:00, run_after=2024-01-21T00:00:00+00:00
[2024-01-21T14:45:28.650+0000] {processor.py:179} INFO - Processing /home/airflow/.local/lib/python3.11/site-packages/airflow/example_dags/example_bash_operator.py took 0.285 seconds
[2024-01-21T14:45:59.043+0000] {processor.py:157} INFO - Started process (PID=42607) to work on /home/airflow/.local/lib/python3.11/site-packages/airflow/example_dags/example_bash_operator.py
[2024-01-21T14:45:59.045+0000] {processor.py:829} INFO - Processing file /home/airflow/.local/lib/python3.11/site-packages/airflow/example_dags/example_bash_operator.py for tasks to queue
[2024-01-21T14:45:59.048+0000] {logging_mixin.py:151} INFO - [2024-01-21T14:45:59.047+0000] {dagbag.py:539} INFO - Filling up the DagBag from /home/airflow/.local/lib/python3.11/site-packages/airflow/example_dags/example_bash_operator.py
[2024-01-21T14:45:59.058+0000] {processor.py:839} INFO - DAG(s) dict_keys(['example_bash_operator']) retrieved from /home/airflow/.local/lib/python3.11/site-packages/airflow/example_dags/example_bash_operator.py
[2024-01-21T14:45:59.083+0000] {logging_mixin.py:151} INFO - [2024-01-21T14:45:59.083+0000] {dag.py:2915} INFO - Sync 1 DAGs
[2024-01-21T14:45:59.103+0000] {logging_mixin.py:151} INFO - [2024-01-21T14:45:59.102+0000] {dag.py:3696} INFO - Setting next_dagrun for example_bash_operator to 2024-01-20T00:00:00+00:00, run_after=2024-01-21T00:00:00+00:00
[2024-01-21T14:45:59.117+0000] {processor.py:179} INFO - Processing /home/airflow/.local/lib/python3.11/site-packages/airflow/example_dags/example_bash_operator.py took 0.077 seconds
[2024-01-21T14:46:29.466+0000] {processor.py:157} INFO - Started process (PID=42667) to work on /home/airflow/.local/lib/python3.11/site-packages/airflow/example_dags/example_bash_operator.py
[2024-01-21T14:46:29.475+0000] {processor.py:829} INFO - Processing file /home/airflow/.local/lib/python3.11/site-packages/airflow/example_dags/example_bash_operator.py for tasks to queue
[2024-01-21T14:46:29.479+0000] {logging_mixin.py:151} INFO - [2024-01-21T14:46:29.479+0000] {dagbag.py:539} INFO - Filling up the DagBag from /home/airflow/.local/lib/python3.11/site-packages/airflow/example_dags/example_bash_operator.py
[2024-01-21T14:46:29.508+0000] {processor.py:839} INFO - DAG(s) dict_keys(['example_bash_operator']) retrieved from /home/airflow/.local/lib/python3.11/site-packages/airflow/example_dags/example_bash_operator.py
[2024-01-21T14:46:29.578+0000] {logging_mixin.py:151} INFO - [2024-01-21T14:46:29.578+0000] {dag.py:2915} INFO - Sync 1 DAGs
[2024-01-21T14:46:29.635+0000] {logging_mixin.py:151} INFO - [2024-01-21T14:46:29.635+0000] {dag.py:3696} INFO - Setting next_dagrun for example_bash_operator to 2024-01-20T00:00:00+00:00, run_after=2024-01-21T00:00:00+00:00
[2024-01-21T14:46:29.733+0000] {processor.py:179} INFO - Processing /home/airflow/.local/lib/python3.11/site-packages/airflow/example_dags/example_bash_operator.py took 0.273 seconds
[2024-01-21T14:47:00.152+0000] {processor.py:157} INFO - Started process (PID=42727) to work on /home/airflow/.local/lib/python3.11/site-packages/airflow/example_dags/example_bash_operator.py
[2024-01-21T14:47:00.158+0000] {processor.py:829} INFO - Processing file /home/airflow/.local/lib/python3.11/site-packages/airflow/example_dags/example_bash_operator.py for tasks to queue
[2024-01-21T14:47:00.159+0000] {logging_mixin.py:151} INFO - [2024-01-21T14:47:00.159+0000] {dagbag.py:539} INFO - Filling up the DagBag from /home/airflow/.local/lib/python3.11/site-packages/airflow/example_dags/example_bash_operator.py
[2024-01-21T14:47:00.171+0000] {processor.py:839} INFO - DAG(s) dict_keys(['example_bash_operator']) retrieved from /home/airflow/.local/lib/python3.11/site-packages/airflow/example_dags/example_bash_operator.py
[2024-01-21T14:47:00.198+0000] {logging_mixin.py:151} INFO - [2024-01-21T14:47:00.197+0000] {dag.py:2915} INFO - Sync 1 DAGs
[2024-01-21T14:47:00.233+0000] {logging_mixin.py:151} INFO - [2024-01-21T14:47:00.233+0000] {dag.py:3696} INFO - Setting next_dagrun for example_bash_operator to 2024-01-20T00:00:00+00:00, run_after=2024-01-21T00:00:00+00:00
[2024-01-21T14:47:00.255+0000] {processor.py:179} INFO - Processing /home/airflow/.local/lib/python3.11/site-packages/airflow/example_dags/example_bash_operator.py took 0.106 seconds
[2024-01-21T14:47:30.559+0000] {processor.py:157} INFO - Started process (PID=42787) to work on /home/airflow/.local/lib/python3.11/site-packages/airflow/example_dags/example_bash_operator.py
[2024-01-21T14:47:30.563+0000] {processor.py:829} INFO - Processing file /home/airflow/.local/lib/python3.11/site-packages/airflow/example_dags/example_bash_operator.py for tasks to queue
[2024-01-21T14:47:30.566+0000] {logging_mixin.py:151} INFO - [2024-01-21T14:47:30.565+0000] {dagbag.py:539} INFO - Filling up the DagBag from /home/airflow/.local/lib/python3.11/site-packages/airflow/example_dags/example_bash_operator.py
[2024-01-21T14:47:30.574+0000] {processor.py:839} INFO - DAG(s) dict_keys(['example_bash_operator']) retrieved from /home/airflow/.local/lib/python3.11/site-packages/airflow/example_dags/example_bash_operator.py
[2024-01-21T14:47:30.596+0000] {logging_mixin.py:151} INFO - [2024-01-21T14:47:30.596+0000] {dag.py:2915} INFO - Sync 1 DAGs
[2024-01-21T14:47:30.613+0000] {logging_mixin.py:151} INFO - [2024-01-21T14:47:30.613+0000] {dag.py:3696} INFO - Setting next_dagrun for example_bash_operator to 2024-01-20T00:00:00+00:00, run_after=2024-01-21T00:00:00+00:00
[2024-01-21T14:47:30.626+0000] {processor.py:179} INFO - Processing /home/airflow/.local/lib/python3.11/site-packages/airflow/example_dags/example_bash_operator.py took 0.070 seconds
[2024-01-21T14:48:01.093+0000] {processor.py:157} INFO - Started process (PID=42847) to work on /home/airflow/.local/lib/python3.11/site-packages/airflow/example_dags/example_bash_operator.py
[2024-01-21T14:48:01.095+0000] {processor.py:829} INFO - Processing file /home/airflow/.local/lib/python3.11/site-packages/airflow/example_dags/example_bash_operator.py for tasks to queue
[2024-01-21T14:48:01.097+0000] {logging_mixin.py:151} INFO - [2024-01-21T14:48:01.097+0000] {dagbag.py:539} INFO - Filling up the DagBag from /home/airflow/.local/lib/python3.11/site-packages/airflow/example_dags/example_bash_operator.py
[2024-01-21T14:48:01.116+0000] {processor.py:839} INFO - DAG(s) dict_keys(['example_bash_operator']) retrieved from /home/airflow/.local/lib/python3.11/site-packages/airflow/example_dags/example_bash_operator.py
[2024-01-21T14:48:01.144+0000] {logging_mixin.py:151} INFO - [2024-01-21T14:48:01.144+0000] {dag.py:2915} INFO - Sync 1 DAGs
[2024-01-21T14:48:01.159+0000] {logging_mixin.py:151} INFO - [2024-01-21T14:48:01.159+0000] {dag.py:3696} INFO - Setting next_dagrun for example_bash_operator to 2024-01-20T00:00:00+00:00, run_after=2024-01-21T00:00:00+00:00
[2024-01-21T14:48:01.171+0000] {processor.py:179} INFO - Processing /home/airflow/.local/lib/python3.11/site-packages/airflow/example_dags/example_bash_operator.py took 0.080 seconds
[2024-01-21T14:48:31.289+0000] {processor.py:157} INFO - Started process (PID=42907) to work on /home/airflow/.local/lib/python3.11/site-packages/airflow/example_dags/example_bash_operator.py
[2024-01-21T14:48:31.292+0000] {processor.py:829} INFO - Processing file /home/airflow/.local/lib/python3.11/site-packages/airflow/example_dags/example_bash_operator.py for tasks to queue
[2024-01-21T14:48:31.294+0000] {logging_mixin.py:151} INFO - [2024-01-21T14:48:31.294+0000] {dagbag.py:539} INFO - Filling up the DagBag from /home/airflow/.local/lib/python3.11/site-packages/airflow/example_dags/example_bash_operator.py
[2024-01-21T14:48:31.301+0000] {processor.py:839} INFO - DAG(s) dict_keys(['example_bash_operator']) retrieved from /home/airflow/.local/lib/python3.11/site-packages/airflow/example_dags/example_bash_operator.py
[2024-01-21T14:48:31.320+0000] {logging_mixin.py:151} INFO - [2024-01-21T14:48:31.320+0000] {dag.py:2915} INFO - Sync 1 DAGs
[2024-01-21T14:48:31.337+0000] {logging_mixin.py:151} INFO - [2024-01-21T14:48:31.336+0000] {dag.py:3696} INFO - Setting next_dagrun for example_bash_operator to 2024-01-20T00:00:00+00:00, run_after=2024-01-21T00:00:00+00:00
[2024-01-21T14:48:31.349+0000] {processor.py:179} INFO - Processing /home/airflow/.local/lib/python3.11/site-packages/airflow/example_dags/example_bash_operator.py took 0.062 seconds
[2024-01-21T14:49:01.997+0000] {processor.py:157} INFO - Started process (PID=42967) to work on /home/airflow/.local/lib/python3.11/site-packages/airflow/example_dags/example_bash_operator.py
[2024-01-21T14:49:01.999+0000] {processor.py:829} INFO - Processing file /home/airflow/.local/lib/python3.11/site-packages/airflow/example_dags/example_bash_operator.py for tasks to queue
[2024-01-21T14:49:02.000+0000] {logging_mixin.py:151} INFO - [2024-01-21T14:49:02.000+0000] {dagbag.py:539} INFO - Filling up the DagBag from /home/airflow/.local/lib/python3.11/site-packages/airflow/example_dags/example_bash_operator.py
[2024-01-21T14:49:02.010+0000] {processor.py:839} INFO - DAG(s) dict_keys(['example_bash_operator']) retrieved from /home/airflow/.local/lib/python3.11/site-packages/airflow/example_dags/example_bash_operator.py
[2024-01-21T14:49:02.036+0000] {logging_mixin.py:151} INFO - [2024-01-21T14:49:02.036+0000] {dag.py:2915} INFO - Sync 1 DAGs
[2024-01-21T14:49:02.057+0000] {logging_mixin.py:151} INFO - [2024-01-21T14:49:02.057+0000] {dag.py:3696} INFO - Setting next_dagrun for example_bash_operator to 2024-01-20T00:00:00+00:00, run_after=2024-01-21T00:00:00+00:00
[2024-01-21T14:49:02.073+0000] {processor.py:179} INFO - Processing /home/airflow/.local/lib/python3.11/site-packages/airflow/example_dags/example_bash_operator.py took 0.080 seconds
[2024-01-21T14:49:32.574+0000] {processor.py:157} INFO - Started process (PID=43026) to work on /home/airflow/.local/lib/python3.11/site-packages/airflow/example_dags/example_bash_operator.py
[2024-01-21T14:49:32.576+0000] {processor.py:829} INFO - Processing file /home/airflow/.local/lib/python3.11/site-packages/airflow/example_dags/example_bash_operator.py for tasks to queue
[2024-01-21T14:49:32.577+0000] {logging_mixin.py:151} INFO - [2024-01-21T14:49:32.577+0000] {dagbag.py:539} INFO - Filling up the DagBag from /home/airflow/.local/lib/python3.11/site-packages/airflow/example_dags/example_bash_operator.py
[2024-01-21T14:49:32.585+0000] {processor.py:839} INFO - DAG(s) dict_keys(['example_bash_operator']) retrieved from /home/airflow/.local/lib/python3.11/site-packages/airflow/example_dags/example_bash_operator.py
[2024-01-21T14:49:32.603+0000] {logging_mixin.py:151} INFO - [2024-01-21T14:49:32.603+0000] {dag.py:2915} INFO - Sync 1 DAGs
[2024-01-21T14:49:32.618+0000] {logging_mixin.py:151} INFO - [2024-01-21T14:49:32.618+0000] {dag.py:3696} INFO - Setting next_dagrun for example_bash_operator to 2024-01-20T00:00:00+00:00, run_after=2024-01-21T00:00:00+00:00
[2024-01-21T14:49:32.633+0000] {processor.py:179} INFO - Processing /home/airflow/.local/lib/python3.11/site-packages/airflow/example_dags/example_bash_operator.py took 0.061 seconds
[2024-01-21T14:50:02.932+0000] {processor.py:157} INFO - Started process (PID=43085) to work on /home/airflow/.local/lib/python3.11/site-packages/airflow/example_dags/example_bash_operator.py
[2024-01-21T14:50:02.935+0000] {processor.py:829} INFO - Processing file /home/airflow/.local/lib/python3.11/site-packages/airflow/example_dags/example_bash_operator.py for tasks to queue
[2024-01-21T14:50:02.936+0000] {logging_mixin.py:151} INFO - [2024-01-21T14:50:02.936+0000] {dagbag.py:539} INFO - Filling up the DagBag from /home/airflow/.local/lib/python3.11/site-packages/airflow/example_dags/example_bash_operator.py
[2024-01-21T14:50:02.945+0000] {processor.py:839} INFO - DAG(s) dict_keys(['example_bash_operator']) retrieved from /home/airflow/.local/lib/python3.11/site-packages/airflow/example_dags/example_bash_operator.py
[2024-01-21T14:50:02.965+0000] {logging_mixin.py:151} INFO - [2024-01-21T14:50:02.965+0000] {dag.py:2915} INFO - Sync 1 DAGs
[2024-01-21T14:50:02.980+0000] {logging_mixin.py:151} INFO - [2024-01-21T14:50:02.980+0000] {dag.py:3696} INFO - Setting next_dagrun for example_bash_operator to 2024-01-20T00:00:00+00:00, run_after=2024-01-21T00:00:00+00:00
[2024-01-21T14:50:02.994+0000] {processor.py:179} INFO - Processing /home/airflow/.local/lib/python3.11/site-packages/airflow/example_dags/example_bash_operator.py took 0.064 seconds
[2024-01-21T14:50:34.018+0000] {processor.py:157} INFO - Started process (PID=43145) to work on /home/airflow/.local/lib/python3.11/site-packages/airflow/example_dags/example_bash_operator.py
[2024-01-21T14:50:34.021+0000] {processor.py:829} INFO - Processing file /home/airflow/.local/lib/python3.11/site-packages/airflow/example_dags/example_bash_operator.py for tasks to queue
[2024-01-21T14:50:34.024+0000] {logging_mixin.py:151} INFO - [2024-01-21T14:50:34.024+0000] {dagbag.py:539} INFO - Filling up the DagBag from /home/airflow/.local/lib/python3.11/site-packages/airflow/example_dags/example_bash_operator.py
[2024-01-21T14:50:34.040+0000] {processor.py:839} INFO - DAG(s) dict_keys(['example_bash_operator']) retrieved from /home/airflow/.local/lib/python3.11/site-packages/airflow/example_dags/example_bash_operator.py
[2024-01-21T14:50:34.071+0000] {logging_mixin.py:151} INFO - [2024-01-21T14:50:34.071+0000] {dag.py:2915} INFO - Sync 1 DAGs
[2024-01-21T14:50:34.098+0000] {logging_mixin.py:151} INFO - [2024-01-21T14:50:34.098+0000] {dag.py:3696} INFO - Setting next_dagrun for example_bash_operator to 2024-01-20T00:00:00+00:00, run_after=2024-01-21T00:00:00+00:00
[2024-01-21T14:50:34.141+0000] {processor.py:179} INFO - Processing /home/airflow/.local/lib/python3.11/site-packages/airflow/example_dags/example_bash_operator.py took 0.130 seconds
[2024-01-21T14:51:04.604+0000] {processor.py:157} INFO - Started process (PID=43205) to work on /home/airflow/.local/lib/python3.11/site-packages/airflow/example_dags/example_bash_operator.py
[2024-01-21T14:51:04.606+0000] {processor.py:829} INFO - Processing file /home/airflow/.local/lib/python3.11/site-packages/airflow/example_dags/example_bash_operator.py for tasks to queue
[2024-01-21T14:51:04.609+0000] {logging_mixin.py:151} INFO - [2024-01-21T14:51:04.609+0000] {dagbag.py:539} INFO - Filling up the DagBag from /home/airflow/.local/lib/python3.11/site-packages/airflow/example_dags/example_bash_operator.py
[2024-01-21T14:51:04.617+0000] {processor.py:839} INFO - DAG(s) dict_keys(['example_bash_operator']) retrieved from /home/airflow/.local/lib/python3.11/site-packages/airflow/example_dags/example_bash_operator.py
[2024-01-21T14:51:04.641+0000] {logging_mixin.py:151} INFO - [2024-01-21T14:51:04.640+0000] {dag.py:2915} INFO - Sync 1 DAGs
[2024-01-21T14:51:04.656+0000] {logging_mixin.py:151} INFO - [2024-01-21T14:51:04.656+0000] {dag.py:3696} INFO - Setting next_dagrun for example_bash_operator to 2024-01-20T00:00:00+00:00, run_after=2024-01-21T00:00:00+00:00
[2024-01-21T14:51:04.686+0000] {processor.py:179} INFO - Processing /home/airflow/.local/lib/python3.11/site-packages/airflow/example_dags/example_bash_operator.py took 0.084 seconds
[2024-01-21T14:51:35.037+0000] {processor.py:157} INFO - Started process (PID=43266) to work on /home/airflow/.local/lib/python3.11/site-packages/airflow/example_dags/example_bash_operator.py
[2024-01-21T14:51:35.041+0000] {processor.py:829} INFO - Processing file /home/airflow/.local/lib/python3.11/site-packages/airflow/example_dags/example_bash_operator.py for tasks to queue
[2024-01-21T14:51:35.042+0000] {logging_mixin.py:151} INFO - [2024-01-21T14:51:35.042+0000] {dagbag.py:539} INFO - Filling up the DagBag from /home/airflow/.local/lib/python3.11/site-packages/airflow/example_dags/example_bash_operator.py
[2024-01-21T14:51:35.050+0000] {processor.py:839} INFO - DAG(s) dict_keys(['example_bash_operator']) retrieved from /home/airflow/.local/lib/python3.11/site-packages/airflow/example_dags/example_bash_operator.py
[2024-01-21T14:51:35.072+0000] {logging_mixin.py:151} INFO - [2024-01-21T14:51:35.072+0000] {dag.py:2915} INFO - Sync 1 DAGs
[2024-01-21T14:51:35.091+0000] {logging_mixin.py:151} INFO - [2024-01-21T14:51:35.091+0000] {dag.py:3696} INFO - Setting next_dagrun for example_bash_operator to 2024-01-20T00:00:00+00:00, run_after=2024-01-21T00:00:00+00:00
[2024-01-21T14:51:35.105+0000] {processor.py:179} INFO - Processing /home/airflow/.local/lib/python3.11/site-packages/airflow/example_dags/example_bash_operator.py took 0.070 seconds
[2024-01-21T14:52:05.265+0000] {processor.py:157} INFO - Started process (PID=43326) to work on /home/airflow/.local/lib/python3.11/site-packages/airflow/example_dags/example_bash_operator.py
[2024-01-21T14:52:05.266+0000] {processor.py:829} INFO - Processing file /home/airflow/.local/lib/python3.11/site-packages/airflow/example_dags/example_bash_operator.py for tasks to queue
[2024-01-21T14:52:05.267+0000] {logging_mixin.py:151} INFO - [2024-01-21T14:52:05.267+0000] {dagbag.py:539} INFO - Filling up the DagBag from /home/airflow/.local/lib/python3.11/site-packages/airflow/example_dags/example_bash_operator.py
[2024-01-21T14:52:05.275+0000] {processor.py:839} INFO - DAG(s) dict_keys(['example_bash_operator']) retrieved from /home/airflow/.local/lib/python3.11/site-packages/airflow/example_dags/example_bash_operator.py
[2024-01-21T14:52:05.296+0000] {logging_mixin.py:151} INFO - [2024-01-21T14:52:05.296+0000] {dag.py:2915} INFO - Sync 1 DAGs
[2024-01-21T14:52:05.311+0000] {logging_mixin.py:151} INFO - [2024-01-21T14:52:05.311+0000] {dag.py:3696} INFO - Setting next_dagrun for example_bash_operator to 2024-01-20T00:00:00+00:00, run_after=2024-01-21T00:00:00+00:00
[2024-01-21T14:52:05.326+0000] {processor.py:179} INFO - Processing /home/airflow/.local/lib/python3.11/site-packages/airflow/example_dags/example_bash_operator.py took 0.063 seconds
[2024-01-21T14:52:35.439+0000] {processor.py:157} INFO - Started process (PID=43386) to work on /home/airflow/.local/lib/python3.11/site-packages/airflow/example_dags/example_bash_operator.py
[2024-01-21T14:52:35.442+0000] {processor.py:829} INFO - Processing file /home/airflow/.local/lib/python3.11/site-packages/airflow/example_dags/example_bash_operator.py for tasks to queue
[2024-01-21T14:52:35.444+0000] {logging_mixin.py:151} INFO - [2024-01-21T14:52:35.444+0000] {dagbag.py:539} INFO - Filling up the DagBag from /home/airflow/.local/lib/python3.11/site-packages/airflow/example_dags/example_bash_operator.py
[2024-01-21T14:52:35.452+0000] {processor.py:839} INFO - DAG(s) dict_keys(['example_bash_operator']) retrieved from /home/airflow/.local/lib/python3.11/site-packages/airflow/example_dags/example_bash_operator.py
[2024-01-21T14:52:35.470+0000] {logging_mixin.py:151} INFO - [2024-01-21T14:52:35.470+0000] {dag.py:2915} INFO - Sync 1 DAGs
[2024-01-21T14:52:35.485+0000] {logging_mixin.py:151} INFO - [2024-01-21T14:52:35.485+0000] {dag.py:3696} INFO - Setting next_dagrun for example_bash_operator to 2024-01-20T00:00:00+00:00, run_after=2024-01-21T00:00:00+00:00
[2024-01-21T14:52:35.499+0000] {processor.py:179} INFO - Processing /home/airflow/.local/lib/python3.11/site-packages/airflow/example_dags/example_bash_operator.py took 0.062 seconds
[2024-01-21T14:53:06.123+0000] {processor.py:157} INFO - Started process (PID=43446) to work on /home/airflow/.local/lib/python3.11/site-packages/airflow/example_dags/example_bash_operator.py
[2024-01-21T14:53:06.126+0000] {processor.py:829} INFO - Processing file /home/airflow/.local/lib/python3.11/site-packages/airflow/example_dags/example_bash_operator.py for tasks to queue
[2024-01-21T14:53:06.127+0000] {logging_mixin.py:151} INFO - [2024-01-21T14:53:06.127+0000] {dagbag.py:539} INFO - Filling up the DagBag from /home/airflow/.local/lib/python3.11/site-packages/airflow/example_dags/example_bash_operator.py
[2024-01-21T14:53:06.135+0000] {processor.py:839} INFO - DAG(s) dict_keys(['example_bash_operator']) retrieved from /home/airflow/.local/lib/python3.11/site-packages/airflow/example_dags/example_bash_operator.py
[2024-01-21T14:53:06.152+0000] {logging_mixin.py:151} INFO - [2024-01-21T14:53:06.152+0000] {dag.py:2915} INFO - Sync 1 DAGs
[2024-01-21T14:53:06.165+0000] {logging_mixin.py:151} INFO - [2024-01-21T14:53:06.165+0000] {dag.py:3696} INFO - Setting next_dagrun for example_bash_operator to 2024-01-20T00:00:00+00:00, run_after=2024-01-21T00:00:00+00:00
[2024-01-21T14:53:06.175+0000] {processor.py:179} INFO - Processing /home/airflow/.local/lib/python3.11/site-packages/airflow/example_dags/example_bash_operator.py took 0.054 seconds
[2024-01-21T14:53:36.732+0000] {processor.py:157} INFO - Started process (PID=43506) to work on /home/airflow/.local/lib/python3.11/site-packages/airflow/example_dags/example_bash_operator.py
[2024-01-21T14:53:36.733+0000] {processor.py:829} INFO - Processing file /home/airflow/.local/lib/python3.11/site-packages/airflow/example_dags/example_bash_operator.py for tasks to queue
[2024-01-21T14:53:36.735+0000] {logging_mixin.py:151} INFO - [2024-01-21T14:53:36.734+0000] {dagbag.py:539} INFO - Filling up the DagBag from /home/airflow/.local/lib/python3.11/site-packages/airflow/example_dags/example_bash_operator.py
[2024-01-21T14:53:36.743+0000] {processor.py:839} INFO - DAG(s) dict_keys(['example_bash_operator']) retrieved from /home/airflow/.local/lib/python3.11/site-packages/airflow/example_dags/example_bash_operator.py
[2024-01-21T14:53:36.765+0000] {logging_mixin.py:151} INFO - [2024-01-21T14:53:36.765+0000] {dag.py:2915} INFO - Sync 1 DAGs
[2024-01-21T14:53:36.781+0000] {logging_mixin.py:151} INFO - [2024-01-21T14:53:36.780+0000] {dag.py:3696} INFO - Setting next_dagrun for example_bash_operator to 2024-01-20T00:00:00+00:00, run_after=2024-01-21T00:00:00+00:00
[2024-01-21T14:53:36.794+0000] {processor.py:179} INFO - Processing /home/airflow/.local/lib/python3.11/site-packages/airflow/example_dags/example_bash_operator.py took 0.064 seconds
[2024-01-21T14:54:06.968+0000] {processor.py:157} INFO - Started process (PID=43566) to work on /home/airflow/.local/lib/python3.11/site-packages/airflow/example_dags/example_bash_operator.py
[2024-01-21T14:54:06.970+0000] {processor.py:829} INFO - Processing file /home/airflow/.local/lib/python3.11/site-packages/airflow/example_dags/example_bash_operator.py for tasks to queue
[2024-01-21T14:54:06.971+0000] {logging_mixin.py:151} INFO - [2024-01-21T14:54:06.971+0000] {dagbag.py:539} INFO - Filling up the DagBag from /home/airflow/.local/lib/python3.11/site-packages/airflow/example_dags/example_bash_operator.py
[2024-01-21T14:54:06.981+0000] {processor.py:839} INFO - DAG(s) dict_keys(['example_bash_operator']) retrieved from /home/airflow/.local/lib/python3.11/site-packages/airflow/example_dags/example_bash_operator.py
[2024-01-21T14:54:07.001+0000] {logging_mixin.py:151} INFO - [2024-01-21T14:54:07.001+0000] {dag.py:2915} INFO - Sync 1 DAGs
[2024-01-21T14:54:07.016+0000] {logging_mixin.py:151} INFO - [2024-01-21T14:54:07.016+0000] {dag.py:3696} INFO - Setting next_dagrun for example_bash_operator to 2024-01-20T00:00:00+00:00, run_after=2024-01-21T00:00:00+00:00
[2024-01-21T14:54:07.029+0000] {processor.py:179} INFO - Processing /home/airflow/.local/lib/python3.11/site-packages/airflow/example_dags/example_bash_operator.py took 0.063 seconds
[2024-01-21T14:54:37.394+0000] {processor.py:157} INFO - Started process (PID=43626) to work on /home/airflow/.local/lib/python3.11/site-packages/airflow/example_dags/example_bash_operator.py
[2024-01-21T14:54:37.397+0000] {processor.py:829} INFO - Processing file /home/airflow/.local/lib/python3.11/site-packages/airflow/example_dags/example_bash_operator.py for tasks to queue
[2024-01-21T14:54:37.399+0000] {logging_mixin.py:151} INFO - [2024-01-21T14:54:37.398+0000] {dagbag.py:539} INFO - Filling up the DagBag from /home/airflow/.local/lib/python3.11/site-packages/airflow/example_dags/example_bash_operator.py
[2024-01-21T14:54:37.407+0000] {processor.py:839} INFO - DAG(s) dict_keys(['example_bash_operator']) retrieved from /home/airflow/.local/lib/python3.11/site-packages/airflow/example_dags/example_bash_operator.py
[2024-01-21T14:54:37.431+0000] {logging_mixin.py:151} INFO - [2024-01-21T14:54:37.430+0000] {dag.py:2915} INFO - Sync 1 DAGs
[2024-01-21T14:54:37.450+0000] {logging_mixin.py:151} INFO - [2024-01-21T14:54:37.450+0000] {dag.py:3696} INFO - Setting next_dagrun for example_bash_operator to 2024-01-20T00:00:00+00:00, run_after=2024-01-21T00:00:00+00:00
[2024-01-21T14:54:37.467+0000] {processor.py:179} INFO - Processing /home/airflow/.local/lib/python3.11/site-packages/airflow/example_dags/example_bash_operator.py took 0.075 seconds
[2024-01-21T14:55:08.137+0000] {processor.py:157} INFO - Started process (PID=43686) to work on /home/airflow/.local/lib/python3.11/site-packages/airflow/example_dags/example_bash_operator.py
[2024-01-21T14:55:08.139+0000] {processor.py:829} INFO - Processing file /home/airflow/.local/lib/python3.11/site-packages/airflow/example_dags/example_bash_operator.py for tasks to queue
[2024-01-21T14:55:08.140+0000] {logging_mixin.py:151} INFO - [2024-01-21T14:55:08.140+0000] {dagbag.py:539} INFO - Filling up the DagBag from /home/airflow/.local/lib/python3.11/site-packages/airflow/example_dags/example_bash_operator.py
[2024-01-21T14:55:08.149+0000] {processor.py:839} INFO - DAG(s) dict_keys(['example_bash_operator']) retrieved from /home/airflow/.local/lib/python3.11/site-packages/airflow/example_dags/example_bash_operator.py
[2024-01-21T14:55:08.172+0000] {logging_mixin.py:151} INFO - [2024-01-21T14:55:08.171+0000] {dag.py:2915} INFO - Sync 1 DAGs
[2024-01-21T14:55:08.187+0000] {logging_mixin.py:151} INFO - [2024-01-21T14:55:08.187+0000] {dag.py:3696} INFO - Setting next_dagrun for example_bash_operator to 2024-01-20T00:00:00+00:00, run_after=2024-01-21T00:00:00+00:00
[2024-01-21T14:55:08.201+0000] {processor.py:179} INFO - Processing /home/airflow/.local/lib/python3.11/site-packages/airflow/example_dags/example_bash_operator.py took 0.067 seconds
[2024-01-21T14:55:38.630+0000] {processor.py:157} INFO - Started process (PID=43746) to work on /home/airflow/.local/lib/python3.11/site-packages/airflow/example_dags/example_bash_operator.py
[2024-01-21T14:55:38.633+0000] {processor.py:829} INFO - Processing file /home/airflow/.local/lib/python3.11/site-packages/airflow/example_dags/example_bash_operator.py for tasks to queue
[2024-01-21T14:55:38.634+0000] {logging_mixin.py:151} INFO - [2024-01-21T14:55:38.634+0000] {dagbag.py:539} INFO - Filling up the DagBag from /home/airflow/.local/lib/python3.11/site-packages/airflow/example_dags/example_bash_operator.py
[2024-01-21T14:55:38.643+0000] {processor.py:839} INFO - DAG(s) dict_keys(['example_bash_operator']) retrieved from /home/airflow/.local/lib/python3.11/site-packages/airflow/example_dags/example_bash_operator.py
[2024-01-21T14:55:38.670+0000] {logging_mixin.py:151} INFO - [2024-01-21T14:55:38.670+0000] {dag.py:2915} INFO - Sync 1 DAGs
[2024-01-21T14:55:38.698+0000] {logging_mixin.py:151} INFO - [2024-01-21T14:55:38.697+0000] {dag.py:3696} INFO - Setting next_dagrun for example_bash_operator to 2024-01-20T00:00:00+00:00, run_after=2024-01-21T00:00:00+00:00
[2024-01-21T14:55:38.715+0000] {processor.py:179} INFO - Processing /home/airflow/.local/lib/python3.11/site-packages/airflow/example_dags/example_bash_operator.py took 0.088 seconds
[2024-01-21T14:56:08.988+0000] {processor.py:157} INFO - Started process (PID=43806) to work on /home/airflow/.local/lib/python3.11/site-packages/airflow/example_dags/example_bash_operator.py
[2024-01-21T14:56:08.991+0000] {processor.py:829} INFO - Processing file /home/airflow/.local/lib/python3.11/site-packages/airflow/example_dags/example_bash_operator.py for tasks to queue
[2024-01-21T14:56:08.993+0000] {logging_mixin.py:151} INFO - [2024-01-21T14:56:08.992+0000] {dagbag.py:539} INFO - Filling up the DagBag from /home/airflow/.local/lib/python3.11/site-packages/airflow/example_dags/example_bash_operator.py
[2024-01-21T14:56:09.001+0000] {processor.py:839} INFO - DAG(s) dict_keys(['example_bash_operator']) retrieved from /home/airflow/.local/lib/python3.11/site-packages/airflow/example_dags/example_bash_operator.py
[2024-01-21T14:56:09.022+0000] {logging_mixin.py:151} INFO - [2024-01-21T14:56:09.022+0000] {dag.py:2915} INFO - Sync 1 DAGs
[2024-01-21T14:56:09.041+0000] {logging_mixin.py:151} INFO - [2024-01-21T14:56:09.041+0000] {dag.py:3696} INFO - Setting next_dagrun for example_bash_operator to 2024-01-20T00:00:00+00:00, run_after=2024-01-21T00:00:00+00:00
[2024-01-21T14:56:09.056+0000] {processor.py:179} INFO - Processing /home/airflow/.local/lib/python3.11/site-packages/airflow/example_dags/example_bash_operator.py took 0.070 seconds
