[2023-12-17T16:51:20.122+0000] {taskinstance.py:1157} INFO - Dependencies all met for dep_context=non-requeueable deps ti=<TaskInstance: read_s3_data.read_s3_data scheduled__2023-01-26T00:00:00+00:00 [queued]>
[2023-12-17T16:51:21.814+0000] {taskinstance.py:1157} INFO - Dependencies all met for dep_context=requeueable deps ti=<TaskInstance: read_s3_data.read_s3_data scheduled__2023-01-26T00:00:00+00:00 [queued]>
[2023-12-17T16:51:21.850+0000] {taskinstance.py:1359} INFO - Starting attempt 3 of 4
[2023-12-17T16:51:22.534+0000] {taskinstance.py:1380} INFO - Executing <Task(PythonOperator): read_s3_data> on 2023-01-26 00:00:00+00:00
[2023-12-17T16:51:22.633+0000] {standard_task_runner.py:57} INFO - Started process 29265 to run task
[2023-12-17T16:51:23.225+0000] {standard_task_runner.py:84} INFO - Running: ['***', 'tasks', 'run', 'read_s3_data', 'read_s3_data', 'scheduled__2023-01-26T00:00:00+00:00', '--job-id', '7005', '--raw', '--subdir', 'DAGS_FOLDER/read.py', '--cfg-path', '/tmp/tmpkjvrx7kj']
[2023-12-17T16:51:23.637+0000] {standard_task_runner.py:85} INFO - Job 7005: Subtask read_s3_data
[2023-12-17T16:51:28.379+0000] {task_command.py:415} INFO - Running <TaskInstance: read_s3_data.read_s3_data scheduled__2023-01-26T00:00:00+00:00 [running]> on host 533efb53d454
[2023-12-17T16:51:46.997+0000] {taskinstance.py:1660} INFO - Exporting env vars: AIRFLOW_CTX_DAG_OWNER='***' AIRFLOW_CTX_DAG_ID='read_s3_data' AIRFLOW_CTX_TASK_ID='read_s3_data' AIRFLOW_CTX_EXECUTION_DATE='2023-01-26T00:00:00+00:00' AIRFLOW_CTX_TRY_NUMBER='3' AIRFLOW_CTX_DAG_RUN_ID='scheduled__2023-01-26T00:00:00+00:00'
[2023-12-17T16:51:47.495+0000] {taskinstance.py:1935} ERROR - Task failed with exception
Traceback (most recent call last):
  File "/home/airflow/.local/lib/python3.11/site-packages/airflow/operators/python.py", line 192, in execute
    return_value = self.execute_callable()
                   ^^^^^^^^^^^^^^^^^^^^^^^
  File "/home/airflow/.local/lib/python3.11/site-packages/airflow/operators/python.py", line 209, in execute_callable
    return self.python_callable(*self.op_args, **self.op_kwargs)
           ^^^^^^^^^^^^^^^^^^^^^^^^^^^^^^^^^^^^^^^^^^^^^^^^^^^^^
TypeError: generic_s3_clients() missing 2 required positional arguments: 'ACCESS_KEY' and 'SECRET_KEY'
[2023-12-17T16:51:50.935+0000] {taskinstance.py:1398} INFO - Marking task as UP_FOR_RETRY. dag_id=read_s3_data, task_id=read_s3_data, execution_date=20230126T000000, start_date=20231217T165120, end_date=20231217T165150
[2023-12-17T16:51:53.351+0000] {standard_task_runner.py:104} ERROR - Failed to execute job 7005 for task read_s3_data (generic_s3_clients() missing 2 required positional arguments: 'ACCESS_KEY' and 'SECRET_KEY'; 29265)
[2023-12-17T16:52:00.108+0000] {local_task_job_runner.py:228} INFO - Task exited with return code 1
[2023-12-17T16:52:06.651+0000] {taskinstance.py:2776} INFO - 0 downstream tasks scheduled from follow-on schedule check
