[2023-04-19T12:40:17.102+0000] {taskinstance.py:1083} INFO - Dependencies all met for <TaskInstance: age_check.age_check scheduled__2022-10-09T00:00:00+00:00 [queued]>
[2023-04-19T12:40:17.111+0000] {taskinstance.py:1083} INFO - Dependencies all met for <TaskInstance: age_check.age_check scheduled__2022-10-09T00:00:00+00:00 [queued]>
[2023-04-19T12:40:17.114+0000] {taskinstance.py:1279} INFO - 
--------------------------------------------------------------------------------
[2023-04-19T12:40:17.115+0000] {taskinstance.py:1280} INFO - Starting attempt 2 of 4
[2023-04-19T12:40:17.116+0000] {taskinstance.py:1281} INFO - 
--------------------------------------------------------------------------------
[2023-04-19T12:40:17.131+0000] {taskinstance.py:1300} INFO - Executing <Task(PythonOperator): age_check> on 2022-10-09 00:00:00+00:00
[2023-04-19T12:40:17.141+0000] {standard_task_runner.py:55} INFO - Started process 22375 to run task
[2023-04-19T12:40:17.144+0000] {standard_task_runner.py:82} INFO - Running: ['***', 'tasks', 'run', 'age_check', 'age_check', 'scheduled__2022-10-09T00:00:00+00:00', '--job-id', '967', '--raw', '--subdir', 'DAGS_FOLDER/age.py', '--cfg-path', '/tmp/tmpfpw6ylds']
[2023-04-19T12:40:17.147+0000] {standard_task_runner.py:83} INFO - Job 967: Subtask age_check
[2023-04-19T12:40:17.233+0000] {task_command.py:388} INFO - Running <TaskInstance: age_check.age_check scheduled__2022-10-09T00:00:00+00:00 [running]> on host fe34f61acbb3
[2023-04-19T12:40:17.284+0000] {taskinstance.py:1509} INFO - Exporting the following env vars:
AIRFLOW_CTX_DAG_OWNER=***
AIRFLOW_CTX_DAG_ID=age_check
AIRFLOW_CTX_TASK_ID=age_check
AIRFLOW_CTX_EXECUTION_DATE=2022-10-09T00:00:00+00:00
AIRFLOW_CTX_TRY_NUMBER=2
AIRFLOW_CTX_DAG_RUN_ID=scheduled__2022-10-09T00:00:00+00:00
[2023-04-19T12:40:17.292+0000] {taskinstance.py:1768} ERROR - Task failed with exception
Traceback (most recent call last):
  File "/home/airflow/.local/lib/python3.7/site-packages/airflow/operators/python.py", line 175, in execute
    return_value = self.execute_callable()
  File "/home/airflow/.local/lib/python3.7/site-packages/airflow/operators/python.py", line 192, in execute_callable
    return self.python_callable(*self.op_args, **self.op_kwargs)
  File "/opt/airflow/dags/age.py", line 35, in age_check
    birth_year = int(Variable.get('birth_year'))
  File "/home/airflow/.local/lib/python3.7/site-packages/airflow/models/variable.py", line 141, in get
    raise KeyError(f"Variable {key} does not exist")
KeyError: 'Variable birth_year does not exist'
[2023-04-19T12:40:17.311+0000] {taskinstance.py:1323} INFO - Marking task as UP_FOR_RETRY. dag_id=age_check, task_id=age_check, execution_date=20221009T000000, start_date=20230419T124017, end_date=20230419T124017
[2023-04-19T12:40:17.319+0000] {standard_task_runner.py:105} ERROR - Failed to execute job 967 for task age_check ('Variable birth_year does not exist'; 22375)
[2023-04-19T12:40:17.359+0000] {local_task_job.py:208} INFO - Task exited with return code 1
[2023-04-19T12:40:17.379+0000] {taskinstance.py:2578} INFO - 0 downstream tasks scheduled from follow-on schedule check
[2023-05-17T09:55:51.080+0000] {taskinstance.py:1083} INFO - Dependencies all met for <TaskInstance: age_check.age_check scheduled__2022-10-09T00:00:00+00:00 [queued]>
[2023-05-17T09:55:51.095+0000] {taskinstance.py:1083} INFO - Dependencies all met for <TaskInstance: age_check.age_check scheduled__2022-10-09T00:00:00+00:00 [queued]>
[2023-05-17T09:55:51.096+0000] {taskinstance.py:1279} INFO - 
--------------------------------------------------------------------------------
[2023-05-17T09:55:51.101+0000] {taskinstance.py:1280} INFO - Starting attempt 2 of 4
[2023-05-17T09:55:51.103+0000] {taskinstance.py:1281} INFO - 
--------------------------------------------------------------------------------
[2023-05-17T09:55:51.117+0000] {taskinstance.py:1300} INFO - Executing <Task(PythonOperator): age_check> on 2022-10-09 00:00:00+00:00
[2023-05-17T09:55:51.132+0000] {standard_task_runner.py:55} INFO - Started process 5048 to run task
[2023-05-17T09:55:51.134+0000] {standard_task_runner.py:82} INFO - Running: ['***', 'tasks', 'run', 'age_check', 'age_check', 'scheduled__2022-10-09T00:00:00+00:00', '--job-id', '526', '--raw', '--subdir', 'DAGS_FOLDER/age.py', '--cfg-path', '/tmp/tmp2zog7644']
[2023-05-17T09:55:51.143+0000] {standard_task_runner.py:83} INFO - Job 526: Subtask age_check
[2023-05-17T09:55:51.266+0000] {task_command.py:388} INFO - Running <TaskInstance: age_check.age_check scheduled__2022-10-09T00:00:00+00:00 [running]> on host 242f95e3e8a8
[2023-05-17T09:55:51.355+0000] {taskinstance.py:1509} INFO - Exporting the following env vars:
AIRFLOW_CTX_DAG_OWNER=***
AIRFLOW_CTX_DAG_ID=age_check
AIRFLOW_CTX_TASK_ID=age_check
AIRFLOW_CTX_EXECUTION_DATE=2022-10-09T00:00:00+00:00
AIRFLOW_CTX_TRY_NUMBER=2
AIRFLOW_CTX_DAG_RUN_ID=scheduled__2022-10-09T00:00:00+00:00
[2023-05-17T09:55:51.386+0000] {taskinstance.py:1768} ERROR - Task failed with exception
Traceback (most recent call last):
  File "/home/airflow/.local/lib/python3.7/site-packages/airflow/operators/python.py", line 175, in execute
    return_value = self.execute_callable()
  File "/home/airflow/.local/lib/python3.7/site-packages/airflow/operators/python.py", line 192, in execute_callable
    return self.python_callable(*self.op_args, **self.op_kwargs)
  File "/opt/airflow/dags/age.py", line 35, in age_check
    birth_year = int(Variable.get('birth_year'))
  File "/home/airflow/.local/lib/python3.7/site-packages/airflow/models/variable.py", line 141, in get
    raise KeyError(f"Variable {key} does not exist")
KeyError: 'Variable birth_year does not exist'
[2023-05-17T09:55:51.427+0000] {taskinstance.py:1323} INFO - Marking task as UP_FOR_RETRY. dag_id=age_check, task_id=age_check, execution_date=20221009T000000, start_date=20230517T095551, end_date=20230517T095551
[2023-05-17T09:55:51.450+0000] {standard_task_runner.py:105} ERROR - Failed to execute job 526 for task age_check ('Variable birth_year does not exist'; 5048)
[2023-05-17T09:55:51.517+0000] {local_task_job.py:208} INFO - Task exited with return code 1
[2023-05-17T09:55:51.538+0000] {taskinstance.py:2578} INFO - 0 downstream tasks scheduled from follow-on schedule check
