[2023-06-09T00:29:12.328+0000] {processor.py:153} INFO - Started process (PID=90703) to work on /home/airflow/.local/lib/python3.7/site-packages/airflow/example_dags/example_task_group_decorator.py
[2023-06-09T00:29:12.331+0000] {processor.py:743} INFO - Processing file /home/airflow/.local/lib/python3.7/site-packages/airflow/example_dags/example_task_group_decorator.py for tasks to queue
[2023-06-09T00:29:12.332+0000] {logging_mixin.py:137} INFO - [2023-06-09T00:29:12.332+0000] {dagbag.py:538} INFO - Filling up the DagBag from /home/airflow/.local/lib/python3.7/site-packages/airflow/example_dags/example_task_group_decorator.py
[2023-06-09T00:29:12.358+0000] {processor.py:753} INFO - DAG(s) dict_keys(['example_task_group_decorator']) retrieved from /home/airflow/.local/lib/python3.7/site-packages/airflow/example_dags/example_task_group_decorator.py
[2023-06-09T00:29:12.388+0000] {logging_mixin.py:137} INFO - [2023-06-09T00:29:12.388+0000] {dag.py:2690} INFO - Sync 1 DAGs
[2023-06-09T00:29:12.411+0000] {logging_mixin.py:137} INFO - [2023-06-09T00:29:12.411+0000] {dag.py:3441} INFO - Setting next_dagrun for example_task_group_decorator to 2023-06-08T00:29:12.411598+00:00, run_after=2023-06-09T00:29:12.411598+00:00
[2023-06-09T00:29:12.425+0000] {processor.py:175} INFO - Processing /home/airflow/.local/lib/python3.7/site-packages/airflow/example_dags/example_task_group_decorator.py took 0.104 seconds
[2023-06-09T01:50:21.217+0000] {processor.py:153} INFO - Started process (PID=90774) to work on /home/airflow/.local/lib/python3.7/site-packages/airflow/example_dags/example_task_group_decorator.py
[2023-06-09T01:50:21.219+0000] {processor.py:743} INFO - Processing file /home/airflow/.local/lib/python3.7/site-packages/airflow/example_dags/example_task_group_decorator.py for tasks to queue
[2023-06-09T01:50:21.220+0000] {logging_mixin.py:137} INFO - [2023-06-09T01:50:21.220+0000] {dagbag.py:538} INFO - Filling up the DagBag from /home/airflow/.local/lib/python3.7/site-packages/airflow/example_dags/example_task_group_decorator.py
[2023-06-09T01:50:21.243+0000] {processor.py:753} INFO - DAG(s) dict_keys(['example_task_group_decorator']) retrieved from /home/airflow/.local/lib/python3.7/site-packages/airflow/example_dags/example_task_group_decorator.py
[2023-06-09T01:50:21.269+0000] {logging_mixin.py:137} INFO - [2023-06-09T01:50:21.269+0000] {dag.py:2690} INFO - Sync 1 DAGs
[2023-06-09T01:50:21.292+0000] {logging_mixin.py:137} INFO - [2023-06-09T01:50:21.292+0000] {dag.py:3441} INFO - Setting next_dagrun for example_task_group_decorator to 2023-06-08T01:50:21.291966+00:00, run_after=2023-06-09T01:50:21.291966+00:00
[2023-06-09T01:50:21.307+0000] {processor.py:175} INFO - Processing /home/airflow/.local/lib/python3.7/site-packages/airflow/example_dags/example_task_group_decorator.py took 0.093 seconds
[2023-06-09T03:14:53.660+0000] {processor.py:153} INFO - Started process (PID=90856) to work on /home/airflow/.local/lib/python3.7/site-packages/airflow/example_dags/example_task_group_decorator.py
[2023-06-09T03:14:53.662+0000] {processor.py:743} INFO - Processing file /home/airflow/.local/lib/python3.7/site-packages/airflow/example_dags/example_task_group_decorator.py for tasks to queue
[2023-06-09T03:14:53.663+0000] {logging_mixin.py:137} INFO - [2023-06-09T03:14:53.663+0000] {dagbag.py:538} INFO - Filling up the DagBag from /home/airflow/.local/lib/python3.7/site-packages/airflow/example_dags/example_task_group_decorator.py
[2023-06-09T03:14:53.685+0000] {processor.py:753} INFO - DAG(s) dict_keys(['example_task_group_decorator']) retrieved from /home/airflow/.local/lib/python3.7/site-packages/airflow/example_dags/example_task_group_decorator.py
[2023-06-09T03:14:53.708+0000] {logging_mixin.py:137} INFO - [2023-06-09T03:14:53.708+0000] {dag.py:2690} INFO - Sync 1 DAGs
[2023-06-09T03:14:53.726+0000] {logging_mixin.py:137} INFO - [2023-06-09T03:14:53.726+0000] {dag.py:3441} INFO - Setting next_dagrun for example_task_group_decorator to 2023-06-08T03:14:53.726634+00:00, run_after=2023-06-09T03:14:53.726634+00:00
[2023-06-09T03:14:53.739+0000] {processor.py:175} INFO - Processing /home/airflow/.local/lib/python3.7/site-packages/airflow/example_dags/example_task_group_decorator.py took 0.084 seconds
[2023-06-09T04:21:07.456+0000] {processor.py:153} INFO - Started process (PID=90940) to work on /home/airflow/.local/lib/python3.7/site-packages/airflow/example_dags/example_task_group_decorator.py
[2023-06-09T04:21:07.458+0000] {processor.py:743} INFO - Processing file /home/airflow/.local/lib/python3.7/site-packages/airflow/example_dags/example_task_group_decorator.py for tasks to queue
[2023-06-09T04:21:07.459+0000] {logging_mixin.py:137} INFO - [2023-06-09T04:21:07.459+0000] {dagbag.py:538} INFO - Filling up the DagBag from /home/airflow/.local/lib/python3.7/site-packages/airflow/example_dags/example_task_group_decorator.py
[2023-06-09T04:21:07.484+0000] {processor.py:753} INFO - DAG(s) dict_keys(['example_task_group_decorator']) retrieved from /home/airflow/.local/lib/python3.7/site-packages/airflow/example_dags/example_task_group_decorator.py
[2023-06-09T04:21:07.508+0000] {logging_mixin.py:137} INFO - [2023-06-09T04:21:07.508+0000] {dag.py:2690} INFO - Sync 1 DAGs
[2023-06-09T04:21:07.530+0000] {logging_mixin.py:137} INFO - [2023-06-09T04:21:07.529+0000] {dag.py:3441} INFO - Setting next_dagrun for example_task_group_decorator to 2023-06-08T04:21:07.529731+00:00, run_after=2023-06-09T04:21:07.529731+00:00
[2023-06-09T04:21:07.545+0000] {processor.py:175} INFO - Processing /home/airflow/.local/lib/python3.7/site-packages/airflow/example_dags/example_task_group_decorator.py took 0.091 seconds
[2023-06-09T05:29:12.118+0000] {processor.py:153} INFO - Started process (PID=91011) to work on /home/airflow/.local/lib/python3.7/site-packages/airflow/example_dags/example_task_group_decorator.py
[2023-06-09T05:29:12.119+0000] {processor.py:743} INFO - Processing file /home/airflow/.local/lib/python3.7/site-packages/airflow/example_dags/example_task_group_decorator.py for tasks to queue
[2023-06-09T05:29:12.122+0000] {logging_mixin.py:137} INFO - [2023-06-09T05:29:12.121+0000] {dagbag.py:538} INFO - Filling up the DagBag from /home/airflow/.local/lib/python3.7/site-packages/airflow/example_dags/example_task_group_decorator.py
[2023-06-09T05:29:12.144+0000] {processor.py:753} INFO - DAG(s) dict_keys(['example_task_group_decorator']) retrieved from /home/airflow/.local/lib/python3.7/site-packages/airflow/example_dags/example_task_group_decorator.py
[2023-06-09T05:29:12.168+0000] {logging_mixin.py:137} INFO - [2023-06-09T05:29:12.168+0000] {dag.py:2690} INFO - Sync 1 DAGs
[2023-06-09T05:29:12.189+0000] {logging_mixin.py:137} INFO - [2023-06-09T05:29:12.188+0000] {dag.py:3441} INFO - Setting next_dagrun for example_task_group_decorator to 2023-06-08T05:29:12.188669+00:00, run_after=2023-06-09T05:29:12.188669+00:00
[2023-06-09T05:29:12.213+0000] {processor.py:175} INFO - Processing /home/airflow/.local/lib/python3.7/site-packages/airflow/example_dags/example_task_group_decorator.py took 0.098 seconds
[2023-06-09T06:12:24.584+0000] {processor.py:153} INFO - Started process (PID=91094) to work on /home/airflow/.local/lib/python3.7/site-packages/airflow/example_dags/example_task_group_decorator.py
[2023-06-09T06:12:24.596+0000] {processor.py:743} INFO - Processing file /home/airflow/.local/lib/python3.7/site-packages/airflow/example_dags/example_task_group_decorator.py for tasks to queue
[2023-06-09T06:12:24.600+0000] {logging_mixin.py:137} INFO - [2023-06-09T06:12:24.600+0000] {dagbag.py:538} INFO - Filling up the DagBag from /home/airflow/.local/lib/python3.7/site-packages/airflow/example_dags/example_task_group_decorator.py
[2023-06-09T06:12:24.670+0000] {processor.py:753} INFO - DAG(s) dict_keys(['example_task_group_decorator']) retrieved from /home/airflow/.local/lib/python3.7/site-packages/airflow/example_dags/example_task_group_decorator.py
[2023-06-09T06:12:24.723+0000] {logging_mixin.py:137} INFO - [2023-06-09T06:12:24.723+0000] {dag.py:2690} INFO - Sync 1 DAGs
[2023-06-09T06:12:24.746+0000] {logging_mixin.py:137} INFO - [2023-06-09T06:12:24.746+0000] {dag.py:3441} INFO - Setting next_dagrun for example_task_group_decorator to 2023-06-08T06:12:24.746378+00:00, run_after=2023-06-09T06:12:24.746378+00:00
[2023-06-09T06:12:24.783+0000] {processor.py:175} INFO - Processing /home/airflow/.local/lib/python3.7/site-packages/airflow/example_dags/example_task_group_decorator.py took 0.205 seconds
[2023-06-09T06:30:55.003+0000] {processor.py:153} INFO - Started process (PID=91166) to work on /home/airflow/.local/lib/python3.7/site-packages/airflow/example_dags/example_task_group_decorator.py
[2023-06-09T06:30:55.006+0000] {processor.py:743} INFO - Processing file /home/airflow/.local/lib/python3.7/site-packages/airflow/example_dags/example_task_group_decorator.py for tasks to queue
[2023-06-09T06:30:55.007+0000] {logging_mixin.py:137} INFO - [2023-06-09T06:30:55.007+0000] {dagbag.py:538} INFO - Filling up the DagBag from /home/airflow/.local/lib/python3.7/site-packages/airflow/example_dags/example_task_group_decorator.py
[2023-06-09T06:30:55.039+0000] {processor.py:753} INFO - DAG(s) dict_keys(['example_task_group_decorator']) retrieved from /home/airflow/.local/lib/python3.7/site-packages/airflow/example_dags/example_task_group_decorator.py
[2023-06-09T06:30:55.073+0000] {logging_mixin.py:137} INFO - [2023-06-09T06:30:55.073+0000] {dag.py:2690} INFO - Sync 1 DAGs
[2023-06-09T06:30:55.096+0000] {logging_mixin.py:137} INFO - [2023-06-09T06:30:55.096+0000] {dag.py:3441} INFO - Setting next_dagrun for example_task_group_decorator to 2023-06-08T06:30:55.096531+00:00, run_after=2023-06-09T06:30:55.096531+00:00
[2023-06-09T06:30:55.116+0000] {processor.py:175} INFO - Processing /home/airflow/.local/lib/python3.7/site-packages/airflow/example_dags/example_task_group_decorator.py took 0.118 seconds
[2023-06-09T06:32:03.895+0000] {processor.py:153} INFO - Started process (PID=91249) to work on /home/airflow/.local/lib/python3.7/site-packages/airflow/example_dags/example_task_group_decorator.py
[2023-06-09T06:32:03.897+0000] {processor.py:743} INFO - Processing file /home/airflow/.local/lib/python3.7/site-packages/airflow/example_dags/example_task_group_decorator.py for tasks to queue
[2023-06-09T06:32:03.898+0000] {logging_mixin.py:137} INFO - [2023-06-09T06:32:03.898+0000] {dagbag.py:538} INFO - Filling up the DagBag from /home/airflow/.local/lib/python3.7/site-packages/airflow/example_dags/example_task_group_decorator.py
[2023-06-09T06:32:03.918+0000] {processor.py:753} INFO - DAG(s) dict_keys(['example_task_group_decorator']) retrieved from /home/airflow/.local/lib/python3.7/site-packages/airflow/example_dags/example_task_group_decorator.py
[2023-06-09T06:32:03.942+0000] {logging_mixin.py:137} INFO - [2023-06-09T06:32:03.942+0000] {dag.py:2690} INFO - Sync 1 DAGs
[2023-06-09T06:32:03.960+0000] {logging_mixin.py:137} INFO - [2023-06-09T06:32:03.960+0000] {dag.py:3441} INFO - Setting next_dagrun for example_task_group_decorator to 2023-06-08T06:32:03.960294+00:00, run_after=2023-06-09T06:32:03.960294+00:00
[2023-06-09T06:32:03.972+0000] {processor.py:175} INFO - Processing /home/airflow/.local/lib/python3.7/site-packages/airflow/example_dags/example_task_group_decorator.py took 0.080 seconds
[2023-06-09T07:30:11.787+0000] {processor.py:153} INFO - Started process (PID=91333) to work on /home/airflow/.local/lib/python3.7/site-packages/airflow/example_dags/example_task_group_decorator.py
[2023-06-09T07:30:11.789+0000] {processor.py:743} INFO - Processing file /home/airflow/.local/lib/python3.7/site-packages/airflow/example_dags/example_task_group_decorator.py for tasks to queue
[2023-06-09T07:30:11.790+0000] {logging_mixin.py:137} INFO - [2023-06-09T07:30:11.790+0000] {dagbag.py:538} INFO - Filling up the DagBag from /home/airflow/.local/lib/python3.7/site-packages/airflow/example_dags/example_task_group_decorator.py
[2023-06-09T07:30:11.814+0000] {processor.py:753} INFO - DAG(s) dict_keys(['example_task_group_decorator']) retrieved from /home/airflow/.local/lib/python3.7/site-packages/airflow/example_dags/example_task_group_decorator.py
[2023-06-09T07:30:11.835+0000] {logging_mixin.py:137} INFO - [2023-06-09T07:30:11.835+0000] {dag.py:2690} INFO - Sync 1 DAGs
[2023-06-09T07:30:11.853+0000] {logging_mixin.py:137} INFO - [2023-06-09T07:30:11.853+0000] {dag.py:3441} INFO - Setting next_dagrun for example_task_group_decorator to 2023-06-08T07:30:11.852856+00:00, run_after=2023-06-09T07:30:11.852856+00:00
[2023-06-09T07:30:11.865+0000] {processor.py:175} INFO - Processing /home/airflow/.local/lib/python3.7/site-packages/airflow/example_dags/example_task_group_decorator.py took 0.081 seconds
[2023-06-09T07:30:42.131+0000] {processor.py:153} INFO - Started process (PID=91404) to work on /home/airflow/.local/lib/python3.7/site-packages/airflow/example_dags/example_task_group_decorator.py
[2023-06-09T07:30:42.133+0000] {processor.py:743} INFO - Processing file /home/airflow/.local/lib/python3.7/site-packages/airflow/example_dags/example_task_group_decorator.py for tasks to queue
[2023-06-09T07:30:42.134+0000] {logging_mixin.py:137} INFO - [2023-06-09T07:30:42.134+0000] {dagbag.py:538} INFO - Filling up the DagBag from /home/airflow/.local/lib/python3.7/site-packages/airflow/example_dags/example_task_group_decorator.py
[2023-06-09T07:30:42.155+0000] {processor.py:753} INFO - DAG(s) dict_keys(['example_task_group_decorator']) retrieved from /home/airflow/.local/lib/python3.7/site-packages/airflow/example_dags/example_task_group_decorator.py
[2023-06-09T07:30:42.177+0000] {logging_mixin.py:137} INFO - [2023-06-09T07:30:42.176+0000] {dag.py:2690} INFO - Sync 1 DAGs
[2023-06-09T07:30:42.192+0000] {logging_mixin.py:137} INFO - [2023-06-09T07:30:42.192+0000] {dag.py:3441} INFO - Setting next_dagrun for example_task_group_decorator to 2023-06-08T07:30:42.192333+00:00, run_after=2023-06-09T07:30:42.192333+00:00
[2023-06-09T07:30:42.206+0000] {processor.py:175} INFO - Processing /home/airflow/.local/lib/python3.7/site-packages/airflow/example_dags/example_task_group_decorator.py took 0.077 seconds
[2023-06-09T07:31:12.348+0000] {processor.py:153} INFO - Started process (PID=91486) to work on /home/airflow/.local/lib/python3.7/site-packages/airflow/example_dags/example_task_group_decorator.py
[2023-06-09T07:31:12.349+0000] {processor.py:743} INFO - Processing file /home/airflow/.local/lib/python3.7/site-packages/airflow/example_dags/example_task_group_decorator.py for tasks to queue
[2023-06-09T07:31:12.351+0000] {logging_mixin.py:137} INFO - [2023-06-09T07:31:12.351+0000] {dagbag.py:538} INFO - Filling up the DagBag from /home/airflow/.local/lib/python3.7/site-packages/airflow/example_dags/example_task_group_decorator.py
[2023-06-09T07:31:12.376+0000] {processor.py:753} INFO - DAG(s) dict_keys(['example_task_group_decorator']) retrieved from /home/airflow/.local/lib/python3.7/site-packages/airflow/example_dags/example_task_group_decorator.py
[2023-06-09T07:31:12.398+0000] {logging_mixin.py:137} INFO - [2023-06-09T07:31:12.398+0000] {dag.py:2690} INFO - Sync 1 DAGs
[2023-06-09T07:31:12.415+0000] {logging_mixin.py:137} INFO - [2023-06-09T07:31:12.415+0000] {dag.py:3441} INFO - Setting next_dagrun for example_task_group_decorator to 2023-06-08T07:31:12.415054+00:00, run_after=2023-06-09T07:31:12.415054+00:00
[2023-06-09T07:31:12.427+0000] {processor.py:175} INFO - Processing /home/airflow/.local/lib/python3.7/site-packages/airflow/example_dags/example_task_group_decorator.py took 0.082 seconds
[2023-06-09T07:31:42.949+0000] {processor.py:153} INFO - Started process (PID=91569) to work on /home/airflow/.local/lib/python3.7/site-packages/airflow/example_dags/example_task_group_decorator.py
[2023-06-09T07:31:42.952+0000] {processor.py:743} INFO - Processing file /home/airflow/.local/lib/python3.7/site-packages/airflow/example_dags/example_task_group_decorator.py for tasks to queue
[2023-06-09T07:31:42.953+0000] {logging_mixin.py:137} INFO - [2023-06-09T07:31:42.953+0000] {dagbag.py:538} INFO - Filling up the DagBag from /home/airflow/.local/lib/python3.7/site-packages/airflow/example_dags/example_task_group_decorator.py
[2023-06-09T07:31:42.977+0000] {processor.py:753} INFO - DAG(s) dict_keys(['example_task_group_decorator']) retrieved from /home/airflow/.local/lib/python3.7/site-packages/airflow/example_dags/example_task_group_decorator.py
[2023-06-09T07:31:43.005+0000] {logging_mixin.py:137} INFO - [2023-06-09T07:31:43.005+0000] {dag.py:2690} INFO - Sync 1 DAGs
[2023-06-09T07:31:43.028+0000] {logging_mixin.py:137} INFO - [2023-06-09T07:31:43.028+0000] {dag.py:3441} INFO - Setting next_dagrun for example_task_group_decorator to 2023-06-08T07:31:43.028046+00:00, run_after=2023-06-09T07:31:43.028046+00:00
[2023-06-09T07:31:43.045+0000] {processor.py:175} INFO - Processing /home/airflow/.local/lib/python3.7/site-packages/airflow/example_dags/example_task_group_decorator.py took 0.099 seconds
[2023-06-09T07:32:13.194+0000] {processor.py:153} INFO - Started process (PID=91640) to work on /home/airflow/.local/lib/python3.7/site-packages/airflow/example_dags/example_task_group_decorator.py
[2023-06-09T07:32:13.196+0000] {processor.py:743} INFO - Processing file /home/airflow/.local/lib/python3.7/site-packages/airflow/example_dags/example_task_group_decorator.py for tasks to queue
[2023-06-09T07:32:13.197+0000] {logging_mixin.py:137} INFO - [2023-06-09T07:32:13.197+0000] {dagbag.py:538} INFO - Filling up the DagBag from /home/airflow/.local/lib/python3.7/site-packages/airflow/example_dags/example_task_group_decorator.py
[2023-06-09T07:32:13.220+0000] {processor.py:753} INFO - DAG(s) dict_keys(['example_task_group_decorator']) retrieved from /home/airflow/.local/lib/python3.7/site-packages/airflow/example_dags/example_task_group_decorator.py
[2023-06-09T07:32:13.245+0000] {logging_mixin.py:137} INFO - [2023-06-09T07:32:13.245+0000] {dag.py:2690} INFO - Sync 1 DAGs
[2023-06-09T07:32:13.266+0000] {logging_mixin.py:137} INFO - [2023-06-09T07:32:13.266+0000] {dag.py:3441} INFO - Setting next_dagrun for example_task_group_decorator to 2023-06-08T07:32:13.266008+00:00, run_after=2023-06-09T07:32:13.266008+00:00
[2023-06-09T07:32:13.282+0000] {processor.py:175} INFO - Processing /home/airflow/.local/lib/python3.7/site-packages/airflow/example_dags/example_task_group_decorator.py took 0.092 seconds
[2023-06-09T07:32:43.659+0000] {processor.py:153} INFO - Started process (PID=91723) to work on /home/airflow/.local/lib/python3.7/site-packages/airflow/example_dags/example_task_group_decorator.py
[2023-06-09T07:32:43.661+0000] {processor.py:743} INFO - Processing file /home/airflow/.local/lib/python3.7/site-packages/airflow/example_dags/example_task_group_decorator.py for tasks to queue
[2023-06-09T07:32:43.662+0000] {logging_mixin.py:137} INFO - [2023-06-09T07:32:43.662+0000] {dagbag.py:538} INFO - Filling up the DagBag from /home/airflow/.local/lib/python3.7/site-packages/airflow/example_dags/example_task_group_decorator.py
[2023-06-09T07:32:43.683+0000] {processor.py:753} INFO - DAG(s) dict_keys(['example_task_group_decorator']) retrieved from /home/airflow/.local/lib/python3.7/site-packages/airflow/example_dags/example_task_group_decorator.py
[2023-06-09T07:32:43.704+0000] {logging_mixin.py:137} INFO - [2023-06-09T07:32:43.704+0000] {dag.py:2690} INFO - Sync 1 DAGs
[2023-06-09T07:32:43.721+0000] {logging_mixin.py:137} INFO - [2023-06-09T07:32:43.721+0000] {dag.py:3441} INFO - Setting next_dagrun for example_task_group_decorator to 2023-06-08T07:32:43.721243+00:00, run_after=2023-06-09T07:32:43.721243+00:00
[2023-06-09T07:32:43.735+0000] {processor.py:175} INFO - Processing /home/airflow/.local/lib/python3.7/site-packages/airflow/example_dags/example_task_group_decorator.py took 0.079 seconds
[2023-06-09T07:33:14.813+0000] {processor.py:153} INFO - Started process (PID=91805) to work on /home/airflow/.local/lib/python3.7/site-packages/airflow/example_dags/example_task_group_decorator.py
[2023-06-09T07:33:14.820+0000] {processor.py:743} INFO - Processing file /home/airflow/.local/lib/python3.7/site-packages/airflow/example_dags/example_task_group_decorator.py for tasks to queue
[2023-06-09T07:33:14.854+0000] {logging_mixin.py:137} INFO - [2023-06-09T07:33:14.854+0000] {dagbag.py:538} INFO - Filling up the DagBag from /home/airflow/.local/lib/python3.7/site-packages/airflow/example_dags/example_task_group_decorator.py
[2023-06-09T07:33:14.916+0000] {processor.py:753} INFO - DAG(s) dict_keys(['example_task_group_decorator']) retrieved from /home/airflow/.local/lib/python3.7/site-packages/airflow/example_dags/example_task_group_decorator.py
[2023-06-09T07:33:14.950+0000] {logging_mixin.py:137} INFO - [2023-06-09T07:33:14.950+0000] {dag.py:2690} INFO - Sync 1 DAGs
[2023-06-09T07:33:14.970+0000] {logging_mixin.py:137} INFO - [2023-06-09T07:33:14.970+0000] {dag.py:3441} INFO - Setting next_dagrun for example_task_group_decorator to 2023-06-08T07:33:14.969893+00:00, run_after=2023-06-09T07:33:14.969893+00:00
[2023-06-09T07:33:14.984+0000] {processor.py:175} INFO - Processing /home/airflow/.local/lib/python3.7/site-packages/airflow/example_dags/example_task_group_decorator.py took 0.174 seconds
[2023-06-09T07:33:45.473+0000] {processor.py:153} INFO - Started process (PID=91877) to work on /home/airflow/.local/lib/python3.7/site-packages/airflow/example_dags/example_task_group_decorator.py
[2023-06-09T07:33:45.475+0000] {processor.py:743} INFO - Processing file /home/airflow/.local/lib/python3.7/site-packages/airflow/example_dags/example_task_group_decorator.py for tasks to queue
[2023-06-09T07:33:45.476+0000] {logging_mixin.py:137} INFO - [2023-06-09T07:33:45.476+0000] {dagbag.py:538} INFO - Filling up the DagBag from /home/airflow/.local/lib/python3.7/site-packages/airflow/example_dags/example_task_group_decorator.py
[2023-06-09T07:33:45.497+0000] {processor.py:753} INFO - DAG(s) dict_keys(['example_task_group_decorator']) retrieved from /home/airflow/.local/lib/python3.7/site-packages/airflow/example_dags/example_task_group_decorator.py
[2023-06-09T07:33:45.520+0000] {logging_mixin.py:137} INFO - [2023-06-09T07:33:45.520+0000] {dag.py:2690} INFO - Sync 1 DAGs
[2023-06-09T07:33:45.538+0000] {logging_mixin.py:137} INFO - [2023-06-09T07:33:45.537+0000] {dag.py:3441} INFO - Setting next_dagrun for example_task_group_decorator to 2023-06-08T07:33:45.537818+00:00, run_after=2023-06-09T07:33:45.537818+00:00
[2023-06-09T07:33:45.551+0000] {processor.py:175} INFO - Processing /home/airflow/.local/lib/python3.7/site-packages/airflow/example_dags/example_task_group_decorator.py took 0.081 seconds
[2023-06-09T07:34:16.352+0000] {processor.py:153} INFO - Started process (PID=91960) to work on /home/airflow/.local/lib/python3.7/site-packages/airflow/example_dags/example_task_group_decorator.py
[2023-06-09T07:34:16.354+0000] {processor.py:743} INFO - Processing file /home/airflow/.local/lib/python3.7/site-packages/airflow/example_dags/example_task_group_decorator.py for tasks to queue
[2023-06-09T07:34:16.355+0000] {logging_mixin.py:137} INFO - [2023-06-09T07:34:16.355+0000] {dagbag.py:538} INFO - Filling up the DagBag from /home/airflow/.local/lib/python3.7/site-packages/airflow/example_dags/example_task_group_decorator.py
[2023-06-09T07:34:16.377+0000] {processor.py:753} INFO - DAG(s) dict_keys(['example_task_group_decorator']) retrieved from /home/airflow/.local/lib/python3.7/site-packages/airflow/example_dags/example_task_group_decorator.py
[2023-06-09T07:34:16.401+0000] {logging_mixin.py:137} INFO - [2023-06-09T07:34:16.401+0000] {dag.py:2690} INFO - Sync 1 DAGs
[2023-06-09T07:34:16.421+0000] {logging_mixin.py:137} INFO - [2023-06-09T07:34:16.421+0000] {dag.py:3441} INFO - Setting next_dagrun for example_task_group_decorator to 2023-06-08T07:34:16.420870+00:00, run_after=2023-06-09T07:34:16.420870+00:00
[2023-06-09T07:34:16.434+0000] {processor.py:175} INFO - Processing /home/airflow/.local/lib/python3.7/site-packages/airflow/example_dags/example_task_group_decorator.py took 0.085 seconds
[2023-06-09T07:34:47.157+0000] {processor.py:153} INFO - Started process (PID=92043) to work on /home/airflow/.local/lib/python3.7/site-packages/airflow/example_dags/example_task_group_decorator.py
[2023-06-09T07:34:47.159+0000] {processor.py:743} INFO - Processing file /home/airflow/.local/lib/python3.7/site-packages/airflow/example_dags/example_task_group_decorator.py for tasks to queue
[2023-06-09T07:34:47.160+0000] {logging_mixin.py:137} INFO - [2023-06-09T07:34:47.160+0000] {dagbag.py:538} INFO - Filling up the DagBag from /home/airflow/.local/lib/python3.7/site-packages/airflow/example_dags/example_task_group_decorator.py
[2023-06-09T07:34:47.181+0000] {processor.py:753} INFO - DAG(s) dict_keys(['example_task_group_decorator']) retrieved from /home/airflow/.local/lib/python3.7/site-packages/airflow/example_dags/example_task_group_decorator.py
[2023-06-09T07:34:47.204+0000] {logging_mixin.py:137} INFO - [2023-06-09T07:34:47.204+0000] {dag.py:2690} INFO - Sync 1 DAGs
[2023-06-09T07:34:47.221+0000] {logging_mixin.py:137} INFO - [2023-06-09T07:34:47.221+0000] {dag.py:3441} INFO - Setting next_dagrun for example_task_group_decorator to 2023-06-08T07:34:47.221387+00:00, run_after=2023-06-09T07:34:47.221387+00:00
[2023-06-09T07:34:47.234+0000] {processor.py:175} INFO - Processing /home/airflow/.local/lib/python3.7/site-packages/airflow/example_dags/example_task_group_decorator.py took 0.080 seconds
[2023-06-09T07:35:18.172+0000] {processor.py:153} INFO - Started process (PID=92114) to work on /home/airflow/.local/lib/python3.7/site-packages/airflow/example_dags/example_task_group_decorator.py
[2023-06-09T07:35:18.174+0000] {processor.py:743} INFO - Processing file /home/airflow/.local/lib/python3.7/site-packages/airflow/example_dags/example_task_group_decorator.py for tasks to queue
[2023-06-09T07:35:18.175+0000] {logging_mixin.py:137} INFO - [2023-06-09T07:35:18.175+0000] {dagbag.py:538} INFO - Filling up the DagBag from /home/airflow/.local/lib/python3.7/site-packages/airflow/example_dags/example_task_group_decorator.py
[2023-06-09T07:35:18.201+0000] {processor.py:753} INFO - DAG(s) dict_keys(['example_task_group_decorator']) retrieved from /home/airflow/.local/lib/python3.7/site-packages/airflow/example_dags/example_task_group_decorator.py
[2023-06-09T07:35:18.240+0000] {logging_mixin.py:137} INFO - [2023-06-09T07:35:18.240+0000] {dag.py:2690} INFO - Sync 1 DAGs
[2023-06-09T07:35:18.272+0000] {logging_mixin.py:137} INFO - [2023-06-09T07:35:18.272+0000] {dag.py:3441} INFO - Setting next_dagrun for example_task_group_decorator to 2023-06-08T07:35:18.272049+00:00, run_after=2023-06-09T07:35:18.272049+00:00
[2023-06-09T07:35:18.298+0000] {processor.py:175} INFO - Processing /home/airflow/.local/lib/python3.7/site-packages/airflow/example_dags/example_task_group_decorator.py took 0.129 seconds
[2023-06-09T07:35:48.420+0000] {processor.py:153} INFO - Started process (PID=92198) to work on /home/airflow/.local/lib/python3.7/site-packages/airflow/example_dags/example_task_group_decorator.py
[2023-06-09T07:35:48.421+0000] {processor.py:743} INFO - Processing file /home/airflow/.local/lib/python3.7/site-packages/airflow/example_dags/example_task_group_decorator.py for tasks to queue
[2023-06-09T07:35:48.422+0000] {logging_mixin.py:137} INFO - [2023-06-09T07:35:48.422+0000] {dagbag.py:538} INFO - Filling up the DagBag from /home/airflow/.local/lib/python3.7/site-packages/airflow/example_dags/example_task_group_decorator.py
[2023-06-09T07:35:48.444+0000] {processor.py:753} INFO - DAG(s) dict_keys(['example_task_group_decorator']) retrieved from /home/airflow/.local/lib/python3.7/site-packages/airflow/example_dags/example_task_group_decorator.py
[2023-06-09T07:35:48.468+0000] {logging_mixin.py:137} INFO - [2023-06-09T07:35:48.468+0000] {dag.py:2690} INFO - Sync 1 DAGs
[2023-06-09T07:35:48.485+0000] {logging_mixin.py:137} INFO - [2023-06-09T07:35:48.484+0000] {dag.py:3441} INFO - Setting next_dagrun for example_task_group_decorator to 2023-06-08T07:35:48.484802+00:00, run_after=2023-06-09T07:35:48.484802+00:00
[2023-06-09T07:35:48.497+0000] {processor.py:175} INFO - Processing /home/airflow/.local/lib/python3.7/site-packages/airflow/example_dags/example_task_group_decorator.py took 0.081 seconds
[2023-06-09T07:36:19.305+0000] {processor.py:153} INFO - Started process (PID=92280) to work on /home/airflow/.local/lib/python3.7/site-packages/airflow/example_dags/example_task_group_decorator.py
[2023-06-09T07:36:19.307+0000] {processor.py:743} INFO - Processing file /home/airflow/.local/lib/python3.7/site-packages/airflow/example_dags/example_task_group_decorator.py for tasks to queue
[2023-06-09T07:36:19.309+0000] {logging_mixin.py:137} INFO - [2023-06-09T07:36:19.309+0000] {dagbag.py:538} INFO - Filling up the DagBag from /home/airflow/.local/lib/python3.7/site-packages/airflow/example_dags/example_task_group_decorator.py
[2023-06-09T07:36:19.333+0000] {processor.py:753} INFO - DAG(s) dict_keys(['example_task_group_decorator']) retrieved from /home/airflow/.local/lib/python3.7/site-packages/airflow/example_dags/example_task_group_decorator.py
[2023-06-09T07:36:19.357+0000] {logging_mixin.py:137} INFO - [2023-06-09T07:36:19.357+0000] {dag.py:2690} INFO - Sync 1 DAGs
[2023-06-09T07:36:19.375+0000] {logging_mixin.py:137} INFO - [2023-06-09T07:36:19.375+0000] {dag.py:3441} INFO - Setting next_dagrun for example_task_group_decorator to 2023-06-08T07:36:19.375227+00:00, run_after=2023-06-09T07:36:19.375227+00:00
[2023-06-09T07:36:19.387+0000] {processor.py:175} INFO - Processing /home/airflow/.local/lib/python3.7/site-packages/airflow/example_dags/example_task_group_decorator.py took 0.086 seconds
[2023-06-09T07:36:49.507+0000] {processor.py:153} INFO - Started process (PID=92351) to work on /home/airflow/.local/lib/python3.7/site-packages/airflow/example_dags/example_task_group_decorator.py
[2023-06-09T07:36:49.509+0000] {processor.py:743} INFO - Processing file /home/airflow/.local/lib/python3.7/site-packages/airflow/example_dags/example_task_group_decorator.py for tasks to queue
[2023-06-09T07:36:49.510+0000] {logging_mixin.py:137} INFO - [2023-06-09T07:36:49.510+0000] {dagbag.py:538} INFO - Filling up the DagBag from /home/airflow/.local/lib/python3.7/site-packages/airflow/example_dags/example_task_group_decorator.py
[2023-06-09T07:36:49.531+0000] {processor.py:753} INFO - DAG(s) dict_keys(['example_task_group_decorator']) retrieved from /home/airflow/.local/lib/python3.7/site-packages/airflow/example_dags/example_task_group_decorator.py
[2023-06-09T07:36:49.554+0000] {logging_mixin.py:137} INFO - [2023-06-09T07:36:49.554+0000] {dag.py:2690} INFO - Sync 1 DAGs
[2023-06-09T07:36:49.572+0000] {logging_mixin.py:137} INFO - [2023-06-09T07:36:49.572+0000] {dag.py:3441} INFO - Setting next_dagrun for example_task_group_decorator to 2023-06-08T07:36:49.571992+00:00, run_after=2023-06-09T07:36:49.571992+00:00
[2023-06-09T07:36:49.583+0000] {processor.py:175} INFO - Processing /home/airflow/.local/lib/python3.7/site-packages/airflow/example_dags/example_task_group_decorator.py took 0.080 seconds
[2023-06-09T07:37:20.476+0000] {processor.py:153} INFO - Started process (PID=92434) to work on /home/airflow/.local/lib/python3.7/site-packages/airflow/example_dags/example_task_group_decorator.py
[2023-06-09T07:37:20.477+0000] {processor.py:743} INFO - Processing file /home/airflow/.local/lib/python3.7/site-packages/airflow/example_dags/example_task_group_decorator.py for tasks to queue
[2023-06-09T07:37:20.478+0000] {logging_mixin.py:137} INFO - [2023-06-09T07:37:20.478+0000] {dagbag.py:538} INFO - Filling up the DagBag from /home/airflow/.local/lib/python3.7/site-packages/airflow/example_dags/example_task_group_decorator.py
[2023-06-09T07:37:20.500+0000] {processor.py:753} INFO - DAG(s) dict_keys(['example_task_group_decorator']) retrieved from /home/airflow/.local/lib/python3.7/site-packages/airflow/example_dags/example_task_group_decorator.py
[2023-06-09T07:37:20.526+0000] {logging_mixin.py:137} INFO - [2023-06-09T07:37:20.526+0000] {dag.py:2690} INFO - Sync 1 DAGs
[2023-06-09T07:37:20.543+0000] {logging_mixin.py:137} INFO - [2023-06-09T07:37:20.543+0000] {dag.py:3441} INFO - Setting next_dagrun for example_task_group_decorator to 2023-06-08T07:37:20.543531+00:00, run_after=2023-06-09T07:37:20.543531+00:00
[2023-06-09T07:37:20.556+0000] {processor.py:175} INFO - Processing /home/airflow/.local/lib/python3.7/site-packages/airflow/example_dags/example_task_group_decorator.py took 0.083 seconds
[2023-06-09T07:37:50.915+0000] {processor.py:153} INFO - Started process (PID=92518) to work on /home/airflow/.local/lib/python3.7/site-packages/airflow/example_dags/example_task_group_decorator.py
[2023-06-09T07:37:50.917+0000] {processor.py:743} INFO - Processing file /home/airflow/.local/lib/python3.7/site-packages/airflow/example_dags/example_task_group_decorator.py for tasks to queue
[2023-06-09T07:37:50.918+0000] {logging_mixin.py:137} INFO - [2023-06-09T07:37:50.918+0000] {dagbag.py:538} INFO - Filling up the DagBag from /home/airflow/.local/lib/python3.7/site-packages/airflow/example_dags/example_task_group_decorator.py
[2023-06-09T07:37:50.941+0000] {processor.py:753} INFO - DAG(s) dict_keys(['example_task_group_decorator']) retrieved from /home/airflow/.local/lib/python3.7/site-packages/airflow/example_dags/example_task_group_decorator.py
[2023-06-09T07:37:50.964+0000] {logging_mixin.py:137} INFO - [2023-06-09T07:37:50.964+0000] {dag.py:2690} INFO - Sync 1 DAGs
[2023-06-09T07:37:50.981+0000] {logging_mixin.py:137} INFO - [2023-06-09T07:37:50.981+0000] {dag.py:3441} INFO - Setting next_dagrun for example_task_group_decorator to 2023-06-08T07:37:50.981160+00:00, run_after=2023-06-09T07:37:50.981160+00:00
[2023-06-09T07:37:50.993+0000] {processor.py:175} INFO - Processing /home/airflow/.local/lib/python3.7/site-packages/airflow/example_dags/example_task_group_decorator.py took 0.082 seconds
[2023-06-09T07:38:21.206+0000] {processor.py:153} INFO - Started process (PID=92589) to work on /home/airflow/.local/lib/python3.7/site-packages/airflow/example_dags/example_task_group_decorator.py
[2023-06-09T07:38:21.208+0000] {processor.py:743} INFO - Processing file /home/airflow/.local/lib/python3.7/site-packages/airflow/example_dags/example_task_group_decorator.py for tasks to queue
[2023-06-09T07:38:21.210+0000] {logging_mixin.py:137} INFO - [2023-06-09T07:38:21.210+0000] {dagbag.py:538} INFO - Filling up the DagBag from /home/airflow/.local/lib/python3.7/site-packages/airflow/example_dags/example_task_group_decorator.py
[2023-06-09T07:38:21.239+0000] {processor.py:753} INFO - DAG(s) dict_keys(['example_task_group_decorator']) retrieved from /home/airflow/.local/lib/python3.7/site-packages/airflow/example_dags/example_task_group_decorator.py
[2023-06-09T07:38:21.270+0000] {logging_mixin.py:137} INFO - [2023-06-09T07:38:21.270+0000] {dag.py:2690} INFO - Sync 1 DAGs
[2023-06-09T07:38:21.289+0000] {logging_mixin.py:137} INFO - [2023-06-09T07:38:21.289+0000] {dag.py:3441} INFO - Setting next_dagrun for example_task_group_decorator to 2023-06-08T07:38:21.289319+00:00, run_after=2023-06-09T07:38:21.289319+00:00
[2023-06-09T07:38:21.302+0000] {processor.py:175} INFO - Processing /home/airflow/.local/lib/python3.7/site-packages/airflow/example_dags/example_task_group_decorator.py took 0.100 seconds
[2023-06-09T07:38:52.277+0000] {processor.py:153} INFO - Started process (PID=92672) to work on /home/airflow/.local/lib/python3.7/site-packages/airflow/example_dags/example_task_group_decorator.py
[2023-06-09T07:38:52.279+0000] {processor.py:743} INFO - Processing file /home/airflow/.local/lib/python3.7/site-packages/airflow/example_dags/example_task_group_decorator.py for tasks to queue
[2023-06-09T07:38:52.281+0000] {logging_mixin.py:137} INFO - [2023-06-09T07:38:52.280+0000] {dagbag.py:538} INFO - Filling up the DagBag from /home/airflow/.local/lib/python3.7/site-packages/airflow/example_dags/example_task_group_decorator.py
[2023-06-09T07:38:52.302+0000] {processor.py:753} INFO - DAG(s) dict_keys(['example_task_group_decorator']) retrieved from /home/airflow/.local/lib/python3.7/site-packages/airflow/example_dags/example_task_group_decorator.py
[2023-06-09T07:38:52.324+0000] {logging_mixin.py:137} INFO - [2023-06-09T07:38:52.324+0000] {dag.py:2690} INFO - Sync 1 DAGs
[2023-06-09T07:38:52.343+0000] {logging_mixin.py:137} INFO - [2023-06-09T07:38:52.343+0000] {dag.py:3441} INFO - Setting next_dagrun for example_task_group_decorator to 2023-06-08T07:38:52.343063+00:00, run_after=2023-06-09T07:38:52.343063+00:00
[2023-06-09T07:38:52.355+0000] {processor.py:175} INFO - Processing /home/airflow/.local/lib/python3.7/site-packages/airflow/example_dags/example_task_group_decorator.py took 0.081 seconds
[2023-06-09T07:39:24.042+0000] {processor.py:153} INFO - Started process (PID=92754) to work on /home/airflow/.local/lib/python3.7/site-packages/airflow/example_dags/example_task_group_decorator.py
[2023-06-09T07:39:24.045+0000] {processor.py:743} INFO - Processing file /home/airflow/.local/lib/python3.7/site-packages/airflow/example_dags/example_task_group_decorator.py for tasks to queue
[2023-06-09T07:39:24.046+0000] {logging_mixin.py:137} INFO - [2023-06-09T07:39:24.046+0000] {dagbag.py:538} INFO - Filling up the DagBag from /home/airflow/.local/lib/python3.7/site-packages/airflow/example_dags/example_task_group_decorator.py
[2023-06-09T07:39:24.074+0000] {processor.py:753} INFO - DAG(s) dict_keys(['example_task_group_decorator']) retrieved from /home/airflow/.local/lib/python3.7/site-packages/airflow/example_dags/example_task_group_decorator.py
[2023-06-09T07:39:24.105+0000] {logging_mixin.py:137} INFO - [2023-06-09T07:39:24.104+0000] {dag.py:2690} INFO - Sync 1 DAGs
[2023-06-09T07:39:24.131+0000] {logging_mixin.py:137} INFO - [2023-06-09T07:39:24.131+0000] {dag.py:3441} INFO - Setting next_dagrun for example_task_group_decorator to 2023-06-08T07:39:24.131587+00:00, run_after=2023-06-09T07:39:24.131587+00:00
[2023-06-09T07:39:24.158+0000] {processor.py:175} INFO - Processing /home/airflow/.local/lib/python3.7/site-packages/airflow/example_dags/example_task_group_decorator.py took 0.119 seconds
[2023-06-09T07:39:54.926+0000] {processor.py:153} INFO - Started process (PID=92833) to work on /home/airflow/.local/lib/python3.7/site-packages/airflow/example_dags/example_task_group_decorator.py
[2023-06-09T07:39:54.928+0000] {processor.py:743} INFO - Processing file /home/airflow/.local/lib/python3.7/site-packages/airflow/example_dags/example_task_group_decorator.py for tasks to queue
[2023-06-09T07:39:54.930+0000] {logging_mixin.py:137} INFO - [2023-06-09T07:39:54.930+0000] {dagbag.py:538} INFO - Filling up the DagBag from /home/airflow/.local/lib/python3.7/site-packages/airflow/example_dags/example_task_group_decorator.py
[2023-06-09T07:39:55.001+0000] {processor.py:753} INFO - DAG(s) dict_keys(['example_task_group_decorator']) retrieved from /home/airflow/.local/lib/python3.7/site-packages/airflow/example_dags/example_task_group_decorator.py
[2023-06-09T07:39:55.034+0000] {logging_mixin.py:137} INFO - [2023-06-09T07:39:55.034+0000] {dag.py:2690} INFO - Sync 1 DAGs
[2023-06-09T07:39:55.097+0000] {logging_mixin.py:137} INFO - [2023-06-09T07:39:55.097+0000] {dag.py:3441} INFO - Setting next_dagrun for example_task_group_decorator to 2023-06-08T07:39:55.097399+00:00, run_after=2023-06-09T07:39:55.097399+00:00
[2023-06-09T07:39:55.139+0000] {processor.py:175} INFO - Processing /home/airflow/.local/lib/python3.7/site-packages/airflow/example_dags/example_task_group_decorator.py took 0.216 seconds
[2023-06-09T07:40:25.230+0000] {processor.py:153} INFO - Started process (PID=92907) to work on /home/airflow/.local/lib/python3.7/site-packages/airflow/example_dags/example_task_group_decorator.py
[2023-06-09T07:40:25.232+0000] {processor.py:743} INFO - Processing file /home/airflow/.local/lib/python3.7/site-packages/airflow/example_dags/example_task_group_decorator.py for tasks to queue
[2023-06-09T07:40:25.233+0000] {logging_mixin.py:137} INFO - [2023-06-09T07:40:25.233+0000] {dagbag.py:538} INFO - Filling up the DagBag from /home/airflow/.local/lib/python3.7/site-packages/airflow/example_dags/example_task_group_decorator.py
[2023-06-09T07:40:25.255+0000] {processor.py:753} INFO - DAG(s) dict_keys(['example_task_group_decorator']) retrieved from /home/airflow/.local/lib/python3.7/site-packages/airflow/example_dags/example_task_group_decorator.py
[2023-06-09T07:40:25.278+0000] {logging_mixin.py:137} INFO - [2023-06-09T07:40:25.278+0000] {dag.py:2690} INFO - Sync 1 DAGs
[2023-06-09T07:40:25.295+0000] {logging_mixin.py:137} INFO - [2023-06-09T07:40:25.294+0000] {dag.py:3441} INFO - Setting next_dagrun for example_task_group_decorator to 2023-06-08T07:40:25.294732+00:00, run_after=2023-06-09T07:40:25.294732+00:00
[2023-06-09T07:40:25.309+0000] {processor.py:175} INFO - Processing /home/airflow/.local/lib/python3.7/site-packages/airflow/example_dags/example_task_group_decorator.py took 0.082 seconds
[2023-06-09T07:40:56.879+0000] {processor.py:153} INFO - Started process (PID=92990) to work on /home/airflow/.local/lib/python3.7/site-packages/airflow/example_dags/example_task_group_decorator.py
[2023-06-09T07:40:56.881+0000] {processor.py:743} INFO - Processing file /home/airflow/.local/lib/python3.7/site-packages/airflow/example_dags/example_task_group_decorator.py for tasks to queue
[2023-06-09T07:40:56.885+0000] {logging_mixin.py:137} INFO - [2023-06-09T07:40:56.885+0000] {dagbag.py:538} INFO - Filling up the DagBag from /home/airflow/.local/lib/python3.7/site-packages/airflow/example_dags/example_task_group_decorator.py
[2023-06-09T07:40:56.912+0000] {processor.py:753} INFO - DAG(s) dict_keys(['example_task_group_decorator']) retrieved from /home/airflow/.local/lib/python3.7/site-packages/airflow/example_dags/example_task_group_decorator.py
[2023-06-09T07:40:56.978+0000] {logging_mixin.py:137} INFO - [2023-06-09T07:40:56.978+0000] {dag.py:2690} INFO - Sync 1 DAGs
[2023-06-09T07:40:57.016+0000] {logging_mixin.py:137} INFO - [2023-06-09T07:40:57.015+0000] {dag.py:3441} INFO - Setting next_dagrun for example_task_group_decorator to 2023-06-08T07:40:57.015408+00:00, run_after=2023-06-09T07:40:57.015408+00:00
[2023-06-09T07:40:57.042+0000] {processor.py:175} INFO - Processing /home/airflow/.local/lib/python3.7/site-packages/airflow/example_dags/example_task_group_decorator.py took 0.165 seconds
[2023-06-09T07:41:28.159+0000] {processor.py:153} INFO - Started process (PID=93072) to work on /home/airflow/.local/lib/python3.7/site-packages/airflow/example_dags/example_task_group_decorator.py
[2023-06-09T07:41:28.161+0000] {processor.py:743} INFO - Processing file /home/airflow/.local/lib/python3.7/site-packages/airflow/example_dags/example_task_group_decorator.py for tasks to queue
[2023-06-09T07:41:28.162+0000] {logging_mixin.py:137} INFO - [2023-06-09T07:41:28.162+0000] {dagbag.py:538} INFO - Filling up the DagBag from /home/airflow/.local/lib/python3.7/site-packages/airflow/example_dags/example_task_group_decorator.py
[2023-06-09T07:41:28.185+0000] {processor.py:753} INFO - DAG(s) dict_keys(['example_task_group_decorator']) retrieved from /home/airflow/.local/lib/python3.7/site-packages/airflow/example_dags/example_task_group_decorator.py
[2023-06-09T07:41:28.209+0000] {logging_mixin.py:137} INFO - [2023-06-09T07:41:28.209+0000] {dag.py:2690} INFO - Sync 1 DAGs
[2023-06-09T07:41:28.229+0000] {logging_mixin.py:137} INFO - [2023-06-09T07:41:28.229+0000] {dag.py:3441} INFO - Setting next_dagrun for example_task_group_decorator to 2023-06-08T07:41:28.228810+00:00, run_after=2023-06-09T07:41:28.228810+00:00
[2023-06-09T07:41:28.247+0000] {processor.py:175} INFO - Processing /home/airflow/.local/lib/python3.7/site-packages/airflow/example_dags/example_task_group_decorator.py took 0.091 seconds
[2023-06-09T07:41:58.544+0000] {processor.py:153} INFO - Started process (PID=93143) to work on /home/airflow/.local/lib/python3.7/site-packages/airflow/example_dags/example_task_group_decorator.py
[2023-06-09T07:41:58.545+0000] {processor.py:743} INFO - Processing file /home/airflow/.local/lib/python3.7/site-packages/airflow/example_dags/example_task_group_decorator.py for tasks to queue
[2023-06-09T07:41:58.547+0000] {logging_mixin.py:137} INFO - [2023-06-09T07:41:58.546+0000] {dagbag.py:538} INFO - Filling up the DagBag from /home/airflow/.local/lib/python3.7/site-packages/airflow/example_dags/example_task_group_decorator.py
[2023-06-09T07:41:58.566+0000] {processor.py:753} INFO - DAG(s) dict_keys(['example_task_group_decorator']) retrieved from /home/airflow/.local/lib/python3.7/site-packages/airflow/example_dags/example_task_group_decorator.py
[2023-06-09T07:41:58.589+0000] {logging_mixin.py:137} INFO - [2023-06-09T07:41:58.589+0000] {dag.py:2690} INFO - Sync 1 DAGs
[2023-06-09T07:41:58.610+0000] {logging_mixin.py:137} INFO - [2023-06-09T07:41:58.610+0000] {dag.py:3441} INFO - Setting next_dagrun for example_task_group_decorator to 2023-06-08T07:41:58.610340+00:00, run_after=2023-06-09T07:41:58.610340+00:00
[2023-06-09T07:41:58.623+0000] {processor.py:175} INFO - Processing /home/airflow/.local/lib/python3.7/site-packages/airflow/example_dags/example_task_group_decorator.py took 0.083 seconds
[2023-06-09T07:42:29.445+0000] {processor.py:153} INFO - Started process (PID=93226) to work on /home/airflow/.local/lib/python3.7/site-packages/airflow/example_dags/example_task_group_decorator.py
[2023-06-09T07:42:29.446+0000] {processor.py:743} INFO - Processing file /home/airflow/.local/lib/python3.7/site-packages/airflow/example_dags/example_task_group_decorator.py for tasks to queue
[2023-06-09T07:42:29.448+0000] {logging_mixin.py:137} INFO - [2023-06-09T07:42:29.448+0000] {dagbag.py:538} INFO - Filling up the DagBag from /home/airflow/.local/lib/python3.7/site-packages/airflow/example_dags/example_task_group_decorator.py
[2023-06-09T07:42:29.469+0000] {processor.py:753} INFO - DAG(s) dict_keys(['example_task_group_decorator']) retrieved from /home/airflow/.local/lib/python3.7/site-packages/airflow/example_dags/example_task_group_decorator.py
[2023-06-09T07:42:29.494+0000] {logging_mixin.py:137} INFO - [2023-06-09T07:42:29.494+0000] {dag.py:2690} INFO - Sync 1 DAGs
[2023-06-09T07:42:29.511+0000] {logging_mixin.py:137} INFO - [2023-06-09T07:42:29.511+0000] {dag.py:3441} INFO - Setting next_dagrun for example_task_group_decorator to 2023-06-08T07:42:29.511478+00:00, run_after=2023-06-09T07:42:29.511478+00:00
[2023-06-09T07:42:29.523+0000] {processor.py:175} INFO - Processing /home/airflow/.local/lib/python3.7/site-packages/airflow/example_dags/example_task_group_decorator.py took 0.081 seconds
[2023-06-09T07:43:00.712+0000] {processor.py:153} INFO - Started process (PID=93309) to work on /home/airflow/.local/lib/python3.7/site-packages/airflow/example_dags/example_task_group_decorator.py
[2023-06-09T07:43:00.713+0000] {processor.py:743} INFO - Processing file /home/airflow/.local/lib/python3.7/site-packages/airflow/example_dags/example_task_group_decorator.py for tasks to queue
[2023-06-09T07:43:00.714+0000] {logging_mixin.py:137} INFO - [2023-06-09T07:43:00.714+0000] {dagbag.py:538} INFO - Filling up the DagBag from /home/airflow/.local/lib/python3.7/site-packages/airflow/example_dags/example_task_group_decorator.py
[2023-06-09T07:43:00.735+0000] {processor.py:753} INFO - DAG(s) dict_keys(['example_task_group_decorator']) retrieved from /home/airflow/.local/lib/python3.7/site-packages/airflow/example_dags/example_task_group_decorator.py
[2023-06-09T07:43:00.757+0000] {logging_mixin.py:137} INFO - [2023-06-09T07:43:00.756+0000] {dag.py:2690} INFO - Sync 1 DAGs
[2023-06-09T07:43:00.773+0000] {logging_mixin.py:137} INFO - [2023-06-09T07:43:00.773+0000] {dag.py:3441} INFO - Setting next_dagrun for example_task_group_decorator to 2023-06-08T07:43:00.773287+00:00, run_after=2023-06-09T07:43:00.773287+00:00
[2023-06-09T07:43:00.787+0000] {processor.py:175} INFO - Processing /home/airflow/.local/lib/python3.7/site-packages/airflow/example_dags/example_task_group_decorator.py took 0.078 seconds
[2023-06-09T07:43:31.263+0000] {processor.py:153} INFO - Started process (PID=93380) to work on /home/airflow/.local/lib/python3.7/site-packages/airflow/example_dags/example_task_group_decorator.py
[2023-06-09T07:43:31.265+0000] {processor.py:743} INFO - Processing file /home/airflow/.local/lib/python3.7/site-packages/airflow/example_dags/example_task_group_decorator.py for tasks to queue
[2023-06-09T07:43:31.267+0000] {logging_mixin.py:137} INFO - [2023-06-09T07:43:31.266+0000] {dagbag.py:538} INFO - Filling up the DagBag from /home/airflow/.local/lib/python3.7/site-packages/airflow/example_dags/example_task_group_decorator.py
[2023-06-09T07:43:31.289+0000] {processor.py:753} INFO - DAG(s) dict_keys(['example_task_group_decorator']) retrieved from /home/airflow/.local/lib/python3.7/site-packages/airflow/example_dags/example_task_group_decorator.py
[2023-06-09T07:43:31.311+0000] {logging_mixin.py:137} INFO - [2023-06-09T07:43:31.311+0000] {dag.py:2690} INFO - Sync 1 DAGs
[2023-06-09T07:43:31.328+0000] {logging_mixin.py:137} INFO - [2023-06-09T07:43:31.328+0000] {dag.py:3441} INFO - Setting next_dagrun for example_task_group_decorator to 2023-06-08T07:43:31.328338+00:00, run_after=2023-06-09T07:43:31.328338+00:00
[2023-06-09T07:43:31.340+0000] {processor.py:175} INFO - Processing /home/airflow/.local/lib/python3.7/site-packages/airflow/example_dags/example_task_group_decorator.py took 0.080 seconds
[2023-06-09T07:44:01.368+0000] {processor.py:153} INFO - Started process (PID=93463) to work on /home/airflow/.local/lib/python3.7/site-packages/airflow/example_dags/example_task_group_decorator.py
[2023-06-09T07:44:01.370+0000] {processor.py:743} INFO - Processing file /home/airflow/.local/lib/python3.7/site-packages/airflow/example_dags/example_task_group_decorator.py for tasks to queue
[2023-06-09T07:44:01.371+0000] {logging_mixin.py:137} INFO - [2023-06-09T07:44:01.371+0000] {dagbag.py:538} INFO - Filling up the DagBag from /home/airflow/.local/lib/python3.7/site-packages/airflow/example_dags/example_task_group_decorator.py
[2023-06-09T07:44:01.392+0000] {processor.py:753} INFO - DAG(s) dict_keys(['example_task_group_decorator']) retrieved from /home/airflow/.local/lib/python3.7/site-packages/airflow/example_dags/example_task_group_decorator.py
[2023-06-09T07:44:01.412+0000] {logging_mixin.py:137} INFO - [2023-06-09T07:44:01.412+0000] {dag.py:2690} INFO - Sync 1 DAGs
[2023-06-09T07:44:01.430+0000] {logging_mixin.py:137} INFO - [2023-06-09T07:44:01.430+0000] {dag.py:3441} INFO - Setting next_dagrun for example_task_group_decorator to 2023-06-08T07:44:01.429864+00:00, run_after=2023-06-09T07:44:01.429864+00:00
[2023-06-09T07:44:01.443+0000] {processor.py:175} INFO - Processing /home/airflow/.local/lib/python3.7/site-packages/airflow/example_dags/example_task_group_decorator.py took 0.078 seconds
[2023-06-09T07:44:32.958+0000] {processor.py:153} INFO - Started process (PID=93546) to work on /home/airflow/.local/lib/python3.7/site-packages/airflow/example_dags/example_task_group_decorator.py
[2023-06-09T07:44:32.963+0000] {processor.py:743} INFO - Processing file /home/airflow/.local/lib/python3.7/site-packages/airflow/example_dags/example_task_group_decorator.py for tasks to queue
[2023-06-09T07:44:32.964+0000] {logging_mixin.py:137} INFO - [2023-06-09T07:44:32.964+0000] {dagbag.py:538} INFO - Filling up the DagBag from /home/airflow/.local/lib/python3.7/site-packages/airflow/example_dags/example_task_group_decorator.py
[2023-06-09T07:44:32.986+0000] {processor.py:753} INFO - DAG(s) dict_keys(['example_task_group_decorator']) retrieved from /home/airflow/.local/lib/python3.7/site-packages/airflow/example_dags/example_task_group_decorator.py
[2023-06-09T07:44:33.010+0000] {logging_mixin.py:137} INFO - [2023-06-09T07:44:33.010+0000] {dag.py:2690} INFO - Sync 1 DAGs
[2023-06-09T07:44:33.027+0000] {logging_mixin.py:137} INFO - [2023-06-09T07:44:33.027+0000] {dag.py:3441} INFO - Setting next_dagrun for example_task_group_decorator to 2023-06-08T07:44:33.027515+00:00, run_after=2023-06-09T07:44:33.027515+00:00
[2023-06-09T07:44:33.050+0000] {processor.py:175} INFO - Processing /home/airflow/.local/lib/python3.7/site-packages/airflow/example_dags/example_task_group_decorator.py took 0.095 seconds
[2023-06-09T07:50:16.704+0000] {processor.py:153} INFO - Started process (PID=93593) to work on /home/airflow/.local/lib/python3.7/site-packages/airflow/example_dags/example_task_group_decorator.py
[2023-06-09T07:50:16.706+0000] {processor.py:743} INFO - Processing file /home/airflow/.local/lib/python3.7/site-packages/airflow/example_dags/example_task_group_decorator.py for tasks to queue
[2023-06-09T07:50:16.707+0000] {logging_mixin.py:137} INFO - [2023-06-09T07:50:16.707+0000] {dagbag.py:538} INFO - Filling up the DagBag from /home/airflow/.local/lib/python3.7/site-packages/airflow/example_dags/example_task_group_decorator.py
[2023-06-09T07:50:16.732+0000] {processor.py:753} INFO - DAG(s) dict_keys(['example_task_group_decorator']) retrieved from /home/airflow/.local/lib/python3.7/site-packages/airflow/example_dags/example_task_group_decorator.py
[2023-06-09T07:50:16.769+0000] {logging_mixin.py:137} INFO - [2023-06-09T07:50:16.769+0000] {dag.py:2690} INFO - Sync 1 DAGs
[2023-06-09T07:50:16.802+0000] {logging_mixin.py:137} INFO - [2023-06-09T07:50:16.802+0000] {dag.py:3441} INFO - Setting next_dagrun for example_task_group_decorator to 2023-06-08T07:50:16.802427+00:00, run_after=2023-06-09T07:50:16.802427+00:00
[2023-06-09T07:50:16.819+0000] {processor.py:175} INFO - Processing /home/airflow/.local/lib/python3.7/site-packages/airflow/example_dags/example_task_group_decorator.py took 0.117 seconds
[2023-06-09T07:56:17.195+0000] {processor.py:153} INFO - Started process (PID=93675) to work on /home/airflow/.local/lib/python3.7/site-packages/airflow/example_dags/example_task_group_decorator.py
[2023-06-09T07:56:17.199+0000] {processor.py:743} INFO - Processing file /home/airflow/.local/lib/python3.7/site-packages/airflow/example_dags/example_task_group_decorator.py for tasks to queue
[2023-06-09T07:56:17.202+0000] {logging_mixin.py:137} INFO - [2023-06-09T07:56:17.202+0000] {dagbag.py:538} INFO - Filling up the DagBag from /home/airflow/.local/lib/python3.7/site-packages/airflow/example_dags/example_task_group_decorator.py
[2023-06-09T07:56:17.223+0000] {processor.py:753} INFO - DAG(s) dict_keys(['example_task_group_decorator']) retrieved from /home/airflow/.local/lib/python3.7/site-packages/airflow/example_dags/example_task_group_decorator.py
[2023-06-09T07:56:17.256+0000] {logging_mixin.py:137} INFO - [2023-06-09T07:56:17.256+0000] {dag.py:2690} INFO - Sync 1 DAGs
[2023-06-09T07:56:17.275+0000] {logging_mixin.py:137} INFO - [2023-06-09T07:56:17.275+0000] {dag.py:3441} INFO - Setting next_dagrun for example_task_group_decorator to 2023-06-08T07:56:17.275113+00:00, run_after=2023-06-09T07:56:17.275113+00:00
[2023-06-09T07:56:17.288+0000] {processor.py:175} INFO - Processing /home/airflow/.local/lib/python3.7/site-packages/airflow/example_dags/example_task_group_decorator.py took 0.096 seconds
[2023-06-09T08:46:30.158+0000] {processor.py:153} INFO - Started process (PID=93757) to work on /home/airflow/.local/lib/python3.7/site-packages/airflow/example_dags/example_task_group_decorator.py
[2023-06-09T08:46:30.162+0000] {processor.py:743} INFO - Processing file /home/airflow/.local/lib/python3.7/site-packages/airflow/example_dags/example_task_group_decorator.py for tasks to queue
[2023-06-09T08:46:30.164+0000] {logging_mixin.py:137} INFO - [2023-06-09T08:46:30.163+0000] {dagbag.py:538} INFO - Filling up the DagBag from /home/airflow/.local/lib/python3.7/site-packages/airflow/example_dags/example_task_group_decorator.py
[2023-06-09T08:46:30.192+0000] {processor.py:753} INFO - DAG(s) dict_keys(['example_task_group_decorator']) retrieved from /home/airflow/.local/lib/python3.7/site-packages/airflow/example_dags/example_task_group_decorator.py
[2023-06-09T08:46:30.217+0000] {logging_mixin.py:137} INFO - [2023-06-09T08:46:30.217+0000] {dag.py:2690} INFO - Sync 1 DAGs
[2023-06-09T08:46:30.235+0000] {logging_mixin.py:137} INFO - [2023-06-09T08:46:30.235+0000] {dag.py:3441} INFO - Setting next_dagrun for example_task_group_decorator to 2023-06-08T08:46:30.235421+00:00, run_after=2023-06-09T08:46:30.235421+00:00
[2023-06-09T08:46:30.248+0000] {processor.py:175} INFO - Processing /home/airflow/.local/lib/python3.7/site-packages/airflow/example_dags/example_task_group_decorator.py took 0.093 seconds
[2023-06-09T09:54:00.387+0000] {processor.py:153} INFO - Started process (PID=93828) to work on /home/airflow/.local/lib/python3.7/site-packages/airflow/example_dags/example_task_group_decorator.py
[2023-06-09T09:54:00.388+0000] {processor.py:743} INFO - Processing file /home/airflow/.local/lib/python3.7/site-packages/airflow/example_dags/example_task_group_decorator.py for tasks to queue
[2023-06-09T09:54:00.391+0000] {logging_mixin.py:137} INFO - [2023-06-09T09:54:00.391+0000] {dagbag.py:538} INFO - Filling up the DagBag from /home/airflow/.local/lib/python3.7/site-packages/airflow/example_dags/example_task_group_decorator.py
[2023-06-09T09:54:00.419+0000] {processor.py:753} INFO - DAG(s) dict_keys(['example_task_group_decorator']) retrieved from /home/airflow/.local/lib/python3.7/site-packages/airflow/example_dags/example_task_group_decorator.py
[2023-06-09T09:54:00.449+0000] {logging_mixin.py:137} INFO - [2023-06-09T09:54:00.449+0000] {dag.py:2690} INFO - Sync 1 DAGs
[2023-06-09T09:54:00.467+0000] {logging_mixin.py:137} INFO - [2023-06-09T09:54:00.467+0000] {dag.py:3441} INFO - Setting next_dagrun for example_task_group_decorator to 2023-06-08T09:54:00.467160+00:00, run_after=2023-06-09T09:54:00.467160+00:00
[2023-06-09T09:54:00.480+0000] {processor.py:175} INFO - Processing /home/airflow/.local/lib/python3.7/site-packages/airflow/example_dags/example_task_group_decorator.py took 0.096 seconds
[2023-06-09T10:30:42.041+0000] {processor.py:153} INFO - Started process (PID=93911) to work on /home/airflow/.local/lib/python3.7/site-packages/airflow/example_dags/example_task_group_decorator.py
[2023-06-09T10:30:42.043+0000] {processor.py:743} INFO - Processing file /home/airflow/.local/lib/python3.7/site-packages/airflow/example_dags/example_task_group_decorator.py for tasks to queue
[2023-06-09T10:30:42.044+0000] {logging_mixin.py:137} INFO - [2023-06-09T10:30:42.044+0000] {dagbag.py:538} INFO - Filling up the DagBag from /home/airflow/.local/lib/python3.7/site-packages/airflow/example_dags/example_task_group_decorator.py
[2023-06-09T10:30:42.069+0000] {processor.py:753} INFO - DAG(s) dict_keys(['example_task_group_decorator']) retrieved from /home/airflow/.local/lib/python3.7/site-packages/airflow/example_dags/example_task_group_decorator.py
[2023-06-09T10:30:42.093+0000] {logging_mixin.py:137} INFO - [2023-06-09T10:30:42.093+0000] {dag.py:2690} INFO - Sync 1 DAGs
[2023-06-09T10:30:42.111+0000] {logging_mixin.py:137} INFO - [2023-06-09T10:30:42.111+0000] {dag.py:3441} INFO - Setting next_dagrun for example_task_group_decorator to 2023-06-08T10:30:42.111099+00:00, run_after=2023-06-09T10:30:42.111099+00:00
[2023-06-09T10:30:42.124+0000] {processor.py:175} INFO - Processing /home/airflow/.local/lib/python3.7/site-packages/airflow/example_dags/example_task_group_decorator.py took 0.085 seconds
[2023-06-09T10:52:12.283+0000] {processor.py:153} INFO - Started process (PID=93982) to work on /home/airflow/.local/lib/python3.7/site-packages/airflow/example_dags/example_task_group_decorator.py
[2023-06-09T10:52:12.285+0000] {processor.py:743} INFO - Processing file /home/airflow/.local/lib/python3.7/site-packages/airflow/example_dags/example_task_group_decorator.py for tasks to queue
[2023-06-09T10:52:12.286+0000] {logging_mixin.py:137} INFO - [2023-06-09T10:52:12.286+0000] {dagbag.py:538} INFO - Filling up the DagBag from /home/airflow/.local/lib/python3.7/site-packages/airflow/example_dags/example_task_group_decorator.py
[2023-06-09T10:52:12.307+0000] {processor.py:753} INFO - DAG(s) dict_keys(['example_task_group_decorator']) retrieved from /home/airflow/.local/lib/python3.7/site-packages/airflow/example_dags/example_task_group_decorator.py
[2023-06-09T10:52:12.329+0000] {logging_mixin.py:137} INFO - [2023-06-09T10:52:12.329+0000] {dag.py:2690} INFO - Sync 1 DAGs
[2023-06-09T10:52:12.349+0000] {logging_mixin.py:137} INFO - [2023-06-09T10:52:12.349+0000] {dag.py:3441} INFO - Setting next_dagrun for example_task_group_decorator to 2023-06-08T10:52:12.349127+00:00, run_after=2023-06-09T10:52:12.349127+00:00
[2023-06-09T10:52:12.364+0000] {processor.py:175} INFO - Processing /home/airflow/.local/lib/python3.7/site-packages/airflow/example_dags/example_task_group_decorator.py took 0.084 seconds
[2023-06-09T10:52:43.304+0000] {processor.py:153} INFO - Started process (PID=94065) to work on /home/airflow/.local/lib/python3.7/site-packages/airflow/example_dags/example_task_group_decorator.py
[2023-06-09T10:52:43.306+0000] {processor.py:743} INFO - Processing file /home/airflow/.local/lib/python3.7/site-packages/airflow/example_dags/example_task_group_decorator.py for tasks to queue
[2023-06-09T10:52:43.308+0000] {logging_mixin.py:137} INFO - [2023-06-09T10:52:43.308+0000] {dagbag.py:538} INFO - Filling up the DagBag from /home/airflow/.local/lib/python3.7/site-packages/airflow/example_dags/example_task_group_decorator.py
[2023-06-09T10:52:43.328+0000] {processor.py:753} INFO - DAG(s) dict_keys(['example_task_group_decorator']) retrieved from /home/airflow/.local/lib/python3.7/site-packages/airflow/example_dags/example_task_group_decorator.py
[2023-06-09T10:52:43.351+0000] {logging_mixin.py:137} INFO - [2023-06-09T10:52:43.351+0000] {dag.py:2690} INFO - Sync 1 DAGs
[2023-06-09T10:52:43.370+0000] {logging_mixin.py:137} INFO - [2023-06-09T10:52:43.370+0000] {dag.py:3441} INFO - Setting next_dagrun for example_task_group_decorator to 2023-06-08T10:52:43.370318+00:00, run_after=2023-06-09T10:52:43.370318+00:00
[2023-06-09T10:52:43.383+0000] {processor.py:175} INFO - Processing /home/airflow/.local/lib/python3.7/site-packages/airflow/example_dags/example_task_group_decorator.py took 0.082 seconds
[2023-06-09T10:53:14.643+0000] {processor.py:153} INFO - Started process (PID=94148) to work on /home/airflow/.local/lib/python3.7/site-packages/airflow/example_dags/example_task_group_decorator.py
[2023-06-09T10:53:14.645+0000] {processor.py:743} INFO - Processing file /home/airflow/.local/lib/python3.7/site-packages/airflow/example_dags/example_task_group_decorator.py for tasks to queue
[2023-06-09T10:53:14.646+0000] {logging_mixin.py:137} INFO - [2023-06-09T10:53:14.646+0000] {dagbag.py:538} INFO - Filling up the DagBag from /home/airflow/.local/lib/python3.7/site-packages/airflow/example_dags/example_task_group_decorator.py
[2023-06-09T10:53:14.669+0000] {processor.py:753} INFO - DAG(s) dict_keys(['example_task_group_decorator']) retrieved from /home/airflow/.local/lib/python3.7/site-packages/airflow/example_dags/example_task_group_decorator.py
[2023-06-09T10:53:14.694+0000] {logging_mixin.py:137} INFO - [2023-06-09T10:53:14.694+0000] {dag.py:2690} INFO - Sync 1 DAGs
[2023-06-09T10:53:14.711+0000] {logging_mixin.py:137} INFO - [2023-06-09T10:53:14.711+0000] {dag.py:3441} INFO - Setting next_dagrun for example_task_group_decorator to 2023-06-08T10:53:14.710775+00:00, run_after=2023-06-09T10:53:14.710775+00:00
[2023-06-09T10:53:14.726+0000] {processor.py:175} INFO - Processing /home/airflow/.local/lib/python3.7/site-packages/airflow/example_dags/example_task_group_decorator.py took 0.086 seconds
[2023-06-09T10:53:45.281+0000] {processor.py:153} INFO - Started process (PID=94230) to work on /home/airflow/.local/lib/python3.7/site-packages/airflow/example_dags/example_task_group_decorator.py
[2023-06-09T10:53:45.284+0000] {processor.py:743} INFO - Processing file /home/airflow/.local/lib/python3.7/site-packages/airflow/example_dags/example_task_group_decorator.py for tasks to queue
[2023-06-09T10:53:45.285+0000] {logging_mixin.py:137} INFO - [2023-06-09T10:53:45.285+0000] {dagbag.py:538} INFO - Filling up the DagBag from /home/airflow/.local/lib/python3.7/site-packages/airflow/example_dags/example_task_group_decorator.py
[2023-06-09T10:53:45.308+0000] {processor.py:753} INFO - DAG(s) dict_keys(['example_task_group_decorator']) retrieved from /home/airflow/.local/lib/python3.7/site-packages/airflow/example_dags/example_task_group_decorator.py
[2023-06-09T10:53:45.333+0000] {logging_mixin.py:137} INFO - [2023-06-09T10:53:45.333+0000] {dag.py:2690} INFO - Sync 1 DAGs
[2023-06-09T10:53:45.348+0000] {logging_mixin.py:137} INFO - [2023-06-09T10:53:45.348+0000] {dag.py:3441} INFO - Setting next_dagrun for example_task_group_decorator to 2023-06-08T10:53:45.348301+00:00, run_after=2023-06-09T10:53:45.348301+00:00
[2023-06-09T10:53:45.359+0000] {processor.py:175} INFO - Processing /home/airflow/.local/lib/python3.7/site-packages/airflow/example_dags/example_task_group_decorator.py took 0.080 seconds
[2023-06-09T10:54:16.146+0000] {processor.py:153} INFO - Started process (PID=94299) to work on /home/airflow/.local/lib/python3.7/site-packages/airflow/example_dags/example_task_group_decorator.py
[2023-06-09T10:54:16.148+0000] {processor.py:743} INFO - Processing file /home/airflow/.local/lib/python3.7/site-packages/airflow/example_dags/example_task_group_decorator.py for tasks to queue
[2023-06-09T10:54:16.149+0000] {logging_mixin.py:137} INFO - [2023-06-09T10:54:16.149+0000] {dagbag.py:538} INFO - Filling up the DagBag from /home/airflow/.local/lib/python3.7/site-packages/airflow/example_dags/example_task_group_decorator.py
[2023-06-09T10:54:16.170+0000] {processor.py:753} INFO - DAG(s) dict_keys(['example_task_group_decorator']) retrieved from /home/airflow/.local/lib/python3.7/site-packages/airflow/example_dags/example_task_group_decorator.py
[2023-06-09T10:54:16.191+0000] {logging_mixin.py:137} INFO - [2023-06-09T10:54:16.191+0000] {dag.py:2690} INFO - Sync 1 DAGs
[2023-06-09T10:54:16.209+0000] {logging_mixin.py:137} INFO - [2023-06-09T10:54:16.208+0000] {dag.py:3441} INFO - Setting next_dagrun for example_task_group_decorator to 2023-06-08T10:54:16.208808+00:00, run_after=2023-06-09T10:54:16.208808+00:00
[2023-06-09T10:54:16.221+0000] {processor.py:175} INFO - Processing /home/airflow/.local/lib/python3.7/site-packages/airflow/example_dags/example_task_group_decorator.py took 0.078 seconds
[2023-06-09T10:54:47.217+0000] {processor.py:153} INFO - Started process (PID=94382) to work on /home/airflow/.local/lib/python3.7/site-packages/airflow/example_dags/example_task_group_decorator.py
[2023-06-09T10:54:47.219+0000] {processor.py:743} INFO - Processing file /home/airflow/.local/lib/python3.7/site-packages/airflow/example_dags/example_task_group_decorator.py for tasks to queue
[2023-06-09T10:54:47.220+0000] {logging_mixin.py:137} INFO - [2023-06-09T10:54:47.220+0000] {dagbag.py:538} INFO - Filling up the DagBag from /home/airflow/.local/lib/python3.7/site-packages/airflow/example_dags/example_task_group_decorator.py
[2023-06-09T10:54:47.242+0000] {processor.py:753} INFO - DAG(s) dict_keys(['example_task_group_decorator']) retrieved from /home/airflow/.local/lib/python3.7/site-packages/airflow/example_dags/example_task_group_decorator.py
[2023-06-09T10:54:47.265+0000] {logging_mixin.py:137} INFO - [2023-06-09T10:54:47.265+0000] {dag.py:2690} INFO - Sync 1 DAGs
[2023-06-09T10:54:47.282+0000] {logging_mixin.py:137} INFO - [2023-06-09T10:54:47.282+0000] {dag.py:3441} INFO - Setting next_dagrun for example_task_group_decorator to 2023-06-08T10:54:47.282260+00:00, run_after=2023-06-09T10:54:47.282260+00:00
[2023-06-09T10:54:47.294+0000] {processor.py:175} INFO - Processing /home/airflow/.local/lib/python3.7/site-packages/airflow/example_dags/example_task_group_decorator.py took 0.080 seconds
[2023-06-09T10:55:17.701+0000] {processor.py:153} INFO - Started process (PID=94464) to work on /home/airflow/.local/lib/python3.7/site-packages/airflow/example_dags/example_task_group_decorator.py
[2023-06-09T10:55:17.703+0000] {processor.py:743} INFO - Processing file /home/airflow/.local/lib/python3.7/site-packages/airflow/example_dags/example_task_group_decorator.py for tasks to queue
[2023-06-09T10:55:17.704+0000] {logging_mixin.py:137} INFO - [2023-06-09T10:55:17.704+0000] {dagbag.py:538} INFO - Filling up the DagBag from /home/airflow/.local/lib/python3.7/site-packages/airflow/example_dags/example_task_group_decorator.py
[2023-06-09T10:55:17.722+0000] {processor.py:753} INFO - DAG(s) dict_keys(['example_task_group_decorator']) retrieved from /home/airflow/.local/lib/python3.7/site-packages/airflow/example_dags/example_task_group_decorator.py
[2023-06-09T10:55:17.742+0000] {logging_mixin.py:137} INFO - [2023-06-09T10:55:17.742+0000] {dag.py:2690} INFO - Sync 1 DAGs
[2023-06-09T10:55:17.757+0000] {logging_mixin.py:137} INFO - [2023-06-09T10:55:17.757+0000] {dag.py:3441} INFO - Setting next_dagrun for example_task_group_decorator to 2023-06-08T10:55:17.756855+00:00, run_after=2023-06-09T10:55:17.756855+00:00
[2023-06-09T10:55:17.767+0000] {processor.py:175} INFO - Processing /home/airflow/.local/lib/python3.7/site-packages/airflow/example_dags/example_task_group_decorator.py took 0.070 seconds
[2023-06-09T11:09:42.361+0000] {processor.py:153} INFO - Started process (PID=94535) to work on /home/airflow/.local/lib/python3.7/site-packages/airflow/example_dags/example_task_group_decorator.py
[2023-06-09T11:09:42.364+0000] {processor.py:743} INFO - Processing file /home/airflow/.local/lib/python3.7/site-packages/airflow/example_dags/example_task_group_decorator.py for tasks to queue
[2023-06-09T11:09:42.365+0000] {logging_mixin.py:137} INFO - [2023-06-09T11:09:42.365+0000] {dagbag.py:538} INFO - Filling up the DagBag from /home/airflow/.local/lib/python3.7/site-packages/airflow/example_dags/example_task_group_decorator.py
[2023-06-09T11:09:42.385+0000] {processor.py:753} INFO - DAG(s) dict_keys(['example_task_group_decorator']) retrieved from /home/airflow/.local/lib/python3.7/site-packages/airflow/example_dags/example_task_group_decorator.py
[2023-06-09T11:09:42.408+0000] {logging_mixin.py:137} INFO - [2023-06-09T11:09:42.408+0000] {dag.py:2690} INFO - Sync 1 DAGs
[2023-06-09T11:09:42.430+0000] {logging_mixin.py:137} INFO - [2023-06-09T11:09:42.430+0000] {dag.py:3441} INFO - Setting next_dagrun for example_task_group_decorator to 2023-06-08T11:09:42.429457+00:00, run_after=2023-06-09T11:09:42.429457+00:00
[2023-06-09T11:09:42.442+0000] {processor.py:175} INFO - Processing /home/airflow/.local/lib/python3.7/site-packages/airflow/example_dags/example_task_group_decorator.py took 0.085 seconds
[2023-06-09T11:10:14.030+0000] {processor.py:153} INFO - Started process (PID=94618) to work on /home/airflow/.local/lib/python3.7/site-packages/airflow/example_dags/example_task_group_decorator.py
[2023-06-09T11:10:14.032+0000] {processor.py:743} INFO - Processing file /home/airflow/.local/lib/python3.7/site-packages/airflow/example_dags/example_task_group_decorator.py for tasks to queue
[2023-06-09T11:10:14.033+0000] {logging_mixin.py:137} INFO - [2023-06-09T11:10:14.033+0000] {dagbag.py:538} INFO - Filling up the DagBag from /home/airflow/.local/lib/python3.7/site-packages/airflow/example_dags/example_task_group_decorator.py
[2023-06-09T11:10:14.055+0000] {processor.py:753} INFO - DAG(s) dict_keys(['example_task_group_decorator']) retrieved from /home/airflow/.local/lib/python3.7/site-packages/airflow/example_dags/example_task_group_decorator.py
[2023-06-09T11:10:14.078+0000] {logging_mixin.py:137} INFO - [2023-06-09T11:10:14.078+0000] {dag.py:2690} INFO - Sync 1 DAGs
[2023-06-09T11:10:14.095+0000] {logging_mixin.py:137} INFO - [2023-06-09T11:10:14.095+0000] {dag.py:3441} INFO - Setting next_dagrun for example_task_group_decorator to 2023-06-08T11:10:14.095602+00:00, run_after=2023-06-09T11:10:14.095602+00:00
[2023-06-09T11:10:14.109+0000] {processor.py:175} INFO - Processing /home/airflow/.local/lib/python3.7/site-packages/airflow/example_dags/example_task_group_decorator.py took 0.082 seconds
[2023-06-09T11:10:44.234+0000] {processor.py:153} INFO - Started process (PID=94688) to work on /home/airflow/.local/lib/python3.7/site-packages/airflow/example_dags/example_task_group_decorator.py
[2023-06-09T11:10:44.236+0000] {processor.py:743} INFO - Processing file /home/airflow/.local/lib/python3.7/site-packages/airflow/example_dags/example_task_group_decorator.py for tasks to queue
[2023-06-09T11:10:44.237+0000] {logging_mixin.py:137} INFO - [2023-06-09T11:10:44.237+0000] {dagbag.py:538} INFO - Filling up the DagBag from /home/airflow/.local/lib/python3.7/site-packages/airflow/example_dags/example_task_group_decorator.py
[2023-06-09T11:10:44.258+0000] {processor.py:753} INFO - DAG(s) dict_keys(['example_task_group_decorator']) retrieved from /home/airflow/.local/lib/python3.7/site-packages/airflow/example_dags/example_task_group_decorator.py
[2023-06-09T11:10:44.282+0000] {logging_mixin.py:137} INFO - [2023-06-09T11:10:44.282+0000] {dag.py:2690} INFO - Sync 1 DAGs
[2023-06-09T11:10:44.298+0000] {logging_mixin.py:137} INFO - [2023-06-09T11:10:44.298+0000] {dag.py:3441} INFO - Setting next_dagrun for example_task_group_decorator to 2023-06-08T11:10:44.298389+00:00, run_after=2023-06-09T11:10:44.298389+00:00
[2023-06-09T11:10:44.311+0000] {processor.py:175} INFO - Processing /home/airflow/.local/lib/python3.7/site-packages/airflow/example_dags/example_task_group_decorator.py took 0.080 seconds
[2023-06-09T11:11:15.178+0000] {processor.py:153} INFO - Started process (PID=94772) to work on /home/airflow/.local/lib/python3.7/site-packages/airflow/example_dags/example_task_group_decorator.py
[2023-06-09T11:11:15.180+0000] {processor.py:743} INFO - Processing file /home/airflow/.local/lib/python3.7/site-packages/airflow/example_dags/example_task_group_decorator.py for tasks to queue
[2023-06-09T11:11:15.181+0000] {logging_mixin.py:137} INFO - [2023-06-09T11:11:15.181+0000] {dagbag.py:538} INFO - Filling up the DagBag from /home/airflow/.local/lib/python3.7/site-packages/airflow/example_dags/example_task_group_decorator.py
[2023-06-09T11:11:15.205+0000] {processor.py:753} INFO - DAG(s) dict_keys(['example_task_group_decorator']) retrieved from /home/airflow/.local/lib/python3.7/site-packages/airflow/example_dags/example_task_group_decorator.py
[2023-06-09T11:11:15.227+0000] {logging_mixin.py:137} INFO - [2023-06-09T11:11:15.227+0000] {dag.py:2690} INFO - Sync 1 DAGs
[2023-06-09T11:11:15.244+0000] {logging_mixin.py:137} INFO - [2023-06-09T11:11:15.243+0000] {dag.py:3441} INFO - Setting next_dagrun for example_task_group_decorator to 2023-06-08T11:11:15.243749+00:00, run_after=2023-06-09T11:11:15.243749+00:00
[2023-06-09T11:11:15.255+0000] {processor.py:175} INFO - Processing /home/airflow/.local/lib/python3.7/site-packages/airflow/example_dags/example_task_group_decorator.py took 0.080 seconds
[2023-06-09T11:11:46.204+0000] {processor.py:153} INFO - Started process (PID=94854) to work on /home/airflow/.local/lib/python3.7/site-packages/airflow/example_dags/example_task_group_decorator.py
[2023-06-09T11:11:46.206+0000] {processor.py:743} INFO - Processing file /home/airflow/.local/lib/python3.7/site-packages/airflow/example_dags/example_task_group_decorator.py for tasks to queue
[2023-06-09T11:11:46.207+0000] {logging_mixin.py:137} INFO - [2023-06-09T11:11:46.207+0000] {dagbag.py:538} INFO - Filling up the DagBag from /home/airflow/.local/lib/python3.7/site-packages/airflow/example_dags/example_task_group_decorator.py
[2023-06-09T11:11:46.226+0000] {processor.py:753} INFO - DAG(s) dict_keys(['example_task_group_decorator']) retrieved from /home/airflow/.local/lib/python3.7/site-packages/airflow/example_dags/example_task_group_decorator.py
[2023-06-09T11:11:46.248+0000] {logging_mixin.py:137} INFO - [2023-06-09T11:11:46.248+0000] {dag.py:2690} INFO - Sync 1 DAGs
[2023-06-09T11:11:46.267+0000] {logging_mixin.py:137} INFO - [2023-06-09T11:11:46.266+0000] {dag.py:3441} INFO - Setting next_dagrun for example_task_group_decorator to 2023-06-08T11:11:46.266748+00:00, run_after=2023-06-09T11:11:46.266748+00:00
[2023-06-09T11:11:46.279+0000] {processor.py:175} INFO - Processing /home/airflow/.local/lib/python3.7/site-packages/airflow/example_dags/example_task_group_decorator.py took 0.078 seconds
[2023-06-09T11:12:17.965+0000] {processor.py:153} INFO - Started process (PID=94937) to work on /home/airflow/.local/lib/python3.7/site-packages/airflow/example_dags/example_task_group_decorator.py
[2023-06-09T11:12:17.967+0000] {processor.py:743} INFO - Processing file /home/airflow/.local/lib/python3.7/site-packages/airflow/example_dags/example_task_group_decorator.py for tasks to queue
[2023-06-09T11:12:17.970+0000] {logging_mixin.py:137} INFO - [2023-06-09T11:12:17.970+0000] {dagbag.py:538} INFO - Filling up the DagBag from /home/airflow/.local/lib/python3.7/site-packages/airflow/example_dags/example_task_group_decorator.py
[2023-06-09T11:12:18.002+0000] {processor.py:753} INFO - DAG(s) dict_keys(['example_task_group_decorator']) retrieved from /home/airflow/.local/lib/python3.7/site-packages/airflow/example_dags/example_task_group_decorator.py
[2023-06-09T11:12:18.030+0000] {logging_mixin.py:137} INFO - [2023-06-09T11:12:18.030+0000] {dag.py:2690} INFO - Sync 1 DAGs
[2023-06-09T11:12:18.053+0000] {logging_mixin.py:137} INFO - [2023-06-09T11:12:18.052+0000] {dag.py:3441} INFO - Setting next_dagrun for example_task_group_decorator to 2023-06-08T11:12:18.052659+00:00, run_after=2023-06-09T11:12:18.052659+00:00
[2023-06-09T11:12:18.085+0000] {processor.py:175} INFO - Processing /home/airflow/.local/lib/python3.7/site-packages/airflow/example_dags/example_task_group_decorator.py took 0.125 seconds
[2023-06-09T11:47:29.319+0000] {processor.py:153} INFO - Started process (PID=95009) to work on /home/airflow/.local/lib/python3.7/site-packages/airflow/example_dags/example_task_group_decorator.py
[2023-06-09T11:47:29.321+0000] {processor.py:743} INFO - Processing file /home/airflow/.local/lib/python3.7/site-packages/airflow/example_dags/example_task_group_decorator.py for tasks to queue
[2023-06-09T11:47:29.322+0000] {logging_mixin.py:137} INFO - [2023-06-09T11:47:29.322+0000] {dagbag.py:538} INFO - Filling up the DagBag from /home/airflow/.local/lib/python3.7/site-packages/airflow/example_dags/example_task_group_decorator.py
[2023-06-09T11:47:29.342+0000] {processor.py:753} INFO - DAG(s) dict_keys(['example_task_group_decorator']) retrieved from /home/airflow/.local/lib/python3.7/site-packages/airflow/example_dags/example_task_group_decorator.py
[2023-06-09T11:47:29.366+0000] {logging_mixin.py:137} INFO - [2023-06-09T11:47:29.365+0000] {dag.py:2690} INFO - Sync 1 DAGs
[2023-06-09T11:47:29.388+0000] {logging_mixin.py:137} INFO - [2023-06-09T11:47:29.388+0000] {dag.py:3441} INFO - Setting next_dagrun for example_task_group_decorator to 2023-06-08T11:47:29.388640+00:00, run_after=2023-06-09T11:47:29.388640+00:00
[2023-06-09T11:47:29.401+0000] {processor.py:175} INFO - Processing /home/airflow/.local/lib/python3.7/site-packages/airflow/example_dags/example_task_group_decorator.py took 0.085 seconds
[2023-06-09T11:47:59.556+0000] {processor.py:153} INFO - Started process (PID=95080) to work on /home/airflow/.local/lib/python3.7/site-packages/airflow/example_dags/example_task_group_decorator.py
[2023-06-09T11:47:59.558+0000] {processor.py:743} INFO - Processing file /home/airflow/.local/lib/python3.7/site-packages/airflow/example_dags/example_task_group_decorator.py for tasks to queue
[2023-06-09T11:47:59.559+0000] {logging_mixin.py:137} INFO - [2023-06-09T11:47:59.559+0000] {dagbag.py:538} INFO - Filling up the DagBag from /home/airflow/.local/lib/python3.7/site-packages/airflow/example_dags/example_task_group_decorator.py
[2023-06-09T11:47:59.581+0000] {processor.py:753} INFO - DAG(s) dict_keys(['example_task_group_decorator']) retrieved from /home/airflow/.local/lib/python3.7/site-packages/airflow/example_dags/example_task_group_decorator.py
[2023-06-09T11:47:59.605+0000] {logging_mixin.py:137} INFO - [2023-06-09T11:47:59.605+0000] {dag.py:2690} INFO - Sync 1 DAGs
[2023-06-09T11:47:59.628+0000] {logging_mixin.py:137} INFO - [2023-06-09T11:47:59.627+0000] {dag.py:3441} INFO - Setting next_dagrun for example_task_group_decorator to 2023-06-08T11:47:59.627758+00:00, run_after=2023-06-09T11:47:59.627758+00:00
[2023-06-09T11:47:59.641+0000] {processor.py:175} INFO - Processing /home/airflow/.local/lib/python3.7/site-packages/airflow/example_dags/example_task_group_decorator.py took 0.088 seconds
[2023-06-09T11:48:29.963+0000] {processor.py:153} INFO - Started process (PID=95164) to work on /home/airflow/.local/lib/python3.7/site-packages/airflow/example_dags/example_task_group_decorator.py
[2023-06-09T11:48:29.965+0000] {processor.py:743} INFO - Processing file /home/airflow/.local/lib/python3.7/site-packages/airflow/example_dags/example_task_group_decorator.py for tasks to queue
[2023-06-09T11:48:29.966+0000] {logging_mixin.py:137} INFO - [2023-06-09T11:48:29.966+0000] {dagbag.py:538} INFO - Filling up the DagBag from /home/airflow/.local/lib/python3.7/site-packages/airflow/example_dags/example_task_group_decorator.py
[2023-06-09T11:48:29.988+0000] {processor.py:753} INFO - DAG(s) dict_keys(['example_task_group_decorator']) retrieved from /home/airflow/.local/lib/python3.7/site-packages/airflow/example_dags/example_task_group_decorator.py
[2023-06-09T11:48:30.009+0000] {logging_mixin.py:137} INFO - [2023-06-09T11:48:30.009+0000] {dag.py:2690} INFO - Sync 1 DAGs
[2023-06-09T11:48:30.027+0000] {logging_mixin.py:137} INFO - [2023-06-09T11:48:30.027+0000] {dag.py:3441} INFO - Setting next_dagrun for example_task_group_decorator to 2023-06-08T11:48:30.027246+00:00, run_after=2023-06-09T11:48:30.027246+00:00
[2023-06-09T11:48:30.040+0000] {processor.py:175} INFO - Processing /home/airflow/.local/lib/python3.7/site-packages/airflow/example_dags/example_task_group_decorator.py took 0.080 seconds
[2023-06-09T11:49:00.365+0000] {processor.py:153} INFO - Started process (PID=95248) to work on /home/airflow/.local/lib/python3.7/site-packages/airflow/example_dags/example_task_group_decorator.py
[2023-06-09T11:49:00.367+0000] {processor.py:743} INFO - Processing file /home/airflow/.local/lib/python3.7/site-packages/airflow/example_dags/example_task_group_decorator.py for tasks to queue
[2023-06-09T11:49:00.368+0000] {logging_mixin.py:137} INFO - [2023-06-09T11:49:00.368+0000] {dagbag.py:538} INFO - Filling up the DagBag from /home/airflow/.local/lib/python3.7/site-packages/airflow/example_dags/example_task_group_decorator.py
[2023-06-09T11:49:00.389+0000] {processor.py:753} INFO - DAG(s) dict_keys(['example_task_group_decorator']) retrieved from /home/airflow/.local/lib/python3.7/site-packages/airflow/example_dags/example_task_group_decorator.py
[2023-06-09T11:49:00.413+0000] {logging_mixin.py:137} INFO - [2023-06-09T11:49:00.413+0000] {dag.py:2690} INFO - Sync 1 DAGs
[2023-06-09T11:49:00.431+0000] {logging_mixin.py:137} INFO - [2023-06-09T11:49:00.431+0000] {dag.py:3441} INFO - Setting next_dagrun for example_task_group_decorator to 2023-06-08T11:49:00.431493+00:00, run_after=2023-06-09T11:49:00.431493+00:00
[2023-06-09T11:49:00.443+0000] {processor.py:175} INFO - Processing /home/airflow/.local/lib/python3.7/site-packages/airflow/example_dags/example_task_group_decorator.py took 0.081 seconds
[2023-06-09T11:51:01.308+0000] {processor.py:153} INFO - Started process (PID=95319) to work on /home/airflow/.local/lib/python3.7/site-packages/airflow/example_dags/example_task_group_decorator.py
[2023-06-09T11:51:01.311+0000] {processor.py:743} INFO - Processing file /home/airflow/.local/lib/python3.7/site-packages/airflow/example_dags/example_task_group_decorator.py for tasks to queue
[2023-06-09T11:51:01.312+0000] {logging_mixin.py:137} INFO - [2023-06-09T11:51:01.312+0000] {dagbag.py:538} INFO - Filling up the DagBag from /home/airflow/.local/lib/python3.7/site-packages/airflow/example_dags/example_task_group_decorator.py
[2023-06-09T11:51:01.333+0000] {processor.py:753} INFO - DAG(s) dict_keys(['example_task_group_decorator']) retrieved from /home/airflow/.local/lib/python3.7/site-packages/airflow/example_dags/example_task_group_decorator.py
[2023-06-09T11:51:01.356+0000] {logging_mixin.py:137} INFO - [2023-06-09T11:51:01.356+0000] {dag.py:2690} INFO - Sync 1 DAGs
[2023-06-09T11:51:01.374+0000] {logging_mixin.py:137} INFO - [2023-06-09T11:51:01.374+0000] {dag.py:3441} INFO - Setting next_dagrun for example_task_group_decorator to 2023-06-08T11:51:01.374473+00:00, run_after=2023-06-09T11:51:01.374473+00:00
[2023-06-09T11:51:01.387+0000] {processor.py:175} INFO - Processing /home/airflow/.local/lib/python3.7/site-packages/airflow/example_dags/example_task_group_decorator.py took 0.081 seconds
[2023-06-09T12:57:01.998+0000] {processor.py:153} INFO - Started process (PID=95402) to work on /home/airflow/.local/lib/python3.7/site-packages/airflow/example_dags/example_task_group_decorator.py
[2023-06-09T12:57:01.999+0000] {processor.py:743} INFO - Processing file /home/airflow/.local/lib/python3.7/site-packages/airflow/example_dags/example_task_group_decorator.py for tasks to queue
[2023-06-09T12:57:02.000+0000] {logging_mixin.py:137} INFO - [2023-06-09T12:57:02.000+0000] {dagbag.py:538} INFO - Filling up the DagBag from /home/airflow/.local/lib/python3.7/site-packages/airflow/example_dags/example_task_group_decorator.py
[2023-06-09T12:57:02.022+0000] {processor.py:753} INFO - DAG(s) dict_keys(['example_task_group_decorator']) retrieved from /home/airflow/.local/lib/python3.7/site-packages/airflow/example_dags/example_task_group_decorator.py
[2023-06-09T12:57:02.045+0000] {logging_mixin.py:137} INFO - [2023-06-09T12:57:02.045+0000] {dag.py:2690} INFO - Sync 1 DAGs
[2023-06-09T12:57:02.062+0000] {logging_mixin.py:137} INFO - [2023-06-09T12:57:02.062+0000] {dag.py:3441} INFO - Setting next_dagrun for example_task_group_decorator to 2023-06-08T12:57:02.062242+00:00, run_after=2023-06-09T12:57:02.062242+00:00
[2023-06-09T12:57:02.075+0000] {processor.py:175} INFO - Processing /home/airflow/.local/lib/python3.7/site-packages/airflow/example_dags/example_task_group_decorator.py took 0.081 seconds
[2023-06-09T13:49:13.241+0000] {processor.py:153} INFO - Started process (PID=95481) to work on /home/airflow/.local/lib/python3.7/site-packages/airflow/example_dags/example_task_group_decorator.py
[2023-06-09T13:49:13.243+0000] {processor.py:743} INFO - Processing file /home/airflow/.local/lib/python3.7/site-packages/airflow/example_dags/example_task_group_decorator.py for tasks to queue
[2023-06-09T13:49:13.246+0000] {logging_mixin.py:137} INFO - [2023-06-09T13:49:13.246+0000] {dagbag.py:538} INFO - Filling up the DagBag from /home/airflow/.local/lib/python3.7/site-packages/airflow/example_dags/example_task_group_decorator.py
[2023-06-09T13:49:13.272+0000] {processor.py:753} INFO - DAG(s) dict_keys(['example_task_group_decorator']) retrieved from /home/airflow/.local/lib/python3.7/site-packages/airflow/example_dags/example_task_group_decorator.py
[2023-06-09T13:49:13.306+0000] {logging_mixin.py:137} INFO - [2023-06-09T13:49:13.306+0000] {dag.py:2690} INFO - Sync 1 DAGs
[2023-06-09T13:49:13.328+0000] {logging_mixin.py:137} INFO - [2023-06-09T13:49:13.328+0000] {dag.py:3441} INFO - Setting next_dagrun for example_task_group_decorator to 2023-06-08T13:49:13.328434+00:00, run_after=2023-06-09T13:49:13.328434+00:00
[2023-06-09T13:49:13.342+0000] {processor.py:175} INFO - Processing /home/airflow/.local/lib/python3.7/site-packages/airflow/example_dags/example_task_group_decorator.py took 0.104 seconds
[2023-06-09T15:10:23.994+0000] {processor.py:153} INFO - Started process (PID=95555) to work on /home/airflow/.local/lib/python3.7/site-packages/airflow/example_dags/example_task_group_decorator.py
[2023-06-09T15:10:23.996+0000] {processor.py:743} INFO - Processing file /home/airflow/.local/lib/python3.7/site-packages/airflow/example_dags/example_task_group_decorator.py for tasks to queue
[2023-06-09T15:10:23.997+0000] {logging_mixin.py:137} INFO - [2023-06-09T15:10:23.997+0000] {dagbag.py:538} INFO - Filling up the DagBag from /home/airflow/.local/lib/python3.7/site-packages/airflow/example_dags/example_task_group_decorator.py
[2023-06-09T15:10:24.019+0000] {processor.py:753} INFO - DAG(s) dict_keys(['example_task_group_decorator']) retrieved from /home/airflow/.local/lib/python3.7/site-packages/airflow/example_dags/example_task_group_decorator.py
[2023-06-09T15:10:24.043+0000] {logging_mixin.py:137} INFO - [2023-06-09T15:10:24.042+0000] {dag.py:2690} INFO - Sync 1 DAGs
[2023-06-09T15:10:24.059+0000] {logging_mixin.py:137} INFO - [2023-06-09T15:10:24.059+0000] {dag.py:3441} INFO - Setting next_dagrun for example_task_group_decorator to 2023-06-08T15:10:24.059003+00:00, run_after=2023-06-09T15:10:24.059003+00:00
[2023-06-09T15:10:24.072+0000] {processor.py:175} INFO - Processing /home/airflow/.local/lib/python3.7/site-packages/airflow/example_dags/example_task_group_decorator.py took 0.080 seconds
[2023-06-09T16:01:26.026+0000] {processor.py:153} INFO - Started process (PID=95638) to work on /home/airflow/.local/lib/python3.7/site-packages/airflow/example_dags/example_task_group_decorator.py
[2023-06-09T16:01:26.028+0000] {processor.py:743} INFO - Processing file /home/airflow/.local/lib/python3.7/site-packages/airflow/example_dags/example_task_group_decorator.py for tasks to queue
[2023-06-09T16:01:26.029+0000] {logging_mixin.py:137} INFO - [2023-06-09T16:01:26.029+0000] {dagbag.py:538} INFO - Filling up the DagBag from /home/airflow/.local/lib/python3.7/site-packages/airflow/example_dags/example_task_group_decorator.py
[2023-06-09T16:01:26.051+0000] {processor.py:753} INFO - DAG(s) dict_keys(['example_task_group_decorator']) retrieved from /home/airflow/.local/lib/python3.7/site-packages/airflow/example_dags/example_task_group_decorator.py
[2023-06-09T16:01:26.074+0000] {logging_mixin.py:137} INFO - [2023-06-09T16:01:26.074+0000] {dag.py:2690} INFO - Sync 1 DAGs
[2023-06-09T16:01:26.091+0000] {logging_mixin.py:137} INFO - [2023-06-09T16:01:26.091+0000] {dag.py:3441} INFO - Setting next_dagrun for example_task_group_decorator to 2023-06-08T16:01:26.091177+00:00, run_after=2023-06-09T16:01:26.091177+00:00
[2023-06-09T16:01:26.103+0000] {processor.py:175} INFO - Processing /home/airflow/.local/lib/python3.7/site-packages/airflow/example_dags/example_task_group_decorator.py took 0.079 seconds
[2023-06-09T17:06:59.712+0000] {processor.py:153} INFO - Started process (PID=95709) to work on /home/airflow/.local/lib/python3.7/site-packages/airflow/example_dags/example_task_group_decorator.py
[2023-06-09T17:06:59.714+0000] {processor.py:743} INFO - Processing file /home/airflow/.local/lib/python3.7/site-packages/airflow/example_dags/example_task_group_decorator.py for tasks to queue
[2023-06-09T17:06:59.715+0000] {logging_mixin.py:137} INFO - [2023-06-09T17:06:59.715+0000] {dagbag.py:538} INFO - Filling up the DagBag from /home/airflow/.local/lib/python3.7/site-packages/airflow/example_dags/example_task_group_decorator.py
[2023-06-09T17:06:59.737+0000] {processor.py:753} INFO - DAG(s) dict_keys(['example_task_group_decorator']) retrieved from /home/airflow/.local/lib/python3.7/site-packages/airflow/example_dags/example_task_group_decorator.py
[2023-06-09T17:06:59.762+0000] {logging_mixin.py:137} INFO - [2023-06-09T17:06:59.762+0000] {dag.py:2690} INFO - Sync 1 DAGs
[2023-06-09T17:06:59.778+0000] {logging_mixin.py:137} INFO - [2023-06-09T17:06:59.778+0000] {dag.py:3441} INFO - Setting next_dagrun for example_task_group_decorator to 2023-06-08T17:06:59.778260+00:00, run_after=2023-06-09T17:06:59.778260+00:00
[2023-06-09T17:06:59.790+0000] {processor.py:175} INFO - Processing /home/airflow/.local/lib/python3.7/site-packages/airflow/example_dags/example_task_group_decorator.py took 0.081 seconds
[2023-06-09T18:14:52.891+0000] {processor.py:153} INFO - Started process (PID=95792) to work on /home/airflow/.local/lib/python3.7/site-packages/airflow/example_dags/example_task_group_decorator.py
[2023-06-09T18:14:52.892+0000] {processor.py:743} INFO - Processing file /home/airflow/.local/lib/python3.7/site-packages/airflow/example_dags/example_task_group_decorator.py for tasks to queue
[2023-06-09T18:14:52.893+0000] {logging_mixin.py:137} INFO - [2023-06-09T18:14:52.893+0000] {dagbag.py:538} INFO - Filling up the DagBag from /home/airflow/.local/lib/python3.7/site-packages/airflow/example_dags/example_task_group_decorator.py
[2023-06-09T18:14:52.912+0000] {processor.py:753} INFO - DAG(s) dict_keys(['example_task_group_decorator']) retrieved from /home/airflow/.local/lib/python3.7/site-packages/airflow/example_dags/example_task_group_decorator.py
[2023-06-09T18:14:52.933+0000] {logging_mixin.py:137} INFO - [2023-06-09T18:14:52.933+0000] {dag.py:2690} INFO - Sync 1 DAGs
[2023-06-09T18:14:52.948+0000] {logging_mixin.py:137} INFO - [2023-06-09T18:14:52.948+0000] {dag.py:3441} INFO - Setting next_dagrun for example_task_group_decorator to 2023-06-08T18:14:52.948411+00:00, run_after=2023-06-09T18:14:52.948411+00:00
[2023-06-09T18:14:52.960+0000] {processor.py:175} INFO - Processing /home/airflow/.local/lib/python3.7/site-packages/airflow/example_dags/example_task_group_decorator.py took 0.073 seconds
[2023-06-09T19:23:29.626+0000] {processor.py:153} INFO - Started process (PID=95874) to work on /home/airflow/.local/lib/python3.7/site-packages/airflow/example_dags/example_task_group_decorator.py
[2023-06-09T19:23:29.628+0000] {processor.py:743} INFO - Processing file /home/airflow/.local/lib/python3.7/site-packages/airflow/example_dags/example_task_group_decorator.py for tasks to queue
[2023-06-09T19:23:29.629+0000] {logging_mixin.py:137} INFO - [2023-06-09T19:23:29.629+0000] {dagbag.py:538} INFO - Filling up the DagBag from /home/airflow/.local/lib/python3.7/site-packages/airflow/example_dags/example_task_group_decorator.py
[2023-06-09T19:23:29.666+0000] {processor.py:753} INFO - DAG(s) dict_keys(['example_task_group_decorator']) retrieved from /home/airflow/.local/lib/python3.7/site-packages/airflow/example_dags/example_task_group_decorator.py
[2023-06-09T19:23:29.686+0000] {logging_mixin.py:137} INFO - [2023-06-09T19:23:29.686+0000] {dag.py:2690} INFO - Sync 1 DAGs
[2023-06-09T19:23:29.703+0000] {logging_mixin.py:137} INFO - [2023-06-09T19:23:29.703+0000] {dag.py:3441} INFO - Setting next_dagrun for example_task_group_decorator to 2023-06-08T19:23:29.703440+00:00, run_after=2023-06-09T19:23:29.703440+00:00
[2023-06-09T19:23:29.715+0000] {processor.py:175} INFO - Processing /home/airflow/.local/lib/python3.7/site-packages/airflow/example_dags/example_task_group_decorator.py took 0.092 seconds
[2023-06-09T20:30:15.184+0000] {processor.py:153} INFO - Started process (PID=95945) to work on /home/airflow/.local/lib/python3.7/site-packages/airflow/example_dags/example_task_group_decorator.py
[2023-06-09T20:30:15.186+0000] {processor.py:743} INFO - Processing file /home/airflow/.local/lib/python3.7/site-packages/airflow/example_dags/example_task_group_decorator.py for tasks to queue
[2023-06-09T20:30:15.187+0000] {logging_mixin.py:137} INFO - [2023-06-09T20:30:15.186+0000] {dagbag.py:538} INFO - Filling up the DagBag from /home/airflow/.local/lib/python3.7/site-packages/airflow/example_dags/example_task_group_decorator.py
[2023-06-09T20:30:15.205+0000] {processor.py:753} INFO - DAG(s) dict_keys(['example_task_group_decorator']) retrieved from /home/airflow/.local/lib/python3.7/site-packages/airflow/example_dags/example_task_group_decorator.py
[2023-06-09T20:30:15.227+0000] {logging_mixin.py:137} INFO - [2023-06-09T20:30:15.227+0000] {dag.py:2690} INFO - Sync 1 DAGs
[2023-06-09T20:30:15.242+0000] {logging_mixin.py:137} INFO - [2023-06-09T20:30:15.242+0000] {dag.py:3441} INFO - Setting next_dagrun for example_task_group_decorator to 2023-06-08T20:30:15.242620+00:00, run_after=2023-06-09T20:30:15.242620+00:00
[2023-06-09T20:30:15.254+0000] {processor.py:175} INFO - Processing /home/airflow/.local/lib/python3.7/site-packages/airflow/example_dags/example_task_group_decorator.py took 0.073 seconds
[2023-06-09T21:49:31.759+0000] {processor.py:153} INFO - Started process (PID=96029) to work on /home/airflow/.local/lib/python3.7/site-packages/airflow/example_dags/example_task_group_decorator.py
[2023-06-09T21:49:31.761+0000] {processor.py:743} INFO - Processing file /home/airflow/.local/lib/python3.7/site-packages/airflow/example_dags/example_task_group_decorator.py for tasks to queue
[2023-06-09T21:49:31.762+0000] {logging_mixin.py:137} INFO - [2023-06-09T21:49:31.762+0000] {dagbag.py:538} INFO - Filling up the DagBag from /home/airflow/.local/lib/python3.7/site-packages/airflow/example_dags/example_task_group_decorator.py
[2023-06-09T21:49:31.784+0000] {processor.py:753} INFO - DAG(s) dict_keys(['example_task_group_decorator']) retrieved from /home/airflow/.local/lib/python3.7/site-packages/airflow/example_dags/example_task_group_decorator.py
[2023-06-09T21:49:31.807+0000] {logging_mixin.py:137} INFO - [2023-06-09T21:49:31.807+0000] {dag.py:2690} INFO - Sync 1 DAGs
[2023-06-09T21:49:31.824+0000] {logging_mixin.py:137} INFO - [2023-06-09T21:49:31.824+0000] {dag.py:3441} INFO - Setting next_dagrun for example_task_group_decorator to 2023-06-08T21:49:31.824084+00:00, run_after=2023-06-09T21:49:31.824084+00:00
[2023-06-09T21:49:31.838+0000] {processor.py:175} INFO - Processing /home/airflow/.local/lib/python3.7/site-packages/airflow/example_dags/example_task_group_decorator.py took 0.082 seconds
[2023-06-09T23:12:43.834+0000] {processor.py:153} INFO - Started process (PID=96099) to work on /home/airflow/.local/lib/python3.7/site-packages/airflow/example_dags/example_task_group_decorator.py
[2023-06-09T23:12:43.836+0000] {processor.py:743} INFO - Processing file /home/airflow/.local/lib/python3.7/site-packages/airflow/example_dags/example_task_group_decorator.py for tasks to queue
[2023-06-09T23:12:43.837+0000] {logging_mixin.py:137} INFO - [2023-06-09T23:12:43.837+0000] {dagbag.py:538} INFO - Filling up the DagBag from /home/airflow/.local/lib/python3.7/site-packages/airflow/example_dags/example_task_group_decorator.py
[2023-06-09T23:12:43.858+0000] {processor.py:753} INFO - DAG(s) dict_keys(['example_task_group_decorator']) retrieved from /home/airflow/.local/lib/python3.7/site-packages/airflow/example_dags/example_task_group_decorator.py
[2023-06-09T23:12:43.881+0000] {logging_mixin.py:137} INFO - [2023-06-09T23:12:43.881+0000] {dag.py:2690} INFO - Sync 1 DAGs
[2023-06-09T23:12:43.900+0000] {logging_mixin.py:137} INFO - [2023-06-09T23:12:43.900+0000] {dag.py:3441} INFO - Setting next_dagrun for example_task_group_decorator to 2023-06-08T23:12:43.900207+00:00, run_after=2023-06-09T23:12:43.900207+00:00
[2023-06-09T23:12:43.912+0000] {processor.py:175} INFO - Processing /home/airflow/.local/lib/python3.7/site-packages/airflow/example_dags/example_task_group_decorator.py took 0.082 seconds
