[2023-11-28T01:12:54.581+0000] {taskinstance.py:1083} INFO - Dependencies all met for <TaskInstance: age_check.minus scheduled__2023-11-27T00:00:00+00:00 [queued]>
[2023-11-28T01:12:54.595+0000] {taskinstance.py:1083} INFO - Dependencies all met for <TaskInstance: age_check.minus scheduled__2023-11-27T00:00:00+00:00 [queued]>
[2023-11-28T01:12:54.596+0000] {taskinstance.py:1279} INFO - 
--------------------------------------------------------------------------------
[2023-11-28T01:12:54.597+0000] {taskinstance.py:1280} INFO - Starting attempt 1 of 4
[2023-11-28T01:12:54.598+0000] {taskinstance.py:1281} INFO - 
--------------------------------------------------------------------------------
[2023-11-28T01:12:54.612+0000] {taskinstance.py:1300} INFO - Executing <Task(PythonOperator): minus> on 2023-11-27 00:00:00+00:00
[2023-11-28T01:12:54.617+0000] {standard_task_runner.py:55} INFO - Started process 36664 to run task
[2023-11-28T01:12:54.622+0000] {standard_task_runner.py:82} INFO - Running: ['***', 'tasks', 'run', 'age_check', 'minus', 'scheduled__2023-11-27T00:00:00+00:00', '--job-id', '5895', '--raw', '--subdir', 'DAGS_FOLDER/age.py', '--cfg-path', '/tmp/tmp9fqhswd_']
[2023-11-28T01:12:54.624+0000] {standard_task_runner.py:83} INFO - Job 5895: Subtask minus
[2023-11-28T01:12:54.707+0000] {task_command.py:388} INFO - Running <TaskInstance: age_check.minus scheduled__2023-11-27T00:00:00+00:00 [running]> on host 25f6b46723d1
[2023-11-28T01:12:54.787+0000] {taskinstance.py:1509} INFO - Exporting the following env vars:
AIRFLOW_CTX_DAG_OWNER=***
AIRFLOW_CTX_DAG_ID=age_check
AIRFLOW_CTX_TASK_ID=minus
AIRFLOW_CTX_EXECUTION_DATE=2023-11-27T00:00:00+00:00
AIRFLOW_CTX_TRY_NUMBER=1
AIRFLOW_CTX_DAG_RUN_ID=scheduled__2023-11-27T00:00:00+00:00
[2023-11-28T01:12:54.789+0000] {logging_mixin.py:137} INFO - 3
[2023-11-28T01:12:54.790+0000] {python.py:177} INFO - Done. Returned value was: None
[2023-11-28T01:12:54.801+0000] {taskinstance.py:1323} INFO - Marking task as SUCCESS. dag_id=age_check, task_id=minus, execution_date=20231127T000000, start_date=20231128T011254, end_date=20231128T011254
[2023-11-28T01:12:54.842+0000] {local_task_job.py:208} INFO - Task exited with return code 0
[2023-11-28T01:12:54.868+0000] {taskinstance.py:2578} INFO - 1 downstream tasks scheduled from follow-on schedule check
