[2023-04-19T12:36:48.307+0000] {taskinstance.py:1083} INFO - Dependencies all met for <TaskInstance: age_check.minus scheduled__2022-08-17T00:00:00+00:00 [queued]>
[2023-04-19T12:36:48.356+0000] {taskinstance.py:1083} INFO - Dependencies all met for <TaskInstance: age_check.minus scheduled__2022-08-17T00:00:00+00:00 [queued]>
[2023-04-19T12:36:48.369+0000] {taskinstance.py:1279} INFO - 
--------------------------------------------------------------------------------
[2023-04-19T12:36:48.377+0000] {taskinstance.py:1280} INFO - Starting attempt 1 of 4
[2023-04-19T12:36:48.382+0000] {taskinstance.py:1281} INFO - 
--------------------------------------------------------------------------------
[2023-04-19T12:36:48.428+0000] {taskinstance.py:1300} INFO - Executing <Task(PythonOperator): minus> on 2022-08-17 00:00:00+00:00
[2023-04-19T12:36:48.456+0000] {standard_task_runner.py:55} INFO - Started process 21449 to run task
[2023-04-19T12:36:48.456+0000] {standard_task_runner.py:82} INFO - Running: ['***', 'tasks', 'run', 'age_check', 'minus', 'scheduled__2022-08-17T00:00:00+00:00', '--job-id', '583', '--raw', '--subdir', 'DAGS_FOLDER/age.py', '--cfg-path', '/tmp/tmpvhhqm_bo']
[2023-04-19T12:36:48.468+0000] {standard_task_runner.py:83} INFO - Job 583: Subtask minus
[2023-04-19T12:36:48.784+0000] {task_command.py:388} INFO - Running <TaskInstance: age_check.minus scheduled__2022-08-17T00:00:00+00:00 [running]> on host fe34f61acbb3
[2023-04-19T12:36:49.121+0000] {taskinstance.py:1509} INFO - Exporting the following env vars:
AIRFLOW_CTX_DAG_OWNER=***
AIRFLOW_CTX_DAG_ID=age_check
AIRFLOW_CTX_TASK_ID=minus
AIRFLOW_CTX_EXECUTION_DATE=2022-08-17T00:00:00+00:00
AIRFLOW_CTX_TRY_NUMBER=1
AIRFLOW_CTX_DAG_RUN_ID=scheduled__2022-08-17T00:00:00+00:00
[2023-04-19T12:36:49.126+0000] {logging_mixin.py:137} INFO - 3
[2023-04-19T12:36:49.133+0000] {python.py:177} INFO - Done. Returned value was: None
[2023-04-19T12:36:49.153+0000] {taskinstance.py:1323} INFO - Marking task as SUCCESS. dag_id=age_check, task_id=minus, execution_date=20220817T000000, start_date=20230419T123648, end_date=20230419T123649
[2023-04-19T12:36:49.234+0000] {local_task_job.py:208} INFO - Task exited with return code 0
[2023-04-19T12:36:49.509+0000] {taskinstance.py:2578} INFO - 1 downstream tasks scheduled from follow-on schedule check
[2023-05-17T09:52:32.205+0000] {taskinstance.py:1083} INFO - Dependencies all met for <TaskInstance: age_check.minus scheduled__2022-08-17T00:00:00+00:00 [queued]>
[2023-05-17T09:52:32.274+0000] {taskinstance.py:1083} INFO - Dependencies all met for <TaskInstance: age_check.minus scheduled__2022-08-17T00:00:00+00:00 [queued]>
[2023-05-17T09:52:32.276+0000] {taskinstance.py:1279} INFO - 
--------------------------------------------------------------------------------
[2023-05-17T09:52:32.276+0000] {taskinstance.py:1280} INFO - Starting attempt 1 of 4
[2023-05-17T09:52:32.277+0000] {taskinstance.py:1281} INFO - 
--------------------------------------------------------------------------------
[2023-05-17T09:52:32.547+0000] {taskinstance.py:1300} INFO - Executing <Task(PythonOperator): minus> on 2022-08-17 00:00:00+00:00
[2023-05-17T09:52:32.593+0000] {standard_task_runner.py:55} INFO - Started process 4127 to run task
[2023-05-17T09:52:32.643+0000] {standard_task_runner.py:82} INFO - Running: ['***', 'tasks', 'run', 'age_check', 'minus', 'scheduled__2022-08-17T00:00:00+00:00', '--job-id', '146', '--raw', '--subdir', 'DAGS_FOLDER/age.py', '--cfg-path', '/tmp/tmpdegzmria']
[2023-05-17T09:52:32.646+0000] {standard_task_runner.py:83} INFO - Job 146: Subtask minus
[2023-05-17T09:52:33.095+0000] {task_command.py:388} INFO - Running <TaskInstance: age_check.minus scheduled__2022-08-17T00:00:00+00:00 [running]> on host 242f95e3e8a8
[2023-05-17T09:52:33.287+0000] {taskinstance.py:1509} INFO - Exporting the following env vars:
AIRFLOW_CTX_DAG_OWNER=***
AIRFLOW_CTX_DAG_ID=age_check
AIRFLOW_CTX_TASK_ID=minus
AIRFLOW_CTX_EXECUTION_DATE=2022-08-17T00:00:00+00:00
AIRFLOW_CTX_TRY_NUMBER=1
AIRFLOW_CTX_DAG_RUN_ID=scheduled__2022-08-17T00:00:00+00:00
[2023-05-17T09:52:33.292+0000] {logging_mixin.py:137} INFO - 3
[2023-05-17T09:52:33.303+0000] {python.py:177} INFO - Done. Returned value was: None
[2023-05-17T09:52:33.326+0000] {taskinstance.py:1323} INFO - Marking task as SUCCESS. dag_id=age_check, task_id=minus, execution_date=20220817T000000, start_date=20230517T095232, end_date=20230517T095233
[2023-05-17T09:52:33.401+0000] {local_task_job.py:208} INFO - Task exited with return code 0
[2023-05-17T09:52:33.473+0000] {taskinstance.py:2578} INFO - 1 downstream tasks scheduled from follow-on schedule check
