[2023-07-02T16:57:11.109+0000] {taskinstance.py:1083} INFO - Dependencies all met for <TaskInstance: addition.addition scheduled__2022-09-25T00:00:00+00:00 [queued]>
[2023-07-02T16:57:11.125+0000] {taskinstance.py:1083} INFO - Dependencies all met for <TaskInstance: addition.addition scheduled__2022-09-25T00:00:00+00:00 [queued]>
[2023-07-02T16:57:11.126+0000] {taskinstance.py:1279} INFO - 
--------------------------------------------------------------------------------
[2023-07-02T16:57:11.127+0000] {taskinstance.py:1280} INFO - Starting attempt 1 of 4
[2023-07-02T16:57:11.128+0000] {taskinstance.py:1281} INFO - 
--------------------------------------------------------------------------------
[2023-07-02T16:57:11.171+0000] {taskinstance.py:1300} INFO - Executing <Task(PythonOperator): addition> on 2022-09-25 00:00:00+00:00
[2023-07-02T16:57:11.179+0000] {standard_task_runner.py:55} INFO - Started process 874 to run task
[2023-07-02T16:57:11.185+0000] {standard_task_runner.py:82} INFO - Running: ['***', 'tasks', 'run', 'addition', 'addition', 'scheduled__2022-09-25T00:00:00+00:00', '--job-id', '2942', '--raw', '--subdir', 'DAGS_FOLDER/mayor.py', '--cfg-path', '/tmp/tmp3auoq_5l']
[2023-07-02T16:57:11.188+0000] {standard_task_runner.py:83} INFO - Job 2942: Subtask addition
[2023-07-02T16:57:11.328+0000] {task_command.py:388} INFO - Running <TaskInstance: addition.addition scheduled__2022-09-25T00:00:00+00:00 [running]> on host 25f6b46723d1
[2023-07-02T16:57:11.423+0000] {taskinstance.py:1509} INFO - Exporting the following env vars:
AIRFLOW_CTX_DAG_OWNER=***
AIRFLOW_CTX_DAG_ID=addition
AIRFLOW_CTX_TASK_ID=addition
AIRFLOW_CTX_EXECUTION_DATE=2022-09-25T00:00:00+00:00
AIRFLOW_CTX_TRY_NUMBER=1
AIRFLOW_CTX_DAG_RUN_ID=scheduled__2022-09-25T00:00:00+00:00
[2023-07-02T16:57:11.424+0000] {logging_mixin.py:137} INFO - 9
[2023-07-02T16:57:11.426+0000] {python.py:177} INFO - Done. Returned value was: None
[2023-07-02T16:57:11.452+0000] {taskinstance.py:1323} INFO - Marking task as SUCCESS. dag_id=addition, task_id=addition, execution_date=20220925T000000, start_date=20230702T165711, end_date=20230702T165711
[2023-07-02T16:57:11.542+0000] {local_task_job.py:208} INFO - Task exited with return code 0
[2023-07-02T16:57:11.596+0000] {taskinstance.py:2578} INFO - 0 downstream tasks scheduled from follow-on schedule check
