[2023-06-28T19:18:40.475+0000] {taskinstance.py:1083} INFO - Dependencies all met for <TaskInstance: my_mulitiplication.multiplication scheduled__2022-09-12T00:00:00+00:00 [queued]>
[2023-06-28T19:18:40.489+0000] {taskinstance.py:1083} INFO - Dependencies all met for <TaskInstance: my_mulitiplication.multiplication scheduled__2022-09-12T00:00:00+00:00 [queued]>
[2023-06-28T19:18:40.490+0000] {taskinstance.py:1279} INFO - 
--------------------------------------------------------------------------------
[2023-06-28T19:18:40.490+0000] {taskinstance.py:1280} INFO - Starting attempt 1 of 4
[2023-06-28T19:18:40.491+0000] {taskinstance.py:1281} INFO - 
--------------------------------------------------------------------------------
[2023-06-28T19:18:40.532+0000] {taskinstance.py:1300} INFO - Executing <Task(PythonOperator): multiplication> on 2022-09-12 00:00:00+00:00
[2023-06-28T19:18:40.540+0000] {standard_task_runner.py:55} INFO - Started process 21591 to run task
[2023-06-28T19:18:40.558+0000] {standard_task_runner.py:82} INFO - Running: ['***', 'tasks', 'run', 'my_mulitiplication', 'multiplication', 'scheduled__2022-09-12T00:00:00+00:00', '--job-id', '2419', '--raw', '--subdir', 'DAGS_FOLDER/new_dag.py', '--cfg-path', '/tmp/tmpx4jbm33g']
[2023-06-28T19:18:40.560+0000] {standard_task_runner.py:83} INFO - Job 2419: Subtask multiplication
[2023-06-28T19:18:40.694+0000] {task_command.py:388} INFO - Running <TaskInstance: my_mulitiplication.multiplication scheduled__2022-09-12T00:00:00+00:00 [running]> on host 242f95e3e8a8
[2023-06-28T19:18:40.887+0000] {taskinstance.py:1509} INFO - Exporting the following env vars:
AIRFLOW_CTX_DAG_OWNER=***
AIRFLOW_CTX_DAG_ID=my_mulitiplication
AIRFLOW_CTX_TASK_ID=multiplication
AIRFLOW_CTX_EXECUTION_DATE=2022-09-12T00:00:00+00:00
AIRFLOW_CTX_TRY_NUMBER=1
AIRFLOW_CTX_DAG_RUN_ID=scheduled__2022-09-12T00:00:00+00:00
[2023-06-28T19:18:40.892+0000] {logging_mixin.py:137} INFO - 16
[2023-06-28T19:18:40.893+0000] {python.py:177} INFO - Done. Returned value was: None
[2023-06-28T19:18:40.925+0000] {taskinstance.py:1323} INFO - Marking task as SUCCESS. dag_id=my_mulitiplication, task_id=multiplication, execution_date=20220912T000000, start_date=20230628T191840, end_date=20230628T191840
[2023-06-28T19:18:40.969+0000] {local_task_job.py:208} INFO - Task exited with return code 0
[2023-06-28T19:18:41.020+0000] {taskinstance.py:2578} INFO - 0 downstream tasks scheduled from follow-on schedule check
