[2023-11-29T00:39:18.053+0000] {taskinstance.py:1083} INFO - Dependencies all met for <TaskInstance: age_check.multiplication scheduled__2023-11-28T00:00:00+00:00 [queued]>
[2023-11-29T00:39:18.115+0000] {taskinstance.py:1083} INFO - Dependencies all met for <TaskInstance: age_check.multiplication scheduled__2023-11-28T00:00:00+00:00 [queued]>
[2023-11-29T00:39:18.118+0000] {taskinstance.py:1279} INFO - 
--------------------------------------------------------------------------------
[2023-11-29T00:39:18.125+0000] {taskinstance.py:1280} INFO - Starting attempt 1 of 4
[2023-11-29T00:39:18.128+0000] {taskinstance.py:1281} INFO - 
--------------------------------------------------------------------------------
[2023-11-29T00:39:18.230+0000] {taskinstance.py:1300} INFO - Executing <Task(PythonOperator): multiplication> on 2023-11-28 00:00:00+00:00
[2023-11-29T00:39:18.245+0000] {standard_task_runner.py:55} INFO - Started process 37699 to run task
[2023-11-29T00:39:18.261+0000] {standard_task_runner.py:82} INFO - Running: ['***', 'tasks', 'run', 'age_check', 'multiplication', 'scheduled__2023-11-28T00:00:00+00:00', '--job-id', '5905', '--raw', '--subdir', 'DAGS_FOLDER/age.py', '--cfg-path', '/tmp/tmp7em9crk0']
[2023-11-29T00:39:18.326+0000] {standard_task_runner.py:83} INFO - Job 5905: Subtask multiplication
[2023-11-29T00:39:18.661+0000] {task_command.py:388} INFO - Running <TaskInstance: age_check.multiplication scheduled__2023-11-28T00:00:00+00:00 [running]> on host 25f6b46723d1
[2023-11-29T00:39:19.354+0000] {taskinstance.py:1509} INFO - Exporting the following env vars:
AIRFLOW_CTX_DAG_OWNER=***
AIRFLOW_CTX_DAG_ID=age_check
AIRFLOW_CTX_TASK_ID=multiplication
AIRFLOW_CTX_EXECUTION_DATE=2023-11-28T00:00:00+00:00
AIRFLOW_CTX_TRY_NUMBER=1
AIRFLOW_CTX_DAG_RUN_ID=scheduled__2023-11-28T00:00:00+00:00
[2023-11-29T00:39:19.359+0000] {logging_mixin.py:137} INFO - 25
[2023-11-29T00:39:19.360+0000] {python.py:177} INFO - Done. Returned value was: None
[2023-11-29T00:39:19.432+0000] {taskinstance.py:1323} INFO - Marking task as SUCCESS. dag_id=age_check, task_id=multiplication, execution_date=20231128T000000, start_date=20231129T003918, end_date=20231129T003919
[2023-11-29T00:39:19.693+0000] {local_task_job.py:208} INFO - Task exited with return code 0
[2023-11-29T00:39:19.765+0000] {taskinstance.py:2578} INFO - 1 downstream tasks scheduled from follow-on schedule check
