[2023-12-17T21:15:05.641+0000] {taskinstance.py:1157} INFO - Dependencies all met for dep_context=non-requeueable deps ti=<TaskInstance: read_s3_data.read_s3_data scheduled__2023-07-29T00:00:00+00:00 [queued]>
[2023-12-17T21:15:05.902+0000] {taskinstance.py:1157} INFO - Dependencies all met for dep_context=requeueable deps ti=<TaskInstance: read_s3_data.read_s3_data scheduled__2023-07-29T00:00:00+00:00 [queued]>
[2023-12-17T21:15:05.930+0000] {taskinstance.py:1359} INFO - Starting attempt 1 of 4
[2023-12-17T21:15:06.289+0000] {taskinstance.py:1380} INFO - Executing <Task(PythonOperator): read_s3_data> on 2023-07-29 00:00:00+00:00
[2023-12-17T21:15:06.553+0000] {standard_task_runner.py:57} INFO - Started process 959 to run task
[2023-12-17T21:15:06.802+0000] {standard_task_runner.py:84} INFO - Running: ['***', 'tasks', 'run', 'read_s3_data', 'read_s3_data', 'scheduled__2023-07-29T00:00:00+00:00', '--job-id', '7657', '--raw', '--subdir', 'DAGS_FOLDER/read.py', '--cfg-path', '/tmp/tmpjeem56vg']
[2023-12-17T21:15:06.935+0000] {standard_task_runner.py:85} INFO - Job 7657: Subtask read_s3_data
[2023-12-17T21:15:07.764+0000] {task_command.py:415} INFO - Running <TaskInstance: read_s3_data.read_s3_data scheduled__2023-07-29T00:00:00+00:00 [running]> on host 883df3d9b006
[2023-12-17T21:15:08.602+0000] {taskinstance.py:1660} INFO - Exporting env vars: AIRFLOW_CTX_DAG_OWNER='***' AIRFLOW_CTX_DAG_ID='read_s3_data' AIRFLOW_CTX_TASK_ID='read_s3_data' AIRFLOW_CTX_EXECUTION_DATE='2023-07-29T00:00:00+00:00' AIRFLOW_CTX_TRY_NUMBER='1' AIRFLOW_CTX_DAG_RUN_ID='scheduled__2023-07-29T00:00:00+00:00'
[2023-12-17T21:15:08.635+0000] {taskinstance.py:1935} ERROR - Task failed with exception
Traceback (most recent call last):
  File "/home/airflow/.local/lib/python3.11/site-packages/airflow/operators/python.py", line 192, in execute
    return_value = self.execute_callable()
                   ^^^^^^^^^^^^^^^^^^^^^^^
  File "/home/airflow/.local/lib/python3.11/site-packages/airflow/operators/python.py", line 209, in execute_callable
    return self.python_callable(*self.op_args, **self.op_kwargs)
           ^^^^^^^^^^^^^^^^^^^^^^^^^^^^^^^^^^^^^^^^^^^^^^^^^^^^^
TypeError: generic_s3_clients() missing 2 required positional arguments: 'ACCESS_KEY' and 'SECRET_KEY'
[2023-12-17T21:15:08.684+0000] {taskinstance.py:1398} INFO - Marking task as UP_FOR_RETRY. dag_id=read_s3_data, task_id=read_s3_data, execution_date=20230729T000000, start_date=20231217T211505, end_date=20231217T211508
[2023-12-17T21:15:08.779+0000] {standard_task_runner.py:104} ERROR - Failed to execute job 7657 for task read_s3_data (generic_s3_clients() missing 2 required positional arguments: 'ACCESS_KEY' and 'SECRET_KEY'; 959)
[2023-12-17T21:15:09.066+0000] {local_task_job_runner.py:228} INFO - Task exited with return code 1
[2023-12-17T21:15:09.499+0000] {taskinstance.py:2776} INFO - 0 downstream tasks scheduled from follow-on schedule check
[2024-01-20T15:35:25.775+0000] {taskinstance.py:1157} INFO - Dependencies all met for dep_context=non-requeueable deps ti=<TaskInstance: read_s3_data.read_s3_data scheduled__2023-07-29T00:00:00+00:00 [queued]>
[2024-01-20T15:35:25.806+0000] {taskinstance.py:1157} INFO - Dependencies all met for dep_context=requeueable deps ti=<TaskInstance: read_s3_data.read_s3_data scheduled__2023-07-29T00:00:00+00:00 [queued]>
[2024-01-20T15:35:25.813+0000] {taskinstance.py:1359} INFO - Starting attempt 1 of 4
[2024-01-20T15:35:25.842+0000] {taskinstance.py:1380} INFO - Executing <Task(PythonOperator): read_s3_data> on 2023-07-29 00:00:00+00:00
[2024-01-20T15:35:25.859+0000] {standard_task_runner.py:57} INFO - Started process 65074 to run task
[2024-01-20T15:35:25.882+0000] {standard_task_runner.py:84} INFO - Running: ['***', 'tasks', 'run', 'read_s3_data', 'read_s3_data', 'scheduled__2023-07-29T00:00:00+00:00', '--job-id', '1803', '--raw', '--subdir', 'DAGS_FOLDER/read.py', '--cfg-path', '/tmp/tmp4025vic_']
[2024-01-20T15:35:25.900+0000] {standard_task_runner.py:85} INFO - Job 1803: Subtask read_s3_data
[2024-01-20T15:35:26.061+0000] {task_command.py:415} INFO - Running <TaskInstance: read_s3_data.read_s3_data scheduled__2023-07-29T00:00:00+00:00 [running]> on host dbb3489df186
[2024-01-20T15:35:26.284+0000] {taskinstance.py:1660} INFO - Exporting env vars: AIRFLOW_CTX_DAG_OWNER='***' AIRFLOW_CTX_DAG_ID='read_s3_data' AIRFLOW_CTX_TASK_ID='read_s3_data' AIRFLOW_CTX_EXECUTION_DATE='2023-07-29T00:00:00+00:00' AIRFLOW_CTX_TRY_NUMBER='1' AIRFLOW_CTX_DAG_RUN_ID='scheduled__2023-07-29T00:00:00+00:00'
[2024-01-20T15:37:10.152+0000] {taskinstance.py:1935} ERROR - Task failed with exception
Traceback (most recent call last):
  File "/home/airflow/.local/lib/python3.11/site-packages/airflow/operators/python.py", line 192, in execute
    return_value = self.execute_callable()
                   ^^^^^^^^^^^^^^^^^^^^^^^
  File "/home/airflow/.local/lib/python3.11/site-packages/airflow/operators/python.py", line 209, in execute_callable
    return self.python_callable(*self.op_args, **self.op_kwargs)
           ^^^^^^^^^^^^^^^^^^^^^^^^^^^^^^^^^^^^^^^^^^^^^^^^^^^^^
  File "/opt/airflow/dags/read.py", line 40, in read_s3_file
    cnxn = create_engine("postgresql+psycopg2://staging_db:DnrbWdUcaZxyIc7v:5432/main")
           ^^^^^^^^^^^^^^^^^^^^^^^^^^^^^^^^^^^^^^^^^^^^^^^^^^^^^^^^^^^^^^^^^^^^^^^^^^^^
  File "<string>", line 2, in create_engine
  File "/home/airflow/.local/lib/python3.11/site-packages/sqlalchemy/util/deprecations.py", line 375, in warned
    return fn(*args, **kwargs)
           ^^^^^^^^^^^^^^^^^^^
  File "/home/airflow/.local/lib/python3.11/site-packages/sqlalchemy/engine/create.py", line 514, in create_engine
    u = _url.make_url(url)
        ^^^^^^^^^^^^^^^^^^
  File "/home/airflow/.local/lib/python3.11/site-packages/sqlalchemy/engine/url.py", line 738, in make_url
    return _parse_url(name_or_url)
           ^^^^^^^^^^^^^^^^^^^^^^^
  File "/home/airflow/.local/lib/python3.11/site-packages/sqlalchemy/engine/url.py", line 794, in _parse_url
    components["port"] = int(components["port"])
                         ^^^^^^^^^^^^^^^^^^^^^^^
ValueError: invalid literal for int() with base 10: 'DnrbWdUcaZxyIc7v:5432'
[2024-01-20T15:37:10.172+0000] {taskinstance.py:1398} INFO - Marking task as UP_FOR_RETRY. dag_id=read_s3_data, task_id=read_s3_data, execution_date=20230729T000000, start_date=20240120T153525, end_date=20240120T153710
[2024-01-20T15:37:10.183+0000] {standard_task_runner.py:104} ERROR - Failed to execute job 1803 for task read_s3_data (invalid literal for int() with base 10: 'DnrbWdUcaZxyIc7v:5432'; 65074)
[2024-01-20T15:37:10.214+0000] {local_task_job_runner.py:228} INFO - Task exited with return code 1
[2024-01-20T15:37:10.236+0000] {taskinstance.py:2776} INFO - 0 downstream tasks scheduled from follow-on schedule check
