[2023-07-11T00:14:59.233+0000] {processor.py:153} INFO - Started process (PID=91128) to work on /home/airflow/.local/lib/python3.7/site-packages/airflow/example_dags/example_datasets.py
[2023-07-11T00:14:59.237+0000] {processor.py:743} INFO - Processing file /home/airflow/.local/lib/python3.7/site-packages/airflow/example_dags/example_datasets.py for tasks to queue
[2023-07-11T00:14:59.243+0000] {logging_mixin.py:137} INFO - [2023-07-11T00:14:59.242+0000] {dagbag.py:538} INFO - Filling up the DagBag from /home/airflow/.local/lib/python3.7/site-packages/airflow/example_dags/example_datasets.py
[2023-07-11T00:14:59.296+0000] {processor.py:753} INFO - DAG(s) dict_keys(['dataset_consumes_1_and_2', 'dataset_consumes_1', 'dataset_produces_1', 'dataset_consumes_unknown_never_scheduled', 'dataset_consumes_1_never_scheduled', 'dataset_produces_2']) retrieved from /home/airflow/.local/lib/python3.7/site-packages/airflow/example_dags/example_datasets.py
[2023-07-11T00:14:59.479+0000] {logging_mixin.py:137} INFO - [2023-07-11T00:14:59.479+0000] {dag.py:2690} INFO - Sync 6 DAGs
[2023-07-11T00:14:59.502+0000] {logging_mixin.py:137} INFO - [2023-07-11T00:14:59.502+0000] {dag.py:3441} INFO - Setting next_dagrun for dataset_consumes_1 to None, run_after=None
[2023-07-11T00:14:59.548+0000] {logging_mixin.py:137} INFO - [2023-07-11T00:14:59.548+0000] {dag.py:3441} INFO - Setting next_dagrun for dataset_consumes_1_and_2 to None, run_after=None
[2023-07-11T00:14:59.551+0000] {logging_mixin.py:137} INFO - [2023-07-11T00:14:59.550+0000] {dag.py:3441} INFO - Setting next_dagrun for dataset_consumes_1_never_scheduled to None, run_after=None
[2023-07-11T00:14:59.553+0000] {logging_mixin.py:137} INFO - [2023-07-11T00:14:59.553+0000] {dag.py:3441} INFO - Setting next_dagrun for dataset_consumes_unknown_never_scheduled to None, run_after=None
[2023-07-11T00:14:59.557+0000] {logging_mixin.py:137} INFO - [2023-07-11T00:14:59.557+0000] {dag.py:3441} INFO - Setting next_dagrun for dataset_produces_1 to 2023-07-10T00:00:00+00:00, run_after=2023-07-11T00:00:00+00:00
[2023-07-11T00:14:59.559+0000] {logging_mixin.py:137} INFO - [2023-07-11T00:14:59.559+0000] {dag.py:3441} INFO - Setting next_dagrun for dataset_produces_2 to None, run_after=None
[2023-07-11T00:15:00.012+0000] {processor.py:175} INFO - Processing /home/airflow/.local/lib/python3.7/site-packages/airflow/example_dags/example_datasets.py took 0.797 seconds
[2023-07-11T01:38:59.331+0000] {processor.py:153} INFO - Started process (PID=91198) to work on /home/airflow/.local/lib/python3.7/site-packages/airflow/example_dags/example_datasets.py
[2023-07-11T01:38:59.335+0000] {processor.py:743} INFO - Processing file /home/airflow/.local/lib/python3.7/site-packages/airflow/example_dags/example_datasets.py for tasks to queue
[2023-07-11T01:38:59.337+0000] {logging_mixin.py:137} INFO - [2023-07-11T01:38:59.337+0000] {dagbag.py:538} INFO - Filling up the DagBag from /home/airflow/.local/lib/python3.7/site-packages/airflow/example_dags/example_datasets.py
[2023-07-11T01:38:59.366+0000] {processor.py:753} INFO - DAG(s) dict_keys(['dataset_consumes_1', 'dataset_consumes_unknown_never_scheduled', 'dataset_produces_2', 'dataset_consumes_1_never_scheduled', 'dataset_consumes_1_and_2', 'dataset_produces_1']) retrieved from /home/airflow/.local/lib/python3.7/site-packages/airflow/example_dags/example_datasets.py
[2023-07-11T01:38:59.424+0000] {logging_mixin.py:137} INFO - [2023-07-11T01:38:59.424+0000] {dag.py:2690} INFO - Sync 6 DAGs
[2023-07-11T01:38:59.443+0000] {logging_mixin.py:137} INFO - [2023-07-11T01:38:59.443+0000] {dag.py:3441} INFO - Setting next_dagrun for dataset_consumes_1 to None, run_after=None
[2023-07-11T01:38:59.448+0000] {logging_mixin.py:137} INFO - [2023-07-11T01:38:59.448+0000] {dag.py:3441} INFO - Setting next_dagrun for dataset_consumes_1_and_2 to None, run_after=None
[2023-07-11T01:38:59.454+0000] {logging_mixin.py:137} INFO - [2023-07-11T01:38:59.454+0000] {dag.py:3441} INFO - Setting next_dagrun for dataset_consumes_1_never_scheduled to None, run_after=None
[2023-07-11T01:38:59.458+0000] {logging_mixin.py:137} INFO - [2023-07-11T01:38:59.458+0000] {dag.py:3441} INFO - Setting next_dagrun for dataset_consumes_unknown_never_scheduled to None, run_after=None
[2023-07-11T01:38:59.466+0000] {logging_mixin.py:137} INFO - [2023-07-11T01:38:59.466+0000] {dag.py:3441} INFO - Setting next_dagrun for dataset_produces_1 to 2023-07-10T00:00:00+00:00, run_after=2023-07-11T00:00:00+00:00
[2023-07-11T01:38:59.468+0000] {logging_mixin.py:137} INFO - [2023-07-11T01:38:59.468+0000] {dag.py:3441} INFO - Setting next_dagrun for dataset_produces_2 to None, run_after=None
[2023-07-11T01:38:59.508+0000] {processor.py:175} INFO - Processing /home/airflow/.local/lib/python3.7/site-packages/airflow/example_dags/example_datasets.py took 0.181 seconds
[2023-07-11T02:45:38.748+0000] {processor.py:153} INFO - Started process (PID=91281) to work on /home/airflow/.local/lib/python3.7/site-packages/airflow/example_dags/example_datasets.py
[2023-07-11T02:45:38.750+0000] {processor.py:743} INFO - Processing file /home/airflow/.local/lib/python3.7/site-packages/airflow/example_dags/example_datasets.py for tasks to queue
[2023-07-11T02:45:38.752+0000] {logging_mixin.py:137} INFO - [2023-07-11T02:45:38.752+0000] {dagbag.py:538} INFO - Filling up the DagBag from /home/airflow/.local/lib/python3.7/site-packages/airflow/example_dags/example_datasets.py
[2023-07-11T02:45:39.075+0000] {processor.py:753} INFO - DAG(s) dict_keys(['dataset_consumes_1_never_scheduled', 'dataset_produces_1', 'dataset_produces_2', 'dataset_consumes_1_and_2', 'dataset_consumes_unknown_never_scheduled', 'dataset_consumes_1']) retrieved from /home/airflow/.local/lib/python3.7/site-packages/airflow/example_dags/example_datasets.py
[2023-07-11T02:45:39.123+0000] {logging_mixin.py:137} INFO - [2023-07-11T02:45:39.123+0000] {dag.py:2690} INFO - Sync 6 DAGs
[2023-07-11T02:45:39.148+0000] {logging_mixin.py:137} INFO - [2023-07-11T02:45:39.148+0000] {dag.py:3441} INFO - Setting next_dagrun for dataset_consumes_1 to None, run_after=None
[2023-07-11T02:45:39.167+0000] {logging_mixin.py:137} INFO - [2023-07-11T02:45:39.167+0000] {dag.py:3441} INFO - Setting next_dagrun for dataset_consumes_1_and_2 to None, run_after=None
[2023-07-11T02:45:39.170+0000] {logging_mixin.py:137} INFO - [2023-07-11T02:45:39.170+0000] {dag.py:3441} INFO - Setting next_dagrun for dataset_consumes_1_never_scheduled to None, run_after=None
[2023-07-11T02:45:39.172+0000] {logging_mixin.py:137} INFO - [2023-07-11T02:45:39.172+0000] {dag.py:3441} INFO - Setting next_dagrun for dataset_consumes_unknown_never_scheduled to None, run_after=None
[2023-07-11T02:45:39.179+0000] {logging_mixin.py:137} INFO - [2023-07-11T02:45:39.175+0000] {dag.py:3441} INFO - Setting next_dagrun for dataset_produces_1 to 2023-07-10T00:00:00+00:00, run_after=2023-07-11T00:00:00+00:00
[2023-07-11T02:45:39.182+0000] {logging_mixin.py:137} INFO - [2023-07-11T02:45:39.182+0000] {dag.py:3441} INFO - Setting next_dagrun for dataset_produces_2 to None, run_after=None
[2023-07-11T02:45:39.210+0000] {processor.py:175} INFO - Processing /home/airflow/.local/lib/python3.7/site-packages/airflow/example_dags/example_datasets.py took 0.466 seconds
[2023-07-11T04:08:03.235+0000] {processor.py:153} INFO - Started process (PID=91352) to work on /home/airflow/.local/lib/python3.7/site-packages/airflow/example_dags/example_datasets.py
[2023-07-11T04:08:03.237+0000] {processor.py:743} INFO - Processing file /home/airflow/.local/lib/python3.7/site-packages/airflow/example_dags/example_datasets.py for tasks to queue
[2023-07-11T04:08:03.239+0000] {logging_mixin.py:137} INFO - [2023-07-11T04:08:03.239+0000] {dagbag.py:538} INFO - Filling up the DagBag from /home/airflow/.local/lib/python3.7/site-packages/airflow/example_dags/example_datasets.py
[2023-07-11T04:08:03.258+0000] {processor.py:753} INFO - DAG(s) dict_keys(['dataset_consumes_unknown_never_scheduled', 'dataset_consumes_1_and_2', 'dataset_produces_2', 'dataset_produces_1', 'dataset_consumes_1_never_scheduled', 'dataset_consumes_1']) retrieved from /home/airflow/.local/lib/python3.7/site-packages/airflow/example_dags/example_datasets.py
[2023-07-11T04:08:03.289+0000] {logging_mixin.py:137} INFO - [2023-07-11T04:08:03.289+0000] {dag.py:2690} INFO - Sync 6 DAGs
[2023-07-11T04:08:03.311+0000] {logging_mixin.py:137} INFO - [2023-07-11T04:08:03.310+0000] {dag.py:3441} INFO - Setting next_dagrun for dataset_consumes_1 to None, run_after=None
[2023-07-11T04:08:03.318+0000] {logging_mixin.py:137} INFO - [2023-07-11T04:08:03.318+0000] {dag.py:3441} INFO - Setting next_dagrun for dataset_consumes_1_and_2 to None, run_after=None
[2023-07-11T04:08:03.327+0000] {logging_mixin.py:137} INFO - [2023-07-11T04:08:03.327+0000] {dag.py:3441} INFO - Setting next_dagrun for dataset_consumes_1_never_scheduled to None, run_after=None
[2023-07-11T04:08:03.339+0000] {logging_mixin.py:137} INFO - [2023-07-11T04:08:03.339+0000] {dag.py:3441} INFO - Setting next_dagrun for dataset_consumes_unknown_never_scheduled to None, run_after=None
[2023-07-11T04:08:03.342+0000] {logging_mixin.py:137} INFO - [2023-07-11T04:08:03.342+0000] {dag.py:3441} INFO - Setting next_dagrun for dataset_produces_1 to 2023-07-10T00:00:00+00:00, run_after=2023-07-11T00:00:00+00:00
[2023-07-11T04:08:03.344+0000] {logging_mixin.py:137} INFO - [2023-07-11T04:08:03.344+0000] {dag.py:3441} INFO - Setting next_dagrun for dataset_produces_2 to None, run_after=None
[2023-07-11T04:08:03.370+0000] {processor.py:175} INFO - Processing /home/airflow/.local/lib/python3.7/site-packages/airflow/example_dags/example_datasets.py took 0.138 seconds
[2023-07-11T05:30:06.942+0000] {processor.py:153} INFO - Started process (PID=91422) to work on /home/airflow/.local/lib/python3.7/site-packages/airflow/example_dags/example_datasets.py
[2023-07-11T05:30:06.944+0000] {processor.py:743} INFO - Processing file /home/airflow/.local/lib/python3.7/site-packages/airflow/example_dags/example_datasets.py for tasks to queue
[2023-07-11T05:30:06.945+0000] {logging_mixin.py:137} INFO - [2023-07-11T05:30:06.945+0000] {dagbag.py:538} INFO - Filling up the DagBag from /home/airflow/.local/lib/python3.7/site-packages/airflow/example_dags/example_datasets.py
[2023-07-11T05:30:06.975+0000] {processor.py:753} INFO - DAG(s) dict_keys(['dataset_produces_1', 'dataset_produces_2', 'dataset_consumes_1_never_scheduled', 'dataset_consumes_unknown_never_scheduled', 'dataset_consumes_1_and_2', 'dataset_consumes_1']) retrieved from /home/airflow/.local/lib/python3.7/site-packages/airflow/example_dags/example_datasets.py
[2023-07-11T05:30:07.012+0000] {logging_mixin.py:137} INFO - [2023-07-11T05:30:07.012+0000] {dag.py:2690} INFO - Sync 6 DAGs
[2023-07-11T05:30:07.033+0000] {logging_mixin.py:137} INFO - [2023-07-11T05:30:07.033+0000] {dag.py:3441} INFO - Setting next_dagrun for dataset_consumes_1 to None, run_after=None
[2023-07-11T05:30:07.036+0000] {logging_mixin.py:137} INFO - [2023-07-11T05:30:07.036+0000] {dag.py:3441} INFO - Setting next_dagrun for dataset_consumes_1_and_2 to None, run_after=None
[2023-07-11T05:30:07.039+0000] {logging_mixin.py:137} INFO - [2023-07-11T05:30:07.039+0000] {dag.py:3441} INFO - Setting next_dagrun for dataset_consumes_1_never_scheduled to None, run_after=None
[2023-07-11T05:30:07.040+0000] {logging_mixin.py:137} INFO - [2023-07-11T05:30:07.040+0000] {dag.py:3441} INFO - Setting next_dagrun for dataset_consumes_unknown_never_scheduled to None, run_after=None
[2023-07-11T05:30:07.045+0000] {logging_mixin.py:137} INFO - [2023-07-11T05:30:07.045+0000] {dag.py:3441} INFO - Setting next_dagrun for dataset_produces_1 to 2023-07-10T00:00:00+00:00, run_after=2023-07-11T00:00:00+00:00
[2023-07-11T05:30:07.047+0000] {logging_mixin.py:137} INFO - [2023-07-11T05:30:07.047+0000] {dag.py:3441} INFO - Setting next_dagrun for dataset_produces_2 to None, run_after=None
[2023-07-11T05:30:07.070+0000] {processor.py:175} INFO - Processing /home/airflow/.local/lib/python3.7/site-packages/airflow/example_dags/example_datasets.py took 0.133 seconds
[2023-07-11T06:52:40.623+0000] {processor.py:153} INFO - Started process (PID=91507) to work on /home/airflow/.local/lib/python3.7/site-packages/airflow/example_dags/example_datasets.py
[2023-07-11T06:52:40.626+0000] {processor.py:743} INFO - Processing file /home/airflow/.local/lib/python3.7/site-packages/airflow/example_dags/example_datasets.py for tasks to queue
[2023-07-11T06:52:40.628+0000] {logging_mixin.py:137} INFO - [2023-07-11T06:52:40.628+0000] {dagbag.py:538} INFO - Filling up the DagBag from /home/airflow/.local/lib/python3.7/site-packages/airflow/example_dags/example_datasets.py
[2023-07-11T06:52:40.645+0000] {processor.py:753} INFO - DAG(s) dict_keys(['dataset_consumes_1_never_scheduled', 'dataset_consumes_1_and_2', 'dataset_produces_2', 'dataset_consumes_unknown_never_scheduled', 'dataset_produces_1', 'dataset_consumes_1']) retrieved from /home/airflow/.local/lib/python3.7/site-packages/airflow/example_dags/example_datasets.py
[2023-07-11T06:52:40.680+0000] {logging_mixin.py:137} INFO - [2023-07-11T06:52:40.680+0000] {dag.py:2690} INFO - Sync 6 DAGs
[2023-07-11T06:52:40.698+0000] {logging_mixin.py:137} INFO - [2023-07-11T06:52:40.698+0000] {dag.py:3441} INFO - Setting next_dagrun for dataset_consumes_1 to None, run_after=None
[2023-07-11T06:52:40.702+0000] {logging_mixin.py:137} INFO - [2023-07-11T06:52:40.702+0000] {dag.py:3441} INFO - Setting next_dagrun for dataset_consumes_1_and_2 to None, run_after=None
[2023-07-11T06:52:40.704+0000] {logging_mixin.py:137} INFO - [2023-07-11T06:52:40.704+0000] {dag.py:3441} INFO - Setting next_dagrun for dataset_consumes_1_never_scheduled to None, run_after=None
[2023-07-11T06:52:40.706+0000] {logging_mixin.py:137} INFO - [2023-07-11T06:52:40.706+0000] {dag.py:3441} INFO - Setting next_dagrun for dataset_consumes_unknown_never_scheduled to None, run_after=None
[2023-07-11T06:52:40.709+0000] {logging_mixin.py:137} INFO - [2023-07-11T06:52:40.709+0000] {dag.py:3441} INFO - Setting next_dagrun for dataset_produces_1 to 2023-07-10T00:00:00+00:00, run_after=2023-07-11T00:00:00+00:00
[2023-07-11T06:52:40.710+0000] {logging_mixin.py:137} INFO - [2023-07-11T06:52:40.710+0000] {dag.py:3441} INFO - Setting next_dagrun for dataset_produces_2 to None, run_after=None
[2023-07-11T06:52:40.734+0000] {processor.py:175} INFO - Processing /home/airflow/.local/lib/python3.7/site-packages/airflow/example_dags/example_datasets.py took 0.113 seconds
[2023-07-11T08:15:07.662+0000] {processor.py:153} INFO - Started process (PID=91578) to work on /home/airflow/.local/lib/python3.7/site-packages/airflow/example_dags/example_datasets.py
[2023-07-11T08:15:07.664+0000] {processor.py:743} INFO - Processing file /home/airflow/.local/lib/python3.7/site-packages/airflow/example_dags/example_datasets.py for tasks to queue
[2023-07-11T08:15:07.665+0000] {logging_mixin.py:137} INFO - [2023-07-11T08:15:07.665+0000] {dagbag.py:538} INFO - Filling up the DagBag from /home/airflow/.local/lib/python3.7/site-packages/airflow/example_dags/example_datasets.py
[2023-07-11T08:15:07.684+0000] {processor.py:753} INFO - DAG(s) dict_keys(['dataset_consumes_unknown_never_scheduled', 'dataset_consumes_1', 'dataset_consumes_1_and_2', 'dataset_produces_2', 'dataset_produces_1', 'dataset_consumes_1_never_scheduled']) retrieved from /home/airflow/.local/lib/python3.7/site-packages/airflow/example_dags/example_datasets.py
[2023-07-11T08:15:07.717+0000] {logging_mixin.py:137} INFO - [2023-07-11T08:15:07.717+0000] {dag.py:2690} INFO - Sync 6 DAGs
[2023-07-11T08:15:07.738+0000] {logging_mixin.py:137} INFO - [2023-07-11T08:15:07.738+0000] {dag.py:3441} INFO - Setting next_dagrun for dataset_consumes_1 to None, run_after=None
[2023-07-11T08:15:07.742+0000] {logging_mixin.py:137} INFO - [2023-07-11T08:15:07.742+0000] {dag.py:3441} INFO - Setting next_dagrun for dataset_consumes_1_and_2 to None, run_after=None
[2023-07-11T08:15:07.744+0000] {logging_mixin.py:137} INFO - [2023-07-11T08:15:07.744+0000] {dag.py:3441} INFO - Setting next_dagrun for dataset_consumes_1_never_scheduled to None, run_after=None
[2023-07-11T08:15:07.745+0000] {logging_mixin.py:137} INFO - [2023-07-11T08:15:07.745+0000] {dag.py:3441} INFO - Setting next_dagrun for dataset_consumes_unknown_never_scheduled to None, run_after=None
[2023-07-11T08:15:07.750+0000] {logging_mixin.py:137} INFO - [2023-07-11T08:15:07.750+0000] {dag.py:3441} INFO - Setting next_dagrun for dataset_produces_1 to 2023-07-10T00:00:00+00:00, run_after=2023-07-11T00:00:00+00:00
[2023-07-11T08:15:07.752+0000] {logging_mixin.py:137} INFO - [2023-07-11T08:15:07.752+0000] {dag.py:3441} INFO - Setting next_dagrun for dataset_produces_2 to None, run_after=None
[2023-07-11T08:15:07.774+0000] {processor.py:175} INFO - Processing /home/airflow/.local/lib/python3.7/site-packages/airflow/example_dags/example_datasets.py took 0.115 seconds
[2023-07-11T09:37:31.465+0000] {processor.py:153} INFO - Started process (PID=91650) to work on /home/airflow/.local/lib/python3.7/site-packages/airflow/example_dags/example_datasets.py
[2023-07-11T09:37:31.467+0000] {processor.py:743} INFO - Processing file /home/airflow/.local/lib/python3.7/site-packages/airflow/example_dags/example_datasets.py for tasks to queue
[2023-07-11T09:37:31.471+0000] {logging_mixin.py:137} INFO - [2023-07-11T09:37:31.471+0000] {dagbag.py:538} INFO - Filling up the DagBag from /home/airflow/.local/lib/python3.7/site-packages/airflow/example_dags/example_datasets.py
[2023-07-11T09:37:31.507+0000] {processor.py:753} INFO - DAG(s) dict_keys(['dataset_consumes_unknown_never_scheduled', 'dataset_consumes_1_never_scheduled', 'dataset_produces_2', 'dataset_produces_1', 'dataset_consumes_1', 'dataset_consumes_1_and_2']) retrieved from /home/airflow/.local/lib/python3.7/site-packages/airflow/example_dags/example_datasets.py
[2023-07-11T09:37:31.546+0000] {logging_mixin.py:137} INFO - [2023-07-11T09:37:31.546+0000] {dag.py:2690} INFO - Sync 6 DAGs
[2023-07-11T09:37:31.568+0000] {logging_mixin.py:137} INFO - [2023-07-11T09:37:31.568+0000] {dag.py:3441} INFO - Setting next_dagrun for dataset_consumes_1 to None, run_after=None
[2023-07-11T09:37:31.572+0000] {logging_mixin.py:137} INFO - [2023-07-11T09:37:31.572+0000] {dag.py:3441} INFO - Setting next_dagrun for dataset_consumes_1_and_2 to None, run_after=None
[2023-07-11T09:37:31.574+0000] {logging_mixin.py:137} INFO - [2023-07-11T09:37:31.574+0000] {dag.py:3441} INFO - Setting next_dagrun for dataset_consumes_1_never_scheduled to None, run_after=None
[2023-07-11T09:37:31.576+0000] {logging_mixin.py:137} INFO - [2023-07-11T09:37:31.576+0000] {dag.py:3441} INFO - Setting next_dagrun for dataset_consumes_unknown_never_scheduled to None, run_after=None
[2023-07-11T09:37:31.578+0000] {logging_mixin.py:137} INFO - [2023-07-11T09:37:31.578+0000] {dag.py:3441} INFO - Setting next_dagrun for dataset_produces_1 to 2023-07-10T00:00:00+00:00, run_after=2023-07-11T00:00:00+00:00
[2023-07-11T09:37:31.580+0000] {logging_mixin.py:137} INFO - [2023-07-11T09:37:31.580+0000] {dag.py:3441} INFO - Setting next_dagrun for dataset_produces_2 to None, run_after=None
[2023-07-11T09:37:31.602+0000] {processor.py:175} INFO - Processing /home/airflow/.local/lib/python3.7/site-packages/airflow/example_dags/example_datasets.py took 0.140 seconds
[2023-07-11T11:01:04.274+0000] {processor.py:153} INFO - Started process (PID=91719) to work on /home/airflow/.local/lib/python3.7/site-packages/airflow/example_dags/example_datasets.py
[2023-07-11T11:01:04.276+0000] {processor.py:743} INFO - Processing file /home/airflow/.local/lib/python3.7/site-packages/airflow/example_dags/example_datasets.py for tasks to queue
[2023-07-11T11:01:04.277+0000] {logging_mixin.py:137} INFO - [2023-07-11T11:01:04.277+0000] {dagbag.py:538} INFO - Filling up the DagBag from /home/airflow/.local/lib/python3.7/site-packages/airflow/example_dags/example_datasets.py
[2023-07-11T11:01:04.297+0000] {processor.py:753} INFO - DAG(s) dict_keys(['dataset_produces_1', 'dataset_consumes_unknown_never_scheduled', 'dataset_consumes_1_never_scheduled', 'dataset_consumes_1', 'dataset_produces_2', 'dataset_consumes_1_and_2']) retrieved from /home/airflow/.local/lib/python3.7/site-packages/airflow/example_dags/example_datasets.py
[2023-07-11T11:01:04.327+0000] {logging_mixin.py:137} INFO - [2023-07-11T11:01:04.327+0000] {dag.py:2690} INFO - Sync 6 DAGs
[2023-07-11T11:01:04.346+0000] {logging_mixin.py:137} INFO - [2023-07-11T11:01:04.345+0000] {dag.py:3441} INFO - Setting next_dagrun for dataset_consumes_1 to None, run_after=None
[2023-07-11T11:01:04.349+0000] {logging_mixin.py:137} INFO - [2023-07-11T11:01:04.349+0000] {dag.py:3441} INFO - Setting next_dagrun for dataset_consumes_1_and_2 to None, run_after=None
[2023-07-11T11:01:04.352+0000] {logging_mixin.py:137} INFO - [2023-07-11T11:01:04.352+0000] {dag.py:3441} INFO - Setting next_dagrun for dataset_consumes_1_never_scheduled to None, run_after=None
[2023-07-11T11:01:04.353+0000] {logging_mixin.py:137} INFO - [2023-07-11T11:01:04.353+0000] {dag.py:3441} INFO - Setting next_dagrun for dataset_consumes_unknown_never_scheduled to None, run_after=None
[2023-07-11T11:01:04.355+0000] {logging_mixin.py:137} INFO - [2023-07-11T11:01:04.355+0000] {dag.py:3441} INFO - Setting next_dagrun for dataset_produces_1 to 2023-07-10T00:00:00+00:00, run_after=2023-07-11T00:00:00+00:00
[2023-07-11T11:01:04.358+0000] {logging_mixin.py:137} INFO - [2023-07-11T11:01:04.358+0000] {dag.py:3441} INFO - Setting next_dagrun for dataset_produces_2 to None, run_after=None
[2023-07-11T11:01:04.389+0000] {processor.py:175} INFO - Processing /home/airflow/.local/lib/python3.7/site-packages/airflow/example_dags/example_datasets.py took 0.118 seconds
[2023-07-11T11:12:30.086+0000] {processor.py:153} INFO - Started process (PID=91790) to work on /home/airflow/.local/lib/python3.7/site-packages/airflow/example_dags/example_datasets.py
[2023-07-11T11:12:30.088+0000] {processor.py:743} INFO - Processing file /home/airflow/.local/lib/python3.7/site-packages/airflow/example_dags/example_datasets.py for tasks to queue
[2023-07-11T11:12:30.092+0000] {logging_mixin.py:137} INFO - [2023-07-11T11:12:30.092+0000] {dagbag.py:538} INFO - Filling up the DagBag from /home/airflow/.local/lib/python3.7/site-packages/airflow/example_dags/example_datasets.py
[2023-07-11T11:12:30.113+0000] {processor.py:753} INFO - DAG(s) dict_keys(['dataset_consumes_1_and_2', 'dataset_produces_2', 'dataset_consumes_unknown_never_scheduled', 'dataset_produces_1', 'dataset_consumes_1', 'dataset_consumes_1_never_scheduled']) retrieved from /home/airflow/.local/lib/python3.7/site-packages/airflow/example_dags/example_datasets.py
[2023-07-11T11:12:30.158+0000] {logging_mixin.py:137} INFO - [2023-07-11T11:12:30.158+0000] {dag.py:2690} INFO - Sync 6 DAGs
[2023-07-11T11:12:30.186+0000] {logging_mixin.py:137} INFO - [2023-07-11T11:12:30.186+0000] {dag.py:3441} INFO - Setting next_dagrun for dataset_consumes_1 to None, run_after=None
[2023-07-11T11:12:30.197+0000] {logging_mixin.py:137} INFO - [2023-07-11T11:12:30.197+0000] {dag.py:3441} INFO - Setting next_dagrun for dataset_consumes_1_and_2 to None, run_after=None
[2023-07-11T11:12:30.201+0000] {logging_mixin.py:137} INFO - [2023-07-11T11:12:30.200+0000] {dag.py:3441} INFO - Setting next_dagrun for dataset_consumes_1_never_scheduled to None, run_after=None
[2023-07-11T11:12:30.204+0000] {logging_mixin.py:137} INFO - [2023-07-11T11:12:30.204+0000] {dag.py:3441} INFO - Setting next_dagrun for dataset_consumes_unknown_never_scheduled to None, run_after=None
[2023-07-11T11:12:30.213+0000] {logging_mixin.py:137} INFO - [2023-07-11T11:12:30.213+0000] {dag.py:3441} INFO - Setting next_dagrun for dataset_produces_1 to 2023-07-10T00:00:00+00:00, run_after=2023-07-11T00:00:00+00:00
[2023-07-11T11:12:30.217+0000] {logging_mixin.py:137} INFO - [2023-07-11T11:12:30.217+0000] {dag.py:3441} INFO - Setting next_dagrun for dataset_produces_2 to None, run_after=None
[2023-07-11T11:12:30.254+0000] {processor.py:175} INFO - Processing /home/airflow/.local/lib/python3.7/site-packages/airflow/example_dags/example_datasets.py took 0.171 seconds
[2023-07-11T11:13:02.794+0000] {processor.py:153} INFO - Started process (PID=91874) to work on /home/airflow/.local/lib/python3.7/site-packages/airflow/example_dags/example_datasets.py
[2023-07-11T11:13:02.796+0000] {processor.py:743} INFO - Processing file /home/airflow/.local/lib/python3.7/site-packages/airflow/example_dags/example_datasets.py for tasks to queue
[2023-07-11T11:13:02.798+0000] {logging_mixin.py:137} INFO - [2023-07-11T11:13:02.797+0000] {dagbag.py:538} INFO - Filling up the DagBag from /home/airflow/.local/lib/python3.7/site-packages/airflow/example_dags/example_datasets.py
[2023-07-11T11:13:02.814+0000] {processor.py:753} INFO - DAG(s) dict_keys(['dataset_consumes_1', 'dataset_produces_2', 'dataset_consumes_1_never_scheduled', 'dataset_consumes_1_and_2', 'dataset_produces_1', 'dataset_consumes_unknown_never_scheduled']) retrieved from /home/airflow/.local/lib/python3.7/site-packages/airflow/example_dags/example_datasets.py
[2023-07-11T11:13:02.851+0000] {logging_mixin.py:137} INFO - [2023-07-11T11:13:02.851+0000] {dag.py:2690} INFO - Sync 6 DAGs
[2023-07-11T11:13:02.869+0000] {logging_mixin.py:137} INFO - [2023-07-11T11:13:02.869+0000] {dag.py:3441} INFO - Setting next_dagrun for dataset_consumes_1 to None, run_after=None
[2023-07-11T11:13:02.872+0000] {logging_mixin.py:137} INFO - [2023-07-11T11:13:02.872+0000] {dag.py:3441} INFO - Setting next_dagrun for dataset_consumes_1_and_2 to None, run_after=None
[2023-07-11T11:13:02.874+0000] {logging_mixin.py:137} INFO - [2023-07-11T11:13:02.874+0000] {dag.py:3441} INFO - Setting next_dagrun for dataset_consumes_1_never_scheduled to None, run_after=None
[2023-07-11T11:13:02.876+0000] {logging_mixin.py:137} INFO - [2023-07-11T11:13:02.876+0000] {dag.py:3441} INFO - Setting next_dagrun for dataset_consumes_unknown_never_scheduled to None, run_after=None
[2023-07-11T11:13:02.879+0000] {logging_mixin.py:137} INFO - [2023-07-11T11:13:02.879+0000] {dag.py:3441} INFO - Setting next_dagrun for dataset_produces_1 to 2023-07-10T00:00:00+00:00, run_after=2023-07-11T00:00:00+00:00
[2023-07-11T11:13:02.880+0000] {logging_mixin.py:137} INFO - [2023-07-11T11:13:02.880+0000] {dag.py:3441} INFO - Setting next_dagrun for dataset_produces_2 to None, run_after=None
[2023-07-11T11:13:02.899+0000] {processor.py:175} INFO - Processing /home/airflow/.local/lib/python3.7/site-packages/airflow/example_dags/example_datasets.py took 0.108 seconds
[2023-07-11T11:13:34.181+0000] {processor.py:153} INFO - Started process (PID=91945) to work on /home/airflow/.local/lib/python3.7/site-packages/airflow/example_dags/example_datasets.py
[2023-07-11T11:13:34.188+0000] {processor.py:743} INFO - Processing file /home/airflow/.local/lib/python3.7/site-packages/airflow/example_dags/example_datasets.py for tasks to queue
[2023-07-11T11:13:34.190+0000] {logging_mixin.py:137} INFO - [2023-07-11T11:13:34.190+0000] {dagbag.py:538} INFO - Filling up the DagBag from /home/airflow/.local/lib/python3.7/site-packages/airflow/example_dags/example_datasets.py
[2023-07-11T11:13:34.221+0000] {processor.py:753} INFO - DAG(s) dict_keys(['dataset_consumes_1_and_2', 'dataset_consumes_1', 'dataset_produces_2', 'dataset_produces_1', 'dataset_consumes_1_never_scheduled', 'dataset_consumes_unknown_never_scheduled']) retrieved from /home/airflow/.local/lib/python3.7/site-packages/airflow/example_dags/example_datasets.py
[2023-07-11T11:13:34.287+0000] {logging_mixin.py:137} INFO - [2023-07-11T11:13:34.287+0000] {dag.py:2690} INFO - Sync 6 DAGs
[2023-07-11T11:13:34.312+0000] {logging_mixin.py:137} INFO - [2023-07-11T11:13:34.311+0000] {dag.py:3441} INFO - Setting next_dagrun for dataset_consumes_1 to None, run_after=None
[2023-07-11T11:13:34.315+0000] {logging_mixin.py:137} INFO - [2023-07-11T11:13:34.315+0000] {dag.py:3441} INFO - Setting next_dagrun for dataset_consumes_1_and_2 to None, run_after=None
[2023-07-11T11:13:34.317+0000] {logging_mixin.py:137} INFO - [2023-07-11T11:13:34.317+0000] {dag.py:3441} INFO - Setting next_dagrun for dataset_consumes_1_never_scheduled to None, run_after=None
[2023-07-11T11:13:34.319+0000] {logging_mixin.py:137} INFO - [2023-07-11T11:13:34.319+0000] {dag.py:3441} INFO - Setting next_dagrun for dataset_consumes_unknown_never_scheduled to None, run_after=None
[2023-07-11T11:13:34.321+0000] {logging_mixin.py:137} INFO - [2023-07-11T11:13:34.321+0000] {dag.py:3441} INFO - Setting next_dagrun for dataset_produces_1 to 2023-07-10T00:00:00+00:00, run_after=2023-07-11T00:00:00+00:00
[2023-07-11T11:13:34.324+0000] {logging_mixin.py:137} INFO - [2023-07-11T11:13:34.324+0000] {dag.py:3441} INFO - Setting next_dagrun for dataset_produces_2 to None, run_after=None
[2023-07-11T11:13:34.350+0000] {processor.py:175} INFO - Processing /home/airflow/.local/lib/python3.7/site-packages/airflow/example_dags/example_datasets.py took 0.173 seconds
[2023-07-11T11:14:06.212+0000] {processor.py:153} INFO - Started process (PID=92029) to work on /home/airflow/.local/lib/python3.7/site-packages/airflow/example_dags/example_datasets.py
[2023-07-11T11:14:06.214+0000] {processor.py:743} INFO - Processing file /home/airflow/.local/lib/python3.7/site-packages/airflow/example_dags/example_datasets.py for tasks to queue
[2023-07-11T11:14:06.215+0000] {logging_mixin.py:137} INFO - [2023-07-11T11:14:06.215+0000] {dagbag.py:538} INFO - Filling up the DagBag from /home/airflow/.local/lib/python3.7/site-packages/airflow/example_dags/example_datasets.py
[2023-07-11T11:14:06.232+0000] {processor.py:753} INFO - DAG(s) dict_keys(['dataset_produces_1', 'dataset_produces_2', 'dataset_consumes_1_never_scheduled', 'dataset_consumes_1', 'dataset_consumes_unknown_never_scheduled', 'dataset_consumes_1_and_2']) retrieved from /home/airflow/.local/lib/python3.7/site-packages/airflow/example_dags/example_datasets.py
[2023-07-11T11:14:06.265+0000] {logging_mixin.py:137} INFO - [2023-07-11T11:14:06.265+0000] {dag.py:2690} INFO - Sync 6 DAGs
[2023-07-11T11:14:06.285+0000] {logging_mixin.py:137} INFO - [2023-07-11T11:14:06.285+0000] {dag.py:3441} INFO - Setting next_dagrun for dataset_consumes_1 to None, run_after=None
[2023-07-11T11:14:06.289+0000] {logging_mixin.py:137} INFO - [2023-07-11T11:14:06.289+0000] {dag.py:3441} INFO - Setting next_dagrun for dataset_consumes_1_and_2 to None, run_after=None
[2023-07-11T11:14:06.290+0000] {logging_mixin.py:137} INFO - [2023-07-11T11:14:06.290+0000] {dag.py:3441} INFO - Setting next_dagrun for dataset_consumes_1_never_scheduled to None, run_after=None
[2023-07-11T11:14:06.292+0000] {logging_mixin.py:137} INFO - [2023-07-11T11:14:06.292+0000] {dag.py:3441} INFO - Setting next_dagrun for dataset_consumes_unknown_never_scheduled to None, run_after=None
[2023-07-11T11:14:06.294+0000] {logging_mixin.py:137} INFO - [2023-07-11T11:14:06.294+0000] {dag.py:3441} INFO - Setting next_dagrun for dataset_produces_1 to 2023-07-10T00:00:00+00:00, run_after=2023-07-11T00:00:00+00:00
[2023-07-11T11:14:06.295+0000] {logging_mixin.py:137} INFO - [2023-07-11T11:14:06.295+0000] {dag.py:3441} INFO - Setting next_dagrun for dataset_produces_2 to None, run_after=None
[2023-07-11T11:14:06.315+0000] {processor.py:175} INFO - Processing /home/airflow/.local/lib/python3.7/site-packages/airflow/example_dags/example_datasets.py took 0.106 seconds
[2023-07-11T11:14:37.493+0000] {processor.py:153} INFO - Started process (PID=92097) to work on /home/airflow/.local/lib/python3.7/site-packages/airflow/example_dags/example_datasets.py
[2023-07-11T11:14:37.497+0000] {processor.py:743} INFO - Processing file /home/airflow/.local/lib/python3.7/site-packages/airflow/example_dags/example_datasets.py for tasks to queue
[2023-07-11T11:14:37.501+0000] {logging_mixin.py:137} INFO - [2023-07-11T11:14:37.501+0000] {dagbag.py:538} INFO - Filling up the DagBag from /home/airflow/.local/lib/python3.7/site-packages/airflow/example_dags/example_datasets.py
[2023-07-11T11:14:37.542+0000] {processor.py:753} INFO - DAG(s) dict_keys(['dataset_consumes_1', 'dataset_consumes_unknown_never_scheduled', 'dataset_consumes_1_never_scheduled', 'dataset_produces_2', 'dataset_produces_1', 'dataset_consumes_1_and_2']) retrieved from /home/airflow/.local/lib/python3.7/site-packages/airflow/example_dags/example_datasets.py
[2023-07-11T11:14:37.593+0000] {logging_mixin.py:137} INFO - [2023-07-11T11:14:37.593+0000] {dag.py:2690} INFO - Sync 6 DAGs
[2023-07-11T11:14:37.630+0000] {logging_mixin.py:137} INFO - [2023-07-11T11:14:37.630+0000] {dag.py:3441} INFO - Setting next_dagrun for dataset_consumes_1 to None, run_after=None
[2023-07-11T11:14:37.634+0000] {logging_mixin.py:137} INFO - [2023-07-11T11:14:37.634+0000] {dag.py:3441} INFO - Setting next_dagrun for dataset_consumes_1_and_2 to None, run_after=None
[2023-07-11T11:14:37.638+0000] {logging_mixin.py:137} INFO - [2023-07-11T11:14:37.638+0000] {dag.py:3441} INFO - Setting next_dagrun for dataset_consumes_1_never_scheduled to None, run_after=None
[2023-07-11T11:14:37.640+0000] {logging_mixin.py:137} INFO - [2023-07-11T11:14:37.640+0000] {dag.py:3441} INFO - Setting next_dagrun for dataset_consumes_unknown_never_scheduled to None, run_after=None
[2023-07-11T11:14:37.651+0000] {logging_mixin.py:137} INFO - [2023-07-11T11:14:37.651+0000] {dag.py:3441} INFO - Setting next_dagrun for dataset_produces_1 to 2023-07-10T00:00:00+00:00, run_after=2023-07-11T00:00:00+00:00
[2023-07-11T11:14:37.657+0000] {logging_mixin.py:137} INFO - [2023-07-11T11:14:37.657+0000] {dag.py:3441} INFO - Setting next_dagrun for dataset_produces_2 to None, run_after=None
[2023-07-11T11:14:37.707+0000] {processor.py:175} INFO - Processing /home/airflow/.local/lib/python3.7/site-packages/airflow/example_dags/example_datasets.py took 0.220 seconds
[2023-07-11T11:16:07.468+0000] {processor.py:153} INFO - Started process (PID=92171) to work on /home/airflow/.local/lib/python3.7/site-packages/airflow/example_dags/example_datasets.py
[2023-07-11T11:16:07.470+0000] {processor.py:743} INFO - Processing file /home/airflow/.local/lib/python3.7/site-packages/airflow/example_dags/example_datasets.py for tasks to queue
[2023-07-11T11:16:07.472+0000] {logging_mixin.py:137} INFO - [2023-07-11T11:16:07.472+0000] {dagbag.py:538} INFO - Filling up the DagBag from /home/airflow/.local/lib/python3.7/site-packages/airflow/example_dags/example_datasets.py
[2023-07-11T11:16:07.494+0000] {processor.py:753} INFO - DAG(s) dict_keys(['dataset_produces_2', 'dataset_consumes_unknown_never_scheduled', 'dataset_consumes_1', 'dataset_consumes_1_never_scheduled', 'dataset_produces_1', 'dataset_consumes_1_and_2']) retrieved from /home/airflow/.local/lib/python3.7/site-packages/airflow/example_dags/example_datasets.py
[2023-07-11T11:16:07.527+0000] {logging_mixin.py:137} INFO - [2023-07-11T11:16:07.527+0000] {dag.py:2690} INFO - Sync 6 DAGs
[2023-07-11T11:16:07.551+0000] {logging_mixin.py:137} INFO - [2023-07-11T11:16:07.551+0000] {dag.py:3441} INFO - Setting next_dagrun for dataset_consumes_1 to None, run_after=None
[2023-07-11T11:16:07.556+0000] {logging_mixin.py:137} INFO - [2023-07-11T11:16:07.556+0000] {dag.py:3441} INFO - Setting next_dagrun for dataset_consumes_1_and_2 to None, run_after=None
[2023-07-11T11:16:07.564+0000] {logging_mixin.py:137} INFO - [2023-07-11T11:16:07.564+0000] {dag.py:3441} INFO - Setting next_dagrun for dataset_consumes_1_never_scheduled to None, run_after=None
[2023-07-11T11:16:07.569+0000] {logging_mixin.py:137} INFO - [2023-07-11T11:16:07.568+0000] {dag.py:3441} INFO - Setting next_dagrun for dataset_consumes_unknown_never_scheduled to None, run_after=None
[2023-07-11T11:16:07.576+0000] {logging_mixin.py:137} INFO - [2023-07-11T11:16:07.576+0000] {dag.py:3441} INFO - Setting next_dagrun for dataset_produces_1 to 2023-07-10T00:00:00+00:00, run_after=2023-07-11T00:00:00+00:00
[2023-07-11T11:16:07.578+0000] {logging_mixin.py:137} INFO - [2023-07-11T11:16:07.578+0000] {dag.py:3441} INFO - Setting next_dagrun for dataset_produces_2 to None, run_after=None
[2023-07-11T11:16:07.601+0000] {processor.py:175} INFO - Processing /home/airflow/.local/lib/python3.7/site-packages/airflow/example_dags/example_datasets.py took 0.136 seconds
[2023-07-11T11:16:39.518+0000] {processor.py:153} INFO - Started process (PID=92242) to work on /home/airflow/.local/lib/python3.7/site-packages/airflow/example_dags/example_datasets.py
[2023-07-11T11:16:39.523+0000] {processor.py:743} INFO - Processing file /home/airflow/.local/lib/python3.7/site-packages/airflow/example_dags/example_datasets.py for tasks to queue
[2023-07-11T11:16:39.530+0000] {logging_mixin.py:137} INFO - [2023-07-11T11:16:39.530+0000] {dagbag.py:538} INFO - Filling up the DagBag from /home/airflow/.local/lib/python3.7/site-packages/airflow/example_dags/example_datasets.py
[2023-07-11T11:16:39.566+0000] {processor.py:753} INFO - DAG(s) dict_keys(['dataset_produces_1', 'dataset_produces_2', 'dataset_consumes_1_never_scheduled', 'dataset_consumes_1_and_2', 'dataset_consumes_unknown_never_scheduled', 'dataset_consumes_1']) retrieved from /home/airflow/.local/lib/python3.7/site-packages/airflow/example_dags/example_datasets.py
[2023-07-11T11:16:39.599+0000] {logging_mixin.py:137} INFO - [2023-07-11T11:16:39.599+0000] {dag.py:2690} INFO - Sync 6 DAGs
[2023-07-11T11:16:39.621+0000] {logging_mixin.py:137} INFO - [2023-07-11T11:16:39.621+0000] {dag.py:3441} INFO - Setting next_dagrun for dataset_consumes_1 to None, run_after=None
[2023-07-11T11:16:39.626+0000] {logging_mixin.py:137} INFO - [2023-07-11T11:16:39.626+0000] {dag.py:3441} INFO - Setting next_dagrun for dataset_consumes_1_and_2 to None, run_after=None
[2023-07-11T11:16:39.628+0000] {logging_mixin.py:137} INFO - [2023-07-11T11:16:39.628+0000] {dag.py:3441} INFO - Setting next_dagrun for dataset_consumes_1_never_scheduled to None, run_after=None
[2023-07-11T11:16:39.631+0000] {logging_mixin.py:137} INFO - [2023-07-11T11:16:39.631+0000] {dag.py:3441} INFO - Setting next_dagrun for dataset_consumes_unknown_never_scheduled to None, run_after=None
[2023-07-11T11:16:39.640+0000] {logging_mixin.py:137} INFO - [2023-07-11T11:16:39.640+0000] {dag.py:3441} INFO - Setting next_dagrun for dataset_produces_1 to 2023-07-10T00:00:00+00:00, run_after=2023-07-11T00:00:00+00:00
[2023-07-11T11:16:39.646+0000] {logging_mixin.py:137} INFO - [2023-07-11T11:16:39.646+0000] {dag.py:3441} INFO - Setting next_dagrun for dataset_produces_2 to None, run_after=None
[2023-07-11T11:16:39.673+0000] {processor.py:175} INFO - Processing /home/airflow/.local/lib/python3.7/site-packages/airflow/example_dags/example_datasets.py took 0.160 seconds
[2023-07-11T11:47:43.491+0000] {processor.py:153} INFO - Started process (PID=92322) to work on /home/airflow/.local/lib/python3.7/site-packages/airflow/example_dags/example_datasets.py
[2023-07-11T11:47:43.493+0000] {processor.py:743} INFO - Processing file /home/airflow/.local/lib/python3.7/site-packages/airflow/example_dags/example_datasets.py for tasks to queue
[2023-07-11T11:47:43.494+0000] {logging_mixin.py:137} INFO - [2023-07-11T11:47:43.494+0000] {dagbag.py:538} INFO - Filling up the DagBag from /home/airflow/.local/lib/python3.7/site-packages/airflow/example_dags/example_datasets.py
[2023-07-11T11:47:43.522+0000] {processor.py:753} INFO - DAG(s) dict_keys(['dataset_consumes_1_never_scheduled', 'dataset_produces_1', 'dataset_consumes_unknown_never_scheduled', 'dataset_consumes_1_and_2', 'dataset_produces_2', 'dataset_consumes_1']) retrieved from /home/airflow/.local/lib/python3.7/site-packages/airflow/example_dags/example_datasets.py
[2023-07-11T11:47:43.564+0000] {logging_mixin.py:137} INFO - [2023-07-11T11:47:43.563+0000] {dag.py:2690} INFO - Sync 6 DAGs
[2023-07-11T11:47:43.596+0000] {logging_mixin.py:137} INFO - [2023-07-11T11:47:43.595+0000] {dag.py:3441} INFO - Setting next_dagrun for dataset_consumes_1 to None, run_after=None
[2023-07-11T11:47:43.600+0000] {logging_mixin.py:137} INFO - [2023-07-11T11:47:43.600+0000] {dag.py:3441} INFO - Setting next_dagrun for dataset_consumes_1_and_2 to None, run_after=None
[2023-07-11T11:47:43.602+0000] {logging_mixin.py:137} INFO - [2023-07-11T11:47:43.602+0000] {dag.py:3441} INFO - Setting next_dagrun for dataset_consumes_1_never_scheduled to None, run_after=None
[2023-07-11T11:47:43.605+0000] {logging_mixin.py:137} INFO - [2023-07-11T11:47:43.605+0000] {dag.py:3441} INFO - Setting next_dagrun for dataset_consumes_unknown_never_scheduled to None, run_after=None
[2023-07-11T11:47:43.608+0000] {logging_mixin.py:137} INFO - [2023-07-11T11:47:43.608+0000] {dag.py:3441} INFO - Setting next_dagrun for dataset_produces_1 to 2023-07-10T00:00:00+00:00, run_after=2023-07-11T00:00:00+00:00
[2023-07-11T11:47:43.609+0000] {logging_mixin.py:137} INFO - [2023-07-11T11:47:43.609+0000] {dag.py:3441} INFO - Setting next_dagrun for dataset_produces_2 to None, run_after=None
[2023-07-11T11:47:43.655+0000] {processor.py:175} INFO - Processing /home/airflow/.local/lib/python3.7/site-packages/airflow/example_dags/example_datasets.py took 0.168 seconds
[2023-07-11T13:11:24.887+0000] {processor.py:153} INFO - Started process (PID=92397) to work on /home/airflow/.local/lib/python3.7/site-packages/airflow/example_dags/example_datasets.py
[2023-07-11T13:11:24.890+0000] {processor.py:743} INFO - Processing file /home/airflow/.local/lib/python3.7/site-packages/airflow/example_dags/example_datasets.py for tasks to queue
[2023-07-11T13:11:24.891+0000] {logging_mixin.py:137} INFO - [2023-07-11T13:11:24.891+0000] {dagbag.py:538} INFO - Filling up the DagBag from /home/airflow/.local/lib/python3.7/site-packages/airflow/example_dags/example_datasets.py
[2023-07-11T13:11:24.911+0000] {processor.py:753} INFO - DAG(s) dict_keys(['dataset_consumes_1_never_scheduled', 'dataset_produces_1', 'dataset_consumes_1_and_2', 'dataset_produces_2', 'dataset_consumes_unknown_never_scheduled', 'dataset_consumes_1']) retrieved from /home/airflow/.local/lib/python3.7/site-packages/airflow/example_dags/example_datasets.py
[2023-07-11T13:11:24.942+0000] {logging_mixin.py:137} INFO - [2023-07-11T13:11:24.942+0000] {dag.py:2690} INFO - Sync 6 DAGs
[2023-07-11T13:11:24.962+0000] {logging_mixin.py:137} INFO - [2023-07-11T13:11:24.962+0000] {dag.py:3441} INFO - Setting next_dagrun for dataset_consumes_1 to None, run_after=None
[2023-07-11T13:11:24.966+0000] {logging_mixin.py:137} INFO - [2023-07-11T13:11:24.966+0000] {dag.py:3441} INFO - Setting next_dagrun for dataset_consumes_1_and_2 to None, run_after=None
[2023-07-11T13:11:24.968+0000] {logging_mixin.py:137} INFO - [2023-07-11T13:11:24.968+0000] {dag.py:3441} INFO - Setting next_dagrun for dataset_consumes_1_never_scheduled to None, run_after=None
[2023-07-11T13:11:24.970+0000] {logging_mixin.py:137} INFO - [2023-07-11T13:11:24.970+0000] {dag.py:3441} INFO - Setting next_dagrun for dataset_consumes_unknown_never_scheduled to None, run_after=None
[2023-07-11T13:11:24.972+0000] {logging_mixin.py:137} INFO - [2023-07-11T13:11:24.972+0000] {dag.py:3441} INFO - Setting next_dagrun for dataset_produces_1 to 2023-07-10T00:00:00+00:00, run_after=2023-07-11T00:00:00+00:00
[2023-07-11T13:11:24.974+0000] {logging_mixin.py:137} INFO - [2023-07-11T13:11:24.974+0000] {dag.py:3441} INFO - Setting next_dagrun for dataset_produces_2 to None, run_after=None
[2023-07-11T13:11:24.996+0000] {processor.py:175} INFO - Processing /home/airflow/.local/lib/python3.7/site-packages/airflow/example_dags/example_datasets.py took 0.111 seconds
[2023-07-11T14:33:30.573+0000] {processor.py:153} INFO - Started process (PID=92469) to work on /home/airflow/.local/lib/python3.7/site-packages/airflow/example_dags/example_datasets.py
[2023-07-11T14:33:30.576+0000] {processor.py:743} INFO - Processing file /home/airflow/.local/lib/python3.7/site-packages/airflow/example_dags/example_datasets.py for tasks to queue
[2023-07-11T14:33:30.577+0000] {logging_mixin.py:137} INFO - [2023-07-11T14:33:30.577+0000] {dagbag.py:538} INFO - Filling up the DagBag from /home/airflow/.local/lib/python3.7/site-packages/airflow/example_dags/example_datasets.py
[2023-07-11T14:33:30.598+0000] {processor.py:753} INFO - DAG(s) dict_keys(['dataset_consumes_unknown_never_scheduled', 'dataset_consumes_1_and_2', 'dataset_produces_2', 'dataset_consumes_1', 'dataset_produces_1', 'dataset_consumes_1_never_scheduled']) retrieved from /home/airflow/.local/lib/python3.7/site-packages/airflow/example_dags/example_datasets.py
[2023-07-11T14:33:30.638+0000] {logging_mixin.py:137} INFO - [2023-07-11T14:33:30.638+0000] {dag.py:2690} INFO - Sync 6 DAGs
[2023-07-11T14:33:30.661+0000] {logging_mixin.py:137} INFO - [2023-07-11T14:33:30.661+0000] {dag.py:3441} INFO - Setting next_dagrun for dataset_consumes_1 to None, run_after=None
[2023-07-11T14:33:30.664+0000] {logging_mixin.py:137} INFO - [2023-07-11T14:33:30.664+0000] {dag.py:3441} INFO - Setting next_dagrun for dataset_consumes_1_and_2 to None, run_after=None
[2023-07-11T14:33:30.669+0000] {logging_mixin.py:137} INFO - [2023-07-11T14:33:30.668+0000] {dag.py:3441} INFO - Setting next_dagrun for dataset_consumes_1_never_scheduled to None, run_after=None
[2023-07-11T14:33:30.671+0000] {logging_mixin.py:137} INFO - [2023-07-11T14:33:30.671+0000] {dag.py:3441} INFO - Setting next_dagrun for dataset_consumes_unknown_never_scheduled to None, run_after=None
[2023-07-11T14:33:30.673+0000] {logging_mixin.py:137} INFO - [2023-07-11T14:33:30.673+0000] {dag.py:3441} INFO - Setting next_dagrun for dataset_produces_1 to 2023-07-10T00:00:00+00:00, run_after=2023-07-11T00:00:00+00:00
[2023-07-11T14:33:30.675+0000] {logging_mixin.py:137} INFO - [2023-07-11T14:33:30.674+0000] {dag.py:3441} INFO - Setting next_dagrun for dataset_produces_2 to None, run_after=None
[2023-07-11T14:33:30.702+0000] {processor.py:175} INFO - Processing /home/airflow/.local/lib/python3.7/site-packages/airflow/example_dags/example_datasets.py took 0.132 seconds
[2023-07-11T15:54:20.340+0000] {processor.py:153} INFO - Started process (PID=92551) to work on /home/airflow/.local/lib/python3.7/site-packages/airflow/example_dags/example_datasets.py
[2023-07-11T15:54:20.342+0000] {processor.py:743} INFO - Processing file /home/airflow/.local/lib/python3.7/site-packages/airflow/example_dags/example_datasets.py for tasks to queue
[2023-07-11T15:54:20.343+0000] {logging_mixin.py:137} INFO - [2023-07-11T15:54:20.343+0000] {dagbag.py:538} INFO - Filling up the DagBag from /home/airflow/.local/lib/python3.7/site-packages/airflow/example_dags/example_datasets.py
[2023-07-11T15:54:20.368+0000] {processor.py:753} INFO - DAG(s) dict_keys(['dataset_consumes_unknown_never_scheduled', 'dataset_produces_1', 'dataset_consumes_1_and_2', 'dataset_produces_2', 'dataset_consumes_1', 'dataset_consumes_1_never_scheduled']) retrieved from /home/airflow/.local/lib/python3.7/site-packages/airflow/example_dags/example_datasets.py
[2023-07-11T15:54:20.408+0000] {logging_mixin.py:137} INFO - [2023-07-11T15:54:20.408+0000] {dag.py:2690} INFO - Sync 6 DAGs
[2023-07-11T15:54:20.428+0000] {logging_mixin.py:137} INFO - [2023-07-11T15:54:20.428+0000] {dag.py:3441} INFO - Setting next_dagrun for dataset_consumes_1 to None, run_after=None
[2023-07-11T15:54:20.431+0000] {logging_mixin.py:137} INFO - [2023-07-11T15:54:20.431+0000] {dag.py:3441} INFO - Setting next_dagrun for dataset_consumes_1_and_2 to None, run_after=None
[2023-07-11T15:54:20.433+0000] {logging_mixin.py:137} INFO - [2023-07-11T15:54:20.433+0000] {dag.py:3441} INFO - Setting next_dagrun for dataset_consumes_1_never_scheduled to None, run_after=None
[2023-07-11T15:54:20.434+0000] {logging_mixin.py:137} INFO - [2023-07-11T15:54:20.434+0000] {dag.py:3441} INFO - Setting next_dagrun for dataset_consumes_unknown_never_scheduled to None, run_after=None
[2023-07-11T15:54:20.436+0000] {logging_mixin.py:137} INFO - [2023-07-11T15:54:20.436+0000] {dag.py:3441} INFO - Setting next_dagrun for dataset_produces_1 to 2023-07-10T00:00:00+00:00, run_after=2023-07-11T00:00:00+00:00
[2023-07-11T15:54:20.438+0000] {logging_mixin.py:137} INFO - [2023-07-11T15:54:20.438+0000] {dag.py:3441} INFO - Setting next_dagrun for dataset_produces_2 to None, run_after=None
[2023-07-11T15:54:20.462+0000] {processor.py:175} INFO - Processing /home/airflow/.local/lib/python3.7/site-packages/airflow/example_dags/example_datasets.py took 0.126 seconds
[2023-07-11T17:02:44.693+0000] {processor.py:153} INFO - Started process (PID=92621) to work on /home/airflow/.local/lib/python3.7/site-packages/airflow/example_dags/example_datasets.py
[2023-07-11T17:02:44.695+0000] {processor.py:743} INFO - Processing file /home/airflow/.local/lib/python3.7/site-packages/airflow/example_dags/example_datasets.py for tasks to queue
[2023-07-11T17:02:44.696+0000] {logging_mixin.py:137} INFO - [2023-07-11T17:02:44.696+0000] {dagbag.py:538} INFO - Filling up the DagBag from /home/airflow/.local/lib/python3.7/site-packages/airflow/example_dags/example_datasets.py
[2023-07-11T17:02:44.712+0000] {processor.py:753} INFO - DAG(s) dict_keys(['dataset_consumes_1', 'dataset_produces_2', 'dataset_consumes_1_never_scheduled', 'dataset_produces_1', 'dataset_consumes_1_and_2', 'dataset_consumes_unknown_never_scheduled']) retrieved from /home/airflow/.local/lib/python3.7/site-packages/airflow/example_dags/example_datasets.py
[2023-07-11T17:02:44.745+0000] {logging_mixin.py:137} INFO - [2023-07-11T17:02:44.745+0000] {dag.py:2690} INFO - Sync 6 DAGs
[2023-07-11T17:02:44.767+0000] {logging_mixin.py:137} INFO - [2023-07-11T17:02:44.767+0000] {dag.py:3441} INFO - Setting next_dagrun for dataset_consumes_1 to None, run_after=None
[2023-07-11T17:02:44.771+0000] {logging_mixin.py:137} INFO - [2023-07-11T17:02:44.771+0000] {dag.py:3441} INFO - Setting next_dagrun for dataset_consumes_1_and_2 to None, run_after=None
[2023-07-11T17:02:44.773+0000] {logging_mixin.py:137} INFO - [2023-07-11T17:02:44.773+0000] {dag.py:3441} INFO - Setting next_dagrun for dataset_consumes_1_never_scheduled to None, run_after=None
[2023-07-11T17:02:44.774+0000] {logging_mixin.py:137} INFO - [2023-07-11T17:02:44.774+0000] {dag.py:3441} INFO - Setting next_dagrun for dataset_consumes_unknown_never_scheduled to None, run_after=None
[2023-07-11T17:02:44.776+0000] {logging_mixin.py:137} INFO - [2023-07-11T17:02:44.776+0000] {dag.py:3441} INFO - Setting next_dagrun for dataset_produces_1 to 2023-07-10T00:00:00+00:00, run_after=2023-07-11T00:00:00+00:00
[2023-07-11T17:02:44.779+0000] {logging_mixin.py:137} INFO - [2023-07-11T17:02:44.779+0000] {dag.py:3441} INFO - Setting next_dagrun for dataset_produces_2 to None, run_after=None
[2023-07-11T17:02:44.803+0000] {processor.py:175} INFO - Processing /home/airflow/.local/lib/python3.7/site-packages/airflow/example_dags/example_datasets.py took 0.112 seconds
[2023-07-11T18:25:25.351+0000] {processor.py:153} INFO - Started process (PID=92704) to work on /home/airflow/.local/lib/python3.7/site-packages/airflow/example_dags/example_datasets.py
[2023-07-11T18:25:25.353+0000] {processor.py:743} INFO - Processing file /home/airflow/.local/lib/python3.7/site-packages/airflow/example_dags/example_datasets.py for tasks to queue
[2023-07-11T18:25:25.354+0000] {logging_mixin.py:137} INFO - [2023-07-11T18:25:25.354+0000] {dagbag.py:538} INFO - Filling up the DagBag from /home/airflow/.local/lib/python3.7/site-packages/airflow/example_dags/example_datasets.py
[2023-07-11T18:25:25.373+0000] {processor.py:753} INFO - DAG(s) dict_keys(['dataset_produces_2', 'dataset_consumes_1', 'dataset_produces_1', 'dataset_consumes_1_and_2', 'dataset_consumes_1_never_scheduled', 'dataset_consumes_unknown_never_scheduled']) retrieved from /home/airflow/.local/lib/python3.7/site-packages/airflow/example_dags/example_datasets.py
[2023-07-11T18:25:25.421+0000] {logging_mixin.py:137} INFO - [2023-07-11T18:25:25.421+0000] {dag.py:2690} INFO - Sync 6 DAGs
[2023-07-11T18:25:25.445+0000] {logging_mixin.py:137} INFO - [2023-07-11T18:25:25.445+0000] {dag.py:3441} INFO - Setting next_dagrun for dataset_consumes_1 to None, run_after=None
[2023-07-11T18:25:25.449+0000] {logging_mixin.py:137} INFO - [2023-07-11T18:25:25.449+0000] {dag.py:3441} INFO - Setting next_dagrun for dataset_consumes_1_and_2 to None, run_after=None
[2023-07-11T18:25:25.452+0000] {logging_mixin.py:137} INFO - [2023-07-11T18:25:25.452+0000] {dag.py:3441} INFO - Setting next_dagrun for dataset_consumes_1_never_scheduled to None, run_after=None
[2023-07-11T18:25:25.455+0000] {logging_mixin.py:137} INFO - [2023-07-11T18:25:25.455+0000] {dag.py:3441} INFO - Setting next_dagrun for dataset_consumes_unknown_never_scheduled to None, run_after=None
[2023-07-11T18:25:25.458+0000] {logging_mixin.py:137} INFO - [2023-07-11T18:25:25.458+0000] {dag.py:3441} INFO - Setting next_dagrun for dataset_produces_1 to 2023-07-10T00:00:00+00:00, run_after=2023-07-11T00:00:00+00:00
[2023-07-11T18:25:25.462+0000] {logging_mixin.py:137} INFO - [2023-07-11T18:25:25.462+0000] {dag.py:3441} INFO - Setting next_dagrun for dataset_produces_2 to None, run_after=None
[2023-07-11T18:25:25.490+0000] {processor.py:175} INFO - Processing /home/airflow/.local/lib/python3.7/site-packages/airflow/example_dags/example_datasets.py took 0.142 seconds
[2023-07-11T19:48:33.223+0000] {processor.py:153} INFO - Started process (PID=92776) to work on /home/airflow/.local/lib/python3.7/site-packages/airflow/example_dags/example_datasets.py
[2023-07-11T19:48:33.225+0000] {processor.py:743} INFO - Processing file /home/airflow/.local/lib/python3.7/site-packages/airflow/example_dags/example_datasets.py for tasks to queue
[2023-07-11T19:48:33.229+0000] {logging_mixin.py:137} INFO - [2023-07-11T19:48:33.228+0000] {dagbag.py:538} INFO - Filling up the DagBag from /home/airflow/.local/lib/python3.7/site-packages/airflow/example_dags/example_datasets.py
[2023-07-11T19:48:33.249+0000] {processor.py:753} INFO - DAG(s) dict_keys(['dataset_consumes_1_never_scheduled', 'dataset_consumes_unknown_never_scheduled', 'dataset_consumes_1_and_2', 'dataset_produces_2', 'dataset_consumes_1', 'dataset_produces_1']) retrieved from /home/airflow/.local/lib/python3.7/site-packages/airflow/example_dags/example_datasets.py
[2023-07-11T19:48:33.329+0000] {logging_mixin.py:137} INFO - [2023-07-11T19:48:33.329+0000] {dag.py:2690} INFO - Sync 6 DAGs
[2023-07-11T19:48:33.357+0000] {logging_mixin.py:137} INFO - [2023-07-11T19:48:33.357+0000] {dag.py:3441} INFO - Setting next_dagrun for dataset_consumes_1 to None, run_after=None
[2023-07-11T19:48:33.361+0000] {logging_mixin.py:137} INFO - [2023-07-11T19:48:33.361+0000] {dag.py:3441} INFO - Setting next_dagrun for dataset_consumes_1_and_2 to None, run_after=None
[2023-07-11T19:48:33.364+0000] {logging_mixin.py:137} INFO - [2023-07-11T19:48:33.364+0000] {dag.py:3441} INFO - Setting next_dagrun for dataset_consumes_1_never_scheduled to None, run_after=None
[2023-07-11T19:48:33.367+0000] {logging_mixin.py:137} INFO - [2023-07-11T19:48:33.367+0000] {dag.py:3441} INFO - Setting next_dagrun for dataset_consumes_unknown_never_scheduled to None, run_after=None
[2023-07-11T19:48:33.372+0000] {logging_mixin.py:137} INFO - [2023-07-11T19:48:33.372+0000] {dag.py:3441} INFO - Setting next_dagrun for dataset_produces_1 to 2023-07-10T00:00:00+00:00, run_after=2023-07-11T00:00:00+00:00
[2023-07-11T19:48:33.378+0000] {logging_mixin.py:137} INFO - [2023-07-11T19:48:33.378+0000] {dag.py:3441} INFO - Setting next_dagrun for dataset_produces_2 to None, run_after=None
[2023-07-11T19:48:33.421+0000] {processor.py:175} INFO - Processing /home/airflow/.local/lib/python3.7/site-packages/airflow/example_dags/example_datasets.py took 0.202 seconds
[2023-07-11T21:11:44.147+0000] {processor.py:153} INFO - Started process (PID=92847) to work on /home/airflow/.local/lib/python3.7/site-packages/airflow/example_dags/example_datasets.py
[2023-07-11T21:11:44.149+0000] {processor.py:743} INFO - Processing file /home/airflow/.local/lib/python3.7/site-packages/airflow/example_dags/example_datasets.py for tasks to queue
[2023-07-11T21:11:44.150+0000] {logging_mixin.py:137} INFO - [2023-07-11T21:11:44.150+0000] {dagbag.py:538} INFO - Filling up the DagBag from /home/airflow/.local/lib/python3.7/site-packages/airflow/example_dags/example_datasets.py
[2023-07-11T21:11:44.168+0000] {processor.py:753} INFO - DAG(s) dict_keys(['dataset_produces_2', 'dataset_consumes_1', 'dataset_produces_1', 'dataset_consumes_unknown_never_scheduled', 'dataset_consumes_1_never_scheduled', 'dataset_consumes_1_and_2']) retrieved from /home/airflow/.local/lib/python3.7/site-packages/airflow/example_dags/example_datasets.py
[2023-07-11T21:11:44.202+0000] {logging_mixin.py:137} INFO - [2023-07-11T21:11:44.202+0000] {dag.py:2690} INFO - Sync 6 DAGs
[2023-07-11T21:11:44.223+0000] {logging_mixin.py:137} INFO - [2023-07-11T21:11:44.222+0000] {dag.py:3441} INFO - Setting next_dagrun for dataset_consumes_1 to None, run_after=None
[2023-07-11T21:11:44.226+0000] {logging_mixin.py:137} INFO - [2023-07-11T21:11:44.225+0000] {dag.py:3441} INFO - Setting next_dagrun for dataset_consumes_1_and_2 to None, run_after=None
[2023-07-11T21:11:44.228+0000] {logging_mixin.py:137} INFO - [2023-07-11T21:11:44.228+0000] {dag.py:3441} INFO - Setting next_dagrun for dataset_consumes_1_never_scheduled to None, run_after=None
[2023-07-11T21:11:44.231+0000] {logging_mixin.py:137} INFO - [2023-07-11T21:11:44.231+0000] {dag.py:3441} INFO - Setting next_dagrun for dataset_consumes_unknown_never_scheduled to None, run_after=None
[2023-07-11T21:11:44.233+0000] {logging_mixin.py:137} INFO - [2023-07-11T21:11:44.233+0000] {dag.py:3441} INFO - Setting next_dagrun for dataset_produces_1 to 2023-07-10T00:00:00+00:00, run_after=2023-07-11T00:00:00+00:00
[2023-07-11T21:11:44.235+0000] {logging_mixin.py:137} INFO - [2023-07-11T21:11:44.235+0000] {dag.py:3441} INFO - Setting next_dagrun for dataset_produces_2 to None, run_after=None
[2023-07-11T21:11:44.266+0000] {processor.py:175} INFO - Processing /home/airflow/.local/lib/python3.7/site-packages/airflow/example_dags/example_datasets.py took 0.123 seconds
[2023-07-11T22:36:25.147+0000] {processor.py:153} INFO - Started process (PID=92929) to work on /home/airflow/.local/lib/python3.7/site-packages/airflow/example_dags/example_datasets.py
[2023-07-11T22:36:25.149+0000] {processor.py:743} INFO - Processing file /home/airflow/.local/lib/python3.7/site-packages/airflow/example_dags/example_datasets.py for tasks to queue
[2023-07-11T22:36:25.151+0000] {logging_mixin.py:137} INFO - [2023-07-11T22:36:25.151+0000] {dagbag.py:538} INFO - Filling up the DagBag from /home/airflow/.local/lib/python3.7/site-packages/airflow/example_dags/example_datasets.py
[2023-07-11T22:36:25.171+0000] {processor.py:753} INFO - DAG(s) dict_keys(['dataset_produces_1', 'dataset_consumes_1_never_scheduled', 'dataset_consumes_1', 'dataset_produces_2', 'dataset_consumes_unknown_never_scheduled', 'dataset_consumes_1_and_2']) retrieved from /home/airflow/.local/lib/python3.7/site-packages/airflow/example_dags/example_datasets.py
[2023-07-11T22:36:25.205+0000] {logging_mixin.py:137} INFO - [2023-07-11T22:36:25.205+0000] {dag.py:2690} INFO - Sync 6 DAGs
[2023-07-11T22:36:25.225+0000] {logging_mixin.py:137} INFO - [2023-07-11T22:36:25.225+0000] {dag.py:3441} INFO - Setting next_dagrun for dataset_consumes_1 to None, run_after=None
[2023-07-11T22:36:25.228+0000] {logging_mixin.py:137} INFO - [2023-07-11T22:36:25.228+0000] {dag.py:3441} INFO - Setting next_dagrun for dataset_consumes_1_and_2 to None, run_after=None
[2023-07-11T22:36:25.230+0000] {logging_mixin.py:137} INFO - [2023-07-11T22:36:25.230+0000] {dag.py:3441} INFO - Setting next_dagrun for dataset_consumes_1_never_scheduled to None, run_after=None
[2023-07-11T22:36:25.232+0000] {logging_mixin.py:137} INFO - [2023-07-11T22:36:25.232+0000] {dag.py:3441} INFO - Setting next_dagrun for dataset_consumes_unknown_never_scheduled to None, run_after=None
[2023-07-11T22:36:25.235+0000] {logging_mixin.py:137} INFO - [2023-07-11T22:36:25.235+0000] {dag.py:3441} INFO - Setting next_dagrun for dataset_produces_1 to 2023-07-10T00:00:00+00:00, run_after=2023-07-11T00:00:00+00:00
[2023-07-11T22:36:25.237+0000] {logging_mixin.py:137} INFO - [2023-07-11T22:36:25.237+0000] {dag.py:3441} INFO - Setting next_dagrun for dataset_produces_2 to None, run_after=None
[2023-07-11T22:36:25.266+0000] {processor.py:175} INFO - Processing /home/airflow/.local/lib/python3.7/site-packages/airflow/example_dags/example_datasets.py took 0.123 seconds
[2023-07-11T23:58:57.236+0000] {processor.py:153} INFO - Started process (PID=93000) to work on /home/airflow/.local/lib/python3.7/site-packages/airflow/example_dags/example_datasets.py
[2023-07-11T23:58:57.237+0000] {processor.py:743} INFO - Processing file /home/airflow/.local/lib/python3.7/site-packages/airflow/example_dags/example_datasets.py for tasks to queue
[2023-07-11T23:58:57.239+0000] {logging_mixin.py:137} INFO - [2023-07-11T23:58:57.238+0000] {dagbag.py:538} INFO - Filling up the DagBag from /home/airflow/.local/lib/python3.7/site-packages/airflow/example_dags/example_datasets.py
[2023-07-11T23:58:57.255+0000] {processor.py:753} INFO - DAG(s) dict_keys(['dataset_consumes_1_and_2', 'dataset_consumes_1', 'dataset_consumes_unknown_never_scheduled', 'dataset_produces_1', 'dataset_consumes_1_never_scheduled', 'dataset_produces_2']) retrieved from /home/airflow/.local/lib/python3.7/site-packages/airflow/example_dags/example_datasets.py
[2023-07-11T23:58:57.290+0000] {logging_mixin.py:137} INFO - [2023-07-11T23:58:57.290+0000] {dag.py:2690} INFO - Sync 6 DAGs
[2023-07-11T23:58:57.311+0000] {logging_mixin.py:137} INFO - [2023-07-11T23:58:57.311+0000] {dag.py:3441} INFO - Setting next_dagrun for dataset_consumes_1 to None, run_after=None
[2023-07-11T23:58:57.314+0000] {logging_mixin.py:137} INFO - [2023-07-11T23:58:57.314+0000] {dag.py:3441} INFO - Setting next_dagrun for dataset_consumes_1_and_2 to None, run_after=None
[2023-07-11T23:58:57.316+0000] {logging_mixin.py:137} INFO - [2023-07-11T23:58:57.316+0000] {dag.py:3441} INFO - Setting next_dagrun for dataset_consumes_1_never_scheduled to None, run_after=None
[2023-07-11T23:58:57.317+0000] {logging_mixin.py:137} INFO - [2023-07-11T23:58:57.317+0000] {dag.py:3441} INFO - Setting next_dagrun for dataset_consumes_unknown_never_scheduled to None, run_after=None
[2023-07-11T23:58:57.320+0000] {logging_mixin.py:137} INFO - [2023-07-11T23:58:57.320+0000] {dag.py:3441} INFO - Setting next_dagrun for dataset_produces_1 to 2023-07-10T00:00:00+00:00, run_after=2023-07-11T00:00:00+00:00
[2023-07-11T23:58:57.321+0000] {logging_mixin.py:137} INFO - [2023-07-11T23:58:57.321+0000] {dag.py:3441} INFO - Setting next_dagrun for dataset_produces_2 to None, run_after=None
[2023-07-11T23:58:57.347+0000] {processor.py:175} INFO - Processing /home/airflow/.local/lib/python3.7/site-packages/airflow/example_dags/example_datasets.py took 0.114 seconds
