[2023-07-02T19:23:41.609+0000] {taskinstance.py:1083} INFO - Dependencies all met for <TaskInstance: multiple.multiplication scheduled__2022-12-31T00:00:00+00:00 [queued]>
[2023-07-02T19:23:41.646+0000] {taskinstance.py:1083} INFO - Dependencies all met for <TaskInstance: multiple.multiplication scheduled__2022-12-31T00:00:00+00:00 [queued]>
[2023-07-02T19:23:41.648+0000] {taskinstance.py:1279} INFO - 
--------------------------------------------------------------------------------
[2023-07-02T19:23:41.649+0000] {taskinstance.py:1280} INFO - Starting attempt 1 of 4
[2023-07-02T19:23:41.650+0000] {taskinstance.py:1281} INFO - 
--------------------------------------------------------------------------------
[2023-07-02T19:23:41.689+0000] {taskinstance.py:1300} INFO - Executing <Task(PythonOperator): multiplication> on 2022-12-31 00:00:00+00:00
[2023-07-02T19:23:41.710+0000] {standard_task_runner.py:55} INFO - Started process 4359 to run task
[2023-07-02T19:23:41.752+0000] {standard_task_runner.py:82} INFO - Running: ['***', 'tasks', 'run', 'multiple', 'multiplication', 'scheduled__2022-12-31T00:00:00+00:00', '--job-id', '3378', '--raw', '--subdir', 'DAGS_FOLDER/desmond.py', '--cfg-path', '/tmp/tmpe8sc2xtq']
[2023-07-02T19:23:41.759+0000] {standard_task_runner.py:83} INFO - Job 3378: Subtask multiplication
[2023-07-02T19:23:41.972+0000] {task_command.py:388} INFO - Running <TaskInstance: multiple.multiplication scheduled__2022-12-31T00:00:00+00:00 [running]> on host 25f6b46723d1
[2023-07-02T19:23:42.141+0000] {taskinstance.py:1509} INFO - Exporting the following env vars:
AIRFLOW_CTX_DAG_OWNER=***
AIRFLOW_CTX_DAG_ID=multiple
AIRFLOW_CTX_TASK_ID=multiplication
AIRFLOW_CTX_EXECUTION_DATE=2022-12-31T00:00:00+00:00
AIRFLOW_CTX_TRY_NUMBER=1
AIRFLOW_CTX_DAG_RUN_ID=scheduled__2022-12-31T00:00:00+00:00
[2023-07-02T19:23:42.144+0000] {logging_mixin.py:137} INFO - 50
[2023-07-02T19:23:42.145+0000] {python.py:177} INFO - Done. Returned value was: None
[2023-07-02T19:23:42.157+0000] {taskinstance.py:1323} INFO - Marking task as SUCCESS. dag_id=multiple, task_id=multiplication, execution_date=20221231T000000, start_date=20230702T192341, end_date=20230702T192342
[2023-07-02T19:23:42.230+0000] {local_task_job.py:208} INFO - Task exited with return code 0
[2023-07-02T19:23:42.253+0000] {taskinstance.py:2578} INFO - 0 downstream tasks scheduled from follow-on schedule check
