[2023-11-13T00:00:03.799+0000] {taskinstance.py:1083} INFO - Dependencies all met for <TaskInstance: addition.addition scheduled__2023-11-12T00:00:00+00:00 [queued]>
[2023-11-13T00:00:03.839+0000] {taskinstance.py:1083} INFO - Dependencies all met for <TaskInstance: addition.addition scheduled__2023-11-12T00:00:00+00:00 [queued]>
[2023-11-13T00:00:03.841+0000] {taskinstance.py:1279} INFO - 
--------------------------------------------------------------------------------
[2023-11-13T00:00:03.842+0000] {taskinstance.py:1280} INFO - Starting attempt 1 of 4
[2023-11-13T00:00:03.844+0000] {taskinstance.py:1281} INFO - 
--------------------------------------------------------------------------------
[2023-11-13T00:00:03.923+0000] {taskinstance.py:1300} INFO - Executing <Task(PythonOperator): addition> on 2023-11-12 00:00:00+00:00
[2023-11-13T00:00:03.933+0000] {standard_task_runner.py:55} INFO - Started process 91791 to run task
[2023-11-13T00:00:03.942+0000] {standard_task_runner.py:82} INFO - Running: ['***', 'tasks', 'run', 'addition', 'addition', 'scheduled__2023-11-12T00:00:00+00:00', '--job-id', '5618', '--raw', '--subdir', 'DAGS_FOLDER/mayor.py', '--cfg-path', '/tmp/tmpl4ejvjbi']
[2023-11-13T00:00:03.945+0000] {standard_task_runner.py:83} INFO - Job 5618: Subtask addition
[2023-11-13T00:00:04.107+0000] {task_command.py:388} INFO - Running <TaskInstance: addition.addition scheduled__2023-11-12T00:00:00+00:00 [running]> on host 25f6b46723d1
[2023-11-13T00:00:04.356+0000] {taskinstance.py:1509} INFO - Exporting the following env vars:
AIRFLOW_CTX_DAG_OWNER=***
AIRFLOW_CTX_DAG_ID=addition
AIRFLOW_CTX_TASK_ID=addition
AIRFLOW_CTX_EXECUTION_DATE=2023-11-12T00:00:00+00:00
AIRFLOW_CTX_TRY_NUMBER=1
AIRFLOW_CTX_DAG_RUN_ID=scheduled__2023-11-12T00:00:00+00:00
[2023-11-13T00:00:04.361+0000] {logging_mixin.py:137} INFO - 9
[2023-11-13T00:00:04.363+0000] {python.py:177} INFO - Done. Returned value was: None
[2023-11-13T00:00:04.379+0000] {taskinstance.py:1323} INFO - Marking task as SUCCESS. dag_id=addition, task_id=addition, execution_date=20231112T000000, start_date=20231113T000003, end_date=20231113T000004
[2023-11-13T00:00:04.509+0000] {local_task_job.py:208} INFO - Task exited with return code 0
[2023-11-13T00:00:04.549+0000] {taskinstance.py:2578} INFO - 0 downstream tasks scheduled from follow-on schedule check
