[2023-06-03T00:32:05.011+0000] {processor.py:153} INFO - Started process (PID=80857) to work on /home/airflow/.local/lib/python3.7/site-packages/airflow/example_dags/example_local_kubernetes_executor.py
[2023-06-03T00:32:05.012+0000] {processor.py:743} INFO - Processing file /home/airflow/.local/lib/python3.7/site-packages/airflow/example_dags/example_local_kubernetes_executor.py for tasks to queue
[2023-06-03T00:32:05.013+0000] {logging_mixin.py:137} INFO - [2023-06-03T00:32:05.013+0000] {dagbag.py:538} INFO - Filling up the DagBag from /home/airflow/.local/lib/python3.7/site-packages/airflow/example_dags/example_local_kubernetes_executor.py
[2023-06-03T00:32:05.041+0000] {processor.py:753} INFO - DAG(s) dict_keys(['example_local_kubernetes_executor']) retrieved from /home/airflow/.local/lib/python3.7/site-packages/airflow/example_dags/example_local_kubernetes_executor.py
[2023-06-03T00:32:05.091+0000] {logging_mixin.py:137} INFO - [2023-06-03T00:32:05.091+0000] {dag.py:2690} INFO - Sync 1 DAGs
[2023-06-03T00:32:05.110+0000] {logging_mixin.py:137} INFO - [2023-06-03T00:32:05.110+0000] {dag.py:3441} INFO - Setting next_dagrun for example_local_kubernetes_executor to None, run_after=None
[2023-06-03T00:32:05.126+0000] {processor.py:175} INFO - Processing /home/airflow/.local/lib/python3.7/site-packages/airflow/example_dags/example_local_kubernetes_executor.py took 0.119 seconds
[2023-06-03T01:53:37.423+0000] {processor.py:153} INFO - Started process (PID=80940) to work on /home/airflow/.local/lib/python3.7/site-packages/airflow/example_dags/example_local_kubernetes_executor.py
[2023-06-03T01:53:37.425+0000] {processor.py:743} INFO - Processing file /home/airflow/.local/lib/python3.7/site-packages/airflow/example_dags/example_local_kubernetes_executor.py for tasks to queue
[2023-06-03T01:53:37.426+0000] {logging_mixin.py:137} INFO - [2023-06-03T01:53:37.426+0000] {dagbag.py:538} INFO - Filling up the DagBag from /home/airflow/.local/lib/python3.7/site-packages/airflow/example_dags/example_local_kubernetes_executor.py
[2023-06-03T01:53:37.450+0000] {processor.py:753} INFO - DAG(s) dict_keys(['example_local_kubernetes_executor']) retrieved from /home/airflow/.local/lib/python3.7/site-packages/airflow/example_dags/example_local_kubernetes_executor.py
[2023-06-03T01:53:37.477+0000] {logging_mixin.py:137} INFO - [2023-06-03T01:53:37.477+0000] {dag.py:2690} INFO - Sync 1 DAGs
[2023-06-03T01:53:37.499+0000] {logging_mixin.py:137} INFO - [2023-06-03T01:53:37.499+0000] {dag.py:3441} INFO - Setting next_dagrun for example_local_kubernetes_executor to None, run_after=None
[2023-06-03T01:53:37.516+0000] {processor.py:175} INFO - Processing /home/airflow/.local/lib/python3.7/site-packages/airflow/example_dags/example_local_kubernetes_executor.py took 0.097 seconds
[2023-06-03T03:14:37.096+0000] {processor.py:153} INFO - Started process (PID=81011) to work on /home/airflow/.local/lib/python3.7/site-packages/airflow/example_dags/example_local_kubernetes_executor.py
[2023-06-03T03:14:37.108+0000] {processor.py:743} INFO - Processing file /home/airflow/.local/lib/python3.7/site-packages/airflow/example_dags/example_local_kubernetes_executor.py for tasks to queue
[2023-06-03T03:14:37.110+0000] {logging_mixin.py:137} INFO - [2023-06-03T03:14:37.110+0000] {dagbag.py:538} INFO - Filling up the DagBag from /home/airflow/.local/lib/python3.7/site-packages/airflow/example_dags/example_local_kubernetes_executor.py
[2023-06-03T03:14:37.144+0000] {processor.py:753} INFO - DAG(s) dict_keys(['example_local_kubernetes_executor']) retrieved from /home/airflow/.local/lib/python3.7/site-packages/airflow/example_dags/example_local_kubernetes_executor.py
[2023-06-03T03:14:37.185+0000] {logging_mixin.py:137} INFO - [2023-06-03T03:14:37.185+0000] {dag.py:2690} INFO - Sync 1 DAGs
[2023-06-03T03:14:37.206+0000] {logging_mixin.py:137} INFO - [2023-06-03T03:14:37.206+0000] {dag.py:3441} INFO - Setting next_dagrun for example_local_kubernetes_executor to None, run_after=None
[2023-06-03T03:14:37.221+0000] {processor.py:175} INFO - Processing /home/airflow/.local/lib/python3.7/site-packages/airflow/example_dags/example_local_kubernetes_executor.py took 0.135 seconds
[2023-06-03T04:37:21.793+0000] {processor.py:153} INFO - Started process (PID=81093) to work on /home/airflow/.local/lib/python3.7/site-packages/airflow/example_dags/example_local_kubernetes_executor.py
[2023-06-03T04:37:21.796+0000] {processor.py:743} INFO - Processing file /home/airflow/.local/lib/python3.7/site-packages/airflow/example_dags/example_local_kubernetes_executor.py for tasks to queue
[2023-06-03T04:37:21.797+0000] {logging_mixin.py:137} INFO - [2023-06-03T04:37:21.797+0000] {dagbag.py:538} INFO - Filling up the DagBag from /home/airflow/.local/lib/python3.7/site-packages/airflow/example_dags/example_local_kubernetes_executor.py
[2023-06-03T04:37:21.818+0000] {processor.py:753} INFO - DAG(s) dict_keys(['example_local_kubernetes_executor']) retrieved from /home/airflow/.local/lib/python3.7/site-packages/airflow/example_dags/example_local_kubernetes_executor.py
[2023-06-03T04:37:21.846+0000] {logging_mixin.py:137} INFO - [2023-06-03T04:37:21.846+0000] {dag.py:2690} INFO - Sync 1 DAGs
[2023-06-03T04:37:21.864+0000] {logging_mixin.py:137} INFO - [2023-06-03T04:37:21.864+0000] {dag.py:3441} INFO - Setting next_dagrun for example_local_kubernetes_executor to None, run_after=None
[2023-06-03T04:37:21.877+0000] {processor.py:175} INFO - Processing /home/airflow/.local/lib/python3.7/site-packages/airflow/example_dags/example_local_kubernetes_executor.py took 0.087 seconds
[2023-06-03T05:41:53.021+0000] {processor.py:153} INFO - Started process (PID=81172) to work on /home/airflow/.local/lib/python3.7/site-packages/airflow/example_dags/example_local_kubernetes_executor.py
[2023-06-03T05:41:53.024+0000] {processor.py:743} INFO - Processing file /home/airflow/.local/lib/python3.7/site-packages/airflow/example_dags/example_local_kubernetes_executor.py for tasks to queue
[2023-06-03T05:41:53.025+0000] {logging_mixin.py:137} INFO - [2023-06-03T05:41:53.025+0000] {dagbag.py:538} INFO - Filling up the DagBag from /home/airflow/.local/lib/python3.7/site-packages/airflow/example_dags/example_local_kubernetes_executor.py
[2023-06-03T05:41:53.051+0000] {processor.py:753} INFO - DAG(s) dict_keys(['example_local_kubernetes_executor']) retrieved from /home/airflow/.local/lib/python3.7/site-packages/airflow/example_dags/example_local_kubernetes_executor.py
[2023-06-03T05:41:53.075+0000] {logging_mixin.py:137} INFO - [2023-06-03T05:41:53.075+0000] {dag.py:2690} INFO - Sync 1 DAGs
[2023-06-03T05:41:53.096+0000] {logging_mixin.py:137} INFO - [2023-06-03T05:41:53.096+0000] {dag.py:3441} INFO - Setting next_dagrun for example_local_kubernetes_executor to None, run_after=None
[2023-06-03T05:41:53.109+0000] {processor.py:175} INFO - Processing /home/airflow/.local/lib/python3.7/site-packages/airflow/example_dags/example_local_kubernetes_executor.py took 0.091 seconds
[2023-06-03T07:19:43.470+0000] {processor.py:153} INFO - Started process (PID=81246) to work on /home/airflow/.local/lib/python3.7/site-packages/airflow/example_dags/example_local_kubernetes_executor.py
[2023-06-03T07:19:43.472+0000] {processor.py:743} INFO - Processing file /home/airflow/.local/lib/python3.7/site-packages/airflow/example_dags/example_local_kubernetes_executor.py for tasks to queue
[2023-06-03T07:19:43.473+0000] {logging_mixin.py:137} INFO - [2023-06-03T07:19:43.473+0000] {dagbag.py:538} INFO - Filling up the DagBag from /home/airflow/.local/lib/python3.7/site-packages/airflow/example_dags/example_local_kubernetes_executor.py
[2023-06-03T07:19:43.490+0000] {processor.py:753} INFO - DAG(s) dict_keys(['example_local_kubernetes_executor']) retrieved from /home/airflow/.local/lib/python3.7/site-packages/airflow/example_dags/example_local_kubernetes_executor.py
[2023-06-03T07:19:43.512+0000] {logging_mixin.py:137} INFO - [2023-06-03T07:19:43.512+0000] {dag.py:2690} INFO - Sync 1 DAGs
[2023-06-03T07:19:43.532+0000] {logging_mixin.py:137} INFO - [2023-06-03T07:19:43.532+0000] {dag.py:3441} INFO - Setting next_dagrun for example_local_kubernetes_executor to None, run_after=None
[2023-06-03T07:19:43.548+0000] {processor.py:175} INFO - Processing /home/airflow/.local/lib/python3.7/site-packages/airflow/example_dags/example_local_kubernetes_executor.py took 0.081 seconds
[2023-06-03T08:23:31.479+0000] {processor.py:153} INFO - Started process (PID=81329) to work on /home/airflow/.local/lib/python3.7/site-packages/airflow/example_dags/example_local_kubernetes_executor.py
[2023-06-03T08:23:31.481+0000] {processor.py:743} INFO - Processing file /home/airflow/.local/lib/python3.7/site-packages/airflow/example_dags/example_local_kubernetes_executor.py for tasks to queue
[2023-06-03T08:23:31.482+0000] {logging_mixin.py:137} INFO - [2023-06-03T08:23:31.482+0000] {dagbag.py:538} INFO - Filling up the DagBag from /home/airflow/.local/lib/python3.7/site-packages/airflow/example_dags/example_local_kubernetes_executor.py
[2023-06-03T08:23:31.501+0000] {processor.py:753} INFO - DAG(s) dict_keys(['example_local_kubernetes_executor']) retrieved from /home/airflow/.local/lib/python3.7/site-packages/airflow/example_dags/example_local_kubernetes_executor.py
[2023-06-03T08:23:31.531+0000] {logging_mixin.py:137} INFO - [2023-06-03T08:23:31.531+0000] {dag.py:2690} INFO - Sync 1 DAGs
[2023-06-03T08:23:31.554+0000] {logging_mixin.py:137} INFO - [2023-06-03T08:23:31.554+0000] {dag.py:3441} INFO - Setting next_dagrun for example_local_kubernetes_executor to None, run_after=None
[2023-06-03T08:23:31.569+0000] {processor.py:175} INFO - Processing /home/airflow/.local/lib/python3.7/site-packages/airflow/example_dags/example_local_kubernetes_executor.py took 0.093 seconds
[2023-06-03T09:59:47.821+0000] {processor.py:153} INFO - Started process (PID=81400) to work on /home/airflow/.local/lib/python3.7/site-packages/airflow/example_dags/example_local_kubernetes_executor.py
[2023-06-03T09:59:47.823+0000] {processor.py:743} INFO - Processing file /home/airflow/.local/lib/python3.7/site-packages/airflow/example_dags/example_local_kubernetes_executor.py for tasks to queue
[2023-06-03T09:59:47.824+0000] {logging_mixin.py:137} INFO - [2023-06-03T09:59:47.824+0000] {dagbag.py:538} INFO - Filling up the DagBag from /home/airflow/.local/lib/python3.7/site-packages/airflow/example_dags/example_local_kubernetes_executor.py
[2023-06-03T09:59:47.843+0000] {processor.py:753} INFO - DAG(s) dict_keys(['example_local_kubernetes_executor']) retrieved from /home/airflow/.local/lib/python3.7/site-packages/airflow/example_dags/example_local_kubernetes_executor.py
[2023-06-03T09:59:47.866+0000] {logging_mixin.py:137} INFO - [2023-06-03T09:59:47.866+0000] {dag.py:2690} INFO - Sync 1 DAGs
[2023-06-03T09:59:47.885+0000] {logging_mixin.py:137} INFO - [2023-06-03T09:59:47.884+0000] {dag.py:3441} INFO - Setting next_dagrun for example_local_kubernetes_executor to None, run_after=None
[2023-06-03T09:59:47.902+0000] {processor.py:175} INFO - Processing /home/airflow/.local/lib/python3.7/site-packages/airflow/example_dags/example_local_kubernetes_executor.py took 0.083 seconds
[2023-06-03T11:22:56.513+0000] {processor.py:153} INFO - Started process (PID=81483) to work on /home/airflow/.local/lib/python3.7/site-packages/airflow/example_dags/example_local_kubernetes_executor.py
[2023-06-03T11:22:56.514+0000] {processor.py:743} INFO - Processing file /home/airflow/.local/lib/python3.7/site-packages/airflow/example_dags/example_local_kubernetes_executor.py for tasks to queue
[2023-06-03T11:22:56.515+0000] {logging_mixin.py:137} INFO - [2023-06-03T11:22:56.515+0000] {dagbag.py:538} INFO - Filling up the DagBag from /home/airflow/.local/lib/python3.7/site-packages/airflow/example_dags/example_local_kubernetes_executor.py
[2023-06-03T11:22:56.532+0000] {processor.py:753} INFO - DAG(s) dict_keys(['example_local_kubernetes_executor']) retrieved from /home/airflow/.local/lib/python3.7/site-packages/airflow/example_dags/example_local_kubernetes_executor.py
[2023-06-03T11:22:56.556+0000] {logging_mixin.py:137} INFO - [2023-06-03T11:22:56.556+0000] {dag.py:2690} INFO - Sync 1 DAGs
[2023-06-03T11:22:56.574+0000] {logging_mixin.py:137} INFO - [2023-06-03T11:22:56.574+0000] {dag.py:3441} INFO - Setting next_dagrun for example_local_kubernetes_executor to None, run_after=None
[2023-06-03T11:22:56.588+0000] {processor.py:175} INFO - Processing /home/airflow/.local/lib/python3.7/site-packages/airflow/example_dags/example_local_kubernetes_executor.py took 0.079 seconds
[2023-06-03T12:46:08.696+0000] {processor.py:153} INFO - Started process (PID=81566) to work on /home/airflow/.local/lib/python3.7/site-packages/airflow/example_dags/example_local_kubernetes_executor.py
[2023-06-03T12:46:08.698+0000] {processor.py:743} INFO - Processing file /home/airflow/.local/lib/python3.7/site-packages/airflow/example_dags/example_local_kubernetes_executor.py for tasks to queue
[2023-06-03T12:46:08.699+0000] {logging_mixin.py:137} INFO - [2023-06-03T12:46:08.699+0000] {dagbag.py:538} INFO - Filling up the DagBag from /home/airflow/.local/lib/python3.7/site-packages/airflow/example_dags/example_local_kubernetes_executor.py
[2023-06-03T12:46:08.717+0000] {processor.py:753} INFO - DAG(s) dict_keys(['example_local_kubernetes_executor']) retrieved from /home/airflow/.local/lib/python3.7/site-packages/airflow/example_dags/example_local_kubernetes_executor.py
[2023-06-03T12:46:08.748+0000] {logging_mixin.py:137} INFO - [2023-06-03T12:46:08.748+0000] {dag.py:2690} INFO - Sync 1 DAGs
[2023-06-03T12:46:08.769+0000] {logging_mixin.py:137} INFO - [2023-06-03T12:46:08.769+0000] {dag.py:3441} INFO - Setting next_dagrun for example_local_kubernetes_executor to None, run_after=None
[2023-06-03T12:46:08.785+0000] {processor.py:175} INFO - Processing /home/airflow/.local/lib/python3.7/site-packages/airflow/example_dags/example_local_kubernetes_executor.py took 0.091 seconds
[2023-06-03T14:10:13.049+0000] {processor.py:153} INFO - Started process (PID=81637) to work on /home/airflow/.local/lib/python3.7/site-packages/airflow/example_dags/example_local_kubernetes_executor.py
[2023-06-03T14:10:13.054+0000] {processor.py:743} INFO - Processing file /home/airflow/.local/lib/python3.7/site-packages/airflow/example_dags/example_local_kubernetes_executor.py for tasks to queue
[2023-06-03T14:10:13.056+0000] {logging_mixin.py:137} INFO - [2023-06-03T14:10:13.055+0000] {dagbag.py:538} INFO - Filling up the DagBag from /home/airflow/.local/lib/python3.7/site-packages/airflow/example_dags/example_local_kubernetes_executor.py
[2023-06-03T14:10:13.100+0000] {processor.py:753} INFO - DAG(s) dict_keys(['example_local_kubernetes_executor']) retrieved from /home/airflow/.local/lib/python3.7/site-packages/airflow/example_dags/example_local_kubernetes_executor.py
[2023-06-03T14:10:13.145+0000] {logging_mixin.py:137} INFO - [2023-06-03T14:10:13.145+0000] {dag.py:2690} INFO - Sync 1 DAGs
[2023-06-03T14:10:13.200+0000] {logging_mixin.py:137} INFO - [2023-06-03T14:10:13.200+0000] {dag.py:3441} INFO - Setting next_dagrun for example_local_kubernetes_executor to None, run_after=None
[2023-06-03T14:10:13.232+0000] {processor.py:175} INFO - Processing /home/airflow/.local/lib/python3.7/site-packages/airflow/example_dags/example_local_kubernetes_executor.py took 0.187 seconds
[2023-06-03T15:32:53.038+0000] {processor.py:153} INFO - Started process (PID=81720) to work on /home/airflow/.local/lib/python3.7/site-packages/airflow/example_dags/example_local_kubernetes_executor.py
[2023-06-03T15:32:53.040+0000] {processor.py:743} INFO - Processing file /home/airflow/.local/lib/python3.7/site-packages/airflow/example_dags/example_local_kubernetes_executor.py for tasks to queue
[2023-06-03T15:32:53.041+0000] {logging_mixin.py:137} INFO - [2023-06-03T15:32:53.041+0000] {dagbag.py:538} INFO - Filling up the DagBag from /home/airflow/.local/lib/python3.7/site-packages/airflow/example_dags/example_local_kubernetes_executor.py
[2023-06-03T15:32:53.060+0000] {processor.py:753} INFO - DAG(s) dict_keys(['example_local_kubernetes_executor']) retrieved from /home/airflow/.local/lib/python3.7/site-packages/airflow/example_dags/example_local_kubernetes_executor.py
[2023-06-03T15:32:53.084+0000] {logging_mixin.py:137} INFO - [2023-06-03T15:32:53.083+0000] {dag.py:2690} INFO - Sync 1 DAGs
[2023-06-03T15:32:53.102+0000] {logging_mixin.py:137} INFO - [2023-06-03T15:32:53.102+0000] {dag.py:3441} INFO - Setting next_dagrun for example_local_kubernetes_executor to None, run_after=None
[2023-06-03T15:32:53.113+0000] {processor.py:175} INFO - Processing /home/airflow/.local/lib/python3.7/site-packages/airflow/example_dags/example_local_kubernetes_executor.py took 0.078 seconds
[2023-06-03T16:57:11.959+0000] {processor.py:153} INFO - Started process (PID=81791) to work on /home/airflow/.local/lib/python3.7/site-packages/airflow/example_dags/example_local_kubernetes_executor.py
[2023-06-03T16:57:11.962+0000] {processor.py:743} INFO - Processing file /home/airflow/.local/lib/python3.7/site-packages/airflow/example_dags/example_local_kubernetes_executor.py for tasks to queue
[2023-06-03T16:57:11.963+0000] {logging_mixin.py:137} INFO - [2023-06-03T16:57:11.963+0000] {dagbag.py:538} INFO - Filling up the DagBag from /home/airflow/.local/lib/python3.7/site-packages/airflow/example_dags/example_local_kubernetes_executor.py
[2023-06-03T16:57:11.986+0000] {processor.py:753} INFO - DAG(s) dict_keys(['example_local_kubernetes_executor']) retrieved from /home/airflow/.local/lib/python3.7/site-packages/airflow/example_dags/example_local_kubernetes_executor.py
[2023-06-03T16:57:12.010+0000] {logging_mixin.py:137} INFO - [2023-06-03T16:57:12.010+0000] {dag.py:2690} INFO - Sync 1 DAGs
[2023-06-03T16:57:12.026+0000] {logging_mixin.py:137} INFO - [2023-06-03T16:57:12.026+0000] {dag.py:3441} INFO - Setting next_dagrun for example_local_kubernetes_executor to None, run_after=None
[2023-06-03T16:57:12.038+0000] {processor.py:175} INFO - Processing /home/airflow/.local/lib/python3.7/site-packages/airflow/example_dags/example_local_kubernetes_executor.py took 0.082 seconds
[2023-06-03T18:19:39.542+0000] {processor.py:153} INFO - Started process (PID=81874) to work on /home/airflow/.local/lib/python3.7/site-packages/airflow/example_dags/example_local_kubernetes_executor.py
[2023-06-03T18:19:39.544+0000] {processor.py:743} INFO - Processing file /home/airflow/.local/lib/python3.7/site-packages/airflow/example_dags/example_local_kubernetes_executor.py for tasks to queue
[2023-06-03T18:19:39.545+0000] {logging_mixin.py:137} INFO - [2023-06-03T18:19:39.545+0000] {dagbag.py:538} INFO - Filling up the DagBag from /home/airflow/.local/lib/python3.7/site-packages/airflow/example_dags/example_local_kubernetes_executor.py
[2023-06-03T18:19:39.563+0000] {processor.py:753} INFO - DAG(s) dict_keys(['example_local_kubernetes_executor']) retrieved from /home/airflow/.local/lib/python3.7/site-packages/airflow/example_dags/example_local_kubernetes_executor.py
[2023-06-03T18:19:39.588+0000] {logging_mixin.py:137} INFO - [2023-06-03T18:19:39.588+0000] {dag.py:2690} INFO - Sync 1 DAGs
[2023-06-03T18:19:39.606+0000] {logging_mixin.py:137} INFO - [2023-06-03T18:19:39.606+0000] {dag.py:3441} INFO - Setting next_dagrun for example_local_kubernetes_executor to None, run_after=None
[2023-06-03T18:19:39.618+0000] {processor.py:175} INFO - Processing /home/airflow/.local/lib/python3.7/site-packages/airflow/example_dags/example_local_kubernetes_executor.py took 0.079 seconds
[2023-06-03T19:42:55.436+0000] {processor.py:153} INFO - Started process (PID=81958) to work on /home/airflow/.local/lib/python3.7/site-packages/airflow/example_dags/example_local_kubernetes_executor.py
[2023-06-03T19:42:55.439+0000] {processor.py:743} INFO - Processing file /home/airflow/.local/lib/python3.7/site-packages/airflow/example_dags/example_local_kubernetes_executor.py for tasks to queue
[2023-06-03T19:42:55.440+0000] {logging_mixin.py:137} INFO - [2023-06-03T19:42:55.440+0000] {dagbag.py:538} INFO - Filling up the DagBag from /home/airflow/.local/lib/python3.7/site-packages/airflow/example_dags/example_local_kubernetes_executor.py
[2023-06-03T19:42:55.459+0000] {processor.py:753} INFO - DAG(s) dict_keys(['example_local_kubernetes_executor']) retrieved from /home/airflow/.local/lib/python3.7/site-packages/airflow/example_dags/example_local_kubernetes_executor.py
[2023-06-03T19:42:55.484+0000] {logging_mixin.py:137} INFO - [2023-06-03T19:42:55.483+0000] {dag.py:2690} INFO - Sync 1 DAGs
[2023-06-03T19:42:55.503+0000] {logging_mixin.py:137} INFO - [2023-06-03T19:42:55.503+0000] {dag.py:3441} INFO - Setting next_dagrun for example_local_kubernetes_executor to None, run_after=None
[2023-06-03T19:42:55.517+0000] {processor.py:175} INFO - Processing /home/airflow/.local/lib/python3.7/site-packages/airflow/example_dags/example_local_kubernetes_executor.py took 0.085 seconds
[2023-06-03T21:03:55.383+0000] {processor.py:153} INFO - Started process (PID=82029) to work on /home/airflow/.local/lib/python3.7/site-packages/airflow/example_dags/example_local_kubernetes_executor.py
[2023-06-03T21:03:55.385+0000] {processor.py:743} INFO - Processing file /home/airflow/.local/lib/python3.7/site-packages/airflow/example_dags/example_local_kubernetes_executor.py for tasks to queue
[2023-06-03T21:03:55.386+0000] {logging_mixin.py:137} INFO - [2023-06-03T21:03:55.386+0000] {dagbag.py:538} INFO - Filling up the DagBag from /home/airflow/.local/lib/python3.7/site-packages/airflow/example_dags/example_local_kubernetes_executor.py
[2023-06-03T21:03:55.403+0000] {processor.py:753} INFO - DAG(s) dict_keys(['example_local_kubernetes_executor']) retrieved from /home/airflow/.local/lib/python3.7/site-packages/airflow/example_dags/example_local_kubernetes_executor.py
[2023-06-03T21:03:55.429+0000] {logging_mixin.py:137} INFO - [2023-06-03T21:03:55.429+0000] {dag.py:2690} INFO - Sync 1 DAGs
[2023-06-03T21:03:55.448+0000] {logging_mixin.py:137} INFO - [2023-06-03T21:03:55.448+0000] {dag.py:3441} INFO - Setting next_dagrun for example_local_kubernetes_executor to None, run_after=None
[2023-06-03T21:03:55.461+0000] {processor.py:175} INFO - Processing /home/airflow/.local/lib/python3.7/site-packages/airflow/example_dags/example_local_kubernetes_executor.py took 0.080 seconds
[2023-06-03T21:51:36.012+0000] {processor.py:153} INFO - Started process (PID=82111) to work on /home/airflow/.local/lib/python3.7/site-packages/airflow/example_dags/example_local_kubernetes_executor.py
[2023-06-03T21:51:36.014+0000] {processor.py:743} INFO - Processing file /home/airflow/.local/lib/python3.7/site-packages/airflow/example_dags/example_local_kubernetes_executor.py for tasks to queue
[2023-06-03T21:51:36.015+0000] {logging_mixin.py:137} INFO - [2023-06-03T21:51:36.015+0000] {dagbag.py:538} INFO - Filling up the DagBag from /home/airflow/.local/lib/python3.7/site-packages/airflow/example_dags/example_local_kubernetes_executor.py
[2023-06-03T21:51:36.033+0000] {processor.py:753} INFO - DAG(s) dict_keys(['example_local_kubernetes_executor']) retrieved from /home/airflow/.local/lib/python3.7/site-packages/airflow/example_dags/example_local_kubernetes_executor.py
[2023-06-03T21:51:36.058+0000] {logging_mixin.py:137} INFO - [2023-06-03T21:51:36.058+0000] {dag.py:2690} INFO - Sync 1 DAGs
[2023-06-03T21:51:36.077+0000] {logging_mixin.py:137} INFO - [2023-06-03T21:51:36.077+0000] {dag.py:3441} INFO - Setting next_dagrun for example_local_kubernetes_executor to None, run_after=None
[2023-06-03T21:51:36.089+0000] {processor.py:175} INFO - Processing /home/airflow/.local/lib/python3.7/site-packages/airflow/example_dags/example_local_kubernetes_executor.py took 0.080 seconds
[2023-06-03T21:52:06.382+0000] {processor.py:153} INFO - Started process (PID=82192) to work on /home/airflow/.local/lib/python3.7/site-packages/airflow/example_dags/example_local_kubernetes_executor.py
[2023-06-03T21:52:06.384+0000] {processor.py:743} INFO - Processing file /home/airflow/.local/lib/python3.7/site-packages/airflow/example_dags/example_local_kubernetes_executor.py for tasks to queue
[2023-06-03T21:52:06.385+0000] {logging_mixin.py:137} INFO - [2023-06-03T21:52:06.385+0000] {dagbag.py:538} INFO - Filling up the DagBag from /home/airflow/.local/lib/python3.7/site-packages/airflow/example_dags/example_local_kubernetes_executor.py
[2023-06-03T21:52:06.405+0000] {processor.py:753} INFO - DAG(s) dict_keys(['example_local_kubernetes_executor']) retrieved from /home/airflow/.local/lib/python3.7/site-packages/airflow/example_dags/example_local_kubernetes_executor.py
[2023-06-03T21:52:06.436+0000] {logging_mixin.py:137} INFO - [2023-06-03T21:52:06.436+0000] {dag.py:2690} INFO - Sync 1 DAGs
[2023-06-03T21:52:06.454+0000] {logging_mixin.py:137} INFO - [2023-06-03T21:52:06.454+0000] {dag.py:3441} INFO - Setting next_dagrun for example_local_kubernetes_executor to None, run_after=None
[2023-06-03T21:52:06.468+0000] {processor.py:175} INFO - Processing /home/airflow/.local/lib/python3.7/site-packages/airflow/example_dags/example_local_kubernetes_executor.py took 0.089 seconds
[2023-06-03T21:52:36.546+0000] {processor.py:153} INFO - Started process (PID=82266) to work on /home/airflow/.local/lib/python3.7/site-packages/airflow/example_dags/example_local_kubernetes_executor.py
[2023-06-03T21:52:36.548+0000] {processor.py:743} INFO - Processing file /home/airflow/.local/lib/python3.7/site-packages/airflow/example_dags/example_local_kubernetes_executor.py for tasks to queue
[2023-06-03T21:52:36.549+0000] {logging_mixin.py:137} INFO - [2023-06-03T21:52:36.549+0000] {dagbag.py:538} INFO - Filling up the DagBag from /home/airflow/.local/lib/python3.7/site-packages/airflow/example_dags/example_local_kubernetes_executor.py
[2023-06-03T21:52:36.566+0000] {processor.py:753} INFO - DAG(s) dict_keys(['example_local_kubernetes_executor']) retrieved from /home/airflow/.local/lib/python3.7/site-packages/airflow/example_dags/example_local_kubernetes_executor.py
[2023-06-03T21:52:36.589+0000] {logging_mixin.py:137} INFO - [2023-06-03T21:52:36.589+0000] {dag.py:2690} INFO - Sync 1 DAGs
[2023-06-03T21:52:36.606+0000] {logging_mixin.py:137} INFO - [2023-06-03T21:52:36.606+0000] {dag.py:3441} INFO - Setting next_dagrun for example_local_kubernetes_executor to None, run_after=None
[2023-06-03T21:52:36.620+0000] {processor.py:175} INFO - Processing /home/airflow/.local/lib/python3.7/site-packages/airflow/example_dags/example_local_kubernetes_executor.py took 0.077 seconds
[2023-06-03T21:53:07.499+0000] {processor.py:153} INFO - Started process (PID=82349) to work on /home/airflow/.local/lib/python3.7/site-packages/airflow/example_dags/example_local_kubernetes_executor.py
[2023-06-03T21:53:07.500+0000] {processor.py:743} INFO - Processing file /home/airflow/.local/lib/python3.7/site-packages/airflow/example_dags/example_local_kubernetes_executor.py for tasks to queue
[2023-06-03T21:53:07.501+0000] {logging_mixin.py:137} INFO - [2023-06-03T21:53:07.501+0000] {dagbag.py:538} INFO - Filling up the DagBag from /home/airflow/.local/lib/python3.7/site-packages/airflow/example_dags/example_local_kubernetes_executor.py
[2023-06-03T21:53:07.519+0000] {processor.py:753} INFO - DAG(s) dict_keys(['example_local_kubernetes_executor']) retrieved from /home/airflow/.local/lib/python3.7/site-packages/airflow/example_dags/example_local_kubernetes_executor.py
[2023-06-03T21:53:07.542+0000] {logging_mixin.py:137} INFO - [2023-06-03T21:53:07.541+0000] {dag.py:2690} INFO - Sync 1 DAGs
[2023-06-03T21:53:07.558+0000] {logging_mixin.py:137} INFO - [2023-06-03T21:53:07.557+0000] {dag.py:3441} INFO - Setting next_dagrun for example_local_kubernetes_executor to None, run_after=None
[2023-06-03T21:53:07.571+0000] {processor.py:175} INFO - Processing /home/airflow/.local/lib/python3.7/site-packages/airflow/example_dags/example_local_kubernetes_executor.py took 0.075 seconds
[2023-06-03T21:53:38.318+0000] {processor.py:153} INFO - Started process (PID=82432) to work on /home/airflow/.local/lib/python3.7/site-packages/airflow/example_dags/example_local_kubernetes_executor.py
[2023-06-03T21:53:38.319+0000] {processor.py:743} INFO - Processing file /home/airflow/.local/lib/python3.7/site-packages/airflow/example_dags/example_local_kubernetes_executor.py for tasks to queue
[2023-06-03T21:53:38.320+0000] {logging_mixin.py:137} INFO - [2023-06-03T21:53:38.320+0000] {dagbag.py:538} INFO - Filling up the DagBag from /home/airflow/.local/lib/python3.7/site-packages/airflow/example_dags/example_local_kubernetes_executor.py
[2023-06-03T21:53:38.338+0000] {processor.py:753} INFO - DAG(s) dict_keys(['example_local_kubernetes_executor']) retrieved from /home/airflow/.local/lib/python3.7/site-packages/airflow/example_dags/example_local_kubernetes_executor.py
[2023-06-03T21:53:38.361+0000] {logging_mixin.py:137} INFO - [2023-06-03T21:53:38.361+0000] {dag.py:2690} INFO - Sync 1 DAGs
[2023-06-03T21:53:38.377+0000] {logging_mixin.py:137} INFO - [2023-06-03T21:53:38.377+0000] {dag.py:3441} INFO - Setting next_dagrun for example_local_kubernetes_executor to None, run_after=None
[2023-06-03T21:53:38.391+0000] {processor.py:175} INFO - Processing /home/airflow/.local/lib/python3.7/site-packages/airflow/example_dags/example_local_kubernetes_executor.py took 0.076 seconds
[2023-06-03T21:54:09.857+0000] {processor.py:153} INFO - Started process (PID=82503) to work on /home/airflow/.local/lib/python3.7/site-packages/airflow/example_dags/example_local_kubernetes_executor.py
[2023-06-03T21:54:09.862+0000] {processor.py:743} INFO - Processing file /home/airflow/.local/lib/python3.7/site-packages/airflow/example_dags/example_local_kubernetes_executor.py for tasks to queue
[2023-06-03T21:54:09.864+0000] {logging_mixin.py:137} INFO - [2023-06-03T21:54:09.864+0000] {dagbag.py:538} INFO - Filling up the DagBag from /home/airflow/.local/lib/python3.7/site-packages/airflow/example_dags/example_local_kubernetes_executor.py
[2023-06-03T21:54:09.889+0000] {processor.py:753} INFO - DAG(s) dict_keys(['example_local_kubernetes_executor']) retrieved from /home/airflow/.local/lib/python3.7/site-packages/airflow/example_dags/example_local_kubernetes_executor.py
[2023-06-03T21:54:09.917+0000] {logging_mixin.py:137} INFO - [2023-06-03T21:54:09.917+0000] {dag.py:2690} INFO - Sync 1 DAGs
[2023-06-03T21:54:09.950+0000] {logging_mixin.py:137} INFO - [2023-06-03T21:54:09.950+0000] {dag.py:3441} INFO - Setting next_dagrun for example_local_kubernetes_executor to None, run_after=None
[2023-06-03T21:54:09.995+0000] {processor.py:175} INFO - Processing /home/airflow/.local/lib/python3.7/site-packages/airflow/example_dags/example_local_kubernetes_executor.py took 0.144 seconds
[2023-06-03T23:02:39.084+0000] {processor.py:153} INFO - Started process (PID=82587) to work on /home/airflow/.local/lib/python3.7/site-packages/airflow/example_dags/example_local_kubernetes_executor.py
[2023-06-03T23:02:39.086+0000] {processor.py:743} INFO - Processing file /home/airflow/.local/lib/python3.7/site-packages/airflow/example_dags/example_local_kubernetes_executor.py for tasks to queue
[2023-06-03T23:02:39.087+0000] {logging_mixin.py:137} INFO - [2023-06-03T23:02:39.086+0000] {dagbag.py:538} INFO - Filling up the DagBag from /home/airflow/.local/lib/python3.7/site-packages/airflow/example_dags/example_local_kubernetes_executor.py
[2023-06-03T23:02:39.105+0000] {processor.py:753} INFO - DAG(s) dict_keys(['example_local_kubernetes_executor']) retrieved from /home/airflow/.local/lib/python3.7/site-packages/airflow/example_dags/example_local_kubernetes_executor.py
[2023-06-03T23:02:39.134+0000] {logging_mixin.py:137} INFO - [2023-06-03T23:02:39.133+0000] {dag.py:2690} INFO - Sync 1 DAGs
[2023-06-03T23:02:39.154+0000] {logging_mixin.py:137} INFO - [2023-06-03T23:02:39.154+0000] {dag.py:3441} INFO - Setting next_dagrun for example_local_kubernetes_executor to None, run_after=None
[2023-06-03T23:02:39.168+0000] {processor.py:175} INFO - Processing /home/airflow/.local/lib/python3.7/site-packages/airflow/example_dags/example_local_kubernetes_executor.py took 0.087 seconds
[2023-06-03T23:31:20.923+0000] {processor.py:153} INFO - Started process (PID=82658) to work on /home/airflow/.local/lib/python3.7/site-packages/airflow/example_dags/example_local_kubernetes_executor.py
[2023-06-03T23:31:20.930+0000] {processor.py:743} INFO - Processing file /home/airflow/.local/lib/python3.7/site-packages/airflow/example_dags/example_local_kubernetes_executor.py for tasks to queue
[2023-06-03T23:31:20.933+0000] {logging_mixin.py:137} INFO - [2023-06-03T23:31:20.933+0000] {dagbag.py:538} INFO - Filling up the DagBag from /home/airflow/.local/lib/python3.7/site-packages/airflow/example_dags/example_local_kubernetes_executor.py
[2023-06-03T23:31:20.983+0000] {processor.py:753} INFO - DAG(s) dict_keys(['example_local_kubernetes_executor']) retrieved from /home/airflow/.local/lib/python3.7/site-packages/airflow/example_dags/example_local_kubernetes_executor.py
[2023-06-03T23:31:21.029+0000] {logging_mixin.py:137} INFO - [2023-06-03T23:31:21.029+0000] {dag.py:2690} INFO - Sync 1 DAGs
[2023-06-03T23:31:21.064+0000] {logging_mixin.py:137} INFO - [2023-06-03T23:31:21.064+0000] {dag.py:3441} INFO - Setting next_dagrun for example_local_kubernetes_executor to None, run_after=None
[2023-06-03T23:31:21.112+0000] {processor.py:175} INFO - Processing /home/airflow/.local/lib/python3.7/site-packages/airflow/example_dags/example_local_kubernetes_executor.py took 0.193 seconds
[2023-06-03T23:47:27.368+0000] {processor.py:153} INFO - Started process (PID=82741) to work on /home/airflow/.local/lib/python3.7/site-packages/airflow/example_dags/example_local_kubernetes_executor.py
[2023-06-03T23:47:27.371+0000] {processor.py:743} INFO - Processing file /home/airflow/.local/lib/python3.7/site-packages/airflow/example_dags/example_local_kubernetes_executor.py for tasks to queue
[2023-06-03T23:47:27.373+0000] {logging_mixin.py:137} INFO - [2023-06-03T23:47:27.373+0000] {dagbag.py:538} INFO - Filling up the DagBag from /home/airflow/.local/lib/python3.7/site-packages/airflow/example_dags/example_local_kubernetes_executor.py
[2023-06-03T23:47:27.392+0000] {processor.py:753} INFO - DAG(s) dict_keys(['example_local_kubernetes_executor']) retrieved from /home/airflow/.local/lib/python3.7/site-packages/airflow/example_dags/example_local_kubernetes_executor.py
[2023-06-03T23:47:27.422+0000] {logging_mixin.py:137} INFO - [2023-06-03T23:47:27.422+0000] {dag.py:2690} INFO - Sync 1 DAGs
[2023-06-03T23:47:27.441+0000] {logging_mixin.py:137} INFO - [2023-06-03T23:47:27.441+0000] {dag.py:3441} INFO - Setting next_dagrun for example_local_kubernetes_executor to None, run_after=None
[2023-06-03T23:47:27.455+0000] {processor.py:175} INFO - Processing /home/airflow/.local/lib/python3.7/site-packages/airflow/example_dags/example_local_kubernetes_executor.py took 0.090 seconds
