[2023-06-03T00:32:06.085+0000] {processor.py:153} INFO - Started process (PID=80866) to work on /home/airflow/.local/lib/python3.7/site-packages/airflow/example_dags/example_python_operator.py
[2023-06-03T00:32:06.086+0000] {processor.py:743} INFO - Processing file /home/airflow/.local/lib/python3.7/site-packages/airflow/example_dags/example_python_operator.py for tasks to queue
[2023-06-03T00:32:06.088+0000] {logging_mixin.py:137} INFO - [2023-06-03T00:32:06.088+0000] {dagbag.py:538} INFO - Filling up the DagBag from /home/airflow/.local/lib/python3.7/site-packages/airflow/example_dags/example_python_operator.py
[2023-06-03T00:32:06.102+0000] {logging_mixin.py:137} INFO - [2023-06-03T00:32:06.102+0000] {taskmixin.py:205} WARNING - Dependency <Task(_PythonDecoratedOperator): print_the_context>, log_sql_query already registered for DAG: example_python_operator
[2023-06-03T00:32:06.104+0000] {logging_mixin.py:137} INFO - [2023-06-03T00:32:06.103+0000] {taskmixin.py:205} WARNING - Dependency <Task(_PythonDecoratedOperator): log_sql_query>, print_the_context already registered for DAG: example_python_operator
[2023-06-03T00:32:06.105+0000] {logging_mixin.py:137} INFO - [2023-06-03T00:32:06.105+0000] {taskmixin.py:205} WARNING - Dependency <Task(_PythonDecoratedOperator): print_the_context>, log_sql_query already registered for DAG: example_python_operator
[2023-06-03T00:32:06.107+0000] {logging_mixin.py:137} INFO - [2023-06-03T00:32:06.106+0000] {taskmixin.py:205} WARNING - Dependency <Task(_PythonDecoratedOperator): log_sql_query>, print_the_context already registered for DAG: example_python_operator
[2023-06-03T00:32:06.108+0000] {logging_mixin.py:137} INFO - [2023-06-03T00:32:06.108+0000] {taskmixin.py:205} WARNING - Dependency <Task(_PythonDecoratedOperator): print_the_context>, log_sql_query already registered for DAG: example_python_operator
[2023-06-03T00:32:06.110+0000] {logging_mixin.py:137} INFO - [2023-06-03T00:32:06.110+0000] {taskmixin.py:205} WARNING - Dependency <Task(_PythonDecoratedOperator): log_sql_query>, print_the_context already registered for DAG: example_python_operator
[2023-06-03T00:32:06.115+0000] {logging_mixin.py:137} INFO - [2023-06-03T00:32:06.115+0000] {taskmixin.py:205} WARNING - Dependency <Task(_PythonDecoratedOperator): print_the_context>, log_sql_query already registered for DAG: example_python_operator
[2023-06-03T00:32:06.116+0000] {logging_mixin.py:137} INFO - [2023-06-03T00:32:06.116+0000] {taskmixin.py:205} WARNING - Dependency <Task(_PythonDecoratedOperator): log_sql_query>, print_the_context already registered for DAG: example_python_operator
[2023-06-03T00:32:06.124+0000] {processor.py:753} INFO - DAG(s) dict_keys(['example_python_operator']) retrieved from /home/airflow/.local/lib/python3.7/site-packages/airflow/example_dags/example_python_operator.py
[2023-06-03T00:32:06.151+0000] {logging_mixin.py:137} INFO - [2023-06-03T00:32:06.151+0000] {dag.py:2690} INFO - Sync 1 DAGs
[2023-06-03T00:32:06.173+0000] {logging_mixin.py:137} INFO - [2023-06-03T00:32:06.173+0000] {dag.py:3441} INFO - Setting next_dagrun for example_python_operator to None, run_after=None
[2023-06-03T00:32:06.189+0000] {processor.py:175} INFO - Processing /home/airflow/.local/lib/python3.7/site-packages/airflow/example_dags/example_python_operator.py took 0.113 seconds
[2023-06-03T01:53:37.961+0000] {processor.py:153} INFO - Started process (PID=80949) to work on /home/airflow/.local/lib/python3.7/site-packages/airflow/example_dags/example_python_operator.py
[2023-06-03T01:53:37.962+0000] {processor.py:743} INFO - Processing file /home/airflow/.local/lib/python3.7/site-packages/airflow/example_dags/example_python_operator.py for tasks to queue
[2023-06-03T01:53:37.963+0000] {logging_mixin.py:137} INFO - [2023-06-03T01:53:37.963+0000] {dagbag.py:538} INFO - Filling up the DagBag from /home/airflow/.local/lib/python3.7/site-packages/airflow/example_dags/example_python_operator.py
[2023-06-03T01:53:37.977+0000] {logging_mixin.py:137} INFO - [2023-06-03T01:53:37.977+0000] {taskmixin.py:205} WARNING - Dependency <Task(_PythonDecoratedOperator): print_the_context>, log_sql_query already registered for DAG: example_python_operator
[2023-06-03T01:53:37.979+0000] {logging_mixin.py:137} INFO - [2023-06-03T01:53:37.978+0000] {taskmixin.py:205} WARNING - Dependency <Task(_PythonDecoratedOperator): log_sql_query>, print_the_context already registered for DAG: example_python_operator
[2023-06-03T01:53:37.980+0000] {logging_mixin.py:137} INFO - [2023-06-03T01:53:37.980+0000] {taskmixin.py:205} WARNING - Dependency <Task(_PythonDecoratedOperator): print_the_context>, log_sql_query already registered for DAG: example_python_operator
[2023-06-03T01:53:37.980+0000] {logging_mixin.py:137} INFO - [2023-06-03T01:53:37.980+0000] {taskmixin.py:205} WARNING - Dependency <Task(_PythonDecoratedOperator): log_sql_query>, print_the_context already registered for DAG: example_python_operator
[2023-06-03T01:53:37.982+0000] {logging_mixin.py:137} INFO - [2023-06-03T01:53:37.982+0000] {taskmixin.py:205} WARNING - Dependency <Task(_PythonDecoratedOperator): print_the_context>, log_sql_query already registered for DAG: example_python_operator
[2023-06-03T01:53:37.982+0000] {logging_mixin.py:137} INFO - [2023-06-03T01:53:37.982+0000] {taskmixin.py:205} WARNING - Dependency <Task(_PythonDecoratedOperator): log_sql_query>, print_the_context already registered for DAG: example_python_operator
[2023-06-03T01:53:37.984+0000] {logging_mixin.py:137} INFO - [2023-06-03T01:53:37.984+0000] {taskmixin.py:205} WARNING - Dependency <Task(_PythonDecoratedOperator): print_the_context>, log_sql_query already registered for DAG: example_python_operator
[2023-06-03T01:53:37.985+0000] {logging_mixin.py:137} INFO - [2023-06-03T01:53:37.984+0000] {taskmixin.py:205} WARNING - Dependency <Task(_PythonDecoratedOperator): log_sql_query>, print_the_context already registered for DAG: example_python_operator
[2023-06-03T01:53:37.990+0000] {processor.py:753} INFO - DAG(s) dict_keys(['example_python_operator']) retrieved from /home/airflow/.local/lib/python3.7/site-packages/airflow/example_dags/example_python_operator.py
[2023-06-03T01:53:38.012+0000] {logging_mixin.py:137} INFO - [2023-06-03T01:53:38.012+0000] {dag.py:2690} INFO - Sync 1 DAGs
[2023-06-03T01:53:38.030+0000] {logging_mixin.py:137} INFO - [2023-06-03T01:53:38.030+0000] {dag.py:3441} INFO - Setting next_dagrun for example_python_operator to None, run_after=None
[2023-06-03T01:53:38.044+0000] {processor.py:175} INFO - Processing /home/airflow/.local/lib/python3.7/site-packages/airflow/example_dags/example_python_operator.py took 0.087 seconds
[2023-06-03T03:14:37.739+0000] {processor.py:153} INFO - Started process (PID=81020) to work on /home/airflow/.local/lib/python3.7/site-packages/airflow/example_dags/example_python_operator.py
[2023-06-03T03:14:37.740+0000] {processor.py:743} INFO - Processing file /home/airflow/.local/lib/python3.7/site-packages/airflow/example_dags/example_python_operator.py for tasks to queue
[2023-06-03T03:14:37.741+0000] {logging_mixin.py:137} INFO - [2023-06-03T03:14:37.741+0000] {dagbag.py:538} INFO - Filling up the DagBag from /home/airflow/.local/lib/python3.7/site-packages/airflow/example_dags/example_python_operator.py
[2023-06-03T03:14:37.752+0000] {logging_mixin.py:137} INFO - [2023-06-03T03:14:37.752+0000] {taskmixin.py:205} WARNING - Dependency <Task(_PythonDecoratedOperator): print_the_context>, log_sql_query already registered for DAG: example_python_operator
[2023-06-03T03:14:37.753+0000] {logging_mixin.py:137} INFO - [2023-06-03T03:14:37.753+0000] {taskmixin.py:205} WARNING - Dependency <Task(_PythonDecoratedOperator): log_sql_query>, print_the_context already registered for DAG: example_python_operator
[2023-06-03T03:14:37.755+0000] {logging_mixin.py:137} INFO - [2023-06-03T03:14:37.754+0000] {taskmixin.py:205} WARNING - Dependency <Task(_PythonDecoratedOperator): print_the_context>, log_sql_query already registered for DAG: example_python_operator
[2023-06-03T03:14:37.755+0000] {logging_mixin.py:137} INFO - [2023-06-03T03:14:37.755+0000] {taskmixin.py:205} WARNING - Dependency <Task(_PythonDecoratedOperator): log_sql_query>, print_the_context already registered for DAG: example_python_operator
[2023-06-03T03:14:37.757+0000] {logging_mixin.py:137} INFO - [2023-06-03T03:14:37.757+0000] {taskmixin.py:205} WARNING - Dependency <Task(_PythonDecoratedOperator): print_the_context>, log_sql_query already registered for DAG: example_python_operator
[2023-06-03T03:14:37.757+0000] {logging_mixin.py:137} INFO - [2023-06-03T03:14:37.757+0000] {taskmixin.py:205} WARNING - Dependency <Task(_PythonDecoratedOperator): log_sql_query>, print_the_context already registered for DAG: example_python_operator
[2023-06-03T03:14:37.758+0000] {logging_mixin.py:137} INFO - [2023-06-03T03:14:37.758+0000] {taskmixin.py:205} WARNING - Dependency <Task(_PythonDecoratedOperator): print_the_context>, log_sql_query already registered for DAG: example_python_operator
[2023-06-03T03:14:37.759+0000] {logging_mixin.py:137} INFO - [2023-06-03T03:14:37.759+0000] {taskmixin.py:205} WARNING - Dependency <Task(_PythonDecoratedOperator): log_sql_query>, print_the_context already registered for DAG: example_python_operator
[2023-06-03T03:14:37.764+0000] {processor.py:753} INFO - DAG(s) dict_keys(['example_python_operator']) retrieved from /home/airflow/.local/lib/python3.7/site-packages/airflow/example_dags/example_python_operator.py
[2023-06-03T03:14:37.788+0000] {logging_mixin.py:137} INFO - [2023-06-03T03:14:37.787+0000] {dag.py:2690} INFO - Sync 1 DAGs
[2023-06-03T03:14:37.804+0000] {logging_mixin.py:137} INFO - [2023-06-03T03:14:37.804+0000] {dag.py:3441} INFO - Setting next_dagrun for example_python_operator to None, run_after=None
[2023-06-03T03:14:37.818+0000] {processor.py:175} INFO - Processing /home/airflow/.local/lib/python3.7/site-packages/airflow/example_dags/example_python_operator.py took 0.083 seconds
[2023-06-03T04:37:22.384+0000] {processor.py:153} INFO - Started process (PID=81102) to work on /home/airflow/.local/lib/python3.7/site-packages/airflow/example_dags/example_python_operator.py
[2023-06-03T04:37:22.386+0000] {processor.py:743} INFO - Processing file /home/airflow/.local/lib/python3.7/site-packages/airflow/example_dags/example_python_operator.py for tasks to queue
[2023-06-03T04:37:22.387+0000] {logging_mixin.py:137} INFO - [2023-06-03T04:37:22.387+0000] {dagbag.py:538} INFO - Filling up the DagBag from /home/airflow/.local/lib/python3.7/site-packages/airflow/example_dags/example_python_operator.py
[2023-06-03T04:37:22.401+0000] {logging_mixin.py:137} INFO - [2023-06-03T04:37:22.401+0000] {taskmixin.py:205} WARNING - Dependency <Task(_PythonDecoratedOperator): print_the_context>, log_sql_query already registered for DAG: example_python_operator
[2023-06-03T04:37:22.402+0000] {logging_mixin.py:137} INFO - [2023-06-03T04:37:22.402+0000] {taskmixin.py:205} WARNING - Dependency <Task(_PythonDecoratedOperator): log_sql_query>, print_the_context already registered for DAG: example_python_operator
[2023-06-03T04:37:22.403+0000] {logging_mixin.py:137} INFO - [2023-06-03T04:37:22.403+0000] {taskmixin.py:205} WARNING - Dependency <Task(_PythonDecoratedOperator): print_the_context>, log_sql_query already registered for DAG: example_python_operator
[2023-06-03T04:37:22.404+0000] {logging_mixin.py:137} INFO - [2023-06-03T04:37:22.404+0000] {taskmixin.py:205} WARNING - Dependency <Task(_PythonDecoratedOperator): log_sql_query>, print_the_context already registered for DAG: example_python_operator
[2023-06-03T04:37:22.405+0000] {logging_mixin.py:137} INFO - [2023-06-03T04:37:22.405+0000] {taskmixin.py:205} WARNING - Dependency <Task(_PythonDecoratedOperator): print_the_context>, log_sql_query already registered for DAG: example_python_operator
[2023-06-03T04:37:22.406+0000] {logging_mixin.py:137} INFO - [2023-06-03T04:37:22.406+0000] {taskmixin.py:205} WARNING - Dependency <Task(_PythonDecoratedOperator): log_sql_query>, print_the_context already registered for DAG: example_python_operator
[2023-06-03T04:37:22.407+0000] {logging_mixin.py:137} INFO - [2023-06-03T04:37:22.407+0000] {taskmixin.py:205} WARNING - Dependency <Task(_PythonDecoratedOperator): print_the_context>, log_sql_query already registered for DAG: example_python_operator
[2023-06-03T04:37:22.408+0000] {logging_mixin.py:137} INFO - [2023-06-03T04:37:22.408+0000] {taskmixin.py:205} WARNING - Dependency <Task(_PythonDecoratedOperator): log_sql_query>, print_the_context already registered for DAG: example_python_operator
[2023-06-03T04:37:22.414+0000] {processor.py:753} INFO - DAG(s) dict_keys(['example_python_operator']) retrieved from /home/airflow/.local/lib/python3.7/site-packages/airflow/example_dags/example_python_operator.py
[2023-06-03T04:37:22.438+0000] {logging_mixin.py:137} INFO - [2023-06-03T04:37:22.438+0000] {dag.py:2690} INFO - Sync 1 DAGs
[2023-06-03T04:37:22.456+0000] {logging_mixin.py:137} INFO - [2023-06-03T04:37:22.456+0000] {dag.py:3441} INFO - Setting next_dagrun for example_python_operator to None, run_after=None
[2023-06-03T04:37:22.469+0000] {processor.py:175} INFO - Processing /home/airflow/.local/lib/python3.7/site-packages/airflow/example_dags/example_python_operator.py took 0.090 seconds
[2023-06-03T05:41:53.587+0000] {processor.py:153} INFO - Started process (PID=81184) to work on /home/airflow/.local/lib/python3.7/site-packages/airflow/example_dags/example_python_operator.py
[2023-06-03T05:41:53.589+0000] {processor.py:743} INFO - Processing file /home/airflow/.local/lib/python3.7/site-packages/airflow/example_dags/example_python_operator.py for tasks to queue
[2023-06-03T05:41:53.590+0000] {logging_mixin.py:137} INFO - [2023-06-03T05:41:53.590+0000] {dagbag.py:538} INFO - Filling up the DagBag from /home/airflow/.local/lib/python3.7/site-packages/airflow/example_dags/example_python_operator.py
[2023-06-03T05:41:53.605+0000] {logging_mixin.py:137} INFO - [2023-06-03T05:41:53.605+0000] {taskmixin.py:205} WARNING - Dependency <Task(_PythonDecoratedOperator): print_the_context>, log_sql_query already registered for DAG: example_python_operator
[2023-06-03T05:41:53.606+0000] {logging_mixin.py:137} INFO - [2023-06-03T05:41:53.606+0000] {taskmixin.py:205} WARNING - Dependency <Task(_PythonDecoratedOperator): log_sql_query>, print_the_context already registered for DAG: example_python_operator
[2023-06-03T05:41:53.607+0000] {logging_mixin.py:137} INFO - [2023-06-03T05:41:53.607+0000] {taskmixin.py:205} WARNING - Dependency <Task(_PythonDecoratedOperator): print_the_context>, log_sql_query already registered for DAG: example_python_operator
[2023-06-03T05:41:53.608+0000] {logging_mixin.py:137} INFO - [2023-06-03T05:41:53.608+0000] {taskmixin.py:205} WARNING - Dependency <Task(_PythonDecoratedOperator): log_sql_query>, print_the_context already registered for DAG: example_python_operator
[2023-06-03T05:41:53.609+0000] {logging_mixin.py:137} INFO - [2023-06-03T05:41:53.609+0000] {taskmixin.py:205} WARNING - Dependency <Task(_PythonDecoratedOperator): print_the_context>, log_sql_query already registered for DAG: example_python_operator
[2023-06-03T05:41:53.610+0000] {logging_mixin.py:137} INFO - [2023-06-03T05:41:53.610+0000] {taskmixin.py:205} WARNING - Dependency <Task(_PythonDecoratedOperator): log_sql_query>, print_the_context already registered for DAG: example_python_operator
[2023-06-03T05:41:53.612+0000] {logging_mixin.py:137} INFO - [2023-06-03T05:41:53.612+0000] {taskmixin.py:205} WARNING - Dependency <Task(_PythonDecoratedOperator): print_the_context>, log_sql_query already registered for DAG: example_python_operator
[2023-06-03T05:41:53.613+0000] {logging_mixin.py:137} INFO - [2023-06-03T05:41:53.613+0000] {taskmixin.py:205} WARNING - Dependency <Task(_PythonDecoratedOperator): log_sql_query>, print_the_context already registered for DAG: example_python_operator
[2023-06-03T05:41:53.619+0000] {processor.py:753} INFO - DAG(s) dict_keys(['example_python_operator']) retrieved from /home/airflow/.local/lib/python3.7/site-packages/airflow/example_dags/example_python_operator.py
[2023-06-03T05:41:53.651+0000] {logging_mixin.py:137} INFO - [2023-06-03T05:41:53.651+0000] {dag.py:2690} INFO - Sync 1 DAGs
[2023-06-03T05:41:53.680+0000] {logging_mixin.py:137} INFO - [2023-06-03T05:41:53.680+0000] {dag.py:3441} INFO - Setting next_dagrun for example_python_operator to None, run_after=None
[2023-06-03T05:41:53.696+0000] {processor.py:175} INFO - Processing /home/airflow/.local/lib/python3.7/site-packages/airflow/example_dags/example_python_operator.py took 0.113 seconds
[2023-06-03T07:19:44.032+0000] {processor.py:153} INFO - Started process (PID=81255) to work on /home/airflow/.local/lib/python3.7/site-packages/airflow/example_dags/example_python_operator.py
[2023-06-03T07:19:44.034+0000] {processor.py:743} INFO - Processing file /home/airflow/.local/lib/python3.7/site-packages/airflow/example_dags/example_python_operator.py for tasks to queue
[2023-06-03T07:19:44.035+0000] {logging_mixin.py:137} INFO - [2023-06-03T07:19:44.035+0000] {dagbag.py:538} INFO - Filling up the DagBag from /home/airflow/.local/lib/python3.7/site-packages/airflow/example_dags/example_python_operator.py
[2023-06-03T07:19:44.049+0000] {logging_mixin.py:137} INFO - [2023-06-03T07:19:44.048+0000] {taskmixin.py:205} WARNING - Dependency <Task(_PythonDecoratedOperator): print_the_context>, log_sql_query already registered for DAG: example_python_operator
[2023-06-03T07:19:44.049+0000] {logging_mixin.py:137} INFO - [2023-06-03T07:19:44.049+0000] {taskmixin.py:205} WARNING - Dependency <Task(_PythonDecoratedOperator): log_sql_query>, print_the_context already registered for DAG: example_python_operator
[2023-06-03T07:19:44.051+0000] {logging_mixin.py:137} INFO - [2023-06-03T07:19:44.051+0000] {taskmixin.py:205} WARNING - Dependency <Task(_PythonDecoratedOperator): print_the_context>, log_sql_query already registered for DAG: example_python_operator
[2023-06-03T07:19:44.051+0000] {logging_mixin.py:137} INFO - [2023-06-03T07:19:44.051+0000] {taskmixin.py:205} WARNING - Dependency <Task(_PythonDecoratedOperator): log_sql_query>, print_the_context already registered for DAG: example_python_operator
[2023-06-03T07:19:44.053+0000] {logging_mixin.py:137} INFO - [2023-06-03T07:19:44.053+0000] {taskmixin.py:205} WARNING - Dependency <Task(_PythonDecoratedOperator): print_the_context>, log_sql_query already registered for DAG: example_python_operator
[2023-06-03T07:19:44.054+0000] {logging_mixin.py:137} INFO - [2023-06-03T07:19:44.054+0000] {taskmixin.py:205} WARNING - Dependency <Task(_PythonDecoratedOperator): log_sql_query>, print_the_context already registered for DAG: example_python_operator
[2023-06-03T07:19:44.055+0000] {logging_mixin.py:137} INFO - [2023-06-03T07:19:44.055+0000] {taskmixin.py:205} WARNING - Dependency <Task(_PythonDecoratedOperator): print_the_context>, log_sql_query already registered for DAG: example_python_operator
[2023-06-03T07:19:44.056+0000] {logging_mixin.py:137} INFO - [2023-06-03T07:19:44.056+0000] {taskmixin.py:205} WARNING - Dependency <Task(_PythonDecoratedOperator): log_sql_query>, print_the_context already registered for DAG: example_python_operator
[2023-06-03T07:19:44.061+0000] {processor.py:753} INFO - DAG(s) dict_keys(['example_python_operator']) retrieved from /home/airflow/.local/lib/python3.7/site-packages/airflow/example_dags/example_python_operator.py
[2023-06-03T07:19:44.086+0000] {logging_mixin.py:137} INFO - [2023-06-03T07:19:44.085+0000] {dag.py:2690} INFO - Sync 1 DAGs
[2023-06-03T07:19:44.109+0000] {logging_mixin.py:137} INFO - [2023-06-03T07:19:44.109+0000] {dag.py:3441} INFO - Setting next_dagrun for example_python_operator to None, run_after=None
[2023-06-03T07:19:44.122+0000] {processor.py:175} INFO - Processing /home/airflow/.local/lib/python3.7/site-packages/airflow/example_dags/example_python_operator.py took 0.094 seconds
[2023-06-03T08:23:32.020+0000] {processor.py:153} INFO - Started process (PID=81338) to work on /home/airflow/.local/lib/python3.7/site-packages/airflow/example_dags/example_python_operator.py
[2023-06-03T08:23:32.021+0000] {processor.py:743} INFO - Processing file /home/airflow/.local/lib/python3.7/site-packages/airflow/example_dags/example_python_operator.py for tasks to queue
[2023-06-03T08:23:32.022+0000] {logging_mixin.py:137} INFO - [2023-06-03T08:23:32.022+0000] {dagbag.py:538} INFO - Filling up the DagBag from /home/airflow/.local/lib/python3.7/site-packages/airflow/example_dags/example_python_operator.py
[2023-06-03T08:23:32.037+0000] {logging_mixin.py:137} INFO - [2023-06-03T08:23:32.037+0000] {taskmixin.py:205} WARNING - Dependency <Task(_PythonDecoratedOperator): print_the_context>, log_sql_query already registered for DAG: example_python_operator
[2023-06-03T08:23:32.039+0000] {logging_mixin.py:137} INFO - [2023-06-03T08:23:32.039+0000] {taskmixin.py:205} WARNING - Dependency <Task(_PythonDecoratedOperator): log_sql_query>, print_the_context already registered for DAG: example_python_operator
[2023-06-03T08:23:32.040+0000] {logging_mixin.py:137} INFO - [2023-06-03T08:23:32.040+0000] {taskmixin.py:205} WARNING - Dependency <Task(_PythonDecoratedOperator): print_the_context>, log_sql_query already registered for DAG: example_python_operator
[2023-06-03T08:23:32.040+0000] {logging_mixin.py:137} INFO - [2023-06-03T08:23:32.040+0000] {taskmixin.py:205} WARNING - Dependency <Task(_PythonDecoratedOperator): log_sql_query>, print_the_context already registered for DAG: example_python_operator
[2023-06-03T08:23:32.041+0000] {logging_mixin.py:137} INFO - [2023-06-03T08:23:32.041+0000] {taskmixin.py:205} WARNING - Dependency <Task(_PythonDecoratedOperator): print_the_context>, log_sql_query already registered for DAG: example_python_operator
[2023-06-03T08:23:32.042+0000] {logging_mixin.py:137} INFO - [2023-06-03T08:23:32.042+0000] {taskmixin.py:205} WARNING - Dependency <Task(_PythonDecoratedOperator): log_sql_query>, print_the_context already registered for DAG: example_python_operator
[2023-06-03T08:23:32.043+0000] {logging_mixin.py:137} INFO - [2023-06-03T08:23:32.043+0000] {taskmixin.py:205} WARNING - Dependency <Task(_PythonDecoratedOperator): print_the_context>, log_sql_query already registered for DAG: example_python_operator
[2023-06-03T08:23:32.044+0000] {logging_mixin.py:137} INFO - [2023-06-03T08:23:32.044+0000] {taskmixin.py:205} WARNING - Dependency <Task(_PythonDecoratedOperator): log_sql_query>, print_the_context already registered for DAG: example_python_operator
[2023-06-03T08:23:32.050+0000] {processor.py:753} INFO - DAG(s) dict_keys(['example_python_operator']) retrieved from /home/airflow/.local/lib/python3.7/site-packages/airflow/example_dags/example_python_operator.py
[2023-06-03T08:23:32.072+0000] {logging_mixin.py:137} INFO - [2023-06-03T08:23:32.072+0000] {dag.py:2690} INFO - Sync 1 DAGs
[2023-06-03T08:23:32.089+0000] {logging_mixin.py:137} INFO - [2023-06-03T08:23:32.089+0000] {dag.py:3441} INFO - Setting next_dagrun for example_python_operator to None, run_after=None
[2023-06-03T08:23:32.102+0000] {processor.py:175} INFO - Processing /home/airflow/.local/lib/python3.7/site-packages/airflow/example_dags/example_python_operator.py took 0.085 seconds
[2023-06-03T09:59:48.332+0000] {processor.py:153} INFO - Started process (PID=81409) to work on /home/airflow/.local/lib/python3.7/site-packages/airflow/example_dags/example_python_operator.py
[2023-06-03T09:59:48.334+0000] {processor.py:743} INFO - Processing file /home/airflow/.local/lib/python3.7/site-packages/airflow/example_dags/example_python_operator.py for tasks to queue
[2023-06-03T09:59:48.335+0000] {logging_mixin.py:137} INFO - [2023-06-03T09:59:48.335+0000] {dagbag.py:538} INFO - Filling up the DagBag from /home/airflow/.local/lib/python3.7/site-packages/airflow/example_dags/example_python_operator.py
[2023-06-03T09:59:48.348+0000] {logging_mixin.py:137} INFO - [2023-06-03T09:59:48.348+0000] {taskmixin.py:205} WARNING - Dependency <Task(_PythonDecoratedOperator): print_the_context>, log_sql_query already registered for DAG: example_python_operator
[2023-06-03T09:59:48.349+0000] {logging_mixin.py:137} INFO - [2023-06-03T09:59:48.349+0000] {taskmixin.py:205} WARNING - Dependency <Task(_PythonDecoratedOperator): log_sql_query>, print_the_context already registered for DAG: example_python_operator
[2023-06-03T09:59:48.351+0000] {logging_mixin.py:137} INFO - [2023-06-03T09:59:48.351+0000] {taskmixin.py:205} WARNING - Dependency <Task(_PythonDecoratedOperator): print_the_context>, log_sql_query already registered for DAG: example_python_operator
[2023-06-03T09:59:48.352+0000] {logging_mixin.py:137} INFO - [2023-06-03T09:59:48.352+0000] {taskmixin.py:205} WARNING - Dependency <Task(_PythonDecoratedOperator): log_sql_query>, print_the_context already registered for DAG: example_python_operator
[2023-06-03T09:59:48.355+0000] {logging_mixin.py:137} INFO - [2023-06-03T09:59:48.355+0000] {taskmixin.py:205} WARNING - Dependency <Task(_PythonDecoratedOperator): print_the_context>, log_sql_query already registered for DAG: example_python_operator
[2023-06-03T09:59:48.355+0000] {logging_mixin.py:137} INFO - [2023-06-03T09:59:48.355+0000] {taskmixin.py:205} WARNING - Dependency <Task(_PythonDecoratedOperator): log_sql_query>, print_the_context already registered for DAG: example_python_operator
[2023-06-03T09:59:48.356+0000] {logging_mixin.py:137} INFO - [2023-06-03T09:59:48.356+0000] {taskmixin.py:205} WARNING - Dependency <Task(_PythonDecoratedOperator): print_the_context>, log_sql_query already registered for DAG: example_python_operator
[2023-06-03T09:59:48.357+0000] {logging_mixin.py:137} INFO - [2023-06-03T09:59:48.357+0000] {taskmixin.py:205} WARNING - Dependency <Task(_PythonDecoratedOperator): log_sql_query>, print_the_context already registered for DAG: example_python_operator
[2023-06-03T09:59:48.362+0000] {processor.py:753} INFO - DAG(s) dict_keys(['example_python_operator']) retrieved from /home/airflow/.local/lib/python3.7/site-packages/airflow/example_dags/example_python_operator.py
[2023-06-03T09:59:48.386+0000] {logging_mixin.py:137} INFO - [2023-06-03T09:59:48.386+0000] {dag.py:2690} INFO - Sync 1 DAGs
[2023-06-03T09:59:48.406+0000] {logging_mixin.py:137} INFO - [2023-06-03T09:59:48.406+0000] {dag.py:3441} INFO - Setting next_dagrun for example_python_operator to None, run_after=None
[2023-06-03T09:59:48.420+0000] {processor.py:175} INFO - Processing /home/airflow/.local/lib/python3.7/site-packages/airflow/example_dags/example_python_operator.py took 0.091 seconds
[2023-06-03T11:22:57.015+0000] {processor.py:153} INFO - Started process (PID=81492) to work on /home/airflow/.local/lib/python3.7/site-packages/airflow/example_dags/example_python_operator.py
[2023-06-03T11:22:57.017+0000] {processor.py:743} INFO - Processing file /home/airflow/.local/lib/python3.7/site-packages/airflow/example_dags/example_python_operator.py for tasks to queue
[2023-06-03T11:22:57.018+0000] {logging_mixin.py:137} INFO - [2023-06-03T11:22:57.018+0000] {dagbag.py:538} INFO - Filling up the DagBag from /home/airflow/.local/lib/python3.7/site-packages/airflow/example_dags/example_python_operator.py
[2023-06-03T11:22:57.029+0000] {logging_mixin.py:137} INFO - [2023-06-03T11:22:57.029+0000] {taskmixin.py:205} WARNING - Dependency <Task(_PythonDecoratedOperator): print_the_context>, log_sql_query already registered for DAG: example_python_operator
[2023-06-03T11:22:57.031+0000] {logging_mixin.py:137} INFO - [2023-06-03T11:22:57.031+0000] {taskmixin.py:205} WARNING - Dependency <Task(_PythonDecoratedOperator): log_sql_query>, print_the_context already registered for DAG: example_python_operator
[2023-06-03T11:22:57.032+0000] {logging_mixin.py:137} INFO - [2023-06-03T11:22:57.032+0000] {taskmixin.py:205} WARNING - Dependency <Task(_PythonDecoratedOperator): print_the_context>, log_sql_query already registered for DAG: example_python_operator
[2023-06-03T11:22:57.033+0000] {logging_mixin.py:137} INFO - [2023-06-03T11:22:57.033+0000] {taskmixin.py:205} WARNING - Dependency <Task(_PythonDecoratedOperator): log_sql_query>, print_the_context already registered for DAG: example_python_operator
[2023-06-03T11:22:57.034+0000] {logging_mixin.py:137} INFO - [2023-06-03T11:22:57.034+0000] {taskmixin.py:205} WARNING - Dependency <Task(_PythonDecoratedOperator): print_the_context>, log_sql_query already registered for DAG: example_python_operator
[2023-06-03T11:22:57.035+0000] {logging_mixin.py:137} INFO - [2023-06-03T11:22:57.035+0000] {taskmixin.py:205} WARNING - Dependency <Task(_PythonDecoratedOperator): log_sql_query>, print_the_context already registered for DAG: example_python_operator
[2023-06-03T11:22:57.037+0000] {logging_mixin.py:137} INFO - [2023-06-03T11:22:57.037+0000] {taskmixin.py:205} WARNING - Dependency <Task(_PythonDecoratedOperator): print_the_context>, log_sql_query already registered for DAG: example_python_operator
[2023-06-03T11:22:57.037+0000] {logging_mixin.py:137} INFO - [2023-06-03T11:22:57.037+0000] {taskmixin.py:205} WARNING - Dependency <Task(_PythonDecoratedOperator): log_sql_query>, print_the_context already registered for DAG: example_python_operator
[2023-06-03T11:22:57.042+0000] {processor.py:753} INFO - DAG(s) dict_keys(['example_python_operator']) retrieved from /home/airflow/.local/lib/python3.7/site-packages/airflow/example_dags/example_python_operator.py
[2023-06-03T11:22:57.065+0000] {logging_mixin.py:137} INFO - [2023-06-03T11:22:57.064+0000] {dag.py:2690} INFO - Sync 1 DAGs
[2023-06-03T11:22:57.081+0000] {logging_mixin.py:137} INFO - [2023-06-03T11:22:57.081+0000] {dag.py:3441} INFO - Setting next_dagrun for example_python_operator to None, run_after=None
[2023-06-03T11:22:57.092+0000] {processor.py:175} INFO - Processing /home/airflow/.local/lib/python3.7/site-packages/airflow/example_dags/example_python_operator.py took 0.080 seconds
[2023-06-03T12:46:09.250+0000] {processor.py:153} INFO - Started process (PID=81575) to work on /home/airflow/.local/lib/python3.7/site-packages/airflow/example_dags/example_python_operator.py
[2023-06-03T12:46:09.252+0000] {processor.py:743} INFO - Processing file /home/airflow/.local/lib/python3.7/site-packages/airflow/example_dags/example_python_operator.py for tasks to queue
[2023-06-03T12:46:09.253+0000] {logging_mixin.py:137} INFO - [2023-06-03T12:46:09.253+0000] {dagbag.py:538} INFO - Filling up the DagBag from /home/airflow/.local/lib/python3.7/site-packages/airflow/example_dags/example_python_operator.py
[2023-06-03T12:46:09.264+0000] {logging_mixin.py:137} INFO - [2023-06-03T12:46:09.264+0000] {taskmixin.py:205} WARNING - Dependency <Task(_PythonDecoratedOperator): print_the_context>, log_sql_query already registered for DAG: example_python_operator
[2023-06-03T12:46:09.265+0000] {logging_mixin.py:137} INFO - [2023-06-03T12:46:09.265+0000] {taskmixin.py:205} WARNING - Dependency <Task(_PythonDecoratedOperator): log_sql_query>, print_the_context already registered for DAG: example_python_operator
[2023-06-03T12:46:09.266+0000] {logging_mixin.py:137} INFO - [2023-06-03T12:46:09.266+0000] {taskmixin.py:205} WARNING - Dependency <Task(_PythonDecoratedOperator): print_the_context>, log_sql_query already registered for DAG: example_python_operator
[2023-06-03T12:46:09.267+0000] {logging_mixin.py:137} INFO - [2023-06-03T12:46:09.267+0000] {taskmixin.py:205} WARNING - Dependency <Task(_PythonDecoratedOperator): log_sql_query>, print_the_context already registered for DAG: example_python_operator
[2023-06-03T12:46:09.267+0000] {logging_mixin.py:137} INFO - [2023-06-03T12:46:09.267+0000] {taskmixin.py:205} WARNING - Dependency <Task(_PythonDecoratedOperator): print_the_context>, log_sql_query already registered for DAG: example_python_operator
[2023-06-03T12:46:09.268+0000] {logging_mixin.py:137} INFO - [2023-06-03T12:46:09.268+0000] {taskmixin.py:205} WARNING - Dependency <Task(_PythonDecoratedOperator): log_sql_query>, print_the_context already registered for DAG: example_python_operator
[2023-06-03T12:46:09.269+0000] {logging_mixin.py:137} INFO - [2023-06-03T12:46:09.269+0000] {taskmixin.py:205} WARNING - Dependency <Task(_PythonDecoratedOperator): print_the_context>, log_sql_query already registered for DAG: example_python_operator
[2023-06-03T12:46:09.269+0000] {logging_mixin.py:137} INFO - [2023-06-03T12:46:09.269+0000] {taskmixin.py:205} WARNING - Dependency <Task(_PythonDecoratedOperator): log_sql_query>, print_the_context already registered for DAG: example_python_operator
[2023-06-03T12:46:09.274+0000] {processor.py:753} INFO - DAG(s) dict_keys(['example_python_operator']) retrieved from /home/airflow/.local/lib/python3.7/site-packages/airflow/example_dags/example_python_operator.py
[2023-06-03T12:46:09.297+0000] {logging_mixin.py:137} INFO - [2023-06-03T12:46:09.296+0000] {dag.py:2690} INFO - Sync 1 DAGs
[2023-06-03T12:46:09.315+0000] {logging_mixin.py:137} INFO - [2023-06-03T12:46:09.315+0000] {dag.py:3441} INFO - Setting next_dagrun for example_python_operator to None, run_after=None
[2023-06-03T12:46:09.326+0000] {processor.py:175} INFO - Processing /home/airflow/.local/lib/python3.7/site-packages/airflow/example_dags/example_python_operator.py took 0.079 seconds
[2023-06-03T14:10:14.036+0000] {processor.py:153} INFO - Started process (PID=81646) to work on /home/airflow/.local/lib/python3.7/site-packages/airflow/example_dags/example_python_operator.py
[2023-06-03T14:10:14.038+0000] {processor.py:743} INFO - Processing file /home/airflow/.local/lib/python3.7/site-packages/airflow/example_dags/example_python_operator.py for tasks to queue
[2023-06-03T14:10:14.039+0000] {logging_mixin.py:137} INFO - [2023-06-03T14:10:14.039+0000] {dagbag.py:538} INFO - Filling up the DagBag from /home/airflow/.local/lib/python3.7/site-packages/airflow/example_dags/example_python_operator.py
[2023-06-03T14:10:14.051+0000] {logging_mixin.py:137} INFO - [2023-06-03T14:10:14.051+0000] {taskmixin.py:205} WARNING - Dependency <Task(_PythonDecoratedOperator): print_the_context>, log_sql_query already registered for DAG: example_python_operator
[2023-06-03T14:10:14.053+0000] {logging_mixin.py:137} INFO - [2023-06-03T14:10:14.053+0000] {taskmixin.py:205} WARNING - Dependency <Task(_PythonDecoratedOperator): log_sql_query>, print_the_context already registered for DAG: example_python_operator
[2023-06-03T14:10:14.054+0000] {logging_mixin.py:137} INFO - [2023-06-03T14:10:14.054+0000] {taskmixin.py:205} WARNING - Dependency <Task(_PythonDecoratedOperator): print_the_context>, log_sql_query already registered for DAG: example_python_operator
[2023-06-03T14:10:14.055+0000] {logging_mixin.py:137} INFO - [2023-06-03T14:10:14.055+0000] {taskmixin.py:205} WARNING - Dependency <Task(_PythonDecoratedOperator): log_sql_query>, print_the_context already registered for DAG: example_python_operator
[2023-06-03T14:10:14.056+0000] {logging_mixin.py:137} INFO - [2023-06-03T14:10:14.056+0000] {taskmixin.py:205} WARNING - Dependency <Task(_PythonDecoratedOperator): print_the_context>, log_sql_query already registered for DAG: example_python_operator
[2023-06-03T14:10:14.057+0000] {logging_mixin.py:137} INFO - [2023-06-03T14:10:14.057+0000] {taskmixin.py:205} WARNING - Dependency <Task(_PythonDecoratedOperator): log_sql_query>, print_the_context already registered for DAG: example_python_operator
[2023-06-03T14:10:14.058+0000] {logging_mixin.py:137} INFO - [2023-06-03T14:10:14.058+0000] {taskmixin.py:205} WARNING - Dependency <Task(_PythonDecoratedOperator): print_the_context>, log_sql_query already registered for DAG: example_python_operator
[2023-06-03T14:10:14.059+0000] {logging_mixin.py:137} INFO - [2023-06-03T14:10:14.059+0000] {taskmixin.py:205} WARNING - Dependency <Task(_PythonDecoratedOperator): log_sql_query>, print_the_context already registered for DAG: example_python_operator
[2023-06-03T14:10:14.064+0000] {processor.py:753} INFO - DAG(s) dict_keys(['example_python_operator']) retrieved from /home/airflow/.local/lib/python3.7/site-packages/airflow/example_dags/example_python_operator.py
[2023-06-03T14:10:14.089+0000] {logging_mixin.py:137} INFO - [2023-06-03T14:10:14.089+0000] {dag.py:2690} INFO - Sync 1 DAGs
[2023-06-03T14:10:14.106+0000] {logging_mixin.py:137} INFO - [2023-06-03T14:10:14.106+0000] {dag.py:3441} INFO - Setting next_dagrun for example_python_operator to None, run_after=None
[2023-06-03T14:10:14.124+0000] {processor.py:175} INFO - Processing /home/airflow/.local/lib/python3.7/site-packages/airflow/example_dags/example_python_operator.py took 0.091 seconds
[2023-06-03T15:32:53.505+0000] {processor.py:153} INFO - Started process (PID=81729) to work on /home/airflow/.local/lib/python3.7/site-packages/airflow/example_dags/example_python_operator.py
[2023-06-03T15:32:53.508+0000] {processor.py:743} INFO - Processing file /home/airflow/.local/lib/python3.7/site-packages/airflow/example_dags/example_python_operator.py for tasks to queue
[2023-06-03T15:32:53.509+0000] {logging_mixin.py:137} INFO - [2023-06-03T15:32:53.509+0000] {dagbag.py:538} INFO - Filling up the DagBag from /home/airflow/.local/lib/python3.7/site-packages/airflow/example_dags/example_python_operator.py
[2023-06-03T15:32:53.524+0000] {logging_mixin.py:137} INFO - [2023-06-03T15:32:53.523+0000] {taskmixin.py:205} WARNING - Dependency <Task(_PythonDecoratedOperator): print_the_context>, log_sql_query already registered for DAG: example_python_operator
[2023-06-03T15:32:53.525+0000] {logging_mixin.py:137} INFO - [2023-06-03T15:32:53.524+0000] {taskmixin.py:205} WARNING - Dependency <Task(_PythonDecoratedOperator): log_sql_query>, print_the_context already registered for DAG: example_python_operator
[2023-06-03T15:32:53.525+0000] {logging_mixin.py:137} INFO - [2023-06-03T15:32:53.525+0000] {taskmixin.py:205} WARNING - Dependency <Task(_PythonDecoratedOperator): print_the_context>, log_sql_query already registered for DAG: example_python_operator
[2023-06-03T15:32:53.526+0000] {logging_mixin.py:137} INFO - [2023-06-03T15:32:53.526+0000] {taskmixin.py:205} WARNING - Dependency <Task(_PythonDecoratedOperator): log_sql_query>, print_the_context already registered for DAG: example_python_operator
[2023-06-03T15:32:53.527+0000] {logging_mixin.py:137} INFO - [2023-06-03T15:32:53.527+0000] {taskmixin.py:205} WARNING - Dependency <Task(_PythonDecoratedOperator): print_the_context>, log_sql_query already registered for DAG: example_python_operator
[2023-06-03T15:32:53.528+0000] {logging_mixin.py:137} INFO - [2023-06-03T15:32:53.528+0000] {taskmixin.py:205} WARNING - Dependency <Task(_PythonDecoratedOperator): log_sql_query>, print_the_context already registered for DAG: example_python_operator
[2023-06-03T15:32:53.529+0000] {logging_mixin.py:137} INFO - [2023-06-03T15:32:53.528+0000] {taskmixin.py:205} WARNING - Dependency <Task(_PythonDecoratedOperator): print_the_context>, log_sql_query already registered for DAG: example_python_operator
[2023-06-03T15:32:53.529+0000] {logging_mixin.py:137} INFO - [2023-06-03T15:32:53.529+0000] {taskmixin.py:205} WARNING - Dependency <Task(_PythonDecoratedOperator): log_sql_query>, print_the_context already registered for DAG: example_python_operator
[2023-06-03T15:32:53.535+0000] {processor.py:753} INFO - DAG(s) dict_keys(['example_python_operator']) retrieved from /home/airflow/.local/lib/python3.7/site-packages/airflow/example_dags/example_python_operator.py
[2023-06-03T15:32:53.556+0000] {logging_mixin.py:137} INFO - [2023-06-03T15:32:53.556+0000] {dag.py:2690} INFO - Sync 1 DAGs
[2023-06-03T15:32:53.574+0000] {logging_mixin.py:137} INFO - [2023-06-03T15:32:53.574+0000] {dag.py:3441} INFO - Setting next_dagrun for example_python_operator to None, run_after=None
[2023-06-03T15:32:53.587+0000] {processor.py:175} INFO - Processing /home/airflow/.local/lib/python3.7/site-packages/airflow/example_dags/example_python_operator.py took 0.085 seconds
[2023-06-03T16:57:12.444+0000] {processor.py:153} INFO - Started process (PID=81806) to work on /home/airflow/.local/lib/python3.7/site-packages/airflow/example_dags/example_python_operator.py
[2023-06-03T16:57:12.447+0000] {processor.py:743} INFO - Processing file /home/airflow/.local/lib/python3.7/site-packages/airflow/example_dags/example_python_operator.py for tasks to queue
[2023-06-03T16:57:12.448+0000] {logging_mixin.py:137} INFO - [2023-06-03T16:57:12.448+0000] {dagbag.py:538} INFO - Filling up the DagBag from /home/airflow/.local/lib/python3.7/site-packages/airflow/example_dags/example_python_operator.py
[2023-06-03T16:57:12.463+0000] {logging_mixin.py:137} INFO - [2023-06-03T16:57:12.463+0000] {taskmixin.py:205} WARNING - Dependency <Task(_PythonDecoratedOperator): print_the_context>, log_sql_query already registered for DAG: example_python_operator
[2023-06-03T16:57:12.464+0000] {logging_mixin.py:137} INFO - [2023-06-03T16:57:12.464+0000] {taskmixin.py:205} WARNING - Dependency <Task(_PythonDecoratedOperator): log_sql_query>, print_the_context already registered for DAG: example_python_operator
[2023-06-03T16:57:12.467+0000] {logging_mixin.py:137} INFO - [2023-06-03T16:57:12.467+0000] {taskmixin.py:205} WARNING - Dependency <Task(_PythonDecoratedOperator): print_the_context>, log_sql_query already registered for DAG: example_python_operator
[2023-06-03T16:57:12.468+0000] {logging_mixin.py:137} INFO - [2023-06-03T16:57:12.468+0000] {taskmixin.py:205} WARNING - Dependency <Task(_PythonDecoratedOperator): log_sql_query>, print_the_context already registered for DAG: example_python_operator
[2023-06-03T16:57:12.469+0000] {logging_mixin.py:137} INFO - [2023-06-03T16:57:12.469+0000] {taskmixin.py:205} WARNING - Dependency <Task(_PythonDecoratedOperator): print_the_context>, log_sql_query already registered for DAG: example_python_operator
[2023-06-03T16:57:12.469+0000] {logging_mixin.py:137} INFO - [2023-06-03T16:57:12.469+0000] {taskmixin.py:205} WARNING - Dependency <Task(_PythonDecoratedOperator): log_sql_query>, print_the_context already registered for DAG: example_python_operator
[2023-06-03T16:57:12.471+0000] {logging_mixin.py:137} INFO - [2023-06-03T16:57:12.470+0000] {taskmixin.py:205} WARNING - Dependency <Task(_PythonDecoratedOperator): print_the_context>, log_sql_query already registered for DAG: example_python_operator
[2023-06-03T16:57:12.472+0000] {logging_mixin.py:137} INFO - [2023-06-03T16:57:12.472+0000] {taskmixin.py:205} WARNING - Dependency <Task(_PythonDecoratedOperator): log_sql_query>, print_the_context already registered for DAG: example_python_operator
[2023-06-03T16:57:12.478+0000] {processor.py:753} INFO - DAG(s) dict_keys(['example_python_operator']) retrieved from /home/airflow/.local/lib/python3.7/site-packages/airflow/example_dags/example_python_operator.py
[2023-06-03T16:57:12.505+0000] {logging_mixin.py:137} INFO - [2023-06-03T16:57:12.505+0000] {dag.py:2690} INFO - Sync 1 DAGs
[2023-06-03T16:57:12.529+0000] {logging_mixin.py:137} INFO - [2023-06-03T16:57:12.528+0000] {dag.py:3441} INFO - Setting next_dagrun for example_python_operator to None, run_after=None
[2023-06-03T16:57:12.550+0000] {processor.py:175} INFO - Processing /home/airflow/.local/lib/python3.7/site-packages/airflow/example_dags/example_python_operator.py took 0.109 seconds
[2023-06-03T18:19:40.092+0000] {processor.py:153} INFO - Started process (PID=81883) to work on /home/airflow/.local/lib/python3.7/site-packages/airflow/example_dags/example_python_operator.py
[2023-06-03T18:19:40.094+0000] {processor.py:743} INFO - Processing file /home/airflow/.local/lib/python3.7/site-packages/airflow/example_dags/example_python_operator.py for tasks to queue
[2023-06-03T18:19:40.095+0000] {logging_mixin.py:137} INFO - [2023-06-03T18:19:40.095+0000] {dagbag.py:538} INFO - Filling up the DagBag from /home/airflow/.local/lib/python3.7/site-packages/airflow/example_dags/example_python_operator.py
[2023-06-03T18:19:40.109+0000] {logging_mixin.py:137} INFO - [2023-06-03T18:19:40.109+0000] {taskmixin.py:205} WARNING - Dependency <Task(_PythonDecoratedOperator): print_the_context>, log_sql_query already registered for DAG: example_python_operator
[2023-06-03T18:19:40.111+0000] {logging_mixin.py:137} INFO - [2023-06-03T18:19:40.111+0000] {taskmixin.py:205} WARNING - Dependency <Task(_PythonDecoratedOperator): log_sql_query>, print_the_context already registered for DAG: example_python_operator
[2023-06-03T18:19:40.112+0000] {logging_mixin.py:137} INFO - [2023-06-03T18:19:40.112+0000] {taskmixin.py:205} WARNING - Dependency <Task(_PythonDecoratedOperator): print_the_context>, log_sql_query already registered for DAG: example_python_operator
[2023-06-03T18:19:40.113+0000] {logging_mixin.py:137} INFO - [2023-06-03T18:19:40.113+0000] {taskmixin.py:205} WARNING - Dependency <Task(_PythonDecoratedOperator): log_sql_query>, print_the_context already registered for DAG: example_python_operator
[2023-06-03T18:19:40.114+0000] {logging_mixin.py:137} INFO - [2023-06-03T18:19:40.114+0000] {taskmixin.py:205} WARNING - Dependency <Task(_PythonDecoratedOperator): print_the_context>, log_sql_query already registered for DAG: example_python_operator
[2023-06-03T18:19:40.117+0000] {logging_mixin.py:137} INFO - [2023-06-03T18:19:40.117+0000] {taskmixin.py:205} WARNING - Dependency <Task(_PythonDecoratedOperator): log_sql_query>, print_the_context already registered for DAG: example_python_operator
[2023-06-03T18:19:40.118+0000] {logging_mixin.py:137} INFO - [2023-06-03T18:19:40.118+0000] {taskmixin.py:205} WARNING - Dependency <Task(_PythonDecoratedOperator): print_the_context>, log_sql_query already registered for DAG: example_python_operator
[2023-06-03T18:19:40.118+0000] {logging_mixin.py:137} INFO - [2023-06-03T18:19:40.118+0000] {taskmixin.py:205} WARNING - Dependency <Task(_PythonDecoratedOperator): log_sql_query>, print_the_context already registered for DAG: example_python_operator
[2023-06-03T18:19:40.125+0000] {processor.py:753} INFO - DAG(s) dict_keys(['example_python_operator']) retrieved from /home/airflow/.local/lib/python3.7/site-packages/airflow/example_dags/example_python_operator.py
[2023-06-03T18:19:40.149+0000] {logging_mixin.py:137} INFO - [2023-06-03T18:19:40.149+0000] {dag.py:2690} INFO - Sync 1 DAGs
[2023-06-03T18:19:40.172+0000] {logging_mixin.py:137} INFO - [2023-06-03T18:19:40.171+0000] {dag.py:3441} INFO - Setting next_dagrun for example_python_operator to None, run_after=None
[2023-06-03T18:19:40.187+0000] {processor.py:175} INFO - Processing /home/airflow/.local/lib/python3.7/site-packages/airflow/example_dags/example_python_operator.py took 0.099 seconds
[2023-06-03T19:42:56.053+0000] {processor.py:153} INFO - Started process (PID=81967) to work on /home/airflow/.local/lib/python3.7/site-packages/airflow/example_dags/example_python_operator.py
[2023-06-03T19:42:56.055+0000] {processor.py:743} INFO - Processing file /home/airflow/.local/lib/python3.7/site-packages/airflow/example_dags/example_python_operator.py for tasks to queue
[2023-06-03T19:42:56.056+0000] {logging_mixin.py:137} INFO - [2023-06-03T19:42:56.056+0000] {dagbag.py:538} INFO - Filling up the DagBag from /home/airflow/.local/lib/python3.7/site-packages/airflow/example_dags/example_python_operator.py
[2023-06-03T19:42:56.071+0000] {logging_mixin.py:137} INFO - [2023-06-03T19:42:56.071+0000] {taskmixin.py:205} WARNING - Dependency <Task(_PythonDecoratedOperator): print_the_context>, log_sql_query already registered for DAG: example_python_operator
[2023-06-03T19:42:56.072+0000] {logging_mixin.py:137} INFO - [2023-06-03T19:42:56.072+0000] {taskmixin.py:205} WARNING - Dependency <Task(_PythonDecoratedOperator): log_sql_query>, print_the_context already registered for DAG: example_python_operator
[2023-06-03T19:42:56.073+0000] {logging_mixin.py:137} INFO - [2023-06-03T19:42:56.073+0000] {taskmixin.py:205} WARNING - Dependency <Task(_PythonDecoratedOperator): print_the_context>, log_sql_query already registered for DAG: example_python_operator
[2023-06-03T19:42:56.074+0000] {logging_mixin.py:137} INFO - [2023-06-03T19:42:56.074+0000] {taskmixin.py:205} WARNING - Dependency <Task(_PythonDecoratedOperator): log_sql_query>, print_the_context already registered for DAG: example_python_operator
[2023-06-03T19:42:56.075+0000] {logging_mixin.py:137} INFO - [2023-06-03T19:42:56.075+0000] {taskmixin.py:205} WARNING - Dependency <Task(_PythonDecoratedOperator): print_the_context>, log_sql_query already registered for DAG: example_python_operator
[2023-06-03T19:42:56.076+0000] {logging_mixin.py:137} INFO - [2023-06-03T19:42:56.076+0000] {taskmixin.py:205} WARNING - Dependency <Task(_PythonDecoratedOperator): log_sql_query>, print_the_context already registered for DAG: example_python_operator
[2023-06-03T19:42:56.077+0000] {logging_mixin.py:137} INFO - [2023-06-03T19:42:56.077+0000] {taskmixin.py:205} WARNING - Dependency <Task(_PythonDecoratedOperator): print_the_context>, log_sql_query already registered for DAG: example_python_operator
[2023-06-03T19:42:56.078+0000] {logging_mixin.py:137} INFO - [2023-06-03T19:42:56.078+0000] {taskmixin.py:205} WARNING - Dependency <Task(_PythonDecoratedOperator): log_sql_query>, print_the_context already registered for DAG: example_python_operator
[2023-06-03T19:42:56.084+0000] {processor.py:753} INFO - DAG(s) dict_keys(['example_python_operator']) retrieved from /home/airflow/.local/lib/python3.7/site-packages/airflow/example_dags/example_python_operator.py
[2023-06-03T19:42:56.109+0000] {logging_mixin.py:137} INFO - [2023-06-03T19:42:56.109+0000] {dag.py:2690} INFO - Sync 1 DAGs
[2023-06-03T19:42:56.125+0000] {logging_mixin.py:137} INFO - [2023-06-03T19:42:56.125+0000] {dag.py:3441} INFO - Setting next_dagrun for example_python_operator to None, run_after=None
[2023-06-03T19:42:56.137+0000] {processor.py:175} INFO - Processing /home/airflow/.local/lib/python3.7/site-packages/airflow/example_dags/example_python_operator.py took 0.090 seconds
[2023-06-03T21:03:55.934+0000] {processor.py:153} INFO - Started process (PID=82038) to work on /home/airflow/.local/lib/python3.7/site-packages/airflow/example_dags/example_python_operator.py
[2023-06-03T21:03:55.936+0000] {processor.py:743} INFO - Processing file /home/airflow/.local/lib/python3.7/site-packages/airflow/example_dags/example_python_operator.py for tasks to queue
[2023-06-03T21:03:55.938+0000] {logging_mixin.py:137} INFO - [2023-06-03T21:03:55.937+0000] {dagbag.py:538} INFO - Filling up the DagBag from /home/airflow/.local/lib/python3.7/site-packages/airflow/example_dags/example_python_operator.py
[2023-06-03T21:03:55.952+0000] {logging_mixin.py:137} INFO - [2023-06-03T21:03:55.952+0000] {taskmixin.py:205} WARNING - Dependency <Task(_PythonDecoratedOperator): print_the_context>, log_sql_query already registered for DAG: example_python_operator
[2023-06-03T21:03:55.953+0000] {logging_mixin.py:137} INFO - [2023-06-03T21:03:55.953+0000] {taskmixin.py:205} WARNING - Dependency <Task(_PythonDecoratedOperator): log_sql_query>, print_the_context already registered for DAG: example_python_operator
[2023-06-03T21:03:55.954+0000] {logging_mixin.py:137} INFO - [2023-06-03T21:03:55.954+0000] {taskmixin.py:205} WARNING - Dependency <Task(_PythonDecoratedOperator): print_the_context>, log_sql_query already registered for DAG: example_python_operator
[2023-06-03T21:03:55.955+0000] {logging_mixin.py:137} INFO - [2023-06-03T21:03:55.955+0000] {taskmixin.py:205} WARNING - Dependency <Task(_PythonDecoratedOperator): log_sql_query>, print_the_context already registered for DAG: example_python_operator
[2023-06-03T21:03:55.956+0000] {logging_mixin.py:137} INFO - [2023-06-03T21:03:55.956+0000] {taskmixin.py:205} WARNING - Dependency <Task(_PythonDecoratedOperator): print_the_context>, log_sql_query already registered for DAG: example_python_operator
[2023-06-03T21:03:55.957+0000] {logging_mixin.py:137} INFO - [2023-06-03T21:03:55.957+0000] {taskmixin.py:205} WARNING - Dependency <Task(_PythonDecoratedOperator): log_sql_query>, print_the_context already registered for DAG: example_python_operator
[2023-06-03T21:03:55.958+0000] {logging_mixin.py:137} INFO - [2023-06-03T21:03:55.958+0000] {taskmixin.py:205} WARNING - Dependency <Task(_PythonDecoratedOperator): print_the_context>, log_sql_query already registered for DAG: example_python_operator
[2023-06-03T21:03:55.959+0000] {logging_mixin.py:137} INFO - [2023-06-03T21:03:55.959+0000] {taskmixin.py:205} WARNING - Dependency <Task(_PythonDecoratedOperator): log_sql_query>, print_the_context already registered for DAG: example_python_operator
[2023-06-03T21:03:55.964+0000] {processor.py:753} INFO - DAG(s) dict_keys(['example_python_operator']) retrieved from /home/airflow/.local/lib/python3.7/site-packages/airflow/example_dags/example_python_operator.py
[2023-06-03T21:03:55.991+0000] {logging_mixin.py:137} INFO - [2023-06-03T21:03:55.991+0000] {dag.py:2690} INFO - Sync 1 DAGs
[2023-06-03T21:03:56.010+0000] {logging_mixin.py:137} INFO - [2023-06-03T21:03:56.010+0000] {dag.py:3441} INFO - Setting next_dagrun for example_python_operator to None, run_after=None
[2023-06-03T21:03:56.023+0000] {processor.py:175} INFO - Processing /home/airflow/.local/lib/python3.7/site-packages/airflow/example_dags/example_python_operator.py took 0.093 seconds
[2023-06-03T21:51:36.528+0000] {processor.py:153} INFO - Started process (PID=82120) to work on /home/airflow/.local/lib/python3.7/site-packages/airflow/example_dags/example_python_operator.py
[2023-06-03T21:51:36.530+0000] {processor.py:743} INFO - Processing file /home/airflow/.local/lib/python3.7/site-packages/airflow/example_dags/example_python_operator.py for tasks to queue
[2023-06-03T21:51:36.531+0000] {logging_mixin.py:137} INFO - [2023-06-03T21:51:36.531+0000] {dagbag.py:538} INFO - Filling up the DagBag from /home/airflow/.local/lib/python3.7/site-packages/airflow/example_dags/example_python_operator.py
[2023-06-03T21:51:36.545+0000] {logging_mixin.py:137} INFO - [2023-06-03T21:51:36.544+0000] {taskmixin.py:205} WARNING - Dependency <Task(_PythonDecoratedOperator): print_the_context>, log_sql_query already registered for DAG: example_python_operator
[2023-06-03T21:51:36.546+0000] {logging_mixin.py:137} INFO - [2023-06-03T21:51:36.546+0000] {taskmixin.py:205} WARNING - Dependency <Task(_PythonDecoratedOperator): log_sql_query>, print_the_context already registered for DAG: example_python_operator
[2023-06-03T21:51:36.547+0000] {logging_mixin.py:137} INFO - [2023-06-03T21:51:36.547+0000] {taskmixin.py:205} WARNING - Dependency <Task(_PythonDecoratedOperator): print_the_context>, log_sql_query already registered for DAG: example_python_operator
[2023-06-03T21:51:36.548+0000] {logging_mixin.py:137} INFO - [2023-06-03T21:51:36.548+0000] {taskmixin.py:205} WARNING - Dependency <Task(_PythonDecoratedOperator): log_sql_query>, print_the_context already registered for DAG: example_python_operator
[2023-06-03T21:51:36.549+0000] {logging_mixin.py:137} INFO - [2023-06-03T21:51:36.549+0000] {taskmixin.py:205} WARNING - Dependency <Task(_PythonDecoratedOperator): print_the_context>, log_sql_query already registered for DAG: example_python_operator
[2023-06-03T21:51:36.550+0000] {logging_mixin.py:137} INFO - [2023-06-03T21:51:36.549+0000] {taskmixin.py:205} WARNING - Dependency <Task(_PythonDecoratedOperator): log_sql_query>, print_the_context already registered for DAG: example_python_operator
[2023-06-03T21:51:36.551+0000] {logging_mixin.py:137} INFO - [2023-06-03T21:51:36.551+0000] {taskmixin.py:205} WARNING - Dependency <Task(_PythonDecoratedOperator): print_the_context>, log_sql_query already registered for DAG: example_python_operator
[2023-06-03T21:51:36.551+0000] {logging_mixin.py:137} INFO - [2023-06-03T21:51:36.551+0000] {taskmixin.py:205} WARNING - Dependency <Task(_PythonDecoratedOperator): log_sql_query>, print_the_context already registered for DAG: example_python_operator
[2023-06-03T21:51:36.557+0000] {processor.py:753} INFO - DAG(s) dict_keys(['example_python_operator']) retrieved from /home/airflow/.local/lib/python3.7/site-packages/airflow/example_dags/example_python_operator.py
[2023-06-03T21:51:36.579+0000] {logging_mixin.py:137} INFO - [2023-06-03T21:51:36.579+0000] {dag.py:2690} INFO - Sync 1 DAGs
[2023-06-03T21:51:36.597+0000] {logging_mixin.py:137} INFO - [2023-06-03T21:51:36.597+0000] {dag.py:3441} INFO - Setting next_dagrun for example_python_operator to None, run_after=None
[2023-06-03T21:51:36.612+0000] {processor.py:175} INFO - Processing /home/airflow/.local/lib/python3.7/site-packages/airflow/example_dags/example_python_operator.py took 0.087 seconds
[2023-06-03T21:52:06.956+0000] {processor.py:153} INFO - Started process (PID=82204) to work on /home/airflow/.local/lib/python3.7/site-packages/airflow/example_dags/example_python_operator.py
[2023-06-03T21:52:06.957+0000] {processor.py:743} INFO - Processing file /home/airflow/.local/lib/python3.7/site-packages/airflow/example_dags/example_python_operator.py for tasks to queue
[2023-06-03T21:52:06.958+0000] {logging_mixin.py:137} INFO - [2023-06-03T21:52:06.958+0000] {dagbag.py:538} INFO - Filling up the DagBag from /home/airflow/.local/lib/python3.7/site-packages/airflow/example_dags/example_python_operator.py
[2023-06-03T21:52:06.971+0000] {logging_mixin.py:137} INFO - [2023-06-03T21:52:06.971+0000] {taskmixin.py:205} WARNING - Dependency <Task(_PythonDecoratedOperator): print_the_context>, log_sql_query already registered for DAG: example_python_operator
[2023-06-03T21:52:06.972+0000] {logging_mixin.py:137} INFO - [2023-06-03T21:52:06.972+0000] {taskmixin.py:205} WARNING - Dependency <Task(_PythonDecoratedOperator): log_sql_query>, print_the_context already registered for DAG: example_python_operator
[2023-06-03T21:52:06.973+0000] {logging_mixin.py:137} INFO - [2023-06-03T21:52:06.973+0000] {taskmixin.py:205} WARNING - Dependency <Task(_PythonDecoratedOperator): print_the_context>, log_sql_query already registered for DAG: example_python_operator
[2023-06-03T21:52:06.974+0000] {logging_mixin.py:137} INFO - [2023-06-03T21:52:06.974+0000] {taskmixin.py:205} WARNING - Dependency <Task(_PythonDecoratedOperator): log_sql_query>, print_the_context already registered for DAG: example_python_operator
[2023-06-03T21:52:06.975+0000] {logging_mixin.py:137} INFO - [2023-06-03T21:52:06.975+0000] {taskmixin.py:205} WARNING - Dependency <Task(_PythonDecoratedOperator): print_the_context>, log_sql_query already registered for DAG: example_python_operator
[2023-06-03T21:52:06.976+0000] {logging_mixin.py:137} INFO - [2023-06-03T21:52:06.975+0000] {taskmixin.py:205} WARNING - Dependency <Task(_PythonDecoratedOperator): log_sql_query>, print_the_context already registered for DAG: example_python_operator
[2023-06-03T21:52:06.976+0000] {logging_mixin.py:137} INFO - [2023-06-03T21:52:06.976+0000] {taskmixin.py:205} WARNING - Dependency <Task(_PythonDecoratedOperator): print_the_context>, log_sql_query already registered for DAG: example_python_operator
[2023-06-03T21:52:06.977+0000] {logging_mixin.py:137} INFO - [2023-06-03T21:52:06.977+0000] {taskmixin.py:205} WARNING - Dependency <Task(_PythonDecoratedOperator): log_sql_query>, print_the_context already registered for DAG: example_python_operator
[2023-06-03T21:52:06.982+0000] {processor.py:753} INFO - DAG(s) dict_keys(['example_python_operator']) retrieved from /home/airflow/.local/lib/python3.7/site-packages/airflow/example_dags/example_python_operator.py
[2023-06-03T21:52:07.007+0000] {logging_mixin.py:137} INFO - [2023-06-03T21:52:07.007+0000] {dag.py:2690} INFO - Sync 1 DAGs
[2023-06-03T21:52:07.025+0000] {logging_mixin.py:137} INFO - [2023-06-03T21:52:07.025+0000] {dag.py:3441} INFO - Setting next_dagrun for example_python_operator to None, run_after=None
[2023-06-03T21:52:07.037+0000] {processor.py:175} INFO - Processing /home/airflow/.local/lib/python3.7/site-packages/airflow/example_dags/example_python_operator.py took 0.084 seconds
[2023-06-03T21:52:37.128+0000] {processor.py:153} INFO - Started process (PID=82275) to work on /home/airflow/.local/lib/python3.7/site-packages/airflow/example_dags/example_python_operator.py
[2023-06-03T21:52:37.130+0000] {processor.py:743} INFO - Processing file /home/airflow/.local/lib/python3.7/site-packages/airflow/example_dags/example_python_operator.py for tasks to queue
[2023-06-03T21:52:37.131+0000] {logging_mixin.py:137} INFO - [2023-06-03T21:52:37.131+0000] {dagbag.py:538} INFO - Filling up the DagBag from /home/airflow/.local/lib/python3.7/site-packages/airflow/example_dags/example_python_operator.py
[2023-06-03T21:52:37.143+0000] {logging_mixin.py:137} INFO - [2023-06-03T21:52:37.143+0000] {taskmixin.py:205} WARNING - Dependency <Task(_PythonDecoratedOperator): print_the_context>, log_sql_query already registered for DAG: example_python_operator
[2023-06-03T21:52:37.144+0000] {logging_mixin.py:137} INFO - [2023-06-03T21:52:37.144+0000] {taskmixin.py:205} WARNING - Dependency <Task(_PythonDecoratedOperator): log_sql_query>, print_the_context already registered for DAG: example_python_operator
[2023-06-03T21:52:37.145+0000] {logging_mixin.py:137} INFO - [2023-06-03T21:52:37.145+0000] {taskmixin.py:205} WARNING - Dependency <Task(_PythonDecoratedOperator): print_the_context>, log_sql_query already registered for DAG: example_python_operator
[2023-06-03T21:52:37.147+0000] {logging_mixin.py:137} INFO - [2023-06-03T21:52:37.147+0000] {taskmixin.py:205} WARNING - Dependency <Task(_PythonDecoratedOperator): log_sql_query>, print_the_context already registered for DAG: example_python_operator
[2023-06-03T21:52:37.148+0000] {logging_mixin.py:137} INFO - [2023-06-03T21:52:37.148+0000] {taskmixin.py:205} WARNING - Dependency <Task(_PythonDecoratedOperator): print_the_context>, log_sql_query already registered for DAG: example_python_operator
[2023-06-03T21:52:37.149+0000] {logging_mixin.py:137} INFO - [2023-06-03T21:52:37.149+0000] {taskmixin.py:205} WARNING - Dependency <Task(_PythonDecoratedOperator): log_sql_query>, print_the_context already registered for DAG: example_python_operator
[2023-06-03T21:52:37.150+0000] {logging_mixin.py:137} INFO - [2023-06-03T21:52:37.150+0000] {taskmixin.py:205} WARNING - Dependency <Task(_PythonDecoratedOperator): print_the_context>, log_sql_query already registered for DAG: example_python_operator
[2023-06-03T21:52:37.151+0000] {logging_mixin.py:137} INFO - [2023-06-03T21:52:37.151+0000] {taskmixin.py:205} WARNING - Dependency <Task(_PythonDecoratedOperator): log_sql_query>, print_the_context already registered for DAG: example_python_operator
[2023-06-03T21:52:37.156+0000] {processor.py:753} INFO - DAG(s) dict_keys(['example_python_operator']) retrieved from /home/airflow/.local/lib/python3.7/site-packages/airflow/example_dags/example_python_operator.py
[2023-06-03T21:52:37.177+0000] {logging_mixin.py:137} INFO - [2023-06-03T21:52:37.177+0000] {dag.py:2690} INFO - Sync 1 DAGs
[2023-06-03T21:52:37.192+0000] {logging_mixin.py:137} INFO - [2023-06-03T21:52:37.192+0000] {dag.py:3441} INFO - Setting next_dagrun for example_python_operator to None, run_after=None
[2023-06-03T21:52:37.203+0000] {processor.py:175} INFO - Processing /home/airflow/.local/lib/python3.7/site-packages/airflow/example_dags/example_python_operator.py took 0.078 seconds
[2023-06-03T21:53:08.031+0000] {processor.py:153} INFO - Started process (PID=82358) to work on /home/airflow/.local/lib/python3.7/site-packages/airflow/example_dags/example_python_operator.py
[2023-06-03T21:53:08.032+0000] {processor.py:743} INFO - Processing file /home/airflow/.local/lib/python3.7/site-packages/airflow/example_dags/example_python_operator.py for tasks to queue
[2023-06-03T21:53:08.033+0000] {logging_mixin.py:137} INFO - [2023-06-03T21:53:08.033+0000] {dagbag.py:538} INFO - Filling up the DagBag from /home/airflow/.local/lib/python3.7/site-packages/airflow/example_dags/example_python_operator.py
[2023-06-03T21:53:08.049+0000] {logging_mixin.py:137} INFO - [2023-06-03T21:53:08.048+0000] {taskmixin.py:205} WARNING - Dependency <Task(_PythonDecoratedOperator): print_the_context>, log_sql_query already registered for DAG: example_python_operator
[2023-06-03T21:53:08.054+0000] {logging_mixin.py:137} INFO - [2023-06-03T21:53:08.054+0000] {taskmixin.py:205} WARNING - Dependency <Task(_PythonDecoratedOperator): log_sql_query>, print_the_context already registered for DAG: example_python_operator
[2023-06-03T21:53:08.056+0000] {logging_mixin.py:137} INFO - [2023-06-03T21:53:08.056+0000] {taskmixin.py:205} WARNING - Dependency <Task(_PythonDecoratedOperator): print_the_context>, log_sql_query already registered for DAG: example_python_operator
[2023-06-03T21:53:08.056+0000] {logging_mixin.py:137} INFO - [2023-06-03T21:53:08.056+0000] {taskmixin.py:205} WARNING - Dependency <Task(_PythonDecoratedOperator): log_sql_query>, print_the_context already registered for DAG: example_python_operator
[2023-06-03T21:53:08.058+0000] {logging_mixin.py:137} INFO - [2023-06-03T21:53:08.058+0000] {taskmixin.py:205} WARNING - Dependency <Task(_PythonDecoratedOperator): print_the_context>, log_sql_query already registered for DAG: example_python_operator
[2023-06-03T21:53:08.059+0000] {logging_mixin.py:137} INFO - [2023-06-03T21:53:08.059+0000] {taskmixin.py:205} WARNING - Dependency <Task(_PythonDecoratedOperator): log_sql_query>, print_the_context already registered for DAG: example_python_operator
[2023-06-03T21:53:08.063+0000] {logging_mixin.py:137} INFO - [2023-06-03T21:53:08.063+0000] {taskmixin.py:205} WARNING - Dependency <Task(_PythonDecoratedOperator): print_the_context>, log_sql_query already registered for DAG: example_python_operator
[2023-06-03T21:53:08.065+0000] {logging_mixin.py:137} INFO - [2023-06-03T21:53:08.065+0000] {taskmixin.py:205} WARNING - Dependency <Task(_PythonDecoratedOperator): log_sql_query>, print_the_context already registered for DAG: example_python_operator
[2023-06-03T21:53:08.071+0000] {processor.py:753} INFO - DAG(s) dict_keys(['example_python_operator']) retrieved from /home/airflow/.local/lib/python3.7/site-packages/airflow/example_dags/example_python_operator.py
[2023-06-03T21:53:08.103+0000] {logging_mixin.py:137} INFO - [2023-06-03T21:53:08.103+0000] {dag.py:2690} INFO - Sync 1 DAGs
[2023-06-03T21:53:08.133+0000] {logging_mixin.py:137} INFO - [2023-06-03T21:53:08.133+0000] {dag.py:3441} INFO - Setting next_dagrun for example_python_operator to None, run_after=None
[2023-06-03T21:53:08.148+0000] {processor.py:175} INFO - Processing /home/airflow/.local/lib/python3.7/site-packages/airflow/example_dags/example_python_operator.py took 0.120 seconds
[2023-06-03T21:53:38.864+0000] {processor.py:153} INFO - Started process (PID=82441) to work on /home/airflow/.local/lib/python3.7/site-packages/airflow/example_dags/example_python_operator.py
[2023-06-03T21:53:38.866+0000] {processor.py:743} INFO - Processing file /home/airflow/.local/lib/python3.7/site-packages/airflow/example_dags/example_python_operator.py for tasks to queue
[2023-06-03T21:53:38.867+0000] {logging_mixin.py:137} INFO - [2023-06-03T21:53:38.867+0000] {dagbag.py:538} INFO - Filling up the DagBag from /home/airflow/.local/lib/python3.7/site-packages/airflow/example_dags/example_python_operator.py
[2023-06-03T21:53:38.879+0000] {logging_mixin.py:137} INFO - [2023-06-03T21:53:38.879+0000] {taskmixin.py:205} WARNING - Dependency <Task(_PythonDecoratedOperator): print_the_context>, log_sql_query already registered for DAG: example_python_operator
[2023-06-03T21:53:38.880+0000] {logging_mixin.py:137} INFO - [2023-06-03T21:53:38.880+0000] {taskmixin.py:205} WARNING - Dependency <Task(_PythonDecoratedOperator): log_sql_query>, print_the_context already registered for DAG: example_python_operator
[2023-06-03T21:53:38.882+0000] {logging_mixin.py:137} INFO - [2023-06-03T21:53:38.882+0000] {taskmixin.py:205} WARNING - Dependency <Task(_PythonDecoratedOperator): print_the_context>, log_sql_query already registered for DAG: example_python_operator
[2023-06-03T21:53:38.883+0000] {logging_mixin.py:137} INFO - [2023-06-03T21:53:38.883+0000] {taskmixin.py:205} WARNING - Dependency <Task(_PythonDecoratedOperator): log_sql_query>, print_the_context already registered for DAG: example_python_operator
[2023-06-03T21:53:38.884+0000] {logging_mixin.py:137} INFO - [2023-06-03T21:53:38.884+0000] {taskmixin.py:205} WARNING - Dependency <Task(_PythonDecoratedOperator): print_the_context>, log_sql_query already registered for DAG: example_python_operator
[2023-06-03T21:53:38.885+0000] {logging_mixin.py:137} INFO - [2023-06-03T21:53:38.885+0000] {taskmixin.py:205} WARNING - Dependency <Task(_PythonDecoratedOperator): log_sql_query>, print_the_context already registered for DAG: example_python_operator
[2023-06-03T21:53:38.886+0000] {logging_mixin.py:137} INFO - [2023-06-03T21:53:38.886+0000] {taskmixin.py:205} WARNING - Dependency <Task(_PythonDecoratedOperator): print_the_context>, log_sql_query already registered for DAG: example_python_operator
[2023-06-03T21:53:38.886+0000] {logging_mixin.py:137} INFO - [2023-06-03T21:53:38.886+0000] {taskmixin.py:205} WARNING - Dependency <Task(_PythonDecoratedOperator): log_sql_query>, print_the_context already registered for DAG: example_python_operator
[2023-06-03T21:53:38.892+0000] {processor.py:753} INFO - DAG(s) dict_keys(['example_python_operator']) retrieved from /home/airflow/.local/lib/python3.7/site-packages/airflow/example_dags/example_python_operator.py
[2023-06-03T21:53:38.918+0000] {logging_mixin.py:137} INFO - [2023-06-03T21:53:38.917+0000] {dag.py:2690} INFO - Sync 1 DAGs
[2023-06-03T21:53:38.936+0000] {logging_mixin.py:137} INFO - [2023-06-03T21:53:38.936+0000] {dag.py:3441} INFO - Setting next_dagrun for example_python_operator to None, run_after=None
[2023-06-03T21:53:38.948+0000] {processor.py:175} INFO - Processing /home/airflow/.local/lib/python3.7/site-packages/airflow/example_dags/example_python_operator.py took 0.087 seconds
[2023-06-03T21:54:10.802+0000] {processor.py:153} INFO - Started process (PID=82521) to work on /home/airflow/.local/lib/python3.7/site-packages/airflow/example_dags/example_python_operator.py
[2023-06-03T21:54:10.805+0000] {processor.py:743} INFO - Processing file /home/airflow/.local/lib/python3.7/site-packages/airflow/example_dags/example_python_operator.py for tasks to queue
[2023-06-03T21:54:10.808+0000] {logging_mixin.py:137} INFO - [2023-06-03T21:54:10.808+0000] {dagbag.py:538} INFO - Filling up the DagBag from /home/airflow/.local/lib/python3.7/site-packages/airflow/example_dags/example_python_operator.py
[2023-06-03T21:54:10.826+0000] {logging_mixin.py:137} INFO - [2023-06-03T21:54:10.826+0000] {taskmixin.py:205} WARNING - Dependency <Task(_PythonDecoratedOperator): print_the_context>, log_sql_query already registered for DAG: example_python_operator
[2023-06-03T21:54:10.829+0000] {logging_mixin.py:137} INFO - [2023-06-03T21:54:10.828+0000] {taskmixin.py:205} WARNING - Dependency <Task(_PythonDecoratedOperator): log_sql_query>, print_the_context already registered for DAG: example_python_operator
[2023-06-03T21:54:10.846+0000] {logging_mixin.py:137} INFO - [2023-06-03T21:54:10.846+0000] {taskmixin.py:205} WARNING - Dependency <Task(_PythonDecoratedOperator): print_the_context>, log_sql_query already registered for DAG: example_python_operator
[2023-06-03T21:54:10.880+0000] {logging_mixin.py:137} INFO - [2023-06-03T21:54:10.878+0000] {taskmixin.py:205} WARNING - Dependency <Task(_PythonDecoratedOperator): log_sql_query>, print_the_context already registered for DAG: example_python_operator
[2023-06-03T21:54:10.882+0000] {logging_mixin.py:137} INFO - [2023-06-03T21:54:10.882+0000] {taskmixin.py:205} WARNING - Dependency <Task(_PythonDecoratedOperator): print_the_context>, log_sql_query already registered for DAG: example_python_operator
[2023-06-03T21:54:10.884+0000] {logging_mixin.py:137} INFO - [2023-06-03T21:54:10.884+0000] {taskmixin.py:205} WARNING - Dependency <Task(_PythonDecoratedOperator): log_sql_query>, print_the_context already registered for DAG: example_python_operator
[2023-06-03T21:54:10.886+0000] {logging_mixin.py:137} INFO - [2023-06-03T21:54:10.885+0000] {taskmixin.py:205} WARNING - Dependency <Task(_PythonDecoratedOperator): print_the_context>, log_sql_query already registered for DAG: example_python_operator
[2023-06-03T21:54:10.887+0000] {logging_mixin.py:137} INFO - [2023-06-03T21:54:10.887+0000] {taskmixin.py:205} WARNING - Dependency <Task(_PythonDecoratedOperator): log_sql_query>, print_the_context already registered for DAG: example_python_operator
[2023-06-03T21:54:10.893+0000] {processor.py:753} INFO - DAG(s) dict_keys(['example_python_operator']) retrieved from /home/airflow/.local/lib/python3.7/site-packages/airflow/example_dags/example_python_operator.py
[2023-06-03T21:54:10.932+0000] {logging_mixin.py:137} INFO - [2023-06-03T21:54:10.932+0000] {dag.py:2690} INFO - Sync 1 DAGs
[2023-06-03T21:54:10.954+0000] {logging_mixin.py:137} INFO - [2023-06-03T21:54:10.954+0000] {dag.py:3441} INFO - Setting next_dagrun for example_python_operator to None, run_after=None
[2023-06-03T21:54:11.010+0000] {processor.py:175} INFO - Processing /home/airflow/.local/lib/python3.7/site-packages/airflow/example_dags/example_python_operator.py took 0.210 seconds
[2023-06-03T23:02:39.621+0000] {processor.py:153} INFO - Started process (PID=82596) to work on /home/airflow/.local/lib/python3.7/site-packages/airflow/example_dags/example_python_operator.py
[2023-06-03T23:02:39.623+0000] {processor.py:743} INFO - Processing file /home/airflow/.local/lib/python3.7/site-packages/airflow/example_dags/example_python_operator.py for tasks to queue
[2023-06-03T23:02:39.625+0000] {logging_mixin.py:137} INFO - [2023-06-03T23:02:39.625+0000] {dagbag.py:538} INFO - Filling up the DagBag from /home/airflow/.local/lib/python3.7/site-packages/airflow/example_dags/example_python_operator.py
[2023-06-03T23:02:39.638+0000] {logging_mixin.py:137} INFO - [2023-06-03T23:02:39.638+0000] {taskmixin.py:205} WARNING - Dependency <Task(_PythonDecoratedOperator): print_the_context>, log_sql_query already registered for DAG: example_python_operator
[2023-06-03T23:02:39.639+0000] {logging_mixin.py:137} INFO - [2023-06-03T23:02:39.639+0000] {taskmixin.py:205} WARNING - Dependency <Task(_PythonDecoratedOperator): log_sql_query>, print_the_context already registered for DAG: example_python_operator
[2023-06-03T23:02:39.640+0000] {logging_mixin.py:137} INFO - [2023-06-03T23:02:39.640+0000] {taskmixin.py:205} WARNING - Dependency <Task(_PythonDecoratedOperator): print_the_context>, log_sql_query already registered for DAG: example_python_operator
[2023-06-03T23:02:39.641+0000] {logging_mixin.py:137} INFO - [2023-06-03T23:02:39.641+0000] {taskmixin.py:205} WARNING - Dependency <Task(_PythonDecoratedOperator): log_sql_query>, print_the_context already registered for DAG: example_python_operator
[2023-06-03T23:02:39.642+0000] {logging_mixin.py:137} INFO - [2023-06-03T23:02:39.642+0000] {taskmixin.py:205} WARNING - Dependency <Task(_PythonDecoratedOperator): print_the_context>, log_sql_query already registered for DAG: example_python_operator
[2023-06-03T23:02:39.642+0000] {logging_mixin.py:137} INFO - [2023-06-03T23:02:39.642+0000] {taskmixin.py:205} WARNING - Dependency <Task(_PythonDecoratedOperator): log_sql_query>, print_the_context already registered for DAG: example_python_operator
[2023-06-03T23:02:39.644+0000] {logging_mixin.py:137} INFO - [2023-06-03T23:02:39.643+0000] {taskmixin.py:205} WARNING - Dependency <Task(_PythonDecoratedOperator): print_the_context>, log_sql_query already registered for DAG: example_python_operator
[2023-06-03T23:02:39.644+0000] {logging_mixin.py:137} INFO - [2023-06-03T23:02:39.644+0000] {taskmixin.py:205} WARNING - Dependency <Task(_PythonDecoratedOperator): log_sql_query>, print_the_context already registered for DAG: example_python_operator
[2023-06-03T23:02:39.649+0000] {processor.py:753} INFO - DAG(s) dict_keys(['example_python_operator']) retrieved from /home/airflow/.local/lib/python3.7/site-packages/airflow/example_dags/example_python_operator.py
[2023-06-03T23:02:39.673+0000] {logging_mixin.py:137} INFO - [2023-06-03T23:02:39.673+0000] {dag.py:2690} INFO - Sync 1 DAGs
[2023-06-03T23:02:39.691+0000] {logging_mixin.py:137} INFO - [2023-06-03T23:02:39.691+0000] {dag.py:3441} INFO - Setting next_dagrun for example_python_operator to None, run_after=None
[2023-06-03T23:02:39.704+0000] {processor.py:175} INFO - Processing /home/airflow/.local/lib/python3.7/site-packages/airflow/example_dags/example_python_operator.py took 0.087 seconds
[2023-06-03T23:31:21.655+0000] {processor.py:153} INFO - Started process (PID=82667) to work on /home/airflow/.local/lib/python3.7/site-packages/airflow/example_dags/example_python_operator.py
[2023-06-03T23:31:21.656+0000] {processor.py:743} INFO - Processing file /home/airflow/.local/lib/python3.7/site-packages/airflow/example_dags/example_python_operator.py for tasks to queue
[2023-06-03T23:31:21.657+0000] {logging_mixin.py:137} INFO - [2023-06-03T23:31:21.657+0000] {dagbag.py:538} INFO - Filling up the DagBag from /home/airflow/.local/lib/python3.7/site-packages/airflow/example_dags/example_python_operator.py
[2023-06-03T23:31:21.671+0000] {logging_mixin.py:137} INFO - [2023-06-03T23:31:21.671+0000] {taskmixin.py:205} WARNING - Dependency <Task(_PythonDecoratedOperator): print_the_context>, log_sql_query already registered for DAG: example_python_operator
[2023-06-03T23:31:21.672+0000] {logging_mixin.py:137} INFO - [2023-06-03T23:31:21.672+0000] {taskmixin.py:205} WARNING - Dependency <Task(_PythonDecoratedOperator): log_sql_query>, print_the_context already registered for DAG: example_python_operator
[2023-06-03T23:31:21.674+0000] {logging_mixin.py:137} INFO - [2023-06-03T23:31:21.674+0000] {taskmixin.py:205} WARNING - Dependency <Task(_PythonDecoratedOperator): print_the_context>, log_sql_query already registered for DAG: example_python_operator
[2023-06-03T23:31:21.675+0000] {logging_mixin.py:137} INFO - [2023-06-03T23:31:21.675+0000] {taskmixin.py:205} WARNING - Dependency <Task(_PythonDecoratedOperator): log_sql_query>, print_the_context already registered for DAG: example_python_operator
[2023-06-03T23:31:21.676+0000] {logging_mixin.py:137} INFO - [2023-06-03T23:31:21.676+0000] {taskmixin.py:205} WARNING - Dependency <Task(_PythonDecoratedOperator): print_the_context>, log_sql_query already registered for DAG: example_python_operator
[2023-06-03T23:31:21.676+0000] {logging_mixin.py:137} INFO - [2023-06-03T23:31:21.676+0000] {taskmixin.py:205} WARNING - Dependency <Task(_PythonDecoratedOperator): log_sql_query>, print_the_context already registered for DAG: example_python_operator
[2023-06-03T23:31:21.677+0000] {logging_mixin.py:137} INFO - [2023-06-03T23:31:21.677+0000] {taskmixin.py:205} WARNING - Dependency <Task(_PythonDecoratedOperator): print_the_context>, log_sql_query already registered for DAG: example_python_operator
[2023-06-03T23:31:21.678+0000] {logging_mixin.py:137} INFO - [2023-06-03T23:31:21.678+0000] {taskmixin.py:205} WARNING - Dependency <Task(_PythonDecoratedOperator): log_sql_query>, print_the_context already registered for DAG: example_python_operator
[2023-06-03T23:31:21.683+0000] {processor.py:753} INFO - DAG(s) dict_keys(['example_python_operator']) retrieved from /home/airflow/.local/lib/python3.7/site-packages/airflow/example_dags/example_python_operator.py
[2023-06-03T23:31:21.706+0000] {logging_mixin.py:137} INFO - [2023-06-03T23:31:21.706+0000] {dag.py:2690} INFO - Sync 1 DAGs
[2023-06-03T23:31:21.723+0000] {logging_mixin.py:137} INFO - [2023-06-03T23:31:21.722+0000] {dag.py:3441} INFO - Setting next_dagrun for example_python_operator to None, run_after=None
[2023-06-03T23:31:21.736+0000] {processor.py:175} INFO - Processing /home/airflow/.local/lib/python3.7/site-packages/airflow/example_dags/example_python_operator.py took 0.085 seconds
[2023-06-03T23:47:27.960+0000] {processor.py:153} INFO - Started process (PID=82750) to work on /home/airflow/.local/lib/python3.7/site-packages/airflow/example_dags/example_python_operator.py
[2023-06-03T23:47:27.962+0000] {processor.py:743} INFO - Processing file /home/airflow/.local/lib/python3.7/site-packages/airflow/example_dags/example_python_operator.py for tasks to queue
[2023-06-03T23:47:27.963+0000] {logging_mixin.py:137} INFO - [2023-06-03T23:47:27.963+0000] {dagbag.py:538} INFO - Filling up the DagBag from /home/airflow/.local/lib/python3.7/site-packages/airflow/example_dags/example_python_operator.py
[2023-06-03T23:47:27.977+0000] {logging_mixin.py:137} INFO - [2023-06-03T23:47:27.977+0000] {taskmixin.py:205} WARNING - Dependency <Task(_PythonDecoratedOperator): print_the_context>, log_sql_query already registered for DAG: example_python_operator
[2023-06-03T23:47:27.978+0000] {logging_mixin.py:137} INFO - [2023-06-03T23:47:27.978+0000] {taskmixin.py:205} WARNING - Dependency <Task(_PythonDecoratedOperator): log_sql_query>, print_the_context already registered for DAG: example_python_operator
[2023-06-03T23:47:27.979+0000] {logging_mixin.py:137} INFO - [2023-06-03T23:47:27.979+0000] {taskmixin.py:205} WARNING - Dependency <Task(_PythonDecoratedOperator): print_the_context>, log_sql_query already registered for DAG: example_python_operator
[2023-06-03T23:47:27.980+0000] {logging_mixin.py:137} INFO - [2023-06-03T23:47:27.980+0000] {taskmixin.py:205} WARNING - Dependency <Task(_PythonDecoratedOperator): log_sql_query>, print_the_context already registered for DAG: example_python_operator
[2023-06-03T23:47:27.981+0000] {logging_mixin.py:137} INFO - [2023-06-03T23:47:27.981+0000] {taskmixin.py:205} WARNING - Dependency <Task(_PythonDecoratedOperator): print_the_context>, log_sql_query already registered for DAG: example_python_operator
[2023-06-03T23:47:27.983+0000] {logging_mixin.py:137} INFO - [2023-06-03T23:47:27.982+0000] {taskmixin.py:205} WARNING - Dependency <Task(_PythonDecoratedOperator): log_sql_query>, print_the_context already registered for DAG: example_python_operator
[2023-06-03T23:47:27.986+0000] {logging_mixin.py:137} INFO - [2023-06-03T23:47:27.986+0000] {taskmixin.py:205} WARNING - Dependency <Task(_PythonDecoratedOperator): print_the_context>, log_sql_query already registered for DAG: example_python_operator
[2023-06-03T23:47:27.987+0000] {logging_mixin.py:137} INFO - [2023-06-03T23:47:27.987+0000] {taskmixin.py:205} WARNING - Dependency <Task(_PythonDecoratedOperator): log_sql_query>, print_the_context already registered for DAG: example_python_operator
[2023-06-03T23:47:27.992+0000] {processor.py:753} INFO - DAG(s) dict_keys(['example_python_operator']) retrieved from /home/airflow/.local/lib/python3.7/site-packages/airflow/example_dags/example_python_operator.py
[2023-06-03T23:47:28.018+0000] {logging_mixin.py:137} INFO - [2023-06-03T23:47:28.017+0000] {dag.py:2690} INFO - Sync 1 DAGs
[2023-06-03T23:47:28.039+0000] {logging_mixin.py:137} INFO - [2023-06-03T23:47:28.038+0000] {dag.py:3441} INFO - Setting next_dagrun for example_python_operator to None, run_after=None
[2023-06-03T23:47:28.052+0000] {processor.py:175} INFO - Processing /home/airflow/.local/lib/python3.7/site-packages/airflow/example_dags/example_python_operator.py took 0.096 seconds
