[2023-06-03T00:32:05.872+0000] {processor.py:153} INFO - Started process (PID=80864) to work on /home/airflow/.local/lib/python3.7/site-packages/airflow/example_dags/example_xcomargs.py
[2023-06-03T00:32:05.874+0000] {processor.py:743} INFO - Processing file /home/airflow/.local/lib/python3.7/site-packages/airflow/example_dags/example_xcomargs.py for tasks to queue
[2023-06-03T00:32:05.875+0000] {logging_mixin.py:137} INFO - [2023-06-03T00:32:05.875+0000] {dagbag.py:538} INFO - Filling up the DagBag from /home/airflow/.local/lib/python3.7/site-packages/airflow/example_dags/example_xcomargs.py
[2023-06-03T00:32:05.902+0000] {processor.py:753} INFO - DAG(s) dict_keys(['example_xcom_args_with_operators', 'example_xcom_args']) retrieved from /home/airflow/.local/lib/python3.7/site-packages/airflow/example_dags/example_xcomargs.py
[2023-06-03T00:32:05.941+0000] {logging_mixin.py:137} INFO - [2023-06-03T00:32:05.941+0000] {dag.py:2690} INFO - Sync 2 DAGs
[2023-06-03T00:32:05.990+0000] {logging_mixin.py:137} INFO - [2023-06-03T00:32:05.990+0000] {dag.py:3441} INFO - Setting next_dagrun for example_xcom_args to None, run_after=None
[2023-06-03T00:32:05.999+0000] {logging_mixin.py:137} INFO - [2023-06-03T00:32:05.999+0000] {dag.py:3441} INFO - Setting next_dagrun for example_xcom_args_with_operators to None, run_after=None
[2023-06-03T00:32:06.029+0000] {processor.py:175} INFO - Processing /home/airflow/.local/lib/python3.7/site-packages/airflow/example_dags/example_xcomargs.py took 0.160 seconds
[2023-06-03T01:53:37.852+0000] {processor.py:153} INFO - Started process (PID=80947) to work on /home/airflow/.local/lib/python3.7/site-packages/airflow/example_dags/example_xcomargs.py
[2023-06-03T01:53:37.854+0000] {processor.py:743} INFO - Processing file /home/airflow/.local/lib/python3.7/site-packages/airflow/example_dags/example_xcomargs.py for tasks to queue
[2023-06-03T01:53:37.855+0000] {logging_mixin.py:137} INFO - [2023-06-03T01:53:37.855+0000] {dagbag.py:538} INFO - Filling up the DagBag from /home/airflow/.local/lib/python3.7/site-packages/airflow/example_dags/example_xcomargs.py
[2023-06-03T01:53:37.873+0000] {processor.py:753} INFO - DAG(s) dict_keys(['example_xcom_args', 'example_xcom_args_with_operators']) retrieved from /home/airflow/.local/lib/python3.7/site-packages/airflow/example_dags/example_xcomargs.py
[2023-06-03T01:53:37.897+0000] {logging_mixin.py:137} INFO - [2023-06-03T01:53:37.896+0000] {dag.py:2690} INFO - Sync 2 DAGs
[2023-06-03T01:53:37.913+0000] {logging_mixin.py:137} INFO - [2023-06-03T01:53:37.913+0000] {dag.py:3441} INFO - Setting next_dagrun for example_xcom_args to None, run_after=None
[2023-06-03T01:53:37.916+0000] {logging_mixin.py:137} INFO - [2023-06-03T01:53:37.916+0000] {dag.py:3441} INFO - Setting next_dagrun for example_xcom_args_with_operators to None, run_after=None
[2023-06-03T01:53:37.929+0000] {processor.py:175} INFO - Processing /home/airflow/.local/lib/python3.7/site-packages/airflow/example_dags/example_xcomargs.py took 0.080 seconds
[2023-06-03T03:14:37.630+0000] {processor.py:153} INFO - Started process (PID=81018) to work on /home/airflow/.local/lib/python3.7/site-packages/airflow/example_dags/example_xcomargs.py
[2023-06-03T03:14:37.632+0000] {processor.py:743} INFO - Processing file /home/airflow/.local/lib/python3.7/site-packages/airflow/example_dags/example_xcomargs.py for tasks to queue
[2023-06-03T03:14:37.633+0000] {logging_mixin.py:137} INFO - [2023-06-03T03:14:37.633+0000] {dagbag.py:538} INFO - Filling up the DagBag from /home/airflow/.local/lib/python3.7/site-packages/airflow/example_dags/example_xcomargs.py
[2023-06-03T03:14:37.652+0000] {processor.py:753} INFO - DAG(s) dict_keys(['example_xcom_args_with_operators', 'example_xcom_args']) retrieved from /home/airflow/.local/lib/python3.7/site-packages/airflow/example_dags/example_xcomargs.py
[2023-06-03T03:14:37.678+0000] {logging_mixin.py:137} INFO - [2023-06-03T03:14:37.678+0000] {dag.py:2690} INFO - Sync 2 DAGs
[2023-06-03T03:14:37.694+0000] {logging_mixin.py:137} INFO - [2023-06-03T03:14:37.694+0000] {dag.py:3441} INFO - Setting next_dagrun for example_xcom_args to None, run_after=None
[2023-06-03T03:14:37.698+0000] {logging_mixin.py:137} INFO - [2023-06-03T03:14:37.698+0000] {dag.py:3441} INFO - Setting next_dagrun for example_xcom_args_with_operators to None, run_after=None
[2023-06-03T03:14:37.708+0000] {processor.py:175} INFO - Processing /home/airflow/.local/lib/python3.7/site-packages/airflow/example_dags/example_xcomargs.py took 0.081 seconds
[2023-06-03T04:37:22.249+0000] {processor.py:153} INFO - Started process (PID=81100) to work on /home/airflow/.local/lib/python3.7/site-packages/airflow/example_dags/example_xcomargs.py
[2023-06-03T04:37:22.251+0000] {processor.py:743} INFO - Processing file /home/airflow/.local/lib/python3.7/site-packages/airflow/example_dags/example_xcomargs.py for tasks to queue
[2023-06-03T04:37:22.252+0000] {logging_mixin.py:137} INFO - [2023-06-03T04:37:22.252+0000] {dagbag.py:538} INFO - Filling up the DagBag from /home/airflow/.local/lib/python3.7/site-packages/airflow/example_dags/example_xcomargs.py
[2023-06-03T04:37:22.280+0000] {processor.py:753} INFO - DAG(s) dict_keys(['example_xcom_args', 'example_xcom_args_with_operators']) retrieved from /home/airflow/.local/lib/python3.7/site-packages/airflow/example_dags/example_xcomargs.py
[2023-06-03T04:37:22.317+0000] {logging_mixin.py:137} INFO - [2023-06-03T04:37:22.317+0000] {dag.py:2690} INFO - Sync 2 DAGs
[2023-06-03T04:37:22.338+0000] {logging_mixin.py:137} INFO - [2023-06-03T04:37:22.337+0000] {dag.py:3441} INFO - Setting next_dagrun for example_xcom_args to None, run_after=None
[2023-06-03T04:37:22.342+0000] {logging_mixin.py:137} INFO - [2023-06-03T04:37:22.341+0000] {dag.py:3441} INFO - Setting next_dagrun for example_xcom_args_with_operators to None, run_after=None
[2023-06-03T04:37:22.353+0000] {processor.py:175} INFO - Processing /home/airflow/.local/lib/python3.7/site-packages/airflow/example_dags/example_xcomargs.py took 0.108 seconds
[2023-06-03T05:41:53.441+0000] {processor.py:153} INFO - Started process (PID=81179) to work on /home/airflow/.local/lib/python3.7/site-packages/airflow/example_dags/example_xcomargs.py
[2023-06-03T05:41:53.443+0000] {processor.py:743} INFO - Processing file /home/airflow/.local/lib/python3.7/site-packages/airflow/example_dags/example_xcomargs.py for tasks to queue
[2023-06-03T05:41:53.444+0000] {logging_mixin.py:137} INFO - [2023-06-03T05:41:53.444+0000] {dagbag.py:538} INFO - Filling up the DagBag from /home/airflow/.local/lib/python3.7/site-packages/airflow/example_dags/example_xcomargs.py
[2023-06-03T05:41:53.466+0000] {processor.py:753} INFO - DAG(s) dict_keys(['example_xcom_args', 'example_xcom_args_with_operators']) retrieved from /home/airflow/.local/lib/python3.7/site-packages/airflow/example_dags/example_xcomargs.py
[2023-06-03T05:41:53.502+0000] {logging_mixin.py:137} INFO - [2023-06-03T05:41:53.502+0000] {dag.py:2690} INFO - Sync 2 DAGs
[2023-06-03T05:41:53.522+0000] {logging_mixin.py:137} INFO - [2023-06-03T05:41:53.522+0000] {dag.py:3441} INFO - Setting next_dagrun for example_xcom_args to None, run_after=None
[2023-06-03T05:41:53.531+0000] {logging_mixin.py:137} INFO - [2023-06-03T05:41:53.531+0000] {dag.py:3441} INFO - Setting next_dagrun for example_xcom_args_with_operators to None, run_after=None
[2023-06-03T05:41:53.552+0000] {processor.py:175} INFO - Processing /home/airflow/.local/lib/python3.7/site-packages/airflow/example_dags/example_xcomargs.py took 0.114 seconds
[2023-06-03T07:19:43.911+0000] {processor.py:153} INFO - Started process (PID=81253) to work on /home/airflow/.local/lib/python3.7/site-packages/airflow/example_dags/example_xcomargs.py
[2023-06-03T07:19:43.913+0000] {processor.py:743} INFO - Processing file /home/airflow/.local/lib/python3.7/site-packages/airflow/example_dags/example_xcomargs.py for tasks to queue
[2023-06-03T07:19:43.915+0000] {logging_mixin.py:137} INFO - [2023-06-03T07:19:43.915+0000] {dagbag.py:538} INFO - Filling up the DagBag from /home/airflow/.local/lib/python3.7/site-packages/airflow/example_dags/example_xcomargs.py
[2023-06-03T07:19:43.934+0000] {processor.py:753} INFO - DAG(s) dict_keys(['example_xcom_args_with_operators', 'example_xcom_args']) retrieved from /home/airflow/.local/lib/python3.7/site-packages/airflow/example_dags/example_xcomargs.py
[2023-06-03T07:19:43.960+0000] {logging_mixin.py:137} INFO - [2023-06-03T07:19:43.960+0000] {dag.py:2690} INFO - Sync 2 DAGs
[2023-06-03T07:19:43.979+0000] {logging_mixin.py:137} INFO - [2023-06-03T07:19:43.979+0000] {dag.py:3441} INFO - Setting next_dagrun for example_xcom_args to None, run_after=None
[2023-06-03T07:19:43.984+0000] {logging_mixin.py:137} INFO - [2023-06-03T07:19:43.984+0000] {dag.py:3441} INFO - Setting next_dagrun for example_xcom_args_with_operators to None, run_after=None
[2023-06-03T07:19:44.000+0000] {processor.py:175} INFO - Processing /home/airflow/.local/lib/python3.7/site-packages/airflow/example_dags/example_xcomargs.py took 0.092 seconds
[2023-06-03T08:23:31.909+0000] {processor.py:153} INFO - Started process (PID=81336) to work on /home/airflow/.local/lib/python3.7/site-packages/airflow/example_dags/example_xcomargs.py
[2023-06-03T08:23:31.911+0000] {processor.py:743} INFO - Processing file /home/airflow/.local/lib/python3.7/site-packages/airflow/example_dags/example_xcomargs.py for tasks to queue
[2023-06-03T08:23:31.912+0000] {logging_mixin.py:137} INFO - [2023-06-03T08:23:31.912+0000] {dagbag.py:538} INFO - Filling up the DagBag from /home/airflow/.local/lib/python3.7/site-packages/airflow/example_dags/example_xcomargs.py
[2023-06-03T08:23:31.931+0000] {processor.py:753} INFO - DAG(s) dict_keys(['example_xcom_args', 'example_xcom_args_with_operators']) retrieved from /home/airflow/.local/lib/python3.7/site-packages/airflow/example_dags/example_xcomargs.py
[2023-06-03T08:23:31.958+0000] {logging_mixin.py:137} INFO - [2023-06-03T08:23:31.958+0000] {dag.py:2690} INFO - Sync 2 DAGs
[2023-06-03T08:23:31.975+0000] {logging_mixin.py:137} INFO - [2023-06-03T08:23:31.975+0000] {dag.py:3441} INFO - Setting next_dagrun for example_xcom_args to None, run_after=None
[2023-06-03T08:23:31.978+0000] {logging_mixin.py:137} INFO - [2023-06-03T08:23:31.978+0000] {dag.py:3441} INFO - Setting next_dagrun for example_xcom_args_with_operators to None, run_after=None
[2023-06-03T08:23:31.992+0000] {processor.py:175} INFO - Processing /home/airflow/.local/lib/python3.7/site-packages/airflow/example_dags/example_xcomargs.py took 0.086 seconds
[2023-06-03T09:59:48.222+0000] {processor.py:153} INFO - Started process (PID=81407) to work on /home/airflow/.local/lib/python3.7/site-packages/airflow/example_dags/example_xcomargs.py
[2023-06-03T09:59:48.223+0000] {processor.py:743} INFO - Processing file /home/airflow/.local/lib/python3.7/site-packages/airflow/example_dags/example_xcomargs.py for tasks to queue
[2023-06-03T09:59:48.225+0000] {logging_mixin.py:137} INFO - [2023-06-03T09:59:48.225+0000] {dagbag.py:538} INFO - Filling up the DagBag from /home/airflow/.local/lib/python3.7/site-packages/airflow/example_dags/example_xcomargs.py
[2023-06-03T09:59:48.242+0000] {processor.py:753} INFO - DAG(s) dict_keys(['example_xcom_args_with_operators', 'example_xcom_args']) retrieved from /home/airflow/.local/lib/python3.7/site-packages/airflow/example_dags/example_xcomargs.py
[2023-06-03T09:59:48.266+0000] {logging_mixin.py:137} INFO - [2023-06-03T09:59:48.266+0000] {dag.py:2690} INFO - Sync 2 DAGs
[2023-06-03T09:59:48.282+0000] {logging_mixin.py:137} INFO - [2023-06-03T09:59:48.282+0000] {dag.py:3441} INFO - Setting next_dagrun for example_xcom_args to None, run_after=None
[2023-06-03T09:59:48.285+0000] {logging_mixin.py:137} INFO - [2023-06-03T09:59:48.285+0000] {dag.py:3441} INFO - Setting next_dagrun for example_xcom_args_with_operators to None, run_after=None
[2023-06-03T09:59:48.298+0000] {processor.py:175} INFO - Processing /home/airflow/.local/lib/python3.7/site-packages/airflow/example_dags/example_xcomargs.py took 0.079 seconds
[2023-06-03T11:22:56.909+0000] {processor.py:153} INFO - Started process (PID=81490) to work on /home/airflow/.local/lib/python3.7/site-packages/airflow/example_dags/example_xcomargs.py
[2023-06-03T11:22:56.912+0000] {processor.py:743} INFO - Processing file /home/airflow/.local/lib/python3.7/site-packages/airflow/example_dags/example_xcomargs.py for tasks to queue
[2023-06-03T11:22:56.913+0000] {logging_mixin.py:137} INFO - [2023-06-03T11:22:56.913+0000] {dagbag.py:538} INFO - Filling up the DagBag from /home/airflow/.local/lib/python3.7/site-packages/airflow/example_dags/example_xcomargs.py
[2023-06-03T11:22:56.930+0000] {processor.py:753} INFO - DAG(s) dict_keys(['example_xcom_args', 'example_xcom_args_with_operators']) retrieved from /home/airflow/.local/lib/python3.7/site-packages/airflow/example_dags/example_xcomargs.py
[2023-06-03T11:22:56.953+0000] {logging_mixin.py:137} INFO - [2023-06-03T11:22:56.953+0000] {dag.py:2690} INFO - Sync 2 DAGs
[2023-06-03T11:22:56.970+0000] {logging_mixin.py:137} INFO - [2023-06-03T11:22:56.970+0000] {dag.py:3441} INFO - Setting next_dagrun for example_xcom_args to None, run_after=None
[2023-06-03T11:22:56.975+0000] {logging_mixin.py:137} INFO - [2023-06-03T11:22:56.975+0000] {dag.py:3441} INFO - Setting next_dagrun for example_xcom_args_with_operators to None, run_after=None
[2023-06-03T11:22:56.987+0000] {processor.py:175} INFO - Processing /home/airflow/.local/lib/python3.7/site-packages/airflow/example_dags/example_xcomargs.py took 0.081 seconds
[2023-06-03T12:46:09.138+0000] {processor.py:153} INFO - Started process (PID=81573) to work on /home/airflow/.local/lib/python3.7/site-packages/airflow/example_dags/example_xcomargs.py
[2023-06-03T12:46:09.140+0000] {processor.py:743} INFO - Processing file /home/airflow/.local/lib/python3.7/site-packages/airflow/example_dags/example_xcomargs.py for tasks to queue
[2023-06-03T12:46:09.141+0000] {logging_mixin.py:137} INFO - [2023-06-03T12:46:09.141+0000] {dagbag.py:538} INFO - Filling up the DagBag from /home/airflow/.local/lib/python3.7/site-packages/airflow/example_dags/example_xcomargs.py
[2023-06-03T12:46:09.164+0000] {processor.py:753} INFO - DAG(s) dict_keys(['example_xcom_args', 'example_xcom_args_with_operators']) retrieved from /home/airflow/.local/lib/python3.7/site-packages/airflow/example_dags/example_xcomargs.py
[2023-06-03T12:46:09.186+0000] {logging_mixin.py:137} INFO - [2023-06-03T12:46:09.186+0000] {dag.py:2690} INFO - Sync 2 DAGs
[2023-06-03T12:46:09.203+0000] {logging_mixin.py:137} INFO - [2023-06-03T12:46:09.203+0000] {dag.py:3441} INFO - Setting next_dagrun for example_xcom_args to None, run_after=None
[2023-06-03T12:46:09.206+0000] {logging_mixin.py:137} INFO - [2023-06-03T12:46:09.206+0000] {dag.py:3441} INFO - Setting next_dagrun for example_xcom_args_with_operators to None, run_after=None
[2023-06-03T12:46:09.221+0000] {processor.py:175} INFO - Processing /home/airflow/.local/lib/python3.7/site-packages/airflow/example_dags/example_xcomargs.py took 0.086 seconds
[2023-06-03T14:10:13.860+0000] {processor.py:153} INFO - Started process (PID=81644) to work on /home/airflow/.local/lib/python3.7/site-packages/airflow/example_dags/example_xcomargs.py
[2023-06-03T14:10:13.864+0000] {processor.py:743} INFO - Processing file /home/airflow/.local/lib/python3.7/site-packages/airflow/example_dags/example_xcomargs.py for tasks to queue
[2023-06-03T14:10:13.867+0000] {logging_mixin.py:137} INFO - [2023-06-03T14:10:13.867+0000] {dagbag.py:538} INFO - Filling up the DagBag from /home/airflow/.local/lib/python3.7/site-packages/airflow/example_dags/example_xcomargs.py
[2023-06-03T14:10:13.907+0000] {processor.py:753} INFO - DAG(s) dict_keys(['example_xcom_args', 'example_xcom_args_with_operators']) retrieved from /home/airflow/.local/lib/python3.7/site-packages/airflow/example_dags/example_xcomargs.py
[2023-06-03T14:10:13.946+0000] {logging_mixin.py:137} INFO - [2023-06-03T14:10:13.946+0000] {dag.py:2690} INFO - Sync 2 DAGs
[2023-06-03T14:10:13.970+0000] {logging_mixin.py:137} INFO - [2023-06-03T14:10:13.970+0000] {dag.py:3441} INFO - Setting next_dagrun for example_xcom_args to None, run_after=None
[2023-06-03T14:10:13.976+0000] {logging_mixin.py:137} INFO - [2023-06-03T14:10:13.976+0000] {dag.py:3441} INFO - Setting next_dagrun for example_xcom_args_with_operators to None, run_after=None
[2023-06-03T14:10:14.003+0000] {processor.py:175} INFO - Processing /home/airflow/.local/lib/python3.7/site-packages/airflow/example_dags/example_xcomargs.py took 0.145 seconds
[2023-06-03T15:32:53.400+0000] {processor.py:153} INFO - Started process (PID=81727) to work on /home/airflow/.local/lib/python3.7/site-packages/airflow/example_dags/example_xcomargs.py
[2023-06-03T15:32:53.402+0000] {processor.py:743} INFO - Processing file /home/airflow/.local/lib/python3.7/site-packages/airflow/example_dags/example_xcomargs.py for tasks to queue
[2023-06-03T15:32:53.403+0000] {logging_mixin.py:137} INFO - [2023-06-03T15:32:53.403+0000] {dagbag.py:538} INFO - Filling up the DagBag from /home/airflow/.local/lib/python3.7/site-packages/airflow/example_dags/example_xcomargs.py
[2023-06-03T15:32:53.422+0000] {processor.py:753} INFO - DAG(s) dict_keys(['example_xcom_args', 'example_xcom_args_with_operators']) retrieved from /home/airflow/.local/lib/python3.7/site-packages/airflow/example_dags/example_xcomargs.py
[2023-06-03T15:32:53.446+0000] {logging_mixin.py:137} INFO - [2023-06-03T15:32:53.446+0000] {dag.py:2690} INFO - Sync 2 DAGs
[2023-06-03T15:32:53.463+0000] {logging_mixin.py:137} INFO - [2023-06-03T15:32:53.462+0000] {dag.py:3441} INFO - Setting next_dagrun for example_xcom_args to None, run_after=None
[2023-06-03T15:32:53.465+0000] {logging_mixin.py:137} INFO - [2023-06-03T15:32:53.465+0000] {dag.py:3441} INFO - Setting next_dagrun for example_xcom_args_with_operators to None, run_after=None
[2023-06-03T15:32:53.477+0000] {processor.py:175} INFO - Processing /home/airflow/.local/lib/python3.7/site-packages/airflow/example_dags/example_xcomargs.py took 0.080 seconds
[2023-06-03T16:57:12.331+0000] {processor.py:153} INFO - Started process (PID=81800) to work on /home/airflow/.local/lib/python3.7/site-packages/airflow/example_dags/example_xcomargs.py
[2023-06-03T16:57:12.333+0000] {processor.py:743} INFO - Processing file /home/airflow/.local/lib/python3.7/site-packages/airflow/example_dags/example_xcomargs.py for tasks to queue
[2023-06-03T16:57:12.335+0000] {logging_mixin.py:137} INFO - [2023-06-03T16:57:12.335+0000] {dagbag.py:538} INFO - Filling up the DagBag from /home/airflow/.local/lib/python3.7/site-packages/airflow/example_dags/example_xcomargs.py
[2023-06-03T16:57:12.355+0000] {processor.py:753} INFO - DAG(s) dict_keys(['example_xcom_args_with_operators', 'example_xcom_args']) retrieved from /home/airflow/.local/lib/python3.7/site-packages/airflow/example_dags/example_xcomargs.py
[2023-06-03T16:57:12.382+0000] {logging_mixin.py:137} INFO - [2023-06-03T16:57:12.382+0000] {dag.py:2690} INFO - Sync 2 DAGs
[2023-06-03T16:57:12.400+0000] {logging_mixin.py:137} INFO - [2023-06-03T16:57:12.400+0000] {dag.py:3441} INFO - Setting next_dagrun for example_xcom_args to None, run_after=None
[2023-06-03T16:57:12.403+0000] {logging_mixin.py:137} INFO - [2023-06-03T16:57:12.403+0000] {dag.py:3441} INFO - Setting next_dagrun for example_xcom_args_with_operators to None, run_after=None
[2023-06-03T16:57:12.415+0000] {processor.py:175} INFO - Processing /home/airflow/.local/lib/python3.7/site-packages/airflow/example_dags/example_xcomargs.py took 0.087 seconds
[2023-06-03T18:19:39.968+0000] {processor.py:153} INFO - Started process (PID=81881) to work on /home/airflow/.local/lib/python3.7/site-packages/airflow/example_dags/example_xcomargs.py
[2023-06-03T18:19:39.970+0000] {processor.py:743} INFO - Processing file /home/airflow/.local/lib/python3.7/site-packages/airflow/example_dags/example_xcomargs.py for tasks to queue
[2023-06-03T18:19:39.972+0000] {logging_mixin.py:137} INFO - [2023-06-03T18:19:39.971+0000] {dagbag.py:538} INFO - Filling up the DagBag from /home/airflow/.local/lib/python3.7/site-packages/airflow/example_dags/example_xcomargs.py
[2023-06-03T18:19:39.991+0000] {processor.py:753} INFO - DAG(s) dict_keys(['example_xcom_args_with_operators', 'example_xcom_args']) retrieved from /home/airflow/.local/lib/python3.7/site-packages/airflow/example_dags/example_xcomargs.py
[2023-06-03T18:19:40.018+0000] {logging_mixin.py:137} INFO - [2023-06-03T18:19:40.017+0000] {dag.py:2690} INFO - Sync 2 DAGs
[2023-06-03T18:19:40.037+0000] {logging_mixin.py:137} INFO - [2023-06-03T18:19:40.037+0000] {dag.py:3441} INFO - Setting next_dagrun for example_xcom_args to None, run_after=None
[2023-06-03T18:19:40.041+0000] {logging_mixin.py:137} INFO - [2023-06-03T18:19:40.041+0000] {dag.py:3441} INFO - Setting next_dagrun for example_xcom_args_with_operators to None, run_after=None
[2023-06-03T18:19:40.059+0000] {processor.py:175} INFO - Processing /home/airflow/.local/lib/python3.7/site-packages/airflow/example_dags/example_xcomargs.py took 0.094 seconds
[2023-06-03T19:42:55.923+0000] {processor.py:153} INFO - Started process (PID=81965) to work on /home/airflow/.local/lib/python3.7/site-packages/airflow/example_dags/example_xcomargs.py
[2023-06-03T19:42:55.925+0000] {processor.py:743} INFO - Processing file /home/airflow/.local/lib/python3.7/site-packages/airflow/example_dags/example_xcomargs.py for tasks to queue
[2023-06-03T19:42:55.926+0000] {logging_mixin.py:137} INFO - [2023-06-03T19:42:55.926+0000] {dagbag.py:538} INFO - Filling up the DagBag from /home/airflow/.local/lib/python3.7/site-packages/airflow/example_dags/example_xcomargs.py
[2023-06-03T19:42:55.947+0000] {processor.py:753} INFO - DAG(s) dict_keys(['example_xcom_args', 'example_xcom_args_with_operators']) retrieved from /home/airflow/.local/lib/python3.7/site-packages/airflow/example_dags/example_xcomargs.py
[2023-06-03T19:42:55.974+0000] {logging_mixin.py:137} INFO - [2023-06-03T19:42:55.974+0000] {dag.py:2690} INFO - Sync 2 DAGs
[2023-06-03T19:42:55.997+0000] {logging_mixin.py:137} INFO - [2023-06-03T19:42:55.997+0000] {dag.py:3441} INFO - Setting next_dagrun for example_xcom_args to None, run_after=None
[2023-06-03T19:42:56.000+0000] {logging_mixin.py:137} INFO - [2023-06-03T19:42:56.000+0000] {dag.py:3441} INFO - Setting next_dagrun for example_xcom_args_with_operators to None, run_after=None
[2023-06-03T19:42:56.012+0000] {processor.py:175} INFO - Processing /home/airflow/.local/lib/python3.7/site-packages/airflow/example_dags/example_xcomargs.py took 0.093 seconds
[2023-06-03T21:03:55.814+0000] {processor.py:153} INFO - Started process (PID=82036) to work on /home/airflow/.local/lib/python3.7/site-packages/airflow/example_dags/example_xcomargs.py
[2023-06-03T21:03:55.816+0000] {processor.py:743} INFO - Processing file /home/airflow/.local/lib/python3.7/site-packages/airflow/example_dags/example_xcomargs.py for tasks to queue
[2023-06-03T21:03:55.817+0000] {logging_mixin.py:137} INFO - [2023-06-03T21:03:55.817+0000] {dagbag.py:538} INFO - Filling up the DagBag from /home/airflow/.local/lib/python3.7/site-packages/airflow/example_dags/example_xcomargs.py
[2023-06-03T21:03:55.836+0000] {processor.py:753} INFO - DAG(s) dict_keys(['example_xcom_args_with_operators', 'example_xcom_args']) retrieved from /home/airflow/.local/lib/python3.7/site-packages/airflow/example_dags/example_xcomargs.py
[2023-06-03T21:03:55.867+0000] {logging_mixin.py:137} INFO - [2023-06-03T21:03:55.867+0000] {dag.py:2690} INFO - Sync 2 DAGs
[2023-06-03T21:03:55.885+0000] {logging_mixin.py:137} INFO - [2023-06-03T21:03:55.885+0000] {dag.py:3441} INFO - Setting next_dagrun for example_xcom_args to None, run_after=None
[2023-06-03T21:03:55.889+0000] {logging_mixin.py:137} INFO - [2023-06-03T21:03:55.889+0000] {dag.py:3441} INFO - Setting next_dagrun for example_xcom_args_with_operators to None, run_after=None
[2023-06-03T21:03:55.901+0000] {processor.py:175} INFO - Processing /home/airflow/.local/lib/python3.7/site-packages/airflow/example_dags/example_xcomargs.py took 0.091 seconds
[2023-06-03T21:51:36.420+0000] {processor.py:153} INFO - Started process (PID=82118) to work on /home/airflow/.local/lib/python3.7/site-packages/airflow/example_dags/example_xcomargs.py
[2023-06-03T21:51:36.421+0000] {processor.py:743} INFO - Processing file /home/airflow/.local/lib/python3.7/site-packages/airflow/example_dags/example_xcomargs.py for tasks to queue
[2023-06-03T21:51:36.422+0000] {logging_mixin.py:137} INFO - [2023-06-03T21:51:36.422+0000] {dagbag.py:538} INFO - Filling up the DagBag from /home/airflow/.local/lib/python3.7/site-packages/airflow/example_dags/example_xcomargs.py
[2023-06-03T21:51:36.439+0000] {processor.py:753} INFO - DAG(s) dict_keys(['example_xcom_args', 'example_xcom_args_with_operators']) retrieved from /home/airflow/.local/lib/python3.7/site-packages/airflow/example_dags/example_xcomargs.py
[2023-06-03T21:51:36.463+0000] {logging_mixin.py:137} INFO - [2023-06-03T21:51:36.462+0000] {dag.py:2690} INFO - Sync 2 DAGs
[2023-06-03T21:51:36.478+0000] {logging_mixin.py:137} INFO - [2023-06-03T21:51:36.478+0000] {dag.py:3441} INFO - Setting next_dagrun for example_xcom_args to None, run_after=None
[2023-06-03T21:51:36.482+0000] {logging_mixin.py:137} INFO - [2023-06-03T21:51:36.482+0000] {dag.py:3441} INFO - Setting next_dagrun for example_xcom_args_with_operators to None, run_after=None
[2023-06-03T21:51:36.496+0000] {processor.py:175} INFO - Processing /home/airflow/.local/lib/python3.7/site-packages/airflow/example_dags/example_xcomargs.py took 0.080 seconds
[2023-06-03T21:52:06.839+0000] {processor.py:153} INFO - Started process (PID=82202) to work on /home/airflow/.local/lib/python3.7/site-packages/airflow/example_dags/example_xcomargs.py
[2023-06-03T21:52:06.841+0000] {processor.py:743} INFO - Processing file /home/airflow/.local/lib/python3.7/site-packages/airflow/example_dags/example_xcomargs.py for tasks to queue
[2023-06-03T21:52:06.842+0000] {logging_mixin.py:137} INFO - [2023-06-03T21:52:06.842+0000] {dagbag.py:538} INFO - Filling up the DagBag from /home/airflow/.local/lib/python3.7/site-packages/airflow/example_dags/example_xcomargs.py
[2023-06-03T21:52:06.864+0000] {processor.py:753} INFO - DAG(s) dict_keys(['example_xcom_args', 'example_xcom_args_with_operators']) retrieved from /home/airflow/.local/lib/python3.7/site-packages/airflow/example_dags/example_xcomargs.py
[2023-06-03T21:52:06.890+0000] {logging_mixin.py:137} INFO - [2023-06-03T21:52:06.890+0000] {dag.py:2690} INFO - Sync 2 DAGs
[2023-06-03T21:52:06.910+0000] {logging_mixin.py:137} INFO - [2023-06-03T21:52:06.910+0000] {dag.py:3441} INFO - Setting next_dagrun for example_xcom_args to None, run_after=None
[2023-06-03T21:52:06.913+0000] {logging_mixin.py:137} INFO - [2023-06-03T21:52:06.913+0000] {dag.py:3441} INFO - Setting next_dagrun for example_xcom_args_with_operators to None, run_after=None
[2023-06-03T21:52:06.925+0000] {processor.py:175} INFO - Processing /home/airflow/.local/lib/python3.7/site-packages/airflow/example_dags/example_xcomargs.py took 0.089 seconds
[2023-06-03T21:52:37.031+0000] {processor.py:153} INFO - Started process (PID=82273) to work on /home/airflow/.local/lib/python3.7/site-packages/airflow/example_dags/example_xcomargs.py
[2023-06-03T21:52:37.033+0000] {processor.py:743} INFO - Processing file /home/airflow/.local/lib/python3.7/site-packages/airflow/example_dags/example_xcomargs.py for tasks to queue
[2023-06-03T21:52:37.034+0000] {logging_mixin.py:137} INFO - [2023-06-03T21:52:37.033+0000] {dagbag.py:538} INFO - Filling up the DagBag from /home/airflow/.local/lib/python3.7/site-packages/airflow/example_dags/example_xcomargs.py
[2023-06-03T21:52:37.050+0000] {processor.py:753} INFO - DAG(s) dict_keys(['example_xcom_args_with_operators', 'example_xcom_args']) retrieved from /home/airflow/.local/lib/python3.7/site-packages/airflow/example_dags/example_xcomargs.py
[2023-06-03T21:52:37.074+0000] {logging_mixin.py:137} INFO - [2023-06-03T21:52:37.074+0000] {dag.py:2690} INFO - Sync 2 DAGs
[2023-06-03T21:52:37.089+0000] {logging_mixin.py:137} INFO - [2023-06-03T21:52:37.089+0000] {dag.py:3441} INFO - Setting next_dagrun for example_xcom_args to None, run_after=None
[2023-06-03T21:52:37.092+0000] {logging_mixin.py:137} INFO - [2023-06-03T21:52:37.092+0000] {dag.py:3441} INFO - Setting next_dagrun for example_xcom_args_with_operators to None, run_after=None
[2023-06-03T21:52:37.105+0000] {processor.py:175} INFO - Processing /home/airflow/.local/lib/python3.7/site-packages/airflow/example_dags/example_xcomargs.py took 0.079 seconds
[2023-06-03T21:53:07.918+0000] {processor.py:153} INFO - Started process (PID=82356) to work on /home/airflow/.local/lib/python3.7/site-packages/airflow/example_dags/example_xcomargs.py
[2023-06-03T21:53:07.920+0000] {processor.py:743} INFO - Processing file /home/airflow/.local/lib/python3.7/site-packages/airflow/example_dags/example_xcomargs.py for tasks to queue
[2023-06-03T21:53:07.921+0000] {logging_mixin.py:137} INFO - [2023-06-03T21:53:07.921+0000] {dagbag.py:538} INFO - Filling up the DagBag from /home/airflow/.local/lib/python3.7/site-packages/airflow/example_dags/example_xcomargs.py
[2023-06-03T21:53:07.940+0000] {processor.py:753} INFO - DAG(s) dict_keys(['example_xcom_args_with_operators', 'example_xcom_args']) retrieved from /home/airflow/.local/lib/python3.7/site-packages/airflow/example_dags/example_xcomargs.py
[2023-06-03T21:53:07.964+0000] {logging_mixin.py:137} INFO - [2023-06-03T21:53:07.964+0000] {dag.py:2690} INFO - Sync 2 DAGs
[2023-06-03T21:53:07.985+0000] {logging_mixin.py:137} INFO - [2023-06-03T21:53:07.985+0000] {dag.py:3441} INFO - Setting next_dagrun for example_xcom_args to None, run_after=None
[2023-06-03T21:53:07.988+0000] {logging_mixin.py:137} INFO - [2023-06-03T21:53:07.988+0000] {dag.py:3441} INFO - Setting next_dagrun for example_xcom_args_with_operators to None, run_after=None
[2023-06-03T21:53:08.000+0000] {processor.py:175} INFO - Processing /home/airflow/.local/lib/python3.7/site-packages/airflow/example_dags/example_xcomargs.py took 0.085 seconds
[2023-06-03T21:53:38.751+0000] {processor.py:153} INFO - Started process (PID=82439) to work on /home/airflow/.local/lib/python3.7/site-packages/airflow/example_dags/example_xcomargs.py
[2023-06-03T21:53:38.752+0000] {processor.py:743} INFO - Processing file /home/airflow/.local/lib/python3.7/site-packages/airflow/example_dags/example_xcomargs.py for tasks to queue
[2023-06-03T21:53:38.753+0000] {logging_mixin.py:137} INFO - [2023-06-03T21:53:38.753+0000] {dagbag.py:538} INFO - Filling up the DagBag from /home/airflow/.local/lib/python3.7/site-packages/airflow/example_dags/example_xcomargs.py
[2023-06-03T21:53:38.771+0000] {processor.py:753} INFO - DAG(s) dict_keys(['example_xcom_args_with_operators', 'example_xcom_args']) retrieved from /home/airflow/.local/lib/python3.7/site-packages/airflow/example_dags/example_xcomargs.py
[2023-06-03T21:53:38.795+0000] {logging_mixin.py:137} INFO - [2023-06-03T21:53:38.795+0000] {dag.py:2690} INFO - Sync 2 DAGs
[2023-06-03T21:53:38.817+0000] {logging_mixin.py:137} INFO - [2023-06-03T21:53:38.817+0000] {dag.py:3441} INFO - Setting next_dagrun for example_xcom_args to None, run_after=None
[2023-06-03T21:53:38.820+0000] {logging_mixin.py:137} INFO - [2023-06-03T21:53:38.820+0000] {dag.py:3441} INFO - Setting next_dagrun for example_xcom_args_with_operators to None, run_after=None
[2023-06-03T21:53:38.830+0000] {processor.py:175} INFO - Processing /home/airflow/.local/lib/python3.7/site-packages/airflow/example_dags/example_xcomargs.py took 0.082 seconds
[2023-06-03T21:54:10.579+0000] {processor.py:153} INFO - Started process (PID=82519) to work on /home/airflow/.local/lib/python3.7/site-packages/airflow/example_dags/example_xcomargs.py
[2023-06-03T21:54:10.587+0000] {processor.py:743} INFO - Processing file /home/airflow/.local/lib/python3.7/site-packages/airflow/example_dags/example_xcomargs.py for tasks to queue
[2023-06-03T21:54:10.590+0000] {logging_mixin.py:137} INFO - [2023-06-03T21:54:10.590+0000] {dagbag.py:538} INFO - Filling up the DagBag from /home/airflow/.local/lib/python3.7/site-packages/airflow/example_dags/example_xcomargs.py
[2023-06-03T21:54:10.618+0000] {processor.py:753} INFO - DAG(s) dict_keys(['example_xcom_args_with_operators', 'example_xcom_args']) retrieved from /home/airflow/.local/lib/python3.7/site-packages/airflow/example_dags/example_xcomargs.py
[2023-06-03T21:54:10.658+0000] {logging_mixin.py:137} INFO - [2023-06-03T21:54:10.658+0000] {dag.py:2690} INFO - Sync 2 DAGs
[2023-06-03T21:54:10.710+0000] {logging_mixin.py:137} INFO - [2023-06-03T21:54:10.709+0000] {dag.py:3441} INFO - Setting next_dagrun for example_xcom_args to None, run_after=None
[2023-06-03T21:54:10.725+0000] {logging_mixin.py:137} INFO - [2023-06-03T21:54:10.725+0000] {dag.py:3441} INFO - Setting next_dagrun for example_xcom_args_with_operators to None, run_after=None
[2023-06-03T21:54:10.769+0000] {processor.py:175} INFO - Processing /home/airflow/.local/lib/python3.7/site-packages/airflow/example_dags/example_xcomargs.py took 0.193 seconds
[2023-06-03T23:02:39.505+0000] {processor.py:153} INFO - Started process (PID=82594) to work on /home/airflow/.local/lib/python3.7/site-packages/airflow/example_dags/example_xcomargs.py
[2023-06-03T23:02:39.506+0000] {processor.py:743} INFO - Processing file /home/airflow/.local/lib/python3.7/site-packages/airflow/example_dags/example_xcomargs.py for tasks to queue
[2023-06-03T23:02:39.508+0000] {logging_mixin.py:137} INFO - [2023-06-03T23:02:39.508+0000] {dagbag.py:538} INFO - Filling up the DagBag from /home/airflow/.local/lib/python3.7/site-packages/airflow/example_dags/example_xcomargs.py
[2023-06-03T23:02:39.526+0000] {processor.py:753} INFO - DAG(s) dict_keys(['example_xcom_args_with_operators', 'example_xcom_args']) retrieved from /home/airflow/.local/lib/python3.7/site-packages/airflow/example_dags/example_xcomargs.py
[2023-06-03T23:02:39.551+0000] {logging_mixin.py:137} INFO - [2023-06-03T23:02:39.550+0000] {dag.py:2690} INFO - Sync 2 DAGs
[2023-06-03T23:02:39.570+0000] {logging_mixin.py:137} INFO - [2023-06-03T23:02:39.570+0000] {dag.py:3441} INFO - Setting next_dagrun for example_xcom_args to None, run_after=None
[2023-06-03T23:02:39.574+0000] {logging_mixin.py:137} INFO - [2023-06-03T23:02:39.574+0000] {dag.py:3441} INFO - Setting next_dagrun for example_xcom_args_with_operators to None, run_after=None
[2023-06-03T23:02:39.587+0000] {processor.py:175} INFO - Processing /home/airflow/.local/lib/python3.7/site-packages/airflow/example_dags/example_xcomargs.py took 0.085 seconds
[2023-06-03T23:31:21.546+0000] {processor.py:153} INFO - Started process (PID=82665) to work on /home/airflow/.local/lib/python3.7/site-packages/airflow/example_dags/example_xcomargs.py
[2023-06-03T23:31:21.550+0000] {processor.py:743} INFO - Processing file /home/airflow/.local/lib/python3.7/site-packages/airflow/example_dags/example_xcomargs.py for tasks to queue
[2023-06-03T23:31:21.551+0000] {logging_mixin.py:137} INFO - [2023-06-03T23:31:21.551+0000] {dagbag.py:538} INFO - Filling up the DagBag from /home/airflow/.local/lib/python3.7/site-packages/airflow/example_dags/example_xcomargs.py
[2023-06-03T23:31:21.571+0000] {processor.py:753} INFO - DAG(s) dict_keys(['example_xcom_args', 'example_xcom_args_with_operators']) retrieved from /home/airflow/.local/lib/python3.7/site-packages/airflow/example_dags/example_xcomargs.py
[2023-06-03T23:31:21.594+0000] {logging_mixin.py:137} INFO - [2023-06-03T23:31:21.594+0000] {dag.py:2690} INFO - Sync 2 DAGs
[2023-06-03T23:31:21.610+0000] {logging_mixin.py:137} INFO - [2023-06-03T23:31:21.610+0000] {dag.py:3441} INFO - Setting next_dagrun for example_xcom_args to None, run_after=None
[2023-06-03T23:31:21.614+0000] {logging_mixin.py:137} INFO - [2023-06-03T23:31:21.614+0000] {dag.py:3441} INFO - Setting next_dagrun for example_xcom_args_with_operators to None, run_after=None
[2023-06-03T23:31:21.626+0000] {processor.py:175} INFO - Processing /home/airflow/.local/lib/python3.7/site-packages/airflow/example_dags/example_xcomargs.py took 0.082 seconds
[2023-06-03T23:47:27.842+0000] {processor.py:153} INFO - Started process (PID=82748) to work on /home/airflow/.local/lib/python3.7/site-packages/airflow/example_dags/example_xcomargs.py
[2023-06-03T23:47:27.843+0000] {processor.py:743} INFO - Processing file /home/airflow/.local/lib/python3.7/site-packages/airflow/example_dags/example_xcomargs.py for tasks to queue
[2023-06-03T23:47:27.844+0000] {logging_mixin.py:137} INFO - [2023-06-03T23:47:27.844+0000] {dagbag.py:538} INFO - Filling up the DagBag from /home/airflow/.local/lib/python3.7/site-packages/airflow/example_dags/example_xcomargs.py
[2023-06-03T23:47:27.864+0000] {processor.py:753} INFO - DAG(s) dict_keys(['example_xcom_args', 'example_xcom_args_with_operators']) retrieved from /home/airflow/.local/lib/python3.7/site-packages/airflow/example_dags/example_xcomargs.py
[2023-06-03T23:47:27.887+0000] {logging_mixin.py:137} INFO - [2023-06-03T23:47:27.887+0000] {dag.py:2690} INFO - Sync 2 DAGs
[2023-06-03T23:47:27.906+0000] {logging_mixin.py:137} INFO - [2023-06-03T23:47:27.906+0000] {dag.py:3441} INFO - Setting next_dagrun for example_xcom_args to None, run_after=None
[2023-06-03T23:47:27.909+0000] {logging_mixin.py:137} INFO - [2023-06-03T23:47:27.909+0000] {dag.py:3441} INFO - Setting next_dagrun for example_xcom_args_with_operators to None, run_after=None
[2023-06-03T23:47:27.926+0000] {processor.py:175} INFO - Processing /home/airflow/.local/lib/python3.7/site-packages/airflow/example_dags/example_xcomargs.py took 0.087 seconds
