[2023-06-03T00:32:07.545+0000] {processor.py:153} INFO - Started process (PID=80887) to work on /home/airflow/.local/lib/python3.7/site-packages/airflow/example_dags/example_short_circuit_operator.py
[2023-06-03T00:32:07.547+0000] {processor.py:743} INFO - Processing file /home/airflow/.local/lib/python3.7/site-packages/airflow/example_dags/example_short_circuit_operator.py for tasks to queue
[2023-06-03T00:32:07.548+0000] {logging_mixin.py:137} INFO - [2023-06-03T00:32:07.548+0000] {dagbag.py:538} INFO - Filling up the DagBag from /home/airflow/.local/lib/python3.7/site-packages/airflow/example_dags/example_short_circuit_operator.py
[2023-06-03T00:32:07.562+0000] {processor.py:753} INFO - DAG(s) dict_keys(['example_short_circuit_operator']) retrieved from /home/airflow/.local/lib/python3.7/site-packages/airflow/example_dags/example_short_circuit_operator.py
[2023-06-03T00:32:07.589+0000] {logging_mixin.py:137} INFO - [2023-06-03T00:32:07.589+0000] {dag.py:2690} INFO - Sync 1 DAGs
[2023-06-03T00:32:07.607+0000] {logging_mixin.py:137} INFO - [2023-06-03T00:32:07.607+0000] {dag.py:3441} INFO - Setting next_dagrun for example_short_circuit_operator to 2023-06-02T00:32:07.606859+00:00, run_after=2023-06-03T00:32:07.606859+00:00
[2023-06-03T00:32:07.622+0000] {processor.py:175} INFO - Processing /home/airflow/.local/lib/python3.7/site-packages/airflow/example_dags/example_short_circuit_operator.py took 0.080 seconds
[2023-06-03T01:53:39.128+0000] {processor.py:153} INFO - Started process (PID=80970) to work on /home/airflow/.local/lib/python3.7/site-packages/airflow/example_dags/example_short_circuit_operator.py
[2023-06-03T01:53:39.130+0000] {processor.py:743} INFO - Processing file /home/airflow/.local/lib/python3.7/site-packages/airflow/example_dags/example_short_circuit_operator.py for tasks to queue
[2023-06-03T01:53:39.131+0000] {logging_mixin.py:137} INFO - [2023-06-03T01:53:39.131+0000] {dagbag.py:538} INFO - Filling up the DagBag from /home/airflow/.local/lib/python3.7/site-packages/airflow/example_dags/example_short_circuit_operator.py
[2023-06-03T01:53:39.145+0000] {processor.py:753} INFO - DAG(s) dict_keys(['example_short_circuit_operator']) retrieved from /home/airflow/.local/lib/python3.7/site-packages/airflow/example_dags/example_short_circuit_operator.py
[2023-06-03T01:53:39.167+0000] {logging_mixin.py:137} INFO - [2023-06-03T01:53:39.167+0000] {dag.py:2690} INFO - Sync 1 DAGs
[2023-06-03T01:53:39.183+0000] {logging_mixin.py:137} INFO - [2023-06-03T01:53:39.183+0000] {dag.py:3441} INFO - Setting next_dagrun for example_short_circuit_operator to 2023-06-02T01:53:39.183463+00:00, run_after=2023-06-03T01:53:39.183463+00:00
[2023-06-03T01:53:39.197+0000] {processor.py:175} INFO - Processing /home/airflow/.local/lib/python3.7/site-packages/airflow/example_dags/example_short_circuit_operator.py took 0.071 seconds
[2023-06-03T03:14:39.194+0000] {processor.py:153} INFO - Started process (PID=81041) to work on /home/airflow/.local/lib/python3.7/site-packages/airflow/example_dags/example_short_circuit_operator.py
[2023-06-03T03:14:39.196+0000] {processor.py:743} INFO - Processing file /home/airflow/.local/lib/python3.7/site-packages/airflow/example_dags/example_short_circuit_operator.py for tasks to queue
[2023-06-03T03:14:39.197+0000] {logging_mixin.py:137} INFO - [2023-06-03T03:14:39.197+0000] {dagbag.py:538} INFO - Filling up the DagBag from /home/airflow/.local/lib/python3.7/site-packages/airflow/example_dags/example_short_circuit_operator.py
[2023-06-03T03:14:39.214+0000] {processor.py:753} INFO - DAG(s) dict_keys(['example_short_circuit_operator']) retrieved from /home/airflow/.local/lib/python3.7/site-packages/airflow/example_dags/example_short_circuit_operator.py
[2023-06-03T03:14:39.238+0000] {logging_mixin.py:137} INFO - [2023-06-03T03:14:39.238+0000] {dag.py:2690} INFO - Sync 1 DAGs
[2023-06-03T03:14:39.258+0000] {logging_mixin.py:137} INFO - [2023-06-03T03:14:39.258+0000] {dag.py:3441} INFO - Setting next_dagrun for example_short_circuit_operator to 2023-06-02T03:14:39.258109+00:00, run_after=2023-06-03T03:14:39.258109+00:00
[2023-06-03T03:14:39.273+0000] {processor.py:175} INFO - Processing /home/airflow/.local/lib/python3.7/site-packages/airflow/example_dags/example_short_circuit_operator.py took 0.082 seconds
[2023-06-03T04:37:23.585+0000] {processor.py:153} INFO - Started process (PID=81123) to work on /home/airflow/.local/lib/python3.7/site-packages/airflow/example_dags/example_short_circuit_operator.py
[2023-06-03T04:37:23.587+0000] {processor.py:743} INFO - Processing file /home/airflow/.local/lib/python3.7/site-packages/airflow/example_dags/example_short_circuit_operator.py for tasks to queue
[2023-06-03T04:37:23.587+0000] {logging_mixin.py:137} INFO - [2023-06-03T04:37:23.587+0000] {dagbag.py:538} INFO - Filling up the DagBag from /home/airflow/.local/lib/python3.7/site-packages/airflow/example_dags/example_short_circuit_operator.py
[2023-06-03T04:37:23.601+0000] {processor.py:753} INFO - DAG(s) dict_keys(['example_short_circuit_operator']) retrieved from /home/airflow/.local/lib/python3.7/site-packages/airflow/example_dags/example_short_circuit_operator.py
[2023-06-03T04:37:23.624+0000] {logging_mixin.py:137} INFO - [2023-06-03T04:37:23.624+0000] {dag.py:2690} INFO - Sync 1 DAGs
[2023-06-03T04:37:23.643+0000] {logging_mixin.py:137} INFO - [2023-06-03T04:37:23.643+0000] {dag.py:3441} INFO - Setting next_dagrun for example_short_circuit_operator to 2023-06-02T04:37:23.643117+00:00, run_after=2023-06-03T04:37:23.643117+00:00
[2023-06-03T04:37:23.657+0000] {processor.py:175} INFO - Processing /home/airflow/.local/lib/python3.7/site-packages/airflow/example_dags/example_short_circuit_operator.py took 0.075 seconds
[2023-06-03T05:41:54.845+0000] {processor.py:153} INFO - Started process (PID=81205) to work on /home/airflow/.local/lib/python3.7/site-packages/airflow/example_dags/example_short_circuit_operator.py
[2023-06-03T05:41:54.846+0000] {processor.py:743} INFO - Processing file /home/airflow/.local/lib/python3.7/site-packages/airflow/example_dags/example_short_circuit_operator.py for tasks to queue
[2023-06-03T05:41:54.847+0000] {logging_mixin.py:137} INFO - [2023-06-03T05:41:54.847+0000] {dagbag.py:538} INFO - Filling up the DagBag from /home/airflow/.local/lib/python3.7/site-packages/airflow/example_dags/example_short_circuit_operator.py
[2023-06-03T05:41:54.861+0000] {processor.py:753} INFO - DAG(s) dict_keys(['example_short_circuit_operator']) retrieved from /home/airflow/.local/lib/python3.7/site-packages/airflow/example_dags/example_short_circuit_operator.py
[2023-06-03T05:41:54.885+0000] {logging_mixin.py:137} INFO - [2023-06-03T05:41:54.885+0000] {dag.py:2690} INFO - Sync 1 DAGs
[2023-06-03T05:41:54.904+0000] {logging_mixin.py:137} INFO - [2023-06-03T05:41:54.904+0000] {dag.py:3441} INFO - Setting next_dagrun for example_short_circuit_operator to 2023-06-02T05:41:54.904297+00:00, run_after=2023-06-03T05:41:54.904297+00:00
[2023-06-03T05:41:54.918+0000] {processor.py:175} INFO - Processing /home/airflow/.local/lib/python3.7/site-packages/airflow/example_dags/example_short_circuit_operator.py took 0.076 seconds
[2023-06-03T07:19:45.342+0000] {processor.py:153} INFO - Started process (PID=81276) to work on /home/airflow/.local/lib/python3.7/site-packages/airflow/example_dags/example_short_circuit_operator.py
[2023-06-03T07:19:45.344+0000] {processor.py:743} INFO - Processing file /home/airflow/.local/lib/python3.7/site-packages/airflow/example_dags/example_short_circuit_operator.py for tasks to queue
[2023-06-03T07:19:45.345+0000] {logging_mixin.py:137} INFO - [2023-06-03T07:19:45.345+0000] {dagbag.py:538} INFO - Filling up the DagBag from /home/airflow/.local/lib/python3.7/site-packages/airflow/example_dags/example_short_circuit_operator.py
[2023-06-03T07:19:45.360+0000] {processor.py:753} INFO - DAG(s) dict_keys(['example_short_circuit_operator']) retrieved from /home/airflow/.local/lib/python3.7/site-packages/airflow/example_dags/example_short_circuit_operator.py
[2023-06-03T07:19:45.383+0000] {logging_mixin.py:137} INFO - [2023-06-03T07:19:45.383+0000] {dag.py:2690} INFO - Sync 1 DAGs
[2023-06-03T07:19:45.400+0000] {logging_mixin.py:137} INFO - [2023-06-03T07:19:45.400+0000] {dag.py:3441} INFO - Setting next_dagrun for example_short_circuit_operator to 2023-06-02T07:19:45.400530+00:00, run_after=2023-06-03T07:19:45.400530+00:00
[2023-06-03T07:19:45.415+0000] {processor.py:175} INFO - Processing /home/airflow/.local/lib/python3.7/site-packages/airflow/example_dags/example_short_circuit_operator.py took 0.076 seconds
[2023-06-03T08:23:33.186+0000] {processor.py:153} INFO - Started process (PID=81359) to work on /home/airflow/.local/lib/python3.7/site-packages/airflow/example_dags/example_short_circuit_operator.py
[2023-06-03T08:23:33.198+0000] {processor.py:743} INFO - Processing file /home/airflow/.local/lib/python3.7/site-packages/airflow/example_dags/example_short_circuit_operator.py for tasks to queue
[2023-06-03T08:23:33.200+0000] {logging_mixin.py:137} INFO - [2023-06-03T08:23:33.200+0000] {dagbag.py:538} INFO - Filling up the DagBag from /home/airflow/.local/lib/python3.7/site-packages/airflow/example_dags/example_short_circuit_operator.py
[2023-06-03T08:23:33.246+0000] {processor.py:753} INFO - DAG(s) dict_keys(['example_short_circuit_operator']) retrieved from /home/airflow/.local/lib/python3.7/site-packages/airflow/example_dags/example_short_circuit_operator.py
[2023-06-03T08:23:33.280+0000] {logging_mixin.py:137} INFO - [2023-06-03T08:23:33.280+0000] {dag.py:2690} INFO - Sync 1 DAGs
[2023-06-03T08:23:33.304+0000] {logging_mixin.py:137} INFO - [2023-06-03T08:23:33.303+0000] {dag.py:3441} INFO - Setting next_dagrun for example_short_circuit_operator to 2023-06-02T08:23:33.303617+00:00, run_after=2023-06-03T08:23:33.303617+00:00
[2023-06-03T08:23:33.321+0000] {processor.py:175} INFO - Processing /home/airflow/.local/lib/python3.7/site-packages/airflow/example_dags/example_short_circuit_operator.py took 0.139 seconds
[2023-06-03T09:59:49.562+0000] {processor.py:153} INFO - Started process (PID=81430) to work on /home/airflow/.local/lib/python3.7/site-packages/airflow/example_dags/example_short_circuit_operator.py
[2023-06-03T09:59:49.563+0000] {processor.py:743} INFO - Processing file /home/airflow/.local/lib/python3.7/site-packages/airflow/example_dags/example_short_circuit_operator.py for tasks to queue
[2023-06-03T09:59:49.564+0000] {logging_mixin.py:137} INFO - [2023-06-03T09:59:49.564+0000] {dagbag.py:538} INFO - Filling up the DagBag from /home/airflow/.local/lib/python3.7/site-packages/airflow/example_dags/example_short_circuit_operator.py
[2023-06-03T09:59:49.582+0000] {processor.py:753} INFO - DAG(s) dict_keys(['example_short_circuit_operator']) retrieved from /home/airflow/.local/lib/python3.7/site-packages/airflow/example_dags/example_short_circuit_operator.py
[2023-06-03T09:59:49.638+0000] {logging_mixin.py:137} INFO - [2023-06-03T09:59:49.638+0000] {dag.py:2690} INFO - Sync 1 DAGs
[2023-06-03T09:59:49.656+0000] {logging_mixin.py:137} INFO - [2023-06-03T09:59:49.656+0000] {dag.py:3441} INFO - Setting next_dagrun for example_short_circuit_operator to 2023-06-02T09:59:49.656446+00:00, run_after=2023-06-03T09:59:49.656446+00:00
[2023-06-03T09:59:49.670+0000] {processor.py:175} INFO - Processing /home/airflow/.local/lib/python3.7/site-packages/airflow/example_dags/example_short_circuit_operator.py took 0.111 seconds
[2023-06-03T11:22:58.252+0000] {processor.py:153} INFO - Started process (PID=81513) to work on /home/airflow/.local/lib/python3.7/site-packages/airflow/example_dags/example_short_circuit_operator.py
[2023-06-03T11:22:58.254+0000] {processor.py:743} INFO - Processing file /home/airflow/.local/lib/python3.7/site-packages/airflow/example_dags/example_short_circuit_operator.py for tasks to queue
[2023-06-03T11:22:58.255+0000] {logging_mixin.py:137} INFO - [2023-06-03T11:22:58.255+0000] {dagbag.py:538} INFO - Filling up the DagBag from /home/airflow/.local/lib/python3.7/site-packages/airflow/example_dags/example_short_circuit_operator.py
[2023-06-03T11:22:58.269+0000] {processor.py:753} INFO - DAG(s) dict_keys(['example_short_circuit_operator']) retrieved from /home/airflow/.local/lib/python3.7/site-packages/airflow/example_dags/example_short_circuit_operator.py
[2023-06-03T11:22:58.291+0000] {logging_mixin.py:137} INFO - [2023-06-03T11:22:58.291+0000] {dag.py:2690} INFO - Sync 1 DAGs
[2023-06-03T11:22:58.309+0000] {logging_mixin.py:137} INFO - [2023-06-03T11:22:58.309+0000] {dag.py:3441} INFO - Setting next_dagrun for example_short_circuit_operator to 2023-06-02T11:22:58.309565+00:00, run_after=2023-06-03T11:22:58.309565+00:00
[2023-06-03T11:22:58.324+0000] {processor.py:175} INFO - Processing /home/airflow/.local/lib/python3.7/site-packages/airflow/example_dags/example_short_circuit_operator.py took 0.075 seconds
[2023-06-03T12:46:10.588+0000] {processor.py:153} INFO - Started process (PID=81596) to work on /home/airflow/.local/lib/python3.7/site-packages/airflow/example_dags/example_short_circuit_operator.py
[2023-06-03T12:46:10.590+0000] {processor.py:743} INFO - Processing file /home/airflow/.local/lib/python3.7/site-packages/airflow/example_dags/example_short_circuit_operator.py for tasks to queue
[2023-06-03T12:46:10.591+0000] {logging_mixin.py:137} INFO - [2023-06-03T12:46:10.591+0000] {dagbag.py:538} INFO - Filling up the DagBag from /home/airflow/.local/lib/python3.7/site-packages/airflow/example_dags/example_short_circuit_operator.py
[2023-06-03T12:46:10.604+0000] {processor.py:753} INFO - DAG(s) dict_keys(['example_short_circuit_operator']) retrieved from /home/airflow/.local/lib/python3.7/site-packages/airflow/example_dags/example_short_circuit_operator.py
[2023-06-03T12:46:10.628+0000] {logging_mixin.py:137} INFO - [2023-06-03T12:46:10.628+0000] {dag.py:2690} INFO - Sync 1 DAGs
[2023-06-03T12:46:10.647+0000] {logging_mixin.py:137} INFO - [2023-06-03T12:46:10.647+0000] {dag.py:3441} INFO - Setting next_dagrun for example_short_circuit_operator to 2023-06-02T12:46:10.646729+00:00, run_after=2023-06-03T12:46:10.646729+00:00
[2023-06-03T12:46:10.660+0000] {processor.py:175} INFO - Processing /home/airflow/.local/lib/python3.7/site-packages/airflow/example_dags/example_short_circuit_operator.py took 0.075 seconds
[2023-06-03T14:10:15.256+0000] {processor.py:153} INFO - Started process (PID=81667) to work on /home/airflow/.local/lib/python3.7/site-packages/airflow/example_dags/example_short_circuit_operator.py
[2023-06-03T14:10:15.258+0000] {processor.py:743} INFO - Processing file /home/airflow/.local/lib/python3.7/site-packages/airflow/example_dags/example_short_circuit_operator.py for tasks to queue
[2023-06-03T14:10:15.259+0000] {logging_mixin.py:137} INFO - [2023-06-03T14:10:15.259+0000] {dagbag.py:538} INFO - Filling up the DagBag from /home/airflow/.local/lib/python3.7/site-packages/airflow/example_dags/example_short_circuit_operator.py
[2023-06-03T14:10:15.272+0000] {processor.py:753} INFO - DAG(s) dict_keys(['example_short_circuit_operator']) retrieved from /home/airflow/.local/lib/python3.7/site-packages/airflow/example_dags/example_short_circuit_operator.py
[2023-06-03T14:10:15.294+0000] {logging_mixin.py:137} INFO - [2023-06-03T14:10:15.294+0000] {dag.py:2690} INFO - Sync 1 DAGs
[2023-06-03T14:10:15.312+0000] {logging_mixin.py:137} INFO - [2023-06-03T14:10:15.312+0000] {dag.py:3441} INFO - Setting next_dagrun for example_short_circuit_operator to 2023-06-02T14:10:15.311743+00:00, run_after=2023-06-03T14:10:15.311743+00:00
[2023-06-03T14:10:15.325+0000] {processor.py:175} INFO - Processing /home/airflow/.local/lib/python3.7/site-packages/airflow/example_dags/example_short_circuit_operator.py took 0.071 seconds
[2023-06-03T15:32:54.745+0000] {processor.py:153} INFO - Started process (PID=81750) to work on /home/airflow/.local/lib/python3.7/site-packages/airflow/example_dags/example_short_circuit_operator.py
[2023-06-03T15:32:54.746+0000] {processor.py:743} INFO - Processing file /home/airflow/.local/lib/python3.7/site-packages/airflow/example_dags/example_short_circuit_operator.py for tasks to queue
[2023-06-03T15:32:54.747+0000] {logging_mixin.py:137} INFO - [2023-06-03T15:32:54.747+0000] {dagbag.py:538} INFO - Filling up the DagBag from /home/airflow/.local/lib/python3.7/site-packages/airflow/example_dags/example_short_circuit_operator.py
[2023-06-03T15:32:54.761+0000] {processor.py:753} INFO - DAG(s) dict_keys(['example_short_circuit_operator']) retrieved from /home/airflow/.local/lib/python3.7/site-packages/airflow/example_dags/example_short_circuit_operator.py
[2023-06-03T15:32:54.785+0000] {logging_mixin.py:137} INFO - [2023-06-03T15:32:54.785+0000] {dag.py:2690} INFO - Sync 1 DAGs
[2023-06-03T15:32:54.803+0000] {logging_mixin.py:137} INFO - [2023-06-03T15:32:54.803+0000] {dag.py:3441} INFO - Setting next_dagrun for example_short_circuit_operator to 2023-06-02T15:32:54.803701+00:00, run_after=2023-06-03T15:32:54.803701+00:00
[2023-06-03T15:32:54.816+0000] {processor.py:175} INFO - Processing /home/airflow/.local/lib/python3.7/site-packages/airflow/example_dags/example_short_circuit_operator.py took 0.074 seconds
[2023-06-03T16:57:14.294+0000] {processor.py:153} INFO - Started process (PID=81832) to work on /home/airflow/.local/lib/python3.7/site-packages/airflow/example_dags/example_short_circuit_operator.py
[2023-06-03T16:57:14.297+0000] {processor.py:743} INFO - Processing file /home/airflow/.local/lib/python3.7/site-packages/airflow/example_dags/example_short_circuit_operator.py for tasks to queue
[2023-06-03T16:57:14.299+0000] {logging_mixin.py:137} INFO - [2023-06-03T16:57:14.299+0000] {dagbag.py:538} INFO - Filling up the DagBag from /home/airflow/.local/lib/python3.7/site-packages/airflow/example_dags/example_short_circuit_operator.py
[2023-06-03T16:57:14.322+0000] {processor.py:753} INFO - DAG(s) dict_keys(['example_short_circuit_operator']) retrieved from /home/airflow/.local/lib/python3.7/site-packages/airflow/example_dags/example_short_circuit_operator.py
[2023-06-03T16:57:14.350+0000] {logging_mixin.py:137} INFO - [2023-06-03T16:57:14.350+0000] {dag.py:2690} INFO - Sync 1 DAGs
[2023-06-03T16:57:14.372+0000] {logging_mixin.py:137} INFO - [2023-06-03T16:57:14.372+0000] {dag.py:3441} INFO - Setting next_dagrun for example_short_circuit_operator to 2023-06-02T16:57:14.372644+00:00, run_after=2023-06-03T16:57:14.372644+00:00
[2023-06-03T16:57:14.388+0000] {processor.py:175} INFO - Processing /home/airflow/.local/lib/python3.7/site-packages/airflow/example_dags/example_short_circuit_operator.py took 0.099 seconds
[2023-06-03T18:19:41.657+0000] {processor.py:153} INFO - Started process (PID=81904) to work on /home/airflow/.local/lib/python3.7/site-packages/airflow/example_dags/example_short_circuit_operator.py
[2023-06-03T18:19:41.659+0000] {processor.py:743} INFO - Processing file /home/airflow/.local/lib/python3.7/site-packages/airflow/example_dags/example_short_circuit_operator.py for tasks to queue
[2023-06-03T18:19:41.661+0000] {logging_mixin.py:137} INFO - [2023-06-03T18:19:41.661+0000] {dagbag.py:538} INFO - Filling up the DagBag from /home/airflow/.local/lib/python3.7/site-packages/airflow/example_dags/example_short_circuit_operator.py
[2023-06-03T18:19:41.676+0000] {processor.py:753} INFO - DAG(s) dict_keys(['example_short_circuit_operator']) retrieved from /home/airflow/.local/lib/python3.7/site-packages/airflow/example_dags/example_short_circuit_operator.py
[2023-06-03T18:19:41.701+0000] {logging_mixin.py:137} INFO - [2023-06-03T18:19:41.701+0000] {dag.py:2690} INFO - Sync 1 DAGs
[2023-06-03T18:19:41.720+0000] {logging_mixin.py:137} INFO - [2023-06-03T18:19:41.720+0000] {dag.py:3441} INFO - Setting next_dagrun for example_short_circuit_operator to 2023-06-02T18:19:41.720195+00:00, run_after=2023-06-03T18:19:41.720195+00:00
[2023-06-03T18:19:41.733+0000] {processor.py:175} INFO - Processing /home/airflow/.local/lib/python3.7/site-packages/airflow/example_dags/example_short_circuit_operator.py took 0.079 seconds
[2023-06-03T19:42:57.330+0000] {processor.py:153} INFO - Started process (PID=81988) to work on /home/airflow/.local/lib/python3.7/site-packages/airflow/example_dags/example_short_circuit_operator.py
[2023-06-03T19:42:57.445+0000] {processor.py:743} INFO - Processing file /home/airflow/.local/lib/python3.7/site-packages/airflow/example_dags/example_short_circuit_operator.py for tasks to queue
[2023-06-03T19:42:57.447+0000] {logging_mixin.py:137} INFO - [2023-06-03T19:42:57.447+0000] {dagbag.py:538} INFO - Filling up the DagBag from /home/airflow/.local/lib/python3.7/site-packages/airflow/example_dags/example_short_circuit_operator.py
[2023-06-03T19:42:57.463+0000] {processor.py:753} INFO - DAG(s) dict_keys(['example_short_circuit_operator']) retrieved from /home/airflow/.local/lib/python3.7/site-packages/airflow/example_dags/example_short_circuit_operator.py
[2023-06-03T19:42:57.491+0000] {logging_mixin.py:137} INFO - [2023-06-03T19:42:57.491+0000] {dag.py:2690} INFO - Sync 1 DAGs
[2023-06-03T19:42:57.510+0000] {logging_mixin.py:137} INFO - [2023-06-03T19:42:57.510+0000] {dag.py:3441} INFO - Setting next_dagrun for example_short_circuit_operator to 2023-06-02T19:42:57.510543+00:00, run_after=2023-06-03T19:42:57.510543+00:00
[2023-06-03T19:42:57.525+0000] {processor.py:175} INFO - Processing /home/airflow/.local/lib/python3.7/site-packages/airflow/example_dags/example_short_circuit_operator.py took 0.324 seconds
[2023-06-03T21:03:57.118+0000] {processor.py:153} INFO - Started process (PID=82059) to work on /home/airflow/.local/lib/python3.7/site-packages/airflow/example_dags/example_short_circuit_operator.py
[2023-06-03T21:03:57.120+0000] {processor.py:743} INFO - Processing file /home/airflow/.local/lib/python3.7/site-packages/airflow/example_dags/example_short_circuit_operator.py for tasks to queue
[2023-06-03T21:03:57.121+0000] {logging_mixin.py:137} INFO - [2023-06-03T21:03:57.121+0000] {dagbag.py:538} INFO - Filling up the DagBag from /home/airflow/.local/lib/python3.7/site-packages/airflow/example_dags/example_short_circuit_operator.py
[2023-06-03T21:03:57.135+0000] {processor.py:753} INFO - DAG(s) dict_keys(['example_short_circuit_operator']) retrieved from /home/airflow/.local/lib/python3.7/site-packages/airflow/example_dags/example_short_circuit_operator.py
[2023-06-03T21:03:57.408+0000] {logging_mixin.py:137} INFO - [2023-06-03T21:03:57.407+0000] {dag.py:2690} INFO - Sync 1 DAGs
[2023-06-03T21:03:57.431+0000] {logging_mixin.py:137} INFO - [2023-06-03T21:03:57.431+0000] {dag.py:3441} INFO - Setting next_dagrun for example_short_circuit_operator to 2023-06-02T21:03:57.430989+00:00, run_after=2023-06-03T21:03:57.430989+00:00
[2023-06-03T21:03:57.462+0000] {processor.py:175} INFO - Processing /home/airflow/.local/lib/python3.7/site-packages/airflow/example_dags/example_short_circuit_operator.py took 0.347 seconds
[2023-06-03T21:51:37.737+0000] {processor.py:153} INFO - Started process (PID=82141) to work on /home/airflow/.local/lib/python3.7/site-packages/airflow/example_dags/example_short_circuit_operator.py
[2023-06-03T21:51:37.739+0000] {processor.py:743} INFO - Processing file /home/airflow/.local/lib/python3.7/site-packages/airflow/example_dags/example_short_circuit_operator.py for tasks to queue
[2023-06-03T21:51:37.740+0000] {logging_mixin.py:137} INFO - [2023-06-03T21:51:37.740+0000] {dagbag.py:538} INFO - Filling up the DagBag from /home/airflow/.local/lib/python3.7/site-packages/airflow/example_dags/example_short_circuit_operator.py
[2023-06-03T21:51:37.755+0000] {processor.py:753} INFO - DAG(s) dict_keys(['example_short_circuit_operator']) retrieved from /home/airflow/.local/lib/python3.7/site-packages/airflow/example_dags/example_short_circuit_operator.py
[2023-06-03T21:51:37.780+0000] {logging_mixin.py:137} INFO - [2023-06-03T21:51:37.779+0000] {dag.py:2690} INFO - Sync 1 DAGs
[2023-06-03T21:51:37.798+0000] {logging_mixin.py:137} INFO - [2023-06-03T21:51:37.798+0000] {dag.py:3441} INFO - Setting next_dagrun for example_short_circuit_operator to 2023-06-02T21:51:37.798034+00:00, run_after=2023-06-03T21:51:37.798034+00:00
[2023-06-03T21:51:37.813+0000] {processor.py:175} INFO - Processing /home/airflow/.local/lib/python3.7/site-packages/airflow/example_dags/example_short_circuit_operator.py took 0.080 seconds
[2023-06-03T21:52:08.326+0000] {processor.py:153} INFO - Started process (PID=82225) to work on /home/airflow/.local/lib/python3.7/site-packages/airflow/example_dags/example_short_circuit_operator.py
[2023-06-03T21:52:08.328+0000] {processor.py:743} INFO - Processing file /home/airflow/.local/lib/python3.7/site-packages/airflow/example_dags/example_short_circuit_operator.py for tasks to queue
[2023-06-03T21:52:08.329+0000] {logging_mixin.py:137} INFO - [2023-06-03T21:52:08.329+0000] {dagbag.py:538} INFO - Filling up the DagBag from /home/airflow/.local/lib/python3.7/site-packages/airflow/example_dags/example_short_circuit_operator.py
[2023-06-03T21:52:08.343+0000] {processor.py:753} INFO - DAG(s) dict_keys(['example_short_circuit_operator']) retrieved from /home/airflow/.local/lib/python3.7/site-packages/airflow/example_dags/example_short_circuit_operator.py
[2023-06-03T21:52:08.365+0000] {logging_mixin.py:137} INFO - [2023-06-03T21:52:08.365+0000] {dag.py:2690} INFO - Sync 1 DAGs
[2023-06-03T21:52:08.381+0000] {logging_mixin.py:137} INFO - [2023-06-03T21:52:08.381+0000] {dag.py:3441} INFO - Setting next_dagrun for example_short_circuit_operator to 2023-06-02T21:52:08.381360+00:00, run_after=2023-06-03T21:52:08.381360+00:00
[2023-06-03T21:52:08.394+0000] {processor.py:175} INFO - Processing /home/airflow/.local/lib/python3.7/site-packages/airflow/example_dags/example_short_circuit_operator.py took 0.071 seconds
[2023-06-03T21:52:39.294+0000] {processor.py:153} INFO - Started process (PID=82296) to work on /home/airflow/.local/lib/python3.7/site-packages/airflow/example_dags/example_short_circuit_operator.py
[2023-06-03T21:52:39.301+0000] {processor.py:743} INFO - Processing file /home/airflow/.local/lib/python3.7/site-packages/airflow/example_dags/example_short_circuit_operator.py for tasks to queue
[2023-06-03T21:52:39.318+0000] {logging_mixin.py:137} INFO - [2023-06-03T21:52:39.318+0000] {dagbag.py:538} INFO - Filling up the DagBag from /home/airflow/.local/lib/python3.7/site-packages/airflow/example_dags/example_short_circuit_operator.py
[2023-06-03T21:52:39.352+0000] {processor.py:753} INFO - DAG(s) dict_keys(['example_short_circuit_operator']) retrieved from /home/airflow/.local/lib/python3.7/site-packages/airflow/example_dags/example_short_circuit_operator.py
[2023-06-03T21:52:39.385+0000] {logging_mixin.py:137} INFO - [2023-06-03T21:52:39.385+0000] {dag.py:2690} INFO - Sync 1 DAGs
[2023-06-03T21:52:39.408+0000] {logging_mixin.py:137} INFO - [2023-06-03T21:52:39.408+0000] {dag.py:3441} INFO - Setting next_dagrun for example_short_circuit_operator to 2023-06-02T21:52:39.407779+00:00, run_after=2023-06-03T21:52:39.407779+00:00
[2023-06-03T21:52:39.423+0000] {processor.py:175} INFO - Processing /home/airflow/.local/lib/python3.7/site-packages/airflow/example_dags/example_short_circuit_operator.py took 0.132 seconds
[2023-06-03T21:53:10.222+0000] {processor.py:153} INFO - Started process (PID=82379) to work on /home/airflow/.local/lib/python3.7/site-packages/airflow/example_dags/example_short_circuit_operator.py
[2023-06-03T21:53:10.224+0000] {processor.py:743} INFO - Processing file /home/airflow/.local/lib/python3.7/site-packages/airflow/example_dags/example_short_circuit_operator.py for tasks to queue
[2023-06-03T21:53:10.225+0000] {logging_mixin.py:137} INFO - [2023-06-03T21:53:10.225+0000] {dagbag.py:538} INFO - Filling up the DagBag from /home/airflow/.local/lib/python3.7/site-packages/airflow/example_dags/example_short_circuit_operator.py
[2023-06-03T21:53:10.239+0000] {processor.py:753} INFO - DAG(s) dict_keys(['example_short_circuit_operator']) retrieved from /home/airflow/.local/lib/python3.7/site-packages/airflow/example_dags/example_short_circuit_operator.py
[2023-06-03T21:53:10.263+0000] {logging_mixin.py:137} INFO - [2023-06-03T21:53:10.263+0000] {dag.py:2690} INFO - Sync 1 DAGs
[2023-06-03T21:53:10.280+0000] {logging_mixin.py:137} INFO - [2023-06-03T21:53:10.280+0000] {dag.py:3441} INFO - Setting next_dagrun for example_short_circuit_operator to 2023-06-02T21:53:10.280240+00:00, run_after=2023-06-03T21:53:10.280240+00:00
[2023-06-03T21:53:10.294+0000] {processor.py:175} INFO - Processing /home/airflow/.local/lib/python3.7/site-packages/airflow/example_dags/example_short_circuit_operator.py took 0.075 seconds
[2023-06-03T21:53:41.002+0000] {processor.py:153} INFO - Started process (PID=82462) to work on /home/airflow/.local/lib/python3.7/site-packages/airflow/example_dags/example_short_circuit_operator.py
[2023-06-03T21:53:41.014+0000] {processor.py:743} INFO - Processing file /home/airflow/.local/lib/python3.7/site-packages/airflow/example_dags/example_short_circuit_operator.py for tasks to queue
[2023-06-03T21:53:41.015+0000] {logging_mixin.py:137} INFO - [2023-06-03T21:53:41.015+0000] {dagbag.py:538} INFO - Filling up the DagBag from /home/airflow/.local/lib/python3.7/site-packages/airflow/example_dags/example_short_circuit_operator.py
[2023-06-03T21:53:41.027+0000] {processor.py:753} INFO - DAG(s) dict_keys(['example_short_circuit_operator']) retrieved from /home/airflow/.local/lib/python3.7/site-packages/airflow/example_dags/example_short_circuit_operator.py
[2023-06-03T21:53:41.050+0000] {logging_mixin.py:137} INFO - [2023-06-03T21:53:41.050+0000] {dag.py:2690} INFO - Sync 1 DAGs
[2023-06-03T21:53:41.073+0000] {logging_mixin.py:137} INFO - [2023-06-03T21:53:41.072+0000] {dag.py:3441} INFO - Setting next_dagrun for example_short_circuit_operator to 2023-06-02T21:53:41.072636+00:00, run_after=2023-06-03T21:53:41.072636+00:00
[2023-06-03T21:53:41.086+0000] {processor.py:175} INFO - Processing /home/airflow/.local/lib/python3.7/site-packages/airflow/example_dags/example_short_circuit_operator.py took 0.087 seconds
[2023-06-03T21:54:14.123+0000] {processor.py:153} INFO - Started process (PID=82545) to work on /home/airflow/.local/lib/python3.7/site-packages/airflow/example_dags/example_short_circuit_operator.py
[2023-06-03T21:54:14.127+0000] {processor.py:743} INFO - Processing file /home/airflow/.local/lib/python3.7/site-packages/airflow/example_dags/example_short_circuit_operator.py for tasks to queue
[2023-06-03T21:54:14.134+0000] {logging_mixin.py:137} INFO - [2023-06-03T21:54:14.134+0000] {dagbag.py:538} INFO - Filling up the DagBag from /home/airflow/.local/lib/python3.7/site-packages/airflow/example_dags/example_short_circuit_operator.py
[2023-06-03T21:54:14.184+0000] {processor.py:753} INFO - DAG(s) dict_keys(['example_short_circuit_operator']) retrieved from /home/airflow/.local/lib/python3.7/site-packages/airflow/example_dags/example_short_circuit_operator.py
[2023-06-03T21:54:14.211+0000] {logging_mixin.py:137} INFO - [2023-06-03T21:54:14.211+0000] {dag.py:2690} INFO - Sync 1 DAGs
[2023-06-03T21:54:14.231+0000] {logging_mixin.py:137} INFO - [2023-06-03T21:54:14.231+0000] {dag.py:3441} INFO - Setting next_dagrun for example_short_circuit_operator to 2023-06-02T21:54:14.231044+00:00, run_after=2023-06-03T21:54:14.231044+00:00
[2023-06-03T21:54:14.244+0000] {processor.py:175} INFO - Processing /home/airflow/.local/lib/python3.7/site-packages/airflow/example_dags/example_short_circuit_operator.py took 0.125 seconds
[2023-06-03T23:02:41.182+0000] {processor.py:153} INFO - Started process (PID=82617) to work on /home/airflow/.local/lib/python3.7/site-packages/airflow/example_dags/example_short_circuit_operator.py
[2023-06-03T23:02:41.183+0000] {processor.py:743} INFO - Processing file /home/airflow/.local/lib/python3.7/site-packages/airflow/example_dags/example_short_circuit_operator.py for tasks to queue
[2023-06-03T23:02:41.184+0000] {logging_mixin.py:137} INFO - [2023-06-03T23:02:41.184+0000] {dagbag.py:538} INFO - Filling up the DagBag from /home/airflow/.local/lib/python3.7/site-packages/airflow/example_dags/example_short_circuit_operator.py
[2023-06-03T23:02:41.199+0000] {processor.py:753} INFO - DAG(s) dict_keys(['example_short_circuit_operator']) retrieved from /home/airflow/.local/lib/python3.7/site-packages/airflow/example_dags/example_short_circuit_operator.py
[2023-06-03T23:02:41.224+0000] {logging_mixin.py:137} INFO - [2023-06-03T23:02:41.224+0000] {dag.py:2690} INFO - Sync 1 DAGs
[2023-06-03T23:02:41.251+0000] {logging_mixin.py:137} INFO - [2023-06-03T23:02:41.251+0000] {dag.py:3441} INFO - Setting next_dagrun for example_short_circuit_operator to 2023-06-02T23:02:41.251498+00:00, run_after=2023-06-03T23:02:41.251498+00:00
[2023-06-03T23:02:41.265+0000] {processor.py:175} INFO - Processing /home/airflow/.local/lib/python3.7/site-packages/airflow/example_dags/example_short_circuit_operator.py took 0.087 seconds
[2023-06-03T23:31:23.138+0000] {processor.py:153} INFO - Started process (PID=82688) to work on /home/airflow/.local/lib/python3.7/site-packages/airflow/example_dags/example_short_circuit_operator.py
[2023-06-03T23:31:23.140+0000] {processor.py:743} INFO - Processing file /home/airflow/.local/lib/python3.7/site-packages/airflow/example_dags/example_short_circuit_operator.py for tasks to queue
[2023-06-03T23:31:23.142+0000] {logging_mixin.py:137} INFO - [2023-06-03T23:31:23.141+0000] {dagbag.py:538} INFO - Filling up the DagBag from /home/airflow/.local/lib/python3.7/site-packages/airflow/example_dags/example_short_circuit_operator.py
[2023-06-03T23:31:23.155+0000] {processor.py:753} INFO - DAG(s) dict_keys(['example_short_circuit_operator']) retrieved from /home/airflow/.local/lib/python3.7/site-packages/airflow/example_dags/example_short_circuit_operator.py
[2023-06-03T23:31:23.180+0000] {logging_mixin.py:137} INFO - [2023-06-03T23:31:23.180+0000] {dag.py:2690} INFO - Sync 1 DAGs
[2023-06-03T23:31:23.201+0000] {logging_mixin.py:137} INFO - [2023-06-03T23:31:23.201+0000] {dag.py:3441} INFO - Setting next_dagrun for example_short_circuit_operator to 2023-06-02T23:31:23.201531+00:00, run_after=2023-06-03T23:31:23.201531+00:00
[2023-06-03T23:31:23.215+0000] {processor.py:175} INFO - Processing /home/airflow/.local/lib/python3.7/site-packages/airflow/example_dags/example_short_circuit_operator.py took 0.079 seconds
[2023-06-03T23:47:29.292+0000] {processor.py:153} INFO - Started process (PID=82771) to work on /home/airflow/.local/lib/python3.7/site-packages/airflow/example_dags/example_short_circuit_operator.py
[2023-06-03T23:47:29.294+0000] {processor.py:743} INFO - Processing file /home/airflow/.local/lib/python3.7/site-packages/airflow/example_dags/example_short_circuit_operator.py for tasks to queue
[2023-06-03T23:47:29.295+0000] {logging_mixin.py:137} INFO - [2023-06-03T23:47:29.295+0000] {dagbag.py:538} INFO - Filling up the DagBag from /home/airflow/.local/lib/python3.7/site-packages/airflow/example_dags/example_short_circuit_operator.py
[2023-06-03T23:47:29.309+0000] {processor.py:753} INFO - DAG(s) dict_keys(['example_short_circuit_operator']) retrieved from /home/airflow/.local/lib/python3.7/site-packages/airflow/example_dags/example_short_circuit_operator.py
[2023-06-03T23:47:29.336+0000] {logging_mixin.py:137} INFO - [2023-06-03T23:47:29.335+0000] {dag.py:2690} INFO - Sync 1 DAGs
[2023-06-03T23:47:29.356+0000] {logging_mixin.py:137} INFO - [2023-06-03T23:47:29.356+0000] {dag.py:3441} INFO - Setting next_dagrun for example_short_circuit_operator to 2023-06-02T23:47:29.356125+00:00, run_after=2023-06-03T23:47:29.356125+00:00
[2023-06-03T23:47:29.374+0000] {processor.py:175} INFO - Processing /home/airflow/.local/lib/python3.7/site-packages/airflow/example_dags/example_short_circuit_operator.py took 0.085 seconds
