[2023-08-14T15:08:40.536+0000] {taskinstance.py:1083} INFO - Dependencies all met for <TaskInstance: my_mulitiplication.multiplication scheduled__2023-08-09T00:00:00+00:00 [queued]>
[2023-08-14T15:08:40.717+0000] {taskinstance.py:1083} INFO - Dependencies all met for <TaskInstance: my_mulitiplication.multiplication scheduled__2023-08-09T00:00:00+00:00 [queued]>
[2023-08-14T15:08:40.723+0000] {taskinstance.py:1279} INFO - 
--------------------------------------------------------------------------------
[2023-08-14T15:08:40.726+0000] {taskinstance.py:1280} INFO - Starting attempt 1 of 4
[2023-08-14T15:08:40.734+0000] {taskinstance.py:1281} INFO - 
--------------------------------------------------------------------------------
[2023-08-14T15:08:40.847+0000] {taskinstance.py:1300} INFO - Executing <Task(PythonOperator): multiplication> on 2023-08-09 00:00:00+00:00
[2023-08-14T15:08:40.865+0000] {standard_task_runner.py:55} INFO - Started process 80 to run task
[2023-08-14T15:08:40.926+0000] {standard_task_runner.py:82} INFO - Running: ['***', 'tasks', 'run', 'my_mulitiplication', 'multiplication', 'scheduled__2023-08-09T00:00:00+00:00', '--job-id', '3984', '--raw', '--subdir', 'DAGS_FOLDER/new_dag.py', '--cfg-path', '/tmp/tmp6x1cfxr2']
[2023-08-14T15:08:40.930+0000] {standard_task_runner.py:83} INFO - Job 3984: Subtask multiplication
[2023-08-14T15:08:41.253+0000] {task_command.py:388} INFO - Running <TaskInstance: my_mulitiplication.multiplication scheduled__2023-08-09T00:00:00+00:00 [running]> on host 25f6b46723d1
[2023-08-14T15:08:41.636+0000] {taskinstance.py:1509} INFO - Exporting the following env vars:
AIRFLOW_CTX_DAG_OWNER=***
AIRFLOW_CTX_DAG_ID=my_mulitiplication
AIRFLOW_CTX_TASK_ID=multiplication
AIRFLOW_CTX_EXECUTION_DATE=2023-08-09T00:00:00+00:00
AIRFLOW_CTX_TRY_NUMBER=1
AIRFLOW_CTX_DAG_RUN_ID=scheduled__2023-08-09T00:00:00+00:00
[2023-08-14T15:08:41.639+0000] {logging_mixin.py:137} INFO - 16
[2023-08-14T15:08:41.646+0000] {python.py:177} INFO - Done. Returned value was: None
[2023-08-14T15:08:41.680+0000] {taskinstance.py:1323} INFO - Marking task as SUCCESS. dag_id=my_mulitiplication, task_id=multiplication, execution_date=20230809T000000, start_date=20230814T150840, end_date=20230814T150841
[2023-08-14T15:08:41.838+0000] {local_task_job.py:208} INFO - Task exited with return code 0
[2023-08-14T15:08:42.160+0000] {taskinstance.py:2578} INFO - 1 downstream tasks scheduled from follow-on schedule check
