[2024-01-18T00:08:26.037+0000] {processor.py:157} INFO - Started process (PID=86410) to work on /home/airflow/.local/lib/python3.11/site-packages/airflow/example_dags/example_dynamic_task_mapping_with_no_taskflow_operators.py
[2024-01-18T00:08:26.042+0000] {processor.py:829} INFO - Processing file /home/airflow/.local/lib/python3.11/site-packages/airflow/example_dags/example_dynamic_task_mapping_with_no_taskflow_operators.py for tasks to queue
[2024-01-18T00:08:26.046+0000] {logging_mixin.py:151} INFO - [2024-01-18T00:08:26.045+0000] {dagbag.py:539} INFO - Filling up the DagBag from /home/airflow/.local/lib/python3.11/site-packages/airflow/example_dags/example_dynamic_task_mapping_with_no_taskflow_operators.py
[2024-01-18T00:08:26.062+0000] {processor.py:839} INFO - DAG(s) dict_keys(['example_dynamic_task_mapping_with_no_taskflow_operators']) retrieved from /home/airflow/.local/lib/python3.11/site-packages/airflow/example_dags/example_dynamic_task_mapping_with_no_taskflow_operators.py
[2024-01-18T00:08:26.094+0000] {logging_mixin.py:151} INFO - [2024-01-18T00:08:26.094+0000] {dag.py:2915} INFO - Sync 1 DAGs
[2024-01-18T00:08:26.116+0000] {logging_mixin.py:151} INFO - [2024-01-18T00:08:26.116+0000] {dag.py:3696} INFO - Setting next_dagrun for example_dynamic_task_mapping_with_no_taskflow_operators to 2024-01-17T00:08:26.116346+00:00, run_after=2024-01-18T00:08:26.116346+00:00
[2024-01-18T00:08:26.135+0000] {processor.py:179} INFO - Processing /home/airflow/.local/lib/python3.11/site-packages/airflow/example_dags/example_dynamic_task_mapping_with_no_taskflow_operators.py took 0.106 seconds
[2024-01-18T00:08:56.193+0000] {processor.py:157} INFO - Started process (PID=86470) to work on /home/airflow/.local/lib/python3.11/site-packages/airflow/example_dags/example_dynamic_task_mapping_with_no_taskflow_operators.py
[2024-01-18T00:08:56.195+0000] {processor.py:829} INFO - Processing file /home/airflow/.local/lib/python3.11/site-packages/airflow/example_dags/example_dynamic_task_mapping_with_no_taskflow_operators.py for tasks to queue
[2024-01-18T00:08:56.199+0000] {logging_mixin.py:151} INFO - [2024-01-18T00:08:56.199+0000] {dagbag.py:539} INFO - Filling up the DagBag from /home/airflow/.local/lib/python3.11/site-packages/airflow/example_dags/example_dynamic_task_mapping_with_no_taskflow_operators.py
[2024-01-18T00:08:56.209+0000] {processor.py:839} INFO - DAG(s) dict_keys(['example_dynamic_task_mapping_with_no_taskflow_operators']) retrieved from /home/airflow/.local/lib/python3.11/site-packages/airflow/example_dags/example_dynamic_task_mapping_with_no_taskflow_operators.py
[2024-01-18T00:08:56.230+0000] {logging_mixin.py:151} INFO - [2024-01-18T00:08:56.230+0000] {dag.py:2915} INFO - Sync 1 DAGs
[2024-01-18T00:08:56.252+0000] {logging_mixin.py:151} INFO - [2024-01-18T00:08:56.252+0000] {dag.py:3696} INFO - Setting next_dagrun for example_dynamic_task_mapping_with_no_taskflow_operators to 2024-01-17T00:08:56.252321+00:00, run_after=2024-01-18T00:08:56.252321+00:00
[2024-01-18T00:08:56.294+0000] {processor.py:179} INFO - Processing /home/airflow/.local/lib/python3.11/site-packages/airflow/example_dags/example_dynamic_task_mapping_with_no_taskflow_operators.py took 0.106 seconds
[2024-01-18T00:09:26.362+0000] {processor.py:157} INFO - Started process (PID=86530) to work on /home/airflow/.local/lib/python3.11/site-packages/airflow/example_dags/example_dynamic_task_mapping_with_no_taskflow_operators.py
[2024-01-18T00:09:26.366+0000] {processor.py:829} INFO - Processing file /home/airflow/.local/lib/python3.11/site-packages/airflow/example_dags/example_dynamic_task_mapping_with_no_taskflow_operators.py for tasks to queue
[2024-01-18T00:09:26.367+0000] {logging_mixin.py:151} INFO - [2024-01-18T00:09:26.367+0000] {dagbag.py:539} INFO - Filling up the DagBag from /home/airflow/.local/lib/python3.11/site-packages/airflow/example_dags/example_dynamic_task_mapping_with_no_taskflow_operators.py
[2024-01-18T00:09:26.374+0000] {processor.py:839} INFO - DAG(s) dict_keys(['example_dynamic_task_mapping_with_no_taskflow_operators']) retrieved from /home/airflow/.local/lib/python3.11/site-packages/airflow/example_dags/example_dynamic_task_mapping_with_no_taskflow_operators.py
[2024-01-18T00:09:26.395+0000] {logging_mixin.py:151} INFO - [2024-01-18T00:09:26.395+0000] {dag.py:2915} INFO - Sync 1 DAGs
[2024-01-18T00:09:26.407+0000] {logging_mixin.py:151} INFO - [2024-01-18T00:09:26.407+0000] {dag.py:3696} INFO - Setting next_dagrun for example_dynamic_task_mapping_with_no_taskflow_operators to 2024-01-17T00:09:26.407226+00:00, run_after=2024-01-18T00:09:26.407226+00:00
[2024-01-18T00:09:26.417+0000] {processor.py:179} INFO - Processing /home/airflow/.local/lib/python3.11/site-packages/airflow/example_dags/example_dynamic_task_mapping_with_no_taskflow_operators.py took 0.057 seconds
[2024-01-18T00:26:59.784+0000] {processor.py:157} INFO - Started process (PID=86590) to work on /home/airflow/.local/lib/python3.11/site-packages/airflow/example_dags/example_dynamic_task_mapping_with_no_taskflow_operators.py
[2024-01-18T00:26:59.786+0000] {processor.py:829} INFO - Processing file /home/airflow/.local/lib/python3.11/site-packages/airflow/example_dags/example_dynamic_task_mapping_with_no_taskflow_operators.py for tasks to queue
[2024-01-18T00:26:59.787+0000] {logging_mixin.py:151} INFO - [2024-01-18T00:26:59.787+0000] {dagbag.py:539} INFO - Filling up the DagBag from /home/airflow/.local/lib/python3.11/site-packages/airflow/example_dags/example_dynamic_task_mapping_with_no_taskflow_operators.py
[2024-01-18T00:26:59.794+0000] {processor.py:839} INFO - DAG(s) dict_keys(['example_dynamic_task_mapping_with_no_taskflow_operators']) retrieved from /home/airflow/.local/lib/python3.11/site-packages/airflow/example_dags/example_dynamic_task_mapping_with_no_taskflow_operators.py
[2024-01-18T00:26:59.809+0000] {logging_mixin.py:151} INFO - [2024-01-18T00:26:59.809+0000] {dag.py:2915} INFO - Sync 1 DAGs
[2024-01-18T00:26:59.836+0000] {logging_mixin.py:151} INFO - [2024-01-18T00:26:59.836+0000] {dag.py:3696} INFO - Setting next_dagrun for example_dynamic_task_mapping_with_no_taskflow_operators to 2024-01-17T00:26:59.836431+00:00, run_after=2024-01-18T00:26:59.836431+00:00
[2024-01-18T00:26:59.852+0000] {processor.py:179} INFO - Processing /home/airflow/.local/lib/python3.11/site-packages/airflow/example_dags/example_dynamic_task_mapping_with_no_taskflow_operators.py took 0.070 seconds
[2024-01-18T01:46:38.291+0000] {processor.py:157} INFO - Started process (PID=86650) to work on /home/airflow/.local/lib/python3.11/site-packages/airflow/example_dags/example_dynamic_task_mapping_with_no_taskflow_operators.py
[2024-01-18T01:46:38.293+0000] {processor.py:829} INFO - Processing file /home/airflow/.local/lib/python3.11/site-packages/airflow/example_dags/example_dynamic_task_mapping_with_no_taskflow_operators.py for tasks to queue
[2024-01-18T01:46:38.295+0000] {logging_mixin.py:151} INFO - [2024-01-18T01:46:38.294+0000] {dagbag.py:539} INFO - Filling up the DagBag from /home/airflow/.local/lib/python3.11/site-packages/airflow/example_dags/example_dynamic_task_mapping_with_no_taskflow_operators.py
[2024-01-18T01:46:38.303+0000] {processor.py:839} INFO - DAG(s) dict_keys(['example_dynamic_task_mapping_with_no_taskflow_operators']) retrieved from /home/airflow/.local/lib/python3.11/site-packages/airflow/example_dags/example_dynamic_task_mapping_with_no_taskflow_operators.py
[2024-01-18T01:46:38.318+0000] {logging_mixin.py:151} INFO - [2024-01-18T01:46:38.318+0000] {dag.py:2915} INFO - Sync 1 DAGs
[2024-01-18T01:46:38.331+0000] {logging_mixin.py:151} INFO - [2024-01-18T01:46:38.331+0000] {dag.py:3696} INFO - Setting next_dagrun for example_dynamic_task_mapping_with_no_taskflow_operators to 2024-01-17T01:46:38.330983+00:00, run_after=2024-01-18T01:46:38.330983+00:00
[2024-01-18T01:46:38.345+0000] {processor.py:179} INFO - Processing /home/airflow/.local/lib/python3.11/site-packages/airflow/example_dags/example_dynamic_task_mapping_with_no_taskflow_operators.py took 0.056 seconds
[2024-01-18T03:04:01.447+0000] {processor.py:157} INFO - Started process (PID=86710) to work on /home/airflow/.local/lib/python3.11/site-packages/airflow/example_dags/example_dynamic_task_mapping_with_no_taskflow_operators.py
[2024-01-18T03:04:01.450+0000] {processor.py:829} INFO - Processing file /home/airflow/.local/lib/python3.11/site-packages/airflow/example_dags/example_dynamic_task_mapping_with_no_taskflow_operators.py for tasks to queue
[2024-01-18T03:04:01.452+0000] {logging_mixin.py:151} INFO - [2024-01-18T03:04:01.452+0000] {dagbag.py:539} INFO - Filling up the DagBag from /home/airflow/.local/lib/python3.11/site-packages/airflow/example_dags/example_dynamic_task_mapping_with_no_taskflow_operators.py
[2024-01-18T03:04:01.460+0000] {processor.py:839} INFO - DAG(s) dict_keys(['example_dynamic_task_mapping_with_no_taskflow_operators']) retrieved from /home/airflow/.local/lib/python3.11/site-packages/airflow/example_dags/example_dynamic_task_mapping_with_no_taskflow_operators.py
[2024-01-18T03:04:01.475+0000] {logging_mixin.py:151} INFO - [2024-01-18T03:04:01.475+0000] {dag.py:2915} INFO - Sync 1 DAGs
[2024-01-18T03:04:01.489+0000] {logging_mixin.py:151} INFO - [2024-01-18T03:04:01.489+0000] {dag.py:3696} INFO - Setting next_dagrun for example_dynamic_task_mapping_with_no_taskflow_operators to 2024-01-17T03:04:01.489449+00:00, run_after=2024-01-18T03:04:01.489449+00:00
[2024-01-18T03:04:01.501+0000] {processor.py:179} INFO - Processing /home/airflow/.local/lib/python3.11/site-packages/airflow/example_dags/example_dynamic_task_mapping_with_no_taskflow_operators.py took 0.057 seconds
[2024-01-18T04:29:15.338+0000] {processor.py:157} INFO - Started process (PID=86770) to work on /home/airflow/.local/lib/python3.11/site-packages/airflow/example_dags/example_dynamic_task_mapping_with_no_taskflow_operators.py
[2024-01-18T04:29:15.339+0000] {processor.py:829} INFO - Processing file /home/airflow/.local/lib/python3.11/site-packages/airflow/example_dags/example_dynamic_task_mapping_with_no_taskflow_operators.py for tasks to queue
[2024-01-18T04:29:15.341+0000] {logging_mixin.py:151} INFO - [2024-01-18T04:29:15.341+0000] {dagbag.py:539} INFO - Filling up the DagBag from /home/airflow/.local/lib/python3.11/site-packages/airflow/example_dags/example_dynamic_task_mapping_with_no_taskflow_operators.py
[2024-01-18T04:29:15.347+0000] {processor.py:839} INFO - DAG(s) dict_keys(['example_dynamic_task_mapping_with_no_taskflow_operators']) retrieved from /home/airflow/.local/lib/python3.11/site-packages/airflow/example_dags/example_dynamic_task_mapping_with_no_taskflow_operators.py
[2024-01-18T04:29:15.362+0000] {logging_mixin.py:151} INFO - [2024-01-18T04:29:15.362+0000] {dag.py:2915} INFO - Sync 1 DAGs
[2024-01-18T04:29:15.377+0000] {logging_mixin.py:151} INFO - [2024-01-18T04:29:15.377+0000] {dag.py:3696} INFO - Setting next_dagrun for example_dynamic_task_mapping_with_no_taskflow_operators to 2024-01-17T04:29:15.377174+00:00, run_after=2024-01-18T04:29:15.377174+00:00
[2024-01-18T04:29:15.391+0000] {processor.py:179} INFO - Processing /home/airflow/.local/lib/python3.11/site-packages/airflow/example_dags/example_dynamic_task_mapping_with_no_taskflow_operators.py took 0.056 seconds
[2024-01-18T05:51:33.749+0000] {processor.py:157} INFO - Started process (PID=86830) to work on /home/airflow/.local/lib/python3.11/site-packages/airflow/example_dags/example_dynamic_task_mapping_with_no_taskflow_operators.py
[2024-01-18T05:51:33.755+0000] {processor.py:829} INFO - Processing file /home/airflow/.local/lib/python3.11/site-packages/airflow/example_dags/example_dynamic_task_mapping_with_no_taskflow_operators.py for tasks to queue
[2024-01-18T05:51:33.757+0000] {logging_mixin.py:151} INFO - [2024-01-18T05:51:33.757+0000] {dagbag.py:539} INFO - Filling up the DagBag from /home/airflow/.local/lib/python3.11/site-packages/airflow/example_dags/example_dynamic_task_mapping_with_no_taskflow_operators.py
[2024-01-18T05:51:33.779+0000] {processor.py:839} INFO - DAG(s) dict_keys(['example_dynamic_task_mapping_with_no_taskflow_operators']) retrieved from /home/airflow/.local/lib/python3.11/site-packages/airflow/example_dags/example_dynamic_task_mapping_with_no_taskflow_operators.py
[2024-01-18T05:51:33.798+0000] {logging_mixin.py:151} INFO - [2024-01-18T05:51:33.798+0000] {dag.py:2915} INFO - Sync 1 DAGs
[2024-01-18T05:51:33.812+0000] {logging_mixin.py:151} INFO - [2024-01-18T05:51:33.812+0000] {dag.py:3696} INFO - Setting next_dagrun for example_dynamic_task_mapping_with_no_taskflow_operators to 2024-01-17T05:51:33.812282+00:00, run_after=2024-01-18T05:51:33.812282+00:00
[2024-01-18T05:51:33.823+0000] {processor.py:179} INFO - Processing /home/airflow/.local/lib/python3.11/site-packages/airflow/example_dags/example_dynamic_task_mapping_with_no_taskflow_operators.py took 0.077 seconds
[2024-01-18T07:13:37.938+0000] {processor.py:157} INFO - Started process (PID=86890) to work on /home/airflow/.local/lib/python3.11/site-packages/airflow/example_dags/example_dynamic_task_mapping_with_no_taskflow_operators.py
[2024-01-18T07:13:37.954+0000] {processor.py:829} INFO - Processing file /home/airflow/.local/lib/python3.11/site-packages/airflow/example_dags/example_dynamic_task_mapping_with_no_taskflow_operators.py for tasks to queue
[2024-01-18T07:13:37.973+0000] {logging_mixin.py:151} INFO - [2024-01-18T07:13:37.973+0000] {dagbag.py:539} INFO - Filling up the DagBag from /home/airflow/.local/lib/python3.11/site-packages/airflow/example_dags/example_dynamic_task_mapping_with_no_taskflow_operators.py
[2024-01-18T07:13:37.980+0000] {processor.py:839} INFO - DAG(s) dict_keys(['example_dynamic_task_mapping_with_no_taskflow_operators']) retrieved from /home/airflow/.local/lib/python3.11/site-packages/airflow/example_dags/example_dynamic_task_mapping_with_no_taskflow_operators.py
[2024-01-18T07:13:37.992+0000] {logging_mixin.py:151} INFO - [2024-01-18T07:13:37.992+0000] {dag.py:2915} INFO - Sync 1 DAGs
[2024-01-18T07:13:38.006+0000] {logging_mixin.py:151} INFO - [2024-01-18T07:13:38.006+0000] {dag.py:3696} INFO - Setting next_dagrun for example_dynamic_task_mapping_with_no_taskflow_operators to 2024-01-17T07:13:38.006292+00:00, run_after=2024-01-18T07:13:38.006292+00:00
[2024-01-18T07:13:38.027+0000] {processor.py:179} INFO - Processing /home/airflow/.local/lib/python3.11/site-packages/airflow/example_dags/example_dynamic_task_mapping_with_no_taskflow_operators.py took 0.092 seconds
[2024-01-18T08:37:38.567+0000] {processor.py:157} INFO - Started process (PID=86950) to work on /home/airflow/.local/lib/python3.11/site-packages/airflow/example_dags/example_dynamic_task_mapping_with_no_taskflow_operators.py
[2024-01-18T08:37:38.580+0000] {processor.py:829} INFO - Processing file /home/airflow/.local/lib/python3.11/site-packages/airflow/example_dags/example_dynamic_task_mapping_with_no_taskflow_operators.py for tasks to queue
[2024-01-18T08:37:38.584+0000] {logging_mixin.py:151} INFO - [2024-01-18T08:37:38.583+0000] {dagbag.py:539} INFO - Filling up the DagBag from /home/airflow/.local/lib/python3.11/site-packages/airflow/example_dags/example_dynamic_task_mapping_with_no_taskflow_operators.py
[2024-01-18T08:37:38.597+0000] {processor.py:839} INFO - DAG(s) dict_keys(['example_dynamic_task_mapping_with_no_taskflow_operators']) retrieved from /home/airflow/.local/lib/python3.11/site-packages/airflow/example_dags/example_dynamic_task_mapping_with_no_taskflow_operators.py
[2024-01-18T08:37:38.614+0000] {logging_mixin.py:151} INFO - [2024-01-18T08:37:38.614+0000] {dag.py:2915} INFO - Sync 1 DAGs
[2024-01-18T08:37:38.633+0000] {logging_mixin.py:151} INFO - [2024-01-18T08:37:38.632+0000] {dag.py:3696} INFO - Setting next_dagrun for example_dynamic_task_mapping_with_no_taskflow_operators to 2024-01-17T08:37:38.632860+00:00, run_after=2024-01-18T08:37:38.632860+00:00
[2024-01-18T08:37:38.663+0000] {processor.py:179} INFO - Processing /home/airflow/.local/lib/python3.11/site-packages/airflow/example_dags/example_dynamic_task_mapping_with_no_taskflow_operators.py took 0.098 seconds
[2024-01-18T09:59:32.276+0000] {processor.py:157} INFO - Started process (PID=87010) to work on /home/airflow/.local/lib/python3.11/site-packages/airflow/example_dags/example_dynamic_task_mapping_with_no_taskflow_operators.py
[2024-01-18T09:59:32.301+0000] {processor.py:829} INFO - Processing file /home/airflow/.local/lib/python3.11/site-packages/airflow/example_dags/example_dynamic_task_mapping_with_no_taskflow_operators.py for tasks to queue
[2024-01-18T09:59:32.307+0000] {logging_mixin.py:151} INFO - [2024-01-18T09:59:32.307+0000] {dagbag.py:539} INFO - Filling up the DagBag from /home/airflow/.local/lib/python3.11/site-packages/airflow/example_dags/example_dynamic_task_mapping_with_no_taskflow_operators.py
[2024-01-18T09:59:32.314+0000] {processor.py:839} INFO - DAG(s) dict_keys(['example_dynamic_task_mapping_with_no_taskflow_operators']) retrieved from /home/airflow/.local/lib/python3.11/site-packages/airflow/example_dags/example_dynamic_task_mapping_with_no_taskflow_operators.py
[2024-01-18T09:59:32.330+0000] {logging_mixin.py:151} INFO - [2024-01-18T09:59:32.330+0000] {dag.py:2915} INFO - Sync 1 DAGs
[2024-01-18T09:59:32.344+0000] {logging_mixin.py:151} INFO - [2024-01-18T09:59:32.344+0000] {dag.py:3696} INFO - Setting next_dagrun for example_dynamic_task_mapping_with_no_taskflow_operators to 2024-01-17T09:59:32.344449+00:00, run_after=2024-01-18T09:59:32.344449+00:00
[2024-01-18T09:59:32.355+0000] {processor.py:179} INFO - Processing /home/airflow/.local/lib/python3.11/site-packages/airflow/example_dags/example_dynamic_task_mapping_with_no_taskflow_operators.py took 0.082 seconds
[2024-01-18T10:45:13.530+0000] {processor.py:157} INFO - Started process (PID=87070) to work on /home/airflow/.local/lib/python3.11/site-packages/airflow/example_dags/example_dynamic_task_mapping_with_no_taskflow_operators.py
[2024-01-18T10:45:13.534+0000] {processor.py:829} INFO - Processing file /home/airflow/.local/lib/python3.11/site-packages/airflow/example_dags/example_dynamic_task_mapping_with_no_taskflow_operators.py for tasks to queue
[2024-01-18T10:45:13.537+0000] {logging_mixin.py:151} INFO - [2024-01-18T10:45:13.537+0000] {dagbag.py:539} INFO - Filling up the DagBag from /home/airflow/.local/lib/python3.11/site-packages/airflow/example_dags/example_dynamic_task_mapping_with_no_taskflow_operators.py
[2024-01-18T10:45:13.545+0000] {processor.py:839} INFO - DAG(s) dict_keys(['example_dynamic_task_mapping_with_no_taskflow_operators']) retrieved from /home/airflow/.local/lib/python3.11/site-packages/airflow/example_dags/example_dynamic_task_mapping_with_no_taskflow_operators.py
[2024-01-18T10:45:13.568+0000] {logging_mixin.py:151} INFO - [2024-01-18T10:45:13.568+0000] {dag.py:2915} INFO - Sync 1 DAGs
[2024-01-18T10:45:13.598+0000] {logging_mixin.py:151} INFO - [2024-01-18T10:45:13.598+0000] {dag.py:3696} INFO - Setting next_dagrun for example_dynamic_task_mapping_with_no_taskflow_operators to 2024-01-17T10:45:13.598477+00:00, run_after=2024-01-18T10:45:13.598477+00:00
[2024-01-18T10:45:13.618+0000] {processor.py:179} INFO - Processing /home/airflow/.local/lib/python3.11/site-packages/airflow/example_dags/example_dynamic_task_mapping_with_no_taskflow_operators.py took 0.090 seconds
[2024-01-18T10:45:44.135+0000] {processor.py:157} INFO - Started process (PID=87130) to work on /home/airflow/.local/lib/python3.11/site-packages/airflow/example_dags/example_dynamic_task_mapping_with_no_taskflow_operators.py
[2024-01-18T10:45:44.140+0000] {processor.py:829} INFO - Processing file /home/airflow/.local/lib/python3.11/site-packages/airflow/example_dags/example_dynamic_task_mapping_with_no_taskflow_operators.py for tasks to queue
[2024-01-18T10:45:44.142+0000] {logging_mixin.py:151} INFO - [2024-01-18T10:45:44.141+0000] {dagbag.py:539} INFO - Filling up the DagBag from /home/airflow/.local/lib/python3.11/site-packages/airflow/example_dags/example_dynamic_task_mapping_with_no_taskflow_operators.py
[2024-01-18T10:45:44.150+0000] {processor.py:839} INFO - DAG(s) dict_keys(['example_dynamic_task_mapping_with_no_taskflow_operators']) retrieved from /home/airflow/.local/lib/python3.11/site-packages/airflow/example_dags/example_dynamic_task_mapping_with_no_taskflow_operators.py
[2024-01-18T10:45:44.171+0000] {logging_mixin.py:151} INFO - [2024-01-18T10:45:44.171+0000] {dag.py:2915} INFO - Sync 1 DAGs
[2024-01-18T10:45:44.198+0000] {logging_mixin.py:151} INFO - [2024-01-18T10:45:44.198+0000] {dag.py:3696} INFO - Setting next_dagrun for example_dynamic_task_mapping_with_no_taskflow_operators to 2024-01-17T10:45:44.198120+00:00, run_after=2024-01-18T10:45:44.198120+00:00
[2024-01-18T10:45:44.224+0000] {processor.py:179} INFO - Processing /home/airflow/.local/lib/python3.11/site-packages/airflow/example_dags/example_dynamic_task_mapping_with_no_taskflow_operators.py took 0.092 seconds
[2024-01-18T10:46:14.782+0000] {processor.py:157} INFO - Started process (PID=87189) to work on /home/airflow/.local/lib/python3.11/site-packages/airflow/example_dags/example_dynamic_task_mapping_with_no_taskflow_operators.py
[2024-01-18T10:46:14.785+0000] {processor.py:829} INFO - Processing file /home/airflow/.local/lib/python3.11/site-packages/airflow/example_dags/example_dynamic_task_mapping_with_no_taskflow_operators.py for tasks to queue
[2024-01-18T10:46:14.786+0000] {logging_mixin.py:151} INFO - [2024-01-18T10:46:14.786+0000] {dagbag.py:539} INFO - Filling up the DagBag from /home/airflow/.local/lib/python3.11/site-packages/airflow/example_dags/example_dynamic_task_mapping_with_no_taskflow_operators.py
[2024-01-18T10:46:14.793+0000] {processor.py:839} INFO - DAG(s) dict_keys(['example_dynamic_task_mapping_with_no_taskflow_operators']) retrieved from /home/airflow/.local/lib/python3.11/site-packages/airflow/example_dags/example_dynamic_task_mapping_with_no_taskflow_operators.py
[2024-01-18T10:46:14.809+0000] {logging_mixin.py:151} INFO - [2024-01-18T10:46:14.808+0000] {dag.py:2915} INFO - Sync 1 DAGs
[2024-01-18T10:46:14.821+0000] {logging_mixin.py:151} INFO - [2024-01-18T10:46:14.821+0000] {dag.py:3696} INFO - Setting next_dagrun for example_dynamic_task_mapping_with_no_taskflow_operators to 2024-01-17T10:46:14.821680+00:00, run_after=2024-01-18T10:46:14.821680+00:00
[2024-01-18T10:46:14.834+0000] {processor.py:179} INFO - Processing /home/airflow/.local/lib/python3.11/site-packages/airflow/example_dags/example_dynamic_task_mapping_with_no_taskflow_operators.py took 0.054 seconds
[2024-01-18T10:46:45.925+0000] {processor.py:157} INFO - Started process (PID=87249) to work on /home/airflow/.local/lib/python3.11/site-packages/airflow/example_dags/example_dynamic_task_mapping_with_no_taskflow_operators.py
[2024-01-18T10:46:45.928+0000] {processor.py:829} INFO - Processing file /home/airflow/.local/lib/python3.11/site-packages/airflow/example_dags/example_dynamic_task_mapping_with_no_taskflow_operators.py for tasks to queue
[2024-01-18T10:46:45.929+0000] {logging_mixin.py:151} INFO - [2024-01-18T10:46:45.929+0000] {dagbag.py:539} INFO - Filling up the DagBag from /home/airflow/.local/lib/python3.11/site-packages/airflow/example_dags/example_dynamic_task_mapping_with_no_taskflow_operators.py
[2024-01-18T10:46:45.937+0000] {processor.py:839} INFO - DAG(s) dict_keys(['example_dynamic_task_mapping_with_no_taskflow_operators']) retrieved from /home/airflow/.local/lib/python3.11/site-packages/airflow/example_dags/example_dynamic_task_mapping_with_no_taskflow_operators.py
[2024-01-18T10:46:45.956+0000] {logging_mixin.py:151} INFO - [2024-01-18T10:46:45.956+0000] {dag.py:2915} INFO - Sync 1 DAGs
[2024-01-18T10:46:45.982+0000] {logging_mixin.py:151} INFO - [2024-01-18T10:46:45.982+0000] {dag.py:3696} INFO - Setting next_dagrun for example_dynamic_task_mapping_with_no_taskflow_operators to 2024-01-17T10:46:45.982531+00:00, run_after=2024-01-18T10:46:45.982531+00:00
[2024-01-18T10:46:45.996+0000] {processor.py:179} INFO - Processing /home/airflow/.local/lib/python3.11/site-packages/airflow/example_dags/example_dynamic_task_mapping_with_no_taskflow_operators.py took 0.073 seconds
[2024-01-18T10:47:17.336+0000] {processor.py:157} INFO - Started process (PID=87309) to work on /home/airflow/.local/lib/python3.11/site-packages/airflow/example_dags/example_dynamic_task_mapping_with_no_taskflow_operators.py
[2024-01-18T10:47:17.338+0000] {processor.py:829} INFO - Processing file /home/airflow/.local/lib/python3.11/site-packages/airflow/example_dags/example_dynamic_task_mapping_with_no_taskflow_operators.py for tasks to queue
[2024-01-18T10:47:17.340+0000] {logging_mixin.py:151} INFO - [2024-01-18T10:47:17.340+0000] {dagbag.py:539} INFO - Filling up the DagBag from /home/airflow/.local/lib/python3.11/site-packages/airflow/example_dags/example_dynamic_task_mapping_with_no_taskflow_operators.py
[2024-01-18T10:47:17.347+0000] {processor.py:839} INFO - DAG(s) dict_keys(['example_dynamic_task_mapping_with_no_taskflow_operators']) retrieved from /home/airflow/.local/lib/python3.11/site-packages/airflow/example_dags/example_dynamic_task_mapping_with_no_taskflow_operators.py
[2024-01-18T10:47:17.362+0000] {logging_mixin.py:151} INFO - [2024-01-18T10:47:17.362+0000] {dag.py:2915} INFO - Sync 1 DAGs
[2024-01-18T10:47:17.375+0000] {logging_mixin.py:151} INFO - [2024-01-18T10:47:17.375+0000] {dag.py:3696} INFO - Setting next_dagrun for example_dynamic_task_mapping_with_no_taskflow_operators to 2024-01-17T10:47:17.375185+00:00, run_after=2024-01-18T10:47:17.375185+00:00
[2024-01-18T10:47:17.387+0000] {processor.py:179} INFO - Processing /home/airflow/.local/lib/python3.11/site-packages/airflow/example_dags/example_dynamic_task_mapping_with_no_taskflow_operators.py took 0.053 seconds
[2024-01-18T10:50:09.666+0000] {processor.py:157} INFO - Started process (PID=87369) to work on /home/airflow/.local/lib/python3.11/site-packages/airflow/example_dags/example_dynamic_task_mapping_with_no_taskflow_operators.py
[2024-01-18T10:50:09.669+0000] {processor.py:829} INFO - Processing file /home/airflow/.local/lib/python3.11/site-packages/airflow/example_dags/example_dynamic_task_mapping_with_no_taskflow_operators.py for tasks to queue
[2024-01-18T10:50:09.671+0000] {logging_mixin.py:151} INFO - [2024-01-18T10:50:09.670+0000] {dagbag.py:539} INFO - Filling up the DagBag from /home/airflow/.local/lib/python3.11/site-packages/airflow/example_dags/example_dynamic_task_mapping_with_no_taskflow_operators.py
[2024-01-18T10:50:09.678+0000] {processor.py:839} INFO - DAG(s) dict_keys(['example_dynamic_task_mapping_with_no_taskflow_operators']) retrieved from /home/airflow/.local/lib/python3.11/site-packages/airflow/example_dags/example_dynamic_task_mapping_with_no_taskflow_operators.py
[2024-01-18T10:50:09.699+0000] {logging_mixin.py:151} INFO - [2024-01-18T10:50:09.698+0000] {dag.py:2915} INFO - Sync 1 DAGs
[2024-01-18T10:50:09.714+0000] {logging_mixin.py:151} INFO - [2024-01-18T10:50:09.713+0000] {dag.py:3696} INFO - Setting next_dagrun for example_dynamic_task_mapping_with_no_taskflow_operators to 2024-01-17T10:50:09.713824+00:00, run_after=2024-01-18T10:50:09.713824+00:00
[2024-01-18T10:50:09.725+0000] {processor.py:179} INFO - Processing /home/airflow/.local/lib/python3.11/site-packages/airflow/example_dags/example_dynamic_task_mapping_with_no_taskflow_operators.py took 0.062 seconds
[2024-01-18T10:50:40.955+0000] {processor.py:157} INFO - Started process (PID=87429) to work on /home/airflow/.local/lib/python3.11/site-packages/airflow/example_dags/example_dynamic_task_mapping_with_no_taskflow_operators.py
[2024-01-18T10:50:40.956+0000] {processor.py:829} INFO - Processing file /home/airflow/.local/lib/python3.11/site-packages/airflow/example_dags/example_dynamic_task_mapping_with_no_taskflow_operators.py for tasks to queue
[2024-01-18T10:50:40.958+0000] {logging_mixin.py:151} INFO - [2024-01-18T10:50:40.957+0000] {dagbag.py:539} INFO - Filling up the DagBag from /home/airflow/.local/lib/python3.11/site-packages/airflow/example_dags/example_dynamic_task_mapping_with_no_taskflow_operators.py
[2024-01-18T10:50:40.965+0000] {processor.py:839} INFO - DAG(s) dict_keys(['example_dynamic_task_mapping_with_no_taskflow_operators']) retrieved from /home/airflow/.local/lib/python3.11/site-packages/airflow/example_dags/example_dynamic_task_mapping_with_no_taskflow_operators.py
[2024-01-18T10:50:40.985+0000] {logging_mixin.py:151} INFO - [2024-01-18T10:50:40.984+0000] {dag.py:2915} INFO - Sync 1 DAGs
[2024-01-18T10:50:40.998+0000] {logging_mixin.py:151} INFO - [2024-01-18T10:50:40.998+0000] {dag.py:3696} INFO - Setting next_dagrun for example_dynamic_task_mapping_with_no_taskflow_operators to 2024-01-17T10:50:40.998027+00:00, run_after=2024-01-18T10:50:40.998027+00:00
[2024-01-18T10:50:41.010+0000] {processor.py:179} INFO - Processing /home/airflow/.local/lib/python3.11/site-packages/airflow/example_dags/example_dynamic_task_mapping_with_no_taskflow_operators.py took 0.058 seconds
[2024-01-18T10:51:12.231+0000] {processor.py:157} INFO - Started process (PID=87489) to work on /home/airflow/.local/lib/python3.11/site-packages/airflow/example_dags/example_dynamic_task_mapping_with_no_taskflow_operators.py
[2024-01-18T10:51:12.233+0000] {processor.py:829} INFO - Processing file /home/airflow/.local/lib/python3.11/site-packages/airflow/example_dags/example_dynamic_task_mapping_with_no_taskflow_operators.py for tasks to queue
[2024-01-18T10:51:12.234+0000] {logging_mixin.py:151} INFO - [2024-01-18T10:51:12.234+0000] {dagbag.py:539} INFO - Filling up the DagBag from /home/airflow/.local/lib/python3.11/site-packages/airflow/example_dags/example_dynamic_task_mapping_with_no_taskflow_operators.py
[2024-01-18T10:51:12.240+0000] {processor.py:839} INFO - DAG(s) dict_keys(['example_dynamic_task_mapping_with_no_taskflow_operators']) retrieved from /home/airflow/.local/lib/python3.11/site-packages/airflow/example_dags/example_dynamic_task_mapping_with_no_taskflow_operators.py
[2024-01-18T10:51:12.255+0000] {logging_mixin.py:151} INFO - [2024-01-18T10:51:12.255+0000] {dag.py:2915} INFO - Sync 1 DAGs
[2024-01-18T10:51:12.270+0000] {logging_mixin.py:151} INFO - [2024-01-18T10:51:12.270+0000] {dag.py:3696} INFO - Setting next_dagrun for example_dynamic_task_mapping_with_no_taskflow_operators to 2024-01-17T10:51:12.270265+00:00, run_after=2024-01-18T10:51:12.270265+00:00
[2024-01-18T10:51:12.282+0000] {processor.py:179} INFO - Processing /home/airflow/.local/lib/python3.11/site-packages/airflow/example_dags/example_dynamic_task_mapping_with_no_taskflow_operators.py took 0.054 seconds
[2024-01-18T10:51:43.490+0000] {processor.py:157} INFO - Started process (PID=87548) to work on /home/airflow/.local/lib/python3.11/site-packages/airflow/example_dags/example_dynamic_task_mapping_with_no_taskflow_operators.py
[2024-01-18T10:51:43.491+0000] {processor.py:829} INFO - Processing file /home/airflow/.local/lib/python3.11/site-packages/airflow/example_dags/example_dynamic_task_mapping_with_no_taskflow_operators.py for tasks to queue
[2024-01-18T10:51:43.493+0000] {logging_mixin.py:151} INFO - [2024-01-18T10:51:43.492+0000] {dagbag.py:539} INFO - Filling up the DagBag from /home/airflow/.local/lib/python3.11/site-packages/airflow/example_dags/example_dynamic_task_mapping_with_no_taskflow_operators.py
[2024-01-18T10:51:43.499+0000] {processor.py:839} INFO - DAG(s) dict_keys(['example_dynamic_task_mapping_with_no_taskflow_operators']) retrieved from /home/airflow/.local/lib/python3.11/site-packages/airflow/example_dags/example_dynamic_task_mapping_with_no_taskflow_operators.py
[2024-01-18T10:51:43.515+0000] {logging_mixin.py:151} INFO - [2024-01-18T10:51:43.515+0000] {dag.py:2915} INFO - Sync 1 DAGs
[2024-01-18T10:51:43.529+0000] {logging_mixin.py:151} INFO - [2024-01-18T10:51:43.529+0000] {dag.py:3696} INFO - Setting next_dagrun for example_dynamic_task_mapping_with_no_taskflow_operators to 2024-01-17T10:51:43.528955+00:00, run_after=2024-01-18T10:51:43.528955+00:00
[2024-01-18T10:51:43.540+0000] {processor.py:179} INFO - Processing /home/airflow/.local/lib/python3.11/site-packages/airflow/example_dags/example_dynamic_task_mapping_with_no_taskflow_operators.py took 0.053 seconds
[2024-01-18T11:24:23.610+0000] {processor.py:157} INFO - Started process (PID=87608) to work on /home/airflow/.local/lib/python3.11/site-packages/airflow/example_dags/example_dynamic_task_mapping_with_no_taskflow_operators.py
[2024-01-18T11:24:23.611+0000] {processor.py:829} INFO - Processing file /home/airflow/.local/lib/python3.11/site-packages/airflow/example_dags/example_dynamic_task_mapping_with_no_taskflow_operators.py for tasks to queue
[2024-01-18T11:24:23.612+0000] {logging_mixin.py:151} INFO - [2024-01-18T11:24:23.612+0000] {dagbag.py:539} INFO - Filling up the DagBag from /home/airflow/.local/lib/python3.11/site-packages/airflow/example_dags/example_dynamic_task_mapping_with_no_taskflow_operators.py
[2024-01-18T11:24:23.619+0000] {processor.py:839} INFO - DAG(s) dict_keys(['example_dynamic_task_mapping_with_no_taskflow_operators']) retrieved from /home/airflow/.local/lib/python3.11/site-packages/airflow/example_dags/example_dynamic_task_mapping_with_no_taskflow_operators.py
[2024-01-18T11:24:23.633+0000] {logging_mixin.py:151} INFO - [2024-01-18T11:24:23.633+0000] {dag.py:2915} INFO - Sync 1 DAGs
[2024-01-18T11:24:23.648+0000] {logging_mixin.py:151} INFO - [2024-01-18T11:24:23.648+0000] {dag.py:3696} INFO - Setting next_dagrun for example_dynamic_task_mapping_with_no_taskflow_operators to 2024-01-17T11:24:23.648141+00:00, run_after=2024-01-18T11:24:23.648141+00:00
[2024-01-18T11:24:23.660+0000] {processor.py:179} INFO - Processing /home/airflow/.local/lib/python3.11/site-packages/airflow/example_dags/example_dynamic_task_mapping_with_no_taskflow_operators.py took 0.053 seconds
[2024-01-18T12:45:50.185+0000] {processor.py:157} INFO - Started process (PID=87668) to work on /home/airflow/.local/lib/python3.11/site-packages/airflow/example_dags/example_dynamic_task_mapping_with_no_taskflow_operators.py
[2024-01-18T12:45:50.186+0000] {processor.py:829} INFO - Processing file /home/airflow/.local/lib/python3.11/site-packages/airflow/example_dags/example_dynamic_task_mapping_with_no_taskflow_operators.py for tasks to queue
[2024-01-18T12:45:50.189+0000] {logging_mixin.py:151} INFO - [2024-01-18T12:45:50.189+0000] {dagbag.py:539} INFO - Filling up the DagBag from /home/airflow/.local/lib/python3.11/site-packages/airflow/example_dags/example_dynamic_task_mapping_with_no_taskflow_operators.py
[2024-01-18T12:45:50.196+0000] {processor.py:839} INFO - DAG(s) dict_keys(['example_dynamic_task_mapping_with_no_taskflow_operators']) retrieved from /home/airflow/.local/lib/python3.11/site-packages/airflow/example_dags/example_dynamic_task_mapping_with_no_taskflow_operators.py
[2024-01-18T12:45:50.222+0000] {logging_mixin.py:151} INFO - [2024-01-18T12:45:50.222+0000] {dag.py:2915} INFO - Sync 1 DAGs
[2024-01-18T12:45:50.238+0000] {logging_mixin.py:151} INFO - [2024-01-18T12:45:50.238+0000] {dag.py:3696} INFO - Setting next_dagrun for example_dynamic_task_mapping_with_no_taskflow_operators to 2024-01-17T12:45:50.238374+00:00, run_after=2024-01-18T12:45:50.238374+00:00
[2024-01-18T12:45:50.270+0000] {processor.py:179} INFO - Processing /home/airflow/.local/lib/python3.11/site-packages/airflow/example_dags/example_dynamic_task_mapping_with_no_taskflow_operators.py took 0.088 seconds
[2024-01-18T13:36:55.780+0000] {processor.py:157} INFO - Started process (PID=87728) to work on /home/airflow/.local/lib/python3.11/site-packages/airflow/example_dags/example_dynamic_task_mapping_with_no_taskflow_operators.py
[2024-01-18T13:36:55.782+0000] {processor.py:829} INFO - Processing file /home/airflow/.local/lib/python3.11/site-packages/airflow/example_dags/example_dynamic_task_mapping_with_no_taskflow_operators.py for tasks to queue
[2024-01-18T13:36:55.783+0000] {logging_mixin.py:151} INFO - [2024-01-18T13:36:55.783+0000] {dagbag.py:539} INFO - Filling up the DagBag from /home/airflow/.local/lib/python3.11/site-packages/airflow/example_dags/example_dynamic_task_mapping_with_no_taskflow_operators.py
[2024-01-18T13:36:55.790+0000] {processor.py:839} INFO - DAG(s) dict_keys(['example_dynamic_task_mapping_with_no_taskflow_operators']) retrieved from /home/airflow/.local/lib/python3.11/site-packages/airflow/example_dags/example_dynamic_task_mapping_with_no_taskflow_operators.py
[2024-01-18T13:36:55.806+0000] {logging_mixin.py:151} INFO - [2024-01-18T13:36:55.806+0000] {dag.py:2915} INFO - Sync 1 DAGs
[2024-01-18T13:36:55.821+0000] {logging_mixin.py:151} INFO - [2024-01-18T13:36:55.821+0000] {dag.py:3696} INFO - Setting next_dagrun for example_dynamic_task_mapping_with_no_taskflow_operators to 2024-01-17T13:36:55.821324+00:00, run_after=2024-01-18T13:36:55.821324+00:00
[2024-01-18T13:36:55.842+0000] {processor.py:179} INFO - Processing /home/airflow/.local/lib/python3.11/site-packages/airflow/example_dags/example_dynamic_task_mapping_with_no_taskflow_operators.py took 0.065 seconds
[2024-01-18T15:03:32.331+0000] {processor.py:157} INFO - Started process (PID=87788) to work on /home/airflow/.local/lib/python3.11/site-packages/airflow/example_dags/example_dynamic_task_mapping_with_no_taskflow_operators.py
[2024-01-18T15:03:32.335+0000] {processor.py:829} INFO - Processing file /home/airflow/.local/lib/python3.11/site-packages/airflow/example_dags/example_dynamic_task_mapping_with_no_taskflow_operators.py for tasks to queue
[2024-01-18T15:03:32.337+0000] {logging_mixin.py:151} INFO - [2024-01-18T15:03:32.337+0000] {dagbag.py:539} INFO - Filling up the DagBag from /home/airflow/.local/lib/python3.11/site-packages/airflow/example_dags/example_dynamic_task_mapping_with_no_taskflow_operators.py
[2024-01-18T15:03:32.354+0000] {processor.py:839} INFO - DAG(s) dict_keys(['example_dynamic_task_mapping_with_no_taskflow_operators']) retrieved from /home/airflow/.local/lib/python3.11/site-packages/airflow/example_dags/example_dynamic_task_mapping_with_no_taskflow_operators.py
[2024-01-18T15:03:32.370+0000] {logging_mixin.py:151} INFO - [2024-01-18T15:03:32.370+0000] {dag.py:2915} INFO - Sync 1 DAGs
[2024-01-18T15:03:32.387+0000] {logging_mixin.py:151} INFO - [2024-01-18T15:03:32.387+0000] {dag.py:3696} INFO - Setting next_dagrun for example_dynamic_task_mapping_with_no_taskflow_operators to 2024-01-17T15:03:32.387221+00:00, run_after=2024-01-18T15:03:32.387221+00:00
[2024-01-18T15:03:32.400+0000] {processor.py:179} INFO - Processing /home/airflow/.local/lib/python3.11/site-packages/airflow/example_dags/example_dynamic_task_mapping_with_no_taskflow_operators.py took 0.072 seconds
[2024-01-18T16:25:16.796+0000] {processor.py:157} INFO - Started process (PID=87848) to work on /home/airflow/.local/lib/python3.11/site-packages/airflow/example_dags/example_dynamic_task_mapping_with_no_taskflow_operators.py
[2024-01-18T16:25:16.809+0000] {processor.py:829} INFO - Processing file /home/airflow/.local/lib/python3.11/site-packages/airflow/example_dags/example_dynamic_task_mapping_with_no_taskflow_operators.py for tasks to queue
[2024-01-18T16:25:16.814+0000] {logging_mixin.py:151} INFO - [2024-01-18T16:25:16.813+0000] {dagbag.py:539} INFO - Filling up the DagBag from /home/airflow/.local/lib/python3.11/site-packages/airflow/example_dags/example_dynamic_task_mapping_with_no_taskflow_operators.py
[2024-01-18T16:25:16.829+0000] {processor.py:839} INFO - DAG(s) dict_keys(['example_dynamic_task_mapping_with_no_taskflow_operators']) retrieved from /home/airflow/.local/lib/python3.11/site-packages/airflow/example_dags/example_dynamic_task_mapping_with_no_taskflow_operators.py
[2024-01-18T16:25:16.851+0000] {logging_mixin.py:151} INFO - [2024-01-18T16:25:16.850+0000] {dag.py:2915} INFO - Sync 1 DAGs
[2024-01-18T16:25:16.867+0000] {logging_mixin.py:151} INFO - [2024-01-18T16:25:16.867+0000] {dag.py:3696} INFO - Setting next_dagrun for example_dynamic_task_mapping_with_no_taskflow_operators to 2024-01-17T16:25:16.867615+00:00, run_after=2024-01-18T16:25:16.867615+00:00
[2024-01-18T16:25:16.894+0000] {processor.py:179} INFO - Processing /home/airflow/.local/lib/python3.11/site-packages/airflow/example_dags/example_dynamic_task_mapping_with_no_taskflow_operators.py took 0.101 seconds
[2024-01-18T17:48:41.276+0000] {processor.py:157} INFO - Started process (PID=87908) to work on /home/airflow/.local/lib/python3.11/site-packages/airflow/example_dags/example_dynamic_task_mapping_with_no_taskflow_operators.py
[2024-01-18T17:48:41.279+0000] {processor.py:829} INFO - Processing file /home/airflow/.local/lib/python3.11/site-packages/airflow/example_dags/example_dynamic_task_mapping_with_no_taskflow_operators.py for tasks to queue
[2024-01-18T17:48:41.280+0000] {logging_mixin.py:151} INFO - [2024-01-18T17:48:41.280+0000] {dagbag.py:539} INFO - Filling up the DagBag from /home/airflow/.local/lib/python3.11/site-packages/airflow/example_dags/example_dynamic_task_mapping_with_no_taskflow_operators.py
[2024-01-18T17:48:41.287+0000] {processor.py:839} INFO - DAG(s) dict_keys(['example_dynamic_task_mapping_with_no_taskflow_operators']) retrieved from /home/airflow/.local/lib/python3.11/site-packages/airflow/example_dags/example_dynamic_task_mapping_with_no_taskflow_operators.py
[2024-01-18T17:48:41.304+0000] {logging_mixin.py:151} INFO - [2024-01-18T17:48:41.304+0000] {dag.py:2915} INFO - Sync 1 DAGs
[2024-01-18T17:48:41.321+0000] {logging_mixin.py:151} INFO - [2024-01-18T17:48:41.321+0000] {dag.py:3696} INFO - Setting next_dagrun for example_dynamic_task_mapping_with_no_taskflow_operators to 2024-01-17T17:48:41.321315+00:00, run_after=2024-01-18T17:48:41.321315+00:00
[2024-01-18T17:48:41.335+0000] {processor.py:179} INFO - Processing /home/airflow/.local/lib/python3.11/site-packages/airflow/example_dags/example_dynamic_task_mapping_with_no_taskflow_operators.py took 0.061 seconds
[2024-01-18T19:10:56.246+0000] {processor.py:157} INFO - Started process (PID=87968) to work on /home/airflow/.local/lib/python3.11/site-packages/airflow/example_dags/example_dynamic_task_mapping_with_no_taskflow_operators.py
[2024-01-18T19:10:56.248+0000] {processor.py:829} INFO - Processing file /home/airflow/.local/lib/python3.11/site-packages/airflow/example_dags/example_dynamic_task_mapping_with_no_taskflow_operators.py for tasks to queue
[2024-01-18T19:10:56.250+0000] {logging_mixin.py:151} INFO - [2024-01-18T19:10:56.250+0000] {dagbag.py:539} INFO - Filling up the DagBag from /home/airflow/.local/lib/python3.11/site-packages/airflow/example_dags/example_dynamic_task_mapping_with_no_taskflow_operators.py
[2024-01-18T19:10:56.259+0000] {processor.py:839} INFO - DAG(s) dict_keys(['example_dynamic_task_mapping_with_no_taskflow_operators']) retrieved from /home/airflow/.local/lib/python3.11/site-packages/airflow/example_dags/example_dynamic_task_mapping_with_no_taskflow_operators.py
[2024-01-18T19:10:56.278+0000] {logging_mixin.py:151} INFO - [2024-01-18T19:10:56.277+0000] {dag.py:2915} INFO - Sync 1 DAGs
[2024-01-18T19:10:56.300+0000] {logging_mixin.py:151} INFO - [2024-01-18T19:10:56.300+0000] {dag.py:3696} INFO - Setting next_dagrun for example_dynamic_task_mapping_with_no_taskflow_operators to 2024-01-17T19:10:56.300158+00:00, run_after=2024-01-18T19:10:56.300158+00:00
[2024-01-18T19:10:56.318+0000] {processor.py:179} INFO - Processing /home/airflow/.local/lib/python3.11/site-packages/airflow/example_dags/example_dynamic_task_mapping_with_no_taskflow_operators.py took 0.074 seconds
[2024-01-18T20:32:25.519+0000] {processor.py:157} INFO - Started process (PID=88028) to work on /home/airflow/.local/lib/python3.11/site-packages/airflow/example_dags/example_dynamic_task_mapping_with_no_taskflow_operators.py
[2024-01-18T20:32:25.525+0000] {processor.py:829} INFO - Processing file /home/airflow/.local/lib/python3.11/site-packages/airflow/example_dags/example_dynamic_task_mapping_with_no_taskflow_operators.py for tasks to queue
[2024-01-18T20:32:25.527+0000] {logging_mixin.py:151} INFO - [2024-01-18T20:32:25.527+0000] {dagbag.py:539} INFO - Filling up the DagBag from /home/airflow/.local/lib/python3.11/site-packages/airflow/example_dags/example_dynamic_task_mapping_with_no_taskflow_operators.py
[2024-01-18T20:32:25.540+0000] {processor.py:839} INFO - DAG(s) dict_keys(['example_dynamic_task_mapping_with_no_taskflow_operators']) retrieved from /home/airflow/.local/lib/python3.11/site-packages/airflow/example_dags/example_dynamic_task_mapping_with_no_taskflow_operators.py
[2024-01-18T20:32:25.562+0000] {logging_mixin.py:151} INFO - [2024-01-18T20:32:25.562+0000] {dag.py:2915} INFO - Sync 1 DAGs
[2024-01-18T20:32:25.579+0000] {logging_mixin.py:151} INFO - [2024-01-18T20:32:25.579+0000] {dag.py:3696} INFO - Setting next_dagrun for example_dynamic_task_mapping_with_no_taskflow_operators to 2024-01-17T20:32:25.579169+00:00, run_after=2024-01-18T20:32:25.579169+00:00
[2024-01-18T20:32:25.595+0000] {processor.py:179} INFO - Processing /home/airflow/.local/lib/python3.11/site-packages/airflow/example_dags/example_dynamic_task_mapping_with_no_taskflow_operators.py took 0.079 seconds
[2024-01-18T21:53:00.242+0000] {processor.py:157} INFO - Started process (PID=88088) to work on /home/airflow/.local/lib/python3.11/site-packages/airflow/example_dags/example_dynamic_task_mapping_with_no_taskflow_operators.py
[2024-01-18T21:53:00.259+0000] {processor.py:829} INFO - Processing file /home/airflow/.local/lib/python3.11/site-packages/airflow/example_dags/example_dynamic_task_mapping_with_no_taskflow_operators.py for tasks to queue
[2024-01-18T21:53:00.265+0000] {logging_mixin.py:151} INFO - [2024-01-18T21:53:00.265+0000] {dagbag.py:539} INFO - Filling up the DagBag from /home/airflow/.local/lib/python3.11/site-packages/airflow/example_dags/example_dynamic_task_mapping_with_no_taskflow_operators.py
[2024-01-18T21:53:00.275+0000] {processor.py:839} INFO - DAG(s) dict_keys(['example_dynamic_task_mapping_with_no_taskflow_operators']) retrieved from /home/airflow/.local/lib/python3.11/site-packages/airflow/example_dags/example_dynamic_task_mapping_with_no_taskflow_operators.py
[2024-01-18T21:53:00.303+0000] {logging_mixin.py:151} INFO - [2024-01-18T21:53:00.303+0000] {dag.py:2915} INFO - Sync 1 DAGs
[2024-01-18T21:53:00.330+0000] {logging_mixin.py:151} INFO - [2024-01-18T21:53:00.330+0000] {dag.py:3696} INFO - Setting next_dagrun for example_dynamic_task_mapping_with_no_taskflow_operators to 2024-01-17T21:53:00.329669+00:00, run_after=2024-01-18T21:53:00.329669+00:00
[2024-01-18T21:53:00.415+0000] {processor.py:179} INFO - Processing /home/airflow/.local/lib/python3.11/site-packages/airflow/example_dags/example_dynamic_task_mapping_with_no_taskflow_operators.py took 0.176 seconds
[2024-01-18T23:15:36.636+0000] {processor.py:157} INFO - Started process (PID=88148) to work on /home/airflow/.local/lib/python3.11/site-packages/airflow/example_dags/example_dynamic_task_mapping_with_no_taskflow_operators.py
[2024-01-18T23:15:36.638+0000] {processor.py:829} INFO - Processing file /home/airflow/.local/lib/python3.11/site-packages/airflow/example_dags/example_dynamic_task_mapping_with_no_taskflow_operators.py for tasks to queue
[2024-01-18T23:15:36.640+0000] {logging_mixin.py:151} INFO - [2024-01-18T23:15:36.639+0000] {dagbag.py:539} INFO - Filling up the DagBag from /home/airflow/.local/lib/python3.11/site-packages/airflow/example_dags/example_dynamic_task_mapping_with_no_taskflow_operators.py
[2024-01-18T23:15:36.649+0000] {processor.py:839} INFO - DAG(s) dict_keys(['example_dynamic_task_mapping_with_no_taskflow_operators']) retrieved from /home/airflow/.local/lib/python3.11/site-packages/airflow/example_dags/example_dynamic_task_mapping_with_no_taskflow_operators.py
[2024-01-18T23:15:36.668+0000] {logging_mixin.py:151} INFO - [2024-01-18T23:15:36.668+0000] {dag.py:2915} INFO - Sync 1 DAGs
[2024-01-18T23:15:36.682+0000] {logging_mixin.py:151} INFO - [2024-01-18T23:15:36.682+0000] {dag.py:3696} INFO - Setting next_dagrun for example_dynamic_task_mapping_with_no_taskflow_operators to 2024-01-17T23:15:36.682414+00:00, run_after=2024-01-18T23:15:36.682414+00:00
[2024-01-18T23:15:36.694+0000] {processor.py:179} INFO - Processing /home/airflow/.local/lib/python3.11/site-packages/airflow/example_dags/example_dynamic_task_mapping_with_no_taskflow_operators.py took 0.061 seconds
[2024-01-18T23:26:47.841+0000] {processor.py:157} INFO - Started process (PID=88208) to work on /home/airflow/.local/lib/python3.11/site-packages/airflow/example_dags/example_dynamic_task_mapping_with_no_taskflow_operators.py
[2024-01-18T23:26:47.843+0000] {processor.py:829} INFO - Processing file /home/airflow/.local/lib/python3.11/site-packages/airflow/example_dags/example_dynamic_task_mapping_with_no_taskflow_operators.py for tasks to queue
[2024-01-18T23:26:47.844+0000] {logging_mixin.py:151} INFO - [2024-01-18T23:26:47.844+0000] {dagbag.py:539} INFO - Filling up the DagBag from /home/airflow/.local/lib/python3.11/site-packages/airflow/example_dags/example_dynamic_task_mapping_with_no_taskflow_operators.py
[2024-01-18T23:26:47.851+0000] {processor.py:839} INFO - DAG(s) dict_keys(['example_dynamic_task_mapping_with_no_taskflow_operators']) retrieved from /home/airflow/.local/lib/python3.11/site-packages/airflow/example_dags/example_dynamic_task_mapping_with_no_taskflow_operators.py
[2024-01-18T23:26:47.871+0000] {logging_mixin.py:151} INFO - [2024-01-18T23:26:47.871+0000] {dag.py:2915} INFO - Sync 1 DAGs
[2024-01-18T23:26:47.884+0000] {logging_mixin.py:151} INFO - [2024-01-18T23:26:47.884+0000] {dag.py:3696} INFO - Setting next_dagrun for example_dynamic_task_mapping_with_no_taskflow_operators to 2024-01-17T23:26:47.884573+00:00, run_after=2024-01-18T23:26:47.884573+00:00
[2024-01-18T23:26:47.899+0000] {processor.py:179} INFO - Processing /home/airflow/.local/lib/python3.11/site-packages/airflow/example_dags/example_dynamic_task_mapping_with_no_taskflow_operators.py took 0.060 seconds
[2024-01-18T23:27:19.270+0000] {processor.py:157} INFO - Started process (PID=88268) to work on /home/airflow/.local/lib/python3.11/site-packages/airflow/example_dags/example_dynamic_task_mapping_with_no_taskflow_operators.py
[2024-01-18T23:27:19.272+0000] {processor.py:829} INFO - Processing file /home/airflow/.local/lib/python3.11/site-packages/airflow/example_dags/example_dynamic_task_mapping_with_no_taskflow_operators.py for tasks to queue
[2024-01-18T23:27:19.274+0000] {logging_mixin.py:151} INFO - [2024-01-18T23:27:19.273+0000] {dagbag.py:539} INFO - Filling up the DagBag from /home/airflow/.local/lib/python3.11/site-packages/airflow/example_dags/example_dynamic_task_mapping_with_no_taskflow_operators.py
[2024-01-18T23:27:19.280+0000] {processor.py:839} INFO - DAG(s) dict_keys(['example_dynamic_task_mapping_with_no_taskflow_operators']) retrieved from /home/airflow/.local/lib/python3.11/site-packages/airflow/example_dags/example_dynamic_task_mapping_with_no_taskflow_operators.py
[2024-01-18T23:27:19.295+0000] {logging_mixin.py:151} INFO - [2024-01-18T23:27:19.295+0000] {dag.py:2915} INFO - Sync 1 DAGs
[2024-01-18T23:27:19.308+0000] {logging_mixin.py:151} INFO - [2024-01-18T23:27:19.308+0000] {dag.py:3696} INFO - Setting next_dagrun for example_dynamic_task_mapping_with_no_taskflow_operators to 2024-01-17T23:27:19.308240+00:00, run_after=2024-01-18T23:27:19.308240+00:00
[2024-01-18T23:27:19.323+0000] {processor.py:179} INFO - Processing /home/airflow/.local/lib/python3.11/site-packages/airflow/example_dags/example_dynamic_task_mapping_with_no_taskflow_operators.py took 0.055 seconds
[2024-01-18T23:43:40.938+0000] {processor.py:157} INFO - Started process (PID=88328) to work on /home/airflow/.local/lib/python3.11/site-packages/airflow/example_dags/example_dynamic_task_mapping_with_no_taskflow_operators.py
[2024-01-18T23:43:40.955+0000] {processor.py:829} INFO - Processing file /home/airflow/.local/lib/python3.11/site-packages/airflow/example_dags/example_dynamic_task_mapping_with_no_taskflow_operators.py for tasks to queue
[2024-01-18T23:43:40.986+0000] {logging_mixin.py:151} INFO - [2024-01-18T23:43:40.986+0000] {dagbag.py:539} INFO - Filling up the DagBag from /home/airflow/.local/lib/python3.11/site-packages/airflow/example_dags/example_dynamic_task_mapping_with_no_taskflow_operators.py
[2024-01-18T23:43:41.029+0000] {processor.py:839} INFO - DAG(s) dict_keys(['example_dynamic_task_mapping_with_no_taskflow_operators']) retrieved from /home/airflow/.local/lib/python3.11/site-packages/airflow/example_dags/example_dynamic_task_mapping_with_no_taskflow_operators.py
[2024-01-18T23:43:41.065+0000] {logging_mixin.py:151} INFO - [2024-01-18T23:43:41.065+0000] {dag.py:2915} INFO - Sync 1 DAGs
[2024-01-18T23:43:41.089+0000] {logging_mixin.py:151} INFO - [2024-01-18T23:43:41.089+0000] {dag.py:3696} INFO - Setting next_dagrun for example_dynamic_task_mapping_with_no_taskflow_operators to 2024-01-17T23:43:41.089365+00:00, run_after=2024-01-18T23:43:41.089365+00:00
[2024-01-18T23:43:41.103+0000] {processor.py:179} INFO - Processing /home/airflow/.local/lib/python3.11/site-packages/airflow/example_dags/example_dynamic_task_mapping_with_no_taskflow_operators.py took 0.171 seconds
[2024-01-18T23:47:44.265+0000] {processor.py:157} INFO - Started process (PID=88387) to work on /home/airflow/.local/lib/python3.11/site-packages/airflow/example_dags/example_dynamic_task_mapping_with_no_taskflow_operators.py
[2024-01-18T23:47:44.267+0000] {processor.py:829} INFO - Processing file /home/airflow/.local/lib/python3.11/site-packages/airflow/example_dags/example_dynamic_task_mapping_with_no_taskflow_operators.py for tasks to queue
[2024-01-18T23:47:44.269+0000] {logging_mixin.py:151} INFO - [2024-01-18T23:47:44.269+0000] {dagbag.py:539} INFO - Filling up the DagBag from /home/airflow/.local/lib/python3.11/site-packages/airflow/example_dags/example_dynamic_task_mapping_with_no_taskflow_operators.py
[2024-01-18T23:47:44.278+0000] {processor.py:839} INFO - DAG(s) dict_keys(['example_dynamic_task_mapping_with_no_taskflow_operators']) retrieved from /home/airflow/.local/lib/python3.11/site-packages/airflow/example_dags/example_dynamic_task_mapping_with_no_taskflow_operators.py
[2024-01-18T23:47:44.298+0000] {logging_mixin.py:151} INFO - [2024-01-18T23:47:44.298+0000] {dag.py:2915} INFO - Sync 1 DAGs
[2024-01-18T23:47:44.313+0000] {logging_mixin.py:151} INFO - [2024-01-18T23:47:44.312+0000] {dag.py:3696} INFO - Setting next_dagrun for example_dynamic_task_mapping_with_no_taskflow_operators to 2024-01-17T23:47:44.312698+00:00, run_after=2024-01-18T23:47:44.312698+00:00
[2024-01-18T23:47:44.325+0000] {processor.py:179} INFO - Processing /home/airflow/.local/lib/python3.11/site-packages/airflow/example_dags/example_dynamic_task_mapping_with_no_taskflow_operators.py took 0.062 seconds
[2024-01-18T23:48:14.725+0000] {processor.py:157} INFO - Started process (PID=88447) to work on /home/airflow/.local/lib/python3.11/site-packages/airflow/example_dags/example_dynamic_task_mapping_with_no_taskflow_operators.py
[2024-01-18T23:48:14.727+0000] {processor.py:829} INFO - Processing file /home/airflow/.local/lib/python3.11/site-packages/airflow/example_dags/example_dynamic_task_mapping_with_no_taskflow_operators.py for tasks to queue
[2024-01-18T23:48:14.728+0000] {logging_mixin.py:151} INFO - [2024-01-18T23:48:14.728+0000] {dagbag.py:539} INFO - Filling up the DagBag from /home/airflow/.local/lib/python3.11/site-packages/airflow/example_dags/example_dynamic_task_mapping_with_no_taskflow_operators.py
[2024-01-18T23:48:14.734+0000] {processor.py:839} INFO - DAG(s) dict_keys(['example_dynamic_task_mapping_with_no_taskflow_operators']) retrieved from /home/airflow/.local/lib/python3.11/site-packages/airflow/example_dags/example_dynamic_task_mapping_with_no_taskflow_operators.py
[2024-01-18T23:48:14.749+0000] {logging_mixin.py:151} INFO - [2024-01-18T23:48:14.749+0000] {dag.py:2915} INFO - Sync 1 DAGs
[2024-01-18T23:48:14.766+0000] {logging_mixin.py:151} INFO - [2024-01-18T23:48:14.766+0000] {dag.py:3696} INFO - Setting next_dagrun for example_dynamic_task_mapping_with_no_taskflow_operators to 2024-01-17T23:48:14.765133+00:00, run_after=2024-01-18T23:48:14.765133+00:00
[2024-01-18T23:48:14.785+0000] {processor.py:179} INFO - Processing /home/airflow/.local/lib/python3.11/site-packages/airflow/example_dags/example_dynamic_task_mapping_with_no_taskflow_operators.py took 0.062 seconds
[2024-01-18T23:48:45.476+0000] {processor.py:157} INFO - Started process (PID=88507) to work on /home/airflow/.local/lib/python3.11/site-packages/airflow/example_dags/example_dynamic_task_mapping_with_no_taskflow_operators.py
[2024-01-18T23:48:45.478+0000] {processor.py:829} INFO - Processing file /home/airflow/.local/lib/python3.11/site-packages/airflow/example_dags/example_dynamic_task_mapping_with_no_taskflow_operators.py for tasks to queue
[2024-01-18T23:48:45.479+0000] {logging_mixin.py:151} INFO - [2024-01-18T23:48:45.479+0000] {dagbag.py:539} INFO - Filling up the DagBag from /home/airflow/.local/lib/python3.11/site-packages/airflow/example_dags/example_dynamic_task_mapping_with_no_taskflow_operators.py
[2024-01-18T23:48:45.487+0000] {processor.py:839} INFO - DAG(s) dict_keys(['example_dynamic_task_mapping_with_no_taskflow_operators']) retrieved from /home/airflow/.local/lib/python3.11/site-packages/airflow/example_dags/example_dynamic_task_mapping_with_no_taskflow_operators.py
[2024-01-18T23:48:45.504+0000] {logging_mixin.py:151} INFO - [2024-01-18T23:48:45.504+0000] {dag.py:2915} INFO - Sync 1 DAGs
[2024-01-18T23:48:45.517+0000] {logging_mixin.py:151} INFO - [2024-01-18T23:48:45.517+0000] {dag.py:3696} INFO - Setting next_dagrun for example_dynamic_task_mapping_with_no_taskflow_operators to 2024-01-17T23:48:45.517661+00:00, run_after=2024-01-18T23:48:45.517661+00:00
[2024-01-18T23:48:45.530+0000] {processor.py:179} INFO - Processing /home/airflow/.local/lib/python3.11/site-packages/airflow/example_dags/example_dynamic_task_mapping_with_no_taskflow_operators.py took 0.056 seconds
[2024-01-18T23:49:16.662+0000] {processor.py:157} INFO - Started process (PID=88567) to work on /home/airflow/.local/lib/python3.11/site-packages/airflow/example_dags/example_dynamic_task_mapping_with_no_taskflow_operators.py
[2024-01-18T23:49:16.663+0000] {processor.py:829} INFO - Processing file /home/airflow/.local/lib/python3.11/site-packages/airflow/example_dags/example_dynamic_task_mapping_with_no_taskflow_operators.py for tasks to queue
[2024-01-18T23:49:16.665+0000] {logging_mixin.py:151} INFO - [2024-01-18T23:49:16.664+0000] {dagbag.py:539} INFO - Filling up the DagBag from /home/airflow/.local/lib/python3.11/site-packages/airflow/example_dags/example_dynamic_task_mapping_with_no_taskflow_operators.py
[2024-01-18T23:49:16.671+0000] {processor.py:839} INFO - DAG(s) dict_keys(['example_dynamic_task_mapping_with_no_taskflow_operators']) retrieved from /home/airflow/.local/lib/python3.11/site-packages/airflow/example_dags/example_dynamic_task_mapping_with_no_taskflow_operators.py
[2024-01-18T23:49:16.691+0000] {logging_mixin.py:151} INFO - [2024-01-18T23:49:16.691+0000] {dag.py:2915} INFO - Sync 1 DAGs
[2024-01-18T23:49:16.704+0000] {logging_mixin.py:151} INFO - [2024-01-18T23:49:16.704+0000] {dag.py:3696} INFO - Setting next_dagrun for example_dynamic_task_mapping_with_no_taskflow_operators to 2024-01-17T23:49:16.704161+00:00, run_after=2024-01-18T23:49:16.704161+00:00
[2024-01-18T23:49:16.718+0000] {processor.py:179} INFO - Processing /home/airflow/.local/lib/python3.11/site-packages/airflow/example_dags/example_dynamic_task_mapping_with_no_taskflow_operators.py took 0.058 seconds
[2024-01-18T23:49:47.697+0000] {processor.py:157} INFO - Started process (PID=88627) to work on /home/airflow/.local/lib/python3.11/site-packages/airflow/example_dags/example_dynamic_task_mapping_with_no_taskflow_operators.py
[2024-01-18T23:49:47.699+0000] {processor.py:829} INFO - Processing file /home/airflow/.local/lib/python3.11/site-packages/airflow/example_dags/example_dynamic_task_mapping_with_no_taskflow_operators.py for tasks to queue
[2024-01-18T23:49:47.700+0000] {logging_mixin.py:151} INFO - [2024-01-18T23:49:47.700+0000] {dagbag.py:539} INFO - Filling up the DagBag from /home/airflow/.local/lib/python3.11/site-packages/airflow/example_dags/example_dynamic_task_mapping_with_no_taskflow_operators.py
[2024-01-18T23:49:47.706+0000] {processor.py:839} INFO - DAG(s) dict_keys(['example_dynamic_task_mapping_with_no_taskflow_operators']) retrieved from /home/airflow/.local/lib/python3.11/site-packages/airflow/example_dags/example_dynamic_task_mapping_with_no_taskflow_operators.py
[2024-01-18T23:49:47.723+0000] {logging_mixin.py:151} INFO - [2024-01-18T23:49:47.723+0000] {dag.py:2915} INFO - Sync 1 DAGs
[2024-01-18T23:49:47.737+0000] {logging_mixin.py:151} INFO - [2024-01-18T23:49:47.737+0000] {dag.py:3696} INFO - Setting next_dagrun for example_dynamic_task_mapping_with_no_taskflow_operators to 2024-01-17T23:49:47.737629+00:00, run_after=2024-01-18T23:49:47.737629+00:00
[2024-01-18T23:49:47.751+0000] {processor.py:179} INFO - Processing /home/airflow/.local/lib/python3.11/site-packages/airflow/example_dags/example_dynamic_task_mapping_with_no_taskflow_operators.py took 0.056 seconds
[2024-01-18T23:50:18.736+0000] {processor.py:157} INFO - Started process (PID=88687) to work on /home/airflow/.local/lib/python3.11/site-packages/airflow/example_dags/example_dynamic_task_mapping_with_no_taskflow_operators.py
[2024-01-18T23:50:18.738+0000] {processor.py:829} INFO - Processing file /home/airflow/.local/lib/python3.11/site-packages/airflow/example_dags/example_dynamic_task_mapping_with_no_taskflow_operators.py for tasks to queue
[2024-01-18T23:50:18.740+0000] {logging_mixin.py:151} INFO - [2024-01-18T23:50:18.740+0000] {dagbag.py:539} INFO - Filling up the DagBag from /home/airflow/.local/lib/python3.11/site-packages/airflow/example_dags/example_dynamic_task_mapping_with_no_taskflow_operators.py
[2024-01-18T23:50:18.747+0000] {processor.py:839} INFO - DAG(s) dict_keys(['example_dynamic_task_mapping_with_no_taskflow_operators']) retrieved from /home/airflow/.local/lib/python3.11/site-packages/airflow/example_dags/example_dynamic_task_mapping_with_no_taskflow_operators.py
[2024-01-18T23:50:18.763+0000] {logging_mixin.py:151} INFO - [2024-01-18T23:50:18.763+0000] {dag.py:2915} INFO - Sync 1 DAGs
[2024-01-18T23:50:18.777+0000] {logging_mixin.py:151} INFO - [2024-01-18T23:50:18.777+0000] {dag.py:3696} INFO - Setting next_dagrun for example_dynamic_task_mapping_with_no_taskflow_operators to 2024-01-17T23:50:18.777358+00:00, run_after=2024-01-18T23:50:18.777358+00:00
[2024-01-18T23:50:18.792+0000] {processor.py:179} INFO - Processing /home/airflow/.local/lib/python3.11/site-packages/airflow/example_dags/example_dynamic_task_mapping_with_no_taskflow_operators.py took 0.059 seconds
[2024-01-18T23:50:49.439+0000] {processor.py:157} INFO - Started process (PID=88747) to work on /home/airflow/.local/lib/python3.11/site-packages/airflow/example_dags/example_dynamic_task_mapping_with_no_taskflow_operators.py
[2024-01-18T23:50:49.441+0000] {processor.py:829} INFO - Processing file /home/airflow/.local/lib/python3.11/site-packages/airflow/example_dags/example_dynamic_task_mapping_with_no_taskflow_operators.py for tasks to queue
[2024-01-18T23:50:49.443+0000] {logging_mixin.py:151} INFO - [2024-01-18T23:50:49.443+0000] {dagbag.py:539} INFO - Filling up the DagBag from /home/airflow/.local/lib/python3.11/site-packages/airflow/example_dags/example_dynamic_task_mapping_with_no_taskflow_operators.py
[2024-01-18T23:50:49.449+0000] {processor.py:839} INFO - DAG(s) dict_keys(['example_dynamic_task_mapping_with_no_taskflow_operators']) retrieved from /home/airflow/.local/lib/python3.11/site-packages/airflow/example_dags/example_dynamic_task_mapping_with_no_taskflow_operators.py
[2024-01-18T23:50:49.465+0000] {logging_mixin.py:151} INFO - [2024-01-18T23:50:49.465+0000] {dag.py:2915} INFO - Sync 1 DAGs
[2024-01-18T23:50:49.481+0000] {logging_mixin.py:151} INFO - [2024-01-18T23:50:49.481+0000] {dag.py:3696} INFO - Setting next_dagrun for example_dynamic_task_mapping_with_no_taskflow_operators to 2024-01-17T23:50:49.480902+00:00, run_after=2024-01-18T23:50:49.480902+00:00
[2024-01-18T23:50:49.501+0000] {processor.py:179} INFO - Processing /home/airflow/.local/lib/python3.11/site-packages/airflow/example_dags/example_dynamic_task_mapping_with_no_taskflow_operators.py took 0.066 seconds
