[2024-01-18T00:08:25.206+0000] {processor.py:157} INFO - Started process (PID=86405) to work on /home/airflow/.local/lib/python3.11/site-packages/airflow/example_dags/tutorial_taskflow_api_virtualenv.py
[2024-01-18T00:08:25.219+0000] {processor.py:829} INFO - Processing file /home/airflow/.local/lib/python3.11/site-packages/airflow/example_dags/tutorial_taskflow_api_virtualenv.py for tasks to queue
[2024-01-18T00:08:25.223+0000] {logging_mixin.py:151} INFO - [2024-01-18T00:08:25.221+0000] {dagbag.py:539} INFO - Filling up the DagBag from /home/airflow/.local/lib/python3.11/site-packages/airflow/example_dags/tutorial_taskflow_api_virtualenv.py
[2024-01-18T00:08:25.245+0000] {processor.py:839} INFO - DAG(s) dict_keys(['tutorial_taskflow_api_virtualenv']) retrieved from /home/airflow/.local/lib/python3.11/site-packages/airflow/example_dags/tutorial_taskflow_api_virtualenv.py
[2024-01-18T00:08:25.347+0000] {logging_mixin.py:151} INFO - [2024-01-18T00:08:25.347+0000] {dag.py:2915} INFO - Sync 1 DAGs
[2024-01-18T00:08:25.376+0000] {logging_mixin.py:151} INFO - [2024-01-18T00:08:25.376+0000] {dag.py:3696} INFO - Setting next_dagrun for tutorial_taskflow_api_virtualenv to None, run_after=None
[2024-01-18T00:08:25.449+0000] {processor.py:179} INFO - Processing /home/airflow/.local/lib/python3.11/site-packages/airflow/example_dags/tutorial_taskflow_api_virtualenv.py took 0.249 seconds
[2024-01-18T00:08:55.972+0000] {processor.py:157} INFO - Started process (PID=86465) to work on /home/airflow/.local/lib/python3.11/site-packages/airflow/example_dags/tutorial_taskflow_api_virtualenv.py
[2024-01-18T00:08:55.974+0000] {processor.py:829} INFO - Processing file /home/airflow/.local/lib/python3.11/site-packages/airflow/example_dags/tutorial_taskflow_api_virtualenv.py for tasks to queue
[2024-01-18T00:08:55.976+0000] {logging_mixin.py:151} INFO - [2024-01-18T00:08:55.976+0000] {dagbag.py:539} INFO - Filling up the DagBag from /home/airflow/.local/lib/python3.11/site-packages/airflow/example_dags/tutorial_taskflow_api_virtualenv.py
[2024-01-18T00:08:55.983+0000] {processor.py:839} INFO - DAG(s) dict_keys(['tutorial_taskflow_api_virtualenv']) retrieved from /home/airflow/.local/lib/python3.11/site-packages/airflow/example_dags/tutorial_taskflow_api_virtualenv.py
[2024-01-18T00:08:56.005+0000] {logging_mixin.py:151} INFO - [2024-01-18T00:08:56.005+0000] {dag.py:2915} INFO - Sync 1 DAGs
[2024-01-18T00:08:56.014+0000] {logging_mixin.py:151} INFO - [2024-01-18T00:08:56.014+0000] {dag.py:3696} INFO - Setting next_dagrun for tutorial_taskflow_api_virtualenv to None, run_after=None
[2024-01-18T00:08:56.029+0000] {processor.py:179} INFO - Processing /home/airflow/.local/lib/python3.11/site-packages/airflow/example_dags/tutorial_taskflow_api_virtualenv.py took 0.059 seconds
[2024-01-18T00:09:26.148+0000] {processor.py:157} INFO - Started process (PID=86525) to work on /home/airflow/.local/lib/python3.11/site-packages/airflow/example_dags/tutorial_taskflow_api_virtualenv.py
[2024-01-18T00:09:26.150+0000] {processor.py:829} INFO - Processing file /home/airflow/.local/lib/python3.11/site-packages/airflow/example_dags/tutorial_taskflow_api_virtualenv.py for tasks to queue
[2024-01-18T00:09:26.152+0000] {logging_mixin.py:151} INFO - [2024-01-18T00:09:26.151+0000] {dagbag.py:539} INFO - Filling up the DagBag from /home/airflow/.local/lib/python3.11/site-packages/airflow/example_dags/tutorial_taskflow_api_virtualenv.py
[2024-01-18T00:09:26.158+0000] {processor.py:839} INFO - DAG(s) dict_keys(['tutorial_taskflow_api_virtualenv']) retrieved from /home/airflow/.local/lib/python3.11/site-packages/airflow/example_dags/tutorial_taskflow_api_virtualenv.py
[2024-01-18T00:09:26.180+0000] {logging_mixin.py:151} INFO - [2024-01-18T00:09:26.180+0000] {dag.py:2915} INFO - Sync 1 DAGs
[2024-01-18T00:09:26.190+0000] {logging_mixin.py:151} INFO - [2024-01-18T00:09:26.190+0000] {dag.py:3696} INFO - Setting next_dagrun for tutorial_taskflow_api_virtualenv to None, run_after=None
[2024-01-18T00:09:26.202+0000] {processor.py:179} INFO - Processing /home/airflow/.local/lib/python3.11/site-packages/airflow/example_dags/tutorial_taskflow_api_virtualenv.py took 0.057 seconds
[2024-01-18T00:26:59.532+0000] {processor.py:157} INFO - Started process (PID=86585) to work on /home/airflow/.local/lib/python3.11/site-packages/airflow/example_dags/tutorial_taskflow_api_virtualenv.py
[2024-01-18T00:26:59.535+0000] {processor.py:829} INFO - Processing file /home/airflow/.local/lib/python3.11/site-packages/airflow/example_dags/tutorial_taskflow_api_virtualenv.py for tasks to queue
[2024-01-18T00:26:59.536+0000] {logging_mixin.py:151} INFO - [2024-01-18T00:26:59.536+0000] {dagbag.py:539} INFO - Filling up the DagBag from /home/airflow/.local/lib/python3.11/site-packages/airflow/example_dags/tutorial_taskflow_api_virtualenv.py
[2024-01-18T00:26:59.541+0000] {processor.py:839} INFO - DAG(s) dict_keys(['tutorial_taskflow_api_virtualenv']) retrieved from /home/airflow/.local/lib/python3.11/site-packages/airflow/example_dags/tutorial_taskflow_api_virtualenv.py
[2024-01-18T00:26:59.556+0000] {logging_mixin.py:151} INFO - [2024-01-18T00:26:59.556+0000] {dag.py:2915} INFO - Sync 1 DAGs
[2024-01-18T00:26:59.563+0000] {logging_mixin.py:151} INFO - [2024-01-18T00:26:59.563+0000] {dag.py:3696} INFO - Setting next_dagrun for tutorial_taskflow_api_virtualenv to None, run_after=None
[2024-01-18T00:26:59.577+0000] {processor.py:179} INFO - Processing /home/airflow/.local/lib/python3.11/site-packages/airflow/example_dags/tutorial_taskflow_api_virtualenv.py took 0.047 seconds
[2024-01-18T01:46:38.100+0000] {processor.py:157} INFO - Started process (PID=86645) to work on /home/airflow/.local/lib/python3.11/site-packages/airflow/example_dags/tutorial_taskflow_api_virtualenv.py
[2024-01-18T01:46:38.102+0000] {processor.py:829} INFO - Processing file /home/airflow/.local/lib/python3.11/site-packages/airflow/example_dags/tutorial_taskflow_api_virtualenv.py for tasks to queue
[2024-01-18T01:46:38.104+0000] {logging_mixin.py:151} INFO - [2024-01-18T01:46:38.104+0000] {dagbag.py:539} INFO - Filling up the DagBag from /home/airflow/.local/lib/python3.11/site-packages/airflow/example_dags/tutorial_taskflow_api_virtualenv.py
[2024-01-18T01:46:38.112+0000] {processor.py:839} INFO - DAG(s) dict_keys(['tutorial_taskflow_api_virtualenv']) retrieved from /home/airflow/.local/lib/python3.11/site-packages/airflow/example_dags/tutorial_taskflow_api_virtualenv.py
[2024-01-18T01:46:38.132+0000] {logging_mixin.py:151} INFO - [2024-01-18T01:46:38.132+0000] {dag.py:2915} INFO - Sync 1 DAGs
[2024-01-18T01:46:38.141+0000] {logging_mixin.py:151} INFO - [2024-01-18T01:46:38.141+0000] {dag.py:3696} INFO - Setting next_dagrun for tutorial_taskflow_api_virtualenv to None, run_after=None
[2024-01-18T01:46:38.157+0000] {processor.py:179} INFO - Processing /home/airflow/.local/lib/python3.11/site-packages/airflow/example_dags/tutorial_taskflow_api_virtualenv.py took 0.059 seconds
[2024-01-18T03:04:01.212+0000] {processor.py:157} INFO - Started process (PID=86705) to work on /home/airflow/.local/lib/python3.11/site-packages/airflow/example_dags/tutorial_taskflow_api_virtualenv.py
[2024-01-18T03:04:01.214+0000] {processor.py:829} INFO - Processing file /home/airflow/.local/lib/python3.11/site-packages/airflow/example_dags/tutorial_taskflow_api_virtualenv.py for tasks to queue
[2024-01-18T03:04:01.215+0000] {logging_mixin.py:151} INFO - [2024-01-18T03:04:01.215+0000] {dagbag.py:539} INFO - Filling up the DagBag from /home/airflow/.local/lib/python3.11/site-packages/airflow/example_dags/tutorial_taskflow_api_virtualenv.py
[2024-01-18T03:04:01.221+0000] {processor.py:839} INFO - DAG(s) dict_keys(['tutorial_taskflow_api_virtualenv']) retrieved from /home/airflow/.local/lib/python3.11/site-packages/airflow/example_dags/tutorial_taskflow_api_virtualenv.py
[2024-01-18T03:04:01.245+0000] {logging_mixin.py:151} INFO - [2024-01-18T03:04:01.245+0000] {dag.py:2915} INFO - Sync 1 DAGs
[2024-01-18T03:04:01.255+0000] {logging_mixin.py:151} INFO - [2024-01-18T03:04:01.254+0000] {dag.py:3696} INFO - Setting next_dagrun for tutorial_taskflow_api_virtualenv to None, run_after=None
[2024-01-18T03:04:01.268+0000] {processor.py:179} INFO - Processing /home/airflow/.local/lib/python3.11/site-packages/airflow/example_dags/tutorial_taskflow_api_virtualenv.py took 0.058 seconds
[2024-01-18T04:29:15.135+0000] {processor.py:157} INFO - Started process (PID=86765) to work on /home/airflow/.local/lib/python3.11/site-packages/airflow/example_dags/tutorial_taskflow_api_virtualenv.py
[2024-01-18T04:29:15.138+0000] {processor.py:829} INFO - Processing file /home/airflow/.local/lib/python3.11/site-packages/airflow/example_dags/tutorial_taskflow_api_virtualenv.py for tasks to queue
[2024-01-18T04:29:15.139+0000] {logging_mixin.py:151} INFO - [2024-01-18T04:29:15.139+0000] {dagbag.py:539} INFO - Filling up the DagBag from /home/airflow/.local/lib/python3.11/site-packages/airflow/example_dags/tutorial_taskflow_api_virtualenv.py
[2024-01-18T04:29:15.145+0000] {processor.py:839} INFO - DAG(s) dict_keys(['tutorial_taskflow_api_virtualenv']) retrieved from /home/airflow/.local/lib/python3.11/site-packages/airflow/example_dags/tutorial_taskflow_api_virtualenv.py
[2024-01-18T04:29:15.171+0000] {logging_mixin.py:151} INFO - [2024-01-18T04:29:15.171+0000] {dag.py:2915} INFO - Sync 1 DAGs
[2024-01-18T04:29:15.179+0000] {logging_mixin.py:151} INFO - [2024-01-18T04:29:15.179+0000] {dag.py:3696} INFO - Setting next_dagrun for tutorial_taskflow_api_virtualenv to None, run_after=None
[2024-01-18T04:29:15.192+0000] {processor.py:179} INFO - Processing /home/airflow/.local/lib/python3.11/site-packages/airflow/example_dags/tutorial_taskflow_api_virtualenv.py took 0.060 seconds
[2024-01-18T05:51:33.504+0000] {processor.py:157} INFO - Started process (PID=86825) to work on /home/airflow/.local/lib/python3.11/site-packages/airflow/example_dags/tutorial_taskflow_api_virtualenv.py
[2024-01-18T05:51:33.507+0000] {processor.py:829} INFO - Processing file /home/airflow/.local/lib/python3.11/site-packages/airflow/example_dags/tutorial_taskflow_api_virtualenv.py for tasks to queue
[2024-01-18T05:51:33.508+0000] {logging_mixin.py:151} INFO - [2024-01-18T05:51:33.508+0000] {dagbag.py:539} INFO - Filling up the DagBag from /home/airflow/.local/lib/python3.11/site-packages/airflow/example_dags/tutorial_taskflow_api_virtualenv.py
[2024-01-18T05:51:33.515+0000] {processor.py:839} INFO - DAG(s) dict_keys(['tutorial_taskflow_api_virtualenv']) retrieved from /home/airflow/.local/lib/python3.11/site-packages/airflow/example_dags/tutorial_taskflow_api_virtualenv.py
[2024-01-18T05:51:33.531+0000] {logging_mixin.py:151} INFO - [2024-01-18T05:51:33.531+0000] {dag.py:2915} INFO - Sync 1 DAGs
[2024-01-18T05:51:33.539+0000] {logging_mixin.py:151} INFO - [2024-01-18T05:51:33.539+0000] {dag.py:3696} INFO - Setting next_dagrun for tutorial_taskflow_api_virtualenv to None, run_after=None
[2024-01-18T05:51:33.552+0000] {processor.py:179} INFO - Processing /home/airflow/.local/lib/python3.11/site-packages/airflow/example_dags/tutorial_taskflow_api_virtualenv.py took 0.050 seconds
[2024-01-18T07:13:37.573+0000] {processor.py:157} INFO - Started process (PID=86885) to work on /home/airflow/.local/lib/python3.11/site-packages/airflow/example_dags/tutorial_taskflow_api_virtualenv.py
[2024-01-18T07:13:37.589+0000] {processor.py:829} INFO - Processing file /home/airflow/.local/lib/python3.11/site-packages/airflow/example_dags/tutorial_taskflow_api_virtualenv.py for tasks to queue
[2024-01-18T07:13:37.607+0000] {logging_mixin.py:151} INFO - [2024-01-18T07:13:37.607+0000] {dagbag.py:539} INFO - Filling up the DagBag from /home/airflow/.local/lib/python3.11/site-packages/airflow/example_dags/tutorial_taskflow_api_virtualenv.py
[2024-01-18T07:13:37.647+0000] {processor.py:839} INFO - DAG(s) dict_keys(['tutorial_taskflow_api_virtualenv']) retrieved from /home/airflow/.local/lib/python3.11/site-packages/airflow/example_dags/tutorial_taskflow_api_virtualenv.py
[2024-01-18T07:13:37.663+0000] {logging_mixin.py:151} INFO - [2024-01-18T07:13:37.663+0000] {dag.py:2915} INFO - Sync 1 DAGs
[2024-01-18T07:13:37.672+0000] {logging_mixin.py:151} INFO - [2024-01-18T07:13:37.671+0000] {dag.py:3696} INFO - Setting next_dagrun for tutorial_taskflow_api_virtualenv to None, run_after=None
[2024-01-18T07:13:37.697+0000] {processor.py:179} INFO - Processing /home/airflow/.local/lib/python3.11/site-packages/airflow/example_dags/tutorial_taskflow_api_virtualenv.py took 0.126 seconds
[2024-01-18T08:37:38.249+0000] {processor.py:157} INFO - Started process (PID=86945) to work on /home/airflow/.local/lib/python3.11/site-packages/airflow/example_dags/tutorial_taskflow_api_virtualenv.py
[2024-01-18T08:37:38.252+0000] {processor.py:829} INFO - Processing file /home/airflow/.local/lib/python3.11/site-packages/airflow/example_dags/tutorial_taskflow_api_virtualenv.py for tasks to queue
[2024-01-18T08:37:38.256+0000] {logging_mixin.py:151} INFO - [2024-01-18T08:37:38.256+0000] {dagbag.py:539} INFO - Filling up the DagBag from /home/airflow/.local/lib/python3.11/site-packages/airflow/example_dags/tutorial_taskflow_api_virtualenv.py
[2024-01-18T08:37:38.270+0000] {processor.py:839} INFO - DAG(s) dict_keys(['tutorial_taskflow_api_virtualenv']) retrieved from /home/airflow/.local/lib/python3.11/site-packages/airflow/example_dags/tutorial_taskflow_api_virtualenv.py
[2024-01-18T08:37:38.302+0000] {logging_mixin.py:151} INFO - [2024-01-18T08:37:38.302+0000] {dag.py:2915} INFO - Sync 1 DAGs
[2024-01-18T08:37:38.316+0000] {logging_mixin.py:151} INFO - [2024-01-18T08:37:38.315+0000] {dag.py:3696} INFO - Setting next_dagrun for tutorial_taskflow_api_virtualenv to None, run_after=None
[2024-01-18T08:37:38.330+0000] {processor.py:179} INFO - Processing /home/airflow/.local/lib/python3.11/site-packages/airflow/example_dags/tutorial_taskflow_api_virtualenv.py took 0.084 seconds
[2024-01-18T09:59:32.045+0000] {processor.py:157} INFO - Started process (PID=87005) to work on /home/airflow/.local/lib/python3.11/site-packages/airflow/example_dags/tutorial_taskflow_api_virtualenv.py
[2024-01-18T09:59:32.047+0000] {processor.py:829} INFO - Processing file /home/airflow/.local/lib/python3.11/site-packages/airflow/example_dags/tutorial_taskflow_api_virtualenv.py for tasks to queue
[2024-01-18T09:59:32.048+0000] {logging_mixin.py:151} INFO - [2024-01-18T09:59:32.048+0000] {dagbag.py:539} INFO - Filling up the DagBag from /home/airflow/.local/lib/python3.11/site-packages/airflow/example_dags/tutorial_taskflow_api_virtualenv.py
[2024-01-18T09:59:32.058+0000] {processor.py:839} INFO - DAG(s) dict_keys(['tutorial_taskflow_api_virtualenv']) retrieved from /home/airflow/.local/lib/python3.11/site-packages/airflow/example_dags/tutorial_taskflow_api_virtualenv.py
[2024-01-18T09:59:32.073+0000] {logging_mixin.py:151} INFO - [2024-01-18T09:59:32.073+0000] {dag.py:2915} INFO - Sync 1 DAGs
[2024-01-18T09:59:32.082+0000] {logging_mixin.py:151} INFO - [2024-01-18T09:59:32.082+0000] {dag.py:3696} INFO - Setting next_dagrun for tutorial_taskflow_api_virtualenv to None, run_after=None
[2024-01-18T09:59:32.095+0000] {processor.py:179} INFO - Processing /home/airflow/.local/lib/python3.11/site-packages/airflow/example_dags/tutorial_taskflow_api_virtualenv.py took 0.053 seconds
[2024-01-18T10:45:12.734+0000] {processor.py:157} INFO - Started process (PID=87065) to work on /home/airflow/.local/lib/python3.11/site-packages/airflow/example_dags/tutorial_taskflow_api_virtualenv.py
[2024-01-18T10:45:12.740+0000] {processor.py:829} INFO - Processing file /home/airflow/.local/lib/python3.11/site-packages/airflow/example_dags/tutorial_taskflow_api_virtualenv.py for tasks to queue
[2024-01-18T10:45:12.752+0000] {logging_mixin.py:151} INFO - [2024-01-18T10:45:12.751+0000] {dagbag.py:539} INFO - Filling up the DagBag from /home/airflow/.local/lib/python3.11/site-packages/airflow/example_dags/tutorial_taskflow_api_virtualenv.py
[2024-01-18T10:45:12.768+0000] {processor.py:839} INFO - DAG(s) dict_keys(['tutorial_taskflow_api_virtualenv']) retrieved from /home/airflow/.local/lib/python3.11/site-packages/airflow/example_dags/tutorial_taskflow_api_virtualenv.py
[2024-01-18T10:45:12.854+0000] {logging_mixin.py:151} INFO - [2024-01-18T10:45:12.854+0000] {dag.py:2915} INFO - Sync 1 DAGs
[2024-01-18T10:45:12.877+0000] {logging_mixin.py:151} INFO - [2024-01-18T10:45:12.877+0000] {dag.py:3696} INFO - Setting next_dagrun for tutorial_taskflow_api_virtualenv to None, run_after=None
[2024-01-18T10:45:12.910+0000] {processor.py:179} INFO - Processing /home/airflow/.local/lib/python3.11/site-packages/airflow/example_dags/tutorial_taskflow_api_virtualenv.py took 0.181 seconds
[2024-01-18T10:45:43.786+0000] {processor.py:157} INFO - Started process (PID=87125) to work on /home/airflow/.local/lib/python3.11/site-packages/airflow/example_dags/tutorial_taskflow_api_virtualenv.py
[2024-01-18T10:45:43.789+0000] {processor.py:829} INFO - Processing file /home/airflow/.local/lib/python3.11/site-packages/airflow/example_dags/tutorial_taskflow_api_virtualenv.py for tasks to queue
[2024-01-18T10:45:43.792+0000] {logging_mixin.py:151} INFO - [2024-01-18T10:45:43.791+0000] {dagbag.py:539} INFO - Filling up the DagBag from /home/airflow/.local/lib/python3.11/site-packages/airflow/example_dags/tutorial_taskflow_api_virtualenv.py
[2024-01-18T10:45:43.802+0000] {processor.py:839} INFO - DAG(s) dict_keys(['tutorial_taskflow_api_virtualenv']) retrieved from /home/airflow/.local/lib/python3.11/site-packages/airflow/example_dags/tutorial_taskflow_api_virtualenv.py
[2024-01-18T10:45:43.827+0000] {logging_mixin.py:151} INFO - [2024-01-18T10:45:43.827+0000] {dag.py:2915} INFO - Sync 1 DAGs
[2024-01-18T10:45:43.838+0000] {logging_mixin.py:151} INFO - [2024-01-18T10:45:43.837+0000] {dag.py:3696} INFO - Setting next_dagrun for tutorial_taskflow_api_virtualenv to None, run_after=None
[2024-01-18T10:45:43.866+0000] {processor.py:179} INFO - Processing /home/airflow/.local/lib/python3.11/site-packages/airflow/example_dags/tutorial_taskflow_api_virtualenv.py took 0.083 seconds
[2024-01-18T10:46:14.566+0000] {processor.py:157} INFO - Started process (PID=87184) to work on /home/airflow/.local/lib/python3.11/site-packages/airflow/example_dags/tutorial_taskflow_api_virtualenv.py
[2024-01-18T10:46:14.568+0000] {processor.py:829} INFO - Processing file /home/airflow/.local/lib/python3.11/site-packages/airflow/example_dags/tutorial_taskflow_api_virtualenv.py for tasks to queue
[2024-01-18T10:46:14.570+0000] {logging_mixin.py:151} INFO - [2024-01-18T10:46:14.569+0000] {dagbag.py:539} INFO - Filling up the DagBag from /home/airflow/.local/lib/python3.11/site-packages/airflow/example_dags/tutorial_taskflow_api_virtualenv.py
[2024-01-18T10:46:14.575+0000] {processor.py:839} INFO - DAG(s) dict_keys(['tutorial_taskflow_api_virtualenv']) retrieved from /home/airflow/.local/lib/python3.11/site-packages/airflow/example_dags/tutorial_taskflow_api_virtualenv.py
[2024-01-18T10:46:14.591+0000] {logging_mixin.py:151} INFO - [2024-01-18T10:46:14.591+0000] {dag.py:2915} INFO - Sync 1 DAGs
[2024-01-18T10:46:14.600+0000] {logging_mixin.py:151} INFO - [2024-01-18T10:46:14.600+0000] {dag.py:3696} INFO - Setting next_dagrun for tutorial_taskflow_api_virtualenv to None, run_after=None
[2024-01-18T10:46:14.614+0000] {processor.py:179} INFO - Processing /home/airflow/.local/lib/python3.11/site-packages/airflow/example_dags/tutorial_taskflow_api_virtualenv.py took 0.051 seconds
[2024-01-18T10:46:45.714+0000] {processor.py:157} INFO - Started process (PID=87244) to work on /home/airflow/.local/lib/python3.11/site-packages/airflow/example_dags/tutorial_taskflow_api_virtualenv.py
[2024-01-18T10:46:45.716+0000] {processor.py:829} INFO - Processing file /home/airflow/.local/lib/python3.11/site-packages/airflow/example_dags/tutorial_taskflow_api_virtualenv.py for tasks to queue
[2024-01-18T10:46:45.717+0000] {logging_mixin.py:151} INFO - [2024-01-18T10:46:45.717+0000] {dagbag.py:539} INFO - Filling up the DagBag from /home/airflow/.local/lib/python3.11/site-packages/airflow/example_dags/tutorial_taskflow_api_virtualenv.py
[2024-01-18T10:46:45.725+0000] {processor.py:839} INFO - DAG(s) dict_keys(['tutorial_taskflow_api_virtualenv']) retrieved from /home/airflow/.local/lib/python3.11/site-packages/airflow/example_dags/tutorial_taskflow_api_virtualenv.py
[2024-01-18T10:46:45.743+0000] {logging_mixin.py:151} INFO - [2024-01-18T10:46:45.743+0000] {dag.py:2915} INFO - Sync 1 DAGs
[2024-01-18T10:46:45.753+0000] {logging_mixin.py:151} INFO - [2024-01-18T10:46:45.753+0000] {dag.py:3696} INFO - Setting next_dagrun for tutorial_taskflow_api_virtualenv to None, run_after=None
[2024-01-18T10:46:45.766+0000] {processor.py:179} INFO - Processing /home/airflow/.local/lib/python3.11/site-packages/airflow/example_dags/tutorial_taskflow_api_virtualenv.py took 0.055 seconds
[2024-01-18T10:47:17.143+0000] {processor.py:157} INFO - Started process (PID=87304) to work on /home/airflow/.local/lib/python3.11/site-packages/airflow/example_dags/tutorial_taskflow_api_virtualenv.py
[2024-01-18T10:47:17.145+0000] {processor.py:829} INFO - Processing file /home/airflow/.local/lib/python3.11/site-packages/airflow/example_dags/tutorial_taskflow_api_virtualenv.py for tasks to queue
[2024-01-18T10:47:17.147+0000] {logging_mixin.py:151} INFO - [2024-01-18T10:47:17.147+0000] {dagbag.py:539} INFO - Filling up the DagBag from /home/airflow/.local/lib/python3.11/site-packages/airflow/example_dags/tutorial_taskflow_api_virtualenv.py
[2024-01-18T10:47:17.153+0000] {processor.py:839} INFO - DAG(s) dict_keys(['tutorial_taskflow_api_virtualenv']) retrieved from /home/airflow/.local/lib/python3.11/site-packages/airflow/example_dags/tutorial_taskflow_api_virtualenv.py
[2024-01-18T10:47:17.172+0000] {logging_mixin.py:151} INFO - [2024-01-18T10:47:17.172+0000] {dag.py:2915} INFO - Sync 1 DAGs
[2024-01-18T10:47:17.182+0000] {logging_mixin.py:151} INFO - [2024-01-18T10:47:17.181+0000] {dag.py:3696} INFO - Setting next_dagrun for tutorial_taskflow_api_virtualenv to None, run_after=None
[2024-01-18T10:47:17.194+0000] {processor.py:179} INFO - Processing /home/airflow/.local/lib/python3.11/site-packages/airflow/example_dags/tutorial_taskflow_api_virtualenv.py took 0.054 seconds
[2024-01-18T10:50:09.407+0000] {processor.py:157} INFO - Started process (PID=87364) to work on /home/airflow/.local/lib/python3.11/site-packages/airflow/example_dags/tutorial_taskflow_api_virtualenv.py
[2024-01-18T10:50:09.409+0000] {processor.py:829} INFO - Processing file /home/airflow/.local/lib/python3.11/site-packages/airflow/example_dags/tutorial_taskflow_api_virtualenv.py for tasks to queue
[2024-01-18T10:50:09.411+0000] {logging_mixin.py:151} INFO - [2024-01-18T10:50:09.411+0000] {dagbag.py:539} INFO - Filling up the DagBag from /home/airflow/.local/lib/python3.11/site-packages/airflow/example_dags/tutorial_taskflow_api_virtualenv.py
[2024-01-18T10:50:09.418+0000] {processor.py:839} INFO - DAG(s) dict_keys(['tutorial_taskflow_api_virtualenv']) retrieved from /home/airflow/.local/lib/python3.11/site-packages/airflow/example_dags/tutorial_taskflow_api_virtualenv.py
[2024-01-18T10:50:09.438+0000] {logging_mixin.py:151} INFO - [2024-01-18T10:50:09.438+0000] {dag.py:2915} INFO - Sync 1 DAGs
[2024-01-18T10:50:09.448+0000] {logging_mixin.py:151} INFO - [2024-01-18T10:50:09.447+0000] {dag.py:3696} INFO - Setting next_dagrun for tutorial_taskflow_api_virtualenv to None, run_after=None
[2024-01-18T10:50:09.460+0000] {processor.py:179} INFO - Processing /home/airflow/.local/lib/python3.11/site-packages/airflow/example_dags/tutorial_taskflow_api_virtualenv.py took 0.056 seconds
[2024-01-18T10:50:40.733+0000] {processor.py:157} INFO - Started process (PID=87424) to work on /home/airflow/.local/lib/python3.11/site-packages/airflow/example_dags/tutorial_taskflow_api_virtualenv.py
[2024-01-18T10:50:40.735+0000] {processor.py:829} INFO - Processing file /home/airflow/.local/lib/python3.11/site-packages/airflow/example_dags/tutorial_taskflow_api_virtualenv.py for tasks to queue
[2024-01-18T10:50:40.737+0000] {logging_mixin.py:151} INFO - [2024-01-18T10:50:40.736+0000] {dagbag.py:539} INFO - Filling up the DagBag from /home/airflow/.local/lib/python3.11/site-packages/airflow/example_dags/tutorial_taskflow_api_virtualenv.py
[2024-01-18T10:50:40.742+0000] {processor.py:839} INFO - DAG(s) dict_keys(['tutorial_taskflow_api_virtualenv']) retrieved from /home/airflow/.local/lib/python3.11/site-packages/airflow/example_dags/tutorial_taskflow_api_virtualenv.py
[2024-01-18T10:50:40.759+0000] {logging_mixin.py:151} INFO - [2024-01-18T10:50:40.759+0000] {dag.py:2915} INFO - Sync 1 DAGs
[2024-01-18T10:50:40.767+0000] {logging_mixin.py:151} INFO - [2024-01-18T10:50:40.767+0000] {dag.py:3696} INFO - Setting next_dagrun for tutorial_taskflow_api_virtualenv to None, run_after=None
[2024-01-18T10:50:40.786+0000] {processor.py:179} INFO - Processing /home/airflow/.local/lib/python3.11/site-packages/airflow/example_dags/tutorial_taskflow_api_virtualenv.py took 0.055 seconds
[2024-01-18T10:51:11.987+0000] {processor.py:157} INFO - Started process (PID=87484) to work on /home/airflow/.local/lib/python3.11/site-packages/airflow/example_dags/tutorial_taskflow_api_virtualenv.py
[2024-01-18T10:51:11.989+0000] {processor.py:829} INFO - Processing file /home/airflow/.local/lib/python3.11/site-packages/airflow/example_dags/tutorial_taskflow_api_virtualenv.py for tasks to queue
[2024-01-18T10:51:11.990+0000] {logging_mixin.py:151} INFO - [2024-01-18T10:51:11.990+0000] {dagbag.py:539} INFO - Filling up the DagBag from /home/airflow/.local/lib/python3.11/site-packages/airflow/example_dags/tutorial_taskflow_api_virtualenv.py
[2024-01-18T10:51:11.995+0000] {processor.py:839} INFO - DAG(s) dict_keys(['tutorial_taskflow_api_virtualenv']) retrieved from /home/airflow/.local/lib/python3.11/site-packages/airflow/example_dags/tutorial_taskflow_api_virtualenv.py
[2024-01-18T10:51:12.011+0000] {logging_mixin.py:151} INFO - [2024-01-18T10:51:12.011+0000] {dag.py:2915} INFO - Sync 1 DAGs
[2024-01-18T10:51:12.020+0000] {logging_mixin.py:151} INFO - [2024-01-18T10:51:12.019+0000] {dag.py:3696} INFO - Setting next_dagrun for tutorial_taskflow_api_virtualenv to None, run_after=None
[2024-01-18T10:51:12.042+0000] {processor.py:179} INFO - Processing /home/airflow/.local/lib/python3.11/site-packages/airflow/example_dags/tutorial_taskflow_api_virtualenv.py took 0.058 seconds
[2024-01-18T10:51:43.282+0000] {processor.py:157} INFO - Started process (PID=87543) to work on /home/airflow/.local/lib/python3.11/site-packages/airflow/example_dags/tutorial_taskflow_api_virtualenv.py
[2024-01-18T10:51:43.284+0000] {processor.py:829} INFO - Processing file /home/airflow/.local/lib/python3.11/site-packages/airflow/example_dags/tutorial_taskflow_api_virtualenv.py for tasks to queue
[2024-01-18T10:51:43.286+0000] {logging_mixin.py:151} INFO - [2024-01-18T10:51:43.286+0000] {dagbag.py:539} INFO - Filling up the DagBag from /home/airflow/.local/lib/python3.11/site-packages/airflow/example_dags/tutorial_taskflow_api_virtualenv.py
[2024-01-18T10:51:43.291+0000] {processor.py:839} INFO - DAG(s) dict_keys(['tutorial_taskflow_api_virtualenv']) retrieved from /home/airflow/.local/lib/python3.11/site-packages/airflow/example_dags/tutorial_taskflow_api_virtualenv.py
[2024-01-18T10:51:43.307+0000] {logging_mixin.py:151} INFO - [2024-01-18T10:51:43.307+0000] {dag.py:2915} INFO - Sync 1 DAGs
[2024-01-18T10:51:43.316+0000] {logging_mixin.py:151} INFO - [2024-01-18T10:51:43.315+0000] {dag.py:3696} INFO - Setting next_dagrun for tutorial_taskflow_api_virtualenv to None, run_after=None
[2024-01-18T10:51:43.330+0000] {processor.py:179} INFO - Processing /home/airflow/.local/lib/python3.11/site-packages/airflow/example_dags/tutorial_taskflow_api_virtualenv.py took 0.051 seconds
[2024-01-18T11:24:23.369+0000] {processor.py:157} INFO - Started process (PID=87603) to work on /home/airflow/.local/lib/python3.11/site-packages/airflow/example_dags/tutorial_taskflow_api_virtualenv.py
[2024-01-18T11:24:23.370+0000] {processor.py:829} INFO - Processing file /home/airflow/.local/lib/python3.11/site-packages/airflow/example_dags/tutorial_taskflow_api_virtualenv.py for tasks to queue
[2024-01-18T11:24:23.371+0000] {logging_mixin.py:151} INFO - [2024-01-18T11:24:23.371+0000] {dagbag.py:539} INFO - Filling up the DagBag from /home/airflow/.local/lib/python3.11/site-packages/airflow/example_dags/tutorial_taskflow_api_virtualenv.py
[2024-01-18T11:24:23.376+0000] {processor.py:839} INFO - DAG(s) dict_keys(['tutorial_taskflow_api_virtualenv']) retrieved from /home/airflow/.local/lib/python3.11/site-packages/airflow/example_dags/tutorial_taskflow_api_virtualenv.py
[2024-01-18T11:24:23.395+0000] {logging_mixin.py:151} INFO - [2024-01-18T11:24:23.395+0000] {dag.py:2915} INFO - Sync 1 DAGs
[2024-01-18T11:24:23.404+0000] {logging_mixin.py:151} INFO - [2024-01-18T11:24:23.404+0000] {dag.py:3696} INFO - Setting next_dagrun for tutorial_taskflow_api_virtualenv to None, run_after=None
[2024-01-18T11:24:23.417+0000] {processor.py:179} INFO - Processing /home/airflow/.local/lib/python3.11/site-packages/airflow/example_dags/tutorial_taskflow_api_virtualenv.py took 0.051 seconds
[2024-01-18T12:45:49.895+0000] {processor.py:157} INFO - Started process (PID=87663) to work on /home/airflow/.local/lib/python3.11/site-packages/airflow/example_dags/tutorial_taskflow_api_virtualenv.py
[2024-01-18T12:45:49.900+0000] {processor.py:829} INFO - Processing file /home/airflow/.local/lib/python3.11/site-packages/airflow/example_dags/tutorial_taskflow_api_virtualenv.py for tasks to queue
[2024-01-18T12:45:49.901+0000] {logging_mixin.py:151} INFO - [2024-01-18T12:45:49.901+0000] {dagbag.py:539} INFO - Filling up the DagBag from /home/airflow/.local/lib/python3.11/site-packages/airflow/example_dags/tutorial_taskflow_api_virtualenv.py
[2024-01-18T12:45:49.910+0000] {processor.py:839} INFO - DAG(s) dict_keys(['tutorial_taskflow_api_virtualenv']) retrieved from /home/airflow/.local/lib/python3.11/site-packages/airflow/example_dags/tutorial_taskflow_api_virtualenv.py
[2024-01-18T12:45:49.944+0000] {logging_mixin.py:151} INFO - [2024-01-18T12:45:49.944+0000] {dag.py:2915} INFO - Sync 1 DAGs
[2024-01-18T12:45:49.953+0000] {logging_mixin.py:151} INFO - [2024-01-18T12:45:49.953+0000] {dag.py:3696} INFO - Setting next_dagrun for tutorial_taskflow_api_virtualenv to None, run_after=None
[2024-01-18T12:45:49.971+0000] {processor.py:179} INFO - Processing /home/airflow/.local/lib/python3.11/site-packages/airflow/example_dags/tutorial_taskflow_api_virtualenv.py took 0.079 seconds
[2024-01-18T13:36:55.447+0000] {processor.py:157} INFO - Started process (PID=87723) to work on /home/airflow/.local/lib/python3.11/site-packages/airflow/example_dags/tutorial_taskflow_api_virtualenv.py
[2024-01-18T13:36:55.452+0000] {processor.py:829} INFO - Processing file /home/airflow/.local/lib/python3.11/site-packages/airflow/example_dags/tutorial_taskflow_api_virtualenv.py for tasks to queue
[2024-01-18T13:36:55.455+0000] {logging_mixin.py:151} INFO - [2024-01-18T13:36:55.454+0000] {dagbag.py:539} INFO - Filling up the DagBag from /home/airflow/.local/lib/python3.11/site-packages/airflow/example_dags/tutorial_taskflow_api_virtualenv.py
[2024-01-18T13:36:55.462+0000] {processor.py:839} INFO - DAG(s) dict_keys(['tutorial_taskflow_api_virtualenv']) retrieved from /home/airflow/.local/lib/python3.11/site-packages/airflow/example_dags/tutorial_taskflow_api_virtualenv.py
[2024-01-18T13:36:55.501+0000] {logging_mixin.py:151} INFO - [2024-01-18T13:36:55.500+0000] {dag.py:2915} INFO - Sync 1 DAGs
[2024-01-18T13:36:55.524+0000] {logging_mixin.py:151} INFO - [2024-01-18T13:36:55.524+0000] {dag.py:3696} INFO - Setting next_dagrun for tutorial_taskflow_api_virtualenv to None, run_after=None
[2024-01-18T13:36:55.581+0000] {processor.py:179} INFO - Processing /home/airflow/.local/lib/python3.11/site-packages/airflow/example_dags/tutorial_taskflow_api_virtualenv.py took 0.137 seconds
[2024-01-18T15:03:32.086+0000] {processor.py:157} INFO - Started process (PID=87783) to work on /home/airflow/.local/lib/python3.11/site-packages/airflow/example_dags/tutorial_taskflow_api_virtualenv.py
[2024-01-18T15:03:32.089+0000] {processor.py:829} INFO - Processing file /home/airflow/.local/lib/python3.11/site-packages/airflow/example_dags/tutorial_taskflow_api_virtualenv.py for tasks to queue
[2024-01-18T15:03:32.090+0000] {logging_mixin.py:151} INFO - [2024-01-18T15:03:32.090+0000] {dagbag.py:539} INFO - Filling up the DagBag from /home/airflow/.local/lib/python3.11/site-packages/airflow/example_dags/tutorial_taskflow_api_virtualenv.py
[2024-01-18T15:03:32.098+0000] {processor.py:839} INFO - DAG(s) dict_keys(['tutorial_taskflow_api_virtualenv']) retrieved from /home/airflow/.local/lib/python3.11/site-packages/airflow/example_dags/tutorial_taskflow_api_virtualenv.py
[2024-01-18T15:03:32.116+0000] {logging_mixin.py:151} INFO - [2024-01-18T15:03:32.116+0000] {dag.py:2915} INFO - Sync 1 DAGs
[2024-01-18T15:03:32.127+0000] {logging_mixin.py:151} INFO - [2024-01-18T15:03:32.127+0000] {dag.py:3696} INFO - Setting next_dagrun for tutorial_taskflow_api_virtualenv to None, run_after=None
[2024-01-18T15:03:32.142+0000] {processor.py:179} INFO - Processing /home/airflow/.local/lib/python3.11/site-packages/airflow/example_dags/tutorial_taskflow_api_virtualenv.py took 0.058 seconds
[2024-01-18T16:25:16.467+0000] {processor.py:157} INFO - Started process (PID=87843) to work on /home/airflow/.local/lib/python3.11/site-packages/airflow/example_dags/tutorial_taskflow_api_virtualenv.py
[2024-01-18T16:25:16.471+0000] {processor.py:829} INFO - Processing file /home/airflow/.local/lib/python3.11/site-packages/airflow/example_dags/tutorial_taskflow_api_virtualenv.py for tasks to queue
[2024-01-18T16:25:16.472+0000] {logging_mixin.py:151} INFO - [2024-01-18T16:25:16.472+0000] {dagbag.py:539} INFO - Filling up the DagBag from /home/airflow/.local/lib/python3.11/site-packages/airflow/example_dags/tutorial_taskflow_api_virtualenv.py
[2024-01-18T16:25:16.478+0000] {processor.py:839} INFO - DAG(s) dict_keys(['tutorial_taskflow_api_virtualenv']) retrieved from /home/airflow/.local/lib/python3.11/site-packages/airflow/example_dags/tutorial_taskflow_api_virtualenv.py
[2024-01-18T16:25:16.495+0000] {logging_mixin.py:151} INFO - [2024-01-18T16:25:16.494+0000] {dag.py:2915} INFO - Sync 1 DAGs
[2024-01-18T16:25:16.506+0000] {logging_mixin.py:151} INFO - [2024-01-18T16:25:16.505+0000] {dag.py:3696} INFO - Setting next_dagrun for tutorial_taskflow_api_virtualenv to None, run_after=None
[2024-01-18T16:25:16.522+0000] {processor.py:179} INFO - Processing /home/airflow/.local/lib/python3.11/site-packages/airflow/example_dags/tutorial_taskflow_api_virtualenv.py took 0.058 seconds
[2024-01-18T17:48:41.017+0000] {processor.py:157} INFO - Started process (PID=87903) to work on /home/airflow/.local/lib/python3.11/site-packages/airflow/example_dags/tutorial_taskflow_api_virtualenv.py
[2024-01-18T17:48:41.019+0000] {processor.py:829} INFO - Processing file /home/airflow/.local/lib/python3.11/site-packages/airflow/example_dags/tutorial_taskflow_api_virtualenv.py for tasks to queue
[2024-01-18T17:48:41.021+0000] {logging_mixin.py:151} INFO - [2024-01-18T17:48:41.020+0000] {dagbag.py:539} INFO - Filling up the DagBag from /home/airflow/.local/lib/python3.11/site-packages/airflow/example_dags/tutorial_taskflow_api_virtualenv.py
[2024-01-18T17:48:41.028+0000] {processor.py:839} INFO - DAG(s) dict_keys(['tutorial_taskflow_api_virtualenv']) retrieved from /home/airflow/.local/lib/python3.11/site-packages/airflow/example_dags/tutorial_taskflow_api_virtualenv.py
[2024-01-18T17:48:41.048+0000] {logging_mixin.py:151} INFO - [2024-01-18T17:48:41.048+0000] {dag.py:2915} INFO - Sync 1 DAGs
[2024-01-18T17:48:41.059+0000] {logging_mixin.py:151} INFO - [2024-01-18T17:48:41.059+0000] {dag.py:3696} INFO - Setting next_dagrun for tutorial_taskflow_api_virtualenv to None, run_after=None
[2024-01-18T17:48:41.087+0000] {processor.py:179} INFO - Processing /home/airflow/.local/lib/python3.11/site-packages/airflow/example_dags/tutorial_taskflow_api_virtualenv.py took 0.073 seconds
[2024-01-18T19:10:55.825+0000] {processor.py:157} INFO - Started process (PID=87963) to work on /home/airflow/.local/lib/python3.11/site-packages/airflow/example_dags/tutorial_taskflow_api_virtualenv.py
[2024-01-18T19:10:55.830+0000] {processor.py:829} INFO - Processing file /home/airflow/.local/lib/python3.11/site-packages/airflow/example_dags/tutorial_taskflow_api_virtualenv.py for tasks to queue
[2024-01-18T19:10:55.835+0000] {logging_mixin.py:151} INFO - [2024-01-18T19:10:55.835+0000] {dagbag.py:539} INFO - Filling up the DagBag from /home/airflow/.local/lib/python3.11/site-packages/airflow/example_dags/tutorial_taskflow_api_virtualenv.py
[2024-01-18T19:10:55.851+0000] {processor.py:839} INFO - DAG(s) dict_keys(['tutorial_taskflow_api_virtualenv']) retrieved from /home/airflow/.local/lib/python3.11/site-packages/airflow/example_dags/tutorial_taskflow_api_virtualenv.py
[2024-01-18T19:10:55.897+0000] {logging_mixin.py:151} INFO - [2024-01-18T19:10:55.897+0000] {dag.py:2915} INFO - Sync 1 DAGs
[2024-01-18T19:10:55.911+0000] {logging_mixin.py:151} INFO - [2024-01-18T19:10:55.911+0000] {dag.py:3696} INFO - Setting next_dagrun for tutorial_taskflow_api_virtualenv to None, run_after=None
[2024-01-18T19:10:55.949+0000] {processor.py:179} INFO - Processing /home/airflow/.local/lib/python3.11/site-packages/airflow/example_dags/tutorial_taskflow_api_virtualenv.py took 0.129 seconds
[2024-01-18T20:32:24.811+0000] {processor.py:157} INFO - Started process (PID=88023) to work on /home/airflow/.local/lib/python3.11/site-packages/airflow/example_dags/tutorial_taskflow_api_virtualenv.py
[2024-01-18T20:32:24.816+0000] {processor.py:829} INFO - Processing file /home/airflow/.local/lib/python3.11/site-packages/airflow/example_dags/tutorial_taskflow_api_virtualenv.py for tasks to queue
[2024-01-18T20:32:24.817+0000] {logging_mixin.py:151} INFO - [2024-01-18T20:32:24.817+0000] {dagbag.py:539} INFO - Filling up the DagBag from /home/airflow/.local/lib/python3.11/site-packages/airflow/example_dags/tutorial_taskflow_api_virtualenv.py
[2024-01-18T20:32:24.822+0000] {processor.py:839} INFO - DAG(s) dict_keys(['tutorial_taskflow_api_virtualenv']) retrieved from /home/airflow/.local/lib/python3.11/site-packages/airflow/example_dags/tutorial_taskflow_api_virtualenv.py
[2024-01-18T20:32:24.849+0000] {logging_mixin.py:151} INFO - [2024-01-18T20:32:24.849+0000] {dag.py:2915} INFO - Sync 1 DAGs
[2024-01-18T20:32:24.860+0000] {logging_mixin.py:151} INFO - [2024-01-18T20:32:24.860+0000] {dag.py:3696} INFO - Setting next_dagrun for tutorial_taskflow_api_virtualenv to None, run_after=None
[2024-01-18T20:32:25.209+0000] {processor.py:179} INFO - Processing /home/airflow/.local/lib/python3.11/site-packages/airflow/example_dags/tutorial_taskflow_api_virtualenv.py took 0.401 seconds
[2024-01-18T21:52:59.515+0000] {processor.py:157} INFO - Started process (PID=88083) to work on /home/airflow/.local/lib/python3.11/site-packages/airflow/example_dags/tutorial_taskflow_api_virtualenv.py
[2024-01-18T21:52:59.517+0000] {processor.py:829} INFO - Processing file /home/airflow/.local/lib/python3.11/site-packages/airflow/example_dags/tutorial_taskflow_api_virtualenv.py for tasks to queue
[2024-01-18T21:52:59.520+0000] {logging_mixin.py:151} INFO - [2024-01-18T21:52:59.519+0000] {dagbag.py:539} INFO - Filling up the DagBag from /home/airflow/.local/lib/python3.11/site-packages/airflow/example_dags/tutorial_taskflow_api_virtualenv.py
[2024-01-18T21:52:59.525+0000] {processor.py:839} INFO - DAG(s) dict_keys(['tutorial_taskflow_api_virtualenv']) retrieved from /home/airflow/.local/lib/python3.11/site-packages/airflow/example_dags/tutorial_taskflow_api_virtualenv.py
[2024-01-18T21:52:59.543+0000] {logging_mixin.py:151} INFO - [2024-01-18T21:52:59.543+0000] {dag.py:2915} INFO - Sync 1 DAGs
[2024-01-18T21:52:59.553+0000] {logging_mixin.py:151} INFO - [2024-01-18T21:52:59.553+0000] {dag.py:3696} INFO - Setting next_dagrun for tutorial_taskflow_api_virtualenv to None, run_after=None
[2024-01-18T21:52:59.567+0000] {processor.py:179} INFO - Processing /home/airflow/.local/lib/python3.11/site-packages/airflow/example_dags/tutorial_taskflow_api_virtualenv.py took 0.054 seconds
[2024-01-18T23:15:36.296+0000] {processor.py:157} INFO - Started process (PID=88143) to work on /home/airflow/.local/lib/python3.11/site-packages/airflow/example_dags/tutorial_taskflow_api_virtualenv.py
[2024-01-18T23:15:36.301+0000] {processor.py:829} INFO - Processing file /home/airflow/.local/lib/python3.11/site-packages/airflow/example_dags/tutorial_taskflow_api_virtualenv.py for tasks to queue
[2024-01-18T23:15:36.309+0000] {logging_mixin.py:151} INFO - [2024-01-18T23:15:36.309+0000] {dagbag.py:539} INFO - Filling up the DagBag from /home/airflow/.local/lib/python3.11/site-packages/airflow/example_dags/tutorial_taskflow_api_virtualenv.py
[2024-01-18T23:15:36.317+0000] {processor.py:839} INFO - DAG(s) dict_keys(['tutorial_taskflow_api_virtualenv']) retrieved from /home/airflow/.local/lib/python3.11/site-packages/airflow/example_dags/tutorial_taskflow_api_virtualenv.py
[2024-01-18T23:15:36.338+0000] {logging_mixin.py:151} INFO - [2024-01-18T23:15:36.337+0000] {dag.py:2915} INFO - Sync 1 DAGs
[2024-01-18T23:15:36.348+0000] {logging_mixin.py:151} INFO - [2024-01-18T23:15:36.348+0000] {dag.py:3696} INFO - Setting next_dagrun for tutorial_taskflow_api_virtualenv to None, run_after=None
[2024-01-18T23:15:36.361+0000] {processor.py:179} INFO - Processing /home/airflow/.local/lib/python3.11/site-packages/airflow/example_dags/tutorial_taskflow_api_virtualenv.py took 0.069 seconds
[2024-01-18T23:26:47.667+0000] {processor.py:157} INFO - Started process (PID=88203) to work on /home/airflow/.local/lib/python3.11/site-packages/airflow/example_dags/tutorial_taskflow_api_virtualenv.py
[2024-01-18T23:26:47.670+0000] {processor.py:829} INFO - Processing file /home/airflow/.local/lib/python3.11/site-packages/airflow/example_dags/tutorial_taskflow_api_virtualenv.py for tasks to queue
[2024-01-18T23:26:47.671+0000] {logging_mixin.py:151} INFO - [2024-01-18T23:26:47.671+0000] {dagbag.py:539} INFO - Filling up the DagBag from /home/airflow/.local/lib/python3.11/site-packages/airflow/example_dags/tutorial_taskflow_api_virtualenv.py
[2024-01-18T23:26:47.679+0000] {processor.py:839} INFO - DAG(s) dict_keys(['tutorial_taskflow_api_virtualenv']) retrieved from /home/airflow/.local/lib/python3.11/site-packages/airflow/example_dags/tutorial_taskflow_api_virtualenv.py
[2024-01-18T23:26:47.696+0000] {logging_mixin.py:151} INFO - [2024-01-18T23:26:47.696+0000] {dag.py:2915} INFO - Sync 1 DAGs
[2024-01-18T23:26:47.704+0000] {logging_mixin.py:151} INFO - [2024-01-18T23:26:47.704+0000] {dag.py:3696} INFO - Setting next_dagrun for tutorial_taskflow_api_virtualenv to None, run_after=None
[2024-01-18T23:26:47.716+0000] {processor.py:179} INFO - Processing /home/airflow/.local/lib/python3.11/site-packages/airflow/example_dags/tutorial_taskflow_api_virtualenv.py took 0.052 seconds
[2024-01-18T23:27:19.091+0000] {processor.py:157} INFO - Started process (PID=88263) to work on /home/airflow/.local/lib/python3.11/site-packages/airflow/example_dags/tutorial_taskflow_api_virtualenv.py
[2024-01-18T23:27:19.093+0000] {processor.py:829} INFO - Processing file /home/airflow/.local/lib/python3.11/site-packages/airflow/example_dags/tutorial_taskflow_api_virtualenv.py for tasks to queue
[2024-01-18T23:27:19.095+0000] {logging_mixin.py:151} INFO - [2024-01-18T23:27:19.095+0000] {dagbag.py:539} INFO - Filling up the DagBag from /home/airflow/.local/lib/python3.11/site-packages/airflow/example_dags/tutorial_taskflow_api_virtualenv.py
[2024-01-18T23:27:19.102+0000] {processor.py:839} INFO - DAG(s) dict_keys(['tutorial_taskflow_api_virtualenv']) retrieved from /home/airflow/.local/lib/python3.11/site-packages/airflow/example_dags/tutorial_taskflow_api_virtualenv.py
[2024-01-18T23:27:19.120+0000] {logging_mixin.py:151} INFO - [2024-01-18T23:27:19.119+0000] {dag.py:2915} INFO - Sync 1 DAGs
[2024-01-18T23:27:19.129+0000] {logging_mixin.py:151} INFO - [2024-01-18T23:27:19.129+0000] {dag.py:3696} INFO - Setting next_dagrun for tutorial_taskflow_api_virtualenv to None, run_after=None
[2024-01-18T23:27:19.141+0000] {processor.py:179} INFO - Processing /home/airflow/.local/lib/python3.11/site-packages/airflow/example_dags/tutorial_taskflow_api_virtualenv.py took 0.052 seconds
[2024-01-18T23:43:40.040+0000] {processor.py:157} INFO - Started process (PID=88323) to work on /home/airflow/.local/lib/python3.11/site-packages/airflow/example_dags/tutorial_taskflow_api_virtualenv.py
[2024-01-18T23:43:40.141+0000] {processor.py:829} INFO - Processing file /home/airflow/.local/lib/python3.11/site-packages/airflow/example_dags/tutorial_taskflow_api_virtualenv.py for tasks to queue
[2024-01-18T23:43:40.161+0000] {logging_mixin.py:151} INFO - [2024-01-18T23:43:40.161+0000] {dagbag.py:539} INFO - Filling up the DagBag from /home/airflow/.local/lib/python3.11/site-packages/airflow/example_dags/tutorial_taskflow_api_virtualenv.py
[2024-01-18T23:43:40.220+0000] {processor.py:839} INFO - DAG(s) dict_keys(['tutorial_taskflow_api_virtualenv']) retrieved from /home/airflow/.local/lib/python3.11/site-packages/airflow/example_dags/tutorial_taskflow_api_virtualenv.py
[2024-01-18T23:43:40.284+0000] {logging_mixin.py:151} INFO - [2024-01-18T23:43:40.284+0000] {dag.py:2915} INFO - Sync 1 DAGs
[2024-01-18T23:43:40.307+0000] {logging_mixin.py:151} INFO - [2024-01-18T23:43:40.307+0000] {dag.py:3696} INFO - Setting next_dagrun for tutorial_taskflow_api_virtualenv to None, run_after=None
[2024-01-18T23:43:40.440+0000] {processor.py:179} INFO - Processing /home/airflow/.local/lib/python3.11/site-packages/airflow/example_dags/tutorial_taskflow_api_virtualenv.py took 0.417 seconds
[2024-01-18T23:47:43.910+0000] {processor.py:157} INFO - Started process (PID=88382) to work on /home/airflow/.local/lib/python3.11/site-packages/airflow/example_dags/tutorial_taskflow_api_virtualenv.py
[2024-01-18T23:47:43.912+0000] {processor.py:829} INFO - Processing file /home/airflow/.local/lib/python3.11/site-packages/airflow/example_dags/tutorial_taskflow_api_virtualenv.py for tasks to queue
[2024-01-18T23:47:43.914+0000] {logging_mixin.py:151} INFO - [2024-01-18T23:47:43.913+0000] {dagbag.py:539} INFO - Filling up the DagBag from /home/airflow/.local/lib/python3.11/site-packages/airflow/example_dags/tutorial_taskflow_api_virtualenv.py
[2024-01-18T23:47:43.927+0000] {processor.py:839} INFO - DAG(s) dict_keys(['tutorial_taskflow_api_virtualenv']) retrieved from /home/airflow/.local/lib/python3.11/site-packages/airflow/example_dags/tutorial_taskflow_api_virtualenv.py
[2024-01-18T23:47:43.959+0000] {logging_mixin.py:151} INFO - [2024-01-18T23:47:43.959+0000] {dag.py:2915} INFO - Sync 1 DAGs
[2024-01-18T23:47:43.974+0000] {logging_mixin.py:151} INFO - [2024-01-18T23:47:43.974+0000] {dag.py:3696} INFO - Setting next_dagrun for tutorial_taskflow_api_virtualenv to None, run_after=None
[2024-01-18T23:47:44.009+0000] {processor.py:179} INFO - Processing /home/airflow/.local/lib/python3.11/site-packages/airflow/example_dags/tutorial_taskflow_api_virtualenv.py took 0.101 seconds
[2024-01-18T23:48:14.521+0000] {processor.py:157} INFO - Started process (PID=88442) to work on /home/airflow/.local/lib/python3.11/site-packages/airflow/example_dags/tutorial_taskflow_api_virtualenv.py
[2024-01-18T23:48:14.523+0000] {processor.py:829} INFO - Processing file /home/airflow/.local/lib/python3.11/site-packages/airflow/example_dags/tutorial_taskflow_api_virtualenv.py for tasks to queue
[2024-01-18T23:48:14.524+0000] {logging_mixin.py:151} INFO - [2024-01-18T23:48:14.524+0000] {dagbag.py:539} INFO - Filling up the DagBag from /home/airflow/.local/lib/python3.11/site-packages/airflow/example_dags/tutorial_taskflow_api_virtualenv.py
[2024-01-18T23:48:14.530+0000] {processor.py:839} INFO - DAG(s) dict_keys(['tutorial_taskflow_api_virtualenv']) retrieved from /home/airflow/.local/lib/python3.11/site-packages/airflow/example_dags/tutorial_taskflow_api_virtualenv.py
[2024-01-18T23:48:14.551+0000] {logging_mixin.py:151} INFO - [2024-01-18T23:48:14.551+0000] {dag.py:2915} INFO - Sync 1 DAGs
[2024-01-18T23:48:14.559+0000] {logging_mixin.py:151} INFO - [2024-01-18T23:48:14.559+0000] {dag.py:3696} INFO - Setting next_dagrun for tutorial_taskflow_api_virtualenv to None, run_after=None
[2024-01-18T23:48:14.570+0000] {processor.py:179} INFO - Processing /home/airflow/.local/lib/python3.11/site-packages/airflow/example_dags/tutorial_taskflow_api_virtualenv.py took 0.052 seconds
[2024-01-18T23:48:45.232+0000] {processor.py:157} INFO - Started process (PID=88502) to work on /home/airflow/.local/lib/python3.11/site-packages/airflow/example_dags/tutorial_taskflow_api_virtualenv.py
[2024-01-18T23:48:45.237+0000] {processor.py:829} INFO - Processing file /home/airflow/.local/lib/python3.11/site-packages/airflow/example_dags/tutorial_taskflow_api_virtualenv.py for tasks to queue
[2024-01-18T23:48:45.240+0000] {logging_mixin.py:151} INFO - [2024-01-18T23:48:45.240+0000] {dagbag.py:539} INFO - Filling up the DagBag from /home/airflow/.local/lib/python3.11/site-packages/airflow/example_dags/tutorial_taskflow_api_virtualenv.py
[2024-01-18T23:48:45.245+0000] {processor.py:839} INFO - DAG(s) dict_keys(['tutorial_taskflow_api_virtualenv']) retrieved from /home/airflow/.local/lib/python3.11/site-packages/airflow/example_dags/tutorial_taskflow_api_virtualenv.py
[2024-01-18T23:48:45.263+0000] {logging_mixin.py:151} INFO - [2024-01-18T23:48:45.262+0000] {dag.py:2915} INFO - Sync 1 DAGs
[2024-01-18T23:48:45.270+0000] {logging_mixin.py:151} INFO - [2024-01-18T23:48:45.270+0000] {dag.py:3696} INFO - Setting next_dagrun for tutorial_taskflow_api_virtualenv to None, run_after=None
[2024-01-18T23:48:45.282+0000] {processor.py:179} INFO - Processing /home/airflow/.local/lib/python3.11/site-packages/airflow/example_dags/tutorial_taskflow_api_virtualenv.py took 0.052 seconds
[2024-01-18T23:49:16.348+0000] {processor.py:157} INFO - Started process (PID=88562) to work on /home/airflow/.local/lib/python3.11/site-packages/airflow/example_dags/tutorial_taskflow_api_virtualenv.py
[2024-01-18T23:49:16.368+0000] {processor.py:829} INFO - Processing file /home/airflow/.local/lib/python3.11/site-packages/airflow/example_dags/tutorial_taskflow_api_virtualenv.py for tasks to queue
[2024-01-18T23:49:16.395+0000] {logging_mixin.py:151} INFO - [2024-01-18T23:49:16.394+0000] {dagbag.py:539} INFO - Filling up the DagBag from /home/airflow/.local/lib/python3.11/site-packages/airflow/example_dags/tutorial_taskflow_api_virtualenv.py
[2024-01-18T23:49:16.400+0000] {processor.py:839} INFO - DAG(s) dict_keys(['tutorial_taskflow_api_virtualenv']) retrieved from /home/airflow/.local/lib/python3.11/site-packages/airflow/example_dags/tutorial_taskflow_api_virtualenv.py
[2024-01-18T23:49:16.439+0000] {logging_mixin.py:151} INFO - [2024-01-18T23:49:16.439+0000] {dag.py:2915} INFO - Sync 1 DAGs
[2024-01-18T23:49:16.449+0000] {logging_mixin.py:151} INFO - [2024-01-18T23:49:16.449+0000] {dag.py:3696} INFO - Setting next_dagrun for tutorial_taskflow_api_virtualenv to None, run_after=None
[2024-01-18T23:49:16.464+0000] {processor.py:179} INFO - Processing /home/airflow/.local/lib/python3.11/site-packages/airflow/example_dags/tutorial_taskflow_api_virtualenv.py took 0.118 seconds
[2024-01-18T23:49:47.465+0000] {processor.py:157} INFO - Started process (PID=88622) to work on /home/airflow/.local/lib/python3.11/site-packages/airflow/example_dags/tutorial_taskflow_api_virtualenv.py
[2024-01-18T23:49:47.467+0000] {processor.py:829} INFO - Processing file /home/airflow/.local/lib/python3.11/site-packages/airflow/example_dags/tutorial_taskflow_api_virtualenv.py for tasks to queue
[2024-01-18T23:49:47.469+0000] {logging_mixin.py:151} INFO - [2024-01-18T23:49:47.468+0000] {dagbag.py:539} INFO - Filling up the DagBag from /home/airflow/.local/lib/python3.11/site-packages/airflow/example_dags/tutorial_taskflow_api_virtualenv.py
[2024-01-18T23:49:47.476+0000] {processor.py:839} INFO - DAG(s) dict_keys(['tutorial_taskflow_api_virtualenv']) retrieved from /home/airflow/.local/lib/python3.11/site-packages/airflow/example_dags/tutorial_taskflow_api_virtualenv.py
[2024-01-18T23:49:47.493+0000] {logging_mixin.py:151} INFO - [2024-01-18T23:49:47.493+0000] {dag.py:2915} INFO - Sync 1 DAGs
[2024-01-18T23:49:47.501+0000] {logging_mixin.py:151} INFO - [2024-01-18T23:49:47.501+0000] {dag.py:3696} INFO - Setting next_dagrun for tutorial_taskflow_api_virtualenv to None, run_after=None
[2024-01-18T23:49:47.539+0000] {processor.py:179} INFO - Processing /home/airflow/.local/lib/python3.11/site-packages/airflow/example_dags/tutorial_taskflow_api_virtualenv.py took 0.076 seconds
[2024-01-18T23:50:18.534+0000] {processor.py:157} INFO - Started process (PID=88682) to work on /home/airflow/.local/lib/python3.11/site-packages/airflow/example_dags/tutorial_taskflow_api_virtualenv.py
[2024-01-18T23:50:18.537+0000] {processor.py:829} INFO - Processing file /home/airflow/.local/lib/python3.11/site-packages/airflow/example_dags/tutorial_taskflow_api_virtualenv.py for tasks to queue
[2024-01-18T23:50:18.538+0000] {logging_mixin.py:151} INFO - [2024-01-18T23:50:18.538+0000] {dagbag.py:539} INFO - Filling up the DagBag from /home/airflow/.local/lib/python3.11/site-packages/airflow/example_dags/tutorial_taskflow_api_virtualenv.py
[2024-01-18T23:50:18.544+0000] {processor.py:839} INFO - DAG(s) dict_keys(['tutorial_taskflow_api_virtualenv']) retrieved from /home/airflow/.local/lib/python3.11/site-packages/airflow/example_dags/tutorial_taskflow_api_virtualenv.py
[2024-01-18T23:50:18.563+0000] {logging_mixin.py:151} INFO - [2024-01-18T23:50:18.563+0000] {dag.py:2915} INFO - Sync 1 DAGs
[2024-01-18T23:50:18.570+0000] {logging_mixin.py:151} INFO - [2024-01-18T23:50:18.570+0000] {dag.py:3696} INFO - Setting next_dagrun for tutorial_taskflow_api_virtualenv to None, run_after=None
[2024-01-18T23:50:18.585+0000] {processor.py:179} INFO - Processing /home/airflow/.local/lib/python3.11/site-packages/airflow/example_dags/tutorial_taskflow_api_virtualenv.py took 0.053 seconds
[2024-01-18T23:50:49.205+0000] {processor.py:157} INFO - Started process (PID=88742) to work on /home/airflow/.local/lib/python3.11/site-packages/airflow/example_dags/tutorial_taskflow_api_virtualenv.py
[2024-01-18T23:50:49.208+0000] {processor.py:829} INFO - Processing file /home/airflow/.local/lib/python3.11/site-packages/airflow/example_dags/tutorial_taskflow_api_virtualenv.py for tasks to queue
[2024-01-18T23:50:49.210+0000] {logging_mixin.py:151} INFO - [2024-01-18T23:50:49.209+0000] {dagbag.py:539} INFO - Filling up the DagBag from /home/airflow/.local/lib/python3.11/site-packages/airflow/example_dags/tutorial_taskflow_api_virtualenv.py
[2024-01-18T23:50:49.216+0000] {processor.py:839} INFO - DAG(s) dict_keys(['tutorial_taskflow_api_virtualenv']) retrieved from /home/airflow/.local/lib/python3.11/site-packages/airflow/example_dags/tutorial_taskflow_api_virtualenv.py
[2024-01-18T23:50:49.243+0000] {logging_mixin.py:151} INFO - [2024-01-18T23:50:49.243+0000] {dag.py:2915} INFO - Sync 1 DAGs
[2024-01-18T23:50:49.251+0000] {logging_mixin.py:151} INFO - [2024-01-18T23:50:49.250+0000] {dag.py:3696} INFO - Setting next_dagrun for tutorial_taskflow_api_virtualenv to None, run_after=None
[2024-01-18T23:50:49.262+0000] {processor.py:179} INFO - Processing /home/airflow/.local/lib/python3.11/site-packages/airflow/example_dags/tutorial_taskflow_api_virtualenv.py took 0.060 seconds
