[2023-09-28T01:53:22.526+0000] {taskinstance.py:1083} INFO - Dependencies all met for <TaskInstance: my_new_dag.hello_world_task scheduled__2023-09-27T00:00:00+00:00 [queued]>
[2023-09-28T01:53:22.583+0000] {taskinstance.py:1083} INFO - Dependencies all met for <TaskInstance: my_new_dag.hello_world_task scheduled__2023-09-27T00:00:00+00:00 [queued]>
[2023-09-28T01:53:22.609+0000] {taskinstance.py:1279} INFO - 
--------------------------------------------------------------------------------
[2023-09-28T01:53:22.614+0000] {taskinstance.py:1280} INFO - Starting attempt 1 of 1
[2023-09-28T01:53:22.622+0000] {taskinstance.py:1281} INFO - 
--------------------------------------------------------------------------------
[2023-09-28T01:53:22.767+0000] {taskinstance.py:1300} INFO - Executing <Task(PythonOperator): hello_world_task> on 2023-09-27 00:00:00+00:00
[2023-09-28T01:53:22.812+0000] {standard_task_runner.py:55} INFO - Started process 82187 to run task
[2023-09-28T01:53:22.875+0000] {standard_task_runner.py:82} INFO - Running: ['***', 'tasks', 'run', 'my_new_dag', 'hello_world_task', 'scheduled__2023-09-27T00:00:00+00:00', '--job-id', '4787', '--raw', '--subdir', 'DAGS_FOLDER/new.py', '--cfg-path', '/tmp/tmp460aoulu']
[2023-09-28T01:53:22.889+0000] {standard_task_runner.py:83} INFO - Job 4787: Subtask hello_world_task
[2023-09-28T01:53:23.313+0000] {task_command.py:388} INFO - Running <TaskInstance: my_new_dag.hello_world_task scheduled__2023-09-27T00:00:00+00:00 [running]> on host 25f6b46723d1
[2023-09-28T01:53:23.817+0000] {taskinstance.py:1509} INFO - Exporting the following env vars:
AIRFLOW_CTX_DAG_OWNER=***
AIRFLOW_CTX_DAG_ID=my_new_dag
AIRFLOW_CTX_TASK_ID=hello_world_task
AIRFLOW_CTX_EXECUTION_DATE=2023-09-27T00:00:00+00:00
AIRFLOW_CTX_TRY_NUMBER=1
AIRFLOW_CTX_DAG_RUN_ID=scheduled__2023-09-27T00:00:00+00:00
[2023-09-28T01:53:23.820+0000] {new.py:8} INFO - Hello World Desmond
[2023-09-28T01:53:23.822+0000] {python.py:177} INFO - Done. Returned value was: None
[2023-09-28T01:53:23.857+0000] {taskinstance.py:1323} INFO - Marking task as SUCCESS. dag_id=my_new_dag, task_id=hello_world_task, execution_date=20230927T000000, start_date=20230928T015322, end_date=20230928T015323
[2023-09-28T01:53:24.019+0000] {local_task_job.py:208} INFO - Task exited with return code 0
[2023-09-28T01:53:24.124+0000] {taskinstance.py:2578} INFO - 1 downstream tasks scheduled from follow-on schedule check
