[2023-11-10T00:28:13.442+0000] {taskinstance.py:1083} INFO - Dependencies all met for <TaskInstance: my_mulitiplication.add scheduled__2023-11-09T00:00:00+00:00 [queued]>
[2023-11-10T00:28:13.474+0000] {taskinstance.py:1083} INFO - Dependencies all met for <TaskInstance: my_mulitiplication.add scheduled__2023-11-09T00:00:00+00:00 [queued]>
[2023-11-10T00:28:13.475+0000] {taskinstance.py:1279} INFO - 
--------------------------------------------------------------------------------
[2023-11-10T00:28:13.481+0000] {taskinstance.py:1280} INFO - Starting attempt 1 of 4
[2023-11-10T00:28:13.482+0000] {taskinstance.py:1281} INFO - 
--------------------------------------------------------------------------------
[2023-11-10T00:28:13.500+0000] {taskinstance.py:1300} INFO - Executing <Task(PythonOperator): add> on 2023-11-09 00:00:00+00:00
[2023-11-10T00:28:13.509+0000] {standard_task_runner.py:55} INFO - Started process 20853 to run task
[2023-11-10T00:28:13.514+0000] {standard_task_runner.py:82} INFO - Running: ['***', 'tasks', 'run', 'my_mulitiplication', 'add', 'scheduled__2023-11-09T00:00:00+00:00', '--job-id', '5569', '--raw', '--subdir', 'DAGS_FOLDER/new_dag.py', '--cfg-path', '/tmp/tmp1r9dpf85']
[2023-11-10T00:28:13.517+0000] {standard_task_runner.py:83} INFO - Job 5569: Subtask add
[2023-11-10T00:28:13.654+0000] {task_command.py:388} INFO - Running <TaskInstance: my_mulitiplication.add scheduled__2023-11-09T00:00:00+00:00 [running]> on host 25f6b46723d1
[2023-11-10T00:28:13.812+0000] {taskinstance.py:1509} INFO - Exporting the following env vars:
AIRFLOW_CTX_DAG_OWNER=***
AIRFLOW_CTX_DAG_ID=my_mulitiplication
AIRFLOW_CTX_TASK_ID=add
AIRFLOW_CTX_EXECUTION_DATE=2023-11-09T00:00:00+00:00
AIRFLOW_CTX_TRY_NUMBER=1
AIRFLOW_CTX_DAG_RUN_ID=scheduled__2023-11-09T00:00:00+00:00
[2023-11-10T00:28:13.826+0000] {logging_mixin.py:137} INFO - 75
[2023-11-10T00:28:13.827+0000] {python.py:177} INFO - Done. Returned value was: None
[2023-11-10T00:28:13.840+0000] {taskinstance.py:1323} INFO - Marking task as SUCCESS. dag_id=my_mulitiplication, task_id=add, execution_date=20231109T000000, start_date=20231110T002813, end_date=20231110T002813
[2023-11-10T00:28:13.903+0000] {local_task_job.py:208} INFO - Task exited with return code 0
[2023-11-10T00:28:13.942+0000] {taskinstance.py:2578} INFO - 0 downstream tasks scheduled from follow-on schedule check
