[2023-04-19T12:48:47.221+0000] {taskinstance.py:1083} INFO - Dependencies all met for <TaskInstance: age_check.add scheduled__2023-02-21T00:00:00+00:00 [queued]>
[2023-04-19T12:48:47.254+0000] {taskinstance.py:1083} INFO - Dependencies all met for <TaskInstance: age_check.add scheduled__2023-02-21T00:00:00+00:00 [queued]>
[2023-04-19T12:48:47.256+0000] {taskinstance.py:1279} INFO - 
--------------------------------------------------------------------------------
[2023-04-19T12:48:47.257+0000] {taskinstance.py:1280} INFO - Starting attempt 1 of 4
[2023-04-19T12:48:47.257+0000] {taskinstance.py:1281} INFO - 
--------------------------------------------------------------------------------
[2023-04-19T12:48:47.314+0000] {taskinstance.py:1300} INFO - Executing <Task(PythonOperator): add> on 2023-02-21 00:00:00+00:00
[2023-04-19T12:48:47.329+0000] {standard_task_runner.py:55} INFO - Started process 24567 to run task
[2023-04-19T12:48:47.336+0000] {standard_task_runner.py:82} INFO - Running: ['***', 'tasks', 'run', 'age_check', 'add', 'scheduled__2023-02-21T00:00:00+00:00', '--job-id', '1849', '--raw', '--subdir', 'DAGS_FOLDER/age.py', '--cfg-path', '/tmp/tmpvezsp6zc']
[2023-04-19T12:48:47.338+0000] {standard_task_runner.py:83} INFO - Job 1849: Subtask add
[2023-04-19T12:48:47.485+0000] {task_command.py:388} INFO - Running <TaskInstance: age_check.add scheduled__2023-02-21T00:00:00+00:00 [running]> on host fe34f61acbb3
[2023-04-19T12:48:47.615+0000] {taskinstance.py:1509} INFO - Exporting the following env vars:
AIRFLOW_CTX_DAG_OWNER=***
AIRFLOW_CTX_DAG_ID=age_check
AIRFLOW_CTX_TASK_ID=add
AIRFLOW_CTX_EXECUTION_DATE=2023-02-21T00:00:00+00:00
AIRFLOW_CTX_TRY_NUMBER=1
AIRFLOW_CTX_DAG_RUN_ID=scheduled__2023-02-21T00:00:00+00:00
[2023-04-19T12:48:47.625+0000] {logging_mixin.py:137} INFO - 4
[2023-04-19T12:48:47.628+0000] {python.py:177} INFO - Done. Returned value was: None
[2023-04-19T12:48:47.665+0000] {taskinstance.py:1323} INFO - Marking task as SUCCESS. dag_id=age_check, task_id=add, execution_date=20230221T000000, start_date=20230419T124847, end_date=20230419T124847
[2023-04-19T12:48:47.799+0000] {local_task_job.py:208} INFO - Task exited with return code 0
[2023-04-19T12:48:48.000+0000] {taskinstance.py:2578} INFO - 1 downstream tasks scheduled from follow-on schedule check
[2023-05-20T20:59:51.515+0000] {taskinstance.py:1083} INFO - Dependencies all met for <TaskInstance: age_check.add scheduled__2023-02-21T00:00:00+00:00 [queued]>
[2023-05-20T20:59:51.555+0000] {taskinstance.py:1083} INFO - Dependencies all met for <TaskInstance: age_check.add scheduled__2023-02-21T00:00:00+00:00 [queued]>
[2023-05-20T20:59:51.557+0000] {taskinstance.py:1279} INFO - 
--------------------------------------------------------------------------------
[2023-05-20T20:59:51.559+0000] {taskinstance.py:1280} INFO - Starting attempt 1 of 4
[2023-05-20T20:59:51.563+0000] {taskinstance.py:1281} INFO - 
--------------------------------------------------------------------------------
[2023-05-20T20:59:51.699+0000] {taskinstance.py:1300} INFO - Executing <Task(PythonOperator): add> on 2023-02-21 00:00:00+00:00
[2023-05-20T20:59:51.721+0000] {standard_task_runner.py:55} INFO - Started process 1314 to run task
[2023-05-20T20:59:51.745+0000] {standard_task_runner.py:82} INFO - Running: ['***', 'tasks', 'run', 'age_check', 'add', 'scheduled__2023-02-21T00:00:00+00:00', '--job-id', '1420', '--raw', '--subdir', 'DAGS_FOLDER/age.py', '--cfg-path', '/tmp/tmpevnxw5ed']
[2023-05-20T20:59:51.749+0000] {standard_task_runner.py:83} INFO - Job 1420: Subtask add
[2023-05-20T20:59:52.049+0000] {task_command.py:388} INFO - Running <TaskInstance: age_check.add scheduled__2023-02-21T00:00:00+00:00 [running]> on host 242f95e3e8a8
[2023-05-20T20:59:52.318+0000] {taskinstance.py:1509} INFO - Exporting the following env vars:
AIRFLOW_CTX_DAG_OWNER=***
AIRFLOW_CTX_DAG_ID=age_check
AIRFLOW_CTX_TASK_ID=add
AIRFLOW_CTX_EXECUTION_DATE=2023-02-21T00:00:00+00:00
AIRFLOW_CTX_TRY_NUMBER=1
AIRFLOW_CTX_DAG_RUN_ID=scheduled__2023-02-21T00:00:00+00:00
[2023-05-20T20:59:52.321+0000] {logging_mixin.py:137} INFO - 4
[2023-05-20T20:59:52.323+0000] {python.py:177} INFO - Done. Returned value was: None
[2023-05-20T20:59:52.335+0000] {taskinstance.py:1323} INFO - Marking task as SUCCESS. dag_id=age_check, task_id=add, execution_date=20230221T000000, start_date=20230520T205951, end_date=20230520T205952
[2023-05-20T20:59:52.405+0000] {local_task_job.py:208} INFO - Task exited with return code 0
[2023-05-20T20:59:52.447+0000] {taskinstance.py:2578} INFO - 1 downstream tasks scheduled from follow-on schedule check
