[2023-04-19T12:49:41.429+0000] {taskinstance.py:1083} INFO - Dependencies all met for <TaskInstance: age_check.multiplication scheduled__2023-03-03T00:00:00+00:00 [queued]>
[2023-04-19T12:49:41.442+0000] {taskinstance.py:1083} INFO - Dependencies all met for <TaskInstance: age_check.multiplication scheduled__2023-03-03T00:00:00+00:00 [queued]>
[2023-04-19T12:49:41.444+0000] {taskinstance.py:1279} INFO - 
--------------------------------------------------------------------------------
[2023-04-19T12:49:41.445+0000] {taskinstance.py:1280} INFO - Starting attempt 1 of 4
[2023-04-19T12:49:41.446+0000] {taskinstance.py:1281} INFO - 
--------------------------------------------------------------------------------
[2023-04-19T12:49:41.546+0000] {taskinstance.py:1300} INFO - Executing <Task(PythonOperator): multiplication> on 2023-03-03 00:00:00+00:00
[2023-04-19T12:49:41.555+0000] {standard_task_runner.py:55} INFO - Started process 24800 to run task
[2023-04-19T12:49:41.565+0000] {standard_task_runner.py:82} INFO - Running: ['***', 'tasks', 'run', 'age_check', 'multiplication', 'scheduled__2023-03-03T00:00:00+00:00', '--job-id', '1946', '--raw', '--subdir', 'DAGS_FOLDER/age.py', '--cfg-path', '/tmp/tmpinzkq1r4']
[2023-04-19T12:49:41.566+0000] {standard_task_runner.py:83} INFO - Job 1946: Subtask multiplication
[2023-04-19T12:49:41.690+0000] {task_command.py:388} INFO - Running <TaskInstance: age_check.multiplication scheduled__2023-03-03T00:00:00+00:00 [running]> on host fe34f61acbb3
[2023-04-19T12:49:41.838+0000] {taskinstance.py:1509} INFO - Exporting the following env vars:
AIRFLOW_CTX_DAG_OWNER=***
AIRFLOW_CTX_DAG_ID=age_check
AIRFLOW_CTX_TASK_ID=multiplication
AIRFLOW_CTX_EXECUTION_DATE=2023-03-03T00:00:00+00:00
AIRFLOW_CTX_TRY_NUMBER=1
AIRFLOW_CTX_DAG_RUN_ID=scheduled__2023-03-03T00:00:00+00:00
[2023-04-19T12:49:41.840+0000] {logging_mixin.py:137} INFO - 25
[2023-04-19T12:49:41.841+0000] {python.py:177} INFO - Done. Returned value was: None
[2023-04-19T12:49:41.850+0000] {taskinstance.py:1323} INFO - Marking task as SUCCESS. dag_id=age_check, task_id=multiplication, execution_date=20230303T000000, start_date=20230419T124941, end_date=20230419T124941
[2023-04-19T12:49:41.938+0000] {local_task_job.py:208} INFO - Task exited with return code 0
[2023-04-19T12:49:42.024+0000] {taskinstance.py:2578} INFO - 1 downstream tasks scheduled from follow-on schedule check
[2023-05-20T21:00:45.387+0000] {taskinstance.py:1083} INFO - Dependencies all met for <TaskInstance: age_check.multiplication scheduled__2023-03-03T00:00:00+00:00 [queued]>
[2023-05-20T21:00:45.429+0000] {taskinstance.py:1083} INFO - Dependencies all met for <TaskInstance: age_check.multiplication scheduled__2023-03-03T00:00:00+00:00 [queued]>
[2023-05-20T21:00:45.431+0000] {taskinstance.py:1279} INFO - 
--------------------------------------------------------------------------------
[2023-05-20T21:00:45.432+0000] {taskinstance.py:1280} INFO - Starting attempt 1 of 4
[2023-05-20T21:00:45.434+0000] {taskinstance.py:1281} INFO - 
--------------------------------------------------------------------------------
[2023-05-20T21:00:45.491+0000] {taskinstance.py:1300} INFO - Executing <Task(PythonOperator): multiplication> on 2023-03-03 00:00:00+00:00
[2023-05-20T21:00:45.496+0000] {standard_task_runner.py:55} INFO - Started process 1542 to run task
[2023-05-20T21:00:45.523+0000] {standard_task_runner.py:82} INFO - Running: ['***', 'tasks', 'run', 'age_check', 'multiplication', 'scheduled__2023-03-03T00:00:00+00:00', '--job-id', '1512', '--raw', '--subdir', 'DAGS_FOLDER/age.py', '--cfg-path', '/tmp/tmp51ltrd2k']
[2023-05-20T21:00:45.528+0000] {standard_task_runner.py:83} INFO - Job 1512: Subtask multiplication
[2023-05-20T21:00:45.754+0000] {task_command.py:388} INFO - Running <TaskInstance: age_check.multiplication scheduled__2023-03-03T00:00:00+00:00 [running]> on host 242f95e3e8a8
[2023-05-20T21:00:45.976+0000] {taskinstance.py:1509} INFO - Exporting the following env vars:
AIRFLOW_CTX_DAG_OWNER=***
AIRFLOW_CTX_DAG_ID=age_check
AIRFLOW_CTX_TASK_ID=multiplication
AIRFLOW_CTX_EXECUTION_DATE=2023-03-03T00:00:00+00:00
AIRFLOW_CTX_TRY_NUMBER=1
AIRFLOW_CTX_DAG_RUN_ID=scheduled__2023-03-03T00:00:00+00:00
[2023-05-20T21:00:45.982+0000] {logging_mixin.py:137} INFO - 25
[2023-05-20T21:00:45.983+0000] {python.py:177} INFO - Done. Returned value was: None
[2023-05-20T21:00:46.004+0000] {taskinstance.py:1323} INFO - Marking task as SUCCESS. dag_id=age_check, task_id=multiplication, execution_date=20230303T000000, start_date=20230520T210045, end_date=20230520T210046
[2023-05-20T21:00:46.100+0000] {local_task_job.py:208} INFO - Task exited with return code 0
[2023-05-20T21:00:46.304+0000] {taskinstance.py:2578} INFO - 0 downstream tasks scheduled from follow-on schedule check
