[2023-07-02T16:58:37.197+0000] {taskinstance.py:1083} INFO - Dependencies all met for <TaskInstance: addition.addition scheduled__2023-02-06T00:00:00+00:00 [queued]>
[2023-07-02T16:58:37.223+0000] {taskinstance.py:1083} INFO - Dependencies all met for <TaskInstance: addition.addition scheduled__2023-02-06T00:00:00+00:00 [queued]>
[2023-07-02T16:58:37.225+0000] {taskinstance.py:1279} INFO - 
--------------------------------------------------------------------------------
[2023-07-02T16:58:37.226+0000] {taskinstance.py:1280} INFO - Starting attempt 1 of 4
[2023-07-02T16:58:37.227+0000] {taskinstance.py:1281} INFO - 
--------------------------------------------------------------------------------
[2023-07-02T16:58:37.268+0000] {taskinstance.py:1300} INFO - Executing <Task(PythonOperator): addition> on 2023-02-06 00:00:00+00:00
[2023-07-02T16:58:37.294+0000] {standard_task_runner.py:55} INFO - Started process 1228 to run task
[2023-07-02T16:58:37.302+0000] {standard_task_runner.py:82} INFO - Running: ['***', 'tasks', 'run', 'addition', 'addition', 'scheduled__2023-02-06T00:00:00+00:00', '--job-id', '3076', '--raw', '--subdir', 'DAGS_FOLDER/mayor.py', '--cfg-path', '/tmp/tmpm14xi6la']
[2023-07-02T16:58:37.304+0000] {standard_task_runner.py:83} INFO - Job 3076: Subtask addition
[2023-07-02T16:58:37.448+0000] {task_command.py:388} INFO - Running <TaskInstance: addition.addition scheduled__2023-02-06T00:00:00+00:00 [running]> on host 25f6b46723d1
[2023-07-02T16:58:37.622+0000] {taskinstance.py:1509} INFO - Exporting the following env vars:
AIRFLOW_CTX_DAG_OWNER=***
AIRFLOW_CTX_DAG_ID=addition
AIRFLOW_CTX_TASK_ID=addition
AIRFLOW_CTX_EXECUTION_DATE=2023-02-06T00:00:00+00:00
AIRFLOW_CTX_TRY_NUMBER=1
AIRFLOW_CTX_DAG_RUN_ID=scheduled__2023-02-06T00:00:00+00:00
[2023-07-02T16:58:37.626+0000] {logging_mixin.py:137} INFO - 9
[2023-07-02T16:58:37.627+0000] {python.py:177} INFO - Done. Returned value was: None
[2023-07-02T16:58:37.644+0000] {taskinstance.py:1323} INFO - Marking task as SUCCESS. dag_id=addition, task_id=addition, execution_date=20230206T000000, start_date=20230702T165837, end_date=20230702T165837
[2023-07-02T16:58:37.719+0000] {local_task_job.py:208} INFO - Task exited with return code 0
[2023-07-02T16:58:37.760+0000] {taskinstance.py:2578} INFO - 0 downstream tasks scheduled from follow-on schedule check
