[2023-04-19T12:43:04.581+0000] {taskinstance.py:1083} INFO - Dependencies all met for <TaskInstance: age_check.multiplication scheduled__2022-11-24T00:00:00+00:00 [queued]>
[2023-04-19T12:43:04.664+0000] {taskinstance.py:1083} INFO - Dependencies all met for <TaskInstance: age_check.multiplication scheduled__2022-11-24T00:00:00+00:00 [queued]>
[2023-04-19T12:43:04.674+0000] {taskinstance.py:1279} INFO - 
--------------------------------------------------------------------------------
[2023-04-19T12:43:04.676+0000] {taskinstance.py:1280} INFO - Starting attempt 1 of 4
[2023-04-19T12:43:04.678+0000] {taskinstance.py:1281} INFO - 
--------------------------------------------------------------------------------
[2023-04-19T12:43:04.750+0000] {taskinstance.py:1300} INFO - Executing <Task(PythonOperator): multiplication> on 2022-11-24 00:00:00+00:00
[2023-04-19T12:43:04.821+0000] {standard_task_runner.py:55} INFO - Started process 23075 to run task
[2023-04-19T12:43:04.875+0000] {standard_task_runner.py:82} INFO - Running: ['***', 'tasks', 'run', 'age_check', 'multiplication', 'scheduled__2022-11-24T00:00:00+00:00', '--job-id', '1239', '--raw', '--subdir', 'DAGS_FOLDER/age.py', '--cfg-path', '/tmp/tmppdazeef3']
[2023-04-19T12:43:04.888+0000] {standard_task_runner.py:83} INFO - Job 1239: Subtask multiplication
[2023-04-19T12:43:05.505+0000] {task_command.py:388} INFO - Running <TaskInstance: age_check.multiplication scheduled__2022-11-24T00:00:00+00:00 [running]> on host fe34f61acbb3
[2023-04-19T12:43:06.003+0000] {taskinstance.py:1509} INFO - Exporting the following env vars:
AIRFLOW_CTX_DAG_OWNER=***
AIRFLOW_CTX_DAG_ID=age_check
AIRFLOW_CTX_TASK_ID=multiplication
AIRFLOW_CTX_EXECUTION_DATE=2022-11-24T00:00:00+00:00
AIRFLOW_CTX_TRY_NUMBER=1
AIRFLOW_CTX_DAG_RUN_ID=scheduled__2022-11-24T00:00:00+00:00
[2023-04-19T12:43:06.014+0000] {logging_mixin.py:137} INFO - 25
[2023-04-19T12:43:06.031+0000] {python.py:177} INFO - Done. Returned value was: None
[2023-04-19T12:43:06.086+0000] {taskinstance.py:1323} INFO - Marking task as SUCCESS. dag_id=age_check, task_id=multiplication, execution_date=20221124T000000, start_date=20230419T124304, end_date=20230419T124306
[2023-04-19T12:43:06.356+0000] {local_task_job.py:208} INFO - Task exited with return code 0
[2023-04-19T12:43:06.750+0000] {taskinstance.py:2578} INFO - 1 downstream tasks scheduled from follow-on schedule check
[2023-05-17T10:14:57.590+0000] {taskinstance.py:1083} INFO - Dependencies all met for <TaskInstance: age_check.multiplication scheduled__2022-11-24T00:00:00+00:00 [queued]>
[2023-05-17T10:14:57.617+0000] {taskinstance.py:1083} INFO - Dependencies all met for <TaskInstance: age_check.multiplication scheduled__2022-11-24T00:00:00+00:00 [queued]>
[2023-05-17T10:14:57.619+0000] {taskinstance.py:1279} INFO - 
--------------------------------------------------------------------------------
[2023-05-17T10:14:57.620+0000] {taskinstance.py:1280} INFO - Starting attempt 1 of 4
[2023-05-17T10:14:57.621+0000] {taskinstance.py:1281} INFO - 
--------------------------------------------------------------------------------
[2023-05-17T10:14:57.723+0000] {taskinstance.py:1300} INFO - Executing <Task(PythonOperator): multiplication> on 2022-11-24 00:00:00+00:00
[2023-05-17T10:14:57.732+0000] {standard_task_runner.py:55} INFO - Started process 5743 to run task
[2023-05-17T10:14:57.759+0000] {standard_task_runner.py:82} INFO - Running: ['***', 'tasks', 'run', 'age_check', 'multiplication', 'scheduled__2022-11-24T00:00:00+00:00', '--job-id', '801', '--raw', '--subdir', 'DAGS_FOLDER/age.py', '--cfg-path', '/tmp/tmpyhe4caeq']
[2023-05-17T10:14:57.762+0000] {standard_task_runner.py:83} INFO - Job 801: Subtask multiplication
[2023-05-17T10:14:58.071+0000] {task_command.py:388} INFO - Running <TaskInstance: age_check.multiplication scheduled__2022-11-24T00:00:00+00:00 [running]> on host 242f95e3e8a8
[2023-05-17T10:14:58.348+0000] {taskinstance.py:1509} INFO - Exporting the following env vars:
AIRFLOW_CTX_DAG_OWNER=***
AIRFLOW_CTX_DAG_ID=age_check
AIRFLOW_CTX_TASK_ID=multiplication
AIRFLOW_CTX_EXECUTION_DATE=2022-11-24T00:00:00+00:00
AIRFLOW_CTX_TRY_NUMBER=1
AIRFLOW_CTX_DAG_RUN_ID=scheduled__2022-11-24T00:00:00+00:00
[2023-05-17T10:14:58.372+0000] {logging_mixin.py:137} INFO - 25
[2023-05-17T10:14:58.387+0000] {python.py:177} INFO - Done. Returned value was: None
[2023-05-17T10:14:58.418+0000] {taskinstance.py:1323} INFO - Marking task as SUCCESS. dag_id=age_check, task_id=multiplication, execution_date=20221124T000000, start_date=20230517T101457, end_date=20230517T101458
[2023-05-17T10:14:58.550+0000] {local_task_job.py:208} INFO - Task exited with return code 0
[2023-05-17T10:14:58.645+0000] {taskinstance.py:2578} INFO - 0 downstream tasks scheduled from follow-on schedule check
