[2023-05-04T17:32:29.513+0000] {taskinstance.py:1083} INFO - Dependencies all met for <TaskInstance: my_new_dag.multiplication scheduled__2023-03-08T00:00:00+00:00 [queued]>
[2023-05-04T17:32:29.591+0000] {taskinstance.py:1083} INFO - Dependencies all met for <TaskInstance: my_new_dag.multiplication scheduled__2023-03-08T00:00:00+00:00 [queued]>
[2023-05-04T17:32:29.593+0000] {taskinstance.py:1279} INFO - 
--------------------------------------------------------------------------------
[2023-05-04T17:32:29.594+0000] {taskinstance.py:1280} INFO - Starting attempt 1 of 1
[2023-05-04T17:32:29.602+0000] {taskinstance.py:1281} INFO - 
--------------------------------------------------------------------------------
[2023-05-04T17:32:29.685+0000] {taskinstance.py:1300} INFO - Executing <Task(PythonOperator): multiplication> on 2023-03-08 00:00:00+00:00
[2023-05-04T17:32:29.691+0000] {standard_task_runner.py:55} INFO - Started process 164 to run task
[2023-05-04T17:32:29.703+0000] {standard_task_runner.py:82} INFO - Running: ['***', 'tasks', 'run', 'my_new_dag', 'multiplication', 'scheduled__2023-03-08T00:00:00+00:00', '--job-id', '19', '--raw', '--subdir', 'DAGS_FOLDER/new.py', '--cfg-path', '/tmp/tmpkyn6p8ym']
[2023-05-04T17:32:29.707+0000] {standard_task_runner.py:83} INFO - Job 19: Subtask multiplication
[2023-05-04T17:32:29.960+0000] {task_command.py:388} INFO - Running <TaskInstance: my_new_dag.multiplication scheduled__2023-03-08T00:00:00+00:00 [running]> on host 7cb0501374e0
[2023-05-04T17:32:30.258+0000] {taskinstance.py:1509} INFO - Exporting the following env vars:
AIRFLOW_CTX_DAG_OWNER=***
AIRFLOW_CTX_DAG_ID=my_new_dag
AIRFLOW_CTX_TASK_ID=multiplication
AIRFLOW_CTX_EXECUTION_DATE=2023-03-08T00:00:00+00:00
AIRFLOW_CTX_TRY_NUMBER=1
AIRFLOW_CTX_DAG_RUN_ID=scheduled__2023-03-08T00:00:00+00:00
[2023-05-04T17:32:30.265+0000] {logging_mixin.py:137} INFO - 25
[2023-05-04T17:32:30.266+0000] {python.py:177} INFO - Done. Returned value was: None
[2023-05-04T17:32:30.311+0000] {taskinstance.py:1323} INFO - Marking task as SUCCESS. dag_id=my_new_dag, task_id=multiplication, execution_date=20230308T000000, start_date=20230504T173229, end_date=20230504T173230
[2023-05-04T17:32:30.444+0000] {local_task_job.py:208} INFO - Task exited with return code 0
[2023-05-04T17:32:30.519+0000] {taskinstance.py:2578} INFO - 0 downstream tasks scheduled from follow-on schedule check
