[2023-11-20T00:16:25.603+0000] {processor.py:153} INFO - Started process (PID=309822) to work on /home/airflow/.local/lib/python3.7/site-packages/airflow/example_dags/example_dynamic_task_mapping.py
[2023-11-20T00:16:25.607+0000] {processor.py:743} INFO - Processing file /home/airflow/.local/lib/python3.7/site-packages/airflow/example_dags/example_dynamic_task_mapping.py for tasks to queue
[2023-11-20T00:16:25.615+0000] {logging_mixin.py:137} INFO - [2023-11-20T00:16:25.609+0000] {dagbag.py:538} INFO - Filling up the DagBag from /home/airflow/.local/lib/python3.7/site-packages/airflow/example_dags/example_dynamic_task_mapping.py
[2023-11-20T00:16:25.669+0000] {processor.py:753} INFO - DAG(s) dict_keys(['example_dynamic_task_mapping']) retrieved from /home/airflow/.local/lib/python3.7/site-packages/airflow/example_dags/example_dynamic_task_mapping.py
[2023-11-20T00:16:25.722+0000] {logging_mixin.py:137} INFO - [2023-11-20T00:16:25.722+0000] {dag.py:2690} INFO - Sync 1 DAGs
[2023-11-20T00:16:25.764+0000] {logging_mixin.py:137} INFO - [2023-11-20T00:16:25.764+0000] {dag.py:3441} INFO - Setting next_dagrun for example_dynamic_task_mapping to 2022-03-04T00:00:00+00:00, run_after=2022-03-05T00:00:00+00:00
[2023-11-20T00:16:25.811+0000] {processor.py:175} INFO - Processing /home/airflow/.local/lib/python3.7/site-packages/airflow/example_dags/example_dynamic_task_mapping.py took 0.211 seconds
[2023-11-20T06:30:50.627+0000] {processor.py:153} INFO - Started process (PID=309927) to work on /home/airflow/.local/lib/python3.7/site-packages/airflow/example_dags/example_dynamic_task_mapping.py
[2023-11-20T06:30:50.683+0000] {processor.py:743} INFO - Processing file /home/airflow/.local/lib/python3.7/site-packages/airflow/example_dags/example_dynamic_task_mapping.py for tasks to queue
[2023-11-20T06:30:50.749+0000] {logging_mixin.py:137} INFO - [2023-11-20T06:30:50.713+0000] {dagbag.py:538} INFO - Filling up the DagBag from /home/airflow/.local/lib/python3.7/site-packages/airflow/example_dags/example_dynamic_task_mapping.py
[2023-11-20T06:30:52.359+0000] {processor.py:753} INFO - DAG(s) dict_keys(['example_dynamic_task_mapping']) retrieved from /home/airflow/.local/lib/python3.7/site-packages/airflow/example_dags/example_dynamic_task_mapping.py
[2023-11-20T06:30:52.832+0000] {logging_mixin.py:137} INFO - [2023-11-20T06:30:52.825+0000] {dag.py:2690} INFO - Sync 1 DAGs
[2023-11-20T06:30:53.152+0000] {logging_mixin.py:137} INFO - [2023-11-20T06:30:53.151+0000] {dag.py:3441} INFO - Setting next_dagrun for example_dynamic_task_mapping to 2022-03-04T00:00:00+00:00, run_after=2022-03-05T00:00:00+00:00
[2023-11-20T06:30:53.304+0000] {processor.py:175} INFO - Processing /home/airflow/.local/lib/python3.7/site-packages/airflow/example_dags/example_dynamic_task_mapping.py took 2.898 seconds
[2023-11-20T07:56:16.299+0000] {processor.py:153} INFO - Started process (PID=310001) to work on /home/airflow/.local/lib/python3.7/site-packages/airflow/example_dags/example_dynamic_task_mapping.py
[2023-11-20T07:56:16.310+0000] {processor.py:743} INFO - Processing file /home/airflow/.local/lib/python3.7/site-packages/airflow/example_dags/example_dynamic_task_mapping.py for tasks to queue
[2023-11-20T07:56:16.326+0000] {logging_mixin.py:137} INFO - [2023-11-20T07:56:16.326+0000] {dagbag.py:538} INFO - Filling up the DagBag from /home/airflow/.local/lib/python3.7/site-packages/airflow/example_dags/example_dynamic_task_mapping.py
[2023-11-20T07:56:16.422+0000] {processor.py:753} INFO - DAG(s) dict_keys(['example_dynamic_task_mapping']) retrieved from /home/airflow/.local/lib/python3.7/site-packages/airflow/example_dags/example_dynamic_task_mapping.py
[2023-11-20T07:56:16.489+0000] {logging_mixin.py:137} INFO - [2023-11-20T07:56:16.489+0000] {dag.py:2690} INFO - Sync 1 DAGs
[2023-11-20T07:56:16.600+0000] {logging_mixin.py:137} INFO - [2023-11-20T07:56:16.600+0000] {dag.py:3441} INFO - Setting next_dagrun for example_dynamic_task_mapping to 2022-03-04T00:00:00+00:00, run_after=2022-03-05T00:00:00+00:00
[2023-11-20T07:56:16.694+0000] {processor.py:175} INFO - Processing /home/airflow/.local/lib/python3.7/site-packages/airflow/example_dags/example_dynamic_task_mapping.py took 0.446 seconds
[2023-11-20T07:56:47.289+0000] {processor.py:153} INFO - Started process (PID=310076) to work on /home/airflow/.local/lib/python3.7/site-packages/airflow/example_dags/example_dynamic_task_mapping.py
[2023-11-20T07:56:47.308+0000] {processor.py:743} INFO - Processing file /home/airflow/.local/lib/python3.7/site-packages/airflow/example_dags/example_dynamic_task_mapping.py for tasks to queue
[2023-11-20T07:56:47.335+0000] {logging_mixin.py:137} INFO - [2023-11-20T07:56:47.334+0000] {dagbag.py:538} INFO - Filling up the DagBag from /home/airflow/.local/lib/python3.7/site-packages/airflow/example_dags/example_dynamic_task_mapping.py
[2023-11-20T07:56:47.370+0000] {processor.py:753} INFO - DAG(s) dict_keys(['example_dynamic_task_mapping']) retrieved from /home/airflow/.local/lib/python3.7/site-packages/airflow/example_dags/example_dynamic_task_mapping.py
[2023-11-20T07:56:47.406+0000] {logging_mixin.py:137} INFO - [2023-11-20T07:56:47.406+0000] {dag.py:2690} INFO - Sync 1 DAGs
[2023-11-20T07:56:47.427+0000] {logging_mixin.py:137} INFO - [2023-11-20T07:56:47.427+0000] {dag.py:3441} INFO - Setting next_dagrun for example_dynamic_task_mapping to 2022-03-04T00:00:00+00:00, run_after=2022-03-05T00:00:00+00:00
[2023-11-20T07:56:47.444+0000] {processor.py:175} INFO - Processing /home/airflow/.local/lib/python3.7/site-packages/airflow/example_dags/example_dynamic_task_mapping.py took 0.158 seconds
[2023-11-20T07:57:18.348+0000] {processor.py:153} INFO - Started process (PID=310157) to work on /home/airflow/.local/lib/python3.7/site-packages/airflow/example_dags/example_dynamic_task_mapping.py
[2023-11-20T07:57:18.362+0000] {processor.py:743} INFO - Processing file /home/airflow/.local/lib/python3.7/site-packages/airflow/example_dags/example_dynamic_task_mapping.py for tasks to queue
[2023-11-20T07:57:18.365+0000] {logging_mixin.py:137} INFO - [2023-11-20T07:57:18.365+0000] {dagbag.py:538} INFO - Filling up the DagBag from /home/airflow/.local/lib/python3.7/site-packages/airflow/example_dags/example_dynamic_task_mapping.py
[2023-11-20T07:57:18.410+0000] {processor.py:753} INFO - DAG(s) dict_keys(['example_dynamic_task_mapping']) retrieved from /home/airflow/.local/lib/python3.7/site-packages/airflow/example_dags/example_dynamic_task_mapping.py
[2023-11-20T07:57:18.441+0000] {logging_mixin.py:137} INFO - [2023-11-20T07:57:18.441+0000] {dag.py:2690} INFO - Sync 1 DAGs
[2023-11-20T07:57:18.473+0000] {logging_mixin.py:137} INFO - [2023-11-20T07:57:18.473+0000] {dag.py:3441} INFO - Setting next_dagrun for example_dynamic_task_mapping to 2022-03-04T00:00:00+00:00, run_after=2022-03-05T00:00:00+00:00
[2023-11-20T07:57:18.491+0000] {processor.py:175} INFO - Processing /home/airflow/.local/lib/python3.7/site-packages/airflow/example_dags/example_dynamic_task_mapping.py took 0.152 seconds
[2023-11-20T07:57:49.133+0000] {processor.py:153} INFO - Started process (PID=310227) to work on /home/airflow/.local/lib/python3.7/site-packages/airflow/example_dags/example_dynamic_task_mapping.py
[2023-11-20T07:57:49.134+0000] {processor.py:743} INFO - Processing file /home/airflow/.local/lib/python3.7/site-packages/airflow/example_dags/example_dynamic_task_mapping.py for tasks to queue
[2023-11-20T07:57:49.135+0000] {logging_mixin.py:137} INFO - [2023-11-20T07:57:49.135+0000] {dagbag.py:538} INFO - Filling up the DagBag from /home/airflow/.local/lib/python3.7/site-packages/airflow/example_dags/example_dynamic_task_mapping.py
[2023-11-20T07:57:49.156+0000] {processor.py:753} INFO - DAG(s) dict_keys(['example_dynamic_task_mapping']) retrieved from /home/airflow/.local/lib/python3.7/site-packages/airflow/example_dags/example_dynamic_task_mapping.py
[2023-11-20T07:57:49.178+0000] {logging_mixin.py:137} INFO - [2023-11-20T07:57:49.178+0000] {dag.py:2690} INFO - Sync 1 DAGs
[2023-11-20T07:57:49.194+0000] {logging_mixin.py:137} INFO - [2023-11-20T07:57:49.194+0000] {dag.py:3441} INFO - Setting next_dagrun for example_dynamic_task_mapping to 2022-03-04T00:00:00+00:00, run_after=2022-03-05T00:00:00+00:00
[2023-11-20T07:57:49.207+0000] {processor.py:175} INFO - Processing /home/airflow/.local/lib/python3.7/site-packages/airflow/example_dags/example_dynamic_task_mapping.py took 0.076 seconds
[2023-11-20T07:58:19.439+0000] {processor.py:153} INFO - Started process (PID=310295) to work on /home/airflow/.local/lib/python3.7/site-packages/airflow/example_dags/example_dynamic_task_mapping.py
[2023-11-20T07:58:19.442+0000] {processor.py:743} INFO - Processing file /home/airflow/.local/lib/python3.7/site-packages/airflow/example_dags/example_dynamic_task_mapping.py for tasks to queue
[2023-11-20T07:58:19.443+0000] {logging_mixin.py:137} INFO - [2023-11-20T07:58:19.443+0000] {dagbag.py:538} INFO - Filling up the DagBag from /home/airflow/.local/lib/python3.7/site-packages/airflow/example_dags/example_dynamic_task_mapping.py
[2023-11-20T07:58:19.468+0000] {processor.py:753} INFO - DAG(s) dict_keys(['example_dynamic_task_mapping']) retrieved from /home/airflow/.local/lib/python3.7/site-packages/airflow/example_dags/example_dynamic_task_mapping.py
[2023-11-20T07:58:19.494+0000] {logging_mixin.py:137} INFO - [2023-11-20T07:58:19.493+0000] {dag.py:2690} INFO - Sync 1 DAGs
[2023-11-20T07:58:19.516+0000] {logging_mixin.py:137} INFO - [2023-11-20T07:58:19.515+0000] {dag.py:3441} INFO - Setting next_dagrun for example_dynamic_task_mapping to 2022-03-04T00:00:00+00:00, run_after=2022-03-05T00:00:00+00:00
[2023-11-20T07:58:19.533+0000] {processor.py:175} INFO - Processing /home/airflow/.local/lib/python3.7/site-packages/airflow/example_dags/example_dynamic_task_mapping.py took 0.099 seconds
[2023-11-20T07:58:50.326+0000] {processor.py:153} INFO - Started process (PID=310374) to work on /home/airflow/.local/lib/python3.7/site-packages/airflow/example_dags/example_dynamic_task_mapping.py
[2023-11-20T07:58:50.330+0000] {processor.py:743} INFO - Processing file /home/airflow/.local/lib/python3.7/site-packages/airflow/example_dags/example_dynamic_task_mapping.py for tasks to queue
[2023-11-20T07:58:50.332+0000] {logging_mixin.py:137} INFO - [2023-11-20T07:58:50.332+0000] {dagbag.py:538} INFO - Filling up the DagBag from /home/airflow/.local/lib/python3.7/site-packages/airflow/example_dags/example_dynamic_task_mapping.py
[2023-11-20T07:58:50.363+0000] {processor.py:753} INFO - DAG(s) dict_keys(['example_dynamic_task_mapping']) retrieved from /home/airflow/.local/lib/python3.7/site-packages/airflow/example_dags/example_dynamic_task_mapping.py
[2023-11-20T07:58:50.416+0000] {logging_mixin.py:137} INFO - [2023-11-20T07:58:50.415+0000] {dag.py:2690} INFO - Sync 1 DAGs
[2023-11-20T07:58:50.440+0000] {logging_mixin.py:137} INFO - [2023-11-20T07:58:50.440+0000] {dag.py:3441} INFO - Setting next_dagrun for example_dynamic_task_mapping to 2022-03-04T00:00:00+00:00, run_after=2022-03-05T00:00:00+00:00
[2023-11-20T07:58:50.455+0000] {processor.py:175} INFO - Processing /home/airflow/.local/lib/python3.7/site-packages/airflow/example_dags/example_dynamic_task_mapping.py took 0.134 seconds
[2023-11-20T08:03:20.939+0000] {processor.py:153} INFO - Started process (PID=310389) to work on /home/airflow/.local/lib/python3.7/site-packages/airflow/example_dags/example_dynamic_task_mapping.py
[2023-11-20T08:03:20.946+0000] {processor.py:743} INFO - Processing file /home/airflow/.local/lib/python3.7/site-packages/airflow/example_dags/example_dynamic_task_mapping.py for tasks to queue
[2023-11-20T08:03:20.951+0000] {logging_mixin.py:137} INFO - [2023-11-20T08:03:20.950+0000] {dagbag.py:538} INFO - Filling up the DagBag from /home/airflow/.local/lib/python3.7/site-packages/airflow/example_dags/example_dynamic_task_mapping.py
[2023-11-20T08:03:21.007+0000] {processor.py:753} INFO - DAG(s) dict_keys(['example_dynamic_task_mapping']) retrieved from /home/airflow/.local/lib/python3.7/site-packages/airflow/example_dags/example_dynamic_task_mapping.py
[2023-11-20T08:03:21.072+0000] {logging_mixin.py:137} INFO - [2023-11-20T08:03:21.072+0000] {dag.py:2690} INFO - Sync 1 DAGs
[2023-11-20T08:03:21.110+0000] {logging_mixin.py:137} INFO - [2023-11-20T08:03:21.110+0000] {dag.py:3441} INFO - Setting next_dagrun for example_dynamic_task_mapping to 2022-03-04T00:00:00+00:00, run_after=2022-03-05T00:00:00+00:00
[2023-11-20T08:03:21.152+0000] {processor.py:175} INFO - Processing /home/airflow/.local/lib/python3.7/site-packages/airflow/example_dags/example_dynamic_task_mapping.py took 0.224 seconds
[2023-11-20T08:03:51.508+0000] {processor.py:153} INFO - Started process (PID=310458) to work on /home/airflow/.local/lib/python3.7/site-packages/airflow/example_dags/example_dynamic_task_mapping.py
[2023-11-20T08:03:51.520+0000] {processor.py:743} INFO - Processing file /home/airflow/.local/lib/python3.7/site-packages/airflow/example_dags/example_dynamic_task_mapping.py for tasks to queue
[2023-11-20T08:03:51.527+0000] {logging_mixin.py:137} INFO - [2023-11-20T08:03:51.527+0000] {dagbag.py:538} INFO - Filling up the DagBag from /home/airflow/.local/lib/python3.7/site-packages/airflow/example_dags/example_dynamic_task_mapping.py
[2023-11-20T08:03:51.630+0000] {processor.py:753} INFO - DAG(s) dict_keys(['example_dynamic_task_mapping']) retrieved from /home/airflow/.local/lib/python3.7/site-packages/airflow/example_dags/example_dynamic_task_mapping.py
[2023-11-20T08:03:51.682+0000] {logging_mixin.py:137} INFO - [2023-11-20T08:03:51.681+0000] {dag.py:2690} INFO - Sync 1 DAGs
[2023-11-20T08:03:51.781+0000] {logging_mixin.py:137} INFO - [2023-11-20T08:03:51.780+0000] {dag.py:3441} INFO - Setting next_dagrun for example_dynamic_task_mapping to 2022-03-04T00:00:00+00:00, run_after=2022-03-05T00:00:00+00:00
[2023-11-20T08:03:51.844+0000] {processor.py:175} INFO - Processing /home/airflow/.local/lib/python3.7/site-packages/airflow/example_dags/example_dynamic_task_mapping.py took 0.359 seconds
[2023-11-20T08:04:22.685+0000] {processor.py:153} INFO - Started process (PID=310527) to work on /home/airflow/.local/lib/python3.7/site-packages/airflow/example_dags/example_dynamic_task_mapping.py
[2023-11-20T08:04:22.689+0000] {processor.py:743} INFO - Processing file /home/airflow/.local/lib/python3.7/site-packages/airflow/example_dags/example_dynamic_task_mapping.py for tasks to queue
[2023-11-20T08:04:22.692+0000] {logging_mixin.py:137} INFO - [2023-11-20T08:04:22.692+0000] {dagbag.py:538} INFO - Filling up the DagBag from /home/airflow/.local/lib/python3.7/site-packages/airflow/example_dags/example_dynamic_task_mapping.py
[2023-11-20T08:04:22.753+0000] {processor.py:753} INFO - DAG(s) dict_keys(['example_dynamic_task_mapping']) retrieved from /home/airflow/.local/lib/python3.7/site-packages/airflow/example_dags/example_dynamic_task_mapping.py
[2023-11-20T08:04:22.801+0000] {logging_mixin.py:137} INFO - [2023-11-20T08:04:22.801+0000] {dag.py:2690} INFO - Sync 1 DAGs
[2023-11-20T08:04:22.844+0000] {logging_mixin.py:137} INFO - [2023-11-20T08:04:22.844+0000] {dag.py:3441} INFO - Setting next_dagrun for example_dynamic_task_mapping to 2022-03-04T00:00:00+00:00, run_after=2022-03-05T00:00:00+00:00
[2023-11-20T08:04:22.872+0000] {processor.py:175} INFO - Processing /home/airflow/.local/lib/python3.7/site-packages/airflow/example_dags/example_dynamic_task_mapping.py took 0.191 seconds
[2023-11-20T08:04:54.047+0000] {processor.py:153} INFO - Started process (PID=310609) to work on /home/airflow/.local/lib/python3.7/site-packages/airflow/example_dags/example_dynamic_task_mapping.py
[2023-11-20T08:04:54.057+0000] {processor.py:743} INFO - Processing file /home/airflow/.local/lib/python3.7/site-packages/airflow/example_dags/example_dynamic_task_mapping.py for tasks to queue
[2023-11-20T08:04:54.062+0000] {logging_mixin.py:137} INFO - [2023-11-20T08:04:54.062+0000] {dagbag.py:538} INFO - Filling up the DagBag from /home/airflow/.local/lib/python3.7/site-packages/airflow/example_dags/example_dynamic_task_mapping.py
[2023-11-20T08:04:54.112+0000] {processor.py:753} INFO - DAG(s) dict_keys(['example_dynamic_task_mapping']) retrieved from /home/airflow/.local/lib/python3.7/site-packages/airflow/example_dags/example_dynamic_task_mapping.py
[2023-11-20T08:04:54.179+0000] {logging_mixin.py:137} INFO - [2023-11-20T08:04:54.178+0000] {dag.py:2690} INFO - Sync 1 DAGs
[2023-11-20T08:04:54.222+0000] {logging_mixin.py:137} INFO - [2023-11-20T08:04:54.222+0000] {dag.py:3441} INFO - Setting next_dagrun for example_dynamic_task_mapping to 2022-03-04T00:00:00+00:00, run_after=2022-03-05T00:00:00+00:00
[2023-11-20T08:04:54.273+0000] {processor.py:175} INFO - Processing /home/airflow/.local/lib/python3.7/site-packages/airflow/example_dags/example_dynamic_task_mapping.py took 0.230 seconds
[2023-11-20T08:05:24.341+0000] {processor.py:153} INFO - Started process (PID=310679) to work on /home/airflow/.local/lib/python3.7/site-packages/airflow/example_dags/example_dynamic_task_mapping.py
[2023-11-20T08:05:24.344+0000] {processor.py:743} INFO - Processing file /home/airflow/.local/lib/python3.7/site-packages/airflow/example_dags/example_dynamic_task_mapping.py for tasks to queue
[2023-11-20T08:05:24.345+0000] {logging_mixin.py:137} INFO - [2023-11-20T08:05:24.345+0000] {dagbag.py:538} INFO - Filling up the DagBag from /home/airflow/.local/lib/python3.7/site-packages/airflow/example_dags/example_dynamic_task_mapping.py
[2023-11-20T08:05:24.370+0000] {processor.py:753} INFO - DAG(s) dict_keys(['example_dynamic_task_mapping']) retrieved from /home/airflow/.local/lib/python3.7/site-packages/airflow/example_dags/example_dynamic_task_mapping.py
[2023-11-20T08:05:24.397+0000] {logging_mixin.py:137} INFO - [2023-11-20T08:05:24.397+0000] {dag.py:2690} INFO - Sync 1 DAGs
[2023-11-20T08:05:24.421+0000] {logging_mixin.py:137} INFO - [2023-11-20T08:05:24.421+0000] {dag.py:3441} INFO - Setting next_dagrun for example_dynamic_task_mapping to 2022-03-04T00:00:00+00:00, run_after=2022-03-05T00:00:00+00:00
[2023-11-20T08:05:24.440+0000] {processor.py:175} INFO - Processing /home/airflow/.local/lib/python3.7/site-packages/airflow/example_dags/example_dynamic_task_mapping.py took 0.102 seconds
[2023-11-20T08:05:56.170+0000] {processor.py:153} INFO - Started process (PID=310761) to work on /home/airflow/.local/lib/python3.7/site-packages/airflow/example_dags/example_dynamic_task_mapping.py
[2023-11-20T08:05:56.173+0000] {processor.py:743} INFO - Processing file /home/airflow/.local/lib/python3.7/site-packages/airflow/example_dags/example_dynamic_task_mapping.py for tasks to queue
[2023-11-20T08:05:56.175+0000] {logging_mixin.py:137} INFO - [2023-11-20T08:05:56.175+0000] {dagbag.py:538} INFO - Filling up the DagBag from /home/airflow/.local/lib/python3.7/site-packages/airflow/example_dags/example_dynamic_task_mapping.py
[2023-11-20T08:05:56.201+0000] {processor.py:753} INFO - DAG(s) dict_keys(['example_dynamic_task_mapping']) retrieved from /home/airflow/.local/lib/python3.7/site-packages/airflow/example_dags/example_dynamic_task_mapping.py
[2023-11-20T08:05:56.232+0000] {logging_mixin.py:137} INFO - [2023-11-20T08:05:56.232+0000] {dag.py:2690} INFO - Sync 1 DAGs
[2023-11-20T08:05:56.250+0000] {logging_mixin.py:137} INFO - [2023-11-20T08:05:56.250+0000] {dag.py:3441} INFO - Setting next_dagrun for example_dynamic_task_mapping to 2022-03-04T00:00:00+00:00, run_after=2022-03-05T00:00:00+00:00
[2023-11-20T08:05:56.269+0000] {processor.py:175} INFO - Processing /home/airflow/.local/lib/python3.7/site-packages/airflow/example_dags/example_dynamic_task_mapping.py took 0.103 seconds
[2023-11-20T08:06:26.925+0000] {processor.py:153} INFO - Started process (PID=310830) to work on /home/airflow/.local/lib/python3.7/site-packages/airflow/example_dags/example_dynamic_task_mapping.py
[2023-11-20T08:06:26.927+0000] {processor.py:743} INFO - Processing file /home/airflow/.local/lib/python3.7/site-packages/airflow/example_dags/example_dynamic_task_mapping.py for tasks to queue
[2023-11-20T08:06:26.929+0000] {logging_mixin.py:137} INFO - [2023-11-20T08:06:26.929+0000] {dagbag.py:538} INFO - Filling up the DagBag from /home/airflow/.local/lib/python3.7/site-packages/airflow/example_dags/example_dynamic_task_mapping.py
[2023-11-20T08:06:26.956+0000] {processor.py:753} INFO - DAG(s) dict_keys(['example_dynamic_task_mapping']) retrieved from /home/airflow/.local/lib/python3.7/site-packages/airflow/example_dags/example_dynamic_task_mapping.py
[2023-11-20T08:06:26.991+0000] {logging_mixin.py:137} INFO - [2023-11-20T08:06:26.991+0000] {dag.py:2690} INFO - Sync 1 DAGs
[2023-11-20T08:06:27.012+0000] {logging_mixin.py:137} INFO - [2023-11-20T08:06:27.012+0000] {dag.py:3441} INFO - Setting next_dagrun for example_dynamic_task_mapping to 2022-03-04T00:00:00+00:00, run_after=2022-03-05T00:00:00+00:00
[2023-11-20T08:06:27.030+0000] {processor.py:175} INFO - Processing /home/airflow/.local/lib/python3.7/site-packages/airflow/example_dags/example_dynamic_task_mapping.py took 0.108 seconds
[2023-11-20T08:06:57.115+0000] {processor.py:153} INFO - Started process (PID=310911) to work on /home/airflow/.local/lib/python3.7/site-packages/airflow/example_dags/example_dynamic_task_mapping.py
[2023-11-20T08:06:57.119+0000] {processor.py:743} INFO - Processing file /home/airflow/.local/lib/python3.7/site-packages/airflow/example_dags/example_dynamic_task_mapping.py for tasks to queue
[2023-11-20T08:06:57.121+0000] {logging_mixin.py:137} INFO - [2023-11-20T08:06:57.121+0000] {dagbag.py:538} INFO - Filling up the DagBag from /home/airflow/.local/lib/python3.7/site-packages/airflow/example_dags/example_dynamic_task_mapping.py
[2023-11-20T08:06:57.137+0000] {processor.py:753} INFO - DAG(s) dict_keys(['example_dynamic_task_mapping']) retrieved from /home/airflow/.local/lib/python3.7/site-packages/airflow/example_dags/example_dynamic_task_mapping.py
[2023-11-20T08:06:57.158+0000] {logging_mixin.py:137} INFO - [2023-11-20T08:06:57.158+0000] {dag.py:2690} INFO - Sync 1 DAGs
[2023-11-20T08:06:57.175+0000] {logging_mixin.py:137} INFO - [2023-11-20T08:06:57.175+0000] {dag.py:3441} INFO - Setting next_dagrun for example_dynamic_task_mapping to 2022-03-04T00:00:00+00:00, run_after=2022-03-05T00:00:00+00:00
[2023-11-20T08:06:57.187+0000] {processor.py:175} INFO - Processing /home/airflow/.local/lib/python3.7/site-packages/airflow/example_dags/example_dynamic_task_mapping.py took 0.075 seconds
[2023-11-20T08:07:28.076+0000] {processor.py:153} INFO - Started process (PID=310990) to work on /home/airflow/.local/lib/python3.7/site-packages/airflow/example_dags/example_dynamic_task_mapping.py
[2023-11-20T08:07:28.078+0000] {processor.py:743} INFO - Processing file /home/airflow/.local/lib/python3.7/site-packages/airflow/example_dags/example_dynamic_task_mapping.py for tasks to queue
[2023-11-20T08:07:28.079+0000] {logging_mixin.py:137} INFO - [2023-11-20T08:07:28.079+0000] {dagbag.py:538} INFO - Filling up the DagBag from /home/airflow/.local/lib/python3.7/site-packages/airflow/example_dags/example_dynamic_task_mapping.py
[2023-11-20T08:07:28.096+0000] {processor.py:753} INFO - DAG(s) dict_keys(['example_dynamic_task_mapping']) retrieved from /home/airflow/.local/lib/python3.7/site-packages/airflow/example_dags/example_dynamic_task_mapping.py
[2023-11-20T08:07:28.119+0000] {logging_mixin.py:137} INFO - [2023-11-20T08:07:28.119+0000] {dag.py:2690} INFO - Sync 1 DAGs
[2023-11-20T08:07:28.139+0000] {logging_mixin.py:137} INFO - [2023-11-20T08:07:28.138+0000] {dag.py:3441} INFO - Setting next_dagrun for example_dynamic_task_mapping to 2022-03-04T00:00:00+00:00, run_after=2022-03-05T00:00:00+00:00
[2023-11-20T08:07:28.153+0000] {processor.py:175} INFO - Processing /home/airflow/.local/lib/python3.7/site-packages/airflow/example_dags/example_dynamic_task_mapping.py took 0.081 seconds
[2023-11-20T08:07:59.786+0000] {processor.py:153} INFO - Started process (PID=311062) to work on /home/airflow/.local/lib/python3.7/site-packages/airflow/example_dags/example_dynamic_task_mapping.py
[2023-11-20T08:07:59.798+0000] {processor.py:743} INFO - Processing file /home/airflow/.local/lib/python3.7/site-packages/airflow/example_dags/example_dynamic_task_mapping.py for tasks to queue
[2023-11-20T08:07:59.805+0000] {logging_mixin.py:137} INFO - [2023-11-20T08:07:59.805+0000] {dagbag.py:538} INFO - Filling up the DagBag from /home/airflow/.local/lib/python3.7/site-packages/airflow/example_dags/example_dynamic_task_mapping.py
[2023-11-20T08:07:59.869+0000] {processor.py:753} INFO - DAG(s) dict_keys(['example_dynamic_task_mapping']) retrieved from /home/airflow/.local/lib/python3.7/site-packages/airflow/example_dags/example_dynamic_task_mapping.py
[2023-11-20T08:07:59.931+0000] {logging_mixin.py:137} INFO - [2023-11-20T08:07:59.930+0000] {dag.py:2690} INFO - Sync 1 DAGs
[2023-11-20T08:07:59.987+0000] {logging_mixin.py:137} INFO - [2023-11-20T08:07:59.987+0000] {dag.py:3441} INFO - Setting next_dagrun for example_dynamic_task_mapping to 2022-03-04T00:00:00+00:00, run_after=2022-03-05T00:00:00+00:00
[2023-11-20T08:08:00.030+0000] {processor.py:175} INFO - Processing /home/airflow/.local/lib/python3.7/site-packages/airflow/example_dags/example_dynamic_task_mapping.py took 0.254 seconds
[2023-11-20T08:08:30.225+0000] {processor.py:153} INFO - Started process (PID=311131) to work on /home/airflow/.local/lib/python3.7/site-packages/airflow/example_dags/example_dynamic_task_mapping.py
[2023-11-20T08:08:30.227+0000] {processor.py:743} INFO - Processing file /home/airflow/.local/lib/python3.7/site-packages/airflow/example_dags/example_dynamic_task_mapping.py for tasks to queue
[2023-11-20T08:08:30.230+0000] {logging_mixin.py:137} INFO - [2023-11-20T08:08:30.230+0000] {dagbag.py:538} INFO - Filling up the DagBag from /home/airflow/.local/lib/python3.7/site-packages/airflow/example_dags/example_dynamic_task_mapping.py
[2023-11-20T08:08:30.266+0000] {processor.py:753} INFO - DAG(s) dict_keys(['example_dynamic_task_mapping']) retrieved from /home/airflow/.local/lib/python3.7/site-packages/airflow/example_dags/example_dynamic_task_mapping.py
[2023-11-20T08:08:30.302+0000] {logging_mixin.py:137} INFO - [2023-11-20T08:08:30.302+0000] {dag.py:2690} INFO - Sync 1 DAGs
[2023-11-20T08:08:30.327+0000] {logging_mixin.py:137} INFO - [2023-11-20T08:08:30.327+0000] {dag.py:3441} INFO - Setting next_dagrun for example_dynamic_task_mapping to 2022-03-04T00:00:00+00:00, run_after=2022-03-05T00:00:00+00:00
[2023-11-20T08:08:30.342+0000] {processor.py:175} INFO - Processing /home/airflow/.local/lib/python3.7/site-packages/airflow/example_dags/example_dynamic_task_mapping.py took 0.121 seconds
[2023-11-20T08:58:36.453+0000] {processor.py:153} INFO - Started process (PID=311195) to work on /home/airflow/.local/lib/python3.7/site-packages/airflow/example_dags/example_dynamic_task_mapping.py
[2023-11-20T08:58:36.477+0000] {processor.py:743} INFO - Processing file /home/airflow/.local/lib/python3.7/site-packages/airflow/example_dags/example_dynamic_task_mapping.py for tasks to queue
[2023-11-20T08:58:36.488+0000] {logging_mixin.py:137} INFO - [2023-11-20T08:58:36.488+0000] {dagbag.py:538} INFO - Filling up the DagBag from /home/airflow/.local/lib/python3.7/site-packages/airflow/example_dags/example_dynamic_task_mapping.py
[2023-11-20T08:58:36.565+0000] {processor.py:753} INFO - DAG(s) dict_keys(['example_dynamic_task_mapping']) retrieved from /home/airflow/.local/lib/python3.7/site-packages/airflow/example_dags/example_dynamic_task_mapping.py
[2023-11-20T08:58:36.607+0000] {logging_mixin.py:137} INFO - [2023-11-20T08:58:36.606+0000] {dag.py:2690} INFO - Sync 1 DAGs
[2023-11-20T08:58:36.642+0000] {logging_mixin.py:137} INFO - [2023-11-20T08:58:36.642+0000] {dag.py:3441} INFO - Setting next_dagrun for example_dynamic_task_mapping to 2022-03-04T00:00:00+00:00, run_after=2022-03-05T00:00:00+00:00
[2023-11-20T08:58:36.726+0000] {processor.py:175} INFO - Processing /home/airflow/.local/lib/python3.7/site-packages/airflow/example_dags/example_dynamic_task_mapping.py took 0.278 seconds
[2023-11-20T10:21:45.559+0000] {processor.py:153} INFO - Started process (PID=311255) to work on /home/airflow/.local/lib/python3.7/site-packages/airflow/example_dags/example_dynamic_task_mapping.py
[2023-11-20T10:21:45.561+0000] {processor.py:743} INFO - Processing file /home/airflow/.local/lib/python3.7/site-packages/airflow/example_dags/example_dynamic_task_mapping.py for tasks to queue
[2023-11-20T10:21:45.563+0000] {logging_mixin.py:137} INFO - [2023-11-20T10:21:45.563+0000] {dagbag.py:538} INFO - Filling up the DagBag from /home/airflow/.local/lib/python3.7/site-packages/airflow/example_dags/example_dynamic_task_mapping.py
[2023-11-20T10:21:45.589+0000] {processor.py:753} INFO - DAG(s) dict_keys(['example_dynamic_task_mapping']) retrieved from /home/airflow/.local/lib/python3.7/site-packages/airflow/example_dags/example_dynamic_task_mapping.py
[2023-11-20T10:21:45.617+0000] {logging_mixin.py:137} INFO - [2023-11-20T10:21:45.617+0000] {dag.py:2690} INFO - Sync 1 DAGs
[2023-11-20T10:21:45.648+0000] {logging_mixin.py:137} INFO - [2023-11-20T10:21:45.648+0000] {dag.py:3441} INFO - Setting next_dagrun for example_dynamic_task_mapping to 2022-03-04T00:00:00+00:00, run_after=2022-03-05T00:00:00+00:00
[2023-11-20T10:21:45.720+0000] {processor.py:175} INFO - Processing /home/airflow/.local/lib/python3.7/site-packages/airflow/example_dags/example_dynamic_task_mapping.py took 0.166 seconds
[2023-11-20T11:23:55.830+0000] {processor.py:153} INFO - Started process (PID=311324) to work on /home/airflow/.local/lib/python3.7/site-packages/airflow/example_dags/example_dynamic_task_mapping.py
[2023-11-20T11:23:55.835+0000] {processor.py:743} INFO - Processing file /home/airflow/.local/lib/python3.7/site-packages/airflow/example_dags/example_dynamic_task_mapping.py for tasks to queue
[2023-11-20T11:23:55.837+0000] {logging_mixin.py:137} INFO - [2023-11-20T11:23:55.837+0000] {dagbag.py:538} INFO - Filling up the DagBag from /home/airflow/.local/lib/python3.7/site-packages/airflow/example_dags/example_dynamic_task_mapping.py
[2023-11-20T11:23:55.879+0000] {processor.py:753} INFO - DAG(s) dict_keys(['example_dynamic_task_mapping']) retrieved from /home/airflow/.local/lib/python3.7/site-packages/airflow/example_dags/example_dynamic_task_mapping.py
[2023-11-20T11:23:55.955+0000] {logging_mixin.py:137} INFO - [2023-11-20T11:23:55.955+0000] {dag.py:2690} INFO - Sync 1 DAGs
[2023-11-20T11:23:55.983+0000] {logging_mixin.py:137} INFO - [2023-11-20T11:23:55.982+0000] {dag.py:3441} INFO - Setting next_dagrun for example_dynamic_task_mapping to 2022-03-04T00:00:00+00:00, run_after=2022-03-05T00:00:00+00:00
[2023-11-20T11:23:56.003+0000] {processor.py:175} INFO - Processing /home/airflow/.local/lib/python3.7/site-packages/airflow/example_dags/example_dynamic_task_mapping.py took 0.178 seconds
[2023-11-20T11:56:23.921+0000] {processor.py:153} INFO - Started process (PID=311394) to work on /home/airflow/.local/lib/python3.7/site-packages/airflow/example_dags/example_dynamic_task_mapping.py
[2023-11-20T11:56:23.924+0000] {processor.py:743} INFO - Processing file /home/airflow/.local/lib/python3.7/site-packages/airflow/example_dags/example_dynamic_task_mapping.py for tasks to queue
[2023-11-20T11:56:23.925+0000] {logging_mixin.py:137} INFO - [2023-11-20T11:56:23.925+0000] {dagbag.py:538} INFO - Filling up the DagBag from /home/airflow/.local/lib/python3.7/site-packages/airflow/example_dags/example_dynamic_task_mapping.py
[2023-11-20T11:56:23.948+0000] {processor.py:753} INFO - DAG(s) dict_keys(['example_dynamic_task_mapping']) retrieved from /home/airflow/.local/lib/python3.7/site-packages/airflow/example_dags/example_dynamic_task_mapping.py
[2023-11-20T11:56:23.983+0000] {logging_mixin.py:137} INFO - [2023-11-20T11:56:23.983+0000] {dag.py:2690} INFO - Sync 1 DAGs
[2023-11-20T11:56:24.006+0000] {logging_mixin.py:137} INFO - [2023-11-20T11:56:24.006+0000] {dag.py:3441} INFO - Setting next_dagrun for example_dynamic_task_mapping to 2022-03-04T00:00:00+00:00, run_after=2022-03-05T00:00:00+00:00
[2023-11-20T11:56:24.020+0000] {processor.py:175} INFO - Processing /home/airflow/.local/lib/python3.7/site-packages/airflow/example_dags/example_dynamic_task_mapping.py took 0.103 seconds
[2023-11-20T13:20:15.654+0000] {processor.py:153} INFO - Started process (PID=311463) to work on /home/airflow/.local/lib/python3.7/site-packages/airflow/example_dags/example_dynamic_task_mapping.py
[2023-11-20T13:20:15.656+0000] {processor.py:743} INFO - Processing file /home/airflow/.local/lib/python3.7/site-packages/airflow/example_dags/example_dynamic_task_mapping.py for tasks to queue
[2023-11-20T13:20:15.658+0000] {logging_mixin.py:137} INFO - [2023-11-20T13:20:15.658+0000] {dagbag.py:538} INFO - Filling up the DagBag from /home/airflow/.local/lib/python3.7/site-packages/airflow/example_dags/example_dynamic_task_mapping.py
[2023-11-20T13:20:15.680+0000] {processor.py:753} INFO - DAG(s) dict_keys(['example_dynamic_task_mapping']) retrieved from /home/airflow/.local/lib/python3.7/site-packages/airflow/example_dags/example_dynamic_task_mapping.py
[2023-11-20T13:20:15.715+0000] {logging_mixin.py:137} INFO - [2023-11-20T13:20:15.714+0000] {dag.py:2690} INFO - Sync 1 DAGs
[2023-11-20T13:20:15.738+0000] {logging_mixin.py:137} INFO - [2023-11-20T13:20:15.737+0000] {dag.py:3441} INFO - Setting next_dagrun for example_dynamic_task_mapping to 2022-03-04T00:00:00+00:00, run_after=2022-03-05T00:00:00+00:00
[2023-11-20T13:20:15.770+0000] {processor.py:175} INFO - Processing /home/airflow/.local/lib/python3.7/site-packages/airflow/example_dags/example_dynamic_task_mapping.py took 0.118 seconds
[2023-11-20T14:30:00.286+0000] {processor.py:153} INFO - Started process (PID=311531) to work on /home/airflow/.local/lib/python3.7/site-packages/airflow/example_dags/example_dynamic_task_mapping.py
[2023-11-20T14:30:00.295+0000] {processor.py:743} INFO - Processing file /home/airflow/.local/lib/python3.7/site-packages/airflow/example_dags/example_dynamic_task_mapping.py for tasks to queue
[2023-11-20T14:30:00.307+0000] {logging_mixin.py:137} INFO - [2023-11-20T14:30:00.307+0000] {dagbag.py:538} INFO - Filling up the DagBag from /home/airflow/.local/lib/python3.7/site-packages/airflow/example_dags/example_dynamic_task_mapping.py
[2023-11-20T14:30:00.342+0000] {processor.py:753} INFO - DAG(s) dict_keys(['example_dynamic_task_mapping']) retrieved from /home/airflow/.local/lib/python3.7/site-packages/airflow/example_dags/example_dynamic_task_mapping.py
[2023-11-20T14:30:00.368+0000] {logging_mixin.py:137} INFO - [2023-11-20T14:30:00.368+0000] {dag.py:2690} INFO - Sync 1 DAGs
[2023-11-20T14:30:00.389+0000] {logging_mixin.py:137} INFO - [2023-11-20T14:30:00.389+0000] {dag.py:3441} INFO - Setting next_dagrun for example_dynamic_task_mapping to 2022-03-04T00:00:00+00:00, run_after=2022-03-05T00:00:00+00:00
[2023-11-20T14:30:00.402+0000] {processor.py:175} INFO - Processing /home/airflow/.local/lib/python3.7/site-packages/airflow/example_dags/example_dynamic_task_mapping.py took 0.120 seconds
[2023-11-20T15:21:09.085+0000] {processor.py:153} INFO - Started process (PID=311613) to work on /home/airflow/.local/lib/python3.7/site-packages/airflow/example_dags/example_dynamic_task_mapping.py
[2023-11-20T15:21:09.107+0000] {processor.py:743} INFO - Processing file /home/airflow/.local/lib/python3.7/site-packages/airflow/example_dags/example_dynamic_task_mapping.py for tasks to queue
[2023-11-20T15:21:09.131+0000] {logging_mixin.py:137} INFO - [2023-11-20T15:21:09.131+0000] {dagbag.py:538} INFO - Filling up the DagBag from /home/airflow/.local/lib/python3.7/site-packages/airflow/example_dags/example_dynamic_task_mapping.py
[2023-11-20T15:21:09.171+0000] {processor.py:753} INFO - DAG(s) dict_keys(['example_dynamic_task_mapping']) retrieved from /home/airflow/.local/lib/python3.7/site-packages/airflow/example_dags/example_dynamic_task_mapping.py
[2023-11-20T15:21:09.267+0000] {logging_mixin.py:137} INFO - [2023-11-20T15:21:09.267+0000] {dag.py:2690} INFO - Sync 1 DAGs
[2023-11-20T15:21:09.299+0000] {logging_mixin.py:137} INFO - [2023-11-20T15:21:09.299+0000] {dag.py:3441} INFO - Setting next_dagrun for example_dynamic_task_mapping to 2022-03-04T00:00:00+00:00, run_after=2022-03-05T00:00:00+00:00
[2023-11-20T15:21:09.337+0000] {processor.py:175} INFO - Processing /home/airflow/.local/lib/python3.7/site-packages/airflow/example_dags/example_dynamic_task_mapping.py took 0.257 seconds
[2023-11-20T15:21:40.047+0000] {processor.py:153} INFO - Started process (PID=311682) to work on /home/airflow/.local/lib/python3.7/site-packages/airflow/example_dags/example_dynamic_task_mapping.py
[2023-11-20T15:21:40.049+0000] {processor.py:743} INFO - Processing file /home/airflow/.local/lib/python3.7/site-packages/airflow/example_dags/example_dynamic_task_mapping.py for tasks to queue
[2023-11-20T15:21:40.052+0000] {logging_mixin.py:137} INFO - [2023-11-20T15:21:40.052+0000] {dagbag.py:538} INFO - Filling up the DagBag from /home/airflow/.local/lib/python3.7/site-packages/airflow/example_dags/example_dynamic_task_mapping.py
[2023-11-20T15:21:40.071+0000] {processor.py:753} INFO - DAG(s) dict_keys(['example_dynamic_task_mapping']) retrieved from /home/airflow/.local/lib/python3.7/site-packages/airflow/example_dags/example_dynamic_task_mapping.py
[2023-11-20T15:21:40.096+0000] {logging_mixin.py:137} INFO - [2023-11-20T15:21:40.095+0000] {dag.py:2690} INFO - Sync 1 DAGs
[2023-11-20T15:21:40.133+0000] {logging_mixin.py:137} INFO - [2023-11-20T15:21:40.132+0000] {dag.py:3441} INFO - Setting next_dagrun for example_dynamic_task_mapping to 2022-03-04T00:00:00+00:00, run_after=2022-03-05T00:00:00+00:00
[2023-11-20T15:21:40.153+0000] {processor.py:175} INFO - Processing /home/airflow/.local/lib/python3.7/site-packages/airflow/example_dags/example_dynamic_task_mapping.py took 0.109 seconds
[2023-11-20T15:22:10.647+0000] {processor.py:153} INFO - Started process (PID=311762) to work on /home/airflow/.local/lib/python3.7/site-packages/airflow/example_dags/example_dynamic_task_mapping.py
[2023-11-20T15:22:10.648+0000] {processor.py:743} INFO - Processing file /home/airflow/.local/lib/python3.7/site-packages/airflow/example_dags/example_dynamic_task_mapping.py for tasks to queue
[2023-11-20T15:22:10.650+0000] {logging_mixin.py:137} INFO - [2023-11-20T15:22:10.649+0000] {dagbag.py:538} INFO - Filling up the DagBag from /home/airflow/.local/lib/python3.7/site-packages/airflow/example_dags/example_dynamic_task_mapping.py
[2023-11-20T15:22:10.666+0000] {processor.py:753} INFO - DAG(s) dict_keys(['example_dynamic_task_mapping']) retrieved from /home/airflow/.local/lib/python3.7/site-packages/airflow/example_dags/example_dynamic_task_mapping.py
[2023-11-20T15:22:10.688+0000] {logging_mixin.py:137} INFO - [2023-11-20T15:22:10.688+0000] {dag.py:2690} INFO - Sync 1 DAGs
[2023-11-20T15:22:10.704+0000] {logging_mixin.py:137} INFO - [2023-11-20T15:22:10.704+0000] {dag.py:3441} INFO - Setting next_dagrun for example_dynamic_task_mapping to 2022-03-04T00:00:00+00:00, run_after=2022-03-05T00:00:00+00:00
[2023-11-20T15:22:10.715+0000] {processor.py:175} INFO - Processing /home/airflow/.local/lib/python3.7/site-packages/airflow/example_dags/example_dynamic_task_mapping.py took 0.071 seconds
[2023-11-20T15:22:41.107+0000] {processor.py:153} INFO - Started process (PID=311831) to work on /home/airflow/.local/lib/python3.7/site-packages/airflow/example_dags/example_dynamic_task_mapping.py
[2023-11-20T15:22:41.109+0000] {processor.py:743} INFO - Processing file /home/airflow/.local/lib/python3.7/site-packages/airflow/example_dags/example_dynamic_task_mapping.py for tasks to queue
[2023-11-20T15:22:41.111+0000] {logging_mixin.py:137} INFO - [2023-11-20T15:22:41.111+0000] {dagbag.py:538} INFO - Filling up the DagBag from /home/airflow/.local/lib/python3.7/site-packages/airflow/example_dags/example_dynamic_task_mapping.py
[2023-11-20T15:22:41.129+0000] {processor.py:753} INFO - DAG(s) dict_keys(['example_dynamic_task_mapping']) retrieved from /home/airflow/.local/lib/python3.7/site-packages/airflow/example_dags/example_dynamic_task_mapping.py
[2023-11-20T15:22:41.154+0000] {logging_mixin.py:137} INFO - [2023-11-20T15:22:41.154+0000] {dag.py:2690} INFO - Sync 1 DAGs
[2023-11-20T15:22:41.179+0000] {logging_mixin.py:137} INFO - [2023-11-20T15:22:41.179+0000] {dag.py:3441} INFO - Setting next_dagrun for example_dynamic_task_mapping to 2022-03-04T00:00:00+00:00, run_after=2022-03-05T00:00:00+00:00
[2023-11-20T15:22:41.193+0000] {processor.py:175} INFO - Processing /home/airflow/.local/lib/python3.7/site-packages/airflow/example_dags/example_dynamic_task_mapping.py took 0.088 seconds
[2023-11-20T15:54:40.990+0000] {processor.py:153} INFO - Started process (PID=311902) to work on /home/airflow/.local/lib/python3.7/site-packages/airflow/example_dags/example_dynamic_task_mapping.py
[2023-11-20T15:54:40.993+0000] {processor.py:743} INFO - Processing file /home/airflow/.local/lib/python3.7/site-packages/airflow/example_dags/example_dynamic_task_mapping.py for tasks to queue
[2023-11-20T15:54:40.996+0000] {logging_mixin.py:137} INFO - [2023-11-20T15:54:40.996+0000] {dagbag.py:538} INFO - Filling up the DagBag from /home/airflow/.local/lib/python3.7/site-packages/airflow/example_dags/example_dynamic_task_mapping.py
[2023-11-20T15:54:41.027+0000] {processor.py:753} INFO - DAG(s) dict_keys(['example_dynamic_task_mapping']) retrieved from /home/airflow/.local/lib/python3.7/site-packages/airflow/example_dags/example_dynamic_task_mapping.py
[2023-11-20T15:54:41.051+0000] {logging_mixin.py:137} INFO - [2023-11-20T15:54:41.051+0000] {dag.py:2690} INFO - Sync 1 DAGs
[2023-11-20T15:54:41.069+0000] {logging_mixin.py:137} INFO - [2023-11-20T15:54:41.068+0000] {dag.py:3441} INFO - Setting next_dagrun for example_dynamic_task_mapping to 2022-03-04T00:00:00+00:00, run_after=2022-03-05T00:00:00+00:00
[2023-11-20T15:54:41.080+0000] {processor.py:175} INFO - Processing /home/airflow/.local/lib/python3.7/site-packages/airflow/example_dags/example_dynamic_task_mapping.py took 0.094 seconds
[2023-11-20T17:20:36.070+0000] {processor.py:153} INFO - Started process (PID=311983) to work on /home/airflow/.local/lib/python3.7/site-packages/airflow/example_dags/example_dynamic_task_mapping.py
[2023-11-20T17:20:36.075+0000] {processor.py:743} INFO - Processing file /home/airflow/.local/lib/python3.7/site-packages/airflow/example_dags/example_dynamic_task_mapping.py for tasks to queue
[2023-11-20T17:20:36.077+0000] {logging_mixin.py:137} INFO - [2023-11-20T17:20:36.077+0000] {dagbag.py:538} INFO - Filling up the DagBag from /home/airflow/.local/lib/python3.7/site-packages/airflow/example_dags/example_dynamic_task_mapping.py
[2023-11-20T17:20:36.524+0000] {processor.py:753} INFO - DAG(s) dict_keys(['example_dynamic_task_mapping']) retrieved from /home/airflow/.local/lib/python3.7/site-packages/airflow/example_dags/example_dynamic_task_mapping.py
[2023-11-20T17:20:36.778+0000] {logging_mixin.py:137} INFO - [2023-11-20T17:20:36.778+0000] {dag.py:2690} INFO - Sync 1 DAGs
[2023-11-20T17:20:36.900+0000] {logging_mixin.py:137} INFO - [2023-11-20T17:20:36.900+0000] {dag.py:3441} INFO - Setting next_dagrun for example_dynamic_task_mapping to 2022-03-04T00:00:00+00:00, run_after=2022-03-05T00:00:00+00:00
[2023-11-20T17:20:36.949+0000] {processor.py:175} INFO - Processing /home/airflow/.local/lib/python3.7/site-packages/airflow/example_dags/example_dynamic_task_mapping.py took 1.010 seconds
[2023-11-20T18:26:58.290+0000] {processor.py:153} INFO - Started process (PID=312051) to work on /home/airflow/.local/lib/python3.7/site-packages/airflow/example_dags/example_dynamic_task_mapping.py
[2023-11-20T18:26:58.295+0000] {processor.py:743} INFO - Processing file /home/airflow/.local/lib/python3.7/site-packages/airflow/example_dags/example_dynamic_task_mapping.py for tasks to queue
[2023-11-20T18:26:58.310+0000] {logging_mixin.py:137} INFO - [2023-11-20T18:26:58.309+0000] {dagbag.py:538} INFO - Filling up the DagBag from /home/airflow/.local/lib/python3.7/site-packages/airflow/example_dags/example_dynamic_task_mapping.py
[2023-11-20T18:26:58.395+0000] {processor.py:753} INFO - DAG(s) dict_keys(['example_dynamic_task_mapping']) retrieved from /home/airflow/.local/lib/python3.7/site-packages/airflow/example_dags/example_dynamic_task_mapping.py
[2023-11-20T18:26:58.456+0000] {logging_mixin.py:137} INFO - [2023-11-20T18:26:58.456+0000] {dag.py:2690} INFO - Sync 1 DAGs
[2023-11-20T18:26:58.482+0000] {logging_mixin.py:137} INFO - [2023-11-20T18:26:58.482+0000] {dag.py:3441} INFO - Setting next_dagrun for example_dynamic_task_mapping to 2022-03-04T00:00:00+00:00, run_after=2022-03-05T00:00:00+00:00
[2023-11-20T18:26:58.549+0000] {processor.py:175} INFO - Processing /home/airflow/.local/lib/python3.7/site-packages/airflow/example_dags/example_dynamic_task_mapping.py took 0.264 seconds
[2023-11-20T18:27:28.969+0000] {processor.py:153} INFO - Started process (PID=312119) to work on /home/airflow/.local/lib/python3.7/site-packages/airflow/example_dags/example_dynamic_task_mapping.py
[2023-11-20T18:27:28.971+0000] {processor.py:743} INFO - Processing file /home/airflow/.local/lib/python3.7/site-packages/airflow/example_dags/example_dynamic_task_mapping.py for tasks to queue
[2023-11-20T18:27:28.972+0000] {logging_mixin.py:137} INFO - [2023-11-20T18:27:28.972+0000] {dagbag.py:538} INFO - Filling up the DagBag from /home/airflow/.local/lib/python3.7/site-packages/airflow/example_dags/example_dynamic_task_mapping.py
[2023-11-20T18:27:28.990+0000] {processor.py:753} INFO - DAG(s) dict_keys(['example_dynamic_task_mapping']) retrieved from /home/airflow/.local/lib/python3.7/site-packages/airflow/example_dags/example_dynamic_task_mapping.py
[2023-11-20T18:27:29.010+0000] {logging_mixin.py:137} INFO - [2023-11-20T18:27:29.010+0000] {dag.py:2690} INFO - Sync 1 DAGs
[2023-11-20T18:27:29.026+0000] {logging_mixin.py:137} INFO - [2023-11-20T18:27:29.026+0000] {dag.py:3441} INFO - Setting next_dagrun for example_dynamic_task_mapping to 2022-03-04T00:00:00+00:00, run_after=2022-03-05T00:00:00+00:00
[2023-11-20T18:27:29.038+0000] {processor.py:175} INFO - Processing /home/airflow/.local/lib/python3.7/site-packages/airflow/example_dags/example_dynamic_task_mapping.py took 0.072 seconds
[2023-11-20T18:27:59.300+0000] {processor.py:153} INFO - Started process (PID=312187) to work on /home/airflow/.local/lib/python3.7/site-packages/airflow/example_dags/example_dynamic_task_mapping.py
[2023-11-20T18:27:59.302+0000] {processor.py:743} INFO - Processing file /home/airflow/.local/lib/python3.7/site-packages/airflow/example_dags/example_dynamic_task_mapping.py for tasks to queue
[2023-11-20T18:27:59.304+0000] {logging_mixin.py:137} INFO - [2023-11-20T18:27:59.304+0000] {dagbag.py:538} INFO - Filling up the DagBag from /home/airflow/.local/lib/python3.7/site-packages/airflow/example_dags/example_dynamic_task_mapping.py
[2023-11-20T18:27:59.326+0000] {processor.py:753} INFO - DAG(s) dict_keys(['example_dynamic_task_mapping']) retrieved from /home/airflow/.local/lib/python3.7/site-packages/airflow/example_dags/example_dynamic_task_mapping.py
[2023-11-20T18:27:59.359+0000] {logging_mixin.py:137} INFO - [2023-11-20T18:27:59.359+0000] {dag.py:2690} INFO - Sync 1 DAGs
[2023-11-20T18:27:59.380+0000] {logging_mixin.py:137} INFO - [2023-11-20T18:27:59.379+0000] {dag.py:3441} INFO - Setting next_dagrun for example_dynamic_task_mapping to 2022-03-04T00:00:00+00:00, run_after=2022-03-05T00:00:00+00:00
[2023-11-20T18:27:59.397+0000] {processor.py:175} INFO - Processing /home/airflow/.local/lib/python3.7/site-packages/airflow/example_dags/example_dynamic_task_mapping.py took 0.100 seconds
[2023-11-20T18:28:29.727+0000] {processor.py:153} INFO - Started process (PID=312267) to work on /home/airflow/.local/lib/python3.7/site-packages/airflow/example_dags/example_dynamic_task_mapping.py
[2023-11-20T18:28:29.728+0000] {processor.py:743} INFO - Processing file /home/airflow/.local/lib/python3.7/site-packages/airflow/example_dags/example_dynamic_task_mapping.py for tasks to queue
[2023-11-20T18:28:29.729+0000] {logging_mixin.py:137} INFO - [2023-11-20T18:28:29.729+0000] {dagbag.py:538} INFO - Filling up the DagBag from /home/airflow/.local/lib/python3.7/site-packages/airflow/example_dags/example_dynamic_task_mapping.py
[2023-11-20T18:28:29.747+0000] {processor.py:753} INFO - DAG(s) dict_keys(['example_dynamic_task_mapping']) retrieved from /home/airflow/.local/lib/python3.7/site-packages/airflow/example_dags/example_dynamic_task_mapping.py
[2023-11-20T18:28:29.769+0000] {logging_mixin.py:137} INFO - [2023-11-20T18:28:29.769+0000] {dag.py:2690} INFO - Sync 1 DAGs
[2023-11-20T18:28:29.788+0000] {logging_mixin.py:137} INFO - [2023-11-20T18:28:29.788+0000] {dag.py:3441} INFO - Setting next_dagrun for example_dynamic_task_mapping to 2022-03-04T00:00:00+00:00, run_after=2022-03-05T00:00:00+00:00
[2023-11-20T18:28:29.799+0000] {processor.py:175} INFO - Processing /home/airflow/.local/lib/python3.7/site-packages/airflow/example_dags/example_dynamic_task_mapping.py took 0.076 seconds
[2023-11-20T18:29:00.562+0000] {processor.py:153} INFO - Started process (PID=312337) to work on /home/airflow/.local/lib/python3.7/site-packages/airflow/example_dags/example_dynamic_task_mapping.py
[2023-11-20T18:29:00.563+0000] {processor.py:743} INFO - Processing file /home/airflow/.local/lib/python3.7/site-packages/airflow/example_dags/example_dynamic_task_mapping.py for tasks to queue
[2023-11-20T18:29:00.565+0000] {logging_mixin.py:137} INFO - [2023-11-20T18:29:00.565+0000] {dagbag.py:538} INFO - Filling up the DagBag from /home/airflow/.local/lib/python3.7/site-packages/airflow/example_dags/example_dynamic_task_mapping.py
[2023-11-20T18:29:00.586+0000] {processor.py:753} INFO - DAG(s) dict_keys(['example_dynamic_task_mapping']) retrieved from /home/airflow/.local/lib/python3.7/site-packages/airflow/example_dags/example_dynamic_task_mapping.py
[2023-11-20T18:29:00.632+0000] {logging_mixin.py:137} INFO - [2023-11-20T18:29:00.632+0000] {dag.py:2690} INFO - Sync 1 DAGs
[2023-11-20T18:29:00.668+0000] {logging_mixin.py:137} INFO - [2023-11-20T18:29:00.668+0000] {dag.py:3441} INFO - Setting next_dagrun for example_dynamic_task_mapping to 2022-03-04T00:00:00+00:00, run_after=2022-03-05T00:00:00+00:00
[2023-11-20T18:29:00.688+0000] {processor.py:175} INFO - Processing /home/airflow/.local/lib/python3.7/site-packages/airflow/example_dags/example_dynamic_task_mapping.py took 0.132 seconds
[2023-11-20T18:29:30.895+0000] {processor.py:153} INFO - Started process (PID=312418) to work on /home/airflow/.local/lib/python3.7/site-packages/airflow/example_dags/example_dynamic_task_mapping.py
[2023-11-20T18:29:30.897+0000] {processor.py:743} INFO - Processing file /home/airflow/.local/lib/python3.7/site-packages/airflow/example_dags/example_dynamic_task_mapping.py for tasks to queue
[2023-11-20T18:29:30.898+0000] {logging_mixin.py:137} INFO - [2023-11-20T18:29:30.898+0000] {dagbag.py:538} INFO - Filling up the DagBag from /home/airflow/.local/lib/python3.7/site-packages/airflow/example_dags/example_dynamic_task_mapping.py
[2023-11-20T18:29:30.914+0000] {processor.py:753} INFO - DAG(s) dict_keys(['example_dynamic_task_mapping']) retrieved from /home/airflow/.local/lib/python3.7/site-packages/airflow/example_dags/example_dynamic_task_mapping.py
[2023-11-20T18:29:30.935+0000] {logging_mixin.py:137} INFO - [2023-11-20T18:29:30.935+0000] {dag.py:2690} INFO - Sync 1 DAGs
[2023-11-20T18:29:30.955+0000] {logging_mixin.py:137} INFO - [2023-11-20T18:29:30.955+0000] {dag.py:3441} INFO - Setting next_dagrun for example_dynamic_task_mapping to 2022-03-04T00:00:00+00:00, run_after=2022-03-05T00:00:00+00:00
[2023-11-20T18:29:30.970+0000] {processor.py:175} INFO - Processing /home/airflow/.local/lib/python3.7/site-packages/airflow/example_dags/example_dynamic_task_mapping.py took 0.078 seconds
[2023-11-20T19:02:52.313+0000] {processor.py:153} INFO - Started process (PID=312484) to work on /home/airflow/.local/lib/python3.7/site-packages/airflow/example_dags/example_dynamic_task_mapping.py
[2023-11-20T19:02:52.339+0000] {processor.py:743} INFO - Processing file /home/airflow/.local/lib/python3.7/site-packages/airflow/example_dags/example_dynamic_task_mapping.py for tasks to queue
[2023-11-20T19:02:52.342+0000] {logging_mixin.py:137} INFO - [2023-11-20T19:02:52.341+0000] {dagbag.py:538} INFO - Filling up the DagBag from /home/airflow/.local/lib/python3.7/site-packages/airflow/example_dags/example_dynamic_task_mapping.py
[2023-11-20T19:02:52.380+0000] {processor.py:753} INFO - DAG(s) dict_keys(['example_dynamic_task_mapping']) retrieved from /home/airflow/.local/lib/python3.7/site-packages/airflow/example_dags/example_dynamic_task_mapping.py
[2023-11-20T19:02:52.480+0000] {logging_mixin.py:137} INFO - [2023-11-20T19:02:52.480+0000] {dag.py:2690} INFO - Sync 1 DAGs
[2023-11-20T19:02:52.614+0000] {logging_mixin.py:137} INFO - [2023-11-20T19:02:52.614+0000] {dag.py:3441} INFO - Setting next_dagrun for example_dynamic_task_mapping to 2022-03-04T00:00:00+00:00, run_after=2022-03-05T00:00:00+00:00
[2023-11-20T19:02:52.677+0000] {processor.py:175} INFO - Processing /home/airflow/.local/lib/python3.7/site-packages/airflow/example_dags/example_dynamic_task_mapping.py took 0.368 seconds
[2023-11-20T19:26:49.943+0000] {processor.py:153} INFO - Started process (PID=312557) to work on /home/airflow/.local/lib/python3.7/site-packages/airflow/example_dags/example_dynamic_task_mapping.py
[2023-11-20T19:26:49.962+0000] {processor.py:743} INFO - Processing file /home/airflow/.local/lib/python3.7/site-packages/airflow/example_dags/example_dynamic_task_mapping.py for tasks to queue
[2023-11-20T19:26:49.967+0000] {logging_mixin.py:137} INFO - [2023-11-20T19:26:49.967+0000] {dagbag.py:538} INFO - Filling up the DagBag from /home/airflow/.local/lib/python3.7/site-packages/airflow/example_dags/example_dynamic_task_mapping.py
[2023-11-20T19:26:50.028+0000] {processor.py:753} INFO - DAG(s) dict_keys(['example_dynamic_task_mapping']) retrieved from /home/airflow/.local/lib/python3.7/site-packages/airflow/example_dags/example_dynamic_task_mapping.py
[2023-11-20T19:26:50.106+0000] {logging_mixin.py:137} INFO - [2023-11-20T19:26:50.106+0000] {dag.py:2690} INFO - Sync 1 DAGs
[2023-11-20T19:26:50.167+0000] {logging_mixin.py:137} INFO - [2023-11-20T19:26:50.167+0000] {dag.py:3441} INFO - Setting next_dagrun for example_dynamic_task_mapping to 2022-03-04T00:00:00+00:00, run_after=2022-03-05T00:00:00+00:00
[2023-11-20T19:26:50.230+0000] {processor.py:175} INFO - Processing /home/airflow/.local/lib/python3.7/site-packages/airflow/example_dags/example_dynamic_task_mapping.py took 0.293 seconds
[2023-11-20T19:32:36.660+0000] {processor.py:153} INFO - Started process (PID=312614) to work on /home/airflow/.local/lib/python3.7/site-packages/airflow/example_dags/example_dynamic_task_mapping.py
[2023-11-20T19:32:36.664+0000] {processor.py:743} INFO - Processing file /home/airflow/.local/lib/python3.7/site-packages/airflow/example_dags/example_dynamic_task_mapping.py for tasks to queue
[2023-11-20T19:32:36.667+0000] {logging_mixin.py:137} INFO - [2023-11-20T19:32:36.667+0000] {dagbag.py:538} INFO - Filling up the DagBag from /home/airflow/.local/lib/python3.7/site-packages/airflow/example_dags/example_dynamic_task_mapping.py
[2023-11-20T19:32:36.695+0000] {processor.py:753} INFO - DAG(s) dict_keys(['example_dynamic_task_mapping']) retrieved from /home/airflow/.local/lib/python3.7/site-packages/airflow/example_dags/example_dynamic_task_mapping.py
[2023-11-20T19:32:36.727+0000] {logging_mixin.py:137} INFO - [2023-11-20T19:32:36.726+0000] {dag.py:2690} INFO - Sync 1 DAGs
[2023-11-20T19:32:36.764+0000] {logging_mixin.py:137} INFO - [2023-11-20T19:32:36.764+0000] {dag.py:3441} INFO - Setting next_dagrun for example_dynamic_task_mapping to 2022-03-04T00:00:00+00:00, run_after=2022-03-05T00:00:00+00:00
[2023-11-20T19:32:36.793+0000] {processor.py:175} INFO - Processing /home/airflow/.local/lib/python3.7/site-packages/airflow/example_dags/example_dynamic_task_mapping.py took 0.152 seconds
[2023-11-20T19:33:08.056+0000] {processor.py:153} INFO - Started process (PID=312693) to work on /home/airflow/.local/lib/python3.7/site-packages/airflow/example_dags/example_dynamic_task_mapping.py
[2023-11-20T19:33:08.061+0000] {processor.py:743} INFO - Processing file /home/airflow/.local/lib/python3.7/site-packages/airflow/example_dags/example_dynamic_task_mapping.py for tasks to queue
[2023-11-20T19:33:08.067+0000] {logging_mixin.py:137} INFO - [2023-11-20T19:33:08.067+0000] {dagbag.py:538} INFO - Filling up the DagBag from /home/airflow/.local/lib/python3.7/site-packages/airflow/example_dags/example_dynamic_task_mapping.py
[2023-11-20T19:33:08.209+0000] {processor.py:753} INFO - DAG(s) dict_keys(['example_dynamic_task_mapping']) retrieved from /home/airflow/.local/lib/python3.7/site-packages/airflow/example_dags/example_dynamic_task_mapping.py
[2023-11-20T19:33:08.292+0000] {logging_mixin.py:137} INFO - [2023-11-20T19:33:08.292+0000] {dag.py:2690} INFO - Sync 1 DAGs
[2023-11-20T19:33:08.338+0000] {logging_mixin.py:137} INFO - [2023-11-20T19:33:08.338+0000] {dag.py:3441} INFO - Setting next_dagrun for example_dynamic_task_mapping to 2022-03-04T00:00:00+00:00, run_after=2022-03-05T00:00:00+00:00
[2023-11-20T19:33:08.372+0000] {processor.py:175} INFO - Processing /home/airflow/.local/lib/python3.7/site-packages/airflow/example_dags/example_dynamic_task_mapping.py took 0.320 seconds
[2023-11-20T19:33:38.464+0000] {processor.py:153} INFO - Started process (PID=312765) to work on /home/airflow/.local/lib/python3.7/site-packages/airflow/example_dags/example_dynamic_task_mapping.py
[2023-11-20T19:33:38.466+0000] {processor.py:743} INFO - Processing file /home/airflow/.local/lib/python3.7/site-packages/airflow/example_dags/example_dynamic_task_mapping.py for tasks to queue
[2023-11-20T19:33:38.467+0000] {logging_mixin.py:137} INFO - [2023-11-20T19:33:38.467+0000] {dagbag.py:538} INFO - Filling up the DagBag from /home/airflow/.local/lib/python3.7/site-packages/airflow/example_dags/example_dynamic_task_mapping.py
[2023-11-20T19:33:38.486+0000] {processor.py:753} INFO - DAG(s) dict_keys(['example_dynamic_task_mapping']) retrieved from /home/airflow/.local/lib/python3.7/site-packages/airflow/example_dags/example_dynamic_task_mapping.py
[2023-11-20T19:33:38.508+0000] {logging_mixin.py:137} INFO - [2023-11-20T19:33:38.508+0000] {dag.py:2690} INFO - Sync 1 DAGs
[2023-11-20T19:33:38.524+0000] {logging_mixin.py:137} INFO - [2023-11-20T19:33:38.524+0000] {dag.py:3441} INFO - Setting next_dagrun for example_dynamic_task_mapping to 2022-03-04T00:00:00+00:00, run_after=2022-03-05T00:00:00+00:00
[2023-11-20T19:33:38.537+0000] {processor.py:175} INFO - Processing /home/airflow/.local/lib/python3.7/site-packages/airflow/example_dags/example_dynamic_task_mapping.py took 0.076 seconds
[2023-11-20T19:34:09.530+0000] {processor.py:153} INFO - Started process (PID=312846) to work on /home/airflow/.local/lib/python3.7/site-packages/airflow/example_dags/example_dynamic_task_mapping.py
[2023-11-20T19:34:09.533+0000] {processor.py:743} INFO - Processing file /home/airflow/.local/lib/python3.7/site-packages/airflow/example_dags/example_dynamic_task_mapping.py for tasks to queue
[2023-11-20T19:34:09.541+0000] {logging_mixin.py:137} INFO - [2023-11-20T19:34:09.541+0000] {dagbag.py:538} INFO - Filling up the DagBag from /home/airflow/.local/lib/python3.7/site-packages/airflow/example_dags/example_dynamic_task_mapping.py
[2023-11-20T19:34:09.577+0000] {processor.py:753} INFO - DAG(s) dict_keys(['example_dynamic_task_mapping']) retrieved from /home/airflow/.local/lib/python3.7/site-packages/airflow/example_dags/example_dynamic_task_mapping.py
[2023-11-20T19:34:09.611+0000] {logging_mixin.py:137} INFO - [2023-11-20T19:34:09.611+0000] {dag.py:2690} INFO - Sync 1 DAGs
[2023-11-20T19:34:09.637+0000] {logging_mixin.py:137} INFO - [2023-11-20T19:34:09.637+0000] {dag.py:3441} INFO - Setting next_dagrun for example_dynamic_task_mapping to 2022-03-04T00:00:00+00:00, run_after=2022-03-05T00:00:00+00:00
[2023-11-20T19:34:09.685+0000] {processor.py:175} INFO - Processing /home/airflow/.local/lib/python3.7/site-packages/airflow/example_dags/example_dynamic_task_mapping.py took 0.160 seconds
[2023-11-20T19:34:40.533+0000] {processor.py:153} INFO - Started process (PID=312915) to work on /home/airflow/.local/lib/python3.7/site-packages/airflow/example_dags/example_dynamic_task_mapping.py
[2023-11-20T19:34:40.536+0000] {processor.py:743} INFO - Processing file /home/airflow/.local/lib/python3.7/site-packages/airflow/example_dags/example_dynamic_task_mapping.py for tasks to queue
[2023-11-20T19:34:40.537+0000] {logging_mixin.py:137} INFO - [2023-11-20T19:34:40.537+0000] {dagbag.py:538} INFO - Filling up the DagBag from /home/airflow/.local/lib/python3.7/site-packages/airflow/example_dags/example_dynamic_task_mapping.py
[2023-11-20T19:34:40.555+0000] {processor.py:753} INFO - DAG(s) dict_keys(['example_dynamic_task_mapping']) retrieved from /home/airflow/.local/lib/python3.7/site-packages/airflow/example_dags/example_dynamic_task_mapping.py
[2023-11-20T19:34:40.578+0000] {logging_mixin.py:137} INFO - [2023-11-20T19:34:40.578+0000] {dag.py:2690} INFO - Sync 1 DAGs
[2023-11-20T19:34:40.605+0000] {logging_mixin.py:137} INFO - [2023-11-20T19:34:40.605+0000] {dag.py:3441} INFO - Setting next_dagrun for example_dynamic_task_mapping to 2022-03-04T00:00:00+00:00, run_after=2022-03-05T00:00:00+00:00
[2023-11-20T19:34:40.617+0000] {processor.py:175} INFO - Processing /home/airflow/.local/lib/python3.7/site-packages/airflow/example_dags/example_dynamic_task_mapping.py took 0.087 seconds
[2023-11-20T19:35:12.357+0000] {processor.py:153} INFO - Started process (PID=312996) to work on /home/airflow/.local/lib/python3.7/site-packages/airflow/example_dags/example_dynamic_task_mapping.py
[2023-11-20T19:35:12.359+0000] {processor.py:743} INFO - Processing file /home/airflow/.local/lib/python3.7/site-packages/airflow/example_dags/example_dynamic_task_mapping.py for tasks to queue
[2023-11-20T19:35:12.361+0000] {logging_mixin.py:137} INFO - [2023-11-20T19:35:12.360+0000] {dagbag.py:538} INFO - Filling up the DagBag from /home/airflow/.local/lib/python3.7/site-packages/airflow/example_dags/example_dynamic_task_mapping.py
[2023-11-20T19:35:12.386+0000] {processor.py:753} INFO - DAG(s) dict_keys(['example_dynamic_task_mapping']) retrieved from /home/airflow/.local/lib/python3.7/site-packages/airflow/example_dags/example_dynamic_task_mapping.py
[2023-11-20T19:35:12.411+0000] {logging_mixin.py:137} INFO - [2023-11-20T19:35:12.411+0000] {dag.py:2690} INFO - Sync 1 DAGs
[2023-11-20T19:35:12.429+0000] {logging_mixin.py:137} INFO - [2023-11-20T19:35:12.429+0000] {dag.py:3441} INFO - Setting next_dagrun for example_dynamic_task_mapping to 2022-03-04T00:00:00+00:00, run_after=2022-03-05T00:00:00+00:00
[2023-11-20T19:35:12.443+0000] {processor.py:175} INFO - Processing /home/airflow/.local/lib/python3.7/site-packages/airflow/example_dags/example_dynamic_task_mapping.py took 0.089 seconds
[2023-11-20T19:35:42.664+0000] {processor.py:153} INFO - Started process (PID=313078) to work on /home/airflow/.local/lib/python3.7/site-packages/airflow/example_dags/example_dynamic_task_mapping.py
[2023-11-20T19:35:42.665+0000] {processor.py:743} INFO - Processing file /home/airflow/.local/lib/python3.7/site-packages/airflow/example_dags/example_dynamic_task_mapping.py for tasks to queue
[2023-11-20T19:35:42.666+0000] {logging_mixin.py:137} INFO - [2023-11-20T19:35:42.666+0000] {dagbag.py:538} INFO - Filling up the DagBag from /home/airflow/.local/lib/python3.7/site-packages/airflow/example_dags/example_dynamic_task_mapping.py
[2023-11-20T19:35:42.684+0000] {processor.py:753} INFO - DAG(s) dict_keys(['example_dynamic_task_mapping']) retrieved from /home/airflow/.local/lib/python3.7/site-packages/airflow/example_dags/example_dynamic_task_mapping.py
[2023-11-20T19:35:42.705+0000] {logging_mixin.py:137} INFO - [2023-11-20T19:35:42.705+0000] {dag.py:2690} INFO - Sync 1 DAGs
[2023-11-20T19:35:42.724+0000] {logging_mixin.py:137} INFO - [2023-11-20T19:35:42.724+0000] {dag.py:3441} INFO - Setting next_dagrun for example_dynamic_task_mapping to 2022-03-04T00:00:00+00:00, run_after=2022-03-05T00:00:00+00:00
[2023-11-20T19:35:42.736+0000] {processor.py:175} INFO - Processing /home/airflow/.local/lib/python3.7/site-packages/airflow/example_dags/example_dynamic_task_mapping.py took 0.077 seconds
[2023-11-20T19:36:12.827+0000] {processor.py:153} INFO - Started process (PID=313147) to work on /home/airflow/.local/lib/python3.7/site-packages/airflow/example_dags/example_dynamic_task_mapping.py
[2023-11-20T19:36:12.829+0000] {processor.py:743} INFO - Processing file /home/airflow/.local/lib/python3.7/site-packages/airflow/example_dags/example_dynamic_task_mapping.py for tasks to queue
[2023-11-20T19:36:12.830+0000] {logging_mixin.py:137} INFO - [2023-11-20T19:36:12.830+0000] {dagbag.py:538} INFO - Filling up the DagBag from /home/airflow/.local/lib/python3.7/site-packages/airflow/example_dags/example_dynamic_task_mapping.py
[2023-11-20T19:36:12.849+0000] {processor.py:753} INFO - DAG(s) dict_keys(['example_dynamic_task_mapping']) retrieved from /home/airflow/.local/lib/python3.7/site-packages/airflow/example_dags/example_dynamic_task_mapping.py
[2023-11-20T19:36:12.872+0000] {logging_mixin.py:137} INFO - [2023-11-20T19:36:12.872+0000] {dag.py:2690} INFO - Sync 1 DAGs
[2023-11-20T19:36:12.891+0000] {logging_mixin.py:137} INFO - [2023-11-20T19:36:12.891+0000] {dag.py:3441} INFO - Setting next_dagrun for example_dynamic_task_mapping to 2022-03-04T00:00:00+00:00, run_after=2022-03-05T00:00:00+00:00
[2023-11-20T19:36:12.903+0000] {processor.py:175} INFO - Processing /home/airflow/.local/lib/python3.7/site-packages/airflow/example_dags/example_dynamic_task_mapping.py took 0.078 seconds
[2023-11-20T19:36:43.396+0000] {processor.py:153} INFO - Started process (PID=313227) to work on /home/airflow/.local/lib/python3.7/site-packages/airflow/example_dags/example_dynamic_task_mapping.py
[2023-11-20T19:36:43.398+0000] {processor.py:743} INFO - Processing file /home/airflow/.local/lib/python3.7/site-packages/airflow/example_dags/example_dynamic_task_mapping.py for tasks to queue
[2023-11-20T19:36:43.400+0000] {logging_mixin.py:137} INFO - [2023-11-20T19:36:43.399+0000] {dagbag.py:538} INFO - Filling up the DagBag from /home/airflow/.local/lib/python3.7/site-packages/airflow/example_dags/example_dynamic_task_mapping.py
[2023-11-20T19:36:43.418+0000] {processor.py:753} INFO - DAG(s) dict_keys(['example_dynamic_task_mapping']) retrieved from /home/airflow/.local/lib/python3.7/site-packages/airflow/example_dags/example_dynamic_task_mapping.py
[2023-11-20T19:36:43.441+0000] {logging_mixin.py:137} INFO - [2023-11-20T19:36:43.441+0000] {dag.py:2690} INFO - Sync 1 DAGs
[2023-11-20T19:36:43.461+0000] {logging_mixin.py:137} INFO - [2023-11-20T19:36:43.461+0000] {dag.py:3441} INFO - Setting next_dagrun for example_dynamic_task_mapping to 2022-03-04T00:00:00+00:00, run_after=2022-03-05T00:00:00+00:00
[2023-11-20T19:36:43.473+0000] {processor.py:175} INFO - Processing /home/airflow/.local/lib/python3.7/site-packages/airflow/example_dags/example_dynamic_task_mapping.py took 0.081 seconds
[2023-11-20T19:37:15.075+0000] {processor.py:153} INFO - Started process (PID=313305) to work on /home/airflow/.local/lib/python3.7/site-packages/airflow/example_dags/example_dynamic_task_mapping.py
[2023-11-20T19:37:15.076+0000] {processor.py:743} INFO - Processing file /home/airflow/.local/lib/python3.7/site-packages/airflow/example_dags/example_dynamic_task_mapping.py for tasks to queue
[2023-11-20T19:37:15.078+0000] {logging_mixin.py:137} INFO - [2023-11-20T19:37:15.077+0000] {dagbag.py:538} INFO - Filling up the DagBag from /home/airflow/.local/lib/python3.7/site-packages/airflow/example_dags/example_dynamic_task_mapping.py
[2023-11-20T19:37:15.098+0000] {processor.py:753} INFO - DAG(s) dict_keys(['example_dynamic_task_mapping']) retrieved from /home/airflow/.local/lib/python3.7/site-packages/airflow/example_dags/example_dynamic_task_mapping.py
[2023-11-20T19:37:15.121+0000] {logging_mixin.py:137} INFO - [2023-11-20T19:37:15.121+0000] {dag.py:2690} INFO - Sync 1 DAGs
[2023-11-20T19:37:15.143+0000] {logging_mixin.py:137} INFO - [2023-11-20T19:37:15.143+0000] {dag.py:3441} INFO - Setting next_dagrun for example_dynamic_task_mapping to 2022-03-04T00:00:00+00:00, run_after=2022-03-05T00:00:00+00:00
[2023-11-20T19:37:15.156+0000] {processor.py:175} INFO - Processing /home/airflow/.local/lib/python3.7/site-packages/airflow/example_dags/example_dynamic_task_mapping.py took 0.084 seconds
[2023-11-20T20:01:11.745+0000] {processor.py:153} INFO - Started process (PID=313365) to work on /home/airflow/.local/lib/python3.7/site-packages/airflow/example_dags/example_dynamic_task_mapping.py
[2023-11-20T20:01:11.747+0000] {processor.py:743} INFO - Processing file /home/airflow/.local/lib/python3.7/site-packages/airflow/example_dags/example_dynamic_task_mapping.py for tasks to queue
[2023-11-20T20:01:11.748+0000] {logging_mixin.py:137} INFO - [2023-11-20T20:01:11.748+0000] {dagbag.py:538} INFO - Filling up the DagBag from /home/airflow/.local/lib/python3.7/site-packages/airflow/example_dags/example_dynamic_task_mapping.py
[2023-11-20T20:01:11.774+0000] {processor.py:753} INFO - DAG(s) dict_keys(['example_dynamic_task_mapping']) retrieved from /home/airflow/.local/lib/python3.7/site-packages/airflow/example_dags/example_dynamic_task_mapping.py
[2023-11-20T20:01:11.801+0000] {logging_mixin.py:137} INFO - [2023-11-20T20:01:11.801+0000] {dag.py:2690} INFO - Sync 1 DAGs
[2023-11-20T20:01:11.820+0000] {logging_mixin.py:137} INFO - [2023-11-20T20:01:11.820+0000] {dag.py:3441} INFO - Setting next_dagrun for example_dynamic_task_mapping to 2022-03-04T00:00:00+00:00, run_after=2022-03-05T00:00:00+00:00
[2023-11-20T20:01:11.832+0000] {processor.py:175} INFO - Processing /home/airflow/.local/lib/python3.7/site-packages/airflow/example_dags/example_dynamic_task_mapping.py took 0.091 seconds
[2023-11-20T20:18:59.835+0000] {processor.py:153} INFO - Started process (PID=313432) to work on /home/airflow/.local/lib/python3.7/site-packages/airflow/example_dags/example_dynamic_task_mapping.py
[2023-11-20T20:18:59.838+0000] {processor.py:743} INFO - Processing file /home/airflow/.local/lib/python3.7/site-packages/airflow/example_dags/example_dynamic_task_mapping.py for tasks to queue
[2023-11-20T20:18:59.839+0000] {logging_mixin.py:137} INFO - [2023-11-20T20:18:59.839+0000] {dagbag.py:538} INFO - Filling up the DagBag from /home/airflow/.local/lib/python3.7/site-packages/airflow/example_dags/example_dynamic_task_mapping.py
[2023-11-20T20:18:59.869+0000] {processor.py:753} INFO - DAG(s) dict_keys(['example_dynamic_task_mapping']) retrieved from /home/airflow/.local/lib/python3.7/site-packages/airflow/example_dags/example_dynamic_task_mapping.py
[2023-11-20T20:18:59.915+0000] {logging_mixin.py:137} INFO - [2023-11-20T20:18:59.915+0000] {dag.py:2690} INFO - Sync 1 DAGs
[2023-11-20T20:18:59.943+0000] {logging_mixin.py:137} INFO - [2023-11-20T20:18:59.943+0000] {dag.py:3441} INFO - Setting next_dagrun for example_dynamic_task_mapping to 2022-03-04T00:00:00+00:00, run_after=2022-03-05T00:00:00+00:00
[2023-11-20T20:18:59.991+0000] {processor.py:175} INFO - Processing /home/airflow/.local/lib/python3.7/site-packages/airflow/example_dags/example_dynamic_task_mapping.py took 0.164 seconds
[2023-11-20T20:19:30.230+0000] {processor.py:153} INFO - Started process (PID=313501) to work on /home/airflow/.local/lib/python3.7/site-packages/airflow/example_dags/example_dynamic_task_mapping.py
[2023-11-20T20:19:30.232+0000] {processor.py:743} INFO - Processing file /home/airflow/.local/lib/python3.7/site-packages/airflow/example_dags/example_dynamic_task_mapping.py for tasks to queue
[2023-11-20T20:19:30.233+0000] {logging_mixin.py:137} INFO - [2023-11-20T20:19:30.233+0000] {dagbag.py:538} INFO - Filling up the DagBag from /home/airflow/.local/lib/python3.7/site-packages/airflow/example_dags/example_dynamic_task_mapping.py
[2023-11-20T20:19:30.253+0000] {processor.py:753} INFO - DAG(s) dict_keys(['example_dynamic_task_mapping']) retrieved from /home/airflow/.local/lib/python3.7/site-packages/airflow/example_dags/example_dynamic_task_mapping.py
[2023-11-20T20:19:30.273+0000] {logging_mixin.py:137} INFO - [2023-11-20T20:19:30.273+0000] {dag.py:2690} INFO - Sync 1 DAGs
[2023-11-20T20:19:30.289+0000] {logging_mixin.py:137} INFO - [2023-11-20T20:19:30.288+0000] {dag.py:3441} INFO - Setting next_dagrun for example_dynamic_task_mapping to 2022-03-04T00:00:00+00:00, run_after=2022-03-05T00:00:00+00:00
[2023-11-20T20:19:30.300+0000] {processor.py:175} INFO - Processing /home/airflow/.local/lib/python3.7/site-packages/airflow/example_dags/example_dynamic_task_mapping.py took 0.073 seconds
[2023-11-20T20:20:01.452+0000] {processor.py:153} INFO - Started process (PID=313581) to work on /home/airflow/.local/lib/python3.7/site-packages/airflow/example_dags/example_dynamic_task_mapping.py
[2023-11-20T20:20:01.454+0000] {processor.py:743} INFO - Processing file /home/airflow/.local/lib/python3.7/site-packages/airflow/example_dags/example_dynamic_task_mapping.py for tasks to queue
[2023-11-20T20:20:01.456+0000] {logging_mixin.py:137} INFO - [2023-11-20T20:20:01.455+0000] {dagbag.py:538} INFO - Filling up the DagBag from /home/airflow/.local/lib/python3.7/site-packages/airflow/example_dags/example_dynamic_task_mapping.py
[2023-11-20T20:20:01.479+0000] {processor.py:753} INFO - DAG(s) dict_keys(['example_dynamic_task_mapping']) retrieved from /home/airflow/.local/lib/python3.7/site-packages/airflow/example_dags/example_dynamic_task_mapping.py
[2023-11-20T20:20:01.503+0000] {logging_mixin.py:137} INFO - [2023-11-20T20:20:01.502+0000] {dag.py:2690} INFO - Sync 1 DAGs
[2023-11-20T20:20:01.523+0000] {logging_mixin.py:137} INFO - [2023-11-20T20:20:01.523+0000] {dag.py:3441} INFO - Setting next_dagrun for example_dynamic_task_mapping to 2022-03-04T00:00:00+00:00, run_after=2022-03-05T00:00:00+00:00
[2023-11-20T20:20:01.535+0000] {processor.py:175} INFO - Processing /home/airflow/.local/lib/python3.7/site-packages/airflow/example_dags/example_dynamic_task_mapping.py took 0.087 seconds
[2023-11-20T20:20:32.073+0000] {processor.py:153} INFO - Started process (PID=313650) to work on /home/airflow/.local/lib/python3.7/site-packages/airflow/example_dags/example_dynamic_task_mapping.py
[2023-11-20T20:20:32.079+0000] {processor.py:743} INFO - Processing file /home/airflow/.local/lib/python3.7/site-packages/airflow/example_dags/example_dynamic_task_mapping.py for tasks to queue
[2023-11-20T20:20:32.083+0000] {logging_mixin.py:137} INFO - [2023-11-20T20:20:32.082+0000] {dagbag.py:538} INFO - Filling up the DagBag from /home/airflow/.local/lib/python3.7/site-packages/airflow/example_dags/example_dynamic_task_mapping.py
[2023-11-20T20:20:32.108+0000] {processor.py:753} INFO - DAG(s) dict_keys(['example_dynamic_task_mapping']) retrieved from /home/airflow/.local/lib/python3.7/site-packages/airflow/example_dags/example_dynamic_task_mapping.py
[2023-11-20T20:20:32.134+0000] {logging_mixin.py:137} INFO - [2023-11-20T20:20:32.134+0000] {dag.py:2690} INFO - Sync 1 DAGs
[2023-11-20T20:20:32.155+0000] {logging_mixin.py:137} INFO - [2023-11-20T20:20:32.155+0000] {dag.py:3441} INFO - Setting next_dagrun for example_dynamic_task_mapping to 2022-03-04T00:00:00+00:00, run_after=2022-03-05T00:00:00+00:00
[2023-11-20T20:20:32.167+0000] {processor.py:175} INFO - Processing /home/airflow/.local/lib/python3.7/site-packages/airflow/example_dags/example_dynamic_task_mapping.py took 0.097 seconds
[2023-11-20T20:21:02.817+0000] {processor.py:153} INFO - Started process (PID=313730) to work on /home/airflow/.local/lib/python3.7/site-packages/airflow/example_dags/example_dynamic_task_mapping.py
[2023-11-20T20:21:02.819+0000] {processor.py:743} INFO - Processing file /home/airflow/.local/lib/python3.7/site-packages/airflow/example_dags/example_dynamic_task_mapping.py for tasks to queue
[2023-11-20T20:21:02.821+0000] {logging_mixin.py:137} INFO - [2023-11-20T20:21:02.821+0000] {dagbag.py:538} INFO - Filling up the DagBag from /home/airflow/.local/lib/python3.7/site-packages/airflow/example_dags/example_dynamic_task_mapping.py
[2023-11-20T20:21:02.840+0000] {processor.py:753} INFO - DAG(s) dict_keys(['example_dynamic_task_mapping']) retrieved from /home/airflow/.local/lib/python3.7/site-packages/airflow/example_dags/example_dynamic_task_mapping.py
[2023-11-20T20:21:02.863+0000] {logging_mixin.py:137} INFO - [2023-11-20T20:21:02.863+0000] {dag.py:2690} INFO - Sync 1 DAGs
[2023-11-20T20:21:02.879+0000] {logging_mixin.py:137} INFO - [2023-11-20T20:21:02.879+0000] {dag.py:3441} INFO - Setting next_dagrun for example_dynamic_task_mapping to 2022-03-04T00:00:00+00:00, run_after=2022-03-05T00:00:00+00:00
[2023-11-20T20:21:02.891+0000] {processor.py:175} INFO - Processing /home/airflow/.local/lib/python3.7/site-packages/airflow/example_dags/example_dynamic_task_mapping.py took 0.078 seconds
[2023-11-20T20:21:34.911+0000] {processor.py:153} INFO - Started process (PID=313800) to work on /home/airflow/.local/lib/python3.7/site-packages/airflow/example_dags/example_dynamic_task_mapping.py
[2023-11-20T20:21:34.918+0000] {processor.py:743} INFO - Processing file /home/airflow/.local/lib/python3.7/site-packages/airflow/example_dags/example_dynamic_task_mapping.py for tasks to queue
[2023-11-20T20:21:34.930+0000] {logging_mixin.py:137} INFO - [2023-11-20T20:21:34.929+0000] {dagbag.py:538} INFO - Filling up the DagBag from /home/airflow/.local/lib/python3.7/site-packages/airflow/example_dags/example_dynamic_task_mapping.py
[2023-11-20T20:21:35.021+0000] {processor.py:753} INFO - DAG(s) dict_keys(['example_dynamic_task_mapping']) retrieved from /home/airflow/.local/lib/python3.7/site-packages/airflow/example_dags/example_dynamic_task_mapping.py
[2023-11-20T20:21:35.059+0000] {logging_mixin.py:137} INFO - [2023-11-20T20:21:35.059+0000] {dag.py:2690} INFO - Sync 1 DAGs
[2023-11-20T20:21:35.159+0000] {logging_mixin.py:137} INFO - [2023-11-20T20:21:35.159+0000] {dag.py:3441} INFO - Setting next_dagrun for example_dynamic_task_mapping to 2022-03-04T00:00:00+00:00, run_after=2022-03-05T00:00:00+00:00
[2023-11-20T20:21:35.209+0000] {processor.py:175} INFO - Processing /home/airflow/.local/lib/python3.7/site-packages/airflow/example_dags/example_dynamic_task_mapping.py took 0.320 seconds
[2023-11-20T20:39:26.691+0000] {processor.py:153} INFO - Started process (PID=313869) to work on /home/airflow/.local/lib/python3.7/site-packages/airflow/example_dags/example_dynamic_task_mapping.py
[2023-11-20T20:39:26.693+0000] {processor.py:743} INFO - Processing file /home/airflow/.local/lib/python3.7/site-packages/airflow/example_dags/example_dynamic_task_mapping.py for tasks to queue
[2023-11-20T20:39:26.694+0000] {logging_mixin.py:137} INFO - [2023-11-20T20:39:26.694+0000] {dagbag.py:538} INFO - Filling up the DagBag from /home/airflow/.local/lib/python3.7/site-packages/airflow/example_dags/example_dynamic_task_mapping.py
[2023-11-20T20:39:26.716+0000] {processor.py:753} INFO - DAG(s) dict_keys(['example_dynamic_task_mapping']) retrieved from /home/airflow/.local/lib/python3.7/site-packages/airflow/example_dags/example_dynamic_task_mapping.py
[2023-11-20T20:39:26.755+0000] {logging_mixin.py:137} INFO - [2023-11-20T20:39:26.755+0000] {dag.py:2690} INFO - Sync 1 DAGs
[2023-11-20T20:39:26.774+0000] {logging_mixin.py:137} INFO - [2023-11-20T20:39:26.774+0000] {dag.py:3441} INFO - Setting next_dagrun for example_dynamic_task_mapping to 2022-03-04T00:00:00+00:00, run_after=2022-03-05T00:00:00+00:00
[2023-11-20T20:39:26.800+0000] {processor.py:175} INFO - Processing /home/airflow/.local/lib/python3.7/site-packages/airflow/example_dags/example_dynamic_task_mapping.py took 0.112 seconds
[2023-11-20T21:43:59.596+0000] {processor.py:153} INFO - Started process (PID=313938) to work on /home/airflow/.local/lib/python3.7/site-packages/airflow/example_dags/example_dynamic_task_mapping.py
[2023-11-20T21:43:59.598+0000] {processor.py:743} INFO - Processing file /home/airflow/.local/lib/python3.7/site-packages/airflow/example_dags/example_dynamic_task_mapping.py for tasks to queue
[2023-11-20T21:43:59.600+0000] {logging_mixin.py:137} INFO - [2023-11-20T21:43:59.600+0000] {dagbag.py:538} INFO - Filling up the DagBag from /home/airflow/.local/lib/python3.7/site-packages/airflow/example_dags/example_dynamic_task_mapping.py
[2023-11-20T21:43:59.627+0000] {processor.py:753} INFO - DAG(s) dict_keys(['example_dynamic_task_mapping']) retrieved from /home/airflow/.local/lib/python3.7/site-packages/airflow/example_dags/example_dynamic_task_mapping.py
[2023-11-20T21:43:59.653+0000] {logging_mixin.py:137} INFO - [2023-11-20T21:43:59.653+0000] {dag.py:2690} INFO - Sync 1 DAGs
[2023-11-20T21:43:59.690+0000] {logging_mixin.py:137} INFO - [2023-11-20T21:43:59.689+0000] {dag.py:3441} INFO - Setting next_dagrun for example_dynamic_task_mapping to 2022-03-04T00:00:00+00:00, run_after=2022-03-05T00:00:00+00:00
[2023-11-20T21:43:59.709+0000] {processor.py:175} INFO - Processing /home/airflow/.local/lib/python3.7/site-packages/airflow/example_dags/example_dynamic_task_mapping.py took 0.120 seconds
[2023-11-20T23:07:00.436+0000] {processor.py:153} INFO - Started process (PID=314015) to work on /home/airflow/.local/lib/python3.7/site-packages/airflow/example_dags/example_dynamic_task_mapping.py
[2023-11-20T23:07:00.438+0000] {processor.py:743} INFO - Processing file /home/airflow/.local/lib/python3.7/site-packages/airflow/example_dags/example_dynamic_task_mapping.py for tasks to queue
[2023-11-20T23:07:00.441+0000] {logging_mixin.py:137} INFO - [2023-11-20T23:07:00.441+0000] {dagbag.py:538} INFO - Filling up the DagBag from /home/airflow/.local/lib/python3.7/site-packages/airflow/example_dags/example_dynamic_task_mapping.py
[2023-11-20T23:07:00.485+0000] {processor.py:753} INFO - DAG(s) dict_keys(['example_dynamic_task_mapping']) retrieved from /home/airflow/.local/lib/python3.7/site-packages/airflow/example_dags/example_dynamic_task_mapping.py
[2023-11-20T23:07:00.518+0000] {logging_mixin.py:137} INFO - [2023-11-20T23:07:00.518+0000] {dag.py:2690} INFO - Sync 1 DAGs
[2023-11-20T23:07:00.545+0000] {logging_mixin.py:137} INFO - [2023-11-20T23:07:00.545+0000] {dag.py:3441} INFO - Setting next_dagrun for example_dynamic_task_mapping to 2022-03-04T00:00:00+00:00, run_after=2022-03-05T00:00:00+00:00
[2023-11-20T23:07:00.565+0000] {processor.py:175} INFO - Processing /home/airflow/.local/lib/python3.7/site-packages/airflow/example_dags/example_dynamic_task_mapping.py took 0.132 seconds
