[2023-11-20T02:44:54.679+0000] {processor.py:153} INFO - Started process (PID=309882) to work on /home/airflow/.local/lib/python3.7/site-packages/airflow/example_dags/example_task_group_decorator.py
[2023-11-20T02:44:54.760+0000] {processor.py:743} INFO - Processing file /home/airflow/.local/lib/python3.7/site-packages/airflow/example_dags/example_task_group_decorator.py for tasks to queue
[2023-11-20T02:44:54.769+0000] {logging_mixin.py:137} INFO - [2023-11-20T02:44:54.769+0000] {dagbag.py:538} INFO - Filling up the DagBag from /home/airflow/.local/lib/python3.7/site-packages/airflow/example_dags/example_task_group_decorator.py
[2023-11-20T02:44:56.065+0000] {processor.py:753} INFO - DAG(s) dict_keys(['example_task_group_decorator']) retrieved from /home/airflow/.local/lib/python3.7/site-packages/airflow/example_dags/example_task_group_decorator.py
[2023-11-20T02:44:56.203+0000] {logging_mixin.py:137} INFO - [2023-11-20T02:44:56.203+0000] {dag.py:2690} INFO - Sync 1 DAGs
[2023-11-20T02:44:56.675+0000] {logging_mixin.py:137} INFO - [2023-11-20T02:44:56.675+0000] {dag.py:3441} INFO - Setting next_dagrun for example_task_group_decorator to 2023-11-19T02:44:56.674680+00:00, run_after=2023-11-20T02:44:56.674680+00:00
[2023-11-20T02:44:57.254+0000] {processor.py:175} INFO - Processing /home/airflow/.local/lib/python3.7/site-packages/airflow/example_dags/example_task_group_decorator.py took 2.771 seconds
[2023-11-20T07:56:31.296+0000] {processor.py:153} INFO - Started process (PID=310027) to work on /home/airflow/.local/lib/python3.7/site-packages/airflow/example_dags/example_task_group_decorator.py
[2023-11-20T07:56:31.300+0000] {processor.py:743} INFO - Processing file /home/airflow/.local/lib/python3.7/site-packages/airflow/example_dags/example_task_group_decorator.py for tasks to queue
[2023-11-20T07:56:31.303+0000] {logging_mixin.py:137} INFO - [2023-11-20T07:56:31.303+0000] {dagbag.py:538} INFO - Filling up the DagBag from /home/airflow/.local/lib/python3.7/site-packages/airflow/example_dags/example_task_group_decorator.py
[2023-11-20T07:56:31.422+0000] {processor.py:753} INFO - DAG(s) dict_keys(['example_task_group_decorator']) retrieved from /home/airflow/.local/lib/python3.7/site-packages/airflow/example_dags/example_task_group_decorator.py
[2023-11-20T07:56:31.593+0000] {logging_mixin.py:137} INFO - [2023-11-20T07:56:31.585+0000] {dag.py:2690} INFO - Sync 1 DAGs
[2023-11-20T07:56:31.793+0000] {logging_mixin.py:137} INFO - [2023-11-20T07:56:31.793+0000] {dag.py:3441} INFO - Setting next_dagrun for example_task_group_decorator to 2023-11-19T07:56:31.792963+00:00, run_after=2023-11-20T07:56:31.792963+00:00
[2023-11-20T07:56:31.862+0000] {processor.py:175} INFO - Processing /home/airflow/.local/lib/python3.7/site-packages/airflow/example_dags/example_task_group_decorator.py took 0.571 seconds
[2023-11-20T07:57:02.390+0000] {processor.py:153} INFO - Started process (PID=310101) to work on /home/airflow/.local/lib/python3.7/site-packages/airflow/example_dags/example_task_group_decorator.py
[2023-11-20T07:57:02.395+0000] {processor.py:743} INFO - Processing file /home/airflow/.local/lib/python3.7/site-packages/airflow/example_dags/example_task_group_decorator.py for tasks to queue
[2023-11-20T07:57:02.399+0000] {logging_mixin.py:137} INFO - [2023-11-20T07:57:02.398+0000] {dagbag.py:538} INFO - Filling up the DagBag from /home/airflow/.local/lib/python3.7/site-packages/airflow/example_dags/example_task_group_decorator.py
[2023-11-20T07:57:02.426+0000] {processor.py:753} INFO - DAG(s) dict_keys(['example_task_group_decorator']) retrieved from /home/airflow/.local/lib/python3.7/site-packages/airflow/example_dags/example_task_group_decorator.py
[2023-11-20T07:57:02.457+0000] {logging_mixin.py:137} INFO - [2023-11-20T07:57:02.457+0000] {dag.py:2690} INFO - Sync 1 DAGs
[2023-11-20T07:57:02.484+0000] {logging_mixin.py:137} INFO - [2023-11-20T07:57:02.484+0000] {dag.py:3441} INFO - Setting next_dagrun for example_task_group_decorator to 2023-11-19T07:57:02.484091+00:00, run_after=2023-11-20T07:57:02.484091+00:00
[2023-11-20T07:57:02.498+0000] {processor.py:175} INFO - Processing /home/airflow/.local/lib/python3.7/site-packages/airflow/example_dags/example_task_group_decorator.py took 0.111 seconds
[2023-11-20T07:57:32.871+0000] {processor.py:153} INFO - Started process (PID=310183) to work on /home/airflow/.local/lib/python3.7/site-packages/airflow/example_dags/example_task_group_decorator.py
[2023-11-20T07:57:32.873+0000] {processor.py:743} INFO - Processing file /home/airflow/.local/lib/python3.7/site-packages/airflow/example_dags/example_task_group_decorator.py for tasks to queue
[2023-11-20T07:57:32.874+0000] {logging_mixin.py:137} INFO - [2023-11-20T07:57:32.874+0000] {dagbag.py:538} INFO - Filling up the DagBag from /home/airflow/.local/lib/python3.7/site-packages/airflow/example_dags/example_task_group_decorator.py
[2023-11-20T07:57:32.895+0000] {processor.py:753} INFO - DAG(s) dict_keys(['example_task_group_decorator']) retrieved from /home/airflow/.local/lib/python3.7/site-packages/airflow/example_dags/example_task_group_decorator.py
[2023-11-20T07:57:32.924+0000] {logging_mixin.py:137} INFO - [2023-11-20T07:57:32.924+0000] {dag.py:2690} INFO - Sync 1 DAGs
[2023-11-20T07:57:32.951+0000] {logging_mixin.py:137} INFO - [2023-11-20T07:57:32.951+0000] {dag.py:3441} INFO - Setting next_dagrun for example_task_group_decorator to 2023-11-19T07:57:32.951039+00:00, run_after=2023-11-20T07:57:32.951039+00:00
[2023-11-20T07:57:32.968+0000] {processor.py:175} INFO - Processing /home/airflow/.local/lib/python3.7/site-packages/airflow/example_dags/example_task_group_decorator.py took 0.100 seconds
[2023-11-20T07:58:03.255+0000] {processor.py:153} INFO - Started process (PID=310251) to work on /home/airflow/.local/lib/python3.7/site-packages/airflow/example_dags/example_task_group_decorator.py
[2023-11-20T07:58:03.259+0000] {processor.py:743} INFO - Processing file /home/airflow/.local/lib/python3.7/site-packages/airflow/example_dags/example_task_group_decorator.py for tasks to queue
[2023-11-20T07:58:03.261+0000] {logging_mixin.py:137} INFO - [2023-11-20T07:58:03.261+0000] {dagbag.py:538} INFO - Filling up the DagBag from /home/airflow/.local/lib/python3.7/site-packages/airflow/example_dags/example_task_group_decorator.py
[2023-11-20T07:58:03.328+0000] {processor.py:753} INFO - DAG(s) dict_keys(['example_task_group_decorator']) retrieved from /home/airflow/.local/lib/python3.7/site-packages/airflow/example_dags/example_task_group_decorator.py
[2023-11-20T07:58:03.371+0000] {logging_mixin.py:137} INFO - [2023-11-20T07:58:03.371+0000] {dag.py:2690} INFO - Sync 1 DAGs
[2023-11-20T07:58:03.400+0000] {logging_mixin.py:137} INFO - [2023-11-20T07:58:03.400+0000] {dag.py:3441} INFO - Setting next_dagrun for example_task_group_decorator to 2023-11-19T07:58:03.400163+00:00, run_after=2023-11-20T07:58:03.400163+00:00
[2023-11-20T07:58:03.428+0000] {processor.py:175} INFO - Processing /home/airflow/.local/lib/python3.7/site-packages/airflow/example_dags/example_task_group_decorator.py took 0.179 seconds
[2023-11-20T07:58:36.079+0000] {processor.py:153} INFO - Started process (PID=310329) to work on /home/airflow/.local/lib/python3.7/site-packages/airflow/example_dags/example_task_group_decorator.py
[2023-11-20T07:58:36.084+0000] {processor.py:743} INFO - Processing file /home/airflow/.local/lib/python3.7/site-packages/airflow/example_dags/example_task_group_decorator.py for tasks to queue
[2023-11-20T07:58:36.087+0000] {logging_mixin.py:137} INFO - [2023-11-20T07:58:36.087+0000] {dagbag.py:538} INFO - Filling up the DagBag from /home/airflow/.local/lib/python3.7/site-packages/airflow/example_dags/example_task_group_decorator.py
[2023-11-20T07:58:36.172+0000] {processor.py:753} INFO - DAG(s) dict_keys(['example_task_group_decorator']) retrieved from /home/airflow/.local/lib/python3.7/site-packages/airflow/example_dags/example_task_group_decorator.py
[2023-11-20T07:58:36.223+0000] {logging_mixin.py:137} INFO - [2023-11-20T07:58:36.223+0000] {dag.py:2690} INFO - Sync 1 DAGs
[2023-11-20T07:58:36.318+0000] {logging_mixin.py:137} INFO - [2023-11-20T07:58:36.318+0000] {dag.py:3441} INFO - Setting next_dagrun for example_task_group_decorator to 2023-11-19T07:58:36.317096+00:00, run_after=2023-11-20T07:58:36.317096+00:00
[2023-11-20T07:58:36.383+0000] {processor.py:175} INFO - Processing /home/airflow/.local/lib/python3.7/site-packages/airflow/example_dags/example_task_group_decorator.py took 0.314 seconds
[2023-11-20T08:03:24.407+0000] {processor.py:153} INFO - Started process (PID=310422) to work on /home/airflow/.local/lib/python3.7/site-packages/airflow/example_dags/example_task_group_decorator.py
[2023-11-20T08:03:24.409+0000] {processor.py:743} INFO - Processing file /home/airflow/.local/lib/python3.7/site-packages/airflow/example_dags/example_task_group_decorator.py for tasks to queue
[2023-11-20T08:03:24.410+0000] {logging_mixin.py:137} INFO - [2023-11-20T08:03:24.410+0000] {dagbag.py:538} INFO - Filling up the DagBag from /home/airflow/.local/lib/python3.7/site-packages/airflow/example_dags/example_task_group_decorator.py
[2023-11-20T08:03:24.440+0000] {processor.py:753} INFO - DAG(s) dict_keys(['example_task_group_decorator']) retrieved from /home/airflow/.local/lib/python3.7/site-packages/airflow/example_dags/example_task_group_decorator.py
[2023-11-20T08:03:24.467+0000] {logging_mixin.py:137} INFO - [2023-11-20T08:03:24.467+0000] {dag.py:2690} INFO - Sync 1 DAGs
[2023-11-20T08:03:24.490+0000] {logging_mixin.py:137} INFO - [2023-11-20T08:03:24.490+0000] {dag.py:3441} INFO - Setting next_dagrun for example_task_group_decorator to 2023-11-19T08:03:24.490104+00:00, run_after=2023-11-20T08:03:24.490104+00:00
[2023-11-20T08:03:24.527+0000] {processor.py:175} INFO - Processing /home/airflow/.local/lib/python3.7/site-packages/airflow/example_dags/example_task_group_decorator.py took 0.125 seconds
[2023-11-20T08:04:06.233+0000] {processor.py:153} INFO - Started process (PID=310502) to work on /home/airflow/.local/lib/python3.7/site-packages/airflow/example_dags/example_task_group_decorator.py
[2023-11-20T08:04:06.244+0000] {processor.py:743} INFO - Processing file /home/airflow/.local/lib/python3.7/site-packages/airflow/example_dags/example_task_group_decorator.py for tasks to queue
[2023-11-20T08:04:06.246+0000] {logging_mixin.py:137} INFO - [2023-11-20T08:04:06.246+0000] {dagbag.py:538} INFO - Filling up the DagBag from /home/airflow/.local/lib/python3.7/site-packages/airflow/example_dags/example_task_group_decorator.py
[2023-11-20T08:04:06.341+0000] {processor.py:753} INFO - DAG(s) dict_keys(['example_task_group_decorator']) retrieved from /home/airflow/.local/lib/python3.7/site-packages/airflow/example_dags/example_task_group_decorator.py
[2023-11-20T08:04:06.378+0000] {logging_mixin.py:137} INFO - [2023-11-20T08:04:06.378+0000] {dag.py:2690} INFO - Sync 1 DAGs
[2023-11-20T08:04:06.831+0000] {logging_mixin.py:137} INFO - [2023-11-20T08:04:06.831+0000] {dag.py:3441} INFO - Setting next_dagrun for example_task_group_decorator to 2023-11-19T08:04:06.829803+00:00, run_after=2023-11-20T08:04:06.829803+00:00
[2023-11-20T08:04:06.862+0000] {processor.py:175} INFO - Processing /home/airflow/.local/lib/python3.7/site-packages/airflow/example_dags/example_task_group_decorator.py took 0.634 seconds
[2023-11-20T08:04:37.714+0000] {processor.py:153} INFO - Started process (PID=310573) to work on /home/airflow/.local/lib/python3.7/site-packages/airflow/example_dags/example_task_group_decorator.py
[2023-11-20T08:04:37.721+0000] {processor.py:743} INFO - Processing file /home/airflow/.local/lib/python3.7/site-packages/airflow/example_dags/example_task_group_decorator.py for tasks to queue
[2023-11-20T08:04:37.723+0000] {logging_mixin.py:137} INFO - [2023-11-20T08:04:37.723+0000] {dagbag.py:538} INFO - Filling up the DagBag from /home/airflow/.local/lib/python3.7/site-packages/airflow/example_dags/example_task_group_decorator.py
[2023-11-20T08:04:37.782+0000] {processor.py:753} INFO - DAG(s) dict_keys(['example_task_group_decorator']) retrieved from /home/airflow/.local/lib/python3.7/site-packages/airflow/example_dags/example_task_group_decorator.py
[2023-11-20T08:04:37.842+0000] {logging_mixin.py:137} INFO - [2023-11-20T08:04:37.842+0000] {dag.py:2690} INFO - Sync 1 DAGs
[2023-11-20T08:04:37.897+0000] {logging_mixin.py:137} INFO - [2023-11-20T08:04:37.897+0000] {dag.py:3441} INFO - Setting next_dagrun for example_task_group_decorator to 2023-11-19T08:04:37.897572+00:00, run_after=2023-11-20T08:04:37.897572+00:00
[2023-11-20T08:04:37.933+0000] {processor.py:175} INFO - Processing /home/airflow/.local/lib/python3.7/site-packages/airflow/example_dags/example_task_group_decorator.py took 0.224 seconds
[2023-11-20T08:05:08.392+0000] {processor.py:153} INFO - Started process (PID=310654) to work on /home/airflow/.local/lib/python3.7/site-packages/airflow/example_dags/example_task_group_decorator.py
[2023-11-20T08:05:08.410+0000] {processor.py:743} INFO - Processing file /home/airflow/.local/lib/python3.7/site-packages/airflow/example_dags/example_task_group_decorator.py for tasks to queue
[2023-11-20T08:05:08.421+0000] {logging_mixin.py:137} INFO - [2023-11-20T08:05:08.420+0000] {dagbag.py:538} INFO - Filling up the DagBag from /home/airflow/.local/lib/python3.7/site-packages/airflow/example_dags/example_task_group_decorator.py
[2023-11-20T08:05:08.512+0000] {processor.py:753} INFO - DAG(s) dict_keys(['example_task_group_decorator']) retrieved from /home/airflow/.local/lib/python3.7/site-packages/airflow/example_dags/example_task_group_decorator.py
[2023-11-20T08:05:08.550+0000] {logging_mixin.py:137} INFO - [2023-11-20T08:05:08.550+0000] {dag.py:2690} INFO - Sync 1 DAGs
[2023-11-20T08:05:08.629+0000] {logging_mixin.py:137} INFO - [2023-11-20T08:05:08.629+0000] {dag.py:3441} INFO - Setting next_dagrun for example_task_group_decorator to 2023-11-19T08:05:08.628874+00:00, run_after=2023-11-20T08:05:08.628874+00:00
[2023-11-20T08:05:08.855+0000] {processor.py:175} INFO - Processing /home/airflow/.local/lib/python3.7/site-packages/airflow/example_dags/example_task_group_decorator.py took 0.470 seconds
[2023-11-20T08:05:39.045+0000] {processor.py:153} INFO - Started process (PID=310724) to work on /home/airflow/.local/lib/python3.7/site-packages/airflow/example_dags/example_task_group_decorator.py
[2023-11-20T08:05:39.052+0000] {processor.py:743} INFO - Processing file /home/airflow/.local/lib/python3.7/site-packages/airflow/example_dags/example_task_group_decorator.py for tasks to queue
[2023-11-20T08:05:39.053+0000] {logging_mixin.py:137} INFO - [2023-11-20T08:05:39.053+0000] {dagbag.py:538} INFO - Filling up the DagBag from /home/airflow/.local/lib/python3.7/site-packages/airflow/example_dags/example_task_group_decorator.py
[2023-11-20T08:05:39.092+0000] {processor.py:753} INFO - DAG(s) dict_keys(['example_task_group_decorator']) retrieved from /home/airflow/.local/lib/python3.7/site-packages/airflow/example_dags/example_task_group_decorator.py
[2023-11-20T08:05:39.114+0000] {logging_mixin.py:137} INFO - [2023-11-20T08:05:39.114+0000] {dag.py:2690} INFO - Sync 1 DAGs
[2023-11-20T08:05:39.136+0000] {logging_mixin.py:137} INFO - [2023-11-20T08:05:39.135+0000] {dag.py:3441} INFO - Setting next_dagrun for example_task_group_decorator to 2023-11-19T08:05:39.135652+00:00, run_after=2023-11-20T08:05:39.135652+00:00
[2023-11-20T08:05:39.163+0000] {processor.py:175} INFO - Processing /home/airflow/.local/lib/python3.7/site-packages/airflow/example_dags/example_task_group_decorator.py took 0.122 seconds
[2023-11-20T08:06:09.933+0000] {processor.py:153} INFO - Started process (PID=310806) to work on /home/airflow/.local/lib/python3.7/site-packages/airflow/example_dags/example_task_group_decorator.py
[2023-11-20T08:06:09.934+0000] {processor.py:743} INFO - Processing file /home/airflow/.local/lib/python3.7/site-packages/airflow/example_dags/example_task_group_decorator.py for tasks to queue
[2023-11-20T08:06:09.936+0000] {logging_mixin.py:137} INFO - [2023-11-20T08:06:09.935+0000] {dagbag.py:538} INFO - Filling up the DagBag from /home/airflow/.local/lib/python3.7/site-packages/airflow/example_dags/example_task_group_decorator.py
[2023-11-20T08:06:09.960+0000] {processor.py:753} INFO - DAG(s) dict_keys(['example_task_group_decorator']) retrieved from /home/airflow/.local/lib/python3.7/site-packages/airflow/example_dags/example_task_group_decorator.py
[2023-11-20T08:06:09.984+0000] {logging_mixin.py:137} INFO - [2023-11-20T08:06:09.984+0000] {dag.py:2690} INFO - Sync 1 DAGs
[2023-11-20T08:06:10.002+0000] {logging_mixin.py:137} INFO - [2023-11-20T08:06:10.002+0000] {dag.py:3441} INFO - Setting next_dagrun for example_task_group_decorator to 2023-11-19T08:06:10.002011+00:00, run_after=2023-11-20T08:06:10.002011+00:00
[2023-11-20T08:06:10.016+0000] {processor.py:175} INFO - Processing /home/airflow/.local/lib/python3.7/site-packages/airflow/example_dags/example_task_group_decorator.py took 0.088 seconds
[2023-11-20T08:06:40.321+0000] {processor.py:153} INFO - Started process (PID=310875) to work on /home/airflow/.local/lib/python3.7/site-packages/airflow/example_dags/example_task_group_decorator.py
[2023-11-20T08:06:40.323+0000] {processor.py:743} INFO - Processing file /home/airflow/.local/lib/python3.7/site-packages/airflow/example_dags/example_task_group_decorator.py for tasks to queue
[2023-11-20T08:06:40.324+0000] {logging_mixin.py:137} INFO - [2023-11-20T08:06:40.324+0000] {dagbag.py:538} INFO - Filling up the DagBag from /home/airflow/.local/lib/python3.7/site-packages/airflow/example_dags/example_task_group_decorator.py
[2023-11-20T08:06:40.350+0000] {processor.py:753} INFO - DAG(s) dict_keys(['example_task_group_decorator']) retrieved from /home/airflow/.local/lib/python3.7/site-packages/airflow/example_dags/example_task_group_decorator.py
[2023-11-20T08:06:40.376+0000] {logging_mixin.py:137} INFO - [2023-11-20T08:06:40.375+0000] {dag.py:2690} INFO - Sync 1 DAGs
[2023-11-20T08:06:40.396+0000] {logging_mixin.py:137} INFO - [2023-11-20T08:06:40.396+0000] {dag.py:3441} INFO - Setting next_dagrun for example_task_group_decorator to 2023-11-19T08:06:40.395791+00:00, run_after=2023-11-20T08:06:40.395791+00:00
[2023-11-20T08:06:40.409+0000] {processor.py:175} INFO - Processing /home/airflow/.local/lib/python3.7/site-packages/airflow/example_dags/example_task_group_decorator.py took 0.091 seconds
[2023-11-20T08:07:11.140+0000] {processor.py:153} INFO - Started process (PID=310957) to work on /home/airflow/.local/lib/python3.7/site-packages/airflow/example_dags/example_task_group_decorator.py
[2023-11-20T08:07:11.141+0000] {processor.py:743} INFO - Processing file /home/airflow/.local/lib/python3.7/site-packages/airflow/example_dags/example_task_group_decorator.py for tasks to queue
[2023-11-20T08:07:11.143+0000] {logging_mixin.py:137} INFO - [2023-11-20T08:07:11.143+0000] {dagbag.py:538} INFO - Filling up the DagBag from /home/airflow/.local/lib/python3.7/site-packages/airflow/example_dags/example_task_group_decorator.py
[2023-11-20T08:07:11.174+0000] {processor.py:753} INFO - DAG(s) dict_keys(['example_task_group_decorator']) retrieved from /home/airflow/.local/lib/python3.7/site-packages/airflow/example_dags/example_task_group_decorator.py
[2023-11-20T08:07:11.202+0000] {logging_mixin.py:137} INFO - [2023-11-20T08:07:11.202+0000] {dag.py:2690} INFO - Sync 1 DAGs
[2023-11-20T08:07:11.223+0000] {logging_mixin.py:137} INFO - [2023-11-20T08:07:11.223+0000] {dag.py:3441} INFO - Setting next_dagrun for example_task_group_decorator to 2023-11-19T08:07:11.223289+00:00, run_after=2023-11-20T08:07:11.223289+00:00
[2023-11-20T08:07:11.241+0000] {processor.py:175} INFO - Processing /home/airflow/.local/lib/python3.7/site-packages/airflow/example_dags/example_task_group_decorator.py took 0.105 seconds
[2023-11-20T08:07:44.826+0000] {processor.py:153} INFO - Started process (PID=311038) to work on /home/airflow/.local/lib/python3.7/site-packages/airflow/example_dags/example_task_group_decorator.py
[2023-11-20T08:07:44.828+0000] {processor.py:743} INFO - Processing file /home/airflow/.local/lib/python3.7/site-packages/airflow/example_dags/example_task_group_decorator.py for tasks to queue
[2023-11-20T08:07:44.829+0000] {logging_mixin.py:137} INFO - [2023-11-20T08:07:44.829+0000] {dagbag.py:538} INFO - Filling up the DagBag from /home/airflow/.local/lib/python3.7/site-packages/airflow/example_dags/example_task_group_decorator.py
[2023-11-20T08:07:44.856+0000] {processor.py:753} INFO - DAG(s) dict_keys(['example_task_group_decorator']) retrieved from /home/airflow/.local/lib/python3.7/site-packages/airflow/example_dags/example_task_group_decorator.py
[2023-11-20T08:07:44.889+0000] {logging_mixin.py:137} INFO - [2023-11-20T08:07:44.888+0000] {dag.py:2690} INFO - Sync 1 DAGs
[2023-11-20T08:07:44.912+0000] {logging_mixin.py:137} INFO - [2023-11-20T08:07:44.912+0000] {dag.py:3441} INFO - Setting next_dagrun for example_task_group_decorator to 2023-11-19T08:07:44.912560+00:00, run_after=2023-11-20T08:07:44.912560+00:00
[2023-11-20T08:07:44.926+0000] {processor.py:175} INFO - Processing /home/airflow/.local/lib/python3.7/site-packages/airflow/example_dags/example_task_group_decorator.py took 0.104 seconds
[2023-11-20T08:08:15.626+0000] {processor.py:153} INFO - Started process (PID=311107) to work on /home/airflow/.local/lib/python3.7/site-packages/airflow/example_dags/example_task_group_decorator.py
[2023-11-20T08:08:15.628+0000] {processor.py:743} INFO - Processing file /home/airflow/.local/lib/python3.7/site-packages/airflow/example_dags/example_task_group_decorator.py for tasks to queue
[2023-11-20T08:08:15.638+0000] {logging_mixin.py:137} INFO - [2023-11-20T08:08:15.638+0000] {dagbag.py:538} INFO - Filling up the DagBag from /home/airflow/.local/lib/python3.7/site-packages/airflow/example_dags/example_task_group_decorator.py
[2023-11-20T08:08:15.664+0000] {processor.py:753} INFO - DAG(s) dict_keys(['example_task_group_decorator']) retrieved from /home/airflow/.local/lib/python3.7/site-packages/airflow/example_dags/example_task_group_decorator.py
[2023-11-20T08:08:15.687+0000] {logging_mixin.py:137} INFO - [2023-11-20T08:08:15.687+0000] {dag.py:2690} INFO - Sync 1 DAGs
[2023-11-20T08:08:15.706+0000] {logging_mixin.py:137} INFO - [2023-11-20T08:08:15.705+0000] {dag.py:3441} INFO - Setting next_dagrun for example_task_group_decorator to 2023-11-19T08:08:15.705795+00:00, run_after=2023-11-20T08:08:15.705795+00:00
[2023-11-20T08:08:15.725+0000] {processor.py:175} INFO - Processing /home/airflow/.local/lib/python3.7/site-packages/airflow/example_dags/example_task_group_decorator.py took 0.103 seconds
[2023-11-20T08:08:46.740+0000] {processor.py:153} INFO - Started process (PID=311175) to work on /home/airflow/.local/lib/python3.7/site-packages/airflow/example_dags/example_task_group_decorator.py
[2023-11-20T08:08:46.742+0000] {processor.py:743} INFO - Processing file /home/airflow/.local/lib/python3.7/site-packages/airflow/example_dags/example_task_group_decorator.py for tasks to queue
[2023-11-20T08:08:46.747+0000] {logging_mixin.py:137} INFO - [2023-11-20T08:08:46.747+0000] {dagbag.py:538} INFO - Filling up the DagBag from /home/airflow/.local/lib/python3.7/site-packages/airflow/example_dags/example_task_group_decorator.py
[2023-11-20T08:08:46.797+0000] {processor.py:753} INFO - DAG(s) dict_keys(['example_task_group_decorator']) retrieved from /home/airflow/.local/lib/python3.7/site-packages/airflow/example_dags/example_task_group_decorator.py
[2023-11-20T08:08:46.835+0000] {logging_mixin.py:137} INFO - [2023-11-20T08:08:46.835+0000] {dag.py:2690} INFO - Sync 1 DAGs
[2023-11-20T08:08:46.899+0000] {logging_mixin.py:137} INFO - [2023-11-20T08:08:46.899+0000] {dag.py:3441} INFO - Setting next_dagrun for example_task_group_decorator to 2023-11-19T08:08:46.898453+00:00, run_after=2023-11-20T08:08:46.898453+00:00
[2023-11-20T08:08:46.979+0000] {processor.py:175} INFO - Processing /home/airflow/.local/lib/python3.7/site-packages/airflow/example_dags/example_task_group_decorator.py took 0.245 seconds
[2023-11-20T08:58:42.655+0000] {processor.py:153} INFO - Started process (PID=311231) to work on /home/airflow/.local/lib/python3.7/site-packages/airflow/example_dags/example_task_group_decorator.py
[2023-11-20T08:58:42.658+0000] {processor.py:743} INFO - Processing file /home/airflow/.local/lib/python3.7/site-packages/airflow/example_dags/example_task_group_decorator.py for tasks to queue
[2023-11-20T08:58:42.660+0000] {logging_mixin.py:137} INFO - [2023-11-20T08:58:42.660+0000] {dagbag.py:538} INFO - Filling up the DagBag from /home/airflow/.local/lib/python3.7/site-packages/airflow/example_dags/example_task_group_decorator.py
[2023-11-20T08:58:42.684+0000] {processor.py:753} INFO - DAG(s) dict_keys(['example_task_group_decorator']) retrieved from /home/airflow/.local/lib/python3.7/site-packages/airflow/example_dags/example_task_group_decorator.py
[2023-11-20T08:58:42.707+0000] {logging_mixin.py:137} INFO - [2023-11-20T08:58:42.707+0000] {dag.py:2690} INFO - Sync 1 DAGs
[2023-11-20T08:58:42.728+0000] {logging_mixin.py:137} INFO - [2023-11-20T08:58:42.728+0000] {dag.py:3441} INFO - Setting next_dagrun for example_task_group_decorator to 2023-11-19T08:58:42.727789+00:00, run_after=2023-11-20T08:58:42.727789+00:00
[2023-11-20T08:58:42.751+0000] {processor.py:175} INFO - Processing /home/airflow/.local/lib/python3.7/site-packages/airflow/example_dags/example_task_group_decorator.py took 0.099 seconds
[2023-11-20T10:21:51.098+0000] {processor.py:153} INFO - Started process (PID=311296) to work on /home/airflow/.local/lib/python3.7/site-packages/airflow/example_dags/example_task_group_decorator.py
[2023-11-20T10:21:51.103+0000] {processor.py:743} INFO - Processing file /home/airflow/.local/lib/python3.7/site-packages/airflow/example_dags/example_task_group_decorator.py for tasks to queue
[2023-11-20T10:21:51.107+0000] {logging_mixin.py:137} INFO - [2023-11-20T10:21:51.107+0000] {dagbag.py:538} INFO - Filling up the DagBag from /home/airflow/.local/lib/python3.7/site-packages/airflow/example_dags/example_task_group_decorator.py
[2023-11-20T10:21:51.182+0000] {processor.py:753} INFO - DAG(s) dict_keys(['example_task_group_decorator']) retrieved from /home/airflow/.local/lib/python3.7/site-packages/airflow/example_dags/example_task_group_decorator.py
[2023-11-20T10:21:51.247+0000] {logging_mixin.py:137} INFO - [2023-11-20T10:21:51.246+0000] {dag.py:2690} INFO - Sync 1 DAGs
[2023-11-20T10:21:51.342+0000] {logging_mixin.py:137} INFO - [2023-11-20T10:21:51.342+0000] {dag.py:3441} INFO - Setting next_dagrun for example_task_group_decorator to 2023-11-19T10:21:51.341748+00:00, run_after=2023-11-20T10:21:51.341748+00:00
[2023-11-20T10:21:51.469+0000] {processor.py:175} INFO - Processing /home/airflow/.local/lib/python3.7/site-packages/airflow/example_dags/example_task_group_decorator.py took 0.379 seconds
[2023-11-20T11:23:58.406+0000] {processor.py:153} INFO - Started process (PID=311357) to work on /home/airflow/.local/lib/python3.7/site-packages/airflow/example_dags/example_task_group_decorator.py
[2023-11-20T11:23:58.408+0000] {processor.py:743} INFO - Processing file /home/airflow/.local/lib/python3.7/site-packages/airflow/example_dags/example_task_group_decorator.py for tasks to queue
[2023-11-20T11:23:58.409+0000] {logging_mixin.py:137} INFO - [2023-11-20T11:23:58.409+0000] {dagbag.py:538} INFO - Filling up the DagBag from /home/airflow/.local/lib/python3.7/site-packages/airflow/example_dags/example_task_group_decorator.py
[2023-11-20T11:23:58.431+0000] {processor.py:753} INFO - DAG(s) dict_keys(['example_task_group_decorator']) retrieved from /home/airflow/.local/lib/python3.7/site-packages/airflow/example_dags/example_task_group_decorator.py
[2023-11-20T11:23:58.457+0000] {logging_mixin.py:137} INFO - [2023-11-20T11:23:58.457+0000] {dag.py:2690} INFO - Sync 1 DAGs
[2023-11-20T11:23:58.474+0000] {logging_mixin.py:137} INFO - [2023-11-20T11:23:58.474+0000] {dag.py:3441} INFO - Setting next_dagrun for example_task_group_decorator to 2023-11-19T11:23:58.473948+00:00, run_after=2023-11-20T11:23:58.473948+00:00
[2023-11-20T11:23:58.496+0000] {processor.py:175} INFO - Processing /home/airflow/.local/lib/python3.7/site-packages/airflow/example_dags/example_task_group_decorator.py took 0.093 seconds
[2023-11-20T11:56:27.229+0000] {processor.py:153} INFO - Started process (PID=311427) to work on /home/airflow/.local/lib/python3.7/site-packages/airflow/example_dags/example_task_group_decorator.py
[2023-11-20T11:56:27.231+0000] {processor.py:743} INFO - Processing file /home/airflow/.local/lib/python3.7/site-packages/airflow/example_dags/example_task_group_decorator.py for tasks to queue
[2023-11-20T11:56:27.234+0000] {logging_mixin.py:137} INFO - [2023-11-20T11:56:27.233+0000] {dagbag.py:538} INFO - Filling up the DagBag from /home/airflow/.local/lib/python3.7/site-packages/airflow/example_dags/example_task_group_decorator.py
[2023-11-20T11:56:27.260+0000] {processor.py:753} INFO - DAG(s) dict_keys(['example_task_group_decorator']) retrieved from /home/airflow/.local/lib/python3.7/site-packages/airflow/example_dags/example_task_group_decorator.py
[2023-11-20T11:56:27.286+0000] {logging_mixin.py:137} INFO - [2023-11-20T11:56:27.285+0000] {dag.py:2690} INFO - Sync 1 DAGs
[2023-11-20T11:56:27.308+0000] {logging_mixin.py:137} INFO - [2023-11-20T11:56:27.308+0000] {dag.py:3441} INFO - Setting next_dagrun for example_task_group_decorator to 2023-11-19T11:56:27.307814+00:00, run_after=2023-11-20T11:56:27.307814+00:00
[2023-11-20T11:56:27.322+0000] {processor.py:175} INFO - Processing /home/airflow/.local/lib/python3.7/site-packages/airflow/example_dags/example_task_group_decorator.py took 0.096 seconds
[2023-11-20T13:20:21.488+0000] {processor.py:153} INFO - Started process (PID=311508) to work on /home/airflow/.local/lib/python3.7/site-packages/airflow/example_dags/example_task_group_decorator.py
[2023-11-20T13:20:21.490+0000] {processor.py:743} INFO - Processing file /home/airflow/.local/lib/python3.7/site-packages/airflow/example_dags/example_task_group_decorator.py for tasks to queue
[2023-11-20T13:20:21.494+0000] {logging_mixin.py:137} INFO - [2023-11-20T13:20:21.494+0000] {dagbag.py:538} INFO - Filling up the DagBag from /home/airflow/.local/lib/python3.7/site-packages/airflow/example_dags/example_task_group_decorator.py
[2023-11-20T13:20:21.538+0000] {processor.py:753} INFO - DAG(s) dict_keys(['example_task_group_decorator']) retrieved from /home/airflow/.local/lib/python3.7/site-packages/airflow/example_dags/example_task_group_decorator.py
[2023-11-20T13:20:21.577+0000] {logging_mixin.py:137} INFO - [2023-11-20T13:20:21.577+0000] {dag.py:2690} INFO - Sync 1 DAGs
[2023-11-20T13:20:21.614+0000] {logging_mixin.py:137} INFO - [2023-11-20T13:20:21.614+0000] {dag.py:3441} INFO - Setting next_dagrun for example_task_group_decorator to 2023-11-19T13:20:21.612911+00:00, run_after=2023-11-20T13:20:21.612911+00:00
[2023-11-20T13:20:21.659+0000] {processor.py:175} INFO - Processing /home/airflow/.local/lib/python3.7/site-packages/airflow/example_dags/example_task_group_decorator.py took 0.183 seconds
[2023-11-20T14:30:04.036+0000] {processor.py:153} INFO - Started process (PID=311576) to work on /home/airflow/.local/lib/python3.7/site-packages/airflow/example_dags/example_task_group_decorator.py
[2023-11-20T14:30:04.040+0000] {processor.py:743} INFO - Processing file /home/airflow/.local/lib/python3.7/site-packages/airflow/example_dags/example_task_group_decorator.py for tasks to queue
[2023-11-20T14:30:04.043+0000] {logging_mixin.py:137} INFO - [2023-11-20T14:30:04.042+0000] {dagbag.py:538} INFO - Filling up the DagBag from /home/airflow/.local/lib/python3.7/site-packages/airflow/example_dags/example_task_group_decorator.py
[2023-11-20T14:30:04.075+0000] {processor.py:753} INFO - DAG(s) dict_keys(['example_task_group_decorator']) retrieved from /home/airflow/.local/lib/python3.7/site-packages/airflow/example_dags/example_task_group_decorator.py
[2023-11-20T14:30:04.101+0000] {logging_mixin.py:137} INFO - [2023-11-20T14:30:04.101+0000] {dag.py:2690} INFO - Sync 1 DAGs
[2023-11-20T14:30:04.122+0000] {logging_mixin.py:137} INFO - [2023-11-20T14:30:04.122+0000] {dag.py:3441} INFO - Setting next_dagrun for example_task_group_decorator to 2023-11-19T14:30:04.122564+00:00, run_after=2023-11-20T14:30:04.122564+00:00
[2023-11-20T14:30:04.158+0000] {processor.py:175} INFO - Processing /home/airflow/.local/lib/python3.7/site-packages/airflow/example_dags/example_task_group_decorator.py took 0.126 seconds
[2023-11-20T15:21:13.631+0000] {processor.py:153} INFO - Started process (PID=311646) to work on /home/airflow/.local/lib/python3.7/site-packages/airflow/example_dags/example_task_group_decorator.py
[2023-11-20T15:21:13.640+0000] {processor.py:743} INFO - Processing file /home/airflow/.local/lib/python3.7/site-packages/airflow/example_dags/example_task_group_decorator.py for tasks to queue
[2023-11-20T15:21:13.644+0000] {logging_mixin.py:137} INFO - [2023-11-20T15:21:13.644+0000] {dagbag.py:538} INFO - Filling up the DagBag from /home/airflow/.local/lib/python3.7/site-packages/airflow/example_dags/example_task_group_decorator.py
[2023-11-20T15:21:13.686+0000] {processor.py:753} INFO - DAG(s) dict_keys(['example_task_group_decorator']) retrieved from /home/airflow/.local/lib/python3.7/site-packages/airflow/example_dags/example_task_group_decorator.py
[2023-11-20T15:21:13.823+0000] {logging_mixin.py:137} INFO - [2023-11-20T15:21:13.822+0000] {dag.py:2690} INFO - Sync 1 DAGs
[2023-11-20T15:21:13.995+0000] {logging_mixin.py:137} INFO - [2023-11-20T15:21:13.995+0000] {dag.py:3441} INFO - Setting next_dagrun for example_task_group_decorator to 2023-11-19T15:21:13.995231+00:00, run_after=2023-11-20T15:21:13.995231+00:00
[2023-11-20T15:21:14.086+0000] {processor.py:175} INFO - Processing /home/airflow/.local/lib/python3.7/site-packages/airflow/example_dags/example_task_group_decorator.py took 0.459 seconds
[2023-11-20T15:21:44.553+0000] {processor.py:153} INFO - Started process (PID=311724) to work on /home/airflow/.local/lib/python3.7/site-packages/airflow/example_dags/example_task_group_decorator.py
[2023-11-20T15:21:44.555+0000] {processor.py:743} INFO - Processing file /home/airflow/.local/lib/python3.7/site-packages/airflow/example_dags/example_task_group_decorator.py for tasks to queue
[2023-11-20T15:21:44.558+0000] {logging_mixin.py:137} INFO - [2023-11-20T15:21:44.557+0000] {dagbag.py:538} INFO - Filling up the DagBag from /home/airflow/.local/lib/python3.7/site-packages/airflow/example_dags/example_task_group_decorator.py
[2023-11-20T15:21:44.596+0000] {processor.py:753} INFO - DAG(s) dict_keys(['example_task_group_decorator']) retrieved from /home/airflow/.local/lib/python3.7/site-packages/airflow/example_dags/example_task_group_decorator.py
[2023-11-20T15:21:44.645+0000] {logging_mixin.py:137} INFO - [2023-11-20T15:21:44.644+0000] {dag.py:2690} INFO - Sync 1 DAGs
[2023-11-20T15:21:44.677+0000] {logging_mixin.py:137} INFO - [2023-11-20T15:21:44.677+0000] {dag.py:3441} INFO - Setting next_dagrun for example_task_group_decorator to 2023-11-19T15:21:44.677411+00:00, run_after=2023-11-20T15:21:44.677411+00:00
[2023-11-20T15:21:44.699+0000] {processor.py:175} INFO - Processing /home/airflow/.local/lib/python3.7/site-packages/airflow/example_dags/example_task_group_decorator.py took 0.149 seconds
[2023-11-20T15:22:15.133+0000] {processor.py:153} INFO - Started process (PID=311795) to work on /home/airflow/.local/lib/python3.7/site-packages/airflow/example_dags/example_task_group_decorator.py
[2023-11-20T15:22:15.135+0000] {processor.py:743} INFO - Processing file /home/airflow/.local/lib/python3.7/site-packages/airflow/example_dags/example_task_group_decorator.py for tasks to queue
[2023-11-20T15:22:15.136+0000] {logging_mixin.py:137} INFO - [2023-11-20T15:22:15.136+0000] {dagbag.py:538} INFO - Filling up the DagBag from /home/airflow/.local/lib/python3.7/site-packages/airflow/example_dags/example_task_group_decorator.py
[2023-11-20T15:22:15.160+0000] {processor.py:753} INFO - DAG(s) dict_keys(['example_task_group_decorator']) retrieved from /home/airflow/.local/lib/python3.7/site-packages/airflow/example_dags/example_task_group_decorator.py
[2023-11-20T15:22:15.182+0000] {logging_mixin.py:137} INFO - [2023-11-20T15:22:15.182+0000] {dag.py:2690} INFO - Sync 1 DAGs
[2023-11-20T15:22:15.201+0000] {logging_mixin.py:137} INFO - [2023-11-20T15:22:15.201+0000] {dag.py:3441} INFO - Setting next_dagrun for example_task_group_decorator to 2023-11-19T15:22:15.200956+00:00, run_after=2023-11-20T15:22:15.200956+00:00
[2023-11-20T15:22:15.214+0000] {processor.py:175} INFO - Processing /home/airflow/.local/lib/python3.7/site-packages/airflow/example_dags/example_task_group_decorator.py took 0.083 seconds
[2023-11-20T15:22:45.535+0000] {processor.py:153} INFO - Started process (PID=311876) to work on /home/airflow/.local/lib/python3.7/site-packages/airflow/example_dags/example_task_group_decorator.py
[2023-11-20T15:22:45.538+0000] {processor.py:743} INFO - Processing file /home/airflow/.local/lib/python3.7/site-packages/airflow/example_dags/example_task_group_decorator.py for tasks to queue
[2023-11-20T15:22:45.539+0000] {logging_mixin.py:137} INFO - [2023-11-20T15:22:45.539+0000] {dagbag.py:538} INFO - Filling up the DagBag from /home/airflow/.local/lib/python3.7/site-packages/airflow/example_dags/example_task_group_decorator.py
[2023-11-20T15:22:45.564+0000] {processor.py:753} INFO - DAG(s) dict_keys(['example_task_group_decorator']) retrieved from /home/airflow/.local/lib/python3.7/site-packages/airflow/example_dags/example_task_group_decorator.py
[2023-11-20T15:22:45.591+0000] {logging_mixin.py:137} INFO - [2023-11-20T15:22:45.591+0000] {dag.py:2690} INFO - Sync 1 DAGs
[2023-11-20T15:22:45.618+0000] {logging_mixin.py:137} INFO - [2023-11-20T15:22:45.618+0000] {dag.py:3441} INFO - Setting next_dagrun for example_task_group_decorator to 2023-11-19T15:22:45.617765+00:00, run_after=2023-11-20T15:22:45.617765+00:00
[2023-11-20T15:22:45.633+0000] {processor.py:175} INFO - Processing /home/airflow/.local/lib/python3.7/site-packages/airflow/example_dags/example_task_group_decorator.py took 0.100 seconds
[2023-11-20T15:54:45.088+0000] {processor.py:153} INFO - Started process (PID=311947) to work on /home/airflow/.local/lib/python3.7/site-packages/airflow/example_dags/example_task_group_decorator.py
[2023-11-20T15:54:45.090+0000] {processor.py:743} INFO - Processing file /home/airflow/.local/lib/python3.7/site-packages/airflow/example_dags/example_task_group_decorator.py for tasks to queue
[2023-11-20T15:54:45.091+0000] {logging_mixin.py:137} INFO - [2023-11-20T15:54:45.091+0000] {dagbag.py:538} INFO - Filling up the DagBag from /home/airflow/.local/lib/python3.7/site-packages/airflow/example_dags/example_task_group_decorator.py
[2023-11-20T15:54:45.114+0000] {processor.py:753} INFO - DAG(s) dict_keys(['example_task_group_decorator']) retrieved from /home/airflow/.local/lib/python3.7/site-packages/airflow/example_dags/example_task_group_decorator.py
[2023-11-20T15:54:45.143+0000] {logging_mixin.py:137} INFO - [2023-11-20T15:54:45.143+0000] {dag.py:2690} INFO - Sync 1 DAGs
[2023-11-20T15:54:45.162+0000] {logging_mixin.py:137} INFO - [2023-11-20T15:54:45.162+0000] {dag.py:3441} INFO - Setting next_dagrun for example_task_group_decorator to 2023-11-19T15:54:45.162545+00:00, run_after=2023-11-20T15:54:45.162545+00:00
[2023-11-20T15:54:45.177+0000] {processor.py:175} INFO - Processing /home/airflow/.local/lib/python3.7/site-packages/airflow/example_dags/example_task_group_decorator.py took 0.092 seconds
[2023-11-20T17:20:40.481+0000] {processor.py:153} INFO - Started process (PID=312016) to work on /home/airflow/.local/lib/python3.7/site-packages/airflow/example_dags/example_task_group_decorator.py
[2023-11-20T17:20:40.483+0000] {processor.py:743} INFO - Processing file /home/airflow/.local/lib/python3.7/site-packages/airflow/example_dags/example_task_group_decorator.py for tasks to queue
[2023-11-20T17:20:40.485+0000] {logging_mixin.py:137} INFO - [2023-11-20T17:20:40.485+0000] {dagbag.py:538} INFO - Filling up the DagBag from /home/airflow/.local/lib/python3.7/site-packages/airflow/example_dags/example_task_group_decorator.py
[2023-11-20T17:20:40.514+0000] {processor.py:753} INFO - DAG(s) dict_keys(['example_task_group_decorator']) retrieved from /home/airflow/.local/lib/python3.7/site-packages/airflow/example_dags/example_task_group_decorator.py
[2023-11-20T17:20:40.544+0000] {logging_mixin.py:137} INFO - [2023-11-20T17:20:40.544+0000] {dag.py:2690} INFO - Sync 1 DAGs
[2023-11-20T17:20:40.574+0000] {logging_mixin.py:137} INFO - [2023-11-20T17:20:40.574+0000] {dag.py:3441} INFO - Setting next_dagrun for example_task_group_decorator to 2023-11-19T17:20:40.574316+00:00, run_after=2023-11-20T17:20:40.574316+00:00
[2023-11-20T17:20:40.597+0000] {processor.py:175} INFO - Processing /home/airflow/.local/lib/python3.7/site-packages/airflow/example_dags/example_task_group_decorator.py took 0.120 seconds
[2023-11-20T18:27:01.204+0000] {processor.py:153} INFO - Started process (PID=312084) to work on /home/airflow/.local/lib/python3.7/site-packages/airflow/example_dags/example_task_group_decorator.py
[2023-11-20T18:27:01.206+0000] {processor.py:743} INFO - Processing file /home/airflow/.local/lib/python3.7/site-packages/airflow/example_dags/example_task_group_decorator.py for tasks to queue
[2023-11-20T18:27:01.208+0000] {logging_mixin.py:137} INFO - [2023-11-20T18:27:01.207+0000] {dagbag.py:538} INFO - Filling up the DagBag from /home/airflow/.local/lib/python3.7/site-packages/airflow/example_dags/example_task_group_decorator.py
[2023-11-20T18:27:01.235+0000] {processor.py:753} INFO - DAG(s) dict_keys(['example_task_group_decorator']) retrieved from /home/airflow/.local/lib/python3.7/site-packages/airflow/example_dags/example_task_group_decorator.py
[2023-11-20T18:27:01.257+0000] {logging_mixin.py:137} INFO - [2023-11-20T18:27:01.257+0000] {dag.py:2690} INFO - Sync 1 DAGs
[2023-11-20T18:27:01.277+0000] {logging_mixin.py:137} INFO - [2023-11-20T18:27:01.277+0000] {dag.py:3441} INFO - Setting next_dagrun for example_task_group_decorator to 2023-11-19T18:27:01.277023+00:00, run_after=2023-11-20T18:27:01.277023+00:00
[2023-11-20T18:27:01.290+0000] {processor.py:175} INFO - Processing /home/airflow/.local/lib/python3.7/site-packages/airflow/example_dags/example_task_group_decorator.py took 0.089 seconds
[2023-11-20T18:27:32.304+0000] {processor.py:153} INFO - Started process (PID=312152) to work on /home/airflow/.local/lib/python3.7/site-packages/airflow/example_dags/example_task_group_decorator.py
[2023-11-20T18:27:32.307+0000] {processor.py:743} INFO - Processing file /home/airflow/.local/lib/python3.7/site-packages/airflow/example_dags/example_task_group_decorator.py for tasks to queue
[2023-11-20T18:27:32.309+0000] {logging_mixin.py:137} INFO - [2023-11-20T18:27:32.309+0000] {dagbag.py:538} INFO - Filling up the DagBag from /home/airflow/.local/lib/python3.7/site-packages/airflow/example_dags/example_task_group_decorator.py
[2023-11-20T18:27:32.342+0000] {processor.py:753} INFO - DAG(s) dict_keys(['example_task_group_decorator']) retrieved from /home/airflow/.local/lib/python3.7/site-packages/airflow/example_dags/example_task_group_decorator.py
[2023-11-20T18:27:32.365+0000] {logging_mixin.py:137} INFO - [2023-11-20T18:27:32.365+0000] {dag.py:2690} INFO - Sync 1 DAGs
[2023-11-20T18:27:32.383+0000] {logging_mixin.py:137} INFO - [2023-11-20T18:27:32.383+0000] {dag.py:3441} INFO - Setting next_dagrun for example_task_group_decorator to 2023-11-19T18:27:32.383439+00:00, run_after=2023-11-20T18:27:32.383439+00:00
[2023-11-20T18:27:32.396+0000] {processor.py:175} INFO - Processing /home/airflow/.local/lib/python3.7/site-packages/airflow/example_dags/example_task_group_decorator.py took 0.095 seconds
[2023-11-20T18:28:03.067+0000] {processor.py:153} INFO - Started process (PID=312231) to work on /home/airflow/.local/lib/python3.7/site-packages/airflow/example_dags/example_task_group_decorator.py
[2023-11-20T18:28:03.070+0000] {processor.py:743} INFO - Processing file /home/airflow/.local/lib/python3.7/site-packages/airflow/example_dags/example_task_group_decorator.py for tasks to queue
[2023-11-20T18:28:03.071+0000] {logging_mixin.py:137} INFO - [2023-11-20T18:28:03.071+0000] {dagbag.py:538} INFO - Filling up the DagBag from /home/airflow/.local/lib/python3.7/site-packages/airflow/example_dags/example_task_group_decorator.py
[2023-11-20T18:28:03.101+0000] {processor.py:753} INFO - DAG(s) dict_keys(['example_task_group_decorator']) retrieved from /home/airflow/.local/lib/python3.7/site-packages/airflow/example_dags/example_task_group_decorator.py
[2023-11-20T18:28:03.132+0000] {logging_mixin.py:137} INFO - [2023-11-20T18:28:03.132+0000] {dag.py:2690} INFO - Sync 1 DAGs
[2023-11-20T18:28:03.155+0000] {logging_mixin.py:137} INFO - [2023-11-20T18:28:03.155+0000] {dag.py:3441} INFO - Setting next_dagrun for example_task_group_decorator to 2023-11-19T18:28:03.155322+00:00, run_after=2023-11-20T18:28:03.155322+00:00
[2023-11-20T18:28:03.168+0000] {processor.py:175} INFO - Processing /home/airflow/.local/lib/python3.7/site-packages/airflow/example_dags/example_task_group_decorator.py took 0.104 seconds
[2023-11-20T18:28:33.768+0000] {processor.py:153} INFO - Started process (PID=312300) to work on /home/airflow/.local/lib/python3.7/site-packages/airflow/example_dags/example_task_group_decorator.py
[2023-11-20T18:28:33.770+0000] {processor.py:743} INFO - Processing file /home/airflow/.local/lib/python3.7/site-packages/airflow/example_dags/example_task_group_decorator.py for tasks to queue
[2023-11-20T18:28:33.772+0000] {logging_mixin.py:137} INFO - [2023-11-20T18:28:33.772+0000] {dagbag.py:538} INFO - Filling up the DagBag from /home/airflow/.local/lib/python3.7/site-packages/airflow/example_dags/example_task_group_decorator.py
[2023-11-20T18:28:33.798+0000] {processor.py:753} INFO - DAG(s) dict_keys(['example_task_group_decorator']) retrieved from /home/airflow/.local/lib/python3.7/site-packages/airflow/example_dags/example_task_group_decorator.py
[2023-11-20T18:28:33.828+0000] {logging_mixin.py:137} INFO - [2023-11-20T18:28:33.827+0000] {dag.py:2690} INFO - Sync 1 DAGs
[2023-11-20T18:28:33.846+0000] {logging_mixin.py:137} INFO - [2023-11-20T18:28:33.846+0000] {dag.py:3441} INFO - Setting next_dagrun for example_task_group_decorator to 2023-11-19T18:28:33.846488+00:00, run_after=2023-11-20T18:28:33.846488+00:00
[2023-11-20T18:28:33.861+0000] {processor.py:175} INFO - Processing /home/airflow/.local/lib/python3.7/site-packages/airflow/example_dags/example_task_group_decorator.py took 0.098 seconds
[2023-11-20T18:29:04.869+0000] {processor.py:153} INFO - Started process (PID=312382) to work on /home/airflow/.local/lib/python3.7/site-packages/airflow/example_dags/example_task_group_decorator.py
[2023-11-20T18:29:04.871+0000] {processor.py:743} INFO - Processing file /home/airflow/.local/lib/python3.7/site-packages/airflow/example_dags/example_task_group_decorator.py for tasks to queue
[2023-11-20T18:29:04.872+0000] {logging_mixin.py:137} INFO - [2023-11-20T18:29:04.872+0000] {dagbag.py:538} INFO - Filling up the DagBag from /home/airflow/.local/lib/python3.7/site-packages/airflow/example_dags/example_task_group_decorator.py
[2023-11-20T18:29:04.898+0000] {processor.py:753} INFO - DAG(s) dict_keys(['example_task_group_decorator']) retrieved from /home/airflow/.local/lib/python3.7/site-packages/airflow/example_dags/example_task_group_decorator.py
[2023-11-20T18:29:04.920+0000] {logging_mixin.py:137} INFO - [2023-11-20T18:29:04.919+0000] {dag.py:2690} INFO - Sync 1 DAGs
[2023-11-20T18:29:04.937+0000] {logging_mixin.py:137} INFO - [2023-11-20T18:29:04.937+0000] {dag.py:3441} INFO - Setting next_dagrun for example_task_group_decorator to 2023-11-19T18:29:04.936940+00:00, run_after=2023-11-20T18:29:04.936940+00:00
[2023-11-20T18:29:04.948+0000] {processor.py:175} INFO - Processing /home/airflow/.local/lib/python3.7/site-packages/airflow/example_dags/example_task_group_decorator.py took 0.082 seconds
[2023-11-20T18:29:36.148+0000] {processor.py:153} INFO - Started process (PID=312451) to work on /home/airflow/.local/lib/python3.7/site-packages/airflow/example_dags/example_task_group_decorator.py
[2023-11-20T18:29:36.150+0000] {processor.py:743} INFO - Processing file /home/airflow/.local/lib/python3.7/site-packages/airflow/example_dags/example_task_group_decorator.py for tasks to queue
[2023-11-20T18:29:36.151+0000] {logging_mixin.py:137} INFO - [2023-11-20T18:29:36.151+0000] {dagbag.py:538} INFO - Filling up the DagBag from /home/airflow/.local/lib/python3.7/site-packages/airflow/example_dags/example_task_group_decorator.py
[2023-11-20T18:29:36.174+0000] {processor.py:753} INFO - DAG(s) dict_keys(['example_task_group_decorator']) retrieved from /home/airflow/.local/lib/python3.7/site-packages/airflow/example_dags/example_task_group_decorator.py
[2023-11-20T18:29:36.201+0000] {logging_mixin.py:137} INFO - [2023-11-20T18:29:36.201+0000] {dag.py:2690} INFO - Sync 1 DAGs
[2023-11-20T18:29:36.224+0000] {logging_mixin.py:137} INFO - [2023-11-20T18:29:36.224+0000] {dag.py:3441} INFO - Setting next_dagrun for example_task_group_decorator to 2023-11-19T18:29:36.223842+00:00, run_after=2023-11-20T18:29:36.223842+00:00
[2023-11-20T18:29:36.239+0000] {processor.py:175} INFO - Processing /home/airflow/.local/lib/python3.7/site-packages/airflow/example_dags/example_task_group_decorator.py took 0.095 seconds
[2023-11-20T19:02:57.186+0000] {processor.py:153} INFO - Started process (PID=312520) to work on /home/airflow/.local/lib/python3.7/site-packages/airflow/example_dags/example_task_group_decorator.py
[2023-11-20T19:02:57.207+0000] {processor.py:743} INFO - Processing file /home/airflow/.local/lib/python3.7/site-packages/airflow/example_dags/example_task_group_decorator.py for tasks to queue
[2023-11-20T19:02:57.211+0000] {logging_mixin.py:137} INFO - [2023-11-20T19:02:57.211+0000] {dagbag.py:538} INFO - Filling up the DagBag from /home/airflow/.local/lib/python3.7/site-packages/airflow/example_dags/example_task_group_decorator.py
[2023-11-20T19:02:57.244+0000] {processor.py:753} INFO - DAG(s) dict_keys(['example_task_group_decorator']) retrieved from /home/airflow/.local/lib/python3.7/site-packages/airflow/example_dags/example_task_group_decorator.py
[2023-11-20T19:02:57.267+0000] {logging_mixin.py:137} INFO - [2023-11-20T19:02:57.267+0000] {dag.py:2690} INFO - Sync 1 DAGs
[2023-11-20T19:02:57.286+0000] {logging_mixin.py:137} INFO - [2023-11-20T19:02:57.286+0000] {dag.py:3441} INFO - Setting next_dagrun for example_task_group_decorator to 2023-11-19T19:02:57.285811+00:00, run_after=2023-11-20T19:02:57.285811+00:00
[2023-11-20T19:02:57.299+0000] {processor.py:175} INFO - Processing /home/airflow/.local/lib/python3.7/site-packages/airflow/example_dags/example_task_group_decorator.py took 0.117 seconds
[2023-11-20T19:26:54.694+0000] {processor.py:153} INFO - Started process (PID=312590) to work on /home/airflow/.local/lib/python3.7/site-packages/airflow/example_dags/example_task_group_decorator.py
[2023-11-20T19:26:54.699+0000] {processor.py:743} INFO - Processing file /home/airflow/.local/lib/python3.7/site-packages/airflow/example_dags/example_task_group_decorator.py for tasks to queue
[2023-11-20T19:26:54.701+0000] {logging_mixin.py:137} INFO - [2023-11-20T19:26:54.701+0000] {dagbag.py:538} INFO - Filling up the DagBag from /home/airflow/.local/lib/python3.7/site-packages/airflow/example_dags/example_task_group_decorator.py
[2023-11-20T19:26:54.728+0000] {processor.py:753} INFO - DAG(s) dict_keys(['example_task_group_decorator']) retrieved from /home/airflow/.local/lib/python3.7/site-packages/airflow/example_dags/example_task_group_decorator.py
[2023-11-20T19:26:54.795+0000] {logging_mixin.py:137} INFO - [2023-11-20T19:26:54.795+0000] {dag.py:2690} INFO - Sync 1 DAGs
[2023-11-20T19:26:54.827+0000] {logging_mixin.py:137} INFO - [2023-11-20T19:26:54.826+0000] {dag.py:3441} INFO - Setting next_dagrun for example_task_group_decorator to 2023-11-19T19:26:54.825862+00:00, run_after=2023-11-20T19:26:54.825862+00:00
[2023-11-20T19:26:54.841+0000] {processor.py:175} INFO - Processing /home/airflow/.local/lib/python3.7/site-packages/airflow/example_dags/example_task_group_decorator.py took 0.152 seconds
[2023-11-20T19:32:39.968+0000] {processor.py:153} INFO - Started process (PID=312647) to work on /home/airflow/.local/lib/python3.7/site-packages/airflow/example_dags/example_task_group_decorator.py
[2023-11-20T19:32:39.971+0000] {processor.py:743} INFO - Processing file /home/airflow/.local/lib/python3.7/site-packages/airflow/example_dags/example_task_group_decorator.py for tasks to queue
[2023-11-20T19:32:39.972+0000] {logging_mixin.py:137} INFO - [2023-11-20T19:32:39.972+0000] {dagbag.py:538} INFO - Filling up the DagBag from /home/airflow/.local/lib/python3.7/site-packages/airflow/example_dags/example_task_group_decorator.py
[2023-11-20T19:32:40.002+0000] {processor.py:753} INFO - DAG(s) dict_keys(['example_task_group_decorator']) retrieved from /home/airflow/.local/lib/python3.7/site-packages/airflow/example_dags/example_task_group_decorator.py
[2023-11-20T19:32:40.026+0000] {logging_mixin.py:137} INFO - [2023-11-20T19:32:40.026+0000] {dag.py:2690} INFO - Sync 1 DAGs
[2023-11-20T19:32:40.048+0000] {logging_mixin.py:137} INFO - [2023-11-20T19:32:40.048+0000] {dag.py:3441} INFO - Setting next_dagrun for example_task_group_decorator to 2023-11-19T19:32:40.048303+00:00, run_after=2023-11-20T19:32:40.048303+00:00
[2023-11-20T19:32:40.066+0000] {processor.py:175} INFO - Processing /home/airflow/.local/lib/python3.7/site-packages/airflow/example_dags/example_task_group_decorator.py took 0.101 seconds
[2023-11-20T19:33:11.248+0000] {processor.py:153} INFO - Started process (PID=312729) to work on /home/airflow/.local/lib/python3.7/site-packages/airflow/example_dags/example_task_group_decorator.py
[2023-11-20T19:33:11.250+0000] {processor.py:743} INFO - Processing file /home/airflow/.local/lib/python3.7/site-packages/airflow/example_dags/example_task_group_decorator.py for tasks to queue
[2023-11-20T19:33:11.252+0000] {logging_mixin.py:137} INFO - [2023-11-20T19:33:11.252+0000] {dagbag.py:538} INFO - Filling up the DagBag from /home/airflow/.local/lib/python3.7/site-packages/airflow/example_dags/example_task_group_decorator.py
[2023-11-20T19:33:11.284+0000] {processor.py:753} INFO - DAG(s) dict_keys(['example_task_group_decorator']) retrieved from /home/airflow/.local/lib/python3.7/site-packages/airflow/example_dags/example_task_group_decorator.py
[2023-11-20T19:33:11.309+0000] {logging_mixin.py:137} INFO - [2023-11-20T19:33:11.309+0000] {dag.py:2690} INFO - Sync 1 DAGs
[2023-11-20T19:33:11.329+0000] {logging_mixin.py:137} INFO - [2023-11-20T19:33:11.329+0000] {dag.py:3441} INFO - Setting next_dagrun for example_task_group_decorator to 2023-11-19T19:33:11.329104+00:00, run_after=2023-11-20T19:33:11.329104+00:00
[2023-11-20T19:33:11.347+0000] {processor.py:175} INFO - Processing /home/airflow/.local/lib/python3.7/site-packages/airflow/example_dags/example_task_group_decorator.py took 0.104 seconds
[2023-11-20T19:33:41.411+0000] {processor.py:153} INFO - Started process (PID=312798) to work on /home/airflow/.local/lib/python3.7/site-packages/airflow/example_dags/example_task_group_decorator.py
[2023-11-20T19:33:41.412+0000] {processor.py:743} INFO - Processing file /home/airflow/.local/lib/python3.7/site-packages/airflow/example_dags/example_task_group_decorator.py for tasks to queue
[2023-11-20T19:33:41.414+0000] {logging_mixin.py:137} INFO - [2023-11-20T19:33:41.413+0000] {dagbag.py:538} INFO - Filling up the DagBag from /home/airflow/.local/lib/python3.7/site-packages/airflow/example_dags/example_task_group_decorator.py
[2023-11-20T19:33:41.436+0000] {processor.py:753} INFO - DAG(s) dict_keys(['example_task_group_decorator']) retrieved from /home/airflow/.local/lib/python3.7/site-packages/airflow/example_dags/example_task_group_decorator.py
[2023-11-20T19:33:41.462+0000] {logging_mixin.py:137} INFO - [2023-11-20T19:33:41.462+0000] {dag.py:2690} INFO - Sync 1 DAGs
[2023-11-20T19:33:41.483+0000] {logging_mixin.py:137} INFO - [2023-11-20T19:33:41.483+0000] {dag.py:3441} INFO - Setting next_dagrun for example_task_group_decorator to 2023-11-19T19:33:41.482849+00:00, run_after=2023-11-20T19:33:41.482849+00:00
[2023-11-20T19:33:41.496+0000] {processor.py:175} INFO - Processing /home/airflow/.local/lib/python3.7/site-packages/airflow/example_dags/example_task_group_decorator.py took 0.089 seconds
[2023-11-20T19:34:12.422+0000] {processor.py:153} INFO - Started process (PID=312879) to work on /home/airflow/.local/lib/python3.7/site-packages/airflow/example_dags/example_task_group_decorator.py
[2023-11-20T19:34:12.424+0000] {processor.py:743} INFO - Processing file /home/airflow/.local/lib/python3.7/site-packages/airflow/example_dags/example_task_group_decorator.py for tasks to queue
[2023-11-20T19:34:12.426+0000] {logging_mixin.py:137} INFO - [2023-11-20T19:34:12.426+0000] {dagbag.py:538} INFO - Filling up the DagBag from /home/airflow/.local/lib/python3.7/site-packages/airflow/example_dags/example_task_group_decorator.py
[2023-11-20T19:34:12.461+0000] {processor.py:753} INFO - DAG(s) dict_keys(['example_task_group_decorator']) retrieved from /home/airflow/.local/lib/python3.7/site-packages/airflow/example_dags/example_task_group_decorator.py
[2023-11-20T19:34:12.503+0000] {logging_mixin.py:137} INFO - [2023-11-20T19:34:12.503+0000] {dag.py:2690} INFO - Sync 1 DAGs
[2023-11-20T19:34:12.535+0000] {logging_mixin.py:137} INFO - [2023-11-20T19:34:12.535+0000] {dag.py:3441} INFO - Setting next_dagrun for example_task_group_decorator to 2023-11-19T19:34:12.534872+00:00, run_after=2023-11-20T19:34:12.534872+00:00
[2023-11-20T19:34:12.566+0000] {processor.py:175} INFO - Processing /home/airflow/.local/lib/python3.7/site-packages/airflow/example_dags/example_task_group_decorator.py took 0.149 seconds
[2023-11-20T19:34:42.635+0000] {processor.py:153} INFO - Started process (PID=312957) to work on /home/airflow/.local/lib/python3.7/site-packages/airflow/example_dags/example_task_group_decorator.py
[2023-11-20T19:34:42.637+0000] {processor.py:743} INFO - Processing file /home/airflow/.local/lib/python3.7/site-packages/airflow/example_dags/example_task_group_decorator.py for tasks to queue
[2023-11-20T19:34:42.639+0000] {logging_mixin.py:137} INFO - [2023-11-20T19:34:42.639+0000] {dagbag.py:538} INFO - Filling up the DagBag from /home/airflow/.local/lib/python3.7/site-packages/airflow/example_dags/example_task_group_decorator.py
[2023-11-20T19:34:42.663+0000] {processor.py:753} INFO - DAG(s) dict_keys(['example_task_group_decorator']) retrieved from /home/airflow/.local/lib/python3.7/site-packages/airflow/example_dags/example_task_group_decorator.py
[2023-11-20T19:34:42.691+0000] {logging_mixin.py:137} INFO - [2023-11-20T19:34:42.691+0000] {dag.py:2690} INFO - Sync 1 DAGs
[2023-11-20T19:34:42.718+0000] {logging_mixin.py:137} INFO - [2023-11-20T19:34:42.718+0000] {dag.py:3441} INFO - Setting next_dagrun for example_task_group_decorator to 2023-11-19T19:34:42.718173+00:00, run_after=2023-11-20T19:34:42.718173+00:00
[2023-11-20T19:34:42.734+0000] {processor.py:175} INFO - Processing /home/airflow/.local/lib/python3.7/site-packages/airflow/example_dags/example_task_group_decorator.py took 0.101 seconds
[2023-11-20T19:35:14.601+0000] {processor.py:153} INFO - Started process (PID=313029) to work on /home/airflow/.local/lib/python3.7/site-packages/airflow/example_dags/example_task_group_decorator.py
[2023-11-20T19:35:14.603+0000] {processor.py:743} INFO - Processing file /home/airflow/.local/lib/python3.7/site-packages/airflow/example_dags/example_task_group_decorator.py for tasks to queue
[2023-11-20T19:35:14.605+0000] {logging_mixin.py:137} INFO - [2023-11-20T19:35:14.605+0000] {dagbag.py:538} INFO - Filling up the DagBag from /home/airflow/.local/lib/python3.7/site-packages/airflow/example_dags/example_task_group_decorator.py
[2023-11-20T19:35:14.635+0000] {processor.py:753} INFO - DAG(s) dict_keys(['example_task_group_decorator']) retrieved from /home/airflow/.local/lib/python3.7/site-packages/airflow/example_dags/example_task_group_decorator.py
[2023-11-20T19:35:14.660+0000] {logging_mixin.py:137} INFO - [2023-11-20T19:35:14.660+0000] {dag.py:2690} INFO - Sync 1 DAGs
[2023-11-20T19:35:14.679+0000] {logging_mixin.py:137} INFO - [2023-11-20T19:35:14.679+0000] {dag.py:3441} INFO - Setting next_dagrun for example_task_group_decorator to 2023-11-19T19:35:14.679349+00:00, run_after=2023-11-20T19:35:14.679349+00:00
[2023-11-20T19:35:14.694+0000] {processor.py:175} INFO - Processing /home/airflow/.local/lib/python3.7/site-packages/airflow/example_dags/example_task_group_decorator.py took 0.100 seconds
[2023-11-20T19:35:45.715+0000] {processor.py:153} INFO - Started process (PID=313111) to work on /home/airflow/.local/lib/python3.7/site-packages/airflow/example_dags/example_task_group_decorator.py
[2023-11-20T19:35:45.721+0000] {processor.py:743} INFO - Processing file /home/airflow/.local/lib/python3.7/site-packages/airflow/example_dags/example_task_group_decorator.py for tasks to queue
[2023-11-20T19:35:45.727+0000] {logging_mixin.py:137} INFO - [2023-11-20T19:35:45.727+0000] {dagbag.py:538} INFO - Filling up the DagBag from /home/airflow/.local/lib/python3.7/site-packages/airflow/example_dags/example_task_group_decorator.py
[2023-11-20T19:35:45.785+0000] {processor.py:753} INFO - DAG(s) dict_keys(['example_task_group_decorator']) retrieved from /home/airflow/.local/lib/python3.7/site-packages/airflow/example_dags/example_task_group_decorator.py
[2023-11-20T19:35:45.828+0000] {logging_mixin.py:137} INFO - [2023-11-20T19:35:45.828+0000] {dag.py:2690} INFO - Sync 1 DAGs
[2023-11-20T19:35:45.854+0000] {logging_mixin.py:137} INFO - [2023-11-20T19:35:45.854+0000] {dag.py:3441} INFO - Setting next_dagrun for example_task_group_decorator to 2023-11-19T19:35:45.854079+00:00, run_after=2023-11-20T19:35:45.854079+00:00
[2023-11-20T19:35:45.882+0000] {processor.py:175} INFO - Processing /home/airflow/.local/lib/python3.7/site-packages/airflow/example_dags/example_task_group_decorator.py took 0.174 seconds
[2023-11-20T19:36:16.326+0000] {processor.py:153} INFO - Started process (PID=313188) to work on /home/airflow/.local/lib/python3.7/site-packages/airflow/example_dags/example_task_group_decorator.py
[2023-11-20T19:36:16.329+0000] {processor.py:743} INFO - Processing file /home/airflow/.local/lib/python3.7/site-packages/airflow/example_dags/example_task_group_decorator.py for tasks to queue
[2023-11-20T19:36:16.330+0000] {logging_mixin.py:137} INFO - [2023-11-20T19:36:16.330+0000] {dagbag.py:538} INFO - Filling up the DagBag from /home/airflow/.local/lib/python3.7/site-packages/airflow/example_dags/example_task_group_decorator.py
[2023-11-20T19:36:16.353+0000] {processor.py:753} INFO - DAG(s) dict_keys(['example_task_group_decorator']) retrieved from /home/airflow/.local/lib/python3.7/site-packages/airflow/example_dags/example_task_group_decorator.py
[2023-11-20T19:36:16.377+0000] {logging_mixin.py:137} INFO - [2023-11-20T19:36:16.377+0000] {dag.py:2690} INFO - Sync 1 DAGs
[2023-11-20T19:36:16.403+0000] {logging_mixin.py:137} INFO - [2023-11-20T19:36:16.403+0000] {dag.py:3441} INFO - Setting next_dagrun for example_task_group_decorator to 2023-11-19T19:36:16.402980+00:00, run_after=2023-11-20T19:36:16.402980+00:00
[2023-11-20T19:36:16.422+0000] {processor.py:175} INFO - Processing /home/airflow/.local/lib/python3.7/site-packages/airflow/example_dags/example_task_group_decorator.py took 0.099 seconds
[2023-11-20T19:36:46.561+0000] {processor.py:153} INFO - Started process (PID=313260) to work on /home/airflow/.local/lib/python3.7/site-packages/airflow/example_dags/example_task_group_decorator.py
[2023-11-20T19:36:46.563+0000] {processor.py:743} INFO - Processing file /home/airflow/.local/lib/python3.7/site-packages/airflow/example_dags/example_task_group_decorator.py for tasks to queue
[2023-11-20T19:36:46.566+0000] {logging_mixin.py:137} INFO - [2023-11-20T19:36:46.566+0000] {dagbag.py:538} INFO - Filling up the DagBag from /home/airflow/.local/lib/python3.7/site-packages/airflow/example_dags/example_task_group_decorator.py
[2023-11-20T19:36:46.594+0000] {processor.py:753} INFO - DAG(s) dict_keys(['example_task_group_decorator']) retrieved from /home/airflow/.local/lib/python3.7/site-packages/airflow/example_dags/example_task_group_decorator.py
[2023-11-20T19:36:46.618+0000] {logging_mixin.py:137} INFO - [2023-11-20T19:36:46.618+0000] {dag.py:2690} INFO - Sync 1 DAGs
[2023-11-20T19:36:46.639+0000] {logging_mixin.py:137} INFO - [2023-11-20T19:36:46.639+0000] {dag.py:3441} INFO - Setting next_dagrun for example_task_group_decorator to 2023-11-19T19:36:46.639176+00:00, run_after=2023-11-20T19:36:46.639176+00:00
[2023-11-20T19:36:46.654+0000] {processor.py:175} INFO - Processing /home/airflow/.local/lib/python3.7/site-packages/airflow/example_dags/example_task_group_decorator.py took 0.098 seconds
[2023-11-20T19:37:19.264+0000] {processor.py:153} INFO - Started process (PID=313341) to work on /home/airflow/.local/lib/python3.7/site-packages/airflow/example_dags/example_task_group_decorator.py
[2023-11-20T19:37:19.269+0000] {processor.py:743} INFO - Processing file /home/airflow/.local/lib/python3.7/site-packages/airflow/example_dags/example_task_group_decorator.py for tasks to queue
[2023-11-20T19:37:19.270+0000] {logging_mixin.py:137} INFO - [2023-11-20T19:37:19.270+0000] {dagbag.py:538} INFO - Filling up the DagBag from /home/airflow/.local/lib/python3.7/site-packages/airflow/example_dags/example_task_group_decorator.py
[2023-11-20T19:37:19.299+0000] {processor.py:753} INFO - DAG(s) dict_keys(['example_task_group_decorator']) retrieved from /home/airflow/.local/lib/python3.7/site-packages/airflow/example_dags/example_task_group_decorator.py
[2023-11-20T19:37:19.327+0000] {logging_mixin.py:137} INFO - [2023-11-20T19:37:19.327+0000] {dag.py:2690} INFO - Sync 1 DAGs
[2023-11-20T19:37:19.354+0000] {logging_mixin.py:137} INFO - [2023-11-20T19:37:19.354+0000] {dag.py:3441} INFO - Setting next_dagrun for example_task_group_decorator to 2023-11-19T19:37:19.354566+00:00, run_after=2023-11-20T19:37:19.354566+00:00
[2023-11-20T19:37:19.371+0000] {processor.py:175} INFO - Processing /home/airflow/.local/lib/python3.7/site-packages/airflow/example_dags/example_task_group_decorator.py took 0.109 seconds
[2023-11-20T20:01:17.708+0000] {processor.py:153} INFO - Started process (PID=313409) to work on /home/airflow/.local/lib/python3.7/site-packages/airflow/example_dags/example_task_group_decorator.py
[2023-11-20T20:01:17.740+0000] {processor.py:743} INFO - Processing file /home/airflow/.local/lib/python3.7/site-packages/airflow/example_dags/example_task_group_decorator.py for tasks to queue
[2023-11-20T20:01:17.743+0000] {logging_mixin.py:137} INFO - [2023-11-20T20:01:17.743+0000] {dagbag.py:538} INFO - Filling up the DagBag from /home/airflow/.local/lib/python3.7/site-packages/airflow/example_dags/example_task_group_decorator.py
[2023-11-20T20:01:17.839+0000] {processor.py:753} INFO - DAG(s) dict_keys(['example_task_group_decorator']) retrieved from /home/airflow/.local/lib/python3.7/site-packages/airflow/example_dags/example_task_group_decorator.py
[2023-11-20T20:01:17.923+0000] {logging_mixin.py:137} INFO - [2023-11-20T20:01:17.923+0000] {dag.py:2690} INFO - Sync 1 DAGs
[2023-11-20T20:01:18.051+0000] {logging_mixin.py:137} INFO - [2023-11-20T20:01:18.051+0000] {dag.py:3441} INFO - Setting next_dagrun for example_task_group_decorator to 2023-11-19T20:01:18.050984+00:00, run_after=2023-11-20T20:01:18.050984+00:00
[2023-11-20T20:01:18.231+0000] {processor.py:175} INFO - Processing /home/airflow/.local/lib/python3.7/site-packages/airflow/example_dags/example_task_group_decorator.py took 0.528 seconds
[2023-11-20T20:19:03.919+0000] {processor.py:153} INFO - Started process (PID=313465) to work on /home/airflow/.local/lib/python3.7/site-packages/airflow/example_dags/example_task_group_decorator.py
[2023-11-20T20:19:03.923+0000] {processor.py:743} INFO - Processing file /home/airflow/.local/lib/python3.7/site-packages/airflow/example_dags/example_task_group_decorator.py for tasks to queue
[2023-11-20T20:19:03.924+0000] {logging_mixin.py:137} INFO - [2023-11-20T20:19:03.924+0000] {dagbag.py:538} INFO - Filling up the DagBag from /home/airflow/.local/lib/python3.7/site-packages/airflow/example_dags/example_task_group_decorator.py
[2023-11-20T20:19:03.950+0000] {processor.py:753} INFO - DAG(s) dict_keys(['example_task_group_decorator']) retrieved from /home/airflow/.local/lib/python3.7/site-packages/airflow/example_dags/example_task_group_decorator.py
[2023-11-20T20:19:03.973+0000] {logging_mixin.py:137} INFO - [2023-11-20T20:19:03.973+0000] {dag.py:2690} INFO - Sync 1 DAGs
[2023-11-20T20:19:03.992+0000] {logging_mixin.py:137} INFO - [2023-11-20T20:19:03.992+0000] {dag.py:3441} INFO - Setting next_dagrun for example_task_group_decorator to 2023-11-19T20:19:03.991832+00:00, run_after=2023-11-20T20:19:03.991832+00:00
[2023-11-20T20:19:04.005+0000] {processor.py:175} INFO - Processing /home/airflow/.local/lib/python3.7/site-packages/airflow/example_dags/example_task_group_decorator.py took 0.091 seconds
[2023-11-20T20:19:35.266+0000] {processor.py:153} INFO - Started process (PID=313546) to work on /home/airflow/.local/lib/python3.7/site-packages/airflow/example_dags/example_task_group_decorator.py
[2023-11-20T20:19:35.267+0000] {processor.py:743} INFO - Processing file /home/airflow/.local/lib/python3.7/site-packages/airflow/example_dags/example_task_group_decorator.py for tasks to queue
[2023-11-20T20:19:35.268+0000] {logging_mixin.py:137} INFO - [2023-11-20T20:19:35.268+0000] {dagbag.py:538} INFO - Filling up the DagBag from /home/airflow/.local/lib/python3.7/site-packages/airflow/example_dags/example_task_group_decorator.py
[2023-11-20T20:19:35.291+0000] {processor.py:753} INFO - DAG(s) dict_keys(['example_task_group_decorator']) retrieved from /home/airflow/.local/lib/python3.7/site-packages/airflow/example_dags/example_task_group_decorator.py
[2023-11-20T20:19:35.317+0000] {logging_mixin.py:137} INFO - [2023-11-20T20:19:35.317+0000] {dag.py:2690} INFO - Sync 1 DAGs
[2023-11-20T20:19:35.335+0000] {logging_mixin.py:137} INFO - [2023-11-20T20:19:35.335+0000] {dag.py:3441} INFO - Setting next_dagrun for example_task_group_decorator to 2023-11-19T20:19:35.335454+00:00, run_after=2023-11-20T20:19:35.335454+00:00
[2023-11-20T20:19:35.347+0000] {processor.py:175} INFO - Processing /home/airflow/.local/lib/python3.7/site-packages/airflow/example_dags/example_task_group_decorator.py took 0.085 seconds
[2023-11-20T20:20:05.687+0000] {processor.py:153} INFO - Started process (PID=313614) to work on /home/airflow/.local/lib/python3.7/site-packages/airflow/example_dags/example_task_group_decorator.py
[2023-11-20T20:20:05.690+0000] {processor.py:743} INFO - Processing file /home/airflow/.local/lib/python3.7/site-packages/airflow/example_dags/example_task_group_decorator.py for tasks to queue
[2023-11-20T20:20:05.692+0000] {logging_mixin.py:137} INFO - [2023-11-20T20:20:05.691+0000] {dagbag.py:538} INFO - Filling up the DagBag from /home/airflow/.local/lib/python3.7/site-packages/airflow/example_dags/example_task_group_decorator.py
[2023-11-20T20:20:05.715+0000] {processor.py:753} INFO - DAG(s) dict_keys(['example_task_group_decorator']) retrieved from /home/airflow/.local/lib/python3.7/site-packages/airflow/example_dags/example_task_group_decorator.py
[2023-11-20T20:20:05.743+0000] {logging_mixin.py:137} INFO - [2023-11-20T20:20:05.743+0000] {dag.py:2690} INFO - Sync 1 DAGs
[2023-11-20T20:20:05.764+0000] {logging_mixin.py:137} INFO - [2023-11-20T20:20:05.764+0000] {dag.py:3441} INFO - Setting next_dagrun for example_task_group_decorator to 2023-11-19T20:20:05.764572+00:00, run_after=2023-11-20T20:20:05.764572+00:00
[2023-11-20T20:20:05.778+0000] {processor.py:175} INFO - Processing /home/airflow/.local/lib/python3.7/site-packages/airflow/example_dags/example_task_group_decorator.py took 0.093 seconds
[2023-11-20T20:20:37.434+0000] {processor.py:153} INFO - Started process (PID=313694) to work on /home/airflow/.local/lib/python3.7/site-packages/airflow/example_dags/example_task_group_decorator.py
[2023-11-20T20:20:37.442+0000] {processor.py:743} INFO - Processing file /home/airflow/.local/lib/python3.7/site-packages/airflow/example_dags/example_task_group_decorator.py for tasks to queue
[2023-11-20T20:20:37.444+0000] {logging_mixin.py:137} INFO - [2023-11-20T20:20:37.444+0000] {dagbag.py:538} INFO - Filling up the DagBag from /home/airflow/.local/lib/python3.7/site-packages/airflow/example_dags/example_task_group_decorator.py
[2023-11-20T20:20:37.493+0000] {processor.py:753} INFO - DAG(s) dict_keys(['example_task_group_decorator']) retrieved from /home/airflow/.local/lib/python3.7/site-packages/airflow/example_dags/example_task_group_decorator.py
[2023-11-20T20:20:37.539+0000] {logging_mixin.py:137} INFO - [2023-11-20T20:20:37.539+0000] {dag.py:2690} INFO - Sync 1 DAGs
[2023-11-20T20:20:37.599+0000] {logging_mixin.py:137} INFO - [2023-11-20T20:20:37.599+0000] {dag.py:3441} INFO - Setting next_dagrun for example_task_group_decorator to 2023-11-19T20:20:37.599376+00:00, run_after=2023-11-20T20:20:37.599376+00:00
[2023-11-20T20:20:37.621+0000] {processor.py:175} INFO - Processing /home/airflow/.local/lib/python3.7/site-packages/airflow/example_dags/example_task_group_decorator.py took 0.196 seconds
[2023-11-20T20:21:07.967+0000] {processor.py:153} INFO - Started process (PID=313763) to work on /home/airflow/.local/lib/python3.7/site-packages/airflow/example_dags/example_task_group_decorator.py
[2023-11-20T20:21:07.970+0000] {processor.py:743} INFO - Processing file /home/airflow/.local/lib/python3.7/site-packages/airflow/example_dags/example_task_group_decorator.py for tasks to queue
[2023-11-20T20:21:07.971+0000] {logging_mixin.py:137} INFO - [2023-11-20T20:21:07.971+0000] {dagbag.py:538} INFO - Filling up the DagBag from /home/airflow/.local/lib/python3.7/site-packages/airflow/example_dags/example_task_group_decorator.py
[2023-11-20T20:21:07.993+0000] {processor.py:753} INFO - DAG(s) dict_keys(['example_task_group_decorator']) retrieved from /home/airflow/.local/lib/python3.7/site-packages/airflow/example_dags/example_task_group_decorator.py
[2023-11-20T20:21:08.015+0000] {logging_mixin.py:137} INFO - [2023-11-20T20:21:08.015+0000] {dag.py:2690} INFO - Sync 1 DAGs
[2023-11-20T20:21:08.033+0000] {logging_mixin.py:137} INFO - [2023-11-20T20:21:08.033+0000] {dag.py:3441} INFO - Setting next_dagrun for example_task_group_decorator to 2023-11-19T20:21:08.033523+00:00, run_after=2023-11-20T20:21:08.033523+00:00
[2023-11-20T20:21:08.066+0000] {processor.py:175} INFO - Processing /home/airflow/.local/lib/python3.7/site-packages/airflow/example_dags/example_task_group_decorator.py took 0.102 seconds
[2023-11-20T20:21:40.664+0000] {processor.py:153} INFO - Started process (PID=313845) to work on /home/airflow/.local/lib/python3.7/site-packages/airflow/example_dags/example_task_group_decorator.py
[2023-11-20T20:21:40.668+0000] {processor.py:743} INFO - Processing file /home/airflow/.local/lib/python3.7/site-packages/airflow/example_dags/example_task_group_decorator.py for tasks to queue
[2023-11-20T20:21:40.672+0000] {logging_mixin.py:137} INFO - [2023-11-20T20:21:40.671+0000] {dagbag.py:538} INFO - Filling up the DagBag from /home/airflow/.local/lib/python3.7/site-packages/airflow/example_dags/example_task_group_decorator.py
[2023-11-20T20:21:40.701+0000] {processor.py:753} INFO - DAG(s) dict_keys(['example_task_group_decorator']) retrieved from /home/airflow/.local/lib/python3.7/site-packages/airflow/example_dags/example_task_group_decorator.py
[2023-11-20T20:21:40.730+0000] {logging_mixin.py:137} INFO - [2023-11-20T20:21:40.730+0000] {dag.py:2690} INFO - Sync 1 DAGs
[2023-11-20T20:21:40.755+0000] {logging_mixin.py:137} INFO - [2023-11-20T20:21:40.755+0000] {dag.py:3441} INFO - Setting next_dagrun for example_task_group_decorator to 2023-11-19T20:21:40.754680+00:00, run_after=2023-11-20T20:21:40.754680+00:00
[2023-11-20T20:21:40.771+0000] {processor.py:175} INFO - Processing /home/airflow/.local/lib/python3.7/site-packages/airflow/example_dags/example_task_group_decorator.py took 0.110 seconds
[2023-11-20T20:39:29.033+0000] {processor.py:153} INFO - Started process (PID=313902) to work on /home/airflow/.local/lib/python3.7/site-packages/airflow/example_dags/example_task_group_decorator.py
[2023-11-20T20:39:29.035+0000] {processor.py:743} INFO - Processing file /home/airflow/.local/lib/python3.7/site-packages/airflow/example_dags/example_task_group_decorator.py for tasks to queue
[2023-11-20T20:39:29.036+0000] {logging_mixin.py:137} INFO - [2023-11-20T20:39:29.036+0000] {dagbag.py:538} INFO - Filling up the DagBag from /home/airflow/.local/lib/python3.7/site-packages/airflow/example_dags/example_task_group_decorator.py
[2023-11-20T20:39:29.057+0000] {processor.py:753} INFO - DAG(s) dict_keys(['example_task_group_decorator']) retrieved from /home/airflow/.local/lib/python3.7/site-packages/airflow/example_dags/example_task_group_decorator.py
[2023-11-20T20:39:29.083+0000] {logging_mixin.py:137} INFO - [2023-11-20T20:39:29.083+0000] {dag.py:2690} INFO - Sync 1 DAGs
[2023-11-20T20:39:29.105+0000] {logging_mixin.py:137} INFO - [2023-11-20T20:39:29.105+0000] {dag.py:3441} INFO - Setting next_dagrun for example_task_group_decorator to 2023-11-19T20:39:29.105167+00:00, run_after=2023-11-20T20:39:29.105167+00:00
[2023-11-20T20:39:29.126+0000] {processor.py:175} INFO - Processing /home/airflow/.local/lib/python3.7/site-packages/airflow/example_dags/example_task_group_decorator.py took 0.097 seconds
[2023-11-20T21:44:04.911+0000] {processor.py:153} INFO - Started process (PID=313982) to work on /home/airflow/.local/lib/python3.7/site-packages/airflow/example_dags/example_task_group_decorator.py
[2023-11-20T21:44:04.915+0000] {processor.py:743} INFO - Processing file /home/airflow/.local/lib/python3.7/site-packages/airflow/example_dags/example_task_group_decorator.py for tasks to queue
[2023-11-20T21:44:04.921+0000] {logging_mixin.py:137} INFO - [2023-11-20T21:44:04.921+0000] {dagbag.py:538} INFO - Filling up the DagBag from /home/airflow/.local/lib/python3.7/site-packages/airflow/example_dags/example_task_group_decorator.py
[2023-11-20T21:44:04.981+0000] {processor.py:753} INFO - DAG(s) dict_keys(['example_task_group_decorator']) retrieved from /home/airflow/.local/lib/python3.7/site-packages/airflow/example_dags/example_task_group_decorator.py
[2023-11-20T21:44:05.031+0000] {logging_mixin.py:137} INFO - [2023-11-20T21:44:05.031+0000] {dag.py:2690} INFO - Sync 1 DAGs
[2023-11-20T21:44:05.080+0000] {logging_mixin.py:137} INFO - [2023-11-20T21:44:05.079+0000] {dag.py:3441} INFO - Setting next_dagrun for example_task_group_decorator to 2023-11-19T21:44:05.079661+00:00, run_after=2023-11-20T21:44:05.079661+00:00
[2023-11-20T21:44:05.125+0000] {processor.py:175} INFO - Processing /home/airflow/.local/lib/python3.7/site-packages/airflow/example_dags/example_task_group_decorator.py took 0.222 seconds
[2023-11-20T23:07:06.874+0000] {processor.py:153} INFO - Started process (PID=314051) to work on /home/airflow/.local/lib/python3.7/site-packages/airflow/example_dags/example_task_group_decorator.py
[2023-11-20T23:07:06.883+0000] {processor.py:743} INFO - Processing file /home/airflow/.local/lib/python3.7/site-packages/airflow/example_dags/example_task_group_decorator.py for tasks to queue
[2023-11-20T23:07:06.885+0000] {logging_mixin.py:137} INFO - [2023-11-20T23:07:06.884+0000] {dagbag.py:538} INFO - Filling up the DagBag from /home/airflow/.local/lib/python3.7/site-packages/airflow/example_dags/example_task_group_decorator.py
[2023-11-20T23:07:06.917+0000] {processor.py:753} INFO - DAG(s) dict_keys(['example_task_group_decorator']) retrieved from /home/airflow/.local/lib/python3.7/site-packages/airflow/example_dags/example_task_group_decorator.py
[2023-11-20T23:07:07.301+0000] {logging_mixin.py:137} INFO - [2023-11-20T23:07:07.301+0000] {dag.py:2690} INFO - Sync 1 DAGs
[2023-11-20T23:07:07.366+0000] {logging_mixin.py:137} INFO - [2023-11-20T23:07:07.366+0000] {dag.py:3441} INFO - Setting next_dagrun for example_task_group_decorator to 2023-11-19T23:07:07.365921+00:00, run_after=2023-11-20T23:07:07.365921+00:00
[2023-11-20T23:07:07.388+0000] {processor.py:175} INFO - Processing /home/airflow/.local/lib/python3.7/site-packages/airflow/example_dags/example_task_group_decorator.py took 0.518 seconds
