[2023-04-19T12:35:28.648+0000] {taskinstance.py:1083} INFO - Dependencies all met for <TaskInstance: age_check.multiplication scheduled__2022-08-02T00:00:00+00:00 [queued]>
[2023-04-19T12:35:28.683+0000] {taskinstance.py:1083} INFO - Dependencies all met for <TaskInstance: age_check.multiplication scheduled__2022-08-02T00:00:00+00:00 [queued]>
[2023-04-19T12:35:28.684+0000] {taskinstance.py:1279} INFO - 
--------------------------------------------------------------------------------
[2023-04-19T12:35:28.685+0000] {taskinstance.py:1280} INFO - Starting attempt 1 of 4
[2023-04-19T12:35:28.686+0000] {taskinstance.py:1281} INFO - 
--------------------------------------------------------------------------------
[2023-04-19T12:35:28.767+0000] {taskinstance.py:1300} INFO - Executing <Task(PythonOperator): multiplication> on 2022-08-02 00:00:00+00:00
[2023-04-19T12:35:28.809+0000] {standard_task_runner.py:55} INFO - Started process 21103 to run task
[2023-04-19T12:35:28.838+0000] {standard_task_runner.py:82} INFO - Running: ['***', 'tasks', 'run', 'age_check', 'multiplication', 'scheduled__2022-08-02T00:00:00+00:00', '--job-id', '442', '--raw', '--subdir', 'DAGS_FOLDER/age.py', '--cfg-path', '/tmp/tmpcweslg2g']
[2023-04-19T12:35:28.855+0000] {standard_task_runner.py:83} INFO - Job 442: Subtask multiplication
[2023-04-19T12:35:29.375+0000] {task_command.py:388} INFO - Running <TaskInstance: age_check.multiplication scheduled__2022-08-02T00:00:00+00:00 [running]> on host fe34f61acbb3
[2023-04-19T12:35:29.708+0000] {taskinstance.py:1509} INFO - Exporting the following env vars:
AIRFLOW_CTX_DAG_OWNER=***
AIRFLOW_CTX_DAG_ID=age_check
AIRFLOW_CTX_TASK_ID=multiplication
AIRFLOW_CTX_EXECUTION_DATE=2022-08-02T00:00:00+00:00
AIRFLOW_CTX_TRY_NUMBER=1
AIRFLOW_CTX_DAG_RUN_ID=scheduled__2022-08-02T00:00:00+00:00
[2023-04-19T12:35:29.719+0000] {logging_mixin.py:137} INFO - 25
[2023-04-19T12:35:29.725+0000] {python.py:177} INFO - Done. Returned value was: None
[2023-04-19T12:35:29.758+0000] {taskinstance.py:1323} INFO - Marking task as SUCCESS. dag_id=age_check, task_id=multiplication, execution_date=20220802T000000, start_date=20230419T123528, end_date=20230419T123529
[2023-04-19T12:35:29.904+0000] {local_task_job.py:208} INFO - Task exited with return code 0
[2023-04-19T12:35:30.949+0000] {taskinstance.py:2578} INFO - 1 downstream tasks scheduled from follow-on schedule check
[2023-05-17T09:51:25.789+0000] {taskinstance.py:1083} INFO - Dependencies all met for <TaskInstance: age_check.multiplication scheduled__2022-08-02T00:00:00+00:00 [queued]>
[2023-05-17T09:51:25.903+0000] {taskinstance.py:1083} INFO - Dependencies all met for <TaskInstance: age_check.multiplication scheduled__2022-08-02T00:00:00+00:00 [queued]>
[2023-05-17T09:51:25.907+0000] {taskinstance.py:1279} INFO - 
--------------------------------------------------------------------------------
[2023-05-17T09:51:25.909+0000] {taskinstance.py:1280} INFO - Starting attempt 1 of 4
[2023-05-17T09:51:25.909+0000] {taskinstance.py:1281} INFO - 
--------------------------------------------------------------------------------
[2023-05-17T09:51:26.061+0000] {taskinstance.py:1300} INFO - Executing <Task(PythonOperator): multiplication> on 2022-08-02 00:00:00+00:00
[2023-05-17T09:51:26.077+0000] {standard_task_runner.py:55} INFO - Started process 3797 to run task
[2023-05-17T09:51:26.142+0000] {standard_task_runner.py:82} INFO - Running: ['***', 'tasks', 'run', 'age_check', 'multiplication', 'scheduled__2022-08-02T00:00:00+00:00', '--job-id', '7', '--raw', '--subdir', 'DAGS_FOLDER/age.py', '--cfg-path', '/tmp/tmplukssu7f']
[2023-05-17T09:51:26.151+0000] {standard_task_runner.py:83} INFO - Job 7: Subtask multiplication
[2023-05-17T09:51:26.531+0000] {task_command.py:388} INFO - Running <TaskInstance: age_check.multiplication scheduled__2022-08-02T00:00:00+00:00 [running]> on host 242f95e3e8a8
[2023-05-17T09:51:26.808+0000] {taskinstance.py:1509} INFO - Exporting the following env vars:
AIRFLOW_CTX_DAG_OWNER=***
AIRFLOW_CTX_DAG_ID=age_check
AIRFLOW_CTX_TASK_ID=multiplication
AIRFLOW_CTX_EXECUTION_DATE=2022-08-02T00:00:00+00:00
AIRFLOW_CTX_TRY_NUMBER=1
AIRFLOW_CTX_DAG_RUN_ID=scheduled__2022-08-02T00:00:00+00:00
[2023-05-17T09:51:26.811+0000] {logging_mixin.py:137} INFO - 25
[2023-05-17T09:51:26.817+0000] {python.py:177} INFO - Done. Returned value was: None
[2023-05-17T09:51:26.856+0000] {taskinstance.py:1323} INFO - Marking task as SUCCESS. dag_id=age_check, task_id=multiplication, execution_date=20220802T000000, start_date=20230517T095125, end_date=20230517T095126
[2023-05-17T09:51:27.097+0000] {local_task_job.py:208} INFO - Task exited with return code 0
[2023-05-17T09:51:27.299+0000] {taskinstance.py:2578} INFO - 0 downstream tasks scheduled from follow-on schedule check
