[2023-10-01T16:20:37.486+0000] {taskinstance.py:1083} INFO - Dependencies all met for <TaskInstance: read_s3_file.read_s3_file scheduled__2023-09-30T16:20:36.384064+00:00 [queued]>
[2023-10-01T16:20:37.495+0000] {taskinstance.py:1083} INFO - Dependencies all met for <TaskInstance: read_s3_file.read_s3_file scheduled__2023-09-30T16:20:36.384064+00:00 [queued]>
[2023-10-01T16:20:37.496+0000] {taskinstance.py:1279} INFO - 
--------------------------------------------------------------------------------
[2023-10-01T16:20:37.496+0000] {taskinstance.py:1280} INFO - Starting attempt 1 of 4
[2023-10-01T16:20:37.497+0000] {taskinstance.py:1281} INFO - 
--------------------------------------------------------------------------------
[2023-10-01T16:20:37.506+0000] {taskinstance.py:1300} INFO - Executing <Task(PythonOperator): read_s3_file> on 2023-09-30 16:20:36.384064+00:00
[2023-10-01T16:20:37.510+0000] {standard_task_runner.py:55} INFO - Started process 1212 to run task
[2023-10-01T16:20:37.514+0000] {standard_task_runner.py:82} INFO - Running: ['***', 'tasks', 'run', 'read_s3_file', 'read_s3_file', 'scheduled__2023-09-30T16:20:36.384064+00:00', '--job-id', '4856', '--raw', '--subdir', 'DAGS_FOLDER/desmond.py', '--cfg-path', '/tmp/tmpxfd80jle']
[2023-10-01T16:20:37.515+0000] {standard_task_runner.py:83} INFO - Job 4856: Subtask read_s3_file
[2023-10-01T16:20:37.573+0000] {task_command.py:388} INFO - Running <TaskInstance: read_s3_file.read_s3_file scheduled__2023-09-30T16:20:36.384064+00:00 [running]> on host 25f6b46723d1
[2023-10-01T16:20:37.627+0000] {taskinstance.py:1509} INFO - Exporting the following env vars:
AIRFLOW_CTX_DAG_OWNER=***
AIRFLOW_CTX_DAG_ID=read_s3_file
AIRFLOW_CTX_TASK_ID=read_s3_file
AIRFLOW_CTX_EXECUTION_DATE=2023-09-30T16:20:36.384064+00:00
AIRFLOW_CTX_TRY_NUMBER=1
AIRFLOW_CTX_DAG_RUN_ID=scheduled__2023-09-30T16:20:36.384064+00:00
[2023-10-01T16:20:37.628+0000] {taskinstance.py:1768} ERROR - Task failed with exception
Traceback (most recent call last):
  File "/home/airflow/.local/lib/python3.7/site-packages/airflow/operators/python.py", line 175, in execute
    return_value = self.execute_callable()
  File "/home/airflow/.local/lib/python3.7/site-packages/airflow/operators/python.py", line 192, in execute_callable
    return self.python_callable(*self.op_args, **self.op_kwargs)
TypeError: generic_s3_client() missing 2 required positional arguments: 'ACCESS_KEY' and 'SECRET_KEY'
[2023-10-01T16:20:37.637+0000] {taskinstance.py:1323} INFO - Marking task as UP_FOR_RETRY. dag_id=read_s3_file, task_id=read_s3_file, execution_date=20230930T162036, start_date=20231001T162037, end_date=20231001T162037
[2023-10-01T16:20:37.649+0000] {standard_task_runner.py:105} ERROR - Failed to execute job 4856 for task read_s3_file (generic_s3_client() missing 2 required positional arguments: 'ACCESS_KEY' and 'SECRET_KEY'; 1212)
[2023-10-01T16:20:37.688+0000] {local_task_job.py:208} INFO - Task exited with return code 1
[2023-10-01T16:20:37.707+0000] {taskinstance.py:2578} INFO - 0 downstream tasks scheduled from follow-on schedule check
