[2023-04-18T00:05:29.273+0000] {processor.py:153} INFO - Started process (PID=27414) to work on /home/airflow/.local/lib/python3.7/site-packages/airflow/example_dags/example_branch_day_of_week_operator.py
[2023-04-18T00:05:29.275+0000] {processor.py:743} INFO - Processing file /home/airflow/.local/lib/python3.7/site-packages/airflow/example_dags/example_branch_day_of_week_operator.py for tasks to queue
[2023-04-18T00:05:29.276+0000] {logging_mixin.py:137} INFO - [2023-04-18T00:05:29.276+0000] {dagbag.py:538} INFO - Filling up the DagBag from /home/airflow/.local/lib/python3.7/site-packages/airflow/example_dags/example_branch_day_of_week_operator.py
[2023-04-18T00:05:29.288+0000] {processor.py:753} INFO - DAG(s) dict_keys(['example_weekday_branch_operator']) retrieved from /home/airflow/.local/lib/python3.7/site-packages/airflow/example_dags/example_branch_day_of_week_operator.py
[2023-04-18T00:05:29.307+0000] {logging_mixin.py:137} INFO - [2023-04-18T00:05:29.307+0000] {dag.py:2690} INFO - Sync 1 DAGs
[2023-04-18T00:05:29.325+0000] {logging_mixin.py:137} INFO - [2023-04-18T00:05:29.325+0000] {dag.py:3441} INFO - Setting next_dagrun for example_weekday_branch_operator to 2023-04-17T00:00:00+00:00, run_after=2023-04-18T00:00:00+00:00
[2023-04-18T00:05:29.337+0000] {processor.py:175} INFO - Processing /home/airflow/.local/lib/python3.7/site-packages/airflow/example_dags/example_branch_day_of_week_operator.py took 0.066 seconds
[2023-04-18T01:27:43.432+0000] {processor.py:153} INFO - Started process (PID=27493) to work on /home/airflow/.local/lib/python3.7/site-packages/airflow/example_dags/example_branch_day_of_week_operator.py
[2023-04-18T01:27:43.434+0000] {processor.py:743} INFO - Processing file /home/airflow/.local/lib/python3.7/site-packages/airflow/example_dags/example_branch_day_of_week_operator.py for tasks to queue
[2023-04-18T01:27:43.435+0000] {logging_mixin.py:137} INFO - [2023-04-18T01:27:43.434+0000] {dagbag.py:538} INFO - Filling up the DagBag from /home/airflow/.local/lib/python3.7/site-packages/airflow/example_dags/example_branch_day_of_week_operator.py
[2023-04-18T01:27:43.447+0000] {processor.py:753} INFO - DAG(s) dict_keys(['example_weekday_branch_operator']) retrieved from /home/airflow/.local/lib/python3.7/site-packages/airflow/example_dags/example_branch_day_of_week_operator.py
[2023-04-18T01:27:43.471+0000] {logging_mixin.py:137} INFO - [2023-04-18T01:27:43.471+0000] {dag.py:2690} INFO - Sync 1 DAGs
[2023-04-18T01:27:43.494+0000] {logging_mixin.py:137} INFO - [2023-04-18T01:27:43.493+0000] {dag.py:3441} INFO - Setting next_dagrun for example_weekday_branch_operator to 2023-04-17T00:00:00+00:00, run_after=2023-04-18T00:00:00+00:00
[2023-04-18T01:27:43.510+0000] {processor.py:175} INFO - Processing /home/airflow/.local/lib/python3.7/site-packages/airflow/example_dags/example_branch_day_of_week_operator.py took 0.080 seconds
[2023-04-18T02:49:44.609+0000] {processor.py:153} INFO - Started process (PID=27572) to work on /home/airflow/.local/lib/python3.7/site-packages/airflow/example_dags/example_branch_day_of_week_operator.py
[2023-04-18T02:49:44.612+0000] {processor.py:743} INFO - Processing file /home/airflow/.local/lib/python3.7/site-packages/airflow/example_dags/example_branch_day_of_week_operator.py for tasks to queue
[2023-04-18T02:49:44.613+0000] {logging_mixin.py:137} INFO - [2023-04-18T02:49:44.613+0000] {dagbag.py:538} INFO - Filling up the DagBag from /home/airflow/.local/lib/python3.7/site-packages/airflow/example_dags/example_branch_day_of_week_operator.py
[2023-04-18T02:49:44.631+0000] {processor.py:753} INFO - DAG(s) dict_keys(['example_weekday_branch_operator']) retrieved from /home/airflow/.local/lib/python3.7/site-packages/airflow/example_dags/example_branch_day_of_week_operator.py
[2023-04-18T02:49:44.656+0000] {logging_mixin.py:137} INFO - [2023-04-18T02:49:44.655+0000] {dag.py:2690} INFO - Sync 1 DAGs
[2023-04-18T02:49:44.679+0000] {logging_mixin.py:137} INFO - [2023-04-18T02:49:44.679+0000] {dag.py:3441} INFO - Setting next_dagrun for example_weekday_branch_operator to 2023-04-17T00:00:00+00:00, run_after=2023-04-18T00:00:00+00:00
[2023-04-18T02:49:44.697+0000] {processor.py:175} INFO - Processing /home/airflow/.local/lib/python3.7/site-packages/airflow/example_dags/example_branch_day_of_week_operator.py took 0.090 seconds
[2023-04-18T04:12:38.710+0000] {processor.py:153} INFO - Started process (PID=27639) to work on /home/airflow/.local/lib/python3.7/site-packages/airflow/example_dags/example_branch_day_of_week_operator.py
[2023-04-18T04:12:38.712+0000] {processor.py:743} INFO - Processing file /home/airflow/.local/lib/python3.7/site-packages/airflow/example_dags/example_branch_day_of_week_operator.py for tasks to queue
[2023-04-18T04:12:38.713+0000] {logging_mixin.py:137} INFO - [2023-04-18T04:12:38.713+0000] {dagbag.py:538} INFO - Filling up the DagBag from /home/airflow/.local/lib/python3.7/site-packages/airflow/example_dags/example_branch_day_of_week_operator.py
[2023-04-18T04:12:38.725+0000] {processor.py:753} INFO - DAG(s) dict_keys(['example_weekday_branch_operator']) retrieved from /home/airflow/.local/lib/python3.7/site-packages/airflow/example_dags/example_branch_day_of_week_operator.py
[2023-04-18T04:12:38.754+0000] {logging_mixin.py:137} INFO - [2023-04-18T04:12:38.754+0000] {dag.py:2690} INFO - Sync 1 DAGs
[2023-04-18T04:12:38.783+0000] {logging_mixin.py:137} INFO - [2023-04-18T04:12:38.782+0000] {dag.py:3441} INFO - Setting next_dagrun for example_weekday_branch_operator to 2023-04-17T00:00:00+00:00, run_after=2023-04-18T00:00:00+00:00
[2023-04-18T04:12:38.812+0000] {processor.py:175} INFO - Processing /home/airflow/.local/lib/python3.7/site-packages/airflow/example_dags/example_branch_day_of_week_operator.py took 0.104 seconds
[2023-04-18T05:35:05.414+0000] {processor.py:153} INFO - Started process (PID=27718) to work on /home/airflow/.local/lib/python3.7/site-packages/airflow/example_dags/example_branch_day_of_week_operator.py
[2023-04-18T05:35:05.416+0000] {processor.py:743} INFO - Processing file /home/airflow/.local/lib/python3.7/site-packages/airflow/example_dags/example_branch_day_of_week_operator.py for tasks to queue
[2023-04-18T05:35:05.417+0000] {logging_mixin.py:137} INFO - [2023-04-18T05:35:05.417+0000] {dagbag.py:538} INFO - Filling up the DagBag from /home/airflow/.local/lib/python3.7/site-packages/airflow/example_dags/example_branch_day_of_week_operator.py
[2023-04-18T05:35:05.427+0000] {processor.py:753} INFO - DAG(s) dict_keys(['example_weekday_branch_operator']) retrieved from /home/airflow/.local/lib/python3.7/site-packages/airflow/example_dags/example_branch_day_of_week_operator.py
[2023-04-18T05:35:05.444+0000] {logging_mixin.py:137} INFO - [2023-04-18T05:35:05.444+0000] {dag.py:2690} INFO - Sync 1 DAGs
[2023-04-18T05:35:05.459+0000] {logging_mixin.py:137} INFO - [2023-04-18T05:35:05.459+0000] {dag.py:3441} INFO - Setting next_dagrun for example_weekday_branch_operator to 2023-04-17T00:00:00+00:00, run_after=2023-04-18T00:00:00+00:00
[2023-04-18T05:35:05.470+0000] {processor.py:175} INFO - Processing /home/airflow/.local/lib/python3.7/site-packages/airflow/example_dags/example_branch_day_of_week_operator.py took 0.058 seconds
[2023-04-18T07:01:13.196+0000] {processor.py:153} INFO - Started process (PID=27785) to work on /home/airflow/.local/lib/python3.7/site-packages/airflow/example_dags/example_branch_day_of_week_operator.py
[2023-04-18T07:01:13.197+0000] {processor.py:743} INFO - Processing file /home/airflow/.local/lib/python3.7/site-packages/airflow/example_dags/example_branch_day_of_week_operator.py for tasks to queue
[2023-04-18T07:01:13.198+0000] {logging_mixin.py:137} INFO - [2023-04-18T07:01:13.198+0000] {dagbag.py:538} INFO - Filling up the DagBag from /home/airflow/.local/lib/python3.7/site-packages/airflow/example_dags/example_branch_day_of_week_operator.py
[2023-04-18T07:01:13.210+0000] {processor.py:753} INFO - DAG(s) dict_keys(['example_weekday_branch_operator']) retrieved from /home/airflow/.local/lib/python3.7/site-packages/airflow/example_dags/example_branch_day_of_week_operator.py
[2023-04-18T07:01:13.227+0000] {logging_mixin.py:137} INFO - [2023-04-18T07:01:13.227+0000] {dag.py:2690} INFO - Sync 1 DAGs
[2023-04-18T07:01:13.243+0000] {logging_mixin.py:137} INFO - [2023-04-18T07:01:13.243+0000] {dag.py:3441} INFO - Setting next_dagrun for example_weekday_branch_operator to 2023-04-17T00:00:00+00:00, run_after=2023-04-18T00:00:00+00:00
[2023-04-18T07:01:13.261+0000] {processor.py:175} INFO - Processing /home/airflow/.local/lib/python3.7/site-packages/airflow/example_dags/example_branch_day_of_week_operator.py took 0.067 seconds
[2023-04-18T08:25:59.579+0000] {processor.py:153} INFO - Started process (PID=27864) to work on /home/airflow/.local/lib/python3.7/site-packages/airflow/example_dags/example_branch_day_of_week_operator.py
[2023-04-18T08:25:59.581+0000] {processor.py:743} INFO - Processing file /home/airflow/.local/lib/python3.7/site-packages/airflow/example_dags/example_branch_day_of_week_operator.py for tasks to queue
[2023-04-18T08:25:59.582+0000] {logging_mixin.py:137} INFO - [2023-04-18T08:25:59.582+0000] {dagbag.py:538} INFO - Filling up the DagBag from /home/airflow/.local/lib/python3.7/site-packages/airflow/example_dags/example_branch_day_of_week_operator.py
[2023-04-18T08:25:59.595+0000] {processor.py:753} INFO - DAG(s) dict_keys(['example_weekday_branch_operator']) retrieved from /home/airflow/.local/lib/python3.7/site-packages/airflow/example_dags/example_branch_day_of_week_operator.py
[2023-04-18T08:25:59.615+0000] {logging_mixin.py:137} INFO - [2023-04-18T08:25:59.615+0000] {dag.py:2690} INFO - Sync 1 DAGs
[2023-04-18T08:25:59.634+0000] {logging_mixin.py:137} INFO - [2023-04-18T08:25:59.634+0000] {dag.py:3441} INFO - Setting next_dagrun for example_weekday_branch_operator to 2023-04-17T00:00:00+00:00, run_after=2023-04-18T00:00:00+00:00
[2023-04-18T08:25:59.654+0000] {processor.py:175} INFO - Processing /home/airflow/.local/lib/python3.7/site-packages/airflow/example_dags/example_branch_day_of_week_operator.py took 0.078 seconds
[2023-04-18T09:47:24.157+0000] {processor.py:153} INFO - Started process (PID=27931) to work on /home/airflow/.local/lib/python3.7/site-packages/airflow/example_dags/example_branch_day_of_week_operator.py
[2023-04-18T09:47:24.159+0000] {processor.py:743} INFO - Processing file /home/airflow/.local/lib/python3.7/site-packages/airflow/example_dags/example_branch_day_of_week_operator.py for tasks to queue
[2023-04-18T09:47:24.160+0000] {logging_mixin.py:137} INFO - [2023-04-18T09:47:24.160+0000] {dagbag.py:538} INFO - Filling up the DagBag from /home/airflow/.local/lib/python3.7/site-packages/airflow/example_dags/example_branch_day_of_week_operator.py
[2023-04-18T09:47:24.173+0000] {processor.py:753} INFO - DAG(s) dict_keys(['example_weekday_branch_operator']) retrieved from /home/airflow/.local/lib/python3.7/site-packages/airflow/example_dags/example_branch_day_of_week_operator.py
[2023-04-18T09:47:24.192+0000] {logging_mixin.py:137} INFO - [2023-04-18T09:47:24.192+0000] {dag.py:2690} INFO - Sync 1 DAGs
[2023-04-18T09:47:24.209+0000] {logging_mixin.py:137} INFO - [2023-04-18T09:47:24.209+0000] {dag.py:3441} INFO - Setting next_dagrun for example_weekday_branch_operator to 2023-04-17T00:00:00+00:00, run_after=2023-04-18T00:00:00+00:00
[2023-04-18T09:47:24.223+0000] {processor.py:175} INFO - Processing /home/airflow/.local/lib/python3.7/site-packages/airflow/example_dags/example_branch_day_of_week_operator.py took 0.069 seconds
[2023-04-18T11:06:13.674+0000] {processor.py:153} INFO - Started process (PID=28009) to work on /home/airflow/.local/lib/python3.7/site-packages/airflow/example_dags/example_branch_day_of_week_operator.py
[2023-04-18T11:06:13.676+0000] {processor.py:743} INFO - Processing file /home/airflow/.local/lib/python3.7/site-packages/airflow/example_dags/example_branch_day_of_week_operator.py for tasks to queue
[2023-04-18T11:06:13.677+0000] {logging_mixin.py:137} INFO - [2023-04-18T11:06:13.677+0000] {dagbag.py:538} INFO - Filling up the DagBag from /home/airflow/.local/lib/python3.7/site-packages/airflow/example_dags/example_branch_day_of_week_operator.py
[2023-04-18T11:06:13.690+0000] {processor.py:753} INFO - DAG(s) dict_keys(['example_weekday_branch_operator']) retrieved from /home/airflow/.local/lib/python3.7/site-packages/airflow/example_dags/example_branch_day_of_week_operator.py
[2023-04-18T11:06:13.709+0000] {logging_mixin.py:137} INFO - [2023-04-18T11:06:13.709+0000] {dag.py:2690} INFO - Sync 1 DAGs
[2023-04-18T11:06:13.728+0000] {logging_mixin.py:137} INFO - [2023-04-18T11:06:13.727+0000] {dag.py:3441} INFO - Setting next_dagrun for example_weekday_branch_operator to 2023-04-17T00:00:00+00:00, run_after=2023-04-18T00:00:00+00:00
[2023-04-18T11:06:13.742+0000] {processor.py:175} INFO - Processing /home/airflow/.local/lib/python3.7/site-packages/airflow/example_dags/example_branch_day_of_week_operator.py took 0.070 seconds
[2023-04-18T11:14:16.940+0000] {processor.py:153} INFO - Started process (PID=28077) to work on /home/airflow/.local/lib/python3.7/site-packages/airflow/example_dags/example_branch_day_of_week_operator.py
[2023-04-18T11:14:16.942+0000] {processor.py:743} INFO - Processing file /home/airflow/.local/lib/python3.7/site-packages/airflow/example_dags/example_branch_day_of_week_operator.py for tasks to queue
[2023-04-18T11:14:16.943+0000] {logging_mixin.py:137} INFO - [2023-04-18T11:14:16.943+0000] {dagbag.py:538} INFO - Filling up the DagBag from /home/airflow/.local/lib/python3.7/site-packages/airflow/example_dags/example_branch_day_of_week_operator.py
[2023-04-18T11:14:16.955+0000] {processor.py:753} INFO - DAG(s) dict_keys(['example_weekday_branch_operator']) retrieved from /home/airflow/.local/lib/python3.7/site-packages/airflow/example_dags/example_branch_day_of_week_operator.py
[2023-04-18T11:14:16.972+0000] {logging_mixin.py:137} INFO - [2023-04-18T11:14:16.972+0000] {dag.py:2690} INFO - Sync 1 DAGs
[2023-04-18T11:14:16.992+0000] {logging_mixin.py:137} INFO - [2023-04-18T11:14:16.992+0000] {dag.py:3441} INFO - Setting next_dagrun for example_weekday_branch_operator to 2023-04-17T00:00:00+00:00, run_after=2023-04-18T00:00:00+00:00
[2023-04-18T11:14:17.013+0000] {processor.py:175} INFO - Processing /home/airflow/.local/lib/python3.7/site-packages/airflow/example_dags/example_branch_day_of_week_operator.py took 0.075 seconds
[2023-04-18T11:14:48.862+0000] {processor.py:153} INFO - Started process (PID=28155) to work on /home/airflow/.local/lib/python3.7/site-packages/airflow/example_dags/example_branch_day_of_week_operator.py
[2023-04-18T11:14:48.864+0000] {processor.py:743} INFO - Processing file /home/airflow/.local/lib/python3.7/site-packages/airflow/example_dags/example_branch_day_of_week_operator.py for tasks to queue
[2023-04-18T11:14:48.865+0000] {logging_mixin.py:137} INFO - [2023-04-18T11:14:48.865+0000] {dagbag.py:538} INFO - Filling up the DagBag from /home/airflow/.local/lib/python3.7/site-packages/airflow/example_dags/example_branch_day_of_week_operator.py
[2023-04-18T11:14:48.877+0000] {processor.py:753} INFO - DAG(s) dict_keys(['example_weekday_branch_operator']) retrieved from /home/airflow/.local/lib/python3.7/site-packages/airflow/example_dags/example_branch_day_of_week_operator.py
[2023-04-18T11:14:48.897+0000] {logging_mixin.py:137} INFO - [2023-04-18T11:14:48.896+0000] {dag.py:2690} INFO - Sync 1 DAGs
[2023-04-18T11:14:48.914+0000] {logging_mixin.py:137} INFO - [2023-04-18T11:14:48.914+0000] {dag.py:3441} INFO - Setting next_dagrun for example_weekday_branch_operator to 2023-04-17T00:00:00+00:00, run_after=2023-04-18T00:00:00+00:00
[2023-04-18T11:14:48.926+0000] {processor.py:175} INFO - Processing /home/airflow/.local/lib/python3.7/site-packages/airflow/example_dags/example_branch_day_of_week_operator.py took 0.066 seconds
[2023-04-18T11:15:19.323+0000] {processor.py:153} INFO - Started process (PID=28222) to work on /home/airflow/.local/lib/python3.7/site-packages/airflow/example_dags/example_branch_day_of_week_operator.py
[2023-04-18T11:15:19.325+0000] {processor.py:743} INFO - Processing file /home/airflow/.local/lib/python3.7/site-packages/airflow/example_dags/example_branch_day_of_week_operator.py for tasks to queue
[2023-04-18T11:15:19.326+0000] {logging_mixin.py:137} INFO - [2023-04-18T11:15:19.326+0000] {dagbag.py:538} INFO - Filling up the DagBag from /home/airflow/.local/lib/python3.7/site-packages/airflow/example_dags/example_branch_day_of_week_operator.py
[2023-04-18T11:15:19.338+0000] {processor.py:753} INFO - DAG(s) dict_keys(['example_weekday_branch_operator']) retrieved from /home/airflow/.local/lib/python3.7/site-packages/airflow/example_dags/example_branch_day_of_week_operator.py
[2023-04-18T11:15:19.355+0000] {logging_mixin.py:137} INFO - [2023-04-18T11:15:19.355+0000] {dag.py:2690} INFO - Sync 1 DAGs
[2023-04-18T11:15:19.374+0000] {logging_mixin.py:137} INFO - [2023-04-18T11:15:19.374+0000] {dag.py:3441} INFO - Setting next_dagrun for example_weekday_branch_operator to 2023-04-17T00:00:00+00:00, run_after=2023-04-18T00:00:00+00:00
[2023-04-18T11:15:19.391+0000] {processor.py:175} INFO - Processing /home/airflow/.local/lib/python3.7/site-packages/airflow/example_dags/example_branch_day_of_week_operator.py took 0.070 seconds
[2023-04-18T11:15:49.992+0000] {processor.py:153} INFO - Started process (PID=28302) to work on /home/airflow/.local/lib/python3.7/site-packages/airflow/example_dags/example_branch_day_of_week_operator.py
[2023-04-18T11:15:49.993+0000] {processor.py:743} INFO - Processing file /home/airflow/.local/lib/python3.7/site-packages/airflow/example_dags/example_branch_day_of_week_operator.py for tasks to queue
[2023-04-18T11:15:49.994+0000] {logging_mixin.py:137} INFO - [2023-04-18T11:15:49.994+0000] {dagbag.py:538} INFO - Filling up the DagBag from /home/airflow/.local/lib/python3.7/site-packages/airflow/example_dags/example_branch_day_of_week_operator.py
[2023-04-18T11:15:50.006+0000] {processor.py:753} INFO - DAG(s) dict_keys(['example_weekday_branch_operator']) retrieved from /home/airflow/.local/lib/python3.7/site-packages/airflow/example_dags/example_branch_day_of_week_operator.py
[2023-04-18T11:15:50.023+0000] {logging_mixin.py:137} INFO - [2023-04-18T11:15:50.023+0000] {dag.py:2690} INFO - Sync 1 DAGs
[2023-04-18T11:15:50.042+0000] {logging_mixin.py:137} INFO - [2023-04-18T11:15:50.042+0000] {dag.py:3441} INFO - Setting next_dagrun for example_weekday_branch_operator to 2023-04-17T00:00:00+00:00, run_after=2023-04-18T00:00:00+00:00
[2023-04-18T11:15:50.055+0000] {processor.py:175} INFO - Processing /home/airflow/.local/lib/python3.7/site-packages/airflow/example_dags/example_branch_day_of_week_operator.py took 0.066 seconds
[2023-04-18T11:16:21.490+0000] {processor.py:153} INFO - Started process (PID=28380) to work on /home/airflow/.local/lib/python3.7/site-packages/airflow/example_dags/example_branch_day_of_week_operator.py
[2023-04-18T11:16:21.492+0000] {processor.py:743} INFO - Processing file /home/airflow/.local/lib/python3.7/site-packages/airflow/example_dags/example_branch_day_of_week_operator.py for tasks to queue
[2023-04-18T11:16:21.493+0000] {logging_mixin.py:137} INFO - [2023-04-18T11:16:21.493+0000] {dagbag.py:538} INFO - Filling up the DagBag from /home/airflow/.local/lib/python3.7/site-packages/airflow/example_dags/example_branch_day_of_week_operator.py
[2023-04-18T11:16:21.505+0000] {processor.py:753} INFO - DAG(s) dict_keys(['example_weekday_branch_operator']) retrieved from /home/airflow/.local/lib/python3.7/site-packages/airflow/example_dags/example_branch_day_of_week_operator.py
[2023-04-18T11:16:21.524+0000] {logging_mixin.py:137} INFO - [2023-04-18T11:16:21.524+0000] {dag.py:2690} INFO - Sync 1 DAGs
[2023-04-18T11:16:21.542+0000] {logging_mixin.py:137} INFO - [2023-04-18T11:16:21.542+0000] {dag.py:3441} INFO - Setting next_dagrun for example_weekday_branch_operator to 2023-04-17T00:00:00+00:00, run_after=2023-04-18T00:00:00+00:00
[2023-04-18T11:16:21.555+0000] {processor.py:175} INFO - Processing /home/airflow/.local/lib/python3.7/site-packages/airflow/example_dags/example_branch_day_of_week_operator.py took 0.067 seconds
[2023-04-18T11:16:52.314+0000] {processor.py:153} INFO - Started process (PID=28447) to work on /home/airflow/.local/lib/python3.7/site-packages/airflow/example_dags/example_branch_day_of_week_operator.py
[2023-04-18T11:16:52.316+0000] {processor.py:743} INFO - Processing file /home/airflow/.local/lib/python3.7/site-packages/airflow/example_dags/example_branch_day_of_week_operator.py for tasks to queue
[2023-04-18T11:16:52.317+0000] {logging_mixin.py:137} INFO - [2023-04-18T11:16:52.317+0000] {dagbag.py:538} INFO - Filling up the DagBag from /home/airflow/.local/lib/python3.7/site-packages/airflow/example_dags/example_branch_day_of_week_operator.py
[2023-04-18T11:16:52.327+0000] {processor.py:753} INFO - DAG(s) dict_keys(['example_weekday_branch_operator']) retrieved from /home/airflow/.local/lib/python3.7/site-packages/airflow/example_dags/example_branch_day_of_week_operator.py
[2023-04-18T11:16:52.345+0000] {logging_mixin.py:137} INFO - [2023-04-18T11:16:52.345+0000] {dag.py:2690} INFO - Sync 1 DAGs
[2023-04-18T11:16:52.360+0000] {logging_mixin.py:137} INFO - [2023-04-18T11:16:52.359+0000] {dag.py:3441} INFO - Setting next_dagrun for example_weekday_branch_operator to 2023-04-17T00:00:00+00:00, run_after=2023-04-18T00:00:00+00:00
[2023-04-18T11:16:52.370+0000] {processor.py:175} INFO - Processing /home/airflow/.local/lib/python3.7/site-packages/airflow/example_dags/example_branch_day_of_week_operator.py took 0.058 seconds
[2023-04-18T11:17:22.763+0000] {processor.py:153} INFO - Started process (PID=28525) to work on /home/airflow/.local/lib/python3.7/site-packages/airflow/example_dags/example_branch_day_of_week_operator.py
[2023-04-18T11:17:22.765+0000] {processor.py:743} INFO - Processing file /home/airflow/.local/lib/python3.7/site-packages/airflow/example_dags/example_branch_day_of_week_operator.py for tasks to queue
[2023-04-18T11:17:22.766+0000] {logging_mixin.py:137} INFO - [2023-04-18T11:17:22.766+0000] {dagbag.py:538} INFO - Filling up the DagBag from /home/airflow/.local/lib/python3.7/site-packages/airflow/example_dags/example_branch_day_of_week_operator.py
[2023-04-18T11:17:22.777+0000] {processor.py:753} INFO - DAG(s) dict_keys(['example_weekday_branch_operator']) retrieved from /home/airflow/.local/lib/python3.7/site-packages/airflow/example_dags/example_branch_day_of_week_operator.py
[2023-04-18T11:17:22.794+0000] {logging_mixin.py:137} INFO - [2023-04-18T11:17:22.794+0000] {dag.py:2690} INFO - Sync 1 DAGs
[2023-04-18T11:17:22.811+0000] {logging_mixin.py:137} INFO - [2023-04-18T11:17:22.811+0000] {dag.py:3441} INFO - Setting next_dagrun for example_weekday_branch_operator to 2023-04-17T00:00:00+00:00, run_after=2023-04-18T00:00:00+00:00
[2023-04-18T11:17:22.835+0000] {processor.py:175} INFO - Processing /home/airflow/.local/lib/python3.7/site-packages/airflow/example_dags/example_branch_day_of_week_operator.py took 0.074 seconds
[2023-04-18T11:17:53.683+0000] {processor.py:153} INFO - Started process (PID=28605) to work on /home/airflow/.local/lib/python3.7/site-packages/airflow/example_dags/example_branch_day_of_week_operator.py
[2023-04-18T11:17:53.685+0000] {processor.py:743} INFO - Processing file /home/airflow/.local/lib/python3.7/site-packages/airflow/example_dags/example_branch_day_of_week_operator.py for tasks to queue
[2023-04-18T11:17:53.686+0000] {logging_mixin.py:137} INFO - [2023-04-18T11:17:53.685+0000] {dagbag.py:538} INFO - Filling up the DagBag from /home/airflow/.local/lib/python3.7/site-packages/airflow/example_dags/example_branch_day_of_week_operator.py
[2023-04-18T11:17:53.698+0000] {processor.py:753} INFO - DAG(s) dict_keys(['example_weekday_branch_operator']) retrieved from /home/airflow/.local/lib/python3.7/site-packages/airflow/example_dags/example_branch_day_of_week_operator.py
[2023-04-18T11:17:53.718+0000] {logging_mixin.py:137} INFO - [2023-04-18T11:17:53.718+0000] {dag.py:2690} INFO - Sync 1 DAGs
[2023-04-18T11:17:53.736+0000] {logging_mixin.py:137} INFO - [2023-04-18T11:17:53.736+0000] {dag.py:3441} INFO - Setting next_dagrun for example_weekday_branch_operator to 2023-04-17T00:00:00+00:00, run_after=2023-04-18T00:00:00+00:00
[2023-04-18T11:17:53.751+0000] {processor.py:175} INFO - Processing /home/airflow/.local/lib/python3.7/site-packages/airflow/example_dags/example_branch_day_of_week_operator.py took 0.070 seconds
[2023-04-18T11:18:24.547+0000] {processor.py:153} INFO - Started process (PID=28672) to work on /home/airflow/.local/lib/python3.7/site-packages/airflow/example_dags/example_branch_day_of_week_operator.py
[2023-04-18T11:18:24.549+0000] {processor.py:743} INFO - Processing file /home/airflow/.local/lib/python3.7/site-packages/airflow/example_dags/example_branch_day_of_week_operator.py for tasks to queue
[2023-04-18T11:18:24.550+0000] {logging_mixin.py:137} INFO - [2023-04-18T11:18:24.550+0000] {dagbag.py:538} INFO - Filling up the DagBag from /home/airflow/.local/lib/python3.7/site-packages/airflow/example_dags/example_branch_day_of_week_operator.py
[2023-04-18T11:18:24.564+0000] {processor.py:753} INFO - DAG(s) dict_keys(['example_weekday_branch_operator']) retrieved from /home/airflow/.local/lib/python3.7/site-packages/airflow/example_dags/example_branch_day_of_week_operator.py
[2023-04-18T11:18:24.584+0000] {logging_mixin.py:137} INFO - [2023-04-18T11:18:24.584+0000] {dag.py:2690} INFO - Sync 1 DAGs
[2023-04-18T11:18:24.602+0000] {logging_mixin.py:137} INFO - [2023-04-18T11:18:24.602+0000] {dag.py:3441} INFO - Setting next_dagrun for example_weekday_branch_operator to 2023-04-17T00:00:00+00:00, run_after=2023-04-18T00:00:00+00:00
[2023-04-18T11:18:24.614+0000] {processor.py:175} INFO - Processing /home/airflow/.local/lib/python3.7/site-packages/airflow/example_dags/example_branch_day_of_week_operator.py took 0.069 seconds
[2023-04-18T11:18:56.740+0000] {processor.py:153} INFO - Started process (PID=28750) to work on /home/airflow/.local/lib/python3.7/site-packages/airflow/example_dags/example_branch_day_of_week_operator.py
[2023-04-18T11:18:56.742+0000] {processor.py:743} INFO - Processing file /home/airflow/.local/lib/python3.7/site-packages/airflow/example_dags/example_branch_day_of_week_operator.py for tasks to queue
[2023-04-18T11:18:56.743+0000] {logging_mixin.py:137} INFO - [2023-04-18T11:18:56.743+0000] {dagbag.py:538} INFO - Filling up the DagBag from /home/airflow/.local/lib/python3.7/site-packages/airflow/example_dags/example_branch_day_of_week_operator.py
[2023-04-18T11:18:56.754+0000] {processor.py:753} INFO - DAG(s) dict_keys(['example_weekday_branch_operator']) retrieved from /home/airflow/.local/lib/python3.7/site-packages/airflow/example_dags/example_branch_day_of_week_operator.py
[2023-04-18T11:18:56.773+0000] {logging_mixin.py:137} INFO - [2023-04-18T11:18:56.773+0000] {dag.py:2690} INFO - Sync 1 DAGs
[2023-04-18T11:18:56.792+0000] {logging_mixin.py:137} INFO - [2023-04-18T11:18:56.792+0000] {dag.py:3441} INFO - Setting next_dagrun for example_weekday_branch_operator to 2023-04-17T00:00:00+00:00, run_after=2023-04-18T00:00:00+00:00
[2023-04-18T11:18:56.806+0000] {processor.py:175} INFO - Processing /home/airflow/.local/lib/python3.7/site-packages/airflow/example_dags/example_branch_day_of_week_operator.py took 0.069 seconds
[2023-04-18T11:19:27.763+0000] {processor.py:153} INFO - Started process (PID=28818) to work on /home/airflow/.local/lib/python3.7/site-packages/airflow/example_dags/example_branch_day_of_week_operator.py
[2023-04-18T11:19:27.765+0000] {processor.py:743} INFO - Processing file /home/airflow/.local/lib/python3.7/site-packages/airflow/example_dags/example_branch_day_of_week_operator.py for tasks to queue
[2023-04-18T11:19:27.766+0000] {logging_mixin.py:137} INFO - [2023-04-18T11:19:27.766+0000] {dagbag.py:538} INFO - Filling up the DagBag from /home/airflow/.local/lib/python3.7/site-packages/airflow/example_dags/example_branch_day_of_week_operator.py
[2023-04-18T11:19:27.777+0000] {processor.py:753} INFO - DAG(s) dict_keys(['example_weekday_branch_operator']) retrieved from /home/airflow/.local/lib/python3.7/site-packages/airflow/example_dags/example_branch_day_of_week_operator.py
[2023-04-18T11:19:27.795+0000] {logging_mixin.py:137} INFO - [2023-04-18T11:19:27.794+0000] {dag.py:2690} INFO - Sync 1 DAGs
[2023-04-18T11:19:27.814+0000] {logging_mixin.py:137} INFO - [2023-04-18T11:19:27.814+0000] {dag.py:3441} INFO - Setting next_dagrun for example_weekday_branch_operator to 2023-04-17T00:00:00+00:00, run_after=2023-04-18T00:00:00+00:00
[2023-04-18T11:19:27.828+0000] {processor.py:175} INFO - Processing /home/airflow/.local/lib/python3.7/site-packages/airflow/example_dags/example_branch_day_of_week_operator.py took 0.067 seconds
[2023-04-18T11:19:58.464+0000] {processor.py:153} INFO - Started process (PID=28897) to work on /home/airflow/.local/lib/python3.7/site-packages/airflow/example_dags/example_branch_day_of_week_operator.py
[2023-04-18T11:19:58.466+0000] {processor.py:743} INFO - Processing file /home/airflow/.local/lib/python3.7/site-packages/airflow/example_dags/example_branch_day_of_week_operator.py for tasks to queue
[2023-04-18T11:19:58.467+0000] {logging_mixin.py:137} INFO - [2023-04-18T11:19:58.467+0000] {dagbag.py:538} INFO - Filling up the DagBag from /home/airflow/.local/lib/python3.7/site-packages/airflow/example_dags/example_branch_day_of_week_operator.py
[2023-04-18T11:19:58.479+0000] {processor.py:753} INFO - DAG(s) dict_keys(['example_weekday_branch_operator']) retrieved from /home/airflow/.local/lib/python3.7/site-packages/airflow/example_dags/example_branch_day_of_week_operator.py
[2023-04-18T11:19:58.497+0000] {logging_mixin.py:137} INFO - [2023-04-18T11:19:58.497+0000] {dag.py:2690} INFO - Sync 1 DAGs
[2023-04-18T11:19:58.518+0000] {logging_mixin.py:137} INFO - [2023-04-18T11:19:58.518+0000] {dag.py:3441} INFO - Setting next_dagrun for example_weekday_branch_operator to 2023-04-17T00:00:00+00:00, run_after=2023-04-18T00:00:00+00:00
[2023-04-18T11:19:58.530+0000] {processor.py:175} INFO - Processing /home/airflow/.local/lib/python3.7/site-packages/airflow/example_dags/example_branch_day_of_week_operator.py took 0.068 seconds
[2023-04-18T11:20:30.527+0000] {processor.py:153} INFO - Started process (PID=28974) to work on /home/airflow/.local/lib/python3.7/site-packages/airflow/example_dags/example_branch_day_of_week_operator.py
[2023-04-18T11:20:30.529+0000] {processor.py:743} INFO - Processing file /home/airflow/.local/lib/python3.7/site-packages/airflow/example_dags/example_branch_day_of_week_operator.py for tasks to queue
[2023-04-18T11:20:30.530+0000] {logging_mixin.py:137} INFO - [2023-04-18T11:20:30.530+0000] {dagbag.py:538} INFO - Filling up the DagBag from /home/airflow/.local/lib/python3.7/site-packages/airflow/example_dags/example_branch_day_of_week_operator.py
[2023-04-18T11:20:30.547+0000] {processor.py:753} INFO - DAG(s) dict_keys(['example_weekday_branch_operator']) retrieved from /home/airflow/.local/lib/python3.7/site-packages/airflow/example_dags/example_branch_day_of_week_operator.py
[2023-04-18T11:20:30.569+0000] {logging_mixin.py:137} INFO - [2023-04-18T11:20:30.569+0000] {dag.py:2690} INFO - Sync 1 DAGs
[2023-04-18T11:20:30.589+0000] {logging_mixin.py:137} INFO - [2023-04-18T11:20:30.589+0000] {dag.py:3441} INFO - Setting next_dagrun for example_weekday_branch_operator to 2023-04-17T00:00:00+00:00, run_after=2023-04-18T00:00:00+00:00
[2023-04-18T11:20:30.606+0000] {processor.py:175} INFO - Processing /home/airflow/.local/lib/python3.7/site-packages/airflow/example_dags/example_branch_day_of_week_operator.py took 0.083 seconds
[2023-04-18T11:21:01.414+0000] {processor.py:153} INFO - Started process (PID=29040) to work on /home/airflow/.local/lib/python3.7/site-packages/airflow/example_dags/example_branch_day_of_week_operator.py
[2023-04-18T11:21:01.415+0000] {processor.py:743} INFO - Processing file /home/airflow/.local/lib/python3.7/site-packages/airflow/example_dags/example_branch_day_of_week_operator.py for tasks to queue
[2023-04-18T11:21:01.416+0000] {logging_mixin.py:137} INFO - [2023-04-18T11:21:01.416+0000] {dagbag.py:538} INFO - Filling up the DagBag from /home/airflow/.local/lib/python3.7/site-packages/airflow/example_dags/example_branch_day_of_week_operator.py
[2023-04-18T11:21:01.428+0000] {processor.py:753} INFO - DAG(s) dict_keys(['example_weekday_branch_operator']) retrieved from /home/airflow/.local/lib/python3.7/site-packages/airflow/example_dags/example_branch_day_of_week_operator.py
[2023-04-18T11:21:01.448+0000] {logging_mixin.py:137} INFO - [2023-04-18T11:21:01.448+0000] {dag.py:2690} INFO - Sync 1 DAGs
[2023-04-18T11:21:01.465+0000] {logging_mixin.py:137} INFO - [2023-04-18T11:21:01.465+0000] {dag.py:3441} INFO - Setting next_dagrun for example_weekday_branch_operator to 2023-04-17T00:00:00+00:00, run_after=2023-04-18T00:00:00+00:00
[2023-04-18T11:21:01.479+0000] {processor.py:175} INFO - Processing /home/airflow/.local/lib/python3.7/site-packages/airflow/example_dags/example_branch_day_of_week_operator.py took 0.068 seconds
[2023-04-18T11:21:32.266+0000] {processor.py:153} INFO - Started process (PID=29118) to work on /home/airflow/.local/lib/python3.7/site-packages/airflow/example_dags/example_branch_day_of_week_operator.py
[2023-04-18T11:21:32.267+0000] {processor.py:743} INFO - Processing file /home/airflow/.local/lib/python3.7/site-packages/airflow/example_dags/example_branch_day_of_week_operator.py for tasks to queue
[2023-04-18T11:21:32.268+0000] {logging_mixin.py:137} INFO - [2023-04-18T11:21:32.268+0000] {dagbag.py:538} INFO - Filling up the DagBag from /home/airflow/.local/lib/python3.7/site-packages/airflow/example_dags/example_branch_day_of_week_operator.py
[2023-04-18T11:21:32.280+0000] {processor.py:753} INFO - DAG(s) dict_keys(['example_weekday_branch_operator']) retrieved from /home/airflow/.local/lib/python3.7/site-packages/airflow/example_dags/example_branch_day_of_week_operator.py
[2023-04-18T11:21:32.298+0000] {logging_mixin.py:137} INFO - [2023-04-18T11:21:32.298+0000] {dag.py:2690} INFO - Sync 1 DAGs
[2023-04-18T11:21:32.315+0000] {logging_mixin.py:137} INFO - [2023-04-18T11:21:32.315+0000] {dag.py:3441} INFO - Setting next_dagrun for example_weekday_branch_operator to 2023-04-17T00:00:00+00:00, run_after=2023-04-18T00:00:00+00:00
[2023-04-18T11:21:32.329+0000] {processor.py:175} INFO - Processing /home/airflow/.local/lib/python3.7/site-packages/airflow/example_dags/example_branch_day_of_week_operator.py took 0.067 seconds
[2023-04-18T11:35:37.450+0000] {processor.py:153} INFO - Started process (PID=29183) to work on /home/airflow/.local/lib/python3.7/site-packages/airflow/example_dags/example_branch_day_of_week_operator.py
[2023-04-18T11:35:37.452+0000] {processor.py:743} INFO - Processing file /home/airflow/.local/lib/python3.7/site-packages/airflow/example_dags/example_branch_day_of_week_operator.py for tasks to queue
[2023-04-18T11:35:37.453+0000] {logging_mixin.py:137} INFO - [2023-04-18T11:35:37.453+0000] {dagbag.py:538} INFO - Filling up the DagBag from /home/airflow/.local/lib/python3.7/site-packages/airflow/example_dags/example_branch_day_of_week_operator.py
[2023-04-18T11:35:37.465+0000] {processor.py:753} INFO - DAG(s) dict_keys(['example_weekday_branch_operator']) retrieved from /home/airflow/.local/lib/python3.7/site-packages/airflow/example_dags/example_branch_day_of_week_operator.py
[2023-04-18T11:35:37.482+0000] {logging_mixin.py:137} INFO - [2023-04-18T11:35:37.482+0000] {dag.py:2690} INFO - Sync 1 DAGs
[2023-04-18T11:35:37.498+0000] {logging_mixin.py:137} INFO - [2023-04-18T11:35:37.498+0000] {dag.py:3441} INFO - Setting next_dagrun for example_weekday_branch_operator to 2023-04-17T00:00:00+00:00, run_after=2023-04-18T00:00:00+00:00
[2023-04-18T11:35:37.511+0000] {processor.py:175} INFO - Processing /home/airflow/.local/lib/python3.7/site-packages/airflow/example_dags/example_branch_day_of_week_operator.py took 0.063 seconds
[2023-04-18T11:36:08.303+0000] {processor.py:153} INFO - Started process (PID=29249) to work on /home/airflow/.local/lib/python3.7/site-packages/airflow/example_dags/example_branch_day_of_week_operator.py
[2023-04-18T11:36:08.304+0000] {processor.py:743} INFO - Processing file /home/airflow/.local/lib/python3.7/site-packages/airflow/example_dags/example_branch_day_of_week_operator.py for tasks to queue
[2023-04-18T11:36:08.305+0000] {logging_mixin.py:137} INFO - [2023-04-18T11:36:08.305+0000] {dagbag.py:538} INFO - Filling up the DagBag from /home/airflow/.local/lib/python3.7/site-packages/airflow/example_dags/example_branch_day_of_week_operator.py
[2023-04-18T11:36:08.317+0000] {processor.py:753} INFO - DAG(s) dict_keys(['example_weekday_branch_operator']) retrieved from /home/airflow/.local/lib/python3.7/site-packages/airflow/example_dags/example_branch_day_of_week_operator.py
[2023-04-18T11:36:08.336+0000] {logging_mixin.py:137} INFO - [2023-04-18T11:36:08.336+0000] {dag.py:2690} INFO - Sync 1 DAGs
[2023-04-18T11:36:08.352+0000] {logging_mixin.py:137} INFO - [2023-04-18T11:36:08.352+0000] {dag.py:3441} INFO - Setting next_dagrun for example_weekday_branch_operator to 2023-04-17T00:00:00+00:00, run_after=2023-04-18T00:00:00+00:00
[2023-04-18T11:36:08.366+0000] {processor.py:175} INFO - Processing /home/airflow/.local/lib/python3.7/site-packages/airflow/example_dags/example_branch_day_of_week_operator.py took 0.066 seconds
[2023-04-18T11:36:38.912+0000] {processor.py:153} INFO - Started process (PID=29327) to work on /home/airflow/.local/lib/python3.7/site-packages/airflow/example_dags/example_branch_day_of_week_operator.py
[2023-04-18T11:36:38.914+0000] {processor.py:743} INFO - Processing file /home/airflow/.local/lib/python3.7/site-packages/airflow/example_dags/example_branch_day_of_week_operator.py for tasks to queue
[2023-04-18T11:36:38.915+0000] {logging_mixin.py:137} INFO - [2023-04-18T11:36:38.915+0000] {dagbag.py:538} INFO - Filling up the DagBag from /home/airflow/.local/lib/python3.7/site-packages/airflow/example_dags/example_branch_day_of_week_operator.py
[2023-04-18T11:36:38.929+0000] {processor.py:753} INFO - DAG(s) dict_keys(['example_weekday_branch_operator']) retrieved from /home/airflow/.local/lib/python3.7/site-packages/airflow/example_dags/example_branch_day_of_week_operator.py
[2023-04-18T11:36:38.949+0000] {logging_mixin.py:137} INFO - [2023-04-18T11:36:38.949+0000] {dag.py:2690} INFO - Sync 1 DAGs
[2023-04-18T11:36:38.968+0000] {logging_mixin.py:137} INFO - [2023-04-18T11:36:38.968+0000] {dag.py:3441} INFO - Setting next_dagrun for example_weekday_branch_operator to 2023-04-17T00:00:00+00:00, run_after=2023-04-18T00:00:00+00:00
[2023-04-18T11:36:38.982+0000] {processor.py:175} INFO - Processing /home/airflow/.local/lib/python3.7/site-packages/airflow/example_dags/example_branch_day_of_week_operator.py took 0.073 seconds
[2023-04-18T11:37:09.824+0000] {processor.py:153} INFO - Started process (PID=29406) to work on /home/airflow/.local/lib/python3.7/site-packages/airflow/example_dags/example_branch_day_of_week_operator.py
[2023-04-18T11:37:09.825+0000] {processor.py:743} INFO - Processing file /home/airflow/.local/lib/python3.7/site-packages/airflow/example_dags/example_branch_day_of_week_operator.py for tasks to queue
[2023-04-18T11:37:09.826+0000] {logging_mixin.py:137} INFO - [2023-04-18T11:37:09.826+0000] {dagbag.py:538} INFO - Filling up the DagBag from /home/airflow/.local/lib/python3.7/site-packages/airflow/example_dags/example_branch_day_of_week_operator.py
[2023-04-18T11:37:09.837+0000] {processor.py:753} INFO - DAG(s) dict_keys(['example_weekday_branch_operator']) retrieved from /home/airflow/.local/lib/python3.7/site-packages/airflow/example_dags/example_branch_day_of_week_operator.py
[2023-04-18T11:37:09.855+0000] {logging_mixin.py:137} INFO - [2023-04-18T11:37:09.855+0000] {dag.py:2690} INFO - Sync 1 DAGs
[2023-04-18T11:37:09.873+0000] {logging_mixin.py:137} INFO - [2023-04-18T11:37:09.873+0000] {dag.py:3441} INFO - Setting next_dagrun for example_weekday_branch_operator to 2023-04-17T00:00:00+00:00, run_after=2023-04-18T00:00:00+00:00
[2023-04-18T11:37:09.886+0000] {processor.py:175} INFO - Processing /home/airflow/.local/lib/python3.7/site-packages/airflow/example_dags/example_branch_day_of_week_operator.py took 0.065 seconds
[2023-04-18T11:37:40.550+0000] {processor.py:153} INFO - Started process (PID=29473) to work on /home/airflow/.local/lib/python3.7/site-packages/airflow/example_dags/example_branch_day_of_week_operator.py
[2023-04-18T11:37:40.552+0000] {processor.py:743} INFO - Processing file /home/airflow/.local/lib/python3.7/site-packages/airflow/example_dags/example_branch_day_of_week_operator.py for tasks to queue
[2023-04-18T11:37:40.553+0000] {logging_mixin.py:137} INFO - [2023-04-18T11:37:40.553+0000] {dagbag.py:538} INFO - Filling up the DagBag from /home/airflow/.local/lib/python3.7/site-packages/airflow/example_dags/example_branch_day_of_week_operator.py
[2023-04-18T11:37:40.567+0000] {processor.py:753} INFO - DAG(s) dict_keys(['example_weekday_branch_operator']) retrieved from /home/airflow/.local/lib/python3.7/site-packages/airflow/example_dags/example_branch_day_of_week_operator.py
[2023-04-18T11:37:40.585+0000] {logging_mixin.py:137} INFO - [2023-04-18T11:37:40.585+0000] {dag.py:2690} INFO - Sync 1 DAGs
[2023-04-18T11:37:40.602+0000] {logging_mixin.py:137} INFO - [2023-04-18T11:37:40.602+0000] {dag.py:3441} INFO - Setting next_dagrun for example_weekday_branch_operator to 2023-04-17T00:00:00+00:00, run_after=2023-04-18T00:00:00+00:00
[2023-04-18T11:37:40.615+0000] {processor.py:175} INFO - Processing /home/airflow/.local/lib/python3.7/site-packages/airflow/example_dags/example_branch_day_of_week_operator.py took 0.067 seconds
[2023-04-18T11:38:10.823+0000] {processor.py:153} INFO - Started process (PID=29552) to work on /home/airflow/.local/lib/python3.7/site-packages/airflow/example_dags/example_branch_day_of_week_operator.py
[2023-04-18T11:38:10.825+0000] {processor.py:743} INFO - Processing file /home/airflow/.local/lib/python3.7/site-packages/airflow/example_dags/example_branch_day_of_week_operator.py for tasks to queue
[2023-04-18T11:38:10.826+0000] {logging_mixin.py:137} INFO - [2023-04-18T11:38:10.826+0000] {dagbag.py:538} INFO - Filling up the DagBag from /home/airflow/.local/lib/python3.7/site-packages/airflow/example_dags/example_branch_day_of_week_operator.py
[2023-04-18T11:38:10.838+0000] {processor.py:753} INFO - DAG(s) dict_keys(['example_weekday_branch_operator']) retrieved from /home/airflow/.local/lib/python3.7/site-packages/airflow/example_dags/example_branch_day_of_week_operator.py
[2023-04-18T11:38:10.855+0000] {logging_mixin.py:137} INFO - [2023-04-18T11:38:10.855+0000] {dag.py:2690} INFO - Sync 1 DAGs
[2023-04-18T11:38:10.871+0000] {logging_mixin.py:137} INFO - [2023-04-18T11:38:10.871+0000] {dag.py:3441} INFO - Setting next_dagrun for example_weekday_branch_operator to 2023-04-17T00:00:00+00:00, run_after=2023-04-18T00:00:00+00:00
[2023-04-18T11:38:10.884+0000] {processor.py:175} INFO - Processing /home/airflow/.local/lib/python3.7/site-packages/airflow/example_dags/example_branch_day_of_week_operator.py took 0.062 seconds
[2023-04-18T11:38:41.967+0000] {processor.py:153} INFO - Started process (PID=29631) to work on /home/airflow/.local/lib/python3.7/site-packages/airflow/example_dags/example_branch_day_of_week_operator.py
[2023-04-18T11:38:41.968+0000] {processor.py:743} INFO - Processing file /home/airflow/.local/lib/python3.7/site-packages/airflow/example_dags/example_branch_day_of_week_operator.py for tasks to queue
[2023-04-18T11:38:41.969+0000] {logging_mixin.py:137} INFO - [2023-04-18T11:38:41.969+0000] {dagbag.py:538} INFO - Filling up the DagBag from /home/airflow/.local/lib/python3.7/site-packages/airflow/example_dags/example_branch_day_of_week_operator.py
[2023-04-18T11:38:41.981+0000] {processor.py:753} INFO - DAG(s) dict_keys(['example_weekday_branch_operator']) retrieved from /home/airflow/.local/lib/python3.7/site-packages/airflow/example_dags/example_branch_day_of_week_operator.py
[2023-04-18T11:38:42.000+0000] {logging_mixin.py:137} INFO - [2023-04-18T11:38:41.999+0000] {dag.py:2690} INFO - Sync 1 DAGs
[2023-04-18T11:38:42.017+0000] {logging_mixin.py:137} INFO - [2023-04-18T11:38:42.017+0000] {dag.py:3441} INFO - Setting next_dagrun for example_weekday_branch_operator to 2023-04-17T00:00:00+00:00, run_after=2023-04-18T00:00:00+00:00
[2023-04-18T11:38:42.030+0000] {processor.py:175} INFO - Processing /home/airflow/.local/lib/python3.7/site-packages/airflow/example_dags/example_branch_day_of_week_operator.py took 0.065 seconds
[2023-04-18T11:39:12.501+0000] {processor.py:153} INFO - Started process (PID=29698) to work on /home/airflow/.local/lib/python3.7/site-packages/airflow/example_dags/example_branch_day_of_week_operator.py
[2023-04-18T11:39:12.503+0000] {processor.py:743} INFO - Processing file /home/airflow/.local/lib/python3.7/site-packages/airflow/example_dags/example_branch_day_of_week_operator.py for tasks to queue
[2023-04-18T11:39:12.504+0000] {logging_mixin.py:137} INFO - [2023-04-18T11:39:12.504+0000] {dagbag.py:538} INFO - Filling up the DagBag from /home/airflow/.local/lib/python3.7/site-packages/airflow/example_dags/example_branch_day_of_week_operator.py
[2023-04-18T11:39:12.515+0000] {processor.py:753} INFO - DAG(s) dict_keys(['example_weekday_branch_operator']) retrieved from /home/airflow/.local/lib/python3.7/site-packages/airflow/example_dags/example_branch_day_of_week_operator.py
[2023-04-18T11:39:12.534+0000] {logging_mixin.py:137} INFO - [2023-04-18T11:39:12.533+0000] {dag.py:2690} INFO - Sync 1 DAGs
[2023-04-18T11:39:12.549+0000] {logging_mixin.py:137} INFO - [2023-04-18T11:39:12.549+0000] {dag.py:3441} INFO - Setting next_dagrun for example_weekday_branch_operator to 2023-04-17T00:00:00+00:00, run_after=2023-04-18T00:00:00+00:00
[2023-04-18T11:39:12.568+0000] {processor.py:175} INFO - Processing /home/airflow/.local/lib/python3.7/site-packages/airflow/example_dags/example_branch_day_of_week_operator.py took 0.069 seconds
[2023-04-18T11:39:43.239+0000] {processor.py:153} INFO - Started process (PID=29777) to work on /home/airflow/.local/lib/python3.7/site-packages/airflow/example_dags/example_branch_day_of_week_operator.py
[2023-04-18T11:39:43.241+0000] {processor.py:743} INFO - Processing file /home/airflow/.local/lib/python3.7/site-packages/airflow/example_dags/example_branch_day_of_week_operator.py for tasks to queue
[2023-04-18T11:39:43.242+0000] {logging_mixin.py:137} INFO - [2023-04-18T11:39:43.241+0000] {dagbag.py:538} INFO - Filling up the DagBag from /home/airflow/.local/lib/python3.7/site-packages/airflow/example_dags/example_branch_day_of_week_operator.py
[2023-04-18T11:39:43.254+0000] {processor.py:753} INFO - DAG(s) dict_keys(['example_weekday_branch_operator']) retrieved from /home/airflow/.local/lib/python3.7/site-packages/airflow/example_dags/example_branch_day_of_week_operator.py
[2023-04-18T11:39:43.274+0000] {logging_mixin.py:137} INFO - [2023-04-18T11:39:43.274+0000] {dag.py:2690} INFO - Sync 1 DAGs
[2023-04-18T11:39:43.291+0000] {logging_mixin.py:137} INFO - [2023-04-18T11:39:43.291+0000] {dag.py:3441} INFO - Setting next_dagrun for example_weekday_branch_operator to 2023-04-17T00:00:00+00:00, run_after=2023-04-18T00:00:00+00:00
[2023-04-18T11:39:43.303+0000] {processor.py:175} INFO - Processing /home/airflow/.local/lib/python3.7/site-packages/airflow/example_dags/example_branch_day_of_week_operator.py took 0.067 seconds
[2023-04-18T11:40:14.025+0000] {processor.py:153} INFO - Started process (PID=29856) to work on /home/airflow/.local/lib/python3.7/site-packages/airflow/example_dags/example_branch_day_of_week_operator.py
[2023-04-18T11:40:14.027+0000] {processor.py:743} INFO - Processing file /home/airflow/.local/lib/python3.7/site-packages/airflow/example_dags/example_branch_day_of_week_operator.py for tasks to queue
[2023-04-18T11:40:14.028+0000] {logging_mixin.py:137} INFO - [2023-04-18T11:40:14.028+0000] {dagbag.py:538} INFO - Filling up the DagBag from /home/airflow/.local/lib/python3.7/site-packages/airflow/example_dags/example_branch_day_of_week_operator.py
[2023-04-18T11:40:14.040+0000] {processor.py:753} INFO - DAG(s) dict_keys(['example_weekday_branch_operator']) retrieved from /home/airflow/.local/lib/python3.7/site-packages/airflow/example_dags/example_branch_day_of_week_operator.py
[2023-04-18T11:40:14.058+0000] {logging_mixin.py:137} INFO - [2023-04-18T11:40:14.058+0000] {dag.py:2690} INFO - Sync 1 DAGs
[2023-04-18T11:40:14.075+0000] {logging_mixin.py:137} INFO - [2023-04-18T11:40:14.075+0000] {dag.py:3441} INFO - Setting next_dagrun for example_weekday_branch_operator to 2023-04-17T00:00:00+00:00, run_after=2023-04-18T00:00:00+00:00
[2023-04-18T11:40:14.089+0000] {processor.py:175} INFO - Processing /home/airflow/.local/lib/python3.7/site-packages/airflow/example_dags/example_branch_day_of_week_operator.py took 0.067 seconds
[2023-04-18T11:40:44.498+0000] {processor.py:153} INFO - Started process (PID=29921) to work on /home/airflow/.local/lib/python3.7/site-packages/airflow/example_dags/example_branch_day_of_week_operator.py
[2023-04-18T11:40:44.500+0000] {processor.py:743} INFO - Processing file /home/airflow/.local/lib/python3.7/site-packages/airflow/example_dags/example_branch_day_of_week_operator.py for tasks to queue
[2023-04-18T11:40:44.501+0000] {logging_mixin.py:137} INFO - [2023-04-18T11:40:44.500+0000] {dagbag.py:538} INFO - Filling up the DagBag from /home/airflow/.local/lib/python3.7/site-packages/airflow/example_dags/example_branch_day_of_week_operator.py
[2023-04-18T11:40:44.513+0000] {processor.py:753} INFO - DAG(s) dict_keys(['example_weekday_branch_operator']) retrieved from /home/airflow/.local/lib/python3.7/site-packages/airflow/example_dags/example_branch_day_of_week_operator.py
[2023-04-18T11:40:44.530+0000] {logging_mixin.py:137} INFO - [2023-04-18T11:40:44.530+0000] {dag.py:2690} INFO - Sync 1 DAGs
[2023-04-18T11:40:44.548+0000] {logging_mixin.py:137} INFO - [2023-04-18T11:40:44.548+0000] {dag.py:3441} INFO - Setting next_dagrun for example_weekday_branch_operator to 2023-04-17T00:00:00+00:00, run_after=2023-04-18T00:00:00+00:00
[2023-04-18T11:40:44.560+0000] {processor.py:175} INFO - Processing /home/airflow/.local/lib/python3.7/site-packages/airflow/example_dags/example_branch_day_of_week_operator.py took 0.065 seconds
[2023-04-18T11:41:15.007+0000] {processor.py:153} INFO - Started process (PID=29999) to work on /home/airflow/.local/lib/python3.7/site-packages/airflow/example_dags/example_branch_day_of_week_operator.py
[2023-04-18T11:41:15.009+0000] {processor.py:743} INFO - Processing file /home/airflow/.local/lib/python3.7/site-packages/airflow/example_dags/example_branch_day_of_week_operator.py for tasks to queue
[2023-04-18T11:41:15.010+0000] {logging_mixin.py:137} INFO - [2023-04-18T11:41:15.010+0000] {dagbag.py:538} INFO - Filling up the DagBag from /home/airflow/.local/lib/python3.7/site-packages/airflow/example_dags/example_branch_day_of_week_operator.py
[2023-04-18T11:41:15.026+0000] {processor.py:753} INFO - DAG(s) dict_keys(['example_weekday_branch_operator']) retrieved from /home/airflow/.local/lib/python3.7/site-packages/airflow/example_dags/example_branch_day_of_week_operator.py
[2023-04-18T11:41:15.050+0000] {logging_mixin.py:137} INFO - [2023-04-18T11:41:15.050+0000] {dag.py:2690} INFO - Sync 1 DAGs
[2023-04-18T11:41:15.072+0000] {logging_mixin.py:137} INFO - [2023-04-18T11:41:15.072+0000] {dag.py:3441} INFO - Setting next_dagrun for example_weekday_branch_operator to 2023-04-17T00:00:00+00:00, run_after=2023-04-18T00:00:00+00:00
[2023-04-18T11:41:15.091+0000] {processor.py:175} INFO - Processing /home/airflow/.local/lib/python3.7/site-packages/airflow/example_dags/example_branch_day_of_week_operator.py took 0.087 seconds
[2023-04-18T11:46:34.347+0000] {processor.py:153} INFO - Started process (PID=30068) to work on /home/airflow/.local/lib/python3.7/site-packages/airflow/example_dags/example_branch_day_of_week_operator.py
[2023-04-18T11:46:34.350+0000] {processor.py:743} INFO - Processing file /home/airflow/.local/lib/python3.7/site-packages/airflow/example_dags/example_branch_day_of_week_operator.py for tasks to queue
[2023-04-18T11:46:34.352+0000] {logging_mixin.py:137} INFO - [2023-04-18T11:46:34.352+0000] {dagbag.py:538} INFO - Filling up the DagBag from /home/airflow/.local/lib/python3.7/site-packages/airflow/example_dags/example_branch_day_of_week_operator.py
[2023-04-18T11:46:34.364+0000] {processor.py:753} INFO - DAG(s) dict_keys(['example_weekday_branch_operator']) retrieved from /home/airflow/.local/lib/python3.7/site-packages/airflow/example_dags/example_branch_day_of_week_operator.py
[2023-04-18T11:46:34.382+0000] {logging_mixin.py:137} INFO - [2023-04-18T11:46:34.382+0000] {dag.py:2690} INFO - Sync 1 DAGs
[2023-04-18T11:46:34.399+0000] {logging_mixin.py:137} INFO - [2023-04-18T11:46:34.398+0000] {dag.py:3441} INFO - Setting next_dagrun for example_weekday_branch_operator to 2023-04-17T00:00:00+00:00, run_after=2023-04-18T00:00:00+00:00
[2023-04-18T11:46:34.411+0000] {processor.py:175} INFO - Processing /home/airflow/.local/lib/python3.7/site-packages/airflow/example_dags/example_branch_day_of_week_operator.py took 0.067 seconds
[2023-04-18T11:47:05.284+0000] {processor.py:153} INFO - Started process (PID=30134) to work on /home/airflow/.local/lib/python3.7/site-packages/airflow/example_dags/example_branch_day_of_week_operator.py
[2023-04-18T11:47:05.285+0000] {processor.py:743} INFO - Processing file /home/airflow/.local/lib/python3.7/site-packages/airflow/example_dags/example_branch_day_of_week_operator.py for tasks to queue
[2023-04-18T11:47:05.287+0000] {logging_mixin.py:137} INFO - [2023-04-18T11:47:05.287+0000] {dagbag.py:538} INFO - Filling up the DagBag from /home/airflow/.local/lib/python3.7/site-packages/airflow/example_dags/example_branch_day_of_week_operator.py
[2023-04-18T11:47:05.300+0000] {processor.py:753} INFO - DAG(s) dict_keys(['example_weekday_branch_operator']) retrieved from /home/airflow/.local/lib/python3.7/site-packages/airflow/example_dags/example_branch_day_of_week_operator.py
[2023-04-18T11:47:05.319+0000] {logging_mixin.py:137} INFO - [2023-04-18T11:47:05.319+0000] {dag.py:2690} INFO - Sync 1 DAGs
[2023-04-18T11:47:05.340+0000] {logging_mixin.py:137} INFO - [2023-04-18T11:47:05.340+0000] {dag.py:3441} INFO - Setting next_dagrun for example_weekday_branch_operator to 2023-04-17T00:00:00+00:00, run_after=2023-04-18T00:00:00+00:00
[2023-04-18T11:47:05.353+0000] {processor.py:175} INFO - Processing /home/airflow/.local/lib/python3.7/site-packages/airflow/example_dags/example_branch_day_of_week_operator.py took 0.072 seconds
[2023-04-18T11:47:36.079+0000] {processor.py:153} INFO - Started process (PID=30212) to work on /home/airflow/.local/lib/python3.7/site-packages/airflow/example_dags/example_branch_day_of_week_operator.py
[2023-04-18T11:47:36.081+0000] {processor.py:743} INFO - Processing file /home/airflow/.local/lib/python3.7/site-packages/airflow/example_dags/example_branch_day_of_week_operator.py for tasks to queue
[2023-04-18T11:47:36.082+0000] {logging_mixin.py:137} INFO - [2023-04-18T11:47:36.082+0000] {dagbag.py:538} INFO - Filling up the DagBag from /home/airflow/.local/lib/python3.7/site-packages/airflow/example_dags/example_branch_day_of_week_operator.py
[2023-04-18T11:47:36.093+0000] {processor.py:753} INFO - DAG(s) dict_keys(['example_weekday_branch_operator']) retrieved from /home/airflow/.local/lib/python3.7/site-packages/airflow/example_dags/example_branch_day_of_week_operator.py
[2023-04-18T11:47:36.111+0000] {logging_mixin.py:137} INFO - [2023-04-18T11:47:36.111+0000] {dag.py:2690} INFO - Sync 1 DAGs
[2023-04-18T11:47:36.127+0000] {logging_mixin.py:137} INFO - [2023-04-18T11:47:36.127+0000] {dag.py:3441} INFO - Setting next_dagrun for example_weekday_branch_operator to 2023-04-17T00:00:00+00:00, run_after=2023-04-18T00:00:00+00:00
[2023-04-18T11:47:36.139+0000] {processor.py:175} INFO - Processing /home/airflow/.local/lib/python3.7/site-packages/airflow/example_dags/example_branch_day_of_week_operator.py took 0.062 seconds
[2023-04-18T11:48:06.946+0000] {processor.py:153} INFO - Started process (PID=30291) to work on /home/airflow/.local/lib/python3.7/site-packages/airflow/example_dags/example_branch_day_of_week_operator.py
[2023-04-18T11:48:06.949+0000] {processor.py:743} INFO - Processing file /home/airflow/.local/lib/python3.7/site-packages/airflow/example_dags/example_branch_day_of_week_operator.py for tasks to queue
[2023-04-18T11:48:06.950+0000] {logging_mixin.py:137} INFO - [2023-04-18T11:48:06.950+0000] {dagbag.py:538} INFO - Filling up the DagBag from /home/airflow/.local/lib/python3.7/site-packages/airflow/example_dags/example_branch_day_of_week_operator.py
[2023-04-18T11:48:06.962+0000] {processor.py:753} INFO - DAG(s) dict_keys(['example_weekday_branch_operator']) retrieved from /home/airflow/.local/lib/python3.7/site-packages/airflow/example_dags/example_branch_day_of_week_operator.py
[2023-04-18T11:48:06.990+0000] {logging_mixin.py:137} INFO - [2023-04-18T11:48:06.990+0000] {dag.py:2690} INFO - Sync 1 DAGs
[2023-04-18T11:48:07.010+0000] {logging_mixin.py:137} INFO - [2023-04-18T11:48:07.010+0000] {dag.py:3441} INFO - Setting next_dagrun for example_weekday_branch_operator to 2023-04-17T00:00:00+00:00, run_after=2023-04-18T00:00:00+00:00
[2023-04-18T11:48:07.026+0000] {processor.py:175} INFO - Processing /home/airflow/.local/lib/python3.7/site-packages/airflow/example_dags/example_branch_day_of_week_operator.py took 0.083 seconds
[2023-04-18T11:48:37.791+0000] {processor.py:153} INFO - Started process (PID=30359) to work on /home/airflow/.local/lib/python3.7/site-packages/airflow/example_dags/example_branch_day_of_week_operator.py
[2023-04-18T11:48:37.793+0000] {processor.py:743} INFO - Processing file /home/airflow/.local/lib/python3.7/site-packages/airflow/example_dags/example_branch_day_of_week_operator.py for tasks to queue
[2023-04-18T11:48:37.794+0000] {logging_mixin.py:137} INFO - [2023-04-18T11:48:37.794+0000] {dagbag.py:538} INFO - Filling up the DagBag from /home/airflow/.local/lib/python3.7/site-packages/airflow/example_dags/example_branch_day_of_week_operator.py
[2023-04-18T11:48:37.806+0000] {processor.py:753} INFO - DAG(s) dict_keys(['example_weekday_branch_operator']) retrieved from /home/airflow/.local/lib/python3.7/site-packages/airflow/example_dags/example_branch_day_of_week_operator.py
[2023-04-18T11:48:37.825+0000] {logging_mixin.py:137} INFO - [2023-04-18T11:48:37.825+0000] {dag.py:2690} INFO - Sync 1 DAGs
[2023-04-18T11:48:37.843+0000] {logging_mixin.py:137} INFO - [2023-04-18T11:48:37.843+0000] {dag.py:3441} INFO - Setting next_dagrun for example_weekday_branch_operator to 2023-04-17T00:00:00+00:00, run_after=2023-04-18T00:00:00+00:00
[2023-04-18T11:48:37.857+0000] {processor.py:175} INFO - Processing /home/airflow/.local/lib/python3.7/site-packages/airflow/example_dags/example_branch_day_of_week_operator.py took 0.068 seconds
[2023-04-18T11:49:08.526+0000] {processor.py:153} INFO - Started process (PID=30439) to work on /home/airflow/.local/lib/python3.7/site-packages/airflow/example_dags/example_branch_day_of_week_operator.py
[2023-04-18T11:49:08.527+0000] {processor.py:743} INFO - Processing file /home/airflow/.local/lib/python3.7/site-packages/airflow/example_dags/example_branch_day_of_week_operator.py for tasks to queue
[2023-04-18T11:49:08.528+0000] {logging_mixin.py:137} INFO - [2023-04-18T11:49:08.528+0000] {dagbag.py:538} INFO - Filling up the DagBag from /home/airflow/.local/lib/python3.7/site-packages/airflow/example_dags/example_branch_day_of_week_operator.py
[2023-04-18T11:49:08.541+0000] {processor.py:753} INFO - DAG(s) dict_keys(['example_weekday_branch_operator']) retrieved from /home/airflow/.local/lib/python3.7/site-packages/airflow/example_dags/example_branch_day_of_week_operator.py
[2023-04-18T11:49:08.560+0000] {logging_mixin.py:137} INFO - [2023-04-18T11:49:08.560+0000] {dag.py:2690} INFO - Sync 1 DAGs
[2023-04-18T11:49:08.577+0000] {logging_mixin.py:137} INFO - [2023-04-18T11:49:08.577+0000] {dag.py:3441} INFO - Setting next_dagrun for example_weekday_branch_operator to 2023-04-17T00:00:00+00:00, run_after=2023-04-18T00:00:00+00:00
[2023-04-18T11:49:08.590+0000] {processor.py:175} INFO - Processing /home/airflow/.local/lib/python3.7/site-packages/airflow/example_dags/example_branch_day_of_week_operator.py took 0.066 seconds
[2023-04-18T11:49:39.030+0000] {processor.py:153} INFO - Started process (PID=30516) to work on /home/airflow/.local/lib/python3.7/site-packages/airflow/example_dags/example_branch_day_of_week_operator.py
[2023-04-18T11:49:39.031+0000] {processor.py:743} INFO - Processing file /home/airflow/.local/lib/python3.7/site-packages/airflow/example_dags/example_branch_day_of_week_operator.py for tasks to queue
[2023-04-18T11:49:39.032+0000] {logging_mixin.py:137} INFO - [2023-04-18T11:49:39.032+0000] {dagbag.py:538} INFO - Filling up the DagBag from /home/airflow/.local/lib/python3.7/site-packages/airflow/example_dags/example_branch_day_of_week_operator.py
[2023-04-18T11:49:39.044+0000] {processor.py:753} INFO - DAG(s) dict_keys(['example_weekday_branch_operator']) retrieved from /home/airflow/.local/lib/python3.7/site-packages/airflow/example_dags/example_branch_day_of_week_operator.py
[2023-04-18T11:49:39.063+0000] {logging_mixin.py:137} INFO - [2023-04-18T11:49:39.063+0000] {dag.py:2690} INFO - Sync 1 DAGs
[2023-04-18T11:49:39.081+0000] {logging_mixin.py:137} INFO - [2023-04-18T11:49:39.081+0000] {dag.py:3441} INFO - Setting next_dagrun for example_weekday_branch_operator to 2023-04-17T00:00:00+00:00, run_after=2023-04-18T00:00:00+00:00
[2023-04-18T11:49:39.103+0000] {processor.py:175} INFO - Processing /home/airflow/.local/lib/python3.7/site-packages/airflow/example_dags/example_branch_day_of_week_operator.py took 0.076 seconds
[2023-04-18T11:50:09.739+0000] {processor.py:153} INFO - Started process (PID=30583) to work on /home/airflow/.local/lib/python3.7/site-packages/airflow/example_dags/example_branch_day_of_week_operator.py
[2023-04-18T11:50:09.741+0000] {processor.py:743} INFO - Processing file /home/airflow/.local/lib/python3.7/site-packages/airflow/example_dags/example_branch_day_of_week_operator.py for tasks to queue
[2023-04-18T11:50:09.742+0000] {logging_mixin.py:137} INFO - [2023-04-18T11:50:09.742+0000] {dagbag.py:538} INFO - Filling up the DagBag from /home/airflow/.local/lib/python3.7/site-packages/airflow/example_dags/example_branch_day_of_week_operator.py
[2023-04-18T11:50:09.752+0000] {processor.py:753} INFO - DAG(s) dict_keys(['example_weekday_branch_operator']) retrieved from /home/airflow/.local/lib/python3.7/site-packages/airflow/example_dags/example_branch_day_of_week_operator.py
[2023-04-18T11:50:09.768+0000] {logging_mixin.py:137} INFO - [2023-04-18T11:50:09.768+0000] {dag.py:2690} INFO - Sync 1 DAGs
[2023-04-18T11:50:09.782+0000] {logging_mixin.py:137} INFO - [2023-04-18T11:50:09.782+0000] {dag.py:3441} INFO - Setting next_dagrun for example_weekday_branch_operator to 2023-04-17T00:00:00+00:00, run_after=2023-04-18T00:00:00+00:00
[2023-04-18T11:50:09.792+0000] {processor.py:175} INFO - Processing /home/airflow/.local/lib/python3.7/site-packages/airflow/example_dags/example_branch_day_of_week_operator.py took 0.056 seconds
[2023-04-18T11:50:40.703+0000] {processor.py:153} INFO - Started process (PID=30662) to work on /home/airflow/.local/lib/python3.7/site-packages/airflow/example_dags/example_branch_day_of_week_operator.py
[2023-04-18T11:50:40.705+0000] {processor.py:743} INFO - Processing file /home/airflow/.local/lib/python3.7/site-packages/airflow/example_dags/example_branch_day_of_week_operator.py for tasks to queue
[2023-04-18T11:50:40.706+0000] {logging_mixin.py:137} INFO - [2023-04-18T11:50:40.705+0000] {dagbag.py:538} INFO - Filling up the DagBag from /home/airflow/.local/lib/python3.7/site-packages/airflow/example_dags/example_branch_day_of_week_operator.py
[2023-04-18T11:50:40.717+0000] {processor.py:753} INFO - DAG(s) dict_keys(['example_weekday_branch_operator']) retrieved from /home/airflow/.local/lib/python3.7/site-packages/airflow/example_dags/example_branch_day_of_week_operator.py
[2023-04-18T11:50:40.736+0000] {logging_mixin.py:137} INFO - [2023-04-18T11:50:40.736+0000] {dag.py:2690} INFO - Sync 1 DAGs
[2023-04-18T11:50:40.754+0000] {logging_mixin.py:137} INFO - [2023-04-18T11:50:40.753+0000] {dag.py:3441} INFO - Setting next_dagrun for example_weekday_branch_operator to 2023-04-17T00:00:00+00:00, run_after=2023-04-18T00:00:00+00:00
[2023-04-18T11:50:40.769+0000] {processor.py:175} INFO - Processing /home/airflow/.local/lib/python3.7/site-packages/airflow/example_dags/example_branch_day_of_week_operator.py took 0.068 seconds
[2023-04-18T12:24:54.292+0000] {processor.py:153} INFO - Started process (PID=30729) to work on /home/airflow/.local/lib/python3.7/site-packages/airflow/example_dags/example_branch_day_of_week_operator.py
[2023-04-18T12:24:54.293+0000] {processor.py:743} INFO - Processing file /home/airflow/.local/lib/python3.7/site-packages/airflow/example_dags/example_branch_day_of_week_operator.py for tasks to queue
[2023-04-18T12:24:54.296+0000] {logging_mixin.py:137} INFO - [2023-04-18T12:24:54.295+0000] {dagbag.py:538} INFO - Filling up the DagBag from /home/airflow/.local/lib/python3.7/site-packages/airflow/example_dags/example_branch_day_of_week_operator.py
[2023-04-18T12:24:54.307+0000] {processor.py:753} INFO - DAG(s) dict_keys(['example_weekday_branch_operator']) retrieved from /home/airflow/.local/lib/python3.7/site-packages/airflow/example_dags/example_branch_day_of_week_operator.py
[2023-04-18T12:24:54.324+0000] {logging_mixin.py:137} INFO - [2023-04-18T12:24:54.324+0000] {dag.py:2690} INFO - Sync 1 DAGs
[2023-04-18T12:24:54.342+0000] {logging_mixin.py:137} INFO - [2023-04-18T12:24:54.341+0000] {dag.py:3441} INFO - Setting next_dagrun for example_weekday_branch_operator to 2023-04-17T00:00:00+00:00, run_after=2023-04-18T00:00:00+00:00
[2023-04-18T12:24:54.357+0000] {processor.py:175} INFO - Processing /home/airflow/.local/lib/python3.7/site-packages/airflow/example_dags/example_branch_day_of_week_operator.py took 0.067 seconds
[2023-04-18T13:31:04.145+0000] {processor.py:153} INFO - Started process (PID=30808) to work on /home/airflow/.local/lib/python3.7/site-packages/airflow/example_dags/example_branch_day_of_week_operator.py
[2023-04-18T13:31:04.148+0000] {processor.py:743} INFO - Processing file /home/airflow/.local/lib/python3.7/site-packages/airflow/example_dags/example_branch_day_of_week_operator.py for tasks to queue
[2023-04-18T13:31:04.149+0000] {logging_mixin.py:137} INFO - [2023-04-18T13:31:04.149+0000] {dagbag.py:538} INFO - Filling up the DagBag from /home/airflow/.local/lib/python3.7/site-packages/airflow/example_dags/example_branch_day_of_week_operator.py
[2023-04-18T13:31:04.161+0000] {processor.py:753} INFO - DAG(s) dict_keys(['example_weekday_branch_operator']) retrieved from /home/airflow/.local/lib/python3.7/site-packages/airflow/example_dags/example_branch_day_of_week_operator.py
[2023-04-18T13:31:04.184+0000] {logging_mixin.py:137} INFO - [2023-04-18T13:31:04.184+0000] {dag.py:2690} INFO - Sync 1 DAGs
[2023-04-18T13:31:04.201+0000] {logging_mixin.py:137} INFO - [2023-04-18T13:31:04.201+0000] {dag.py:3441} INFO - Setting next_dagrun for example_weekday_branch_operator to 2023-04-17T00:00:00+00:00, run_after=2023-04-18T00:00:00+00:00
[2023-04-18T13:31:04.242+0000] {processor.py:175} INFO - Processing /home/airflow/.local/lib/python3.7/site-packages/airflow/example_dags/example_branch_day_of_week_operator.py took 0.099 seconds
[2023-04-18T14:52:58.090+0000] {processor.py:153} INFO - Started process (PID=30875) to work on /home/airflow/.local/lib/python3.7/site-packages/airflow/example_dags/example_branch_day_of_week_operator.py
[2023-04-18T14:52:58.106+0000] {processor.py:743} INFO - Processing file /home/airflow/.local/lib/python3.7/site-packages/airflow/example_dags/example_branch_day_of_week_operator.py for tasks to queue
[2023-04-18T14:52:58.107+0000] {logging_mixin.py:137} INFO - [2023-04-18T14:52:58.107+0000] {dagbag.py:538} INFO - Filling up the DagBag from /home/airflow/.local/lib/python3.7/site-packages/airflow/example_dags/example_branch_day_of_week_operator.py
[2023-04-18T14:52:58.123+0000] {processor.py:753} INFO - DAG(s) dict_keys(['example_weekday_branch_operator']) retrieved from /home/airflow/.local/lib/python3.7/site-packages/airflow/example_dags/example_branch_day_of_week_operator.py
[2023-04-18T14:52:58.149+0000] {logging_mixin.py:137} INFO - [2023-04-18T14:52:58.149+0000] {dag.py:2690} INFO - Sync 1 DAGs
[2023-04-18T14:52:58.167+0000] {logging_mixin.py:137} INFO - [2023-04-18T14:52:58.166+0000] {dag.py:3441} INFO - Setting next_dagrun for example_weekday_branch_operator to 2023-04-17T00:00:00+00:00, run_after=2023-04-18T00:00:00+00:00
[2023-04-18T14:52:58.186+0000] {processor.py:175} INFO - Processing /home/airflow/.local/lib/python3.7/site-packages/airflow/example_dags/example_branch_day_of_week_operator.py took 0.099 seconds
[2023-04-18T16:16:37.033+0000] {processor.py:153} INFO - Started process (PID=30954) to work on /home/airflow/.local/lib/python3.7/site-packages/airflow/example_dags/example_branch_day_of_week_operator.py
[2023-04-18T16:16:37.036+0000] {processor.py:743} INFO - Processing file /home/airflow/.local/lib/python3.7/site-packages/airflow/example_dags/example_branch_day_of_week_operator.py for tasks to queue
[2023-04-18T16:16:37.037+0000] {logging_mixin.py:137} INFO - [2023-04-18T16:16:37.037+0000] {dagbag.py:538} INFO - Filling up the DagBag from /home/airflow/.local/lib/python3.7/site-packages/airflow/example_dags/example_branch_day_of_week_operator.py
[2023-04-18T16:16:37.052+0000] {processor.py:753} INFO - DAG(s) dict_keys(['example_weekday_branch_operator']) retrieved from /home/airflow/.local/lib/python3.7/site-packages/airflow/example_dags/example_branch_day_of_week_operator.py
[2023-04-18T16:16:37.071+0000] {logging_mixin.py:137} INFO - [2023-04-18T16:16:37.071+0000] {dag.py:2690} INFO - Sync 1 DAGs
[2023-04-18T16:16:37.087+0000] {logging_mixin.py:137} INFO - [2023-04-18T16:16:37.087+0000] {dag.py:3441} INFO - Setting next_dagrun for example_weekday_branch_operator to 2023-04-17T00:00:00+00:00, run_after=2023-04-18T00:00:00+00:00
[2023-04-18T16:16:37.099+0000] {processor.py:175} INFO - Processing /home/airflow/.local/lib/python3.7/site-packages/airflow/example_dags/example_branch_day_of_week_operator.py took 0.069 seconds
[2023-04-18T16:39:26.596+0000] {processor.py:153} INFO - Started process (PID=31032) to work on /home/airflow/.local/lib/python3.7/site-packages/airflow/example_dags/example_branch_day_of_week_operator.py
[2023-04-18T16:39:26.602+0000] {processor.py:743} INFO - Processing file /home/airflow/.local/lib/python3.7/site-packages/airflow/example_dags/example_branch_day_of_week_operator.py for tasks to queue
[2023-04-18T16:39:26.608+0000] {logging_mixin.py:137} INFO - [2023-04-18T16:39:26.608+0000] {dagbag.py:538} INFO - Filling up the DagBag from /home/airflow/.local/lib/python3.7/site-packages/airflow/example_dags/example_branch_day_of_week_operator.py
[2023-04-18T16:39:26.629+0000] {processor.py:753} INFO - DAG(s) dict_keys(['example_weekday_branch_operator']) retrieved from /home/airflow/.local/lib/python3.7/site-packages/airflow/example_dags/example_branch_day_of_week_operator.py
[2023-04-18T16:39:26.654+0000] {logging_mixin.py:137} INFO - [2023-04-18T16:39:26.653+0000] {dag.py:2690} INFO - Sync 1 DAGs
[2023-04-18T16:39:26.675+0000] {logging_mixin.py:137} INFO - [2023-04-18T16:39:26.674+0000] {dag.py:3441} INFO - Setting next_dagrun for example_weekday_branch_operator to 2023-04-17T00:00:00+00:00, run_after=2023-04-18T00:00:00+00:00
[2023-04-18T16:39:26.690+0000] {processor.py:175} INFO - Processing /home/airflow/.local/lib/python3.7/site-packages/airflow/example_dags/example_branch_day_of_week_operator.py took 0.103 seconds
[2023-04-18T16:39:57.359+0000] {processor.py:153} INFO - Started process (PID=31102) to work on /home/airflow/.local/lib/python3.7/site-packages/airflow/example_dags/example_branch_day_of_week_operator.py
[2023-04-18T16:39:57.360+0000] {processor.py:743} INFO - Processing file /home/airflow/.local/lib/python3.7/site-packages/airflow/example_dags/example_branch_day_of_week_operator.py for tasks to queue
[2023-04-18T16:39:57.361+0000] {logging_mixin.py:137} INFO - [2023-04-18T16:39:57.361+0000] {dagbag.py:538} INFO - Filling up the DagBag from /home/airflow/.local/lib/python3.7/site-packages/airflow/example_dags/example_branch_day_of_week_operator.py
[2023-04-18T16:39:57.374+0000] {processor.py:753} INFO - DAG(s) dict_keys(['example_weekday_branch_operator']) retrieved from /home/airflow/.local/lib/python3.7/site-packages/airflow/example_dags/example_branch_day_of_week_operator.py
[2023-04-18T16:39:57.392+0000] {logging_mixin.py:137} INFO - [2023-04-18T16:39:57.392+0000] {dag.py:2690} INFO - Sync 1 DAGs
[2023-04-18T16:39:57.409+0000] {logging_mixin.py:137} INFO - [2023-04-18T16:39:57.409+0000] {dag.py:3441} INFO - Setting next_dagrun for example_weekday_branch_operator to 2023-04-17T00:00:00+00:00, run_after=2023-04-18T00:00:00+00:00
[2023-04-18T16:39:57.422+0000] {processor.py:175} INFO - Processing /home/airflow/.local/lib/python3.7/site-packages/airflow/example_dags/example_branch_day_of_week_operator.py took 0.066 seconds
[2023-04-18T16:40:28.260+0000] {processor.py:153} INFO - Started process (PID=31180) to work on /home/airflow/.local/lib/python3.7/site-packages/airflow/example_dags/example_branch_day_of_week_operator.py
[2023-04-18T16:40:28.263+0000] {processor.py:743} INFO - Processing file /home/airflow/.local/lib/python3.7/site-packages/airflow/example_dags/example_branch_day_of_week_operator.py for tasks to queue
[2023-04-18T16:40:28.264+0000] {logging_mixin.py:137} INFO - [2023-04-18T16:40:28.264+0000] {dagbag.py:538} INFO - Filling up the DagBag from /home/airflow/.local/lib/python3.7/site-packages/airflow/example_dags/example_branch_day_of_week_operator.py
[2023-04-18T16:40:28.281+0000] {processor.py:753} INFO - DAG(s) dict_keys(['example_weekday_branch_operator']) retrieved from /home/airflow/.local/lib/python3.7/site-packages/airflow/example_dags/example_branch_day_of_week_operator.py
[2023-04-18T16:40:28.301+0000] {logging_mixin.py:137} INFO - [2023-04-18T16:40:28.301+0000] {dag.py:2690} INFO - Sync 1 DAGs
[2023-04-18T16:40:28.323+0000] {logging_mixin.py:137} INFO - [2023-04-18T16:40:28.323+0000] {dag.py:3441} INFO - Setting next_dagrun for example_weekday_branch_operator to 2023-04-17T00:00:00+00:00, run_after=2023-04-18T00:00:00+00:00
[2023-04-18T16:40:28.339+0000] {processor.py:175} INFO - Processing /home/airflow/.local/lib/python3.7/site-packages/airflow/example_dags/example_branch_day_of_week_operator.py took 0.081 seconds
[2023-04-18T16:40:59.225+0000] {processor.py:153} INFO - Started process (PID=31257) to work on /home/airflow/.local/lib/python3.7/site-packages/airflow/example_dags/example_branch_day_of_week_operator.py
[2023-04-18T16:40:59.227+0000] {processor.py:743} INFO - Processing file /home/airflow/.local/lib/python3.7/site-packages/airflow/example_dags/example_branch_day_of_week_operator.py for tasks to queue
[2023-04-18T16:40:59.228+0000] {logging_mixin.py:137} INFO - [2023-04-18T16:40:59.228+0000] {dagbag.py:538} INFO - Filling up the DagBag from /home/airflow/.local/lib/python3.7/site-packages/airflow/example_dags/example_branch_day_of_week_operator.py
[2023-04-18T16:40:59.256+0000] {processor.py:753} INFO - DAG(s) dict_keys(['example_weekday_branch_operator']) retrieved from /home/airflow/.local/lib/python3.7/site-packages/airflow/example_dags/example_branch_day_of_week_operator.py
[2023-04-18T16:40:59.285+0000] {logging_mixin.py:137} INFO - [2023-04-18T16:40:59.285+0000] {dag.py:2690} INFO - Sync 1 DAGs
[2023-04-18T16:40:59.307+0000] {logging_mixin.py:137} INFO - [2023-04-18T16:40:59.307+0000] {dag.py:3441} INFO - Setting next_dagrun for example_weekday_branch_operator to 2023-04-17T00:00:00+00:00, run_after=2023-04-18T00:00:00+00:00
[2023-04-18T16:40:59.327+0000] {processor.py:175} INFO - Processing /home/airflow/.local/lib/python3.7/site-packages/airflow/example_dags/example_branch_day_of_week_operator.py took 0.108 seconds
[2023-04-18T16:41:29.908+0000] {processor.py:153} INFO - Started process (PID=31327) to work on /home/airflow/.local/lib/python3.7/site-packages/airflow/example_dags/example_branch_day_of_week_operator.py
[2023-04-18T16:41:29.909+0000] {processor.py:743} INFO - Processing file /home/airflow/.local/lib/python3.7/site-packages/airflow/example_dags/example_branch_day_of_week_operator.py for tasks to queue
[2023-04-18T16:41:29.910+0000] {logging_mixin.py:137} INFO - [2023-04-18T16:41:29.910+0000] {dagbag.py:538} INFO - Filling up the DagBag from /home/airflow/.local/lib/python3.7/site-packages/airflow/example_dags/example_branch_day_of_week_operator.py
[2023-04-18T16:41:29.922+0000] {processor.py:753} INFO - DAG(s) dict_keys(['example_weekday_branch_operator']) retrieved from /home/airflow/.local/lib/python3.7/site-packages/airflow/example_dags/example_branch_day_of_week_operator.py
[2023-04-18T16:41:29.939+0000] {logging_mixin.py:137} INFO - [2023-04-18T16:41:29.939+0000] {dag.py:2690} INFO - Sync 1 DAGs
[2023-04-18T16:41:29.954+0000] {logging_mixin.py:137} INFO - [2023-04-18T16:41:29.954+0000] {dag.py:3441} INFO - Setting next_dagrun for example_weekday_branch_operator to 2023-04-17T00:00:00+00:00, run_after=2023-04-18T00:00:00+00:00
[2023-04-18T16:41:29.965+0000] {processor.py:175} INFO - Processing /home/airflow/.local/lib/python3.7/site-packages/airflow/example_dags/example_branch_day_of_week_operator.py took 0.060 seconds
[2023-04-18T16:42:00.718+0000] {processor.py:153} INFO - Started process (PID=31405) to work on /home/airflow/.local/lib/python3.7/site-packages/airflow/example_dags/example_branch_day_of_week_operator.py
[2023-04-18T16:42:00.719+0000] {processor.py:743} INFO - Processing file /home/airflow/.local/lib/python3.7/site-packages/airflow/example_dags/example_branch_day_of_week_operator.py for tasks to queue
[2023-04-18T16:42:00.720+0000] {logging_mixin.py:137} INFO - [2023-04-18T16:42:00.720+0000] {dagbag.py:538} INFO - Filling up the DagBag from /home/airflow/.local/lib/python3.7/site-packages/airflow/example_dags/example_branch_day_of_week_operator.py
[2023-04-18T16:42:00.734+0000] {processor.py:753} INFO - DAG(s) dict_keys(['example_weekday_branch_operator']) retrieved from /home/airflow/.local/lib/python3.7/site-packages/airflow/example_dags/example_branch_day_of_week_operator.py
[2023-04-18T16:42:00.753+0000] {logging_mixin.py:137} INFO - [2023-04-18T16:42:00.753+0000] {dag.py:2690} INFO - Sync 1 DAGs
[2023-04-18T16:42:00.772+0000] {logging_mixin.py:137} INFO - [2023-04-18T16:42:00.772+0000] {dag.py:3441} INFO - Setting next_dagrun for example_weekday_branch_operator to 2023-04-17T00:00:00+00:00, run_after=2023-04-18T00:00:00+00:00
[2023-04-18T16:42:00.786+0000] {processor.py:175} INFO - Processing /home/airflow/.local/lib/python3.7/site-packages/airflow/example_dags/example_branch_day_of_week_operator.py took 0.071 seconds
[2023-04-18T16:42:31.440+0000] {processor.py:153} INFO - Started process (PID=31478) to work on /home/airflow/.local/lib/python3.7/site-packages/airflow/example_dags/example_branch_day_of_week_operator.py
[2023-04-18T16:42:31.444+0000] {processor.py:743} INFO - Processing file /home/airflow/.local/lib/python3.7/site-packages/airflow/example_dags/example_branch_day_of_week_operator.py for tasks to queue
[2023-04-18T16:42:31.447+0000] {logging_mixin.py:137} INFO - [2023-04-18T16:42:31.447+0000] {dagbag.py:538} INFO - Filling up the DagBag from /home/airflow/.local/lib/python3.7/site-packages/airflow/example_dags/example_branch_day_of_week_operator.py
[2023-04-18T16:42:31.463+0000] {processor.py:753} INFO - DAG(s) dict_keys(['example_weekday_branch_operator']) retrieved from /home/airflow/.local/lib/python3.7/site-packages/airflow/example_dags/example_branch_day_of_week_operator.py
[2023-04-18T16:42:31.484+0000] {logging_mixin.py:137} INFO - [2023-04-18T16:42:31.484+0000] {dag.py:2690} INFO - Sync 1 DAGs
[2023-04-18T16:42:31.507+0000] {logging_mixin.py:137} INFO - [2023-04-18T16:42:31.507+0000] {dag.py:3441} INFO - Setting next_dagrun for example_weekday_branch_operator to 2023-04-17T00:00:00+00:00, run_after=2023-04-18T00:00:00+00:00
[2023-04-18T16:42:31.524+0000] {processor.py:175} INFO - Processing /home/airflow/.local/lib/python3.7/site-packages/airflow/example_dags/example_branch_day_of_week_operator.py took 0.087 seconds
[2023-04-18T16:43:02.100+0000] {processor.py:153} INFO - Started process (PID=31549) to work on /home/airflow/.local/lib/python3.7/site-packages/airflow/example_dags/example_branch_day_of_week_operator.py
[2023-04-18T16:43:02.102+0000] {processor.py:743} INFO - Processing file /home/airflow/.local/lib/python3.7/site-packages/airflow/example_dags/example_branch_day_of_week_operator.py for tasks to queue
[2023-04-18T16:43:02.103+0000] {logging_mixin.py:137} INFO - [2023-04-18T16:43:02.102+0000] {dagbag.py:538} INFO - Filling up the DagBag from /home/airflow/.local/lib/python3.7/site-packages/airflow/example_dags/example_branch_day_of_week_operator.py
[2023-04-18T16:43:02.118+0000] {processor.py:753} INFO - DAG(s) dict_keys(['example_weekday_branch_operator']) retrieved from /home/airflow/.local/lib/python3.7/site-packages/airflow/example_dags/example_branch_day_of_week_operator.py
[2023-04-18T16:43:02.137+0000] {logging_mixin.py:137} INFO - [2023-04-18T16:43:02.136+0000] {dag.py:2690} INFO - Sync 1 DAGs
[2023-04-18T16:43:02.153+0000] {logging_mixin.py:137} INFO - [2023-04-18T16:43:02.153+0000] {dag.py:3441} INFO - Setting next_dagrun for example_weekday_branch_operator to 2023-04-17T00:00:00+00:00, run_after=2023-04-18T00:00:00+00:00
[2023-04-18T16:43:02.165+0000] {processor.py:175} INFO - Processing /home/airflow/.local/lib/python3.7/site-packages/airflow/example_dags/example_branch_day_of_week_operator.py took 0.067 seconds
[2023-04-18T16:43:32.791+0000] {processor.py:153} INFO - Started process (PID=31628) to work on /home/airflow/.local/lib/python3.7/site-packages/airflow/example_dags/example_branch_day_of_week_operator.py
[2023-04-18T16:43:32.792+0000] {processor.py:743} INFO - Processing file /home/airflow/.local/lib/python3.7/site-packages/airflow/example_dags/example_branch_day_of_week_operator.py for tasks to queue
[2023-04-18T16:43:32.794+0000] {logging_mixin.py:137} INFO - [2023-04-18T16:43:32.793+0000] {dagbag.py:538} INFO - Filling up the DagBag from /home/airflow/.local/lib/python3.7/site-packages/airflow/example_dags/example_branch_day_of_week_operator.py
[2023-04-18T16:43:32.809+0000] {processor.py:753} INFO - DAG(s) dict_keys(['example_weekday_branch_operator']) retrieved from /home/airflow/.local/lib/python3.7/site-packages/airflow/example_dags/example_branch_day_of_week_operator.py
[2023-04-18T16:43:32.829+0000] {logging_mixin.py:137} INFO - [2023-04-18T16:43:32.829+0000] {dag.py:2690} INFO - Sync 1 DAGs
[2023-04-18T16:43:32.847+0000] {logging_mixin.py:137} INFO - [2023-04-18T16:43:32.847+0000] {dag.py:3441} INFO - Setting next_dagrun for example_weekday_branch_operator to 2023-04-17T00:00:00+00:00, run_after=2023-04-18T00:00:00+00:00
[2023-04-18T16:43:32.860+0000] {processor.py:175} INFO - Processing /home/airflow/.local/lib/python3.7/site-packages/airflow/example_dags/example_branch_day_of_week_operator.py took 0.072 seconds
[2023-04-18T16:44:03.240+0000] {processor.py:153} INFO - Started process (PID=31702) to work on /home/airflow/.local/lib/python3.7/site-packages/airflow/example_dags/example_branch_day_of_week_operator.py
[2023-04-18T16:44:03.243+0000] {processor.py:743} INFO - Processing file /home/airflow/.local/lib/python3.7/site-packages/airflow/example_dags/example_branch_day_of_week_operator.py for tasks to queue
[2023-04-18T16:44:03.245+0000] {logging_mixin.py:137} INFO - [2023-04-18T16:44:03.245+0000] {dagbag.py:538} INFO - Filling up the DagBag from /home/airflow/.local/lib/python3.7/site-packages/airflow/example_dags/example_branch_day_of_week_operator.py
[2023-04-18T16:44:03.262+0000] {processor.py:753} INFO - DAG(s) dict_keys(['example_weekday_branch_operator']) retrieved from /home/airflow/.local/lib/python3.7/site-packages/airflow/example_dags/example_branch_day_of_week_operator.py
[2023-04-18T16:44:03.279+0000] {logging_mixin.py:137} INFO - [2023-04-18T16:44:03.279+0000] {dag.py:2690} INFO - Sync 1 DAGs
[2023-04-18T16:44:03.298+0000] {logging_mixin.py:137} INFO - [2023-04-18T16:44:03.298+0000] {dag.py:3441} INFO - Setting next_dagrun for example_weekday_branch_operator to 2023-04-17T00:00:00+00:00, run_after=2023-04-18T00:00:00+00:00
[2023-04-18T16:44:03.318+0000] {processor.py:175} INFO - Processing /home/airflow/.local/lib/python3.7/site-packages/airflow/example_dags/example_branch_day_of_week_operator.py took 0.080 seconds
[2023-04-18T16:44:34.188+0000] {processor.py:153} INFO - Started process (PID=31774) to work on /home/airflow/.local/lib/python3.7/site-packages/airflow/example_dags/example_branch_day_of_week_operator.py
[2023-04-18T16:44:34.190+0000] {processor.py:743} INFO - Processing file /home/airflow/.local/lib/python3.7/site-packages/airflow/example_dags/example_branch_day_of_week_operator.py for tasks to queue
[2023-04-18T16:44:34.191+0000] {logging_mixin.py:137} INFO - [2023-04-18T16:44:34.191+0000] {dagbag.py:538} INFO - Filling up the DagBag from /home/airflow/.local/lib/python3.7/site-packages/airflow/example_dags/example_branch_day_of_week_operator.py
[2023-04-18T16:44:34.203+0000] {processor.py:753} INFO - DAG(s) dict_keys(['example_weekday_branch_operator']) retrieved from /home/airflow/.local/lib/python3.7/site-packages/airflow/example_dags/example_branch_day_of_week_operator.py
[2023-04-18T16:44:34.222+0000] {logging_mixin.py:137} INFO - [2023-04-18T16:44:34.222+0000] {dag.py:2690} INFO - Sync 1 DAGs
[2023-04-18T16:44:34.244+0000] {logging_mixin.py:137} INFO - [2023-04-18T16:44:34.244+0000] {dag.py:3441} INFO - Setting next_dagrun for example_weekday_branch_operator to 2023-04-17T00:00:00+00:00, run_after=2023-04-18T00:00:00+00:00
[2023-04-18T16:44:34.256+0000] {processor.py:175} INFO - Processing /home/airflow/.local/lib/python3.7/site-packages/airflow/example_dags/example_branch_day_of_week_operator.py took 0.070 seconds
[2023-04-18T16:45:04.750+0000] {processor.py:153} INFO - Started process (PID=31853) to work on /home/airflow/.local/lib/python3.7/site-packages/airflow/example_dags/example_branch_day_of_week_operator.py
[2023-04-18T16:45:04.764+0000] {processor.py:743} INFO - Processing file /home/airflow/.local/lib/python3.7/site-packages/airflow/example_dags/example_branch_day_of_week_operator.py for tasks to queue
[2023-04-18T16:45:04.765+0000] {logging_mixin.py:137} INFO - [2023-04-18T16:45:04.765+0000] {dagbag.py:538} INFO - Filling up the DagBag from /home/airflow/.local/lib/python3.7/site-packages/airflow/example_dags/example_branch_day_of_week_operator.py
[2023-04-18T16:45:04.777+0000] {processor.py:753} INFO - DAG(s) dict_keys(['example_weekday_branch_operator']) retrieved from /home/airflow/.local/lib/python3.7/site-packages/airflow/example_dags/example_branch_day_of_week_operator.py
[2023-04-18T16:45:04.794+0000] {logging_mixin.py:137} INFO - [2023-04-18T16:45:04.794+0000] {dag.py:2690} INFO - Sync 1 DAGs
[2023-04-18T16:45:04.810+0000] {logging_mixin.py:137} INFO - [2023-04-18T16:45:04.810+0000] {dag.py:3441} INFO - Setting next_dagrun for example_weekday_branch_operator to 2023-04-17T00:00:00+00:00, run_after=2023-04-18T00:00:00+00:00
[2023-04-18T16:45:04.823+0000] {processor.py:175} INFO - Processing /home/airflow/.local/lib/python3.7/site-packages/airflow/example_dags/example_branch_day_of_week_operator.py took 0.075 seconds
[2023-04-18T16:45:36.275+0000] {processor.py:153} INFO - Started process (PID=31932) to work on /home/airflow/.local/lib/python3.7/site-packages/airflow/example_dags/example_branch_day_of_week_operator.py
[2023-04-18T16:45:36.277+0000] {processor.py:743} INFO - Processing file /home/airflow/.local/lib/python3.7/site-packages/airflow/example_dags/example_branch_day_of_week_operator.py for tasks to queue
[2023-04-18T16:45:36.278+0000] {logging_mixin.py:137} INFO - [2023-04-18T16:45:36.278+0000] {dagbag.py:538} INFO - Filling up the DagBag from /home/airflow/.local/lib/python3.7/site-packages/airflow/example_dags/example_branch_day_of_week_operator.py
[2023-04-18T16:45:36.299+0000] {processor.py:753} INFO - DAG(s) dict_keys(['example_weekday_branch_operator']) retrieved from /home/airflow/.local/lib/python3.7/site-packages/airflow/example_dags/example_branch_day_of_week_operator.py
[2023-04-18T16:45:36.323+0000] {logging_mixin.py:137} INFO - [2023-04-18T16:45:36.323+0000] {dag.py:2690} INFO - Sync 1 DAGs
[2023-04-18T16:45:36.353+0000] {logging_mixin.py:137} INFO - [2023-04-18T16:45:36.353+0000] {dag.py:3441} INFO - Setting next_dagrun for example_weekday_branch_operator to 2023-04-17T00:00:00+00:00, run_after=2023-04-18T00:00:00+00:00
[2023-04-18T16:45:36.373+0000] {processor.py:175} INFO - Processing /home/airflow/.local/lib/python3.7/site-packages/airflow/example_dags/example_branch_day_of_week_operator.py took 0.102 seconds
[2023-04-18T17:33:19.566+0000] {processor.py:153} INFO - Started process (PID=31987) to work on /home/airflow/.local/lib/python3.7/site-packages/airflow/example_dags/example_branch_day_of_week_operator.py
[2023-04-18T17:33:19.579+0000] {processor.py:743} INFO - Processing file /home/airflow/.local/lib/python3.7/site-packages/airflow/example_dags/example_branch_day_of_week_operator.py for tasks to queue
[2023-04-18T17:33:19.581+0000] {logging_mixin.py:137} INFO - [2023-04-18T17:33:19.581+0000] {dagbag.py:538} INFO - Filling up the DagBag from /home/airflow/.local/lib/python3.7/site-packages/airflow/example_dags/example_branch_day_of_week_operator.py
[2023-04-18T17:33:19.594+0000] {processor.py:753} INFO - DAG(s) dict_keys(['example_weekday_branch_operator']) retrieved from /home/airflow/.local/lib/python3.7/site-packages/airflow/example_dags/example_branch_day_of_week_operator.py
[2023-04-18T17:33:19.612+0000] {logging_mixin.py:137} INFO - [2023-04-18T17:33:19.612+0000] {dag.py:2690} INFO - Sync 1 DAGs
[2023-04-18T17:33:19.631+0000] {logging_mixin.py:137} INFO - [2023-04-18T17:33:19.631+0000] {dag.py:3441} INFO - Setting next_dagrun for example_weekday_branch_operator to 2023-04-17T00:00:00+00:00, run_after=2023-04-18T00:00:00+00:00
[2023-04-18T17:33:19.644+0000] {processor.py:175} INFO - Processing /home/airflow/.local/lib/python3.7/site-packages/airflow/example_dags/example_branch_day_of_week_operator.py took 0.081 seconds
[2023-04-18T18:58:14.626+0000] {processor.py:153} INFO - Started process (PID=32065) to work on /home/airflow/.local/lib/python3.7/site-packages/airflow/example_dags/example_branch_day_of_week_operator.py
[2023-04-18T18:58:14.627+0000] {processor.py:743} INFO - Processing file /home/airflow/.local/lib/python3.7/site-packages/airflow/example_dags/example_branch_day_of_week_operator.py for tasks to queue
[2023-04-18T18:58:14.628+0000] {logging_mixin.py:137} INFO - [2023-04-18T18:58:14.628+0000] {dagbag.py:538} INFO - Filling up the DagBag from /home/airflow/.local/lib/python3.7/site-packages/airflow/example_dags/example_branch_day_of_week_operator.py
[2023-04-18T18:58:14.652+0000] {processor.py:753} INFO - DAG(s) dict_keys(['example_weekday_branch_operator']) retrieved from /home/airflow/.local/lib/python3.7/site-packages/airflow/example_dags/example_branch_day_of_week_operator.py
[2023-04-18T18:58:14.685+0000] {logging_mixin.py:137} INFO - [2023-04-18T18:58:14.685+0000] {dag.py:2690} INFO - Sync 1 DAGs
[2023-04-18T18:58:14.709+0000] {logging_mixin.py:137} INFO - [2023-04-18T18:58:14.709+0000] {dag.py:3441} INFO - Setting next_dagrun for example_weekday_branch_operator to 2023-04-17T00:00:00+00:00, run_after=2023-04-18T00:00:00+00:00
[2023-04-18T18:58:14.737+0000] {processor.py:175} INFO - Processing /home/airflow/.local/lib/python3.7/site-packages/airflow/example_dags/example_branch_day_of_week_operator.py took 0.113 seconds
[2023-04-18T20:02:28.746+0000] {processor.py:153} INFO - Started process (PID=32141) to work on /home/airflow/.local/lib/python3.7/site-packages/airflow/example_dags/example_branch_day_of_week_operator.py
[2023-04-18T20:02:28.773+0000] {processor.py:743} INFO - Processing file /home/airflow/.local/lib/python3.7/site-packages/airflow/example_dags/example_branch_day_of_week_operator.py for tasks to queue
[2023-04-18T20:02:28.774+0000] {logging_mixin.py:137} INFO - [2023-04-18T20:02:28.774+0000] {dagbag.py:538} INFO - Filling up the DagBag from /home/airflow/.local/lib/python3.7/site-packages/airflow/example_dags/example_branch_day_of_week_operator.py
[2023-04-18T20:02:28.791+0000] {processor.py:753} INFO - DAG(s) dict_keys(['example_weekday_branch_operator']) retrieved from /home/airflow/.local/lib/python3.7/site-packages/airflow/example_dags/example_branch_day_of_week_operator.py
[2023-04-18T20:02:28.814+0000] {logging_mixin.py:137} INFO - [2023-04-18T20:02:28.814+0000] {dag.py:2690} INFO - Sync 1 DAGs
[2023-04-18T20:02:28.833+0000] {logging_mixin.py:137} INFO - [2023-04-18T20:02:28.833+0000] {dag.py:3441} INFO - Setting next_dagrun for example_weekday_branch_operator to 2023-04-17T00:00:00+00:00, run_after=2023-04-18T00:00:00+00:00
[2023-04-18T20:02:28.849+0000] {processor.py:175} INFO - Processing /home/airflow/.local/lib/python3.7/site-packages/airflow/example_dags/example_branch_day_of_week_operator.py took 0.106 seconds
[2023-04-18T21:07:41.675+0000] {processor.py:153} INFO - Started process (PID=32211) to work on /home/airflow/.local/lib/python3.7/site-packages/airflow/example_dags/example_branch_day_of_week_operator.py
[2023-04-18T21:07:41.677+0000] {processor.py:743} INFO - Processing file /home/airflow/.local/lib/python3.7/site-packages/airflow/example_dags/example_branch_day_of_week_operator.py for tasks to queue
[2023-04-18T21:07:41.678+0000] {logging_mixin.py:137} INFO - [2023-04-18T21:07:41.678+0000] {dagbag.py:538} INFO - Filling up the DagBag from /home/airflow/.local/lib/python3.7/site-packages/airflow/example_dags/example_branch_day_of_week_operator.py
[2023-04-18T21:07:41.693+0000] {processor.py:753} INFO - DAG(s) dict_keys(['example_weekday_branch_operator']) retrieved from /home/airflow/.local/lib/python3.7/site-packages/airflow/example_dags/example_branch_day_of_week_operator.py
[2023-04-18T21:07:41.712+0000] {logging_mixin.py:137} INFO - [2023-04-18T21:07:41.712+0000] {dag.py:2690} INFO - Sync 1 DAGs
[2023-04-18T21:07:41.732+0000] {logging_mixin.py:137} INFO - [2023-04-18T21:07:41.732+0000] {dag.py:3441} INFO - Setting next_dagrun for example_weekday_branch_operator to 2023-04-17T00:00:00+00:00, run_after=2023-04-18T00:00:00+00:00
[2023-04-18T21:07:41.748+0000] {processor.py:175} INFO - Processing /home/airflow/.local/lib/python3.7/site-packages/airflow/example_dags/example_branch_day_of_week_operator.py took 0.076 seconds
[2023-04-18T21:27:50.979+0000] {processor.py:153} INFO - Started process (PID=32290) to work on /home/airflow/.local/lib/python3.7/site-packages/airflow/example_dags/example_branch_day_of_week_operator.py
[2023-04-18T21:27:50.981+0000] {processor.py:743} INFO - Processing file /home/airflow/.local/lib/python3.7/site-packages/airflow/example_dags/example_branch_day_of_week_operator.py for tasks to queue
[2023-04-18T21:27:50.982+0000] {logging_mixin.py:137} INFO - [2023-04-18T21:27:50.982+0000] {dagbag.py:538} INFO - Filling up the DagBag from /home/airflow/.local/lib/python3.7/site-packages/airflow/example_dags/example_branch_day_of_week_operator.py
[2023-04-18T21:27:50.995+0000] {processor.py:753} INFO - DAG(s) dict_keys(['example_weekday_branch_operator']) retrieved from /home/airflow/.local/lib/python3.7/site-packages/airflow/example_dags/example_branch_day_of_week_operator.py
[2023-04-18T21:27:51.014+0000] {logging_mixin.py:137} INFO - [2023-04-18T21:27:51.014+0000] {dag.py:2690} INFO - Sync 1 DAGs
[2023-04-18T21:27:51.034+0000] {logging_mixin.py:137} INFO - [2023-04-18T21:27:51.034+0000] {dag.py:3441} INFO - Setting next_dagrun for example_weekday_branch_operator to 2023-04-17T00:00:00+00:00, run_after=2023-04-18T00:00:00+00:00
[2023-04-18T21:27:51.050+0000] {processor.py:175} INFO - Processing /home/airflow/.local/lib/python3.7/site-packages/airflow/example_dags/example_branch_day_of_week_operator.py took 0.073 seconds
[2023-04-18T23:00:44.237+0000] {processor.py:153} INFO - Started process (PID=32356) to work on /home/airflow/.local/lib/python3.7/site-packages/airflow/example_dags/example_branch_day_of_week_operator.py
[2023-04-18T23:00:44.239+0000] {processor.py:743} INFO - Processing file /home/airflow/.local/lib/python3.7/site-packages/airflow/example_dags/example_branch_day_of_week_operator.py for tasks to queue
[2023-04-18T23:00:44.240+0000] {logging_mixin.py:137} INFO - [2023-04-18T23:00:44.240+0000] {dagbag.py:538} INFO - Filling up the DagBag from /home/airflow/.local/lib/python3.7/site-packages/airflow/example_dags/example_branch_day_of_week_operator.py
[2023-04-18T23:00:44.251+0000] {processor.py:753} INFO - DAG(s) dict_keys(['example_weekday_branch_operator']) retrieved from /home/airflow/.local/lib/python3.7/site-packages/airflow/example_dags/example_branch_day_of_week_operator.py
[2023-04-18T23:00:44.269+0000] {logging_mixin.py:137} INFO - [2023-04-18T23:00:44.269+0000] {dag.py:2690} INFO - Sync 1 DAGs
[2023-04-18T23:00:44.284+0000] {logging_mixin.py:137} INFO - [2023-04-18T23:00:44.284+0000] {dag.py:3441} INFO - Setting next_dagrun for example_weekday_branch_operator to 2023-04-17T00:00:00+00:00, run_after=2023-04-18T00:00:00+00:00
[2023-04-18T23:00:44.296+0000] {processor.py:175} INFO - Processing /home/airflow/.local/lib/python3.7/site-packages/airflow/example_dags/example_branch_day_of_week_operator.py took 0.061 seconds
