[2023-04-19T12:45:18.589+0000] {taskinstance.py:1083} INFO - Dependencies all met for <TaskInstance: age_check.minus scheduled__2022-12-22T00:00:00+00:00 [queued]>
[2023-04-19T12:45:18.662+0000] {taskinstance.py:1083} INFO - Dependencies all met for <TaskInstance: age_check.minus scheduled__2022-12-22T00:00:00+00:00 [queued]>
[2023-04-19T12:45:18.671+0000] {taskinstance.py:1279} INFO - 
--------------------------------------------------------------------------------
[2023-04-19T12:45:18.673+0000] {taskinstance.py:1280} INFO - Starting attempt 1 of 4
[2023-04-19T12:45:18.679+0000] {taskinstance.py:1281} INFO - 
--------------------------------------------------------------------------------
[2023-04-19T12:45:18.773+0000] {taskinstance.py:1300} INFO - Executing <Task(PythonOperator): minus> on 2022-12-22 00:00:00+00:00
[2023-04-19T12:45:18.855+0000] {standard_task_runner.py:55} INFO - Started process 23636 to run task
[2023-04-19T12:45:18.902+0000] {standard_task_runner.py:82} INFO - Running: ['***', 'tasks', 'run', 'age_check', 'minus', 'scheduled__2022-12-22T00:00:00+00:00', '--job-id', '1471', '--raw', '--subdir', 'DAGS_FOLDER/age.py', '--cfg-path', '/tmp/tmpyw2pt5_k']
[2023-04-19T12:45:18.908+0000] {standard_task_runner.py:83} INFO - Job 1471: Subtask minus
[2023-04-19T12:45:19.045+0000] {task_command.py:388} INFO - Running <TaskInstance: age_check.minus scheduled__2022-12-22T00:00:00+00:00 [running]> on host fe34f61acbb3
[2023-04-19T12:45:19.349+0000] {taskinstance.py:1509} INFO - Exporting the following env vars:
AIRFLOW_CTX_DAG_OWNER=***
AIRFLOW_CTX_DAG_ID=age_check
AIRFLOW_CTX_TASK_ID=minus
AIRFLOW_CTX_EXECUTION_DATE=2022-12-22T00:00:00+00:00
AIRFLOW_CTX_TRY_NUMBER=1
AIRFLOW_CTX_DAG_RUN_ID=scheduled__2022-12-22T00:00:00+00:00
[2023-04-19T12:45:19.354+0000] {logging_mixin.py:137} INFO - 3
[2023-04-19T12:45:19.355+0000] {python.py:177} INFO - Done. Returned value was: None
[2023-04-19T12:45:19.369+0000] {taskinstance.py:1323} INFO - Marking task as SUCCESS. dag_id=age_check, task_id=minus, execution_date=20221222T000000, start_date=20230419T124518, end_date=20230419T124519
[2023-04-19T12:45:19.458+0000] {local_task_job.py:208} INFO - Task exited with return code 0
[2023-04-19T12:45:19.555+0000] {taskinstance.py:2578} INFO - 1 downstream tasks scheduled from follow-on schedule check
[2023-05-20T20:56:47.148+0000] {taskinstance.py:1083} INFO - Dependencies all met for <TaskInstance: age_check.minus scheduled__2022-12-22T00:00:00+00:00 [queued]>
[2023-05-20T20:56:47.155+0000] {taskinstance.py:1083} INFO - Dependencies all met for <TaskInstance: age_check.minus scheduled__2022-12-22T00:00:00+00:00 [queued]>
[2023-05-20T20:56:47.156+0000] {taskinstance.py:1279} INFO - 
--------------------------------------------------------------------------------
[2023-05-20T20:56:47.157+0000] {taskinstance.py:1280} INFO - Starting attempt 1 of 4
[2023-05-20T20:56:47.157+0000] {taskinstance.py:1281} INFO - 
--------------------------------------------------------------------------------
[2023-05-20T20:56:47.168+0000] {taskinstance.py:1300} INFO - Executing <Task(PythonOperator): minus> on 2022-12-22 00:00:00+00:00
[2023-05-20T20:56:47.172+0000] {standard_task_runner.py:55} INFO - Started process 383 to run task
[2023-05-20T20:56:47.176+0000] {standard_task_runner.py:82} INFO - Running: ['***', 'tasks', 'run', 'age_check', 'minus', 'scheduled__2022-12-22T00:00:00+00:00', '--job-id', '1040', '--raw', '--subdir', 'DAGS_FOLDER/age.py', '--cfg-path', '/tmp/tmpsgn1dest']
[2023-05-20T20:56:47.177+0000] {standard_task_runner.py:83} INFO - Job 1040: Subtask minus
[2023-05-20T20:56:47.237+0000] {task_command.py:388} INFO - Running <TaskInstance: age_check.minus scheduled__2022-12-22T00:00:00+00:00 [running]> on host 242f95e3e8a8
[2023-05-20T20:56:47.288+0000] {taskinstance.py:1509} INFO - Exporting the following env vars:
AIRFLOW_CTX_DAG_OWNER=***
AIRFLOW_CTX_DAG_ID=age_check
AIRFLOW_CTX_TASK_ID=minus
AIRFLOW_CTX_EXECUTION_DATE=2022-12-22T00:00:00+00:00
AIRFLOW_CTX_TRY_NUMBER=1
AIRFLOW_CTX_DAG_RUN_ID=scheduled__2022-12-22T00:00:00+00:00
[2023-05-20T20:56:47.290+0000] {logging_mixin.py:137} INFO - 3
[2023-05-20T20:56:47.291+0000] {python.py:177} INFO - Done. Returned value was: None
[2023-05-20T20:56:47.300+0000] {taskinstance.py:1323} INFO - Marking task as SUCCESS. dag_id=age_check, task_id=minus, execution_date=20221222T000000, start_date=20230520T205647, end_date=20230520T205647
[2023-05-20T20:56:47.347+0000] {local_task_job.py:208} INFO - Task exited with return code 0
[2023-05-20T20:56:47.369+0000] {taskinstance.py:2578} INFO - 1 downstream tasks scheduled from follow-on schedule check
