[2023-05-25T01:29:14.197+0000] {taskinstance.py:1083} INFO - Dependencies all met for <TaskInstance: age_check.minus scheduled__2023-05-24T00:00:00+00:00 [queued]>
[2023-05-25T01:29:14.207+0000] {taskinstance.py:1083} INFO - Dependencies all met for <TaskInstance: age_check.minus scheduled__2023-05-24T00:00:00+00:00 [queued]>
[2023-05-25T01:29:14.208+0000] {taskinstance.py:1279} INFO - 
--------------------------------------------------------------------------------
[2023-05-25T01:29:14.209+0000] {taskinstance.py:1280} INFO - Starting attempt 1 of 4
[2023-05-25T01:29:14.210+0000] {taskinstance.py:1281} INFO - 
--------------------------------------------------------------------------------
[2023-05-25T01:29:14.227+0000] {taskinstance.py:1300} INFO - Executing <Task(PythonOperator): minus> on 2023-05-24 00:00:00+00:00
[2023-05-25T01:29:14.232+0000] {standard_task_runner.py:55} INFO - Started process 14616 to run task
[2023-05-25T01:29:14.236+0000] {standard_task_runner.py:82} INFO - Running: ['***', 'tasks', 'run', 'age_check', 'minus', 'scheduled__2023-05-24T00:00:00+00:00', '--job-id', '2115', '--raw', '--subdir', 'DAGS_FOLDER/age.py', '--cfg-path', '/tmp/tmpq20e9vy2']
[2023-05-25T01:29:14.237+0000] {standard_task_runner.py:83} INFO - Job 2115: Subtask minus
[2023-05-25T01:29:14.303+0000] {task_command.py:388} INFO - Running <TaskInstance: age_check.minus scheduled__2023-05-24T00:00:00+00:00 [running]> on host 242f95e3e8a8
[2023-05-25T01:29:14.370+0000] {taskinstance.py:1509} INFO - Exporting the following env vars:
AIRFLOW_CTX_DAG_OWNER=***
AIRFLOW_CTX_DAG_ID=age_check
AIRFLOW_CTX_TASK_ID=minus
AIRFLOW_CTX_EXECUTION_DATE=2023-05-24T00:00:00+00:00
AIRFLOW_CTX_TRY_NUMBER=1
AIRFLOW_CTX_DAG_RUN_ID=scheduled__2023-05-24T00:00:00+00:00
[2023-05-25T01:29:14.372+0000] {logging_mixin.py:137} INFO - 3
[2023-05-25T01:29:14.373+0000] {python.py:177} INFO - Done. Returned value was: None
[2023-05-25T01:29:14.384+0000] {taskinstance.py:1323} INFO - Marking task as SUCCESS. dag_id=age_check, task_id=minus, execution_date=20230524T000000, start_date=20230525T012914, end_date=20230525T012914
[2023-05-25T01:29:14.409+0000] {local_task_job.py:208} INFO - Task exited with return code 0
[2023-05-25T01:29:14.435+0000] {taskinstance.py:2578} INFO - 1 downstream tasks scheduled from follow-on schedule check
