[2023-04-19T12:52:12.130+0000] {taskinstance.py:1083} INFO - Dependencies all met for <TaskInstance: age_check.multiplication scheduled__2023-04-10T00:00:00+00:00 [queued]>
[2023-04-19T12:52:12.262+0000] {taskinstance.py:1083} INFO - Dependencies all met for <TaskInstance: age_check.multiplication scheduled__2023-04-10T00:00:00+00:00 [queued]>
[2023-04-19T12:52:12.265+0000] {taskinstance.py:1279} INFO - 
--------------------------------------------------------------------------------
[2023-04-19T12:52:12.266+0000] {taskinstance.py:1280} INFO - Starting attempt 1 of 4
[2023-04-19T12:52:12.267+0000] {taskinstance.py:1281} INFO - 
--------------------------------------------------------------------------------
[2023-04-19T12:52:12.332+0000] {taskinstance.py:1300} INFO - Executing <Task(PythonOperator): multiplication> on 2023-04-10 00:00:00+00:00
[2023-04-19T12:52:12.339+0000] {standard_task_runner.py:55} INFO - Started process 25565 to run task
[2023-04-19T12:52:12.369+0000] {standard_task_runner.py:82} INFO - Running: ['***', 'tasks', 'run', 'age_check', 'multiplication', 'scheduled__2023-04-10T00:00:00+00:00', '--job-id', '2274', '--raw', '--subdir', 'DAGS_FOLDER/age.py', '--cfg-path', '/tmp/tmppc66kyg6']
[2023-04-19T12:52:12.386+0000] {standard_task_runner.py:83} INFO - Job 2274: Subtask multiplication
[2023-04-19T12:52:12.949+0000] {task_command.py:388} INFO - Running <TaskInstance: age_check.multiplication scheduled__2023-04-10T00:00:00+00:00 [running]> on host fe34f61acbb3
[2023-04-19T12:52:13.438+0000] {taskinstance.py:1509} INFO - Exporting the following env vars:
AIRFLOW_CTX_DAG_OWNER=***
AIRFLOW_CTX_DAG_ID=age_check
AIRFLOW_CTX_TASK_ID=multiplication
AIRFLOW_CTX_EXECUTION_DATE=2023-04-10T00:00:00+00:00
AIRFLOW_CTX_TRY_NUMBER=1
AIRFLOW_CTX_DAG_RUN_ID=scheduled__2023-04-10T00:00:00+00:00
[2023-04-19T12:52:13.445+0000] {logging_mixin.py:137} INFO - 25
[2023-04-19T12:52:13.447+0000] {python.py:177} INFO - Done. Returned value was: None
[2023-04-19T12:52:13.496+0000] {taskinstance.py:1323} INFO - Marking task as SUCCESS. dag_id=age_check, task_id=multiplication, execution_date=20230410T000000, start_date=20230419T125212, end_date=20230419T125213
[2023-04-19T12:52:13.791+0000] {local_task_job.py:208} INFO - Task exited with return code 0
[2023-04-19T12:52:13.971+0000] {taskinstance.py:2578} INFO - 1 downstream tasks scheduled from follow-on schedule check
[2023-05-20T21:49:43.766+0000] {taskinstance.py:1083} INFO - Dependencies all met for <TaskInstance: age_check.multiplication scheduled__2023-04-10T00:00:00+00:00 [queued]>
[2023-05-20T21:49:43.815+0000] {taskinstance.py:1083} INFO - Dependencies all met for <TaskInstance: age_check.multiplication scheduled__2023-04-10T00:00:00+00:00 [queued]>
[2023-05-20T21:49:43.817+0000] {taskinstance.py:1279} INFO - 
--------------------------------------------------------------------------------
[2023-05-20T21:49:43.818+0000] {taskinstance.py:1280} INFO - Starting attempt 1 of 4
[2023-05-20T21:49:43.824+0000] {taskinstance.py:1281} INFO - 
--------------------------------------------------------------------------------
[2023-05-20T21:49:43.933+0000] {taskinstance.py:1300} INFO - Executing <Task(PythonOperator): multiplication> on 2023-04-10 00:00:00+00:00
[2023-05-20T21:49:43.985+0000] {standard_task_runner.py:55} INFO - Started process 2111 to run task
[2023-05-20T21:49:44.029+0000] {standard_task_runner.py:82} INFO - Running: ['***', 'tasks', 'run', 'age_check', 'multiplication', 'scheduled__2023-04-10T00:00:00+00:00', '--job-id', '1743', '--raw', '--subdir', 'DAGS_FOLDER/age.py', '--cfg-path', '/tmp/tmp7n82b2st']
[2023-05-20T21:49:44.031+0000] {standard_task_runner.py:83} INFO - Job 1743: Subtask multiplication
[2023-05-20T21:49:44.429+0000] {task_command.py:388} INFO - Running <TaskInstance: age_check.multiplication scheduled__2023-04-10T00:00:00+00:00 [running]> on host 242f95e3e8a8
[2023-05-20T21:49:44.589+0000] {taskinstance.py:1509} INFO - Exporting the following env vars:
AIRFLOW_CTX_DAG_OWNER=***
AIRFLOW_CTX_DAG_ID=age_check
AIRFLOW_CTX_TASK_ID=multiplication
AIRFLOW_CTX_EXECUTION_DATE=2023-04-10T00:00:00+00:00
AIRFLOW_CTX_TRY_NUMBER=1
AIRFLOW_CTX_DAG_RUN_ID=scheduled__2023-04-10T00:00:00+00:00
[2023-05-20T21:49:44.594+0000] {logging_mixin.py:137} INFO - 25
[2023-05-20T21:49:44.595+0000] {python.py:177} INFO - Done. Returned value was: None
[2023-05-20T21:49:44.653+0000] {taskinstance.py:1323} INFO - Marking task as SUCCESS. dag_id=age_check, task_id=multiplication, execution_date=20230410T000000, start_date=20230520T214943, end_date=20230520T214944
[2023-05-20T21:49:44.770+0000] {local_task_job.py:208} INFO - Task exited with return code 0
[2023-05-20T21:49:44.900+0000] {taskinstance.py:2578} INFO - 1 downstream tasks scheduled from follow-on schedule check
