[2023-06-14T00:38:14.021+0000] {processor.py:153} INFO - Started process (PID=63994) to work on /home/airflow/.local/lib/python3.7/site-packages/airflow/example_dags/example_short_circuit_decorator.py
[2023-06-14T00:38:14.022+0000] {processor.py:743} INFO - Processing file /home/airflow/.local/lib/python3.7/site-packages/airflow/example_dags/example_short_circuit_decorator.py for tasks to queue
[2023-06-14T00:38:14.023+0000] {logging_mixin.py:137} INFO - [2023-06-14T00:38:14.023+0000] {dagbag.py:538} INFO - Filling up the DagBag from /home/airflow/.local/lib/python3.7/site-packages/airflow/example_dags/example_short_circuit_decorator.py
[2023-06-14T00:38:14.044+0000] {processor.py:753} INFO - DAG(s) dict_keys(['example_short_circuit_decorator']) retrieved from /home/airflow/.local/lib/python3.7/site-packages/airflow/example_dags/example_short_circuit_decorator.py
[2023-06-14T00:38:14.070+0000] {logging_mixin.py:137} INFO - [2023-06-14T00:38:14.070+0000] {dag.py:2690} INFO - Sync 1 DAGs
[2023-06-14T00:38:14.091+0000] {logging_mixin.py:137} INFO - [2023-06-14T00:38:14.090+0000] {dag.py:3441} INFO - Setting next_dagrun for example_short_circuit_decorator to 2023-06-13T00:38:14.090762+00:00, run_after=2023-06-14T00:38:14.090762+00:00
[2023-06-14T00:38:14.110+0000] {processor.py:175} INFO - Processing /home/airflow/.local/lib/python3.7/site-packages/airflow/example_dags/example_short_circuit_decorator.py took 0.092 seconds
[2023-06-14T01:58:29.111+0000] {processor.py:153} INFO - Started process (PID=64076) to work on /home/airflow/.local/lib/python3.7/site-packages/airflow/example_dags/example_short_circuit_decorator.py
[2023-06-14T01:58:29.127+0000] {processor.py:743} INFO - Processing file /home/airflow/.local/lib/python3.7/site-packages/airflow/example_dags/example_short_circuit_decorator.py for tasks to queue
[2023-06-14T01:58:29.129+0000] {logging_mixin.py:137} INFO - [2023-06-14T01:58:29.129+0000] {dagbag.py:538} INFO - Filling up the DagBag from /home/airflow/.local/lib/python3.7/site-packages/airflow/example_dags/example_short_circuit_decorator.py
[2023-06-14T01:58:29.149+0000] {processor.py:753} INFO - DAG(s) dict_keys(['example_short_circuit_decorator']) retrieved from /home/airflow/.local/lib/python3.7/site-packages/airflow/example_dags/example_short_circuit_decorator.py
[2023-06-14T01:58:29.172+0000] {logging_mixin.py:137} INFO - [2023-06-14T01:58:29.172+0000] {dag.py:2690} INFO - Sync 1 DAGs
[2023-06-14T01:58:29.189+0000] {logging_mixin.py:137} INFO - [2023-06-14T01:58:29.189+0000] {dag.py:3441} INFO - Setting next_dagrun for example_short_circuit_decorator to 2023-06-13T01:58:29.189134+00:00, run_after=2023-06-14T01:58:29.189134+00:00
[2023-06-14T01:58:29.201+0000] {processor.py:175} INFO - Processing /home/airflow/.local/lib/python3.7/site-packages/airflow/example_dags/example_short_circuit_decorator.py took 0.093 seconds
[2023-06-14T03:19:58.097+0000] {processor.py:153} INFO - Started process (PID=64147) to work on /home/airflow/.local/lib/python3.7/site-packages/airflow/example_dags/example_short_circuit_decorator.py
[2023-06-14T03:19:58.099+0000] {processor.py:743} INFO - Processing file /home/airflow/.local/lib/python3.7/site-packages/airflow/example_dags/example_short_circuit_decorator.py for tasks to queue
[2023-06-14T03:19:58.100+0000] {logging_mixin.py:137} INFO - [2023-06-14T03:19:58.100+0000] {dagbag.py:538} INFO - Filling up the DagBag from /home/airflow/.local/lib/python3.7/site-packages/airflow/example_dags/example_short_circuit_decorator.py
[2023-06-14T03:19:58.121+0000] {processor.py:753} INFO - DAG(s) dict_keys(['example_short_circuit_decorator']) retrieved from /home/airflow/.local/lib/python3.7/site-packages/airflow/example_dags/example_short_circuit_decorator.py
[2023-06-14T03:19:58.142+0000] {logging_mixin.py:137} INFO - [2023-06-14T03:19:58.142+0000] {dag.py:2690} INFO - Sync 1 DAGs
[2023-06-14T03:19:58.160+0000] {logging_mixin.py:137} INFO - [2023-06-14T03:19:58.160+0000] {dag.py:3441} INFO - Setting next_dagrun for example_short_circuit_decorator to 2023-06-13T03:19:58.159979+00:00, run_after=2023-06-14T03:19:58.159979+00:00
[2023-06-14T03:19:58.173+0000] {processor.py:175} INFO - Processing /home/airflow/.local/lib/python3.7/site-packages/airflow/example_dags/example_short_circuit_decorator.py took 0.079 seconds
[2023-06-14T04:41:19.197+0000] {processor.py:153} INFO - Started process (PID=64229) to work on /home/airflow/.local/lib/python3.7/site-packages/airflow/example_dags/example_short_circuit_decorator.py
[2023-06-14T04:41:19.199+0000] {processor.py:743} INFO - Processing file /home/airflow/.local/lib/python3.7/site-packages/airflow/example_dags/example_short_circuit_decorator.py for tasks to queue
[2023-06-14T04:41:19.202+0000] {logging_mixin.py:137} INFO - [2023-06-14T04:41:19.201+0000] {dagbag.py:538} INFO - Filling up the DagBag from /home/airflow/.local/lib/python3.7/site-packages/airflow/example_dags/example_short_circuit_decorator.py
[2023-06-14T04:41:19.222+0000] {processor.py:753} INFO - DAG(s) dict_keys(['example_short_circuit_decorator']) retrieved from /home/airflow/.local/lib/python3.7/site-packages/airflow/example_dags/example_short_circuit_decorator.py
[2023-06-14T04:41:19.242+0000] {logging_mixin.py:137} INFO - [2023-06-14T04:41:19.242+0000] {dag.py:2690} INFO - Sync 1 DAGs
[2023-06-14T04:41:19.259+0000] {logging_mixin.py:137} INFO - [2023-06-14T04:41:19.259+0000] {dag.py:3441} INFO - Setting next_dagrun for example_short_circuit_decorator to 2023-06-13T04:41:19.259299+00:00, run_after=2023-06-14T04:41:19.259299+00:00
[2023-06-14T04:41:19.274+0000] {processor.py:175} INFO - Processing /home/airflow/.local/lib/python3.7/site-packages/airflow/example_dags/example_short_circuit_decorator.py took 0.080 seconds
[2023-06-14T06:04:23.330+0000] {processor.py:153} INFO - Started process (PID=64301) to work on /home/airflow/.local/lib/python3.7/site-packages/airflow/example_dags/example_short_circuit_decorator.py
[2023-06-14T06:04:23.333+0000] {processor.py:743} INFO - Processing file /home/airflow/.local/lib/python3.7/site-packages/airflow/example_dags/example_short_circuit_decorator.py for tasks to queue
[2023-06-14T06:04:23.334+0000] {logging_mixin.py:137} INFO - [2023-06-14T06:04:23.334+0000] {dagbag.py:538} INFO - Filling up the DagBag from /home/airflow/.local/lib/python3.7/site-packages/airflow/example_dags/example_short_circuit_decorator.py
[2023-06-14T06:04:23.355+0000] {processor.py:753} INFO - DAG(s) dict_keys(['example_short_circuit_decorator']) retrieved from /home/airflow/.local/lib/python3.7/site-packages/airflow/example_dags/example_short_circuit_decorator.py
[2023-06-14T06:04:23.378+0000] {logging_mixin.py:137} INFO - [2023-06-14T06:04:23.378+0000] {dag.py:2690} INFO - Sync 1 DAGs
[2023-06-14T06:04:23.396+0000] {logging_mixin.py:137} INFO - [2023-06-14T06:04:23.396+0000] {dag.py:3441} INFO - Setting next_dagrun for example_short_circuit_decorator to 2023-06-13T06:04:23.396083+00:00, run_after=2023-06-14T06:04:23.396083+00:00
[2023-06-14T06:04:23.412+0000] {processor.py:175} INFO - Processing /home/airflow/.local/lib/python3.7/site-packages/airflow/example_dags/example_short_circuit_decorator.py took 0.085 seconds
[2023-06-14T07:41:10.519+0000] {processor.py:153} INFO - Started process (PID=64384) to work on /home/airflow/.local/lib/python3.7/site-packages/airflow/example_dags/example_short_circuit_decorator.py
[2023-06-14T07:41:10.521+0000] {processor.py:743} INFO - Processing file /home/airflow/.local/lib/python3.7/site-packages/airflow/example_dags/example_short_circuit_decorator.py for tasks to queue
[2023-06-14T07:41:10.522+0000] {logging_mixin.py:137} INFO - [2023-06-14T07:41:10.522+0000] {dagbag.py:538} INFO - Filling up the DagBag from /home/airflow/.local/lib/python3.7/site-packages/airflow/example_dags/example_short_circuit_decorator.py
[2023-06-14T07:41:10.543+0000] {processor.py:753} INFO - DAG(s) dict_keys(['example_short_circuit_decorator']) retrieved from /home/airflow/.local/lib/python3.7/site-packages/airflow/example_dags/example_short_circuit_decorator.py
[2023-06-14T07:41:10.567+0000] {logging_mixin.py:137} INFO - [2023-06-14T07:41:10.567+0000] {dag.py:2690} INFO - Sync 1 DAGs
[2023-06-14T07:41:10.586+0000] {logging_mixin.py:137} INFO - [2023-06-14T07:41:10.586+0000] {dag.py:3441} INFO - Setting next_dagrun for example_short_circuit_decorator to 2023-06-13T07:41:10.585858+00:00, run_after=2023-06-14T07:41:10.585858+00:00
[2023-06-14T07:41:10.599+0000] {processor.py:175} INFO - Processing /home/airflow/.local/lib/python3.7/site-packages/airflow/example_dags/example_short_circuit_decorator.py took 0.082 seconds
[2023-06-14T09:04:34.926+0000] {processor.py:153} INFO - Started process (PID=64455) to work on /home/airflow/.local/lib/python3.7/site-packages/airflow/example_dags/example_short_circuit_decorator.py
[2023-06-14T09:04:34.928+0000] {processor.py:743} INFO - Processing file /home/airflow/.local/lib/python3.7/site-packages/airflow/example_dags/example_short_circuit_decorator.py for tasks to queue
[2023-06-14T09:04:34.929+0000] {logging_mixin.py:137} INFO - [2023-06-14T09:04:34.929+0000] {dagbag.py:538} INFO - Filling up the DagBag from /home/airflow/.local/lib/python3.7/site-packages/airflow/example_dags/example_short_circuit_decorator.py
[2023-06-14T09:04:34.949+0000] {processor.py:753} INFO - DAG(s) dict_keys(['example_short_circuit_decorator']) retrieved from /home/airflow/.local/lib/python3.7/site-packages/airflow/example_dags/example_short_circuit_decorator.py
[2023-06-14T09:04:34.971+0000] {logging_mixin.py:137} INFO - [2023-06-14T09:04:34.971+0000] {dag.py:2690} INFO - Sync 1 DAGs
[2023-06-14T09:04:34.988+0000] {logging_mixin.py:137} INFO - [2023-06-14T09:04:34.988+0000] {dag.py:3441} INFO - Setting next_dagrun for example_short_circuit_decorator to 2023-06-13T09:04:34.988269+00:00, run_after=2023-06-14T09:04:34.988269+00:00
[2023-06-14T09:04:35.005+0000] {processor.py:175} INFO - Processing /home/airflow/.local/lib/python3.7/site-packages/airflow/example_dags/example_short_circuit_decorator.py took 0.082 seconds
[2023-06-14T09:27:14.876+0000] {processor.py:153} INFO - Started process (PID=64540) to work on /home/airflow/.local/lib/python3.7/site-packages/airflow/example_dags/example_short_circuit_decorator.py
[2023-06-14T09:27:14.878+0000] {processor.py:743} INFO - Processing file /home/airflow/.local/lib/python3.7/site-packages/airflow/example_dags/example_short_circuit_decorator.py for tasks to queue
[2023-06-14T09:27:14.880+0000] {logging_mixin.py:137} INFO - [2023-06-14T09:27:14.880+0000] {dagbag.py:538} INFO - Filling up the DagBag from /home/airflow/.local/lib/python3.7/site-packages/airflow/example_dags/example_short_circuit_decorator.py
[2023-06-14T09:27:14.905+0000] {processor.py:753} INFO - DAG(s) dict_keys(['example_short_circuit_decorator']) retrieved from /home/airflow/.local/lib/python3.7/site-packages/airflow/example_dags/example_short_circuit_decorator.py
[2023-06-14T09:27:14.926+0000] {logging_mixin.py:137} INFO - [2023-06-14T09:27:14.926+0000] {dag.py:2690} INFO - Sync 1 DAGs
[2023-06-14T09:27:14.944+0000] {logging_mixin.py:137} INFO - [2023-06-14T09:27:14.943+0000] {dag.py:3441} INFO - Setting next_dagrun for example_short_circuit_decorator to 2023-06-13T09:27:14.943730+00:00, run_after=2023-06-14T09:27:14.943730+00:00
[2023-06-14T09:27:14.957+0000] {processor.py:175} INFO - Processing /home/airflow/.local/lib/python3.7/site-packages/airflow/example_dags/example_short_circuit_decorator.py took 0.084 seconds
[2023-06-14T10:47:55.494+0000] {processor.py:153} INFO - Started process (PID=64611) to work on /home/airflow/.local/lib/python3.7/site-packages/airflow/example_dags/example_short_circuit_decorator.py
[2023-06-14T10:47:55.496+0000] {processor.py:743} INFO - Processing file /home/airflow/.local/lib/python3.7/site-packages/airflow/example_dags/example_short_circuit_decorator.py for tasks to queue
[2023-06-14T10:47:55.498+0000] {logging_mixin.py:137} INFO - [2023-06-14T10:47:55.498+0000] {dagbag.py:538} INFO - Filling up the DagBag from /home/airflow/.local/lib/python3.7/site-packages/airflow/example_dags/example_short_circuit_decorator.py
[2023-06-14T10:47:55.521+0000] {processor.py:753} INFO - DAG(s) dict_keys(['example_short_circuit_decorator']) retrieved from /home/airflow/.local/lib/python3.7/site-packages/airflow/example_dags/example_short_circuit_decorator.py
[2023-06-14T10:47:55.550+0000] {logging_mixin.py:137} INFO - [2023-06-14T10:47:55.550+0000] {dag.py:2690} INFO - Sync 1 DAGs
[2023-06-14T10:47:55.572+0000] {logging_mixin.py:137} INFO - [2023-06-14T10:47:55.572+0000] {dag.py:3441} INFO - Setting next_dagrun for example_short_circuit_decorator to 2023-06-13T10:47:55.572710+00:00, run_after=2023-06-14T10:47:55.572710+00:00
[2023-06-14T10:47:55.588+0000] {processor.py:175} INFO - Processing /home/airflow/.local/lib/python3.7/site-packages/airflow/example_dags/example_short_circuit_decorator.py took 0.096 seconds
[2023-06-14T12:11:11.484+0000] {processor.py:153} INFO - Started process (PID=64695) to work on /home/airflow/.local/lib/python3.7/site-packages/airflow/example_dags/example_short_circuit_decorator.py
[2023-06-14T12:11:11.485+0000] {processor.py:743} INFO - Processing file /home/airflow/.local/lib/python3.7/site-packages/airflow/example_dags/example_short_circuit_decorator.py for tasks to queue
[2023-06-14T12:11:11.486+0000] {logging_mixin.py:137} INFO - [2023-06-14T12:11:11.486+0000] {dagbag.py:538} INFO - Filling up the DagBag from /home/airflow/.local/lib/python3.7/site-packages/airflow/example_dags/example_short_circuit_decorator.py
[2023-06-14T12:11:11.503+0000] {processor.py:753} INFO - DAG(s) dict_keys(['example_short_circuit_decorator']) retrieved from /home/airflow/.local/lib/python3.7/site-packages/airflow/example_dags/example_short_circuit_decorator.py
[2023-06-14T12:11:11.524+0000] {logging_mixin.py:137} INFO - [2023-06-14T12:11:11.524+0000] {dag.py:2690} INFO - Sync 1 DAGs
[2023-06-14T12:11:11.541+0000] {logging_mixin.py:137} INFO - [2023-06-14T12:11:11.541+0000] {dag.py:3441} INFO - Setting next_dagrun for example_short_circuit_decorator to 2023-06-13T12:11:11.541372+00:00, run_after=2023-06-14T12:11:11.541372+00:00
[2023-06-14T12:11:11.556+0000] {processor.py:175} INFO - Processing /home/airflow/.local/lib/python3.7/site-packages/airflow/example_dags/example_short_circuit_decorator.py took 0.075 seconds
[2023-06-14T13:53:16.623+0000] {processor.py:153} INFO - Started process (PID=64767) to work on /home/airflow/.local/lib/python3.7/site-packages/airflow/example_dags/example_short_circuit_decorator.py
[2023-06-14T13:53:16.625+0000] {processor.py:743} INFO - Processing file /home/airflow/.local/lib/python3.7/site-packages/airflow/example_dags/example_short_circuit_decorator.py for tasks to queue
[2023-06-14T13:53:16.626+0000] {logging_mixin.py:137} INFO - [2023-06-14T13:53:16.626+0000] {dagbag.py:538} INFO - Filling up the DagBag from /home/airflow/.local/lib/python3.7/site-packages/airflow/example_dags/example_short_circuit_decorator.py
[2023-06-14T13:53:16.647+0000] {processor.py:753} INFO - DAG(s) dict_keys(['example_short_circuit_decorator']) retrieved from /home/airflow/.local/lib/python3.7/site-packages/airflow/example_dags/example_short_circuit_decorator.py
[2023-06-14T13:53:16.671+0000] {logging_mixin.py:137} INFO - [2023-06-14T13:53:16.671+0000] {dag.py:2690} INFO - Sync 1 DAGs
[2023-06-14T13:53:16.691+0000] {logging_mixin.py:137} INFO - [2023-06-14T13:53:16.691+0000] {dag.py:3441} INFO - Setting next_dagrun for example_short_circuit_decorator to 2023-06-13T13:53:16.690874+00:00, run_after=2023-06-14T13:53:16.690874+00:00
[2023-06-14T13:53:16.704+0000] {processor.py:175} INFO - Processing /home/airflow/.local/lib/python3.7/site-packages/airflow/example_dags/example_short_circuit_decorator.py took 0.084 seconds
[2023-06-14T15:19:34.886+0000] {processor.py:153} INFO - Started process (PID=64851) to work on /home/airflow/.local/lib/python3.7/site-packages/airflow/example_dags/example_short_circuit_decorator.py
[2023-06-14T15:19:34.888+0000] {processor.py:743} INFO - Processing file /home/airflow/.local/lib/python3.7/site-packages/airflow/example_dags/example_short_circuit_decorator.py for tasks to queue
[2023-06-14T15:19:34.889+0000] {logging_mixin.py:137} INFO - [2023-06-14T15:19:34.889+0000] {dagbag.py:538} INFO - Filling up the DagBag from /home/airflow/.local/lib/python3.7/site-packages/airflow/example_dags/example_short_circuit_decorator.py
[2023-06-14T15:19:34.916+0000] {processor.py:753} INFO - DAG(s) dict_keys(['example_short_circuit_decorator']) retrieved from /home/airflow/.local/lib/python3.7/site-packages/airflow/example_dags/example_short_circuit_decorator.py
[2023-06-14T15:19:34.937+0000] {logging_mixin.py:137} INFO - [2023-06-14T15:19:34.937+0000] {dag.py:2690} INFO - Sync 1 DAGs
[2023-06-14T15:19:34.954+0000] {logging_mixin.py:137} INFO - [2023-06-14T15:19:34.954+0000] {dag.py:3441} INFO - Setting next_dagrun for example_short_circuit_decorator to 2023-06-13T15:19:34.953913+00:00, run_after=2023-06-14T15:19:34.953913+00:00
[2023-06-14T15:19:34.965+0000] {processor.py:175} INFO - Processing /home/airflow/.local/lib/python3.7/site-packages/airflow/example_dags/example_short_circuit_decorator.py took 0.082 seconds
[2023-06-14T16:42:42.979+0000] {processor.py:153} INFO - Started process (PID=64934) to work on /home/airflow/.local/lib/python3.7/site-packages/airflow/example_dags/example_short_circuit_decorator.py
[2023-06-14T16:42:42.981+0000] {processor.py:743} INFO - Processing file /home/airflow/.local/lib/python3.7/site-packages/airflow/example_dags/example_short_circuit_decorator.py for tasks to queue
[2023-06-14T16:42:42.982+0000] {logging_mixin.py:137} INFO - [2023-06-14T16:42:42.982+0000] {dagbag.py:538} INFO - Filling up the DagBag from /home/airflow/.local/lib/python3.7/site-packages/airflow/example_dags/example_short_circuit_decorator.py
[2023-06-14T16:42:43.002+0000] {processor.py:753} INFO - DAG(s) dict_keys(['example_short_circuit_decorator']) retrieved from /home/airflow/.local/lib/python3.7/site-packages/airflow/example_dags/example_short_circuit_decorator.py
[2023-06-14T16:42:43.023+0000] {logging_mixin.py:137} INFO - [2023-06-14T16:42:43.023+0000] {dag.py:2690} INFO - Sync 1 DAGs
[2023-06-14T16:42:43.040+0000] {logging_mixin.py:137} INFO - [2023-06-14T16:42:43.040+0000] {dag.py:3441} INFO - Setting next_dagrun for example_short_circuit_decorator to 2023-06-13T16:42:43.040658+00:00, run_after=2023-06-14T16:42:43.040658+00:00
[2023-06-14T16:42:43.054+0000] {processor.py:175} INFO - Processing /home/airflow/.local/lib/python3.7/site-packages/airflow/example_dags/example_short_circuit_decorator.py took 0.078 seconds
[2023-06-14T18:06:26.940+0000] {processor.py:153} INFO - Started process (PID=65005) to work on /home/airflow/.local/lib/python3.7/site-packages/airflow/example_dags/example_short_circuit_decorator.py
[2023-06-14T18:06:26.942+0000] {processor.py:743} INFO - Processing file /home/airflow/.local/lib/python3.7/site-packages/airflow/example_dags/example_short_circuit_decorator.py for tasks to queue
[2023-06-14T18:06:26.943+0000] {logging_mixin.py:137} INFO - [2023-06-14T18:06:26.943+0000] {dagbag.py:538} INFO - Filling up the DagBag from /home/airflow/.local/lib/python3.7/site-packages/airflow/example_dags/example_short_circuit_decorator.py
[2023-06-14T18:06:26.963+0000] {processor.py:753} INFO - DAG(s) dict_keys(['example_short_circuit_decorator']) retrieved from /home/airflow/.local/lib/python3.7/site-packages/airflow/example_dags/example_short_circuit_decorator.py
[2023-06-14T18:06:26.986+0000] {logging_mixin.py:137} INFO - [2023-06-14T18:06:26.986+0000] {dag.py:2690} INFO - Sync 1 DAGs
[2023-06-14T18:06:27.004+0000] {logging_mixin.py:137} INFO - [2023-06-14T18:06:27.004+0000] {dag.py:3441} INFO - Setting next_dagrun for example_short_circuit_decorator to 2023-06-13T18:06:27.004109+00:00, run_after=2023-06-14T18:06:27.004109+00:00
[2023-06-14T18:06:27.017+0000] {processor.py:175} INFO - Processing /home/airflow/.local/lib/python3.7/site-packages/airflow/example_dags/example_short_circuit_decorator.py took 0.080 seconds
[2023-06-14T19:26:28.182+0000] {processor.py:153} INFO - Started process (PID=65088) to work on /home/airflow/.local/lib/python3.7/site-packages/airflow/example_dags/example_short_circuit_decorator.py
[2023-06-14T19:26:28.184+0000] {processor.py:743} INFO - Processing file /home/airflow/.local/lib/python3.7/site-packages/airflow/example_dags/example_short_circuit_decorator.py for tasks to queue
[2023-06-14T19:26:28.186+0000] {logging_mixin.py:137} INFO - [2023-06-14T19:26:28.186+0000] {dagbag.py:538} INFO - Filling up the DagBag from /home/airflow/.local/lib/python3.7/site-packages/airflow/example_dags/example_short_circuit_decorator.py
[2023-06-14T19:26:28.205+0000] {processor.py:753} INFO - DAG(s) dict_keys(['example_short_circuit_decorator']) retrieved from /home/airflow/.local/lib/python3.7/site-packages/airflow/example_dags/example_short_circuit_decorator.py
[2023-06-14T19:26:28.227+0000] {logging_mixin.py:137} INFO - [2023-06-14T19:26:28.227+0000] {dag.py:2690} INFO - Sync 1 DAGs
[2023-06-14T19:26:28.244+0000] {logging_mixin.py:137} INFO - [2023-06-14T19:26:28.244+0000] {dag.py:3441} INFO - Setting next_dagrun for example_short_circuit_decorator to 2023-06-13T19:26:28.244266+00:00, run_after=2023-06-14T19:26:28.244266+00:00
[2023-06-14T19:26:28.257+0000] {processor.py:175} INFO - Processing /home/airflow/.local/lib/python3.7/site-packages/airflow/example_dags/example_short_circuit_decorator.py took 0.077 seconds
[2023-06-14T20:49:29.888+0000] {processor.py:153} INFO - Started process (PID=65168) to work on /home/airflow/.local/lib/python3.7/site-packages/airflow/example_dags/example_short_circuit_decorator.py
[2023-06-14T20:49:29.895+0000] {processor.py:743} INFO - Processing file /home/airflow/.local/lib/python3.7/site-packages/airflow/example_dags/example_short_circuit_decorator.py for tasks to queue
[2023-06-14T20:49:29.896+0000] {logging_mixin.py:137} INFO - [2023-06-14T20:49:29.896+0000] {dagbag.py:538} INFO - Filling up the DagBag from /home/airflow/.local/lib/python3.7/site-packages/airflow/example_dags/example_short_circuit_decorator.py
[2023-06-14T20:49:29.932+0000] {processor.py:753} INFO - DAG(s) dict_keys(['example_short_circuit_decorator']) retrieved from /home/airflow/.local/lib/python3.7/site-packages/airflow/example_dags/example_short_circuit_decorator.py
[2023-06-14T20:49:29.961+0000] {logging_mixin.py:137} INFO - [2023-06-14T20:49:29.961+0000] {dag.py:2690} INFO - Sync 1 DAGs
[2023-06-14T20:49:29.985+0000] {logging_mixin.py:137} INFO - [2023-06-14T20:49:29.985+0000] {dag.py:3441} INFO - Setting next_dagrun for example_short_circuit_decorator to 2023-06-13T20:49:29.985034+00:00, run_after=2023-06-14T20:49:29.985034+00:00
[2023-06-14T20:49:30.014+0000] {processor.py:175} INFO - Processing /home/airflow/.local/lib/python3.7/site-packages/airflow/example_dags/example_short_circuit_decorator.py took 0.129 seconds
[2023-06-14T22:12:21.059+0000] {processor.py:153} INFO - Started process (PID=65242) to work on /home/airflow/.local/lib/python3.7/site-packages/airflow/example_dags/example_short_circuit_decorator.py
[2023-06-14T22:12:21.061+0000] {processor.py:743} INFO - Processing file /home/airflow/.local/lib/python3.7/site-packages/airflow/example_dags/example_short_circuit_decorator.py for tasks to queue
[2023-06-14T22:12:21.063+0000] {logging_mixin.py:137} INFO - [2023-06-14T22:12:21.063+0000] {dagbag.py:538} INFO - Filling up the DagBag from /home/airflow/.local/lib/python3.7/site-packages/airflow/example_dags/example_short_circuit_decorator.py
[2023-06-14T22:12:21.087+0000] {processor.py:753} INFO - DAG(s) dict_keys(['example_short_circuit_decorator']) retrieved from /home/airflow/.local/lib/python3.7/site-packages/airflow/example_dags/example_short_circuit_decorator.py
[2023-06-14T22:12:21.109+0000] {logging_mixin.py:137} INFO - [2023-06-14T22:12:21.109+0000] {dag.py:2690} INFO - Sync 1 DAGs
[2023-06-14T22:12:21.126+0000] {logging_mixin.py:137} INFO - [2023-06-14T22:12:21.126+0000] {dag.py:3441} INFO - Setting next_dagrun for example_short_circuit_decorator to 2023-06-13T22:12:21.126036+00:00, run_after=2023-06-14T22:12:21.126036+00:00
[2023-06-14T22:12:21.139+0000] {processor.py:175} INFO - Processing /home/airflow/.local/lib/python3.7/site-packages/airflow/example_dags/example_short_circuit_decorator.py took 0.083 seconds
[2023-06-14T23:34:43.563+0000] {processor.py:153} INFO - Started process (PID=65324) to work on /home/airflow/.local/lib/python3.7/site-packages/airflow/example_dags/example_short_circuit_decorator.py
[2023-06-14T23:34:43.566+0000] {processor.py:743} INFO - Processing file /home/airflow/.local/lib/python3.7/site-packages/airflow/example_dags/example_short_circuit_decorator.py for tasks to queue
[2023-06-14T23:34:43.567+0000] {logging_mixin.py:137} INFO - [2023-06-14T23:34:43.567+0000] {dagbag.py:538} INFO - Filling up the DagBag from /home/airflow/.local/lib/python3.7/site-packages/airflow/example_dags/example_short_circuit_decorator.py
[2023-06-14T23:34:43.586+0000] {processor.py:753} INFO - DAG(s) dict_keys(['example_short_circuit_decorator']) retrieved from /home/airflow/.local/lib/python3.7/site-packages/airflow/example_dags/example_short_circuit_decorator.py
[2023-06-14T23:34:43.608+0000] {logging_mixin.py:137} INFO - [2023-06-14T23:34:43.608+0000] {dag.py:2690} INFO - Sync 1 DAGs
[2023-06-14T23:34:43.625+0000] {logging_mixin.py:137} INFO - [2023-06-14T23:34:43.625+0000] {dag.py:3441} INFO - Setting next_dagrun for example_short_circuit_decorator to 2023-06-13T23:34:43.625449+00:00, run_after=2023-06-14T23:34:43.625449+00:00
[2023-06-14T23:34:43.638+0000] {processor.py:175} INFO - Processing /home/airflow/.local/lib/python3.7/site-packages/airflow/example_dags/example_short_circuit_decorator.py took 0.077 seconds
