[2023-12-12T00:26:23.687+0000] {processor.py:157} INFO - Started process (PID=23144) to work on /home/airflow/.local/lib/python3.11/site-packages/airflow/example_dags/example_time_delta_sensor_async.py
[2023-12-12T00:26:23.701+0000] {processor.py:829} INFO - Processing file /home/airflow/.local/lib/python3.11/site-packages/airflow/example_dags/example_time_delta_sensor_async.py for tasks to queue
[2023-12-12T00:26:23.704+0000] {logging_mixin.py:151} INFO - [2023-12-12T00:26:23.703+0000] {dagbag.py:539} INFO - Filling up the DagBag from /home/airflow/.local/lib/python3.11/site-packages/airflow/example_dags/example_time_delta_sensor_async.py
[2023-12-12T00:26:23.744+0000] {processor.py:839} INFO - DAG(s) dict_keys(['example_time_delta_sensor_async']) retrieved from /home/airflow/.local/lib/python3.11/site-packages/airflow/example_dags/example_time_delta_sensor_async.py
[2023-12-12T00:26:23.797+0000] {logging_mixin.py:151} INFO - [2023-12-12T00:26:23.797+0000] {dag.py:2915} INFO - Sync 1 DAGs
[2023-12-12T00:26:23.821+0000] {logging_mixin.py:151} INFO - [2023-12-12T00:26:23.820+0000] {dag.py:3696} INFO - Setting next_dagrun for example_time_delta_sensor_async to None, run_after=None
[2023-12-12T00:26:23.855+0000] {processor.py:179} INFO - Processing /home/airflow/.local/lib/python3.11/site-packages/airflow/example_dags/example_time_delta_sensor_async.py took 0.173 seconds
[2023-12-12T01:46:59.046+0000] {processor.py:157} INFO - Started process (PID=23207) to work on /home/airflow/.local/lib/python3.11/site-packages/airflow/example_dags/example_time_delta_sensor_async.py
[2023-12-12T01:46:59.049+0000] {processor.py:829} INFO - Processing file /home/airflow/.local/lib/python3.11/site-packages/airflow/example_dags/example_time_delta_sensor_async.py for tasks to queue
[2023-12-12T01:46:59.051+0000] {logging_mixin.py:151} INFO - [2023-12-12T01:46:59.050+0000] {dagbag.py:539} INFO - Filling up the DagBag from /home/airflow/.local/lib/python3.11/site-packages/airflow/example_dags/example_time_delta_sensor_async.py
[2023-12-12T01:46:59.058+0000] {processor.py:839} INFO - DAG(s) dict_keys(['example_time_delta_sensor_async']) retrieved from /home/airflow/.local/lib/python3.11/site-packages/airflow/example_dags/example_time_delta_sensor_async.py
[2023-12-12T01:46:59.085+0000] {logging_mixin.py:151} INFO - [2023-12-12T01:46:59.084+0000] {dag.py:2915} INFO - Sync 1 DAGs
[2023-12-12T01:46:59.096+0000] {logging_mixin.py:151} INFO - [2023-12-12T01:46:59.096+0000] {dag.py:3696} INFO - Setting next_dagrun for example_time_delta_sensor_async to None, run_after=None
[2023-12-12T01:46:59.108+0000] {processor.py:179} INFO - Processing /home/airflow/.local/lib/python3.11/site-packages/airflow/example_dags/example_time_delta_sensor_async.py took 0.066 seconds
[2023-12-12T03:10:43.305+0000] {processor.py:157} INFO - Started process (PID=23279) to work on /home/airflow/.local/lib/python3.11/site-packages/airflow/example_dags/example_time_delta_sensor_async.py
[2023-12-12T03:10:43.307+0000] {processor.py:829} INFO - Processing file /home/airflow/.local/lib/python3.11/site-packages/airflow/example_dags/example_time_delta_sensor_async.py for tasks to queue
[2023-12-12T03:10:43.308+0000] {logging_mixin.py:151} INFO - [2023-12-12T03:10:43.307+0000] {dagbag.py:539} INFO - Filling up the DagBag from /home/airflow/.local/lib/python3.11/site-packages/airflow/example_dags/example_time_delta_sensor_async.py
[2023-12-12T03:10:43.312+0000] {processor.py:839} INFO - DAG(s) dict_keys(['example_time_delta_sensor_async']) retrieved from /home/airflow/.local/lib/python3.11/site-packages/airflow/example_dags/example_time_delta_sensor_async.py
[2023-12-12T03:10:43.335+0000] {logging_mixin.py:151} INFO - [2023-12-12T03:10:43.334+0000] {dag.py:2915} INFO - Sync 1 DAGs
[2023-12-12T03:10:43.346+0000] {logging_mixin.py:151} INFO - [2023-12-12T03:10:43.346+0000] {dag.py:3696} INFO - Setting next_dagrun for example_time_delta_sensor_async to None, run_after=None
[2023-12-12T03:10:43.365+0000] {processor.py:179} INFO - Processing /home/airflow/.local/lib/python3.11/site-packages/airflow/example_dags/example_time_delta_sensor_async.py took 0.063 seconds
[2023-12-12T04:32:18.053+0000] {processor.py:157} INFO - Started process (PID=23345) to work on /home/airflow/.local/lib/python3.11/site-packages/airflow/example_dags/example_time_delta_sensor_async.py
[2023-12-12T04:32:18.055+0000] {processor.py:829} INFO - Processing file /home/airflow/.local/lib/python3.11/site-packages/airflow/example_dags/example_time_delta_sensor_async.py for tasks to queue
[2023-12-12T04:32:18.056+0000] {logging_mixin.py:151} INFO - [2023-12-12T04:32:18.056+0000] {dagbag.py:539} INFO - Filling up the DagBag from /home/airflow/.local/lib/python3.11/site-packages/airflow/example_dags/example_time_delta_sensor_async.py
[2023-12-12T04:32:18.062+0000] {processor.py:839} INFO - DAG(s) dict_keys(['example_time_delta_sensor_async']) retrieved from /home/airflow/.local/lib/python3.11/site-packages/airflow/example_dags/example_time_delta_sensor_async.py
[2023-12-12T04:32:18.085+0000] {logging_mixin.py:151} INFO - [2023-12-12T04:32:18.084+0000] {dag.py:2915} INFO - Sync 1 DAGs
[2023-12-12T04:32:18.098+0000] {logging_mixin.py:151} INFO - [2023-12-12T04:32:18.098+0000] {dag.py:3696} INFO - Setting next_dagrun for example_time_delta_sensor_async to None, run_after=None
[2023-12-12T04:32:18.121+0000] {processor.py:179} INFO - Processing /home/airflow/.local/lib/python3.11/site-packages/airflow/example_dags/example_time_delta_sensor_async.py took 0.071 seconds
[2023-12-12T05:56:02.958+0000] {processor.py:157} INFO - Started process (PID=23418) to work on /home/airflow/.local/lib/python3.11/site-packages/airflow/example_dags/example_time_delta_sensor_async.py
[2023-12-12T05:56:02.959+0000] {processor.py:829} INFO - Processing file /home/airflow/.local/lib/python3.11/site-packages/airflow/example_dags/example_time_delta_sensor_async.py for tasks to queue
[2023-12-12T05:56:02.961+0000] {logging_mixin.py:151} INFO - [2023-12-12T05:56:02.960+0000] {dagbag.py:539} INFO - Filling up the DagBag from /home/airflow/.local/lib/python3.11/site-packages/airflow/example_dags/example_time_delta_sensor_async.py
[2023-12-12T05:56:02.966+0000] {processor.py:839} INFO - DAG(s) dict_keys(['example_time_delta_sensor_async']) retrieved from /home/airflow/.local/lib/python3.11/site-packages/airflow/example_dags/example_time_delta_sensor_async.py
[2023-12-12T05:56:02.990+0000] {logging_mixin.py:151} INFO - [2023-12-12T05:56:02.990+0000] {dag.py:2915} INFO - Sync 1 DAGs
[2023-12-12T05:56:03.006+0000] {logging_mixin.py:151} INFO - [2023-12-12T05:56:03.006+0000] {dag.py:3696} INFO - Setting next_dagrun for example_time_delta_sensor_async to None, run_after=None
[2023-12-12T05:56:03.018+0000] {processor.py:179} INFO - Processing /home/airflow/.local/lib/python3.11/site-packages/airflow/example_dags/example_time_delta_sensor_async.py took 0.063 seconds
[2023-12-12T06:53:39.040+0000] {processor.py:157} INFO - Started process (PID=23491) to work on /home/airflow/.local/lib/python3.11/site-packages/airflow/example_dags/example_time_delta_sensor_async.py
[2023-12-12T06:53:39.042+0000] {processor.py:829} INFO - Processing file /home/airflow/.local/lib/python3.11/site-packages/airflow/example_dags/example_time_delta_sensor_async.py for tasks to queue
[2023-12-12T06:53:39.045+0000] {logging_mixin.py:151} INFO - [2023-12-12T06:53:39.045+0000] {dagbag.py:539} INFO - Filling up the DagBag from /home/airflow/.local/lib/python3.11/site-packages/airflow/example_dags/example_time_delta_sensor_async.py
[2023-12-12T06:53:39.051+0000] {processor.py:839} INFO - DAG(s) dict_keys(['example_time_delta_sensor_async']) retrieved from /home/airflow/.local/lib/python3.11/site-packages/airflow/example_dags/example_time_delta_sensor_async.py
[2023-12-12T06:53:39.080+0000] {logging_mixin.py:151} INFO - [2023-12-12T06:53:39.080+0000] {dag.py:2915} INFO - Sync 1 DAGs
[2023-12-12T06:53:39.092+0000] {logging_mixin.py:151} INFO - [2023-12-12T06:53:39.092+0000] {dag.py:3696} INFO - Setting next_dagrun for example_time_delta_sensor_async to None, run_after=None
[2023-12-12T06:53:39.121+0000] {processor.py:179} INFO - Processing /home/airflow/.local/lib/python3.11/site-packages/airflow/example_dags/example_time_delta_sensor_async.py took 0.086 seconds
[2023-12-12T08:21:05.919+0000] {processor.py:157} INFO - Started process (PID=23557) to work on /home/airflow/.local/lib/python3.11/site-packages/airflow/example_dags/example_time_delta_sensor_async.py
[2023-12-12T08:21:05.921+0000] {processor.py:829} INFO - Processing file /home/airflow/.local/lib/python3.11/site-packages/airflow/example_dags/example_time_delta_sensor_async.py for tasks to queue
[2023-12-12T08:21:05.922+0000] {logging_mixin.py:151} INFO - [2023-12-12T08:21:05.922+0000] {dagbag.py:539} INFO - Filling up the DagBag from /home/airflow/.local/lib/python3.11/site-packages/airflow/example_dags/example_time_delta_sensor_async.py
[2023-12-12T08:21:05.928+0000] {processor.py:839} INFO - DAG(s) dict_keys(['example_time_delta_sensor_async']) retrieved from /home/airflow/.local/lib/python3.11/site-packages/airflow/example_dags/example_time_delta_sensor_async.py
[2023-12-12T08:21:05.949+0000] {logging_mixin.py:151} INFO - [2023-12-12T08:21:05.948+0000] {dag.py:2915} INFO - Sync 1 DAGs
[2023-12-12T08:21:05.957+0000] {logging_mixin.py:151} INFO - [2023-12-12T08:21:05.957+0000] {dag.py:3696} INFO - Setting next_dagrun for example_time_delta_sensor_async to None, run_after=None
[2023-12-12T08:21:05.973+0000] {processor.py:179} INFO - Processing /home/airflow/.local/lib/python3.11/site-packages/airflow/example_dags/example_time_delta_sensor_async.py took 0.058 seconds
[2023-12-12T09:44:47.487+0000] {processor.py:157} INFO - Started process (PID=23630) to work on /home/airflow/.local/lib/python3.11/site-packages/airflow/example_dags/example_time_delta_sensor_async.py
[2023-12-12T09:44:47.489+0000] {processor.py:829} INFO - Processing file /home/airflow/.local/lib/python3.11/site-packages/airflow/example_dags/example_time_delta_sensor_async.py for tasks to queue
[2023-12-12T09:44:47.490+0000] {logging_mixin.py:151} INFO - [2023-12-12T09:44:47.490+0000] {dagbag.py:539} INFO - Filling up the DagBag from /home/airflow/.local/lib/python3.11/site-packages/airflow/example_dags/example_time_delta_sensor_async.py
[2023-12-12T09:44:47.495+0000] {processor.py:839} INFO - DAG(s) dict_keys(['example_time_delta_sensor_async']) retrieved from /home/airflow/.local/lib/python3.11/site-packages/airflow/example_dags/example_time_delta_sensor_async.py
[2023-12-12T09:44:47.518+0000] {logging_mixin.py:151} INFO - [2023-12-12T09:44:47.517+0000] {dag.py:2915} INFO - Sync 1 DAGs
[2023-12-12T09:44:47.535+0000] {logging_mixin.py:151} INFO - [2023-12-12T09:44:47.535+0000] {dag.py:3696} INFO - Setting next_dagrun for example_time_delta_sensor_async to None, run_after=None
[2023-12-12T09:44:47.560+0000] {processor.py:179} INFO - Processing /home/airflow/.local/lib/python3.11/site-packages/airflow/example_dags/example_time_delta_sensor_async.py took 0.078 seconds
[2023-12-12T11:05:33.260+0000] {processor.py:157} INFO - Started process (PID=23696) to work on /home/airflow/.local/lib/python3.11/site-packages/airflow/example_dags/example_time_delta_sensor_async.py
[2023-12-12T11:05:33.261+0000] {processor.py:829} INFO - Processing file /home/airflow/.local/lib/python3.11/site-packages/airflow/example_dags/example_time_delta_sensor_async.py for tasks to queue
[2023-12-12T11:05:33.262+0000] {logging_mixin.py:151} INFO - [2023-12-12T11:05:33.262+0000] {dagbag.py:539} INFO - Filling up the DagBag from /home/airflow/.local/lib/python3.11/site-packages/airflow/example_dags/example_time_delta_sensor_async.py
[2023-12-12T11:05:33.267+0000] {processor.py:839} INFO - DAG(s) dict_keys(['example_time_delta_sensor_async']) retrieved from /home/airflow/.local/lib/python3.11/site-packages/airflow/example_dags/example_time_delta_sensor_async.py
[2023-12-12T11:05:33.286+0000] {logging_mixin.py:151} INFO - [2023-12-12T11:05:33.286+0000] {dag.py:2915} INFO - Sync 1 DAGs
[2023-12-12T11:05:33.295+0000] {logging_mixin.py:151} INFO - [2023-12-12T11:05:33.295+0000] {dag.py:3696} INFO - Setting next_dagrun for example_time_delta_sensor_async to None, run_after=None
[2023-12-12T11:05:33.306+0000] {processor.py:179} INFO - Processing /home/airflow/.local/lib/python3.11/site-packages/airflow/example_dags/example_time_delta_sensor_async.py took 0.049 seconds
[2023-12-12T12:33:24.022+0000] {processor.py:157} INFO - Started process (PID=23769) to work on /home/airflow/.local/lib/python3.11/site-packages/airflow/example_dags/example_time_delta_sensor_async.py
[2023-12-12T12:33:24.024+0000] {processor.py:829} INFO - Processing file /home/airflow/.local/lib/python3.11/site-packages/airflow/example_dags/example_time_delta_sensor_async.py for tasks to queue
[2023-12-12T12:33:24.025+0000] {logging_mixin.py:151} INFO - [2023-12-12T12:33:24.025+0000] {dagbag.py:539} INFO - Filling up the DagBag from /home/airflow/.local/lib/python3.11/site-packages/airflow/example_dags/example_time_delta_sensor_async.py
[2023-12-12T12:33:24.029+0000] {processor.py:839} INFO - DAG(s) dict_keys(['example_time_delta_sensor_async']) retrieved from /home/airflow/.local/lib/python3.11/site-packages/airflow/example_dags/example_time_delta_sensor_async.py
[2023-12-12T12:33:24.049+0000] {logging_mixin.py:151} INFO - [2023-12-12T12:33:24.049+0000] {dag.py:2915} INFO - Sync 1 DAGs
[2023-12-12T12:33:24.058+0000] {logging_mixin.py:151} INFO - [2023-12-12T12:33:24.058+0000] {dag.py:3696} INFO - Setting next_dagrun for example_time_delta_sensor_async to None, run_after=None
[2023-12-12T12:33:24.070+0000] {processor.py:179} INFO - Processing /home/airflow/.local/lib/python3.11/site-packages/airflow/example_dags/example_time_delta_sensor_async.py took 0.051 seconds
[2023-12-12T13:05:09.068+0000] {processor.py:157} INFO - Started process (PID=23836) to work on /home/airflow/.local/lib/python3.11/site-packages/airflow/example_dags/example_time_delta_sensor_async.py
[2023-12-12T13:05:09.070+0000] {processor.py:829} INFO - Processing file /home/airflow/.local/lib/python3.11/site-packages/airflow/example_dags/example_time_delta_sensor_async.py for tasks to queue
[2023-12-12T13:05:09.071+0000] {logging_mixin.py:151} INFO - [2023-12-12T13:05:09.071+0000] {dagbag.py:539} INFO - Filling up the DagBag from /home/airflow/.local/lib/python3.11/site-packages/airflow/example_dags/example_time_delta_sensor_async.py
[2023-12-12T13:05:09.076+0000] {processor.py:839} INFO - DAG(s) dict_keys(['example_time_delta_sensor_async']) retrieved from /home/airflow/.local/lib/python3.11/site-packages/airflow/example_dags/example_time_delta_sensor_async.py
[2023-12-12T13:05:09.096+0000] {logging_mixin.py:151} INFO - [2023-12-12T13:05:09.096+0000] {dag.py:2915} INFO - Sync 1 DAGs
[2023-12-12T13:05:09.105+0000] {logging_mixin.py:151} INFO - [2023-12-12T13:05:09.105+0000] {dag.py:3696} INFO - Setting next_dagrun for example_time_delta_sensor_async to None, run_after=None
[2023-12-12T13:05:09.117+0000] {processor.py:179} INFO - Processing /home/airflow/.local/lib/python3.11/site-packages/airflow/example_dags/example_time_delta_sensor_async.py took 0.052 seconds
[2023-12-12T13:05:40.431+0000] {processor.py:157} INFO - Started process (PID=23909) to work on /home/airflow/.local/lib/python3.11/site-packages/airflow/example_dags/example_time_delta_sensor_async.py
[2023-12-12T13:05:40.432+0000] {processor.py:829} INFO - Processing file /home/airflow/.local/lib/python3.11/site-packages/airflow/example_dags/example_time_delta_sensor_async.py for tasks to queue
[2023-12-12T13:05:40.434+0000] {logging_mixin.py:151} INFO - [2023-12-12T13:05:40.434+0000] {dagbag.py:539} INFO - Filling up the DagBag from /home/airflow/.local/lib/python3.11/site-packages/airflow/example_dags/example_time_delta_sensor_async.py
[2023-12-12T13:05:40.439+0000] {processor.py:839} INFO - DAG(s) dict_keys(['example_time_delta_sensor_async']) retrieved from /home/airflow/.local/lib/python3.11/site-packages/airflow/example_dags/example_time_delta_sensor_async.py
[2023-12-12T13:05:40.472+0000] {logging_mixin.py:151} INFO - [2023-12-12T13:05:40.472+0000] {dag.py:2915} INFO - Sync 1 DAGs
[2023-12-12T13:05:40.482+0000] {logging_mixin.py:151} INFO - [2023-12-12T13:05:40.482+0000] {dag.py:3696} INFO - Setting next_dagrun for example_time_delta_sensor_async to None, run_after=None
[2023-12-12T13:05:40.510+0000] {processor.py:179} INFO - Processing /home/airflow/.local/lib/python3.11/site-packages/airflow/example_dags/example_time_delta_sensor_async.py took 0.083 seconds
[2023-12-12T13:06:11.327+0000] {processor.py:157} INFO - Started process (PID=23981) to work on /home/airflow/.local/lib/python3.11/site-packages/airflow/example_dags/example_time_delta_sensor_async.py
[2023-12-12T13:06:11.329+0000] {processor.py:829} INFO - Processing file /home/airflow/.local/lib/python3.11/site-packages/airflow/example_dags/example_time_delta_sensor_async.py for tasks to queue
[2023-12-12T13:06:11.331+0000] {logging_mixin.py:151} INFO - [2023-12-12T13:06:11.330+0000] {dagbag.py:539} INFO - Filling up the DagBag from /home/airflow/.local/lib/python3.11/site-packages/airflow/example_dags/example_time_delta_sensor_async.py
[2023-12-12T13:06:11.337+0000] {processor.py:839} INFO - DAG(s) dict_keys(['example_time_delta_sensor_async']) retrieved from /home/airflow/.local/lib/python3.11/site-packages/airflow/example_dags/example_time_delta_sensor_async.py
[2023-12-12T13:06:11.359+0000] {logging_mixin.py:151} INFO - [2023-12-12T13:06:11.359+0000] {dag.py:2915} INFO - Sync 1 DAGs
[2023-12-12T13:06:11.370+0000] {logging_mixin.py:151} INFO - [2023-12-12T13:06:11.370+0000] {dag.py:3696} INFO - Setting next_dagrun for example_time_delta_sensor_async to None, run_after=None
[2023-12-12T13:06:11.384+0000] {processor.py:179} INFO - Processing /home/airflow/.local/lib/python3.11/site-packages/airflow/example_dags/example_time_delta_sensor_async.py took 0.062 seconds
[2023-12-12T13:06:42.378+0000] {processor.py:157} INFO - Started process (PID=24047) to work on /home/airflow/.local/lib/python3.11/site-packages/airflow/example_dags/example_time_delta_sensor_async.py
[2023-12-12T13:06:42.381+0000] {processor.py:829} INFO - Processing file /home/airflow/.local/lib/python3.11/site-packages/airflow/example_dags/example_time_delta_sensor_async.py for tasks to queue
[2023-12-12T13:06:42.382+0000] {logging_mixin.py:151} INFO - [2023-12-12T13:06:42.382+0000] {dagbag.py:539} INFO - Filling up the DagBag from /home/airflow/.local/lib/python3.11/site-packages/airflow/example_dags/example_time_delta_sensor_async.py
[2023-12-12T13:06:42.387+0000] {processor.py:839} INFO - DAG(s) dict_keys(['example_time_delta_sensor_async']) retrieved from /home/airflow/.local/lib/python3.11/site-packages/airflow/example_dags/example_time_delta_sensor_async.py
[2023-12-12T13:06:42.412+0000] {logging_mixin.py:151} INFO - [2023-12-12T13:06:42.412+0000] {dag.py:2915} INFO - Sync 1 DAGs
[2023-12-12T13:06:42.423+0000] {logging_mixin.py:151} INFO - [2023-12-12T13:06:42.423+0000] {dag.py:3696} INFO - Setting next_dagrun for example_time_delta_sensor_async to None, run_after=None
[2023-12-12T13:06:42.436+0000] {processor.py:179} INFO - Processing /home/airflow/.local/lib/python3.11/site-packages/airflow/example_dags/example_time_delta_sensor_async.py took 0.064 seconds
[2023-12-12T13:07:12.926+0000] {processor.py:157} INFO - Started process (PID=24119) to work on /home/airflow/.local/lib/python3.11/site-packages/airflow/example_dags/example_time_delta_sensor_async.py
[2023-12-12T13:07:12.929+0000] {processor.py:829} INFO - Processing file /home/airflow/.local/lib/python3.11/site-packages/airflow/example_dags/example_time_delta_sensor_async.py for tasks to queue
[2023-12-12T13:07:12.931+0000] {logging_mixin.py:151} INFO - [2023-12-12T13:07:12.930+0000] {dagbag.py:539} INFO - Filling up the DagBag from /home/airflow/.local/lib/python3.11/site-packages/airflow/example_dags/example_time_delta_sensor_async.py
[2023-12-12T13:07:12.939+0000] {processor.py:839} INFO - DAG(s) dict_keys(['example_time_delta_sensor_async']) retrieved from /home/airflow/.local/lib/python3.11/site-packages/airflow/example_dags/example_time_delta_sensor_async.py
[2023-12-12T13:07:12.966+0000] {logging_mixin.py:151} INFO - [2023-12-12T13:07:12.966+0000] {dag.py:2915} INFO - Sync 1 DAGs
[2023-12-12T13:07:12.977+0000] {logging_mixin.py:151} INFO - [2023-12-12T13:07:12.977+0000] {dag.py:3696} INFO - Setting next_dagrun for example_time_delta_sensor_async to None, run_after=None
[2023-12-12T13:07:12.997+0000] {processor.py:179} INFO - Processing /home/airflow/.local/lib/python3.11/site-packages/airflow/example_dags/example_time_delta_sensor_async.py took 0.076 seconds
[2023-12-12T13:07:43.725+0000] {processor.py:157} INFO - Started process (PID=24191) to work on /home/airflow/.local/lib/python3.11/site-packages/airflow/example_dags/example_time_delta_sensor_async.py
[2023-12-12T13:07:43.727+0000] {processor.py:829} INFO - Processing file /home/airflow/.local/lib/python3.11/site-packages/airflow/example_dags/example_time_delta_sensor_async.py for tasks to queue
[2023-12-12T13:07:43.728+0000] {logging_mixin.py:151} INFO - [2023-12-12T13:07:43.727+0000] {dagbag.py:539} INFO - Filling up the DagBag from /home/airflow/.local/lib/python3.11/site-packages/airflow/example_dags/example_time_delta_sensor_async.py
[2023-12-12T13:07:43.733+0000] {processor.py:839} INFO - DAG(s) dict_keys(['example_time_delta_sensor_async']) retrieved from /home/airflow/.local/lib/python3.11/site-packages/airflow/example_dags/example_time_delta_sensor_async.py
[2023-12-12T13:07:43.758+0000] {logging_mixin.py:151} INFO - [2023-12-12T13:07:43.758+0000] {dag.py:2915} INFO - Sync 1 DAGs
[2023-12-12T13:07:43.770+0000] {logging_mixin.py:151} INFO - [2023-12-12T13:07:43.770+0000] {dag.py:3696} INFO - Setting next_dagrun for example_time_delta_sensor_async to None, run_after=None
[2023-12-12T13:07:43.784+0000] {processor.py:179} INFO - Processing /home/airflow/.local/lib/python3.11/site-packages/airflow/example_dags/example_time_delta_sensor_async.py took 0.063 seconds
[2023-12-12T13:08:14.279+0000] {processor.py:157} INFO - Started process (PID=24258) to work on /home/airflow/.local/lib/python3.11/site-packages/airflow/example_dags/example_time_delta_sensor_async.py
[2023-12-12T13:08:14.281+0000] {processor.py:829} INFO - Processing file /home/airflow/.local/lib/python3.11/site-packages/airflow/example_dags/example_time_delta_sensor_async.py for tasks to queue
[2023-12-12T13:08:14.282+0000] {logging_mixin.py:151} INFO - [2023-12-12T13:08:14.282+0000] {dagbag.py:539} INFO - Filling up the DagBag from /home/airflow/.local/lib/python3.11/site-packages/airflow/example_dags/example_time_delta_sensor_async.py
[2023-12-12T13:08:14.289+0000] {processor.py:839} INFO - DAG(s) dict_keys(['example_time_delta_sensor_async']) retrieved from /home/airflow/.local/lib/python3.11/site-packages/airflow/example_dags/example_time_delta_sensor_async.py
[2023-12-12T13:08:14.312+0000] {logging_mixin.py:151} INFO - [2023-12-12T13:08:14.311+0000] {dag.py:2915} INFO - Sync 1 DAGs
[2023-12-12T13:08:14.320+0000] {logging_mixin.py:151} INFO - [2023-12-12T13:08:14.320+0000] {dag.py:3696} INFO - Setting next_dagrun for example_time_delta_sensor_async to None, run_after=None
[2023-12-12T13:08:14.340+0000] {processor.py:179} INFO - Processing /home/airflow/.local/lib/python3.11/site-packages/airflow/example_dags/example_time_delta_sensor_async.py took 0.065 seconds
[2023-12-12T13:39:03.862+0000] {processor.py:157} INFO - Started process (PID=24331) to work on /home/airflow/.local/lib/python3.11/site-packages/airflow/example_dags/example_time_delta_sensor_async.py
[2023-12-12T13:39:03.866+0000] {processor.py:829} INFO - Processing file /home/airflow/.local/lib/python3.11/site-packages/airflow/example_dags/example_time_delta_sensor_async.py for tasks to queue
[2023-12-12T13:39:03.869+0000] {logging_mixin.py:151} INFO - [2023-12-12T13:39:03.868+0000] {dagbag.py:539} INFO - Filling up the DagBag from /home/airflow/.local/lib/python3.11/site-packages/airflow/example_dags/example_time_delta_sensor_async.py
[2023-12-12T13:39:03.876+0000] {processor.py:839} INFO - DAG(s) dict_keys(['example_time_delta_sensor_async']) retrieved from /home/airflow/.local/lib/python3.11/site-packages/airflow/example_dags/example_time_delta_sensor_async.py
[2023-12-12T13:39:03.909+0000] {logging_mixin.py:151} INFO - [2023-12-12T13:39:03.908+0000] {dag.py:2915} INFO - Sync 1 DAGs
[2023-12-12T13:39:03.924+0000] {logging_mixin.py:151} INFO - [2023-12-12T13:39:03.924+0000] {dag.py:3696} INFO - Setting next_dagrun for example_time_delta_sensor_async to None, run_after=None
[2023-12-12T13:39:03.942+0000] {processor.py:179} INFO - Processing /home/airflow/.local/lib/python3.11/site-packages/airflow/example_dags/example_time_delta_sensor_async.py took 0.084 seconds
[2023-12-12T13:50:27.422+0000] {processor.py:157} INFO - Started process (PID=24397) to work on /home/airflow/.local/lib/python3.11/site-packages/airflow/example_dags/example_time_delta_sensor_async.py
[2023-12-12T13:50:27.424+0000] {processor.py:829} INFO - Processing file /home/airflow/.local/lib/python3.11/site-packages/airflow/example_dags/example_time_delta_sensor_async.py for tasks to queue
[2023-12-12T13:50:27.425+0000] {logging_mixin.py:151} INFO - [2023-12-12T13:50:27.425+0000] {dagbag.py:539} INFO - Filling up the DagBag from /home/airflow/.local/lib/python3.11/site-packages/airflow/example_dags/example_time_delta_sensor_async.py
[2023-12-12T13:50:27.432+0000] {processor.py:839} INFO - DAG(s) dict_keys(['example_time_delta_sensor_async']) retrieved from /home/airflow/.local/lib/python3.11/site-packages/airflow/example_dags/example_time_delta_sensor_async.py
[2023-12-12T13:50:27.453+0000] {logging_mixin.py:151} INFO - [2023-12-12T13:50:27.453+0000] {dag.py:2915} INFO - Sync 1 DAGs
[2023-12-12T13:50:27.462+0000] {logging_mixin.py:151} INFO - [2023-12-12T13:50:27.462+0000] {dag.py:3696} INFO - Setting next_dagrun for example_time_delta_sensor_async to None, run_after=None
[2023-12-12T13:50:27.474+0000] {processor.py:179} INFO - Processing /home/airflow/.local/lib/python3.11/site-packages/airflow/example_dags/example_time_delta_sensor_async.py took 0.055 seconds
[2023-12-12T13:50:57.934+0000] {processor.py:157} INFO - Started process (PID=24464) to work on /home/airflow/.local/lib/python3.11/site-packages/airflow/example_dags/example_time_delta_sensor_async.py
[2023-12-12T13:50:57.936+0000] {processor.py:829} INFO - Processing file /home/airflow/.local/lib/python3.11/site-packages/airflow/example_dags/example_time_delta_sensor_async.py for tasks to queue
[2023-12-12T13:50:57.937+0000] {logging_mixin.py:151} INFO - [2023-12-12T13:50:57.937+0000] {dagbag.py:539} INFO - Filling up the DagBag from /home/airflow/.local/lib/python3.11/site-packages/airflow/example_dags/example_time_delta_sensor_async.py
[2023-12-12T13:50:57.941+0000] {processor.py:839} INFO - DAG(s) dict_keys(['example_time_delta_sensor_async']) retrieved from /home/airflow/.local/lib/python3.11/site-packages/airflow/example_dags/example_time_delta_sensor_async.py
[2023-12-12T13:50:57.961+0000] {logging_mixin.py:151} INFO - [2023-12-12T13:50:57.961+0000] {dag.py:2915} INFO - Sync 1 DAGs
[2023-12-12T13:50:57.972+0000] {logging_mixin.py:151} INFO - [2023-12-12T13:50:57.972+0000] {dag.py:3696} INFO - Setting next_dagrun for example_time_delta_sensor_async to None, run_after=None
[2023-12-12T13:50:57.985+0000] {processor.py:179} INFO - Processing /home/airflow/.local/lib/python3.11/site-packages/airflow/example_dags/example_time_delta_sensor_async.py took 0.054 seconds
[2023-12-12T13:51:28.748+0000] {processor.py:157} INFO - Started process (PID=24535) to work on /home/airflow/.local/lib/python3.11/site-packages/airflow/example_dags/example_time_delta_sensor_async.py
[2023-12-12T13:51:28.749+0000] {processor.py:829} INFO - Processing file /home/airflow/.local/lib/python3.11/site-packages/airflow/example_dags/example_time_delta_sensor_async.py for tasks to queue
[2023-12-12T13:51:28.751+0000] {logging_mixin.py:151} INFO - [2023-12-12T13:51:28.750+0000] {dagbag.py:539} INFO - Filling up the DagBag from /home/airflow/.local/lib/python3.11/site-packages/airflow/example_dags/example_time_delta_sensor_async.py
[2023-12-12T13:51:28.755+0000] {processor.py:839} INFO - DAG(s) dict_keys(['example_time_delta_sensor_async']) retrieved from /home/airflow/.local/lib/python3.11/site-packages/airflow/example_dags/example_time_delta_sensor_async.py
[2023-12-12T13:51:28.777+0000] {logging_mixin.py:151} INFO - [2023-12-12T13:51:28.777+0000] {dag.py:2915} INFO - Sync 1 DAGs
[2023-12-12T13:51:28.790+0000] {logging_mixin.py:151} INFO - [2023-12-12T13:51:28.790+0000] {dag.py:3696} INFO - Setting next_dagrun for example_time_delta_sensor_async to None, run_after=None
[2023-12-12T13:51:28.803+0000] {processor.py:179} INFO - Processing /home/airflow/.local/lib/python3.11/site-packages/airflow/example_dags/example_time_delta_sensor_async.py took 0.058 seconds
[2023-12-12T13:51:59.750+0000] {processor.py:157} INFO - Started process (PID=24606) to work on /home/airflow/.local/lib/python3.11/site-packages/airflow/example_dags/example_time_delta_sensor_async.py
[2023-12-12T13:51:59.752+0000] {processor.py:829} INFO - Processing file /home/airflow/.local/lib/python3.11/site-packages/airflow/example_dags/example_time_delta_sensor_async.py for tasks to queue
[2023-12-12T13:51:59.753+0000] {logging_mixin.py:151} INFO - [2023-12-12T13:51:59.753+0000] {dagbag.py:539} INFO - Filling up the DagBag from /home/airflow/.local/lib/python3.11/site-packages/airflow/example_dags/example_time_delta_sensor_async.py
[2023-12-12T13:51:59.758+0000] {processor.py:839} INFO - DAG(s) dict_keys(['example_time_delta_sensor_async']) retrieved from /home/airflow/.local/lib/python3.11/site-packages/airflow/example_dags/example_time_delta_sensor_async.py
[2023-12-12T13:51:59.780+0000] {logging_mixin.py:151} INFO - [2023-12-12T13:51:59.779+0000] {dag.py:2915} INFO - Sync 1 DAGs
[2023-12-12T13:51:59.788+0000] {logging_mixin.py:151} INFO - [2023-12-12T13:51:59.788+0000] {dag.py:3696} INFO - Setting next_dagrun for example_time_delta_sensor_async to None, run_after=None
[2023-12-12T13:51:59.800+0000] {processor.py:179} INFO - Processing /home/airflow/.local/lib/python3.11/site-packages/airflow/example_dags/example_time_delta_sensor_async.py took 0.053 seconds
[2023-12-12T14:03:46.381+0000] {processor.py:157} INFO - Started process (PID=24671) to work on /home/airflow/.local/lib/python3.11/site-packages/airflow/example_dags/example_time_delta_sensor_async.py
[2023-12-12T14:03:46.382+0000] {processor.py:829} INFO - Processing file /home/airflow/.local/lib/python3.11/site-packages/airflow/example_dags/example_time_delta_sensor_async.py for tasks to queue
[2023-12-12T14:03:46.384+0000] {logging_mixin.py:151} INFO - [2023-12-12T14:03:46.383+0000] {dagbag.py:539} INFO - Filling up the DagBag from /home/airflow/.local/lib/python3.11/site-packages/airflow/example_dags/example_time_delta_sensor_async.py
[2023-12-12T14:03:46.389+0000] {processor.py:839} INFO - DAG(s) dict_keys(['example_time_delta_sensor_async']) retrieved from /home/airflow/.local/lib/python3.11/site-packages/airflow/example_dags/example_time_delta_sensor_async.py
[2023-12-12T14:03:46.410+0000] {logging_mixin.py:151} INFO - [2023-12-12T14:03:46.410+0000] {dag.py:2915} INFO - Sync 1 DAGs
[2023-12-12T14:03:46.419+0000] {logging_mixin.py:151} INFO - [2023-12-12T14:03:46.419+0000] {dag.py:3696} INFO - Setting next_dagrun for example_time_delta_sensor_async to None, run_after=None
[2023-12-12T14:03:46.432+0000] {processor.py:179} INFO - Processing /home/airflow/.local/lib/python3.11/site-packages/airflow/example_dags/example_time_delta_sensor_async.py took 0.054 seconds
[2023-12-12T14:04:16.812+0000] {processor.py:157} INFO - Started process (PID=24743) to work on /home/airflow/.local/lib/python3.11/site-packages/airflow/example_dags/example_time_delta_sensor_async.py
[2023-12-12T14:04:16.814+0000] {processor.py:829} INFO - Processing file /home/airflow/.local/lib/python3.11/site-packages/airflow/example_dags/example_time_delta_sensor_async.py for tasks to queue
[2023-12-12T14:04:16.816+0000] {logging_mixin.py:151} INFO - [2023-12-12T14:04:16.815+0000] {dagbag.py:539} INFO - Filling up the DagBag from /home/airflow/.local/lib/python3.11/site-packages/airflow/example_dags/example_time_delta_sensor_async.py
[2023-12-12T14:04:16.821+0000] {processor.py:839} INFO - DAG(s) dict_keys(['example_time_delta_sensor_async']) retrieved from /home/airflow/.local/lib/python3.11/site-packages/airflow/example_dags/example_time_delta_sensor_async.py
[2023-12-12T14:04:16.844+0000] {logging_mixin.py:151} INFO - [2023-12-12T14:04:16.844+0000] {dag.py:2915} INFO - Sync 1 DAGs
[2023-12-12T14:04:16.856+0000] {logging_mixin.py:151} INFO - [2023-12-12T14:04:16.855+0000] {dag.py:3696} INFO - Setting next_dagrun for example_time_delta_sensor_async to None, run_after=None
[2023-12-12T14:04:16.869+0000] {processor.py:179} INFO - Processing /home/airflow/.local/lib/python3.11/site-packages/airflow/example_dags/example_time_delta_sensor_async.py took 0.060 seconds
[2023-12-12T14:04:47.652+0000] {processor.py:157} INFO - Started process (PID=24816) to work on /home/airflow/.local/lib/python3.11/site-packages/airflow/example_dags/example_time_delta_sensor_async.py
[2023-12-12T14:04:47.653+0000] {processor.py:829} INFO - Processing file /home/airflow/.local/lib/python3.11/site-packages/airflow/example_dags/example_time_delta_sensor_async.py for tasks to queue
[2023-12-12T14:04:47.655+0000] {logging_mixin.py:151} INFO - [2023-12-12T14:04:47.654+0000] {dagbag.py:539} INFO - Filling up the DagBag from /home/airflow/.local/lib/python3.11/site-packages/airflow/example_dags/example_time_delta_sensor_async.py
[2023-12-12T14:04:47.659+0000] {processor.py:839} INFO - DAG(s) dict_keys(['example_time_delta_sensor_async']) retrieved from /home/airflow/.local/lib/python3.11/site-packages/airflow/example_dags/example_time_delta_sensor_async.py
[2023-12-12T14:04:47.679+0000] {logging_mixin.py:151} INFO - [2023-12-12T14:04:47.679+0000] {dag.py:2915} INFO - Sync 1 DAGs
[2023-12-12T14:04:47.688+0000] {logging_mixin.py:151} INFO - [2023-12-12T14:04:47.688+0000] {dag.py:3696} INFO - Setting next_dagrun for example_time_delta_sensor_async to None, run_after=None
[2023-12-12T14:04:47.701+0000] {processor.py:179} INFO - Processing /home/airflow/.local/lib/python3.11/site-packages/airflow/example_dags/example_time_delta_sensor_async.py took 0.053 seconds
[2023-12-12T14:05:18.977+0000] {processor.py:157} INFO - Started process (PID=24890) to work on /home/airflow/.local/lib/python3.11/site-packages/airflow/example_dags/example_time_delta_sensor_async.py
[2023-12-12T14:05:18.979+0000] {processor.py:829} INFO - Processing file /home/airflow/.local/lib/python3.11/site-packages/airflow/example_dags/example_time_delta_sensor_async.py for tasks to queue
[2023-12-12T14:05:18.981+0000] {logging_mixin.py:151} INFO - [2023-12-12T14:05:18.980+0000] {dagbag.py:539} INFO - Filling up the DagBag from /home/airflow/.local/lib/python3.11/site-packages/airflow/example_dags/example_time_delta_sensor_async.py
[2023-12-12T14:05:18.986+0000] {processor.py:839} INFO - DAG(s) dict_keys(['example_time_delta_sensor_async']) retrieved from /home/airflow/.local/lib/python3.11/site-packages/airflow/example_dags/example_time_delta_sensor_async.py
[2023-12-12T14:05:19.010+0000] {logging_mixin.py:151} INFO - [2023-12-12T14:05:19.010+0000] {dag.py:2915} INFO - Sync 1 DAGs
[2023-12-12T14:05:19.020+0000] {logging_mixin.py:151} INFO - [2023-12-12T14:05:19.020+0000] {dag.py:3696} INFO - Setting next_dagrun for example_time_delta_sensor_async to None, run_after=None
[2023-12-12T14:05:19.034+0000] {processor.py:179} INFO - Processing /home/airflow/.local/lib/python3.11/site-packages/airflow/example_dags/example_time_delta_sensor_async.py took 0.060 seconds
[2023-12-12T14:05:49.738+0000] {processor.py:157} INFO - Started process (PID=24956) to work on /home/airflow/.local/lib/python3.11/site-packages/airflow/example_dags/example_time_delta_sensor_async.py
[2023-12-12T14:05:49.740+0000] {processor.py:829} INFO - Processing file /home/airflow/.local/lib/python3.11/site-packages/airflow/example_dags/example_time_delta_sensor_async.py for tasks to queue
[2023-12-12T14:05:49.742+0000] {logging_mixin.py:151} INFO - [2023-12-12T14:05:49.741+0000] {dagbag.py:539} INFO - Filling up the DagBag from /home/airflow/.local/lib/python3.11/site-packages/airflow/example_dags/example_time_delta_sensor_async.py
[2023-12-12T14:05:49.747+0000] {processor.py:839} INFO - DAG(s) dict_keys(['example_time_delta_sensor_async']) retrieved from /home/airflow/.local/lib/python3.11/site-packages/airflow/example_dags/example_time_delta_sensor_async.py
[2023-12-12T14:05:49.779+0000] {logging_mixin.py:151} INFO - [2023-12-12T14:05:49.778+0000] {dag.py:2915} INFO - Sync 1 DAGs
[2023-12-12T14:05:49.792+0000] {logging_mixin.py:151} INFO - [2023-12-12T14:05:49.792+0000] {dag.py:3696} INFO - Setting next_dagrun for example_time_delta_sensor_async to None, run_after=None
[2023-12-12T14:05:49.810+0000] {processor.py:179} INFO - Processing /home/airflow/.local/lib/python3.11/site-packages/airflow/example_dags/example_time_delta_sensor_async.py took 0.075 seconds
[2023-12-12T14:25:23.936+0000] {processor.py:157} INFO - Started process (PID=25022) to work on /home/airflow/.local/lib/python3.11/site-packages/airflow/example_dags/example_time_delta_sensor_async.py
[2023-12-12T14:25:23.938+0000] {processor.py:829} INFO - Processing file /home/airflow/.local/lib/python3.11/site-packages/airflow/example_dags/example_time_delta_sensor_async.py for tasks to queue
[2023-12-12T14:25:23.940+0000] {logging_mixin.py:151} INFO - [2023-12-12T14:25:23.940+0000] {dagbag.py:539} INFO - Filling up the DagBag from /home/airflow/.local/lib/python3.11/site-packages/airflow/example_dags/example_time_delta_sensor_async.py
[2023-12-12T14:25:23.946+0000] {processor.py:839} INFO - DAG(s) dict_keys(['example_time_delta_sensor_async']) retrieved from /home/airflow/.local/lib/python3.11/site-packages/airflow/example_dags/example_time_delta_sensor_async.py
[2023-12-12T14:25:23.967+0000] {logging_mixin.py:151} INFO - [2023-12-12T14:25:23.967+0000] {dag.py:2915} INFO - Sync 1 DAGs
[2023-12-12T14:25:23.977+0000] {logging_mixin.py:151} INFO - [2023-12-12T14:25:23.976+0000] {dag.py:3696} INFO - Setting next_dagrun for example_time_delta_sensor_async to None, run_after=None
[2023-12-12T14:25:23.989+0000] {processor.py:179} INFO - Processing /home/airflow/.local/lib/python3.11/site-packages/airflow/example_dags/example_time_delta_sensor_async.py took 0.056 seconds
[2023-12-12T15:30:19.937+0000] {processor.py:157} INFO - Started process (PID=25094) to work on /home/airflow/.local/lib/python3.11/site-packages/airflow/example_dags/example_time_delta_sensor_async.py
[2023-12-12T15:30:19.940+0000] {processor.py:829} INFO - Processing file /home/airflow/.local/lib/python3.11/site-packages/airflow/example_dags/example_time_delta_sensor_async.py for tasks to queue
[2023-12-12T15:30:19.942+0000] {logging_mixin.py:151} INFO - [2023-12-12T15:30:19.941+0000] {dagbag.py:539} INFO - Filling up the DagBag from /home/airflow/.local/lib/python3.11/site-packages/airflow/example_dags/example_time_delta_sensor_async.py
[2023-12-12T15:30:19.947+0000] {processor.py:839} INFO - DAG(s) dict_keys(['example_time_delta_sensor_async']) retrieved from /home/airflow/.local/lib/python3.11/site-packages/airflow/example_dags/example_time_delta_sensor_async.py
[2023-12-12T15:30:20.014+0000] {logging_mixin.py:151} INFO - [2023-12-12T15:30:20.014+0000] {dag.py:2915} INFO - Sync 1 DAGs
[2023-12-12T15:30:20.039+0000] {logging_mixin.py:151} INFO - [2023-12-12T15:30:20.039+0000] {dag.py:3696} INFO - Setting next_dagrun for example_time_delta_sensor_async to None, run_after=None
[2023-12-12T15:30:20.095+0000] {processor.py:179} INFO - Processing /home/airflow/.local/lib/python3.11/site-packages/airflow/example_dags/example_time_delta_sensor_async.py took 0.167 seconds
[2023-12-12T16:51:20.794+0000] {processor.py:157} INFO - Started process (PID=25159) to work on /home/airflow/.local/lib/python3.11/site-packages/airflow/example_dags/example_time_delta_sensor_async.py
[2023-12-12T16:51:20.795+0000] {processor.py:829} INFO - Processing file /home/airflow/.local/lib/python3.11/site-packages/airflow/example_dags/example_time_delta_sensor_async.py for tasks to queue
[2023-12-12T16:51:20.796+0000] {logging_mixin.py:151} INFO - [2023-12-12T16:51:20.796+0000] {dagbag.py:539} INFO - Filling up the DagBag from /home/airflow/.local/lib/python3.11/site-packages/airflow/example_dags/example_time_delta_sensor_async.py
[2023-12-12T16:51:20.802+0000] {processor.py:839} INFO - DAG(s) dict_keys(['example_time_delta_sensor_async']) retrieved from /home/airflow/.local/lib/python3.11/site-packages/airflow/example_dags/example_time_delta_sensor_async.py
[2023-12-12T16:51:20.821+0000] {logging_mixin.py:151} INFO - [2023-12-12T16:51:20.820+0000] {dag.py:2915} INFO - Sync 1 DAGs
[2023-12-12T16:51:20.845+0000] {logging_mixin.py:151} INFO - [2023-12-12T16:51:20.845+0000] {dag.py:3696} INFO - Setting next_dagrun for example_time_delta_sensor_async to None, run_after=None
[2023-12-12T16:51:20.860+0000] {processor.py:179} INFO - Processing /home/airflow/.local/lib/python3.11/site-packages/airflow/example_dags/example_time_delta_sensor_async.py took 0.070 seconds
[2023-12-12T17:40:44.593+0000] {processor.py:157} INFO - Started process (PID=25232) to work on /home/airflow/.local/lib/python3.11/site-packages/airflow/example_dags/example_time_delta_sensor_async.py
[2023-12-12T17:40:44.596+0000] {processor.py:829} INFO - Processing file /home/airflow/.local/lib/python3.11/site-packages/airflow/example_dags/example_time_delta_sensor_async.py for tasks to queue
[2023-12-12T17:40:44.601+0000] {logging_mixin.py:151} INFO - [2023-12-12T17:40:44.598+0000] {dagbag.py:539} INFO - Filling up the DagBag from /home/airflow/.local/lib/python3.11/site-packages/airflow/example_dags/example_time_delta_sensor_async.py
[2023-12-12T17:40:44.617+0000] {processor.py:839} INFO - DAG(s) dict_keys(['example_time_delta_sensor_async']) retrieved from /home/airflow/.local/lib/python3.11/site-packages/airflow/example_dags/example_time_delta_sensor_async.py
[2023-12-12T17:40:44.662+0000] {logging_mixin.py:151} INFO - [2023-12-12T17:40:44.662+0000] {dag.py:2915} INFO - Sync 1 DAGs
[2023-12-12T17:40:44.686+0000] {logging_mixin.py:151} INFO - [2023-12-12T17:40:44.686+0000] {dag.py:3696} INFO - Setting next_dagrun for example_time_delta_sensor_async to None, run_after=None
[2023-12-12T17:40:44.752+0000] {processor.py:179} INFO - Processing /home/airflow/.local/lib/python3.11/site-packages/airflow/example_dags/example_time_delta_sensor_async.py took 0.162 seconds
[2023-12-12T19:04:30.982+0000] {processor.py:157} INFO - Started process (PID=25299) to work on /home/airflow/.local/lib/python3.11/site-packages/airflow/example_dags/example_time_delta_sensor_async.py
[2023-12-12T19:04:30.984+0000] {processor.py:829} INFO - Processing file /home/airflow/.local/lib/python3.11/site-packages/airflow/example_dags/example_time_delta_sensor_async.py for tasks to queue
[2023-12-12T19:04:30.986+0000] {logging_mixin.py:151} INFO - [2023-12-12T19:04:30.985+0000] {dagbag.py:539} INFO - Filling up the DagBag from /home/airflow/.local/lib/python3.11/site-packages/airflow/example_dags/example_time_delta_sensor_async.py
[2023-12-12T19:04:30.991+0000] {processor.py:839} INFO - DAG(s) dict_keys(['example_time_delta_sensor_async']) retrieved from /home/airflow/.local/lib/python3.11/site-packages/airflow/example_dags/example_time_delta_sensor_async.py
[2023-12-12T19:04:31.015+0000] {logging_mixin.py:151} INFO - [2023-12-12T19:04:31.014+0000] {dag.py:2915} INFO - Sync 1 DAGs
[2023-12-12T19:04:31.027+0000] {logging_mixin.py:151} INFO - [2023-12-12T19:04:31.027+0000] {dag.py:3696} INFO - Setting next_dagrun for example_time_delta_sensor_async to None, run_after=None
[2023-12-12T19:04:31.040+0000] {processor.py:179} INFO - Processing /home/airflow/.local/lib/python3.11/site-packages/airflow/example_dags/example_time_delta_sensor_async.py took 0.061 seconds
[2023-12-12T20:44:55.562+0000] {processor.py:157} INFO - Started process (PID=25372) to work on /home/airflow/.local/lib/python3.11/site-packages/airflow/example_dags/example_time_delta_sensor_async.py
[2023-12-12T20:44:55.564+0000] {processor.py:829} INFO - Processing file /home/airflow/.local/lib/python3.11/site-packages/airflow/example_dags/example_time_delta_sensor_async.py for tasks to queue
[2023-12-12T20:44:55.565+0000] {logging_mixin.py:151} INFO - [2023-12-12T20:44:55.565+0000] {dagbag.py:539} INFO - Filling up the DagBag from /home/airflow/.local/lib/python3.11/site-packages/airflow/example_dags/example_time_delta_sensor_async.py
[2023-12-12T20:44:55.571+0000] {processor.py:839} INFO - DAG(s) dict_keys(['example_time_delta_sensor_async']) retrieved from /home/airflow/.local/lib/python3.11/site-packages/airflow/example_dags/example_time_delta_sensor_async.py
[2023-12-12T20:44:55.591+0000] {logging_mixin.py:151} INFO - [2023-12-12T20:44:55.591+0000] {dag.py:2915} INFO - Sync 1 DAGs
[2023-12-12T20:44:55.601+0000] {logging_mixin.py:151} INFO - [2023-12-12T20:44:55.601+0000] {dag.py:3696} INFO - Setting next_dagrun for example_time_delta_sensor_async to None, run_after=None
[2023-12-12T20:44:55.614+0000] {processor.py:179} INFO - Processing /home/airflow/.local/lib/python3.11/site-packages/airflow/example_dags/example_time_delta_sensor_async.py took 0.055 seconds
[2023-12-12T20:50:35.491+0000] {processor.py:157} INFO - Started process (PID=25438) to work on /home/airflow/.local/lib/python3.11/site-packages/airflow/example_dags/example_time_delta_sensor_async.py
[2023-12-12T20:50:35.503+0000] {processor.py:829} INFO - Processing file /home/airflow/.local/lib/python3.11/site-packages/airflow/example_dags/example_time_delta_sensor_async.py for tasks to queue
[2023-12-12T20:50:35.537+0000] {logging_mixin.py:151} INFO - [2023-12-12T20:50:35.537+0000] {dagbag.py:539} INFO - Filling up the DagBag from /home/airflow/.local/lib/python3.11/site-packages/airflow/example_dags/example_time_delta_sensor_async.py
[2023-12-12T20:50:35.560+0000] {processor.py:839} INFO - DAG(s) dict_keys(['example_time_delta_sensor_async']) retrieved from /home/airflow/.local/lib/python3.11/site-packages/airflow/example_dags/example_time_delta_sensor_async.py
[2023-12-12T20:50:35.595+0000] {logging_mixin.py:151} INFO - [2023-12-12T20:50:35.595+0000] {dag.py:2915} INFO - Sync 1 DAGs
[2023-12-12T20:50:35.617+0000] {logging_mixin.py:151} INFO - [2023-12-12T20:50:35.617+0000] {dag.py:3696} INFO - Setting next_dagrun for example_time_delta_sensor_async to None, run_after=None
[2023-12-12T20:50:35.635+0000] {processor.py:179} INFO - Processing /home/airflow/.local/lib/python3.11/site-packages/airflow/example_dags/example_time_delta_sensor_async.py took 0.147 seconds
[2023-12-12T20:51:06.271+0000] {processor.py:157} INFO - Started process (PID=25510) to work on /home/airflow/.local/lib/python3.11/site-packages/airflow/example_dags/example_time_delta_sensor_async.py
[2023-12-12T20:51:06.273+0000] {processor.py:829} INFO - Processing file /home/airflow/.local/lib/python3.11/site-packages/airflow/example_dags/example_time_delta_sensor_async.py for tasks to queue
[2023-12-12T20:51:06.274+0000] {logging_mixin.py:151} INFO - [2023-12-12T20:51:06.274+0000] {dagbag.py:539} INFO - Filling up the DagBag from /home/airflow/.local/lib/python3.11/site-packages/airflow/example_dags/example_time_delta_sensor_async.py
[2023-12-12T20:51:06.279+0000] {processor.py:839} INFO - DAG(s) dict_keys(['example_time_delta_sensor_async']) retrieved from /home/airflow/.local/lib/python3.11/site-packages/airflow/example_dags/example_time_delta_sensor_async.py
[2023-12-12T20:51:06.301+0000] {logging_mixin.py:151} INFO - [2023-12-12T20:51:06.301+0000] {dag.py:2915} INFO - Sync 1 DAGs
[2023-12-12T20:51:06.314+0000] {logging_mixin.py:151} INFO - [2023-12-12T20:51:06.314+0000] {dag.py:3696} INFO - Setting next_dagrun for example_time_delta_sensor_async to None, run_after=None
[2023-12-12T20:51:06.333+0000] {processor.py:179} INFO - Processing /home/airflow/.local/lib/python3.11/site-packages/airflow/example_dags/example_time_delta_sensor_async.py took 0.064 seconds
[2023-12-12T20:51:36.797+0000] {processor.py:157} INFO - Started process (PID=25576) to work on /home/airflow/.local/lib/python3.11/site-packages/airflow/example_dags/example_time_delta_sensor_async.py
[2023-12-12T20:51:36.798+0000] {processor.py:829} INFO - Processing file /home/airflow/.local/lib/python3.11/site-packages/airflow/example_dags/example_time_delta_sensor_async.py for tasks to queue
[2023-12-12T20:51:36.800+0000] {logging_mixin.py:151} INFO - [2023-12-12T20:51:36.799+0000] {dagbag.py:539} INFO - Filling up the DagBag from /home/airflow/.local/lib/python3.11/site-packages/airflow/example_dags/example_time_delta_sensor_async.py
[2023-12-12T20:51:36.805+0000] {processor.py:839} INFO - DAG(s) dict_keys(['example_time_delta_sensor_async']) retrieved from /home/airflow/.local/lib/python3.11/site-packages/airflow/example_dags/example_time_delta_sensor_async.py
[2023-12-12T20:51:36.829+0000] {logging_mixin.py:151} INFO - [2023-12-12T20:51:36.829+0000] {dag.py:2915} INFO - Sync 1 DAGs
[2023-12-12T20:51:36.842+0000] {logging_mixin.py:151} INFO - [2023-12-12T20:51:36.842+0000] {dag.py:3696} INFO - Setting next_dagrun for example_time_delta_sensor_async to None, run_after=None
[2023-12-12T20:51:36.862+0000] {processor.py:179} INFO - Processing /home/airflow/.local/lib/python3.11/site-packages/airflow/example_dags/example_time_delta_sensor_async.py took 0.068 seconds
[2023-12-12T20:52:07.325+0000] {processor.py:157} INFO - Started process (PID=25649) to work on /home/airflow/.local/lib/python3.11/site-packages/airflow/example_dags/example_time_delta_sensor_async.py
[2023-12-12T20:52:07.327+0000] {processor.py:829} INFO - Processing file /home/airflow/.local/lib/python3.11/site-packages/airflow/example_dags/example_time_delta_sensor_async.py for tasks to queue
[2023-12-12T20:52:07.329+0000] {logging_mixin.py:151} INFO - [2023-12-12T20:52:07.328+0000] {dagbag.py:539} INFO - Filling up the DagBag from /home/airflow/.local/lib/python3.11/site-packages/airflow/example_dags/example_time_delta_sensor_async.py
[2023-12-12T20:52:07.335+0000] {processor.py:839} INFO - DAG(s) dict_keys(['example_time_delta_sensor_async']) retrieved from /home/airflow/.local/lib/python3.11/site-packages/airflow/example_dags/example_time_delta_sensor_async.py
[2023-12-12T20:52:07.357+0000] {logging_mixin.py:151} INFO - [2023-12-12T20:52:07.357+0000] {dag.py:2915} INFO - Sync 1 DAGs
[2023-12-12T20:52:07.372+0000] {logging_mixin.py:151} INFO - [2023-12-12T20:52:07.372+0000] {dag.py:3696} INFO - Setting next_dagrun for example_time_delta_sensor_async to None, run_after=None
[2023-12-12T20:52:07.394+0000] {processor.py:179} INFO - Processing /home/airflow/.local/lib/python3.11/site-packages/airflow/example_dags/example_time_delta_sensor_async.py took 0.072 seconds
[2023-12-12T20:52:38.594+0000] {processor.py:157} INFO - Started process (PID=25722) to work on /home/airflow/.local/lib/python3.11/site-packages/airflow/example_dags/example_time_delta_sensor_async.py
[2023-12-12T20:52:38.595+0000] {processor.py:829} INFO - Processing file /home/airflow/.local/lib/python3.11/site-packages/airflow/example_dags/example_time_delta_sensor_async.py for tasks to queue
[2023-12-12T20:52:38.597+0000] {logging_mixin.py:151} INFO - [2023-12-12T20:52:38.596+0000] {dagbag.py:539} INFO - Filling up the DagBag from /home/airflow/.local/lib/python3.11/site-packages/airflow/example_dags/example_time_delta_sensor_async.py
[2023-12-12T20:52:38.601+0000] {processor.py:839} INFO - DAG(s) dict_keys(['example_time_delta_sensor_async']) retrieved from /home/airflow/.local/lib/python3.11/site-packages/airflow/example_dags/example_time_delta_sensor_async.py
[2023-12-12T20:52:38.621+0000] {logging_mixin.py:151} INFO - [2023-12-12T20:52:38.621+0000] {dag.py:2915} INFO - Sync 1 DAGs
[2023-12-12T20:52:38.630+0000] {logging_mixin.py:151} INFO - [2023-12-12T20:52:38.630+0000] {dag.py:3696} INFO - Setting next_dagrun for example_time_delta_sensor_async to None, run_after=None
[2023-12-12T20:52:38.643+0000] {processor.py:179} INFO - Processing /home/airflow/.local/lib/python3.11/site-packages/airflow/example_dags/example_time_delta_sensor_async.py took 0.052 seconds
[2023-12-12T21:14:02.224+0000] {processor.py:157} INFO - Started process (PID=25789) to work on /home/airflow/.local/lib/python3.11/site-packages/airflow/example_dags/example_time_delta_sensor_async.py
[2023-12-12T21:14:02.226+0000] {processor.py:829} INFO - Processing file /home/airflow/.local/lib/python3.11/site-packages/airflow/example_dags/example_time_delta_sensor_async.py for tasks to queue
[2023-12-12T21:14:02.229+0000] {logging_mixin.py:151} INFO - [2023-12-12T21:14:02.228+0000] {dagbag.py:539} INFO - Filling up the DagBag from /home/airflow/.local/lib/python3.11/site-packages/airflow/example_dags/example_time_delta_sensor_async.py
[2023-12-12T21:14:02.237+0000] {processor.py:839} INFO - DAG(s) dict_keys(['example_time_delta_sensor_async']) retrieved from /home/airflow/.local/lib/python3.11/site-packages/airflow/example_dags/example_time_delta_sensor_async.py
[2023-12-12T21:14:02.259+0000] {logging_mixin.py:151} INFO - [2023-12-12T21:14:02.259+0000] {dag.py:2915} INFO - Sync 1 DAGs
[2023-12-12T21:14:02.270+0000] {logging_mixin.py:151} INFO - [2023-12-12T21:14:02.269+0000] {dag.py:3696} INFO - Setting next_dagrun for example_time_delta_sensor_async to None, run_after=None
[2023-12-12T21:14:02.283+0000] {processor.py:179} INFO - Processing /home/airflow/.local/lib/python3.11/site-packages/airflow/example_dags/example_time_delta_sensor_async.py took 0.062 seconds
[2023-12-12T21:14:32.913+0000] {processor.py:157} INFO - Started process (PID=25861) to work on /home/airflow/.local/lib/python3.11/site-packages/airflow/example_dags/example_time_delta_sensor_async.py
[2023-12-12T21:14:32.915+0000] {processor.py:829} INFO - Processing file /home/airflow/.local/lib/python3.11/site-packages/airflow/example_dags/example_time_delta_sensor_async.py for tasks to queue
[2023-12-12T21:14:32.916+0000] {logging_mixin.py:151} INFO - [2023-12-12T21:14:32.916+0000] {dagbag.py:539} INFO - Filling up the DagBag from /home/airflow/.local/lib/python3.11/site-packages/airflow/example_dags/example_time_delta_sensor_async.py
[2023-12-12T21:14:32.926+0000] {processor.py:839} INFO - DAG(s) dict_keys(['example_time_delta_sensor_async']) retrieved from /home/airflow/.local/lib/python3.11/site-packages/airflow/example_dags/example_time_delta_sensor_async.py
[2023-12-12T21:14:32.954+0000] {logging_mixin.py:151} INFO - [2023-12-12T21:14:32.954+0000] {dag.py:2915} INFO - Sync 1 DAGs
[2023-12-12T21:14:32.967+0000] {logging_mixin.py:151} INFO - [2023-12-12T21:14:32.967+0000] {dag.py:3696} INFO - Setting next_dagrun for example_time_delta_sensor_async to None, run_after=None
[2023-12-12T21:14:32.980+0000] {processor.py:179} INFO - Processing /home/airflow/.local/lib/python3.11/site-packages/airflow/example_dags/example_time_delta_sensor_async.py took 0.070 seconds
[2023-12-12T21:15:03.297+0000] {processor.py:157} INFO - Started process (PID=25927) to work on /home/airflow/.local/lib/python3.11/site-packages/airflow/example_dags/example_time_delta_sensor_async.py
[2023-12-12T21:15:03.299+0000] {processor.py:829} INFO - Processing file /home/airflow/.local/lib/python3.11/site-packages/airflow/example_dags/example_time_delta_sensor_async.py for tasks to queue
[2023-12-12T21:15:03.301+0000] {logging_mixin.py:151} INFO - [2023-12-12T21:15:03.300+0000] {dagbag.py:539} INFO - Filling up the DagBag from /home/airflow/.local/lib/python3.11/site-packages/airflow/example_dags/example_time_delta_sensor_async.py
[2023-12-12T21:15:03.307+0000] {processor.py:839} INFO - DAG(s) dict_keys(['example_time_delta_sensor_async']) retrieved from /home/airflow/.local/lib/python3.11/site-packages/airflow/example_dags/example_time_delta_sensor_async.py
[2023-12-12T21:15:03.329+0000] {logging_mixin.py:151} INFO - [2023-12-12T21:15:03.329+0000] {dag.py:2915} INFO - Sync 1 DAGs
[2023-12-12T21:15:03.349+0000] {logging_mixin.py:151} INFO - [2023-12-12T21:15:03.349+0000] {dag.py:3696} INFO - Setting next_dagrun for example_time_delta_sensor_async to None, run_after=None
[2023-12-12T21:15:03.368+0000] {processor.py:179} INFO - Processing /home/airflow/.local/lib/python3.11/site-packages/airflow/example_dags/example_time_delta_sensor_async.py took 0.074 seconds
[2023-12-12T21:15:34.475+0000] {processor.py:157} INFO - Started process (PID=26000) to work on /home/airflow/.local/lib/python3.11/site-packages/airflow/example_dags/example_time_delta_sensor_async.py
[2023-12-12T21:15:34.478+0000] {processor.py:829} INFO - Processing file /home/airflow/.local/lib/python3.11/site-packages/airflow/example_dags/example_time_delta_sensor_async.py for tasks to queue
[2023-12-12T21:15:34.480+0000] {logging_mixin.py:151} INFO - [2023-12-12T21:15:34.479+0000] {dagbag.py:539} INFO - Filling up the DagBag from /home/airflow/.local/lib/python3.11/site-packages/airflow/example_dags/example_time_delta_sensor_async.py
[2023-12-12T21:15:34.485+0000] {processor.py:839} INFO - DAG(s) dict_keys(['example_time_delta_sensor_async']) retrieved from /home/airflow/.local/lib/python3.11/site-packages/airflow/example_dags/example_time_delta_sensor_async.py
[2023-12-12T21:15:34.516+0000] {logging_mixin.py:151} INFO - [2023-12-12T21:15:34.516+0000] {dag.py:2915} INFO - Sync 1 DAGs
[2023-12-12T21:15:34.525+0000] {logging_mixin.py:151} INFO - [2023-12-12T21:15:34.525+0000] {dag.py:3696} INFO - Setting next_dagrun for example_time_delta_sensor_async to None, run_after=None
[2023-12-12T21:15:34.537+0000] {processor.py:179} INFO - Processing /home/airflow/.local/lib/python3.11/site-packages/airflow/example_dags/example_time_delta_sensor_async.py took 0.065 seconds
[2023-12-12T21:16:05.287+0000] {processor.py:157} INFO - Started process (PID=26072) to work on /home/airflow/.local/lib/python3.11/site-packages/airflow/example_dags/example_time_delta_sensor_async.py
[2023-12-12T21:16:05.289+0000] {processor.py:829} INFO - Processing file /home/airflow/.local/lib/python3.11/site-packages/airflow/example_dags/example_time_delta_sensor_async.py for tasks to queue
[2023-12-12T21:16:05.290+0000] {logging_mixin.py:151} INFO - [2023-12-12T21:16:05.290+0000] {dagbag.py:539} INFO - Filling up the DagBag from /home/airflow/.local/lib/python3.11/site-packages/airflow/example_dags/example_time_delta_sensor_async.py
[2023-12-12T21:16:05.296+0000] {processor.py:839} INFO - DAG(s) dict_keys(['example_time_delta_sensor_async']) retrieved from /home/airflow/.local/lib/python3.11/site-packages/airflow/example_dags/example_time_delta_sensor_async.py
[2023-12-12T21:16:05.315+0000] {logging_mixin.py:151} INFO - [2023-12-12T21:16:05.315+0000] {dag.py:2915} INFO - Sync 1 DAGs
[2023-12-12T21:16:05.324+0000] {logging_mixin.py:151} INFO - [2023-12-12T21:16:05.324+0000] {dag.py:3696} INFO - Setting next_dagrun for example_time_delta_sensor_async to None, run_after=None
[2023-12-12T21:16:05.336+0000] {processor.py:179} INFO - Processing /home/airflow/.local/lib/python3.11/site-packages/airflow/example_dags/example_time_delta_sensor_async.py took 0.052 seconds
[2023-12-12T21:16:36.189+0000] {processor.py:157} INFO - Started process (PID=26136) to work on /home/airflow/.local/lib/python3.11/site-packages/airflow/example_dags/example_time_delta_sensor_async.py
[2023-12-12T21:16:36.191+0000] {processor.py:829} INFO - Processing file /home/airflow/.local/lib/python3.11/site-packages/airflow/example_dags/example_time_delta_sensor_async.py for tasks to queue
[2023-12-12T21:16:36.192+0000] {logging_mixin.py:151} INFO - [2023-12-12T21:16:36.192+0000] {dagbag.py:539} INFO - Filling up the DagBag from /home/airflow/.local/lib/python3.11/site-packages/airflow/example_dags/example_time_delta_sensor_async.py
[2023-12-12T21:16:36.197+0000] {processor.py:839} INFO - DAG(s) dict_keys(['example_time_delta_sensor_async']) retrieved from /home/airflow/.local/lib/python3.11/site-packages/airflow/example_dags/example_time_delta_sensor_async.py
[2023-12-12T21:16:36.220+0000] {logging_mixin.py:151} INFO - [2023-12-12T21:16:36.220+0000] {dag.py:2915} INFO - Sync 1 DAGs
[2023-12-12T21:16:36.230+0000] {logging_mixin.py:151} INFO - [2023-12-12T21:16:36.230+0000] {dag.py:3696} INFO - Setting next_dagrun for example_time_delta_sensor_async to None, run_after=None
[2023-12-12T21:16:36.242+0000] {processor.py:179} INFO - Processing /home/airflow/.local/lib/python3.11/site-packages/airflow/example_dags/example_time_delta_sensor_async.py took 0.056 seconds
[2023-12-12T21:18:36.853+0000] {processor.py:157} INFO - Started process (PID=26203) to work on /home/airflow/.local/lib/python3.11/site-packages/airflow/example_dags/example_time_delta_sensor_async.py
[2023-12-12T21:18:36.854+0000] {processor.py:829} INFO - Processing file /home/airflow/.local/lib/python3.11/site-packages/airflow/example_dags/example_time_delta_sensor_async.py for tasks to queue
[2023-12-12T21:18:36.857+0000] {logging_mixin.py:151} INFO - [2023-12-12T21:18:36.856+0000] {dagbag.py:539} INFO - Filling up the DagBag from /home/airflow/.local/lib/python3.11/site-packages/airflow/example_dags/example_time_delta_sensor_async.py
[2023-12-12T21:18:36.861+0000] {processor.py:839} INFO - DAG(s) dict_keys(['example_time_delta_sensor_async']) retrieved from /home/airflow/.local/lib/python3.11/site-packages/airflow/example_dags/example_time_delta_sensor_async.py
[2023-12-12T21:18:36.882+0000] {logging_mixin.py:151} INFO - [2023-12-12T21:18:36.882+0000] {dag.py:2915} INFO - Sync 1 DAGs
[2023-12-12T21:18:36.893+0000] {logging_mixin.py:151} INFO - [2023-12-12T21:18:36.893+0000] {dag.py:3696} INFO - Setting next_dagrun for example_time_delta_sensor_async to None, run_after=None
[2023-12-12T21:18:36.906+0000] {processor.py:179} INFO - Processing /home/airflow/.local/lib/python3.11/site-packages/airflow/example_dags/example_time_delta_sensor_async.py took 0.056 seconds
[2023-12-12T21:19:07.476+0000] {processor.py:157} INFO - Started process (PID=26274) to work on /home/airflow/.local/lib/python3.11/site-packages/airflow/example_dags/example_time_delta_sensor_async.py
[2023-12-12T21:19:07.479+0000] {processor.py:829} INFO - Processing file /home/airflow/.local/lib/python3.11/site-packages/airflow/example_dags/example_time_delta_sensor_async.py for tasks to queue
[2023-12-12T21:19:07.484+0000] {logging_mixin.py:151} INFO - [2023-12-12T21:19:07.484+0000] {dagbag.py:539} INFO - Filling up the DagBag from /home/airflow/.local/lib/python3.11/site-packages/airflow/example_dags/example_time_delta_sensor_async.py
[2023-12-12T21:19:07.492+0000] {processor.py:839} INFO - DAG(s) dict_keys(['example_time_delta_sensor_async']) retrieved from /home/airflow/.local/lib/python3.11/site-packages/airflow/example_dags/example_time_delta_sensor_async.py
[2023-12-12T21:19:07.521+0000] {logging_mixin.py:151} INFO - [2023-12-12T21:19:07.521+0000] {dag.py:2915} INFO - Sync 1 DAGs
[2023-12-12T21:19:07.533+0000] {logging_mixin.py:151} INFO - [2023-12-12T21:19:07.533+0000] {dag.py:3696} INFO - Setting next_dagrun for example_time_delta_sensor_async to None, run_after=None
[2023-12-12T21:19:07.557+0000] {processor.py:179} INFO - Processing /home/airflow/.local/lib/python3.11/site-packages/airflow/example_dags/example_time_delta_sensor_async.py took 0.089 seconds
[2023-12-12T21:19:39.055+0000] {processor.py:157} INFO - Started process (PID=26347) to work on /home/airflow/.local/lib/python3.11/site-packages/airflow/example_dags/example_time_delta_sensor_async.py
[2023-12-12T21:19:39.058+0000] {processor.py:829} INFO - Processing file /home/airflow/.local/lib/python3.11/site-packages/airflow/example_dags/example_time_delta_sensor_async.py for tasks to queue
[2023-12-12T21:19:39.060+0000] {logging_mixin.py:151} INFO - [2023-12-12T21:19:39.059+0000] {dagbag.py:539} INFO - Filling up the DagBag from /home/airflow/.local/lib/python3.11/site-packages/airflow/example_dags/example_time_delta_sensor_async.py
[2023-12-12T21:19:39.068+0000] {processor.py:839} INFO - DAG(s) dict_keys(['example_time_delta_sensor_async']) retrieved from /home/airflow/.local/lib/python3.11/site-packages/airflow/example_dags/example_time_delta_sensor_async.py
[2023-12-12T21:19:39.097+0000] {logging_mixin.py:151} INFO - [2023-12-12T21:19:39.097+0000] {dag.py:2915} INFO - Sync 1 DAGs
[2023-12-12T21:19:39.110+0000] {logging_mixin.py:151} INFO - [2023-12-12T21:19:39.110+0000] {dag.py:3696} INFO - Setting next_dagrun for example_time_delta_sensor_async to None, run_after=None
[2023-12-12T21:19:39.129+0000] {processor.py:179} INFO - Processing /home/airflow/.local/lib/python3.11/site-packages/airflow/example_dags/example_time_delta_sensor_async.py took 0.080 seconds
[2023-12-12T21:20:09.484+0000] {processor.py:157} INFO - Started process (PID=26414) to work on /home/airflow/.local/lib/python3.11/site-packages/airflow/example_dags/example_time_delta_sensor_async.py
[2023-12-12T21:20:09.486+0000] {processor.py:829} INFO - Processing file /home/airflow/.local/lib/python3.11/site-packages/airflow/example_dags/example_time_delta_sensor_async.py for tasks to queue
[2023-12-12T21:20:09.487+0000] {logging_mixin.py:151} INFO - [2023-12-12T21:20:09.487+0000] {dagbag.py:539} INFO - Filling up the DagBag from /home/airflow/.local/lib/python3.11/site-packages/airflow/example_dags/example_time_delta_sensor_async.py
[2023-12-12T21:20:09.491+0000] {processor.py:839} INFO - DAG(s) dict_keys(['example_time_delta_sensor_async']) retrieved from /home/airflow/.local/lib/python3.11/site-packages/airflow/example_dags/example_time_delta_sensor_async.py
[2023-12-12T21:20:09.512+0000] {logging_mixin.py:151} INFO - [2023-12-12T21:20:09.512+0000] {dag.py:2915} INFO - Sync 1 DAGs
[2023-12-12T21:20:09.520+0000] {logging_mixin.py:151} INFO - [2023-12-12T21:20:09.520+0000] {dag.py:3696} INFO - Setting next_dagrun for example_time_delta_sensor_async to None, run_after=None
[2023-12-12T21:20:09.536+0000] {processor.py:179} INFO - Processing /home/airflow/.local/lib/python3.11/site-packages/airflow/example_dags/example_time_delta_sensor_async.py took 0.055 seconds
[2023-12-12T21:20:42.049+0000] {processor.py:157} INFO - Started process (PID=26487) to work on /home/airflow/.local/lib/python3.11/site-packages/airflow/example_dags/example_time_delta_sensor_async.py
[2023-12-12T21:20:42.050+0000] {processor.py:829} INFO - Processing file /home/airflow/.local/lib/python3.11/site-packages/airflow/example_dags/example_time_delta_sensor_async.py for tasks to queue
[2023-12-12T21:20:42.053+0000] {logging_mixin.py:151} INFO - [2023-12-12T21:20:42.053+0000] {dagbag.py:539} INFO - Filling up the DagBag from /home/airflow/.local/lib/python3.11/site-packages/airflow/example_dags/example_time_delta_sensor_async.py
[2023-12-12T21:20:42.059+0000] {processor.py:839} INFO - DAG(s) dict_keys(['example_time_delta_sensor_async']) retrieved from /home/airflow/.local/lib/python3.11/site-packages/airflow/example_dags/example_time_delta_sensor_async.py
[2023-12-12T21:20:42.081+0000] {logging_mixin.py:151} INFO - [2023-12-12T21:20:42.080+0000] {dag.py:2915} INFO - Sync 1 DAGs
[2023-12-12T21:20:42.093+0000] {logging_mixin.py:151} INFO - [2023-12-12T21:20:42.093+0000] {dag.py:3696} INFO - Setting next_dagrun for example_time_delta_sensor_async to None, run_after=None
[2023-12-12T21:20:42.107+0000] {processor.py:179} INFO - Processing /home/airflow/.local/lib/python3.11/site-packages/airflow/example_dags/example_time_delta_sensor_async.py took 0.061 seconds
[2023-12-12T21:24:30.245+0000] {processor.py:157} INFO - Started process (PID=26553) to work on /home/airflow/.local/lib/python3.11/site-packages/airflow/example_dags/example_time_delta_sensor_async.py
[2023-12-12T21:24:30.247+0000] {processor.py:829} INFO - Processing file /home/airflow/.local/lib/python3.11/site-packages/airflow/example_dags/example_time_delta_sensor_async.py for tasks to queue
[2023-12-12T21:24:30.248+0000] {logging_mixin.py:151} INFO - [2023-12-12T21:24:30.248+0000] {dagbag.py:539} INFO - Filling up the DagBag from /home/airflow/.local/lib/python3.11/site-packages/airflow/example_dags/example_time_delta_sensor_async.py
[2023-12-12T21:24:30.254+0000] {processor.py:839} INFO - DAG(s) dict_keys(['example_time_delta_sensor_async']) retrieved from /home/airflow/.local/lib/python3.11/site-packages/airflow/example_dags/example_time_delta_sensor_async.py
[2023-12-12T21:24:30.277+0000] {logging_mixin.py:151} INFO - [2023-12-12T21:24:30.276+0000] {dag.py:2915} INFO - Sync 1 DAGs
[2023-12-12T21:24:30.285+0000] {logging_mixin.py:151} INFO - [2023-12-12T21:24:30.285+0000] {dag.py:3696} INFO - Setting next_dagrun for example_time_delta_sensor_async to None, run_after=None
[2023-12-12T21:24:30.297+0000] {processor.py:179} INFO - Processing /home/airflow/.local/lib/python3.11/site-packages/airflow/example_dags/example_time_delta_sensor_async.py took 0.056 seconds
[2023-12-12T21:25:00.647+0000] {processor.py:157} INFO - Started process (PID=26626) to work on /home/airflow/.local/lib/python3.11/site-packages/airflow/example_dags/example_time_delta_sensor_async.py
[2023-12-12T21:25:00.649+0000] {processor.py:829} INFO - Processing file /home/airflow/.local/lib/python3.11/site-packages/airflow/example_dags/example_time_delta_sensor_async.py for tasks to queue
[2023-12-12T21:25:00.650+0000] {logging_mixin.py:151} INFO - [2023-12-12T21:25:00.650+0000] {dagbag.py:539} INFO - Filling up the DagBag from /home/airflow/.local/lib/python3.11/site-packages/airflow/example_dags/example_time_delta_sensor_async.py
[2023-12-12T21:25:00.654+0000] {processor.py:839} INFO - DAG(s) dict_keys(['example_time_delta_sensor_async']) retrieved from /home/airflow/.local/lib/python3.11/site-packages/airflow/example_dags/example_time_delta_sensor_async.py
[2023-12-12T21:25:00.674+0000] {logging_mixin.py:151} INFO - [2023-12-12T21:25:00.674+0000] {dag.py:2915} INFO - Sync 1 DAGs
[2023-12-12T21:25:00.684+0000] {logging_mixin.py:151} INFO - [2023-12-12T21:25:00.684+0000] {dag.py:3696} INFO - Setting next_dagrun for example_time_delta_sensor_async to None, run_after=None
[2023-12-12T21:25:00.696+0000] {processor.py:179} INFO - Processing /home/airflow/.local/lib/python3.11/site-packages/airflow/example_dags/example_time_delta_sensor_async.py took 0.052 seconds
[2023-12-12T21:25:31.455+0000] {processor.py:157} INFO - Started process (PID=26698) to work on /home/airflow/.local/lib/python3.11/site-packages/airflow/example_dags/example_time_delta_sensor_async.py
[2023-12-12T21:25:31.457+0000] {processor.py:829} INFO - Processing file /home/airflow/.local/lib/python3.11/site-packages/airflow/example_dags/example_time_delta_sensor_async.py for tasks to queue
[2023-12-12T21:25:31.459+0000] {logging_mixin.py:151} INFO - [2023-12-12T21:25:31.459+0000] {dagbag.py:539} INFO - Filling up the DagBag from /home/airflow/.local/lib/python3.11/site-packages/airflow/example_dags/example_time_delta_sensor_async.py
[2023-12-12T21:25:31.467+0000] {processor.py:839} INFO - DAG(s) dict_keys(['example_time_delta_sensor_async']) retrieved from /home/airflow/.local/lib/python3.11/site-packages/airflow/example_dags/example_time_delta_sensor_async.py
[2023-12-12T21:25:31.492+0000] {logging_mixin.py:151} INFO - [2023-12-12T21:25:31.492+0000] {dag.py:2915} INFO - Sync 1 DAGs
[2023-12-12T21:25:31.516+0000] {logging_mixin.py:151} INFO - [2023-12-12T21:25:31.516+0000] {dag.py:3696} INFO - Setting next_dagrun for example_time_delta_sensor_async to None, run_after=None
[2023-12-12T21:25:31.548+0000] {processor.py:179} INFO - Processing /home/airflow/.local/lib/python3.11/site-packages/airflow/example_dags/example_time_delta_sensor_async.py took 0.096 seconds
[2023-12-12T21:26:02.434+0000] {processor.py:157} INFO - Started process (PID=26763) to work on /home/airflow/.local/lib/python3.11/site-packages/airflow/example_dags/example_time_delta_sensor_async.py
[2023-12-12T21:26:02.436+0000] {processor.py:829} INFO - Processing file /home/airflow/.local/lib/python3.11/site-packages/airflow/example_dags/example_time_delta_sensor_async.py for tasks to queue
[2023-12-12T21:26:02.438+0000] {logging_mixin.py:151} INFO - [2023-12-12T21:26:02.437+0000] {dagbag.py:539} INFO - Filling up the DagBag from /home/airflow/.local/lib/python3.11/site-packages/airflow/example_dags/example_time_delta_sensor_async.py
[2023-12-12T21:26:02.443+0000] {processor.py:839} INFO - DAG(s) dict_keys(['example_time_delta_sensor_async']) retrieved from /home/airflow/.local/lib/python3.11/site-packages/airflow/example_dags/example_time_delta_sensor_async.py
[2023-12-12T21:26:02.465+0000] {logging_mixin.py:151} INFO - [2023-12-12T21:26:02.465+0000] {dag.py:2915} INFO - Sync 1 DAGs
[2023-12-12T21:26:02.474+0000] {logging_mixin.py:151} INFO - [2023-12-12T21:26:02.474+0000] {dag.py:3696} INFO - Setting next_dagrun for example_time_delta_sensor_async to None, run_after=None
[2023-12-12T21:26:02.486+0000] {processor.py:179} INFO - Processing /home/airflow/.local/lib/python3.11/site-packages/airflow/example_dags/example_time_delta_sensor_async.py took 0.055 seconds
[2023-12-12T21:26:32.659+0000] {processor.py:157} INFO - Started process (PID=26836) to work on /home/airflow/.local/lib/python3.11/site-packages/airflow/example_dags/example_time_delta_sensor_async.py
[2023-12-12T21:26:32.663+0000] {processor.py:829} INFO - Processing file /home/airflow/.local/lib/python3.11/site-packages/airflow/example_dags/example_time_delta_sensor_async.py for tasks to queue
[2023-12-12T21:26:32.665+0000] {logging_mixin.py:151} INFO - [2023-12-12T21:26:32.664+0000] {dagbag.py:539} INFO - Filling up the DagBag from /home/airflow/.local/lib/python3.11/site-packages/airflow/example_dags/example_time_delta_sensor_async.py
[2023-12-12T21:26:32.671+0000] {processor.py:839} INFO - DAG(s) dict_keys(['example_time_delta_sensor_async']) retrieved from /home/airflow/.local/lib/python3.11/site-packages/airflow/example_dags/example_time_delta_sensor_async.py
[2023-12-12T21:26:32.698+0000] {logging_mixin.py:151} INFO - [2023-12-12T21:26:32.697+0000] {dag.py:2915} INFO - Sync 1 DAGs
[2023-12-12T21:26:32.707+0000] {logging_mixin.py:151} INFO - [2023-12-12T21:26:32.707+0000] {dag.py:3696} INFO - Setting next_dagrun for example_time_delta_sensor_async to None, run_after=None
[2023-12-12T21:26:32.718+0000] {processor.py:179} INFO - Processing /home/airflow/.local/lib/python3.11/site-packages/airflow/example_dags/example_time_delta_sensor_async.py took 0.062 seconds
[2023-12-12T21:27:04.359+0000] {processor.py:157} INFO - Started process (PID=26908) to work on /home/airflow/.local/lib/python3.11/site-packages/airflow/example_dags/example_time_delta_sensor_async.py
[2023-12-12T21:27:04.361+0000] {processor.py:829} INFO - Processing file /home/airflow/.local/lib/python3.11/site-packages/airflow/example_dags/example_time_delta_sensor_async.py for tasks to queue
[2023-12-12T21:27:04.362+0000] {logging_mixin.py:151} INFO - [2023-12-12T21:27:04.362+0000] {dagbag.py:539} INFO - Filling up the DagBag from /home/airflow/.local/lib/python3.11/site-packages/airflow/example_dags/example_time_delta_sensor_async.py
[2023-12-12T21:27:04.367+0000] {processor.py:839} INFO - DAG(s) dict_keys(['example_time_delta_sensor_async']) retrieved from /home/airflow/.local/lib/python3.11/site-packages/airflow/example_dags/example_time_delta_sensor_async.py
[2023-12-12T21:27:04.389+0000] {logging_mixin.py:151} INFO - [2023-12-12T21:27:04.389+0000] {dag.py:2915} INFO - Sync 1 DAGs
[2023-12-12T21:27:04.399+0000] {logging_mixin.py:151} INFO - [2023-12-12T21:27:04.399+0000] {dag.py:3696} INFO - Setting next_dagrun for example_time_delta_sensor_async to None, run_after=None
[2023-12-12T21:27:04.414+0000] {processor.py:179} INFO - Processing /home/airflow/.local/lib/python3.11/site-packages/airflow/example_dags/example_time_delta_sensor_async.py took 0.058 seconds
[2023-12-12T21:27:38.358+0000] {processor.py:157} INFO - Started process (PID=26974) to work on /home/airflow/.local/lib/python3.11/site-packages/airflow/example_dags/example_time_delta_sensor_async.py
[2023-12-12T21:27:38.377+0000] {processor.py:829} INFO - Processing file /home/airflow/.local/lib/python3.11/site-packages/airflow/example_dags/example_time_delta_sensor_async.py for tasks to queue
[2023-12-12T21:27:38.379+0000] {logging_mixin.py:151} INFO - [2023-12-12T21:27:38.378+0000] {dagbag.py:539} INFO - Filling up the DagBag from /home/airflow/.local/lib/python3.11/site-packages/airflow/example_dags/example_time_delta_sensor_async.py
[2023-12-12T21:27:38.386+0000] {processor.py:839} INFO - DAG(s) dict_keys(['example_time_delta_sensor_async']) retrieved from /home/airflow/.local/lib/python3.11/site-packages/airflow/example_dags/example_time_delta_sensor_async.py
[2023-12-12T21:27:38.419+0000] {logging_mixin.py:151} INFO - [2023-12-12T21:27:38.418+0000] {dag.py:2915} INFO - Sync 1 DAGs
[2023-12-12T21:27:38.431+0000] {logging_mixin.py:151} INFO - [2023-12-12T21:27:38.431+0000] {dag.py:3696} INFO - Setting next_dagrun for example_time_delta_sensor_async to None, run_after=None
[2023-12-12T21:27:38.442+0000] {processor.py:179} INFO - Processing /home/airflow/.local/lib/python3.11/site-packages/airflow/example_dags/example_time_delta_sensor_async.py took 0.087 seconds
[2023-12-12T21:28:10.648+0000] {processor.py:157} INFO - Started process (PID=27047) to work on /home/airflow/.local/lib/python3.11/site-packages/airflow/example_dags/example_time_delta_sensor_async.py
[2023-12-12T21:28:10.649+0000] {processor.py:829} INFO - Processing file /home/airflow/.local/lib/python3.11/site-packages/airflow/example_dags/example_time_delta_sensor_async.py for tasks to queue
[2023-12-12T21:28:10.651+0000] {logging_mixin.py:151} INFO - [2023-12-12T21:28:10.651+0000] {dagbag.py:539} INFO - Filling up the DagBag from /home/airflow/.local/lib/python3.11/site-packages/airflow/example_dags/example_time_delta_sensor_async.py
[2023-12-12T21:28:10.658+0000] {processor.py:839} INFO - DAG(s) dict_keys(['example_time_delta_sensor_async']) retrieved from /home/airflow/.local/lib/python3.11/site-packages/airflow/example_dags/example_time_delta_sensor_async.py
[2023-12-12T21:28:10.686+0000] {logging_mixin.py:151} INFO - [2023-12-12T21:28:10.686+0000] {dag.py:2915} INFO - Sync 1 DAGs
[2023-12-12T21:28:10.700+0000] {logging_mixin.py:151} INFO - [2023-12-12T21:28:10.700+0000] {dag.py:3696} INFO - Setting next_dagrun for example_time_delta_sensor_async to None, run_after=None
[2023-12-12T21:28:10.719+0000] {processor.py:179} INFO - Processing /home/airflow/.local/lib/python3.11/site-packages/airflow/example_dags/example_time_delta_sensor_async.py took 0.075 seconds
[2023-12-12T21:28:41.280+0000] {processor.py:157} INFO - Started process (PID=27113) to work on /home/airflow/.local/lib/python3.11/site-packages/airflow/example_dags/example_time_delta_sensor_async.py
[2023-12-12T21:28:41.281+0000] {processor.py:829} INFO - Processing file /home/airflow/.local/lib/python3.11/site-packages/airflow/example_dags/example_time_delta_sensor_async.py for tasks to queue
[2023-12-12T21:28:41.283+0000] {logging_mixin.py:151} INFO - [2023-12-12T21:28:41.282+0000] {dagbag.py:539} INFO - Filling up the DagBag from /home/airflow/.local/lib/python3.11/site-packages/airflow/example_dags/example_time_delta_sensor_async.py
[2023-12-12T21:28:41.287+0000] {processor.py:839} INFO - DAG(s) dict_keys(['example_time_delta_sensor_async']) retrieved from /home/airflow/.local/lib/python3.11/site-packages/airflow/example_dags/example_time_delta_sensor_async.py
[2023-12-12T21:28:41.315+0000] {logging_mixin.py:151} INFO - [2023-12-12T21:28:41.314+0000] {dag.py:2915} INFO - Sync 1 DAGs
[2023-12-12T21:28:41.327+0000] {logging_mixin.py:151} INFO - [2023-12-12T21:28:41.327+0000] {dag.py:3696} INFO - Setting next_dagrun for example_time_delta_sensor_async to None, run_after=None
[2023-12-12T21:28:41.346+0000] {processor.py:179} INFO - Processing /home/airflow/.local/lib/python3.11/site-packages/airflow/example_dags/example_time_delta_sensor_async.py took 0.069 seconds
[2023-12-12T21:29:11.846+0000] {processor.py:157} INFO - Started process (PID=27186) to work on /home/airflow/.local/lib/python3.11/site-packages/airflow/example_dags/example_time_delta_sensor_async.py
[2023-12-12T21:29:11.848+0000] {processor.py:829} INFO - Processing file /home/airflow/.local/lib/python3.11/site-packages/airflow/example_dags/example_time_delta_sensor_async.py for tasks to queue
[2023-12-12T21:29:11.849+0000] {logging_mixin.py:151} INFO - [2023-12-12T21:29:11.849+0000] {dagbag.py:539} INFO - Filling up the DagBag from /home/airflow/.local/lib/python3.11/site-packages/airflow/example_dags/example_time_delta_sensor_async.py
[2023-12-12T21:29:11.854+0000] {processor.py:839} INFO - DAG(s) dict_keys(['example_time_delta_sensor_async']) retrieved from /home/airflow/.local/lib/python3.11/site-packages/airflow/example_dags/example_time_delta_sensor_async.py
[2023-12-12T21:29:11.875+0000] {logging_mixin.py:151} INFO - [2023-12-12T21:29:11.875+0000] {dag.py:2915} INFO - Sync 1 DAGs
[2023-12-12T21:29:11.886+0000] {logging_mixin.py:151} INFO - [2023-12-12T21:29:11.886+0000] {dag.py:3696} INFO - Setting next_dagrun for example_time_delta_sensor_async to None, run_after=None
[2023-12-12T21:29:11.899+0000] {processor.py:179} INFO - Processing /home/airflow/.local/lib/python3.11/site-packages/airflow/example_dags/example_time_delta_sensor_async.py took 0.056 seconds
[2023-12-12T21:29:51.035+0000] {processor.py:157} INFO - Started process (PID=27259) to work on /home/airflow/.local/lib/python3.11/site-packages/airflow/example_dags/example_time_delta_sensor_async.py
[2023-12-12T21:29:51.037+0000] {processor.py:829} INFO - Processing file /home/airflow/.local/lib/python3.11/site-packages/airflow/example_dags/example_time_delta_sensor_async.py for tasks to queue
[2023-12-12T21:29:51.039+0000] {logging_mixin.py:151} INFO - [2023-12-12T21:29:51.038+0000] {dagbag.py:539} INFO - Filling up the DagBag from /home/airflow/.local/lib/python3.11/site-packages/airflow/example_dags/example_time_delta_sensor_async.py
[2023-12-12T21:29:51.043+0000] {processor.py:839} INFO - DAG(s) dict_keys(['example_time_delta_sensor_async']) retrieved from /home/airflow/.local/lib/python3.11/site-packages/airflow/example_dags/example_time_delta_sensor_async.py
[2023-12-12T21:29:51.064+0000] {logging_mixin.py:151} INFO - [2023-12-12T21:29:51.064+0000] {dag.py:2915} INFO - Sync 1 DAGs
[2023-12-12T21:29:51.073+0000] {logging_mixin.py:151} INFO - [2023-12-12T21:29:51.073+0000] {dag.py:3696} INFO - Setting next_dagrun for example_time_delta_sensor_async to None, run_after=None
[2023-12-12T21:29:51.087+0000] {processor.py:179} INFO - Processing /home/airflow/.local/lib/python3.11/site-packages/airflow/example_dags/example_time_delta_sensor_async.py took 0.055 seconds
[2023-12-12T22:05:25.480+0000] {processor.py:157} INFO - Started process (PID=27319) to work on /home/airflow/.local/lib/python3.11/site-packages/airflow/example_dags/example_time_delta_sensor_async.py
[2023-12-12T22:05:25.481+0000] {processor.py:829} INFO - Processing file /home/airflow/.local/lib/python3.11/site-packages/airflow/example_dags/example_time_delta_sensor_async.py for tasks to queue
[2023-12-12T22:05:25.483+0000] {logging_mixin.py:151} INFO - [2023-12-12T22:05:25.482+0000] {dagbag.py:539} INFO - Filling up the DagBag from /home/airflow/.local/lib/python3.11/site-packages/airflow/example_dags/example_time_delta_sensor_async.py
[2023-12-12T22:05:25.487+0000] {processor.py:839} INFO - DAG(s) dict_keys(['example_time_delta_sensor_async']) retrieved from /home/airflow/.local/lib/python3.11/site-packages/airflow/example_dags/example_time_delta_sensor_async.py
[2023-12-12T22:05:25.511+0000] {logging_mixin.py:151} INFO - [2023-12-12T22:05:25.511+0000] {dag.py:2915} INFO - Sync 1 DAGs
[2023-12-12T22:05:25.521+0000] {logging_mixin.py:151} INFO - [2023-12-12T22:05:25.521+0000] {dag.py:3696} INFO - Setting next_dagrun for example_time_delta_sensor_async to None, run_after=None
[2023-12-12T22:05:25.532+0000] {processor.py:179} INFO - Processing /home/airflow/.local/lib/python3.11/site-packages/airflow/example_dags/example_time_delta_sensor_async.py took 0.056 seconds
[2023-12-12T23:41:20.177+0000] {processor.py:157} INFO - Started process (PID=27393) to work on /home/airflow/.local/lib/python3.11/site-packages/airflow/example_dags/example_time_delta_sensor_async.py
[2023-12-12T23:41:20.179+0000] {processor.py:829} INFO - Processing file /home/airflow/.local/lib/python3.11/site-packages/airflow/example_dags/example_time_delta_sensor_async.py for tasks to queue
[2023-12-12T23:41:20.180+0000] {logging_mixin.py:151} INFO - [2023-12-12T23:41:20.180+0000] {dagbag.py:539} INFO - Filling up the DagBag from /home/airflow/.local/lib/python3.11/site-packages/airflow/example_dags/example_time_delta_sensor_async.py
[2023-12-12T23:41:20.185+0000] {processor.py:839} INFO - DAG(s) dict_keys(['example_time_delta_sensor_async']) retrieved from /home/airflow/.local/lib/python3.11/site-packages/airflow/example_dags/example_time_delta_sensor_async.py
[2023-12-12T23:41:20.211+0000] {logging_mixin.py:151} INFO - [2023-12-12T23:41:20.211+0000] {dag.py:2915} INFO - Sync 1 DAGs
[2023-12-12T23:41:20.225+0000] {logging_mixin.py:151} INFO - [2023-12-12T23:41:20.225+0000] {dag.py:3696} INFO - Setting next_dagrun for example_time_delta_sensor_async to None, run_after=None
[2023-12-12T23:41:20.244+0000] {processor.py:179} INFO - Processing /home/airflow/.local/lib/python3.11/site-packages/airflow/example_dags/example_time_delta_sensor_async.py took 0.071 seconds
