[2023-12-12T00:26:17.658+0000] {processor.py:157} INFO - Started process (PID=23115) to work on /home/airflow/.local/lib/python3.11/site-packages/airflow/example_dags/example_bash_operator.py
[2023-12-12T00:26:17.661+0000] {processor.py:829} INFO - Processing file /home/airflow/.local/lib/python3.11/site-packages/airflow/example_dags/example_bash_operator.py for tasks to queue
[2023-12-12T00:26:17.663+0000] {logging_mixin.py:151} INFO - [2023-12-12T00:26:17.663+0000] {dagbag.py:539} INFO - Filling up the DagBag from /home/airflow/.local/lib/python3.11/site-packages/airflow/example_dags/example_bash_operator.py
[2023-12-12T00:26:17.700+0000] {processor.py:839} INFO - DAG(s) dict_keys(['example_bash_operator']) retrieved from /home/airflow/.local/lib/python3.11/site-packages/airflow/example_dags/example_bash_operator.py
[2023-12-12T00:26:17.784+0000] {logging_mixin.py:151} INFO - [2023-12-12T00:26:17.783+0000] {dag.py:2915} INFO - Sync 1 DAGs
[2023-12-12T00:26:17.932+0000] {logging_mixin.py:151} INFO - [2023-12-12T00:26:17.931+0000] {dag.py:3696} INFO - Setting next_dagrun for example_bash_operator to 2023-12-11T00:00:00+00:00, run_after=2023-12-12T00:00:00+00:00
[2023-12-12T00:26:17.972+0000] {processor.py:179} INFO - Processing /home/airflow/.local/lib/python3.11/site-packages/airflow/example_dags/example_bash_operator.py took 0.346 seconds
[2023-12-12T01:46:56.593+0000] {processor.py:157} INFO - Started process (PID=23184) to work on /home/airflow/.local/lib/python3.11/site-packages/airflow/example_dags/example_bash_operator.py
[2023-12-12T01:46:56.597+0000] {processor.py:829} INFO - Processing file /home/airflow/.local/lib/python3.11/site-packages/airflow/example_dags/example_bash_operator.py for tasks to queue
[2023-12-12T01:46:56.599+0000] {logging_mixin.py:151} INFO - [2023-12-12T01:46:56.598+0000] {dagbag.py:539} INFO - Filling up the DagBag from /home/airflow/.local/lib/python3.11/site-packages/airflow/example_dags/example_bash_operator.py
[2023-12-12T01:46:56.613+0000] {processor.py:839} INFO - DAG(s) dict_keys(['example_bash_operator']) retrieved from /home/airflow/.local/lib/python3.11/site-packages/airflow/example_dags/example_bash_operator.py
[2023-12-12T01:46:56.655+0000] {logging_mixin.py:151} INFO - [2023-12-12T01:46:56.655+0000] {dag.py:2915} INFO - Sync 1 DAGs
[2023-12-12T01:46:56.684+0000] {logging_mixin.py:151} INFO - [2023-12-12T01:46:56.683+0000] {dag.py:3696} INFO - Setting next_dagrun for example_bash_operator to 2023-12-11T00:00:00+00:00, run_after=2023-12-12T00:00:00+00:00
[2023-12-12T01:46:56.710+0000] {processor.py:179} INFO - Processing /home/airflow/.local/lib/python3.11/site-packages/airflow/example_dags/example_bash_operator.py took 0.123 seconds
[2023-12-12T03:10:40.764+0000] {processor.py:157} INFO - Started process (PID=23256) to work on /home/airflow/.local/lib/python3.11/site-packages/airflow/example_dags/example_bash_operator.py
[2023-12-12T03:10:40.767+0000] {processor.py:829} INFO - Processing file /home/airflow/.local/lib/python3.11/site-packages/airflow/example_dags/example_bash_operator.py for tasks to queue
[2023-12-12T03:10:40.770+0000] {logging_mixin.py:151} INFO - [2023-12-12T03:10:40.769+0000] {dagbag.py:539} INFO - Filling up the DagBag from /home/airflow/.local/lib/python3.11/site-packages/airflow/example_dags/example_bash_operator.py
[2023-12-12T03:10:40.787+0000] {processor.py:839} INFO - DAG(s) dict_keys(['example_bash_operator']) retrieved from /home/airflow/.local/lib/python3.11/site-packages/airflow/example_dags/example_bash_operator.py
[2023-12-12T03:10:40.818+0000] {logging_mixin.py:151} INFO - [2023-12-12T03:10:40.818+0000] {dag.py:2915} INFO - Sync 1 DAGs
[2023-12-12T03:10:40.842+0000] {logging_mixin.py:151} INFO - [2023-12-12T03:10:40.842+0000] {dag.py:3696} INFO - Setting next_dagrun for example_bash_operator to 2023-12-11T00:00:00+00:00, run_after=2023-12-12T00:00:00+00:00
[2023-12-12T03:10:40.861+0000] {processor.py:179} INFO - Processing /home/airflow/.local/lib/python3.11/site-packages/airflow/example_dags/example_bash_operator.py took 0.103 seconds
[2023-12-12T04:32:16.221+0000] {processor.py:157} INFO - Started process (PID=23322) to work on /home/airflow/.local/lib/python3.11/site-packages/airflow/example_dags/example_bash_operator.py
[2023-12-12T04:32:16.225+0000] {processor.py:829} INFO - Processing file /home/airflow/.local/lib/python3.11/site-packages/airflow/example_dags/example_bash_operator.py for tasks to queue
[2023-12-12T04:32:16.227+0000] {logging_mixin.py:151} INFO - [2023-12-12T04:32:16.226+0000] {dagbag.py:539} INFO - Filling up the DagBag from /home/airflow/.local/lib/python3.11/site-packages/airflow/example_dags/example_bash_operator.py
[2023-12-12T04:32:16.245+0000] {processor.py:839} INFO - DAG(s) dict_keys(['example_bash_operator']) retrieved from /home/airflow/.local/lib/python3.11/site-packages/airflow/example_dags/example_bash_operator.py
[2023-12-12T04:32:16.276+0000] {logging_mixin.py:151} INFO - [2023-12-12T04:32:16.276+0000] {dag.py:2915} INFO - Sync 1 DAGs
[2023-12-12T04:32:16.296+0000] {logging_mixin.py:151} INFO - [2023-12-12T04:32:16.295+0000] {dag.py:3696} INFO - Setting next_dagrun for example_bash_operator to 2023-12-11T00:00:00+00:00, run_after=2023-12-12T00:00:00+00:00
[2023-12-12T04:32:16.320+0000] {processor.py:179} INFO - Processing /home/airflow/.local/lib/python3.11/site-packages/airflow/example_dags/example_bash_operator.py took 0.103 seconds
[2023-12-12T05:56:01.019+0000] {processor.py:157} INFO - Started process (PID=23395) to work on /home/airflow/.local/lib/python3.11/site-packages/airflow/example_dags/example_bash_operator.py
[2023-12-12T05:56:01.021+0000] {processor.py:829} INFO - Processing file /home/airflow/.local/lib/python3.11/site-packages/airflow/example_dags/example_bash_operator.py for tasks to queue
[2023-12-12T05:56:01.023+0000] {logging_mixin.py:151} INFO - [2023-12-12T05:56:01.022+0000] {dagbag.py:539} INFO - Filling up the DagBag from /home/airflow/.local/lib/python3.11/site-packages/airflow/example_dags/example_bash_operator.py
[2023-12-12T05:56:01.037+0000] {processor.py:839} INFO - DAG(s) dict_keys(['example_bash_operator']) retrieved from /home/airflow/.local/lib/python3.11/site-packages/airflow/example_dags/example_bash_operator.py
[2023-12-12T05:56:01.068+0000] {logging_mixin.py:151} INFO - [2023-12-12T05:56:01.068+0000] {dag.py:2915} INFO - Sync 1 DAGs
[2023-12-12T05:56:01.084+0000] {logging_mixin.py:151} INFO - [2023-12-12T05:56:01.084+0000] {dag.py:3696} INFO - Setting next_dagrun for example_bash_operator to 2023-12-11T00:00:00+00:00, run_after=2023-12-12T00:00:00+00:00
[2023-12-12T05:56:01.096+0000] {processor.py:179} INFO - Processing /home/airflow/.local/lib/python3.11/site-packages/airflow/example_dags/example_bash_operator.py took 0.081 seconds
[2023-12-12T06:53:36.132+0000] {processor.py:157} INFO - Started process (PID=23461) to work on /home/airflow/.local/lib/python3.11/site-packages/airflow/example_dags/example_bash_operator.py
[2023-12-12T06:53:36.147+0000] {processor.py:829} INFO - Processing file /home/airflow/.local/lib/python3.11/site-packages/airflow/example_dags/example_bash_operator.py for tasks to queue
[2023-12-12T06:53:36.151+0000] {logging_mixin.py:151} INFO - [2023-12-12T06:53:36.150+0000] {dagbag.py:539} INFO - Filling up the DagBag from /home/airflow/.local/lib/python3.11/site-packages/airflow/example_dags/example_bash_operator.py
[2023-12-12T06:53:36.184+0000] {processor.py:839} INFO - DAG(s) dict_keys(['example_bash_operator']) retrieved from /home/airflow/.local/lib/python3.11/site-packages/airflow/example_dags/example_bash_operator.py
[2023-12-12T06:53:36.293+0000] {logging_mixin.py:151} INFO - [2023-12-12T06:53:36.292+0000] {dag.py:2915} INFO - Sync 1 DAGs
[2023-12-12T06:53:36.326+0000] {logging_mixin.py:151} INFO - [2023-12-12T06:53:36.326+0000] {dag.py:3696} INFO - Setting next_dagrun for example_bash_operator to 2023-12-11T00:00:00+00:00, run_after=2023-12-12T00:00:00+00:00
[2023-12-12T06:53:36.348+0000] {processor.py:179} INFO - Processing /home/airflow/.local/lib/python3.11/site-packages/airflow/example_dags/example_bash_operator.py took 0.224 seconds
[2023-12-12T08:21:03.512+0000] {processor.py:157} INFO - Started process (PID=23534) to work on /home/airflow/.local/lib/python3.11/site-packages/airflow/example_dags/example_bash_operator.py
[2023-12-12T08:21:03.515+0000] {processor.py:829} INFO - Processing file /home/airflow/.local/lib/python3.11/site-packages/airflow/example_dags/example_bash_operator.py for tasks to queue
[2023-12-12T08:21:03.516+0000] {logging_mixin.py:151} INFO - [2023-12-12T08:21:03.515+0000] {dagbag.py:539} INFO - Filling up the DagBag from /home/airflow/.local/lib/python3.11/site-packages/airflow/example_dags/example_bash_operator.py
[2023-12-12T08:21:03.526+0000] {processor.py:839} INFO - DAG(s) dict_keys(['example_bash_operator']) retrieved from /home/airflow/.local/lib/python3.11/site-packages/airflow/example_dags/example_bash_operator.py
[2023-12-12T08:21:03.552+0000] {logging_mixin.py:151} INFO - [2023-12-12T08:21:03.552+0000] {dag.py:2915} INFO - Sync 1 DAGs
[2023-12-12T08:21:03.569+0000] {logging_mixin.py:151} INFO - [2023-12-12T08:21:03.569+0000] {dag.py:3696} INFO - Setting next_dagrun for example_bash_operator to 2023-12-11T00:00:00+00:00, run_after=2023-12-12T00:00:00+00:00
[2023-12-12T08:21:03.582+0000] {processor.py:179} INFO - Processing /home/airflow/.local/lib/python3.11/site-packages/airflow/example_dags/example_bash_operator.py took 0.073 seconds
[2023-12-12T09:44:45.657+0000] {processor.py:157} INFO - Started process (PID=23607) to work on /home/airflow/.local/lib/python3.11/site-packages/airflow/example_dags/example_bash_operator.py
[2023-12-12T09:44:45.659+0000] {processor.py:829} INFO - Processing file /home/airflow/.local/lib/python3.11/site-packages/airflow/example_dags/example_bash_operator.py for tasks to queue
[2023-12-12T09:44:45.661+0000] {logging_mixin.py:151} INFO - [2023-12-12T09:44:45.661+0000] {dagbag.py:539} INFO - Filling up the DagBag from /home/airflow/.local/lib/python3.11/site-packages/airflow/example_dags/example_bash_operator.py
[2023-12-12T09:44:45.679+0000] {processor.py:839} INFO - DAG(s) dict_keys(['example_bash_operator']) retrieved from /home/airflow/.local/lib/python3.11/site-packages/airflow/example_dags/example_bash_operator.py
[2023-12-12T09:44:45.723+0000] {logging_mixin.py:151} INFO - [2023-12-12T09:44:45.723+0000] {dag.py:2915} INFO - Sync 1 DAGs
[2023-12-12T09:44:45.753+0000] {logging_mixin.py:151} INFO - [2023-12-12T09:44:45.752+0000] {dag.py:3696} INFO - Setting next_dagrun for example_bash_operator to 2023-12-11T00:00:00+00:00, run_after=2023-12-12T00:00:00+00:00
[2023-12-12T09:44:45.794+0000] {processor.py:179} INFO - Processing /home/airflow/.local/lib/python3.11/site-packages/airflow/example_dags/example_bash_operator.py took 0.141 seconds
[2023-12-12T11:05:29.793+0000] {processor.py:157} INFO - Started process (PID=23673) to work on /home/airflow/.local/lib/python3.11/site-packages/airflow/example_dags/example_bash_operator.py
[2023-12-12T11:05:29.797+0000] {processor.py:829} INFO - Processing file /home/airflow/.local/lib/python3.11/site-packages/airflow/example_dags/example_bash_operator.py for tasks to queue
[2023-12-12T11:05:29.800+0000] {logging_mixin.py:151} INFO - [2023-12-12T11:05:29.799+0000] {dagbag.py:539} INFO - Filling up the DagBag from /home/airflow/.local/lib/python3.11/site-packages/airflow/example_dags/example_bash_operator.py
[2023-12-12T11:05:29.818+0000] {processor.py:839} INFO - DAG(s) dict_keys(['example_bash_operator']) retrieved from /home/airflow/.local/lib/python3.11/site-packages/airflow/example_dags/example_bash_operator.py
[2023-12-12T11:05:30.322+0000] {logging_mixin.py:151} INFO - [2023-12-12T11:05:30.321+0000] {dag.py:2915} INFO - Sync 1 DAGs
[2023-12-12T11:05:30.425+0000] {logging_mixin.py:151} INFO - [2023-12-12T11:05:30.425+0000] {dag.py:3696} INFO - Setting next_dagrun for example_bash_operator to 2023-12-11T00:00:00+00:00, run_after=2023-12-12T00:00:00+00:00
[2023-12-12T11:05:30.486+0000] {processor.py:179} INFO - Processing /home/airflow/.local/lib/python3.11/site-packages/airflow/example_dags/example_bash_operator.py took 0.697 seconds
[2023-12-12T12:33:22.045+0000] {processor.py:157} INFO - Started process (PID=23746) to work on /home/airflow/.local/lib/python3.11/site-packages/airflow/example_dags/example_bash_operator.py
[2023-12-12T12:33:22.055+0000] {processor.py:829} INFO - Processing file /home/airflow/.local/lib/python3.11/site-packages/airflow/example_dags/example_bash_operator.py for tasks to queue
[2023-12-12T12:33:22.058+0000] {logging_mixin.py:151} INFO - [2023-12-12T12:33:22.057+0000] {dagbag.py:539} INFO - Filling up the DagBag from /home/airflow/.local/lib/python3.11/site-packages/airflow/example_dags/example_bash_operator.py
[2023-12-12T12:33:22.095+0000] {processor.py:839} INFO - DAG(s) dict_keys(['example_bash_operator']) retrieved from /home/airflow/.local/lib/python3.11/site-packages/airflow/example_dags/example_bash_operator.py
[2023-12-12T12:33:22.151+0000] {logging_mixin.py:151} INFO - [2023-12-12T12:33:22.151+0000] {dag.py:2915} INFO - Sync 1 DAGs
[2023-12-12T12:33:22.193+0000] {logging_mixin.py:151} INFO - [2023-12-12T12:33:22.192+0000] {dag.py:3696} INFO - Setting next_dagrun for example_bash_operator to 2023-12-11T00:00:00+00:00, run_after=2023-12-12T00:00:00+00:00
[2023-12-12T12:33:22.211+0000] {processor.py:179} INFO - Processing /home/airflow/.local/lib/python3.11/site-packages/airflow/example_dags/example_bash_operator.py took 0.170 seconds
[2023-12-12T13:05:07.491+0000] {processor.py:157} INFO - Started process (PID=23813) to work on /home/airflow/.local/lib/python3.11/site-packages/airflow/example_dags/example_bash_operator.py
[2023-12-12T13:05:07.493+0000] {processor.py:829} INFO - Processing file /home/airflow/.local/lib/python3.11/site-packages/airflow/example_dags/example_bash_operator.py for tasks to queue
[2023-12-12T13:05:07.495+0000] {logging_mixin.py:151} INFO - [2023-12-12T13:05:07.494+0000] {dagbag.py:539} INFO - Filling up the DagBag from /home/airflow/.local/lib/python3.11/site-packages/airflow/example_dags/example_bash_operator.py
[2023-12-12T13:05:07.506+0000] {processor.py:839} INFO - DAG(s) dict_keys(['example_bash_operator']) retrieved from /home/airflow/.local/lib/python3.11/site-packages/airflow/example_dags/example_bash_operator.py
[2023-12-12T13:05:07.559+0000] {logging_mixin.py:151} INFO - [2023-12-12T13:05:07.557+0000] {dag.py:2915} INFO - Sync 1 DAGs
[2023-12-12T13:05:07.590+0000] {logging_mixin.py:151} INFO - [2023-12-12T13:05:07.590+0000] {dag.py:3696} INFO - Setting next_dagrun for example_bash_operator to 2023-12-11T00:00:00+00:00, run_after=2023-12-12T00:00:00+00:00
[2023-12-12T13:05:07.608+0000] {processor.py:179} INFO - Processing /home/airflow/.local/lib/python3.11/site-packages/airflow/example_dags/example_bash_operator.py took 0.120 seconds
[2023-12-12T13:05:38.294+0000] {processor.py:157} INFO - Started process (PID=23885) to work on /home/airflow/.local/lib/python3.11/site-packages/airflow/example_dags/example_bash_operator.py
[2023-12-12T13:05:38.296+0000] {processor.py:829} INFO - Processing file /home/airflow/.local/lib/python3.11/site-packages/airflow/example_dags/example_bash_operator.py for tasks to queue
[2023-12-12T13:05:38.297+0000] {logging_mixin.py:151} INFO - [2023-12-12T13:05:38.296+0000] {dagbag.py:539} INFO - Filling up the DagBag from /home/airflow/.local/lib/python3.11/site-packages/airflow/example_dags/example_bash_operator.py
[2023-12-12T13:05:38.310+0000] {processor.py:839} INFO - DAG(s) dict_keys(['example_bash_operator']) retrieved from /home/airflow/.local/lib/python3.11/site-packages/airflow/example_dags/example_bash_operator.py
[2023-12-12T13:05:38.336+0000] {logging_mixin.py:151} INFO - [2023-12-12T13:05:38.336+0000] {dag.py:2915} INFO - Sync 1 DAGs
[2023-12-12T13:05:38.354+0000] {logging_mixin.py:151} INFO - [2023-12-12T13:05:38.354+0000] {dag.py:3696} INFO - Setting next_dagrun for example_bash_operator to 2023-12-11T00:00:00+00:00, run_after=2023-12-12T00:00:00+00:00
[2023-12-12T13:05:38.368+0000] {processor.py:179} INFO - Processing /home/airflow/.local/lib/python3.11/site-packages/airflow/example_dags/example_bash_operator.py took 0.076 seconds
[2023-12-12T13:06:09.198+0000] {processor.py:157} INFO - Started process (PID=23951) to work on /home/airflow/.local/lib/python3.11/site-packages/airflow/example_dags/example_bash_operator.py
[2023-12-12T13:06:09.202+0000] {processor.py:829} INFO - Processing file /home/airflow/.local/lib/python3.11/site-packages/airflow/example_dags/example_bash_operator.py for tasks to queue
[2023-12-12T13:06:09.205+0000] {logging_mixin.py:151} INFO - [2023-12-12T13:06:09.204+0000] {dagbag.py:539} INFO - Filling up the DagBag from /home/airflow/.local/lib/python3.11/site-packages/airflow/example_dags/example_bash_operator.py
[2023-12-12T13:06:09.216+0000] {processor.py:839} INFO - DAG(s) dict_keys(['example_bash_operator']) retrieved from /home/airflow/.local/lib/python3.11/site-packages/airflow/example_dags/example_bash_operator.py
[2023-12-12T13:06:09.240+0000] {logging_mixin.py:151} INFO - [2023-12-12T13:06:09.240+0000] {dag.py:2915} INFO - Sync 1 DAGs
[2023-12-12T13:06:09.256+0000] {logging_mixin.py:151} INFO - [2023-12-12T13:06:09.256+0000] {dag.py:3696} INFO - Setting next_dagrun for example_bash_operator to 2023-12-11T00:00:00+00:00, run_after=2023-12-12T00:00:00+00:00
[2023-12-12T13:06:09.270+0000] {processor.py:179} INFO - Processing /home/airflow/.local/lib/python3.11/site-packages/airflow/example_dags/example_bash_operator.py took 0.075 seconds
[2023-12-12T13:06:39.590+0000] {processor.py:157} INFO - Started process (PID=24023) to work on /home/airflow/.local/lib/python3.11/site-packages/airflow/example_dags/example_bash_operator.py
[2023-12-12T13:06:39.592+0000] {processor.py:829} INFO - Processing file /home/airflow/.local/lib/python3.11/site-packages/airflow/example_dags/example_bash_operator.py for tasks to queue
[2023-12-12T13:06:39.594+0000] {logging_mixin.py:151} INFO - [2023-12-12T13:06:39.594+0000] {dagbag.py:539} INFO - Filling up the DagBag from /home/airflow/.local/lib/python3.11/site-packages/airflow/example_dags/example_bash_operator.py
[2023-12-12T13:06:39.611+0000] {processor.py:839} INFO - DAG(s) dict_keys(['example_bash_operator']) retrieved from /home/airflow/.local/lib/python3.11/site-packages/airflow/example_dags/example_bash_operator.py
[2023-12-12T13:06:39.639+0000] {logging_mixin.py:151} INFO - [2023-12-12T13:06:39.639+0000] {dag.py:2915} INFO - Sync 1 DAGs
[2023-12-12T13:06:39.660+0000] {logging_mixin.py:151} INFO - [2023-12-12T13:06:39.660+0000] {dag.py:3696} INFO - Setting next_dagrun for example_bash_operator to 2023-12-11T00:00:00+00:00, run_after=2023-12-12T00:00:00+00:00
[2023-12-12T13:06:39.674+0000] {processor.py:179} INFO - Processing /home/airflow/.local/lib/python3.11/site-packages/airflow/example_dags/example_bash_operator.py took 0.088 seconds
[2023-12-12T13:07:10.307+0000] {processor.py:157} INFO - Started process (PID=24095) to work on /home/airflow/.local/lib/python3.11/site-packages/airflow/example_dags/example_bash_operator.py
[2023-12-12T13:07:10.309+0000] {processor.py:829} INFO - Processing file /home/airflow/.local/lib/python3.11/site-packages/airflow/example_dags/example_bash_operator.py for tasks to queue
[2023-12-12T13:07:10.310+0000] {logging_mixin.py:151} INFO - [2023-12-12T13:07:10.309+0000] {dagbag.py:539} INFO - Filling up the DagBag from /home/airflow/.local/lib/python3.11/site-packages/airflow/example_dags/example_bash_operator.py
[2023-12-12T13:07:10.319+0000] {processor.py:839} INFO - DAG(s) dict_keys(['example_bash_operator']) retrieved from /home/airflow/.local/lib/python3.11/site-packages/airflow/example_dags/example_bash_operator.py
[2023-12-12T13:07:10.339+0000] {logging_mixin.py:151} INFO - [2023-12-12T13:07:10.339+0000] {dag.py:2915} INFO - Sync 1 DAGs
[2023-12-12T13:07:10.353+0000] {logging_mixin.py:151} INFO - [2023-12-12T13:07:10.353+0000] {dag.py:3696} INFO - Setting next_dagrun for example_bash_operator to 2023-12-11T00:00:00+00:00, run_after=2023-12-12T00:00:00+00:00
[2023-12-12T13:07:10.363+0000] {processor.py:179} INFO - Processing /home/airflow/.local/lib/python3.11/site-packages/airflow/example_dags/example_bash_operator.py took 0.058 seconds
[2023-12-12T13:07:40.776+0000] {processor.py:157} INFO - Started process (PID=24160) to work on /home/airflow/.local/lib/python3.11/site-packages/airflow/example_dags/example_bash_operator.py
[2023-12-12T13:07:40.778+0000] {processor.py:829} INFO - Processing file /home/airflow/.local/lib/python3.11/site-packages/airflow/example_dags/example_bash_operator.py for tasks to queue
[2023-12-12T13:07:40.779+0000] {logging_mixin.py:151} INFO - [2023-12-12T13:07:40.779+0000] {dagbag.py:539} INFO - Filling up the DagBag from /home/airflow/.local/lib/python3.11/site-packages/airflow/example_dags/example_bash_operator.py
[2023-12-12T13:07:40.789+0000] {processor.py:839} INFO - DAG(s) dict_keys(['example_bash_operator']) retrieved from /home/airflow/.local/lib/python3.11/site-packages/airflow/example_dags/example_bash_operator.py
[2023-12-12T13:07:40.815+0000] {logging_mixin.py:151} INFO - [2023-12-12T13:07:40.815+0000] {dag.py:2915} INFO - Sync 1 DAGs
[2023-12-12T13:07:40.830+0000] {logging_mixin.py:151} INFO - [2023-12-12T13:07:40.829+0000] {dag.py:3696} INFO - Setting next_dagrun for example_bash_operator to 2023-12-11T00:00:00+00:00, run_after=2023-12-12T00:00:00+00:00
[2023-12-12T13:07:40.840+0000] {processor.py:179} INFO - Processing /home/airflow/.local/lib/python3.11/site-packages/airflow/example_dags/example_bash_operator.py took 0.067 seconds
[2023-12-12T13:08:11.428+0000] {processor.py:157} INFO - Started process (PID=24234) to work on /home/airflow/.local/lib/python3.11/site-packages/airflow/example_dags/example_bash_operator.py
[2023-12-12T13:08:11.433+0000] {processor.py:829} INFO - Processing file /home/airflow/.local/lib/python3.11/site-packages/airflow/example_dags/example_bash_operator.py for tasks to queue
[2023-12-12T13:08:11.438+0000] {logging_mixin.py:151} INFO - [2023-12-12T13:08:11.438+0000] {dagbag.py:539} INFO - Filling up the DagBag from /home/airflow/.local/lib/python3.11/site-packages/airflow/example_dags/example_bash_operator.py
[2023-12-12T13:08:11.462+0000] {processor.py:839} INFO - DAG(s) dict_keys(['example_bash_operator']) retrieved from /home/airflow/.local/lib/python3.11/site-packages/airflow/example_dags/example_bash_operator.py
[2023-12-12T13:08:11.524+0000] {logging_mixin.py:151} INFO - [2023-12-12T13:08:11.524+0000] {dag.py:2915} INFO - Sync 1 DAGs
[2023-12-12T13:08:11.548+0000] {logging_mixin.py:151} INFO - [2023-12-12T13:08:11.548+0000] {dag.py:3696} INFO - Setting next_dagrun for example_bash_operator to 2023-12-11T00:00:00+00:00, run_after=2023-12-12T00:00:00+00:00
[2023-12-12T13:08:11.562+0000] {processor.py:179} INFO - Processing /home/airflow/.local/lib/python3.11/site-packages/airflow/example_dags/example_bash_operator.py took 0.139 seconds
[2023-12-12T13:39:01.845+0000] {processor.py:157} INFO - Started process (PID=24301) to work on /home/airflow/.local/lib/python3.11/site-packages/airflow/example_dags/example_bash_operator.py
[2023-12-12T13:39:01.847+0000] {processor.py:829} INFO - Processing file /home/airflow/.local/lib/python3.11/site-packages/airflow/example_dags/example_bash_operator.py for tasks to queue
[2023-12-12T13:39:01.848+0000] {logging_mixin.py:151} INFO - [2023-12-12T13:39:01.848+0000] {dagbag.py:539} INFO - Filling up the DagBag from /home/airflow/.local/lib/python3.11/site-packages/airflow/example_dags/example_bash_operator.py
[2023-12-12T13:39:01.860+0000] {processor.py:839} INFO - DAG(s) dict_keys(['example_bash_operator']) retrieved from /home/airflow/.local/lib/python3.11/site-packages/airflow/example_dags/example_bash_operator.py
[2023-12-12T13:39:01.892+0000] {logging_mixin.py:151} INFO - [2023-12-12T13:39:01.892+0000] {dag.py:2915} INFO - Sync 1 DAGs
[2023-12-12T13:39:01.910+0000] {logging_mixin.py:151} INFO - [2023-12-12T13:39:01.909+0000] {dag.py:3696} INFO - Setting next_dagrun for example_bash_operator to 2023-12-11T00:00:00+00:00, run_after=2023-12-12T00:00:00+00:00
[2023-12-12T13:39:01.921+0000] {processor.py:179} INFO - Processing /home/airflow/.local/lib/python3.11/site-packages/airflow/example_dags/example_bash_operator.py took 0.080 seconds
[2023-12-12T13:50:25.412+0000] {processor.py:157} INFO - Started process (PID=24374) to work on /home/airflow/.local/lib/python3.11/site-packages/airflow/example_dags/example_bash_operator.py
[2023-12-12T13:50:25.415+0000] {processor.py:829} INFO - Processing file /home/airflow/.local/lib/python3.11/site-packages/airflow/example_dags/example_bash_operator.py for tasks to queue
[2023-12-12T13:50:25.417+0000] {logging_mixin.py:151} INFO - [2023-12-12T13:50:25.416+0000] {dagbag.py:539} INFO - Filling up the DagBag from /home/airflow/.local/lib/python3.11/site-packages/airflow/example_dags/example_bash_operator.py
[2023-12-12T13:50:25.450+0000] {processor.py:839} INFO - DAG(s) dict_keys(['example_bash_operator']) retrieved from /home/airflow/.local/lib/python3.11/site-packages/airflow/example_dags/example_bash_operator.py
[2023-12-12T13:50:25.502+0000] {logging_mixin.py:151} INFO - [2023-12-12T13:50:25.502+0000] {dag.py:2915} INFO - Sync 1 DAGs
[2023-12-12T13:50:25.541+0000] {logging_mixin.py:151} INFO - [2023-12-12T13:50:25.541+0000] {dag.py:3696} INFO - Setting next_dagrun for example_bash_operator to 2023-12-11T00:00:00+00:00, run_after=2023-12-12T00:00:00+00:00
[2023-12-12T13:50:25.589+0000] {processor.py:179} INFO - Processing /home/airflow/.local/lib/python3.11/site-packages/airflow/example_dags/example_bash_operator.py took 0.178 seconds
[2023-12-12T13:50:56.258+0000] {processor.py:157} INFO - Started process (PID=24440) to work on /home/airflow/.local/lib/python3.11/site-packages/airflow/example_dags/example_bash_operator.py
[2023-12-12T13:50:56.259+0000] {processor.py:829} INFO - Processing file /home/airflow/.local/lib/python3.11/site-packages/airflow/example_dags/example_bash_operator.py for tasks to queue
[2023-12-12T13:50:56.260+0000] {logging_mixin.py:151} INFO - [2023-12-12T13:50:56.260+0000] {dagbag.py:539} INFO - Filling up the DagBag from /home/airflow/.local/lib/python3.11/site-packages/airflow/example_dags/example_bash_operator.py
[2023-12-12T13:50:56.270+0000] {processor.py:839} INFO - DAG(s) dict_keys(['example_bash_operator']) retrieved from /home/airflow/.local/lib/python3.11/site-packages/airflow/example_dags/example_bash_operator.py
[2023-12-12T13:50:56.294+0000] {logging_mixin.py:151} INFO - [2023-12-12T13:50:56.294+0000] {dag.py:2915} INFO - Sync 1 DAGs
[2023-12-12T13:50:56.308+0000] {logging_mixin.py:151} INFO - [2023-12-12T13:50:56.308+0000] {dag.py:3696} INFO - Setting next_dagrun for example_bash_operator to 2023-12-11T00:00:00+00:00, run_after=2023-12-12T00:00:00+00:00
[2023-12-12T13:50:56.321+0000] {processor.py:179} INFO - Processing /home/airflow/.local/lib/python3.11/site-packages/airflow/example_dags/example_bash_operator.py took 0.066 seconds
[2023-12-12T13:51:26.718+0000] {processor.py:157} INFO - Started process (PID=24511) to work on /home/airflow/.local/lib/python3.11/site-packages/airflow/example_dags/example_bash_operator.py
[2023-12-12T13:51:26.720+0000] {processor.py:829} INFO - Processing file /home/airflow/.local/lib/python3.11/site-packages/airflow/example_dags/example_bash_operator.py for tasks to queue
[2023-12-12T13:51:26.721+0000] {logging_mixin.py:151} INFO - [2023-12-12T13:51:26.721+0000] {dagbag.py:539} INFO - Filling up the DagBag from /home/airflow/.local/lib/python3.11/site-packages/airflow/example_dags/example_bash_operator.py
[2023-12-12T13:51:26.732+0000] {processor.py:839} INFO - DAG(s) dict_keys(['example_bash_operator']) retrieved from /home/airflow/.local/lib/python3.11/site-packages/airflow/example_dags/example_bash_operator.py
[2023-12-12T13:51:26.757+0000] {logging_mixin.py:151} INFO - [2023-12-12T13:51:26.756+0000] {dag.py:2915} INFO - Sync 1 DAGs
[2023-12-12T13:51:26.773+0000] {logging_mixin.py:151} INFO - [2023-12-12T13:51:26.773+0000] {dag.py:3696} INFO - Setting next_dagrun for example_bash_operator to 2023-12-11T00:00:00+00:00, run_after=2023-12-12T00:00:00+00:00
[2023-12-12T13:51:26.787+0000] {processor.py:179} INFO - Processing /home/airflow/.local/lib/python3.11/site-packages/airflow/example_dags/example_bash_operator.py took 0.072 seconds
[2023-12-12T13:51:57.605+0000] {processor.py:157} INFO - Started process (PID=24582) to work on /home/airflow/.local/lib/python3.11/site-packages/airflow/example_dags/example_bash_operator.py
[2023-12-12T13:51:57.608+0000] {processor.py:829} INFO - Processing file /home/airflow/.local/lib/python3.11/site-packages/airflow/example_dags/example_bash_operator.py for tasks to queue
[2023-12-12T13:51:57.609+0000] {logging_mixin.py:151} INFO - [2023-12-12T13:51:57.609+0000] {dagbag.py:539} INFO - Filling up the DagBag from /home/airflow/.local/lib/python3.11/site-packages/airflow/example_dags/example_bash_operator.py
[2023-12-12T13:51:57.623+0000] {processor.py:839} INFO - DAG(s) dict_keys(['example_bash_operator']) retrieved from /home/airflow/.local/lib/python3.11/site-packages/airflow/example_dags/example_bash_operator.py
[2023-12-12T13:51:57.648+0000] {logging_mixin.py:151} INFO - [2023-12-12T13:51:57.648+0000] {dag.py:2915} INFO - Sync 1 DAGs
[2023-12-12T13:51:57.670+0000] {logging_mixin.py:151} INFO - [2023-12-12T13:51:57.670+0000] {dag.py:3696} INFO - Setting next_dagrun for example_bash_operator to 2023-12-11T00:00:00+00:00, run_after=2023-12-12T00:00:00+00:00
[2023-12-12T13:51:57.704+0000] {processor.py:179} INFO - Processing /home/airflow/.local/lib/python3.11/site-packages/airflow/example_dags/example_bash_operator.py took 0.102 seconds
[2023-12-12T14:03:44.673+0000] {processor.py:157} INFO - Started process (PID=24648) to work on /home/airflow/.local/lib/python3.11/site-packages/airflow/example_dags/example_bash_operator.py
[2023-12-12T14:03:44.676+0000] {processor.py:829} INFO - Processing file /home/airflow/.local/lib/python3.11/site-packages/airflow/example_dags/example_bash_operator.py for tasks to queue
[2023-12-12T14:03:44.678+0000] {logging_mixin.py:151} INFO - [2023-12-12T14:03:44.678+0000] {dagbag.py:539} INFO - Filling up the DagBag from /home/airflow/.local/lib/python3.11/site-packages/airflow/example_dags/example_bash_operator.py
[2023-12-12T14:03:44.704+0000] {processor.py:839} INFO - DAG(s) dict_keys(['example_bash_operator']) retrieved from /home/airflow/.local/lib/python3.11/site-packages/airflow/example_dags/example_bash_operator.py
[2023-12-12T14:03:44.756+0000] {logging_mixin.py:151} INFO - [2023-12-12T14:03:44.756+0000] {dag.py:2915} INFO - Sync 1 DAGs
[2023-12-12T14:03:44.791+0000] {logging_mixin.py:151} INFO - [2023-12-12T14:03:44.791+0000] {dag.py:3696} INFO - Setting next_dagrun for example_bash_operator to 2023-12-11T00:00:00+00:00, run_after=2023-12-12T00:00:00+00:00
[2023-12-12T14:03:44.810+0000] {processor.py:179} INFO - Processing /home/airflow/.local/lib/python3.11/site-packages/airflow/example_dags/example_bash_operator.py took 0.142 seconds
[2023-12-12T14:04:15.071+0000] {processor.py:157} INFO - Started process (PID=24719) to work on /home/airflow/.local/lib/python3.11/site-packages/airflow/example_dags/example_bash_operator.py
[2023-12-12T14:04:15.073+0000] {processor.py:829} INFO - Processing file /home/airflow/.local/lib/python3.11/site-packages/airflow/example_dags/example_bash_operator.py for tasks to queue
[2023-12-12T14:04:15.075+0000] {logging_mixin.py:151} INFO - [2023-12-12T14:04:15.075+0000] {dagbag.py:539} INFO - Filling up the DagBag from /home/airflow/.local/lib/python3.11/site-packages/airflow/example_dags/example_bash_operator.py
[2023-12-12T14:04:15.085+0000] {processor.py:839} INFO - DAG(s) dict_keys(['example_bash_operator']) retrieved from /home/airflow/.local/lib/python3.11/site-packages/airflow/example_dags/example_bash_operator.py
[2023-12-12T14:04:15.109+0000] {logging_mixin.py:151} INFO - [2023-12-12T14:04:15.108+0000] {dag.py:2915} INFO - Sync 1 DAGs
[2023-12-12T14:04:15.126+0000] {logging_mixin.py:151} INFO - [2023-12-12T14:04:15.126+0000] {dag.py:3696} INFO - Setting next_dagrun for example_bash_operator to 2023-12-11T00:00:00+00:00, run_after=2023-12-12T00:00:00+00:00
[2023-12-12T14:04:15.140+0000] {processor.py:179} INFO - Processing /home/airflow/.local/lib/python3.11/site-packages/airflow/example_dags/example_bash_operator.py took 0.072 seconds
[2023-12-12T14:04:46.205+0000] {processor.py:157} INFO - Started process (PID=24793) to work on /home/airflow/.local/lib/python3.11/site-packages/airflow/example_dags/example_bash_operator.py
[2023-12-12T14:04:46.208+0000] {processor.py:829} INFO - Processing file /home/airflow/.local/lib/python3.11/site-packages/airflow/example_dags/example_bash_operator.py for tasks to queue
[2023-12-12T14:04:46.209+0000] {logging_mixin.py:151} INFO - [2023-12-12T14:04:46.209+0000] {dagbag.py:539} INFO - Filling up the DagBag from /home/airflow/.local/lib/python3.11/site-packages/airflow/example_dags/example_bash_operator.py
[2023-12-12T14:04:46.222+0000] {processor.py:839} INFO - DAG(s) dict_keys(['example_bash_operator']) retrieved from /home/airflow/.local/lib/python3.11/site-packages/airflow/example_dags/example_bash_operator.py
[2023-12-12T14:04:46.250+0000] {logging_mixin.py:151} INFO - [2023-12-12T14:04:46.249+0000] {dag.py:2915} INFO - Sync 1 DAGs
[2023-12-12T14:04:46.267+0000] {logging_mixin.py:151} INFO - [2023-12-12T14:04:46.267+0000] {dag.py:3696} INFO - Setting next_dagrun for example_bash_operator to 2023-12-11T00:00:00+00:00, run_after=2023-12-12T00:00:00+00:00
[2023-12-12T14:04:46.280+0000] {processor.py:179} INFO - Processing /home/airflow/.local/lib/python3.11/site-packages/airflow/example_dags/example_bash_operator.py took 0.078 seconds
[2023-12-12T14:05:16.346+0000] {processor.py:157} INFO - Started process (PID=24859) to work on /home/airflow/.local/lib/python3.11/site-packages/airflow/example_dags/example_bash_operator.py
[2023-12-12T14:05:16.348+0000] {processor.py:829} INFO - Processing file /home/airflow/.local/lib/python3.11/site-packages/airflow/example_dags/example_bash_operator.py for tasks to queue
[2023-12-12T14:05:16.349+0000] {logging_mixin.py:151} INFO - [2023-12-12T14:05:16.349+0000] {dagbag.py:539} INFO - Filling up the DagBag from /home/airflow/.local/lib/python3.11/site-packages/airflow/example_dags/example_bash_operator.py
[2023-12-12T14:05:16.358+0000] {processor.py:839} INFO - DAG(s) dict_keys(['example_bash_operator']) retrieved from /home/airflow/.local/lib/python3.11/site-packages/airflow/example_dags/example_bash_operator.py
[2023-12-12T14:05:16.381+0000] {logging_mixin.py:151} INFO - [2023-12-12T14:05:16.381+0000] {dag.py:2915} INFO - Sync 1 DAGs
[2023-12-12T14:05:16.395+0000] {logging_mixin.py:151} INFO - [2023-12-12T14:05:16.395+0000] {dag.py:3696} INFO - Setting next_dagrun for example_bash_operator to 2023-12-11T00:00:00+00:00, run_after=2023-12-12T00:00:00+00:00
[2023-12-12T14:05:16.405+0000] {processor.py:179} INFO - Processing /home/airflow/.local/lib/python3.11/site-packages/airflow/example_dags/example_bash_operator.py took 0.061 seconds
[2023-12-12T14:05:46.887+0000] {processor.py:157} INFO - Started process (PID=24932) to work on /home/airflow/.local/lib/python3.11/site-packages/airflow/example_dags/example_bash_operator.py
[2023-12-12T14:05:46.888+0000] {processor.py:829} INFO - Processing file /home/airflow/.local/lib/python3.11/site-packages/airflow/example_dags/example_bash_operator.py for tasks to queue
[2023-12-12T14:05:46.890+0000] {logging_mixin.py:151} INFO - [2023-12-12T14:05:46.889+0000] {dagbag.py:539} INFO - Filling up the DagBag from /home/airflow/.local/lib/python3.11/site-packages/airflow/example_dags/example_bash_operator.py
[2023-12-12T14:05:46.903+0000] {processor.py:839} INFO - DAG(s) dict_keys(['example_bash_operator']) retrieved from /home/airflow/.local/lib/python3.11/site-packages/airflow/example_dags/example_bash_operator.py
[2023-12-12T14:05:46.926+0000] {logging_mixin.py:151} INFO - [2023-12-12T14:05:46.926+0000] {dag.py:2915} INFO - Sync 1 DAGs
[2023-12-12T14:05:46.941+0000] {logging_mixin.py:151} INFO - [2023-12-12T14:05:46.941+0000] {dag.py:3696} INFO - Setting next_dagrun for example_bash_operator to 2023-12-11T00:00:00+00:00, run_after=2023-12-12T00:00:00+00:00
[2023-12-12T14:05:46.953+0000] {processor.py:179} INFO - Processing /home/airflow/.local/lib/python3.11/site-packages/airflow/example_dags/example_bash_operator.py took 0.069 seconds
[2023-12-12T14:25:21.928+0000] {processor.py:157} INFO - Started process (PID=24999) to work on /home/airflow/.local/lib/python3.11/site-packages/airflow/example_dags/example_bash_operator.py
[2023-12-12T14:25:21.933+0000] {processor.py:829} INFO - Processing file /home/airflow/.local/lib/python3.11/site-packages/airflow/example_dags/example_bash_operator.py for tasks to queue
[2023-12-12T14:25:21.936+0000] {logging_mixin.py:151} INFO - [2023-12-12T14:25:21.935+0000] {dagbag.py:539} INFO - Filling up the DagBag from /home/airflow/.local/lib/python3.11/site-packages/airflow/example_dags/example_bash_operator.py
[2023-12-12T14:25:21.968+0000] {processor.py:839} INFO - DAG(s) dict_keys(['example_bash_operator']) retrieved from /home/airflow/.local/lib/python3.11/site-packages/airflow/example_dags/example_bash_operator.py
[2023-12-12T14:25:22.022+0000] {logging_mixin.py:151} INFO - [2023-12-12T14:25:22.022+0000] {dag.py:2915} INFO - Sync 1 DAGs
[2023-12-12T14:25:22.062+0000] {logging_mixin.py:151} INFO - [2023-12-12T14:25:22.061+0000] {dag.py:3696} INFO - Setting next_dagrun for example_bash_operator to 2023-12-11T00:00:00+00:00, run_after=2023-12-12T00:00:00+00:00
[2023-12-12T14:25:22.083+0000] {processor.py:179} INFO - Processing /home/airflow/.local/lib/python3.11/site-packages/airflow/example_dags/example_bash_operator.py took 0.163 seconds
[2023-12-12T15:30:17.091+0000] {processor.py:157} INFO - Started process (PID=25064) to work on /home/airflow/.local/lib/python3.11/site-packages/airflow/example_dags/example_bash_operator.py
[2023-12-12T15:30:17.094+0000] {processor.py:829} INFO - Processing file /home/airflow/.local/lib/python3.11/site-packages/airflow/example_dags/example_bash_operator.py for tasks to queue
[2023-12-12T15:30:17.095+0000] {logging_mixin.py:151} INFO - [2023-12-12T15:30:17.095+0000] {dagbag.py:539} INFO - Filling up the DagBag from /home/airflow/.local/lib/python3.11/site-packages/airflow/example_dags/example_bash_operator.py
[2023-12-12T15:30:17.107+0000] {processor.py:839} INFO - DAG(s) dict_keys(['example_bash_operator']) retrieved from /home/airflow/.local/lib/python3.11/site-packages/airflow/example_dags/example_bash_operator.py
[2023-12-12T15:30:17.134+0000] {logging_mixin.py:151} INFO - [2023-12-12T15:30:17.134+0000] {dag.py:2915} INFO - Sync 1 DAGs
[2023-12-12T15:30:17.152+0000] {logging_mixin.py:151} INFO - [2023-12-12T15:30:17.152+0000] {dag.py:3696} INFO - Setting next_dagrun for example_bash_operator to 2023-12-11T00:00:00+00:00, run_after=2023-12-12T00:00:00+00:00
[2023-12-12T15:30:17.168+0000] {processor.py:179} INFO - Processing /home/airflow/.local/lib/python3.11/site-packages/airflow/example_dags/example_bash_operator.py took 0.080 seconds
[2023-12-12T16:51:17.331+0000] {processor.py:157} INFO - Started process (PID=25136) to work on /home/airflow/.local/lib/python3.11/site-packages/airflow/example_dags/example_bash_operator.py
[2023-12-12T16:51:17.333+0000] {processor.py:829} INFO - Processing file /home/airflow/.local/lib/python3.11/site-packages/airflow/example_dags/example_bash_operator.py for tasks to queue
[2023-12-12T16:51:17.341+0000] {logging_mixin.py:151} INFO - [2023-12-12T16:51:17.340+0000] {dagbag.py:539} INFO - Filling up the DagBag from /home/airflow/.local/lib/python3.11/site-packages/airflow/example_dags/example_bash_operator.py
[2023-12-12T16:51:17.420+0000] {processor.py:839} INFO - DAG(s) dict_keys(['example_bash_operator']) retrieved from /home/airflow/.local/lib/python3.11/site-packages/airflow/example_dags/example_bash_operator.py
[2023-12-12T16:51:17.488+0000] {logging_mixin.py:151} INFO - [2023-12-12T16:51:17.488+0000] {dag.py:2915} INFO - Sync 1 DAGs
[2023-12-12T16:51:17.568+0000] {logging_mixin.py:151} INFO - [2023-12-12T16:51:17.567+0000] {dag.py:3696} INFO - Setting next_dagrun for example_bash_operator to 2023-12-11T00:00:00+00:00, run_after=2023-12-12T00:00:00+00:00
[2023-12-12T16:51:17.636+0000] {processor.py:179} INFO - Processing /home/airflow/.local/lib/python3.11/site-packages/airflow/example_dags/example_bash_operator.py took 0.316 seconds
[2023-12-12T17:40:42.555+0000] {processor.py:157} INFO - Started process (PID=25202) to work on /home/airflow/.local/lib/python3.11/site-packages/airflow/example_dags/example_bash_operator.py
[2023-12-12T17:40:42.558+0000] {processor.py:829} INFO - Processing file /home/airflow/.local/lib/python3.11/site-packages/airflow/example_dags/example_bash_operator.py for tasks to queue
[2023-12-12T17:40:42.559+0000] {logging_mixin.py:151} INFO - [2023-12-12T17:40:42.559+0000] {dagbag.py:539} INFO - Filling up the DagBag from /home/airflow/.local/lib/python3.11/site-packages/airflow/example_dags/example_bash_operator.py
[2023-12-12T17:40:42.579+0000] {processor.py:839} INFO - DAG(s) dict_keys(['example_bash_operator']) retrieved from /home/airflow/.local/lib/python3.11/site-packages/airflow/example_dags/example_bash_operator.py
[2023-12-12T17:40:42.649+0000] {logging_mixin.py:151} INFO - [2023-12-12T17:40:42.649+0000] {dag.py:2915} INFO - Sync 1 DAGs
[2023-12-12T17:40:42.676+0000] {logging_mixin.py:151} INFO - [2023-12-12T17:40:42.675+0000] {dag.py:3696} INFO - Setting next_dagrun for example_bash_operator to 2023-12-11T00:00:00+00:00, run_after=2023-12-12T00:00:00+00:00
[2023-12-12T17:40:42.690+0000] {processor.py:179} INFO - Processing /home/airflow/.local/lib/python3.11/site-packages/airflow/example_dags/example_bash_operator.py took 0.139 seconds
[2023-12-12T19:04:29.411+0000] {processor.py:157} INFO - Started process (PID=25276) to work on /home/airflow/.local/lib/python3.11/site-packages/airflow/example_dags/example_bash_operator.py
[2023-12-12T19:04:29.419+0000] {processor.py:829} INFO - Processing file /home/airflow/.local/lib/python3.11/site-packages/airflow/example_dags/example_bash_operator.py for tasks to queue
[2023-12-12T19:04:29.421+0000] {logging_mixin.py:151} INFO - [2023-12-12T19:04:29.421+0000] {dagbag.py:539} INFO - Filling up the DagBag from /home/airflow/.local/lib/python3.11/site-packages/airflow/example_dags/example_bash_operator.py
[2023-12-12T19:04:29.434+0000] {processor.py:839} INFO - DAG(s) dict_keys(['example_bash_operator']) retrieved from /home/airflow/.local/lib/python3.11/site-packages/airflow/example_dags/example_bash_operator.py
[2023-12-12T19:04:29.461+0000] {logging_mixin.py:151} INFO - [2023-12-12T19:04:29.461+0000] {dag.py:2915} INFO - Sync 1 DAGs
[2023-12-12T19:04:29.485+0000] {logging_mixin.py:151} INFO - [2023-12-12T19:04:29.485+0000] {dag.py:3696} INFO - Setting next_dagrun for example_bash_operator to 2023-12-11T00:00:00+00:00, run_after=2023-12-12T00:00:00+00:00
[2023-12-12T19:04:29.500+0000] {processor.py:179} INFO - Processing /home/airflow/.local/lib/python3.11/site-packages/airflow/example_dags/example_bash_operator.py took 0.093 seconds
[2023-12-12T20:44:51.452+0000] {processor.py:157} INFO - Started process (PID=25349) to work on /home/airflow/.local/lib/python3.11/site-packages/airflow/example_dags/example_bash_operator.py
[2023-12-12T20:44:51.459+0000] {processor.py:829} INFO - Processing file /home/airflow/.local/lib/python3.11/site-packages/airflow/example_dags/example_bash_operator.py for tasks to queue
[2023-12-12T20:44:51.462+0000] {logging_mixin.py:151} INFO - [2023-12-12T20:44:51.462+0000] {dagbag.py:539} INFO - Filling up the DagBag from /home/airflow/.local/lib/python3.11/site-packages/airflow/example_dags/example_bash_operator.py
[2023-12-12T20:44:51.490+0000] {processor.py:839} INFO - DAG(s) dict_keys(['example_bash_operator']) retrieved from /home/airflow/.local/lib/python3.11/site-packages/airflow/example_dags/example_bash_operator.py
[2023-12-12T20:44:51.582+0000] {logging_mixin.py:151} INFO - [2023-12-12T20:44:51.581+0000] {dag.py:2915} INFO - Sync 1 DAGs
[2023-12-12T20:44:51.640+0000] {logging_mixin.py:151} INFO - [2023-12-12T20:44:51.640+0000] {dag.py:3696} INFO - Setting next_dagrun for example_bash_operator to 2023-12-11T00:00:00+00:00, run_after=2023-12-12T00:00:00+00:00
[2023-12-12T20:44:51.674+0000] {processor.py:179} INFO - Processing /home/airflow/.local/lib/python3.11/site-packages/airflow/example_dags/example_bash_operator.py took 0.254 seconds
[2023-12-12T20:50:33.651+0000] {processor.py:157} INFO - Started process (PID=25415) to work on /home/airflow/.local/lib/python3.11/site-packages/airflow/example_dags/example_bash_operator.py
[2023-12-12T20:50:33.655+0000] {processor.py:829} INFO - Processing file /home/airflow/.local/lib/python3.11/site-packages/airflow/example_dags/example_bash_operator.py for tasks to queue
[2023-12-12T20:50:33.657+0000] {logging_mixin.py:151} INFO - [2023-12-12T20:50:33.656+0000] {dagbag.py:539} INFO - Filling up the DagBag from /home/airflow/.local/lib/python3.11/site-packages/airflow/example_dags/example_bash_operator.py
[2023-12-12T20:50:33.673+0000] {processor.py:839} INFO - DAG(s) dict_keys(['example_bash_operator']) retrieved from /home/airflow/.local/lib/python3.11/site-packages/airflow/example_dags/example_bash_operator.py
[2023-12-12T20:50:33.706+0000] {logging_mixin.py:151} INFO - [2023-12-12T20:50:33.706+0000] {dag.py:2915} INFO - Sync 1 DAGs
[2023-12-12T20:50:33.728+0000] {logging_mixin.py:151} INFO - [2023-12-12T20:50:33.727+0000] {dag.py:3696} INFO - Setting next_dagrun for example_bash_operator to 2023-12-11T00:00:00+00:00, run_after=2023-12-12T00:00:00+00:00
[2023-12-12T20:50:33.744+0000] {processor.py:179} INFO - Processing /home/airflow/.local/lib/python3.11/site-packages/airflow/example_dags/example_bash_operator.py took 0.097 seconds
[2023-12-12T20:51:04.004+0000] {processor.py:157} INFO - Started process (PID=25486) to work on /home/airflow/.local/lib/python3.11/site-packages/airflow/example_dags/example_bash_operator.py
[2023-12-12T20:51:04.006+0000] {processor.py:829} INFO - Processing file /home/airflow/.local/lib/python3.11/site-packages/airflow/example_dags/example_bash_operator.py for tasks to queue
[2023-12-12T20:51:04.009+0000] {logging_mixin.py:151} INFO - [2023-12-12T20:51:04.007+0000] {dagbag.py:539} INFO - Filling up the DagBag from /home/airflow/.local/lib/python3.11/site-packages/airflow/example_dags/example_bash_operator.py
[2023-12-12T20:51:04.034+0000] {processor.py:839} INFO - DAG(s) dict_keys(['example_bash_operator']) retrieved from /home/airflow/.local/lib/python3.11/site-packages/airflow/example_dags/example_bash_operator.py
[2023-12-12T20:51:04.117+0000] {logging_mixin.py:151} INFO - [2023-12-12T20:51:04.117+0000] {dag.py:2915} INFO - Sync 1 DAGs
[2023-12-12T20:51:04.156+0000] {logging_mixin.py:151} INFO - [2023-12-12T20:51:04.156+0000] {dag.py:3696} INFO - Setting next_dagrun for example_bash_operator to 2023-12-11T00:00:00+00:00, run_after=2023-12-12T00:00:00+00:00
[2023-12-12T20:51:04.197+0000] {processor.py:179} INFO - Processing /home/airflow/.local/lib/python3.11/site-packages/airflow/example_dags/example_bash_operator.py took 0.196 seconds
[2023-12-12T20:51:34.946+0000] {processor.py:157} INFO - Started process (PID=25552) to work on /home/airflow/.local/lib/python3.11/site-packages/airflow/example_dags/example_bash_operator.py
[2023-12-12T20:51:34.948+0000] {processor.py:829} INFO - Processing file /home/airflow/.local/lib/python3.11/site-packages/airflow/example_dags/example_bash_operator.py for tasks to queue
[2023-12-12T20:51:34.949+0000] {logging_mixin.py:151} INFO - [2023-12-12T20:51:34.949+0000] {dagbag.py:539} INFO - Filling up the DagBag from /home/airflow/.local/lib/python3.11/site-packages/airflow/example_dags/example_bash_operator.py
[2023-12-12T20:51:34.961+0000] {processor.py:839} INFO - DAG(s) dict_keys(['example_bash_operator']) retrieved from /home/airflow/.local/lib/python3.11/site-packages/airflow/example_dags/example_bash_operator.py
[2023-12-12T20:51:34.985+0000] {logging_mixin.py:151} INFO - [2023-12-12T20:51:34.985+0000] {dag.py:2915} INFO - Sync 1 DAGs
[2023-12-12T20:51:35.003+0000] {logging_mixin.py:151} INFO - [2023-12-12T20:51:35.003+0000] {dag.py:3696} INFO - Setting next_dagrun for example_bash_operator to 2023-12-11T00:00:00+00:00, run_after=2023-12-12T00:00:00+00:00
[2023-12-12T20:51:35.015+0000] {processor.py:179} INFO - Processing /home/airflow/.local/lib/python3.11/site-packages/airflow/example_dags/example_bash_operator.py took 0.072 seconds
[2023-12-12T20:52:05.640+0000] {processor.py:157} INFO - Started process (PID=25625) to work on /home/airflow/.local/lib/python3.11/site-packages/airflow/example_dags/example_bash_operator.py
[2023-12-12T20:52:05.642+0000] {processor.py:829} INFO - Processing file /home/airflow/.local/lib/python3.11/site-packages/airflow/example_dags/example_bash_operator.py for tasks to queue
[2023-12-12T20:52:05.644+0000] {logging_mixin.py:151} INFO - [2023-12-12T20:52:05.644+0000] {dagbag.py:539} INFO - Filling up the DagBag from /home/airflow/.local/lib/python3.11/site-packages/airflow/example_dags/example_bash_operator.py
[2023-12-12T20:52:05.656+0000] {processor.py:839} INFO - DAG(s) dict_keys(['example_bash_operator']) retrieved from /home/airflow/.local/lib/python3.11/site-packages/airflow/example_dags/example_bash_operator.py
[2023-12-12T20:52:05.679+0000] {logging_mixin.py:151} INFO - [2023-12-12T20:52:05.679+0000] {dag.py:2915} INFO - Sync 1 DAGs
[2023-12-12T20:52:05.695+0000] {logging_mixin.py:151} INFO - [2023-12-12T20:52:05.695+0000] {dag.py:3696} INFO - Setting next_dagrun for example_bash_operator to 2023-12-11T00:00:00+00:00, run_after=2023-12-12T00:00:00+00:00
[2023-12-12T20:52:05.710+0000] {processor.py:179} INFO - Processing /home/airflow/.local/lib/python3.11/site-packages/airflow/example_dags/example_bash_operator.py took 0.073 seconds
[2023-12-12T20:52:36.423+0000] {processor.py:157} INFO - Started process (PID=25698) to work on /home/airflow/.local/lib/python3.11/site-packages/airflow/example_dags/example_bash_operator.py
[2023-12-12T20:52:36.439+0000] {processor.py:829} INFO - Processing file /home/airflow/.local/lib/python3.11/site-packages/airflow/example_dags/example_bash_operator.py for tasks to queue
[2023-12-12T20:52:36.442+0000] {logging_mixin.py:151} INFO - [2023-12-12T20:52:36.442+0000] {dagbag.py:539} INFO - Filling up the DagBag from /home/airflow/.local/lib/python3.11/site-packages/airflow/example_dags/example_bash_operator.py
[2023-12-12T20:52:36.459+0000] {processor.py:839} INFO - DAG(s) dict_keys(['example_bash_operator']) retrieved from /home/airflow/.local/lib/python3.11/site-packages/airflow/example_dags/example_bash_operator.py
[2023-12-12T20:52:36.536+0000] {logging_mixin.py:151} INFO - [2023-12-12T20:52:36.535+0000] {dag.py:2915} INFO - Sync 1 DAGs
[2023-12-12T20:52:36.643+0000] {logging_mixin.py:151} INFO - [2023-12-12T20:52:36.642+0000] {dag.py:3696} INFO - Setting next_dagrun for example_bash_operator to 2023-12-11T00:00:00+00:00, run_after=2023-12-12T00:00:00+00:00
[2023-12-12T20:52:36.677+0000] {processor.py:179} INFO - Processing /home/airflow/.local/lib/python3.11/site-packages/airflow/example_dags/example_bash_operator.py took 0.262 seconds
[2023-12-12T21:13:59.047+0000] {processor.py:157} INFO - Started process (PID=25766) to work on /home/airflow/.local/lib/python3.11/site-packages/airflow/example_dags/example_bash_operator.py
[2023-12-12T21:13:59.053+0000] {processor.py:829} INFO - Processing file /home/airflow/.local/lib/python3.11/site-packages/airflow/example_dags/example_bash_operator.py for tasks to queue
[2023-12-12T21:13:59.059+0000] {logging_mixin.py:151} INFO - [2023-12-12T21:13:59.057+0000] {dagbag.py:539} INFO - Filling up the DagBag from /home/airflow/.local/lib/python3.11/site-packages/airflow/example_dags/example_bash_operator.py
[2023-12-12T21:13:59.096+0000] {processor.py:839} INFO - DAG(s) dict_keys(['example_bash_operator']) retrieved from /home/airflow/.local/lib/python3.11/site-packages/airflow/example_dags/example_bash_operator.py
[2023-12-12T21:13:59.374+0000] {logging_mixin.py:151} INFO - [2023-12-12T21:13:59.373+0000] {dag.py:2915} INFO - Sync 1 DAGs
[2023-12-12T21:13:59.501+0000] {logging_mixin.py:151} INFO - [2023-12-12T21:13:59.501+0000] {dag.py:3696} INFO - Setting next_dagrun for example_bash_operator to 2023-12-11T00:00:00+00:00, run_after=2023-12-12T00:00:00+00:00
[2023-12-12T21:13:59.543+0000] {processor.py:179} INFO - Processing /home/airflow/.local/lib/python3.11/site-packages/airflow/example_dags/example_bash_operator.py took 0.503 seconds
[2023-12-12T21:14:30.090+0000] {processor.py:157} INFO - Started process (PID=25832) to work on /home/airflow/.local/lib/python3.11/site-packages/airflow/example_dags/example_bash_operator.py
[2023-12-12T21:14:30.096+0000] {processor.py:829} INFO - Processing file /home/airflow/.local/lib/python3.11/site-packages/airflow/example_dags/example_bash_operator.py for tasks to queue
[2023-12-12T21:14:30.097+0000] {logging_mixin.py:151} INFO - [2023-12-12T21:14:30.097+0000] {dagbag.py:539} INFO - Filling up the DagBag from /home/airflow/.local/lib/python3.11/site-packages/airflow/example_dags/example_bash_operator.py
[2023-12-12T21:14:30.108+0000] {processor.py:839} INFO - DAG(s) dict_keys(['example_bash_operator']) retrieved from /home/airflow/.local/lib/python3.11/site-packages/airflow/example_dags/example_bash_operator.py
[2023-12-12T21:14:30.133+0000] {logging_mixin.py:151} INFO - [2023-12-12T21:14:30.133+0000] {dag.py:2915} INFO - Sync 1 DAGs
[2023-12-12T21:14:30.152+0000] {logging_mixin.py:151} INFO - [2023-12-12T21:14:30.152+0000] {dag.py:3696} INFO - Setting next_dagrun for example_bash_operator to 2023-12-11T00:00:00+00:00, run_after=2023-12-12T00:00:00+00:00
[2023-12-12T21:14:30.166+0000] {processor.py:179} INFO - Processing /home/airflow/.local/lib/python3.11/site-packages/airflow/example_dags/example_bash_operator.py took 0.079 seconds
[2023-12-12T21:15:00.414+0000] {processor.py:157} INFO - Started process (PID=25903) to work on /home/airflow/.local/lib/python3.11/site-packages/airflow/example_dags/example_bash_operator.py
[2023-12-12T21:15:00.416+0000] {processor.py:829} INFO - Processing file /home/airflow/.local/lib/python3.11/site-packages/airflow/example_dags/example_bash_operator.py for tasks to queue
[2023-12-12T21:15:00.418+0000] {logging_mixin.py:151} INFO - [2023-12-12T21:15:00.417+0000] {dagbag.py:539} INFO - Filling up the DagBag from /home/airflow/.local/lib/python3.11/site-packages/airflow/example_dags/example_bash_operator.py
[2023-12-12T21:15:00.430+0000] {processor.py:839} INFO - DAG(s) dict_keys(['example_bash_operator']) retrieved from /home/airflow/.local/lib/python3.11/site-packages/airflow/example_dags/example_bash_operator.py
[2023-12-12T21:15:00.454+0000] {logging_mixin.py:151} INFO - [2023-12-12T21:15:00.454+0000] {dag.py:2915} INFO - Sync 1 DAGs
[2023-12-12T21:15:00.469+0000] {logging_mixin.py:151} INFO - [2023-12-12T21:15:00.469+0000] {dag.py:3696} INFO - Setting next_dagrun for example_bash_operator to 2023-12-11T00:00:00+00:00, run_after=2023-12-12T00:00:00+00:00
[2023-12-12T21:15:00.480+0000] {processor.py:179} INFO - Processing /home/airflow/.local/lib/python3.11/site-packages/airflow/example_dags/example_bash_operator.py took 0.069 seconds
[2023-12-12T21:15:30.868+0000] {processor.py:157} INFO - Started process (PID=25976) to work on /home/airflow/.local/lib/python3.11/site-packages/airflow/example_dags/example_bash_operator.py
[2023-12-12T21:15:30.870+0000] {processor.py:829} INFO - Processing file /home/airflow/.local/lib/python3.11/site-packages/airflow/example_dags/example_bash_operator.py for tasks to queue
[2023-12-12T21:15:30.872+0000] {logging_mixin.py:151} INFO - [2023-12-12T21:15:30.871+0000] {dagbag.py:539} INFO - Filling up the DagBag from /home/airflow/.local/lib/python3.11/site-packages/airflow/example_dags/example_bash_operator.py
[2023-12-12T21:15:30.882+0000] {processor.py:839} INFO - DAG(s) dict_keys(['example_bash_operator']) retrieved from /home/airflow/.local/lib/python3.11/site-packages/airflow/example_dags/example_bash_operator.py
[2023-12-12T21:15:30.911+0000] {logging_mixin.py:151} INFO - [2023-12-12T21:15:30.911+0000] {dag.py:2915} INFO - Sync 1 DAGs
[2023-12-12T21:15:30.929+0000] {logging_mixin.py:151} INFO - [2023-12-12T21:15:30.929+0000] {dag.py:3696} INFO - Setting next_dagrun for example_bash_operator to 2023-12-11T00:00:00+00:00, run_after=2023-12-12T00:00:00+00:00
[2023-12-12T21:15:30.941+0000] {processor.py:179} INFO - Processing /home/airflow/.local/lib/python3.11/site-packages/airflow/example_dags/example_bash_operator.py took 0.076 seconds
[2023-12-12T21:16:01.208+0000] {processor.py:157} INFO - Started process (PID=26042) to work on /home/airflow/.local/lib/python3.11/site-packages/airflow/example_dags/example_bash_operator.py
[2023-12-12T21:16:01.211+0000] {processor.py:829} INFO - Processing file /home/airflow/.local/lib/python3.11/site-packages/airflow/example_dags/example_bash_operator.py for tasks to queue
[2023-12-12T21:16:01.212+0000] {logging_mixin.py:151} INFO - [2023-12-12T21:16:01.212+0000] {dagbag.py:539} INFO - Filling up the DagBag from /home/airflow/.local/lib/python3.11/site-packages/airflow/example_dags/example_bash_operator.py
[2023-12-12T21:16:01.223+0000] {processor.py:839} INFO - DAG(s) dict_keys(['example_bash_operator']) retrieved from /home/airflow/.local/lib/python3.11/site-packages/airflow/example_dags/example_bash_operator.py
[2023-12-12T21:16:01.244+0000] {logging_mixin.py:151} INFO - [2023-12-12T21:16:01.244+0000] {dag.py:2915} INFO - Sync 1 DAGs
[2023-12-12T21:16:01.258+0000] {logging_mixin.py:151} INFO - [2023-12-12T21:16:01.258+0000] {dag.py:3696} INFO - Setting next_dagrun for example_bash_operator to 2023-12-11T00:00:00+00:00, run_after=2023-12-12T00:00:00+00:00
[2023-12-12T21:16:01.269+0000] {processor.py:179} INFO - Processing /home/airflow/.local/lib/python3.11/site-packages/airflow/example_dags/example_bash_operator.py took 0.065 seconds
[2023-12-12T21:16:32.023+0000] {processor.py:157} INFO - Started process (PID=26113) to work on /home/airflow/.local/lib/python3.11/site-packages/airflow/example_dags/example_bash_operator.py
[2023-12-12T21:16:32.025+0000] {processor.py:829} INFO - Processing file /home/airflow/.local/lib/python3.11/site-packages/airflow/example_dags/example_bash_operator.py for tasks to queue
[2023-12-12T21:16:32.027+0000] {logging_mixin.py:151} INFO - [2023-12-12T21:16:32.026+0000] {dagbag.py:539} INFO - Filling up the DagBag from /home/airflow/.local/lib/python3.11/site-packages/airflow/example_dags/example_bash_operator.py
[2023-12-12T21:16:32.036+0000] {processor.py:839} INFO - DAG(s) dict_keys(['example_bash_operator']) retrieved from /home/airflow/.local/lib/python3.11/site-packages/airflow/example_dags/example_bash_operator.py
[2023-12-12T21:16:32.058+0000] {logging_mixin.py:151} INFO - [2023-12-12T21:16:32.058+0000] {dag.py:2915} INFO - Sync 1 DAGs
[2023-12-12T21:16:32.072+0000] {logging_mixin.py:151} INFO - [2023-12-12T21:16:32.072+0000] {dag.py:3696} INFO - Setting next_dagrun for example_bash_operator to 2023-12-11T00:00:00+00:00, run_after=2023-12-12T00:00:00+00:00
[2023-12-12T21:16:32.083+0000] {processor.py:179} INFO - Processing /home/airflow/.local/lib/python3.11/site-packages/airflow/example_dags/example_bash_operator.py took 0.063 seconds
[2023-12-12T21:18:35.276+0000] {processor.py:157} INFO - Started process (PID=26180) to work on /home/airflow/.local/lib/python3.11/site-packages/airflow/example_dags/example_bash_operator.py
[2023-12-12T21:18:35.278+0000] {processor.py:829} INFO - Processing file /home/airflow/.local/lib/python3.11/site-packages/airflow/example_dags/example_bash_operator.py for tasks to queue
[2023-12-12T21:18:35.280+0000] {logging_mixin.py:151} INFO - [2023-12-12T21:18:35.280+0000] {dagbag.py:539} INFO - Filling up the DagBag from /home/airflow/.local/lib/python3.11/site-packages/airflow/example_dags/example_bash_operator.py
[2023-12-12T21:18:35.292+0000] {processor.py:839} INFO - DAG(s) dict_keys(['example_bash_operator']) retrieved from /home/airflow/.local/lib/python3.11/site-packages/airflow/example_dags/example_bash_operator.py
[2023-12-12T21:18:35.318+0000] {logging_mixin.py:151} INFO - [2023-12-12T21:18:35.318+0000] {dag.py:2915} INFO - Sync 1 DAGs
[2023-12-12T21:18:35.335+0000] {logging_mixin.py:151} INFO - [2023-12-12T21:18:35.335+0000] {dag.py:3696} INFO - Setting next_dagrun for example_bash_operator to 2023-12-11T00:00:00+00:00, run_after=2023-12-12T00:00:00+00:00
[2023-12-12T21:18:35.350+0000] {processor.py:179} INFO - Processing /home/airflow/.local/lib/python3.11/site-packages/airflow/example_dags/example_bash_operator.py took 0.079 seconds
[2023-12-12T21:19:05.754+0000] {processor.py:157} INFO - Started process (PID=26250) to work on /home/airflow/.local/lib/python3.11/site-packages/airflow/example_dags/example_bash_operator.py
[2023-12-12T21:19:05.756+0000] {processor.py:829} INFO - Processing file /home/airflow/.local/lib/python3.11/site-packages/airflow/example_dags/example_bash_operator.py for tasks to queue
[2023-12-12T21:19:05.758+0000] {logging_mixin.py:151} INFO - [2023-12-12T21:19:05.757+0000] {dagbag.py:539} INFO - Filling up the DagBag from /home/airflow/.local/lib/python3.11/site-packages/airflow/example_dags/example_bash_operator.py
[2023-12-12T21:19:05.768+0000] {processor.py:839} INFO - DAG(s) dict_keys(['example_bash_operator']) retrieved from /home/airflow/.local/lib/python3.11/site-packages/airflow/example_dags/example_bash_operator.py
[2023-12-12T21:19:05.793+0000] {logging_mixin.py:151} INFO - [2023-12-12T21:19:05.793+0000] {dag.py:2915} INFO - Sync 1 DAGs
[2023-12-12T21:19:05.811+0000] {logging_mixin.py:151} INFO - [2023-12-12T21:19:05.811+0000] {dag.py:3696} INFO - Setting next_dagrun for example_bash_operator to 2023-12-11T00:00:00+00:00, run_after=2023-12-12T00:00:00+00:00
[2023-12-12T21:19:05.827+0000] {processor.py:179} INFO - Processing /home/airflow/.local/lib/python3.11/site-packages/airflow/example_dags/example_bash_operator.py took 0.077 seconds
[2023-12-12T21:19:36.050+0000] {processor.py:157} INFO - Started process (PID=26316) to work on /home/airflow/.local/lib/python3.11/site-packages/airflow/example_dags/example_bash_operator.py
[2023-12-12T21:19:36.053+0000] {processor.py:829} INFO - Processing file /home/airflow/.local/lib/python3.11/site-packages/airflow/example_dags/example_bash_operator.py for tasks to queue
[2023-12-12T21:19:36.054+0000] {logging_mixin.py:151} INFO - [2023-12-12T21:19:36.054+0000] {dagbag.py:539} INFO - Filling up the DagBag from /home/airflow/.local/lib/python3.11/site-packages/airflow/example_dags/example_bash_operator.py
[2023-12-12T21:19:36.067+0000] {processor.py:839} INFO - DAG(s) dict_keys(['example_bash_operator']) retrieved from /home/airflow/.local/lib/python3.11/site-packages/airflow/example_dags/example_bash_operator.py
[2023-12-12T21:19:36.089+0000] {logging_mixin.py:151} INFO - [2023-12-12T21:19:36.089+0000] {dag.py:2915} INFO - Sync 1 DAGs
[2023-12-12T21:19:36.103+0000] {logging_mixin.py:151} INFO - [2023-12-12T21:19:36.103+0000] {dag.py:3696} INFO - Setting next_dagrun for example_bash_operator to 2023-12-11T00:00:00+00:00, run_after=2023-12-12T00:00:00+00:00
[2023-12-12T21:19:36.114+0000] {processor.py:179} INFO - Processing /home/airflow/.local/lib/python3.11/site-packages/airflow/example_dags/example_bash_operator.py took 0.067 seconds
[2023-12-12T21:20:06.810+0000] {processor.py:157} INFO - Started process (PID=26390) to work on /home/airflow/.local/lib/python3.11/site-packages/airflow/example_dags/example_bash_operator.py
[2023-12-12T21:20:06.812+0000] {processor.py:829} INFO - Processing file /home/airflow/.local/lib/python3.11/site-packages/airflow/example_dags/example_bash_operator.py for tasks to queue
[2023-12-12T21:20:06.813+0000] {logging_mixin.py:151} INFO - [2023-12-12T21:20:06.812+0000] {dagbag.py:539} INFO - Filling up the DagBag from /home/airflow/.local/lib/python3.11/site-packages/airflow/example_dags/example_bash_operator.py
[2023-12-12T21:20:06.823+0000] {processor.py:839} INFO - DAG(s) dict_keys(['example_bash_operator']) retrieved from /home/airflow/.local/lib/python3.11/site-packages/airflow/example_dags/example_bash_operator.py
[2023-12-12T21:20:06.849+0000] {logging_mixin.py:151} INFO - [2023-12-12T21:20:06.848+0000] {dag.py:2915} INFO - Sync 1 DAGs
[2023-12-12T21:20:06.866+0000] {logging_mixin.py:151} INFO - [2023-12-12T21:20:06.865+0000] {dag.py:3696} INFO - Setting next_dagrun for example_bash_operator to 2023-12-11T00:00:00+00:00, run_after=2023-12-12T00:00:00+00:00
[2023-12-12T21:20:06.879+0000] {processor.py:179} INFO - Processing /home/airflow/.local/lib/python3.11/site-packages/airflow/example_dags/example_bash_operator.py took 0.072 seconds
[2023-12-12T21:20:37.205+0000] {processor.py:157} INFO - Started process (PID=26463) to work on /home/airflow/.local/lib/python3.11/site-packages/airflow/example_dags/example_bash_operator.py
[2023-12-12T21:20:37.207+0000] {processor.py:829} INFO - Processing file /home/airflow/.local/lib/python3.11/site-packages/airflow/example_dags/example_bash_operator.py for tasks to queue
[2023-12-12T21:20:37.209+0000] {logging_mixin.py:151} INFO - [2023-12-12T21:20:37.208+0000] {dagbag.py:539} INFO - Filling up the DagBag from /home/airflow/.local/lib/python3.11/site-packages/airflow/example_dags/example_bash_operator.py
[2023-12-12T21:20:37.219+0000] {processor.py:839} INFO - DAG(s) dict_keys(['example_bash_operator']) retrieved from /home/airflow/.local/lib/python3.11/site-packages/airflow/example_dags/example_bash_operator.py
[2023-12-12T21:20:37.241+0000] {logging_mixin.py:151} INFO - [2023-12-12T21:20:37.240+0000] {dag.py:2915} INFO - Sync 1 DAGs
[2023-12-12T21:20:37.254+0000] {logging_mixin.py:151} INFO - [2023-12-12T21:20:37.254+0000] {dag.py:3696} INFO - Setting next_dagrun for example_bash_operator to 2023-12-11T00:00:00+00:00, run_after=2023-12-12T00:00:00+00:00
[2023-12-12T21:20:37.265+0000] {processor.py:179} INFO - Processing /home/airflow/.local/lib/python3.11/site-packages/airflow/example_dags/example_bash_operator.py took 0.063 seconds
[2023-12-12T21:24:28.261+0000] {processor.py:157} INFO - Started process (PID=26530) to work on /home/airflow/.local/lib/python3.11/site-packages/airflow/example_dags/example_bash_operator.py
[2023-12-12T21:24:28.263+0000] {processor.py:829} INFO - Processing file /home/airflow/.local/lib/python3.11/site-packages/airflow/example_dags/example_bash_operator.py for tasks to queue
[2023-12-12T21:24:28.265+0000] {logging_mixin.py:151} INFO - [2023-12-12T21:24:28.264+0000] {dagbag.py:539} INFO - Filling up the DagBag from /home/airflow/.local/lib/python3.11/site-packages/airflow/example_dags/example_bash_operator.py
[2023-12-12T21:24:28.279+0000] {processor.py:839} INFO - DAG(s) dict_keys(['example_bash_operator']) retrieved from /home/airflow/.local/lib/python3.11/site-packages/airflow/example_dags/example_bash_operator.py
[2023-12-12T21:24:28.312+0000] {logging_mixin.py:151} INFO - [2023-12-12T21:24:28.312+0000] {dag.py:2915} INFO - Sync 1 DAGs
[2023-12-12T21:24:28.335+0000] {logging_mixin.py:151} INFO - [2023-12-12T21:24:28.335+0000] {dag.py:3696} INFO - Setting next_dagrun for example_bash_operator to 2023-12-11T00:00:00+00:00, run_after=2023-12-12T00:00:00+00:00
[2023-12-12T21:24:28.352+0000] {processor.py:179} INFO - Processing /home/airflow/.local/lib/python3.11/site-packages/airflow/example_dags/example_bash_operator.py took 0.095 seconds
[2023-12-12T21:24:58.916+0000] {processor.py:157} INFO - Started process (PID=26603) to work on /home/airflow/.local/lib/python3.11/site-packages/airflow/example_dags/example_bash_operator.py
[2023-12-12T21:24:58.918+0000] {processor.py:829} INFO - Processing file /home/airflow/.local/lib/python3.11/site-packages/airflow/example_dags/example_bash_operator.py for tasks to queue
[2023-12-12T21:24:58.920+0000] {logging_mixin.py:151} INFO - [2023-12-12T21:24:58.919+0000] {dagbag.py:539} INFO - Filling up the DagBag from /home/airflow/.local/lib/python3.11/site-packages/airflow/example_dags/example_bash_operator.py
[2023-12-12T21:24:58.931+0000] {processor.py:839} INFO - DAG(s) dict_keys(['example_bash_operator']) retrieved from /home/airflow/.local/lib/python3.11/site-packages/airflow/example_dags/example_bash_operator.py
[2023-12-12T21:24:58.956+0000] {logging_mixin.py:151} INFO - [2023-12-12T21:24:58.956+0000] {dag.py:2915} INFO - Sync 1 DAGs
[2023-12-12T21:24:58.974+0000] {logging_mixin.py:151} INFO - [2023-12-12T21:24:58.974+0000] {dag.py:3696} INFO - Setting next_dagrun for example_bash_operator to 2023-12-11T00:00:00+00:00, run_after=2023-12-12T00:00:00+00:00
[2023-12-12T21:24:58.993+0000] {processor.py:179} INFO - Processing /home/airflow/.local/lib/python3.11/site-packages/airflow/example_dags/example_bash_operator.py took 0.080 seconds
[2023-12-12T21:25:29.218+0000] {processor.py:157} INFO - Started process (PID=26667) to work on /home/airflow/.local/lib/python3.11/site-packages/airflow/example_dags/example_bash_operator.py
[2023-12-12T21:25:29.221+0000] {processor.py:829} INFO - Processing file /home/airflow/.local/lib/python3.11/site-packages/airflow/example_dags/example_bash_operator.py for tasks to queue
[2023-12-12T21:25:29.223+0000] {logging_mixin.py:151} INFO - [2023-12-12T21:25:29.222+0000] {dagbag.py:539} INFO - Filling up the DagBag from /home/airflow/.local/lib/python3.11/site-packages/airflow/example_dags/example_bash_operator.py
[2023-12-12T21:25:29.234+0000] {processor.py:839} INFO - DAG(s) dict_keys(['example_bash_operator']) retrieved from /home/airflow/.local/lib/python3.11/site-packages/airflow/example_dags/example_bash_operator.py
[2023-12-12T21:25:29.255+0000] {logging_mixin.py:151} INFO - [2023-12-12T21:25:29.255+0000] {dag.py:2915} INFO - Sync 1 DAGs
[2023-12-12T21:25:29.271+0000] {logging_mixin.py:151} INFO - [2023-12-12T21:25:29.271+0000] {dag.py:3696} INFO - Setting next_dagrun for example_bash_operator to 2023-12-11T00:00:00+00:00, run_after=2023-12-12T00:00:00+00:00
[2023-12-12T21:25:29.282+0000] {processor.py:179} INFO - Processing /home/airflow/.local/lib/python3.11/site-packages/airflow/example_dags/example_bash_operator.py took 0.068 seconds
[2023-12-12T21:25:59.675+0000] {processor.py:157} INFO - Started process (PID=26739) to work on /home/airflow/.local/lib/python3.11/site-packages/airflow/example_dags/example_bash_operator.py
[2023-12-12T21:25:59.677+0000] {processor.py:829} INFO - Processing file /home/airflow/.local/lib/python3.11/site-packages/airflow/example_dags/example_bash_operator.py for tasks to queue
[2023-12-12T21:25:59.678+0000] {logging_mixin.py:151} INFO - [2023-12-12T21:25:59.677+0000] {dagbag.py:539} INFO - Filling up the DagBag from /home/airflow/.local/lib/python3.11/site-packages/airflow/example_dags/example_bash_operator.py
[2023-12-12T21:25:59.687+0000] {processor.py:839} INFO - DAG(s) dict_keys(['example_bash_operator']) retrieved from /home/airflow/.local/lib/python3.11/site-packages/airflow/example_dags/example_bash_operator.py
[2023-12-12T21:25:59.708+0000] {logging_mixin.py:151} INFO - [2023-12-12T21:25:59.708+0000] {dag.py:2915} INFO - Sync 1 DAGs
[2023-12-12T21:25:59.723+0000] {logging_mixin.py:151} INFO - [2023-12-12T21:25:59.723+0000] {dag.py:3696} INFO - Setting next_dagrun for example_bash_operator to 2023-12-11T00:00:00+00:00, run_after=2023-12-12T00:00:00+00:00
[2023-12-12T21:25:59.735+0000] {processor.py:179} INFO - Processing /home/airflow/.local/lib/python3.11/site-packages/airflow/example_dags/example_bash_operator.py took 0.063 seconds
[2023-12-12T21:26:30.008+0000] {processor.py:157} INFO - Started process (PID=26812) to work on /home/airflow/.local/lib/python3.11/site-packages/airflow/example_dags/example_bash_operator.py
[2023-12-12T21:26:30.010+0000] {processor.py:829} INFO - Processing file /home/airflow/.local/lib/python3.11/site-packages/airflow/example_dags/example_bash_operator.py for tasks to queue
[2023-12-12T21:26:30.011+0000] {logging_mixin.py:151} INFO - [2023-12-12T21:26:30.010+0000] {dagbag.py:539} INFO - Filling up the DagBag from /home/airflow/.local/lib/python3.11/site-packages/airflow/example_dags/example_bash_operator.py
[2023-12-12T21:26:30.024+0000] {processor.py:839} INFO - DAG(s) dict_keys(['example_bash_operator']) retrieved from /home/airflow/.local/lib/python3.11/site-packages/airflow/example_dags/example_bash_operator.py
[2023-12-12T21:26:30.047+0000] {logging_mixin.py:151} INFO - [2023-12-12T21:26:30.047+0000] {dag.py:2915} INFO - Sync 1 DAGs
[2023-12-12T21:26:30.064+0000] {logging_mixin.py:151} INFO - [2023-12-12T21:26:30.064+0000] {dag.py:3696} INFO - Setting next_dagrun for example_bash_operator to 2023-12-11T00:00:00+00:00, run_after=2023-12-12T00:00:00+00:00
[2023-12-12T21:26:30.082+0000] {processor.py:179} INFO - Processing /home/airflow/.local/lib/python3.11/site-packages/airflow/example_dags/example_bash_operator.py took 0.077 seconds
[2023-12-12T21:27:00.661+0000] {processor.py:157} INFO - Started process (PID=26877) to work on /home/airflow/.local/lib/python3.11/site-packages/airflow/example_dags/example_bash_operator.py
[2023-12-12T21:27:00.663+0000] {processor.py:829} INFO - Processing file /home/airflow/.local/lib/python3.11/site-packages/airflow/example_dags/example_bash_operator.py for tasks to queue
[2023-12-12T21:27:00.664+0000] {logging_mixin.py:151} INFO - [2023-12-12T21:27:00.664+0000] {dagbag.py:539} INFO - Filling up the DagBag from /home/airflow/.local/lib/python3.11/site-packages/airflow/example_dags/example_bash_operator.py
[2023-12-12T21:27:00.674+0000] {processor.py:839} INFO - DAG(s) dict_keys(['example_bash_operator']) retrieved from /home/airflow/.local/lib/python3.11/site-packages/airflow/example_dags/example_bash_operator.py
[2023-12-12T21:27:00.697+0000] {logging_mixin.py:151} INFO - [2023-12-12T21:27:00.697+0000] {dag.py:2915} INFO - Sync 1 DAGs
[2023-12-12T21:27:00.711+0000] {logging_mixin.py:151} INFO - [2023-12-12T21:27:00.711+0000] {dag.py:3696} INFO - Setting next_dagrun for example_bash_operator to 2023-12-11T00:00:00+00:00, run_after=2023-12-12T00:00:00+00:00
[2023-12-12T21:27:00.724+0000] {processor.py:179} INFO - Processing /home/airflow/.local/lib/python3.11/site-packages/airflow/example_dags/example_bash_operator.py took 0.066 seconds
[2023-12-12T21:27:37.034+0000] {processor.py:157} INFO - Started process (PID=26951) to work on /home/airflow/.local/lib/python3.11/site-packages/airflow/example_dags/example_bash_operator.py
[2023-12-12T21:27:37.035+0000] {processor.py:829} INFO - Processing file /home/airflow/.local/lib/python3.11/site-packages/airflow/example_dags/example_bash_operator.py for tasks to queue
[2023-12-12T21:27:37.036+0000] {logging_mixin.py:151} INFO - [2023-12-12T21:27:37.036+0000] {dagbag.py:539} INFO - Filling up the DagBag from /home/airflow/.local/lib/python3.11/site-packages/airflow/example_dags/example_bash_operator.py
[2023-12-12T21:27:37.045+0000] {processor.py:839} INFO - DAG(s) dict_keys(['example_bash_operator']) retrieved from /home/airflow/.local/lib/python3.11/site-packages/airflow/example_dags/example_bash_operator.py
[2023-12-12T21:27:37.067+0000] {logging_mixin.py:151} INFO - [2023-12-12T21:27:37.067+0000] {dag.py:2915} INFO - Sync 1 DAGs
[2023-12-12T21:27:37.082+0000] {logging_mixin.py:151} INFO - [2023-12-12T21:27:37.081+0000] {dag.py:3696} INFO - Setting next_dagrun for example_bash_operator to 2023-12-11T00:00:00+00:00, run_after=2023-12-12T00:00:00+00:00
[2023-12-12T21:27:37.094+0000] {processor.py:179} INFO - Processing /home/airflow/.local/lib/python3.11/site-packages/airflow/example_dags/example_bash_operator.py took 0.064 seconds
[2023-12-12T21:28:08.071+0000] {processor.py:157} INFO - Started process (PID=27017) to work on /home/airflow/.local/lib/python3.11/site-packages/airflow/example_dags/example_bash_operator.py
[2023-12-12T21:28:08.073+0000] {processor.py:829} INFO - Processing file /home/airflow/.local/lib/python3.11/site-packages/airflow/example_dags/example_bash_operator.py for tasks to queue
[2023-12-12T21:28:08.075+0000] {logging_mixin.py:151} INFO - [2023-12-12T21:28:08.074+0000] {dagbag.py:539} INFO - Filling up the DagBag from /home/airflow/.local/lib/python3.11/site-packages/airflow/example_dags/example_bash_operator.py
[2023-12-12T21:28:08.095+0000] {processor.py:839} INFO - DAG(s) dict_keys(['example_bash_operator']) retrieved from /home/airflow/.local/lib/python3.11/site-packages/airflow/example_dags/example_bash_operator.py
[2023-12-12T21:28:08.128+0000] {logging_mixin.py:151} INFO - [2023-12-12T21:28:08.128+0000] {dag.py:2915} INFO - Sync 1 DAGs
[2023-12-12T21:28:08.149+0000] {logging_mixin.py:151} INFO - [2023-12-12T21:28:08.149+0000] {dag.py:3696} INFO - Setting next_dagrun for example_bash_operator to 2023-12-11T00:00:00+00:00, run_after=2023-12-12T00:00:00+00:00
[2023-12-12T21:28:08.165+0000] {processor.py:179} INFO - Processing /home/airflow/.local/lib/python3.11/site-packages/airflow/example_dags/example_bash_operator.py took 0.097 seconds
[2023-12-12T21:28:38.223+0000] {processor.py:157} INFO - Started process (PID=27089) to work on /home/airflow/.local/lib/python3.11/site-packages/airflow/example_dags/example_bash_operator.py
[2023-12-12T21:28:38.225+0000] {processor.py:829} INFO - Processing file /home/airflow/.local/lib/python3.11/site-packages/airflow/example_dags/example_bash_operator.py for tasks to queue
[2023-12-12T21:28:38.227+0000] {logging_mixin.py:151} INFO - [2023-12-12T21:28:38.226+0000] {dagbag.py:539} INFO - Filling up the DagBag from /home/airflow/.local/lib/python3.11/site-packages/airflow/example_dags/example_bash_operator.py
[2023-12-12T21:28:38.236+0000] {processor.py:839} INFO - DAG(s) dict_keys(['example_bash_operator']) retrieved from /home/airflow/.local/lib/python3.11/site-packages/airflow/example_dags/example_bash_operator.py
[2023-12-12T21:28:38.259+0000] {logging_mixin.py:151} INFO - [2023-12-12T21:28:38.259+0000] {dag.py:2915} INFO - Sync 1 DAGs
[2023-12-12T21:28:38.273+0000] {logging_mixin.py:151} INFO - [2023-12-12T21:28:38.273+0000] {dag.py:3696} INFO - Setting next_dagrun for example_bash_operator to 2023-12-11T00:00:00+00:00, run_after=2023-12-12T00:00:00+00:00
[2023-12-12T21:28:38.286+0000] {processor.py:179} INFO - Processing /home/airflow/.local/lib/python3.11/site-packages/airflow/example_dags/example_bash_operator.py took 0.067 seconds
[2023-12-12T21:29:08.957+0000] {processor.py:157} INFO - Started process (PID=27162) to work on /home/airflow/.local/lib/python3.11/site-packages/airflow/example_dags/example_bash_operator.py
[2023-12-12T21:29:08.959+0000] {processor.py:829} INFO - Processing file /home/airflow/.local/lib/python3.11/site-packages/airflow/example_dags/example_bash_operator.py for tasks to queue
[2023-12-12T21:29:08.960+0000] {logging_mixin.py:151} INFO - [2023-12-12T21:29:08.960+0000] {dagbag.py:539} INFO - Filling up the DagBag from /home/airflow/.local/lib/python3.11/site-packages/airflow/example_dags/example_bash_operator.py
[2023-12-12T21:29:08.976+0000] {processor.py:839} INFO - DAG(s) dict_keys(['example_bash_operator']) retrieved from /home/airflow/.local/lib/python3.11/site-packages/airflow/example_dags/example_bash_operator.py
[2023-12-12T21:29:09.000+0000] {logging_mixin.py:151} INFO - [2023-12-12T21:29:09.000+0000] {dag.py:2915} INFO - Sync 1 DAGs
[2023-12-12T21:29:09.015+0000] {logging_mixin.py:151} INFO - [2023-12-12T21:29:09.015+0000] {dag.py:3696} INFO - Setting next_dagrun for example_bash_operator to 2023-12-11T00:00:00+00:00, run_after=2023-12-12T00:00:00+00:00
[2023-12-12T21:29:09.028+0000] {processor.py:179} INFO - Processing /home/airflow/.local/lib/python3.11/site-packages/airflow/example_dags/example_bash_operator.py took 0.074 seconds
[2023-12-12T21:29:39.476+0000] {processor.py:157} INFO - Started process (PID=27228) to work on /home/airflow/.local/lib/python3.11/site-packages/airflow/example_dags/example_bash_operator.py
[2023-12-12T21:29:39.478+0000] {processor.py:829} INFO - Processing file /home/airflow/.local/lib/python3.11/site-packages/airflow/example_dags/example_bash_operator.py for tasks to queue
[2023-12-12T21:29:39.480+0000] {logging_mixin.py:151} INFO - [2023-12-12T21:29:39.479+0000] {dagbag.py:539} INFO - Filling up the DagBag from /home/airflow/.local/lib/python3.11/site-packages/airflow/example_dags/example_bash_operator.py
[2023-12-12T21:29:39.492+0000] {processor.py:839} INFO - DAG(s) dict_keys(['example_bash_operator']) retrieved from /home/airflow/.local/lib/python3.11/site-packages/airflow/example_dags/example_bash_operator.py
[2023-12-12T21:29:39.515+0000] {logging_mixin.py:151} INFO - [2023-12-12T21:29:39.515+0000] {dag.py:2915} INFO - Sync 1 DAGs
[2023-12-12T21:29:39.531+0000] {logging_mixin.py:151} INFO - [2023-12-12T21:29:39.531+0000] {dag.py:3696} INFO - Setting next_dagrun for example_bash_operator to 2023-12-11T00:00:00+00:00, run_after=2023-12-12T00:00:00+00:00
[2023-12-12T21:29:39.545+0000] {processor.py:179} INFO - Processing /home/airflow/.local/lib/python3.11/site-packages/airflow/example_dags/example_bash_operator.py took 0.072 seconds
[2023-12-12T22:05:23.454+0000] {processor.py:157} INFO - Started process (PID=27296) to work on /home/airflow/.local/lib/python3.11/site-packages/airflow/example_dags/example_bash_operator.py
[2023-12-12T22:05:23.457+0000] {processor.py:829} INFO - Processing file /home/airflow/.local/lib/python3.11/site-packages/airflow/example_dags/example_bash_operator.py for tasks to queue
[2023-12-12T22:05:23.458+0000] {logging_mixin.py:151} INFO - [2023-12-12T22:05:23.458+0000] {dagbag.py:539} INFO - Filling up the DagBag from /home/airflow/.local/lib/python3.11/site-packages/airflow/example_dags/example_bash_operator.py
[2023-12-12T22:05:23.471+0000] {processor.py:839} INFO - DAG(s) dict_keys(['example_bash_operator']) retrieved from /home/airflow/.local/lib/python3.11/site-packages/airflow/example_dags/example_bash_operator.py
[2023-12-12T22:05:23.511+0000] {logging_mixin.py:151} INFO - [2023-12-12T22:05:23.511+0000] {dag.py:2915} INFO - Sync 1 DAGs
[2023-12-12T22:05:23.542+0000] {logging_mixin.py:151} INFO - [2023-12-12T22:05:23.541+0000] {dag.py:3696} INFO - Setting next_dagrun for example_bash_operator to 2023-12-11T00:00:00+00:00, run_after=2023-12-12T00:00:00+00:00
[2023-12-12T22:05:23.557+0000] {processor.py:179} INFO - Processing /home/airflow/.local/lib/python3.11/site-packages/airflow/example_dags/example_bash_operator.py took 0.107 seconds
[2023-12-12T23:41:17.912+0000] {processor.py:157} INFO - Started process (PID=27370) to work on /home/airflow/.local/lib/python3.11/site-packages/airflow/example_dags/example_bash_operator.py
[2023-12-12T23:41:17.915+0000] {processor.py:829} INFO - Processing file /home/airflow/.local/lib/python3.11/site-packages/airflow/example_dags/example_bash_operator.py for tasks to queue
[2023-12-12T23:41:17.917+0000] {logging_mixin.py:151} INFO - [2023-12-12T23:41:17.916+0000] {dagbag.py:539} INFO - Filling up the DagBag from /home/airflow/.local/lib/python3.11/site-packages/airflow/example_dags/example_bash_operator.py
[2023-12-12T23:41:17.932+0000] {processor.py:839} INFO - DAG(s) dict_keys(['example_bash_operator']) retrieved from /home/airflow/.local/lib/python3.11/site-packages/airflow/example_dags/example_bash_operator.py
[2023-12-12T23:41:17.978+0000] {logging_mixin.py:151} INFO - [2023-12-12T23:41:17.978+0000] {dag.py:2915} INFO - Sync 1 DAGs
[2023-12-12T23:41:18.021+0000] {logging_mixin.py:151} INFO - [2023-12-12T23:41:18.020+0000] {dag.py:3696} INFO - Setting next_dagrun for example_bash_operator to 2023-12-11T00:00:00+00:00, run_after=2023-12-12T00:00:00+00:00
[2023-12-12T23:41:18.038+0000] {processor.py:179} INFO - Processing /home/airflow/.local/lib/python3.11/site-packages/airflow/example_dags/example_bash_operator.py took 0.130 seconds
