[2023-08-17T01:15:06.406+0000] {processor.py:153} INFO - Started process (PID=95665) to work on /home/airflow/.local/lib/python3.7/site-packages/airflow/example_dags/example_sensors.py
[2023-08-17T01:15:06.409+0000] {processor.py:743} INFO - Processing file /home/airflow/.local/lib/python3.7/site-packages/airflow/example_dags/example_sensors.py for tasks to queue
[2023-08-17T01:15:06.413+0000] {logging_mixin.py:137} INFO - [2023-08-17T01:15:06.413+0000] {dagbag.py:538} INFO - Filling up the DagBag from /home/airflow/.local/lib/python3.7/site-packages/airflow/example_dags/example_sensors.py
[2023-08-17T01:15:07.110+0000] {processor.py:753} INFO - DAG(s) dict_keys(['example_sensors']) retrieved from /home/airflow/.local/lib/python3.7/site-packages/airflow/example_dags/example_sensors.py
[2023-08-17T01:15:07.221+0000] {logging_mixin.py:137} INFO - [2023-08-17T01:15:07.221+0000] {dag.py:2690} INFO - Sync 1 DAGs
[2023-08-17T01:15:07.462+0000] {logging_mixin.py:137} INFO - [2023-08-17T01:15:07.462+0000] {dag.py:3441} INFO - Setting next_dagrun for example_sensors to None, run_after=None
[2023-08-17T01:15:07.586+0000] {processor.py:175} INFO - Processing /home/airflow/.local/lib/python3.7/site-packages/airflow/example_dags/example_sensors.py took 1.278 seconds
[2023-08-17T02:21:55.995+0000] {processor.py:153} INFO - Started process (PID=95725) to work on /home/airflow/.local/lib/python3.7/site-packages/airflow/example_dags/example_sensors.py
[2023-08-17T02:21:56.011+0000] {processor.py:743} INFO - Processing file /home/airflow/.local/lib/python3.7/site-packages/airflow/example_dags/example_sensors.py for tasks to queue
[2023-08-17T02:21:56.013+0000] {logging_mixin.py:137} INFO - [2023-08-17T02:21:56.013+0000] {dagbag.py:538} INFO - Filling up the DagBag from /home/airflow/.local/lib/python3.7/site-packages/airflow/example_dags/example_sensors.py
[2023-08-17T02:21:56.044+0000] {processor.py:753} INFO - DAG(s) dict_keys(['example_sensors']) retrieved from /home/airflow/.local/lib/python3.7/site-packages/airflow/example_dags/example_sensors.py
[2023-08-17T02:21:56.090+0000] {logging_mixin.py:137} INFO - [2023-08-17T02:21:56.090+0000] {dag.py:2690} INFO - Sync 1 DAGs
[2023-08-17T02:21:56.138+0000] {logging_mixin.py:137} INFO - [2023-08-17T02:21:56.134+0000] {dag.py:3441} INFO - Setting next_dagrun for example_sensors to None, run_after=None
[2023-08-17T02:21:56.157+0000] {processor.py:175} INFO - Processing /home/airflow/.local/lib/python3.7/site-packages/airflow/example_dags/example_sensors.py took 0.165 seconds
[2023-08-17T02:56:08.797+0000] {processor.py:153} INFO - Started process (PID=95790) to work on /home/airflow/.local/lib/python3.7/site-packages/airflow/example_dags/example_sensors.py
[2023-08-17T02:56:08.798+0000] {processor.py:743} INFO - Processing file /home/airflow/.local/lib/python3.7/site-packages/airflow/example_dags/example_sensors.py for tasks to queue
[2023-08-17T02:56:08.799+0000] {logging_mixin.py:137} INFO - [2023-08-17T02:56:08.799+0000] {dagbag.py:538} INFO - Filling up the DagBag from /home/airflow/.local/lib/python3.7/site-packages/airflow/example_dags/example_sensors.py
[2023-08-17T02:56:08.829+0000] {processor.py:753} INFO - DAG(s) dict_keys(['example_sensors']) retrieved from /home/airflow/.local/lib/python3.7/site-packages/airflow/example_dags/example_sensors.py
[2023-08-17T02:56:08.855+0000] {logging_mixin.py:137} INFO - [2023-08-17T02:56:08.855+0000] {dag.py:2690} INFO - Sync 1 DAGs
[2023-08-17T02:56:08.875+0000] {logging_mixin.py:137} INFO - [2023-08-17T02:56:08.875+0000] {dag.py:3441} INFO - Setting next_dagrun for example_sensors to None, run_after=None
[2023-08-17T02:56:08.891+0000] {processor.py:175} INFO - Processing /home/airflow/.local/lib/python3.7/site-packages/airflow/example_dags/example_sensors.py took 0.098 seconds
[2023-08-17T04:01:05.690+0000] {processor.py:153} INFO - Started process (PID=95858) to work on /home/airflow/.local/lib/python3.7/site-packages/airflow/example_dags/example_sensors.py
[2023-08-17T04:01:05.693+0000] {processor.py:743} INFO - Processing file /home/airflow/.local/lib/python3.7/site-packages/airflow/example_dags/example_sensors.py for tasks to queue
[2023-08-17T04:01:05.695+0000] {logging_mixin.py:137} INFO - [2023-08-17T04:01:05.695+0000] {dagbag.py:538} INFO - Filling up the DagBag from /home/airflow/.local/lib/python3.7/site-packages/airflow/example_dags/example_sensors.py
[2023-08-17T04:01:05.720+0000] {processor.py:753} INFO - DAG(s) dict_keys(['example_sensors']) retrieved from /home/airflow/.local/lib/python3.7/site-packages/airflow/example_dags/example_sensors.py
[2023-08-17T04:01:05.755+0000] {logging_mixin.py:137} INFO - [2023-08-17T04:01:05.755+0000] {dag.py:2690} INFO - Sync 1 DAGs
[2023-08-17T04:01:05.778+0000] {logging_mixin.py:137} INFO - [2023-08-17T04:01:05.777+0000] {dag.py:3441} INFO - Setting next_dagrun for example_sensors to None, run_after=None
[2023-08-17T04:01:05.795+0000] {processor.py:175} INFO - Processing /home/airflow/.local/lib/python3.7/site-packages/airflow/example_dags/example_sensors.py took 0.108 seconds
[2023-08-17T05:21:50.151+0000] {processor.py:153} INFO - Started process (PID=95926) to work on /home/airflow/.local/lib/python3.7/site-packages/airflow/example_dags/example_sensors.py
[2023-08-17T05:21:50.154+0000] {processor.py:743} INFO - Processing file /home/airflow/.local/lib/python3.7/site-packages/airflow/example_dags/example_sensors.py for tasks to queue
[2023-08-17T05:21:50.156+0000] {logging_mixin.py:137} INFO - [2023-08-17T05:21:50.155+0000] {dagbag.py:538} INFO - Filling up the DagBag from /home/airflow/.local/lib/python3.7/site-packages/airflow/example_dags/example_sensors.py
[2023-08-17T05:21:50.194+0000] {processor.py:753} INFO - DAG(s) dict_keys(['example_sensors']) retrieved from /home/airflow/.local/lib/python3.7/site-packages/airflow/example_dags/example_sensors.py
[2023-08-17T05:21:50.231+0000] {logging_mixin.py:137} INFO - [2023-08-17T05:21:50.230+0000] {dag.py:2690} INFO - Sync 1 DAGs
[2023-08-17T05:21:50.283+0000] {logging_mixin.py:137} INFO - [2023-08-17T05:21:50.282+0000] {dag.py:3441} INFO - Setting next_dagrun for example_sensors to None, run_after=None
[2023-08-17T05:21:50.373+0000] {processor.py:175} INFO - Processing /home/airflow/.local/lib/python3.7/site-packages/airflow/example_dags/example_sensors.py took 0.228 seconds
[2023-08-17T06:45:20.601+0000] {processor.py:153} INFO - Started process (PID=96006) to work on /home/airflow/.local/lib/python3.7/site-packages/airflow/example_dags/example_sensors.py
[2023-08-17T06:45:20.603+0000] {processor.py:743} INFO - Processing file /home/airflow/.local/lib/python3.7/site-packages/airflow/example_dags/example_sensors.py for tasks to queue
[2023-08-17T06:45:20.605+0000] {logging_mixin.py:137} INFO - [2023-08-17T06:45:20.605+0000] {dagbag.py:538} INFO - Filling up the DagBag from /home/airflow/.local/lib/python3.7/site-packages/airflow/example_dags/example_sensors.py
[2023-08-17T06:45:20.627+0000] {processor.py:753} INFO - DAG(s) dict_keys(['example_sensors']) retrieved from /home/airflow/.local/lib/python3.7/site-packages/airflow/example_dags/example_sensors.py
[2023-08-17T06:45:20.655+0000] {logging_mixin.py:137} INFO - [2023-08-17T06:45:20.655+0000] {dag.py:2690} INFO - Sync 1 DAGs
[2023-08-17T06:45:20.676+0000] {logging_mixin.py:137} INFO - [2023-08-17T06:45:20.675+0000] {dag.py:3441} INFO - Setting next_dagrun for example_sensors to None, run_after=None
[2023-08-17T06:45:20.700+0000] {processor.py:175} INFO - Processing /home/airflow/.local/lib/python3.7/site-packages/airflow/example_dags/example_sensors.py took 0.103 seconds
[2023-08-17T08:07:00.522+0000] {processor.py:153} INFO - Started process (PID=96074) to work on /home/airflow/.local/lib/python3.7/site-packages/airflow/example_dags/example_sensors.py
[2023-08-17T08:07:00.523+0000] {processor.py:743} INFO - Processing file /home/airflow/.local/lib/python3.7/site-packages/airflow/example_dags/example_sensors.py for tasks to queue
[2023-08-17T08:07:00.525+0000] {logging_mixin.py:137} INFO - [2023-08-17T08:07:00.525+0000] {dagbag.py:538} INFO - Filling up the DagBag from /home/airflow/.local/lib/python3.7/site-packages/airflow/example_dags/example_sensors.py
[2023-08-17T08:07:00.558+0000] {processor.py:753} INFO - DAG(s) dict_keys(['example_sensors']) retrieved from /home/airflow/.local/lib/python3.7/site-packages/airflow/example_dags/example_sensors.py
[2023-08-17T08:07:00.721+0000] {logging_mixin.py:137} INFO - [2023-08-17T08:07:00.720+0000] {dag.py:2690} INFO - Sync 1 DAGs
[2023-08-17T08:07:00.811+0000] {logging_mixin.py:137} INFO - [2023-08-17T08:07:00.811+0000] {dag.py:3441} INFO - Setting next_dagrun for example_sensors to None, run_after=None
[2023-08-17T08:07:00.851+0000] {processor.py:175} INFO - Processing /home/airflow/.local/lib/python3.7/site-packages/airflow/example_dags/example_sensors.py took 0.333 seconds
[2023-08-17T09:00:33.921+0000] {processor.py:153} INFO - Started process (PID=96141) to work on /home/airflow/.local/lib/python3.7/site-packages/airflow/example_dags/example_sensors.py
[2023-08-17T09:00:33.923+0000] {processor.py:743} INFO - Processing file /home/airflow/.local/lib/python3.7/site-packages/airflow/example_dags/example_sensors.py for tasks to queue
[2023-08-17T09:00:33.924+0000] {logging_mixin.py:137} INFO - [2023-08-17T09:00:33.924+0000] {dagbag.py:538} INFO - Filling up the DagBag from /home/airflow/.local/lib/python3.7/site-packages/airflow/example_dags/example_sensors.py
[2023-08-17T09:00:33.945+0000] {processor.py:753} INFO - DAG(s) dict_keys(['example_sensors']) retrieved from /home/airflow/.local/lib/python3.7/site-packages/airflow/example_dags/example_sensors.py
[2023-08-17T09:00:33.969+0000] {logging_mixin.py:137} INFO - [2023-08-17T09:00:33.969+0000] {dag.py:2690} INFO - Sync 1 DAGs
[2023-08-17T09:00:33.986+0000] {logging_mixin.py:137} INFO - [2023-08-17T09:00:33.986+0000] {dag.py:3441} INFO - Setting next_dagrun for example_sensors to None, run_after=None
[2023-08-17T09:00:33.998+0000] {processor.py:175} INFO - Processing /home/airflow/.local/lib/python3.7/site-packages/airflow/example_dags/example_sensors.py took 0.080 seconds
[2023-08-17T10:20:51.337+0000] {processor.py:153} INFO - Started process (PID=96222) to work on /home/airflow/.local/lib/python3.7/site-packages/airflow/example_dags/example_sensors.py
[2023-08-17T10:20:51.341+0000] {processor.py:743} INFO - Processing file /home/airflow/.local/lib/python3.7/site-packages/airflow/example_dags/example_sensors.py for tasks to queue
[2023-08-17T10:20:51.342+0000] {logging_mixin.py:137} INFO - [2023-08-17T10:20:51.342+0000] {dagbag.py:538} INFO - Filling up the DagBag from /home/airflow/.local/lib/python3.7/site-packages/airflow/example_dags/example_sensors.py
[2023-08-17T10:20:51.363+0000] {processor.py:753} INFO - DAG(s) dict_keys(['example_sensors']) retrieved from /home/airflow/.local/lib/python3.7/site-packages/airflow/example_dags/example_sensors.py
[2023-08-17T10:20:51.401+0000] {logging_mixin.py:137} INFO - [2023-08-17T10:20:51.401+0000] {dag.py:2690} INFO - Sync 1 DAGs
[2023-08-17T10:20:51.420+0000] {logging_mixin.py:137} INFO - [2023-08-17T10:20:51.420+0000] {dag.py:3441} INFO - Setting next_dagrun for example_sensors to None, run_after=None
[2023-08-17T10:20:51.441+0000] {processor.py:175} INFO - Processing /home/airflow/.local/lib/python3.7/site-packages/airflow/example_dags/example_sensors.py took 0.108 seconds
[2023-08-17T11:44:43.954+0000] {processor.py:153} INFO - Started process (PID=96290) to work on /home/airflow/.local/lib/python3.7/site-packages/airflow/example_dags/example_sensors.py
[2023-08-17T11:44:43.961+0000] {processor.py:743} INFO - Processing file /home/airflow/.local/lib/python3.7/site-packages/airflow/example_dags/example_sensors.py for tasks to queue
[2023-08-17T11:44:43.964+0000] {logging_mixin.py:137} INFO - [2023-08-17T11:44:43.964+0000] {dagbag.py:538} INFO - Filling up the DagBag from /home/airflow/.local/lib/python3.7/site-packages/airflow/example_dags/example_sensors.py
[2023-08-17T11:44:44.001+0000] {processor.py:753} INFO - DAG(s) dict_keys(['example_sensors']) retrieved from /home/airflow/.local/lib/python3.7/site-packages/airflow/example_dags/example_sensors.py
[2023-08-17T11:44:44.028+0000] {logging_mixin.py:137} INFO - [2023-08-17T11:44:44.028+0000] {dag.py:2690} INFO - Sync 1 DAGs
[2023-08-17T11:44:44.048+0000] {logging_mixin.py:137} INFO - [2023-08-17T11:44:44.048+0000] {dag.py:3441} INFO - Setting next_dagrun for example_sensors to None, run_after=None
[2023-08-17T11:44:44.062+0000] {processor.py:175} INFO - Processing /home/airflow/.local/lib/python3.7/site-packages/airflow/example_dags/example_sensors.py took 0.112 seconds
[2023-08-17T13:08:13.219+0000] {processor.py:153} INFO - Started process (PID=96358) to work on /home/airflow/.local/lib/python3.7/site-packages/airflow/example_dags/example_sensors.py
[2023-08-17T13:08:13.221+0000] {processor.py:743} INFO - Processing file /home/airflow/.local/lib/python3.7/site-packages/airflow/example_dags/example_sensors.py for tasks to queue
[2023-08-17T13:08:13.222+0000] {logging_mixin.py:137} INFO - [2023-08-17T13:08:13.222+0000] {dagbag.py:538} INFO - Filling up the DagBag from /home/airflow/.local/lib/python3.7/site-packages/airflow/example_dags/example_sensors.py
[2023-08-17T13:08:13.247+0000] {processor.py:753} INFO - DAG(s) dict_keys(['example_sensors']) retrieved from /home/airflow/.local/lib/python3.7/site-packages/airflow/example_dags/example_sensors.py
[2023-08-17T13:08:13.283+0000] {logging_mixin.py:137} INFO - [2023-08-17T13:08:13.283+0000] {dag.py:2690} INFO - Sync 1 DAGs
[2023-08-17T13:08:13.315+0000] {logging_mixin.py:137} INFO - [2023-08-17T13:08:13.315+0000] {dag.py:3441} INFO - Setting next_dagrun for example_sensors to None, run_after=None
[2023-08-17T13:08:13.358+0000] {processor.py:175} INFO - Processing /home/airflow/.local/lib/python3.7/site-packages/airflow/example_dags/example_sensors.py took 0.143 seconds
[2023-08-17T14:14:14.938+0000] {processor.py:153} INFO - Started process (PID=96432) to work on /home/airflow/.local/lib/python3.7/site-packages/airflow/example_dags/example_sensors.py
[2023-08-17T14:14:14.944+0000] {processor.py:743} INFO - Processing file /home/airflow/.local/lib/python3.7/site-packages/airflow/example_dags/example_sensors.py for tasks to queue
[2023-08-17T14:14:14.948+0000] {logging_mixin.py:137} INFO - [2023-08-17T14:14:14.948+0000] {dagbag.py:538} INFO - Filling up the DagBag from /home/airflow/.local/lib/python3.7/site-packages/airflow/example_dags/example_sensors.py
[2023-08-17T14:14:14.999+0000] {processor.py:753} INFO - DAG(s) dict_keys(['example_sensors']) retrieved from /home/airflow/.local/lib/python3.7/site-packages/airflow/example_dags/example_sensors.py
[2023-08-17T14:14:15.056+0000] {logging_mixin.py:137} INFO - [2023-08-17T14:14:15.056+0000] {dag.py:2690} INFO - Sync 1 DAGs
[2023-08-17T14:14:15.114+0000] {logging_mixin.py:137} INFO - [2023-08-17T14:14:15.114+0000] {dag.py:3441} INFO - Setting next_dagrun for example_sensors to None, run_after=None
[2023-08-17T14:14:15.163+0000] {processor.py:175} INFO - Processing /home/airflow/.local/lib/python3.7/site-packages/airflow/example_dags/example_sensors.py took 0.229 seconds
[2023-08-17T15:00:30.504+0000] {processor.py:153} INFO - Started process (PID=96502) to work on /home/airflow/.local/lib/python3.7/site-packages/airflow/example_dags/example_sensors.py
[2023-08-17T15:00:30.507+0000] {processor.py:743} INFO - Processing file /home/airflow/.local/lib/python3.7/site-packages/airflow/example_dags/example_sensors.py for tasks to queue
[2023-08-17T15:00:30.508+0000] {logging_mixin.py:137} INFO - [2023-08-17T15:00:30.508+0000] {dagbag.py:538} INFO - Filling up the DagBag from /home/airflow/.local/lib/python3.7/site-packages/airflow/example_dags/example_sensors.py
[2023-08-17T15:00:30.557+0000] {processor.py:753} INFO - DAG(s) dict_keys(['example_sensors']) retrieved from /home/airflow/.local/lib/python3.7/site-packages/airflow/example_dags/example_sensors.py
[2023-08-17T15:00:30.675+0000] {logging_mixin.py:137} INFO - [2023-08-17T15:00:30.675+0000] {dag.py:2690} INFO - Sync 1 DAGs
[2023-08-17T15:00:30.716+0000] {logging_mixin.py:137} INFO - [2023-08-17T15:00:30.716+0000] {dag.py:3441} INFO - Setting next_dagrun for example_sensors to None, run_after=None
[2023-08-17T15:00:30.782+0000] {processor.py:175} INFO - Processing /home/airflow/.local/lib/python3.7/site-packages/airflow/example_dags/example_sensors.py took 0.282 seconds
[2023-08-17T15:01:02.053+0000] {processor.py:153} INFO - Started process (PID=96572) to work on /home/airflow/.local/lib/python3.7/site-packages/airflow/example_dags/example_sensors.py
[2023-08-17T15:01:02.055+0000] {processor.py:743} INFO - Processing file /home/airflow/.local/lib/python3.7/site-packages/airflow/example_dags/example_sensors.py for tasks to queue
[2023-08-17T15:01:02.056+0000] {logging_mixin.py:137} INFO - [2023-08-17T15:01:02.056+0000] {dagbag.py:538} INFO - Filling up the DagBag from /home/airflow/.local/lib/python3.7/site-packages/airflow/example_dags/example_sensors.py
[2023-08-17T15:01:02.082+0000] {processor.py:753} INFO - DAG(s) dict_keys(['example_sensors']) retrieved from /home/airflow/.local/lib/python3.7/site-packages/airflow/example_dags/example_sensors.py
[2023-08-17T15:01:02.109+0000] {logging_mixin.py:137} INFO - [2023-08-17T15:01:02.109+0000] {dag.py:2690} INFO - Sync 1 DAGs
[2023-08-17T15:01:02.129+0000] {logging_mixin.py:137} INFO - [2023-08-17T15:01:02.129+0000] {dag.py:3441} INFO - Setting next_dagrun for example_sensors to None, run_after=None
[2023-08-17T15:01:02.146+0000] {processor.py:175} INFO - Processing /home/airflow/.local/lib/python3.7/site-packages/airflow/example_dags/example_sensors.py took 0.097 seconds
[2023-08-17T15:01:32.782+0000] {processor.py:153} INFO - Started process (PID=96640) to work on /home/airflow/.local/lib/python3.7/site-packages/airflow/example_dags/example_sensors.py
[2023-08-17T15:01:32.790+0000] {processor.py:743} INFO - Processing file /home/airflow/.local/lib/python3.7/site-packages/airflow/example_dags/example_sensors.py for tasks to queue
[2023-08-17T15:01:32.800+0000] {logging_mixin.py:137} INFO - [2023-08-17T15:01:32.800+0000] {dagbag.py:538} INFO - Filling up the DagBag from /home/airflow/.local/lib/python3.7/site-packages/airflow/example_dags/example_sensors.py
[2023-08-17T15:01:32.887+0000] {processor.py:753} INFO - DAG(s) dict_keys(['example_sensors']) retrieved from /home/airflow/.local/lib/python3.7/site-packages/airflow/example_dags/example_sensors.py
[2023-08-17T15:01:32.914+0000] {logging_mixin.py:137} INFO - [2023-08-17T15:01:32.914+0000] {dag.py:2690} INFO - Sync 1 DAGs
[2023-08-17T15:01:32.931+0000] {logging_mixin.py:137} INFO - [2023-08-17T15:01:32.931+0000] {dag.py:3441} INFO - Setting next_dagrun for example_sensors to None, run_after=None
[2023-08-17T15:01:32.945+0000] {processor.py:175} INFO - Processing /home/airflow/.local/lib/python3.7/site-packages/airflow/example_dags/example_sensors.py took 0.169 seconds
[2023-08-17T15:18:11.628+0000] {processor.py:153} INFO - Started process (PID=96709) to work on /home/airflow/.local/lib/python3.7/site-packages/airflow/example_dags/example_sensors.py
[2023-08-17T15:18:11.634+0000] {processor.py:743} INFO - Processing file /home/airflow/.local/lib/python3.7/site-packages/airflow/example_dags/example_sensors.py for tasks to queue
[2023-08-17T15:18:11.637+0000] {logging_mixin.py:137} INFO - [2023-08-17T15:18:11.637+0000] {dagbag.py:538} INFO - Filling up the DagBag from /home/airflow/.local/lib/python3.7/site-packages/airflow/example_dags/example_sensors.py
[2023-08-17T15:18:11.688+0000] {processor.py:753} INFO - DAG(s) dict_keys(['example_sensors']) retrieved from /home/airflow/.local/lib/python3.7/site-packages/airflow/example_dags/example_sensors.py
[2023-08-17T15:18:11.754+0000] {logging_mixin.py:137} INFO - [2023-08-17T15:18:11.754+0000] {dag.py:2690} INFO - Sync 1 DAGs
[2023-08-17T15:18:11.779+0000] {logging_mixin.py:137} INFO - [2023-08-17T15:18:11.779+0000] {dag.py:3441} INFO - Setting next_dagrun for example_sensors to None, run_after=None
[2023-08-17T15:18:11.792+0000] {processor.py:175} INFO - Processing /home/airflow/.local/lib/python3.7/site-packages/airflow/example_dags/example_sensors.py took 0.169 seconds
[2023-08-17T16:13:09.688+0000] {processor.py:153} INFO - Started process (PID=96784) to work on /home/airflow/.local/lib/python3.7/site-packages/airflow/example_dags/example_sensors.py
[2023-08-17T16:13:09.696+0000] {processor.py:743} INFO - Processing file /home/airflow/.local/lib/python3.7/site-packages/airflow/example_dags/example_sensors.py for tasks to queue
[2023-08-17T16:13:09.700+0000] {logging_mixin.py:137} INFO - [2023-08-17T16:13:09.700+0000] {dagbag.py:538} INFO - Filling up the DagBag from /home/airflow/.local/lib/python3.7/site-packages/airflow/example_dags/example_sensors.py
[2023-08-17T16:13:09.765+0000] {processor.py:753} INFO - DAG(s) dict_keys(['example_sensors']) retrieved from /home/airflow/.local/lib/python3.7/site-packages/airflow/example_dags/example_sensors.py
[2023-08-17T16:13:09.821+0000] {logging_mixin.py:137} INFO - [2023-08-17T16:13:09.820+0000] {dag.py:2690} INFO - Sync 1 DAGs
[2023-08-17T16:13:09.887+0000] {logging_mixin.py:137} INFO - [2023-08-17T16:13:09.886+0000] {dag.py:3441} INFO - Setting next_dagrun for example_sensors to None, run_after=None
[2023-08-17T16:13:09.919+0000] {processor.py:175} INFO - Processing /home/airflow/.local/lib/python3.7/site-packages/airflow/example_dags/example_sensors.py took 0.234 seconds
[2023-08-17T17:34:53.380+0000] {processor.py:153} INFO - Started process (PID=96856) to work on /home/airflow/.local/lib/python3.7/site-packages/airflow/example_dags/example_sensors.py
[2023-08-17T17:34:53.381+0000] {processor.py:743} INFO - Processing file /home/airflow/.local/lib/python3.7/site-packages/airflow/example_dags/example_sensors.py for tasks to queue
[2023-08-17T17:34:53.382+0000] {logging_mixin.py:137} INFO - [2023-08-17T17:34:53.382+0000] {dagbag.py:538} INFO - Filling up the DagBag from /home/airflow/.local/lib/python3.7/site-packages/airflow/example_dags/example_sensors.py
[2023-08-17T17:34:53.401+0000] {processor.py:753} INFO - DAG(s) dict_keys(['example_sensors']) retrieved from /home/airflow/.local/lib/python3.7/site-packages/airflow/example_dags/example_sensors.py
[2023-08-17T17:34:53.425+0000] {logging_mixin.py:137} INFO - [2023-08-17T17:34:53.425+0000] {dag.py:2690} INFO - Sync 1 DAGs
[2023-08-17T17:34:53.443+0000] {logging_mixin.py:137} INFO - [2023-08-17T17:34:53.443+0000] {dag.py:3441} INFO - Setting next_dagrun for example_sensors to None, run_after=None
[2023-08-17T17:34:53.457+0000] {processor.py:175} INFO - Processing /home/airflow/.local/lib/python3.7/site-packages/airflow/example_dags/example_sensors.py took 0.080 seconds
[2023-08-17T19:00:09.360+0000] {processor.py:153} INFO - Started process (PID=96925) to work on /home/airflow/.local/lib/python3.7/site-packages/airflow/example_dags/example_sensors.py
[2023-08-17T19:00:09.380+0000] {processor.py:743} INFO - Processing file /home/airflow/.local/lib/python3.7/site-packages/airflow/example_dags/example_sensors.py for tasks to queue
[2023-08-17T19:00:09.382+0000] {logging_mixin.py:137} INFO - [2023-08-17T19:00:09.381+0000] {dagbag.py:538} INFO - Filling up the DagBag from /home/airflow/.local/lib/python3.7/site-packages/airflow/example_dags/example_sensors.py
[2023-08-17T19:00:09.406+0000] {processor.py:753} INFO - DAG(s) dict_keys(['example_sensors']) retrieved from /home/airflow/.local/lib/python3.7/site-packages/airflow/example_dags/example_sensors.py
[2023-08-17T19:00:09.433+0000] {logging_mixin.py:137} INFO - [2023-08-17T19:00:09.433+0000] {dag.py:2690} INFO - Sync 1 DAGs
[2023-08-17T19:00:09.453+0000] {logging_mixin.py:137} INFO - [2023-08-17T19:00:09.453+0000] {dag.py:3441} INFO - Setting next_dagrun for example_sensors to None, run_after=None
[2023-08-17T19:00:09.470+0000] {processor.py:175} INFO - Processing /home/airflow/.local/lib/python3.7/site-packages/airflow/example_dags/example_sensors.py took 0.113 seconds
[2023-08-17T20:23:44.310+0000] {processor.py:153} INFO - Started process (PID=96993) to work on /home/airflow/.local/lib/python3.7/site-packages/airflow/example_dags/example_sensors.py
[2023-08-17T20:23:44.312+0000] {processor.py:743} INFO - Processing file /home/airflow/.local/lib/python3.7/site-packages/airflow/example_dags/example_sensors.py for tasks to queue
[2023-08-17T20:23:44.314+0000] {logging_mixin.py:137} INFO - [2023-08-17T20:23:44.314+0000] {dagbag.py:538} INFO - Filling up the DagBag from /home/airflow/.local/lib/python3.7/site-packages/airflow/example_dags/example_sensors.py
[2023-08-17T20:23:44.335+0000] {processor.py:753} INFO - DAG(s) dict_keys(['example_sensors']) retrieved from /home/airflow/.local/lib/python3.7/site-packages/airflow/example_dags/example_sensors.py
[2023-08-17T20:23:44.362+0000] {logging_mixin.py:137} INFO - [2023-08-17T20:23:44.362+0000] {dag.py:2690} INFO - Sync 1 DAGs
[2023-08-17T20:23:44.380+0000] {logging_mixin.py:137} INFO - [2023-08-17T20:23:44.380+0000] {dag.py:3441} INFO - Setting next_dagrun for example_sensors to None, run_after=None
[2023-08-17T20:23:44.392+0000] {processor.py:175} INFO - Processing /home/airflow/.local/lib/python3.7/site-packages/airflow/example_dags/example_sensors.py took 0.085 seconds
[2023-08-17T21:14:24.229+0000] {processor.py:153} INFO - Started process (PID=97074) to work on /home/airflow/.local/lib/python3.7/site-packages/airflow/example_dags/example_sensors.py
[2023-08-17T21:14:24.231+0000] {processor.py:743} INFO - Processing file /home/airflow/.local/lib/python3.7/site-packages/airflow/example_dags/example_sensors.py for tasks to queue
[2023-08-17T21:14:24.232+0000] {logging_mixin.py:137} INFO - [2023-08-17T21:14:24.232+0000] {dagbag.py:538} INFO - Filling up the DagBag from /home/airflow/.local/lib/python3.7/site-packages/airflow/example_dags/example_sensors.py
[2023-08-17T21:14:24.250+0000] {processor.py:753} INFO - DAG(s) dict_keys(['example_sensors']) retrieved from /home/airflow/.local/lib/python3.7/site-packages/airflow/example_dags/example_sensors.py
[2023-08-17T21:14:24.277+0000] {logging_mixin.py:137} INFO - [2023-08-17T21:14:24.276+0000] {dag.py:2690} INFO - Sync 1 DAGs
[2023-08-17T21:14:24.294+0000] {logging_mixin.py:137} INFO - [2023-08-17T21:14:24.294+0000] {dag.py:3441} INFO - Setting next_dagrun for example_sensors to None, run_after=None
[2023-08-17T21:14:24.307+0000] {processor.py:175} INFO - Processing /home/airflow/.local/lib/python3.7/site-packages/airflow/example_dags/example_sensors.py took 0.081 seconds
[2023-08-17T22:05:24.711+0000] {processor.py:153} INFO - Started process (PID=97142) to work on /home/airflow/.local/lib/python3.7/site-packages/airflow/example_dags/example_sensors.py
[2023-08-17T22:05:24.712+0000] {processor.py:743} INFO - Processing file /home/airflow/.local/lib/python3.7/site-packages/airflow/example_dags/example_sensors.py for tasks to queue
[2023-08-17T22:05:24.714+0000] {logging_mixin.py:137} INFO - [2023-08-17T22:05:24.714+0000] {dagbag.py:538} INFO - Filling up the DagBag from /home/airflow/.local/lib/python3.7/site-packages/airflow/example_dags/example_sensors.py
[2023-08-17T22:05:24.729+0000] {processor.py:753} INFO - DAG(s) dict_keys(['example_sensors']) retrieved from /home/airflow/.local/lib/python3.7/site-packages/airflow/example_dags/example_sensors.py
[2023-08-17T22:05:24.751+0000] {logging_mixin.py:137} INFO - [2023-08-17T22:05:24.751+0000] {dag.py:2690} INFO - Sync 1 DAGs
[2023-08-17T22:05:24.770+0000] {logging_mixin.py:137} INFO - [2023-08-17T22:05:24.770+0000] {dag.py:3441} INFO - Setting next_dagrun for example_sensors to None, run_after=None
[2023-08-17T22:05:24.782+0000] {processor.py:175} INFO - Processing /home/airflow/.local/lib/python3.7/site-packages/airflow/example_dags/example_sensors.py took 0.075 seconds
[2023-08-17T23:13:55.054+0000] {processor.py:153} INFO - Started process (PID=97210) to work on /home/airflow/.local/lib/python3.7/site-packages/airflow/example_dags/example_sensors.py
[2023-08-17T23:13:55.058+0000] {processor.py:743} INFO - Processing file /home/airflow/.local/lib/python3.7/site-packages/airflow/example_dags/example_sensors.py for tasks to queue
[2023-08-17T23:13:55.059+0000] {logging_mixin.py:137} INFO - [2023-08-17T23:13:55.059+0000] {dagbag.py:538} INFO - Filling up the DagBag from /home/airflow/.local/lib/python3.7/site-packages/airflow/example_dags/example_sensors.py
[2023-08-17T23:13:55.096+0000] {processor.py:753} INFO - DAG(s) dict_keys(['example_sensors']) retrieved from /home/airflow/.local/lib/python3.7/site-packages/airflow/example_dags/example_sensors.py
[2023-08-17T23:13:55.131+0000] {logging_mixin.py:137} INFO - [2023-08-17T23:13:55.131+0000] {dag.py:2690} INFO - Sync 1 DAGs
[2023-08-17T23:13:55.153+0000] {logging_mixin.py:137} INFO - [2023-08-17T23:13:55.153+0000] {dag.py:3441} INFO - Setting next_dagrun for example_sensors to None, run_after=None
[2023-08-17T23:13:55.169+0000] {processor.py:175} INFO - Processing /home/airflow/.local/lib/python3.7/site-packages/airflow/example_dags/example_sensors.py took 0.118 seconds
