[2023-12-05T01:02:43.525+0000] {taskinstance.py:1083} INFO - Dependencies all met for <TaskInstance: age_check.age_check scheduled__2023-12-04T00:00:00+00:00 [queued]>
[2023-12-05T01:02:43.532+0000] {taskinstance.py:1083} INFO - Dependencies all met for <TaskInstance: age_check.age_check scheduled__2023-12-04T00:00:00+00:00 [queued]>
[2023-12-05T01:02:43.533+0000] {taskinstance.py:1279} INFO - 
--------------------------------------------------------------------------------
[2023-12-05T01:02:43.534+0000] {taskinstance.py:1280} INFO - Starting attempt 3 of 4
[2023-12-05T01:02:43.535+0000] {taskinstance.py:1281} INFO - 
--------------------------------------------------------------------------------
[2023-12-05T01:02:43.542+0000] {taskinstance.py:1300} INFO - Executing <Task(PythonOperator): age_check> on 2023-12-04 00:00:00+00:00
[2023-12-05T01:02:43.547+0000] {standard_task_runner.py:55} INFO - Started process 6763 to run task
[2023-12-05T01:02:43.550+0000] {standard_task_runner.py:82} INFO - Running: ['***', 'tasks', 'run', 'age_check', 'age_check', 'scheduled__2023-12-04T00:00:00+00:00', '--job-id', '6051', '--raw', '--subdir', 'DAGS_FOLDER/age.py', '--cfg-path', '/tmp/tmpasm4r7uo']
[2023-12-05T01:02:43.552+0000] {standard_task_runner.py:83} INFO - Job 6051: Subtask age_check
[2023-12-05T01:02:43.611+0000] {task_command.py:388} INFO - Running <TaskInstance: age_check.age_check scheduled__2023-12-04T00:00:00+00:00 [running]> on host 25f6b46723d1
[2023-12-05T01:02:43.661+0000] {taskinstance.py:1509} INFO - Exporting the following env vars:
AIRFLOW_CTX_DAG_OWNER=***
AIRFLOW_CTX_DAG_ID=age_check
AIRFLOW_CTX_TASK_ID=age_check
AIRFLOW_CTX_EXECUTION_DATE=2023-12-04T00:00:00+00:00
AIRFLOW_CTX_TRY_NUMBER=3
AIRFLOW_CTX_DAG_RUN_ID=scheduled__2023-12-04T00:00:00+00:00
[2023-12-05T01:02:43.670+0000] {taskinstance.py:1768} ERROR - Task failed with exception
Traceback (most recent call last):
  File "/home/airflow/.local/lib/python3.7/site-packages/airflow/operators/python.py", line 175, in execute
    return_value = self.execute_callable()
  File "/home/airflow/.local/lib/python3.7/site-packages/airflow/operators/python.py", line 192, in execute_callable
    return self.python_callable(*self.op_args, **self.op_kwargs)
  File "/opt/airflow/dags/age.py", line 35, in age_check
    birth_year = int(Variable.get('birth_year'))
  File "/home/airflow/.local/lib/python3.7/site-packages/airflow/models/variable.py", line 141, in get
    raise KeyError(f"Variable {key} does not exist")
KeyError: 'Variable birth_year does not exist'
[2023-12-05T01:02:43.680+0000] {taskinstance.py:1323} INFO - Marking task as UP_FOR_RETRY. dag_id=age_check, task_id=age_check, execution_date=20231204T000000, start_date=20231205T010243, end_date=20231205T010243
[2023-12-05T01:02:43.689+0000] {standard_task_runner.py:105} ERROR - Failed to execute job 6051 for task age_check ('Variable birth_year does not exist'; 6763)
[2023-12-05T01:02:43.729+0000] {local_task_job.py:208} INFO - Task exited with return code 1
[2023-12-05T01:02:43.749+0000] {taskinstance.py:2578} INFO - 0 downstream tasks scheduled from follow-on schedule check
