[2023-04-19T14:02:16.441+0000] {taskinstance.py:1083} INFO - Dependencies all met for <TaskInstance: read_s3_bucket.read_object scheduled__2022-12-29T00:00:00+00:00 [queued]>
[2023-04-19T14:02:16.447+0000] {taskinstance.py:1083} INFO - Dependencies all met for <TaskInstance: read_s3_bucket.read_object scheduled__2022-12-29T00:00:00+00:00 [queued]>
[2023-04-19T14:02:16.448+0000] {taskinstance.py:1279} INFO - 
--------------------------------------------------------------------------------
[2023-04-19T14:02:16.449+0000] {taskinstance.py:1280} INFO - Starting attempt 4 of 4
[2023-04-19T14:02:16.450+0000] {taskinstance.py:1281} INFO - 
--------------------------------------------------------------------------------
[2023-04-19T14:02:16.458+0000] {taskinstance.py:1300} INFO - Executing <Task(PythonOperator): read_object> on 2022-12-29 00:00:00+00:00
[2023-04-19T14:02:16.465+0000] {standard_task_runner.py:55} INFO - Started process 34452 to run task
[2023-04-19T14:02:16.469+0000] {standard_task_runner.py:82} INFO - Running: ['***', 'tasks', 'run', 'read_s3_bucket', 'read_object', 'scheduled__2022-12-29T00:00:00+00:00', '--job-id', '4000', '--raw', '--subdir', 'DAGS_FOLDER/read_s3.py', '--cfg-path', '/tmp/tmpf9ibroau']
[2023-04-19T14:02:16.470+0000] {standard_task_runner.py:83} INFO - Job 4000: Subtask read_object
[2023-04-19T14:02:16.528+0000] {task_command.py:388} INFO - Running <TaskInstance: read_s3_bucket.read_object scheduled__2022-12-29T00:00:00+00:00 [running]> on host fe34f61acbb3
[2023-04-19T14:02:16.568+0000] {taskinstance.py:1509} INFO - Exporting the following env vars:
AIRFLOW_CTX_DAG_OWNER=***
AIRFLOW_CTX_DAG_ID=read_s3_bucket
AIRFLOW_CTX_TASK_ID=read_object
AIRFLOW_CTX_EXECUTION_DATE=2022-12-29T00:00:00+00:00
AIRFLOW_CTX_TRY_NUMBER=4
AIRFLOW_CTX_DAG_RUN_ID=scheduled__2022-12-29T00:00:00+00:00
[2023-04-19T14:02:16.571+0000] {taskinstance.py:1768} ERROR - Task failed with exception
Traceback (most recent call last):
  File "/home/airflow/.local/lib/python3.7/site-packages/airflow/operators/python.py", line 175, in execute
    return_value = self.execute_callable()
  File "/home/airflow/.local/lib/python3.7/site-packages/airflow/operators/python.py", line 192, in execute_callable
    return self.python_callable(*self.op_args, **self.op_kwargs)
  File "/opt/airflow/dags/read_s3.py", line 26, in read_object
    df = wr.s3.read_csv(path='s3://staging-kaggle-dataset/olist/olist_customers_dataset.csv',boto3_session=session)
NameError: name 'session' is not defined
[2023-04-19T14:02:16.581+0000] {taskinstance.py:1323} INFO - Marking task as FAILED. dag_id=read_s3_bucket, task_id=read_object, execution_date=20221229T000000, start_date=20230419T140216, end_date=20230419T140216
[2023-04-19T14:02:16.589+0000] {standard_task_runner.py:105} ERROR - Failed to execute job 4000 for task read_object (name 'session' is not defined; 34452)
[2023-04-19T14:02:16.641+0000] {local_task_job.py:208} INFO - Task exited with return code 1
[2023-04-19T14:02:16.660+0000] {taskinstance.py:2578} INFO - 0 downstream tasks scheduled from follow-on schedule check
