[2023-06-06T01:01:23.879+0000] {processor.py:153} INFO - Started process (PID=31411) to work on /home/airflow/.local/lib/python3.7/site-packages/airflow/example_dags/example_branch_datetime_operator.py
[2023-06-06T01:01:23.881+0000] {processor.py:743} INFO - Processing file /home/airflow/.local/lib/python3.7/site-packages/airflow/example_dags/example_branch_datetime_operator.py for tasks to queue
[2023-06-06T01:01:23.882+0000] {logging_mixin.py:137} INFO - [2023-06-06T01:01:23.882+0000] {dagbag.py:538} INFO - Filling up the DagBag from /home/airflow/.local/lib/python3.7/site-packages/airflow/example_dags/example_branch_datetime_operator.py
[2023-06-06T01:01:23.898+0000] {processor.py:753} INFO - DAG(s) dict_keys(['example_branch_datetime_operator_2', 'example_branch_datetime_operator_3', 'example_branch_datetime_operator']) retrieved from /home/airflow/.local/lib/python3.7/site-packages/airflow/example_dags/example_branch_datetime_operator.py
[2023-06-06T01:01:23.938+0000] {logging_mixin.py:137} INFO - [2023-06-06T01:01:23.938+0000] {dag.py:2690} INFO - Sync 3 DAGs
[2023-06-06T01:01:23.960+0000] {logging_mixin.py:137} INFO - [2023-06-06T01:01:23.960+0000] {dag.py:3441} INFO - Setting next_dagrun for example_branch_datetime_operator to 2023-06-05T00:00:00+00:00, run_after=2023-06-06T00:00:00+00:00
[2023-06-06T01:01:23.968+0000] {logging_mixin.py:137} INFO - [2023-06-06T01:01:23.968+0000] {dag.py:3441} INFO - Setting next_dagrun for example_branch_datetime_operator_2 to 2023-06-05T00:00:00+00:00, run_after=2023-06-06T00:00:00+00:00
[2023-06-06T01:01:23.974+0000] {logging_mixin.py:137} INFO - [2023-06-06T01:01:23.974+0000] {dag.py:3441} INFO - Setting next_dagrun for example_branch_datetime_operator_3 to 2023-06-05T00:00:00+00:00, run_after=2023-06-06T00:00:00+00:00
[2023-06-06T01:01:23.994+0000] {processor.py:175} INFO - Processing /home/airflow/.local/lib/python3.7/site-packages/airflow/example_dags/example_branch_datetime_operator.py took 0.118 seconds
[2023-06-06T02:41:20.179+0000] {processor.py:153} INFO - Started process (PID=31495) to work on /home/airflow/.local/lib/python3.7/site-packages/airflow/example_dags/example_branch_datetime_operator.py
[2023-06-06T02:41:20.181+0000] {processor.py:743} INFO - Processing file /home/airflow/.local/lib/python3.7/site-packages/airflow/example_dags/example_branch_datetime_operator.py for tasks to queue
[2023-06-06T02:41:20.182+0000] {logging_mixin.py:137} INFO - [2023-06-06T02:41:20.182+0000] {dagbag.py:538} INFO - Filling up the DagBag from /home/airflow/.local/lib/python3.7/site-packages/airflow/example_dags/example_branch_datetime_operator.py
[2023-06-06T02:41:20.197+0000] {processor.py:753} INFO - DAG(s) dict_keys(['example_branch_datetime_operator_3', 'example_branch_datetime_operator', 'example_branch_datetime_operator_2']) retrieved from /home/airflow/.local/lib/python3.7/site-packages/airflow/example_dags/example_branch_datetime_operator.py
[2023-06-06T02:41:20.224+0000] {logging_mixin.py:137} INFO - [2023-06-06T02:41:20.224+0000] {dag.py:2690} INFO - Sync 3 DAGs
[2023-06-06T02:41:20.243+0000] {logging_mixin.py:137} INFO - [2023-06-06T02:41:20.242+0000] {dag.py:3441} INFO - Setting next_dagrun for example_branch_datetime_operator to 2023-06-05T00:00:00+00:00, run_after=2023-06-06T00:00:00+00:00
[2023-06-06T02:41:20.247+0000] {logging_mixin.py:137} INFO - [2023-06-06T02:41:20.247+0000] {dag.py:3441} INFO - Setting next_dagrun for example_branch_datetime_operator_2 to 2023-06-05T00:00:00+00:00, run_after=2023-06-06T00:00:00+00:00
[2023-06-06T02:41:20.249+0000] {logging_mixin.py:137} INFO - [2023-06-06T02:41:20.249+0000] {dag.py:3441} INFO - Setting next_dagrun for example_branch_datetime_operator_3 to 2023-06-05T00:00:00+00:00, run_after=2023-06-06T00:00:00+00:00
[2023-06-06T02:41:20.260+0000] {processor.py:175} INFO - Processing /home/airflow/.local/lib/python3.7/site-packages/airflow/example_dags/example_branch_datetime_operator.py took 0.084 seconds
[2023-06-06T04:18:19.734+0000] {processor.py:153} INFO - Started process (PID=31566) to work on /home/airflow/.local/lib/python3.7/site-packages/airflow/example_dags/example_branch_datetime_operator.py
[2023-06-06T04:18:19.736+0000] {processor.py:743} INFO - Processing file /home/airflow/.local/lib/python3.7/site-packages/airflow/example_dags/example_branch_datetime_operator.py for tasks to queue
[2023-06-06T04:18:19.737+0000] {logging_mixin.py:137} INFO - [2023-06-06T04:18:19.737+0000] {dagbag.py:538} INFO - Filling up the DagBag from /home/airflow/.local/lib/python3.7/site-packages/airflow/example_dags/example_branch_datetime_operator.py
[2023-06-06T04:18:19.751+0000] {processor.py:753} INFO - DAG(s) dict_keys(['example_branch_datetime_operator_2', 'example_branch_datetime_operator_3', 'example_branch_datetime_operator']) retrieved from /home/airflow/.local/lib/python3.7/site-packages/airflow/example_dags/example_branch_datetime_operator.py
[2023-06-06T04:18:19.776+0000] {logging_mixin.py:137} INFO - [2023-06-06T04:18:19.776+0000] {dag.py:2690} INFO - Sync 3 DAGs
[2023-06-06T04:18:19.796+0000] {logging_mixin.py:137} INFO - [2023-06-06T04:18:19.796+0000] {dag.py:3441} INFO - Setting next_dagrun for example_branch_datetime_operator to 2023-06-05T00:00:00+00:00, run_after=2023-06-06T00:00:00+00:00
[2023-06-06T04:18:19.800+0000] {logging_mixin.py:137} INFO - [2023-06-06T04:18:19.800+0000] {dag.py:3441} INFO - Setting next_dagrun for example_branch_datetime_operator_2 to 2023-06-05T00:00:00+00:00, run_after=2023-06-06T00:00:00+00:00
[2023-06-06T04:18:19.804+0000] {logging_mixin.py:137} INFO - [2023-06-06T04:18:19.804+0000] {dag.py:3441} INFO - Setting next_dagrun for example_branch_datetime_operator_3 to 2023-06-05T00:00:00+00:00, run_after=2023-06-06T00:00:00+00:00
[2023-06-06T04:18:19.820+0000] {processor.py:175} INFO - Processing /home/airflow/.local/lib/python3.7/site-packages/airflow/example_dags/example_branch_datetime_operator.py took 0.088 seconds
[2023-06-06T05:42:21.649+0000] {processor.py:153} INFO - Started process (PID=31649) to work on /home/airflow/.local/lib/python3.7/site-packages/airflow/example_dags/example_branch_datetime_operator.py
[2023-06-06T05:42:21.651+0000] {processor.py:743} INFO - Processing file /home/airflow/.local/lib/python3.7/site-packages/airflow/example_dags/example_branch_datetime_operator.py for tasks to queue
[2023-06-06T05:42:21.653+0000] {logging_mixin.py:137} INFO - [2023-06-06T05:42:21.652+0000] {dagbag.py:538} INFO - Filling up the DagBag from /home/airflow/.local/lib/python3.7/site-packages/airflow/example_dags/example_branch_datetime_operator.py
[2023-06-06T05:42:21.667+0000] {processor.py:753} INFO - DAG(s) dict_keys(['example_branch_datetime_operator', 'example_branch_datetime_operator_2', 'example_branch_datetime_operator_3']) retrieved from /home/airflow/.local/lib/python3.7/site-packages/airflow/example_dags/example_branch_datetime_operator.py
[2023-06-06T05:42:21.695+0000] {logging_mixin.py:137} INFO - [2023-06-06T05:42:21.695+0000] {dag.py:2690} INFO - Sync 3 DAGs
[2023-06-06T05:42:21.711+0000] {logging_mixin.py:137} INFO - [2023-06-06T05:42:21.711+0000] {dag.py:3441} INFO - Setting next_dagrun for example_branch_datetime_operator to 2023-06-05T00:00:00+00:00, run_after=2023-06-06T00:00:00+00:00
[2023-06-06T05:42:21.715+0000] {logging_mixin.py:137} INFO - [2023-06-06T05:42:21.715+0000] {dag.py:3441} INFO - Setting next_dagrun for example_branch_datetime_operator_2 to 2023-06-05T00:00:00+00:00, run_after=2023-06-06T00:00:00+00:00
[2023-06-06T05:42:21.719+0000] {logging_mixin.py:137} INFO - [2023-06-06T05:42:21.719+0000] {dag.py:3441} INFO - Setting next_dagrun for example_branch_datetime_operator_3 to 2023-06-05T00:00:00+00:00, run_after=2023-06-06T00:00:00+00:00
[2023-06-06T05:42:21.729+0000] {processor.py:175} INFO - Processing /home/airflow/.local/lib/python3.7/site-packages/airflow/example_dags/example_branch_datetime_operator.py took 0.083 seconds
[2023-06-06T07:23:09.057+0000] {processor.py:153} INFO - Started process (PID=31720) to work on /home/airflow/.local/lib/python3.7/site-packages/airflow/example_dags/example_branch_datetime_operator.py
[2023-06-06T07:23:09.059+0000] {processor.py:743} INFO - Processing file /home/airflow/.local/lib/python3.7/site-packages/airflow/example_dags/example_branch_datetime_operator.py for tasks to queue
[2023-06-06T07:23:09.060+0000] {logging_mixin.py:137} INFO - [2023-06-06T07:23:09.060+0000] {dagbag.py:538} INFO - Filling up the DagBag from /home/airflow/.local/lib/python3.7/site-packages/airflow/example_dags/example_branch_datetime_operator.py
[2023-06-06T07:23:09.076+0000] {processor.py:753} INFO - DAG(s) dict_keys(['example_branch_datetime_operator_3', 'example_branch_datetime_operator_2', 'example_branch_datetime_operator']) retrieved from /home/airflow/.local/lib/python3.7/site-packages/airflow/example_dags/example_branch_datetime_operator.py
[2023-06-06T07:23:09.101+0000] {logging_mixin.py:137} INFO - [2023-06-06T07:23:09.101+0000] {dag.py:2690} INFO - Sync 3 DAGs
[2023-06-06T07:23:09.119+0000] {logging_mixin.py:137} INFO - [2023-06-06T07:23:09.119+0000] {dag.py:3441} INFO - Setting next_dagrun for example_branch_datetime_operator to 2023-06-05T00:00:00+00:00, run_after=2023-06-06T00:00:00+00:00
[2023-06-06T07:23:09.123+0000] {logging_mixin.py:137} INFO - [2023-06-06T07:23:09.123+0000] {dag.py:3441} INFO - Setting next_dagrun for example_branch_datetime_operator_2 to 2023-06-05T00:00:00+00:00, run_after=2023-06-06T00:00:00+00:00
[2023-06-06T07:23:09.125+0000] {logging_mixin.py:137} INFO - [2023-06-06T07:23:09.125+0000] {dag.py:3441} INFO - Setting next_dagrun for example_branch_datetime_operator_3 to 2023-06-05T00:00:00+00:00, run_after=2023-06-06T00:00:00+00:00
[2023-06-06T07:23:09.135+0000] {processor.py:175} INFO - Processing /home/airflow/.local/lib/python3.7/site-packages/airflow/example_dags/example_branch_datetime_operator.py took 0.081 seconds
[2023-06-06T08:10:47.541+0000] {processor.py:153} INFO - Started process (PID=31805) to work on /home/airflow/.local/lib/python3.7/site-packages/airflow/example_dags/example_branch_datetime_operator.py
[2023-06-06T08:10:47.543+0000] {processor.py:743} INFO - Processing file /home/airflow/.local/lib/python3.7/site-packages/airflow/example_dags/example_branch_datetime_operator.py for tasks to queue
[2023-06-06T08:10:47.544+0000] {logging_mixin.py:137} INFO - [2023-06-06T08:10:47.544+0000] {dagbag.py:538} INFO - Filling up the DagBag from /home/airflow/.local/lib/python3.7/site-packages/airflow/example_dags/example_branch_datetime_operator.py
[2023-06-06T08:10:47.558+0000] {processor.py:753} INFO - DAG(s) dict_keys(['example_branch_datetime_operator', 'example_branch_datetime_operator_3', 'example_branch_datetime_operator_2']) retrieved from /home/airflow/.local/lib/python3.7/site-packages/airflow/example_dags/example_branch_datetime_operator.py
[2023-06-06T08:10:47.585+0000] {logging_mixin.py:137} INFO - [2023-06-06T08:10:47.585+0000] {dag.py:2690} INFO - Sync 3 DAGs
[2023-06-06T08:10:47.605+0000] {logging_mixin.py:137} INFO - [2023-06-06T08:10:47.605+0000] {dag.py:3441} INFO - Setting next_dagrun for example_branch_datetime_operator to 2023-06-05T00:00:00+00:00, run_after=2023-06-06T00:00:00+00:00
[2023-06-06T08:10:47.609+0000] {logging_mixin.py:137} INFO - [2023-06-06T08:10:47.609+0000] {dag.py:3441} INFO - Setting next_dagrun for example_branch_datetime_operator_2 to 2023-06-05T00:00:00+00:00, run_after=2023-06-06T00:00:00+00:00
[2023-06-06T08:10:47.612+0000] {logging_mixin.py:137} INFO - [2023-06-06T08:10:47.612+0000] {dag.py:3441} INFO - Setting next_dagrun for example_branch_datetime_operator_3 to 2023-06-05T00:00:00+00:00, run_after=2023-06-06T00:00:00+00:00
[2023-06-06T08:10:47.624+0000] {processor.py:175} INFO - Processing /home/airflow/.local/lib/python3.7/site-packages/airflow/example_dags/example_branch_datetime_operator.py took 0.086 seconds
[2023-06-06T09:33:29.767+0000] {processor.py:153} INFO - Started process (PID=31888) to work on /home/airflow/.local/lib/python3.7/site-packages/airflow/example_dags/example_branch_datetime_operator.py
[2023-06-06T09:33:29.770+0000] {processor.py:743} INFO - Processing file /home/airflow/.local/lib/python3.7/site-packages/airflow/example_dags/example_branch_datetime_operator.py for tasks to queue
[2023-06-06T09:33:29.772+0000] {logging_mixin.py:137} INFO - [2023-06-06T09:33:29.772+0000] {dagbag.py:538} INFO - Filling up the DagBag from /home/airflow/.local/lib/python3.7/site-packages/airflow/example_dags/example_branch_datetime_operator.py
[2023-06-06T09:33:29.792+0000] {processor.py:753} INFO - DAG(s) dict_keys(['example_branch_datetime_operator', 'example_branch_datetime_operator_3', 'example_branch_datetime_operator_2']) retrieved from /home/airflow/.local/lib/python3.7/site-packages/airflow/example_dags/example_branch_datetime_operator.py
[2023-06-06T09:33:29.846+0000] {logging_mixin.py:137} INFO - [2023-06-06T09:33:29.846+0000] {dag.py:2690} INFO - Sync 3 DAGs
[2023-06-06T09:33:29.872+0000] {logging_mixin.py:137} INFO - [2023-06-06T09:33:29.872+0000] {dag.py:3441} INFO - Setting next_dagrun for example_branch_datetime_operator to 2023-06-05T00:00:00+00:00, run_after=2023-06-06T00:00:00+00:00
[2023-06-06T09:33:29.878+0000] {logging_mixin.py:137} INFO - [2023-06-06T09:33:29.878+0000] {dag.py:3441} INFO - Setting next_dagrun for example_branch_datetime_operator_2 to 2023-06-05T00:00:00+00:00, run_after=2023-06-06T00:00:00+00:00
[2023-06-06T09:33:29.881+0000] {logging_mixin.py:137} INFO - [2023-06-06T09:33:29.881+0000] {dag.py:3441} INFO - Setting next_dagrun for example_branch_datetime_operator_3 to 2023-06-05T00:00:00+00:00, run_after=2023-06-06T00:00:00+00:00
[2023-06-06T09:33:29.910+0000] {processor.py:175} INFO - Processing /home/airflow/.local/lib/python3.7/site-packages/airflow/example_dags/example_branch_datetime_operator.py took 0.147 seconds
[2023-06-06T10:12:49.485+0000] {processor.py:153} INFO - Started process (PID=31959) to work on /home/airflow/.local/lib/python3.7/site-packages/airflow/example_dags/example_branch_datetime_operator.py
[2023-06-06T10:12:49.487+0000] {processor.py:743} INFO - Processing file /home/airflow/.local/lib/python3.7/site-packages/airflow/example_dags/example_branch_datetime_operator.py for tasks to queue
[2023-06-06T10:12:49.489+0000] {logging_mixin.py:137} INFO - [2023-06-06T10:12:49.489+0000] {dagbag.py:538} INFO - Filling up the DagBag from /home/airflow/.local/lib/python3.7/site-packages/airflow/example_dags/example_branch_datetime_operator.py
[2023-06-06T10:12:49.503+0000] {processor.py:753} INFO - DAG(s) dict_keys(['example_branch_datetime_operator_2', 'example_branch_datetime_operator_3', 'example_branch_datetime_operator']) retrieved from /home/airflow/.local/lib/python3.7/site-packages/airflow/example_dags/example_branch_datetime_operator.py
[2023-06-06T10:12:49.527+0000] {logging_mixin.py:137} INFO - [2023-06-06T10:12:49.527+0000] {dag.py:2690} INFO - Sync 3 DAGs
[2023-06-06T10:12:49.546+0000] {logging_mixin.py:137} INFO - [2023-06-06T10:12:49.546+0000] {dag.py:3441} INFO - Setting next_dagrun for example_branch_datetime_operator to 2023-06-05T00:00:00+00:00, run_after=2023-06-06T00:00:00+00:00
[2023-06-06T10:12:49.550+0000] {logging_mixin.py:137} INFO - [2023-06-06T10:12:49.550+0000] {dag.py:3441} INFO - Setting next_dagrun for example_branch_datetime_operator_2 to 2023-06-05T00:00:00+00:00, run_after=2023-06-06T00:00:00+00:00
[2023-06-06T10:12:49.552+0000] {logging_mixin.py:137} INFO - [2023-06-06T10:12:49.552+0000] {dag.py:3441} INFO - Setting next_dagrun for example_branch_datetime_operator_3 to 2023-06-05T00:00:00+00:00, run_after=2023-06-06T00:00:00+00:00
[2023-06-06T10:12:49.564+0000] {processor.py:175} INFO - Processing /home/airflow/.local/lib/python3.7/site-packages/airflow/example_dags/example_branch_datetime_operator.py took 0.082 seconds
[2023-06-06T10:13:20.218+0000] {processor.py:153} INFO - Started process (PID=32043) to work on /home/airflow/.local/lib/python3.7/site-packages/airflow/example_dags/example_branch_datetime_operator.py
[2023-06-06T10:13:20.220+0000] {processor.py:743} INFO - Processing file /home/airflow/.local/lib/python3.7/site-packages/airflow/example_dags/example_branch_datetime_operator.py for tasks to queue
[2023-06-06T10:13:20.221+0000] {logging_mixin.py:137} INFO - [2023-06-06T10:13:20.221+0000] {dagbag.py:538} INFO - Filling up the DagBag from /home/airflow/.local/lib/python3.7/site-packages/airflow/example_dags/example_branch_datetime_operator.py
[2023-06-06T10:13:20.235+0000] {processor.py:753} INFO - DAG(s) dict_keys(['example_branch_datetime_operator', 'example_branch_datetime_operator_2', 'example_branch_datetime_operator_3']) retrieved from /home/airflow/.local/lib/python3.7/site-packages/airflow/example_dags/example_branch_datetime_operator.py
[2023-06-06T10:13:20.262+0000] {logging_mixin.py:137} INFO - [2023-06-06T10:13:20.262+0000] {dag.py:2690} INFO - Sync 3 DAGs
[2023-06-06T10:13:20.280+0000] {logging_mixin.py:137} INFO - [2023-06-06T10:13:20.280+0000] {dag.py:3441} INFO - Setting next_dagrun for example_branch_datetime_operator to 2023-06-05T00:00:00+00:00, run_after=2023-06-06T00:00:00+00:00
[2023-06-06T10:13:20.289+0000] {logging_mixin.py:137} INFO - [2023-06-06T10:13:20.289+0000] {dag.py:3441} INFO - Setting next_dagrun for example_branch_datetime_operator_2 to 2023-06-05T00:00:00+00:00, run_after=2023-06-06T00:00:00+00:00
[2023-06-06T10:13:20.296+0000] {logging_mixin.py:137} INFO - [2023-06-06T10:13:20.296+0000] {dag.py:3441} INFO - Setting next_dagrun for example_branch_datetime_operator_3 to 2023-06-05T00:00:00+00:00, run_after=2023-06-06T00:00:00+00:00
[2023-06-06T10:13:20.311+0000] {processor.py:175} INFO - Processing /home/airflow/.local/lib/python3.7/site-packages/airflow/example_dags/example_branch_datetime_operator.py took 0.096 seconds
[2023-06-06T10:13:51.285+0000] {processor.py:153} INFO - Started process (PID=32114) to work on /home/airflow/.local/lib/python3.7/site-packages/airflow/example_dags/example_branch_datetime_operator.py
[2023-06-06T10:13:51.287+0000] {processor.py:743} INFO - Processing file /home/airflow/.local/lib/python3.7/site-packages/airflow/example_dags/example_branch_datetime_operator.py for tasks to queue
[2023-06-06T10:13:51.289+0000] {logging_mixin.py:137} INFO - [2023-06-06T10:13:51.289+0000] {dagbag.py:538} INFO - Filling up the DagBag from /home/airflow/.local/lib/python3.7/site-packages/airflow/example_dags/example_branch_datetime_operator.py
[2023-06-06T10:13:51.307+0000] {processor.py:753} INFO - DAG(s) dict_keys(['example_branch_datetime_operator_3', 'example_branch_datetime_operator_2', 'example_branch_datetime_operator']) retrieved from /home/airflow/.local/lib/python3.7/site-packages/airflow/example_dags/example_branch_datetime_operator.py
[2023-06-06T10:13:51.338+0000] {logging_mixin.py:137} INFO - [2023-06-06T10:13:51.338+0000] {dag.py:2690} INFO - Sync 3 DAGs
[2023-06-06T10:13:51.357+0000] {logging_mixin.py:137} INFO - [2023-06-06T10:13:51.357+0000] {dag.py:3441} INFO - Setting next_dagrun for example_branch_datetime_operator to 2023-06-05T00:00:00+00:00, run_after=2023-06-06T00:00:00+00:00
[2023-06-06T10:13:51.361+0000] {logging_mixin.py:137} INFO - [2023-06-06T10:13:51.360+0000] {dag.py:3441} INFO - Setting next_dagrun for example_branch_datetime_operator_2 to 2023-06-05T00:00:00+00:00, run_after=2023-06-06T00:00:00+00:00
[2023-06-06T10:13:51.363+0000] {logging_mixin.py:137} INFO - [2023-06-06T10:13:51.363+0000] {dag.py:3441} INFO - Setting next_dagrun for example_branch_datetime_operator_3 to 2023-06-05T00:00:00+00:00, run_after=2023-06-06T00:00:00+00:00
[2023-06-06T10:13:51.375+0000] {processor.py:175} INFO - Processing /home/airflow/.local/lib/python3.7/site-packages/airflow/example_dags/example_branch_datetime_operator.py took 0.094 seconds
[2023-06-06T10:14:22.360+0000] {processor.py:153} INFO - Started process (PID=32196) to work on /home/airflow/.local/lib/python3.7/site-packages/airflow/example_dags/example_branch_datetime_operator.py
[2023-06-06T10:14:22.361+0000] {processor.py:743} INFO - Processing file /home/airflow/.local/lib/python3.7/site-packages/airflow/example_dags/example_branch_datetime_operator.py for tasks to queue
[2023-06-06T10:14:22.363+0000] {logging_mixin.py:137} INFO - [2023-06-06T10:14:22.363+0000] {dagbag.py:538} INFO - Filling up the DagBag from /home/airflow/.local/lib/python3.7/site-packages/airflow/example_dags/example_branch_datetime_operator.py
[2023-06-06T10:14:22.376+0000] {processor.py:753} INFO - DAG(s) dict_keys(['example_branch_datetime_operator_3', 'example_branch_datetime_operator_2', 'example_branch_datetime_operator']) retrieved from /home/airflow/.local/lib/python3.7/site-packages/airflow/example_dags/example_branch_datetime_operator.py
[2023-06-06T10:14:22.400+0000] {logging_mixin.py:137} INFO - [2023-06-06T10:14:22.400+0000] {dag.py:2690} INFO - Sync 3 DAGs
[2023-06-06T10:14:22.417+0000] {logging_mixin.py:137} INFO - [2023-06-06T10:14:22.417+0000] {dag.py:3441} INFO - Setting next_dagrun for example_branch_datetime_operator to 2023-06-05T00:00:00+00:00, run_after=2023-06-06T00:00:00+00:00
[2023-06-06T10:14:22.421+0000] {logging_mixin.py:137} INFO - [2023-06-06T10:14:22.421+0000] {dag.py:3441} INFO - Setting next_dagrun for example_branch_datetime_operator_2 to 2023-06-05T00:00:00+00:00, run_after=2023-06-06T00:00:00+00:00
[2023-06-06T10:14:22.424+0000] {logging_mixin.py:137} INFO - [2023-06-06T10:14:22.424+0000] {dag.py:3441} INFO - Setting next_dagrun for example_branch_datetime_operator_3 to 2023-06-05T00:00:00+00:00, run_after=2023-06-06T00:00:00+00:00
[2023-06-06T10:14:22.436+0000] {processor.py:175} INFO - Processing /home/airflow/.local/lib/python3.7/site-packages/airflow/example_dags/example_branch_datetime_operator.py took 0.080 seconds
[2023-06-06T10:14:52.983+0000] {processor.py:153} INFO - Started process (PID=32278) to work on /home/airflow/.local/lib/python3.7/site-packages/airflow/example_dags/example_branch_datetime_operator.py
[2023-06-06T10:14:52.985+0000] {processor.py:743} INFO - Processing file /home/airflow/.local/lib/python3.7/site-packages/airflow/example_dags/example_branch_datetime_operator.py for tasks to queue
[2023-06-06T10:14:52.986+0000] {logging_mixin.py:137} INFO - [2023-06-06T10:14:52.986+0000] {dagbag.py:538} INFO - Filling up the DagBag from /home/airflow/.local/lib/python3.7/site-packages/airflow/example_dags/example_branch_datetime_operator.py
[2023-06-06T10:14:52.999+0000] {processor.py:753} INFO - DAG(s) dict_keys(['example_branch_datetime_operator_2', 'example_branch_datetime_operator', 'example_branch_datetime_operator_3']) retrieved from /home/airflow/.local/lib/python3.7/site-packages/airflow/example_dags/example_branch_datetime_operator.py
[2023-06-06T10:14:53.024+0000] {logging_mixin.py:137} INFO - [2023-06-06T10:14:53.024+0000] {dag.py:2690} INFO - Sync 3 DAGs
[2023-06-06T10:14:53.042+0000] {logging_mixin.py:137} INFO - [2023-06-06T10:14:53.042+0000] {dag.py:3441} INFO - Setting next_dagrun for example_branch_datetime_operator to 2023-06-05T00:00:00+00:00, run_after=2023-06-06T00:00:00+00:00
[2023-06-06T10:14:53.046+0000] {logging_mixin.py:137} INFO - [2023-06-06T10:14:53.046+0000] {dag.py:3441} INFO - Setting next_dagrun for example_branch_datetime_operator_2 to 2023-06-05T00:00:00+00:00, run_after=2023-06-06T00:00:00+00:00
[2023-06-06T10:14:53.049+0000] {logging_mixin.py:137} INFO - [2023-06-06T10:14:53.049+0000] {dag.py:3441} INFO - Setting next_dagrun for example_branch_datetime_operator_3 to 2023-06-05T00:00:00+00:00, run_after=2023-06-06T00:00:00+00:00
[2023-06-06T10:14:53.063+0000] {processor.py:175} INFO - Processing /home/airflow/.local/lib/python3.7/site-packages/airflow/example_dags/example_branch_datetime_operator.py took 0.083 seconds
[2023-06-06T10:15:23.159+0000] {processor.py:153} INFO - Started process (PID=32350) to work on /home/airflow/.local/lib/python3.7/site-packages/airflow/example_dags/example_branch_datetime_operator.py
[2023-06-06T10:15:23.161+0000] {processor.py:743} INFO - Processing file /home/airflow/.local/lib/python3.7/site-packages/airflow/example_dags/example_branch_datetime_operator.py for tasks to queue
[2023-06-06T10:15:23.162+0000] {logging_mixin.py:137} INFO - [2023-06-06T10:15:23.162+0000] {dagbag.py:538} INFO - Filling up the DagBag from /home/airflow/.local/lib/python3.7/site-packages/airflow/example_dags/example_branch_datetime_operator.py
[2023-06-06T10:15:23.175+0000] {processor.py:753} INFO - DAG(s) dict_keys(['example_branch_datetime_operator_3', 'example_branch_datetime_operator', 'example_branch_datetime_operator_2']) retrieved from /home/airflow/.local/lib/python3.7/site-packages/airflow/example_dags/example_branch_datetime_operator.py
[2023-06-06T10:15:23.200+0000] {logging_mixin.py:137} INFO - [2023-06-06T10:15:23.200+0000] {dag.py:2690} INFO - Sync 3 DAGs
[2023-06-06T10:15:23.217+0000] {logging_mixin.py:137} INFO - [2023-06-06T10:15:23.217+0000] {dag.py:3441} INFO - Setting next_dagrun for example_branch_datetime_operator to 2023-06-05T00:00:00+00:00, run_after=2023-06-06T00:00:00+00:00
[2023-06-06T10:15:23.221+0000] {logging_mixin.py:137} INFO - [2023-06-06T10:15:23.221+0000] {dag.py:3441} INFO - Setting next_dagrun for example_branch_datetime_operator_2 to 2023-06-05T00:00:00+00:00, run_after=2023-06-06T00:00:00+00:00
[2023-06-06T10:15:23.224+0000] {logging_mixin.py:137} INFO - [2023-06-06T10:15:23.224+0000] {dag.py:3441} INFO - Setting next_dagrun for example_branch_datetime_operator_3 to 2023-06-05T00:00:00+00:00, run_after=2023-06-06T00:00:00+00:00
[2023-06-06T10:15:23.239+0000] {processor.py:175} INFO - Processing /home/airflow/.local/lib/python3.7/site-packages/airflow/example_dags/example_branch_datetime_operator.py took 0.083 seconds
[2023-06-06T10:15:54.684+0000] {processor.py:153} INFO - Started process (PID=32432) to work on /home/airflow/.local/lib/python3.7/site-packages/airflow/example_dags/example_branch_datetime_operator.py
[2023-06-06T10:15:54.686+0000] {processor.py:743} INFO - Processing file /home/airflow/.local/lib/python3.7/site-packages/airflow/example_dags/example_branch_datetime_operator.py for tasks to queue
[2023-06-06T10:15:54.687+0000] {logging_mixin.py:137} INFO - [2023-06-06T10:15:54.687+0000] {dagbag.py:538} INFO - Filling up the DagBag from /home/airflow/.local/lib/python3.7/site-packages/airflow/example_dags/example_branch_datetime_operator.py
[2023-06-06T10:15:54.705+0000] {processor.py:753} INFO - DAG(s) dict_keys(['example_branch_datetime_operator', 'example_branch_datetime_operator_3', 'example_branch_datetime_operator_2']) retrieved from /home/airflow/.local/lib/python3.7/site-packages/airflow/example_dags/example_branch_datetime_operator.py
[2023-06-06T10:15:54.738+0000] {logging_mixin.py:137} INFO - [2023-06-06T10:15:54.738+0000] {dag.py:2690} INFO - Sync 3 DAGs
[2023-06-06T10:15:54.759+0000] {logging_mixin.py:137} INFO - [2023-06-06T10:15:54.759+0000] {dag.py:3441} INFO - Setting next_dagrun for example_branch_datetime_operator to 2023-06-05T00:00:00+00:00, run_after=2023-06-06T00:00:00+00:00
[2023-06-06T10:15:54.763+0000] {logging_mixin.py:137} INFO - [2023-06-06T10:15:54.763+0000] {dag.py:3441} INFO - Setting next_dagrun for example_branch_datetime_operator_2 to 2023-06-05T00:00:00+00:00, run_after=2023-06-06T00:00:00+00:00
[2023-06-06T10:15:54.765+0000] {logging_mixin.py:137} INFO - [2023-06-06T10:15:54.765+0000] {dag.py:3441} INFO - Setting next_dagrun for example_branch_datetime_operator_3 to 2023-06-05T00:00:00+00:00, run_after=2023-06-06T00:00:00+00:00
[2023-06-06T10:15:54.778+0000] {processor.py:175} INFO - Processing /home/airflow/.local/lib/python3.7/site-packages/airflow/example_dags/example_branch_datetime_operator.py took 0.097 seconds
[2023-06-06T10:24:57.728+0000] {processor.py:153} INFO - Started process (PID=32503) to work on /home/airflow/.local/lib/python3.7/site-packages/airflow/example_dags/example_branch_datetime_operator.py
[2023-06-06T10:24:57.730+0000] {processor.py:743} INFO - Processing file /home/airflow/.local/lib/python3.7/site-packages/airflow/example_dags/example_branch_datetime_operator.py for tasks to queue
[2023-06-06T10:24:57.731+0000] {logging_mixin.py:137} INFO - [2023-06-06T10:24:57.731+0000] {dagbag.py:538} INFO - Filling up the DagBag from /home/airflow/.local/lib/python3.7/site-packages/airflow/example_dags/example_branch_datetime_operator.py
[2023-06-06T10:24:57.745+0000] {processor.py:753} INFO - DAG(s) dict_keys(['example_branch_datetime_operator', 'example_branch_datetime_operator_2', 'example_branch_datetime_operator_3']) retrieved from /home/airflow/.local/lib/python3.7/site-packages/airflow/example_dags/example_branch_datetime_operator.py
[2023-06-06T10:24:57.771+0000] {logging_mixin.py:137} INFO - [2023-06-06T10:24:57.771+0000] {dag.py:2690} INFO - Sync 3 DAGs
[2023-06-06T10:24:57.790+0000] {logging_mixin.py:137} INFO - [2023-06-06T10:24:57.790+0000] {dag.py:3441} INFO - Setting next_dagrun for example_branch_datetime_operator to 2023-06-05T00:00:00+00:00, run_after=2023-06-06T00:00:00+00:00
[2023-06-06T10:24:57.794+0000] {logging_mixin.py:137} INFO - [2023-06-06T10:24:57.794+0000] {dag.py:3441} INFO - Setting next_dagrun for example_branch_datetime_operator_2 to 2023-06-05T00:00:00+00:00, run_after=2023-06-06T00:00:00+00:00
[2023-06-06T10:24:57.796+0000] {logging_mixin.py:137} INFO - [2023-06-06T10:24:57.796+0000] {dag.py:3441} INFO - Setting next_dagrun for example_branch_datetime_operator_3 to 2023-06-05T00:00:00+00:00, run_after=2023-06-06T00:00:00+00:00
[2023-06-06T10:24:57.810+0000] {processor.py:175} INFO - Processing /home/airflow/.local/lib/python3.7/site-packages/airflow/example_dags/example_branch_datetime_operator.py took 0.085 seconds
[2023-06-06T10:25:27.965+0000] {processor.py:153} INFO - Started process (PID=32586) to work on /home/airflow/.local/lib/python3.7/site-packages/airflow/example_dags/example_branch_datetime_operator.py
[2023-06-06T10:25:27.967+0000] {processor.py:743} INFO - Processing file /home/airflow/.local/lib/python3.7/site-packages/airflow/example_dags/example_branch_datetime_operator.py for tasks to queue
[2023-06-06T10:25:27.968+0000] {logging_mixin.py:137} INFO - [2023-06-06T10:25:27.968+0000] {dagbag.py:538} INFO - Filling up the DagBag from /home/airflow/.local/lib/python3.7/site-packages/airflow/example_dags/example_branch_datetime_operator.py
[2023-06-06T10:25:27.982+0000] {processor.py:753} INFO - DAG(s) dict_keys(['example_branch_datetime_operator', 'example_branch_datetime_operator_3', 'example_branch_datetime_operator_2']) retrieved from /home/airflow/.local/lib/python3.7/site-packages/airflow/example_dags/example_branch_datetime_operator.py
[2023-06-06T10:25:28.007+0000] {logging_mixin.py:137} INFO - [2023-06-06T10:25:28.007+0000] {dag.py:2690} INFO - Sync 3 DAGs
[2023-06-06T10:25:28.023+0000] {logging_mixin.py:137} INFO - [2023-06-06T10:25:28.023+0000] {dag.py:3441} INFO - Setting next_dagrun for example_branch_datetime_operator to 2023-06-05T00:00:00+00:00, run_after=2023-06-06T00:00:00+00:00
[2023-06-06T10:25:28.026+0000] {logging_mixin.py:137} INFO - [2023-06-06T10:25:28.026+0000] {dag.py:3441} INFO - Setting next_dagrun for example_branch_datetime_operator_2 to 2023-06-05T00:00:00+00:00, run_after=2023-06-06T00:00:00+00:00
[2023-06-06T10:25:28.028+0000] {logging_mixin.py:137} INFO - [2023-06-06T10:25:28.028+0000] {dag.py:3441} INFO - Setting next_dagrun for example_branch_datetime_operator_3 to 2023-06-05T00:00:00+00:00, run_after=2023-06-06T00:00:00+00:00
[2023-06-06T10:25:28.040+0000] {processor.py:175} INFO - Processing /home/airflow/.local/lib/python3.7/site-packages/airflow/example_dags/example_branch_datetime_operator.py took 0.077 seconds
[2023-06-06T10:25:58.847+0000] {processor.py:153} INFO - Started process (PID=32670) to work on /home/airflow/.local/lib/python3.7/site-packages/airflow/example_dags/example_branch_datetime_operator.py
[2023-06-06T10:25:58.857+0000] {processor.py:743} INFO - Processing file /home/airflow/.local/lib/python3.7/site-packages/airflow/example_dags/example_branch_datetime_operator.py for tasks to queue
[2023-06-06T10:25:58.859+0000] {logging_mixin.py:137} INFO - [2023-06-06T10:25:58.858+0000] {dagbag.py:538} INFO - Filling up the DagBag from /home/airflow/.local/lib/python3.7/site-packages/airflow/example_dags/example_branch_datetime_operator.py
[2023-06-06T10:25:58.884+0000] {processor.py:753} INFO - DAG(s) dict_keys(['example_branch_datetime_operator_3', 'example_branch_datetime_operator_2', 'example_branch_datetime_operator']) retrieved from /home/airflow/.local/lib/python3.7/site-packages/airflow/example_dags/example_branch_datetime_operator.py
[2023-06-06T10:25:58.911+0000] {logging_mixin.py:137} INFO - [2023-06-06T10:25:58.910+0000] {dag.py:2690} INFO - Sync 3 DAGs
[2023-06-06T10:25:58.935+0000] {logging_mixin.py:137} INFO - [2023-06-06T10:25:58.935+0000] {dag.py:3441} INFO - Setting next_dagrun for example_branch_datetime_operator to 2023-06-05T00:00:00+00:00, run_after=2023-06-06T00:00:00+00:00
[2023-06-06T10:25:58.942+0000] {logging_mixin.py:137} INFO - [2023-06-06T10:25:58.941+0000] {dag.py:3441} INFO - Setting next_dagrun for example_branch_datetime_operator_2 to 2023-06-05T00:00:00+00:00, run_after=2023-06-06T00:00:00+00:00
[2023-06-06T10:25:58.945+0000] {logging_mixin.py:137} INFO - [2023-06-06T10:25:58.945+0000] {dag.py:3441} INFO - Setting next_dagrun for example_branch_datetime_operator_3 to 2023-06-05T00:00:00+00:00, run_after=2023-06-06T00:00:00+00:00
[2023-06-06T10:25:58.973+0000] {processor.py:175} INFO - Processing /home/airflow/.local/lib/python3.7/site-packages/airflow/example_dags/example_branch_datetime_operator.py took 0.129 seconds
[2023-06-06T10:26:29.282+0000] {processor.py:153} INFO - Started process (PID=32741) to work on /home/airflow/.local/lib/python3.7/site-packages/airflow/example_dags/example_branch_datetime_operator.py
[2023-06-06T10:26:29.283+0000] {processor.py:743} INFO - Processing file /home/airflow/.local/lib/python3.7/site-packages/airflow/example_dags/example_branch_datetime_operator.py for tasks to queue
[2023-06-06T10:26:29.285+0000] {logging_mixin.py:137} INFO - [2023-06-06T10:26:29.284+0000] {dagbag.py:538} INFO - Filling up the DagBag from /home/airflow/.local/lib/python3.7/site-packages/airflow/example_dags/example_branch_datetime_operator.py
[2023-06-06T10:26:29.299+0000] {processor.py:753} INFO - DAG(s) dict_keys(['example_branch_datetime_operator_2', 'example_branch_datetime_operator_3', 'example_branch_datetime_operator']) retrieved from /home/airflow/.local/lib/python3.7/site-packages/airflow/example_dags/example_branch_datetime_operator.py
[2023-06-06T10:26:29.326+0000] {logging_mixin.py:137} INFO - [2023-06-06T10:26:29.326+0000] {dag.py:2690} INFO - Sync 3 DAGs
[2023-06-06T10:26:29.345+0000] {logging_mixin.py:137} INFO - [2023-06-06T10:26:29.345+0000] {dag.py:3441} INFO - Setting next_dagrun for example_branch_datetime_operator to 2023-06-05T00:00:00+00:00, run_after=2023-06-06T00:00:00+00:00
[2023-06-06T10:26:29.349+0000] {logging_mixin.py:137} INFO - [2023-06-06T10:26:29.349+0000] {dag.py:3441} INFO - Setting next_dagrun for example_branch_datetime_operator_2 to 2023-06-05T00:00:00+00:00, run_after=2023-06-06T00:00:00+00:00
[2023-06-06T10:26:29.351+0000] {logging_mixin.py:137} INFO - [2023-06-06T10:26:29.351+0000] {dag.py:3441} INFO - Setting next_dagrun for example_branch_datetime_operator_3 to 2023-06-05T00:00:00+00:00, run_after=2023-06-06T00:00:00+00:00
[2023-06-06T10:26:29.364+0000] {processor.py:175} INFO - Processing /home/airflow/.local/lib/python3.7/site-packages/airflow/example_dags/example_branch_datetime_operator.py took 0.086 seconds
[2023-06-06T10:26:59.897+0000] {processor.py:153} INFO - Started process (PID=32825) to work on /home/airflow/.local/lib/python3.7/site-packages/airflow/example_dags/example_branch_datetime_operator.py
[2023-06-06T10:26:59.899+0000] {processor.py:743} INFO - Processing file /home/airflow/.local/lib/python3.7/site-packages/airflow/example_dags/example_branch_datetime_operator.py for tasks to queue
[2023-06-06T10:26:59.900+0000] {logging_mixin.py:137} INFO - [2023-06-06T10:26:59.900+0000] {dagbag.py:538} INFO - Filling up the DagBag from /home/airflow/.local/lib/python3.7/site-packages/airflow/example_dags/example_branch_datetime_operator.py
[2023-06-06T10:26:59.913+0000] {processor.py:753} INFO - DAG(s) dict_keys(['example_branch_datetime_operator_2', 'example_branch_datetime_operator', 'example_branch_datetime_operator_3']) retrieved from /home/airflow/.local/lib/python3.7/site-packages/airflow/example_dags/example_branch_datetime_operator.py
[2023-06-06T10:26:59.939+0000] {logging_mixin.py:137} INFO - [2023-06-06T10:26:59.939+0000] {dag.py:2690} INFO - Sync 3 DAGs
[2023-06-06T10:26:59.958+0000] {logging_mixin.py:137} INFO - [2023-06-06T10:26:59.958+0000] {dag.py:3441} INFO - Setting next_dagrun for example_branch_datetime_operator to 2023-06-05T00:00:00+00:00, run_after=2023-06-06T00:00:00+00:00
[2023-06-06T10:26:59.963+0000] {logging_mixin.py:137} INFO - [2023-06-06T10:26:59.963+0000] {dag.py:3441} INFO - Setting next_dagrun for example_branch_datetime_operator_2 to 2023-06-05T00:00:00+00:00, run_after=2023-06-06T00:00:00+00:00
[2023-06-06T10:26:59.966+0000] {logging_mixin.py:137} INFO - [2023-06-06T10:26:59.966+0000] {dag.py:3441} INFO - Setting next_dagrun for example_branch_datetime_operator_3 to 2023-06-05T00:00:00+00:00, run_after=2023-06-06T00:00:00+00:00
[2023-06-06T10:26:59.984+0000] {processor.py:175} INFO - Processing /home/airflow/.local/lib/python3.7/site-packages/airflow/example_dags/example_branch_datetime_operator.py took 0.089 seconds
[2023-06-06T11:23:24.416+0000] {processor.py:153} INFO - Started process (PID=32896) to work on /home/airflow/.local/lib/python3.7/site-packages/airflow/example_dags/example_branch_datetime_operator.py
[2023-06-06T11:23:24.418+0000] {processor.py:743} INFO - Processing file /home/airflow/.local/lib/python3.7/site-packages/airflow/example_dags/example_branch_datetime_operator.py for tasks to queue
[2023-06-06T11:23:24.419+0000] {logging_mixin.py:137} INFO - [2023-06-06T11:23:24.419+0000] {dagbag.py:538} INFO - Filling up the DagBag from /home/airflow/.local/lib/python3.7/site-packages/airflow/example_dags/example_branch_datetime_operator.py
[2023-06-06T11:23:24.435+0000] {processor.py:753} INFO - DAG(s) dict_keys(['example_branch_datetime_operator_2', 'example_branch_datetime_operator', 'example_branch_datetime_operator_3']) retrieved from /home/airflow/.local/lib/python3.7/site-packages/airflow/example_dags/example_branch_datetime_operator.py
[2023-06-06T11:23:24.462+0000] {logging_mixin.py:137} INFO - [2023-06-06T11:23:24.462+0000] {dag.py:2690} INFO - Sync 3 DAGs
[2023-06-06T11:23:24.481+0000] {logging_mixin.py:137} INFO - [2023-06-06T11:23:24.481+0000] {dag.py:3441} INFO - Setting next_dagrun for example_branch_datetime_operator to 2023-06-05T00:00:00+00:00, run_after=2023-06-06T00:00:00+00:00
[2023-06-06T11:23:24.485+0000] {logging_mixin.py:137} INFO - [2023-06-06T11:23:24.485+0000] {dag.py:3441} INFO - Setting next_dagrun for example_branch_datetime_operator_2 to 2023-06-05T00:00:00+00:00, run_after=2023-06-06T00:00:00+00:00
[2023-06-06T11:23:24.487+0000] {logging_mixin.py:137} INFO - [2023-06-06T11:23:24.487+0000] {dag.py:3441} INFO - Setting next_dagrun for example_branch_datetime_operator_3 to 2023-06-05T00:00:00+00:00, run_after=2023-06-06T00:00:00+00:00
[2023-06-06T11:23:24.498+0000] {processor.py:175} INFO - Processing /home/airflow/.local/lib/python3.7/site-packages/airflow/example_dags/example_branch_datetime_operator.py took 0.085 seconds
[2023-06-06T12:30:54.593+0000] {processor.py:153} INFO - Started process (PID=32978) to work on /home/airflow/.local/lib/python3.7/site-packages/airflow/example_dags/example_branch_datetime_operator.py
[2023-06-06T12:30:54.595+0000] {processor.py:743} INFO - Processing file /home/airflow/.local/lib/python3.7/site-packages/airflow/example_dags/example_branch_datetime_operator.py for tasks to queue
[2023-06-06T12:30:54.596+0000] {logging_mixin.py:137} INFO - [2023-06-06T12:30:54.596+0000] {dagbag.py:538} INFO - Filling up the DagBag from /home/airflow/.local/lib/python3.7/site-packages/airflow/example_dags/example_branch_datetime_operator.py
[2023-06-06T12:30:54.612+0000] {processor.py:753} INFO - DAG(s) dict_keys(['example_branch_datetime_operator', 'example_branch_datetime_operator_3', 'example_branch_datetime_operator_2']) retrieved from /home/airflow/.local/lib/python3.7/site-packages/airflow/example_dags/example_branch_datetime_operator.py
[2023-06-06T12:30:54.642+0000] {logging_mixin.py:137} INFO - [2023-06-06T12:30:54.642+0000] {dag.py:2690} INFO - Sync 3 DAGs
[2023-06-06T12:30:54.665+0000] {logging_mixin.py:137} INFO - [2023-06-06T12:30:54.665+0000] {dag.py:3441} INFO - Setting next_dagrun for example_branch_datetime_operator to 2023-06-05T00:00:00+00:00, run_after=2023-06-06T00:00:00+00:00
[2023-06-06T12:30:54.670+0000] {logging_mixin.py:137} INFO - [2023-06-06T12:30:54.670+0000] {dag.py:3441} INFO - Setting next_dagrun for example_branch_datetime_operator_2 to 2023-06-05T00:00:00+00:00, run_after=2023-06-06T00:00:00+00:00
[2023-06-06T12:30:54.672+0000] {logging_mixin.py:137} INFO - [2023-06-06T12:30:54.672+0000] {dag.py:3441} INFO - Setting next_dagrun for example_branch_datetime_operator_3 to 2023-06-05T00:00:00+00:00, run_after=2023-06-06T00:00:00+00:00
[2023-06-06T12:30:54.684+0000] {processor.py:175} INFO - Processing /home/airflow/.local/lib/python3.7/site-packages/airflow/example_dags/example_branch_datetime_operator.py took 0.094 seconds
[2023-06-06T13:55:38.760+0000] {processor.py:153} INFO - Started process (PID=33050) to work on /home/airflow/.local/lib/python3.7/site-packages/airflow/example_dags/example_branch_datetime_operator.py
[2023-06-06T13:55:38.762+0000] {processor.py:743} INFO - Processing file /home/airflow/.local/lib/python3.7/site-packages/airflow/example_dags/example_branch_datetime_operator.py for tasks to queue
[2023-06-06T13:55:38.763+0000] {logging_mixin.py:137} INFO - [2023-06-06T13:55:38.763+0000] {dagbag.py:538} INFO - Filling up the DagBag from /home/airflow/.local/lib/python3.7/site-packages/airflow/example_dags/example_branch_datetime_operator.py
[2023-06-06T13:55:38.777+0000] {processor.py:753} INFO - DAG(s) dict_keys(['example_branch_datetime_operator_2', 'example_branch_datetime_operator', 'example_branch_datetime_operator_3']) retrieved from /home/airflow/.local/lib/python3.7/site-packages/airflow/example_dags/example_branch_datetime_operator.py
[2023-06-06T13:55:38.804+0000] {logging_mixin.py:137} INFO - [2023-06-06T13:55:38.804+0000] {dag.py:2690} INFO - Sync 3 DAGs
[2023-06-06T13:55:38.826+0000] {logging_mixin.py:137} INFO - [2023-06-06T13:55:38.826+0000] {dag.py:3441} INFO - Setting next_dagrun for example_branch_datetime_operator to 2023-06-05T00:00:00+00:00, run_after=2023-06-06T00:00:00+00:00
[2023-06-06T13:55:38.832+0000] {logging_mixin.py:137} INFO - [2023-06-06T13:55:38.832+0000] {dag.py:3441} INFO - Setting next_dagrun for example_branch_datetime_operator_2 to 2023-06-05T00:00:00+00:00, run_after=2023-06-06T00:00:00+00:00
[2023-06-06T13:55:38.839+0000] {logging_mixin.py:137} INFO - [2023-06-06T13:55:38.839+0000] {dag.py:3441} INFO - Setting next_dagrun for example_branch_datetime_operator_3 to 2023-06-05T00:00:00+00:00, run_after=2023-06-06T00:00:00+00:00
[2023-06-06T13:55:38.875+0000] {processor.py:175} INFO - Processing /home/airflow/.local/lib/python3.7/site-packages/airflow/example_dags/example_branch_datetime_operator.py took 0.117 seconds
[2023-06-06T15:19:53.773+0000] {processor.py:153} INFO - Started process (PID=33133) to work on /home/airflow/.local/lib/python3.7/site-packages/airflow/example_dags/example_branch_datetime_operator.py
[2023-06-06T15:19:53.776+0000] {processor.py:743} INFO - Processing file /home/airflow/.local/lib/python3.7/site-packages/airflow/example_dags/example_branch_datetime_operator.py for tasks to queue
[2023-06-06T15:19:53.777+0000] {logging_mixin.py:137} INFO - [2023-06-06T15:19:53.777+0000] {dagbag.py:538} INFO - Filling up the DagBag from /home/airflow/.local/lib/python3.7/site-packages/airflow/example_dags/example_branch_datetime_operator.py
[2023-06-06T15:19:53.792+0000] {processor.py:753} INFO - DAG(s) dict_keys(['example_branch_datetime_operator_2', 'example_branch_datetime_operator', 'example_branch_datetime_operator_3']) retrieved from /home/airflow/.local/lib/python3.7/site-packages/airflow/example_dags/example_branch_datetime_operator.py
[2023-06-06T15:19:53.820+0000] {logging_mixin.py:137} INFO - [2023-06-06T15:19:53.820+0000] {dag.py:2690} INFO - Sync 3 DAGs
[2023-06-06T15:19:53.838+0000] {logging_mixin.py:137} INFO - [2023-06-06T15:19:53.838+0000] {dag.py:3441} INFO - Setting next_dagrun for example_branch_datetime_operator to 2023-06-05T00:00:00+00:00, run_after=2023-06-06T00:00:00+00:00
[2023-06-06T15:19:53.842+0000] {logging_mixin.py:137} INFO - [2023-06-06T15:19:53.842+0000] {dag.py:3441} INFO - Setting next_dagrun for example_branch_datetime_operator_2 to 2023-06-05T00:00:00+00:00, run_after=2023-06-06T00:00:00+00:00
[2023-06-06T15:19:53.845+0000] {logging_mixin.py:137} INFO - [2023-06-06T15:19:53.845+0000] {dag.py:3441} INFO - Setting next_dagrun for example_branch_datetime_operator_3 to 2023-06-05T00:00:00+00:00, run_after=2023-06-06T00:00:00+00:00
[2023-06-06T15:19:53.856+0000] {processor.py:175} INFO - Processing /home/airflow/.local/lib/python3.7/site-packages/airflow/example_dags/example_branch_datetime_operator.py took 0.086 seconds
[2023-06-06T16:41:29.568+0000] {processor.py:153} INFO - Started process (PID=33216) to work on /home/airflow/.local/lib/python3.7/site-packages/airflow/example_dags/example_branch_datetime_operator.py
[2023-06-06T16:41:29.570+0000] {processor.py:743} INFO - Processing file /home/airflow/.local/lib/python3.7/site-packages/airflow/example_dags/example_branch_datetime_operator.py for tasks to queue
[2023-06-06T16:41:29.571+0000] {logging_mixin.py:137} INFO - [2023-06-06T16:41:29.571+0000] {dagbag.py:538} INFO - Filling up the DagBag from /home/airflow/.local/lib/python3.7/site-packages/airflow/example_dags/example_branch_datetime_operator.py
[2023-06-06T16:41:29.587+0000] {processor.py:753} INFO - DAG(s) dict_keys(['example_branch_datetime_operator_3', 'example_branch_datetime_operator_2', 'example_branch_datetime_operator']) retrieved from /home/airflow/.local/lib/python3.7/site-packages/airflow/example_dags/example_branch_datetime_operator.py
[2023-06-06T16:41:29.615+0000] {logging_mixin.py:137} INFO - [2023-06-06T16:41:29.615+0000] {dag.py:2690} INFO - Sync 3 DAGs
[2023-06-06T16:41:29.635+0000] {logging_mixin.py:137} INFO - [2023-06-06T16:41:29.635+0000] {dag.py:3441} INFO - Setting next_dagrun for example_branch_datetime_operator to 2023-06-05T00:00:00+00:00, run_after=2023-06-06T00:00:00+00:00
[2023-06-06T16:41:29.639+0000] {logging_mixin.py:137} INFO - [2023-06-06T16:41:29.639+0000] {dag.py:3441} INFO - Setting next_dagrun for example_branch_datetime_operator_2 to 2023-06-05T00:00:00+00:00, run_after=2023-06-06T00:00:00+00:00
[2023-06-06T16:41:29.641+0000] {logging_mixin.py:137} INFO - [2023-06-06T16:41:29.641+0000] {dag.py:3441} INFO - Setting next_dagrun for example_branch_datetime_operator_3 to 2023-06-05T00:00:00+00:00, run_after=2023-06-06T00:00:00+00:00
[2023-06-06T16:41:29.653+0000] {processor.py:175} INFO - Processing /home/airflow/.local/lib/python3.7/site-packages/airflow/example_dags/example_branch_datetime_operator.py took 0.088 seconds
[2023-06-06T18:05:18.717+0000] {processor.py:153} INFO - Started process (PID=33286) to work on /home/airflow/.local/lib/python3.7/site-packages/airflow/example_dags/example_branch_datetime_operator.py
[2023-06-06T18:05:18.719+0000] {processor.py:743} INFO - Processing file /home/airflow/.local/lib/python3.7/site-packages/airflow/example_dags/example_branch_datetime_operator.py for tasks to queue
[2023-06-06T18:05:18.720+0000] {logging_mixin.py:137} INFO - [2023-06-06T18:05:18.720+0000] {dagbag.py:538} INFO - Filling up the DagBag from /home/airflow/.local/lib/python3.7/site-packages/airflow/example_dags/example_branch_datetime_operator.py
[2023-06-06T18:05:18.734+0000] {processor.py:753} INFO - DAG(s) dict_keys(['example_branch_datetime_operator', 'example_branch_datetime_operator_2', 'example_branch_datetime_operator_3']) retrieved from /home/airflow/.local/lib/python3.7/site-packages/airflow/example_dags/example_branch_datetime_operator.py
[2023-06-06T18:05:18.760+0000] {logging_mixin.py:137} INFO - [2023-06-06T18:05:18.760+0000] {dag.py:2690} INFO - Sync 3 DAGs
[2023-06-06T18:05:18.777+0000] {logging_mixin.py:137} INFO - [2023-06-06T18:05:18.777+0000] {dag.py:3441} INFO - Setting next_dagrun for example_branch_datetime_operator to 2023-06-05T00:00:00+00:00, run_after=2023-06-06T00:00:00+00:00
[2023-06-06T18:05:18.781+0000] {logging_mixin.py:137} INFO - [2023-06-06T18:05:18.781+0000] {dag.py:3441} INFO - Setting next_dagrun for example_branch_datetime_operator_2 to 2023-06-05T00:00:00+00:00, run_after=2023-06-06T00:00:00+00:00
[2023-06-06T18:05:18.784+0000] {logging_mixin.py:137} INFO - [2023-06-06T18:05:18.784+0000] {dag.py:3441} INFO - Setting next_dagrun for example_branch_datetime_operator_3 to 2023-06-05T00:00:00+00:00, run_after=2023-06-06T00:00:00+00:00
[2023-06-06T18:05:18.796+0000] {processor.py:175} INFO - Processing /home/airflow/.local/lib/python3.7/site-packages/airflow/example_dags/example_branch_datetime_operator.py took 0.083 seconds
[2023-06-06T19:27:21.329+0000] {processor.py:153} INFO - Started process (PID=33369) to work on /home/airflow/.local/lib/python3.7/site-packages/airflow/example_dags/example_branch_datetime_operator.py
[2023-06-06T19:27:21.331+0000] {processor.py:743} INFO - Processing file /home/airflow/.local/lib/python3.7/site-packages/airflow/example_dags/example_branch_datetime_operator.py for tasks to queue
[2023-06-06T19:27:21.332+0000] {logging_mixin.py:137} INFO - [2023-06-06T19:27:21.332+0000] {dagbag.py:538} INFO - Filling up the DagBag from /home/airflow/.local/lib/python3.7/site-packages/airflow/example_dags/example_branch_datetime_operator.py
[2023-06-06T19:27:21.347+0000] {processor.py:753} INFO - DAG(s) dict_keys(['example_branch_datetime_operator_2', 'example_branch_datetime_operator_3', 'example_branch_datetime_operator']) retrieved from /home/airflow/.local/lib/python3.7/site-packages/airflow/example_dags/example_branch_datetime_operator.py
[2023-06-06T19:27:21.373+0000] {logging_mixin.py:137} INFO - [2023-06-06T19:27:21.373+0000] {dag.py:2690} INFO - Sync 3 DAGs
[2023-06-06T19:27:21.391+0000] {logging_mixin.py:137} INFO - [2023-06-06T19:27:21.390+0000] {dag.py:3441} INFO - Setting next_dagrun for example_branch_datetime_operator to 2023-06-05T00:00:00+00:00, run_after=2023-06-06T00:00:00+00:00
[2023-06-06T19:27:21.394+0000] {logging_mixin.py:137} INFO - [2023-06-06T19:27:21.394+0000] {dag.py:3441} INFO - Setting next_dagrun for example_branch_datetime_operator_2 to 2023-06-05T00:00:00+00:00, run_after=2023-06-06T00:00:00+00:00
[2023-06-06T19:27:21.397+0000] {logging_mixin.py:137} INFO - [2023-06-06T19:27:21.397+0000] {dag.py:3441} INFO - Setting next_dagrun for example_branch_datetime_operator_3 to 2023-06-05T00:00:00+00:00, run_after=2023-06-06T00:00:00+00:00
[2023-06-06T19:27:21.408+0000] {processor.py:175} INFO - Processing /home/airflow/.local/lib/python3.7/site-packages/airflow/example_dags/example_branch_datetime_operator.py took 0.082 seconds
[2023-06-06T20:45:48.362+0000] {processor.py:153} INFO - Started process (PID=33441) to work on /home/airflow/.local/lib/python3.7/site-packages/airflow/example_dags/example_branch_datetime_operator.py
[2023-06-06T20:45:48.363+0000] {processor.py:743} INFO - Processing file /home/airflow/.local/lib/python3.7/site-packages/airflow/example_dags/example_branch_datetime_operator.py for tasks to queue
[2023-06-06T20:45:48.364+0000] {logging_mixin.py:137} INFO - [2023-06-06T20:45:48.364+0000] {dagbag.py:538} INFO - Filling up the DagBag from /home/airflow/.local/lib/python3.7/site-packages/airflow/example_dags/example_branch_datetime_operator.py
[2023-06-06T20:45:48.378+0000] {processor.py:753} INFO - DAG(s) dict_keys(['example_branch_datetime_operator_3', 'example_branch_datetime_operator_2', 'example_branch_datetime_operator']) retrieved from /home/airflow/.local/lib/python3.7/site-packages/airflow/example_dags/example_branch_datetime_operator.py
[2023-06-06T20:45:48.407+0000] {logging_mixin.py:137} INFO - [2023-06-06T20:45:48.407+0000] {dag.py:2690} INFO - Sync 3 DAGs
[2023-06-06T20:45:48.425+0000] {logging_mixin.py:137} INFO - [2023-06-06T20:45:48.425+0000] {dag.py:3441} INFO - Setting next_dagrun for example_branch_datetime_operator to 2023-06-05T00:00:00+00:00, run_after=2023-06-06T00:00:00+00:00
[2023-06-06T20:45:48.429+0000] {logging_mixin.py:137} INFO - [2023-06-06T20:45:48.429+0000] {dag.py:3441} INFO - Setting next_dagrun for example_branch_datetime_operator_2 to 2023-06-05T00:00:00+00:00, run_after=2023-06-06T00:00:00+00:00
[2023-06-06T20:45:48.431+0000] {logging_mixin.py:137} INFO - [2023-06-06T20:45:48.431+0000] {dag.py:3441} INFO - Setting next_dagrun for example_branch_datetime_operator_3 to 2023-06-05T00:00:00+00:00, run_after=2023-06-06T00:00:00+00:00
[2023-06-06T20:45:48.443+0000] {processor.py:175} INFO - Processing /home/airflow/.local/lib/python3.7/site-packages/airflow/example_dags/example_branch_datetime_operator.py took 0.085 seconds
[2023-06-06T22:08:32.342+0000] {processor.py:153} INFO - Started process (PID=33524) to work on /home/airflow/.local/lib/python3.7/site-packages/airflow/example_dags/example_branch_datetime_operator.py
[2023-06-06T22:08:32.343+0000] {processor.py:743} INFO - Processing file /home/airflow/.local/lib/python3.7/site-packages/airflow/example_dags/example_branch_datetime_operator.py for tasks to queue
[2023-06-06T22:08:32.344+0000] {logging_mixin.py:137} INFO - [2023-06-06T22:08:32.344+0000] {dagbag.py:538} INFO - Filling up the DagBag from /home/airflow/.local/lib/python3.7/site-packages/airflow/example_dags/example_branch_datetime_operator.py
[2023-06-06T22:08:32.358+0000] {processor.py:753} INFO - DAG(s) dict_keys(['example_branch_datetime_operator_2', 'example_branch_datetime_operator', 'example_branch_datetime_operator_3']) retrieved from /home/airflow/.local/lib/python3.7/site-packages/airflow/example_dags/example_branch_datetime_operator.py
[2023-06-06T22:08:32.386+0000] {logging_mixin.py:137} INFO - [2023-06-06T22:08:32.386+0000] {dag.py:2690} INFO - Sync 3 DAGs
[2023-06-06T22:08:32.404+0000] {logging_mixin.py:137} INFO - [2023-06-06T22:08:32.404+0000] {dag.py:3441} INFO - Setting next_dagrun for example_branch_datetime_operator to 2023-06-05T00:00:00+00:00, run_after=2023-06-06T00:00:00+00:00
[2023-06-06T22:08:32.408+0000] {logging_mixin.py:137} INFO - [2023-06-06T22:08:32.408+0000] {dag.py:3441} INFO - Setting next_dagrun for example_branch_datetime_operator_2 to 2023-06-05T00:00:00+00:00, run_after=2023-06-06T00:00:00+00:00
[2023-06-06T22:08:32.410+0000] {logging_mixin.py:137} INFO - [2023-06-06T22:08:32.410+0000] {dag.py:3441} INFO - Setting next_dagrun for example_branch_datetime_operator_3 to 2023-06-05T00:00:00+00:00, run_after=2023-06-06T00:00:00+00:00
[2023-06-06T22:08:32.422+0000] {processor.py:175} INFO - Processing /home/airflow/.local/lib/python3.7/site-packages/airflow/example_dags/example_branch_datetime_operator.py took 0.084 seconds
[2023-06-06T23:29:35.082+0000] {processor.py:153} INFO - Started process (PID=33595) to work on /home/airflow/.local/lib/python3.7/site-packages/airflow/example_dags/example_branch_datetime_operator.py
[2023-06-06T23:29:35.084+0000] {processor.py:743} INFO - Processing file /home/airflow/.local/lib/python3.7/site-packages/airflow/example_dags/example_branch_datetime_operator.py for tasks to queue
[2023-06-06T23:29:35.085+0000] {logging_mixin.py:137} INFO - [2023-06-06T23:29:35.085+0000] {dagbag.py:538} INFO - Filling up the DagBag from /home/airflow/.local/lib/python3.7/site-packages/airflow/example_dags/example_branch_datetime_operator.py
[2023-06-06T23:29:35.098+0000] {processor.py:753} INFO - DAG(s) dict_keys(['example_branch_datetime_operator_3', 'example_branch_datetime_operator', 'example_branch_datetime_operator_2']) retrieved from /home/airflow/.local/lib/python3.7/site-packages/airflow/example_dags/example_branch_datetime_operator.py
[2023-06-06T23:29:35.128+0000] {logging_mixin.py:137} INFO - [2023-06-06T23:29:35.128+0000] {dag.py:2690} INFO - Sync 3 DAGs
[2023-06-06T23:29:35.158+0000] {logging_mixin.py:137} INFO - [2023-06-06T23:29:35.158+0000] {dag.py:3441} INFO - Setting next_dagrun for example_branch_datetime_operator to 2023-06-05T00:00:00+00:00, run_after=2023-06-06T00:00:00+00:00
[2023-06-06T23:29:35.177+0000] {logging_mixin.py:137} INFO - [2023-06-06T23:29:35.177+0000] {dag.py:3441} INFO - Setting next_dagrun for example_branch_datetime_operator_2 to 2023-06-05T00:00:00+00:00, run_after=2023-06-06T00:00:00+00:00
[2023-06-06T23:29:35.181+0000] {logging_mixin.py:137} INFO - [2023-06-06T23:29:35.181+0000] {dag.py:3441} INFO - Setting next_dagrun for example_branch_datetime_operator_3 to 2023-06-05T00:00:00+00:00, run_after=2023-06-06T00:00:00+00:00
[2023-06-06T23:29:35.198+0000] {processor.py:175} INFO - Processing /home/airflow/.local/lib/python3.7/site-packages/airflow/example_dags/example_branch_datetime_operator.py took 0.120 seconds
