[2023-06-06T01:01:23.654+0000] {processor.py:153} INFO - Started process (PID=31408) to work on /home/airflow/.local/lib/python3.7/site-packages/airflow/example_dags/example_branch_operator.py
[2023-06-06T01:01:23.656+0000] {processor.py:743} INFO - Processing file /home/airflow/.local/lib/python3.7/site-packages/airflow/example_dags/example_branch_operator.py for tasks to queue
[2023-06-06T01:01:23.657+0000] {logging_mixin.py:137} INFO - [2023-06-06T01:01:23.657+0000] {dagbag.py:538} INFO - Filling up the DagBag from /home/airflow/.local/lib/python3.7/site-packages/airflow/example_dags/example_branch_operator.py
[2023-06-06T01:01:23.672+0000] {processor.py:753} INFO - DAG(s) dict_keys(['example_branch_operator']) retrieved from /home/airflow/.local/lib/python3.7/site-packages/airflow/example_dags/example_branch_operator.py
[2023-06-06T01:01:23.695+0000] {logging_mixin.py:137} INFO - [2023-06-06T01:01:23.694+0000] {dag.py:2690} INFO - Sync 1 DAGs
[2023-06-06T01:01:23.713+0000] {logging_mixin.py:137} INFO - [2023-06-06T01:01:23.713+0000] {dag.py:3441} INFO - Setting next_dagrun for example_branch_operator to 2023-06-05T00:00:00+00:00, run_after=2023-06-06T00:00:00+00:00
[2023-06-06T01:01:23.727+0000] {processor.py:175} INFO - Processing /home/airflow/.local/lib/python3.7/site-packages/airflow/example_dags/example_branch_operator.py took 0.076 seconds
[2023-06-06T02:41:20.004+0000] {processor.py:153} INFO - Started process (PID=31492) to work on /home/airflow/.local/lib/python3.7/site-packages/airflow/example_dags/example_branch_operator.py
[2023-06-06T02:41:20.006+0000] {processor.py:743} INFO - Processing file /home/airflow/.local/lib/python3.7/site-packages/airflow/example_dags/example_branch_operator.py for tasks to queue
[2023-06-06T02:41:20.007+0000] {logging_mixin.py:137} INFO - [2023-06-06T02:41:20.007+0000] {dagbag.py:538} INFO - Filling up the DagBag from /home/airflow/.local/lib/python3.7/site-packages/airflow/example_dags/example_branch_operator.py
[2023-06-06T02:41:20.022+0000] {processor.py:753} INFO - DAG(s) dict_keys(['example_branch_operator']) retrieved from /home/airflow/.local/lib/python3.7/site-packages/airflow/example_dags/example_branch_operator.py
[2023-06-06T02:41:20.045+0000] {logging_mixin.py:137} INFO - [2023-06-06T02:41:20.045+0000] {dag.py:2690} INFO - Sync 1 DAGs
[2023-06-06T02:41:20.065+0000] {logging_mixin.py:137} INFO - [2023-06-06T02:41:20.065+0000] {dag.py:3441} INFO - Setting next_dagrun for example_branch_operator to 2023-06-05T00:00:00+00:00, run_after=2023-06-06T00:00:00+00:00
[2023-06-06T02:41:20.078+0000] {processor.py:175} INFO - Processing /home/airflow/.local/lib/python3.7/site-packages/airflow/example_dags/example_branch_operator.py took 0.077 seconds
[2023-06-06T04:18:19.267+0000] {processor.py:153} INFO - Started process (PID=31563) to work on /home/airflow/.local/lib/python3.7/site-packages/airflow/example_dags/example_branch_operator.py
[2023-06-06T04:18:19.567+0000] {processor.py:743} INFO - Processing file /home/airflow/.local/lib/python3.7/site-packages/airflow/example_dags/example_branch_operator.py for tasks to queue
[2023-06-06T04:18:19.569+0000] {logging_mixin.py:137} INFO - [2023-06-06T04:18:19.569+0000] {dagbag.py:538} INFO - Filling up the DagBag from /home/airflow/.local/lib/python3.7/site-packages/airflow/example_dags/example_branch_operator.py
[2023-06-06T04:18:19.589+0000] {processor.py:753} INFO - DAG(s) dict_keys(['example_branch_operator']) retrieved from /home/airflow/.local/lib/python3.7/site-packages/airflow/example_dags/example_branch_operator.py
[2023-06-06T04:18:19.614+0000] {logging_mixin.py:137} INFO - [2023-06-06T04:18:19.614+0000] {dag.py:2690} INFO - Sync 1 DAGs
[2023-06-06T04:18:19.633+0000] {logging_mixin.py:137} INFO - [2023-06-06T04:18:19.632+0000] {dag.py:3441} INFO - Setting next_dagrun for example_branch_operator to 2023-06-05T00:00:00+00:00, run_after=2023-06-06T00:00:00+00:00
[2023-06-06T04:18:19.650+0000] {processor.py:175} INFO - Processing /home/airflow/.local/lib/python3.7/site-packages/airflow/example_dags/example_branch_operator.py took 0.386 seconds
[2023-06-06T05:42:21.459+0000] {processor.py:153} INFO - Started process (PID=31646) to work on /home/airflow/.local/lib/python3.7/site-packages/airflow/example_dags/example_branch_operator.py
[2023-06-06T05:42:21.461+0000] {processor.py:743} INFO - Processing file /home/airflow/.local/lib/python3.7/site-packages/airflow/example_dags/example_branch_operator.py for tasks to queue
[2023-06-06T05:42:21.462+0000] {logging_mixin.py:137} INFO - [2023-06-06T05:42:21.462+0000] {dagbag.py:538} INFO - Filling up the DagBag from /home/airflow/.local/lib/python3.7/site-packages/airflow/example_dags/example_branch_operator.py
[2023-06-06T05:42:21.475+0000] {processor.py:753} INFO - DAG(s) dict_keys(['example_branch_operator']) retrieved from /home/airflow/.local/lib/python3.7/site-packages/airflow/example_dags/example_branch_operator.py
[2023-06-06T05:42:21.498+0000] {logging_mixin.py:137} INFO - [2023-06-06T05:42:21.498+0000] {dag.py:2690} INFO - Sync 1 DAGs
[2023-06-06T05:42:21.518+0000] {logging_mixin.py:137} INFO - [2023-06-06T05:42:21.518+0000] {dag.py:3441} INFO - Setting next_dagrun for example_branch_operator to 2023-06-05T00:00:00+00:00, run_after=2023-06-06T00:00:00+00:00
[2023-06-06T05:42:21.532+0000] {processor.py:175} INFO - Processing /home/airflow/.local/lib/python3.7/site-packages/airflow/example_dags/example_branch_operator.py took 0.076 seconds
[2023-06-06T07:23:08.852+0000] {processor.py:153} INFO - Started process (PID=31717) to work on /home/airflow/.local/lib/python3.7/site-packages/airflow/example_dags/example_branch_operator.py
[2023-06-06T07:23:08.856+0000] {processor.py:743} INFO - Processing file /home/airflow/.local/lib/python3.7/site-packages/airflow/example_dags/example_branch_operator.py for tasks to queue
[2023-06-06T07:23:08.857+0000] {logging_mixin.py:137} INFO - [2023-06-06T07:23:08.857+0000] {dagbag.py:538} INFO - Filling up the DagBag from /home/airflow/.local/lib/python3.7/site-packages/airflow/example_dags/example_branch_operator.py
[2023-06-06T07:23:08.873+0000] {processor.py:753} INFO - DAG(s) dict_keys(['example_branch_operator']) retrieved from /home/airflow/.local/lib/python3.7/site-packages/airflow/example_dags/example_branch_operator.py
[2023-06-06T07:23:08.899+0000] {logging_mixin.py:137} INFO - [2023-06-06T07:23:08.899+0000] {dag.py:2690} INFO - Sync 1 DAGs
[2023-06-06T07:23:08.917+0000] {logging_mixin.py:137} INFO - [2023-06-06T07:23:08.917+0000] {dag.py:3441} INFO - Setting next_dagrun for example_branch_operator to 2023-06-05T00:00:00+00:00, run_after=2023-06-06T00:00:00+00:00
[2023-06-06T07:23:08.930+0000] {processor.py:175} INFO - Processing /home/airflow/.local/lib/python3.7/site-packages/airflow/example_dags/example_branch_operator.py took 0.081 seconds
[2023-06-06T08:10:47.350+0000] {processor.py:153} INFO - Started process (PID=31802) to work on /home/airflow/.local/lib/python3.7/site-packages/airflow/example_dags/example_branch_operator.py
[2023-06-06T08:10:47.352+0000] {processor.py:743} INFO - Processing file /home/airflow/.local/lib/python3.7/site-packages/airflow/example_dags/example_branch_operator.py for tasks to queue
[2023-06-06T08:10:47.354+0000] {logging_mixin.py:137} INFO - [2023-06-06T08:10:47.354+0000] {dagbag.py:538} INFO - Filling up the DagBag from /home/airflow/.local/lib/python3.7/site-packages/airflow/example_dags/example_branch_operator.py
[2023-06-06T08:10:47.370+0000] {processor.py:753} INFO - DAG(s) dict_keys(['example_branch_operator']) retrieved from /home/airflow/.local/lib/python3.7/site-packages/airflow/example_dags/example_branch_operator.py
[2023-06-06T08:10:47.398+0000] {logging_mixin.py:137} INFO - [2023-06-06T08:10:47.397+0000] {dag.py:2690} INFO - Sync 1 DAGs
[2023-06-06T08:10:47.421+0000] {logging_mixin.py:137} INFO - [2023-06-06T08:10:47.421+0000] {dag.py:3441} INFO - Setting next_dagrun for example_branch_operator to 2023-06-05T00:00:00+00:00, run_after=2023-06-06T00:00:00+00:00
[2023-06-06T08:10:47.434+0000] {processor.py:175} INFO - Processing /home/airflow/.local/lib/python3.7/site-packages/airflow/example_dags/example_branch_operator.py took 0.088 seconds
[2023-06-06T09:33:29.555+0000] {processor.py:153} INFO - Started process (PID=31885) to work on /home/airflow/.local/lib/python3.7/site-packages/airflow/example_dags/example_branch_operator.py
[2023-06-06T09:33:29.562+0000] {processor.py:743} INFO - Processing file /home/airflow/.local/lib/python3.7/site-packages/airflow/example_dags/example_branch_operator.py for tasks to queue
[2023-06-06T09:33:29.571+0000] {logging_mixin.py:137} INFO - [2023-06-06T09:33:29.571+0000] {dagbag.py:538} INFO - Filling up the DagBag from /home/airflow/.local/lib/python3.7/site-packages/airflow/example_dags/example_branch_operator.py
[2023-06-06T09:33:29.598+0000] {processor.py:753} INFO - DAG(s) dict_keys(['example_branch_operator']) retrieved from /home/airflow/.local/lib/python3.7/site-packages/airflow/example_dags/example_branch_operator.py
[2023-06-06T09:33:29.648+0000] {logging_mixin.py:137} INFO - [2023-06-06T09:33:29.648+0000] {dag.py:2690} INFO - Sync 1 DAGs
[2023-06-06T09:33:29.668+0000] {logging_mixin.py:137} INFO - [2023-06-06T09:33:29.668+0000] {dag.py:3441} INFO - Setting next_dagrun for example_branch_operator to 2023-06-05T00:00:00+00:00, run_after=2023-06-06T00:00:00+00:00
[2023-06-06T09:33:29.696+0000] {processor.py:175} INFO - Processing /home/airflow/.local/lib/python3.7/site-packages/airflow/example_dags/example_branch_operator.py took 0.145 seconds
[2023-06-06T10:12:49.328+0000] {processor.py:153} INFO - Started process (PID=31956) to work on /home/airflow/.local/lib/python3.7/site-packages/airflow/example_dags/example_branch_operator.py
[2023-06-06T10:12:49.329+0000] {processor.py:743} INFO - Processing file /home/airflow/.local/lib/python3.7/site-packages/airflow/example_dags/example_branch_operator.py for tasks to queue
[2023-06-06T10:12:49.331+0000] {logging_mixin.py:137} INFO - [2023-06-06T10:12:49.330+0000] {dagbag.py:538} INFO - Filling up the DagBag from /home/airflow/.local/lib/python3.7/site-packages/airflow/example_dags/example_branch_operator.py
[2023-06-06T10:12:49.345+0000] {processor.py:753} INFO - DAG(s) dict_keys(['example_branch_operator']) retrieved from /home/airflow/.local/lib/python3.7/site-packages/airflow/example_dags/example_branch_operator.py
[2023-06-06T10:12:49.371+0000] {logging_mixin.py:137} INFO - [2023-06-06T10:12:49.371+0000] {dag.py:2690} INFO - Sync 1 DAGs
[2023-06-06T10:12:49.389+0000] {logging_mixin.py:137} INFO - [2023-06-06T10:12:49.389+0000] {dag.py:3441} INFO - Setting next_dagrun for example_branch_operator to 2023-06-05T00:00:00+00:00, run_after=2023-06-06T00:00:00+00:00
[2023-06-06T10:12:49.401+0000] {processor.py:175} INFO - Processing /home/airflow/.local/lib/python3.7/site-packages/airflow/example_dags/example_branch_operator.py took 0.076 seconds
[2023-06-06T10:13:19.997+0000] {processor.py:153} INFO - Started process (PID=32040) to work on /home/airflow/.local/lib/python3.7/site-packages/airflow/example_dags/example_branch_operator.py
[2023-06-06T10:13:20.001+0000] {processor.py:743} INFO - Processing file /home/airflow/.local/lib/python3.7/site-packages/airflow/example_dags/example_branch_operator.py for tasks to queue
[2023-06-06T10:13:20.007+0000] {logging_mixin.py:137} INFO - [2023-06-06T10:13:20.007+0000] {dagbag.py:538} INFO - Filling up the DagBag from /home/airflow/.local/lib/python3.7/site-packages/airflow/example_dags/example_branch_operator.py
[2023-06-06T10:13:20.034+0000] {processor.py:753} INFO - DAG(s) dict_keys(['example_branch_operator']) retrieved from /home/airflow/.local/lib/python3.7/site-packages/airflow/example_dags/example_branch_operator.py
[2023-06-06T10:13:20.061+0000] {logging_mixin.py:137} INFO - [2023-06-06T10:13:20.061+0000] {dag.py:2690} INFO - Sync 1 DAGs
[2023-06-06T10:13:20.084+0000] {logging_mixin.py:137} INFO - [2023-06-06T10:13:20.084+0000] {dag.py:3441} INFO - Setting next_dagrun for example_branch_operator to 2023-06-05T00:00:00+00:00, run_after=2023-06-06T00:00:00+00:00
[2023-06-06T10:13:20.101+0000] {processor.py:175} INFO - Processing /home/airflow/.local/lib/python3.7/site-packages/airflow/example_dags/example_branch_operator.py took 0.109 seconds
[2023-06-06T10:13:51.065+0000] {processor.py:153} INFO - Started process (PID=32111) to work on /home/airflow/.local/lib/python3.7/site-packages/airflow/example_dags/example_branch_operator.py
[2023-06-06T10:13:51.066+0000] {processor.py:743} INFO - Processing file /home/airflow/.local/lib/python3.7/site-packages/airflow/example_dags/example_branch_operator.py for tasks to queue
[2023-06-06T10:13:51.068+0000] {logging_mixin.py:137} INFO - [2023-06-06T10:13:51.067+0000] {dagbag.py:538} INFO - Filling up the DagBag from /home/airflow/.local/lib/python3.7/site-packages/airflow/example_dags/example_branch_operator.py
[2023-06-06T10:13:51.081+0000] {processor.py:753} INFO - DAG(s) dict_keys(['example_branch_operator']) retrieved from /home/airflow/.local/lib/python3.7/site-packages/airflow/example_dags/example_branch_operator.py
[2023-06-06T10:13:51.105+0000] {logging_mixin.py:137} INFO - [2023-06-06T10:13:51.105+0000] {dag.py:2690} INFO - Sync 1 DAGs
[2023-06-06T10:13:51.123+0000] {logging_mixin.py:137} INFO - [2023-06-06T10:13:51.123+0000] {dag.py:3441} INFO - Setting next_dagrun for example_branch_operator to 2023-06-05T00:00:00+00:00, run_after=2023-06-06T00:00:00+00:00
[2023-06-06T10:13:51.136+0000] {processor.py:175} INFO - Processing /home/airflow/.local/lib/python3.7/site-packages/airflow/example_dags/example_branch_operator.py took 0.075 seconds
[2023-06-06T10:14:22.148+0000] {processor.py:153} INFO - Started process (PID=32193) to work on /home/airflow/.local/lib/python3.7/site-packages/airflow/example_dags/example_branch_operator.py
[2023-06-06T10:14:22.150+0000] {processor.py:743} INFO - Processing file /home/airflow/.local/lib/python3.7/site-packages/airflow/example_dags/example_branch_operator.py for tasks to queue
[2023-06-06T10:14:22.152+0000] {logging_mixin.py:137} INFO - [2023-06-06T10:14:22.152+0000] {dagbag.py:538} INFO - Filling up the DagBag from /home/airflow/.local/lib/python3.7/site-packages/airflow/example_dags/example_branch_operator.py
[2023-06-06T10:14:22.169+0000] {processor.py:753} INFO - DAG(s) dict_keys(['example_branch_operator']) retrieved from /home/airflow/.local/lib/python3.7/site-packages/airflow/example_dags/example_branch_operator.py
[2023-06-06T10:14:22.192+0000] {logging_mixin.py:137} INFO - [2023-06-06T10:14:22.192+0000] {dag.py:2690} INFO - Sync 1 DAGs
[2023-06-06T10:14:22.210+0000] {logging_mixin.py:137} INFO - [2023-06-06T10:14:22.209+0000] {dag.py:3441} INFO - Setting next_dagrun for example_branch_operator to 2023-06-05T00:00:00+00:00, run_after=2023-06-06T00:00:00+00:00
[2023-06-06T10:14:22.223+0000] {processor.py:175} INFO - Processing /home/airflow/.local/lib/python3.7/site-packages/airflow/example_dags/example_branch_operator.py took 0.079 seconds
[2023-06-06T10:14:52.842+0000] {processor.py:153} INFO - Started process (PID=32275) to work on /home/airflow/.local/lib/python3.7/site-packages/airflow/example_dags/example_branch_operator.py
[2023-06-06T10:14:52.844+0000] {processor.py:743} INFO - Processing file /home/airflow/.local/lib/python3.7/site-packages/airflow/example_dags/example_branch_operator.py for tasks to queue
[2023-06-06T10:14:52.845+0000] {logging_mixin.py:137} INFO - [2023-06-06T10:14:52.845+0000] {dagbag.py:538} INFO - Filling up the DagBag from /home/airflow/.local/lib/python3.7/site-packages/airflow/example_dags/example_branch_operator.py
[2023-06-06T10:14:52.860+0000] {processor.py:753} INFO - DAG(s) dict_keys(['example_branch_operator']) retrieved from /home/airflow/.local/lib/python3.7/site-packages/airflow/example_dags/example_branch_operator.py
[2023-06-06T10:14:52.883+0000] {logging_mixin.py:137} INFO - [2023-06-06T10:14:52.883+0000] {dag.py:2690} INFO - Sync 1 DAGs
[2023-06-06T10:14:52.901+0000] {logging_mixin.py:137} INFO - [2023-06-06T10:14:52.901+0000] {dag.py:3441} INFO - Setting next_dagrun for example_branch_operator to 2023-06-05T00:00:00+00:00, run_after=2023-06-06T00:00:00+00:00
[2023-06-06T10:14:52.913+0000] {processor.py:175} INFO - Processing /home/airflow/.local/lib/python3.7/site-packages/airflow/example_dags/example_branch_operator.py took 0.073 seconds
[2023-06-06T10:15:23.017+0000] {processor.py:153} INFO - Started process (PID=32347) to work on /home/airflow/.local/lib/python3.7/site-packages/airflow/example_dags/example_branch_operator.py
[2023-06-06T10:15:23.019+0000] {processor.py:743} INFO - Processing file /home/airflow/.local/lib/python3.7/site-packages/airflow/example_dags/example_branch_operator.py for tasks to queue
[2023-06-06T10:15:23.020+0000] {logging_mixin.py:137} INFO - [2023-06-06T10:15:23.020+0000] {dagbag.py:538} INFO - Filling up the DagBag from /home/airflow/.local/lib/python3.7/site-packages/airflow/example_dags/example_branch_operator.py
[2023-06-06T10:15:23.036+0000] {processor.py:753} INFO - DAG(s) dict_keys(['example_branch_operator']) retrieved from /home/airflow/.local/lib/python3.7/site-packages/airflow/example_dags/example_branch_operator.py
[2023-06-06T10:15:23.060+0000] {logging_mixin.py:137} INFO - [2023-06-06T10:15:23.059+0000] {dag.py:2690} INFO - Sync 1 DAGs
[2023-06-06T10:15:23.079+0000] {logging_mixin.py:137} INFO - [2023-06-06T10:15:23.079+0000] {dag.py:3441} INFO - Setting next_dagrun for example_branch_operator to 2023-06-05T00:00:00+00:00, run_after=2023-06-06T00:00:00+00:00
[2023-06-06T10:15:23.092+0000] {processor.py:175} INFO - Processing /home/airflow/.local/lib/python3.7/site-packages/airflow/example_dags/example_branch_operator.py took 0.079 seconds
[2023-06-06T10:15:54.496+0000] {processor.py:153} INFO - Started process (PID=32429) to work on /home/airflow/.local/lib/python3.7/site-packages/airflow/example_dags/example_branch_operator.py
[2023-06-06T10:15:54.498+0000] {processor.py:743} INFO - Processing file /home/airflow/.local/lib/python3.7/site-packages/airflow/example_dags/example_branch_operator.py for tasks to queue
[2023-06-06T10:15:54.499+0000] {logging_mixin.py:137} INFO - [2023-06-06T10:15:54.499+0000] {dagbag.py:538} INFO - Filling up the DagBag from /home/airflow/.local/lib/python3.7/site-packages/airflow/example_dags/example_branch_operator.py
[2023-06-06T10:15:54.515+0000] {processor.py:753} INFO - DAG(s) dict_keys(['example_branch_operator']) retrieved from /home/airflow/.local/lib/python3.7/site-packages/airflow/example_dags/example_branch_operator.py
[2023-06-06T10:15:54.540+0000] {logging_mixin.py:137} INFO - [2023-06-06T10:15:54.540+0000] {dag.py:2690} INFO - Sync 1 DAGs
[2023-06-06T10:15:54.561+0000] {logging_mixin.py:137} INFO - [2023-06-06T10:15:54.561+0000] {dag.py:3441} INFO - Setting next_dagrun for example_branch_operator to 2023-06-05T00:00:00+00:00, run_after=2023-06-06T00:00:00+00:00
[2023-06-06T10:15:54.576+0000] {processor.py:175} INFO - Processing /home/airflow/.local/lib/python3.7/site-packages/airflow/example_dags/example_branch_operator.py took 0.084 seconds
[2023-06-06T10:24:57.576+0000] {processor.py:153} INFO - Started process (PID=32500) to work on /home/airflow/.local/lib/python3.7/site-packages/airflow/example_dags/example_branch_operator.py
[2023-06-06T10:24:57.578+0000] {processor.py:743} INFO - Processing file /home/airflow/.local/lib/python3.7/site-packages/airflow/example_dags/example_branch_operator.py for tasks to queue
[2023-06-06T10:24:57.579+0000] {logging_mixin.py:137} INFO - [2023-06-06T10:24:57.579+0000] {dagbag.py:538} INFO - Filling up the DagBag from /home/airflow/.local/lib/python3.7/site-packages/airflow/example_dags/example_branch_operator.py
[2023-06-06T10:24:57.593+0000] {processor.py:753} INFO - DAG(s) dict_keys(['example_branch_operator']) retrieved from /home/airflow/.local/lib/python3.7/site-packages/airflow/example_dags/example_branch_operator.py
[2023-06-06T10:24:57.617+0000] {logging_mixin.py:137} INFO - [2023-06-06T10:24:57.617+0000] {dag.py:2690} INFO - Sync 1 DAGs
[2023-06-06T10:24:57.635+0000] {logging_mixin.py:137} INFO - [2023-06-06T10:24:57.635+0000] {dag.py:3441} INFO - Setting next_dagrun for example_branch_operator to 2023-06-05T00:00:00+00:00, run_after=2023-06-06T00:00:00+00:00
[2023-06-06T10:24:57.649+0000] {processor.py:175} INFO - Processing /home/airflow/.local/lib/python3.7/site-packages/airflow/example_dags/example_branch_operator.py took 0.075 seconds
[2023-06-06T10:25:27.848+0000] {processor.py:153} INFO - Started process (PID=32583) to work on /home/airflow/.local/lib/python3.7/site-packages/airflow/example_dags/example_branch_operator.py
[2023-06-06T10:25:27.850+0000] {processor.py:743} INFO - Processing file /home/airflow/.local/lib/python3.7/site-packages/airflow/example_dags/example_branch_operator.py for tasks to queue
[2023-06-06T10:25:27.851+0000] {logging_mixin.py:137} INFO - [2023-06-06T10:25:27.851+0000] {dagbag.py:538} INFO - Filling up the DagBag from /home/airflow/.local/lib/python3.7/site-packages/airflow/example_dags/example_branch_operator.py
[2023-06-06T10:25:27.866+0000] {processor.py:753} INFO - DAG(s) dict_keys(['example_branch_operator']) retrieved from /home/airflow/.local/lib/python3.7/site-packages/airflow/example_dags/example_branch_operator.py
[2023-06-06T10:25:27.888+0000] {logging_mixin.py:137} INFO - [2023-06-06T10:25:27.888+0000] {dag.py:2690} INFO - Sync 1 DAGs
[2023-06-06T10:25:27.907+0000] {logging_mixin.py:137} INFO - [2023-06-06T10:25:27.907+0000] {dag.py:3441} INFO - Setting next_dagrun for example_branch_operator to 2023-06-05T00:00:00+00:00, run_after=2023-06-06T00:00:00+00:00
[2023-06-06T10:25:27.922+0000] {processor.py:175} INFO - Processing /home/airflow/.local/lib/python3.7/site-packages/airflow/example_dags/example_branch_operator.py took 0.077 seconds
[2023-06-06T10:25:58.570+0000] {processor.py:153} INFO - Started process (PID=32667) to work on /home/airflow/.local/lib/python3.7/site-packages/airflow/example_dags/example_branch_operator.py
[2023-06-06T10:25:58.573+0000] {processor.py:743} INFO - Processing file /home/airflow/.local/lib/python3.7/site-packages/airflow/example_dags/example_branch_operator.py for tasks to queue
[2023-06-06T10:25:58.575+0000] {logging_mixin.py:137} INFO - [2023-06-06T10:25:58.575+0000] {dagbag.py:538} INFO - Filling up the DagBag from /home/airflow/.local/lib/python3.7/site-packages/airflow/example_dags/example_branch_operator.py
[2023-06-06T10:25:58.591+0000] {processor.py:753} INFO - DAG(s) dict_keys(['example_branch_operator']) retrieved from /home/airflow/.local/lib/python3.7/site-packages/airflow/example_dags/example_branch_operator.py
[2023-06-06T10:25:58.618+0000] {logging_mixin.py:137} INFO - [2023-06-06T10:25:58.618+0000] {dag.py:2690} INFO - Sync 1 DAGs
[2023-06-06T10:25:58.642+0000] {logging_mixin.py:137} INFO - [2023-06-06T10:25:58.642+0000] {dag.py:3441} INFO - Setting next_dagrun for example_branch_operator to 2023-06-05T00:00:00+00:00, run_after=2023-06-06T00:00:00+00:00
[2023-06-06T10:25:58.658+0000] {processor.py:175} INFO - Processing /home/airflow/.local/lib/python3.7/site-packages/airflow/example_dags/example_branch_operator.py took 0.092 seconds
[2023-06-06T10:26:29.145+0000] {processor.py:153} INFO - Started process (PID=32738) to work on /home/airflow/.local/lib/python3.7/site-packages/airflow/example_dags/example_branch_operator.py
[2023-06-06T10:26:29.147+0000] {processor.py:743} INFO - Processing file /home/airflow/.local/lib/python3.7/site-packages/airflow/example_dags/example_branch_operator.py for tasks to queue
[2023-06-06T10:26:29.148+0000] {logging_mixin.py:137} INFO - [2023-06-06T10:26:29.147+0000] {dagbag.py:538} INFO - Filling up the DagBag from /home/airflow/.local/lib/python3.7/site-packages/airflow/example_dags/example_branch_operator.py
[2023-06-06T10:26:29.162+0000] {processor.py:753} INFO - DAG(s) dict_keys(['example_branch_operator']) retrieved from /home/airflow/.local/lib/python3.7/site-packages/airflow/example_dags/example_branch_operator.py
[2023-06-06T10:26:29.183+0000] {logging_mixin.py:137} INFO - [2023-06-06T10:26:29.183+0000] {dag.py:2690} INFO - Sync 1 DAGs
[2023-06-06T10:26:29.200+0000] {logging_mixin.py:137} INFO - [2023-06-06T10:26:29.200+0000] {dag.py:3441} INFO - Setting next_dagrun for example_branch_operator to 2023-06-05T00:00:00+00:00, run_after=2023-06-06T00:00:00+00:00
[2023-06-06T10:26:29.212+0000] {processor.py:175} INFO - Processing /home/airflow/.local/lib/python3.7/site-packages/airflow/example_dags/example_branch_operator.py took 0.070 seconds
[2023-06-06T10:26:59.739+0000] {processor.py:153} INFO - Started process (PID=32822) to work on /home/airflow/.local/lib/python3.7/site-packages/airflow/example_dags/example_branch_operator.py
[2023-06-06T10:26:59.741+0000] {processor.py:743} INFO - Processing file /home/airflow/.local/lib/python3.7/site-packages/airflow/example_dags/example_branch_operator.py for tasks to queue
[2023-06-06T10:26:59.742+0000] {logging_mixin.py:137} INFO - [2023-06-06T10:26:59.742+0000] {dagbag.py:538} INFO - Filling up the DagBag from /home/airflow/.local/lib/python3.7/site-packages/airflow/example_dags/example_branch_operator.py
[2023-06-06T10:26:59.756+0000] {processor.py:753} INFO - DAG(s) dict_keys(['example_branch_operator']) retrieved from /home/airflow/.local/lib/python3.7/site-packages/airflow/example_dags/example_branch_operator.py
[2023-06-06T10:26:59.780+0000] {logging_mixin.py:137} INFO - [2023-06-06T10:26:59.780+0000] {dag.py:2690} INFO - Sync 1 DAGs
[2023-06-06T10:26:59.798+0000] {logging_mixin.py:137} INFO - [2023-06-06T10:26:59.798+0000] {dag.py:3441} INFO - Setting next_dagrun for example_branch_operator to 2023-06-05T00:00:00+00:00, run_after=2023-06-06T00:00:00+00:00
[2023-06-06T10:26:59.812+0000] {processor.py:175} INFO - Processing /home/airflow/.local/lib/python3.7/site-packages/airflow/example_dags/example_branch_operator.py took 0.076 seconds
[2023-06-06T11:23:24.211+0000] {processor.py:153} INFO - Started process (PID=32893) to work on /home/airflow/.local/lib/python3.7/site-packages/airflow/example_dags/example_branch_operator.py
[2023-06-06T11:23:24.213+0000] {processor.py:743} INFO - Processing file /home/airflow/.local/lib/python3.7/site-packages/airflow/example_dags/example_branch_operator.py for tasks to queue
[2023-06-06T11:23:24.214+0000] {logging_mixin.py:137} INFO - [2023-06-06T11:23:24.214+0000] {dagbag.py:538} INFO - Filling up the DagBag from /home/airflow/.local/lib/python3.7/site-packages/airflow/example_dags/example_branch_operator.py
[2023-06-06T11:23:24.229+0000] {processor.py:753} INFO - DAG(s) dict_keys(['example_branch_operator']) retrieved from /home/airflow/.local/lib/python3.7/site-packages/airflow/example_dags/example_branch_operator.py
[2023-06-06T11:23:24.253+0000] {logging_mixin.py:137} INFO - [2023-06-06T11:23:24.252+0000] {dag.py:2690} INFO - Sync 1 DAGs
[2023-06-06T11:23:24.269+0000] {logging_mixin.py:137} INFO - [2023-06-06T11:23:24.269+0000] {dag.py:3441} INFO - Setting next_dagrun for example_branch_operator to 2023-06-05T00:00:00+00:00, run_after=2023-06-06T00:00:00+00:00
[2023-06-06T11:23:24.283+0000] {processor.py:175} INFO - Processing /home/airflow/.local/lib/python3.7/site-packages/airflow/example_dags/example_branch_operator.py took 0.074 seconds
[2023-06-06T12:30:54.386+0000] {processor.py:153} INFO - Started process (PID=32975) to work on /home/airflow/.local/lib/python3.7/site-packages/airflow/example_dags/example_branch_operator.py
[2023-06-06T12:30:54.388+0000] {processor.py:743} INFO - Processing file /home/airflow/.local/lib/python3.7/site-packages/airflow/example_dags/example_branch_operator.py for tasks to queue
[2023-06-06T12:30:54.389+0000] {logging_mixin.py:137} INFO - [2023-06-06T12:30:54.389+0000] {dagbag.py:538} INFO - Filling up the DagBag from /home/airflow/.local/lib/python3.7/site-packages/airflow/example_dags/example_branch_operator.py
[2023-06-06T12:30:54.402+0000] {processor.py:753} INFO - DAG(s) dict_keys(['example_branch_operator']) retrieved from /home/airflow/.local/lib/python3.7/site-packages/airflow/example_dags/example_branch_operator.py
[2023-06-06T12:30:54.425+0000] {logging_mixin.py:137} INFO - [2023-06-06T12:30:54.424+0000] {dag.py:2690} INFO - Sync 1 DAGs
[2023-06-06T12:30:54.443+0000] {logging_mixin.py:137} INFO - [2023-06-06T12:30:54.443+0000] {dag.py:3441} INFO - Setting next_dagrun for example_branch_operator to 2023-06-05T00:00:00+00:00, run_after=2023-06-06T00:00:00+00:00
[2023-06-06T12:30:54.460+0000] {processor.py:175} INFO - Processing /home/airflow/.local/lib/python3.7/site-packages/airflow/example_dags/example_branch_operator.py took 0.077 seconds
[2023-06-06T13:55:38.571+0000] {processor.py:153} INFO - Started process (PID=33047) to work on /home/airflow/.local/lib/python3.7/site-packages/airflow/example_dags/example_branch_operator.py
[2023-06-06T13:55:38.573+0000] {processor.py:743} INFO - Processing file /home/airflow/.local/lib/python3.7/site-packages/airflow/example_dags/example_branch_operator.py for tasks to queue
[2023-06-06T13:55:38.575+0000] {logging_mixin.py:137} INFO - [2023-06-06T13:55:38.575+0000] {dagbag.py:538} INFO - Filling up the DagBag from /home/airflow/.local/lib/python3.7/site-packages/airflow/example_dags/example_branch_operator.py
[2023-06-06T13:55:38.590+0000] {processor.py:753} INFO - DAG(s) dict_keys(['example_branch_operator']) retrieved from /home/airflow/.local/lib/python3.7/site-packages/airflow/example_dags/example_branch_operator.py
[2023-06-06T13:55:38.614+0000] {logging_mixin.py:137} INFO - [2023-06-06T13:55:38.613+0000] {dag.py:2690} INFO - Sync 1 DAGs
[2023-06-06T13:55:38.636+0000] {logging_mixin.py:137} INFO - [2023-06-06T13:55:38.636+0000] {dag.py:3441} INFO - Setting next_dagrun for example_branch_operator to 2023-06-05T00:00:00+00:00, run_after=2023-06-06T00:00:00+00:00
[2023-06-06T13:55:38.649+0000] {processor.py:175} INFO - Processing /home/airflow/.local/lib/python3.7/site-packages/airflow/example_dags/example_branch_operator.py took 0.081 seconds
[2023-06-06T15:19:53.652+0000] {processor.py:153} INFO - Started process (PID=33130) to work on /home/airflow/.local/lib/python3.7/site-packages/airflow/example_dags/example_branch_operator.py
[2023-06-06T15:19:53.655+0000] {processor.py:743} INFO - Processing file /home/airflow/.local/lib/python3.7/site-packages/airflow/example_dags/example_branch_operator.py for tasks to queue
[2023-06-06T15:19:53.656+0000] {logging_mixin.py:137} INFO - [2023-06-06T15:19:53.656+0000] {dagbag.py:538} INFO - Filling up the DagBag from /home/airflow/.local/lib/python3.7/site-packages/airflow/example_dags/example_branch_operator.py
[2023-06-06T15:19:53.671+0000] {processor.py:753} INFO - DAG(s) dict_keys(['example_branch_operator']) retrieved from /home/airflow/.local/lib/python3.7/site-packages/airflow/example_dags/example_branch_operator.py
[2023-06-06T15:19:53.694+0000] {logging_mixin.py:137} INFO - [2023-06-06T15:19:53.694+0000] {dag.py:2690} INFO - Sync 1 DAGs
[2023-06-06T15:19:53.712+0000] {logging_mixin.py:137} INFO - [2023-06-06T15:19:53.712+0000] {dag.py:3441} INFO - Setting next_dagrun for example_branch_operator to 2023-06-05T00:00:00+00:00, run_after=2023-06-06T00:00:00+00:00
[2023-06-06T15:19:53.727+0000] {processor.py:175} INFO - Processing /home/airflow/.local/lib/python3.7/site-packages/airflow/example_dags/example_branch_operator.py took 0.078 seconds
[2023-06-06T16:41:29.379+0000] {processor.py:153} INFO - Started process (PID=33213) to work on /home/airflow/.local/lib/python3.7/site-packages/airflow/example_dags/example_branch_operator.py
[2023-06-06T16:41:29.381+0000] {processor.py:743} INFO - Processing file /home/airflow/.local/lib/python3.7/site-packages/airflow/example_dags/example_branch_operator.py for tasks to queue
[2023-06-06T16:41:29.383+0000] {logging_mixin.py:137} INFO - [2023-06-06T16:41:29.382+0000] {dagbag.py:538} INFO - Filling up the DagBag from /home/airflow/.local/lib/python3.7/site-packages/airflow/example_dags/example_branch_operator.py
[2023-06-06T16:41:29.397+0000] {processor.py:753} INFO - DAG(s) dict_keys(['example_branch_operator']) retrieved from /home/airflow/.local/lib/python3.7/site-packages/airflow/example_dags/example_branch_operator.py
[2023-06-06T16:41:29.420+0000] {logging_mixin.py:137} INFO - [2023-06-06T16:41:29.420+0000] {dag.py:2690} INFO - Sync 1 DAGs
[2023-06-06T16:41:29.441+0000] {logging_mixin.py:137} INFO - [2023-06-06T16:41:29.440+0000] {dag.py:3441} INFO - Setting next_dagrun for example_branch_operator to 2023-06-05T00:00:00+00:00, run_after=2023-06-06T00:00:00+00:00
[2023-06-06T16:41:29.456+0000] {processor.py:175} INFO - Processing /home/airflow/.local/lib/python3.7/site-packages/airflow/example_dags/example_branch_operator.py took 0.081 seconds
[2023-06-06T18:05:18.583+0000] {processor.py:153} INFO - Started process (PID=33283) to work on /home/airflow/.local/lib/python3.7/site-packages/airflow/example_dags/example_branch_operator.py
[2023-06-06T18:05:18.585+0000] {processor.py:743} INFO - Processing file /home/airflow/.local/lib/python3.7/site-packages/airflow/example_dags/example_branch_operator.py for tasks to queue
[2023-06-06T18:05:18.586+0000] {logging_mixin.py:137} INFO - [2023-06-06T18:05:18.586+0000] {dagbag.py:538} INFO - Filling up the DagBag from /home/airflow/.local/lib/python3.7/site-packages/airflow/example_dags/example_branch_operator.py
[2023-06-06T18:05:18.600+0000] {processor.py:753} INFO - DAG(s) dict_keys(['example_branch_operator']) retrieved from /home/airflow/.local/lib/python3.7/site-packages/airflow/example_dags/example_branch_operator.py
[2023-06-06T18:05:18.622+0000] {logging_mixin.py:137} INFO - [2023-06-06T18:05:18.622+0000] {dag.py:2690} INFO - Sync 1 DAGs
[2023-06-06T18:05:18.640+0000] {logging_mixin.py:137} INFO - [2023-06-06T18:05:18.640+0000] {dag.py:3441} INFO - Setting next_dagrun for example_branch_operator to 2023-06-05T00:00:00+00:00, run_after=2023-06-06T00:00:00+00:00
[2023-06-06T18:05:18.653+0000] {processor.py:175} INFO - Processing /home/airflow/.local/lib/python3.7/site-packages/airflow/example_dags/example_branch_operator.py took 0.072 seconds
[2023-06-06T19:27:21.133+0000] {processor.py:153} INFO - Started process (PID=33366) to work on /home/airflow/.local/lib/python3.7/site-packages/airflow/example_dags/example_branch_operator.py
[2023-06-06T19:27:21.135+0000] {processor.py:743} INFO - Processing file /home/airflow/.local/lib/python3.7/site-packages/airflow/example_dags/example_branch_operator.py for tasks to queue
[2023-06-06T19:27:21.136+0000] {logging_mixin.py:137} INFO - [2023-06-06T19:27:21.136+0000] {dagbag.py:538} INFO - Filling up the DagBag from /home/airflow/.local/lib/python3.7/site-packages/airflow/example_dags/example_branch_operator.py
[2023-06-06T19:27:21.150+0000] {processor.py:753} INFO - DAG(s) dict_keys(['example_branch_operator']) retrieved from /home/airflow/.local/lib/python3.7/site-packages/airflow/example_dags/example_branch_operator.py
[2023-06-06T19:27:21.173+0000] {logging_mixin.py:137} INFO - [2023-06-06T19:27:21.173+0000] {dag.py:2690} INFO - Sync 1 DAGs
[2023-06-06T19:27:21.191+0000] {logging_mixin.py:137} INFO - [2023-06-06T19:27:21.191+0000] {dag.py:3441} INFO - Setting next_dagrun for example_branch_operator to 2023-06-05T00:00:00+00:00, run_after=2023-06-06T00:00:00+00:00
[2023-06-06T19:27:21.205+0000] {processor.py:175} INFO - Processing /home/airflow/.local/lib/python3.7/site-packages/airflow/example_dags/example_branch_operator.py took 0.075 seconds
[2023-06-06T20:45:48.136+0000] {processor.py:153} INFO - Started process (PID=33438) to work on /home/airflow/.local/lib/python3.7/site-packages/airflow/example_dags/example_branch_operator.py
[2023-06-06T20:45:48.137+0000] {processor.py:743} INFO - Processing file /home/airflow/.local/lib/python3.7/site-packages/airflow/example_dags/example_branch_operator.py for tasks to queue
[2023-06-06T20:45:48.138+0000] {logging_mixin.py:137} INFO - [2023-06-06T20:45:48.138+0000] {dagbag.py:538} INFO - Filling up the DagBag from /home/airflow/.local/lib/python3.7/site-packages/airflow/example_dags/example_branch_operator.py
[2023-06-06T20:45:48.152+0000] {processor.py:753} INFO - DAG(s) dict_keys(['example_branch_operator']) retrieved from /home/airflow/.local/lib/python3.7/site-packages/airflow/example_dags/example_branch_operator.py
[2023-06-06T20:45:48.174+0000] {logging_mixin.py:137} INFO - [2023-06-06T20:45:48.174+0000] {dag.py:2690} INFO - Sync 1 DAGs
[2023-06-06T20:45:48.192+0000] {logging_mixin.py:137} INFO - [2023-06-06T20:45:48.192+0000] {dag.py:3441} INFO - Setting next_dagrun for example_branch_operator to 2023-06-05T00:00:00+00:00, run_after=2023-06-06T00:00:00+00:00
[2023-06-06T20:45:48.209+0000] {processor.py:175} INFO - Processing /home/airflow/.local/lib/python3.7/site-packages/airflow/example_dags/example_branch_operator.py took 0.076 seconds
[2023-06-06T22:08:32.158+0000] {processor.py:153} INFO - Started process (PID=33521) to work on /home/airflow/.local/lib/python3.7/site-packages/airflow/example_dags/example_branch_operator.py
[2023-06-06T22:08:32.160+0000] {processor.py:743} INFO - Processing file /home/airflow/.local/lib/python3.7/site-packages/airflow/example_dags/example_branch_operator.py for tasks to queue
[2023-06-06T22:08:32.161+0000] {logging_mixin.py:137} INFO - [2023-06-06T22:08:32.161+0000] {dagbag.py:538} INFO - Filling up the DagBag from /home/airflow/.local/lib/python3.7/site-packages/airflow/example_dags/example_branch_operator.py
[2023-06-06T22:08:32.175+0000] {processor.py:753} INFO - DAG(s) dict_keys(['example_branch_operator']) retrieved from /home/airflow/.local/lib/python3.7/site-packages/airflow/example_dags/example_branch_operator.py
[2023-06-06T22:08:32.198+0000] {logging_mixin.py:137} INFO - [2023-06-06T22:08:32.198+0000] {dag.py:2690} INFO - Sync 1 DAGs
[2023-06-06T22:08:32.217+0000] {logging_mixin.py:137} INFO - [2023-06-06T22:08:32.217+0000] {dag.py:3441} INFO - Setting next_dagrun for example_branch_operator to 2023-06-05T00:00:00+00:00, run_after=2023-06-06T00:00:00+00:00
[2023-06-06T22:08:32.231+0000] {processor.py:175} INFO - Processing /home/airflow/.local/lib/python3.7/site-packages/airflow/example_dags/example_branch_operator.py took 0.076 seconds
[2023-06-06T23:29:34.876+0000] {processor.py:153} INFO - Started process (PID=33592) to work on /home/airflow/.local/lib/python3.7/site-packages/airflow/example_dags/example_branch_operator.py
[2023-06-06T23:29:34.878+0000] {processor.py:743} INFO - Processing file /home/airflow/.local/lib/python3.7/site-packages/airflow/example_dags/example_branch_operator.py for tasks to queue
[2023-06-06T23:29:34.879+0000] {logging_mixin.py:137} INFO - [2023-06-06T23:29:34.879+0000] {dagbag.py:538} INFO - Filling up the DagBag from /home/airflow/.local/lib/python3.7/site-packages/airflow/example_dags/example_branch_operator.py
[2023-06-06T23:29:34.895+0000] {processor.py:753} INFO - DAG(s) dict_keys(['example_branch_operator']) retrieved from /home/airflow/.local/lib/python3.7/site-packages/airflow/example_dags/example_branch_operator.py
[2023-06-06T23:29:34.922+0000] {logging_mixin.py:137} INFO - [2023-06-06T23:29:34.922+0000] {dag.py:2690} INFO - Sync 1 DAGs
[2023-06-06T23:29:34.943+0000] {logging_mixin.py:137} INFO - [2023-06-06T23:29:34.942+0000] {dag.py:3441} INFO - Setting next_dagrun for example_branch_operator to 2023-06-05T00:00:00+00:00, run_after=2023-06-06T00:00:00+00:00
[2023-06-06T23:29:34.955+0000] {processor.py:175} INFO - Processing /home/airflow/.local/lib/python3.7/site-packages/airflow/example_dags/example_branch_operator.py took 0.083 seconds
