[2023-06-06T01:01:22.520+0000] {processor.py:153} INFO - Started process (PID=31390) to work on /home/airflow/.local/lib/python3.7/site-packages/airflow/example_dags/example_xcomargs.py
[2023-06-06T01:01:22.522+0000] {processor.py:743} INFO - Processing file /home/airflow/.local/lib/python3.7/site-packages/airflow/example_dags/example_xcomargs.py for tasks to queue
[2023-06-06T01:01:22.523+0000] {logging_mixin.py:137} INFO - [2023-06-06T01:01:22.523+0000] {dagbag.py:538} INFO - Filling up the DagBag from /home/airflow/.local/lib/python3.7/site-packages/airflow/example_dags/example_xcomargs.py
[2023-06-06T01:01:22.543+0000] {processor.py:753} INFO - DAG(s) dict_keys(['example_xcom_args_with_operators', 'example_xcom_args']) retrieved from /home/airflow/.local/lib/python3.7/site-packages/airflow/example_dags/example_xcomargs.py
[2023-06-06T01:01:22.573+0000] {logging_mixin.py:137} INFO - [2023-06-06T01:01:22.572+0000] {dag.py:2690} INFO - Sync 2 DAGs
[2023-06-06T01:01:22.590+0000] {logging_mixin.py:137} INFO - [2023-06-06T01:01:22.590+0000] {dag.py:3441} INFO - Setting next_dagrun for example_xcom_args to None, run_after=None
[2023-06-06T01:01:22.593+0000] {logging_mixin.py:137} INFO - [2023-06-06T01:01:22.593+0000] {dag.py:3441} INFO - Setting next_dagrun for example_xcom_args_with_operators to None, run_after=None
[2023-06-06T01:01:22.607+0000] {processor.py:175} INFO - Processing /home/airflow/.local/lib/python3.7/site-packages/airflow/example_dags/example_xcomargs.py took 0.091 seconds
[2023-06-06T02:41:18.798+0000] {processor.py:153} INFO - Started process (PID=31474) to work on /home/airflow/.local/lib/python3.7/site-packages/airflow/example_dags/example_xcomargs.py
[2023-06-06T02:41:18.801+0000] {processor.py:743} INFO - Processing file /home/airflow/.local/lib/python3.7/site-packages/airflow/example_dags/example_xcomargs.py for tasks to queue
[2023-06-06T02:41:18.802+0000] {logging_mixin.py:137} INFO - [2023-06-06T02:41:18.802+0000] {dagbag.py:538} INFO - Filling up the DagBag from /home/airflow/.local/lib/python3.7/site-packages/airflow/example_dags/example_xcomargs.py
[2023-06-06T02:41:18.824+0000] {processor.py:753} INFO - DAG(s) dict_keys(['example_xcom_args', 'example_xcom_args_with_operators']) retrieved from /home/airflow/.local/lib/python3.7/site-packages/airflow/example_dags/example_xcomargs.py
[2023-06-06T02:41:18.855+0000] {logging_mixin.py:137} INFO - [2023-06-06T02:41:18.855+0000] {dag.py:2690} INFO - Sync 2 DAGs
[2023-06-06T02:41:18.878+0000] {logging_mixin.py:137} INFO - [2023-06-06T02:41:18.878+0000] {dag.py:3441} INFO - Setting next_dagrun for example_xcom_args to None, run_after=None
[2023-06-06T02:41:18.883+0000] {logging_mixin.py:137} INFO - [2023-06-06T02:41:18.883+0000] {dag.py:3441} INFO - Setting next_dagrun for example_xcom_args_with_operators to None, run_after=None
[2023-06-06T02:41:18.897+0000] {processor.py:175} INFO - Processing /home/airflow/.local/lib/python3.7/site-packages/airflow/example_dags/example_xcomargs.py took 0.102 seconds
[2023-06-06T04:18:18.343+0000] {processor.py:153} INFO - Started process (PID=31545) to work on /home/airflow/.local/lib/python3.7/site-packages/airflow/example_dags/example_xcomargs.py
[2023-06-06T04:18:18.345+0000] {processor.py:743} INFO - Processing file /home/airflow/.local/lib/python3.7/site-packages/airflow/example_dags/example_xcomargs.py for tasks to queue
[2023-06-06T04:18:18.346+0000] {logging_mixin.py:137} INFO - [2023-06-06T04:18:18.346+0000] {dagbag.py:538} INFO - Filling up the DagBag from /home/airflow/.local/lib/python3.7/site-packages/airflow/example_dags/example_xcomargs.py
[2023-06-06T04:18:18.364+0000] {processor.py:753} INFO - DAG(s) dict_keys(['example_xcom_args_with_operators', 'example_xcom_args']) retrieved from /home/airflow/.local/lib/python3.7/site-packages/airflow/example_dags/example_xcomargs.py
[2023-06-06T04:18:18.388+0000] {logging_mixin.py:137} INFO - [2023-06-06T04:18:18.388+0000] {dag.py:2690} INFO - Sync 2 DAGs
[2023-06-06T04:18:18.404+0000] {logging_mixin.py:137} INFO - [2023-06-06T04:18:18.404+0000] {dag.py:3441} INFO - Setting next_dagrun for example_xcom_args to None, run_after=None
[2023-06-06T04:18:18.408+0000] {logging_mixin.py:137} INFO - [2023-06-06T04:18:18.408+0000] {dag.py:3441} INFO - Setting next_dagrun for example_xcom_args_with_operators to None, run_after=None
[2023-06-06T04:18:18.419+0000] {processor.py:175} INFO - Processing /home/airflow/.local/lib/python3.7/site-packages/airflow/example_dags/example_xcomargs.py took 0.080 seconds
[2023-06-06T05:42:20.523+0000] {processor.py:153} INFO - Started process (PID=31628) to work on /home/airflow/.local/lib/python3.7/site-packages/airflow/example_dags/example_xcomargs.py
[2023-06-06T05:42:20.525+0000] {processor.py:743} INFO - Processing file /home/airflow/.local/lib/python3.7/site-packages/airflow/example_dags/example_xcomargs.py for tasks to queue
[2023-06-06T05:42:20.527+0000] {logging_mixin.py:137} INFO - [2023-06-06T05:42:20.527+0000] {dagbag.py:538} INFO - Filling up the DagBag from /home/airflow/.local/lib/python3.7/site-packages/airflow/example_dags/example_xcomargs.py
[2023-06-06T05:42:20.546+0000] {processor.py:753} INFO - DAG(s) dict_keys(['example_xcom_args', 'example_xcom_args_with_operators']) retrieved from /home/airflow/.local/lib/python3.7/site-packages/airflow/example_dags/example_xcomargs.py
[2023-06-06T05:42:20.572+0000] {logging_mixin.py:137} INFO - [2023-06-06T05:42:20.572+0000] {dag.py:2690} INFO - Sync 2 DAGs
[2023-06-06T05:42:20.588+0000] {logging_mixin.py:137} INFO - [2023-06-06T05:42:20.588+0000] {dag.py:3441} INFO - Setting next_dagrun for example_xcom_args to None, run_after=None
[2023-06-06T05:42:20.591+0000] {logging_mixin.py:137} INFO - [2023-06-06T05:42:20.591+0000] {dag.py:3441} INFO - Setting next_dagrun for example_xcom_args_with_operators to None, run_after=None
[2023-06-06T05:42:20.604+0000] {processor.py:175} INFO - Processing /home/airflow/.local/lib/python3.7/site-packages/airflow/example_dags/example_xcomargs.py took 0.084 seconds
[2023-06-06T07:23:07.892+0000] {processor.py:153} INFO - Started process (PID=31699) to work on /home/airflow/.local/lib/python3.7/site-packages/airflow/example_dags/example_xcomargs.py
[2023-06-06T07:23:07.894+0000] {processor.py:743} INFO - Processing file /home/airflow/.local/lib/python3.7/site-packages/airflow/example_dags/example_xcomargs.py for tasks to queue
[2023-06-06T07:23:07.895+0000] {logging_mixin.py:137} INFO - [2023-06-06T07:23:07.895+0000] {dagbag.py:538} INFO - Filling up the DagBag from /home/airflow/.local/lib/python3.7/site-packages/airflow/example_dags/example_xcomargs.py
[2023-06-06T07:23:07.914+0000] {processor.py:753} INFO - DAG(s) dict_keys(['example_xcom_args_with_operators', 'example_xcom_args']) retrieved from /home/airflow/.local/lib/python3.7/site-packages/airflow/example_dags/example_xcomargs.py
[2023-06-06T07:23:07.940+0000] {logging_mixin.py:137} INFO - [2023-06-06T07:23:07.940+0000] {dag.py:2690} INFO - Sync 2 DAGs
[2023-06-06T07:23:07.956+0000] {logging_mixin.py:137} INFO - [2023-06-06T07:23:07.956+0000] {dag.py:3441} INFO - Setting next_dagrun for example_xcom_args to None, run_after=None
[2023-06-06T07:23:07.960+0000] {logging_mixin.py:137} INFO - [2023-06-06T07:23:07.960+0000] {dag.py:3441} INFO - Setting next_dagrun for example_xcom_args_with_operators to None, run_after=None
[2023-06-06T07:23:07.977+0000] {processor.py:175} INFO - Processing /home/airflow/.local/lib/python3.7/site-packages/airflow/example_dags/example_xcomargs.py took 0.087 seconds
[2023-06-06T08:10:45.872+0000] {processor.py:153} INFO - Started process (PID=31784) to work on /home/airflow/.local/lib/python3.7/site-packages/airflow/example_dags/example_xcomargs.py
[2023-06-06T08:10:45.873+0000] {processor.py:743} INFO - Processing file /home/airflow/.local/lib/python3.7/site-packages/airflow/example_dags/example_xcomargs.py for tasks to queue
[2023-06-06T08:10:45.874+0000] {logging_mixin.py:137} INFO - [2023-06-06T08:10:45.874+0000] {dagbag.py:538} INFO - Filling up the DagBag from /home/airflow/.local/lib/python3.7/site-packages/airflow/example_dags/example_xcomargs.py
[2023-06-06T08:10:45.898+0000] {processor.py:753} INFO - DAG(s) dict_keys(['example_xcom_args_with_operators', 'example_xcom_args']) retrieved from /home/airflow/.local/lib/python3.7/site-packages/airflow/example_dags/example_xcomargs.py
[2023-06-06T08:10:45.924+0000] {logging_mixin.py:137} INFO - [2023-06-06T08:10:45.924+0000] {dag.py:2690} INFO - Sync 2 DAGs
[2023-06-06T08:10:45.942+0000] {logging_mixin.py:137} INFO - [2023-06-06T08:10:45.942+0000] {dag.py:3441} INFO - Setting next_dagrun for example_xcom_args to None, run_after=None
[2023-06-06T08:10:45.945+0000] {logging_mixin.py:137} INFO - [2023-06-06T08:10:45.945+0000] {dag.py:3441} INFO - Setting next_dagrun for example_xcom_args_with_operators to None, run_after=None
[2023-06-06T08:10:45.956+0000] {processor.py:175} INFO - Processing /home/airflow/.local/lib/python3.7/site-packages/airflow/example_dags/example_xcomargs.py took 0.087 seconds
[2023-06-06T09:33:27.504+0000] {processor.py:153} INFO - Started process (PID=31855) to work on /home/airflow/.local/lib/python3.7/site-packages/airflow/example_dags/example_xcomargs.py
[2023-06-06T09:33:27.506+0000] {processor.py:743} INFO - Processing file /home/airflow/.local/lib/python3.7/site-packages/airflow/example_dags/example_xcomargs.py for tasks to queue
[2023-06-06T09:33:27.507+0000] {logging_mixin.py:137} INFO - [2023-06-06T09:33:27.507+0000] {dagbag.py:538} INFO - Filling up the DagBag from /home/airflow/.local/lib/python3.7/site-packages/airflow/example_dags/example_xcomargs.py
[2023-06-06T09:33:27.527+0000] {processor.py:753} INFO - DAG(s) dict_keys(['example_xcom_args_with_operators', 'example_xcom_args']) retrieved from /home/airflow/.local/lib/python3.7/site-packages/airflow/example_dags/example_xcomargs.py
[2023-06-06T09:33:27.564+0000] {logging_mixin.py:137} INFO - [2023-06-06T09:33:27.564+0000] {dag.py:2690} INFO - Sync 2 DAGs
[2023-06-06T09:33:27.600+0000] {logging_mixin.py:137} INFO - [2023-06-06T09:33:27.600+0000] {dag.py:3441} INFO - Setting next_dagrun for example_xcom_args to None, run_after=None
[2023-06-06T09:33:27.604+0000] {logging_mixin.py:137} INFO - [2023-06-06T09:33:27.603+0000] {dag.py:3441} INFO - Setting next_dagrun for example_xcom_args_with_operators to None, run_after=None
[2023-06-06T09:33:27.617+0000] {processor.py:175} INFO - Processing /home/airflow/.local/lib/python3.7/site-packages/airflow/example_dags/example_xcomargs.py took 0.117 seconds
[2023-06-06T10:12:48.271+0000] {processor.py:153} INFO - Started process (PID=31938) to work on /home/airflow/.local/lib/python3.7/site-packages/airflow/example_dags/example_xcomargs.py
[2023-06-06T10:12:48.273+0000] {processor.py:743} INFO - Processing file /home/airflow/.local/lib/python3.7/site-packages/airflow/example_dags/example_xcomargs.py for tasks to queue
[2023-06-06T10:12:48.274+0000] {logging_mixin.py:137} INFO - [2023-06-06T10:12:48.274+0000] {dagbag.py:538} INFO - Filling up the DagBag from /home/airflow/.local/lib/python3.7/site-packages/airflow/example_dags/example_xcomargs.py
[2023-06-06T10:12:48.293+0000] {processor.py:753} INFO - DAG(s) dict_keys(['example_xcom_args', 'example_xcom_args_with_operators']) retrieved from /home/airflow/.local/lib/python3.7/site-packages/airflow/example_dags/example_xcomargs.py
[2023-06-06T10:12:48.319+0000] {logging_mixin.py:137} INFO - [2023-06-06T10:12:48.319+0000] {dag.py:2690} INFO - Sync 2 DAGs
[2023-06-06T10:12:48.347+0000] {logging_mixin.py:137} INFO - [2023-06-06T10:12:48.347+0000] {dag.py:3441} INFO - Setting next_dagrun for example_xcom_args to None, run_after=None
[2023-06-06T10:12:48.356+0000] {logging_mixin.py:137} INFO - [2023-06-06T10:12:48.356+0000] {dag.py:3441} INFO - Setting next_dagrun for example_xcom_args_with_operators to None, run_after=None
[2023-06-06T10:12:48.397+0000] {processor.py:175} INFO - Processing /home/airflow/.local/lib/python3.7/site-packages/airflow/example_dags/example_xcomargs.py took 0.128 seconds
[2023-06-06T10:13:18.720+0000] {processor.py:153} INFO - Started process (PID=32019) to work on /home/airflow/.local/lib/python3.7/site-packages/airflow/example_dags/example_xcomargs.py
[2023-06-06T10:13:18.723+0000] {processor.py:743} INFO - Processing file /home/airflow/.local/lib/python3.7/site-packages/airflow/example_dags/example_xcomargs.py for tasks to queue
[2023-06-06T10:13:18.725+0000] {logging_mixin.py:137} INFO - [2023-06-06T10:13:18.725+0000] {dagbag.py:538} INFO - Filling up the DagBag from /home/airflow/.local/lib/python3.7/site-packages/airflow/example_dags/example_xcomargs.py
[2023-06-06T10:13:18.749+0000] {processor.py:753} INFO - DAG(s) dict_keys(['example_xcom_args', 'example_xcom_args_with_operators']) retrieved from /home/airflow/.local/lib/python3.7/site-packages/airflow/example_dags/example_xcomargs.py
[2023-06-06T10:13:18.779+0000] {logging_mixin.py:137} INFO - [2023-06-06T10:13:18.779+0000] {dag.py:2690} INFO - Sync 2 DAGs
[2023-06-06T10:13:18.800+0000] {logging_mixin.py:137} INFO - [2023-06-06T10:13:18.800+0000] {dag.py:3441} INFO - Setting next_dagrun for example_xcom_args to None, run_after=None
[2023-06-06T10:13:18.804+0000] {logging_mixin.py:137} INFO - [2023-06-06T10:13:18.804+0000] {dag.py:3441} INFO - Setting next_dagrun for example_xcom_args_with_operators to None, run_after=None
[2023-06-06T10:13:18.825+0000] {processor.py:175} INFO - Processing /home/airflow/.local/lib/python3.7/site-packages/airflow/example_dags/example_xcomargs.py took 0.107 seconds
[2023-06-06T10:13:49.144+0000] {processor.py:153} INFO - Started process (PID=32093) to work on /home/airflow/.local/lib/python3.7/site-packages/airflow/example_dags/example_xcomargs.py
[2023-06-06T10:13:49.146+0000] {processor.py:743} INFO - Processing file /home/airflow/.local/lib/python3.7/site-packages/airflow/example_dags/example_xcomargs.py for tasks to queue
[2023-06-06T10:13:49.147+0000] {logging_mixin.py:137} INFO - [2023-06-06T10:13:49.147+0000] {dagbag.py:538} INFO - Filling up the DagBag from /home/airflow/.local/lib/python3.7/site-packages/airflow/example_dags/example_xcomargs.py
[2023-06-06T10:13:49.164+0000] {processor.py:753} INFO - DAG(s) dict_keys(['example_xcom_args_with_operators', 'example_xcom_args']) retrieved from /home/airflow/.local/lib/python3.7/site-packages/airflow/example_dags/example_xcomargs.py
[2023-06-06T10:13:49.189+0000] {logging_mixin.py:137} INFO - [2023-06-06T10:13:49.189+0000] {dag.py:2690} INFO - Sync 2 DAGs
[2023-06-06T10:13:49.207+0000] {logging_mixin.py:137} INFO - [2023-06-06T10:13:49.207+0000] {dag.py:3441} INFO - Setting next_dagrun for example_xcom_args to None, run_after=None
[2023-06-06T10:13:49.210+0000] {logging_mixin.py:137} INFO - [2023-06-06T10:13:49.210+0000] {dag.py:3441} INFO - Setting next_dagrun for example_xcom_args_with_operators to None, run_after=None
[2023-06-06T10:13:49.221+0000] {processor.py:175} INFO - Processing /home/airflow/.local/lib/python3.7/site-packages/airflow/example_dags/example_xcomargs.py took 0.081 seconds
[2023-06-06T10:14:20.233+0000] {processor.py:153} INFO - Started process (PID=32175) to work on /home/airflow/.local/lib/python3.7/site-packages/airflow/example_dags/example_xcomargs.py
[2023-06-06T10:14:20.235+0000] {processor.py:743} INFO - Processing file /home/airflow/.local/lib/python3.7/site-packages/airflow/example_dags/example_xcomargs.py for tasks to queue
[2023-06-06T10:14:20.236+0000] {logging_mixin.py:137} INFO - [2023-06-06T10:14:20.236+0000] {dagbag.py:538} INFO - Filling up the DagBag from /home/airflow/.local/lib/python3.7/site-packages/airflow/example_dags/example_xcomargs.py
[2023-06-06T10:14:20.257+0000] {processor.py:753} INFO - DAG(s) dict_keys(['example_xcom_args_with_operators', 'example_xcom_args']) retrieved from /home/airflow/.local/lib/python3.7/site-packages/airflow/example_dags/example_xcomargs.py
[2023-06-06T10:14:20.282+0000] {logging_mixin.py:137} INFO - [2023-06-06T10:14:20.282+0000] {dag.py:2690} INFO - Sync 2 DAGs
[2023-06-06T10:14:20.298+0000] {logging_mixin.py:137} INFO - [2023-06-06T10:14:20.298+0000] {dag.py:3441} INFO - Setting next_dagrun for example_xcom_args to None, run_after=None
[2023-06-06T10:14:20.301+0000] {logging_mixin.py:137} INFO - [2023-06-06T10:14:20.301+0000] {dag.py:3441} INFO - Setting next_dagrun for example_xcom_args_with_operators to None, run_after=None
[2023-06-06T10:14:20.313+0000] {processor.py:175} INFO - Processing /home/airflow/.local/lib/python3.7/site-packages/airflow/example_dags/example_xcomargs.py took 0.083 seconds
[2023-06-06T10:14:51.782+0000] {processor.py:153} INFO - Started process (PID=32257) to work on /home/airflow/.local/lib/python3.7/site-packages/airflow/example_dags/example_xcomargs.py
[2023-06-06T10:14:51.784+0000] {processor.py:743} INFO - Processing file /home/airflow/.local/lib/python3.7/site-packages/airflow/example_dags/example_xcomargs.py for tasks to queue
[2023-06-06T10:14:51.786+0000] {logging_mixin.py:137} INFO - [2023-06-06T10:14:51.786+0000] {dagbag.py:538} INFO - Filling up the DagBag from /home/airflow/.local/lib/python3.7/site-packages/airflow/example_dags/example_xcomargs.py
[2023-06-06T10:14:51.810+0000] {processor.py:753} INFO - DAG(s) dict_keys(['example_xcom_args', 'example_xcom_args_with_operators']) retrieved from /home/airflow/.local/lib/python3.7/site-packages/airflow/example_dags/example_xcomargs.py
[2023-06-06T10:14:51.860+0000] {logging_mixin.py:137} INFO - [2023-06-06T10:14:51.860+0000] {dag.py:2690} INFO - Sync 2 DAGs
[2023-06-06T10:14:51.887+0000] {logging_mixin.py:137} INFO - [2023-06-06T10:14:51.887+0000] {dag.py:3441} INFO - Setting next_dagrun for example_xcom_args to None, run_after=None
[2023-06-06T10:14:51.893+0000] {logging_mixin.py:137} INFO - [2023-06-06T10:14:51.893+0000] {dag.py:3441} INFO - Setting next_dagrun for example_xcom_args_with_operators to None, run_after=None
[2023-06-06T10:14:51.916+0000] {processor.py:175} INFO - Processing /home/airflow/.local/lib/python3.7/site-packages/airflow/example_dags/example_xcomargs.py took 0.138 seconds
[2023-06-06T10:15:21.989+0000] {processor.py:153} INFO - Started process (PID=32329) to work on /home/airflow/.local/lib/python3.7/site-packages/airflow/example_dags/example_xcomargs.py
[2023-06-06T10:15:21.991+0000] {processor.py:743} INFO - Processing file /home/airflow/.local/lib/python3.7/site-packages/airflow/example_dags/example_xcomargs.py for tasks to queue
[2023-06-06T10:15:21.993+0000] {logging_mixin.py:137} INFO - [2023-06-06T10:15:21.993+0000] {dagbag.py:538} INFO - Filling up the DagBag from /home/airflow/.local/lib/python3.7/site-packages/airflow/example_dags/example_xcomargs.py
[2023-06-06T10:15:22.013+0000] {processor.py:753} INFO - DAG(s) dict_keys(['example_xcom_args_with_operators', 'example_xcom_args']) retrieved from /home/airflow/.local/lib/python3.7/site-packages/airflow/example_dags/example_xcomargs.py
[2023-06-06T10:15:22.039+0000] {logging_mixin.py:137} INFO - [2023-06-06T10:15:22.039+0000] {dag.py:2690} INFO - Sync 2 DAGs
[2023-06-06T10:15:22.055+0000] {logging_mixin.py:137} INFO - [2023-06-06T10:15:22.055+0000] {dag.py:3441} INFO - Setting next_dagrun for example_xcom_args to None, run_after=None
[2023-06-06T10:15:22.058+0000] {logging_mixin.py:137} INFO - [2023-06-06T10:15:22.058+0000] {dag.py:3441} INFO - Setting next_dagrun for example_xcom_args_with_operators to None, run_after=None
[2023-06-06T10:15:22.068+0000] {processor.py:175} INFO - Processing /home/airflow/.local/lib/python3.7/site-packages/airflow/example_dags/example_xcomargs.py took 0.082 seconds
[2023-06-06T10:15:53.293+0000] {processor.py:153} INFO - Started process (PID=32411) to work on /home/airflow/.local/lib/python3.7/site-packages/airflow/example_dags/example_xcomargs.py
[2023-06-06T10:15:53.295+0000] {processor.py:743} INFO - Processing file /home/airflow/.local/lib/python3.7/site-packages/airflow/example_dags/example_xcomargs.py for tasks to queue
[2023-06-06T10:15:53.296+0000] {logging_mixin.py:137} INFO - [2023-06-06T10:15:53.296+0000] {dagbag.py:538} INFO - Filling up the DagBag from /home/airflow/.local/lib/python3.7/site-packages/airflow/example_dags/example_xcomargs.py
[2023-06-06T10:15:53.317+0000] {processor.py:753} INFO - DAG(s) dict_keys(['example_xcom_args', 'example_xcom_args_with_operators']) retrieved from /home/airflow/.local/lib/python3.7/site-packages/airflow/example_dags/example_xcomargs.py
[2023-06-06T10:15:53.344+0000] {logging_mixin.py:137} INFO - [2023-06-06T10:15:53.344+0000] {dag.py:2690} INFO - Sync 2 DAGs
[2023-06-06T10:15:53.362+0000] {logging_mixin.py:137} INFO - [2023-06-06T10:15:53.362+0000] {dag.py:3441} INFO - Setting next_dagrun for example_xcom_args to None, run_after=None
[2023-06-06T10:15:53.365+0000] {logging_mixin.py:137} INFO - [2023-06-06T10:15:53.365+0000] {dag.py:3441} INFO - Setting next_dagrun for example_xcom_args_with_operators to None, run_after=None
[2023-06-06T10:15:53.376+0000] {processor.py:175} INFO - Processing /home/airflow/.local/lib/python3.7/site-packages/airflow/example_dags/example_xcomargs.py took 0.086 seconds
[2023-06-06T10:24:56.457+0000] {processor.py:153} INFO - Started process (PID=32482) to work on /home/airflow/.local/lib/python3.7/site-packages/airflow/example_dags/example_xcomargs.py
[2023-06-06T10:24:56.458+0000] {processor.py:743} INFO - Processing file /home/airflow/.local/lib/python3.7/site-packages/airflow/example_dags/example_xcomargs.py for tasks to queue
[2023-06-06T10:24:56.459+0000] {logging_mixin.py:137} INFO - [2023-06-06T10:24:56.459+0000] {dagbag.py:538} INFO - Filling up the DagBag from /home/airflow/.local/lib/python3.7/site-packages/airflow/example_dags/example_xcomargs.py
[2023-06-06T10:24:56.477+0000] {processor.py:753} INFO - DAG(s) dict_keys(['example_xcom_args', 'example_xcom_args_with_operators']) retrieved from /home/airflow/.local/lib/python3.7/site-packages/airflow/example_dags/example_xcomargs.py
[2023-06-06T10:24:56.501+0000] {logging_mixin.py:137} INFO - [2023-06-06T10:24:56.500+0000] {dag.py:2690} INFO - Sync 2 DAGs
[2023-06-06T10:24:56.518+0000] {logging_mixin.py:137} INFO - [2023-06-06T10:24:56.518+0000] {dag.py:3441} INFO - Setting next_dagrun for example_xcom_args to None, run_after=None
[2023-06-06T10:24:56.521+0000] {logging_mixin.py:137} INFO - [2023-06-06T10:24:56.521+0000] {dag.py:3441} INFO - Setting next_dagrun for example_xcom_args_with_operators to None, run_after=None
[2023-06-06T10:24:56.531+0000] {processor.py:175} INFO - Processing /home/airflow/.local/lib/python3.7/site-packages/airflow/example_dags/example_xcomargs.py took 0.078 seconds
[2023-06-06T10:25:26.805+0000] {processor.py:153} INFO - Started process (PID=32565) to work on /home/airflow/.local/lib/python3.7/site-packages/airflow/example_dags/example_xcomargs.py
[2023-06-06T10:25:26.807+0000] {processor.py:743} INFO - Processing file /home/airflow/.local/lib/python3.7/site-packages/airflow/example_dags/example_xcomargs.py for tasks to queue
[2023-06-06T10:25:26.808+0000] {logging_mixin.py:137} INFO - [2023-06-06T10:25:26.808+0000] {dagbag.py:538} INFO - Filling up the DagBag from /home/airflow/.local/lib/python3.7/site-packages/airflow/example_dags/example_xcomargs.py
[2023-06-06T10:25:26.826+0000] {processor.py:753} INFO - DAG(s) dict_keys(['example_xcom_args', 'example_xcom_args_with_operators']) retrieved from /home/airflow/.local/lib/python3.7/site-packages/airflow/example_dags/example_xcomargs.py
[2023-06-06T10:25:26.849+0000] {logging_mixin.py:137} INFO - [2023-06-06T10:25:26.849+0000] {dag.py:2690} INFO - Sync 2 DAGs
[2023-06-06T10:25:26.866+0000] {logging_mixin.py:137} INFO - [2023-06-06T10:25:26.866+0000] {dag.py:3441} INFO - Setting next_dagrun for example_xcom_args to None, run_after=None
[2023-06-06T10:25:26.870+0000] {logging_mixin.py:137} INFO - [2023-06-06T10:25:26.870+0000] {dag.py:3441} INFO - Setting next_dagrun for example_xcom_args_with_operators to None, run_after=None
[2023-06-06T10:25:26.886+0000] {processor.py:175} INFO - Processing /home/airflow/.local/lib/python3.7/site-packages/airflow/example_dags/example_xcomargs.py took 0.083 seconds
[2023-06-06T10:25:57.240+0000] {processor.py:153} INFO - Started process (PID=32636) to work on /home/airflow/.local/lib/python3.7/site-packages/airflow/example_dags/example_xcomargs.py
[2023-06-06T10:25:57.242+0000] {processor.py:743} INFO - Processing file /home/airflow/.local/lib/python3.7/site-packages/airflow/example_dags/example_xcomargs.py for tasks to queue
[2023-06-06T10:25:57.245+0000] {logging_mixin.py:137} INFO - [2023-06-06T10:25:57.245+0000] {dagbag.py:538} INFO - Filling up the DagBag from /home/airflow/.local/lib/python3.7/site-packages/airflow/example_dags/example_xcomargs.py
[2023-06-06T10:25:57.262+0000] {processor.py:753} INFO - DAG(s) dict_keys(['example_xcom_args', 'example_xcom_args_with_operators']) retrieved from /home/airflow/.local/lib/python3.7/site-packages/airflow/example_dags/example_xcomargs.py
[2023-06-06T10:25:57.287+0000] {logging_mixin.py:137} INFO - [2023-06-06T10:25:57.287+0000] {dag.py:2690} INFO - Sync 2 DAGs
[2023-06-06T10:25:57.308+0000] {logging_mixin.py:137} INFO - [2023-06-06T10:25:57.308+0000] {dag.py:3441} INFO - Setting next_dagrun for example_xcom_args to None, run_after=None
[2023-06-06T10:25:57.311+0000] {logging_mixin.py:137} INFO - [2023-06-06T10:25:57.311+0000] {dag.py:3441} INFO - Setting next_dagrun for example_xcom_args_with_operators to None, run_after=None
[2023-06-06T10:25:57.322+0000] {processor.py:175} INFO - Processing /home/airflow/.local/lib/python3.7/site-packages/airflow/example_dags/example_xcomargs.py took 0.085 seconds
[2023-06-06T10:26:27.942+0000] {processor.py:153} INFO - Started process (PID=32720) to work on /home/airflow/.local/lib/python3.7/site-packages/airflow/example_dags/example_xcomargs.py
[2023-06-06T10:26:27.944+0000] {processor.py:743} INFO - Processing file /home/airflow/.local/lib/python3.7/site-packages/airflow/example_dags/example_xcomargs.py for tasks to queue
[2023-06-06T10:26:27.945+0000] {logging_mixin.py:137} INFO - [2023-06-06T10:26:27.945+0000] {dagbag.py:538} INFO - Filling up the DagBag from /home/airflow/.local/lib/python3.7/site-packages/airflow/example_dags/example_xcomargs.py
[2023-06-06T10:26:27.970+0000] {processor.py:753} INFO - DAG(s) dict_keys(['example_xcom_args_with_operators', 'example_xcom_args']) retrieved from /home/airflow/.local/lib/python3.7/site-packages/airflow/example_dags/example_xcomargs.py
[2023-06-06T10:26:28.003+0000] {logging_mixin.py:137} INFO - [2023-06-06T10:26:28.003+0000] {dag.py:2690} INFO - Sync 2 DAGs
[2023-06-06T10:26:28.028+0000] {logging_mixin.py:137} INFO - [2023-06-06T10:26:28.028+0000] {dag.py:3441} INFO - Setting next_dagrun for example_xcom_args to None, run_after=None
[2023-06-06T10:26:28.034+0000] {logging_mixin.py:137} INFO - [2023-06-06T10:26:28.033+0000] {dag.py:3441} INFO - Setting next_dagrun for example_xcom_args_with_operators to None, run_after=None
[2023-06-06T10:26:28.058+0000] {processor.py:175} INFO - Processing /home/airflow/.local/lib/python3.7/site-packages/airflow/example_dags/example_xcomargs.py took 0.119 seconds
[2023-06-06T10:26:58.643+0000] {processor.py:153} INFO - Started process (PID=32804) to work on /home/airflow/.local/lib/python3.7/site-packages/airflow/example_dags/example_xcomargs.py
[2023-06-06T10:26:58.645+0000] {processor.py:743} INFO - Processing file /home/airflow/.local/lib/python3.7/site-packages/airflow/example_dags/example_xcomargs.py for tasks to queue
[2023-06-06T10:26:58.646+0000] {logging_mixin.py:137} INFO - [2023-06-06T10:26:58.646+0000] {dagbag.py:538} INFO - Filling up the DagBag from /home/airflow/.local/lib/python3.7/site-packages/airflow/example_dags/example_xcomargs.py
[2023-06-06T10:26:58.672+0000] {processor.py:753} INFO - DAG(s) dict_keys(['example_xcom_args', 'example_xcom_args_with_operators']) retrieved from /home/airflow/.local/lib/python3.7/site-packages/airflow/example_dags/example_xcomargs.py
[2023-06-06T10:26:58.701+0000] {logging_mixin.py:137} INFO - [2023-06-06T10:26:58.701+0000] {dag.py:2690} INFO - Sync 2 DAGs
[2023-06-06T10:26:58.721+0000] {logging_mixin.py:137} INFO - [2023-06-06T10:26:58.721+0000] {dag.py:3441} INFO - Setting next_dagrun for example_xcom_args to None, run_after=None
[2023-06-06T10:26:58.725+0000] {logging_mixin.py:137} INFO - [2023-06-06T10:26:58.725+0000] {dag.py:3441} INFO - Setting next_dagrun for example_xcom_args_with_operators to None, run_after=None
[2023-06-06T10:26:58.740+0000] {processor.py:175} INFO - Processing /home/airflow/.local/lib/python3.7/site-packages/airflow/example_dags/example_xcomargs.py took 0.100 seconds
[2023-06-06T11:23:23.217+0000] {processor.py:153} INFO - Started process (PID=32875) to work on /home/airflow/.local/lib/python3.7/site-packages/airflow/example_dags/example_xcomargs.py
[2023-06-06T11:23:23.219+0000] {processor.py:743} INFO - Processing file /home/airflow/.local/lib/python3.7/site-packages/airflow/example_dags/example_xcomargs.py for tasks to queue
[2023-06-06T11:23:23.220+0000] {logging_mixin.py:137} INFO - [2023-06-06T11:23:23.220+0000] {dagbag.py:538} INFO - Filling up the DagBag from /home/airflow/.local/lib/python3.7/site-packages/airflow/example_dags/example_xcomargs.py
[2023-06-06T11:23:23.239+0000] {processor.py:753} INFO - DAG(s) dict_keys(['example_xcom_args_with_operators', 'example_xcom_args']) retrieved from /home/airflow/.local/lib/python3.7/site-packages/airflow/example_dags/example_xcomargs.py
[2023-06-06T11:23:23.263+0000] {logging_mixin.py:137} INFO - [2023-06-06T11:23:23.263+0000] {dag.py:2690} INFO - Sync 2 DAGs
[2023-06-06T11:23:23.281+0000] {logging_mixin.py:137} INFO - [2023-06-06T11:23:23.281+0000] {dag.py:3441} INFO - Setting next_dagrun for example_xcom_args to None, run_after=None
[2023-06-06T11:23:23.284+0000] {logging_mixin.py:137} INFO - [2023-06-06T11:23:23.284+0000] {dag.py:3441} INFO - Setting next_dagrun for example_xcom_args_with_operators to None, run_after=None
[2023-06-06T11:23:23.298+0000] {processor.py:175} INFO - Processing /home/airflow/.local/lib/python3.7/site-packages/airflow/example_dags/example_xcomargs.py took 0.085 seconds
[2023-06-06T12:30:53.457+0000] {processor.py:153} INFO - Started process (PID=32957) to work on /home/airflow/.local/lib/python3.7/site-packages/airflow/example_dags/example_xcomargs.py
[2023-06-06T12:30:53.459+0000] {processor.py:743} INFO - Processing file /home/airflow/.local/lib/python3.7/site-packages/airflow/example_dags/example_xcomargs.py for tasks to queue
[2023-06-06T12:30:53.460+0000] {logging_mixin.py:137} INFO - [2023-06-06T12:30:53.460+0000] {dagbag.py:538} INFO - Filling up the DagBag from /home/airflow/.local/lib/python3.7/site-packages/airflow/example_dags/example_xcomargs.py
[2023-06-06T12:30:53.479+0000] {processor.py:753} INFO - DAG(s) dict_keys(['example_xcom_args', 'example_xcom_args_with_operators']) retrieved from /home/airflow/.local/lib/python3.7/site-packages/airflow/example_dags/example_xcomargs.py
[2023-06-06T12:30:53.503+0000] {logging_mixin.py:137} INFO - [2023-06-06T12:30:53.503+0000] {dag.py:2690} INFO - Sync 2 DAGs
[2023-06-06T12:30:53.521+0000] {logging_mixin.py:137} INFO - [2023-06-06T12:30:53.521+0000] {dag.py:3441} INFO - Setting next_dagrun for example_xcom_args to None, run_after=None
[2023-06-06T12:30:53.524+0000] {logging_mixin.py:137} INFO - [2023-06-06T12:30:53.524+0000] {dag.py:3441} INFO - Setting next_dagrun for example_xcom_args_with_operators to None, run_after=None
[2023-06-06T12:30:53.537+0000] {processor.py:175} INFO - Processing /home/airflow/.local/lib/python3.7/site-packages/airflow/example_dags/example_xcomargs.py took 0.084 seconds
[2023-06-06T13:55:37.173+0000] {processor.py:153} INFO - Started process (PID=33029) to work on /home/airflow/.local/lib/python3.7/site-packages/airflow/example_dags/example_xcomargs.py
[2023-06-06T13:55:37.175+0000] {processor.py:743} INFO - Processing file /home/airflow/.local/lib/python3.7/site-packages/airflow/example_dags/example_xcomargs.py for tasks to queue
[2023-06-06T13:55:37.176+0000] {logging_mixin.py:137} INFO - [2023-06-06T13:55:37.176+0000] {dagbag.py:538} INFO - Filling up the DagBag from /home/airflow/.local/lib/python3.7/site-packages/airflow/example_dags/example_xcomargs.py
[2023-06-06T13:55:37.192+0000] {processor.py:753} INFO - DAG(s) dict_keys(['example_xcom_args', 'example_xcom_args_with_operators']) retrieved from /home/airflow/.local/lib/python3.7/site-packages/airflow/example_dags/example_xcomargs.py
[2023-06-06T13:55:37.216+0000] {logging_mixin.py:137} INFO - [2023-06-06T13:55:37.216+0000] {dag.py:2690} INFO - Sync 2 DAGs
[2023-06-06T13:55:37.232+0000] {logging_mixin.py:137} INFO - [2023-06-06T13:55:37.232+0000] {dag.py:3441} INFO - Setting next_dagrun for example_xcom_args to None, run_after=None
[2023-06-06T13:55:37.236+0000] {logging_mixin.py:137} INFO - [2023-06-06T13:55:37.236+0000] {dag.py:3441} INFO - Setting next_dagrun for example_xcom_args_with_operators to None, run_after=None
[2023-06-06T13:55:37.246+0000] {processor.py:175} INFO - Processing /home/airflow/.local/lib/python3.7/site-packages/airflow/example_dags/example_xcomargs.py took 0.078 seconds
[2023-06-06T15:19:52.191+0000] {processor.py:153} INFO - Started process (PID=33112) to work on /home/airflow/.local/lib/python3.7/site-packages/airflow/example_dags/example_xcomargs.py
[2023-06-06T15:19:52.193+0000] {processor.py:743} INFO - Processing file /home/airflow/.local/lib/python3.7/site-packages/airflow/example_dags/example_xcomargs.py for tasks to queue
[2023-06-06T15:19:52.194+0000] {logging_mixin.py:137} INFO - [2023-06-06T15:19:52.194+0000] {dagbag.py:538} INFO - Filling up the DagBag from /home/airflow/.local/lib/python3.7/site-packages/airflow/example_dags/example_xcomargs.py
[2023-06-06T15:19:52.212+0000] {processor.py:753} INFO - DAG(s) dict_keys(['example_xcom_args', 'example_xcom_args_with_operators']) retrieved from /home/airflow/.local/lib/python3.7/site-packages/airflow/example_dags/example_xcomargs.py
[2023-06-06T15:19:52.241+0000] {logging_mixin.py:137} INFO - [2023-06-06T15:19:52.241+0000] {dag.py:2690} INFO - Sync 2 DAGs
[2023-06-06T15:19:52.260+0000] {logging_mixin.py:137} INFO - [2023-06-06T15:19:52.260+0000] {dag.py:3441} INFO - Setting next_dagrun for example_xcom_args to None, run_after=None
[2023-06-06T15:19:52.264+0000] {logging_mixin.py:137} INFO - [2023-06-06T15:19:52.263+0000] {dag.py:3441} INFO - Setting next_dagrun for example_xcom_args_with_operators to None, run_after=None
[2023-06-06T15:19:52.275+0000] {processor.py:175} INFO - Processing /home/airflow/.local/lib/python3.7/site-packages/airflow/example_dags/example_xcomargs.py took 0.088 seconds
[2023-06-06T16:41:27.888+0000] {processor.py:153} INFO - Started process (PID=33182) to work on /home/airflow/.local/lib/python3.7/site-packages/airflow/example_dags/example_xcomargs.py
[2023-06-06T16:41:27.891+0000] {processor.py:743} INFO - Processing file /home/airflow/.local/lib/python3.7/site-packages/airflow/example_dags/example_xcomargs.py for tasks to queue
[2023-06-06T16:41:27.909+0000] {logging_mixin.py:137} INFO - [2023-06-06T16:41:27.908+0000] {dagbag.py:538} INFO - Filling up the DagBag from /home/airflow/.local/lib/python3.7/site-packages/airflow/example_dags/example_xcomargs.py
[2023-06-06T16:41:27.947+0000] {processor.py:753} INFO - DAG(s) dict_keys(['example_xcom_args', 'example_xcom_args_with_operators']) retrieved from /home/airflow/.local/lib/python3.7/site-packages/airflow/example_dags/example_xcomargs.py
[2023-06-06T16:41:27.977+0000] {logging_mixin.py:137} INFO - [2023-06-06T16:41:27.977+0000] {dag.py:2690} INFO - Sync 2 DAGs
[2023-06-06T16:41:28.014+0000] {logging_mixin.py:137} INFO - [2023-06-06T16:41:28.014+0000] {dag.py:3441} INFO - Setting next_dagrun for example_xcom_args to None, run_after=None
[2023-06-06T16:41:28.026+0000] {logging_mixin.py:137} INFO - [2023-06-06T16:41:28.026+0000] {dag.py:3441} INFO - Setting next_dagrun for example_xcom_args_with_operators to None, run_after=None
[2023-06-06T16:41:28.054+0000] {processor.py:175} INFO - Processing /home/airflow/.local/lib/python3.7/site-packages/airflow/example_dags/example_xcomargs.py took 0.170 seconds
[2023-06-06T18:05:17.469+0000] {processor.py:153} INFO - Started process (PID=33265) to work on /home/airflow/.local/lib/python3.7/site-packages/airflow/example_dags/example_xcomargs.py
[2023-06-06T18:05:17.470+0000] {processor.py:743} INFO - Processing file /home/airflow/.local/lib/python3.7/site-packages/airflow/example_dags/example_xcomargs.py for tasks to queue
[2023-06-06T18:05:17.471+0000] {logging_mixin.py:137} INFO - [2023-06-06T18:05:17.471+0000] {dagbag.py:538} INFO - Filling up the DagBag from /home/airflow/.local/lib/python3.7/site-packages/airflow/example_dags/example_xcomargs.py
[2023-06-06T18:05:17.492+0000] {processor.py:753} INFO - DAG(s) dict_keys(['example_xcom_args_with_operators', 'example_xcom_args']) retrieved from /home/airflow/.local/lib/python3.7/site-packages/airflow/example_dags/example_xcomargs.py
[2023-06-06T18:05:17.516+0000] {logging_mixin.py:137} INFO - [2023-06-06T18:05:17.516+0000] {dag.py:2690} INFO - Sync 2 DAGs
[2023-06-06T18:05:17.532+0000] {logging_mixin.py:137} INFO - [2023-06-06T18:05:17.532+0000] {dag.py:3441} INFO - Setting next_dagrun for example_xcom_args to None, run_after=None
[2023-06-06T18:05:17.535+0000] {logging_mixin.py:137} INFO - [2023-06-06T18:05:17.535+0000] {dag.py:3441} INFO - Setting next_dagrun for example_xcom_args_with_operators to None, run_after=None
[2023-06-06T18:05:17.546+0000] {processor.py:175} INFO - Processing /home/airflow/.local/lib/python3.7/site-packages/airflow/example_dags/example_xcomargs.py took 0.081 seconds
[2023-06-06T19:27:20.224+0000] {processor.py:153} INFO - Started process (PID=33348) to work on /home/airflow/.local/lib/python3.7/site-packages/airflow/example_dags/example_xcomargs.py
[2023-06-06T19:27:20.226+0000] {processor.py:743} INFO - Processing file /home/airflow/.local/lib/python3.7/site-packages/airflow/example_dags/example_xcomargs.py for tasks to queue
[2023-06-06T19:27:20.227+0000] {logging_mixin.py:137} INFO - [2023-06-06T19:27:20.226+0000] {dagbag.py:538} INFO - Filling up the DagBag from /home/airflow/.local/lib/python3.7/site-packages/airflow/example_dags/example_xcomargs.py
[2023-06-06T19:27:20.243+0000] {processor.py:753} INFO - DAG(s) dict_keys(['example_xcom_args', 'example_xcom_args_with_operators']) retrieved from /home/airflow/.local/lib/python3.7/site-packages/airflow/example_dags/example_xcomargs.py
[2023-06-06T19:27:20.272+0000] {logging_mixin.py:137} INFO - [2023-06-06T19:27:20.272+0000] {dag.py:2690} INFO - Sync 2 DAGs
[2023-06-06T19:27:20.291+0000] {logging_mixin.py:137} INFO - [2023-06-06T19:27:20.291+0000] {dag.py:3441} INFO - Setting next_dagrun for example_xcom_args to None, run_after=None
[2023-06-06T19:27:20.294+0000] {logging_mixin.py:137} INFO - [2023-06-06T19:27:20.294+0000] {dag.py:3441} INFO - Setting next_dagrun for example_xcom_args_with_operators to None, run_after=None
[2023-06-06T19:27:20.306+0000] {processor.py:175} INFO - Processing /home/airflow/.local/lib/python3.7/site-packages/airflow/example_dags/example_xcomargs.py took 0.086 seconds
[2023-06-06T20:45:47.210+0000] {processor.py:153} INFO - Started process (PID=33420) to work on /home/airflow/.local/lib/python3.7/site-packages/airflow/example_dags/example_xcomargs.py
[2023-06-06T20:45:47.212+0000] {processor.py:743} INFO - Processing file /home/airflow/.local/lib/python3.7/site-packages/airflow/example_dags/example_xcomargs.py for tasks to queue
[2023-06-06T20:45:47.213+0000] {logging_mixin.py:137} INFO - [2023-06-06T20:45:47.213+0000] {dagbag.py:538} INFO - Filling up the DagBag from /home/airflow/.local/lib/python3.7/site-packages/airflow/example_dags/example_xcomargs.py
[2023-06-06T20:45:47.232+0000] {processor.py:753} INFO - DAG(s) dict_keys(['example_xcom_args_with_operators', 'example_xcom_args']) retrieved from /home/airflow/.local/lib/python3.7/site-packages/airflow/example_dags/example_xcomargs.py
[2023-06-06T20:45:47.260+0000] {logging_mixin.py:137} INFO - [2023-06-06T20:45:47.259+0000] {dag.py:2690} INFO - Sync 2 DAGs
[2023-06-06T20:45:47.277+0000] {logging_mixin.py:137} INFO - [2023-06-06T20:45:47.277+0000] {dag.py:3441} INFO - Setting next_dagrun for example_xcom_args to None, run_after=None
[2023-06-06T20:45:47.280+0000] {logging_mixin.py:137} INFO - [2023-06-06T20:45:47.280+0000] {dag.py:3441} INFO - Setting next_dagrun for example_xcom_args_with_operators to None, run_after=None
[2023-06-06T20:45:47.292+0000] {processor.py:175} INFO - Processing /home/airflow/.local/lib/python3.7/site-packages/airflow/example_dags/example_xcomargs.py took 0.085 seconds
[2023-06-06T22:08:31.251+0000] {processor.py:153} INFO - Started process (PID=33503) to work on /home/airflow/.local/lib/python3.7/site-packages/airflow/example_dags/example_xcomargs.py
[2023-06-06T22:08:31.254+0000] {processor.py:743} INFO - Processing file /home/airflow/.local/lib/python3.7/site-packages/airflow/example_dags/example_xcomargs.py for tasks to queue
[2023-06-06T22:08:31.255+0000] {logging_mixin.py:137} INFO - [2023-06-06T22:08:31.255+0000] {dagbag.py:538} INFO - Filling up the DagBag from /home/airflow/.local/lib/python3.7/site-packages/airflow/example_dags/example_xcomargs.py
[2023-06-06T22:08:31.273+0000] {processor.py:753} INFO - DAG(s) dict_keys(['example_xcom_args_with_operators', 'example_xcom_args']) retrieved from /home/airflow/.local/lib/python3.7/site-packages/airflow/example_dags/example_xcomargs.py
[2023-06-06T22:08:31.298+0000] {logging_mixin.py:137} INFO - [2023-06-06T22:08:31.297+0000] {dag.py:2690} INFO - Sync 2 DAGs
[2023-06-06T22:08:31.314+0000] {logging_mixin.py:137} INFO - [2023-06-06T22:08:31.314+0000] {dag.py:3441} INFO - Setting next_dagrun for example_xcom_args to None, run_after=None
[2023-06-06T22:08:31.318+0000] {logging_mixin.py:137} INFO - [2023-06-06T22:08:31.318+0000] {dag.py:3441} INFO - Setting next_dagrun for example_xcom_args_with_operators to None, run_after=None
[2023-06-06T22:08:31.328+0000] {processor.py:175} INFO - Processing /home/airflow/.local/lib/python3.7/site-packages/airflow/example_dags/example_xcomargs.py took 0.081 seconds
[2023-06-06T23:29:33.808+0000] {processor.py:153} INFO - Started process (PID=33574) to work on /home/airflow/.local/lib/python3.7/site-packages/airflow/example_dags/example_xcomargs.py
[2023-06-06T23:29:33.810+0000] {processor.py:743} INFO - Processing file /home/airflow/.local/lib/python3.7/site-packages/airflow/example_dags/example_xcomargs.py for tasks to queue
[2023-06-06T23:29:33.811+0000] {logging_mixin.py:137} INFO - [2023-06-06T23:29:33.811+0000] {dagbag.py:538} INFO - Filling up the DagBag from /home/airflow/.local/lib/python3.7/site-packages/airflow/example_dags/example_xcomargs.py
[2023-06-06T23:29:33.830+0000] {processor.py:753} INFO - DAG(s) dict_keys(['example_xcom_args', 'example_xcom_args_with_operators']) retrieved from /home/airflow/.local/lib/python3.7/site-packages/airflow/example_dags/example_xcomargs.py
[2023-06-06T23:29:33.857+0000] {logging_mixin.py:137} INFO - [2023-06-06T23:29:33.857+0000] {dag.py:2690} INFO - Sync 2 DAGs
[2023-06-06T23:29:33.882+0000] {logging_mixin.py:137} INFO - [2023-06-06T23:29:33.882+0000] {dag.py:3441} INFO - Setting next_dagrun for example_xcom_args to None, run_after=None
[2023-06-06T23:29:33.885+0000] {logging_mixin.py:137} INFO - [2023-06-06T23:29:33.885+0000] {dag.py:3441} INFO - Setting next_dagrun for example_xcom_args_with_operators to None, run_after=None
[2023-06-06T23:29:33.897+0000] {processor.py:175} INFO - Processing /home/airflow/.local/lib/python3.7/site-packages/airflow/example_dags/example_xcomargs.py took 0.092 seconds
