[2023-06-06T01:01:22.725+0000] {processor.py:153} INFO - Started process (PID=31393) to work on /home/airflow/.local/lib/python3.7/site-packages/airflow/example_dags/tutorial_taskflow_api.py
[2023-06-06T01:01:22.727+0000] {processor.py:743} INFO - Processing file /home/airflow/.local/lib/python3.7/site-packages/airflow/example_dags/tutorial_taskflow_api.py for tasks to queue
[2023-06-06T01:01:22.729+0000] {logging_mixin.py:137} INFO - [2023-06-06T01:01:22.729+0000] {dagbag.py:538} INFO - Filling up the DagBag from /home/airflow/.local/lib/python3.7/site-packages/airflow/example_dags/tutorial_taskflow_api.py
[2023-06-06T01:01:22.752+0000] {processor.py:753} INFO - DAG(s) dict_keys(['tutorial_taskflow_api']) retrieved from /home/airflow/.local/lib/python3.7/site-packages/airflow/example_dags/tutorial_taskflow_api.py
[2023-06-06T01:01:22.795+0000] {logging_mixin.py:137} INFO - [2023-06-06T01:01:22.795+0000] {dag.py:2690} INFO - Sync 1 DAGs
[2023-06-06T01:01:22.821+0000] {logging_mixin.py:137} INFO - [2023-06-06T01:01:22.821+0000] {dag.py:3441} INFO - Setting next_dagrun for tutorial_taskflow_api to None, run_after=None
[2023-06-06T01:01:22.842+0000] {processor.py:175} INFO - Processing /home/airflow/.local/lib/python3.7/site-packages/airflow/example_dags/tutorial_taskflow_api.py took 0.123 seconds
[2023-06-06T02:41:18.966+0000] {processor.py:153} INFO - Started process (PID=31477) to work on /home/airflow/.local/lib/python3.7/site-packages/airflow/example_dags/tutorial_taskflow_api.py
[2023-06-06T02:41:18.968+0000] {processor.py:743} INFO - Processing file /home/airflow/.local/lib/python3.7/site-packages/airflow/example_dags/tutorial_taskflow_api.py for tasks to queue
[2023-06-06T02:41:18.969+0000] {logging_mixin.py:137} INFO - [2023-06-06T02:41:18.969+0000] {dagbag.py:538} INFO - Filling up the DagBag from /home/airflow/.local/lib/python3.7/site-packages/airflow/example_dags/tutorial_taskflow_api.py
[2023-06-06T02:41:18.987+0000] {processor.py:753} INFO - DAG(s) dict_keys(['tutorial_taskflow_api']) retrieved from /home/airflow/.local/lib/python3.7/site-packages/airflow/example_dags/tutorial_taskflow_api.py
[2023-06-06T02:41:19.012+0000] {logging_mixin.py:137} INFO - [2023-06-06T02:41:19.012+0000] {dag.py:2690} INFO - Sync 1 DAGs
[2023-06-06T02:41:19.032+0000] {logging_mixin.py:137} INFO - [2023-06-06T02:41:19.032+0000] {dag.py:3441} INFO - Setting next_dagrun for tutorial_taskflow_api to None, run_after=None
[2023-06-06T02:41:19.077+0000] {processor.py:175} INFO - Processing /home/airflow/.local/lib/python3.7/site-packages/airflow/example_dags/tutorial_taskflow_api.py took 0.116 seconds
[2023-06-06T04:18:18.486+0000] {processor.py:153} INFO - Started process (PID=31548) to work on /home/airflow/.local/lib/python3.7/site-packages/airflow/example_dags/tutorial_taskflow_api.py
[2023-06-06T04:18:18.488+0000] {processor.py:743} INFO - Processing file /home/airflow/.local/lib/python3.7/site-packages/airflow/example_dags/tutorial_taskflow_api.py for tasks to queue
[2023-06-06T04:18:18.489+0000] {logging_mixin.py:137} INFO - [2023-06-06T04:18:18.489+0000] {dagbag.py:538} INFO - Filling up the DagBag from /home/airflow/.local/lib/python3.7/site-packages/airflow/example_dags/tutorial_taskflow_api.py
[2023-06-06T04:18:18.505+0000] {processor.py:753} INFO - DAG(s) dict_keys(['tutorial_taskflow_api']) retrieved from /home/airflow/.local/lib/python3.7/site-packages/airflow/example_dags/tutorial_taskflow_api.py
[2023-06-06T04:18:18.526+0000] {logging_mixin.py:137} INFO - [2023-06-06T04:18:18.525+0000] {dag.py:2690} INFO - Sync 1 DAGs
[2023-06-06T04:18:18.543+0000] {logging_mixin.py:137} INFO - [2023-06-06T04:18:18.543+0000] {dag.py:3441} INFO - Setting next_dagrun for tutorial_taskflow_api to None, run_after=None
[2023-06-06T04:18:18.556+0000] {processor.py:175} INFO - Processing /home/airflow/.local/lib/python3.7/site-packages/airflow/example_dags/tutorial_taskflow_api.py took 0.073 seconds
[2023-06-06T05:42:20.680+0000] {processor.py:153} INFO - Started process (PID=31631) to work on /home/airflow/.local/lib/python3.7/site-packages/airflow/example_dags/tutorial_taskflow_api.py
[2023-06-06T05:42:20.683+0000] {processor.py:743} INFO - Processing file /home/airflow/.local/lib/python3.7/site-packages/airflow/example_dags/tutorial_taskflow_api.py for tasks to queue
[2023-06-06T05:42:20.684+0000] {logging_mixin.py:137} INFO - [2023-06-06T05:42:20.684+0000] {dagbag.py:538} INFO - Filling up the DagBag from /home/airflow/.local/lib/python3.7/site-packages/airflow/example_dags/tutorial_taskflow_api.py
[2023-06-06T05:42:20.701+0000] {processor.py:753} INFO - DAG(s) dict_keys(['tutorial_taskflow_api']) retrieved from /home/airflow/.local/lib/python3.7/site-packages/airflow/example_dags/tutorial_taskflow_api.py
[2023-06-06T05:42:20.724+0000] {logging_mixin.py:137} INFO - [2023-06-06T05:42:20.724+0000] {dag.py:2690} INFO - Sync 1 DAGs
[2023-06-06T05:42:20.742+0000] {logging_mixin.py:137} INFO - [2023-06-06T05:42:20.742+0000] {dag.py:3441} INFO - Setting next_dagrun for tutorial_taskflow_api to None, run_after=None
[2023-06-06T05:42:20.756+0000] {processor.py:175} INFO - Processing /home/airflow/.local/lib/python3.7/site-packages/airflow/example_dags/tutorial_taskflow_api.py took 0.079 seconds
[2023-06-06T07:23:08.100+0000] {processor.py:153} INFO - Started process (PID=31702) to work on /home/airflow/.local/lib/python3.7/site-packages/airflow/example_dags/tutorial_taskflow_api.py
[2023-06-06T07:23:08.101+0000] {processor.py:743} INFO - Processing file /home/airflow/.local/lib/python3.7/site-packages/airflow/example_dags/tutorial_taskflow_api.py for tasks to queue
[2023-06-06T07:23:08.102+0000] {logging_mixin.py:137} INFO - [2023-06-06T07:23:08.102+0000] {dagbag.py:538} INFO - Filling up the DagBag from /home/airflow/.local/lib/python3.7/site-packages/airflow/example_dags/tutorial_taskflow_api.py
[2023-06-06T07:23:08.122+0000] {processor.py:753} INFO - DAG(s) dict_keys(['tutorial_taskflow_api']) retrieved from /home/airflow/.local/lib/python3.7/site-packages/airflow/example_dags/tutorial_taskflow_api.py
[2023-06-06T07:23:08.145+0000] {logging_mixin.py:137} INFO - [2023-06-06T07:23:08.145+0000] {dag.py:2690} INFO - Sync 1 DAGs
[2023-06-06T07:23:08.163+0000] {logging_mixin.py:137} INFO - [2023-06-06T07:23:08.162+0000] {dag.py:3441} INFO - Setting next_dagrun for tutorial_taskflow_api to None, run_after=None
[2023-06-06T07:23:08.176+0000] {processor.py:175} INFO - Processing /home/airflow/.local/lib/python3.7/site-packages/airflow/example_dags/tutorial_taskflow_api.py took 0.079 seconds
[2023-06-06T08:10:46.014+0000] {processor.py:153} INFO - Started process (PID=31787) to work on /home/airflow/.local/lib/python3.7/site-packages/airflow/example_dags/tutorial_taskflow_api.py
[2023-06-06T08:10:46.016+0000] {processor.py:743} INFO - Processing file /home/airflow/.local/lib/python3.7/site-packages/airflow/example_dags/tutorial_taskflow_api.py for tasks to queue
[2023-06-06T08:10:46.017+0000] {logging_mixin.py:137} INFO - [2023-06-06T08:10:46.017+0000] {dagbag.py:538} INFO - Filling up the DagBag from /home/airflow/.local/lib/python3.7/site-packages/airflow/example_dags/tutorial_taskflow_api.py
[2023-06-06T08:10:46.034+0000] {processor.py:753} INFO - DAG(s) dict_keys(['tutorial_taskflow_api']) retrieved from /home/airflow/.local/lib/python3.7/site-packages/airflow/example_dags/tutorial_taskflow_api.py
[2023-06-06T08:10:46.055+0000] {logging_mixin.py:137} INFO - [2023-06-06T08:10:46.055+0000] {dag.py:2690} INFO - Sync 1 DAGs
[2023-06-06T08:10:46.073+0000] {logging_mixin.py:137} INFO - [2023-06-06T08:10:46.073+0000] {dag.py:3441} INFO - Setting next_dagrun for tutorial_taskflow_api to None, run_after=None
[2023-06-06T08:10:46.086+0000] {processor.py:175} INFO - Processing /home/airflow/.local/lib/python3.7/site-packages/airflow/example_dags/tutorial_taskflow_api.py took 0.077 seconds
[2023-06-06T09:33:28.009+0000] {processor.py:153} INFO - Started process (PID=31858) to work on /home/airflow/.local/lib/python3.7/site-packages/airflow/example_dags/tutorial_taskflow_api.py
[2023-06-06T09:33:28.012+0000] {processor.py:743} INFO - Processing file /home/airflow/.local/lib/python3.7/site-packages/airflow/example_dags/tutorial_taskflow_api.py for tasks to queue
[2023-06-06T09:33:28.015+0000] {logging_mixin.py:137} INFO - [2023-06-06T09:33:28.014+0000] {dagbag.py:538} INFO - Filling up the DagBag from /home/airflow/.local/lib/python3.7/site-packages/airflow/example_dags/tutorial_taskflow_api.py
[2023-06-06T09:33:28.037+0000] {processor.py:753} INFO - DAG(s) dict_keys(['tutorial_taskflow_api']) retrieved from /home/airflow/.local/lib/python3.7/site-packages/airflow/example_dags/tutorial_taskflow_api.py
[2023-06-06T09:33:28.076+0000] {logging_mixin.py:137} INFO - [2023-06-06T09:33:28.076+0000] {dag.py:2690} INFO - Sync 1 DAGs
[2023-06-06T09:33:28.105+0000] {logging_mixin.py:137} INFO - [2023-06-06T09:33:28.105+0000] {dag.py:3441} INFO - Setting next_dagrun for tutorial_taskflow_api to None, run_after=None
[2023-06-06T09:33:28.133+0000] {processor.py:175} INFO - Processing /home/airflow/.local/lib/python3.7/site-packages/airflow/example_dags/tutorial_taskflow_api.py took 0.132 seconds
[2023-06-06T10:12:48.456+0000] {processor.py:153} INFO - Started process (PID=31941) to work on /home/airflow/.local/lib/python3.7/site-packages/airflow/example_dags/tutorial_taskflow_api.py
[2023-06-06T10:12:48.458+0000] {processor.py:743} INFO - Processing file /home/airflow/.local/lib/python3.7/site-packages/airflow/example_dags/tutorial_taskflow_api.py for tasks to queue
[2023-06-06T10:12:48.459+0000] {logging_mixin.py:137} INFO - [2023-06-06T10:12:48.459+0000] {dagbag.py:538} INFO - Filling up the DagBag from /home/airflow/.local/lib/python3.7/site-packages/airflow/example_dags/tutorial_taskflow_api.py
[2023-06-06T10:12:48.475+0000] {processor.py:753} INFO - DAG(s) dict_keys(['tutorial_taskflow_api']) retrieved from /home/airflow/.local/lib/python3.7/site-packages/airflow/example_dags/tutorial_taskflow_api.py
[2023-06-06T10:12:48.496+0000] {logging_mixin.py:137} INFO - [2023-06-06T10:12:48.496+0000] {dag.py:2690} INFO - Sync 1 DAGs
[2023-06-06T10:12:48.512+0000] {logging_mixin.py:137} INFO - [2023-06-06T10:12:48.512+0000] {dag.py:3441} INFO - Setting next_dagrun for tutorial_taskflow_api to None, run_after=None
[2023-06-06T10:12:48.525+0000] {processor.py:175} INFO - Processing /home/airflow/.local/lib/python3.7/site-packages/airflow/example_dags/tutorial_taskflow_api.py took 0.073 seconds
[2023-06-06T10:13:18.874+0000] {processor.py:153} INFO - Started process (PID=32022) to work on /home/airflow/.local/lib/python3.7/site-packages/airflow/example_dags/tutorial_taskflow_api.py
[2023-06-06T10:13:18.876+0000] {processor.py:743} INFO - Processing file /home/airflow/.local/lib/python3.7/site-packages/airflow/example_dags/tutorial_taskflow_api.py for tasks to queue
[2023-06-06T10:13:18.877+0000] {logging_mixin.py:137} INFO - [2023-06-06T10:13:18.877+0000] {dagbag.py:538} INFO - Filling up the DagBag from /home/airflow/.local/lib/python3.7/site-packages/airflow/example_dags/tutorial_taskflow_api.py
[2023-06-06T10:13:18.897+0000] {processor.py:753} INFO - DAG(s) dict_keys(['tutorial_taskflow_api']) retrieved from /home/airflow/.local/lib/python3.7/site-packages/airflow/example_dags/tutorial_taskflow_api.py
[2023-06-06T10:13:18.939+0000] {logging_mixin.py:137} INFO - [2023-06-06T10:13:18.939+0000] {dag.py:2690} INFO - Sync 1 DAGs
[2023-06-06T10:13:18.959+0000] {logging_mixin.py:137} INFO - [2023-06-06T10:13:18.959+0000] {dag.py:3441} INFO - Setting next_dagrun for tutorial_taskflow_api to None, run_after=None
[2023-06-06T10:13:18.984+0000] {processor.py:175} INFO - Processing /home/airflow/.local/lib/python3.7/site-packages/airflow/example_dags/tutorial_taskflow_api.py took 0.114 seconds
[2023-06-06T10:13:49.311+0000] {processor.py:153} INFO - Started process (PID=32096) to work on /home/airflow/.local/lib/python3.7/site-packages/airflow/example_dags/tutorial_taskflow_api.py
[2023-06-06T10:13:49.313+0000] {processor.py:743} INFO - Processing file /home/airflow/.local/lib/python3.7/site-packages/airflow/example_dags/tutorial_taskflow_api.py for tasks to queue
[2023-06-06T10:13:49.314+0000] {logging_mixin.py:137} INFO - [2023-06-06T10:13:49.314+0000] {dagbag.py:538} INFO - Filling up the DagBag from /home/airflow/.local/lib/python3.7/site-packages/airflow/example_dags/tutorial_taskflow_api.py
[2023-06-06T10:13:49.330+0000] {processor.py:753} INFO - DAG(s) dict_keys(['tutorial_taskflow_api']) retrieved from /home/airflow/.local/lib/python3.7/site-packages/airflow/example_dags/tutorial_taskflow_api.py
[2023-06-06T10:13:49.353+0000] {logging_mixin.py:137} INFO - [2023-06-06T10:13:49.353+0000] {dag.py:2690} INFO - Sync 1 DAGs
[2023-06-06T10:13:49.371+0000] {logging_mixin.py:137} INFO - [2023-06-06T10:13:49.371+0000] {dag.py:3441} INFO - Setting next_dagrun for tutorial_taskflow_api to None, run_after=None
[2023-06-06T10:13:49.385+0000] {processor.py:175} INFO - Processing /home/airflow/.local/lib/python3.7/site-packages/airflow/example_dags/tutorial_taskflow_api.py took 0.076 seconds
[2023-06-06T10:14:20.368+0000] {processor.py:153} INFO - Started process (PID=32178) to work on /home/airflow/.local/lib/python3.7/site-packages/airflow/example_dags/tutorial_taskflow_api.py
[2023-06-06T10:14:20.369+0000] {processor.py:743} INFO - Processing file /home/airflow/.local/lib/python3.7/site-packages/airflow/example_dags/tutorial_taskflow_api.py for tasks to queue
[2023-06-06T10:14:20.370+0000] {logging_mixin.py:137} INFO - [2023-06-06T10:14:20.370+0000] {dagbag.py:538} INFO - Filling up the DagBag from /home/airflow/.local/lib/python3.7/site-packages/airflow/example_dags/tutorial_taskflow_api.py
[2023-06-06T10:14:20.386+0000] {processor.py:753} INFO - DAG(s) dict_keys(['tutorial_taskflow_api']) retrieved from /home/airflow/.local/lib/python3.7/site-packages/airflow/example_dags/tutorial_taskflow_api.py
[2023-06-06T10:14:20.407+0000] {logging_mixin.py:137} INFO - [2023-06-06T10:14:20.407+0000] {dag.py:2690} INFO - Sync 1 DAGs
[2023-06-06T10:14:20.424+0000] {logging_mixin.py:137} INFO - [2023-06-06T10:14:20.424+0000] {dag.py:3441} INFO - Setting next_dagrun for tutorial_taskflow_api to None, run_after=None
[2023-06-06T10:14:20.438+0000] {processor.py:175} INFO - Processing /home/airflow/.local/lib/python3.7/site-packages/airflow/example_dags/tutorial_taskflow_api.py took 0.073 seconds
[2023-06-06T10:14:52.052+0000] {processor.py:153} INFO - Started process (PID=32260) to work on /home/airflow/.local/lib/python3.7/site-packages/airflow/example_dags/tutorial_taskflow_api.py
[2023-06-06T10:14:52.053+0000] {processor.py:743} INFO - Processing file /home/airflow/.local/lib/python3.7/site-packages/airflow/example_dags/tutorial_taskflow_api.py for tasks to queue
[2023-06-06T10:14:52.055+0000] {logging_mixin.py:137} INFO - [2023-06-06T10:14:52.055+0000] {dagbag.py:538} INFO - Filling up the DagBag from /home/airflow/.local/lib/python3.7/site-packages/airflow/example_dags/tutorial_taskflow_api.py
[2023-06-06T10:14:52.071+0000] {processor.py:753} INFO - DAG(s) dict_keys(['tutorial_taskflow_api']) retrieved from /home/airflow/.local/lib/python3.7/site-packages/airflow/example_dags/tutorial_taskflow_api.py
[2023-06-06T10:14:52.094+0000] {logging_mixin.py:137} INFO - [2023-06-06T10:14:52.093+0000] {dag.py:2690} INFO - Sync 1 DAGs
[2023-06-06T10:14:52.110+0000] {logging_mixin.py:137} INFO - [2023-06-06T10:14:52.110+0000] {dag.py:3441} INFO - Setting next_dagrun for tutorial_taskflow_api to None, run_after=None
[2023-06-06T10:14:52.122+0000] {processor.py:175} INFO - Processing /home/airflow/.local/lib/python3.7/site-packages/airflow/example_dags/tutorial_taskflow_api.py took 0.073 seconds
[2023-06-06T10:15:22.193+0000] {processor.py:153} INFO - Started process (PID=32332) to work on /home/airflow/.local/lib/python3.7/site-packages/airflow/example_dags/tutorial_taskflow_api.py
[2023-06-06T10:15:22.196+0000] {processor.py:743} INFO - Processing file /home/airflow/.local/lib/python3.7/site-packages/airflow/example_dags/tutorial_taskflow_api.py for tasks to queue
[2023-06-06T10:15:22.197+0000] {logging_mixin.py:137} INFO - [2023-06-06T10:15:22.197+0000] {dagbag.py:538} INFO - Filling up the DagBag from /home/airflow/.local/lib/python3.7/site-packages/airflow/example_dags/tutorial_taskflow_api.py
[2023-06-06T10:15:22.215+0000] {processor.py:753} INFO - DAG(s) dict_keys(['tutorial_taskflow_api']) retrieved from /home/airflow/.local/lib/python3.7/site-packages/airflow/example_dags/tutorial_taskflow_api.py
[2023-06-06T10:15:22.236+0000] {logging_mixin.py:137} INFO - [2023-06-06T10:15:22.236+0000] {dag.py:2690} INFO - Sync 1 DAGs
[2023-06-06T10:15:22.252+0000] {logging_mixin.py:137} INFO - [2023-06-06T10:15:22.252+0000] {dag.py:3441} INFO - Setting next_dagrun for tutorial_taskflow_api to None, run_after=None
[2023-06-06T10:15:22.263+0000] {processor.py:175} INFO - Processing /home/airflow/.local/lib/python3.7/site-packages/airflow/example_dags/tutorial_taskflow_api.py took 0.073 seconds
[2023-06-06T10:15:53.519+0000] {processor.py:153} INFO - Started process (PID=32414) to work on /home/airflow/.local/lib/python3.7/site-packages/airflow/example_dags/tutorial_taskflow_api.py
[2023-06-06T10:15:53.521+0000] {processor.py:743} INFO - Processing file /home/airflow/.local/lib/python3.7/site-packages/airflow/example_dags/tutorial_taskflow_api.py for tasks to queue
[2023-06-06T10:15:53.523+0000] {logging_mixin.py:137} INFO - [2023-06-06T10:15:53.523+0000] {dagbag.py:538} INFO - Filling up the DagBag from /home/airflow/.local/lib/python3.7/site-packages/airflow/example_dags/tutorial_taskflow_api.py
[2023-06-06T10:15:53.540+0000] {processor.py:753} INFO - DAG(s) dict_keys(['tutorial_taskflow_api']) retrieved from /home/airflow/.local/lib/python3.7/site-packages/airflow/example_dags/tutorial_taskflow_api.py
[2023-06-06T10:15:53.563+0000] {logging_mixin.py:137} INFO - [2023-06-06T10:15:53.563+0000] {dag.py:2690} INFO - Sync 1 DAGs
[2023-06-06T10:15:53.579+0000] {logging_mixin.py:137} INFO - [2023-06-06T10:15:53.579+0000] {dag.py:3441} INFO - Setting next_dagrun for tutorial_taskflow_api to None, run_after=None
[2023-06-06T10:15:53.592+0000] {processor.py:175} INFO - Processing /home/airflow/.local/lib/python3.7/site-packages/airflow/example_dags/tutorial_taskflow_api.py took 0.076 seconds
[2023-06-06T10:24:56.671+0000] {processor.py:153} INFO - Started process (PID=32485) to work on /home/airflow/.local/lib/python3.7/site-packages/airflow/example_dags/tutorial_taskflow_api.py
[2023-06-06T10:24:56.673+0000] {processor.py:743} INFO - Processing file /home/airflow/.local/lib/python3.7/site-packages/airflow/example_dags/tutorial_taskflow_api.py for tasks to queue
[2023-06-06T10:24:56.674+0000] {logging_mixin.py:137} INFO - [2023-06-06T10:24:56.674+0000] {dagbag.py:538} INFO - Filling up the DagBag from /home/airflow/.local/lib/python3.7/site-packages/airflow/example_dags/tutorial_taskflow_api.py
[2023-06-06T10:24:56.691+0000] {processor.py:753} INFO - DAG(s) dict_keys(['tutorial_taskflow_api']) retrieved from /home/airflow/.local/lib/python3.7/site-packages/airflow/example_dags/tutorial_taskflow_api.py
[2023-06-06T10:24:56.711+0000] {logging_mixin.py:137} INFO - [2023-06-06T10:24:56.711+0000] {dag.py:2690} INFO - Sync 1 DAGs
[2023-06-06T10:24:56.728+0000] {logging_mixin.py:137} INFO - [2023-06-06T10:24:56.728+0000] {dag.py:3441} INFO - Setting next_dagrun for tutorial_taskflow_api to None, run_after=None
[2023-06-06T10:24:56.742+0000] {processor.py:175} INFO - Processing /home/airflow/.local/lib/python3.7/site-packages/airflow/example_dags/tutorial_taskflow_api.py took 0.076 seconds
[2023-06-06T10:25:27.021+0000] {processor.py:153} INFO - Started process (PID=32568) to work on /home/airflow/.local/lib/python3.7/site-packages/airflow/example_dags/tutorial_taskflow_api.py
[2023-06-06T10:25:27.023+0000] {processor.py:743} INFO - Processing file /home/airflow/.local/lib/python3.7/site-packages/airflow/example_dags/tutorial_taskflow_api.py for tasks to queue
[2023-06-06T10:25:27.024+0000] {logging_mixin.py:137} INFO - [2023-06-06T10:25:27.024+0000] {dagbag.py:538} INFO - Filling up the DagBag from /home/airflow/.local/lib/python3.7/site-packages/airflow/example_dags/tutorial_taskflow_api.py
[2023-06-06T10:25:27.042+0000] {processor.py:753} INFO - DAG(s) dict_keys(['tutorial_taskflow_api']) retrieved from /home/airflow/.local/lib/python3.7/site-packages/airflow/example_dags/tutorial_taskflow_api.py
[2023-06-06T10:25:27.065+0000] {logging_mixin.py:137} INFO - [2023-06-06T10:25:27.065+0000] {dag.py:2690} INFO - Sync 1 DAGs
[2023-06-06T10:25:27.082+0000] {logging_mixin.py:137} INFO - [2023-06-06T10:25:27.082+0000] {dag.py:3441} INFO - Setting next_dagrun for tutorial_taskflow_api to None, run_after=None
[2023-06-06T10:25:27.094+0000] {processor.py:175} INFO - Processing /home/airflow/.local/lib/python3.7/site-packages/airflow/example_dags/tutorial_taskflow_api.py took 0.076 seconds
[2023-06-06T10:25:57.429+0000] {processor.py:153} INFO - Started process (PID=32639) to work on /home/airflow/.local/lib/python3.7/site-packages/airflow/example_dags/tutorial_taskflow_api.py
[2023-06-06T10:25:57.432+0000] {processor.py:743} INFO - Processing file /home/airflow/.local/lib/python3.7/site-packages/airflow/example_dags/tutorial_taskflow_api.py for tasks to queue
[2023-06-06T10:25:57.433+0000] {logging_mixin.py:137} INFO - [2023-06-06T10:25:57.433+0000] {dagbag.py:538} INFO - Filling up the DagBag from /home/airflow/.local/lib/python3.7/site-packages/airflow/example_dags/tutorial_taskflow_api.py
[2023-06-06T10:25:57.450+0000] {processor.py:753} INFO - DAG(s) dict_keys(['tutorial_taskflow_api']) retrieved from /home/airflow/.local/lib/python3.7/site-packages/airflow/example_dags/tutorial_taskflow_api.py
[2023-06-06T10:25:57.491+0000] {logging_mixin.py:137} INFO - [2023-06-06T10:25:57.491+0000] {dag.py:2690} INFO - Sync 1 DAGs
[2023-06-06T10:25:57.520+0000] {logging_mixin.py:137} INFO - [2023-06-06T10:25:57.520+0000] {dag.py:3441} INFO - Setting next_dagrun for tutorial_taskflow_api to None, run_after=None
[2023-06-06T10:25:57.546+0000] {processor.py:175} INFO - Processing /home/airflow/.local/lib/python3.7/site-packages/airflow/example_dags/tutorial_taskflow_api.py took 0.121 seconds
[2023-06-06T10:26:28.197+0000] {processor.py:153} INFO - Started process (PID=32723) to work on /home/airflow/.local/lib/python3.7/site-packages/airflow/example_dags/tutorial_taskflow_api.py
[2023-06-06T10:26:28.199+0000] {processor.py:743} INFO - Processing file /home/airflow/.local/lib/python3.7/site-packages/airflow/example_dags/tutorial_taskflow_api.py for tasks to queue
[2023-06-06T10:26:28.200+0000] {logging_mixin.py:137} INFO - [2023-06-06T10:26:28.200+0000] {dagbag.py:538} INFO - Filling up the DagBag from /home/airflow/.local/lib/python3.7/site-packages/airflow/example_dags/tutorial_taskflow_api.py
[2023-06-06T10:26:28.215+0000] {processor.py:753} INFO - DAG(s) dict_keys(['tutorial_taskflow_api']) retrieved from /home/airflow/.local/lib/python3.7/site-packages/airflow/example_dags/tutorial_taskflow_api.py
[2023-06-06T10:26:28.237+0000] {logging_mixin.py:137} INFO - [2023-06-06T10:26:28.237+0000] {dag.py:2690} INFO - Sync 1 DAGs
[2023-06-06T10:26:28.252+0000] {logging_mixin.py:137} INFO - [2023-06-06T10:26:28.252+0000] {dag.py:3441} INFO - Setting next_dagrun for tutorial_taskflow_api to None, run_after=None
[2023-06-06T10:26:28.265+0000] {processor.py:175} INFO - Processing /home/airflow/.local/lib/python3.7/site-packages/airflow/example_dags/tutorial_taskflow_api.py took 0.071 seconds
[2023-06-06T10:26:58.785+0000] {processor.py:153} INFO - Started process (PID=32807) to work on /home/airflow/.local/lib/python3.7/site-packages/airflow/example_dags/tutorial_taskflow_api.py
[2023-06-06T10:26:58.787+0000] {processor.py:743} INFO - Processing file /home/airflow/.local/lib/python3.7/site-packages/airflow/example_dags/tutorial_taskflow_api.py for tasks to queue
[2023-06-06T10:26:58.788+0000] {logging_mixin.py:137} INFO - [2023-06-06T10:26:58.788+0000] {dagbag.py:538} INFO - Filling up the DagBag from /home/airflow/.local/lib/python3.7/site-packages/airflow/example_dags/tutorial_taskflow_api.py
[2023-06-06T10:26:58.804+0000] {processor.py:753} INFO - DAG(s) dict_keys(['tutorial_taskflow_api']) retrieved from /home/airflow/.local/lib/python3.7/site-packages/airflow/example_dags/tutorial_taskflow_api.py
[2023-06-06T10:26:58.825+0000] {logging_mixin.py:137} INFO - [2023-06-06T10:26:58.825+0000] {dag.py:2690} INFO - Sync 1 DAGs
[2023-06-06T10:26:58.842+0000] {logging_mixin.py:137} INFO - [2023-06-06T10:26:58.842+0000] {dag.py:3441} INFO - Setting next_dagrun for tutorial_taskflow_api to None, run_after=None
[2023-06-06T10:26:58.853+0000] {processor.py:175} INFO - Processing /home/airflow/.local/lib/python3.7/site-packages/airflow/example_dags/tutorial_taskflow_api.py took 0.071 seconds
[2023-06-06T11:23:23.399+0000] {processor.py:153} INFO - Started process (PID=32878) to work on /home/airflow/.local/lib/python3.7/site-packages/airflow/example_dags/tutorial_taskflow_api.py
[2023-06-06T11:23:23.401+0000] {processor.py:743} INFO - Processing file /home/airflow/.local/lib/python3.7/site-packages/airflow/example_dags/tutorial_taskflow_api.py for tasks to queue
[2023-06-06T11:23:23.401+0000] {logging_mixin.py:137} INFO - [2023-06-06T11:23:23.401+0000] {dagbag.py:538} INFO - Filling up the DagBag from /home/airflow/.local/lib/python3.7/site-packages/airflow/example_dags/tutorial_taskflow_api.py
[2023-06-06T11:23:23.418+0000] {processor.py:753} INFO - DAG(s) dict_keys(['tutorial_taskflow_api']) retrieved from /home/airflow/.local/lib/python3.7/site-packages/airflow/example_dags/tutorial_taskflow_api.py
[2023-06-06T11:23:23.442+0000] {logging_mixin.py:137} INFO - [2023-06-06T11:23:23.442+0000] {dag.py:2690} INFO - Sync 1 DAGs
[2023-06-06T11:23:23.459+0000] {logging_mixin.py:137} INFO - [2023-06-06T11:23:23.459+0000] {dag.py:3441} INFO - Setting next_dagrun for tutorial_taskflow_api to None, run_after=None
[2023-06-06T11:23:23.471+0000] {processor.py:175} INFO - Processing /home/airflow/.local/lib/python3.7/site-packages/airflow/example_dags/tutorial_taskflow_api.py took 0.075 seconds
[2023-06-06T12:30:53.600+0000] {processor.py:153} INFO - Started process (PID=32960) to work on /home/airflow/.local/lib/python3.7/site-packages/airflow/example_dags/tutorial_taskflow_api.py
[2023-06-06T12:30:53.601+0000] {processor.py:743} INFO - Processing file /home/airflow/.local/lib/python3.7/site-packages/airflow/example_dags/tutorial_taskflow_api.py for tasks to queue
[2023-06-06T12:30:53.602+0000] {logging_mixin.py:137} INFO - [2023-06-06T12:30:53.602+0000] {dagbag.py:538} INFO - Filling up the DagBag from /home/airflow/.local/lib/python3.7/site-packages/airflow/example_dags/tutorial_taskflow_api.py
[2023-06-06T12:30:53.619+0000] {processor.py:753} INFO - DAG(s) dict_keys(['tutorial_taskflow_api']) retrieved from /home/airflow/.local/lib/python3.7/site-packages/airflow/example_dags/tutorial_taskflow_api.py
[2023-06-06T12:30:53.643+0000] {logging_mixin.py:137} INFO - [2023-06-06T12:30:53.643+0000] {dag.py:2690} INFO - Sync 1 DAGs
[2023-06-06T12:30:53.660+0000] {logging_mixin.py:137} INFO - [2023-06-06T12:30:53.660+0000] {dag.py:3441} INFO - Setting next_dagrun for tutorial_taskflow_api to None, run_after=None
[2023-06-06T12:30:53.674+0000] {processor.py:175} INFO - Processing /home/airflow/.local/lib/python3.7/site-packages/airflow/example_dags/tutorial_taskflow_api.py took 0.077 seconds
[2023-06-06T13:55:37.386+0000] {processor.py:153} INFO - Started process (PID=33032) to work on /home/airflow/.local/lib/python3.7/site-packages/airflow/example_dags/tutorial_taskflow_api.py
[2023-06-06T13:55:37.387+0000] {processor.py:743} INFO - Processing file /home/airflow/.local/lib/python3.7/site-packages/airflow/example_dags/tutorial_taskflow_api.py for tasks to queue
[2023-06-06T13:55:37.389+0000] {logging_mixin.py:137} INFO - [2023-06-06T13:55:37.388+0000] {dagbag.py:538} INFO - Filling up the DagBag from /home/airflow/.local/lib/python3.7/site-packages/airflow/example_dags/tutorial_taskflow_api.py
[2023-06-06T13:55:37.406+0000] {processor.py:753} INFO - DAG(s) dict_keys(['tutorial_taskflow_api']) retrieved from /home/airflow/.local/lib/python3.7/site-packages/airflow/example_dags/tutorial_taskflow_api.py
[2023-06-06T13:55:37.427+0000] {logging_mixin.py:137} INFO - [2023-06-06T13:55:37.427+0000] {dag.py:2690} INFO - Sync 1 DAGs
[2023-06-06T13:55:37.446+0000] {logging_mixin.py:137} INFO - [2023-06-06T13:55:37.446+0000] {dag.py:3441} INFO - Setting next_dagrun for tutorial_taskflow_api to None, run_after=None
[2023-06-06T13:55:37.458+0000] {processor.py:175} INFO - Processing /home/airflow/.local/lib/python3.7/site-packages/airflow/example_dags/tutorial_taskflow_api.py took 0.077 seconds
[2023-06-06T15:19:52.354+0000] {processor.py:153} INFO - Started process (PID=33115) to work on /home/airflow/.local/lib/python3.7/site-packages/airflow/example_dags/tutorial_taskflow_api.py
[2023-06-06T15:19:52.356+0000] {processor.py:743} INFO - Processing file /home/airflow/.local/lib/python3.7/site-packages/airflow/example_dags/tutorial_taskflow_api.py for tasks to queue
[2023-06-06T15:19:52.357+0000] {logging_mixin.py:137} INFO - [2023-06-06T15:19:52.357+0000] {dagbag.py:538} INFO - Filling up the DagBag from /home/airflow/.local/lib/python3.7/site-packages/airflow/example_dags/tutorial_taskflow_api.py
[2023-06-06T15:19:52.374+0000] {processor.py:753} INFO - DAG(s) dict_keys(['tutorial_taskflow_api']) retrieved from /home/airflow/.local/lib/python3.7/site-packages/airflow/example_dags/tutorial_taskflow_api.py
[2023-06-06T15:19:52.397+0000] {logging_mixin.py:137} INFO - [2023-06-06T15:19:52.397+0000] {dag.py:2690} INFO - Sync 1 DAGs
[2023-06-06T15:19:52.418+0000] {logging_mixin.py:137} INFO - [2023-06-06T15:19:52.418+0000] {dag.py:3441} INFO - Setting next_dagrun for tutorial_taskflow_api to None, run_after=None
[2023-06-06T15:19:52.431+0000] {processor.py:175} INFO - Processing /home/airflow/.local/lib/python3.7/site-packages/airflow/example_dags/tutorial_taskflow_api.py took 0.080 seconds
[2023-06-06T16:41:28.214+0000] {processor.py:153} INFO - Started process (PID=33193) to work on /home/airflow/.local/lib/python3.7/site-packages/airflow/example_dags/tutorial_taskflow_api.py
[2023-06-06T16:41:28.218+0000] {processor.py:743} INFO - Processing file /home/airflow/.local/lib/python3.7/site-packages/airflow/example_dags/tutorial_taskflow_api.py for tasks to queue
[2023-06-06T16:41:28.220+0000] {logging_mixin.py:137} INFO - [2023-06-06T16:41:28.220+0000] {dagbag.py:538} INFO - Filling up the DagBag from /home/airflow/.local/lib/python3.7/site-packages/airflow/example_dags/tutorial_taskflow_api.py
[2023-06-06T16:41:28.253+0000] {processor.py:753} INFO - DAG(s) dict_keys(['tutorial_taskflow_api']) retrieved from /home/airflow/.local/lib/python3.7/site-packages/airflow/example_dags/tutorial_taskflow_api.py
[2023-06-06T16:41:28.287+0000] {logging_mixin.py:137} INFO - [2023-06-06T16:41:28.287+0000] {dag.py:2690} INFO - Sync 1 DAGs
[2023-06-06T16:41:28.309+0000] {logging_mixin.py:137} INFO - [2023-06-06T16:41:28.309+0000] {dag.py:3441} INFO - Setting next_dagrun for tutorial_taskflow_api to None, run_after=None
[2023-06-06T16:41:28.327+0000] {processor.py:175} INFO - Processing /home/airflow/.local/lib/python3.7/site-packages/airflow/example_dags/tutorial_taskflow_api.py took 0.116 seconds
[2023-06-06T18:05:17.706+0000] {processor.py:153} INFO - Started process (PID=33268) to work on /home/airflow/.local/lib/python3.7/site-packages/airflow/example_dags/tutorial_taskflow_api.py
[2023-06-06T18:05:17.708+0000] {processor.py:743} INFO - Processing file /home/airflow/.local/lib/python3.7/site-packages/airflow/example_dags/tutorial_taskflow_api.py for tasks to queue
[2023-06-06T18:05:17.709+0000] {logging_mixin.py:137} INFO - [2023-06-06T18:05:17.709+0000] {dagbag.py:538} INFO - Filling up the DagBag from /home/airflow/.local/lib/python3.7/site-packages/airflow/example_dags/tutorial_taskflow_api.py
[2023-06-06T18:05:17.725+0000] {processor.py:753} INFO - DAG(s) dict_keys(['tutorial_taskflow_api']) retrieved from /home/airflow/.local/lib/python3.7/site-packages/airflow/example_dags/tutorial_taskflow_api.py
[2023-06-06T18:05:17.745+0000] {logging_mixin.py:137} INFO - [2023-06-06T18:05:17.745+0000] {dag.py:2690} INFO - Sync 1 DAGs
[2023-06-06T18:05:17.761+0000] {logging_mixin.py:137} INFO - [2023-06-06T18:05:17.761+0000] {dag.py:3441} INFO - Setting next_dagrun for tutorial_taskflow_api to None, run_after=None
[2023-06-06T18:05:17.773+0000] {processor.py:175} INFO - Processing /home/airflow/.local/lib/python3.7/site-packages/airflow/example_dags/tutorial_taskflow_api.py took 0.071 seconds
[2023-06-06T19:27:20.383+0000] {processor.py:153} INFO - Started process (PID=33351) to work on /home/airflow/.local/lib/python3.7/site-packages/airflow/example_dags/tutorial_taskflow_api.py
[2023-06-06T19:27:20.385+0000] {processor.py:743} INFO - Processing file /home/airflow/.local/lib/python3.7/site-packages/airflow/example_dags/tutorial_taskflow_api.py for tasks to queue
[2023-06-06T19:27:20.386+0000] {logging_mixin.py:137} INFO - [2023-06-06T19:27:20.386+0000] {dagbag.py:538} INFO - Filling up the DagBag from /home/airflow/.local/lib/python3.7/site-packages/airflow/example_dags/tutorial_taskflow_api.py
[2023-06-06T19:27:20.402+0000] {processor.py:753} INFO - DAG(s) dict_keys(['tutorial_taskflow_api']) retrieved from /home/airflow/.local/lib/python3.7/site-packages/airflow/example_dags/tutorial_taskflow_api.py
[2023-06-06T19:27:20.424+0000] {logging_mixin.py:137} INFO - [2023-06-06T19:27:20.424+0000] {dag.py:2690} INFO - Sync 1 DAGs
[2023-06-06T19:27:20.442+0000] {logging_mixin.py:137} INFO - [2023-06-06T19:27:20.442+0000] {dag.py:3441} INFO - Setting next_dagrun for tutorial_taskflow_api to None, run_after=None
[2023-06-06T19:27:20.455+0000] {processor.py:175} INFO - Processing /home/airflow/.local/lib/python3.7/site-packages/airflow/example_dags/tutorial_taskflow_api.py took 0.075 seconds
[2023-06-06T20:45:47.357+0000] {processor.py:153} INFO - Started process (PID=33423) to work on /home/airflow/.local/lib/python3.7/site-packages/airflow/example_dags/tutorial_taskflow_api.py
[2023-06-06T20:45:47.359+0000] {processor.py:743} INFO - Processing file /home/airflow/.local/lib/python3.7/site-packages/airflow/example_dags/tutorial_taskflow_api.py for tasks to queue
[2023-06-06T20:45:47.360+0000] {logging_mixin.py:137} INFO - [2023-06-06T20:45:47.360+0000] {dagbag.py:538} INFO - Filling up the DagBag from /home/airflow/.local/lib/python3.7/site-packages/airflow/example_dags/tutorial_taskflow_api.py
[2023-06-06T20:45:47.377+0000] {processor.py:753} INFO - DAG(s) dict_keys(['tutorial_taskflow_api']) retrieved from /home/airflow/.local/lib/python3.7/site-packages/airflow/example_dags/tutorial_taskflow_api.py
[2023-06-06T20:45:47.399+0000] {logging_mixin.py:137} INFO - [2023-06-06T20:45:47.399+0000] {dag.py:2690} INFO - Sync 1 DAGs
[2023-06-06T20:45:47.416+0000] {logging_mixin.py:137} INFO - [2023-06-06T20:45:47.416+0000] {dag.py:3441} INFO - Setting next_dagrun for tutorial_taskflow_api to None, run_after=None
[2023-06-06T20:45:47.430+0000] {processor.py:175} INFO - Processing /home/airflow/.local/lib/python3.7/site-packages/airflow/example_dags/tutorial_taskflow_api.py took 0.077 seconds
[2023-06-06T22:08:31.377+0000] {processor.py:153} INFO - Started process (PID=33506) to work on /home/airflow/.local/lib/python3.7/site-packages/airflow/example_dags/tutorial_taskflow_api.py
[2023-06-06T22:08:31.378+0000] {processor.py:743} INFO - Processing file /home/airflow/.local/lib/python3.7/site-packages/airflow/example_dags/tutorial_taskflow_api.py for tasks to queue
[2023-06-06T22:08:31.380+0000] {logging_mixin.py:137} INFO - [2023-06-06T22:08:31.380+0000] {dagbag.py:538} INFO - Filling up the DagBag from /home/airflow/.local/lib/python3.7/site-packages/airflow/example_dags/tutorial_taskflow_api.py
[2023-06-06T22:08:31.396+0000] {processor.py:753} INFO - DAG(s) dict_keys(['tutorial_taskflow_api']) retrieved from /home/airflow/.local/lib/python3.7/site-packages/airflow/example_dags/tutorial_taskflow_api.py
[2023-06-06T22:08:31.418+0000] {logging_mixin.py:137} INFO - [2023-06-06T22:08:31.418+0000] {dag.py:2690} INFO - Sync 1 DAGs
[2023-06-06T22:08:31.434+0000] {logging_mixin.py:137} INFO - [2023-06-06T22:08:31.434+0000] {dag.py:3441} INFO - Setting next_dagrun for tutorial_taskflow_api to None, run_after=None
[2023-06-06T22:08:31.446+0000] {processor.py:175} INFO - Processing /home/airflow/.local/lib/python3.7/site-packages/airflow/example_dags/tutorial_taskflow_api.py took 0.072 seconds
[2023-06-06T23:29:33.988+0000] {processor.py:153} INFO - Started process (PID=33577) to work on /home/airflow/.local/lib/python3.7/site-packages/airflow/example_dags/tutorial_taskflow_api.py
[2023-06-06T23:29:33.990+0000] {processor.py:743} INFO - Processing file /home/airflow/.local/lib/python3.7/site-packages/airflow/example_dags/tutorial_taskflow_api.py for tasks to queue
[2023-06-06T23:29:33.991+0000] {logging_mixin.py:137} INFO - [2023-06-06T23:29:33.991+0000] {dagbag.py:538} INFO - Filling up the DagBag from /home/airflow/.local/lib/python3.7/site-packages/airflow/example_dags/tutorial_taskflow_api.py
[2023-06-06T23:29:34.008+0000] {processor.py:753} INFO - DAG(s) dict_keys(['tutorial_taskflow_api']) retrieved from /home/airflow/.local/lib/python3.7/site-packages/airflow/example_dags/tutorial_taskflow_api.py
[2023-06-06T23:29:34.030+0000] {logging_mixin.py:137} INFO - [2023-06-06T23:29:34.030+0000] {dag.py:2690} INFO - Sync 1 DAGs
[2023-06-06T23:29:34.053+0000] {logging_mixin.py:137} INFO - [2023-06-06T23:29:34.053+0000] {dag.py:3441} INFO - Setting next_dagrun for tutorial_taskflow_api to None, run_after=None
[2023-06-06T23:29:34.074+0000] {processor.py:175} INFO - Processing /home/airflow/.local/lib/python3.7/site-packages/airflow/example_dags/tutorial_taskflow_api.py took 0.091 seconds
