[2023-08-14T15:08:40.295+0000] {taskinstance.py:1083} INFO - Dependencies all met for <TaskInstance: addition.addition scheduled__2023-08-06T00:00:00+00:00 [queued]>
[2023-08-14T15:08:40.458+0000] {taskinstance.py:1083} INFO - Dependencies all met for <TaskInstance: addition.addition scheduled__2023-08-06T00:00:00+00:00 [queued]>
[2023-08-14T15:08:40.486+0000] {taskinstance.py:1279} INFO - 
--------------------------------------------------------------------------------
[2023-08-14T15:08:40.488+0000] {taskinstance.py:1280} INFO - Starting attempt 1 of 4
[2023-08-14T15:08:40.491+0000] {taskinstance.py:1281} INFO - 
--------------------------------------------------------------------------------
[2023-08-14T15:08:40.675+0000] {taskinstance.py:1300} INFO - Executing <Task(PythonOperator): addition> on 2023-08-06 00:00:00+00:00
[2023-08-14T15:08:40.712+0000] {standard_task_runner.py:55} INFO - Started process 78 to run task
[2023-08-14T15:08:40.742+0000] {standard_task_runner.py:82} INFO - Running: ['***', 'tasks', 'run', 'addition', 'addition', 'scheduled__2023-08-06T00:00:00+00:00', '--job-id', '3983', '--raw', '--subdir', 'DAGS_FOLDER/mayor.py', '--cfg-path', '/tmp/tmp6ti2l2xo']
[2023-08-14T15:08:40.783+0000] {standard_task_runner.py:83} INFO - Job 3983: Subtask addition
[2023-08-14T15:08:41.320+0000] {task_command.py:388} INFO - Running <TaskInstance: addition.addition scheduled__2023-08-06T00:00:00+00:00 [running]> on host 25f6b46723d1
[2023-08-14T15:08:41.798+0000] {taskinstance.py:1509} INFO - Exporting the following env vars:
AIRFLOW_CTX_DAG_OWNER=***
AIRFLOW_CTX_DAG_ID=addition
AIRFLOW_CTX_TASK_ID=addition
AIRFLOW_CTX_EXECUTION_DATE=2023-08-06T00:00:00+00:00
AIRFLOW_CTX_TRY_NUMBER=1
AIRFLOW_CTX_DAG_RUN_ID=scheduled__2023-08-06T00:00:00+00:00
[2023-08-14T15:08:41.806+0000] {logging_mixin.py:137} INFO - 9
[2023-08-14T15:08:41.807+0000] {python.py:177} INFO - Done. Returned value was: None
[2023-08-14T15:08:41.889+0000] {taskinstance.py:1323} INFO - Marking task as SUCCESS. dag_id=addition, task_id=addition, execution_date=20230806T000000, start_date=20230814T150840, end_date=20230814T150841
[2023-08-14T15:08:42.121+0000] {local_task_job.py:208} INFO - Task exited with return code 0
[2023-08-14T15:08:42.273+0000] {taskinstance.py:2578} INFO - 0 downstream tasks scheduled from follow-on schedule check
