[2023-04-19T12:37:59.577+0000] {taskinstance.py:1083} INFO - Dependencies all met for <TaskInstance: age_check.age_check scheduled__2022-09-09T00:00:00+00:00 [queued]>
[2023-04-19T12:37:59.606+0000] {taskinstance.py:1083} INFO - Dependencies all met for <TaskInstance: age_check.age_check scheduled__2022-09-09T00:00:00+00:00 [queued]>
[2023-04-19T12:37:59.607+0000] {taskinstance.py:1279} INFO - 
--------------------------------------------------------------------------------
[2023-04-19T12:37:59.608+0000] {taskinstance.py:1280} INFO - Starting attempt 1 of 4
[2023-04-19T12:37:59.610+0000] {taskinstance.py:1281} INFO - 
--------------------------------------------------------------------------------
[2023-04-19T12:37:59.994+0000] {taskinstance.py:1300} INFO - Executing <Task(PythonOperator): age_check> on 2022-09-09 00:00:00+00:00
[2023-04-19T12:38:00.033+0000] {standard_task_runner.py:55} INFO - Started process 21782 to run task
[2023-04-19T12:38:00.094+0000] {standard_task_runner.py:82} INFO - Running: ['***', 'tasks', 'run', 'age_check', 'age_check', 'scheduled__2022-09-09T00:00:00+00:00', '--job-id', '725', '--raw', '--subdir', 'DAGS_FOLDER/age.py', '--cfg-path', '/tmp/tmp5y06d542']
[2023-04-19T12:38:00.106+0000] {standard_task_runner.py:83} INFO - Job 725: Subtask age_check
[2023-04-19T12:38:00.290+0000] {task_command.py:388} INFO - Running <TaskInstance: age_check.age_check scheduled__2022-09-09T00:00:00+00:00 [running]> on host fe34f61acbb3
[2023-04-19T12:38:00.475+0000] {taskinstance.py:1509} INFO - Exporting the following env vars:
AIRFLOW_CTX_DAG_OWNER=***
AIRFLOW_CTX_DAG_ID=age_check
AIRFLOW_CTX_TASK_ID=age_check
AIRFLOW_CTX_EXECUTION_DATE=2022-09-09T00:00:00+00:00
AIRFLOW_CTX_TRY_NUMBER=1
AIRFLOW_CTX_DAG_RUN_ID=scheduled__2022-09-09T00:00:00+00:00
[2023-04-19T12:38:00.490+0000] {taskinstance.py:1768} ERROR - Task failed with exception
Traceback (most recent call last):
  File "/home/airflow/.local/lib/python3.7/site-packages/airflow/operators/python.py", line 175, in execute
    return_value = self.execute_callable()
  File "/home/airflow/.local/lib/python3.7/site-packages/airflow/operators/python.py", line 192, in execute_callable
    return self.python_callable(*self.op_args, **self.op_kwargs)
  File "/opt/airflow/dags/age.py", line 35, in age_check
    birth_year = int(Variable.get('birth_year'))
  File "/home/airflow/.local/lib/python3.7/site-packages/airflow/models/variable.py", line 141, in get
    raise KeyError(f"Variable {key} does not exist")
KeyError: 'Variable birth_year does not exist'
[2023-04-19T12:38:00.503+0000] {taskinstance.py:1323} INFO - Marking task as UP_FOR_RETRY. dag_id=age_check, task_id=age_check, execution_date=20220909T000000, start_date=20230419T123759, end_date=20230419T123800
[2023-04-19T12:38:00.544+0000] {standard_task_runner.py:105} ERROR - Failed to execute job 725 for task age_check ('Variable birth_year does not exist'; 21782)
[2023-04-19T12:38:00.597+0000] {local_task_job.py:208} INFO - Task exited with return code 1
[2023-04-19T12:38:00.852+0000] {taskinstance.py:2578} INFO - 0 downstream tasks scheduled from follow-on schedule check
[2023-05-17T09:53:41.403+0000] {taskinstance.py:1083} INFO - Dependencies all met for <TaskInstance: age_check.age_check scheduled__2022-09-09T00:00:00+00:00 [queued]>
[2023-05-17T09:53:41.450+0000] {taskinstance.py:1083} INFO - Dependencies all met for <TaskInstance: age_check.age_check scheduled__2022-09-09T00:00:00+00:00 [queued]>
[2023-05-17T09:53:41.455+0000] {taskinstance.py:1279} INFO - 
--------------------------------------------------------------------------------
[2023-05-17T09:53:41.456+0000] {taskinstance.py:1280} INFO - Starting attempt 1 of 4
[2023-05-17T09:53:41.457+0000] {taskinstance.py:1281} INFO - 
--------------------------------------------------------------------------------
[2023-05-17T09:53:41.495+0000] {taskinstance.py:1300} INFO - Executing <Task(PythonOperator): age_check> on 2022-09-09 00:00:00+00:00
[2023-05-17T09:53:41.508+0000] {standard_task_runner.py:55} INFO - Started process 4461 to run task
[2023-05-17T09:53:41.531+0000] {standard_task_runner.py:82} INFO - Running: ['***', 'tasks', 'run', 'age_check', 'age_check', 'scheduled__2022-09-09T00:00:00+00:00', '--job-id', '286', '--raw', '--subdir', 'DAGS_FOLDER/age.py', '--cfg-path', '/tmp/tmpqj326jmv']
[2023-05-17T09:53:41.537+0000] {standard_task_runner.py:83} INFO - Job 286: Subtask age_check
[2023-05-17T09:53:41.821+0000] {task_command.py:388} INFO - Running <TaskInstance: age_check.age_check scheduled__2022-09-09T00:00:00+00:00 [running]> on host 242f95e3e8a8
[2023-05-17T09:53:42.059+0000] {taskinstance.py:1509} INFO - Exporting the following env vars:
AIRFLOW_CTX_DAG_OWNER=***
AIRFLOW_CTX_DAG_ID=age_check
AIRFLOW_CTX_TASK_ID=age_check
AIRFLOW_CTX_EXECUTION_DATE=2022-09-09T00:00:00+00:00
AIRFLOW_CTX_TRY_NUMBER=1
AIRFLOW_CTX_DAG_RUN_ID=scheduled__2022-09-09T00:00:00+00:00
[2023-05-17T09:53:42.086+0000] {taskinstance.py:1768} ERROR - Task failed with exception
Traceback (most recent call last):
  File "/home/airflow/.local/lib/python3.7/site-packages/airflow/operators/python.py", line 175, in execute
    return_value = self.execute_callable()
  File "/home/airflow/.local/lib/python3.7/site-packages/airflow/operators/python.py", line 192, in execute_callable
    return self.python_callable(*self.op_args, **self.op_kwargs)
  File "/opt/airflow/dags/age.py", line 35, in age_check
    birth_year = int(Variable.get('birth_year'))
  File "/home/airflow/.local/lib/python3.7/site-packages/airflow/models/variable.py", line 141, in get
    raise KeyError(f"Variable {key} does not exist")
KeyError: 'Variable birth_year does not exist'
[2023-05-17T09:53:42.110+0000] {taskinstance.py:1323} INFO - Marking task as UP_FOR_RETRY. dag_id=age_check, task_id=age_check, execution_date=20220909T000000, start_date=20230517T095341, end_date=20230517T095342
[2023-05-17T09:53:42.123+0000] {standard_task_runner.py:105} ERROR - Failed to execute job 286 for task age_check ('Variable birth_year does not exist'; 4461)
[2023-05-17T09:53:42.147+0000] {local_task_job.py:208} INFO - Task exited with return code 1
[2023-05-17T09:53:42.199+0000] {taskinstance.py:2578} INFO - 0 downstream tasks scheduled from follow-on schedule check
