[2023-12-24T17:39:45.876+0000] {taskinstance.py:1157} INFO - Dependencies all met for dep_context=non-requeueable deps ti=<TaskInstance: read_s3_file.list_s3_object scheduled__2022-11-14T00:00:00+00:00 [queued]>
[2023-12-24T17:39:45.896+0000] {taskinstance.py:1157} INFO - Dependencies all met for dep_context=requeueable deps ti=<TaskInstance: read_s3_file.list_s3_object scheduled__2022-11-14T00:00:00+00:00 [queued]>
[2023-12-24T17:39:45.900+0000] {taskinstance.py:1359} INFO - Starting attempt 2 of 4
[2023-12-24T17:39:45.943+0000] {taskinstance.py:1380} INFO - Executing <Task(PythonOperator): list_s3_object> on 2022-11-14 00:00:00+00:00
[2023-12-24T17:39:45.984+0000] {standard_task_runner.py:57} INFO - Started process 2481 to run task
[2023-12-24T17:39:45.995+0000] {standard_task_runner.py:84} INFO - Running: ['***', 'tasks', 'run', 'read_s3_file', 'list_s3_object', 'scheduled__2022-11-14T00:00:00+00:00', '--job-id', '725', '--raw', '--subdir', 'DAGS_FOLDER/desmond.py', '--cfg-path', '/tmp/tmpg25d38_3']
[2023-12-24T17:39:46.004+0000] {standard_task_runner.py:85} INFO - Job 725: Subtask list_s3_object
[2023-12-24T17:39:46.300+0000] {task_command.py:415} INFO - Running <TaskInstance: read_s3_file.list_s3_object scheduled__2022-11-14T00:00:00+00:00 [running]> on host dbb3489df186
[2023-12-24T17:39:46.539+0000] {taskinstance.py:1660} INFO - Exporting env vars: AIRFLOW_CTX_DAG_OWNER='***' AIRFLOW_CTX_DAG_ID='read_s3_file' AIRFLOW_CTX_TASK_ID='list_s3_object' AIRFLOW_CTX_EXECUTION_DATE='2022-11-14T00:00:00+00:00' AIRFLOW_CTX_TRY_NUMBER='2' AIRFLOW_CTX_DAG_RUN_ID='scheduled__2022-11-14T00:00:00+00:00'
[2023-12-24T17:39:46.559+0000] {taskinstance.py:1935} ERROR - Task failed with exception
Traceback (most recent call last):
  File "/home/airflow/.local/lib/python3.11/site-packages/airflow/operators/python.py", line 192, in execute
    return_value = self.execute_callable()
                   ^^^^^^^^^^^^^^^^^^^^^^^
  File "/home/airflow/.local/lib/python3.11/site-packages/airflow/operators/python.py", line 209, in execute_callable
    return self.python_callable(*self.op_args, **self.op_kwargs)
           ^^^^^^^^^^^^^^^^^^^^^^^^^^^^^^^^^^^^^^^^^^^^^^^^^^^^^
TypeError: list_s3_object() missing 4 required positional arguments: 'bucket_name', 'bucket_prefix', 'aws_access_key_id', and 'aws_secret_access_key'
[2023-12-24T17:39:46.604+0000] {taskinstance.py:1398} INFO - Marking task as UP_FOR_RETRY. dag_id=read_s3_file, task_id=list_s3_object, execution_date=20221114T000000, start_date=20231224T173945, end_date=20231224T173946
[2023-12-24T17:39:46.630+0000] {standard_task_runner.py:104} ERROR - Failed to execute job 725 for task list_s3_object (list_s3_object() missing 4 required positional arguments: 'bucket_name', 'bucket_prefix', 'aws_access_key_id', and 'aws_secret_access_key'; 2481)
[2023-12-24T17:39:46.679+0000] {local_task_job_runner.py:228} INFO - Task exited with return code 1
[2023-12-24T17:39:46.730+0000] {taskinstance.py:2776} INFO - 0 downstream tasks scheduled from follow-on schedule check
