[2024-02-03T22:15:05.591+0000] {taskinstance.py:1157} INFO - Dependencies all met for dep_context=non-requeueable deps ti=<TaskInstance: api_file-extract-and-upload.transfer_file scheduled__2022-09-26T00:00:00+00:00 [queued]>
[2024-02-03T22:15:05.633+0000] {taskinstance.py:1157} INFO - Dependencies all met for dep_context=requeueable deps ti=<TaskInstance: api_file-extract-and-upload.transfer_file scheduled__2022-09-26T00:00:00+00:00 [queued]>
[2024-02-03T22:15:05.636+0000] {taskinstance.py:1359} INFO - Starting attempt 3 of 4
[2024-02-03T22:15:05.690+0000] {taskinstance.py:1380} INFO - Executing <Task(PythonOperator): transfer_file> on 2022-09-26 00:00:00+00:00
[2024-02-03T22:15:05.736+0000] {standard_task_runner.py:57} INFO - Started process 8092 to run task
[2024-02-03T22:15:05.867+0000] {standard_task_runner.py:84} INFO - Running: ['***', 'tasks', 'run', 'api_file-extract-and-upload', 'transfer_file', 'scheduled__2022-09-26T00:00:00+00:00', '--job-id', '7829', '--raw', '--subdir', 'DAGS_FOLDER/api_extract.py', '--cfg-path', '/tmp/tmprl4lnokf']
[2024-02-03T22:15:05.895+0000] {standard_task_runner.py:85} INFO - Job 7829: Subtask transfer_file
[2024-02-03T22:15:08.608+0000] {task_command.py:415} INFO - Running <TaskInstance: api_file-extract-and-upload.transfer_file scheduled__2022-09-26T00:00:00+00:00 [running]> on host dbb3489df186
[2024-02-03T22:15:10.146+0000] {taskinstance.py:1660} INFO - Exporting env vars: AIRFLOW_CTX_DAG_OWNER='***' AIRFLOW_CTX_DAG_ID='api_file-extract-and-upload' AIRFLOW_CTX_TASK_ID='transfer_file' AIRFLOW_CTX_EXECUTION_DATE='2022-09-26T00:00:00+00:00' AIRFLOW_CTX_TRY_NUMBER='3' AIRFLOW_CTX_DAG_RUN_ID='scheduled__2022-09-26T00:00:00+00:00'
[2024-02-03T22:15:18.040+0000] {taskinstance.py:1935} ERROR - Task failed with exception
Traceback (most recent call last):
  File "/home/airflow/.local/lib/python3.11/site-packages/airflow/operators/python.py", line 192, in execute
    return_value = self.execute_callable()
                   ^^^^^^^^^^^^^^^^^^^^^^^
  File "/home/airflow/.local/lib/python3.11/site-packages/airflow/operators/python.py", line 209, in execute_callable
    return self.python_callable(*self.op_args, **self.op_kwargs)
           ^^^^^^^^^^^^^^^^^^^^^^^^^^^^^^^^^^^^^^^^^^^^^^^^^^^^^
  File "/opt/airflow/dags/api_extract.py", line 70, in transfer_file
    new_df = df.to_sql("new-uni-file", con=conn, schema="olist")
             ^^^^^^^^^^^^^^^^^^^^^^^^^^^^^^^^^^^^^^^^^^^^^^^^^^^
  File "/home/airflow/.local/lib/python3.11/site-packages/pandas/util/_decorators.py", line 333, in wrapper
    return func(*args, **kwargs)
           ^^^^^^^^^^^^^^^^^^^^^
  File "/home/airflow/.local/lib/python3.11/site-packages/pandas/core/generic.py", line 3008, in to_sql
    return sql.to_sql(
           ^^^^^^^^^^^
  File "/home/airflow/.local/lib/python3.11/site-packages/pandas/io/sql.py", line 788, in to_sql
    return pandas_sql.to_sql(
           ^^^^^^^^^^^^^^^^^^
  File "/home/airflow/.local/lib/python3.11/site-packages/pandas/io/sql.py", line 1948, in to_sql
    table = self.prep_table(
            ^^^^^^^^^^^^^^^^
  File "/home/airflow/.local/lib/python3.11/site-packages/pandas/io/sql.py", line 1852, in prep_table
    table.create()
  File "/home/airflow/.local/lib/python3.11/site-packages/pandas/io/sql.py", line 927, in create
    raise ValueError(f"Table '{self.name}' already exists.")
ValueError: Table 'new-uni-file' already exists.
[2024-02-03T22:15:18.810+0000] {taskinstance.py:1398} INFO - Marking task as UP_FOR_RETRY. dag_id=api_file-extract-and-upload, task_id=transfer_file, execution_date=20220926T000000, start_date=20240203T221505, end_date=20240203T221518
[2024-02-03T22:15:19.186+0000] {standard_task_runner.py:104} ERROR - Failed to execute job 7829 for task transfer_file (Table 'new-uni-file' already exists.; 8092)
[2024-02-03T22:15:19.389+0000] {local_task_job_runner.py:228} INFO - Task exited with return code 1
[2024-02-03T22:15:19.910+0000] {taskinstance.py:2776} INFO - 0 downstream tasks scheduled from follow-on schedule check
