[2023-10-21T00:38:19.269+0000] {taskinstance.py:1083} INFO - Dependencies all met for <TaskInstance: my_mulitiplication.multiplication scheduled__2023-10-20T00:00:00+00:00 [queued]>
[2023-10-21T00:38:19.297+0000] {taskinstance.py:1083} INFO - Dependencies all met for <TaskInstance: my_mulitiplication.multiplication scheduled__2023-10-20T00:00:00+00:00 [queued]>
[2023-10-21T00:38:19.299+0000] {taskinstance.py:1279} INFO - 
--------------------------------------------------------------------------------
[2023-10-21T00:38:19.300+0000] {taskinstance.py:1280} INFO - Starting attempt 1 of 4
[2023-10-21T00:38:19.301+0000] {taskinstance.py:1281} INFO - 
--------------------------------------------------------------------------------
[2023-10-21T00:38:19.330+0000] {taskinstance.py:1300} INFO - Executing <Task(PythonOperator): multiplication> on 2023-10-20 00:00:00+00:00
[2023-10-21T00:38:19.342+0000] {standard_task_runner.py:55} INFO - Started process 60183 to run task
[2023-10-21T00:38:19.363+0000] {standard_task_runner.py:82} INFO - Running: ['***', 'tasks', 'run', 'my_mulitiplication', 'multiplication', 'scheduled__2023-10-20T00:00:00+00:00', '--job-id', '5187', '--raw', '--subdir', 'DAGS_FOLDER/new_dag.py', '--cfg-path', '/tmp/tmps__nfjbp']
[2023-10-21T00:38:19.365+0000] {standard_task_runner.py:83} INFO - Job 5187: Subtask multiplication
[2023-10-21T00:38:19.864+0000] {task_command.py:388} INFO - Running <TaskInstance: my_mulitiplication.multiplication scheduled__2023-10-20T00:00:00+00:00 [running]> on host 25f6b46723d1
[2023-10-21T00:38:20.113+0000] {taskinstance.py:1509} INFO - Exporting the following env vars:
AIRFLOW_CTX_DAG_OWNER=***
AIRFLOW_CTX_DAG_ID=my_mulitiplication
AIRFLOW_CTX_TASK_ID=multiplication
AIRFLOW_CTX_EXECUTION_DATE=2023-10-20T00:00:00+00:00
AIRFLOW_CTX_TRY_NUMBER=1
AIRFLOW_CTX_DAG_RUN_ID=scheduled__2023-10-20T00:00:00+00:00
[2023-10-21T00:38:20.116+0000] {logging_mixin.py:137} INFO - 16
[2023-10-21T00:38:20.117+0000] {python.py:177} INFO - Done. Returned value was: None
[2023-10-21T00:38:20.134+0000] {taskinstance.py:1323} INFO - Marking task as SUCCESS. dag_id=my_mulitiplication, task_id=multiplication, execution_date=20231020T000000, start_date=20231021T003819, end_date=20231021T003820
[2023-10-21T00:38:20.198+0000] {local_task_job.py:208} INFO - Task exited with return code 0
[2023-10-21T00:38:20.293+0000] {taskinstance.py:2578} INFO - 1 downstream tasks scheduled from follow-on schedule check
