[2023-04-19T12:39:25.823+0000] {taskinstance.py:1083} INFO - Dependencies all met for <TaskInstance: age_check.age_check scheduled__2022-09-27T00:00:00+00:00 [queued]>
[2023-04-19T12:39:25.899+0000] {taskinstance.py:1083} INFO - Dependencies all met for <TaskInstance: age_check.age_check scheduled__2022-09-27T00:00:00+00:00 [queued]>
[2023-04-19T12:39:25.900+0000] {taskinstance.py:1279} INFO - 
--------------------------------------------------------------------------------
[2023-04-19T12:39:25.905+0000] {taskinstance.py:1280} INFO - Starting attempt 3 of 4
[2023-04-19T12:39:25.907+0000] {taskinstance.py:1281} INFO - 
--------------------------------------------------------------------------------
[2023-04-19T12:39:25.973+0000] {taskinstance.py:1300} INFO - Executing <Task(PythonOperator): age_check> on 2022-09-27 00:00:00+00:00
[2023-04-19T12:39:25.994+0000] {standard_task_runner.py:55} INFO - Started process 22156 to run task
[2023-04-19T12:39:26.047+0000] {standard_task_runner.py:82} INFO - Running: ['***', 'tasks', 'run', 'age_check', 'age_check', 'scheduled__2022-09-27T00:00:00+00:00', '--job-id', '874', '--raw', '--subdir', 'DAGS_FOLDER/age.py', '--cfg-path', '/tmp/tmpbkgvozox']
[2023-04-19T12:39:26.062+0000] {standard_task_runner.py:83} INFO - Job 874: Subtask age_check
[2023-04-19T12:39:26.311+0000] {task_command.py:388} INFO - Running <TaskInstance: age_check.age_check scheduled__2022-09-27T00:00:00+00:00 [running]> on host fe34f61acbb3
[2023-04-19T12:39:26.536+0000] {taskinstance.py:1509} INFO - Exporting the following env vars:
AIRFLOW_CTX_DAG_OWNER=***
AIRFLOW_CTX_DAG_ID=age_check
AIRFLOW_CTX_TASK_ID=age_check
AIRFLOW_CTX_EXECUTION_DATE=2022-09-27T00:00:00+00:00
AIRFLOW_CTX_TRY_NUMBER=3
AIRFLOW_CTX_DAG_RUN_ID=scheduled__2022-09-27T00:00:00+00:00
[2023-04-19T12:39:26.561+0000] {taskinstance.py:1768} ERROR - Task failed with exception
Traceback (most recent call last):
  File "/home/airflow/.local/lib/python3.7/site-packages/airflow/operators/python.py", line 175, in execute
    return_value = self.execute_callable()
  File "/home/airflow/.local/lib/python3.7/site-packages/airflow/operators/python.py", line 192, in execute_callable
    return self.python_callable(*self.op_args, **self.op_kwargs)
  File "/opt/airflow/dags/age.py", line 35, in age_check
    birth_year = int(Variable.get('birth_year'))
  File "/home/airflow/.local/lib/python3.7/site-packages/airflow/models/variable.py", line 141, in get
    raise KeyError(f"Variable {key} does not exist")
KeyError: 'Variable birth_year does not exist'
[2023-04-19T12:39:26.593+0000] {taskinstance.py:1323} INFO - Marking task as UP_FOR_RETRY. dag_id=age_check, task_id=age_check, execution_date=20220927T000000, start_date=20230419T123925, end_date=20230419T123926
[2023-04-19T12:39:26.642+0000] {standard_task_runner.py:105} ERROR - Failed to execute job 874 for task age_check ('Variable birth_year does not exist'; 22156)
[2023-04-19T12:39:26.708+0000] {local_task_job.py:208} INFO - Task exited with return code 1
[2023-04-19T12:39:26.823+0000] {taskinstance.py:2578} INFO - 0 downstream tasks scheduled from follow-on schedule check
[2023-05-17T09:55:03.883+0000] {taskinstance.py:1083} INFO - Dependencies all met for <TaskInstance: age_check.age_check scheduled__2022-09-27T00:00:00+00:00 [queued]>
[2023-05-17T09:55:03.899+0000] {taskinstance.py:1083} INFO - Dependencies all met for <TaskInstance: age_check.age_check scheduled__2022-09-27T00:00:00+00:00 [queued]>
[2023-05-17T09:55:03.901+0000] {taskinstance.py:1279} INFO - 
--------------------------------------------------------------------------------
[2023-05-17T09:55:03.905+0000] {taskinstance.py:1280} INFO - Starting attempt 3 of 4
[2023-05-17T09:55:03.910+0000] {taskinstance.py:1281} INFO - 
--------------------------------------------------------------------------------
[2023-05-17T09:55:03.934+0000] {taskinstance.py:1300} INFO - Executing <Task(PythonOperator): age_check> on 2022-09-27 00:00:00+00:00
[2023-05-17T09:55:03.950+0000] {standard_task_runner.py:55} INFO - Started process 4822 to run task
[2023-05-17T09:55:03.967+0000] {standard_task_runner.py:82} INFO - Running: ['***', 'tasks', 'run', 'age_check', 'age_check', 'scheduled__2022-09-27T00:00:00+00:00', '--job-id', '431', '--raw', '--subdir', 'DAGS_FOLDER/age.py', '--cfg-path', '/tmp/tmp55firar6']
[2023-05-17T09:55:03.969+0000] {standard_task_runner.py:83} INFO - Job 431: Subtask age_check
[2023-05-17T09:55:04.069+0000] {task_command.py:388} INFO - Running <TaskInstance: age_check.age_check scheduled__2022-09-27T00:00:00+00:00 [running]> on host 242f95e3e8a8
[2023-05-17T09:55:04.186+0000] {taskinstance.py:1509} INFO - Exporting the following env vars:
AIRFLOW_CTX_DAG_OWNER=***
AIRFLOW_CTX_DAG_ID=age_check
AIRFLOW_CTX_TASK_ID=age_check
AIRFLOW_CTX_EXECUTION_DATE=2022-09-27T00:00:00+00:00
AIRFLOW_CTX_TRY_NUMBER=3
AIRFLOW_CTX_DAG_RUN_ID=scheduled__2022-09-27T00:00:00+00:00
[2023-05-17T09:55:04.200+0000] {taskinstance.py:1768} ERROR - Task failed with exception
Traceback (most recent call last):
  File "/home/airflow/.local/lib/python3.7/site-packages/airflow/operators/python.py", line 175, in execute
    return_value = self.execute_callable()
  File "/home/airflow/.local/lib/python3.7/site-packages/airflow/operators/python.py", line 192, in execute_callable
    return self.python_callable(*self.op_args, **self.op_kwargs)
  File "/opt/airflow/dags/age.py", line 35, in age_check
    birth_year = int(Variable.get('birth_year'))
  File "/home/airflow/.local/lib/python3.7/site-packages/airflow/models/variable.py", line 141, in get
    raise KeyError(f"Variable {key} does not exist")
KeyError: 'Variable birth_year does not exist'
[2023-05-17T09:55:04.214+0000] {taskinstance.py:1323} INFO - Marking task as UP_FOR_RETRY. dag_id=age_check, task_id=age_check, execution_date=20220927T000000, start_date=20230517T095503, end_date=20230517T095504
[2023-05-17T09:55:04.236+0000] {standard_task_runner.py:105} ERROR - Failed to execute job 431 for task age_check ('Variable birth_year does not exist'; 4822)
[2023-05-17T09:55:04.258+0000] {local_task_job.py:208} INFO - Task exited with return code 1
[2023-05-17T09:55:04.352+0000] {taskinstance.py:2578} INFO - 0 downstream tasks scheduled from follow-on schedule check
