[2023-05-14T01:05:25.919+0000] {processor.py:153} INFO - Started process (PID=57810) to work on /home/airflow/.local/lib/python3.7/site-packages/airflow/example_dags/example_branch_operator.py
[2023-05-14T01:05:25.923+0000] {processor.py:743} INFO - Processing file /home/airflow/.local/lib/python3.7/site-packages/airflow/example_dags/example_branch_operator.py for tasks to queue
[2023-05-14T01:05:25.927+0000] {logging_mixin.py:137} INFO - [2023-05-14T01:05:25.927+0000] {dagbag.py:538} INFO - Filling up the DagBag from /home/airflow/.local/lib/python3.7/site-packages/airflow/example_dags/example_branch_operator.py
[2023-05-14T01:05:25.955+0000] {processor.py:753} INFO - DAG(s) dict_keys(['example_branch_operator']) retrieved from /home/airflow/.local/lib/python3.7/site-packages/airflow/example_dags/example_branch_operator.py
[2023-05-14T01:05:26.070+0000] {logging_mixin.py:137} INFO - [2023-05-14T01:05:26.070+0000] {dag.py:2690} INFO - Sync 1 DAGs
[2023-05-14T01:05:26.268+0000] {logging_mixin.py:137} INFO - [2023-05-14T01:05:26.267+0000] {dag.py:3441} INFO - Setting next_dagrun for example_branch_operator to 2023-05-13T00:00:00+00:00, run_after=2023-05-14T00:00:00+00:00
[2023-05-14T01:05:26.416+0000] {processor.py:175} INFO - Processing /home/airflow/.local/lib/python3.7/site-packages/airflow/example_dags/example_branch_operator.py took 0.509 seconds
[2023-05-14T02:09:11.112+0000] {processor.py:153} INFO - Started process (PID=57886) to work on /home/airflow/.local/lib/python3.7/site-packages/airflow/example_dags/example_branch_operator.py
[2023-05-14T02:09:11.118+0000] {processor.py:743} INFO - Processing file /home/airflow/.local/lib/python3.7/site-packages/airflow/example_dags/example_branch_operator.py for tasks to queue
[2023-05-14T02:09:11.120+0000] {logging_mixin.py:137} INFO - [2023-05-14T02:09:11.120+0000] {dagbag.py:538} INFO - Filling up the DagBag from /home/airflow/.local/lib/python3.7/site-packages/airflow/example_dags/example_branch_operator.py
[2023-05-14T02:09:11.136+0000] {processor.py:753} INFO - DAG(s) dict_keys(['example_branch_operator']) retrieved from /home/airflow/.local/lib/python3.7/site-packages/airflow/example_dags/example_branch_operator.py
[2023-05-14T02:09:11.161+0000] {logging_mixin.py:137} INFO - [2023-05-14T02:09:11.161+0000] {dag.py:2690} INFO - Sync 1 DAGs
[2023-05-14T02:09:11.182+0000] {logging_mixin.py:137} INFO - [2023-05-14T02:09:11.182+0000] {dag.py:3441} INFO - Setting next_dagrun for example_branch_operator to 2023-05-13T00:00:00+00:00, run_after=2023-05-14T00:00:00+00:00
[2023-05-14T02:09:11.195+0000] {processor.py:175} INFO - Processing /home/airflow/.local/lib/python3.7/site-packages/airflow/example_dags/example_branch_operator.py took 0.089 seconds
[2023-05-14T02:59:43.343+0000] {processor.py:153} INFO - Started process (PID=57965) to work on /home/airflow/.local/lib/python3.7/site-packages/airflow/example_dags/example_branch_operator.py
[2023-05-14T02:59:43.346+0000] {processor.py:743} INFO - Processing file /home/airflow/.local/lib/python3.7/site-packages/airflow/example_dags/example_branch_operator.py for tasks to queue
[2023-05-14T02:59:43.348+0000] {logging_mixin.py:137} INFO - [2023-05-14T02:59:43.348+0000] {dagbag.py:538} INFO - Filling up the DagBag from /home/airflow/.local/lib/python3.7/site-packages/airflow/example_dags/example_branch_operator.py
[2023-05-14T02:59:43.377+0000] {processor.py:753} INFO - DAG(s) dict_keys(['example_branch_operator']) retrieved from /home/airflow/.local/lib/python3.7/site-packages/airflow/example_dags/example_branch_operator.py
[2023-05-14T02:59:43.467+0000] {logging_mixin.py:137} INFO - [2023-05-14T02:59:43.466+0000] {dag.py:2690} INFO - Sync 1 DAGs
[2023-05-14T02:59:43.505+0000] {logging_mixin.py:137} INFO - [2023-05-14T02:59:43.505+0000] {dag.py:3441} INFO - Setting next_dagrun for example_branch_operator to 2023-05-13T00:00:00+00:00, run_after=2023-05-14T00:00:00+00:00
[2023-05-14T02:59:43.528+0000] {processor.py:175} INFO - Processing /home/airflow/.local/lib/python3.7/site-packages/airflow/example_dags/example_branch_operator.py took 0.190 seconds
[2023-05-14T03:48:14.925+0000] {processor.py:153} INFO - Started process (PID=58040) to work on /home/airflow/.local/lib/python3.7/site-packages/airflow/example_dags/example_branch_operator.py
[2023-05-14T03:48:14.928+0000] {processor.py:743} INFO - Processing file /home/airflow/.local/lib/python3.7/site-packages/airflow/example_dags/example_branch_operator.py for tasks to queue
[2023-05-14T03:48:14.930+0000] {logging_mixin.py:137} INFO - [2023-05-14T03:48:14.930+0000] {dagbag.py:538} INFO - Filling up the DagBag from /home/airflow/.local/lib/python3.7/site-packages/airflow/example_dags/example_branch_operator.py
[2023-05-14T03:48:14.945+0000] {processor.py:753} INFO - DAG(s) dict_keys(['example_branch_operator']) retrieved from /home/airflow/.local/lib/python3.7/site-packages/airflow/example_dags/example_branch_operator.py
[2023-05-14T03:48:14.970+0000] {logging_mixin.py:137} INFO - [2023-05-14T03:48:14.970+0000] {dag.py:2690} INFO - Sync 1 DAGs
[2023-05-14T03:48:14.988+0000] {logging_mixin.py:137} INFO - [2023-05-14T03:48:14.988+0000] {dag.py:3441} INFO - Setting next_dagrun for example_branch_operator to 2023-05-13T00:00:00+00:00, run_after=2023-05-14T00:00:00+00:00
[2023-05-14T03:48:15.005+0000] {processor.py:175} INFO - Processing /home/airflow/.local/lib/python3.7/site-packages/airflow/example_dags/example_branch_operator.py took 0.083 seconds
[2023-05-14T05:09:19.054+0000] {processor.py:153} INFO - Started process (PID=58124) to work on /home/airflow/.local/lib/python3.7/site-packages/airflow/example_dags/example_branch_operator.py
[2023-05-14T05:09:19.059+0000] {processor.py:743} INFO - Processing file /home/airflow/.local/lib/python3.7/site-packages/airflow/example_dags/example_branch_operator.py for tasks to queue
[2023-05-14T05:09:19.061+0000] {logging_mixin.py:137} INFO - [2023-05-14T05:09:19.061+0000] {dagbag.py:538} INFO - Filling up the DagBag from /home/airflow/.local/lib/python3.7/site-packages/airflow/example_dags/example_branch_operator.py
[2023-05-14T05:09:19.077+0000] {processor.py:753} INFO - DAG(s) dict_keys(['example_branch_operator']) retrieved from /home/airflow/.local/lib/python3.7/site-packages/airflow/example_dags/example_branch_operator.py
[2023-05-14T05:09:19.109+0000] {logging_mixin.py:137} INFO - [2023-05-14T05:09:19.109+0000] {dag.py:2690} INFO - Sync 1 DAGs
[2023-05-14T05:09:19.134+0000] {logging_mixin.py:137} INFO - [2023-05-14T05:09:19.134+0000] {dag.py:3441} INFO - Setting next_dagrun for example_branch_operator to 2023-05-13T00:00:00+00:00, run_after=2023-05-14T00:00:00+00:00
[2023-05-14T05:09:19.151+0000] {processor.py:175} INFO - Processing /home/airflow/.local/lib/python3.7/site-packages/airflow/example_dags/example_branch_operator.py took 0.101 seconds
[2023-05-14T06:15:04.632+0000] {processor.py:153} INFO - Started process (PID=58194) to work on /home/airflow/.local/lib/python3.7/site-packages/airflow/example_dags/example_branch_operator.py
[2023-05-14T06:15:04.634+0000] {processor.py:743} INFO - Processing file /home/airflow/.local/lib/python3.7/site-packages/airflow/example_dags/example_branch_operator.py for tasks to queue
[2023-05-14T06:15:04.636+0000] {logging_mixin.py:137} INFO - [2023-05-14T06:15:04.636+0000] {dagbag.py:538} INFO - Filling up the DagBag from /home/airflow/.local/lib/python3.7/site-packages/airflow/example_dags/example_branch_operator.py
[2023-05-14T06:15:04.651+0000] {processor.py:753} INFO - DAG(s) dict_keys(['example_branch_operator']) retrieved from /home/airflow/.local/lib/python3.7/site-packages/airflow/example_dags/example_branch_operator.py
[2023-05-14T06:15:04.679+0000] {logging_mixin.py:137} INFO - [2023-05-14T06:15:04.679+0000] {dag.py:2690} INFO - Sync 1 DAGs
[2023-05-14T06:15:04.699+0000] {logging_mixin.py:137} INFO - [2023-05-14T06:15:04.699+0000] {dag.py:3441} INFO - Setting next_dagrun for example_branch_operator to 2023-05-13T00:00:00+00:00, run_after=2023-05-14T00:00:00+00:00
[2023-05-14T06:15:04.715+0000] {processor.py:175} INFO - Processing /home/airflow/.local/lib/python3.7/site-packages/airflow/example_dags/example_branch_operator.py took 0.086 seconds
[2023-05-14T07:20:51.917+0000] {processor.py:153} INFO - Started process (PID=58278) to work on /home/airflow/.local/lib/python3.7/site-packages/airflow/example_dags/example_branch_operator.py
[2023-05-14T07:20:51.919+0000] {processor.py:743} INFO - Processing file /home/airflow/.local/lib/python3.7/site-packages/airflow/example_dags/example_branch_operator.py for tasks to queue
[2023-05-14T07:20:51.920+0000] {logging_mixin.py:137} INFO - [2023-05-14T07:20:51.920+0000] {dagbag.py:538} INFO - Filling up the DagBag from /home/airflow/.local/lib/python3.7/site-packages/airflow/example_dags/example_branch_operator.py
[2023-05-14T07:20:51.935+0000] {processor.py:753} INFO - DAG(s) dict_keys(['example_branch_operator']) retrieved from /home/airflow/.local/lib/python3.7/site-packages/airflow/example_dags/example_branch_operator.py
[2023-05-14T07:20:51.961+0000] {logging_mixin.py:137} INFO - [2023-05-14T07:20:51.961+0000] {dag.py:2690} INFO - Sync 1 DAGs
[2023-05-14T07:20:51.984+0000] {logging_mixin.py:137} INFO - [2023-05-14T07:20:51.984+0000] {dag.py:3441} INFO - Setting next_dagrun for example_branch_operator to 2023-05-13T00:00:00+00:00, run_after=2023-05-14T00:00:00+00:00
[2023-05-14T07:20:51.999+0000] {processor.py:175} INFO - Processing /home/airflow/.local/lib/python3.7/site-packages/airflow/example_dags/example_branch_operator.py took 0.085 seconds
[2023-05-14T08:10:05.530+0000] {processor.py:153} INFO - Started process (PID=58350) to work on /home/airflow/.local/lib/python3.7/site-packages/airflow/example_dags/example_branch_operator.py
[2023-05-14T08:10:05.532+0000] {processor.py:743} INFO - Processing file /home/airflow/.local/lib/python3.7/site-packages/airflow/example_dags/example_branch_operator.py for tasks to queue
[2023-05-14T08:10:05.534+0000] {logging_mixin.py:137} INFO - [2023-05-14T08:10:05.534+0000] {dagbag.py:538} INFO - Filling up the DagBag from /home/airflow/.local/lib/python3.7/site-packages/airflow/example_dags/example_branch_operator.py
[2023-05-14T08:10:05.549+0000] {processor.py:753} INFO - DAG(s) dict_keys(['example_branch_operator']) retrieved from /home/airflow/.local/lib/python3.7/site-packages/airflow/example_dags/example_branch_operator.py
[2023-05-14T08:10:05.579+0000] {logging_mixin.py:137} INFO - [2023-05-14T08:10:05.579+0000] {dag.py:2690} INFO - Sync 1 DAGs
[2023-05-14T08:10:05.598+0000] {logging_mixin.py:137} INFO - [2023-05-14T08:10:05.598+0000] {dag.py:3441} INFO - Setting next_dagrun for example_branch_operator to 2023-05-13T00:00:00+00:00, run_after=2023-05-14T00:00:00+00:00
[2023-05-14T08:10:05.612+0000] {processor.py:175} INFO - Processing /home/airflow/.local/lib/python3.7/site-packages/airflow/example_dags/example_branch_operator.py took 0.085 seconds
[2023-05-14T08:10:36.641+0000] {processor.py:153} INFO - Started process (PID=58434) to work on /home/airflow/.local/lib/python3.7/site-packages/airflow/example_dags/example_branch_operator.py
[2023-05-14T08:10:36.643+0000] {processor.py:743} INFO - Processing file /home/airflow/.local/lib/python3.7/site-packages/airflow/example_dags/example_branch_operator.py for tasks to queue
[2023-05-14T08:10:36.645+0000] {logging_mixin.py:137} INFO - [2023-05-14T08:10:36.645+0000] {dagbag.py:538} INFO - Filling up the DagBag from /home/airflow/.local/lib/python3.7/site-packages/airflow/example_dags/example_branch_operator.py
[2023-05-14T08:10:36.659+0000] {processor.py:753} INFO - DAG(s) dict_keys(['example_branch_operator']) retrieved from /home/airflow/.local/lib/python3.7/site-packages/airflow/example_dags/example_branch_operator.py
[2023-05-14T08:10:36.684+0000] {logging_mixin.py:137} INFO - [2023-05-14T08:10:36.684+0000] {dag.py:2690} INFO - Sync 1 DAGs
[2023-05-14T08:10:36.703+0000] {logging_mixin.py:137} INFO - [2023-05-14T08:10:36.702+0000] {dag.py:3441} INFO - Setting next_dagrun for example_branch_operator to 2023-05-13T00:00:00+00:00, run_after=2023-05-14T00:00:00+00:00
[2023-05-14T08:10:36.717+0000] {processor.py:175} INFO - Processing /home/airflow/.local/lib/python3.7/site-packages/airflow/example_dags/example_branch_operator.py took 0.079 seconds
[2023-05-14T08:11:07.074+0000] {processor.py:153} INFO - Started process (PID=58518) to work on /home/airflow/.local/lib/python3.7/site-packages/airflow/example_dags/example_branch_operator.py
[2023-05-14T08:11:07.108+0000] {processor.py:743} INFO - Processing file /home/airflow/.local/lib/python3.7/site-packages/airflow/example_dags/example_branch_operator.py for tasks to queue
[2023-05-14T08:11:07.110+0000] {logging_mixin.py:137} INFO - [2023-05-14T08:11:07.110+0000] {dagbag.py:538} INFO - Filling up the DagBag from /home/airflow/.local/lib/python3.7/site-packages/airflow/example_dags/example_branch_operator.py
[2023-05-14T08:11:07.126+0000] {processor.py:753} INFO - DAG(s) dict_keys(['example_branch_operator']) retrieved from /home/airflow/.local/lib/python3.7/site-packages/airflow/example_dags/example_branch_operator.py
[2023-05-14T08:11:07.173+0000] {logging_mixin.py:137} INFO - [2023-05-14T08:11:07.173+0000] {dag.py:2690} INFO - Sync 1 DAGs
[2023-05-14T08:11:07.207+0000] {logging_mixin.py:137} INFO - [2023-05-14T08:11:07.206+0000] {dag.py:3441} INFO - Setting next_dagrun for example_branch_operator to 2023-05-13T00:00:00+00:00, run_after=2023-05-14T00:00:00+00:00
[2023-05-14T08:11:07.221+0000] {processor.py:175} INFO - Processing /home/airflow/.local/lib/python3.7/site-packages/airflow/example_dags/example_branch_operator.py took 0.150 seconds
[2023-05-14T09:34:02.653+0000] {processor.py:153} INFO - Started process (PID=58590) to work on /home/airflow/.local/lib/python3.7/site-packages/airflow/example_dags/example_branch_operator.py
[2023-05-14T09:34:02.656+0000] {processor.py:743} INFO - Processing file /home/airflow/.local/lib/python3.7/site-packages/airflow/example_dags/example_branch_operator.py for tasks to queue
[2023-05-14T09:34:02.658+0000] {logging_mixin.py:137} INFO - [2023-05-14T09:34:02.657+0000] {dagbag.py:538} INFO - Filling up the DagBag from /home/airflow/.local/lib/python3.7/site-packages/airflow/example_dags/example_branch_operator.py
[2023-05-14T09:34:02.673+0000] {processor.py:753} INFO - DAG(s) dict_keys(['example_branch_operator']) retrieved from /home/airflow/.local/lib/python3.7/site-packages/airflow/example_dags/example_branch_operator.py
[2023-05-14T09:34:02.697+0000] {logging_mixin.py:137} INFO - [2023-05-14T09:34:02.697+0000] {dag.py:2690} INFO - Sync 1 DAGs
[2023-05-14T09:34:02.720+0000] {logging_mixin.py:137} INFO - [2023-05-14T09:34:02.720+0000] {dag.py:3441} INFO - Setting next_dagrun for example_branch_operator to 2023-05-13T00:00:00+00:00, run_after=2023-05-14T00:00:00+00:00
[2023-05-14T09:34:02.738+0000] {processor.py:175} INFO - Processing /home/airflow/.local/lib/python3.7/site-packages/airflow/example_dags/example_branch_operator.py took 0.089 seconds
[2023-05-14T10:13:12.484+0000] {processor.py:153} INFO - Started process (PID=58672) to work on /home/airflow/.local/lib/python3.7/site-packages/airflow/example_dags/example_branch_operator.py
[2023-05-14T10:13:12.486+0000] {processor.py:743} INFO - Processing file /home/airflow/.local/lib/python3.7/site-packages/airflow/example_dags/example_branch_operator.py for tasks to queue
[2023-05-14T10:13:12.488+0000] {logging_mixin.py:137} INFO - [2023-05-14T10:13:12.488+0000] {dagbag.py:538} INFO - Filling up the DagBag from /home/airflow/.local/lib/python3.7/site-packages/airflow/example_dags/example_branch_operator.py
[2023-05-14T10:13:12.503+0000] {processor.py:753} INFO - DAG(s) dict_keys(['example_branch_operator']) retrieved from /home/airflow/.local/lib/python3.7/site-packages/airflow/example_dags/example_branch_operator.py
[2023-05-14T10:13:12.533+0000] {logging_mixin.py:137} INFO - [2023-05-14T10:13:12.533+0000] {dag.py:2690} INFO - Sync 1 DAGs
[2023-05-14T10:13:12.553+0000] {logging_mixin.py:137} INFO - [2023-05-14T10:13:12.553+0000] {dag.py:3441} INFO - Setting next_dagrun for example_branch_operator to 2023-05-13T00:00:00+00:00, run_after=2023-05-14T00:00:00+00:00
[2023-05-14T10:13:12.576+0000] {processor.py:175} INFO - Processing /home/airflow/.local/lib/python3.7/site-packages/airflow/example_dags/example_branch_operator.py took 0.095 seconds
