[2023-05-14T01:05:23.789+0000] {processor.py:153} INFO - Started process (PID=57778) to work on /home/airflow/.local/lib/python3.7/site-packages/airflow/example_dags/example_local_kubernetes_executor.py
[2023-05-14T01:05:23.791+0000] {processor.py:743} INFO - Processing file /home/airflow/.local/lib/python3.7/site-packages/airflow/example_dags/example_local_kubernetes_executor.py for tasks to queue
[2023-05-14T01:05:23.792+0000] {logging_mixin.py:137} INFO - [2023-05-14T01:05:23.792+0000] {dagbag.py:538} INFO - Filling up the DagBag from /home/airflow/.local/lib/python3.7/site-packages/airflow/example_dags/example_local_kubernetes_executor.py
[2023-05-14T01:05:23.815+0000] {processor.py:753} INFO - DAG(s) dict_keys(['example_local_kubernetes_executor']) retrieved from /home/airflow/.local/lib/python3.7/site-packages/airflow/example_dags/example_local_kubernetes_executor.py
[2023-05-14T01:05:23.855+0000] {logging_mixin.py:137} INFO - [2023-05-14T01:05:23.855+0000] {dag.py:2690} INFO - Sync 1 DAGs
[2023-05-14T01:05:23.873+0000] {logging_mixin.py:137} INFO - [2023-05-14T01:05:23.873+0000] {dag.py:3441} INFO - Setting next_dagrun for example_local_kubernetes_executor to None, run_after=None
[2023-05-14T01:05:23.888+0000] {processor.py:175} INFO - Processing /home/airflow/.local/lib/python3.7/site-packages/airflow/example_dags/example_local_kubernetes_executor.py took 0.103 seconds
[2023-05-14T02:09:09.630+0000] {processor.py:153} INFO - Started process (PID=57861) to work on /home/airflow/.local/lib/python3.7/site-packages/airflow/example_dags/example_local_kubernetes_executor.py
[2023-05-14T02:09:09.632+0000] {processor.py:743} INFO - Processing file /home/airflow/.local/lib/python3.7/site-packages/airflow/example_dags/example_local_kubernetes_executor.py for tasks to queue
[2023-05-14T02:09:09.633+0000] {logging_mixin.py:137} INFO - [2023-05-14T02:09:09.633+0000] {dagbag.py:538} INFO - Filling up the DagBag from /home/airflow/.local/lib/python3.7/site-packages/airflow/example_dags/example_local_kubernetes_executor.py
[2023-05-14T02:09:09.652+0000] {processor.py:753} INFO - DAG(s) dict_keys(['example_local_kubernetes_executor']) retrieved from /home/airflow/.local/lib/python3.7/site-packages/airflow/example_dags/example_local_kubernetes_executor.py
[2023-05-14T02:09:09.684+0000] {logging_mixin.py:137} INFO - [2023-05-14T02:09:09.684+0000] {dag.py:2690} INFO - Sync 1 DAGs
[2023-05-14T02:09:09.705+0000] {logging_mixin.py:137} INFO - [2023-05-14T02:09:09.704+0000] {dag.py:3441} INFO - Setting next_dagrun for example_local_kubernetes_executor to None, run_after=None
[2023-05-14T02:09:09.719+0000] {processor.py:175} INFO - Processing /home/airflow/.local/lib/python3.7/site-packages/airflow/example_dags/example_local_kubernetes_executor.py took 0.093 seconds
[2023-05-14T02:59:41.332+0000] {processor.py:153} INFO - Started process (PID=57931) to work on /home/airflow/.local/lib/python3.7/site-packages/airflow/example_dags/example_local_kubernetes_executor.py
[2023-05-14T02:59:41.333+0000] {processor.py:743} INFO - Processing file /home/airflow/.local/lib/python3.7/site-packages/airflow/example_dags/example_local_kubernetes_executor.py for tasks to queue
[2023-05-14T02:59:41.334+0000] {logging_mixin.py:137} INFO - [2023-05-14T02:59:41.334+0000] {dagbag.py:538} INFO - Filling up the DagBag from /home/airflow/.local/lib/python3.7/site-packages/airflow/example_dags/example_local_kubernetes_executor.py
[2023-05-14T02:59:41.356+0000] {processor.py:753} INFO - DAG(s) dict_keys(['example_local_kubernetes_executor']) retrieved from /home/airflow/.local/lib/python3.7/site-packages/airflow/example_dags/example_local_kubernetes_executor.py
[2023-05-14T02:59:41.389+0000] {logging_mixin.py:137} INFO - [2023-05-14T02:59:41.389+0000] {dag.py:2690} INFO - Sync 1 DAGs
[2023-05-14T02:59:41.408+0000] {logging_mixin.py:137} INFO - [2023-05-14T02:59:41.408+0000] {dag.py:3441} INFO - Setting next_dagrun for example_local_kubernetes_executor to None, run_after=None
[2023-05-14T02:59:41.426+0000] {processor.py:175} INFO - Processing /home/airflow/.local/lib/python3.7/site-packages/airflow/example_dags/example_local_kubernetes_executor.py took 0.098 seconds
[2023-05-14T03:48:13.414+0000] {processor.py:153} INFO - Started process (PID=58015) to work on /home/airflow/.local/lib/python3.7/site-packages/airflow/example_dags/example_local_kubernetes_executor.py
[2023-05-14T03:48:13.417+0000] {processor.py:743} INFO - Processing file /home/airflow/.local/lib/python3.7/site-packages/airflow/example_dags/example_local_kubernetes_executor.py for tasks to queue
[2023-05-14T03:48:13.419+0000] {logging_mixin.py:137} INFO - [2023-05-14T03:48:13.419+0000] {dagbag.py:538} INFO - Filling up the DagBag from /home/airflow/.local/lib/python3.7/site-packages/airflow/example_dags/example_local_kubernetes_executor.py
[2023-05-14T03:48:13.440+0000] {processor.py:753} INFO - DAG(s) dict_keys(['example_local_kubernetes_executor']) retrieved from /home/airflow/.local/lib/python3.7/site-packages/airflow/example_dags/example_local_kubernetes_executor.py
[2023-05-14T03:48:13.466+0000] {logging_mixin.py:137} INFO - [2023-05-14T03:48:13.465+0000] {dag.py:2690} INFO - Sync 1 DAGs
[2023-05-14T03:48:13.483+0000] {logging_mixin.py:137} INFO - [2023-05-14T03:48:13.483+0000] {dag.py:3441} INFO - Setting next_dagrun for example_local_kubernetes_executor to None, run_after=None
[2023-05-14T03:48:13.500+0000] {processor.py:175} INFO - Processing /home/airflow/.local/lib/python3.7/site-packages/airflow/example_dags/example_local_kubernetes_executor.py took 0.089 seconds
[2023-05-14T05:09:16.894+0000] {processor.py:153} INFO - Started process (PID=58086) to work on /home/airflow/.local/lib/python3.7/site-packages/airflow/example_dags/example_local_kubernetes_executor.py
[2023-05-14T05:09:16.896+0000] {processor.py:743} INFO - Processing file /home/airflow/.local/lib/python3.7/site-packages/airflow/example_dags/example_local_kubernetes_executor.py for tasks to queue
[2023-05-14T05:09:16.897+0000] {logging_mixin.py:137} INFO - [2023-05-14T05:09:16.897+0000] {dagbag.py:538} INFO - Filling up the DagBag from /home/airflow/.local/lib/python3.7/site-packages/airflow/example_dags/example_local_kubernetes_executor.py
[2023-05-14T05:09:16.923+0000] {processor.py:753} INFO - DAG(s) dict_keys(['example_local_kubernetes_executor']) retrieved from /home/airflow/.local/lib/python3.7/site-packages/airflow/example_dags/example_local_kubernetes_executor.py
[2023-05-14T05:09:16.957+0000] {logging_mixin.py:137} INFO - [2023-05-14T05:09:16.957+0000] {dag.py:2690} INFO - Sync 1 DAGs
[2023-05-14T05:09:16.976+0000] {logging_mixin.py:137} INFO - [2023-05-14T05:09:16.976+0000] {dag.py:3441} INFO - Setting next_dagrun for example_local_kubernetes_executor to None, run_after=None
[2023-05-14T05:09:16.989+0000] {processor.py:175} INFO - Processing /home/airflow/.local/lib/python3.7/site-packages/airflow/example_dags/example_local_kubernetes_executor.py took 0.099 seconds
[2023-05-14T06:15:03.039+0000] {processor.py:153} INFO - Started process (PID=58169) to work on /home/airflow/.local/lib/python3.7/site-packages/airflow/example_dags/example_local_kubernetes_executor.py
[2023-05-14T06:15:03.041+0000] {processor.py:743} INFO - Processing file /home/airflow/.local/lib/python3.7/site-packages/airflow/example_dags/example_local_kubernetes_executor.py for tasks to queue
[2023-05-14T06:15:03.042+0000] {logging_mixin.py:137} INFO - [2023-05-14T06:15:03.042+0000] {dagbag.py:538} INFO - Filling up the DagBag from /home/airflow/.local/lib/python3.7/site-packages/airflow/example_dags/example_local_kubernetes_executor.py
[2023-05-14T06:15:03.061+0000] {processor.py:753} INFO - DAG(s) dict_keys(['example_local_kubernetes_executor']) retrieved from /home/airflow/.local/lib/python3.7/site-packages/airflow/example_dags/example_local_kubernetes_executor.py
[2023-05-14T06:15:03.087+0000] {logging_mixin.py:137} INFO - [2023-05-14T06:15:03.087+0000] {dag.py:2690} INFO - Sync 1 DAGs
[2023-05-14T06:15:03.103+0000] {logging_mixin.py:137} INFO - [2023-05-14T06:15:03.103+0000] {dag.py:3441} INFO - Setting next_dagrun for example_local_kubernetes_executor to None, run_after=None
[2023-05-14T06:15:03.116+0000] {processor.py:175} INFO - Processing /home/airflow/.local/lib/python3.7/site-packages/airflow/example_dags/example_local_kubernetes_executor.py took 0.080 seconds
[2023-05-14T07:20:49.881+0000] {processor.py:153} INFO - Started process (PID=58250) to work on /home/airflow/.local/lib/python3.7/site-packages/airflow/example_dags/example_local_kubernetes_executor.py
[2023-05-14T07:20:49.883+0000] {processor.py:743} INFO - Processing file /home/airflow/.local/lib/python3.7/site-packages/airflow/example_dags/example_local_kubernetes_executor.py for tasks to queue
[2023-05-14T07:20:49.885+0000] {logging_mixin.py:137} INFO - [2023-05-14T07:20:49.885+0000] {dagbag.py:538} INFO - Filling up the DagBag from /home/airflow/.local/lib/python3.7/site-packages/airflow/example_dags/example_local_kubernetes_executor.py
[2023-05-14T07:20:49.914+0000] {processor.py:753} INFO - DAG(s) dict_keys(['example_local_kubernetes_executor']) retrieved from /home/airflow/.local/lib/python3.7/site-packages/airflow/example_dags/example_local_kubernetes_executor.py
[2023-05-14T07:20:49.941+0000] {logging_mixin.py:137} INFO - [2023-05-14T07:20:49.940+0000] {dag.py:2690} INFO - Sync 1 DAGs
[2023-05-14T07:20:49.959+0000] {logging_mixin.py:137} INFO - [2023-05-14T07:20:49.959+0000] {dag.py:3441} INFO - Setting next_dagrun for example_local_kubernetes_executor to None, run_after=None
[2023-05-14T07:20:49.983+0000] {processor.py:175} INFO - Processing /home/airflow/.local/lib/python3.7/site-packages/airflow/example_dags/example_local_kubernetes_executor.py took 0.106 seconds
[2023-05-14T08:10:03.740+0000] {processor.py:153} INFO - Started process (PID=58325) to work on /home/airflow/.local/lib/python3.7/site-packages/airflow/example_dags/example_local_kubernetes_executor.py
[2023-05-14T08:10:03.746+0000] {processor.py:743} INFO - Processing file /home/airflow/.local/lib/python3.7/site-packages/airflow/example_dags/example_local_kubernetes_executor.py for tasks to queue
[2023-05-14T08:10:03.748+0000] {logging_mixin.py:137} INFO - [2023-05-14T08:10:03.748+0000] {dagbag.py:538} INFO - Filling up the DagBag from /home/airflow/.local/lib/python3.7/site-packages/airflow/example_dags/example_local_kubernetes_executor.py
[2023-05-14T08:10:03.771+0000] {processor.py:753} INFO - DAG(s) dict_keys(['example_local_kubernetes_executor']) retrieved from /home/airflow/.local/lib/python3.7/site-packages/airflow/example_dags/example_local_kubernetes_executor.py
[2023-05-14T08:10:03.801+0000] {logging_mixin.py:137} INFO - [2023-05-14T08:10:03.801+0000] {dag.py:2690} INFO - Sync 1 DAGs
[2023-05-14T08:10:03.820+0000] {logging_mixin.py:137} INFO - [2023-05-14T08:10:03.820+0000] {dag.py:3441} INFO - Setting next_dagrun for example_local_kubernetes_executor to None, run_after=None
[2023-05-14T08:10:03.833+0000] {processor.py:175} INFO - Processing /home/airflow/.local/lib/python3.7/site-packages/airflow/example_dags/example_local_kubernetes_executor.py took 0.096 seconds
[2023-05-14T08:10:34.046+0000] {processor.py:153} INFO - Started process (PID=58409) to work on /home/airflow/.local/lib/python3.7/site-packages/airflow/example_dags/example_local_kubernetes_executor.py
[2023-05-14T08:10:34.048+0000] {processor.py:743} INFO - Processing file /home/airflow/.local/lib/python3.7/site-packages/airflow/example_dags/example_local_kubernetes_executor.py for tasks to queue
[2023-05-14T08:10:34.049+0000] {logging_mixin.py:137} INFO - [2023-05-14T08:10:34.049+0000] {dagbag.py:538} INFO - Filling up the DagBag from /home/airflow/.local/lib/python3.7/site-packages/airflow/example_dags/example_local_kubernetes_executor.py
[2023-05-14T08:10:34.073+0000] {processor.py:753} INFO - DAG(s) dict_keys(['example_local_kubernetes_executor']) retrieved from /home/airflow/.local/lib/python3.7/site-packages/airflow/example_dags/example_local_kubernetes_executor.py
[2023-05-14T08:10:34.104+0000] {logging_mixin.py:137} INFO - [2023-05-14T08:10:34.104+0000] {dag.py:2690} INFO - Sync 1 DAGs
[2023-05-14T08:10:34.120+0000] {logging_mixin.py:137} INFO - [2023-05-14T08:10:34.120+0000] {dag.py:3441} INFO - Setting next_dagrun for example_local_kubernetes_executor to None, run_after=None
[2023-05-14T08:10:34.133+0000] {processor.py:175} INFO - Processing /home/airflow/.local/lib/python3.7/site-packages/airflow/example_dags/example_local_kubernetes_executor.py took 0.091 seconds
[2023-05-14T08:11:04.326+0000] {processor.py:153} INFO - Started process (PID=58481) to work on /home/airflow/.local/lib/python3.7/site-packages/airflow/example_dags/example_local_kubernetes_executor.py
[2023-05-14T08:11:04.327+0000] {processor.py:743} INFO - Processing file /home/airflow/.local/lib/python3.7/site-packages/airflow/example_dags/example_local_kubernetes_executor.py for tasks to queue
[2023-05-14T08:11:04.328+0000] {logging_mixin.py:137} INFO - [2023-05-14T08:11:04.328+0000] {dagbag.py:538} INFO - Filling up the DagBag from /home/airflow/.local/lib/python3.7/site-packages/airflow/example_dags/example_local_kubernetes_executor.py
[2023-05-14T08:11:04.349+0000] {processor.py:753} INFO - DAG(s) dict_keys(['example_local_kubernetes_executor']) retrieved from /home/airflow/.local/lib/python3.7/site-packages/airflow/example_dags/example_local_kubernetes_executor.py
[2023-05-14T08:11:04.375+0000] {logging_mixin.py:137} INFO - [2023-05-14T08:11:04.375+0000] {dag.py:2690} INFO - Sync 1 DAGs
[2023-05-14T08:11:04.391+0000] {logging_mixin.py:137} INFO - [2023-05-14T08:11:04.390+0000] {dag.py:3441} INFO - Setting next_dagrun for example_local_kubernetes_executor to None, run_after=None
[2023-05-14T08:11:04.402+0000] {processor.py:175} INFO - Processing /home/airflow/.local/lib/python3.7/site-packages/airflow/example_dags/example_local_kubernetes_executor.py took 0.079 seconds
[2023-05-14T09:34:00.994+0000] {processor.py:153} INFO - Started process (PID=58565) to work on /home/airflow/.local/lib/python3.7/site-packages/airflow/example_dags/example_local_kubernetes_executor.py
[2023-05-14T09:34:00.996+0000] {processor.py:743} INFO - Processing file /home/airflow/.local/lib/python3.7/site-packages/airflow/example_dags/example_local_kubernetes_executor.py for tasks to queue
[2023-05-14T09:34:00.997+0000] {logging_mixin.py:137} INFO - [2023-05-14T09:34:00.997+0000] {dagbag.py:538} INFO - Filling up the DagBag from /home/airflow/.local/lib/python3.7/site-packages/airflow/example_dags/example_local_kubernetes_executor.py
[2023-05-14T09:34:01.026+0000] {processor.py:753} INFO - DAG(s) dict_keys(['example_local_kubernetes_executor']) retrieved from /home/airflow/.local/lib/python3.7/site-packages/airflow/example_dags/example_local_kubernetes_executor.py
[2023-05-14T09:34:01.059+0000] {logging_mixin.py:137} INFO - [2023-05-14T09:34:01.059+0000] {dag.py:2690} INFO - Sync 1 DAGs
[2023-05-14T09:34:01.079+0000] {logging_mixin.py:137} INFO - [2023-05-14T09:34:01.079+0000] {dag.py:3441} INFO - Setting next_dagrun for example_local_kubernetes_executor to None, run_after=None
[2023-05-14T09:34:01.097+0000] {processor.py:175} INFO - Processing /home/airflow/.local/lib/python3.7/site-packages/airflow/example_dags/example_local_kubernetes_executor.py took 0.106 seconds
[2023-05-14T10:13:10.172+0000] {processor.py:153} INFO - Started process (PID=58642) to work on /home/airflow/.local/lib/python3.7/site-packages/airflow/example_dags/example_local_kubernetes_executor.py
[2023-05-14T10:13:10.175+0000] {processor.py:743} INFO - Processing file /home/airflow/.local/lib/python3.7/site-packages/airflow/example_dags/example_local_kubernetes_executor.py for tasks to queue
[2023-05-14T10:13:10.177+0000] {logging_mixin.py:137} INFO - [2023-05-14T10:13:10.176+0000] {dagbag.py:538} INFO - Filling up the DagBag from /home/airflow/.local/lib/python3.7/site-packages/airflow/example_dags/example_local_kubernetes_executor.py
[2023-05-14T10:13:10.209+0000] {processor.py:753} INFO - DAG(s) dict_keys(['example_local_kubernetes_executor']) retrieved from /home/airflow/.local/lib/python3.7/site-packages/airflow/example_dags/example_local_kubernetes_executor.py
[2023-05-14T10:13:10.258+0000] {logging_mixin.py:137} INFO - [2023-05-14T10:13:10.258+0000] {dag.py:2690} INFO - Sync 1 DAGs
[2023-05-14T10:13:10.332+0000] {logging_mixin.py:137} INFO - [2023-05-14T10:13:10.332+0000] {dag.py:3441} INFO - Setting next_dagrun for example_local_kubernetes_executor to None, run_after=None
[2023-05-14T10:13:10.369+0000] {processor.py:175} INFO - Processing /home/airflow/.local/lib/python3.7/site-packages/airflow/example_dags/example_local_kubernetes_executor.py took 0.201 seconds
