[2023-04-19T12:48:07.285+0000] {taskinstance.py:1083} INFO - Dependencies all met for <TaskInstance: age_check.age_check scheduled__2023-01-31T00:00:00+00:00 [queued]>
[2023-04-19T12:48:07.350+0000] {taskinstance.py:1083} INFO - Dependencies all met for <TaskInstance: age_check.age_check scheduled__2023-01-31T00:00:00+00:00 [queued]>
[2023-04-19T12:48:07.352+0000] {taskinstance.py:1279} INFO - 
--------------------------------------------------------------------------------
[2023-04-19T12:48:07.354+0000] {taskinstance.py:1280} INFO - Starting attempt 2 of 4
[2023-04-19T12:48:07.355+0000] {taskinstance.py:1281} INFO - 
--------------------------------------------------------------------------------
[2023-04-19T12:48:07.419+0000] {taskinstance.py:1300} INFO - Executing <Task(PythonOperator): age_check> on 2023-01-31 00:00:00+00:00
[2023-04-19T12:48:07.449+0000] {standard_task_runner.py:55} INFO - Started process 24382 to run task
[2023-04-19T12:48:07.488+0000] {standard_task_runner.py:82} INFO - Running: ['***', 'tasks', 'run', 'age_check', 'age_check', 'scheduled__2023-01-31T00:00:00+00:00', '--job-id', '1771', '--raw', '--subdir', 'DAGS_FOLDER/age.py', '--cfg-path', '/tmp/tmpymzy56_x']
[2023-04-19T12:48:07.498+0000] {standard_task_runner.py:83} INFO - Job 1771: Subtask age_check
[2023-04-19T12:48:07.742+0000] {task_command.py:388} INFO - Running <TaskInstance: age_check.age_check scheduled__2023-01-31T00:00:00+00:00 [running]> on host fe34f61acbb3
[2023-04-19T12:48:08.178+0000] {taskinstance.py:1509} INFO - Exporting the following env vars:
AIRFLOW_CTX_DAG_OWNER=***
AIRFLOW_CTX_DAG_ID=age_check
AIRFLOW_CTX_TASK_ID=age_check
AIRFLOW_CTX_EXECUTION_DATE=2023-01-31T00:00:00+00:00
AIRFLOW_CTX_TRY_NUMBER=2
AIRFLOW_CTX_DAG_RUN_ID=scheduled__2023-01-31T00:00:00+00:00
[2023-04-19T12:48:08.198+0000] {taskinstance.py:1768} ERROR - Task failed with exception
Traceback (most recent call last):
  File "/home/airflow/.local/lib/python3.7/site-packages/airflow/operators/python.py", line 175, in execute
    return_value = self.execute_callable()
  File "/home/airflow/.local/lib/python3.7/site-packages/airflow/operators/python.py", line 192, in execute_callable
    return self.python_callable(*self.op_args, **self.op_kwargs)
  File "/opt/airflow/dags/age.py", line 35, in age_check
    birth_year = int(Variable.get('birth_year'))
  File "/home/airflow/.local/lib/python3.7/site-packages/airflow/models/variable.py", line 141, in get
    raise KeyError(f"Variable {key} does not exist")
KeyError: 'Variable birth_year does not exist'
[2023-04-19T12:48:08.247+0000] {taskinstance.py:1323} INFO - Marking task as UP_FOR_RETRY. dag_id=age_check, task_id=age_check, execution_date=20230131T000000, start_date=20230419T124807, end_date=20230419T124808
[2023-04-19T12:48:08.281+0000] {standard_task_runner.py:105} ERROR - Failed to execute job 1771 for task age_check ('Variable birth_year does not exist'; 24382)
[2023-04-19T12:48:08.366+0000] {local_task_job.py:208} INFO - Task exited with return code 1
[2023-04-19T12:48:08.448+0000] {taskinstance.py:2578} INFO - 0 downstream tasks scheduled from follow-on schedule check
[2023-05-20T20:59:11.196+0000] {taskinstance.py:1083} INFO - Dependencies all met for <TaskInstance: age_check.age_check scheduled__2023-01-31T00:00:00+00:00 [queued]>
[2023-05-20T20:59:11.206+0000] {taskinstance.py:1083} INFO - Dependencies all met for <TaskInstance: age_check.age_check scheduled__2023-01-31T00:00:00+00:00 [queued]>
[2023-05-20T20:59:11.207+0000] {taskinstance.py:1279} INFO - 
--------------------------------------------------------------------------------
[2023-05-20T20:59:11.215+0000] {taskinstance.py:1280} INFO - Starting attempt 2 of 4
[2023-05-20T20:59:11.216+0000] {taskinstance.py:1281} INFO - 
--------------------------------------------------------------------------------
[2023-05-20T20:59:11.257+0000] {taskinstance.py:1300} INFO - Executing <Task(PythonOperator): age_check> on 2023-01-31 00:00:00+00:00
[2023-05-20T20:59:11.264+0000] {standard_task_runner.py:55} INFO - Started process 1097 to run task
[2023-05-20T20:59:11.275+0000] {standard_task_runner.py:82} INFO - Running: ['***', 'tasks', 'run', 'age_check', 'age_check', 'scheduled__2023-01-31T00:00:00+00:00', '--job-id', '1337', '--raw', '--subdir', 'DAGS_FOLDER/age.py', '--cfg-path', '/tmp/tmp63i2aqrk']
[2023-05-20T20:59:11.279+0000] {standard_task_runner.py:83} INFO - Job 1337: Subtask age_check
[2023-05-20T20:59:11.421+0000] {task_command.py:388} INFO - Running <TaskInstance: age_check.age_check scheduled__2023-01-31T00:00:00+00:00 [running]> on host 242f95e3e8a8
[2023-05-20T20:59:11.560+0000] {taskinstance.py:1509} INFO - Exporting the following env vars:
AIRFLOW_CTX_DAG_OWNER=***
AIRFLOW_CTX_DAG_ID=age_check
AIRFLOW_CTX_TASK_ID=age_check
AIRFLOW_CTX_EXECUTION_DATE=2023-01-31T00:00:00+00:00
AIRFLOW_CTX_TRY_NUMBER=2
AIRFLOW_CTX_DAG_RUN_ID=scheduled__2023-01-31T00:00:00+00:00
[2023-05-20T20:59:11.573+0000] {taskinstance.py:1768} ERROR - Task failed with exception
Traceback (most recent call last):
  File "/home/airflow/.local/lib/python3.7/site-packages/airflow/operators/python.py", line 175, in execute
    return_value = self.execute_callable()
  File "/home/airflow/.local/lib/python3.7/site-packages/airflow/operators/python.py", line 192, in execute_callable
    return self.python_callable(*self.op_args, **self.op_kwargs)
  File "/opt/airflow/dags/age.py", line 35, in age_check
    birth_year = int(Variable.get('birth_year'))
  File "/home/airflow/.local/lib/python3.7/site-packages/airflow/models/variable.py", line 141, in get
    raise KeyError(f"Variable {key} does not exist")
KeyError: 'Variable birth_year does not exist'
[2023-05-20T20:59:11.591+0000] {taskinstance.py:1323} INFO - Marking task as UP_FOR_RETRY. dag_id=age_check, task_id=age_check, execution_date=20230131T000000, start_date=20230520T205911, end_date=20230520T205911
[2023-05-20T20:59:11.605+0000] {standard_task_runner.py:105} ERROR - Failed to execute job 1337 for task age_check ('Variable birth_year does not exist'; 1097)
[2023-05-20T20:59:11.651+0000] {local_task_job.py:208} INFO - Task exited with return code 1
[2023-05-20T20:59:11.675+0000] {taskinstance.py:2578} INFO - 0 downstream tasks scheduled from follow-on schedule check
