[2023-04-19T12:52:10.474+0000] {taskinstance.py:1083} INFO - Dependencies all met for <TaskInstance: age_check.multiplication scheduled__2023-04-09T00:00:00+00:00 [queued]>
[2023-04-19T12:52:10.664+0000] {taskinstance.py:1083} INFO - Dependencies all met for <TaskInstance: age_check.multiplication scheduled__2023-04-09T00:00:00+00:00 [queued]>
[2023-04-19T12:52:10.678+0000] {taskinstance.py:1279} INFO - 
--------------------------------------------------------------------------------
[2023-04-19T12:52:10.680+0000] {taskinstance.py:1280} INFO - Starting attempt 1 of 4
[2023-04-19T12:52:10.683+0000] {taskinstance.py:1281} INFO - 
--------------------------------------------------------------------------------
[2023-04-19T12:52:11.006+0000] {taskinstance.py:1300} INFO - Executing <Task(PythonOperator): multiplication> on 2023-04-09 00:00:00+00:00
[2023-04-19T12:52:11.208+0000] {standard_task_runner.py:55} INFO - Started process 25562 to run task
[2023-04-19T12:52:11.339+0000] {standard_task_runner.py:82} INFO - Running: ['***', 'tasks', 'run', 'age_check', 'multiplication', 'scheduled__2023-04-09T00:00:00+00:00', '--job-id', '2272', '--raw', '--subdir', 'DAGS_FOLDER/age.py', '--cfg-path', '/tmp/tmptu0ib6je']
[2023-04-19T12:52:11.372+0000] {standard_task_runner.py:83} INFO - Job 2272: Subtask multiplication
[2023-04-19T12:52:11.672+0000] {task_command.py:388} INFO - Running <TaskInstance: age_check.multiplication scheduled__2023-04-09T00:00:00+00:00 [running]> on host fe34f61acbb3
[2023-04-19T12:52:12.100+0000] {taskinstance.py:1509} INFO - Exporting the following env vars:
AIRFLOW_CTX_DAG_OWNER=***
AIRFLOW_CTX_DAG_ID=age_check
AIRFLOW_CTX_TASK_ID=multiplication
AIRFLOW_CTX_EXECUTION_DATE=2023-04-09T00:00:00+00:00
AIRFLOW_CTX_TRY_NUMBER=1
AIRFLOW_CTX_DAG_RUN_ID=scheduled__2023-04-09T00:00:00+00:00
[2023-04-19T12:52:12.105+0000] {logging_mixin.py:137} INFO - 25
[2023-04-19T12:52:12.107+0000] {python.py:177} INFO - Done. Returned value was: None
[2023-04-19T12:52:12.140+0000] {taskinstance.py:1323} INFO - Marking task as SUCCESS. dag_id=age_check, task_id=multiplication, execution_date=20230409T000000, start_date=20230419T125210, end_date=20230419T125212
[2023-04-19T12:52:12.403+0000] {local_task_job.py:208} INFO - Task exited with return code 0
[2023-04-19T12:52:12.593+0000] {taskinstance.py:2578} INFO - 0 downstream tasks scheduled from follow-on schedule check
[2023-05-20T21:49:42.983+0000] {taskinstance.py:1083} INFO - Dependencies all met for <TaskInstance: age_check.multiplication scheduled__2023-04-09T00:00:00+00:00 [queued]>
[2023-05-20T21:49:43.035+0000] {taskinstance.py:1083} INFO - Dependencies all met for <TaskInstance: age_check.multiplication scheduled__2023-04-09T00:00:00+00:00 [queued]>
[2023-05-20T21:49:43.041+0000] {taskinstance.py:1279} INFO - 
--------------------------------------------------------------------------------
[2023-05-20T21:49:43.052+0000] {taskinstance.py:1280} INFO - Starting attempt 1 of 4
[2023-05-20T21:49:43.054+0000] {taskinstance.py:1281} INFO - 
--------------------------------------------------------------------------------
[2023-05-20T21:49:43.143+0000] {taskinstance.py:1300} INFO - Executing <Task(PythonOperator): multiplication> on 2023-04-09 00:00:00+00:00
[2023-05-20T21:49:43.172+0000] {standard_task_runner.py:55} INFO - Started process 2107 to run task
[2023-05-20T21:49:43.185+0000] {standard_task_runner.py:82} INFO - Running: ['***', 'tasks', 'run', 'age_check', 'multiplication', 'scheduled__2023-04-09T00:00:00+00:00', '--job-id', '1740', '--raw', '--subdir', 'DAGS_FOLDER/age.py', '--cfg-path', '/tmp/tmprjtlghtt']
[2023-05-20T21:49:43.187+0000] {standard_task_runner.py:83} INFO - Job 1740: Subtask multiplication
[2023-05-20T21:49:43.438+0000] {task_command.py:388} INFO - Running <TaskInstance: age_check.multiplication scheduled__2023-04-09T00:00:00+00:00 [running]> on host 242f95e3e8a8
[2023-05-20T21:49:43.683+0000] {taskinstance.py:1509} INFO - Exporting the following env vars:
AIRFLOW_CTX_DAG_OWNER=***
AIRFLOW_CTX_DAG_ID=age_check
AIRFLOW_CTX_TASK_ID=multiplication
AIRFLOW_CTX_EXECUTION_DATE=2023-04-09T00:00:00+00:00
AIRFLOW_CTX_TRY_NUMBER=1
AIRFLOW_CTX_DAG_RUN_ID=scheduled__2023-04-09T00:00:00+00:00
[2023-05-20T21:49:43.698+0000] {logging_mixin.py:137} INFO - 25
[2023-05-20T21:49:43.701+0000] {python.py:177} INFO - Done. Returned value was: None
[2023-05-20T21:49:43.725+0000] {taskinstance.py:1323} INFO - Marking task as SUCCESS. dag_id=age_check, task_id=multiplication, execution_date=20230409T000000, start_date=20230520T214942, end_date=20230520T214943
[2023-05-20T21:49:43.825+0000] {local_task_job.py:208} INFO - Task exited with return code 0
[2023-05-20T21:49:43.900+0000] {taskinstance.py:2578} INFO - 1 downstream tasks scheduled from follow-on schedule check
