[2023-12-03T01:03:38.392+0000] {processor.py:153} INFO - Started process (PID=76939) to work on /opt/airflow/dags/extract.py
[2023-12-03T01:03:38.395+0000] {processor.py:743} INFO - Processing file /opt/airflow/dags/extract.py for tasks to queue
[2023-12-03T01:03:38.398+0000] {logging_mixin.py:137} INFO - [2023-12-03T01:03:38.397+0000] {dagbag.py:538} INFO - Filling up the DagBag from /opt/airflow/dags/extract.py
[2023-12-03T01:03:38.672+0000] {processor.py:753} INFO - DAG(s) dict_keys(['user_processing']) retrieved from /opt/airflow/dags/extract.py
[2023-12-03T01:03:38.744+0000] {logging_mixin.py:137} INFO - [2023-12-03T01:03:38.744+0000] {dag.py:2690} INFO - Sync 1 DAGs
[2023-12-03T01:03:38.782+0000] {logging_mixin.py:137} INFO - [2023-12-03T01:03:38.781+0000] {dag.py:3441} INFO - Setting next_dagrun for user_processing to 2023-12-03T00:00:00+00:00, run_after=2023-12-04T00:00:00+00:00
[2023-12-03T01:03:38.818+0000] {processor.py:175} INFO - Processing /opt/airflow/dags/extract.py took 0.443 seconds
[2023-12-03T02:26:04.855+0000] {processor.py:153} INFO - Started process (PID=77017) to work on /opt/airflow/dags/extract.py
[2023-12-03T02:26:04.859+0000] {processor.py:743} INFO - Processing file /opt/airflow/dags/extract.py for tasks to queue
[2023-12-03T02:26:04.862+0000] {logging_mixin.py:137} INFO - [2023-12-03T02:26:04.861+0000] {dagbag.py:538} INFO - Filling up the DagBag from /opt/airflow/dags/extract.py
[2023-12-03T02:26:05.007+0000] {processor.py:753} INFO - DAG(s) dict_keys(['user_processing']) retrieved from /opt/airflow/dags/extract.py
[2023-12-03T02:26:05.045+0000] {logging_mixin.py:137} INFO - [2023-12-03T02:26:05.044+0000] {dag.py:2690} INFO - Sync 1 DAGs
[2023-12-03T02:26:05.076+0000] {logging_mixin.py:137} INFO - [2023-12-03T02:26:05.076+0000] {dag.py:3441} INFO - Setting next_dagrun for user_processing to 2023-12-03T00:00:00+00:00, run_after=2023-12-04T00:00:00+00:00
[2023-12-03T02:26:05.096+0000] {processor.py:175} INFO - Processing /opt/airflow/dags/extract.py took 0.259 seconds
[2023-12-03T03:50:51.757+0000] {processor.py:153} INFO - Started process (PID=77086) to work on /opt/airflow/dags/extract.py
[2023-12-03T03:50:51.765+0000] {processor.py:743} INFO - Processing file /opt/airflow/dags/extract.py for tasks to queue
[2023-12-03T03:50:51.772+0000] {logging_mixin.py:137} INFO - [2023-12-03T03:50:51.772+0000] {dagbag.py:538} INFO - Filling up the DagBag from /opt/airflow/dags/extract.py
[2023-12-03T03:50:52.108+0000] {processor.py:753} INFO - DAG(s) dict_keys(['user_processing']) retrieved from /opt/airflow/dags/extract.py
[2023-12-03T03:50:52.177+0000] {logging_mixin.py:137} INFO - [2023-12-03T03:50:52.176+0000] {dag.py:2690} INFO - Sync 1 DAGs
[2023-12-03T03:50:52.264+0000] {logging_mixin.py:137} INFO - [2023-12-03T03:50:52.264+0000] {dag.py:3441} INFO - Setting next_dagrun for user_processing to 2023-12-03T00:00:00+00:00, run_after=2023-12-04T00:00:00+00:00
[2023-12-03T03:50:52.334+0000] {processor.py:175} INFO - Processing /opt/airflow/dags/extract.py took 0.623 seconds
[2023-12-03T05:09:53.056+0000] {processor.py:153} INFO - Started process (PID=77154) to work on /opt/airflow/dags/extract.py
[2023-12-03T05:09:53.062+0000] {processor.py:743} INFO - Processing file /opt/airflow/dags/extract.py for tasks to queue
[2023-12-03T05:09:53.064+0000] {logging_mixin.py:137} INFO - [2023-12-03T05:09:53.064+0000] {dagbag.py:538} INFO - Filling up the DagBag from /opt/airflow/dags/extract.py
[2023-12-03T05:09:53.279+0000] {processor.py:753} INFO - DAG(s) dict_keys(['user_processing']) retrieved from /opt/airflow/dags/extract.py
[2023-12-03T05:09:53.312+0000] {logging_mixin.py:137} INFO - [2023-12-03T05:09:53.312+0000] {dag.py:2690} INFO - Sync 1 DAGs
[2023-12-03T05:09:53.345+0000] {logging_mixin.py:137} INFO - [2023-12-03T05:09:53.345+0000] {dag.py:3441} INFO - Setting next_dagrun for user_processing to 2023-12-03T00:00:00+00:00, run_after=2023-12-04T00:00:00+00:00
[2023-12-03T05:09:53.359+0000] {processor.py:175} INFO - Processing /opt/airflow/dags/extract.py took 0.323 seconds
[2023-12-03T06:31:29.840+0000] {processor.py:153} INFO - Started process (PID=77235) to work on /opt/airflow/dags/extract.py
[2023-12-03T06:31:29.850+0000] {processor.py:743} INFO - Processing file /opt/airflow/dags/extract.py for tasks to queue
[2023-12-03T06:31:29.851+0000] {logging_mixin.py:137} INFO - [2023-12-03T06:31:29.851+0000] {dagbag.py:538} INFO - Filling up the DagBag from /opt/airflow/dags/extract.py
[2023-12-03T06:31:30.084+0000] {processor.py:753} INFO - DAG(s) dict_keys(['user_processing']) retrieved from /opt/airflow/dags/extract.py
[2023-12-03T06:31:30.128+0000] {logging_mixin.py:137} INFO - [2023-12-03T06:31:30.128+0000] {dag.py:2690} INFO - Sync 1 DAGs
[2023-12-03T06:31:30.157+0000] {logging_mixin.py:137} INFO - [2023-12-03T06:31:30.157+0000] {dag.py:3441} INFO - Setting next_dagrun for user_processing to 2023-12-03T00:00:00+00:00, run_after=2023-12-04T00:00:00+00:00
[2023-12-03T06:31:30.175+0000] {processor.py:175} INFO - Processing /opt/airflow/dags/extract.py took 0.350 seconds
[2023-12-03T07:53:26.934+0000] {processor.py:153} INFO - Started process (PID=77304) to work on /opt/airflow/dags/extract.py
[2023-12-03T07:53:26.939+0000] {processor.py:743} INFO - Processing file /opt/airflow/dags/extract.py for tasks to queue
[2023-12-03T07:53:26.945+0000] {logging_mixin.py:137} INFO - [2023-12-03T07:53:26.944+0000] {dagbag.py:538} INFO - Filling up the DagBag from /opt/airflow/dags/extract.py
[2023-12-03T07:53:27.079+0000] {processor.py:753} INFO - DAG(s) dict_keys(['user_processing']) retrieved from /opt/airflow/dags/extract.py
[2023-12-03T07:53:27.129+0000] {logging_mixin.py:137} INFO - [2023-12-03T07:53:27.129+0000] {dag.py:2690} INFO - Sync 1 DAGs
[2023-12-03T07:53:27.161+0000] {logging_mixin.py:137} INFO - [2023-12-03T07:53:27.161+0000] {dag.py:3441} INFO - Setting next_dagrun for user_processing to 2023-12-03T00:00:00+00:00, run_after=2023-12-04T00:00:00+00:00
[2023-12-03T07:53:27.181+0000] {processor.py:175} INFO - Processing /opt/airflow/dags/extract.py took 0.274 seconds
[2023-12-03T09:13:53.016+0000] {processor.py:153} INFO - Started process (PID=77382) to work on /opt/airflow/dags/extract.py
[2023-12-03T09:13:53.029+0000] {processor.py:743} INFO - Processing file /opt/airflow/dags/extract.py for tasks to queue
[2023-12-03T09:13:53.034+0000] {logging_mixin.py:137} INFO - [2023-12-03T09:13:53.034+0000] {dagbag.py:538} INFO - Filling up the DagBag from /opt/airflow/dags/extract.py
[2023-12-03T09:13:53.298+0000] {processor.py:753} INFO - DAG(s) dict_keys(['user_processing']) retrieved from /opt/airflow/dags/extract.py
[2023-12-03T09:13:53.445+0000] {logging_mixin.py:137} INFO - [2023-12-03T09:13:53.444+0000] {dag.py:2690} INFO - Sync 1 DAGs
[2023-12-03T09:13:53.519+0000] {logging_mixin.py:137} INFO - [2023-12-03T09:13:53.519+0000] {dag.py:3441} INFO - Setting next_dagrun for user_processing to 2023-12-03T00:00:00+00:00, run_after=2023-12-04T00:00:00+00:00
[2023-12-03T09:13:53.559+0000] {processor.py:175} INFO - Processing /opt/airflow/dags/extract.py took 0.570 seconds
[2023-12-03T10:38:16.719+0000] {processor.py:153} INFO - Started process (PID=77454) to work on /opt/airflow/dags/extract.py
[2023-12-03T10:38:16.729+0000] {processor.py:743} INFO - Processing file /opt/airflow/dags/extract.py for tasks to queue
[2023-12-03T10:38:16.732+0000] {logging_mixin.py:137} INFO - [2023-12-03T10:38:16.732+0000] {dagbag.py:538} INFO - Filling up the DagBag from /opt/airflow/dags/extract.py
[2023-12-03T10:38:16.860+0000] {processor.py:753} INFO - DAG(s) dict_keys(['user_processing']) retrieved from /opt/airflow/dags/extract.py
[2023-12-03T10:38:16.963+0000] {logging_mixin.py:137} INFO - [2023-12-03T10:38:16.963+0000] {dag.py:2690} INFO - Sync 1 DAGs
[2023-12-03T10:38:17.039+0000] {logging_mixin.py:137} INFO - [2023-12-03T10:38:17.039+0000] {dag.py:3441} INFO - Setting next_dagrun for user_processing to 2023-12-03T00:00:00+00:00, run_after=2023-12-04T00:00:00+00:00
[2023-12-03T10:38:17.092+0000] {processor.py:175} INFO - Processing /opt/airflow/dags/extract.py took 0.398 seconds
[2023-12-03T12:00:16.954+0000] {processor.py:153} INFO - Started process (PID=77523) to work on /opt/airflow/dags/extract.py
[2023-12-03T12:00:16.964+0000] {processor.py:743} INFO - Processing file /opt/airflow/dags/extract.py for tasks to queue
[2023-12-03T12:00:16.974+0000] {logging_mixin.py:137} INFO - [2023-12-03T12:00:16.974+0000] {dagbag.py:538} INFO - Filling up the DagBag from /opt/airflow/dags/extract.py
[2023-12-03T12:00:17.091+0000] {processor.py:753} INFO - DAG(s) dict_keys(['user_processing']) retrieved from /opt/airflow/dags/extract.py
[2023-12-03T12:00:17.143+0000] {logging_mixin.py:137} INFO - [2023-12-03T12:00:17.143+0000] {dag.py:2690} INFO - Sync 1 DAGs
[2023-12-03T12:00:17.255+0000] {logging_mixin.py:137} INFO - [2023-12-03T12:00:17.255+0000] {dag.py:3441} INFO - Setting next_dagrun for user_processing to 2023-12-03T00:00:00+00:00, run_after=2023-12-04T00:00:00+00:00
[2023-12-03T12:00:17.356+0000] {processor.py:175} INFO - Processing /opt/airflow/dags/extract.py took 0.411 seconds
[2023-12-03T13:23:22.326+0000] {processor.py:153} INFO - Started process (PID=77593) to work on /opt/airflow/dags/extract.py
[2023-12-03T13:23:22.357+0000] {processor.py:743} INFO - Processing file /opt/airflow/dags/extract.py for tasks to queue
[2023-12-03T13:23:22.374+0000] {logging_mixin.py:137} INFO - [2023-12-03T13:23:22.374+0000] {dagbag.py:538} INFO - Filling up the DagBag from /opt/airflow/dags/extract.py
[2023-12-03T13:23:22.832+0000] {processor.py:753} INFO - DAG(s) dict_keys(['user_processing']) retrieved from /opt/airflow/dags/extract.py
[2023-12-03T13:23:22.892+0000] {logging_mixin.py:137} INFO - [2023-12-03T13:23:22.891+0000] {dag.py:2690} INFO - Sync 1 DAGs
[2023-12-03T13:23:22.929+0000] {logging_mixin.py:137} INFO - [2023-12-03T13:23:22.928+0000] {dag.py:3441} INFO - Setting next_dagrun for user_processing to 2023-12-03T00:00:00+00:00, run_after=2023-12-04T00:00:00+00:00
[2023-12-03T13:23:22.958+0000] {processor.py:175} INFO - Processing /opt/airflow/dags/extract.py took 0.764 seconds
[2023-12-03T14:29:56.626+0000] {processor.py:153} INFO - Started process (PID=77674) to work on /opt/airflow/dags/extract.py
[2023-12-03T14:29:56.630+0000] {processor.py:743} INFO - Processing file /opt/airflow/dags/extract.py for tasks to queue
[2023-12-03T14:29:56.637+0000] {logging_mixin.py:137} INFO - [2023-12-03T14:29:56.637+0000] {dagbag.py:538} INFO - Filling up the DagBag from /opt/airflow/dags/extract.py
[2023-12-03T14:29:57.229+0000] {processor.py:753} INFO - DAG(s) dict_keys(['user_processing']) retrieved from /opt/airflow/dags/extract.py
[2023-12-03T14:29:57.305+0000] {logging_mixin.py:137} INFO - [2023-12-03T14:29:57.305+0000] {dag.py:2690} INFO - Sync 1 DAGs
[2023-12-03T14:29:57.386+0000] {logging_mixin.py:137} INFO - [2023-12-03T14:29:57.385+0000] {dag.py:3441} INFO - Setting next_dagrun for user_processing to 2023-12-03T00:00:00+00:00, run_after=2023-12-04T00:00:00+00:00
[2023-12-03T14:29:57.443+0000] {processor.py:175} INFO - Processing /opt/airflow/dags/extract.py took 0.822 seconds
[2023-12-03T15:53:29.231+0000] {processor.py:153} INFO - Started process (PID=77742) to work on /opt/airflow/dags/extract.py
[2023-12-03T15:53:29.239+0000] {processor.py:743} INFO - Processing file /opt/airflow/dags/extract.py for tasks to queue
[2023-12-03T15:53:29.251+0000] {logging_mixin.py:137} INFO - [2023-12-03T15:53:29.248+0000] {dagbag.py:538} INFO - Filling up the DagBag from /opt/airflow/dags/extract.py
[2023-12-03T15:53:29.436+0000] {processor.py:753} INFO - DAG(s) dict_keys(['user_processing']) retrieved from /opt/airflow/dags/extract.py
[2023-12-03T15:53:29.498+0000] {logging_mixin.py:137} INFO - [2023-12-03T15:53:29.498+0000] {dag.py:2690} INFO - Sync 1 DAGs
[2023-12-03T15:53:29.549+0000] {logging_mixin.py:137} INFO - [2023-12-03T15:53:29.549+0000] {dag.py:3441} INFO - Setting next_dagrun for user_processing to 2023-12-03T00:00:00+00:00, run_after=2023-12-04T00:00:00+00:00
[2023-12-03T15:53:29.585+0000] {processor.py:175} INFO - Processing /opt/airflow/dags/extract.py took 0.374 seconds
[2023-12-03T17:15:54.227+0000] {processor.py:153} INFO - Started process (PID=77810) to work on /opt/airflow/dags/extract.py
[2023-12-03T17:15:54.232+0000] {processor.py:743} INFO - Processing file /opt/airflow/dags/extract.py for tasks to queue
[2023-12-03T17:15:54.238+0000] {logging_mixin.py:137} INFO - [2023-12-03T17:15:54.236+0000] {dagbag.py:538} INFO - Filling up the DagBag from /opt/airflow/dags/extract.py
[2023-12-03T17:15:54.602+0000] {processor.py:753} INFO - DAG(s) dict_keys(['user_processing']) retrieved from /opt/airflow/dags/extract.py
[2023-12-03T17:15:54.647+0000] {logging_mixin.py:137} INFO - [2023-12-03T17:15:54.647+0000] {dag.py:2690} INFO - Sync 1 DAGs
[2023-12-03T17:15:54.687+0000] {logging_mixin.py:137} INFO - [2023-12-03T17:15:54.687+0000] {dag.py:3441} INFO - Setting next_dagrun for user_processing to 2023-12-03T00:00:00+00:00, run_after=2023-12-04T00:00:00+00:00
[2023-12-03T17:15:54.736+0000] {processor.py:175} INFO - Processing /opt/airflow/dags/extract.py took 0.540 seconds
[2023-12-03T18:40:42.134+0000] {processor.py:153} INFO - Started process (PID=77885) to work on /opt/airflow/dags/extract.py
[2023-12-03T18:40:42.139+0000] {processor.py:743} INFO - Processing file /opt/airflow/dags/extract.py for tasks to queue
[2023-12-03T18:40:42.151+0000] {logging_mixin.py:137} INFO - [2023-12-03T18:40:42.150+0000] {dagbag.py:538} INFO - Filling up the DagBag from /opt/airflow/dags/extract.py
[2023-12-03T18:40:42.905+0000] {processor.py:753} INFO - DAG(s) dict_keys(['user_processing']) retrieved from /opt/airflow/dags/extract.py
[2023-12-03T18:40:42.958+0000] {logging_mixin.py:137} INFO - [2023-12-03T18:40:42.957+0000] {dag.py:2690} INFO - Sync 1 DAGs
[2023-12-03T18:40:42.994+0000] {logging_mixin.py:137} INFO - [2023-12-03T18:40:42.994+0000] {dag.py:3441} INFO - Setting next_dagrun for user_processing to 2023-12-03T00:00:00+00:00, run_after=2023-12-04T00:00:00+00:00
[2023-12-03T18:40:43.036+0000] {processor.py:175} INFO - Processing /opt/airflow/dags/extract.py took 0.906 seconds
[2023-12-03T19:52:43.348+0000] {processor.py:153} INFO - Started process (PID=77959) to work on /opt/airflow/dags/extract.py
[2023-12-03T19:52:43.355+0000] {processor.py:743} INFO - Processing file /opt/airflow/dags/extract.py for tasks to queue
[2023-12-03T19:52:43.368+0000] {logging_mixin.py:137} INFO - [2023-12-03T19:52:43.367+0000] {dagbag.py:538} INFO - Filling up the DagBag from /opt/airflow/dags/extract.py
[2023-12-03T19:52:44.098+0000] {processor.py:753} INFO - DAG(s) dict_keys(['user_processing']) retrieved from /opt/airflow/dags/extract.py
[2023-12-03T19:52:44.149+0000] {logging_mixin.py:137} INFO - [2023-12-03T19:52:44.149+0000] {dag.py:2690} INFO - Sync 1 DAGs
[2023-12-03T19:52:44.246+0000] {logging_mixin.py:137} INFO - [2023-12-03T19:52:44.245+0000] {dag.py:3441} INFO - Setting next_dagrun for user_processing to 2023-12-03T00:00:00+00:00, run_after=2023-12-04T00:00:00+00:00
[2023-12-03T19:52:44.320+0000] {processor.py:175} INFO - Processing /opt/airflow/dags/extract.py took 1.050 seconds
[2023-12-03T19:53:14.960+0000] {processor.py:153} INFO - Started process (PID=78028) to work on /opt/airflow/dags/extract.py
[2023-12-03T19:53:14.978+0000] {processor.py:743} INFO - Processing file /opt/airflow/dags/extract.py for tasks to queue
[2023-12-03T19:53:14.991+0000] {logging_mixin.py:137} INFO - [2023-12-03T19:53:14.991+0000] {dagbag.py:538} INFO - Filling up the DagBag from /opt/airflow/dags/extract.py
[2023-12-03T19:53:15.236+0000] {processor.py:753} INFO - DAG(s) dict_keys(['user_processing']) retrieved from /opt/airflow/dags/extract.py
[2023-12-03T19:53:15.298+0000] {logging_mixin.py:137} INFO - [2023-12-03T19:53:15.298+0000] {dag.py:2690} INFO - Sync 1 DAGs
[2023-12-03T19:53:15.351+0000] {logging_mixin.py:137} INFO - [2023-12-03T19:53:15.351+0000] {dag.py:3441} INFO - Setting next_dagrun for user_processing to 2023-12-03T00:00:00+00:00, run_after=2023-12-04T00:00:00+00:00
[2023-12-03T19:53:15.388+0000] {processor.py:175} INFO - Processing /opt/airflow/dags/extract.py took 0.450 seconds
[2023-12-03T19:53:46.066+0000] {processor.py:153} INFO - Started process (PID=78109) to work on /opt/airflow/dags/extract.py
[2023-12-03T19:53:46.072+0000] {processor.py:743} INFO - Processing file /opt/airflow/dags/extract.py for tasks to queue
[2023-12-03T19:53:46.076+0000] {logging_mixin.py:137} INFO - [2023-12-03T19:53:46.076+0000] {dagbag.py:538} INFO - Filling up the DagBag from /opt/airflow/dags/extract.py
[2023-12-03T19:53:46.193+0000] {processor.py:753} INFO - DAG(s) dict_keys(['user_processing']) retrieved from /opt/airflow/dags/extract.py
[2023-12-03T19:53:46.216+0000] {logging_mixin.py:137} INFO - [2023-12-03T19:53:46.216+0000] {dag.py:2690} INFO - Sync 1 DAGs
[2023-12-03T19:53:46.251+0000] {logging_mixin.py:137} INFO - [2023-12-03T19:53:46.251+0000] {dag.py:3441} INFO - Setting next_dagrun for user_processing to 2023-12-03T00:00:00+00:00, run_after=2023-12-04T00:00:00+00:00
[2023-12-03T19:53:46.266+0000] {processor.py:175} INFO - Processing /opt/airflow/dags/extract.py took 0.238 seconds
[2023-12-03T19:54:17.146+0000] {processor.py:153} INFO - Started process (PID=78178) to work on /opt/airflow/dags/extract.py
[2023-12-03T19:54:17.149+0000] {processor.py:743} INFO - Processing file /opt/airflow/dags/extract.py for tasks to queue
[2023-12-03T19:54:17.150+0000] {logging_mixin.py:137} INFO - [2023-12-03T19:54:17.150+0000] {dagbag.py:538} INFO - Filling up the DagBag from /opt/airflow/dags/extract.py
[2023-12-03T19:54:17.217+0000] {processor.py:753} INFO - DAG(s) dict_keys(['user_processing']) retrieved from /opt/airflow/dags/extract.py
[2023-12-03T19:54:17.243+0000] {logging_mixin.py:137} INFO - [2023-12-03T19:54:17.243+0000] {dag.py:2690} INFO - Sync 1 DAGs
[2023-12-03T19:54:17.266+0000] {logging_mixin.py:137} INFO - [2023-12-03T19:54:17.266+0000] {dag.py:3441} INFO - Setting next_dagrun for user_processing to 2023-12-03T00:00:00+00:00, run_after=2023-12-04T00:00:00+00:00
[2023-12-03T19:54:17.279+0000] {processor.py:175} INFO - Processing /opt/airflow/dags/extract.py took 0.139 seconds
[2023-12-03T19:54:48.102+0000] {processor.py:153} INFO - Started process (PID=78258) to work on /opt/airflow/dags/extract.py
[2023-12-03T19:54:48.104+0000] {processor.py:743} INFO - Processing file /opt/airflow/dags/extract.py for tasks to queue
[2023-12-03T19:54:48.106+0000] {logging_mixin.py:137} INFO - [2023-12-03T19:54:48.106+0000] {dagbag.py:538} INFO - Filling up the DagBag from /opt/airflow/dags/extract.py
[2023-12-03T19:54:48.159+0000] {processor.py:753} INFO - DAG(s) dict_keys(['user_processing']) retrieved from /opt/airflow/dags/extract.py
[2023-12-03T19:54:48.182+0000] {logging_mixin.py:137} INFO - [2023-12-03T19:54:48.182+0000] {dag.py:2690} INFO - Sync 1 DAGs
[2023-12-03T19:54:48.201+0000] {logging_mixin.py:137} INFO - [2023-12-03T19:54:48.201+0000] {dag.py:3441} INFO - Setting next_dagrun for user_processing to 2023-12-03T00:00:00+00:00, run_after=2023-12-04T00:00:00+00:00
[2023-12-03T19:54:48.213+0000] {processor.py:175} INFO - Processing /opt/airflow/dags/extract.py took 0.116 seconds
[2023-12-03T19:55:19.056+0000] {processor.py:153} INFO - Started process (PID=78327) to work on /opt/airflow/dags/extract.py
[2023-12-03T19:55:19.058+0000] {processor.py:743} INFO - Processing file /opt/airflow/dags/extract.py for tasks to queue
[2023-12-03T19:55:19.060+0000] {logging_mixin.py:137} INFO - [2023-12-03T19:55:19.060+0000] {dagbag.py:538} INFO - Filling up the DagBag from /opt/airflow/dags/extract.py
[2023-12-03T19:55:19.131+0000] {processor.py:753} INFO - DAG(s) dict_keys(['user_processing']) retrieved from /opt/airflow/dags/extract.py
[2023-12-03T19:55:19.168+0000] {logging_mixin.py:137} INFO - [2023-12-03T19:55:19.168+0000] {dag.py:2690} INFO - Sync 1 DAGs
[2023-12-03T19:55:19.190+0000] {logging_mixin.py:137} INFO - [2023-12-03T19:55:19.190+0000] {dag.py:3441} INFO - Setting next_dagrun for user_processing to 2023-12-03T00:00:00+00:00, run_after=2023-12-04T00:00:00+00:00
[2023-12-03T19:55:19.207+0000] {processor.py:175} INFO - Processing /opt/airflow/dags/extract.py took 0.158 seconds
[2023-12-03T19:55:49.956+0000] {processor.py:153} INFO - Started process (PID=78408) to work on /opt/airflow/dags/extract.py
[2023-12-03T19:55:49.957+0000] {processor.py:743} INFO - Processing file /opt/airflow/dags/extract.py for tasks to queue
[2023-12-03T19:55:49.959+0000] {logging_mixin.py:137} INFO - [2023-12-03T19:55:49.959+0000] {dagbag.py:538} INFO - Filling up the DagBag from /opt/airflow/dags/extract.py
[2023-12-03T19:55:50.013+0000] {processor.py:753} INFO - DAG(s) dict_keys(['user_processing']) retrieved from /opt/airflow/dags/extract.py
[2023-12-03T19:55:50.036+0000] {logging_mixin.py:137} INFO - [2023-12-03T19:55:50.036+0000] {dag.py:2690} INFO - Sync 1 DAGs
[2023-12-03T19:55:50.056+0000] {logging_mixin.py:137} INFO - [2023-12-03T19:55:50.056+0000] {dag.py:3441} INFO - Setting next_dagrun for user_processing to 2023-12-03T00:00:00+00:00, run_after=2023-12-04T00:00:00+00:00
[2023-12-03T19:55:50.070+0000] {processor.py:175} INFO - Processing /opt/airflow/dags/extract.py took 0.119 seconds
[2023-12-03T19:56:20.686+0000] {processor.py:153} INFO - Started process (PID=78477) to work on /opt/airflow/dags/extract.py
[2023-12-03T19:56:20.732+0000] {processor.py:743} INFO - Processing file /opt/airflow/dags/extract.py for tasks to queue
[2023-12-03T19:56:20.790+0000] {logging_mixin.py:137} INFO - [2023-12-03T19:56:20.788+0000] {dagbag.py:538} INFO - Filling up the DagBag from /opt/airflow/dags/extract.py
[2023-12-03T19:56:22.637+0000] {processor.py:753} INFO - DAG(s) dict_keys(['user_processing']) retrieved from /opt/airflow/dags/extract.py
[2023-12-03T19:56:23.220+0000] {logging_mixin.py:137} INFO - [2023-12-03T19:56:23.219+0000] {dag.py:2690} INFO - Sync 1 DAGs
[2023-12-03T19:56:23.465+0000] {logging_mixin.py:137} INFO - [2023-12-03T19:56:23.465+0000] {dag.py:3441} INFO - Setting next_dagrun for user_processing to 2023-12-03T00:00:00+00:00, run_after=2023-12-04T00:00:00+00:00
[2023-12-03T19:56:23.548+0000] {processor.py:175} INFO - Processing /opt/airflow/dags/extract.py took 2.952 seconds
[2023-12-03T20:16:55.617+0000] {processor.py:153} INFO - Started process (PID=78545) to work on /opt/airflow/dags/extract.py
[2023-12-03T20:16:55.629+0000] {processor.py:743} INFO - Processing file /opt/airflow/dags/extract.py for tasks to queue
[2023-12-03T20:16:55.633+0000] {logging_mixin.py:137} INFO - [2023-12-03T20:16:55.633+0000] {dagbag.py:538} INFO - Filling up the DagBag from /opt/airflow/dags/extract.py
[2023-12-03T20:16:56.106+0000] {processor.py:753} INFO - DAG(s) dict_keys(['user_processing']) retrieved from /opt/airflow/dags/extract.py
[2023-12-03T20:16:56.201+0000] {logging_mixin.py:137} INFO - [2023-12-03T20:16:56.201+0000] {dag.py:2690} INFO - Sync 1 DAGs
[2023-12-03T20:16:56.373+0000] {logging_mixin.py:137} INFO - [2023-12-03T20:16:56.373+0000] {dag.py:3441} INFO - Setting next_dagrun for user_processing to 2023-12-03T00:00:00+00:00, run_after=2023-12-04T00:00:00+00:00
[2023-12-03T20:16:56.509+0000] {processor.py:175} INFO - Processing /opt/airflow/dags/extract.py took 0.935 seconds
[2023-12-03T20:17:27.079+0000] {processor.py:153} INFO - Started process (PID=78614) to work on /opt/airflow/dags/extract.py
[2023-12-03T20:17:27.083+0000] {processor.py:743} INFO - Processing file /opt/airflow/dags/extract.py for tasks to queue
[2023-12-03T20:17:27.086+0000] {logging_mixin.py:137} INFO - [2023-12-03T20:17:27.086+0000] {dagbag.py:538} INFO - Filling up the DagBag from /opt/airflow/dags/extract.py
[2023-12-03T20:17:27.205+0000] {processor.py:753} INFO - DAG(s) dict_keys(['user_processing']) retrieved from /opt/airflow/dags/extract.py
[2023-12-03T20:17:27.232+0000] {logging_mixin.py:137} INFO - [2023-12-03T20:17:27.232+0000] {dag.py:2690} INFO - Sync 1 DAGs
[2023-12-03T20:17:27.265+0000] {logging_mixin.py:137} INFO - [2023-12-03T20:17:27.265+0000] {dag.py:3441} INFO - Setting next_dagrun for user_processing to 2023-12-03T00:00:00+00:00, run_after=2023-12-04T00:00:00+00:00
[2023-12-03T20:17:27.280+0000] {processor.py:175} INFO - Processing /opt/airflow/dags/extract.py took 0.216 seconds
[2023-12-03T20:17:57.875+0000] {processor.py:153} INFO - Started process (PID=78684) to work on /opt/airflow/dags/extract.py
[2023-12-03T20:17:57.881+0000] {processor.py:743} INFO - Processing file /opt/airflow/dags/extract.py for tasks to queue
[2023-12-03T20:17:57.884+0000] {logging_mixin.py:137} INFO - [2023-12-03T20:17:57.884+0000] {dagbag.py:538} INFO - Filling up the DagBag from /opt/airflow/dags/extract.py
[2023-12-03T20:17:57.997+0000] {processor.py:753} INFO - DAG(s) dict_keys(['user_processing']) retrieved from /opt/airflow/dags/extract.py
[2023-12-03T20:17:58.040+0000] {logging_mixin.py:137} INFO - [2023-12-03T20:17:58.040+0000] {dag.py:2690} INFO - Sync 1 DAGs
[2023-12-03T20:17:58.084+0000] {logging_mixin.py:137} INFO - [2023-12-03T20:17:58.083+0000] {dag.py:3441} INFO - Setting next_dagrun for user_processing to 2023-12-03T00:00:00+00:00, run_after=2023-12-04T00:00:00+00:00
[2023-12-03T20:17:58.102+0000] {processor.py:175} INFO - Processing /opt/airflow/dags/extract.py took 0.248 seconds
[2023-12-03T20:18:28.644+0000] {processor.py:153} INFO - Started process (PID=78765) to work on /opt/airflow/dags/extract.py
[2023-12-03T20:18:28.650+0000] {processor.py:743} INFO - Processing file /opt/airflow/dags/extract.py for tasks to queue
[2023-12-03T20:18:28.652+0000] {logging_mixin.py:137} INFO - [2023-12-03T20:18:28.652+0000] {dagbag.py:538} INFO - Filling up the DagBag from /opt/airflow/dags/extract.py
[2023-12-03T20:18:28.714+0000] {processor.py:753} INFO - DAG(s) dict_keys(['user_processing']) retrieved from /opt/airflow/dags/extract.py
[2023-12-03T20:18:28.738+0000] {logging_mixin.py:137} INFO - [2023-12-03T20:18:28.738+0000] {dag.py:2690} INFO - Sync 1 DAGs
[2023-12-03T20:18:28.760+0000] {logging_mixin.py:137} INFO - [2023-12-03T20:18:28.760+0000] {dag.py:3441} INFO - Setting next_dagrun for user_processing to 2023-12-03T00:00:00+00:00, run_after=2023-12-04T00:00:00+00:00
[2023-12-03T20:18:28.773+0000] {processor.py:175} INFO - Processing /opt/airflow/dags/extract.py took 0.140 seconds
[2023-12-03T20:18:59.514+0000] {processor.py:153} INFO - Started process (PID=78832) to work on /opt/airflow/dags/extract.py
[2023-12-03T20:18:59.520+0000] {processor.py:743} INFO - Processing file /opt/airflow/dags/extract.py for tasks to queue
[2023-12-03T20:18:59.534+0000] {logging_mixin.py:137} INFO - [2023-12-03T20:18:59.534+0000] {dagbag.py:538} INFO - Filling up the DagBag from /opt/airflow/dags/extract.py
[2023-12-03T20:18:59.606+0000] {processor.py:753} INFO - DAG(s) dict_keys(['user_processing']) retrieved from /opt/airflow/dags/extract.py
[2023-12-03T20:18:59.627+0000] {logging_mixin.py:137} INFO - [2023-12-03T20:18:59.627+0000] {dag.py:2690} INFO - Sync 1 DAGs
[2023-12-03T20:18:59.655+0000] {logging_mixin.py:137} INFO - [2023-12-03T20:18:59.655+0000] {dag.py:3441} INFO - Setting next_dagrun for user_processing to 2023-12-03T00:00:00+00:00, run_after=2023-12-04T00:00:00+00:00
[2023-12-03T20:18:59.671+0000] {processor.py:175} INFO - Processing /opt/airflow/dags/extract.py took 0.162 seconds
[2023-12-03T20:19:30.756+0000] {processor.py:153} INFO - Started process (PID=78913) to work on /opt/airflow/dags/extract.py
[2023-12-03T20:19:30.758+0000] {processor.py:743} INFO - Processing file /opt/airflow/dags/extract.py for tasks to queue
[2023-12-03T20:19:30.760+0000] {logging_mixin.py:137} INFO - [2023-12-03T20:19:30.760+0000] {dagbag.py:538} INFO - Filling up the DagBag from /opt/airflow/dags/extract.py
[2023-12-03T20:19:30.819+0000] {processor.py:753} INFO - DAG(s) dict_keys(['user_processing']) retrieved from /opt/airflow/dags/extract.py
[2023-12-03T20:19:30.844+0000] {logging_mixin.py:137} INFO - [2023-12-03T20:19:30.844+0000] {dag.py:2690} INFO - Sync 1 DAGs
[2023-12-03T20:19:30.867+0000] {logging_mixin.py:137} INFO - [2023-12-03T20:19:30.867+0000] {dag.py:3441} INFO - Setting next_dagrun for user_processing to 2023-12-03T00:00:00+00:00, run_after=2023-12-04T00:00:00+00:00
[2023-12-03T20:19:30.882+0000] {processor.py:175} INFO - Processing /opt/airflow/dags/extract.py took 0.134 seconds
[2023-12-03T20:20:01.337+0000] {processor.py:153} INFO - Started process (PID=78993) to work on /opt/airflow/dags/extract.py
[2023-12-03T20:20:01.340+0000] {processor.py:743} INFO - Processing file /opt/airflow/dags/extract.py for tasks to queue
[2023-12-03T20:20:01.342+0000] {logging_mixin.py:137} INFO - [2023-12-03T20:20:01.342+0000] {dagbag.py:538} INFO - Filling up the DagBag from /opt/airflow/dags/extract.py
[2023-12-03T20:20:01.397+0000] {processor.py:753} INFO - DAG(s) dict_keys(['user_processing']) retrieved from /opt/airflow/dags/extract.py
[2023-12-03T20:20:01.418+0000] {logging_mixin.py:137} INFO - [2023-12-03T20:20:01.418+0000] {dag.py:2690} INFO - Sync 1 DAGs
[2023-12-03T20:20:01.437+0000] {logging_mixin.py:137} INFO - [2023-12-03T20:20:01.437+0000] {dag.py:3441} INFO - Setting next_dagrun for user_processing to 2023-12-03T00:00:00+00:00, run_after=2023-12-04T00:00:00+00:00
[2023-12-03T20:20:01.452+0000] {processor.py:175} INFO - Processing /opt/airflow/dags/extract.py took 0.120 seconds
[2023-12-03T20:37:28.534+0000] {processor.py:153} INFO - Started process (PID=79062) to work on /opt/airflow/dags/extract.py
[2023-12-03T20:37:28.542+0000] {processor.py:743} INFO - Processing file /opt/airflow/dags/extract.py for tasks to queue
[2023-12-03T20:37:28.555+0000] {logging_mixin.py:137} INFO - [2023-12-03T20:37:28.551+0000] {dagbag.py:538} INFO - Filling up the DagBag from /opt/airflow/dags/extract.py
[2023-12-03T20:37:28.762+0000] {processor.py:753} INFO - DAG(s) dict_keys(['user_processing']) retrieved from /opt/airflow/dags/extract.py
[2023-12-03T20:37:28.795+0000] {logging_mixin.py:137} INFO - [2023-12-03T20:37:28.795+0000] {dag.py:2690} INFO - Sync 1 DAGs
[2023-12-03T20:37:28.861+0000] {logging_mixin.py:137} INFO - [2023-12-03T20:37:28.861+0000] {dag.py:3441} INFO - Setting next_dagrun for user_processing to 2023-12-03T00:00:00+00:00, run_after=2023-12-04T00:00:00+00:00
[2023-12-03T20:37:28.911+0000] {processor.py:175} INFO - Processing /opt/airflow/dags/extract.py took 0.431 seconds
[2023-12-03T21:42:53.111+0000] {processor.py:153} INFO - Started process (PID=79131) to work on /opt/airflow/dags/extract.py
[2023-12-03T21:42:53.116+0000] {processor.py:743} INFO - Processing file /opt/airflow/dags/extract.py for tasks to queue
[2023-12-03T21:42:53.118+0000] {logging_mixin.py:137} INFO - [2023-12-03T21:42:53.118+0000] {dagbag.py:538} INFO - Filling up the DagBag from /opt/airflow/dags/extract.py
[2023-12-03T21:42:53.218+0000] {processor.py:753} INFO - DAG(s) dict_keys(['user_processing']) retrieved from /opt/airflow/dags/extract.py
[2023-12-03T21:42:53.257+0000] {logging_mixin.py:137} INFO - [2023-12-03T21:42:53.257+0000] {dag.py:2690} INFO - Sync 1 DAGs
[2023-12-03T21:42:53.283+0000] {logging_mixin.py:137} INFO - [2023-12-03T21:42:53.283+0000] {dag.py:3441} INFO - Setting next_dagrun for user_processing to 2023-12-03T00:00:00+00:00, run_after=2023-12-04T00:00:00+00:00
[2023-12-03T21:42:53.319+0000] {processor.py:175} INFO - Processing /opt/airflow/dags/extract.py took 0.216 seconds
[2023-12-03T23:04:18.481+0000] {processor.py:153} INFO - Started process (PID=79200) to work on /opt/airflow/dags/extract.py
[2023-12-03T23:04:18.487+0000] {processor.py:743} INFO - Processing file /opt/airflow/dags/extract.py for tasks to queue
[2023-12-03T23:04:18.492+0000] {logging_mixin.py:137} INFO - [2023-12-03T23:04:18.489+0000] {dagbag.py:538} INFO - Filling up the DagBag from /opt/airflow/dags/extract.py
[2023-12-03T23:04:18.603+0000] {processor.py:753} INFO - DAG(s) dict_keys(['user_processing']) retrieved from /opt/airflow/dags/extract.py
[2023-12-03T23:04:18.630+0000] {logging_mixin.py:137} INFO - [2023-12-03T23:04:18.630+0000] {dag.py:2690} INFO - Sync 1 DAGs
[2023-12-03T23:04:18.659+0000] {logging_mixin.py:137} INFO - [2023-12-03T23:04:18.659+0000] {dag.py:3441} INFO - Setting next_dagrun for user_processing to 2023-12-03T00:00:00+00:00, run_after=2023-12-04T00:00:00+00:00
[2023-12-03T23:04:18.671+0000] {processor.py:175} INFO - Processing /opt/airflow/dags/extract.py took 0.202 seconds
