[2023-04-19T12:38:44.311+0000] {taskinstance.py:1083} INFO - Dependencies all met for <TaskInstance: age_check.multiplication scheduled__2022-09-24T00:00:00+00:00 [queued]>
[2023-04-19T12:38:44.369+0000] {taskinstance.py:1083} INFO - Dependencies all met for <TaskInstance: age_check.multiplication scheduled__2022-09-24T00:00:00+00:00 [queued]>
[2023-04-19T12:38:44.371+0000] {taskinstance.py:1279} INFO - 
--------------------------------------------------------------------------------
[2023-04-19T12:38:44.372+0000] {taskinstance.py:1280} INFO - Starting attempt 1 of 4
[2023-04-19T12:38:44.373+0000] {taskinstance.py:1281} INFO - 
--------------------------------------------------------------------------------
[2023-04-19T12:38:44.433+0000] {taskinstance.py:1300} INFO - Executing <Task(PythonOperator): multiplication> on 2022-09-24 00:00:00+00:00
[2023-04-19T12:38:44.473+0000] {standard_task_runner.py:55} INFO - Started process 21971 to run task
[2023-04-19T12:38:44.495+0000] {standard_task_runner.py:82} INFO - Running: ['***', 'tasks', 'run', 'age_check', 'multiplication', 'scheduled__2022-09-24T00:00:00+00:00', '--job-id', '796', '--raw', '--subdir', 'DAGS_FOLDER/age.py', '--cfg-path', '/tmp/tmpx6fxh_3m']
[2023-04-19T12:38:44.502+0000] {standard_task_runner.py:83} INFO - Job 796: Subtask multiplication
[2023-04-19T12:38:44.708+0000] {task_command.py:388} INFO - Running <TaskInstance: age_check.multiplication scheduled__2022-09-24T00:00:00+00:00 [running]> on host fe34f61acbb3
[2023-04-19T12:38:44.984+0000] {taskinstance.py:1509} INFO - Exporting the following env vars:
AIRFLOW_CTX_DAG_OWNER=***
AIRFLOW_CTX_DAG_ID=age_check
AIRFLOW_CTX_TASK_ID=multiplication
AIRFLOW_CTX_EXECUTION_DATE=2022-09-24T00:00:00+00:00
AIRFLOW_CTX_TRY_NUMBER=1
AIRFLOW_CTX_DAG_RUN_ID=scheduled__2022-09-24T00:00:00+00:00
[2023-04-19T12:38:44.986+0000] {logging_mixin.py:137} INFO - 25
[2023-04-19T12:38:44.988+0000] {python.py:177} INFO - Done. Returned value was: None
[2023-04-19T12:38:45.017+0000] {taskinstance.py:1323} INFO - Marking task as SUCCESS. dag_id=age_check, task_id=multiplication, execution_date=20220924T000000, start_date=20230419T123844, end_date=20230419T123845
[2023-04-19T12:38:45.158+0000] {local_task_job.py:208} INFO - Task exited with return code 0
[2023-04-19T12:38:45.255+0000] {taskinstance.py:2578} INFO - 0 downstream tasks scheduled from follow-on schedule check
[2023-05-17T09:54:27.736+0000] {taskinstance.py:1083} INFO - Dependencies all met for <TaskInstance: age_check.multiplication scheduled__2022-09-24T00:00:00+00:00 [queued]>
[2023-05-17T09:54:27.821+0000] {taskinstance.py:1083} INFO - Dependencies all met for <TaskInstance: age_check.multiplication scheduled__2022-09-24T00:00:00+00:00 [queued]>
[2023-05-17T09:54:27.827+0000] {taskinstance.py:1279} INFO - 
--------------------------------------------------------------------------------
[2023-05-17T09:54:27.829+0000] {taskinstance.py:1280} INFO - Starting attempt 1 of 4
[2023-05-17T09:54:27.832+0000] {taskinstance.py:1281} INFO - 
--------------------------------------------------------------------------------
[2023-05-17T09:54:27.911+0000] {taskinstance.py:1300} INFO - Executing <Task(PythonOperator): multiplication> on 2022-09-24 00:00:00+00:00
[2023-05-17T09:54:27.930+0000] {standard_task_runner.py:55} INFO - Started process 4641 to run task
[2023-05-17T09:54:27.976+0000] {standard_task_runner.py:82} INFO - Running: ['***', 'tasks', 'run', 'age_check', 'multiplication', 'scheduled__2022-09-24T00:00:00+00:00', '--job-id', '355', '--raw', '--subdir', 'DAGS_FOLDER/age.py', '--cfg-path', '/tmp/tmpd_n_ja17']
[2023-05-17T09:54:27.990+0000] {standard_task_runner.py:83} INFO - Job 355: Subtask multiplication
[2023-05-17T09:54:28.356+0000] {task_command.py:388} INFO - Running <TaskInstance: age_check.multiplication scheduled__2022-09-24T00:00:00+00:00 [running]> on host 242f95e3e8a8
[2023-05-17T09:54:28.800+0000] {taskinstance.py:1509} INFO - Exporting the following env vars:
AIRFLOW_CTX_DAG_OWNER=***
AIRFLOW_CTX_DAG_ID=age_check
AIRFLOW_CTX_TASK_ID=multiplication
AIRFLOW_CTX_EXECUTION_DATE=2022-09-24T00:00:00+00:00
AIRFLOW_CTX_TRY_NUMBER=1
AIRFLOW_CTX_DAG_RUN_ID=scheduled__2022-09-24T00:00:00+00:00
[2023-05-17T09:54:28.802+0000] {logging_mixin.py:137} INFO - 25
[2023-05-17T09:54:28.803+0000] {python.py:177} INFO - Done. Returned value was: None
[2023-05-17T09:54:28.828+0000] {taskinstance.py:1323} INFO - Marking task as SUCCESS. dag_id=age_check, task_id=multiplication, execution_date=20220924T000000, start_date=20230517T095427, end_date=20230517T095428
[2023-05-17T09:54:29.029+0000] {local_task_job.py:208} INFO - Task exited with return code 0
[2023-05-17T09:54:29.216+0000] {taskinstance.py:2578} INFO - 1 downstream tasks scheduled from follow-on schedule check
