[2023-10-09T00:12:28.369+0000] {processor.py:153} INFO - Started process (PID=181140) to work on /home/airflow/.local/lib/python3.7/site-packages/airflow/example_dags/example_branch_operator_decorator.py
[2023-10-09T00:12:28.430+0000] {processor.py:743} INFO - Processing file /home/airflow/.local/lib/python3.7/site-packages/airflow/example_dags/example_branch_operator_decorator.py for tasks to queue
[2023-10-09T00:12:28.438+0000] {logging_mixin.py:137} INFO - [2023-10-09T00:12:28.437+0000] {dagbag.py:538} INFO - Filling up the DagBag from /home/airflow/.local/lib/python3.7/site-packages/airflow/example_dags/example_branch_operator_decorator.py
[2023-10-09T00:12:28.491+0000] {processor.py:753} INFO - DAG(s) dict_keys(['example_branch_python_operator_decorator']) retrieved from /home/airflow/.local/lib/python3.7/site-packages/airflow/example_dags/example_branch_operator_decorator.py
[2023-10-09T00:12:28.541+0000] {logging_mixin.py:137} INFO - [2023-10-09T00:12:28.541+0000] {dag.py:2690} INFO - Sync 1 DAGs
[2023-10-09T00:12:28.587+0000] {logging_mixin.py:137} INFO - [2023-10-09T00:12:28.587+0000] {dag.py:3441} INFO - Setting next_dagrun for example_branch_python_operator_decorator to 2023-10-08T00:00:00+00:00, run_after=2023-10-09T00:00:00+00:00
[2023-10-09T00:12:28.638+0000] {processor.py:175} INFO - Processing /home/airflow/.local/lib/python3.7/site-packages/airflow/example_dags/example_branch_operator_decorator.py took 0.272 seconds
[2023-10-09T01:34:12.514+0000] {processor.py:153} INFO - Started process (PID=181205) to work on /home/airflow/.local/lib/python3.7/site-packages/airflow/example_dags/example_branch_operator_decorator.py
[2023-10-09T01:34:12.516+0000] {processor.py:743} INFO - Processing file /home/airflow/.local/lib/python3.7/site-packages/airflow/example_dags/example_branch_operator_decorator.py for tasks to queue
[2023-10-09T01:34:12.517+0000] {logging_mixin.py:137} INFO - [2023-10-09T01:34:12.517+0000] {dagbag.py:538} INFO - Filling up the DagBag from /home/airflow/.local/lib/python3.7/site-packages/airflow/example_dags/example_branch_operator_decorator.py
[2023-10-09T01:34:12.543+0000] {processor.py:753} INFO - DAG(s) dict_keys(['example_branch_python_operator_decorator']) retrieved from /home/airflow/.local/lib/python3.7/site-packages/airflow/example_dags/example_branch_operator_decorator.py
[2023-10-09T01:34:12.574+0000] {logging_mixin.py:137} INFO - [2023-10-09T01:34:12.574+0000] {dag.py:2690} INFO - Sync 1 DAGs
[2023-10-09T01:34:12.605+0000] {logging_mixin.py:137} INFO - [2023-10-09T01:34:12.604+0000] {dag.py:3441} INFO - Setting next_dagrun for example_branch_python_operator_decorator to 2023-10-08T00:00:00+00:00, run_after=2023-10-09T00:00:00+00:00
[2023-10-09T01:34:12.620+0000] {processor.py:175} INFO - Processing /home/airflow/.local/lib/python3.7/site-packages/airflow/example_dags/example_branch_operator_decorator.py took 0.109 seconds
[2023-10-09T01:51:56.597+0000] {processor.py:153} INFO - Started process (PID=181283) to work on /home/airflow/.local/lib/python3.7/site-packages/airflow/example_dags/example_branch_operator_decorator.py
[2023-10-09T01:51:56.621+0000] {processor.py:743} INFO - Processing file /home/airflow/.local/lib/python3.7/site-packages/airflow/example_dags/example_branch_operator_decorator.py for tasks to queue
[2023-10-09T01:51:56.640+0000] {logging_mixin.py:137} INFO - [2023-10-09T01:51:56.639+0000] {dagbag.py:538} INFO - Filling up the DagBag from /home/airflow/.local/lib/python3.7/site-packages/airflow/example_dags/example_branch_operator_decorator.py
[2023-10-09T01:51:56.921+0000] {processor.py:753} INFO - DAG(s) dict_keys(['example_branch_python_operator_decorator']) retrieved from /home/airflow/.local/lib/python3.7/site-packages/airflow/example_dags/example_branch_operator_decorator.py
[2023-10-09T01:51:57.139+0000] {logging_mixin.py:137} INFO - [2023-10-09T01:51:57.139+0000] {dag.py:2690} INFO - Sync 1 DAGs
[2023-10-09T01:51:57.344+0000] {logging_mixin.py:137} INFO - [2023-10-09T01:51:57.343+0000] {dag.py:3441} INFO - Setting next_dagrun for example_branch_python_operator_decorator to 2023-10-08T00:00:00+00:00, run_after=2023-10-09T00:00:00+00:00
[2023-10-09T01:51:57.389+0000] {processor.py:175} INFO - Processing /home/airflow/.local/lib/python3.7/site-packages/airflow/example_dags/example_branch_operator_decorator.py took 0.834 seconds
[2023-10-09T03:13:13.687+0000] {processor.py:153} INFO - Started process (PID=181355) to work on /home/airflow/.local/lib/python3.7/site-packages/airflow/example_dags/example_branch_operator_decorator.py
[2023-10-09T03:13:13.689+0000] {processor.py:743} INFO - Processing file /home/airflow/.local/lib/python3.7/site-packages/airflow/example_dags/example_branch_operator_decorator.py for tasks to queue
[2023-10-09T03:13:13.690+0000] {logging_mixin.py:137} INFO - [2023-10-09T03:13:13.690+0000] {dagbag.py:538} INFO - Filling up the DagBag from /home/airflow/.local/lib/python3.7/site-packages/airflow/example_dags/example_branch_operator_decorator.py
[2023-10-09T03:13:13.710+0000] {processor.py:753} INFO - DAG(s) dict_keys(['example_branch_python_operator_decorator']) retrieved from /home/airflow/.local/lib/python3.7/site-packages/airflow/example_dags/example_branch_operator_decorator.py
[2023-10-09T03:13:13.733+0000] {logging_mixin.py:137} INFO - [2023-10-09T03:13:13.733+0000] {dag.py:2690} INFO - Sync 1 DAGs
[2023-10-09T03:13:13.751+0000] {logging_mixin.py:137} INFO - [2023-10-09T03:13:13.751+0000] {dag.py:3441} INFO - Setting next_dagrun for example_branch_python_operator_decorator to 2023-10-08T00:00:00+00:00, run_after=2023-10-09T00:00:00+00:00
[2023-10-09T03:13:13.765+0000] {processor.py:175} INFO - Processing /home/airflow/.local/lib/python3.7/site-packages/airflow/example_dags/example_branch_operator_decorator.py took 0.081 seconds
[2023-10-09T04:33:40.020+0000] {processor.py:153} INFO - Started process (PID=181424) to work on /home/airflow/.local/lib/python3.7/site-packages/airflow/example_dags/example_branch_operator_decorator.py
[2023-10-09T04:33:40.022+0000] {processor.py:743} INFO - Processing file /home/airflow/.local/lib/python3.7/site-packages/airflow/example_dags/example_branch_operator_decorator.py for tasks to queue
[2023-10-09T04:33:40.023+0000] {logging_mixin.py:137} INFO - [2023-10-09T04:33:40.023+0000] {dagbag.py:538} INFO - Filling up the DagBag from /home/airflow/.local/lib/python3.7/site-packages/airflow/example_dags/example_branch_operator_decorator.py
[2023-10-09T04:33:40.045+0000] {processor.py:753} INFO - DAG(s) dict_keys(['example_branch_python_operator_decorator']) retrieved from /home/airflow/.local/lib/python3.7/site-packages/airflow/example_dags/example_branch_operator_decorator.py
[2023-10-09T04:33:40.077+0000] {logging_mixin.py:137} INFO - [2023-10-09T04:33:40.077+0000] {dag.py:2690} INFO - Sync 1 DAGs
[2023-10-09T04:33:40.095+0000] {logging_mixin.py:137} INFO - [2023-10-09T04:33:40.095+0000] {dag.py:3441} INFO - Setting next_dagrun for example_branch_python_operator_decorator to 2023-10-08T00:00:00+00:00, run_after=2023-10-09T00:00:00+00:00
[2023-10-09T04:33:40.111+0000] {processor.py:175} INFO - Processing /home/airflow/.local/lib/python3.7/site-packages/airflow/example_dags/example_branch_operator_decorator.py took 0.095 seconds
[2023-10-09T05:55:09.897+0000] {processor.py:153} INFO - Started process (PID=181506) to work on /home/airflow/.local/lib/python3.7/site-packages/airflow/example_dags/example_branch_operator_decorator.py
[2023-10-09T05:55:09.902+0000] {processor.py:743} INFO - Processing file /home/airflow/.local/lib/python3.7/site-packages/airflow/example_dags/example_branch_operator_decorator.py for tasks to queue
[2023-10-09T05:55:09.905+0000] {logging_mixin.py:137} INFO - [2023-10-09T05:55:09.904+0000] {dagbag.py:538} INFO - Filling up the DagBag from /home/airflow/.local/lib/python3.7/site-packages/airflow/example_dags/example_branch_operator_decorator.py
[2023-10-09T05:55:10.010+0000] {processor.py:753} INFO - DAG(s) dict_keys(['example_branch_python_operator_decorator']) retrieved from /home/airflow/.local/lib/python3.7/site-packages/airflow/example_dags/example_branch_operator_decorator.py
[2023-10-09T05:55:10.093+0000] {logging_mixin.py:137} INFO - [2023-10-09T05:55:10.093+0000] {dag.py:2690} INFO - Sync 1 DAGs
[2023-10-09T05:55:10.188+0000] {logging_mixin.py:137} INFO - [2023-10-09T05:55:10.188+0000] {dag.py:3441} INFO - Setting next_dagrun for example_branch_python_operator_decorator to 2023-10-08T00:00:00+00:00, run_after=2023-10-09T00:00:00+00:00
[2023-10-09T05:55:10.253+0000] {processor.py:175} INFO - Processing /home/airflow/.local/lib/python3.7/site-packages/airflow/example_dags/example_branch_operator_decorator.py took 0.361 seconds
[2023-10-09T07:17:28.316+0000] {processor.py:153} INFO - Started process (PID=181575) to work on /home/airflow/.local/lib/python3.7/site-packages/airflow/example_dags/example_branch_operator_decorator.py
[2023-10-09T07:17:28.318+0000] {processor.py:743} INFO - Processing file /home/airflow/.local/lib/python3.7/site-packages/airflow/example_dags/example_branch_operator_decorator.py for tasks to queue
[2023-10-09T07:17:28.320+0000] {logging_mixin.py:137} INFO - [2023-10-09T07:17:28.320+0000] {dagbag.py:538} INFO - Filling up the DagBag from /home/airflow/.local/lib/python3.7/site-packages/airflow/example_dags/example_branch_operator_decorator.py
[2023-10-09T07:17:28.352+0000] {processor.py:753} INFO - DAG(s) dict_keys(['example_branch_python_operator_decorator']) retrieved from /home/airflow/.local/lib/python3.7/site-packages/airflow/example_dags/example_branch_operator_decorator.py
[2023-10-09T07:17:28.374+0000] {logging_mixin.py:137} INFO - [2023-10-09T07:17:28.374+0000] {dag.py:2690} INFO - Sync 1 DAGs
[2023-10-09T07:17:28.394+0000] {logging_mixin.py:137} INFO - [2023-10-09T07:17:28.394+0000] {dag.py:3441} INFO - Setting next_dagrun for example_branch_python_operator_decorator to 2023-10-08T00:00:00+00:00, run_after=2023-10-09T00:00:00+00:00
[2023-10-09T07:17:28.407+0000] {processor.py:175} INFO - Processing /home/airflow/.local/lib/python3.7/site-packages/airflow/example_dags/example_branch_operator_decorator.py took 0.095 seconds
[2023-10-09T08:40:47.635+0000] {processor.py:153} INFO - Started process (PID=181644) to work on /home/airflow/.local/lib/python3.7/site-packages/airflow/example_dags/example_branch_operator_decorator.py
[2023-10-09T08:40:47.636+0000] {processor.py:743} INFO - Processing file /home/airflow/.local/lib/python3.7/site-packages/airflow/example_dags/example_branch_operator_decorator.py for tasks to queue
[2023-10-09T08:40:47.638+0000] {logging_mixin.py:137} INFO - [2023-10-09T08:40:47.638+0000] {dagbag.py:538} INFO - Filling up the DagBag from /home/airflow/.local/lib/python3.7/site-packages/airflow/example_dags/example_branch_operator_decorator.py
[2023-10-09T08:40:47.663+0000] {processor.py:753} INFO - DAG(s) dict_keys(['example_branch_python_operator_decorator']) retrieved from /home/airflow/.local/lib/python3.7/site-packages/airflow/example_dags/example_branch_operator_decorator.py
[2023-10-09T08:40:47.685+0000] {logging_mixin.py:137} INFO - [2023-10-09T08:40:47.685+0000] {dag.py:2690} INFO - Sync 1 DAGs
[2023-10-09T08:40:47.707+0000] {logging_mixin.py:137} INFO - [2023-10-09T08:40:47.707+0000] {dag.py:3441} INFO - Setting next_dagrun for example_branch_python_operator_decorator to 2023-10-08T00:00:00+00:00, run_after=2023-10-09T00:00:00+00:00
[2023-10-09T08:40:47.720+0000] {processor.py:175} INFO - Processing /home/airflow/.local/lib/python3.7/site-packages/airflow/example_dags/example_branch_operator_decorator.py took 0.089 seconds
[2023-10-09T10:02:31.541+0000] {processor.py:153} INFO - Started process (PID=181725) to work on /home/airflow/.local/lib/python3.7/site-packages/airflow/example_dags/example_branch_operator_decorator.py
[2023-10-09T10:02:31.565+0000] {processor.py:743} INFO - Processing file /home/airflow/.local/lib/python3.7/site-packages/airflow/example_dags/example_branch_operator_decorator.py for tasks to queue
[2023-10-09T10:02:31.567+0000] {logging_mixin.py:137} INFO - [2023-10-09T10:02:31.566+0000] {dagbag.py:538} INFO - Filling up the DagBag from /home/airflow/.local/lib/python3.7/site-packages/airflow/example_dags/example_branch_operator_decorator.py
[2023-10-09T10:02:31.622+0000] {processor.py:753} INFO - DAG(s) dict_keys(['example_branch_python_operator_decorator']) retrieved from /home/airflow/.local/lib/python3.7/site-packages/airflow/example_dags/example_branch_operator_decorator.py
[2023-10-09T10:02:31.661+0000] {logging_mixin.py:137} INFO - [2023-10-09T10:02:31.661+0000] {dag.py:2690} INFO - Sync 1 DAGs
[2023-10-09T10:02:31.700+0000] {logging_mixin.py:137} INFO - [2023-10-09T10:02:31.700+0000] {dag.py:3441} INFO - Setting next_dagrun for example_branch_python_operator_decorator to 2023-10-08T00:00:00+00:00, run_after=2023-10-09T00:00:00+00:00
[2023-10-09T10:02:31.723+0000] {processor.py:175} INFO - Processing /home/airflow/.local/lib/python3.7/site-packages/airflow/example_dags/example_branch_operator_decorator.py took 0.197 seconds
[2023-10-09T11:23:31.379+0000] {processor.py:153} INFO - Started process (PID=181793) to work on /home/airflow/.local/lib/python3.7/site-packages/airflow/example_dags/example_branch_operator_decorator.py
[2023-10-09T11:23:31.380+0000] {processor.py:743} INFO - Processing file /home/airflow/.local/lib/python3.7/site-packages/airflow/example_dags/example_branch_operator_decorator.py for tasks to queue
[2023-10-09T11:23:31.381+0000] {logging_mixin.py:137} INFO - [2023-10-09T11:23:31.381+0000] {dagbag.py:538} INFO - Filling up the DagBag from /home/airflow/.local/lib/python3.7/site-packages/airflow/example_dags/example_branch_operator_decorator.py
[2023-10-09T11:23:31.401+0000] {processor.py:753} INFO - DAG(s) dict_keys(['example_branch_python_operator_decorator']) retrieved from /home/airflow/.local/lib/python3.7/site-packages/airflow/example_dags/example_branch_operator_decorator.py
[2023-10-09T11:23:31.424+0000] {logging_mixin.py:137} INFO - [2023-10-09T11:23:31.424+0000] {dag.py:2690} INFO - Sync 1 DAGs
[2023-10-09T11:23:31.440+0000] {logging_mixin.py:137} INFO - [2023-10-09T11:23:31.440+0000] {dag.py:3441} INFO - Setting next_dagrun for example_branch_python_operator_decorator to 2023-10-08T00:00:00+00:00, run_after=2023-10-09T00:00:00+00:00
[2023-10-09T11:23:31.454+0000] {processor.py:175} INFO - Processing /home/airflow/.local/lib/python3.7/site-packages/airflow/example_dags/example_branch_operator_decorator.py took 0.078 seconds
[2023-10-09T12:42:53.839+0000] {processor.py:153} INFO - Started process (PID=181862) to work on /home/airflow/.local/lib/python3.7/site-packages/airflow/example_dags/example_branch_operator_decorator.py
[2023-10-09T12:42:53.841+0000] {processor.py:743} INFO - Processing file /home/airflow/.local/lib/python3.7/site-packages/airflow/example_dags/example_branch_operator_decorator.py for tasks to queue
[2023-10-09T12:42:53.843+0000] {logging_mixin.py:137} INFO - [2023-10-09T12:42:53.843+0000] {dagbag.py:538} INFO - Filling up the DagBag from /home/airflow/.local/lib/python3.7/site-packages/airflow/example_dags/example_branch_operator_decorator.py
[2023-10-09T12:42:53.875+0000] {processor.py:753} INFO - DAG(s) dict_keys(['example_branch_python_operator_decorator']) retrieved from /home/airflow/.local/lib/python3.7/site-packages/airflow/example_dags/example_branch_operator_decorator.py
[2023-10-09T12:42:53.920+0000] {logging_mixin.py:137} INFO - [2023-10-09T12:42:53.920+0000] {dag.py:2690} INFO - Sync 1 DAGs
[2023-10-09T12:42:53.941+0000] {logging_mixin.py:137} INFO - [2023-10-09T12:42:53.941+0000] {dag.py:3441} INFO - Setting next_dagrun for example_branch_python_operator_decorator to 2023-10-08T00:00:00+00:00, run_after=2023-10-09T00:00:00+00:00
[2023-10-09T12:42:53.955+0000] {processor.py:175} INFO - Processing /home/airflow/.local/lib/python3.7/site-packages/airflow/example_dags/example_branch_operator_decorator.py took 0.120 seconds
[2023-10-09T14:06:05.367+0000] {processor.py:153} INFO - Started process (PID=181943) to work on /home/airflow/.local/lib/python3.7/site-packages/airflow/example_dags/example_branch_operator_decorator.py
[2023-10-09T14:06:05.369+0000] {processor.py:743} INFO - Processing file /home/airflow/.local/lib/python3.7/site-packages/airflow/example_dags/example_branch_operator_decorator.py for tasks to queue
[2023-10-09T14:06:05.372+0000] {logging_mixin.py:137} INFO - [2023-10-09T14:06:05.372+0000] {dagbag.py:538} INFO - Filling up the DagBag from /home/airflow/.local/lib/python3.7/site-packages/airflow/example_dags/example_branch_operator_decorator.py
[2023-10-09T14:06:05.395+0000] {processor.py:753} INFO - DAG(s) dict_keys(['example_branch_python_operator_decorator']) retrieved from /home/airflow/.local/lib/python3.7/site-packages/airflow/example_dags/example_branch_operator_decorator.py
[2023-10-09T14:06:05.423+0000] {logging_mixin.py:137} INFO - [2023-10-09T14:06:05.423+0000] {dag.py:2690} INFO - Sync 1 DAGs
[2023-10-09T14:06:05.446+0000] {logging_mixin.py:137} INFO - [2023-10-09T14:06:05.446+0000] {dag.py:3441} INFO - Setting next_dagrun for example_branch_python_operator_decorator to 2023-10-08T00:00:00+00:00, run_after=2023-10-09T00:00:00+00:00
[2023-10-09T14:06:05.461+0000] {processor.py:175} INFO - Processing /home/airflow/.local/lib/python3.7/site-packages/airflow/example_dags/example_branch_operator_decorator.py took 0.097 seconds
[2023-10-09T15:12:08.324+0000] {processor.py:153} INFO - Started process (PID=182012) to work on /home/airflow/.local/lib/python3.7/site-packages/airflow/example_dags/example_branch_operator_decorator.py
[2023-10-09T15:12:08.326+0000] {processor.py:743} INFO - Processing file /home/airflow/.local/lib/python3.7/site-packages/airflow/example_dags/example_branch_operator_decorator.py for tasks to queue
[2023-10-09T15:12:08.328+0000] {logging_mixin.py:137} INFO - [2023-10-09T15:12:08.328+0000] {dagbag.py:538} INFO - Filling up the DagBag from /home/airflow/.local/lib/python3.7/site-packages/airflow/example_dags/example_branch_operator_decorator.py
[2023-10-09T15:12:08.353+0000] {processor.py:753} INFO - DAG(s) dict_keys(['example_branch_python_operator_decorator']) retrieved from /home/airflow/.local/lib/python3.7/site-packages/airflow/example_dags/example_branch_operator_decorator.py
[2023-10-09T15:12:08.385+0000] {logging_mixin.py:137} INFO - [2023-10-09T15:12:08.385+0000] {dag.py:2690} INFO - Sync 1 DAGs
[2023-10-09T15:12:08.409+0000] {logging_mixin.py:137} INFO - [2023-10-09T15:12:08.409+0000] {dag.py:3441} INFO - Setting next_dagrun for example_branch_python_operator_decorator to 2023-10-08T00:00:00+00:00, run_after=2023-10-09T00:00:00+00:00
[2023-10-09T15:12:08.443+0000] {processor.py:175} INFO - Processing /home/airflow/.local/lib/python3.7/site-packages/airflow/example_dags/example_branch_operator_decorator.py took 0.123 seconds
[2023-10-09T16:15:52.776+0000] {processor.py:153} INFO - Started process (PID=182092) to work on /home/airflow/.local/lib/python3.7/site-packages/airflow/example_dags/example_branch_operator_decorator.py
[2023-10-09T16:15:52.779+0000] {processor.py:743} INFO - Processing file /home/airflow/.local/lib/python3.7/site-packages/airflow/example_dags/example_branch_operator_decorator.py for tasks to queue
[2023-10-09T16:15:52.782+0000] {logging_mixin.py:137} INFO - [2023-10-09T16:15:52.782+0000] {dagbag.py:538} INFO - Filling up the DagBag from /home/airflow/.local/lib/python3.7/site-packages/airflow/example_dags/example_branch_operator_decorator.py
[2023-10-09T16:15:52.805+0000] {processor.py:753} INFO - DAG(s) dict_keys(['example_branch_python_operator_decorator']) retrieved from /home/airflow/.local/lib/python3.7/site-packages/airflow/example_dags/example_branch_operator_decorator.py
[2023-10-09T16:15:52.829+0000] {logging_mixin.py:137} INFO - [2023-10-09T16:15:52.828+0000] {dag.py:2690} INFO - Sync 1 DAGs
[2023-10-09T16:15:52.847+0000] {logging_mixin.py:137} INFO - [2023-10-09T16:15:52.847+0000] {dag.py:3441} INFO - Setting next_dagrun for example_branch_python_operator_decorator to 2023-10-08T00:00:00+00:00, run_after=2023-10-09T00:00:00+00:00
[2023-10-09T16:15:52.861+0000] {processor.py:175} INFO - Processing /home/airflow/.local/lib/python3.7/site-packages/airflow/example_dags/example_branch_operator_decorator.py took 0.088 seconds
[2023-10-09T17:36:37.943+0000] {processor.py:153} INFO - Started process (PID=182162) to work on /home/airflow/.local/lib/python3.7/site-packages/airflow/example_dags/example_branch_operator_decorator.py
[2023-10-09T17:36:37.952+0000] {processor.py:743} INFO - Processing file /home/airflow/.local/lib/python3.7/site-packages/airflow/example_dags/example_branch_operator_decorator.py for tasks to queue
[2023-10-09T17:36:37.957+0000] {logging_mixin.py:137} INFO - [2023-10-09T17:36:37.957+0000] {dagbag.py:538} INFO - Filling up the DagBag from /home/airflow/.local/lib/python3.7/site-packages/airflow/example_dags/example_branch_operator_decorator.py
[2023-10-09T17:36:37.986+0000] {processor.py:753} INFO - DAG(s) dict_keys(['example_branch_python_operator_decorator']) retrieved from /home/airflow/.local/lib/python3.7/site-packages/airflow/example_dags/example_branch_operator_decorator.py
[2023-10-09T17:36:38.011+0000] {logging_mixin.py:137} INFO - [2023-10-09T17:36:38.011+0000] {dag.py:2690} INFO - Sync 1 DAGs
[2023-10-09T17:36:38.035+0000] {logging_mixin.py:137} INFO - [2023-10-09T17:36:38.035+0000] {dag.py:3441} INFO - Setting next_dagrun for example_branch_python_operator_decorator to 2023-10-08T00:00:00+00:00, run_after=2023-10-09T00:00:00+00:00
[2023-10-09T17:36:38.053+0000] {processor.py:175} INFO - Processing /home/airflow/.local/lib/python3.7/site-packages/airflow/example_dags/example_branch_operator_decorator.py took 0.115 seconds
[2023-10-09T18:32:41.871+0000] {processor.py:153} INFO - Started process (PID=182243) to work on /home/airflow/.local/lib/python3.7/site-packages/airflow/example_dags/example_branch_operator_decorator.py
[2023-10-09T18:32:41.877+0000] {processor.py:743} INFO - Processing file /home/airflow/.local/lib/python3.7/site-packages/airflow/example_dags/example_branch_operator_decorator.py for tasks to queue
[2023-10-09T18:32:41.883+0000] {logging_mixin.py:137} INFO - [2023-10-09T18:32:41.883+0000] {dagbag.py:538} INFO - Filling up the DagBag from /home/airflow/.local/lib/python3.7/site-packages/airflow/example_dags/example_branch_operator_decorator.py
[2023-10-09T18:32:41.921+0000] {processor.py:753} INFO - DAG(s) dict_keys(['example_branch_python_operator_decorator']) retrieved from /home/airflow/.local/lib/python3.7/site-packages/airflow/example_dags/example_branch_operator_decorator.py
[2023-10-09T18:32:41.975+0000] {logging_mixin.py:137} INFO - [2023-10-09T18:32:41.975+0000] {dag.py:2690} INFO - Sync 1 DAGs
[2023-10-09T18:32:41.999+0000] {logging_mixin.py:137} INFO - [2023-10-09T18:32:41.999+0000] {dag.py:3441} INFO - Setting next_dagrun for example_branch_python_operator_decorator to 2023-10-08T00:00:00+00:00, run_after=2023-10-09T00:00:00+00:00
[2023-10-09T18:32:42.034+0000] {processor.py:175} INFO - Processing /home/airflow/.local/lib/python3.7/site-packages/airflow/example_dags/example_branch_operator_decorator.py took 0.167 seconds
[2023-10-09T18:33:12.292+0000] {processor.py:153} INFO - Started process (PID=182312) to work on /home/airflow/.local/lib/python3.7/site-packages/airflow/example_dags/example_branch_operator_decorator.py
[2023-10-09T18:33:12.295+0000] {processor.py:743} INFO - Processing file /home/airflow/.local/lib/python3.7/site-packages/airflow/example_dags/example_branch_operator_decorator.py for tasks to queue
[2023-10-09T18:33:12.296+0000] {logging_mixin.py:137} INFO - [2023-10-09T18:33:12.296+0000] {dagbag.py:538} INFO - Filling up the DagBag from /home/airflow/.local/lib/python3.7/site-packages/airflow/example_dags/example_branch_operator_decorator.py
[2023-10-09T18:33:12.318+0000] {processor.py:753} INFO - DAG(s) dict_keys(['example_branch_python_operator_decorator']) retrieved from /home/airflow/.local/lib/python3.7/site-packages/airflow/example_dags/example_branch_operator_decorator.py
[2023-10-09T18:33:12.341+0000] {logging_mixin.py:137} INFO - [2023-10-09T18:33:12.341+0000] {dag.py:2690} INFO - Sync 1 DAGs
[2023-10-09T18:33:12.361+0000] {logging_mixin.py:137} INFO - [2023-10-09T18:33:12.361+0000] {dag.py:3441} INFO - Setting next_dagrun for example_branch_python_operator_decorator to 2023-10-08T00:00:00+00:00, run_after=2023-10-09T00:00:00+00:00
[2023-10-09T18:33:12.375+0000] {processor.py:175} INFO - Processing /home/airflow/.local/lib/python3.7/site-packages/airflow/example_dags/example_branch_operator_decorator.py took 0.087 seconds
[2023-10-09T18:33:42.744+0000] {processor.py:153} INFO - Started process (PID=182392) to work on /home/airflow/.local/lib/python3.7/site-packages/airflow/example_dags/example_branch_operator_decorator.py
[2023-10-09T18:33:42.746+0000] {processor.py:743} INFO - Processing file /home/airflow/.local/lib/python3.7/site-packages/airflow/example_dags/example_branch_operator_decorator.py for tasks to queue
[2023-10-09T18:33:42.747+0000] {logging_mixin.py:137} INFO - [2023-10-09T18:33:42.747+0000] {dagbag.py:538} INFO - Filling up the DagBag from /home/airflow/.local/lib/python3.7/site-packages/airflow/example_dags/example_branch_operator_decorator.py
[2023-10-09T18:33:42.771+0000] {processor.py:753} INFO - DAG(s) dict_keys(['example_branch_python_operator_decorator']) retrieved from /home/airflow/.local/lib/python3.7/site-packages/airflow/example_dags/example_branch_operator_decorator.py
[2023-10-09T18:33:42.800+0000] {logging_mixin.py:137} INFO - [2023-10-09T18:33:42.800+0000] {dag.py:2690} INFO - Sync 1 DAGs
[2023-10-09T18:33:42.826+0000] {logging_mixin.py:137} INFO - [2023-10-09T18:33:42.826+0000] {dag.py:3441} INFO - Setting next_dagrun for example_branch_python_operator_decorator to 2023-10-08T00:00:00+00:00, run_after=2023-10-09T00:00:00+00:00
[2023-10-09T18:33:42.850+0000] {processor.py:175} INFO - Processing /home/airflow/.local/lib/python3.7/site-packages/airflow/example_dags/example_branch_operator_decorator.py took 0.110 seconds
[2023-10-09T18:34:13.369+0000] {processor.py:153} INFO - Started process (PID=182470) to work on /home/airflow/.local/lib/python3.7/site-packages/airflow/example_dags/example_branch_operator_decorator.py
[2023-10-09T18:34:13.371+0000] {processor.py:743} INFO - Processing file /home/airflow/.local/lib/python3.7/site-packages/airflow/example_dags/example_branch_operator_decorator.py for tasks to queue
[2023-10-09T18:34:13.373+0000] {logging_mixin.py:137} INFO - [2023-10-09T18:34:13.373+0000] {dagbag.py:538} INFO - Filling up the DagBag from /home/airflow/.local/lib/python3.7/site-packages/airflow/example_dags/example_branch_operator_decorator.py
[2023-10-09T18:34:13.397+0000] {processor.py:753} INFO - DAG(s) dict_keys(['example_branch_python_operator_decorator']) retrieved from /home/airflow/.local/lib/python3.7/site-packages/airflow/example_dags/example_branch_operator_decorator.py
[2023-10-09T18:34:13.420+0000] {logging_mixin.py:137} INFO - [2023-10-09T18:34:13.420+0000] {dag.py:2690} INFO - Sync 1 DAGs
[2023-10-09T18:34:13.440+0000] {logging_mixin.py:137} INFO - [2023-10-09T18:34:13.440+0000] {dag.py:3441} INFO - Setting next_dagrun for example_branch_python_operator_decorator to 2023-10-08T00:00:00+00:00, run_after=2023-10-09T00:00:00+00:00
[2023-10-09T18:34:13.461+0000] {processor.py:175} INFO - Processing /home/airflow/.local/lib/python3.7/site-packages/airflow/example_dags/example_branch_operator_decorator.py took 0.094 seconds
[2023-10-09T19:02:20.454+0000] {processor.py:153} INFO - Started process (PID=182542) to work on /home/airflow/.local/lib/python3.7/site-packages/airflow/example_dags/example_branch_operator_decorator.py
[2023-10-09T19:02:20.456+0000] {processor.py:743} INFO - Processing file /home/airflow/.local/lib/python3.7/site-packages/airflow/example_dags/example_branch_operator_decorator.py for tasks to queue
[2023-10-09T19:02:20.457+0000] {logging_mixin.py:137} INFO - [2023-10-09T19:02:20.457+0000] {dagbag.py:538} INFO - Filling up the DagBag from /home/airflow/.local/lib/python3.7/site-packages/airflow/example_dags/example_branch_operator_decorator.py
[2023-10-09T19:02:20.481+0000] {processor.py:753} INFO - DAG(s) dict_keys(['example_branch_python_operator_decorator']) retrieved from /home/airflow/.local/lib/python3.7/site-packages/airflow/example_dags/example_branch_operator_decorator.py
[2023-10-09T19:02:20.510+0000] {logging_mixin.py:137} INFO - [2023-10-09T19:02:20.509+0000] {dag.py:2690} INFO - Sync 1 DAGs
[2023-10-09T19:02:20.530+0000] {logging_mixin.py:137} INFO - [2023-10-09T19:02:20.530+0000] {dag.py:3441} INFO - Setting next_dagrun for example_branch_python_operator_decorator to 2023-10-08T00:00:00+00:00, run_after=2023-10-09T00:00:00+00:00
[2023-10-09T19:02:20.554+0000] {processor.py:175} INFO - Processing /home/airflow/.local/lib/python3.7/site-packages/airflow/example_dags/example_branch_operator_decorator.py took 0.104 seconds
[2023-10-09T19:02:51.420+0000] {processor.py:153} INFO - Started process (PID=182610) to work on /home/airflow/.local/lib/python3.7/site-packages/airflow/example_dags/example_branch_operator_decorator.py
[2023-10-09T19:02:51.422+0000] {processor.py:743} INFO - Processing file /home/airflow/.local/lib/python3.7/site-packages/airflow/example_dags/example_branch_operator_decorator.py for tasks to queue
[2023-10-09T19:02:51.424+0000] {logging_mixin.py:137} INFO - [2023-10-09T19:02:51.424+0000] {dagbag.py:538} INFO - Filling up the DagBag from /home/airflow/.local/lib/python3.7/site-packages/airflow/example_dags/example_branch_operator_decorator.py
[2023-10-09T19:02:51.444+0000] {processor.py:753} INFO - DAG(s) dict_keys(['example_branch_python_operator_decorator']) retrieved from /home/airflow/.local/lib/python3.7/site-packages/airflow/example_dags/example_branch_operator_decorator.py
[2023-10-09T19:02:51.470+0000] {logging_mixin.py:137} INFO - [2023-10-09T19:02:51.469+0000] {dag.py:2690} INFO - Sync 1 DAGs
[2023-10-09T19:02:51.495+0000] {logging_mixin.py:137} INFO - [2023-10-09T19:02:51.495+0000] {dag.py:3441} INFO - Setting next_dagrun for example_branch_python_operator_decorator to 2023-10-08T00:00:00+00:00, run_after=2023-10-09T00:00:00+00:00
[2023-10-09T19:02:51.511+0000] {processor.py:175} INFO - Processing /home/airflow/.local/lib/python3.7/site-packages/airflow/example_dags/example_branch_operator_decorator.py took 0.094 seconds
[2023-10-09T19:03:23.660+0000] {processor.py:153} INFO - Started process (PID=182692) to work on /home/airflow/.local/lib/python3.7/site-packages/airflow/example_dags/example_branch_operator_decorator.py
[2023-10-09T19:03:23.664+0000] {processor.py:743} INFO - Processing file /home/airflow/.local/lib/python3.7/site-packages/airflow/example_dags/example_branch_operator_decorator.py for tasks to queue
[2023-10-09T19:03:23.670+0000] {logging_mixin.py:137} INFO - [2023-10-09T19:03:23.669+0000] {dagbag.py:538} INFO - Filling up the DagBag from /home/airflow/.local/lib/python3.7/site-packages/airflow/example_dags/example_branch_operator_decorator.py
[2023-10-09T19:03:23.731+0000] {processor.py:753} INFO - DAG(s) dict_keys(['example_branch_python_operator_decorator']) retrieved from /home/airflow/.local/lib/python3.7/site-packages/airflow/example_dags/example_branch_operator_decorator.py
[2023-10-09T19:03:23.817+0000] {logging_mixin.py:137} INFO - [2023-10-09T19:03:23.817+0000] {dag.py:2690} INFO - Sync 1 DAGs
[2023-10-09T19:03:24.066+0000] {logging_mixin.py:137} INFO - [2023-10-09T19:03:24.066+0000] {dag.py:3441} INFO - Setting next_dagrun for example_branch_python_operator_decorator to 2023-10-08T00:00:00+00:00, run_after=2023-10-09T00:00:00+00:00
[2023-10-09T19:03:24.114+0000] {processor.py:175} INFO - Processing /home/airflow/.local/lib/python3.7/site-packages/airflow/example_dags/example_branch_operator_decorator.py took 0.465 seconds
[2023-10-09T19:03:54.769+0000] {processor.py:153} INFO - Started process (PID=182773) to work on /home/airflow/.local/lib/python3.7/site-packages/airflow/example_dags/example_branch_operator_decorator.py
[2023-10-09T19:03:54.774+0000] {processor.py:743} INFO - Processing file /home/airflow/.local/lib/python3.7/site-packages/airflow/example_dags/example_branch_operator_decorator.py for tasks to queue
[2023-10-09T19:03:54.776+0000] {logging_mixin.py:137} INFO - [2023-10-09T19:03:54.775+0000] {dagbag.py:538} INFO - Filling up the DagBag from /home/airflow/.local/lib/python3.7/site-packages/airflow/example_dags/example_branch_operator_decorator.py
[2023-10-09T19:03:54.798+0000] {processor.py:753} INFO - DAG(s) dict_keys(['example_branch_python_operator_decorator']) retrieved from /home/airflow/.local/lib/python3.7/site-packages/airflow/example_dags/example_branch_operator_decorator.py
[2023-10-09T19:03:54.823+0000] {logging_mixin.py:137} INFO - [2023-10-09T19:03:54.822+0000] {dag.py:2690} INFO - Sync 1 DAGs
[2023-10-09T19:03:54.845+0000] {logging_mixin.py:137} INFO - [2023-10-09T19:03:54.845+0000] {dag.py:3441} INFO - Setting next_dagrun for example_branch_python_operator_decorator to 2023-10-08T00:00:00+00:00, run_after=2023-10-09T00:00:00+00:00
[2023-10-09T19:03:54.868+0000] {processor.py:175} INFO - Processing /home/airflow/.local/lib/python3.7/site-packages/airflow/example_dags/example_branch_operator_decorator.py took 0.107 seconds
[2023-10-09T19:04:25.056+0000] {processor.py:153} INFO - Started process (PID=182843) to work on /home/airflow/.local/lib/python3.7/site-packages/airflow/example_dags/example_branch_operator_decorator.py
[2023-10-09T19:04:25.058+0000] {processor.py:743} INFO - Processing file /home/airflow/.local/lib/python3.7/site-packages/airflow/example_dags/example_branch_operator_decorator.py for tasks to queue
[2023-10-09T19:04:25.059+0000] {logging_mixin.py:137} INFO - [2023-10-09T19:04:25.059+0000] {dagbag.py:538} INFO - Filling up the DagBag from /home/airflow/.local/lib/python3.7/site-packages/airflow/example_dags/example_branch_operator_decorator.py
[2023-10-09T19:04:25.082+0000] {processor.py:753} INFO - DAG(s) dict_keys(['example_branch_python_operator_decorator']) retrieved from /home/airflow/.local/lib/python3.7/site-packages/airflow/example_dags/example_branch_operator_decorator.py
[2023-10-09T19:04:25.107+0000] {logging_mixin.py:137} INFO - [2023-10-09T19:04:25.107+0000] {dag.py:2690} INFO - Sync 1 DAGs
[2023-10-09T19:04:25.128+0000] {logging_mixin.py:137} INFO - [2023-10-09T19:04:25.128+0000] {dag.py:3441} INFO - Setting next_dagrun for example_branch_python_operator_decorator to 2023-10-08T00:00:00+00:00, run_after=2023-10-09T00:00:00+00:00
[2023-10-09T19:04:25.141+0000] {processor.py:175} INFO - Processing /home/airflow/.local/lib/python3.7/site-packages/airflow/example_dags/example_branch_operator_decorator.py took 0.088 seconds
[2023-10-09T19:04:55.347+0000] {processor.py:153} INFO - Started process (PID=182925) to work on /home/airflow/.local/lib/python3.7/site-packages/airflow/example_dags/example_branch_operator_decorator.py
[2023-10-09T19:04:55.349+0000] {processor.py:743} INFO - Processing file /home/airflow/.local/lib/python3.7/site-packages/airflow/example_dags/example_branch_operator_decorator.py for tasks to queue
[2023-10-09T19:04:55.351+0000] {logging_mixin.py:137} INFO - [2023-10-09T19:04:55.351+0000] {dagbag.py:538} INFO - Filling up the DagBag from /home/airflow/.local/lib/python3.7/site-packages/airflow/example_dags/example_branch_operator_decorator.py
[2023-10-09T19:04:55.373+0000] {processor.py:753} INFO - DAG(s) dict_keys(['example_branch_python_operator_decorator']) retrieved from /home/airflow/.local/lib/python3.7/site-packages/airflow/example_dags/example_branch_operator_decorator.py
[2023-10-09T19:04:55.401+0000] {logging_mixin.py:137} INFO - [2023-10-09T19:04:55.401+0000] {dag.py:2690} INFO - Sync 1 DAGs
[2023-10-09T19:04:55.421+0000] {logging_mixin.py:137} INFO - [2023-10-09T19:04:55.421+0000] {dag.py:3441} INFO - Setting next_dagrun for example_branch_python_operator_decorator to 2023-10-08T00:00:00+00:00, run_after=2023-10-09T00:00:00+00:00
[2023-10-09T19:04:55.434+0000] {processor.py:175} INFO - Processing /home/airflow/.local/lib/python3.7/site-packages/airflow/example_dags/example_branch_operator_decorator.py took 0.091 seconds
[2023-10-09T19:05:26.214+0000] {processor.py:153} INFO - Started process (PID=182994) to work on /home/airflow/.local/lib/python3.7/site-packages/airflow/example_dags/example_branch_operator_decorator.py
[2023-10-09T19:05:26.217+0000] {processor.py:743} INFO - Processing file /home/airflow/.local/lib/python3.7/site-packages/airflow/example_dags/example_branch_operator_decorator.py for tasks to queue
[2023-10-09T19:05:26.219+0000] {logging_mixin.py:137} INFO - [2023-10-09T19:05:26.219+0000] {dagbag.py:538} INFO - Filling up the DagBag from /home/airflow/.local/lib/python3.7/site-packages/airflow/example_dags/example_branch_operator_decorator.py
[2023-10-09T19:05:26.247+0000] {processor.py:753} INFO - DAG(s) dict_keys(['example_branch_python_operator_decorator']) retrieved from /home/airflow/.local/lib/python3.7/site-packages/airflow/example_dags/example_branch_operator_decorator.py
[2023-10-09T19:05:26.271+0000] {logging_mixin.py:137} INFO - [2023-10-09T19:05:26.271+0000] {dag.py:2690} INFO - Sync 1 DAGs
[2023-10-09T19:05:26.290+0000] {logging_mixin.py:137} INFO - [2023-10-09T19:05:26.290+0000] {dag.py:3441} INFO - Setting next_dagrun for example_branch_python_operator_decorator to 2023-10-08T00:00:00+00:00, run_after=2023-10-09T00:00:00+00:00
[2023-10-09T19:05:26.304+0000] {processor.py:175} INFO - Processing /home/airflow/.local/lib/python3.7/site-packages/airflow/example_dags/example_branch_operator_decorator.py took 0.094 seconds
[2023-10-09T19:05:57.325+0000] {processor.py:153} INFO - Started process (PID=183075) to work on /home/airflow/.local/lib/python3.7/site-packages/airflow/example_dags/example_branch_operator_decorator.py
[2023-10-09T19:05:57.327+0000] {processor.py:743} INFO - Processing file /home/airflow/.local/lib/python3.7/site-packages/airflow/example_dags/example_branch_operator_decorator.py for tasks to queue
[2023-10-09T19:05:57.328+0000] {logging_mixin.py:137} INFO - [2023-10-09T19:05:57.328+0000] {dagbag.py:538} INFO - Filling up the DagBag from /home/airflow/.local/lib/python3.7/site-packages/airflow/example_dags/example_branch_operator_decorator.py
[2023-10-09T19:05:57.350+0000] {processor.py:753} INFO - DAG(s) dict_keys(['example_branch_python_operator_decorator']) retrieved from /home/airflow/.local/lib/python3.7/site-packages/airflow/example_dags/example_branch_operator_decorator.py
[2023-10-09T19:05:57.382+0000] {logging_mixin.py:137} INFO - [2023-10-09T19:05:57.382+0000] {dag.py:2690} INFO - Sync 1 DAGs
[2023-10-09T19:05:57.400+0000] {logging_mixin.py:137} INFO - [2023-10-09T19:05:57.400+0000] {dag.py:3441} INFO - Setting next_dagrun for example_branch_python_operator_decorator to 2023-10-08T00:00:00+00:00, run_after=2023-10-09T00:00:00+00:00
[2023-10-09T19:05:57.416+0000] {processor.py:175} INFO - Processing /home/airflow/.local/lib/python3.7/site-packages/airflow/example_dags/example_branch_operator_decorator.py took 0.094 seconds
[2023-10-09T19:06:27.633+0000] {processor.py:153} INFO - Started process (PID=183144) to work on /home/airflow/.local/lib/python3.7/site-packages/airflow/example_dags/example_branch_operator_decorator.py
[2023-10-09T19:06:27.635+0000] {processor.py:743} INFO - Processing file /home/airflow/.local/lib/python3.7/site-packages/airflow/example_dags/example_branch_operator_decorator.py for tasks to queue
[2023-10-09T19:06:27.636+0000] {logging_mixin.py:137} INFO - [2023-10-09T19:06:27.636+0000] {dagbag.py:538} INFO - Filling up the DagBag from /home/airflow/.local/lib/python3.7/site-packages/airflow/example_dags/example_branch_operator_decorator.py
[2023-10-09T19:06:27.656+0000] {processor.py:753} INFO - DAG(s) dict_keys(['example_branch_python_operator_decorator']) retrieved from /home/airflow/.local/lib/python3.7/site-packages/airflow/example_dags/example_branch_operator_decorator.py
[2023-10-09T19:06:27.679+0000] {logging_mixin.py:137} INFO - [2023-10-09T19:06:27.679+0000] {dag.py:2690} INFO - Sync 1 DAGs
[2023-10-09T19:06:27.699+0000] {logging_mixin.py:137} INFO - [2023-10-09T19:06:27.699+0000] {dag.py:3441} INFO - Setting next_dagrun for example_branch_python_operator_decorator to 2023-10-08T00:00:00+00:00, run_after=2023-10-09T00:00:00+00:00
[2023-10-09T19:06:27.713+0000] {processor.py:175} INFO - Processing /home/airflow/.local/lib/python3.7/site-packages/airflow/example_dags/example_branch_operator_decorator.py took 0.083 seconds
[2023-10-09T19:06:58.694+0000] {processor.py:153} INFO - Started process (PID=183226) to work on /home/airflow/.local/lib/python3.7/site-packages/airflow/example_dags/example_branch_operator_decorator.py
[2023-10-09T19:06:58.697+0000] {processor.py:743} INFO - Processing file /home/airflow/.local/lib/python3.7/site-packages/airflow/example_dags/example_branch_operator_decorator.py for tasks to queue
[2023-10-09T19:06:58.698+0000] {logging_mixin.py:137} INFO - [2023-10-09T19:06:58.698+0000] {dagbag.py:538} INFO - Filling up the DagBag from /home/airflow/.local/lib/python3.7/site-packages/airflow/example_dags/example_branch_operator_decorator.py
[2023-10-09T19:06:58.718+0000] {processor.py:753} INFO - DAG(s) dict_keys(['example_branch_python_operator_decorator']) retrieved from /home/airflow/.local/lib/python3.7/site-packages/airflow/example_dags/example_branch_operator_decorator.py
[2023-10-09T19:06:58.744+0000] {logging_mixin.py:137} INFO - [2023-10-09T19:06:58.744+0000] {dag.py:2690} INFO - Sync 1 DAGs
[2023-10-09T19:06:58.762+0000] {logging_mixin.py:137} INFO - [2023-10-09T19:06:58.762+0000] {dag.py:3441} INFO - Setting next_dagrun for example_branch_python_operator_decorator to 2023-10-08T00:00:00+00:00, run_after=2023-10-09T00:00:00+00:00
[2023-10-09T19:06:58.781+0000] {processor.py:175} INFO - Processing /home/airflow/.local/lib/python3.7/site-packages/airflow/example_dags/example_branch_operator_decorator.py took 0.090 seconds
[2023-10-09T19:07:29.783+0000] {processor.py:153} INFO - Started process (PID=183296) to work on /home/airflow/.local/lib/python3.7/site-packages/airflow/example_dags/example_branch_operator_decorator.py
[2023-10-09T19:07:29.785+0000] {processor.py:743} INFO - Processing file /home/airflow/.local/lib/python3.7/site-packages/airflow/example_dags/example_branch_operator_decorator.py for tasks to queue
[2023-10-09T19:07:29.786+0000] {logging_mixin.py:137} INFO - [2023-10-09T19:07:29.786+0000] {dagbag.py:538} INFO - Filling up the DagBag from /home/airflow/.local/lib/python3.7/site-packages/airflow/example_dags/example_branch_operator_decorator.py
[2023-10-09T19:07:29.806+0000] {processor.py:753} INFO - DAG(s) dict_keys(['example_branch_python_operator_decorator']) retrieved from /home/airflow/.local/lib/python3.7/site-packages/airflow/example_dags/example_branch_operator_decorator.py
[2023-10-09T19:07:29.830+0000] {logging_mixin.py:137} INFO - [2023-10-09T19:07:29.830+0000] {dag.py:2690} INFO - Sync 1 DAGs
[2023-10-09T19:07:29.849+0000] {logging_mixin.py:137} INFO - [2023-10-09T19:07:29.849+0000] {dag.py:3441} INFO - Setting next_dagrun for example_branch_python_operator_decorator to 2023-10-08T00:00:00+00:00, run_after=2023-10-09T00:00:00+00:00
[2023-10-09T19:07:29.867+0000] {processor.py:175} INFO - Processing /home/airflow/.local/lib/python3.7/site-packages/airflow/example_dags/example_branch_operator_decorator.py took 0.086 seconds
[2023-10-09T19:08:00.553+0000] {processor.py:153} INFO - Started process (PID=183377) to work on /home/airflow/.local/lib/python3.7/site-packages/airflow/example_dags/example_branch_operator_decorator.py
[2023-10-09T19:08:00.555+0000] {processor.py:743} INFO - Processing file /home/airflow/.local/lib/python3.7/site-packages/airflow/example_dags/example_branch_operator_decorator.py for tasks to queue
[2023-10-09T19:08:00.557+0000] {logging_mixin.py:137} INFO - [2023-10-09T19:08:00.557+0000] {dagbag.py:538} INFO - Filling up the DagBag from /home/airflow/.local/lib/python3.7/site-packages/airflow/example_dags/example_branch_operator_decorator.py
[2023-10-09T19:08:00.582+0000] {processor.py:753} INFO - DAG(s) dict_keys(['example_branch_python_operator_decorator']) retrieved from /home/airflow/.local/lib/python3.7/site-packages/airflow/example_dags/example_branch_operator_decorator.py
[2023-10-09T19:08:00.604+0000] {logging_mixin.py:137} INFO - [2023-10-09T19:08:00.604+0000] {dag.py:2690} INFO - Sync 1 DAGs
[2023-10-09T19:08:00.624+0000] {logging_mixin.py:137} INFO - [2023-10-09T19:08:00.624+0000] {dag.py:3441} INFO - Setting next_dagrun for example_branch_python_operator_decorator to 2023-10-08T00:00:00+00:00, run_after=2023-10-09T00:00:00+00:00
[2023-10-09T19:08:00.640+0000] {processor.py:175} INFO - Processing /home/airflow/.local/lib/python3.7/site-packages/airflow/example_dags/example_branch_operator_decorator.py took 0.091 seconds
[2023-10-09T19:08:32.627+0000] {processor.py:153} INFO - Started process (PID=183455) to work on /home/airflow/.local/lib/python3.7/site-packages/airflow/example_dags/example_branch_operator_decorator.py
[2023-10-09T19:08:32.636+0000] {processor.py:743} INFO - Processing file /home/airflow/.local/lib/python3.7/site-packages/airflow/example_dags/example_branch_operator_decorator.py for tasks to queue
[2023-10-09T19:08:32.638+0000] {logging_mixin.py:137} INFO - [2023-10-09T19:08:32.638+0000] {dagbag.py:538} INFO - Filling up the DagBag from /home/airflow/.local/lib/python3.7/site-packages/airflow/example_dags/example_branch_operator_decorator.py
[2023-10-09T19:08:32.695+0000] {processor.py:753} INFO - DAG(s) dict_keys(['example_branch_python_operator_decorator']) retrieved from /home/airflow/.local/lib/python3.7/site-packages/airflow/example_dags/example_branch_operator_decorator.py
[2023-10-09T19:08:32.762+0000] {logging_mixin.py:137} INFO - [2023-10-09T19:08:32.762+0000] {dag.py:2690} INFO - Sync 1 DAGs
[2023-10-09T19:08:32.808+0000] {logging_mixin.py:137} INFO - [2023-10-09T19:08:32.808+0000] {dag.py:3441} INFO - Setting next_dagrun for example_branch_python_operator_decorator to 2023-10-08T00:00:00+00:00, run_after=2023-10-09T00:00:00+00:00
[2023-10-09T19:08:32.861+0000] {processor.py:175} INFO - Processing /home/airflow/.local/lib/python3.7/site-packages/airflow/example_dags/example_branch_operator_decorator.py took 0.238 seconds
[2023-10-09T19:26:15.029+0000] {processor.py:153} INFO - Started process (PID=183515) to work on /home/airflow/.local/lib/python3.7/site-packages/airflow/example_dags/example_branch_operator_decorator.py
[2023-10-09T19:26:15.033+0000] {processor.py:743} INFO - Processing file /home/airflow/.local/lib/python3.7/site-packages/airflow/example_dags/example_branch_operator_decorator.py for tasks to queue
[2023-10-09T19:26:15.035+0000] {logging_mixin.py:137} INFO - [2023-10-09T19:26:15.035+0000] {dagbag.py:538} INFO - Filling up the DagBag from /home/airflow/.local/lib/python3.7/site-packages/airflow/example_dags/example_branch_operator_decorator.py
[2023-10-09T19:26:15.068+0000] {processor.py:753} INFO - DAG(s) dict_keys(['example_branch_python_operator_decorator']) retrieved from /home/airflow/.local/lib/python3.7/site-packages/airflow/example_dags/example_branch_operator_decorator.py
[2023-10-09T19:26:15.098+0000] {logging_mixin.py:137} INFO - [2023-10-09T19:26:15.098+0000] {dag.py:2690} INFO - Sync 1 DAGs
[2023-10-09T19:26:15.117+0000] {logging_mixin.py:137} INFO - [2023-10-09T19:26:15.117+0000] {dag.py:3441} INFO - Setting next_dagrun for example_branch_python_operator_decorator to 2023-10-08T00:00:00+00:00, run_after=2023-10-09T00:00:00+00:00
[2023-10-09T19:26:15.133+0000] {processor.py:175} INFO - Processing /home/airflow/.local/lib/python3.7/site-packages/airflow/example_dags/example_branch_operator_decorator.py took 0.108 seconds
[2023-10-09T19:26:45.720+0000] {processor.py:153} INFO - Started process (PID=183584) to work on /home/airflow/.local/lib/python3.7/site-packages/airflow/example_dags/example_branch_operator_decorator.py
[2023-10-09T19:26:45.721+0000] {processor.py:743} INFO - Processing file /home/airflow/.local/lib/python3.7/site-packages/airflow/example_dags/example_branch_operator_decorator.py for tasks to queue
[2023-10-09T19:26:45.723+0000] {logging_mixin.py:137} INFO - [2023-10-09T19:26:45.723+0000] {dagbag.py:538} INFO - Filling up the DagBag from /home/airflow/.local/lib/python3.7/site-packages/airflow/example_dags/example_branch_operator_decorator.py
[2023-10-09T19:26:45.743+0000] {processor.py:753} INFO - DAG(s) dict_keys(['example_branch_python_operator_decorator']) retrieved from /home/airflow/.local/lib/python3.7/site-packages/airflow/example_dags/example_branch_operator_decorator.py
[2023-10-09T19:26:45.765+0000] {logging_mixin.py:137} INFO - [2023-10-09T19:26:45.765+0000] {dag.py:2690} INFO - Sync 1 DAGs
[2023-10-09T19:26:45.786+0000] {logging_mixin.py:137} INFO - [2023-10-09T19:26:45.786+0000] {dag.py:3441} INFO - Setting next_dagrun for example_branch_python_operator_decorator to 2023-10-08T00:00:00+00:00, run_after=2023-10-09T00:00:00+00:00
[2023-10-09T19:26:45.803+0000] {processor.py:175} INFO - Processing /home/airflow/.local/lib/python3.7/site-packages/airflow/example_dags/example_branch_operator_decorator.py took 0.087 seconds
[2023-10-09T19:27:17.731+0000] {processor.py:153} INFO - Started process (PID=183664) to work on /home/airflow/.local/lib/python3.7/site-packages/airflow/example_dags/example_branch_operator_decorator.py
[2023-10-09T19:27:17.736+0000] {processor.py:743} INFO - Processing file /home/airflow/.local/lib/python3.7/site-packages/airflow/example_dags/example_branch_operator_decorator.py for tasks to queue
[2023-10-09T19:27:17.738+0000] {logging_mixin.py:137} INFO - [2023-10-09T19:27:17.738+0000] {dagbag.py:538} INFO - Filling up the DagBag from /home/airflow/.local/lib/python3.7/site-packages/airflow/example_dags/example_branch_operator_decorator.py
[2023-10-09T19:27:17.761+0000] {processor.py:753} INFO - DAG(s) dict_keys(['example_branch_python_operator_decorator']) retrieved from /home/airflow/.local/lib/python3.7/site-packages/airflow/example_dags/example_branch_operator_decorator.py
[2023-10-09T19:27:17.790+0000] {logging_mixin.py:137} INFO - [2023-10-09T19:27:17.790+0000] {dag.py:2690} INFO - Sync 1 DAGs
[2023-10-09T19:27:17.819+0000] {logging_mixin.py:137} INFO - [2023-10-09T19:27:17.819+0000] {dag.py:3441} INFO - Setting next_dagrun for example_branch_python_operator_decorator to 2023-10-08T00:00:00+00:00, run_after=2023-10-09T00:00:00+00:00
[2023-10-09T19:27:17.848+0000] {processor.py:175} INFO - Processing /home/airflow/.local/lib/python3.7/site-packages/airflow/example_dags/example_branch_operator_decorator.py took 0.121 seconds
[2023-10-09T19:27:54.256+0000] {processor.py:153} INFO - Started process (PID=183745) to work on /home/airflow/.local/lib/python3.7/site-packages/airflow/example_dags/example_branch_operator_decorator.py
[2023-10-09T19:27:54.264+0000] {processor.py:743} INFO - Processing file /home/airflow/.local/lib/python3.7/site-packages/airflow/example_dags/example_branch_operator_decorator.py for tasks to queue
[2023-10-09T19:27:54.266+0000] {logging_mixin.py:137} INFO - [2023-10-09T19:27:54.266+0000] {dagbag.py:538} INFO - Filling up the DagBag from /home/airflow/.local/lib/python3.7/site-packages/airflow/example_dags/example_branch_operator_decorator.py
[2023-10-09T19:27:54.656+0000] {processor.py:753} INFO - DAG(s) dict_keys(['example_branch_python_operator_decorator']) retrieved from /home/airflow/.local/lib/python3.7/site-packages/airflow/example_dags/example_branch_operator_decorator.py
[2023-10-09T19:27:54.946+0000] {logging_mixin.py:137} INFO - [2023-10-09T19:27:54.946+0000] {dag.py:2690} INFO - Sync 1 DAGs
[2023-10-09T19:27:55.020+0000] {logging_mixin.py:137} INFO - [2023-10-09T19:27:55.020+0000] {dag.py:3441} INFO - Setting next_dagrun for example_branch_python_operator_decorator to 2023-10-08T00:00:00+00:00, run_after=2023-10-09T00:00:00+00:00
[2023-10-09T19:27:55.052+0000] {processor.py:175} INFO - Processing /home/airflow/.local/lib/python3.7/site-packages/airflow/example_dags/example_branch_operator_decorator.py took 0.830 seconds
[2023-10-09T19:28:25.379+0000] {processor.py:153} INFO - Started process (PID=183814) to work on /home/airflow/.local/lib/python3.7/site-packages/airflow/example_dags/example_branch_operator_decorator.py
[2023-10-09T19:28:25.381+0000] {processor.py:743} INFO - Processing file /home/airflow/.local/lib/python3.7/site-packages/airflow/example_dags/example_branch_operator_decorator.py for tasks to queue
[2023-10-09T19:28:25.382+0000] {logging_mixin.py:137} INFO - [2023-10-09T19:28:25.382+0000] {dagbag.py:538} INFO - Filling up the DagBag from /home/airflow/.local/lib/python3.7/site-packages/airflow/example_dags/example_branch_operator_decorator.py
[2023-10-09T19:28:25.404+0000] {processor.py:753} INFO - DAG(s) dict_keys(['example_branch_python_operator_decorator']) retrieved from /home/airflow/.local/lib/python3.7/site-packages/airflow/example_dags/example_branch_operator_decorator.py
[2023-10-09T19:28:25.434+0000] {logging_mixin.py:137} INFO - [2023-10-09T19:28:25.434+0000] {dag.py:2690} INFO - Sync 1 DAGs
[2023-10-09T19:28:25.455+0000] {logging_mixin.py:137} INFO - [2023-10-09T19:28:25.455+0000] {dag.py:3441} INFO - Setting next_dagrun for example_branch_python_operator_decorator to 2023-10-08T00:00:00+00:00, run_after=2023-10-09T00:00:00+00:00
[2023-10-09T19:28:25.471+0000] {processor.py:175} INFO - Processing /home/airflow/.local/lib/python3.7/site-packages/airflow/example_dags/example_branch_operator_decorator.py took 0.097 seconds
[2023-10-09T19:28:55.603+0000] {processor.py:153} INFO - Started process (PID=183884) to work on /home/airflow/.local/lib/python3.7/site-packages/airflow/example_dags/example_branch_operator_decorator.py
[2023-10-09T19:28:55.606+0000] {processor.py:743} INFO - Processing file /home/airflow/.local/lib/python3.7/site-packages/airflow/example_dags/example_branch_operator_decorator.py for tasks to queue
[2023-10-09T19:28:55.607+0000] {logging_mixin.py:137} INFO - [2023-10-09T19:28:55.607+0000] {dagbag.py:538} INFO - Filling up the DagBag from /home/airflow/.local/lib/python3.7/site-packages/airflow/example_dags/example_branch_operator_decorator.py
[2023-10-09T19:28:55.650+0000] {processor.py:753} INFO - DAG(s) dict_keys(['example_branch_python_operator_decorator']) retrieved from /home/airflow/.local/lib/python3.7/site-packages/airflow/example_dags/example_branch_operator_decorator.py
[2023-10-09T19:28:55.694+0000] {logging_mixin.py:137} INFO - [2023-10-09T19:28:55.693+0000] {dag.py:2690} INFO - Sync 1 DAGs
[2023-10-09T19:28:55.724+0000] {logging_mixin.py:137} INFO - [2023-10-09T19:28:55.723+0000] {dag.py:3441} INFO - Setting next_dagrun for example_branch_python_operator_decorator to 2023-10-08T00:00:00+00:00, run_after=2023-10-09T00:00:00+00:00
[2023-10-09T19:28:55.739+0000] {processor.py:175} INFO - Processing /home/airflow/.local/lib/python3.7/site-packages/airflow/example_dags/example_branch_operator_decorator.py took 0.141 seconds
[2023-10-09T19:29:25.910+0000] {processor.py:153} INFO - Started process (PID=183965) to work on /home/airflow/.local/lib/python3.7/site-packages/airflow/example_dags/example_branch_operator_decorator.py
[2023-10-09T19:29:25.912+0000] {processor.py:743} INFO - Processing file /home/airflow/.local/lib/python3.7/site-packages/airflow/example_dags/example_branch_operator_decorator.py for tasks to queue
[2023-10-09T19:29:25.914+0000] {logging_mixin.py:137} INFO - [2023-10-09T19:29:25.913+0000] {dagbag.py:538} INFO - Filling up the DagBag from /home/airflow/.local/lib/python3.7/site-packages/airflow/example_dags/example_branch_operator_decorator.py
[2023-10-09T19:29:25.937+0000] {processor.py:753} INFO - DAG(s) dict_keys(['example_branch_python_operator_decorator']) retrieved from /home/airflow/.local/lib/python3.7/site-packages/airflow/example_dags/example_branch_operator_decorator.py
[2023-10-09T19:29:25.962+0000] {logging_mixin.py:137} INFO - [2023-10-09T19:29:25.962+0000] {dag.py:2690} INFO - Sync 1 DAGs
[2023-10-09T19:29:25.981+0000] {logging_mixin.py:137} INFO - [2023-10-09T19:29:25.981+0000] {dag.py:3441} INFO - Setting next_dagrun for example_branch_python_operator_decorator to 2023-10-08T00:00:00+00:00, run_after=2023-10-09T00:00:00+00:00
[2023-10-09T19:29:25.994+0000] {processor.py:175} INFO - Processing /home/airflow/.local/lib/python3.7/site-packages/airflow/example_dags/example_branch_operator_decorator.py took 0.087 seconds
[2023-10-09T19:29:56.286+0000] {processor.py:153} INFO - Started process (PID=184035) to work on /home/airflow/.local/lib/python3.7/site-packages/airflow/example_dags/example_branch_operator_decorator.py
[2023-10-09T19:29:56.287+0000] {processor.py:743} INFO - Processing file /home/airflow/.local/lib/python3.7/site-packages/airflow/example_dags/example_branch_operator_decorator.py for tasks to queue
[2023-10-09T19:29:56.288+0000] {logging_mixin.py:137} INFO - [2023-10-09T19:29:56.288+0000] {dagbag.py:538} INFO - Filling up the DagBag from /home/airflow/.local/lib/python3.7/site-packages/airflow/example_dags/example_branch_operator_decorator.py
[2023-10-09T19:29:56.309+0000] {processor.py:753} INFO - DAG(s) dict_keys(['example_branch_python_operator_decorator']) retrieved from /home/airflow/.local/lib/python3.7/site-packages/airflow/example_dags/example_branch_operator_decorator.py
[2023-10-09T19:29:56.335+0000] {logging_mixin.py:137} INFO - [2023-10-09T19:29:56.335+0000] {dag.py:2690} INFO - Sync 1 DAGs
[2023-10-09T19:29:56.352+0000] {logging_mixin.py:137} INFO - [2023-10-09T19:29:56.352+0000] {dag.py:3441} INFO - Setting next_dagrun for example_branch_python_operator_decorator to 2023-10-08T00:00:00+00:00, run_after=2023-10-09T00:00:00+00:00
[2023-10-09T19:29:56.365+0000] {processor.py:175} INFO - Processing /home/airflow/.local/lib/python3.7/site-packages/airflow/example_dags/example_branch_operator_decorator.py took 0.084 seconds
[2023-10-09T19:30:26.804+0000] {processor.py:153} INFO - Started process (PID=184115) to work on /home/airflow/.local/lib/python3.7/site-packages/airflow/example_dags/example_branch_operator_decorator.py
[2023-10-09T19:30:26.805+0000] {processor.py:743} INFO - Processing file /home/airflow/.local/lib/python3.7/site-packages/airflow/example_dags/example_branch_operator_decorator.py for tasks to queue
[2023-10-09T19:30:26.807+0000] {logging_mixin.py:137} INFO - [2023-10-09T19:30:26.806+0000] {dagbag.py:538} INFO - Filling up the DagBag from /home/airflow/.local/lib/python3.7/site-packages/airflow/example_dags/example_branch_operator_decorator.py
[2023-10-09T19:30:26.828+0000] {processor.py:753} INFO - DAG(s) dict_keys(['example_branch_python_operator_decorator']) retrieved from /home/airflow/.local/lib/python3.7/site-packages/airflow/example_dags/example_branch_operator_decorator.py
[2023-10-09T19:30:26.854+0000] {logging_mixin.py:137} INFO - [2023-10-09T19:30:26.854+0000] {dag.py:2690} INFO - Sync 1 DAGs
[2023-10-09T19:30:26.873+0000] {logging_mixin.py:137} INFO - [2023-10-09T19:30:26.873+0000] {dag.py:3441} INFO - Setting next_dagrun for example_branch_python_operator_decorator to 2023-10-08T00:00:00+00:00, run_after=2023-10-09T00:00:00+00:00
[2023-10-09T19:30:26.886+0000] {processor.py:175} INFO - Processing /home/airflow/.local/lib/python3.7/site-packages/airflow/example_dags/example_branch_operator_decorator.py took 0.086 seconds
[2023-10-09T19:30:57.404+0000] {processor.py:153} INFO - Started process (PID=184183) to work on /home/airflow/.local/lib/python3.7/site-packages/airflow/example_dags/example_branch_operator_decorator.py
[2023-10-09T19:30:57.408+0000] {processor.py:743} INFO - Processing file /home/airflow/.local/lib/python3.7/site-packages/airflow/example_dags/example_branch_operator_decorator.py for tasks to queue
[2023-10-09T19:30:57.409+0000] {logging_mixin.py:137} INFO - [2023-10-09T19:30:57.409+0000] {dagbag.py:538} INFO - Filling up the DagBag from /home/airflow/.local/lib/python3.7/site-packages/airflow/example_dags/example_branch_operator_decorator.py
[2023-10-09T19:30:57.429+0000] {processor.py:753} INFO - DAG(s) dict_keys(['example_branch_python_operator_decorator']) retrieved from /home/airflow/.local/lib/python3.7/site-packages/airflow/example_dags/example_branch_operator_decorator.py
[2023-10-09T19:30:57.453+0000] {logging_mixin.py:137} INFO - [2023-10-09T19:30:57.453+0000] {dag.py:2690} INFO - Sync 1 DAGs
[2023-10-09T19:30:57.471+0000] {logging_mixin.py:137} INFO - [2023-10-09T19:30:57.471+0000] {dag.py:3441} INFO - Setting next_dagrun for example_branch_python_operator_decorator to 2023-10-08T00:00:00+00:00, run_after=2023-10-09T00:00:00+00:00
[2023-10-09T19:30:57.483+0000] {processor.py:175} INFO - Processing /home/airflow/.local/lib/python3.7/site-packages/airflow/example_dags/example_branch_operator_decorator.py took 0.084 seconds
[2023-10-09T19:47:27.465+0000] {processor.py:153} INFO - Started process (PID=184252) to work on /home/airflow/.local/lib/python3.7/site-packages/airflow/example_dags/example_branch_operator_decorator.py
[2023-10-09T19:47:27.602+0000] {processor.py:743} INFO - Processing file /home/airflow/.local/lib/python3.7/site-packages/airflow/example_dags/example_branch_operator_decorator.py for tasks to queue
[2023-10-09T19:47:27.622+0000] {logging_mixin.py:137} INFO - [2023-10-09T19:47:27.622+0000] {dagbag.py:538} INFO - Filling up the DagBag from /home/airflow/.local/lib/python3.7/site-packages/airflow/example_dags/example_branch_operator_decorator.py
[2023-10-09T19:47:27.716+0000] {processor.py:753} INFO - DAG(s) dict_keys(['example_branch_python_operator_decorator']) retrieved from /home/airflow/.local/lib/python3.7/site-packages/airflow/example_dags/example_branch_operator_decorator.py
[2023-10-09T19:47:27.789+0000] {logging_mixin.py:137} INFO - [2023-10-09T19:47:27.789+0000] {dag.py:2690} INFO - Sync 1 DAGs
[2023-10-09T19:47:27.819+0000] {logging_mixin.py:137} INFO - [2023-10-09T19:47:27.819+0000] {dag.py:3441} INFO - Setting next_dagrun for example_branch_python_operator_decorator to 2023-10-08T00:00:00+00:00, run_after=2023-10-09T00:00:00+00:00
[2023-10-09T19:47:27.870+0000] {processor.py:175} INFO - Processing /home/airflow/.local/lib/python3.7/site-packages/airflow/example_dags/example_branch_operator_decorator.py took 0.426 seconds
[2023-10-09T20:57:11.832+0000] {processor.py:153} INFO - Started process (PID=184322) to work on /home/airflow/.local/lib/python3.7/site-packages/airflow/example_dags/example_branch_operator_decorator.py
[2023-10-09T20:57:11.837+0000] {processor.py:743} INFO - Processing file /home/airflow/.local/lib/python3.7/site-packages/airflow/example_dags/example_branch_operator_decorator.py for tasks to queue
[2023-10-09T20:57:11.838+0000] {logging_mixin.py:137} INFO - [2023-10-09T20:57:11.838+0000] {dagbag.py:538} INFO - Filling up the DagBag from /home/airflow/.local/lib/python3.7/site-packages/airflow/example_dags/example_branch_operator_decorator.py
[2023-10-09T20:57:11.865+0000] {processor.py:753} INFO - DAG(s) dict_keys(['example_branch_python_operator_decorator']) retrieved from /home/airflow/.local/lib/python3.7/site-packages/airflow/example_dags/example_branch_operator_decorator.py
[2023-10-09T20:57:11.888+0000] {logging_mixin.py:137} INFO - [2023-10-09T20:57:11.888+0000] {dag.py:2690} INFO - Sync 1 DAGs
[2023-10-09T20:57:11.906+0000] {logging_mixin.py:137} INFO - [2023-10-09T20:57:11.906+0000] {dag.py:3441} INFO - Setting next_dagrun for example_branch_python_operator_decorator to 2023-10-08T00:00:00+00:00, run_after=2023-10-09T00:00:00+00:00
[2023-10-09T20:57:11.919+0000] {processor.py:175} INFO - Processing /home/airflow/.local/lib/python3.7/site-packages/airflow/example_dags/example_branch_operator_decorator.py took 0.091 seconds
[2023-10-09T22:17:11.111+0000] {processor.py:153} INFO - Started process (PID=184392) to work on /home/airflow/.local/lib/python3.7/site-packages/airflow/example_dags/example_branch_operator_decorator.py
[2023-10-09T22:17:11.113+0000] {processor.py:743} INFO - Processing file /home/airflow/.local/lib/python3.7/site-packages/airflow/example_dags/example_branch_operator_decorator.py for tasks to queue
[2023-10-09T22:17:11.114+0000] {logging_mixin.py:137} INFO - [2023-10-09T22:17:11.114+0000] {dagbag.py:538} INFO - Filling up the DagBag from /home/airflow/.local/lib/python3.7/site-packages/airflow/example_dags/example_branch_operator_decorator.py
[2023-10-09T22:17:11.135+0000] {processor.py:753} INFO - DAG(s) dict_keys(['example_branch_python_operator_decorator']) retrieved from /home/airflow/.local/lib/python3.7/site-packages/airflow/example_dags/example_branch_operator_decorator.py
[2023-10-09T22:17:11.161+0000] {logging_mixin.py:137} INFO - [2023-10-09T22:17:11.161+0000] {dag.py:2690} INFO - Sync 1 DAGs
[2023-10-09T22:17:11.181+0000] {logging_mixin.py:137} INFO - [2023-10-09T22:17:11.181+0000] {dag.py:3441} INFO - Setting next_dagrun for example_branch_python_operator_decorator to 2023-10-08T00:00:00+00:00, run_after=2023-10-09T00:00:00+00:00
[2023-10-09T22:17:11.194+0000] {processor.py:175} INFO - Processing /home/airflow/.local/lib/python3.7/site-packages/airflow/example_dags/example_branch_operator_decorator.py took 0.087 seconds
[2023-10-09T23:38:43.485+0000] {processor.py:153} INFO - Started process (PID=184473) to work on /home/airflow/.local/lib/python3.7/site-packages/airflow/example_dags/example_branch_operator_decorator.py
[2023-10-09T23:38:43.488+0000] {processor.py:743} INFO - Processing file /home/airflow/.local/lib/python3.7/site-packages/airflow/example_dags/example_branch_operator_decorator.py for tasks to queue
[2023-10-09T23:38:43.489+0000] {logging_mixin.py:137} INFO - [2023-10-09T23:38:43.489+0000] {dagbag.py:538} INFO - Filling up the DagBag from /home/airflow/.local/lib/python3.7/site-packages/airflow/example_dags/example_branch_operator_decorator.py
[2023-10-09T23:38:43.512+0000] {processor.py:753} INFO - DAG(s) dict_keys(['example_branch_python_operator_decorator']) retrieved from /home/airflow/.local/lib/python3.7/site-packages/airflow/example_dags/example_branch_operator_decorator.py
[2023-10-09T23:38:43.544+0000] {logging_mixin.py:137} INFO - [2023-10-09T23:38:43.544+0000] {dag.py:2690} INFO - Sync 1 DAGs
[2023-10-09T23:38:43.565+0000] {logging_mixin.py:137} INFO - [2023-10-09T23:38:43.564+0000] {dag.py:3441} INFO - Setting next_dagrun for example_branch_python_operator_decorator to 2023-10-08T00:00:00+00:00, run_after=2023-10-09T00:00:00+00:00
[2023-10-09T23:38:43.581+0000] {processor.py:175} INFO - Processing /home/airflow/.local/lib/python3.7/site-packages/airflow/example_dags/example_branch_operator_decorator.py took 0.099 seconds
