[2023-10-09T00:12:27.787+0000] {processor.py:153} INFO - Started process (PID=181138) to work on /home/airflow/.local/lib/python3.7/site-packages/airflow/example_dags/example_xcom.py
[2023-10-09T00:12:27.794+0000] {processor.py:743} INFO - Processing file /home/airflow/.local/lib/python3.7/site-packages/airflow/example_dags/example_xcom.py for tasks to queue
[2023-10-09T00:12:27.811+0000] {logging_mixin.py:137} INFO - [2023-10-09T00:12:27.806+0000] {dagbag.py:538} INFO - Filling up the DagBag from /home/airflow/.local/lib/python3.7/site-packages/airflow/example_dags/example_xcom.py
[2023-10-09T00:12:27.975+0000] {processor.py:753} INFO - DAG(s) dict_keys(['example_xcom']) retrieved from /home/airflow/.local/lib/python3.7/site-packages/airflow/example_dags/example_xcom.py
[2023-10-09T00:12:28.109+0000] {logging_mixin.py:137} INFO - [2023-10-09T00:12:28.109+0000] {dag.py:2690} INFO - Sync 1 DAGs
[2023-10-09T00:12:28.171+0000] {logging_mixin.py:137} INFO - [2023-10-09T00:12:28.171+0000] {dag.py:3441} INFO - Setting next_dagrun for example_xcom to 2021-01-01T00:00:00+00:00, run_after=2021-01-01T00:00:00+00:00
[2023-10-09T00:12:28.226+0000] {processor.py:175} INFO - Processing /home/airflow/.local/lib/python3.7/site-packages/airflow/example_dags/example_xcom.py took 0.443 seconds
[2023-10-09T01:34:12.358+0000] {processor.py:153} INFO - Started process (PID=181203) to work on /home/airflow/.local/lib/python3.7/site-packages/airflow/example_dags/example_xcom.py
[2023-10-09T01:34:12.360+0000] {processor.py:743} INFO - Processing file /home/airflow/.local/lib/python3.7/site-packages/airflow/example_dags/example_xcom.py for tasks to queue
[2023-10-09T01:34:12.362+0000] {logging_mixin.py:137} INFO - [2023-10-09T01:34:12.362+0000] {dagbag.py:538} INFO - Filling up the DagBag from /home/airflow/.local/lib/python3.7/site-packages/airflow/example_dags/example_xcom.py
[2023-10-09T01:34:12.386+0000] {processor.py:753} INFO - DAG(s) dict_keys(['example_xcom']) retrieved from /home/airflow/.local/lib/python3.7/site-packages/airflow/example_dags/example_xcom.py
[2023-10-09T01:34:12.425+0000] {logging_mixin.py:137} INFO - [2023-10-09T01:34:12.425+0000] {dag.py:2690} INFO - Sync 1 DAGs
[2023-10-09T01:34:12.449+0000] {logging_mixin.py:137} INFO - [2023-10-09T01:34:12.449+0000] {dag.py:3441} INFO - Setting next_dagrun for example_xcom to 2021-01-01T00:00:00+00:00, run_after=2021-01-01T00:00:00+00:00
[2023-10-09T01:34:12.461+0000] {processor.py:175} INFO - Processing /home/airflow/.local/lib/python3.7/site-packages/airflow/example_dags/example_xcom.py took 0.105 seconds
[2023-10-09T01:51:56.203+0000] {processor.py:153} INFO - Started process (PID=181281) to work on /home/airflow/.local/lib/python3.7/site-packages/airflow/example_dags/example_xcom.py
[2023-10-09T01:51:56.207+0000] {processor.py:743} INFO - Processing file /home/airflow/.local/lib/python3.7/site-packages/airflow/example_dags/example_xcom.py for tasks to queue
[2023-10-09T01:51:56.208+0000] {logging_mixin.py:137} INFO - [2023-10-09T01:51:56.208+0000] {dagbag.py:538} INFO - Filling up the DagBag from /home/airflow/.local/lib/python3.7/site-packages/airflow/example_dags/example_xcom.py
[2023-10-09T01:51:56.236+0000] {processor.py:753} INFO - DAG(s) dict_keys(['example_xcom']) retrieved from /home/airflow/.local/lib/python3.7/site-packages/airflow/example_dags/example_xcom.py
[2023-10-09T01:51:56.295+0000] {logging_mixin.py:137} INFO - [2023-10-09T01:51:56.295+0000] {dag.py:2690} INFO - Sync 1 DAGs
[2023-10-09T01:51:56.331+0000] {logging_mixin.py:137} INFO - [2023-10-09T01:51:56.331+0000] {dag.py:3441} INFO - Setting next_dagrun for example_xcom to 2021-01-01T00:00:00+00:00, run_after=2021-01-01T00:00:00+00:00
[2023-10-09T01:51:56.362+0000] {processor.py:175} INFO - Processing /home/airflow/.local/lib/python3.7/site-packages/airflow/example_dags/example_xcom.py took 0.162 seconds
[2023-10-09T03:13:13.578+0000] {processor.py:153} INFO - Started process (PID=181353) to work on /home/airflow/.local/lib/python3.7/site-packages/airflow/example_dags/example_xcom.py
[2023-10-09T03:13:13.579+0000] {processor.py:743} INFO - Processing file /home/airflow/.local/lib/python3.7/site-packages/airflow/example_dags/example_xcom.py for tasks to queue
[2023-10-09T03:13:13.581+0000] {logging_mixin.py:137} INFO - [2023-10-09T03:13:13.581+0000] {dagbag.py:538} INFO - Filling up the DagBag from /home/airflow/.local/lib/python3.7/site-packages/airflow/example_dags/example_xcom.py
[2023-10-09T03:13:13.601+0000] {processor.py:753} INFO - DAG(s) dict_keys(['example_xcom']) retrieved from /home/airflow/.local/lib/python3.7/site-packages/airflow/example_dags/example_xcom.py
[2023-10-09T03:13:13.625+0000] {logging_mixin.py:137} INFO - [2023-10-09T03:13:13.625+0000] {dag.py:2690} INFO - Sync 1 DAGs
[2023-10-09T03:13:13.642+0000] {logging_mixin.py:137} INFO - [2023-10-09T03:13:13.642+0000] {dag.py:3441} INFO - Setting next_dagrun for example_xcom to 2021-01-01T00:00:00+00:00, run_after=2021-01-01T00:00:00+00:00
[2023-10-09T03:13:13.660+0000] {processor.py:175} INFO - Processing /home/airflow/.local/lib/python3.7/site-packages/airflow/example_dags/example_xcom.py took 0.085 seconds
[2023-10-09T04:33:39.907+0000] {processor.py:153} INFO - Started process (PID=181422) to work on /home/airflow/.local/lib/python3.7/site-packages/airflow/example_dags/example_xcom.py
[2023-10-09T04:33:39.908+0000] {processor.py:743} INFO - Processing file /home/airflow/.local/lib/python3.7/site-packages/airflow/example_dags/example_xcom.py for tasks to queue
[2023-10-09T04:33:39.910+0000] {logging_mixin.py:137} INFO - [2023-10-09T04:33:39.910+0000] {dagbag.py:538} INFO - Filling up the DagBag from /home/airflow/.local/lib/python3.7/site-packages/airflow/example_dags/example_xcom.py
[2023-10-09T04:33:39.929+0000] {processor.py:753} INFO - DAG(s) dict_keys(['example_xcom']) retrieved from /home/airflow/.local/lib/python3.7/site-packages/airflow/example_dags/example_xcom.py
[2023-10-09T04:33:39.955+0000] {logging_mixin.py:137} INFO - [2023-10-09T04:33:39.955+0000] {dag.py:2690} INFO - Sync 1 DAGs
[2023-10-09T04:33:39.973+0000] {logging_mixin.py:137} INFO - [2023-10-09T04:33:39.973+0000] {dag.py:3441} INFO - Setting next_dagrun for example_xcom to 2021-01-01T00:00:00+00:00, run_after=2021-01-01T00:00:00+00:00
[2023-10-09T04:33:39.985+0000] {processor.py:175} INFO - Processing /home/airflow/.local/lib/python3.7/site-packages/airflow/example_dags/example_xcom.py took 0.081 seconds
[2023-10-09T05:55:09.434+0000] {processor.py:153} INFO - Started process (PID=181504) to work on /home/airflow/.local/lib/python3.7/site-packages/airflow/example_dags/example_xcom.py
[2023-10-09T05:55:09.450+0000] {processor.py:743} INFO - Processing file /home/airflow/.local/lib/python3.7/site-packages/airflow/example_dags/example_xcom.py for tasks to queue
[2023-10-09T05:55:09.456+0000] {logging_mixin.py:137} INFO - [2023-10-09T05:55:09.456+0000] {dagbag.py:538} INFO - Filling up the DagBag from /home/airflow/.local/lib/python3.7/site-packages/airflow/example_dags/example_xcom.py
[2023-10-09T05:55:09.558+0000] {processor.py:753} INFO - DAG(s) dict_keys(['example_xcom']) retrieved from /home/airflow/.local/lib/python3.7/site-packages/airflow/example_dags/example_xcom.py
[2023-10-09T05:55:09.601+0000] {logging_mixin.py:137} INFO - [2023-10-09T05:55:09.601+0000] {dag.py:2690} INFO - Sync 1 DAGs
[2023-10-09T05:55:09.683+0000] {logging_mixin.py:137} INFO - [2023-10-09T05:55:09.683+0000] {dag.py:3441} INFO - Setting next_dagrun for example_xcom to 2021-01-01T00:00:00+00:00, run_after=2021-01-01T00:00:00+00:00
[2023-10-09T05:55:09.729+0000] {processor.py:175} INFO - Processing /home/airflow/.local/lib/python3.7/site-packages/airflow/example_dags/example_xcom.py took 0.348 seconds
[2023-10-09T07:17:28.168+0000] {processor.py:153} INFO - Started process (PID=181573) to work on /home/airflow/.local/lib/python3.7/site-packages/airflow/example_dags/example_xcom.py
[2023-10-09T07:17:28.169+0000] {processor.py:743} INFO - Processing file /home/airflow/.local/lib/python3.7/site-packages/airflow/example_dags/example_xcom.py for tasks to queue
[2023-10-09T07:17:28.170+0000] {logging_mixin.py:137} INFO - [2023-10-09T07:17:28.170+0000] {dagbag.py:538} INFO - Filling up the DagBag from /home/airflow/.local/lib/python3.7/site-packages/airflow/example_dags/example_xcom.py
[2023-10-09T07:17:28.191+0000] {processor.py:753} INFO - DAG(s) dict_keys(['example_xcom']) retrieved from /home/airflow/.local/lib/python3.7/site-packages/airflow/example_dags/example_xcom.py
[2023-10-09T07:17:28.217+0000] {logging_mixin.py:137} INFO - [2023-10-09T07:17:28.217+0000] {dag.py:2690} INFO - Sync 1 DAGs
[2023-10-09T07:17:28.242+0000] {logging_mixin.py:137} INFO - [2023-10-09T07:17:28.242+0000] {dag.py:3441} INFO - Setting next_dagrun for example_xcom to 2021-01-01T00:00:00+00:00, run_after=2021-01-01T00:00:00+00:00
[2023-10-09T07:17:28.257+0000] {processor.py:175} INFO - Processing /home/airflow/.local/lib/python3.7/site-packages/airflow/example_dags/example_xcom.py took 0.092 seconds
[2023-10-09T08:40:47.519+0000] {processor.py:153} INFO - Started process (PID=181642) to work on /home/airflow/.local/lib/python3.7/site-packages/airflow/example_dags/example_xcom.py
[2023-10-09T08:40:47.522+0000] {processor.py:743} INFO - Processing file /home/airflow/.local/lib/python3.7/site-packages/airflow/example_dags/example_xcom.py for tasks to queue
[2023-10-09T08:40:47.524+0000] {logging_mixin.py:137} INFO - [2023-10-09T08:40:47.524+0000] {dagbag.py:538} INFO - Filling up the DagBag from /home/airflow/.local/lib/python3.7/site-packages/airflow/example_dags/example_xcom.py
[2023-10-09T08:40:47.546+0000] {processor.py:753} INFO - DAG(s) dict_keys(['example_xcom']) retrieved from /home/airflow/.local/lib/python3.7/site-packages/airflow/example_dags/example_xcom.py
[2023-10-09T08:40:47.571+0000] {logging_mixin.py:137} INFO - [2023-10-09T08:40:47.571+0000] {dag.py:2690} INFO - Sync 1 DAGs
[2023-10-09T08:40:47.590+0000] {logging_mixin.py:137} INFO - [2023-10-09T08:40:47.590+0000] {dag.py:3441} INFO - Setting next_dagrun for example_xcom to 2021-01-01T00:00:00+00:00, run_after=2021-01-01T00:00:00+00:00
[2023-10-09T08:40:47.603+0000] {processor.py:175} INFO - Processing /home/airflow/.local/lib/python3.7/site-packages/airflow/example_dags/example_xcom.py took 0.087 seconds
[2023-10-09T10:02:30.058+0000] {processor.py:153} INFO - Started process (PID=181723) to work on /home/airflow/.local/lib/python3.7/site-packages/airflow/example_dags/example_xcom.py
[2023-10-09T10:02:30.081+0000] {processor.py:743} INFO - Processing file /home/airflow/.local/lib/python3.7/site-packages/airflow/example_dags/example_xcom.py for tasks to queue
[2023-10-09T10:02:30.098+0000] {logging_mixin.py:137} INFO - [2023-10-09T10:02:30.097+0000] {dagbag.py:538} INFO - Filling up the DagBag from /home/airflow/.local/lib/python3.7/site-packages/airflow/example_dags/example_xcom.py
[2023-10-09T10:02:31.133+0000] {processor.py:753} INFO - DAG(s) dict_keys(['example_xcom']) retrieved from /home/airflow/.local/lib/python3.7/site-packages/airflow/example_dags/example_xcom.py
[2023-10-09T10:02:31.318+0000] {logging_mixin.py:137} INFO - [2023-10-09T10:02:31.318+0000] {dag.py:2690} INFO - Sync 1 DAGs
[2023-10-09T10:02:31.438+0000] {logging_mixin.py:137} INFO - [2023-10-09T10:02:31.438+0000] {dag.py:3441} INFO - Setting next_dagrun for example_xcom to 2021-01-01T00:00:00+00:00, run_after=2021-01-01T00:00:00+00:00
[2023-10-09T10:02:31.467+0000] {processor.py:175} INFO - Processing /home/airflow/.local/lib/python3.7/site-packages/airflow/example_dags/example_xcom.py took 1.435 seconds
[2023-10-09T11:23:31.275+0000] {processor.py:153} INFO - Started process (PID=181791) to work on /home/airflow/.local/lib/python3.7/site-packages/airflow/example_dags/example_xcom.py
[2023-10-09T11:23:31.277+0000] {processor.py:743} INFO - Processing file /home/airflow/.local/lib/python3.7/site-packages/airflow/example_dags/example_xcom.py for tasks to queue
[2023-10-09T11:23:31.278+0000] {logging_mixin.py:137} INFO - [2023-10-09T11:23:31.278+0000] {dagbag.py:538} INFO - Filling up the DagBag from /home/airflow/.local/lib/python3.7/site-packages/airflow/example_dags/example_xcom.py
[2023-10-09T11:23:31.296+0000] {processor.py:753} INFO - DAG(s) dict_keys(['example_xcom']) retrieved from /home/airflow/.local/lib/python3.7/site-packages/airflow/example_dags/example_xcom.py
[2023-10-09T11:23:31.318+0000] {logging_mixin.py:137} INFO - [2023-10-09T11:23:31.318+0000] {dag.py:2690} INFO - Sync 1 DAGs
[2023-10-09T11:23:31.333+0000] {logging_mixin.py:137} INFO - [2023-10-09T11:23:31.333+0000] {dag.py:3441} INFO - Setting next_dagrun for example_xcom to 2021-01-01T00:00:00+00:00, run_after=2021-01-01T00:00:00+00:00
[2023-10-09T11:23:31.344+0000] {processor.py:175} INFO - Processing /home/airflow/.local/lib/python3.7/site-packages/airflow/example_dags/example_xcom.py took 0.071 seconds
[2023-10-09T12:42:53.590+0000] {processor.py:153} INFO - Started process (PID=181860) to work on /home/airflow/.local/lib/python3.7/site-packages/airflow/example_dags/example_xcom.py
[2023-10-09T12:42:53.592+0000] {processor.py:743} INFO - Processing file /home/airflow/.local/lib/python3.7/site-packages/airflow/example_dags/example_xcom.py for tasks to queue
[2023-10-09T12:42:53.594+0000] {logging_mixin.py:137} INFO - [2023-10-09T12:42:53.594+0000] {dagbag.py:538} INFO - Filling up the DagBag from /home/airflow/.local/lib/python3.7/site-packages/airflow/example_dags/example_xcom.py
[2023-10-09T12:42:53.628+0000] {processor.py:753} INFO - DAG(s) dict_keys(['example_xcom']) retrieved from /home/airflow/.local/lib/python3.7/site-packages/airflow/example_dags/example_xcom.py
[2023-10-09T12:42:53.669+0000] {logging_mixin.py:137} INFO - [2023-10-09T12:42:53.669+0000] {dag.py:2690} INFO - Sync 1 DAGs
[2023-10-09T12:42:53.708+0000] {logging_mixin.py:137} INFO - [2023-10-09T12:42:53.708+0000] {dag.py:3441} INFO - Setting next_dagrun for example_xcom to 2021-01-01T00:00:00+00:00, run_after=2021-01-01T00:00:00+00:00
[2023-10-09T12:42:53.769+0000] {processor.py:175} INFO - Processing /home/airflow/.local/lib/python3.7/site-packages/airflow/example_dags/example_xcom.py took 0.182 seconds
[2023-10-09T14:06:05.003+0000] {processor.py:153} INFO - Started process (PID=181941) to work on /home/airflow/.local/lib/python3.7/site-packages/airflow/example_dags/example_xcom.py
[2023-10-09T14:06:05.005+0000] {processor.py:743} INFO - Processing file /home/airflow/.local/lib/python3.7/site-packages/airflow/example_dags/example_xcom.py for tasks to queue
[2023-10-09T14:06:05.007+0000] {logging_mixin.py:137} INFO - [2023-10-09T14:06:05.006+0000] {dagbag.py:538} INFO - Filling up the DagBag from /home/airflow/.local/lib/python3.7/site-packages/airflow/example_dags/example_xcom.py
[2023-10-09T14:06:05.039+0000] {processor.py:753} INFO - DAG(s) dict_keys(['example_xcom']) retrieved from /home/airflow/.local/lib/python3.7/site-packages/airflow/example_dags/example_xcom.py
[2023-10-09T14:06:05.077+0000] {logging_mixin.py:137} INFO - [2023-10-09T14:06:05.077+0000] {dag.py:2690} INFO - Sync 1 DAGs
[2023-10-09T14:06:05.121+0000] {logging_mixin.py:137} INFO - [2023-10-09T14:06:05.121+0000] {dag.py:3441} INFO - Setting next_dagrun for example_xcom to 2021-01-01T00:00:00+00:00, run_after=2021-01-01T00:00:00+00:00
[2023-10-09T14:06:05.161+0000] {processor.py:175} INFO - Processing /home/airflow/.local/lib/python3.7/site-packages/airflow/example_dags/example_xcom.py took 0.161 seconds
[2023-10-09T15:12:08.147+0000] {processor.py:153} INFO - Started process (PID=182010) to work on /home/airflow/.local/lib/python3.7/site-packages/airflow/example_dags/example_xcom.py
[2023-10-09T15:12:08.150+0000] {processor.py:743} INFO - Processing file /home/airflow/.local/lib/python3.7/site-packages/airflow/example_dags/example_xcom.py for tasks to queue
[2023-10-09T15:12:08.153+0000] {logging_mixin.py:137} INFO - [2023-10-09T15:12:08.152+0000] {dagbag.py:538} INFO - Filling up the DagBag from /home/airflow/.local/lib/python3.7/site-packages/airflow/example_dags/example_xcom.py
[2023-10-09T15:12:08.186+0000] {processor.py:753} INFO - DAG(s) dict_keys(['example_xcom']) retrieved from /home/airflow/.local/lib/python3.7/site-packages/airflow/example_dags/example_xcom.py
[2023-10-09T15:12:08.217+0000] {logging_mixin.py:137} INFO - [2023-10-09T15:12:08.217+0000] {dag.py:2690} INFO - Sync 1 DAGs
[2023-10-09T15:12:08.238+0000] {logging_mixin.py:137} INFO - [2023-10-09T15:12:08.238+0000] {dag.py:3441} INFO - Setting next_dagrun for example_xcom to 2021-01-01T00:00:00+00:00, run_after=2021-01-01T00:00:00+00:00
[2023-10-09T15:12:08.252+0000] {processor.py:175} INFO - Processing /home/airflow/.local/lib/python3.7/site-packages/airflow/example_dags/example_xcom.py took 0.109 seconds
[2023-10-09T16:15:52.665+0000] {processor.py:153} INFO - Started process (PID=182090) to work on /home/airflow/.local/lib/python3.7/site-packages/airflow/example_dags/example_xcom.py
[2023-10-09T16:15:52.666+0000] {processor.py:743} INFO - Processing file /home/airflow/.local/lib/python3.7/site-packages/airflow/example_dags/example_xcom.py for tasks to queue
[2023-10-09T16:15:52.668+0000] {logging_mixin.py:137} INFO - [2023-10-09T16:15:52.668+0000] {dagbag.py:538} INFO - Filling up the DagBag from /home/airflow/.local/lib/python3.7/site-packages/airflow/example_dags/example_xcom.py
[2023-10-09T16:15:52.688+0000] {processor.py:753} INFO - DAG(s) dict_keys(['example_xcom']) retrieved from /home/airflow/.local/lib/python3.7/site-packages/airflow/example_dags/example_xcom.py
[2023-10-09T16:15:52.712+0000] {logging_mixin.py:137} INFO - [2023-10-09T16:15:52.712+0000] {dag.py:2690} INFO - Sync 1 DAGs
[2023-10-09T16:15:52.731+0000] {logging_mixin.py:137} INFO - [2023-10-09T16:15:52.731+0000] {dag.py:3441} INFO - Setting next_dagrun for example_xcom to 2021-01-01T00:00:00+00:00, run_after=2021-01-01T00:00:00+00:00
[2023-10-09T16:15:52.745+0000] {processor.py:175} INFO - Processing /home/airflow/.local/lib/python3.7/site-packages/airflow/example_dags/example_xcom.py took 0.083 seconds
[2023-10-09T17:36:37.778+0000] {processor.py:153} INFO - Started process (PID=182160) to work on /home/airflow/.local/lib/python3.7/site-packages/airflow/example_dags/example_xcom.py
[2023-10-09T17:36:37.780+0000] {processor.py:743} INFO - Processing file /home/airflow/.local/lib/python3.7/site-packages/airflow/example_dags/example_xcom.py for tasks to queue
[2023-10-09T17:36:37.783+0000] {logging_mixin.py:137} INFO - [2023-10-09T17:36:37.783+0000] {dagbag.py:538} INFO - Filling up the DagBag from /home/airflow/.local/lib/python3.7/site-packages/airflow/example_dags/example_xcom.py
[2023-10-09T17:36:37.805+0000] {processor.py:753} INFO - DAG(s) dict_keys(['example_xcom']) retrieved from /home/airflow/.local/lib/python3.7/site-packages/airflow/example_dags/example_xcom.py
[2023-10-09T17:36:37.844+0000] {logging_mixin.py:137} INFO - [2023-10-09T17:36:37.844+0000] {dag.py:2690} INFO - Sync 1 DAGs
[2023-10-09T17:36:37.876+0000] {logging_mixin.py:137} INFO - [2023-10-09T17:36:37.876+0000] {dag.py:3441} INFO - Setting next_dagrun for example_xcom to 2021-01-01T00:00:00+00:00, run_after=2021-01-01T00:00:00+00:00
[2023-10-09T17:36:37.897+0000] {processor.py:175} INFO - Processing /home/airflow/.local/lib/python3.7/site-packages/airflow/example_dags/example_xcom.py took 0.122 seconds
[2023-10-09T18:32:41.692+0000] {processor.py:153} INFO - Started process (PID=182241) to work on /home/airflow/.local/lib/python3.7/site-packages/airflow/example_dags/example_xcom.py
[2023-10-09T18:32:41.702+0000] {processor.py:743} INFO - Processing file /home/airflow/.local/lib/python3.7/site-packages/airflow/example_dags/example_xcom.py for tasks to queue
[2023-10-09T18:32:41.704+0000] {logging_mixin.py:137} INFO - [2023-10-09T18:32:41.704+0000] {dagbag.py:538} INFO - Filling up the DagBag from /home/airflow/.local/lib/python3.7/site-packages/airflow/example_dags/example_xcom.py
[2023-10-09T18:32:41.732+0000] {processor.py:753} INFO - DAG(s) dict_keys(['example_xcom']) retrieved from /home/airflow/.local/lib/python3.7/site-packages/airflow/example_dags/example_xcom.py
[2023-10-09T18:32:41.767+0000] {logging_mixin.py:137} INFO - [2023-10-09T18:32:41.767+0000] {dag.py:2690} INFO - Sync 1 DAGs
[2023-10-09T18:32:41.799+0000] {logging_mixin.py:137} INFO - [2023-10-09T18:32:41.798+0000] {dag.py:3441} INFO - Setting next_dagrun for example_xcom to 2021-01-01T00:00:00+00:00, run_after=2021-01-01T00:00:00+00:00
[2023-10-09T18:32:41.822+0000] {processor.py:175} INFO - Processing /home/airflow/.local/lib/python3.7/site-packages/airflow/example_dags/example_xcom.py took 0.133 seconds
[2023-10-09T18:33:12.177+0000] {processor.py:153} INFO - Started process (PID=182310) to work on /home/airflow/.local/lib/python3.7/site-packages/airflow/example_dags/example_xcom.py
[2023-10-09T18:33:12.178+0000] {processor.py:743} INFO - Processing file /home/airflow/.local/lib/python3.7/site-packages/airflow/example_dags/example_xcom.py for tasks to queue
[2023-10-09T18:33:12.180+0000] {logging_mixin.py:137} INFO - [2023-10-09T18:33:12.180+0000] {dagbag.py:538} INFO - Filling up the DagBag from /home/airflow/.local/lib/python3.7/site-packages/airflow/example_dags/example_xcom.py
[2023-10-09T18:33:12.201+0000] {processor.py:753} INFO - DAG(s) dict_keys(['example_xcom']) retrieved from /home/airflow/.local/lib/python3.7/site-packages/airflow/example_dags/example_xcom.py
[2023-10-09T18:33:12.227+0000] {logging_mixin.py:137} INFO - [2023-10-09T18:33:12.227+0000] {dag.py:2690} INFO - Sync 1 DAGs
[2023-10-09T18:33:12.244+0000] {logging_mixin.py:137} INFO - [2023-10-09T18:33:12.244+0000] {dag.py:3441} INFO - Setting next_dagrun for example_xcom to 2021-01-01T00:00:00+00:00, run_after=2021-01-01T00:00:00+00:00
[2023-10-09T18:33:12.257+0000] {processor.py:175} INFO - Processing /home/airflow/.local/lib/python3.7/site-packages/airflow/example_dags/example_xcom.py took 0.086 seconds
[2023-10-09T18:33:42.613+0000] {processor.py:153} INFO - Started process (PID=182390) to work on /home/airflow/.local/lib/python3.7/site-packages/airflow/example_dags/example_xcom.py
[2023-10-09T18:33:42.617+0000] {processor.py:743} INFO - Processing file /home/airflow/.local/lib/python3.7/site-packages/airflow/example_dags/example_xcom.py for tasks to queue
[2023-10-09T18:33:42.618+0000] {logging_mixin.py:137} INFO - [2023-10-09T18:33:42.618+0000] {dagbag.py:538} INFO - Filling up the DagBag from /home/airflow/.local/lib/python3.7/site-packages/airflow/example_dags/example_xcom.py
[2023-10-09T18:33:42.641+0000] {processor.py:753} INFO - DAG(s) dict_keys(['example_xcom']) retrieved from /home/airflow/.local/lib/python3.7/site-packages/airflow/example_dags/example_xcom.py
[2023-10-09T18:33:42.675+0000] {logging_mixin.py:137} INFO - [2023-10-09T18:33:42.675+0000] {dag.py:2690} INFO - Sync 1 DAGs
[2023-10-09T18:33:42.695+0000] {logging_mixin.py:137} INFO - [2023-10-09T18:33:42.695+0000] {dag.py:3441} INFO - Setting next_dagrun for example_xcom to 2021-01-01T00:00:00+00:00, run_after=2021-01-01T00:00:00+00:00
[2023-10-09T18:33:42.709+0000] {processor.py:175} INFO - Processing /home/airflow/.local/lib/python3.7/site-packages/airflow/example_dags/example_xcom.py took 0.099 seconds
[2023-10-09T18:34:13.248+0000] {processor.py:153} INFO - Started process (PID=182468) to work on /home/airflow/.local/lib/python3.7/site-packages/airflow/example_dags/example_xcom.py
[2023-10-09T18:34:13.250+0000] {processor.py:743} INFO - Processing file /home/airflow/.local/lib/python3.7/site-packages/airflow/example_dags/example_xcom.py for tasks to queue
[2023-10-09T18:34:13.251+0000] {logging_mixin.py:137} INFO - [2023-10-09T18:34:13.251+0000] {dagbag.py:538} INFO - Filling up the DagBag from /home/airflow/.local/lib/python3.7/site-packages/airflow/example_dags/example_xcom.py
[2023-10-09T18:34:13.271+0000] {processor.py:753} INFO - DAG(s) dict_keys(['example_xcom']) retrieved from /home/airflow/.local/lib/python3.7/site-packages/airflow/example_dags/example_xcom.py
[2023-10-09T18:34:13.296+0000] {logging_mixin.py:137} INFO - [2023-10-09T18:34:13.296+0000] {dag.py:2690} INFO - Sync 1 DAGs
[2023-10-09T18:34:13.315+0000] {logging_mixin.py:137} INFO - [2023-10-09T18:34:13.315+0000] {dag.py:3441} INFO - Setting next_dagrun for example_xcom to 2021-01-01T00:00:00+00:00, run_after=2021-01-01T00:00:00+00:00
[2023-10-09T18:34:13.333+0000] {processor.py:175} INFO - Processing /home/airflow/.local/lib/python3.7/site-packages/airflow/example_dags/example_xcom.py took 0.089 seconds
[2023-10-09T19:02:20.337+0000] {processor.py:153} INFO - Started process (PID=182540) to work on /home/airflow/.local/lib/python3.7/site-packages/airflow/example_dags/example_xcom.py
[2023-10-09T19:02:20.340+0000] {processor.py:743} INFO - Processing file /home/airflow/.local/lib/python3.7/site-packages/airflow/example_dags/example_xcom.py for tasks to queue
[2023-10-09T19:02:20.341+0000] {logging_mixin.py:137} INFO - [2023-10-09T19:02:20.341+0000] {dagbag.py:538} INFO - Filling up the DagBag from /home/airflow/.local/lib/python3.7/site-packages/airflow/example_dags/example_xcom.py
[2023-10-09T19:02:20.362+0000] {processor.py:753} INFO - DAG(s) dict_keys(['example_xcom']) retrieved from /home/airflow/.local/lib/python3.7/site-packages/airflow/example_dags/example_xcom.py
[2023-10-09T19:02:20.389+0000] {logging_mixin.py:137} INFO - [2023-10-09T19:02:20.389+0000] {dag.py:2690} INFO - Sync 1 DAGs
[2023-10-09T19:02:20.408+0000] {logging_mixin.py:137} INFO - [2023-10-09T19:02:20.408+0000] {dag.py:3441} INFO - Setting next_dagrun for example_xcom to 2021-01-01T00:00:00+00:00, run_after=2021-01-01T00:00:00+00:00
[2023-10-09T19:02:20.422+0000] {processor.py:175} INFO - Processing /home/airflow/.local/lib/python3.7/site-packages/airflow/example_dags/example_xcom.py took 0.089 seconds
[2023-10-09T19:02:51.306+0000] {processor.py:153} INFO - Started process (PID=182608) to work on /home/airflow/.local/lib/python3.7/site-packages/airflow/example_dags/example_xcom.py
[2023-10-09T19:02:51.309+0000] {processor.py:743} INFO - Processing file /home/airflow/.local/lib/python3.7/site-packages/airflow/example_dags/example_xcom.py for tasks to queue
[2023-10-09T19:02:51.310+0000] {logging_mixin.py:137} INFO - [2023-10-09T19:02:51.310+0000] {dagbag.py:538} INFO - Filling up the DagBag from /home/airflow/.local/lib/python3.7/site-packages/airflow/example_dags/example_xcom.py
[2023-10-09T19:02:51.329+0000] {processor.py:753} INFO - DAG(s) dict_keys(['example_xcom']) retrieved from /home/airflow/.local/lib/python3.7/site-packages/airflow/example_dags/example_xcom.py
[2023-10-09T19:02:51.351+0000] {logging_mixin.py:137} INFO - [2023-10-09T19:02:51.351+0000] {dag.py:2690} INFO - Sync 1 DAGs
[2023-10-09T19:02:51.372+0000] {logging_mixin.py:137} INFO - [2023-10-09T19:02:51.372+0000] {dag.py:3441} INFO - Setting next_dagrun for example_xcom to 2021-01-01T00:00:00+00:00, run_after=2021-01-01T00:00:00+00:00
[2023-10-09T19:02:51.387+0000] {processor.py:175} INFO - Processing /home/airflow/.local/lib/python3.7/site-packages/airflow/example_dags/example_xcom.py took 0.086 seconds
[2023-10-09T19:03:23.317+0000] {processor.py:153} INFO - Started process (PID=182690) to work on /home/airflow/.local/lib/python3.7/site-packages/airflow/example_dags/example_xcom.py
[2023-10-09T19:03:23.327+0000] {processor.py:743} INFO - Processing file /home/airflow/.local/lib/python3.7/site-packages/airflow/example_dags/example_xcom.py for tasks to queue
[2023-10-09T19:03:23.330+0000] {logging_mixin.py:137} INFO - [2023-10-09T19:03:23.330+0000] {dagbag.py:538} INFO - Filling up the DagBag from /home/airflow/.local/lib/python3.7/site-packages/airflow/example_dags/example_xcom.py
[2023-10-09T19:03:23.380+0000] {processor.py:753} INFO - DAG(s) dict_keys(['example_xcom']) retrieved from /home/airflow/.local/lib/python3.7/site-packages/airflow/example_dags/example_xcom.py
[2023-10-09T19:03:23.427+0000] {logging_mixin.py:137} INFO - [2023-10-09T19:03:23.427+0000] {dag.py:2690} INFO - Sync 1 DAGs
[2023-10-09T19:03:23.459+0000] {logging_mixin.py:137} INFO - [2023-10-09T19:03:23.458+0000] {dag.py:3441} INFO - Setting next_dagrun for example_xcom to 2021-01-01T00:00:00+00:00, run_after=2021-01-01T00:00:00+00:00
[2023-10-09T19:03:23.523+0000] {processor.py:175} INFO - Processing /home/airflow/.local/lib/python3.7/site-packages/airflow/example_dags/example_xcom.py took 0.213 seconds
[2023-10-09T19:03:53.581+0000] {processor.py:153} INFO - Started process (PID=182759) to work on /home/airflow/.local/lib/python3.7/site-packages/airflow/example_dags/example_xcom.py
[2023-10-09T19:03:53.584+0000] {processor.py:743} INFO - Processing file /home/airflow/.local/lib/python3.7/site-packages/airflow/example_dags/example_xcom.py for tasks to queue
[2023-10-09T19:03:53.586+0000] {logging_mixin.py:137} INFO - [2023-10-09T19:03:53.586+0000] {dagbag.py:538} INFO - Filling up the DagBag from /home/airflow/.local/lib/python3.7/site-packages/airflow/example_dags/example_xcom.py
[2023-10-09T19:03:53.617+0000] {processor.py:753} INFO - DAG(s) dict_keys(['example_xcom']) retrieved from /home/airflow/.local/lib/python3.7/site-packages/airflow/example_dags/example_xcom.py
[2023-10-09T19:03:53.647+0000] {logging_mixin.py:137} INFO - [2023-10-09T19:03:53.647+0000] {dag.py:2690} INFO - Sync 1 DAGs
[2023-10-09T19:03:53.669+0000] {logging_mixin.py:137} INFO - [2023-10-09T19:03:53.669+0000] {dag.py:3441} INFO - Setting next_dagrun for example_xcom to 2021-01-01T00:00:00+00:00, run_after=2021-01-01T00:00:00+00:00
[2023-10-09T19:03:53.709+0000] {processor.py:175} INFO - Processing /home/airflow/.local/lib/python3.7/site-packages/airflow/example_dags/example_xcom.py took 0.133 seconds
[2023-10-09T19:04:24.036+0000] {processor.py:153} INFO - Started process (PID=182841) to work on /home/airflow/.local/lib/python3.7/site-packages/airflow/example_dags/example_xcom.py
[2023-10-09T19:04:24.038+0000] {processor.py:743} INFO - Processing file /home/airflow/.local/lib/python3.7/site-packages/airflow/example_dags/example_xcom.py for tasks to queue
[2023-10-09T19:04:24.040+0000] {logging_mixin.py:137} INFO - [2023-10-09T19:04:24.040+0000] {dagbag.py:538} INFO - Filling up the DagBag from /home/airflow/.local/lib/python3.7/site-packages/airflow/example_dags/example_xcom.py
[2023-10-09T19:04:24.059+0000] {processor.py:753} INFO - DAG(s) dict_keys(['example_xcom']) retrieved from /home/airflow/.local/lib/python3.7/site-packages/airflow/example_dags/example_xcom.py
[2023-10-09T19:04:24.078+0000] {logging_mixin.py:137} INFO - [2023-10-09T19:04:24.078+0000] {dag.py:2690} INFO - Sync 1 DAGs
[2023-10-09T19:04:24.095+0000] {logging_mixin.py:137} INFO - [2023-10-09T19:04:24.095+0000] {dag.py:3441} INFO - Setting next_dagrun for example_xcom to 2021-01-01T00:00:00+00:00, run_after=2021-01-01T00:00:00+00:00
[2023-10-09T19:04:24.107+0000] {processor.py:175} INFO - Processing /home/airflow/.local/lib/python3.7/site-packages/airflow/example_dags/example_xcom.py took 0.074 seconds
[2023-10-09T19:04:55.232+0000] {processor.py:153} INFO - Started process (PID=182923) to work on /home/airflow/.local/lib/python3.7/site-packages/airflow/example_dags/example_xcom.py
[2023-10-09T19:04:55.234+0000] {processor.py:743} INFO - Processing file /home/airflow/.local/lib/python3.7/site-packages/airflow/example_dags/example_xcom.py for tasks to queue
[2023-10-09T19:04:55.235+0000] {logging_mixin.py:137} INFO - [2023-10-09T19:04:55.235+0000] {dagbag.py:538} INFO - Filling up the DagBag from /home/airflow/.local/lib/python3.7/site-packages/airflow/example_dags/example_xcom.py
[2023-10-09T19:04:55.259+0000] {processor.py:753} INFO - DAG(s) dict_keys(['example_xcom']) retrieved from /home/airflow/.local/lib/python3.7/site-packages/airflow/example_dags/example_xcom.py
[2023-10-09T19:04:55.285+0000] {logging_mixin.py:137} INFO - [2023-10-09T19:04:55.285+0000] {dag.py:2690} INFO - Sync 1 DAGs
[2023-10-09T19:04:55.303+0000] {logging_mixin.py:137} INFO - [2023-10-09T19:04:55.302+0000] {dag.py:3441} INFO - Setting next_dagrun for example_xcom to 2021-01-01T00:00:00+00:00, run_after=2021-01-01T00:00:00+00:00
[2023-10-09T19:04:55.315+0000] {processor.py:175} INFO - Processing /home/airflow/.local/lib/python3.7/site-packages/airflow/example_dags/example_xcom.py took 0.088 seconds
[2023-10-09T19:05:26.050+0000] {processor.py:153} INFO - Started process (PID=182992) to work on /home/airflow/.local/lib/python3.7/site-packages/airflow/example_dags/example_xcom.py
[2023-10-09T19:05:26.052+0000] {processor.py:743} INFO - Processing file /home/airflow/.local/lib/python3.7/site-packages/airflow/example_dags/example_xcom.py for tasks to queue
[2023-10-09T19:05:26.053+0000] {logging_mixin.py:137} INFO - [2023-10-09T19:05:26.053+0000] {dagbag.py:538} INFO - Filling up the DagBag from /home/airflow/.local/lib/python3.7/site-packages/airflow/example_dags/example_xcom.py
[2023-10-09T19:05:26.095+0000] {processor.py:753} INFO - DAG(s) dict_keys(['example_xcom']) retrieved from /home/airflow/.local/lib/python3.7/site-packages/airflow/example_dags/example_xcom.py
[2023-10-09T19:05:26.134+0000] {logging_mixin.py:137} INFO - [2023-10-09T19:05:26.134+0000] {dag.py:2690} INFO - Sync 1 DAGs
[2023-10-09T19:05:26.156+0000] {logging_mixin.py:137} INFO - [2023-10-09T19:05:26.156+0000] {dag.py:3441} INFO - Setting next_dagrun for example_xcom to 2021-01-01T00:00:00+00:00, run_after=2021-01-01T00:00:00+00:00
[2023-10-09T19:05:26.173+0000] {processor.py:175} INFO - Processing /home/airflow/.local/lib/python3.7/site-packages/airflow/example_dags/example_xcom.py took 0.126 seconds
[2023-10-09T19:05:57.183+0000] {processor.py:153} INFO - Started process (PID=183073) to work on /home/airflow/.local/lib/python3.7/site-packages/airflow/example_dags/example_xcom.py
[2023-10-09T19:05:57.186+0000] {processor.py:743} INFO - Processing file /home/airflow/.local/lib/python3.7/site-packages/airflow/example_dags/example_xcom.py for tasks to queue
[2023-10-09T19:05:57.189+0000] {logging_mixin.py:137} INFO - [2023-10-09T19:05:57.189+0000] {dagbag.py:538} INFO - Filling up the DagBag from /home/airflow/.local/lib/python3.7/site-packages/airflow/example_dags/example_xcom.py
[2023-10-09T19:05:57.233+0000] {processor.py:753} INFO - DAG(s) dict_keys(['example_xcom']) retrieved from /home/airflow/.local/lib/python3.7/site-packages/airflow/example_dags/example_xcom.py
[2023-10-09T19:05:57.259+0000] {logging_mixin.py:137} INFO - [2023-10-09T19:05:57.259+0000] {dag.py:2690} INFO - Sync 1 DAGs
[2023-10-09T19:05:57.280+0000] {logging_mixin.py:137} INFO - [2023-10-09T19:05:57.280+0000] {dag.py:3441} INFO - Setting next_dagrun for example_xcom to 2021-01-01T00:00:00+00:00, run_after=2021-01-01T00:00:00+00:00
[2023-10-09T19:05:57.293+0000] {processor.py:175} INFO - Processing /home/airflow/.local/lib/python3.7/site-packages/airflow/example_dags/example_xcom.py took 0.115 seconds
[2023-10-09T19:06:27.525+0000] {processor.py:153} INFO - Started process (PID=183142) to work on /home/airflow/.local/lib/python3.7/site-packages/airflow/example_dags/example_xcom.py
[2023-10-09T19:06:27.527+0000] {processor.py:743} INFO - Processing file /home/airflow/.local/lib/python3.7/site-packages/airflow/example_dags/example_xcom.py for tasks to queue
[2023-10-09T19:06:27.528+0000] {logging_mixin.py:137} INFO - [2023-10-09T19:06:27.528+0000] {dagbag.py:538} INFO - Filling up the DagBag from /home/airflow/.local/lib/python3.7/site-packages/airflow/example_dags/example_xcom.py
[2023-10-09T19:06:27.547+0000] {processor.py:753} INFO - DAG(s) dict_keys(['example_xcom']) retrieved from /home/airflow/.local/lib/python3.7/site-packages/airflow/example_dags/example_xcom.py
[2023-10-09T19:06:27.569+0000] {logging_mixin.py:137} INFO - [2023-10-09T19:06:27.569+0000] {dag.py:2690} INFO - Sync 1 DAGs
[2023-10-09T19:06:27.586+0000] {logging_mixin.py:137} INFO - [2023-10-09T19:06:27.586+0000] {dag.py:3441} INFO - Setting next_dagrun for example_xcom to 2021-01-01T00:00:00+00:00, run_after=2021-01-01T00:00:00+00:00
[2023-10-09T19:06:27.599+0000] {processor.py:175} INFO - Processing /home/airflow/.local/lib/python3.7/site-packages/airflow/example_dags/example_xcom.py took 0.077 seconds
[2023-10-09T19:06:58.496+0000] {processor.py:153} INFO - Started process (PID=183224) to work on /home/airflow/.local/lib/python3.7/site-packages/airflow/example_dags/example_xcom.py
[2023-10-09T19:06:58.498+0000] {processor.py:743} INFO - Processing file /home/airflow/.local/lib/python3.7/site-packages/airflow/example_dags/example_xcom.py for tasks to queue
[2023-10-09T19:06:58.500+0000] {logging_mixin.py:137} INFO - [2023-10-09T19:06:58.500+0000] {dagbag.py:538} INFO - Filling up the DagBag from /home/airflow/.local/lib/python3.7/site-packages/airflow/example_dags/example_xcom.py
[2023-10-09T19:06:58.520+0000] {processor.py:753} INFO - DAG(s) dict_keys(['example_xcom']) retrieved from /home/airflow/.local/lib/python3.7/site-packages/airflow/example_dags/example_xcom.py
[2023-10-09T19:06:58.542+0000] {logging_mixin.py:137} INFO - [2023-10-09T19:06:58.542+0000] {dag.py:2690} INFO - Sync 1 DAGs
[2023-10-09T19:06:58.557+0000] {logging_mixin.py:137} INFO - [2023-10-09T19:06:58.557+0000] {dag.py:3441} INFO - Setting next_dagrun for example_xcom to 2021-01-01T00:00:00+00:00, run_after=2021-01-01T00:00:00+00:00
[2023-10-09T19:06:58.568+0000] {processor.py:175} INFO - Processing /home/airflow/.local/lib/python3.7/site-packages/airflow/example_dags/example_xcom.py took 0.075 seconds
[2023-10-09T19:07:29.675+0000] {processor.py:153} INFO - Started process (PID=183294) to work on /home/airflow/.local/lib/python3.7/site-packages/airflow/example_dags/example_xcom.py
[2023-10-09T19:07:29.677+0000] {processor.py:743} INFO - Processing file /home/airflow/.local/lib/python3.7/site-packages/airflow/example_dags/example_xcom.py for tasks to queue
[2023-10-09T19:07:29.678+0000] {logging_mixin.py:137} INFO - [2023-10-09T19:07:29.678+0000] {dagbag.py:538} INFO - Filling up the DagBag from /home/airflow/.local/lib/python3.7/site-packages/airflow/example_dags/example_xcom.py
[2023-10-09T19:07:29.697+0000] {processor.py:753} INFO - DAG(s) dict_keys(['example_xcom']) retrieved from /home/airflow/.local/lib/python3.7/site-packages/airflow/example_dags/example_xcom.py
[2023-10-09T19:07:29.720+0000] {logging_mixin.py:137} INFO - [2023-10-09T19:07:29.720+0000] {dag.py:2690} INFO - Sync 1 DAGs
[2023-10-09T19:07:29.740+0000] {logging_mixin.py:137} INFO - [2023-10-09T19:07:29.739+0000] {dag.py:3441} INFO - Setting next_dagrun for example_xcom to 2021-01-01T00:00:00+00:00, run_after=2021-01-01T00:00:00+00:00
[2023-10-09T19:07:29.753+0000] {processor.py:175} INFO - Processing /home/airflow/.local/lib/python3.7/site-packages/airflow/example_dags/example_xcom.py took 0.082 seconds
[2023-10-09T19:08:00.437+0000] {processor.py:153} INFO - Started process (PID=183375) to work on /home/airflow/.local/lib/python3.7/site-packages/airflow/example_dags/example_xcom.py
[2023-10-09T19:08:00.439+0000] {processor.py:743} INFO - Processing file /home/airflow/.local/lib/python3.7/site-packages/airflow/example_dags/example_xcom.py for tasks to queue
[2023-10-09T19:08:00.440+0000] {logging_mixin.py:137} INFO - [2023-10-09T19:08:00.440+0000] {dagbag.py:538} INFO - Filling up the DagBag from /home/airflow/.local/lib/python3.7/site-packages/airflow/example_dags/example_xcom.py
[2023-10-09T19:08:00.461+0000] {processor.py:753} INFO - DAG(s) dict_keys(['example_xcom']) retrieved from /home/airflow/.local/lib/python3.7/site-packages/airflow/example_dags/example_xcom.py
[2023-10-09T19:08:00.483+0000] {logging_mixin.py:137} INFO - [2023-10-09T19:08:00.483+0000] {dag.py:2690} INFO - Sync 1 DAGs
[2023-10-09T19:08:00.502+0000] {logging_mixin.py:137} INFO - [2023-10-09T19:08:00.501+0000] {dag.py:3441} INFO - Setting next_dagrun for example_xcom to 2021-01-01T00:00:00+00:00, run_after=2021-01-01T00:00:00+00:00
[2023-10-09T19:08:00.515+0000] {processor.py:175} INFO - Processing /home/airflow/.local/lib/python3.7/site-packages/airflow/example_dags/example_xcom.py took 0.081 seconds
[2023-10-09T19:08:32.428+0000] {processor.py:153} INFO - Started process (PID=183453) to work on /home/airflow/.local/lib/python3.7/site-packages/airflow/example_dags/example_xcom.py
[2023-10-09T19:08:32.431+0000] {processor.py:743} INFO - Processing file /home/airflow/.local/lib/python3.7/site-packages/airflow/example_dags/example_xcom.py for tasks to queue
[2023-10-09T19:08:32.435+0000] {logging_mixin.py:137} INFO - [2023-10-09T19:08:32.435+0000] {dagbag.py:538} INFO - Filling up the DagBag from /home/airflow/.local/lib/python3.7/site-packages/airflow/example_dags/example_xcom.py
[2023-10-09T19:08:32.464+0000] {processor.py:753} INFO - DAG(s) dict_keys(['example_xcom']) retrieved from /home/airflow/.local/lib/python3.7/site-packages/airflow/example_dags/example_xcom.py
[2023-10-09T19:08:32.490+0000] {logging_mixin.py:137} INFO - [2023-10-09T19:08:32.490+0000] {dag.py:2690} INFO - Sync 1 DAGs
[2023-10-09T19:08:32.522+0000] {logging_mixin.py:137} INFO - [2023-10-09T19:08:32.522+0000] {dag.py:3441} INFO - Setting next_dagrun for example_xcom to 2021-01-01T00:00:00+00:00, run_after=2021-01-01T00:00:00+00:00
[2023-10-09T19:08:32.561+0000] {processor.py:175} INFO - Processing /home/airflow/.local/lib/python3.7/site-packages/airflow/example_dags/example_xcom.py took 0.136 seconds
[2023-10-09T19:26:14.898+0000] {processor.py:153} INFO - Started process (PID=183513) to work on /home/airflow/.local/lib/python3.7/site-packages/airflow/example_dags/example_xcom.py
[2023-10-09T19:26:14.899+0000] {processor.py:743} INFO - Processing file /home/airflow/.local/lib/python3.7/site-packages/airflow/example_dags/example_xcom.py for tasks to queue
[2023-10-09T19:26:14.901+0000] {logging_mixin.py:137} INFO - [2023-10-09T19:26:14.901+0000] {dagbag.py:538} INFO - Filling up the DagBag from /home/airflow/.local/lib/python3.7/site-packages/airflow/example_dags/example_xcom.py
[2023-10-09T19:26:14.923+0000] {processor.py:753} INFO - DAG(s) dict_keys(['example_xcom']) retrieved from /home/airflow/.local/lib/python3.7/site-packages/airflow/example_dags/example_xcom.py
[2023-10-09T19:26:14.948+0000] {logging_mixin.py:137} INFO - [2023-10-09T19:26:14.948+0000] {dag.py:2690} INFO - Sync 1 DAGs
[2023-10-09T19:26:14.972+0000] {logging_mixin.py:137} INFO - [2023-10-09T19:26:14.971+0000] {dag.py:3441} INFO - Setting next_dagrun for example_xcom to 2021-01-01T00:00:00+00:00, run_after=2021-01-01T00:00:00+00:00
[2023-10-09T19:26:14.987+0000] {processor.py:175} INFO - Processing /home/airflow/.local/lib/python3.7/site-packages/airflow/example_dags/example_xcom.py took 0.093 seconds
[2023-10-09T19:26:45.608+0000] {processor.py:153} INFO - Started process (PID=183582) to work on /home/airflow/.local/lib/python3.7/site-packages/airflow/example_dags/example_xcom.py
[2023-10-09T19:26:45.610+0000] {processor.py:743} INFO - Processing file /home/airflow/.local/lib/python3.7/site-packages/airflow/example_dags/example_xcom.py for tasks to queue
[2023-10-09T19:26:45.611+0000] {logging_mixin.py:137} INFO - [2023-10-09T19:26:45.611+0000] {dagbag.py:538} INFO - Filling up the DagBag from /home/airflow/.local/lib/python3.7/site-packages/airflow/example_dags/example_xcom.py
[2023-10-09T19:26:45.630+0000] {processor.py:753} INFO - DAG(s) dict_keys(['example_xcom']) retrieved from /home/airflow/.local/lib/python3.7/site-packages/airflow/example_dags/example_xcom.py
[2023-10-09T19:26:45.653+0000] {logging_mixin.py:137} INFO - [2023-10-09T19:26:45.653+0000] {dag.py:2690} INFO - Sync 1 DAGs
[2023-10-09T19:26:45.671+0000] {logging_mixin.py:137} INFO - [2023-10-09T19:26:45.671+0000] {dag.py:3441} INFO - Setting next_dagrun for example_xcom to 2021-01-01T00:00:00+00:00, run_after=2021-01-01T00:00:00+00:00
[2023-10-09T19:26:45.686+0000] {processor.py:175} INFO - Processing /home/airflow/.local/lib/python3.7/site-packages/airflow/example_dags/example_xcom.py took 0.081 seconds
[2023-10-09T19:27:17.467+0000] {processor.py:153} INFO - Started process (PID=183662) to work on /home/airflow/.local/lib/python3.7/site-packages/airflow/example_dags/example_xcom.py
[2023-10-09T19:27:17.472+0000] {processor.py:743} INFO - Processing file /home/airflow/.local/lib/python3.7/site-packages/airflow/example_dags/example_xcom.py for tasks to queue
[2023-10-09T19:27:17.475+0000] {logging_mixin.py:137} INFO - [2023-10-09T19:27:17.474+0000] {dagbag.py:538} INFO - Filling up the DagBag from /home/airflow/.local/lib/python3.7/site-packages/airflow/example_dags/example_xcom.py
[2023-10-09T19:27:17.516+0000] {processor.py:753} INFO - DAG(s) dict_keys(['example_xcom']) retrieved from /home/airflow/.local/lib/python3.7/site-packages/airflow/example_dags/example_xcom.py
[2023-10-09T19:27:17.563+0000] {logging_mixin.py:137} INFO - [2023-10-09T19:27:17.563+0000] {dag.py:2690} INFO - Sync 1 DAGs
[2023-10-09T19:27:17.608+0000] {logging_mixin.py:137} INFO - [2023-10-09T19:27:17.608+0000] {dag.py:3441} INFO - Setting next_dagrun for example_xcom to 2021-01-01T00:00:00+00:00, run_after=2021-01-01T00:00:00+00:00
[2023-10-09T19:27:17.665+0000] {processor.py:175} INFO - Processing /home/airflow/.local/lib/python3.7/site-packages/airflow/example_dags/example_xcom.py took 0.203 seconds
[2023-10-09T19:27:53.493+0000] {processor.py:153} INFO - Started process (PID=183743) to work on /home/airflow/.local/lib/python3.7/site-packages/airflow/example_dags/example_xcom.py
[2023-10-09T19:27:53.499+0000] {processor.py:743} INFO - Processing file /home/airflow/.local/lib/python3.7/site-packages/airflow/example_dags/example_xcom.py for tasks to queue
[2023-10-09T19:27:53.530+0000] {logging_mixin.py:137} INFO - [2023-10-09T19:27:53.530+0000] {dagbag.py:538} INFO - Filling up the DagBag from /home/airflow/.local/lib/python3.7/site-packages/airflow/example_dags/example_xcom.py
[2023-10-09T19:27:53.741+0000] {processor.py:753} INFO - DAG(s) dict_keys(['example_xcom']) retrieved from /home/airflow/.local/lib/python3.7/site-packages/airflow/example_dags/example_xcom.py
[2023-10-09T19:27:53.840+0000] {logging_mixin.py:137} INFO - [2023-10-09T19:27:53.839+0000] {dag.py:2690} INFO - Sync 1 DAGs
[2023-10-09T19:27:53.944+0000] {logging_mixin.py:137} INFO - [2023-10-09T19:27:53.944+0000] {dag.py:3441} INFO - Setting next_dagrun for example_xcom to 2021-01-01T00:00:00+00:00, run_after=2021-01-01T00:00:00+00:00
[2023-10-09T19:27:54.069+0000] {processor.py:175} INFO - Processing /home/airflow/.local/lib/python3.7/site-packages/airflow/example_dags/example_xcom.py took 0.591 seconds
[2023-10-09T19:28:24.251+0000] {processor.py:153} INFO - Started process (PID=183812) to work on /home/airflow/.local/lib/python3.7/site-packages/airflow/example_dags/example_xcom.py
[2023-10-09T19:28:24.252+0000] {processor.py:743} INFO - Processing file /home/airflow/.local/lib/python3.7/site-packages/airflow/example_dags/example_xcom.py for tasks to queue
[2023-10-09T19:28:24.254+0000] {logging_mixin.py:137} INFO - [2023-10-09T19:28:24.254+0000] {dagbag.py:538} INFO - Filling up the DagBag from /home/airflow/.local/lib/python3.7/site-packages/airflow/example_dags/example_xcom.py
[2023-10-09T19:28:24.269+0000] {processor.py:753} INFO - DAG(s) dict_keys(['example_xcom']) retrieved from /home/airflow/.local/lib/python3.7/site-packages/airflow/example_dags/example_xcom.py
[2023-10-09T19:28:24.291+0000] {logging_mixin.py:137} INFO - [2023-10-09T19:28:24.291+0000] {dag.py:2690} INFO - Sync 1 DAGs
[2023-10-09T19:28:24.307+0000] {logging_mixin.py:137} INFO - [2023-10-09T19:28:24.307+0000] {dag.py:3441} INFO - Setting next_dagrun for example_xcom to 2021-01-01T00:00:00+00:00, run_after=2021-01-01T00:00:00+00:00
[2023-10-09T19:28:24.326+0000] {processor.py:175} INFO - Processing /home/airflow/.local/lib/python3.7/site-packages/airflow/example_dags/example_xcom.py took 0.079 seconds
[2023-10-09T19:28:54.586+0000] {processor.py:153} INFO - Started process (PID=183882) to work on /home/airflow/.local/lib/python3.7/site-packages/airflow/example_dags/example_xcom.py
[2023-10-09T19:28:54.590+0000] {processor.py:743} INFO - Processing file /home/airflow/.local/lib/python3.7/site-packages/airflow/example_dags/example_xcom.py for tasks to queue
[2023-10-09T19:28:54.592+0000] {logging_mixin.py:137} INFO - [2023-10-09T19:28:54.592+0000] {dagbag.py:538} INFO - Filling up the DagBag from /home/airflow/.local/lib/python3.7/site-packages/airflow/example_dags/example_xcom.py
[2023-10-09T19:28:54.617+0000] {processor.py:753} INFO - DAG(s) dict_keys(['example_xcom']) retrieved from /home/airflow/.local/lib/python3.7/site-packages/airflow/example_dags/example_xcom.py
[2023-10-09T19:28:54.639+0000] {logging_mixin.py:137} INFO - [2023-10-09T19:28:54.639+0000] {dag.py:2690} INFO - Sync 1 DAGs
[2023-10-09T19:28:54.658+0000] {logging_mixin.py:137} INFO - [2023-10-09T19:28:54.658+0000] {dag.py:3441} INFO - Setting next_dagrun for example_xcom to 2021-01-01T00:00:00+00:00, run_after=2021-01-01T00:00:00+00:00
[2023-10-09T19:28:54.673+0000] {processor.py:175} INFO - Processing /home/airflow/.local/lib/python3.7/site-packages/airflow/example_dags/example_xcom.py took 0.095 seconds
[2023-10-09T19:29:24.894+0000] {processor.py:153} INFO - Started process (PID=183963) to work on /home/airflow/.local/lib/python3.7/site-packages/airflow/example_dags/example_xcom.py
[2023-10-09T19:29:24.896+0000] {processor.py:743} INFO - Processing file /home/airflow/.local/lib/python3.7/site-packages/airflow/example_dags/example_xcom.py for tasks to queue
[2023-10-09T19:29:24.897+0000] {logging_mixin.py:137} INFO - [2023-10-09T19:29:24.897+0000] {dagbag.py:538} INFO - Filling up the DagBag from /home/airflow/.local/lib/python3.7/site-packages/airflow/example_dags/example_xcom.py
[2023-10-09T19:29:24.915+0000] {processor.py:753} INFO - DAG(s) dict_keys(['example_xcom']) retrieved from /home/airflow/.local/lib/python3.7/site-packages/airflow/example_dags/example_xcom.py
[2023-10-09T19:29:24.938+0000] {logging_mixin.py:137} INFO - [2023-10-09T19:29:24.938+0000] {dag.py:2690} INFO - Sync 1 DAGs
[2023-10-09T19:29:24.959+0000] {logging_mixin.py:137} INFO - [2023-10-09T19:29:24.959+0000] {dag.py:3441} INFO - Setting next_dagrun for example_xcom to 2021-01-01T00:00:00+00:00, run_after=2021-01-01T00:00:00+00:00
[2023-10-09T19:29:24.971+0000] {processor.py:175} INFO - Processing /home/airflow/.local/lib/python3.7/site-packages/airflow/example_dags/example_xcom.py took 0.080 seconds
[2023-10-09T19:29:55.272+0000] {processor.py:153} INFO - Started process (PID=184033) to work on /home/airflow/.local/lib/python3.7/site-packages/airflow/example_dags/example_xcom.py
[2023-10-09T19:29:55.274+0000] {processor.py:743} INFO - Processing file /home/airflow/.local/lib/python3.7/site-packages/airflow/example_dags/example_xcom.py for tasks to queue
[2023-10-09T19:29:55.275+0000] {logging_mixin.py:137} INFO - [2023-10-09T19:29:55.275+0000] {dagbag.py:538} INFO - Filling up the DagBag from /home/airflow/.local/lib/python3.7/site-packages/airflow/example_dags/example_xcom.py
[2023-10-09T19:29:55.294+0000] {processor.py:753} INFO - DAG(s) dict_keys(['example_xcom']) retrieved from /home/airflow/.local/lib/python3.7/site-packages/airflow/example_dags/example_xcom.py
[2023-10-09T19:29:55.327+0000] {logging_mixin.py:137} INFO - [2023-10-09T19:29:55.327+0000] {dag.py:2690} INFO - Sync 1 DAGs
[2023-10-09T19:29:55.344+0000] {logging_mixin.py:137} INFO - [2023-10-09T19:29:55.344+0000] {dag.py:3441} INFO - Setting next_dagrun for example_xcom to 2021-01-01T00:00:00+00:00, run_after=2021-01-01T00:00:00+00:00
[2023-10-09T19:29:55.358+0000] {processor.py:175} INFO - Processing /home/airflow/.local/lib/python3.7/site-packages/airflow/example_dags/example_xcom.py took 0.091 seconds
[2023-10-09T19:30:25.699+0000] {processor.py:153} INFO - Started process (PID=184113) to work on /home/airflow/.local/lib/python3.7/site-packages/airflow/example_dags/example_xcom.py
[2023-10-09T19:30:25.700+0000] {processor.py:743} INFO - Processing file /home/airflow/.local/lib/python3.7/site-packages/airflow/example_dags/example_xcom.py for tasks to queue
[2023-10-09T19:30:25.702+0000] {logging_mixin.py:137} INFO - [2023-10-09T19:30:25.702+0000] {dagbag.py:538} INFO - Filling up the DagBag from /home/airflow/.local/lib/python3.7/site-packages/airflow/example_dags/example_xcom.py
[2023-10-09T19:30:25.720+0000] {processor.py:753} INFO - DAG(s) dict_keys(['example_xcom']) retrieved from /home/airflow/.local/lib/python3.7/site-packages/airflow/example_dags/example_xcom.py
[2023-10-09T19:30:25.743+0000] {logging_mixin.py:137} INFO - [2023-10-09T19:30:25.742+0000] {dag.py:2690} INFO - Sync 1 DAGs
[2023-10-09T19:30:25.759+0000] {logging_mixin.py:137} INFO - [2023-10-09T19:30:25.759+0000] {dag.py:3441} INFO - Setting next_dagrun for example_xcom to 2021-01-01T00:00:00+00:00, run_after=2021-01-01T00:00:00+00:00
[2023-10-09T19:30:25.772+0000] {processor.py:175} INFO - Processing /home/airflow/.local/lib/python3.7/site-packages/airflow/example_dags/example_xcom.py took 0.077 seconds
[2023-10-09T19:30:56.391+0000] {processor.py:153} INFO - Started process (PID=184181) to work on /home/airflow/.local/lib/python3.7/site-packages/airflow/example_dags/example_xcom.py
[2023-10-09T19:30:56.394+0000] {processor.py:743} INFO - Processing file /home/airflow/.local/lib/python3.7/site-packages/airflow/example_dags/example_xcom.py for tasks to queue
[2023-10-09T19:30:56.397+0000] {logging_mixin.py:137} INFO - [2023-10-09T19:30:56.397+0000] {dagbag.py:538} INFO - Filling up the DagBag from /home/airflow/.local/lib/python3.7/site-packages/airflow/example_dags/example_xcom.py
[2023-10-09T19:30:56.421+0000] {processor.py:753} INFO - DAG(s) dict_keys(['example_xcom']) retrieved from /home/airflow/.local/lib/python3.7/site-packages/airflow/example_dags/example_xcom.py
[2023-10-09T19:30:56.451+0000] {logging_mixin.py:137} INFO - [2023-10-09T19:30:56.451+0000] {dag.py:2690} INFO - Sync 1 DAGs
[2023-10-09T19:30:56.472+0000] {logging_mixin.py:137} INFO - [2023-10-09T19:30:56.472+0000] {dag.py:3441} INFO - Setting next_dagrun for example_xcom to 2021-01-01T00:00:00+00:00, run_after=2021-01-01T00:00:00+00:00
[2023-10-09T19:30:56.495+0000] {processor.py:175} INFO - Processing /home/airflow/.local/lib/python3.7/site-packages/airflow/example_dags/example_xcom.py took 0.109 seconds
[2023-10-09T19:47:26.558+0000] {processor.py:153} INFO - Started process (PID=184250) to work on /home/airflow/.local/lib/python3.7/site-packages/airflow/example_dags/example_xcom.py
[2023-10-09T19:47:26.560+0000] {processor.py:743} INFO - Processing file /home/airflow/.local/lib/python3.7/site-packages/airflow/example_dags/example_xcom.py for tasks to queue
[2023-10-09T19:47:26.562+0000] {logging_mixin.py:137} INFO - [2023-10-09T19:47:26.562+0000] {dagbag.py:538} INFO - Filling up the DagBag from /home/airflow/.local/lib/python3.7/site-packages/airflow/example_dags/example_xcom.py
[2023-10-09T19:47:26.591+0000] {processor.py:753} INFO - DAG(s) dict_keys(['example_xcom']) retrieved from /home/airflow/.local/lib/python3.7/site-packages/airflow/example_dags/example_xcom.py
[2023-10-09T19:47:26.634+0000] {logging_mixin.py:137} INFO - [2023-10-09T19:47:26.634+0000] {dag.py:2690} INFO - Sync 1 DAGs
[2023-10-09T19:47:26.764+0000] {logging_mixin.py:137} INFO - [2023-10-09T19:47:26.763+0000] {dag.py:3441} INFO - Setting next_dagrun for example_xcom to 2021-01-01T00:00:00+00:00, run_after=2021-01-01T00:00:00+00:00
[2023-10-09T19:47:27.162+0000] {processor.py:175} INFO - Processing /home/airflow/.local/lib/python3.7/site-packages/airflow/example_dags/example_xcom.py took 0.609 seconds
[2023-10-09T20:57:11.705+0000] {processor.py:153} INFO - Started process (PID=184320) to work on /home/airflow/.local/lib/python3.7/site-packages/airflow/example_dags/example_xcom.py
[2023-10-09T20:57:11.707+0000] {processor.py:743} INFO - Processing file /home/airflow/.local/lib/python3.7/site-packages/airflow/example_dags/example_xcom.py for tasks to queue
[2023-10-09T20:57:11.708+0000] {logging_mixin.py:137} INFO - [2023-10-09T20:57:11.708+0000] {dagbag.py:538} INFO - Filling up the DagBag from /home/airflow/.local/lib/python3.7/site-packages/airflow/example_dags/example_xcom.py
[2023-10-09T20:57:11.729+0000] {processor.py:753} INFO - DAG(s) dict_keys(['example_xcom']) retrieved from /home/airflow/.local/lib/python3.7/site-packages/airflow/example_dags/example_xcom.py
[2023-10-09T20:57:11.756+0000] {logging_mixin.py:137} INFO - [2023-10-09T20:57:11.756+0000] {dag.py:2690} INFO - Sync 1 DAGs
[2023-10-09T20:57:11.779+0000] {logging_mixin.py:137} INFO - [2023-10-09T20:57:11.779+0000] {dag.py:3441} INFO - Setting next_dagrun for example_xcom to 2021-01-01T00:00:00+00:00, run_after=2021-01-01T00:00:00+00:00
[2023-10-09T20:57:11.794+0000] {processor.py:175} INFO - Processing /home/airflow/.local/lib/python3.7/site-packages/airflow/example_dags/example_xcom.py took 0.091 seconds
[2023-10-09T22:17:10.991+0000] {processor.py:153} INFO - Started process (PID=184390) to work on /home/airflow/.local/lib/python3.7/site-packages/airflow/example_dags/example_xcom.py
[2023-10-09T22:17:10.993+0000] {processor.py:743} INFO - Processing file /home/airflow/.local/lib/python3.7/site-packages/airflow/example_dags/example_xcom.py for tasks to queue
[2023-10-09T22:17:10.994+0000] {logging_mixin.py:137} INFO - [2023-10-09T22:17:10.994+0000] {dagbag.py:538} INFO - Filling up the DagBag from /home/airflow/.local/lib/python3.7/site-packages/airflow/example_dags/example_xcom.py
[2023-10-09T22:17:11.012+0000] {processor.py:753} INFO - DAG(s) dict_keys(['example_xcom']) retrieved from /home/airflow/.local/lib/python3.7/site-packages/airflow/example_dags/example_xcom.py
[2023-10-09T22:17:11.041+0000] {logging_mixin.py:137} INFO - [2023-10-09T22:17:11.041+0000] {dag.py:2690} INFO - Sync 1 DAGs
[2023-10-09T22:17:11.062+0000] {logging_mixin.py:137} INFO - [2023-10-09T22:17:11.062+0000] {dag.py:3441} INFO - Setting next_dagrun for example_xcom to 2021-01-01T00:00:00+00:00, run_after=2021-01-01T00:00:00+00:00
[2023-10-09T22:17:11.077+0000] {processor.py:175} INFO - Processing /home/airflow/.local/lib/python3.7/site-packages/airflow/example_dags/example_xcom.py took 0.089 seconds
[2023-10-09T23:38:43.338+0000] {processor.py:153} INFO - Started process (PID=184468) to work on /home/airflow/.local/lib/python3.7/site-packages/airflow/example_dags/example_xcom.py
[2023-10-09T23:38:43.340+0000] {processor.py:743} INFO - Processing file /home/airflow/.local/lib/python3.7/site-packages/airflow/example_dags/example_xcom.py for tasks to queue
[2023-10-09T23:38:43.342+0000] {logging_mixin.py:137} INFO - [2023-10-09T23:38:43.342+0000] {dagbag.py:538} INFO - Filling up the DagBag from /home/airflow/.local/lib/python3.7/site-packages/airflow/example_dags/example_xcom.py
[2023-10-09T23:38:43.362+0000] {processor.py:753} INFO - DAG(s) dict_keys(['example_xcom']) retrieved from /home/airflow/.local/lib/python3.7/site-packages/airflow/example_dags/example_xcom.py
[2023-10-09T23:38:43.391+0000] {logging_mixin.py:137} INFO - [2023-10-09T23:38:43.391+0000] {dag.py:2690} INFO - Sync 1 DAGs
[2023-10-09T23:38:43.417+0000] {logging_mixin.py:137} INFO - [2023-10-09T23:38:43.417+0000] {dag.py:3441} INFO - Setting next_dagrun for example_xcom to 2021-01-01T00:00:00+00:00, run_after=2021-01-01T00:00:00+00:00
[2023-10-09T23:38:43.430+0000] {processor.py:175} INFO - Processing /home/airflow/.local/lib/python3.7/site-packages/airflow/example_dags/example_xcom.py took 0.095 seconds
