[2023-10-09T00:12:26.674+0000] {processor.py:153} INFO - Started process (PID=181136) to work on /home/airflow/.local/lib/python3.7/site-packages/airflow/example_dags/tutorial_taskflow_api_virtualenv.py
[2023-10-09T00:12:26.682+0000] {processor.py:743} INFO - Processing file /home/airflow/.local/lib/python3.7/site-packages/airflow/example_dags/tutorial_taskflow_api_virtualenv.py for tasks to queue
[2023-10-09T00:12:26.684+0000] {logging_mixin.py:137} INFO - [2023-10-09T00:12:26.684+0000] {dagbag.py:538} INFO - Filling up the DagBag from /home/airflow/.local/lib/python3.7/site-packages/airflow/example_dags/tutorial_taskflow_api_virtualenv.py
[2023-10-09T00:12:26.754+0000] {processor.py:753} INFO - DAG(s) dict_keys(['tutorial_taskflow_api_virtualenv']) retrieved from /home/airflow/.local/lib/python3.7/site-packages/airflow/example_dags/tutorial_taskflow_api_virtualenv.py
[2023-10-09T00:12:26.808+0000] {logging_mixin.py:137} INFO - [2023-10-09T00:12:26.808+0000] {dag.py:2690} INFO - Sync 1 DAGs
[2023-10-09T00:12:27.069+0000] {logging_mixin.py:137} INFO - [2023-10-09T00:12:27.069+0000] {dag.py:3441} INFO - Setting next_dagrun for tutorial_taskflow_api_virtualenv to None, run_after=None
[2023-10-09T00:12:27.212+0000] {processor.py:175} INFO - Processing /home/airflow/.local/lib/python3.7/site-packages/airflow/example_dags/tutorial_taskflow_api_virtualenv.py took 0.546 seconds
[2023-10-09T01:34:12.235+0000] {processor.py:153} INFO - Started process (PID=181201) to work on /home/airflow/.local/lib/python3.7/site-packages/airflow/example_dags/tutorial_taskflow_api_virtualenv.py
[2023-10-09T01:34:12.237+0000] {processor.py:743} INFO - Processing file /home/airflow/.local/lib/python3.7/site-packages/airflow/example_dags/tutorial_taskflow_api_virtualenv.py for tasks to queue
[2023-10-09T01:34:12.239+0000] {logging_mixin.py:137} INFO - [2023-10-09T01:34:12.239+0000] {dagbag.py:538} INFO - Filling up the DagBag from /home/airflow/.local/lib/python3.7/site-packages/airflow/example_dags/tutorial_taskflow_api_virtualenv.py
[2023-10-09T01:34:12.258+0000] {processor.py:753} INFO - DAG(s) dict_keys(['tutorial_taskflow_api_virtualenv']) retrieved from /home/airflow/.local/lib/python3.7/site-packages/airflow/example_dags/tutorial_taskflow_api_virtualenv.py
[2023-10-09T01:34:12.283+0000] {logging_mixin.py:137} INFO - [2023-10-09T01:34:12.283+0000] {dag.py:2690} INFO - Sync 1 DAGs
[2023-10-09T01:34:12.305+0000] {logging_mixin.py:137} INFO - [2023-10-09T01:34:12.305+0000] {dag.py:3441} INFO - Setting next_dagrun for tutorial_taskflow_api_virtualenv to None, run_after=None
[2023-10-09T01:34:12.324+0000] {processor.py:175} INFO - Processing /home/airflow/.local/lib/python3.7/site-packages/airflow/example_dags/tutorial_taskflow_api_virtualenv.py took 0.092 seconds
[2023-10-09T01:51:56.021+0000] {processor.py:153} INFO - Started process (PID=181279) to work on /home/airflow/.local/lib/python3.7/site-packages/airflow/example_dags/tutorial_taskflow_api_virtualenv.py
[2023-10-09T01:51:56.024+0000] {processor.py:743} INFO - Processing file /home/airflow/.local/lib/python3.7/site-packages/airflow/example_dags/tutorial_taskflow_api_virtualenv.py for tasks to queue
[2023-10-09T01:51:56.025+0000] {logging_mixin.py:137} INFO - [2023-10-09T01:51:56.025+0000] {dagbag.py:538} INFO - Filling up the DagBag from /home/airflow/.local/lib/python3.7/site-packages/airflow/example_dags/tutorial_taskflow_api_virtualenv.py
[2023-10-09T01:51:56.052+0000] {processor.py:753} INFO - DAG(s) dict_keys(['tutorial_taskflow_api_virtualenv']) retrieved from /home/airflow/.local/lib/python3.7/site-packages/airflow/example_dags/tutorial_taskflow_api_virtualenv.py
[2023-10-09T01:51:56.089+0000] {logging_mixin.py:137} INFO - [2023-10-09T01:51:56.089+0000] {dag.py:2690} INFO - Sync 1 DAGs
[2023-10-09T01:51:56.113+0000] {logging_mixin.py:137} INFO - [2023-10-09T01:51:56.113+0000] {dag.py:3441} INFO - Setting next_dagrun for tutorial_taskflow_api_virtualenv to None, run_after=None
[2023-10-09T01:51:56.133+0000] {processor.py:175} INFO - Processing /home/airflow/.local/lib/python3.7/site-packages/airflow/example_dags/tutorial_taskflow_api_virtualenv.py took 0.116 seconds
[2023-10-09T03:13:13.318+0000] {processor.py:153} INFO - Started process (PID=181351) to work on /home/airflow/.local/lib/python3.7/site-packages/airflow/example_dags/tutorial_taskflow_api_virtualenv.py
[2023-10-09T03:13:13.321+0000] {processor.py:743} INFO - Processing file /home/airflow/.local/lib/python3.7/site-packages/airflow/example_dags/tutorial_taskflow_api_virtualenv.py for tasks to queue
[2023-10-09T03:13:13.323+0000] {logging_mixin.py:137} INFO - [2023-10-09T03:13:13.322+0000] {dagbag.py:538} INFO - Filling up the DagBag from /home/airflow/.local/lib/python3.7/site-packages/airflow/example_dags/tutorial_taskflow_api_virtualenv.py
[2023-10-09T03:13:13.351+0000] {processor.py:753} INFO - DAG(s) dict_keys(['tutorial_taskflow_api_virtualenv']) retrieved from /home/airflow/.local/lib/python3.7/site-packages/airflow/example_dags/tutorial_taskflow_api_virtualenv.py
[2023-10-09T03:13:13.379+0000] {logging_mixin.py:137} INFO - [2023-10-09T03:13:13.379+0000] {dag.py:2690} INFO - Sync 1 DAGs
[2023-10-09T03:13:13.401+0000] {logging_mixin.py:137} INFO - [2023-10-09T03:13:13.401+0000] {dag.py:3441} INFO - Setting next_dagrun for tutorial_taskflow_api_virtualenv to None, run_after=None
[2023-10-09T03:13:13.417+0000] {processor.py:175} INFO - Processing /home/airflow/.local/lib/python3.7/site-packages/airflow/example_dags/tutorial_taskflow_api_virtualenv.py took 0.102 seconds
[2023-10-09T04:33:39.801+0000] {processor.py:153} INFO - Started process (PID=181420) to work on /home/airflow/.local/lib/python3.7/site-packages/airflow/example_dags/tutorial_taskflow_api_virtualenv.py
[2023-10-09T04:33:39.802+0000] {processor.py:743} INFO - Processing file /home/airflow/.local/lib/python3.7/site-packages/airflow/example_dags/tutorial_taskflow_api_virtualenv.py for tasks to queue
[2023-10-09T04:33:39.804+0000] {logging_mixin.py:137} INFO - [2023-10-09T04:33:39.803+0000] {dagbag.py:538} INFO - Filling up the DagBag from /home/airflow/.local/lib/python3.7/site-packages/airflow/example_dags/tutorial_taskflow_api_virtualenv.py
[2023-10-09T04:33:39.822+0000] {processor.py:753} INFO - DAG(s) dict_keys(['tutorial_taskflow_api_virtualenv']) retrieved from /home/airflow/.local/lib/python3.7/site-packages/airflow/example_dags/tutorial_taskflow_api_virtualenv.py
[2023-10-09T04:33:39.844+0000] {logging_mixin.py:137} INFO - [2023-10-09T04:33:39.844+0000] {dag.py:2690} INFO - Sync 1 DAGs
[2023-10-09T04:33:39.862+0000] {logging_mixin.py:137} INFO - [2023-10-09T04:33:39.862+0000] {dag.py:3441} INFO - Setting next_dagrun for tutorial_taskflow_api_virtualenv to None, run_after=None
[2023-10-09T04:33:39.875+0000] {processor.py:175} INFO - Processing /home/airflow/.local/lib/python3.7/site-packages/airflow/example_dags/tutorial_taskflow_api_virtualenv.py took 0.078 seconds
[2023-10-09T05:55:08.569+0000] {processor.py:153} INFO - Started process (PID=181502) to work on /home/airflow/.local/lib/python3.7/site-packages/airflow/example_dags/tutorial_taskflow_api_virtualenv.py
[2023-10-09T05:55:08.575+0000] {processor.py:743} INFO - Processing file /home/airflow/.local/lib/python3.7/site-packages/airflow/example_dags/tutorial_taskflow_api_virtualenv.py for tasks to queue
[2023-10-09T05:55:08.582+0000] {logging_mixin.py:137} INFO - [2023-10-09T05:55:08.581+0000] {dagbag.py:538} INFO - Filling up the DagBag from /home/airflow/.local/lib/python3.7/site-packages/airflow/example_dags/tutorial_taskflow_api_virtualenv.py
[2023-10-09T05:55:08.708+0000] {processor.py:753} INFO - DAG(s) dict_keys(['tutorial_taskflow_api_virtualenv']) retrieved from /home/airflow/.local/lib/python3.7/site-packages/airflow/example_dags/tutorial_taskflow_api_virtualenv.py
[2023-10-09T05:55:08.781+0000] {logging_mixin.py:137} INFO - [2023-10-09T05:55:08.781+0000] {dag.py:2690} INFO - Sync 1 DAGs
[2023-10-09T05:55:09.203+0000] {logging_mixin.py:137} INFO - [2023-10-09T05:55:09.203+0000] {dag.py:3441} INFO - Setting next_dagrun for tutorial_taskflow_api_virtualenv to None, run_after=None
[2023-10-09T05:55:09.286+0000] {processor.py:175} INFO - Processing /home/airflow/.local/lib/python3.7/site-packages/airflow/example_dags/tutorial_taskflow_api_virtualenv.py took 0.743 seconds
[2023-10-09T07:17:28.059+0000] {processor.py:153} INFO - Started process (PID=181571) to work on /home/airflow/.local/lib/python3.7/site-packages/airflow/example_dags/tutorial_taskflow_api_virtualenv.py
[2023-10-09T07:17:28.061+0000] {processor.py:743} INFO - Processing file /home/airflow/.local/lib/python3.7/site-packages/airflow/example_dags/tutorial_taskflow_api_virtualenv.py for tasks to queue
[2023-10-09T07:17:28.062+0000] {logging_mixin.py:137} INFO - [2023-10-09T07:17:28.062+0000] {dagbag.py:538} INFO - Filling up the DagBag from /home/airflow/.local/lib/python3.7/site-packages/airflow/example_dags/tutorial_taskflow_api_virtualenv.py
[2023-10-09T07:17:28.081+0000] {processor.py:753} INFO - DAG(s) dict_keys(['tutorial_taskflow_api_virtualenv']) retrieved from /home/airflow/.local/lib/python3.7/site-packages/airflow/example_dags/tutorial_taskflow_api_virtualenv.py
[2023-10-09T07:17:28.104+0000] {logging_mixin.py:137} INFO - [2023-10-09T07:17:28.104+0000] {dag.py:2690} INFO - Sync 1 DAGs
[2023-10-09T07:17:28.120+0000] {logging_mixin.py:137} INFO - [2023-10-09T07:17:28.120+0000] {dag.py:3441} INFO - Setting next_dagrun for tutorial_taskflow_api_virtualenv to None, run_after=None
[2023-10-09T07:17:28.133+0000] {processor.py:175} INFO - Processing /home/airflow/.local/lib/python3.7/site-packages/airflow/example_dags/tutorial_taskflow_api_virtualenv.py took 0.077 seconds
[2023-10-09T08:40:47.406+0000] {processor.py:153} INFO - Started process (PID=181640) to work on /home/airflow/.local/lib/python3.7/site-packages/airflow/example_dags/tutorial_taskflow_api_virtualenv.py
[2023-10-09T08:40:47.407+0000] {processor.py:743} INFO - Processing file /home/airflow/.local/lib/python3.7/site-packages/airflow/example_dags/tutorial_taskflow_api_virtualenv.py for tasks to queue
[2023-10-09T08:40:47.408+0000] {logging_mixin.py:137} INFO - [2023-10-09T08:40:47.408+0000] {dagbag.py:538} INFO - Filling up the DagBag from /home/airflow/.local/lib/python3.7/site-packages/airflow/example_dags/tutorial_taskflow_api_virtualenv.py
[2023-10-09T08:40:47.426+0000] {processor.py:753} INFO - DAG(s) dict_keys(['tutorial_taskflow_api_virtualenv']) retrieved from /home/airflow/.local/lib/python3.7/site-packages/airflow/example_dags/tutorial_taskflow_api_virtualenv.py
[2023-10-09T08:40:47.450+0000] {logging_mixin.py:137} INFO - [2023-10-09T08:40:47.450+0000] {dag.py:2690} INFO - Sync 1 DAGs
[2023-10-09T08:40:47.468+0000] {logging_mixin.py:137} INFO - [2023-10-09T08:40:47.468+0000] {dag.py:3441} INFO - Setting next_dagrun for tutorial_taskflow_api_virtualenv to None, run_after=None
[2023-10-09T08:40:47.483+0000] {processor.py:175} INFO - Processing /home/airflow/.local/lib/python3.7/site-packages/airflow/example_dags/tutorial_taskflow_api_virtualenv.py took 0.081 seconds
[2023-10-09T10:02:29.742+0000] {processor.py:153} INFO - Started process (PID=181721) to work on /home/airflow/.local/lib/python3.7/site-packages/airflow/example_dags/tutorial_taskflow_api_virtualenv.py
[2023-10-09T10:02:29.748+0000] {processor.py:743} INFO - Processing file /home/airflow/.local/lib/python3.7/site-packages/airflow/example_dags/tutorial_taskflow_api_virtualenv.py for tasks to queue
[2023-10-09T10:02:29.749+0000] {logging_mixin.py:137} INFO - [2023-10-09T10:02:29.749+0000] {dagbag.py:538} INFO - Filling up the DagBag from /home/airflow/.local/lib/python3.7/site-packages/airflow/example_dags/tutorial_taskflow_api_virtualenv.py
[2023-10-09T10:02:29.773+0000] {processor.py:753} INFO - DAG(s) dict_keys(['tutorial_taskflow_api_virtualenv']) retrieved from /home/airflow/.local/lib/python3.7/site-packages/airflow/example_dags/tutorial_taskflow_api_virtualenv.py
[2023-10-09T10:02:29.806+0000] {logging_mixin.py:137} INFO - [2023-10-09T10:02:29.806+0000] {dag.py:2690} INFO - Sync 1 DAGs
[2023-10-09T10:02:29.840+0000] {logging_mixin.py:137} INFO - [2023-10-09T10:02:29.840+0000] {dag.py:3441} INFO - Setting next_dagrun for tutorial_taskflow_api_virtualenv to None, run_after=None
[2023-10-09T10:02:29.870+0000] {processor.py:175} INFO - Processing /home/airflow/.local/lib/python3.7/site-packages/airflow/example_dags/tutorial_taskflow_api_virtualenv.py took 0.132 seconds
[2023-10-09T11:23:31.173+0000] {processor.py:153} INFO - Started process (PID=181789) to work on /home/airflow/.local/lib/python3.7/site-packages/airflow/example_dags/tutorial_taskflow_api_virtualenv.py
[2023-10-09T11:23:31.175+0000] {processor.py:743} INFO - Processing file /home/airflow/.local/lib/python3.7/site-packages/airflow/example_dags/tutorial_taskflow_api_virtualenv.py for tasks to queue
[2023-10-09T11:23:31.176+0000] {logging_mixin.py:137} INFO - [2023-10-09T11:23:31.176+0000] {dagbag.py:538} INFO - Filling up the DagBag from /home/airflow/.local/lib/python3.7/site-packages/airflow/example_dags/tutorial_taskflow_api_virtualenv.py
[2023-10-09T11:23:31.196+0000] {processor.py:753} INFO - DAG(s) dict_keys(['tutorial_taskflow_api_virtualenv']) retrieved from /home/airflow/.local/lib/python3.7/site-packages/airflow/example_dags/tutorial_taskflow_api_virtualenv.py
[2023-10-09T11:23:31.217+0000] {logging_mixin.py:137} INFO - [2023-10-09T11:23:31.217+0000] {dag.py:2690} INFO - Sync 1 DAGs
[2023-10-09T11:23:31.233+0000] {logging_mixin.py:137} INFO - [2023-10-09T11:23:31.233+0000] {dag.py:3441} INFO - Setting next_dagrun for tutorial_taskflow_api_virtualenv to None, run_after=None
[2023-10-09T11:23:31.244+0000] {processor.py:175} INFO - Processing /home/airflow/.local/lib/python3.7/site-packages/airflow/example_dags/tutorial_taskflow_api_virtualenv.py took 0.077 seconds
[2023-10-09T12:42:53.313+0000] {processor.py:153} INFO - Started process (PID=181858) to work on /home/airflow/.local/lib/python3.7/site-packages/airflow/example_dags/tutorial_taskflow_api_virtualenv.py
[2023-10-09T12:42:53.316+0000] {processor.py:743} INFO - Processing file /home/airflow/.local/lib/python3.7/site-packages/airflow/example_dags/tutorial_taskflow_api_virtualenv.py for tasks to queue
[2023-10-09T12:42:53.318+0000] {logging_mixin.py:137} INFO - [2023-10-09T12:42:53.317+0000] {dagbag.py:538} INFO - Filling up the DagBag from /home/airflow/.local/lib/python3.7/site-packages/airflow/example_dags/tutorial_taskflow_api_virtualenv.py
[2023-10-09T12:42:53.420+0000] {processor.py:753} INFO - DAG(s) dict_keys(['tutorial_taskflow_api_virtualenv']) retrieved from /home/airflow/.local/lib/python3.7/site-packages/airflow/example_dags/tutorial_taskflow_api_virtualenv.py
[2023-10-09T12:42:53.471+0000] {logging_mixin.py:137} INFO - [2023-10-09T12:42:53.471+0000] {dag.py:2690} INFO - Sync 1 DAGs
[2023-10-09T12:42:53.498+0000] {logging_mixin.py:137} INFO - [2023-10-09T12:42:53.498+0000] {dag.py:3441} INFO - Setting next_dagrun for tutorial_taskflow_api_virtualenv to None, run_after=None
[2023-10-09T12:42:53.531+0000] {processor.py:175} INFO - Processing /home/airflow/.local/lib/python3.7/site-packages/airflow/example_dags/tutorial_taskflow_api_virtualenv.py took 0.221 seconds
[2023-10-09T14:06:04.827+0000] {processor.py:153} INFO - Started process (PID=181939) to work on /home/airflow/.local/lib/python3.7/site-packages/airflow/example_dags/tutorial_taskflow_api_virtualenv.py
[2023-10-09T14:06:04.830+0000] {processor.py:743} INFO - Processing file /home/airflow/.local/lib/python3.7/site-packages/airflow/example_dags/tutorial_taskflow_api_virtualenv.py for tasks to queue
[2023-10-09T14:06:04.832+0000] {logging_mixin.py:137} INFO - [2023-10-09T14:06:04.832+0000] {dagbag.py:538} INFO - Filling up the DagBag from /home/airflow/.local/lib/python3.7/site-packages/airflow/example_dags/tutorial_taskflow_api_virtualenv.py
[2023-10-09T14:06:04.862+0000] {processor.py:753} INFO - DAG(s) dict_keys(['tutorial_taskflow_api_virtualenv']) retrieved from /home/airflow/.local/lib/python3.7/site-packages/airflow/example_dags/tutorial_taskflow_api_virtualenv.py
[2023-10-09T14:06:04.903+0000] {logging_mixin.py:137} INFO - [2023-10-09T14:06:04.903+0000] {dag.py:2690} INFO - Sync 1 DAGs
[2023-10-09T14:06:04.937+0000] {logging_mixin.py:137} INFO - [2023-10-09T14:06:04.937+0000] {dag.py:3441} INFO - Setting next_dagrun for tutorial_taskflow_api_virtualenv to None, run_after=None
[2023-10-09T14:06:04.956+0000] {processor.py:175} INFO - Processing /home/airflow/.local/lib/python3.7/site-packages/airflow/example_dags/tutorial_taskflow_api_virtualenv.py took 0.141 seconds
[2023-10-09T15:12:07.922+0000] {processor.py:153} INFO - Started process (PID=182008) to work on /home/airflow/.local/lib/python3.7/site-packages/airflow/example_dags/tutorial_taskflow_api_virtualenv.py
[2023-10-09T15:12:07.924+0000] {processor.py:743} INFO - Processing file /home/airflow/.local/lib/python3.7/site-packages/airflow/example_dags/tutorial_taskflow_api_virtualenv.py for tasks to queue
[2023-10-09T15:12:07.926+0000] {logging_mixin.py:137} INFO - [2023-10-09T15:12:07.925+0000] {dagbag.py:538} INFO - Filling up the DagBag from /home/airflow/.local/lib/python3.7/site-packages/airflow/example_dags/tutorial_taskflow_api_virtualenv.py
[2023-10-09T15:12:07.967+0000] {processor.py:753} INFO - DAG(s) dict_keys(['tutorial_taskflow_api_virtualenv']) retrieved from /home/airflow/.local/lib/python3.7/site-packages/airflow/example_dags/tutorial_taskflow_api_virtualenv.py
[2023-10-09T15:12:08.058+0000] {logging_mixin.py:137} INFO - [2023-10-09T15:12:08.058+0000] {dag.py:2690} INFO - Sync 1 DAGs
[2023-10-09T15:12:08.081+0000] {logging_mixin.py:137} INFO - [2023-10-09T15:12:08.081+0000] {dag.py:3441} INFO - Setting next_dagrun for tutorial_taskflow_api_virtualenv to None, run_after=None
[2023-10-09T15:12:08.099+0000] {processor.py:175} INFO - Processing /home/airflow/.local/lib/python3.7/site-packages/airflow/example_dags/tutorial_taskflow_api_virtualenv.py took 0.181 seconds
[2023-10-09T16:15:52.536+0000] {processor.py:153} INFO - Started process (PID=182088) to work on /home/airflow/.local/lib/python3.7/site-packages/airflow/example_dags/tutorial_taskflow_api_virtualenv.py
[2023-10-09T16:15:52.539+0000] {processor.py:743} INFO - Processing file /home/airflow/.local/lib/python3.7/site-packages/airflow/example_dags/tutorial_taskflow_api_virtualenv.py for tasks to queue
[2023-10-09T16:15:52.541+0000] {logging_mixin.py:137} INFO - [2023-10-09T16:15:52.541+0000] {dagbag.py:538} INFO - Filling up the DagBag from /home/airflow/.local/lib/python3.7/site-packages/airflow/example_dags/tutorial_taskflow_api_virtualenv.py
[2023-10-09T16:15:52.566+0000] {processor.py:753} INFO - DAG(s) dict_keys(['tutorial_taskflow_api_virtualenv']) retrieved from /home/airflow/.local/lib/python3.7/site-packages/airflow/example_dags/tutorial_taskflow_api_virtualenv.py
[2023-10-09T16:15:52.594+0000] {logging_mixin.py:137} INFO - [2023-10-09T16:15:52.594+0000] {dag.py:2690} INFO - Sync 1 DAGs
[2023-10-09T16:15:52.612+0000] {logging_mixin.py:137} INFO - [2023-10-09T16:15:52.612+0000] {dag.py:3441} INFO - Setting next_dagrun for tutorial_taskflow_api_virtualenv to None, run_after=None
[2023-10-09T16:15:52.633+0000] {processor.py:175} INFO - Processing /home/airflow/.local/lib/python3.7/site-packages/airflow/example_dags/tutorial_taskflow_api_virtualenv.py took 0.102 seconds
[2023-10-09T17:36:37.654+0000] {processor.py:153} INFO - Started process (PID=182158) to work on /home/airflow/.local/lib/python3.7/site-packages/airflow/example_dags/tutorial_taskflow_api_virtualenv.py
[2023-10-09T17:36:37.655+0000] {processor.py:743} INFO - Processing file /home/airflow/.local/lib/python3.7/site-packages/airflow/example_dags/tutorial_taskflow_api_virtualenv.py for tasks to queue
[2023-10-09T17:36:37.657+0000] {logging_mixin.py:137} INFO - [2023-10-09T17:36:37.657+0000] {dagbag.py:538} INFO - Filling up the DagBag from /home/airflow/.local/lib/python3.7/site-packages/airflow/example_dags/tutorial_taskflow_api_virtualenv.py
[2023-10-09T17:36:37.679+0000] {processor.py:753} INFO - DAG(s) dict_keys(['tutorial_taskflow_api_virtualenv']) retrieved from /home/airflow/.local/lib/python3.7/site-packages/airflow/example_dags/tutorial_taskflow_api_virtualenv.py
[2023-10-09T17:36:37.706+0000] {logging_mixin.py:137} INFO - [2023-10-09T17:36:37.705+0000] {dag.py:2690} INFO - Sync 1 DAGs
[2023-10-09T17:36:37.726+0000] {logging_mixin.py:137} INFO - [2023-10-09T17:36:37.726+0000] {dag.py:3441} INFO - Setting next_dagrun for tutorial_taskflow_api_virtualenv to None, run_after=None
[2023-10-09T17:36:37.739+0000] {processor.py:175} INFO - Processing /home/airflow/.local/lib/python3.7/site-packages/airflow/example_dags/tutorial_taskflow_api_virtualenv.py took 0.089 seconds
[2023-10-09T18:32:41.563+0000] {processor.py:153} INFO - Started process (PID=182239) to work on /home/airflow/.local/lib/python3.7/site-packages/airflow/example_dags/tutorial_taskflow_api_virtualenv.py
[2023-10-09T18:32:41.566+0000] {processor.py:743} INFO - Processing file /home/airflow/.local/lib/python3.7/site-packages/airflow/example_dags/tutorial_taskflow_api_virtualenv.py for tasks to queue
[2023-10-09T18:32:41.568+0000] {logging_mixin.py:137} INFO - [2023-10-09T18:32:41.567+0000] {dagbag.py:538} INFO - Filling up the DagBag from /home/airflow/.local/lib/python3.7/site-packages/airflow/example_dags/tutorial_taskflow_api_virtualenv.py
[2023-10-09T18:32:41.590+0000] {processor.py:753} INFO - DAG(s) dict_keys(['tutorial_taskflow_api_virtualenv']) retrieved from /home/airflow/.local/lib/python3.7/site-packages/airflow/example_dags/tutorial_taskflow_api_virtualenv.py
[2023-10-09T18:32:41.618+0000] {logging_mixin.py:137} INFO - [2023-10-09T18:32:41.618+0000] {dag.py:2690} INFO - Sync 1 DAGs
[2023-10-09T18:32:41.638+0000] {logging_mixin.py:137} INFO - [2023-10-09T18:32:41.638+0000] {dag.py:3441} INFO - Setting next_dagrun for tutorial_taskflow_api_virtualenv to None, run_after=None
[2023-10-09T18:32:41.652+0000] {processor.py:175} INFO - Processing /home/airflow/.local/lib/python3.7/site-packages/airflow/example_dags/tutorial_taskflow_api_virtualenv.py took 0.092 seconds
[2023-10-09T18:33:12.065+0000] {processor.py:153} INFO - Started process (PID=182308) to work on /home/airflow/.local/lib/python3.7/site-packages/airflow/example_dags/tutorial_taskflow_api_virtualenv.py
[2023-10-09T18:33:12.066+0000] {processor.py:743} INFO - Processing file /home/airflow/.local/lib/python3.7/site-packages/airflow/example_dags/tutorial_taskflow_api_virtualenv.py for tasks to queue
[2023-10-09T18:33:12.068+0000] {logging_mixin.py:137} INFO - [2023-10-09T18:33:12.068+0000] {dagbag.py:538} INFO - Filling up the DagBag from /home/airflow/.local/lib/python3.7/site-packages/airflow/example_dags/tutorial_taskflow_api_virtualenv.py
[2023-10-09T18:33:12.086+0000] {processor.py:753} INFO - DAG(s) dict_keys(['tutorial_taskflow_api_virtualenv']) retrieved from /home/airflow/.local/lib/python3.7/site-packages/airflow/example_dags/tutorial_taskflow_api_virtualenv.py
[2023-10-09T18:33:12.111+0000] {logging_mixin.py:137} INFO - [2023-10-09T18:33:12.111+0000] {dag.py:2690} INFO - Sync 1 DAGs
[2023-10-09T18:33:12.129+0000] {logging_mixin.py:137} INFO - [2023-10-09T18:33:12.129+0000] {dag.py:3441} INFO - Setting next_dagrun for tutorial_taskflow_api_virtualenv to None, run_after=None
[2023-10-09T18:33:12.142+0000] {processor.py:175} INFO - Processing /home/airflow/.local/lib/python3.7/site-packages/airflow/example_dags/tutorial_taskflow_api_virtualenv.py took 0.082 seconds
[2023-10-09T18:33:42.494+0000] {processor.py:153} INFO - Started process (PID=182388) to work on /home/airflow/.local/lib/python3.7/site-packages/airflow/example_dags/tutorial_taskflow_api_virtualenv.py
[2023-10-09T18:33:42.496+0000] {processor.py:743} INFO - Processing file /home/airflow/.local/lib/python3.7/site-packages/airflow/example_dags/tutorial_taskflow_api_virtualenv.py for tasks to queue
[2023-10-09T18:33:42.498+0000] {logging_mixin.py:137} INFO - [2023-10-09T18:33:42.498+0000] {dagbag.py:538} INFO - Filling up the DagBag from /home/airflow/.local/lib/python3.7/site-packages/airflow/example_dags/tutorial_taskflow_api_virtualenv.py
[2023-10-09T18:33:42.518+0000] {processor.py:753} INFO - DAG(s) dict_keys(['tutorial_taskflow_api_virtualenv']) retrieved from /home/airflow/.local/lib/python3.7/site-packages/airflow/example_dags/tutorial_taskflow_api_virtualenv.py
[2023-10-09T18:33:42.545+0000] {logging_mixin.py:137} INFO - [2023-10-09T18:33:42.544+0000] {dag.py:2690} INFO - Sync 1 DAGs
[2023-10-09T18:33:42.564+0000] {logging_mixin.py:137} INFO - [2023-10-09T18:33:42.564+0000] {dag.py:3441} INFO - Setting next_dagrun for tutorial_taskflow_api_virtualenv to None, run_after=None
[2023-10-09T18:33:42.578+0000] {processor.py:175} INFO - Processing /home/airflow/.local/lib/python3.7/site-packages/airflow/example_dags/tutorial_taskflow_api_virtualenv.py took 0.090 seconds
[2023-10-09T18:34:13.046+0000] {processor.py:153} INFO - Started process (PID=182466) to work on /home/airflow/.local/lib/python3.7/site-packages/airflow/example_dags/tutorial_taskflow_api_virtualenv.py
[2023-10-09T18:34:13.053+0000] {processor.py:743} INFO - Processing file /home/airflow/.local/lib/python3.7/site-packages/airflow/example_dags/tutorial_taskflow_api_virtualenv.py for tasks to queue
[2023-10-09T18:34:13.059+0000] {logging_mixin.py:137} INFO - [2023-10-09T18:34:13.058+0000] {dagbag.py:538} INFO - Filling up the DagBag from /home/airflow/.local/lib/python3.7/site-packages/airflow/example_dags/tutorial_taskflow_api_virtualenv.py
[2023-10-09T18:34:13.110+0000] {processor.py:753} INFO - DAG(s) dict_keys(['tutorial_taskflow_api_virtualenv']) retrieved from /home/airflow/.local/lib/python3.7/site-packages/airflow/example_dags/tutorial_taskflow_api_virtualenv.py
[2023-10-09T18:34:13.166+0000] {logging_mixin.py:137} INFO - [2023-10-09T18:34:13.165+0000] {dag.py:2690} INFO - Sync 1 DAGs
[2023-10-09T18:34:13.185+0000] {logging_mixin.py:137} INFO - [2023-10-09T18:34:13.185+0000] {dag.py:3441} INFO - Setting next_dagrun for tutorial_taskflow_api_virtualenv to None, run_after=None
[2023-10-09T18:34:13.206+0000] {processor.py:175} INFO - Processing /home/airflow/.local/lib/python3.7/site-packages/airflow/example_dags/tutorial_taskflow_api_virtualenv.py took 0.164 seconds
[2023-10-09T19:02:20.213+0000] {processor.py:153} INFO - Started process (PID=182538) to work on /home/airflow/.local/lib/python3.7/site-packages/airflow/example_dags/tutorial_taskflow_api_virtualenv.py
[2023-10-09T19:02:20.215+0000] {processor.py:743} INFO - Processing file /home/airflow/.local/lib/python3.7/site-packages/airflow/example_dags/tutorial_taskflow_api_virtualenv.py for tasks to queue
[2023-10-09T19:02:20.217+0000] {logging_mixin.py:137} INFO - [2023-10-09T19:02:20.217+0000] {dagbag.py:538} INFO - Filling up the DagBag from /home/airflow/.local/lib/python3.7/site-packages/airflow/example_dags/tutorial_taskflow_api_virtualenv.py
[2023-10-09T19:02:20.238+0000] {processor.py:753} INFO - DAG(s) dict_keys(['tutorial_taskflow_api_virtualenv']) retrieved from /home/airflow/.local/lib/python3.7/site-packages/airflow/example_dags/tutorial_taskflow_api_virtualenv.py
[2023-10-09T19:02:20.270+0000] {logging_mixin.py:137} INFO - [2023-10-09T19:02:20.270+0000] {dag.py:2690} INFO - Sync 1 DAGs
[2023-10-09T19:02:20.289+0000] {logging_mixin.py:137} INFO - [2023-10-09T19:02:20.289+0000] {dag.py:3441} INFO - Setting next_dagrun for tutorial_taskflow_api_virtualenv to None, run_after=None
[2023-10-09T19:02:20.303+0000] {processor.py:175} INFO - Processing /home/airflow/.local/lib/python3.7/site-packages/airflow/example_dags/tutorial_taskflow_api_virtualenv.py took 0.094 seconds
[2023-10-09T19:02:51.183+0000] {processor.py:153} INFO - Started process (PID=182606) to work on /home/airflow/.local/lib/python3.7/site-packages/airflow/example_dags/tutorial_taskflow_api_virtualenv.py
[2023-10-09T19:02:51.185+0000] {processor.py:743} INFO - Processing file /home/airflow/.local/lib/python3.7/site-packages/airflow/example_dags/tutorial_taskflow_api_virtualenv.py for tasks to queue
[2023-10-09T19:02:51.186+0000] {logging_mixin.py:137} INFO - [2023-10-09T19:02:51.186+0000] {dagbag.py:538} INFO - Filling up the DagBag from /home/airflow/.local/lib/python3.7/site-packages/airflow/example_dags/tutorial_taskflow_api_virtualenv.py
[2023-10-09T19:02:51.205+0000] {processor.py:753} INFO - DAG(s) dict_keys(['tutorial_taskflow_api_virtualenv']) retrieved from /home/airflow/.local/lib/python3.7/site-packages/airflow/example_dags/tutorial_taskflow_api_virtualenv.py
[2023-10-09T19:02:51.229+0000] {logging_mixin.py:137} INFO - [2023-10-09T19:02:51.229+0000] {dag.py:2690} INFO - Sync 1 DAGs
[2023-10-09T19:02:51.250+0000] {logging_mixin.py:137} INFO - [2023-10-09T19:02:51.250+0000] {dag.py:3441} INFO - Setting next_dagrun for tutorial_taskflow_api_virtualenv to None, run_after=None
[2023-10-09T19:02:51.265+0000] {processor.py:175} INFO - Processing /home/airflow/.local/lib/python3.7/site-packages/airflow/example_dags/tutorial_taskflow_api_virtualenv.py took 0.086 seconds
[2023-10-09T19:03:22.996+0000] {processor.py:153} INFO - Started process (PID=182688) to work on /home/airflow/.local/lib/python3.7/site-packages/airflow/example_dags/tutorial_taskflow_api_virtualenv.py
[2023-10-09T19:03:23.010+0000] {processor.py:743} INFO - Processing file /home/airflow/.local/lib/python3.7/site-packages/airflow/example_dags/tutorial_taskflow_api_virtualenv.py for tasks to queue
[2023-10-09T19:03:23.015+0000] {logging_mixin.py:137} INFO - [2023-10-09T19:03:23.015+0000] {dagbag.py:538} INFO - Filling up the DagBag from /home/airflow/.local/lib/python3.7/site-packages/airflow/example_dags/tutorial_taskflow_api_virtualenv.py
[2023-10-09T19:03:23.069+0000] {processor.py:753} INFO - DAG(s) dict_keys(['tutorial_taskflow_api_virtualenv']) retrieved from /home/airflow/.local/lib/python3.7/site-packages/airflow/example_dags/tutorial_taskflow_api_virtualenv.py
[2023-10-09T19:03:23.164+0000] {logging_mixin.py:137} INFO - [2023-10-09T19:03:23.163+0000] {dag.py:2690} INFO - Sync 1 DAGs
[2023-10-09T19:03:23.197+0000] {logging_mixin.py:137} INFO - [2023-10-09T19:03:23.197+0000] {dag.py:3441} INFO - Setting next_dagrun for tutorial_taskflow_api_virtualenv to None, run_after=None
[2023-10-09T19:03:23.224+0000] {processor.py:175} INFO - Processing /home/airflow/.local/lib/python3.7/site-packages/airflow/example_dags/tutorial_taskflow_api_virtualenv.py took 0.236 seconds
[2023-10-09T19:03:53.340+0000] {processor.py:153} INFO - Started process (PID=182757) to work on /home/airflow/.local/lib/python3.7/site-packages/airflow/example_dags/tutorial_taskflow_api_virtualenv.py
[2023-10-09T19:03:53.342+0000] {processor.py:743} INFO - Processing file /home/airflow/.local/lib/python3.7/site-packages/airflow/example_dags/tutorial_taskflow_api_virtualenv.py for tasks to queue
[2023-10-09T19:03:53.344+0000] {logging_mixin.py:137} INFO - [2023-10-09T19:03:53.343+0000] {dagbag.py:538} INFO - Filling up the DagBag from /home/airflow/.local/lib/python3.7/site-packages/airflow/example_dags/tutorial_taskflow_api_virtualenv.py
[2023-10-09T19:03:53.367+0000] {processor.py:753} INFO - DAG(s) dict_keys(['tutorial_taskflow_api_virtualenv']) retrieved from /home/airflow/.local/lib/python3.7/site-packages/airflow/example_dags/tutorial_taskflow_api_virtualenv.py
[2023-10-09T19:03:53.427+0000] {logging_mixin.py:137} INFO - [2023-10-09T19:03:53.427+0000] {dag.py:2690} INFO - Sync 1 DAGs
[2023-10-09T19:03:53.450+0000] {logging_mixin.py:137} INFO - [2023-10-09T19:03:53.450+0000] {dag.py:3441} INFO - Setting next_dagrun for tutorial_taskflow_api_virtualenv to None, run_after=None
[2023-10-09T19:03:53.468+0000] {processor.py:175} INFO - Processing /home/airflow/.local/lib/python3.7/site-packages/airflow/example_dags/tutorial_taskflow_api_virtualenv.py took 0.132 seconds
[2023-10-09T19:04:23.835+0000] {processor.py:153} INFO - Started process (PID=182839) to work on /home/airflow/.local/lib/python3.7/site-packages/airflow/example_dags/tutorial_taskflow_api_virtualenv.py
[2023-10-09T19:04:23.837+0000] {processor.py:743} INFO - Processing file /home/airflow/.local/lib/python3.7/site-packages/airflow/example_dags/tutorial_taskflow_api_virtualenv.py for tasks to queue
[2023-10-09T19:04:23.838+0000] {logging_mixin.py:137} INFO - [2023-10-09T19:04:23.838+0000] {dagbag.py:538} INFO - Filling up the DagBag from /home/airflow/.local/lib/python3.7/site-packages/airflow/example_dags/tutorial_taskflow_api_virtualenv.py
[2023-10-09T19:04:23.856+0000] {processor.py:753} INFO - DAG(s) dict_keys(['tutorial_taskflow_api_virtualenv']) retrieved from /home/airflow/.local/lib/python3.7/site-packages/airflow/example_dags/tutorial_taskflow_api_virtualenv.py
[2023-10-09T19:04:23.880+0000] {logging_mixin.py:137} INFO - [2023-10-09T19:04:23.880+0000] {dag.py:2690} INFO - Sync 1 DAGs
[2023-10-09T19:04:23.896+0000] {logging_mixin.py:137} INFO - [2023-10-09T19:04:23.896+0000] {dag.py:3441} INFO - Setting next_dagrun for tutorial_taskflow_api_virtualenv to None, run_after=None
[2023-10-09T19:04:23.908+0000] {processor.py:175} INFO - Processing /home/airflow/.local/lib/python3.7/site-packages/airflow/example_dags/tutorial_taskflow_api_virtualenv.py took 0.077 seconds
[2023-10-09T19:04:55.086+0000] {processor.py:153} INFO - Started process (PID=182921) to work on /home/airflow/.local/lib/python3.7/site-packages/airflow/example_dags/tutorial_taskflow_api_virtualenv.py
[2023-10-09T19:04:55.088+0000] {processor.py:743} INFO - Processing file /home/airflow/.local/lib/python3.7/site-packages/airflow/example_dags/tutorial_taskflow_api_virtualenv.py for tasks to queue
[2023-10-09T19:04:55.090+0000] {logging_mixin.py:137} INFO - [2023-10-09T19:04:55.090+0000] {dagbag.py:538} INFO - Filling up the DagBag from /home/airflow/.local/lib/python3.7/site-packages/airflow/example_dags/tutorial_taskflow_api_virtualenv.py
[2023-10-09T19:04:55.112+0000] {processor.py:753} INFO - DAG(s) dict_keys(['tutorial_taskflow_api_virtualenv']) retrieved from /home/airflow/.local/lib/python3.7/site-packages/airflow/example_dags/tutorial_taskflow_api_virtualenv.py
[2023-10-09T19:04:55.156+0000] {logging_mixin.py:137} INFO - [2023-10-09T19:04:55.156+0000] {dag.py:2690} INFO - Sync 1 DAGs
[2023-10-09T19:04:55.177+0000] {logging_mixin.py:137} INFO - [2023-10-09T19:04:55.176+0000] {dag.py:3441} INFO - Setting next_dagrun for tutorial_taskflow_api_virtualenv to None, run_after=None
[2023-10-09T19:04:55.192+0000] {processor.py:175} INFO - Processing /home/airflow/.local/lib/python3.7/site-packages/airflow/example_dags/tutorial_taskflow_api_virtualenv.py took 0.109 seconds
[2023-10-09T19:05:25.942+0000] {processor.py:153} INFO - Started process (PID=182990) to work on /home/airflow/.local/lib/python3.7/site-packages/airflow/example_dags/tutorial_taskflow_api_virtualenv.py
[2023-10-09T19:05:25.945+0000] {processor.py:743} INFO - Processing file /home/airflow/.local/lib/python3.7/site-packages/airflow/example_dags/tutorial_taskflow_api_virtualenv.py for tasks to queue
[2023-10-09T19:05:25.946+0000] {logging_mixin.py:137} INFO - [2023-10-09T19:05:25.946+0000] {dagbag.py:538} INFO - Filling up the DagBag from /home/airflow/.local/lib/python3.7/site-packages/airflow/example_dags/tutorial_taskflow_api_virtualenv.py
[2023-10-09T19:05:25.962+0000] {processor.py:753} INFO - DAG(s) dict_keys(['tutorial_taskflow_api_virtualenv']) retrieved from /home/airflow/.local/lib/python3.7/site-packages/airflow/example_dags/tutorial_taskflow_api_virtualenv.py
[2023-10-09T19:05:25.987+0000] {logging_mixin.py:137} INFO - [2023-10-09T19:05:25.987+0000] {dag.py:2690} INFO - Sync 1 DAGs
[2023-10-09T19:05:26.006+0000] {logging_mixin.py:137} INFO - [2023-10-09T19:05:26.006+0000] {dag.py:3441} INFO - Setting next_dagrun for tutorial_taskflow_api_virtualenv to None, run_after=None
[2023-10-09T19:05:26.019+0000] {processor.py:175} INFO - Processing /home/airflow/.local/lib/python3.7/site-packages/airflow/example_dags/tutorial_taskflow_api_virtualenv.py took 0.080 seconds
[2023-10-09T19:05:57.057+0000] {processor.py:153} INFO - Started process (PID=183071) to work on /home/airflow/.local/lib/python3.7/site-packages/airflow/example_dags/tutorial_taskflow_api_virtualenv.py
[2023-10-09T19:05:57.059+0000] {processor.py:743} INFO - Processing file /home/airflow/.local/lib/python3.7/site-packages/airflow/example_dags/tutorial_taskflow_api_virtualenv.py for tasks to queue
[2023-10-09T19:05:57.060+0000] {logging_mixin.py:137} INFO - [2023-10-09T19:05:57.060+0000] {dagbag.py:538} INFO - Filling up the DagBag from /home/airflow/.local/lib/python3.7/site-packages/airflow/example_dags/tutorial_taskflow_api_virtualenv.py
[2023-10-09T19:05:57.080+0000] {processor.py:753} INFO - DAG(s) dict_keys(['tutorial_taskflow_api_virtualenv']) retrieved from /home/airflow/.local/lib/python3.7/site-packages/airflow/example_dags/tutorial_taskflow_api_virtualenv.py
[2023-10-09T19:05:57.106+0000] {logging_mixin.py:137} INFO - [2023-10-09T19:05:57.106+0000] {dag.py:2690} INFO - Sync 1 DAGs
[2023-10-09T19:05:57.125+0000] {logging_mixin.py:137} INFO - [2023-10-09T19:05:57.125+0000] {dag.py:3441} INFO - Setting next_dagrun for tutorial_taskflow_api_virtualenv to None, run_after=None
[2023-10-09T19:05:57.141+0000] {processor.py:175} INFO - Processing /home/airflow/.local/lib/python3.7/site-packages/airflow/example_dags/tutorial_taskflow_api_virtualenv.py took 0.087 seconds
[2023-10-09T19:06:27.345+0000] {processor.py:153} INFO - Started process (PID=183140) to work on /home/airflow/.local/lib/python3.7/site-packages/airflow/example_dags/tutorial_taskflow_api_virtualenv.py
[2023-10-09T19:06:27.347+0000] {processor.py:743} INFO - Processing file /home/airflow/.local/lib/python3.7/site-packages/airflow/example_dags/tutorial_taskflow_api_virtualenv.py for tasks to queue
[2023-10-09T19:06:27.349+0000] {logging_mixin.py:137} INFO - [2023-10-09T19:06:27.349+0000] {dagbag.py:538} INFO - Filling up the DagBag from /home/airflow/.local/lib/python3.7/site-packages/airflow/example_dags/tutorial_taskflow_api_virtualenv.py
[2023-10-09T19:06:27.371+0000] {processor.py:753} INFO - DAG(s) dict_keys(['tutorial_taskflow_api_virtualenv']) retrieved from /home/airflow/.local/lib/python3.7/site-packages/airflow/example_dags/tutorial_taskflow_api_virtualenv.py
[2023-10-09T19:06:27.416+0000] {logging_mixin.py:137} INFO - [2023-10-09T19:06:27.416+0000] {dag.py:2690} INFO - Sync 1 DAGs
[2023-10-09T19:06:27.446+0000] {logging_mixin.py:137} INFO - [2023-10-09T19:06:27.446+0000] {dag.py:3441} INFO - Setting next_dagrun for tutorial_taskflow_api_virtualenv to None, run_after=None
[2023-10-09T19:06:27.471+0000] {processor.py:175} INFO - Processing /home/airflow/.local/lib/python3.7/site-packages/airflow/example_dags/tutorial_taskflow_api_virtualenv.py took 0.132 seconds
[2023-10-09T19:06:58.390+0000] {processor.py:153} INFO - Started process (PID=183222) to work on /home/airflow/.local/lib/python3.7/site-packages/airflow/example_dags/tutorial_taskflow_api_virtualenv.py
[2023-10-09T19:06:58.391+0000] {processor.py:743} INFO - Processing file /home/airflow/.local/lib/python3.7/site-packages/airflow/example_dags/tutorial_taskflow_api_virtualenv.py for tasks to queue
[2023-10-09T19:06:58.392+0000] {logging_mixin.py:137} INFO - [2023-10-09T19:06:58.392+0000] {dagbag.py:538} INFO - Filling up the DagBag from /home/airflow/.local/lib/python3.7/site-packages/airflow/example_dags/tutorial_taskflow_api_virtualenv.py
[2023-10-09T19:06:58.407+0000] {processor.py:753} INFO - DAG(s) dict_keys(['tutorial_taskflow_api_virtualenv']) retrieved from /home/airflow/.local/lib/python3.7/site-packages/airflow/example_dags/tutorial_taskflow_api_virtualenv.py
[2023-10-09T19:06:58.433+0000] {logging_mixin.py:137} INFO - [2023-10-09T19:06:58.433+0000] {dag.py:2690} INFO - Sync 1 DAGs
[2023-10-09T19:06:58.449+0000] {logging_mixin.py:137} INFO - [2023-10-09T19:06:58.449+0000] {dag.py:3441} INFO - Setting next_dagrun for tutorial_taskflow_api_virtualenv to None, run_after=None
[2023-10-09T19:06:58.460+0000] {processor.py:175} INFO - Processing /home/airflow/.local/lib/python3.7/site-packages/airflow/example_dags/tutorial_taskflow_api_virtualenv.py took 0.074 seconds
[2023-10-09T19:07:29.548+0000] {processor.py:153} INFO - Started process (PID=183292) to work on /home/airflow/.local/lib/python3.7/site-packages/airflow/example_dags/tutorial_taskflow_api_virtualenv.py
[2023-10-09T19:07:29.550+0000] {processor.py:743} INFO - Processing file /home/airflow/.local/lib/python3.7/site-packages/airflow/example_dags/tutorial_taskflow_api_virtualenv.py for tasks to queue
[2023-10-09T19:07:29.551+0000] {logging_mixin.py:137} INFO - [2023-10-09T19:07:29.551+0000] {dagbag.py:538} INFO - Filling up the DagBag from /home/airflow/.local/lib/python3.7/site-packages/airflow/example_dags/tutorial_taskflow_api_virtualenv.py
[2023-10-09T19:07:29.586+0000] {processor.py:753} INFO - DAG(s) dict_keys(['tutorial_taskflow_api_virtualenv']) retrieved from /home/airflow/.local/lib/python3.7/site-packages/airflow/example_dags/tutorial_taskflow_api_virtualenv.py
[2023-10-09T19:07:29.611+0000] {logging_mixin.py:137} INFO - [2023-10-09T19:07:29.611+0000] {dag.py:2690} INFO - Sync 1 DAGs
[2023-10-09T19:07:29.629+0000] {logging_mixin.py:137} INFO - [2023-10-09T19:07:29.629+0000] {dag.py:3441} INFO - Setting next_dagrun for tutorial_taskflow_api_virtualenv to None, run_after=None
[2023-10-09T19:07:29.643+0000] {processor.py:175} INFO - Processing /home/airflow/.local/lib/python3.7/site-packages/airflow/example_dags/tutorial_taskflow_api_virtualenv.py took 0.098 seconds
[2023-10-09T19:08:00.330+0000] {processor.py:153} INFO - Started process (PID=183373) to work on /home/airflow/.local/lib/python3.7/site-packages/airflow/example_dags/tutorial_taskflow_api_virtualenv.py
[2023-10-09T19:08:00.331+0000] {processor.py:743} INFO - Processing file /home/airflow/.local/lib/python3.7/site-packages/airflow/example_dags/tutorial_taskflow_api_virtualenv.py for tasks to queue
[2023-10-09T19:08:00.333+0000] {logging_mixin.py:137} INFO - [2023-10-09T19:08:00.332+0000] {dagbag.py:538} INFO - Filling up the DagBag from /home/airflow/.local/lib/python3.7/site-packages/airflow/example_dags/tutorial_taskflow_api_virtualenv.py
[2023-10-09T19:08:00.351+0000] {processor.py:753} INFO - DAG(s) dict_keys(['tutorial_taskflow_api_virtualenv']) retrieved from /home/airflow/.local/lib/python3.7/site-packages/airflow/example_dags/tutorial_taskflow_api_virtualenv.py
[2023-10-09T19:08:00.376+0000] {logging_mixin.py:137} INFO - [2023-10-09T19:08:00.375+0000] {dag.py:2690} INFO - Sync 1 DAGs
[2023-10-09T19:08:00.393+0000] {logging_mixin.py:137} INFO - [2023-10-09T19:08:00.393+0000] {dag.py:3441} INFO - Setting next_dagrun for tutorial_taskflow_api_virtualenv to None, run_after=None
[2023-10-09T19:08:00.406+0000] {processor.py:175} INFO - Processing /home/airflow/.local/lib/python3.7/site-packages/airflow/example_dags/tutorial_taskflow_api_virtualenv.py took 0.080 seconds
[2023-10-09T19:08:32.240+0000] {processor.py:153} INFO - Started process (PID=183451) to work on /home/airflow/.local/lib/python3.7/site-packages/airflow/example_dags/tutorial_taskflow_api_virtualenv.py
[2023-10-09T19:08:32.244+0000] {processor.py:743} INFO - Processing file /home/airflow/.local/lib/python3.7/site-packages/airflow/example_dags/tutorial_taskflow_api_virtualenv.py for tasks to queue
[2023-10-09T19:08:32.247+0000] {logging_mixin.py:137} INFO - [2023-10-09T19:08:32.247+0000] {dagbag.py:538} INFO - Filling up the DagBag from /home/airflow/.local/lib/python3.7/site-packages/airflow/example_dags/tutorial_taskflow_api_virtualenv.py
[2023-10-09T19:08:32.272+0000] {processor.py:753} INFO - DAG(s) dict_keys(['tutorial_taskflow_api_virtualenv']) retrieved from /home/airflow/.local/lib/python3.7/site-packages/airflow/example_dags/tutorial_taskflow_api_virtualenv.py
[2023-10-09T19:08:32.309+0000] {logging_mixin.py:137} INFO - [2023-10-09T19:08:32.308+0000] {dag.py:2690} INFO - Sync 1 DAGs
[2023-10-09T19:08:32.363+0000] {logging_mixin.py:137} INFO - [2023-10-09T19:08:32.363+0000] {dag.py:3441} INFO - Setting next_dagrun for tutorial_taskflow_api_virtualenv to None, run_after=None
[2023-10-09T19:08:32.381+0000] {processor.py:175} INFO - Processing /home/airflow/.local/lib/python3.7/site-packages/airflow/example_dags/tutorial_taskflow_api_virtualenv.py took 0.152 seconds
[2023-10-09T19:26:14.736+0000] {processor.py:153} INFO - Started process (PID=183511) to work on /home/airflow/.local/lib/python3.7/site-packages/airflow/example_dags/tutorial_taskflow_api_virtualenv.py
[2023-10-09T19:26:14.738+0000] {processor.py:743} INFO - Processing file /home/airflow/.local/lib/python3.7/site-packages/airflow/example_dags/tutorial_taskflow_api_virtualenv.py for tasks to queue
[2023-10-09T19:26:14.740+0000] {logging_mixin.py:137} INFO - [2023-10-09T19:26:14.740+0000] {dagbag.py:538} INFO - Filling up the DagBag from /home/airflow/.local/lib/python3.7/site-packages/airflow/example_dags/tutorial_taskflow_api_virtualenv.py
[2023-10-09T19:26:14.761+0000] {processor.py:753} INFO - DAG(s) dict_keys(['tutorial_taskflow_api_virtualenv']) retrieved from /home/airflow/.local/lib/python3.7/site-packages/airflow/example_dags/tutorial_taskflow_api_virtualenv.py
[2023-10-09T19:26:14.791+0000] {logging_mixin.py:137} INFO - [2023-10-09T19:26:14.791+0000] {dag.py:2690} INFO - Sync 1 DAGs
[2023-10-09T19:26:14.818+0000] {logging_mixin.py:137} INFO - [2023-10-09T19:26:14.818+0000] {dag.py:3441} INFO - Setting next_dagrun for tutorial_taskflow_api_virtualenv to None, run_after=None
[2023-10-09T19:26:14.862+0000] {processor.py:175} INFO - Processing /home/airflow/.local/lib/python3.7/site-packages/airflow/example_dags/tutorial_taskflow_api_virtualenv.py took 0.129 seconds
[2023-10-09T19:26:45.486+0000] {processor.py:153} INFO - Started process (PID=183580) to work on /home/airflow/.local/lib/python3.7/site-packages/airflow/example_dags/tutorial_taskflow_api_virtualenv.py
[2023-10-09T19:26:45.488+0000] {processor.py:743} INFO - Processing file /home/airflow/.local/lib/python3.7/site-packages/airflow/example_dags/tutorial_taskflow_api_virtualenv.py for tasks to queue
[2023-10-09T19:26:45.489+0000] {logging_mixin.py:137} INFO - [2023-10-09T19:26:45.489+0000] {dagbag.py:538} INFO - Filling up the DagBag from /home/airflow/.local/lib/python3.7/site-packages/airflow/example_dags/tutorial_taskflow_api_virtualenv.py
[2023-10-09T19:26:45.507+0000] {processor.py:753} INFO - DAG(s) dict_keys(['tutorial_taskflow_api_virtualenv']) retrieved from /home/airflow/.local/lib/python3.7/site-packages/airflow/example_dags/tutorial_taskflow_api_virtualenv.py
[2023-10-09T19:26:45.534+0000] {logging_mixin.py:137} INFO - [2023-10-09T19:26:45.534+0000] {dag.py:2690} INFO - Sync 1 DAGs
[2023-10-09T19:26:45.552+0000] {logging_mixin.py:137} INFO - [2023-10-09T19:26:45.551+0000] {dag.py:3441} INFO - Setting next_dagrun for tutorial_taskflow_api_virtualenv to None, run_after=None
[2023-10-09T19:26:45.569+0000] {processor.py:175} INFO - Processing /home/airflow/.local/lib/python3.7/site-packages/airflow/example_dags/tutorial_taskflow_api_virtualenv.py took 0.086 seconds
[2023-10-09T19:27:17.326+0000] {processor.py:153} INFO - Started process (PID=183660) to work on /home/airflow/.local/lib/python3.7/site-packages/airflow/example_dags/tutorial_taskflow_api_virtualenv.py
[2023-10-09T19:27:17.329+0000] {processor.py:743} INFO - Processing file /home/airflow/.local/lib/python3.7/site-packages/airflow/example_dags/tutorial_taskflow_api_virtualenv.py for tasks to queue
[2023-10-09T19:27:17.332+0000] {logging_mixin.py:137} INFO - [2023-10-09T19:27:17.332+0000] {dagbag.py:538} INFO - Filling up the DagBag from /home/airflow/.local/lib/python3.7/site-packages/airflow/example_dags/tutorial_taskflow_api_virtualenv.py
[2023-10-09T19:27:17.351+0000] {processor.py:753} INFO - DAG(s) dict_keys(['tutorial_taskflow_api_virtualenv']) retrieved from /home/airflow/.local/lib/python3.7/site-packages/airflow/example_dags/tutorial_taskflow_api_virtualenv.py
[2023-10-09T19:27:17.374+0000] {logging_mixin.py:137} INFO - [2023-10-09T19:27:17.374+0000] {dag.py:2690} INFO - Sync 1 DAGs
[2023-10-09T19:27:17.397+0000] {logging_mixin.py:137} INFO - [2023-10-09T19:27:17.396+0000] {dag.py:3441} INFO - Setting next_dagrun for tutorial_taskflow_api_virtualenv to None, run_after=None
[2023-10-09T19:27:17.415+0000] {processor.py:175} INFO - Processing /home/airflow/.local/lib/python3.7/site-packages/airflow/example_dags/tutorial_taskflow_api_virtualenv.py took 0.092 seconds
[2023-10-09T19:27:51.500+0000] {processor.py:153} INFO - Started process (PID=183741) to work on /home/airflow/.local/lib/python3.7/site-packages/airflow/example_dags/tutorial_taskflow_api_virtualenv.py
[2023-10-09T19:27:51.519+0000] {processor.py:743} INFO - Processing file /home/airflow/.local/lib/python3.7/site-packages/airflow/example_dags/tutorial_taskflow_api_virtualenv.py for tasks to queue
[2023-10-09T19:27:51.547+0000] {logging_mixin.py:137} INFO - [2023-10-09T19:27:51.547+0000] {dagbag.py:538} INFO - Filling up the DagBag from /home/airflow/.local/lib/python3.7/site-packages/airflow/example_dags/tutorial_taskflow_api_virtualenv.py
[2023-10-09T19:27:52.407+0000] {processor.py:753} INFO - DAG(s) dict_keys(['tutorial_taskflow_api_virtualenv']) retrieved from /home/airflow/.local/lib/python3.7/site-packages/airflow/example_dags/tutorial_taskflow_api_virtualenv.py
[2023-10-09T19:27:52.775+0000] {logging_mixin.py:137} INFO - [2023-10-09T19:27:52.775+0000] {dag.py:2690} INFO - Sync 1 DAGs
[2023-10-09T19:27:53.100+0000] {logging_mixin.py:137} INFO - [2023-10-09T19:27:53.099+0000] {dag.py:3441} INFO - Setting next_dagrun for tutorial_taskflow_api_virtualenv to None, run_after=None
[2023-10-09T19:27:53.243+0000] {processor.py:175} INFO - Processing /home/airflow/.local/lib/python3.7/site-packages/airflow/example_dags/tutorial_taskflow_api_virtualenv.py took 1.761 seconds
[2023-10-09T19:28:24.020+0000] {processor.py:153} INFO - Started process (PID=183810) to work on /home/airflow/.local/lib/python3.7/site-packages/airflow/example_dags/tutorial_taskflow_api_virtualenv.py
[2023-10-09T19:28:24.023+0000] {processor.py:743} INFO - Processing file /home/airflow/.local/lib/python3.7/site-packages/airflow/example_dags/tutorial_taskflow_api_virtualenv.py for tasks to queue
[2023-10-09T19:28:24.026+0000] {logging_mixin.py:137} INFO - [2023-10-09T19:28:24.026+0000] {dagbag.py:538} INFO - Filling up the DagBag from /home/airflow/.local/lib/python3.7/site-packages/airflow/example_dags/tutorial_taskflow_api_virtualenv.py
[2023-10-09T19:28:24.050+0000] {processor.py:753} INFO - DAG(s) dict_keys(['tutorial_taskflow_api_virtualenv']) retrieved from /home/airflow/.local/lib/python3.7/site-packages/airflow/example_dags/tutorial_taskflow_api_virtualenv.py
[2023-10-09T19:28:24.073+0000] {logging_mixin.py:137} INFO - [2023-10-09T19:28:24.073+0000] {dag.py:2690} INFO - Sync 1 DAGs
[2023-10-09T19:28:24.095+0000] {logging_mixin.py:137} INFO - [2023-10-09T19:28:24.095+0000] {dag.py:3441} INFO - Setting next_dagrun for tutorial_taskflow_api_virtualenv to None, run_after=None
[2023-10-09T19:28:24.109+0000] {processor.py:175} INFO - Processing /home/airflow/.local/lib/python3.7/site-packages/airflow/example_dags/tutorial_taskflow_api_virtualenv.py took 0.093 seconds
[2023-10-09T19:28:54.353+0000] {processor.py:153} INFO - Started process (PID=183880) to work on /home/airflow/.local/lib/python3.7/site-packages/airflow/example_dags/tutorial_taskflow_api_virtualenv.py
[2023-10-09T19:28:54.355+0000] {processor.py:743} INFO - Processing file /home/airflow/.local/lib/python3.7/site-packages/airflow/example_dags/tutorial_taskflow_api_virtualenv.py for tasks to queue
[2023-10-09T19:28:54.356+0000] {logging_mixin.py:137} INFO - [2023-10-09T19:28:54.356+0000] {dagbag.py:538} INFO - Filling up the DagBag from /home/airflow/.local/lib/python3.7/site-packages/airflow/example_dags/tutorial_taskflow_api_virtualenv.py
[2023-10-09T19:28:54.378+0000] {processor.py:753} INFO - DAG(s) dict_keys(['tutorial_taskflow_api_virtualenv']) retrieved from /home/airflow/.local/lib/python3.7/site-packages/airflow/example_dags/tutorial_taskflow_api_virtualenv.py
[2023-10-09T19:28:54.403+0000] {logging_mixin.py:137} INFO - [2023-10-09T19:28:54.403+0000] {dag.py:2690} INFO - Sync 1 DAGs
[2023-10-09T19:28:54.423+0000] {logging_mixin.py:137} INFO - [2023-10-09T19:28:54.423+0000] {dag.py:3441} INFO - Setting next_dagrun for tutorial_taskflow_api_virtualenv to None, run_after=None
[2023-10-09T19:28:54.437+0000] {processor.py:175} INFO - Processing /home/airflow/.local/lib/python3.7/site-packages/airflow/example_dags/tutorial_taskflow_api_virtualenv.py took 0.088 seconds
[2023-10-09T19:29:24.641+0000] {processor.py:153} INFO - Started process (PID=183961) to work on /home/airflow/.local/lib/python3.7/site-packages/airflow/example_dags/tutorial_taskflow_api_virtualenv.py
[2023-10-09T19:29:24.647+0000] {processor.py:743} INFO - Processing file /home/airflow/.local/lib/python3.7/site-packages/airflow/example_dags/tutorial_taskflow_api_virtualenv.py for tasks to queue
[2023-10-09T19:29:24.652+0000] {logging_mixin.py:137} INFO - [2023-10-09T19:29:24.652+0000] {dagbag.py:538} INFO - Filling up the DagBag from /home/airflow/.local/lib/python3.7/site-packages/airflow/example_dags/tutorial_taskflow_api_virtualenv.py
[2023-10-09T19:29:24.678+0000] {processor.py:753} INFO - DAG(s) dict_keys(['tutorial_taskflow_api_virtualenv']) retrieved from /home/airflow/.local/lib/python3.7/site-packages/airflow/example_dags/tutorial_taskflow_api_virtualenv.py
[2023-10-09T19:29:24.713+0000] {logging_mixin.py:137} INFO - [2023-10-09T19:29:24.713+0000] {dag.py:2690} INFO - Sync 1 DAGs
[2023-10-09T19:29:24.735+0000] {logging_mixin.py:137} INFO - [2023-10-09T19:29:24.735+0000] {dag.py:3441} INFO - Setting next_dagrun for tutorial_taskflow_api_virtualenv to None, run_after=None
[2023-10-09T19:29:24.760+0000] {processor.py:175} INFO - Processing /home/airflow/.local/lib/python3.7/site-packages/airflow/example_dags/tutorial_taskflow_api_virtualenv.py took 0.126 seconds
[2023-10-09T19:29:55.034+0000] {processor.py:153} INFO - Started process (PID=184031) to work on /home/airflow/.local/lib/python3.7/site-packages/airflow/example_dags/tutorial_taskflow_api_virtualenv.py
[2023-10-09T19:29:55.036+0000] {processor.py:743} INFO - Processing file /home/airflow/.local/lib/python3.7/site-packages/airflow/example_dags/tutorial_taskflow_api_virtualenv.py for tasks to queue
[2023-10-09T19:29:55.038+0000] {logging_mixin.py:137} INFO - [2023-10-09T19:29:55.038+0000] {dagbag.py:538} INFO - Filling up the DagBag from /home/airflow/.local/lib/python3.7/site-packages/airflow/example_dags/tutorial_taskflow_api_virtualenv.py
[2023-10-09T19:29:55.058+0000] {processor.py:753} INFO - DAG(s) dict_keys(['tutorial_taskflow_api_virtualenv']) retrieved from /home/airflow/.local/lib/python3.7/site-packages/airflow/example_dags/tutorial_taskflow_api_virtualenv.py
[2023-10-09T19:29:55.086+0000] {logging_mixin.py:137} INFO - [2023-10-09T19:29:55.086+0000] {dag.py:2690} INFO - Sync 1 DAGs
[2023-10-09T19:29:55.105+0000] {logging_mixin.py:137} INFO - [2023-10-09T19:29:55.105+0000] {dag.py:3441} INFO - Setting next_dagrun for tutorial_taskflow_api_virtualenv to None, run_after=None
[2023-10-09T19:29:55.121+0000] {processor.py:175} INFO - Processing /home/airflow/.local/lib/python3.7/site-packages/airflow/example_dags/tutorial_taskflow_api_virtualenv.py took 0.090 seconds
[2023-10-09T19:30:25.486+0000] {processor.py:153} INFO - Started process (PID=184111) to work on /home/airflow/.local/lib/python3.7/site-packages/airflow/example_dags/tutorial_taskflow_api_virtualenv.py
[2023-10-09T19:30:25.487+0000] {processor.py:743} INFO - Processing file /home/airflow/.local/lib/python3.7/site-packages/airflow/example_dags/tutorial_taskflow_api_virtualenv.py for tasks to queue
[2023-10-09T19:30:25.488+0000] {logging_mixin.py:137} INFO - [2023-10-09T19:30:25.488+0000] {dagbag.py:538} INFO - Filling up the DagBag from /home/airflow/.local/lib/python3.7/site-packages/airflow/example_dags/tutorial_taskflow_api_virtualenv.py
[2023-10-09T19:30:25.509+0000] {processor.py:753} INFO - DAG(s) dict_keys(['tutorial_taskflow_api_virtualenv']) retrieved from /home/airflow/.local/lib/python3.7/site-packages/airflow/example_dags/tutorial_taskflow_api_virtualenv.py
[2023-10-09T19:30:25.538+0000] {logging_mixin.py:137} INFO - [2023-10-09T19:30:25.538+0000] {dag.py:2690} INFO - Sync 1 DAGs
[2023-10-09T19:30:25.555+0000] {logging_mixin.py:137} INFO - [2023-10-09T19:30:25.555+0000] {dag.py:3441} INFO - Setting next_dagrun for tutorial_taskflow_api_virtualenv to None, run_after=None
[2023-10-09T19:30:25.568+0000] {processor.py:175} INFO - Processing /home/airflow/.local/lib/python3.7/site-packages/airflow/example_dags/tutorial_taskflow_api_virtualenv.py took 0.086 seconds
[2023-10-09T19:30:56.146+0000] {processor.py:153} INFO - Started process (PID=184179) to work on /home/airflow/.local/lib/python3.7/site-packages/airflow/example_dags/tutorial_taskflow_api_virtualenv.py
[2023-10-09T19:30:56.149+0000] {processor.py:743} INFO - Processing file /home/airflow/.local/lib/python3.7/site-packages/airflow/example_dags/tutorial_taskflow_api_virtualenv.py for tasks to queue
[2023-10-09T19:30:56.151+0000] {logging_mixin.py:137} INFO - [2023-10-09T19:30:56.150+0000] {dagbag.py:538} INFO - Filling up the DagBag from /home/airflow/.local/lib/python3.7/site-packages/airflow/example_dags/tutorial_taskflow_api_virtualenv.py
[2023-10-09T19:30:56.176+0000] {processor.py:753} INFO - DAG(s) dict_keys(['tutorial_taskflow_api_virtualenv']) retrieved from /home/airflow/.local/lib/python3.7/site-packages/airflow/example_dags/tutorial_taskflow_api_virtualenv.py
[2023-10-09T19:30:56.201+0000] {logging_mixin.py:137} INFO - [2023-10-09T19:30:56.201+0000] {dag.py:2690} INFO - Sync 1 DAGs
[2023-10-09T19:30:56.223+0000] {logging_mixin.py:137} INFO - [2023-10-09T19:30:56.222+0000] {dag.py:3441} INFO - Setting next_dagrun for tutorial_taskflow_api_virtualenv to None, run_after=None
[2023-10-09T19:30:56.237+0000] {processor.py:175} INFO - Processing /home/airflow/.local/lib/python3.7/site-packages/airflow/example_dags/tutorial_taskflow_api_virtualenv.py took 0.098 seconds
[2023-10-09T19:47:26.371+0000] {processor.py:153} INFO - Started process (PID=184248) to work on /home/airflow/.local/lib/python3.7/site-packages/airflow/example_dags/tutorial_taskflow_api_virtualenv.py
[2023-10-09T19:47:26.375+0000] {processor.py:743} INFO - Processing file /home/airflow/.local/lib/python3.7/site-packages/airflow/example_dags/tutorial_taskflow_api_virtualenv.py for tasks to queue
[2023-10-09T19:47:26.379+0000] {logging_mixin.py:137} INFO - [2023-10-09T19:47:26.378+0000] {dagbag.py:538} INFO - Filling up the DagBag from /home/airflow/.local/lib/python3.7/site-packages/airflow/example_dags/tutorial_taskflow_api_virtualenv.py
[2023-10-09T19:47:26.404+0000] {processor.py:753} INFO - DAG(s) dict_keys(['tutorial_taskflow_api_virtualenv']) retrieved from /home/airflow/.local/lib/python3.7/site-packages/airflow/example_dags/tutorial_taskflow_api_virtualenv.py
[2023-10-09T19:47:26.451+0000] {logging_mixin.py:137} INFO - [2023-10-09T19:47:26.450+0000] {dag.py:2690} INFO - Sync 1 DAGs
[2023-10-09T19:47:26.481+0000] {logging_mixin.py:137} INFO - [2023-10-09T19:47:26.481+0000] {dag.py:3441} INFO - Setting next_dagrun for tutorial_taskflow_api_virtualenv to None, run_after=None
[2023-10-09T19:47:26.503+0000] {processor.py:175} INFO - Processing /home/airflow/.local/lib/python3.7/site-packages/airflow/example_dags/tutorial_taskflow_api_virtualenv.py took 0.135 seconds
[2023-10-09T20:57:11.600+0000] {processor.py:153} INFO - Started process (PID=184318) to work on /home/airflow/.local/lib/python3.7/site-packages/airflow/example_dags/tutorial_taskflow_api_virtualenv.py
[2023-10-09T20:57:11.602+0000] {processor.py:743} INFO - Processing file /home/airflow/.local/lib/python3.7/site-packages/airflow/example_dags/tutorial_taskflow_api_virtualenv.py for tasks to queue
[2023-10-09T20:57:11.603+0000] {logging_mixin.py:137} INFO - [2023-10-09T20:57:11.603+0000] {dagbag.py:538} INFO - Filling up the DagBag from /home/airflow/.local/lib/python3.7/site-packages/airflow/example_dags/tutorial_taskflow_api_virtualenv.py
[2023-10-09T20:57:11.621+0000] {processor.py:753} INFO - DAG(s) dict_keys(['tutorial_taskflow_api_virtualenv']) retrieved from /home/airflow/.local/lib/python3.7/site-packages/airflow/example_dags/tutorial_taskflow_api_virtualenv.py
[2023-10-09T20:57:11.645+0000] {logging_mixin.py:137} INFO - [2023-10-09T20:57:11.645+0000] {dag.py:2690} INFO - Sync 1 DAGs
[2023-10-09T20:57:11.661+0000] {logging_mixin.py:137} INFO - [2023-10-09T20:57:11.661+0000] {dag.py:3441} INFO - Setting next_dagrun for tutorial_taskflow_api_virtualenv to None, run_after=None
[2023-10-09T20:57:11.676+0000] {processor.py:175} INFO - Processing /home/airflow/.local/lib/python3.7/site-packages/airflow/example_dags/tutorial_taskflow_api_virtualenv.py took 0.079 seconds
[2023-10-09T22:17:10.878+0000] {processor.py:153} INFO - Started process (PID=184388) to work on /home/airflow/.local/lib/python3.7/site-packages/airflow/example_dags/tutorial_taskflow_api_virtualenv.py
[2023-10-09T22:17:10.880+0000] {processor.py:743} INFO - Processing file /home/airflow/.local/lib/python3.7/site-packages/airflow/example_dags/tutorial_taskflow_api_virtualenv.py for tasks to queue
[2023-10-09T22:17:10.882+0000] {logging_mixin.py:137} INFO - [2023-10-09T22:17:10.882+0000] {dagbag.py:538} INFO - Filling up the DagBag from /home/airflow/.local/lib/python3.7/site-packages/airflow/example_dags/tutorial_taskflow_api_virtualenv.py
[2023-10-09T22:17:10.900+0000] {processor.py:753} INFO - DAG(s) dict_keys(['tutorial_taskflow_api_virtualenv']) retrieved from /home/airflow/.local/lib/python3.7/site-packages/airflow/example_dags/tutorial_taskflow_api_virtualenv.py
[2023-10-09T22:17:10.926+0000] {logging_mixin.py:137} INFO - [2023-10-09T22:17:10.926+0000] {dag.py:2690} INFO - Sync 1 DAGs
[2023-10-09T22:17:10.945+0000] {logging_mixin.py:137} INFO - [2023-10-09T22:17:10.944+0000] {dag.py:3441} INFO - Setting next_dagrun for tutorial_taskflow_api_virtualenv to None, run_after=None
[2023-10-09T22:17:10.957+0000] {processor.py:175} INFO - Processing /home/airflow/.local/lib/python3.7/site-packages/airflow/example_dags/tutorial_taskflow_api_virtualenv.py took 0.082 seconds
[2023-10-09T23:38:43.185+0000] {processor.py:153} INFO - Started process (PID=184466) to work on /home/airflow/.local/lib/python3.7/site-packages/airflow/example_dags/tutorial_taskflow_api_virtualenv.py
[2023-10-09T23:38:43.187+0000] {processor.py:743} INFO - Processing file /home/airflow/.local/lib/python3.7/site-packages/airflow/example_dags/tutorial_taskflow_api_virtualenv.py for tasks to queue
[2023-10-09T23:38:43.189+0000] {logging_mixin.py:137} INFO - [2023-10-09T23:38:43.189+0000] {dagbag.py:538} INFO - Filling up the DagBag from /home/airflow/.local/lib/python3.7/site-packages/airflow/example_dags/tutorial_taskflow_api_virtualenv.py
[2023-10-09T23:38:43.214+0000] {processor.py:753} INFO - DAG(s) dict_keys(['tutorial_taskflow_api_virtualenv']) retrieved from /home/airflow/.local/lib/python3.7/site-packages/airflow/example_dags/tutorial_taskflow_api_virtualenv.py
[2023-10-09T23:38:43.247+0000] {logging_mixin.py:137} INFO - [2023-10-09T23:38:43.247+0000] {dag.py:2690} INFO - Sync 1 DAGs
[2023-10-09T23:38:43.274+0000] {logging_mixin.py:137} INFO - [2023-10-09T23:38:43.273+0000] {dag.py:3441} INFO - Setting next_dagrun for tutorial_taskflow_api_virtualenv to None, run_after=None
[2023-10-09T23:38:43.299+0000] {processor.py:175} INFO - Processing /home/airflow/.local/lib/python3.7/site-packages/airflow/example_dags/tutorial_taskflow_api_virtualenv.py took 0.118 seconds
