[2023-04-19T12:53:46.905+0000] {taskinstance.py:1083} INFO - Dependencies all met for <TaskInstance: age_check.age_check scheduled__2023-04-18T00:00:00+00:00 [queued]>
[2023-04-19T12:53:46.916+0000] {taskinstance.py:1083} INFO - Dependencies all met for <TaskInstance: age_check.age_check scheduled__2023-04-18T00:00:00+00:00 [queued]>
[2023-04-19T12:53:46.918+0000] {taskinstance.py:1279} INFO - 
--------------------------------------------------------------------------------
[2023-04-19T12:53:46.919+0000] {taskinstance.py:1280} INFO - Starting attempt 4 of 4
[2023-04-19T12:53:46.920+0000] {taskinstance.py:1281} INFO - 
--------------------------------------------------------------------------------
[2023-04-19T12:53:46.930+0000] {taskinstance.py:1300} INFO - Executing <Task(PythonOperator): age_check> on 2023-04-18 00:00:00+00:00
[2023-04-19T12:53:46.937+0000] {standard_task_runner.py:55} INFO - Started process 26096 to run task
[2023-04-19T12:53:46.941+0000] {standard_task_runner.py:82} INFO - Running: ['***', 'tasks', 'run', 'age_check', 'age_check', 'scheduled__2023-04-18T00:00:00+00:00', '--job-id', '2508', '--raw', '--subdir', 'DAGS_FOLDER/age.py', '--cfg-path', '/tmp/tmp35c74wmk']
[2023-04-19T12:53:46.943+0000] {standard_task_runner.py:83} INFO - Job 2508: Subtask age_check
[2023-04-19T12:53:46.991+0000] {task_command.py:388} INFO - Running <TaskInstance: age_check.age_check scheduled__2023-04-18T00:00:00+00:00 [running]> on host fe34f61acbb3
[2023-04-19T12:53:47.031+0000] {taskinstance.py:1509} INFO - Exporting the following env vars:
AIRFLOW_CTX_DAG_OWNER=***
AIRFLOW_CTX_DAG_ID=age_check
AIRFLOW_CTX_TASK_ID=age_check
AIRFLOW_CTX_EXECUTION_DATE=2023-04-18T00:00:00+00:00
AIRFLOW_CTX_TRY_NUMBER=4
AIRFLOW_CTX_DAG_RUN_ID=scheduled__2023-04-18T00:00:00+00:00
[2023-04-19T12:53:47.037+0000] {taskinstance.py:1768} ERROR - Task failed with exception
Traceback (most recent call last):
  File "/home/airflow/.local/lib/python3.7/site-packages/airflow/operators/python.py", line 175, in execute
    return_value = self.execute_callable()
  File "/home/airflow/.local/lib/python3.7/site-packages/airflow/operators/python.py", line 192, in execute_callable
    return self.python_callable(*self.op_args, **self.op_kwargs)
  File "/opt/airflow/dags/age.py", line 35, in age_check
    birth_year = int(Variable.get('birth_year'))
  File "/home/airflow/.local/lib/python3.7/site-packages/airflow/models/variable.py", line 141, in get
    raise KeyError(f"Variable {key} does not exist")
KeyError: 'Variable birth_year does not exist'
[2023-04-19T12:53:47.071+0000] {taskinstance.py:1323} INFO - Marking task as FAILED. dag_id=age_check, task_id=age_check, execution_date=20230418T000000, start_date=20230419T125346, end_date=20230419T125347
[2023-04-19T12:53:47.079+0000] {standard_task_runner.py:105} ERROR - Failed to execute job 2508 for task age_check ('Variable birth_year does not exist'; 26096)
[2023-04-19T12:53:47.113+0000] {local_task_job.py:208} INFO - Task exited with return code 1
[2023-04-19T12:53:47.132+0000] {taskinstance.py:2578} INFO - 0 downstream tasks scheduled from follow-on schedule check
[2023-05-20T21:51:17.413+0000] {taskinstance.py:1083} INFO - Dependencies all met for <TaskInstance: age_check.age_check scheduled__2023-04-18T00:00:00+00:00 [queued]>
[2023-05-20T21:51:17.431+0000] {taskinstance.py:1083} INFO - Dependencies all met for <TaskInstance: age_check.age_check scheduled__2023-04-18T00:00:00+00:00 [queued]>
[2023-05-20T21:51:17.437+0000] {taskinstance.py:1279} INFO - 
--------------------------------------------------------------------------------
[2023-05-20T21:51:17.440+0000] {taskinstance.py:1280} INFO - Starting attempt 4 of 4
[2023-05-20T21:51:17.441+0000] {taskinstance.py:1281} INFO - 
--------------------------------------------------------------------------------
[2023-05-20T21:51:17.457+0000] {taskinstance.py:1300} INFO - Executing <Task(PythonOperator): age_check> on 2023-04-18 00:00:00+00:00
[2023-05-20T21:51:17.467+0000] {standard_task_runner.py:55} INFO - Started process 2556 to run task
[2023-05-20T21:51:17.468+0000] {standard_task_runner.py:82} INFO - Running: ['***', 'tasks', 'run', 'age_check', 'age_check', 'scheduled__2023-04-18T00:00:00+00:00', '--job-id', '1928', '--raw', '--subdir', 'DAGS_FOLDER/age.py', '--cfg-path', '/tmp/tmp51mqpr8b']
[2023-05-20T21:51:17.477+0000] {standard_task_runner.py:83} INFO - Job 1928: Subtask age_check
[2023-05-20T21:51:17.572+0000] {task_command.py:388} INFO - Running <TaskInstance: age_check.age_check scheduled__2023-04-18T00:00:00+00:00 [running]> on host 242f95e3e8a8
[2023-05-20T21:51:17.681+0000] {taskinstance.py:1509} INFO - Exporting the following env vars:
AIRFLOW_CTX_DAG_OWNER=***
AIRFLOW_CTX_DAG_ID=age_check
AIRFLOW_CTX_TASK_ID=age_check
AIRFLOW_CTX_EXECUTION_DATE=2023-04-18T00:00:00+00:00
AIRFLOW_CTX_TRY_NUMBER=4
AIRFLOW_CTX_DAG_RUN_ID=scheduled__2023-04-18T00:00:00+00:00
[2023-05-20T21:51:17.700+0000] {taskinstance.py:1768} ERROR - Task failed with exception
Traceback (most recent call last):
  File "/home/airflow/.local/lib/python3.7/site-packages/airflow/operators/python.py", line 175, in execute
    return_value = self.execute_callable()
  File "/home/airflow/.local/lib/python3.7/site-packages/airflow/operators/python.py", line 192, in execute_callable
    return self.python_callable(*self.op_args, **self.op_kwargs)
  File "/opt/airflow/dags/age.py", line 35, in age_check
    birth_year = int(Variable.get('birth_year'))
  File "/home/airflow/.local/lib/python3.7/site-packages/airflow/models/variable.py", line 141, in get
    raise KeyError(f"Variable {key} does not exist")
KeyError: 'Variable birth_year does not exist'
[2023-05-20T21:51:17.714+0000] {taskinstance.py:1323} INFO - Marking task as FAILED. dag_id=age_check, task_id=age_check, execution_date=20230418T000000, start_date=20230520T215117, end_date=20230520T215117
[2023-05-20T21:51:17.727+0000] {standard_task_runner.py:105} ERROR - Failed to execute job 1928 for task age_check ('Variable birth_year does not exist'; 2556)
[2023-05-20T21:51:17.769+0000] {local_task_job.py:208} INFO - Task exited with return code 1
[2023-05-20T21:51:17.806+0000] {taskinstance.py:2578} INFO - 0 downstream tasks scheduled from follow-on schedule check
