[2023-04-19T12:47:29.045+0000] {taskinstance.py:1083} INFO - Dependencies all met for <TaskInstance: age_check.age_check scheduled__2023-01-13T00:00:00+00:00 [queued]>
[2023-04-19T12:47:29.101+0000] {taskinstance.py:1083} INFO - Dependencies all met for <TaskInstance: age_check.age_check scheduled__2023-01-13T00:00:00+00:00 [queued]>
[2023-04-19T12:47:29.104+0000] {taskinstance.py:1279} INFO - 
--------------------------------------------------------------------------------
[2023-04-19T12:47:29.105+0000] {taskinstance.py:1280} INFO - Starting attempt 4 of 4
[2023-04-19T12:47:29.109+0000] {taskinstance.py:1281} INFO - 
--------------------------------------------------------------------------------
[2023-04-19T12:47:29.139+0000] {taskinstance.py:1300} INFO - Executing <Task(PythonOperator): age_check> on 2023-01-13 00:00:00+00:00
[2023-04-19T12:47:29.147+0000] {standard_task_runner.py:55} INFO - Started process 24216 to run task
[2023-04-19T12:47:29.162+0000] {standard_task_runner.py:82} INFO - Running: ['***', 'tasks', 'run', 'age_check', 'age_check', 'scheduled__2023-01-13T00:00:00+00:00', '--job-id', '1707', '--raw', '--subdir', 'DAGS_FOLDER/age.py', '--cfg-path', '/tmp/tmp2bs_yg49']
[2023-04-19T12:47:29.166+0000] {standard_task_runner.py:83} INFO - Job 1707: Subtask age_check
[2023-04-19T12:47:29.311+0000] {task_command.py:388} INFO - Running <TaskInstance: age_check.age_check scheduled__2023-01-13T00:00:00+00:00 [running]> on host fe34f61acbb3
[2023-04-19T12:47:29.775+0000] {taskinstance.py:1509} INFO - Exporting the following env vars:
AIRFLOW_CTX_DAG_OWNER=***
AIRFLOW_CTX_DAG_ID=age_check
AIRFLOW_CTX_TASK_ID=age_check
AIRFLOW_CTX_EXECUTION_DATE=2023-01-13T00:00:00+00:00
AIRFLOW_CTX_TRY_NUMBER=4
AIRFLOW_CTX_DAG_RUN_ID=scheduled__2023-01-13T00:00:00+00:00
[2023-04-19T12:47:29.800+0000] {taskinstance.py:1768} ERROR - Task failed with exception
Traceback (most recent call last):
  File "/home/airflow/.local/lib/python3.7/site-packages/airflow/operators/python.py", line 175, in execute
    return_value = self.execute_callable()
  File "/home/airflow/.local/lib/python3.7/site-packages/airflow/operators/python.py", line 192, in execute_callable
    return self.python_callable(*self.op_args, **self.op_kwargs)
  File "/opt/airflow/dags/age.py", line 35, in age_check
    birth_year = int(Variable.get('birth_year'))
  File "/home/airflow/.local/lib/python3.7/site-packages/airflow/models/variable.py", line 141, in get
    raise KeyError(f"Variable {key} does not exist")
KeyError: 'Variable birth_year does not exist'
[2023-04-19T12:47:29.873+0000] {taskinstance.py:1323} INFO - Marking task as FAILED. dag_id=age_check, task_id=age_check, execution_date=20230113T000000, start_date=20230419T124729, end_date=20230419T124729
[2023-04-19T12:47:30.151+0000] {standard_task_runner.py:105} ERROR - Failed to execute job 1707 for task age_check ('Variable birth_year does not exist'; 24216)
[2023-04-19T12:47:30.239+0000] {local_task_job.py:208} INFO - Task exited with return code 1
[2023-04-19T12:47:30.369+0000] {taskinstance.py:2578} INFO - 0 downstream tasks scheduled from follow-on schedule check
[2023-05-20T20:58:38.713+0000] {taskinstance.py:1083} INFO - Dependencies all met for <TaskInstance: age_check.age_check scheduled__2023-01-13T00:00:00+00:00 [queued]>
[2023-05-20T20:58:38.740+0000] {taskinstance.py:1083} INFO - Dependencies all met for <TaskInstance: age_check.age_check scheduled__2023-01-13T00:00:00+00:00 [queued]>
[2023-05-20T20:58:38.741+0000] {taskinstance.py:1279} INFO - 
--------------------------------------------------------------------------------
[2023-05-20T20:58:38.749+0000] {taskinstance.py:1280} INFO - Starting attempt 4 of 4
[2023-05-20T20:58:38.766+0000] {taskinstance.py:1281} INFO - 
--------------------------------------------------------------------------------
[2023-05-20T20:58:38.800+0000] {taskinstance.py:1300} INFO - Executing <Task(PythonOperator): age_check> on 2023-01-13 00:00:00+00:00
[2023-05-20T20:58:38.806+0000] {standard_task_runner.py:55} INFO - Started process 911 to run task
[2023-05-20T20:58:38.813+0000] {standard_task_runner.py:82} INFO - Running: ['***', 'tasks', 'run', 'age_check', 'age_check', 'scheduled__2023-01-13T00:00:00+00:00', '--job-id', '1255', '--raw', '--subdir', 'DAGS_FOLDER/age.py', '--cfg-path', '/tmp/tmpsr1r8a9k']
[2023-05-20T20:58:38.816+0000] {standard_task_runner.py:83} INFO - Job 1255: Subtask age_check
[2023-05-20T20:58:38.913+0000] {task_command.py:388} INFO - Running <TaskInstance: age_check.age_check scheduled__2023-01-13T00:00:00+00:00 [running]> on host 242f95e3e8a8
[2023-05-20T20:58:38.981+0000] {taskinstance.py:1509} INFO - Exporting the following env vars:
AIRFLOW_CTX_DAG_OWNER=***
AIRFLOW_CTX_DAG_ID=age_check
AIRFLOW_CTX_TASK_ID=age_check
AIRFLOW_CTX_EXECUTION_DATE=2023-01-13T00:00:00+00:00
AIRFLOW_CTX_TRY_NUMBER=4
AIRFLOW_CTX_DAG_RUN_ID=scheduled__2023-01-13T00:00:00+00:00
[2023-05-20T20:58:38.990+0000] {taskinstance.py:1768} ERROR - Task failed with exception
Traceback (most recent call last):
  File "/home/airflow/.local/lib/python3.7/site-packages/airflow/operators/python.py", line 175, in execute
    return_value = self.execute_callable()
  File "/home/airflow/.local/lib/python3.7/site-packages/airflow/operators/python.py", line 192, in execute_callable
    return self.python_callable(*self.op_args, **self.op_kwargs)
  File "/opt/airflow/dags/age.py", line 35, in age_check
    birth_year = int(Variable.get('birth_year'))
  File "/home/airflow/.local/lib/python3.7/site-packages/airflow/models/variable.py", line 141, in get
    raise KeyError(f"Variable {key} does not exist")
KeyError: 'Variable birth_year does not exist'
[2023-05-20T20:58:39.001+0000] {taskinstance.py:1323} INFO - Marking task as FAILED. dag_id=age_check, task_id=age_check, execution_date=20230113T000000, start_date=20230520T205838, end_date=20230520T205839
[2023-05-20T20:58:39.013+0000] {standard_task_runner.py:105} ERROR - Failed to execute job 1255 for task age_check ('Variable birth_year does not exist'; 911)
[2023-05-20T20:58:39.032+0000] {local_task_job.py:208} INFO - Task exited with return code 1
[2023-05-20T20:58:39.055+0000] {taskinstance.py:2578} INFO - 0 downstream tasks scheduled from follow-on schedule check
