[2024-02-03T21:59:09.976+0000] {taskinstance.py:1157} INFO - Dependencies all met for dep_context=non-requeueable deps ti=<TaskInstance: api_file-extract-and-upload.transfer_file scheduled__2022-08-30T00:00:00+00:00 [queued]>
[2024-02-03T21:59:10.181+0000] {taskinstance.py:1157} INFO - Dependencies all met for dep_context=requeueable deps ti=<TaskInstance: api_file-extract-and-upload.transfer_file scheduled__2022-08-30T00:00:00+00:00 [queued]>
[2024-02-03T21:59:10.193+0000] {taskinstance.py:1359} INFO - Starting attempt 2 of 4
[2024-02-03T21:59:10.857+0000] {taskinstance.py:1380} INFO - Executing <Task(PythonOperator): transfer_file> on 2022-08-30 00:00:00+00:00
[2024-02-03T21:59:11.670+0000] {standard_task_runner.py:57} INFO - Started process 6901 to run task
[2024-02-03T21:59:11.850+0000] {standard_task_runner.py:84} INFO - Running: ['***', 'tasks', 'run', 'api_file-extract-and-upload', 'transfer_file', 'scheduled__2022-08-30T00:00:00+00:00', '--job-id', '7617', '--raw', '--subdir', 'DAGS_FOLDER/api_extract.py', '--cfg-path', '/tmp/tmpv4vs19ss']
[2024-02-03T21:59:11.899+0000] {standard_task_runner.py:85} INFO - Job 7617: Subtask transfer_file
[2024-02-03T21:59:16.043+0000] {task_command.py:415} INFO - Running <TaskInstance: api_file-extract-and-upload.transfer_file scheduled__2022-08-30T00:00:00+00:00 [running]> on host dbb3489df186
[2024-02-03T21:59:19.300+0000] {taskinstance.py:1660} INFO - Exporting env vars: AIRFLOW_CTX_DAG_OWNER='***' AIRFLOW_CTX_DAG_ID='api_file-extract-and-upload' AIRFLOW_CTX_TASK_ID='transfer_file' AIRFLOW_CTX_EXECUTION_DATE='2022-08-30T00:00:00+00:00' AIRFLOW_CTX_TRY_NUMBER='2' AIRFLOW_CTX_DAG_RUN_ID='scheduled__2022-08-30T00:00:00+00:00'
[2024-02-03T21:59:49.213+0000] {taskinstance.py:1935} ERROR - Task failed with exception
Traceback (most recent call last):
  File "/home/airflow/.local/lib/python3.11/site-packages/airflow/operators/python.py", line 192, in execute
    return_value = self.execute_callable()
                   ^^^^^^^^^^^^^^^^^^^^^^^
  File "/home/airflow/.local/lib/python3.11/site-packages/airflow/operators/python.py", line 209, in execute_callable
    return self.python_callable(*self.op_args, **self.op_kwargs)
           ^^^^^^^^^^^^^^^^^^^^^^^^^^^^^^^^^^^^^^^^^^^^^^^^^^^^^
  File "/opt/airflow/dags/api_extract.py", line 70, in transfer_file
    new_df = df.to_sql("uni-data1", con=conn, schema="olist")
             ^^^^^^^^^^^^^^^^^^^^^^^^^^^^^^^^^^^^^^^^^^^^^^^^
  File "/home/airflow/.local/lib/python3.11/site-packages/pandas/util/_decorators.py", line 333, in wrapper
    return func(*args, **kwargs)
           ^^^^^^^^^^^^^^^^^^^^^
  File "/home/airflow/.local/lib/python3.11/site-packages/pandas/core/generic.py", line 3008, in to_sql
    return sql.to_sql(
           ^^^^^^^^^^^
  File "/home/airflow/.local/lib/python3.11/site-packages/pandas/io/sql.py", line 788, in to_sql
    return pandas_sql.to_sql(
           ^^^^^^^^^^^^^^^^^^
  File "/home/airflow/.local/lib/python3.11/site-packages/pandas/io/sql.py", line 1948, in to_sql
    table = self.prep_table(
            ^^^^^^^^^^^^^^^^
  File "/home/airflow/.local/lib/python3.11/site-packages/pandas/io/sql.py", line 1852, in prep_table
    table.create()
  File "/home/airflow/.local/lib/python3.11/site-packages/pandas/io/sql.py", line 927, in create
    raise ValueError(f"Table '{self.name}' already exists.")
ValueError: Table 'uni-data1' already exists.
[2024-02-03T21:59:52.632+0000] {taskinstance.py:1398} INFO - Marking task as UP_FOR_RETRY. dag_id=api_file-extract-and-upload, task_id=transfer_file, execution_date=20220830T000000, start_date=20240203T215910, end_date=20240203T215952
[2024-02-03T21:59:54.039+0000] {standard_task_runner.py:104} ERROR - Failed to execute job 7617 for task transfer_file (Table 'uni-data1' already exists.; 6901)
[2024-02-03T21:59:55.823+0000] {local_task_job_runner.py:228} INFO - Task exited with return code 1
[2024-02-03T21:59:56.902+0000] {taskinstance.py:2776} INFO - 0 downstream tasks scheduled from follow-on schedule check
