[2023-11-16T01:08:43.991+0000] {taskinstance.py:1083} INFO - Dependencies all met for <TaskInstance: my_new_dag.multiplication scheduled__2023-11-15T00:00:00+00:00 [queued]>
[2023-11-16T01:08:44.058+0000] {taskinstance.py:1083} INFO - Dependencies all met for <TaskInstance: my_new_dag.multiplication scheduled__2023-11-15T00:00:00+00:00 [queued]>
[2023-11-16T01:08:44.064+0000] {taskinstance.py:1279} INFO - 
--------------------------------------------------------------------------------
[2023-11-16T01:08:44.118+0000] {taskinstance.py:1280} INFO - Starting attempt 1 of 1
[2023-11-16T01:08:44.120+0000] {taskinstance.py:1281} INFO - 
--------------------------------------------------------------------------------
[2023-11-16T01:08:44.218+0000] {taskinstance.py:1300} INFO - Executing <Task(PythonOperator): multiplication> on 2023-11-15 00:00:00+00:00
[2023-11-16T01:08:44.249+0000] {standard_task_runner.py:55} INFO - Started process 116228 to run task
[2023-11-16T01:08:44.305+0000] {standard_task_runner.py:82} INFO - Running: ['***', 'tasks', 'run', 'my_new_dag', 'multiplication', 'scheduled__2023-11-15T00:00:00+00:00', '--job-id', '5671', '--raw', '--subdir', 'DAGS_FOLDER/new.py', '--cfg-path', '/tmp/tmptjcr2if6']
[2023-11-16T01:08:44.319+0000] {standard_task_runner.py:83} INFO - Job 5671: Subtask multiplication
[2023-11-16T01:08:44.597+0000] {task_command.py:388} INFO - Running <TaskInstance: my_new_dag.multiplication scheduled__2023-11-15T00:00:00+00:00 [running]> on host 25f6b46723d1
[2023-11-16T01:08:45.076+0000] {taskinstance.py:1509} INFO - Exporting the following env vars:
AIRFLOW_CTX_DAG_OWNER=***
AIRFLOW_CTX_DAG_ID=my_new_dag
AIRFLOW_CTX_TASK_ID=multiplication
AIRFLOW_CTX_EXECUTION_DATE=2023-11-15T00:00:00+00:00
AIRFLOW_CTX_TRY_NUMBER=1
AIRFLOW_CTX_DAG_RUN_ID=scheduled__2023-11-15T00:00:00+00:00
[2023-11-16T01:08:45.083+0000] {logging_mixin.py:137} INFO - 25
[2023-11-16T01:08:45.089+0000] {python.py:177} INFO - Done. Returned value was: None
[2023-11-16T01:08:45.123+0000] {taskinstance.py:1323} INFO - Marking task as SUCCESS. dag_id=my_new_dag, task_id=multiplication, execution_date=20231115T000000, start_date=20231116T010844, end_date=20231116T010845
[2023-11-16T01:08:45.215+0000] {local_task_job.py:208} INFO - Task exited with return code 0
[2023-11-16T01:08:45.270+0000] {taskinstance.py:2578} INFO - 0 downstream tasks scheduled from follow-on schedule check
