[2023-04-19T13:55:51.879+0000] {taskinstance.py:1083} INFO - Dependencies all met for <TaskInstance: read_s3_bucket.read_object scheduled__2022-10-01T00:00:00+00:00 [queued]>
[2023-04-19T13:55:51.925+0000] {taskinstance.py:1083} INFO - Dependencies all met for <TaskInstance: read_s3_bucket.read_object scheduled__2022-10-01T00:00:00+00:00 [queued]>
[2023-04-19T13:55:51.930+0000] {taskinstance.py:1279} INFO - 
--------------------------------------------------------------------------------
[2023-04-19T13:55:51.939+0000] {taskinstance.py:1280} INFO - Starting attempt 3 of 4
[2023-04-19T13:55:51.942+0000] {taskinstance.py:1281} INFO - 
--------------------------------------------------------------------------------
[2023-04-19T13:55:52.085+0000] {taskinstance.py:1300} INFO - Executing <Task(PythonOperator): read_object> on 2022-10-01 00:00:00+00:00
[2023-04-19T13:55:52.194+0000] {standard_task_runner.py:55} INFO - Started process 32448 to run task
[2023-04-19T13:55:52.278+0000] {standard_task_runner.py:82} INFO - Running: ['***', 'tasks', 'run', 'read_s3_bucket', 'read_object', 'scheduled__2022-10-01T00:00:00+00:00', '--job-id', '3654', '--raw', '--subdir', 'DAGS_FOLDER/read_s3.py', '--cfg-path', '/tmp/tmpycngi7z0']
[2023-04-19T13:55:52.281+0000] {standard_task_runner.py:83} INFO - Job 3654: Subtask read_object
[2023-04-19T13:55:52.594+0000] {task_command.py:388} INFO - Running <TaskInstance: read_s3_bucket.read_object scheduled__2022-10-01T00:00:00+00:00 [running]> on host fe34f61acbb3
[2023-04-19T13:55:52.940+0000] {taskinstance.py:1509} INFO - Exporting the following env vars:
AIRFLOW_CTX_DAG_OWNER=***
AIRFLOW_CTX_DAG_ID=read_s3_bucket
AIRFLOW_CTX_TASK_ID=read_object
AIRFLOW_CTX_EXECUTION_DATE=2022-10-01T00:00:00+00:00
AIRFLOW_CTX_TRY_NUMBER=3
AIRFLOW_CTX_DAG_RUN_ID=scheduled__2022-10-01T00:00:00+00:00
[2023-04-19T13:55:52.981+0000] {taskinstance.py:1768} ERROR - Task failed with exception
Traceback (most recent call last):
  File "/home/airflow/.local/lib/python3.7/site-packages/airflow/operators/python.py", line 175, in execute
    return_value = self.execute_callable()
  File "/home/airflow/.local/lib/python3.7/site-packages/airflow/operators/python.py", line 192, in execute_callable
    return self.python_callable(*self.op_args, **self.op_kwargs)
  File "/opt/airflow/dags/read_s3.py", line 26, in read_object
    df = wr.s3.read_csv(path='s3://staging-kaggle-dataset/olist/olist_customers_dataset.csv',boto3_session=session)
NameError: name 'session' is not defined
[2023-04-19T13:55:53.063+0000] {taskinstance.py:1323} INFO - Marking task as UP_FOR_RETRY. dag_id=read_s3_bucket, task_id=read_object, execution_date=20221001T000000, start_date=20230419T135551, end_date=20230419T135553
[2023-04-19T13:55:53.111+0000] {standard_task_runner.py:105} ERROR - Failed to execute job 3654 for task read_object (name 'session' is not defined; 32448)
[2023-04-19T13:55:53.209+0000] {local_task_job.py:208} INFO - Task exited with return code 1
[2023-04-19T13:55:53.300+0000] {taskinstance.py:2578} INFO - 0 downstream tasks scheduled from follow-on schedule check
