[2023-04-19T12:41:59.758+0000] {taskinstance.py:1083} INFO - Dependencies all met for <TaskInstance: age_check.add scheduled__2022-11-04T00:00:00+00:00 [queued]>
[2023-04-19T12:41:59.782+0000] {taskinstance.py:1083} INFO - Dependencies all met for <TaskInstance: age_check.add scheduled__2022-11-04T00:00:00+00:00 [queued]>
[2023-04-19T12:41:59.787+0000] {taskinstance.py:1279} INFO - 
--------------------------------------------------------------------------------
[2023-04-19T12:41:59.788+0000] {taskinstance.py:1280} INFO - Starting attempt 1 of 4
[2023-04-19T12:41:59.792+0000] {taskinstance.py:1281} INFO - 
--------------------------------------------------------------------------------
[2023-04-19T12:41:59.946+0000] {taskinstance.py:1300} INFO - Executing <Task(PythonOperator): add> on 2022-11-04 00:00:00+00:00
[2023-04-19T12:42:00.002+0000] {standard_task_runner.py:55} INFO - Started process 22802 to run task
[2023-04-19T12:42:00.026+0000] {standard_task_runner.py:82} INFO - Running: ['***', 'tasks', 'run', 'age_check', 'add', 'scheduled__2022-11-04T00:00:00+00:00', '--job-id', '1128', '--raw', '--subdir', 'DAGS_FOLDER/age.py', '--cfg-path', '/tmp/tmphwwjcncb']
[2023-04-19T12:42:00.088+0000] {standard_task_runner.py:83} INFO - Job 1128: Subtask add
[2023-04-19T12:42:00.495+0000] {task_command.py:388} INFO - Running <TaskInstance: age_check.add scheduled__2022-11-04T00:00:00+00:00 [running]> on host fe34f61acbb3
[2023-04-19T12:42:01.118+0000] {taskinstance.py:1509} INFO - Exporting the following env vars:
AIRFLOW_CTX_DAG_OWNER=***
AIRFLOW_CTX_DAG_ID=age_check
AIRFLOW_CTX_TASK_ID=add
AIRFLOW_CTX_EXECUTION_DATE=2022-11-04T00:00:00+00:00
AIRFLOW_CTX_TRY_NUMBER=1
AIRFLOW_CTX_DAG_RUN_ID=scheduled__2022-11-04T00:00:00+00:00
[2023-04-19T12:42:01.139+0000] {logging_mixin.py:137} INFO - 4
[2023-04-19T12:42:01.145+0000] {python.py:177} INFO - Done. Returned value was: None
[2023-04-19T12:42:01.158+0000] {taskinstance.py:1323} INFO - Marking task as SUCCESS. dag_id=age_check, task_id=add, execution_date=20221104T000000, start_date=20230419T124159, end_date=20230419T124201
[2023-04-19T12:42:01.329+0000] {local_task_job.py:208} INFO - Task exited with return code 0
[2023-04-19T12:42:01.453+0000] {taskinstance.py:2578} INFO - 1 downstream tasks scheduled from follow-on schedule check
[2023-05-17T10:13:58.892+0000] {taskinstance.py:1083} INFO - Dependencies all met for <TaskInstance: age_check.add scheduled__2022-11-04T00:00:00+00:00 [queued]>
[2023-05-17T10:13:58.937+0000] {taskinstance.py:1083} INFO - Dependencies all met for <TaskInstance: age_check.add scheduled__2022-11-04T00:00:00+00:00 [queued]>
[2023-05-17T10:13:58.939+0000] {taskinstance.py:1279} INFO - 
--------------------------------------------------------------------------------
[2023-05-17T10:13:58.940+0000] {taskinstance.py:1280} INFO - Starting attempt 1 of 4
[2023-05-17T10:13:58.941+0000] {taskinstance.py:1281} INFO - 
--------------------------------------------------------------------------------
[2023-05-17T10:13:59.036+0000] {taskinstance.py:1300} INFO - Executing <Task(PythonOperator): add> on 2022-11-04 00:00:00+00:00
[2023-05-17T10:13:59.064+0000] {standard_task_runner.py:55} INFO - Started process 5474 to run task
[2023-05-17T10:13:59.079+0000] {standard_task_runner.py:82} INFO - Running: ['***', 'tasks', 'run', 'age_check', 'add', 'scheduled__2022-11-04T00:00:00+00:00', '--job-id', '689', '--raw', '--subdir', 'DAGS_FOLDER/age.py', '--cfg-path', '/tmp/tmpzd41og5_']
[2023-05-17T10:13:59.080+0000] {standard_task_runner.py:83} INFO - Job 689: Subtask add
[2023-05-17T10:13:59.331+0000] {task_command.py:388} INFO - Running <TaskInstance: age_check.add scheduled__2022-11-04T00:00:00+00:00 [running]> on host 242f95e3e8a8
[2023-05-17T10:13:59.872+0000] {taskinstance.py:1509} INFO - Exporting the following env vars:
AIRFLOW_CTX_DAG_OWNER=***
AIRFLOW_CTX_DAG_ID=age_check
AIRFLOW_CTX_TASK_ID=add
AIRFLOW_CTX_EXECUTION_DATE=2022-11-04T00:00:00+00:00
AIRFLOW_CTX_TRY_NUMBER=1
AIRFLOW_CTX_DAG_RUN_ID=scheduled__2022-11-04T00:00:00+00:00
[2023-05-17T10:13:59.880+0000] {logging_mixin.py:137} INFO - 4
[2023-05-17T10:13:59.894+0000] {python.py:177} INFO - Done. Returned value was: None
[2023-05-17T10:13:59.959+0000] {taskinstance.py:1323} INFO - Marking task as SUCCESS. dag_id=age_check, task_id=add, execution_date=20221104T000000, start_date=20230517T101358, end_date=20230517T101359
[2023-05-17T10:14:00.180+0000] {local_task_job.py:208} INFO - Task exited with return code 0
[2023-05-17T10:14:00.419+0000] {taskinstance.py:2578} INFO - 0 downstream tasks scheduled from follow-on schedule check
