[2023-09-24T13:16:31.834+0000] {taskinstance.py:1083} INFO - Dependencies all met for <TaskInstance: age_check.minus scheduled__2023-09-18T00:00:00+00:00 [queued]>
[2023-09-24T13:16:31.951+0000] {taskinstance.py:1083} INFO - Dependencies all met for <TaskInstance: age_check.minus scheduled__2023-09-18T00:00:00+00:00 [queued]>
[2023-09-24T13:16:31.962+0000] {taskinstance.py:1279} INFO - 
--------------------------------------------------------------------------------
[2023-09-24T13:16:31.963+0000] {taskinstance.py:1280} INFO - Starting attempt 1 of 4
[2023-09-24T13:16:31.964+0000] {taskinstance.py:1281} INFO - 
--------------------------------------------------------------------------------
[2023-09-24T13:16:32.329+0000] {taskinstance.py:1300} INFO - Executing <Task(PythonOperator): minus> on 2023-09-18 00:00:00+00:00
[2023-09-24T13:16:32.337+0000] {standard_task_runner.py:55} INFO - Started process 270 to run task
[2023-09-24T13:16:32.402+0000] {standard_task_runner.py:82} INFO - Running: ['***', 'tasks', 'run', 'age_check', 'minus', 'scheduled__2023-09-18T00:00:00+00:00', '--job-id', '4651', '--raw', '--subdir', 'DAGS_FOLDER/age.py', '--cfg-path', '/tmp/tmpceb1q1c4']
[2023-09-24T13:16:32.411+0000] {standard_task_runner.py:83} INFO - Job 4651: Subtask minus
[2023-09-24T13:16:33.063+0000] {task_command.py:388} INFO - Running <TaskInstance: age_check.minus scheduled__2023-09-18T00:00:00+00:00 [running]> on host 25f6b46723d1
[2023-09-24T13:16:33.454+0000] {taskinstance.py:1509} INFO - Exporting the following env vars:
AIRFLOW_CTX_DAG_OWNER=***
AIRFLOW_CTX_DAG_ID=age_check
AIRFLOW_CTX_TASK_ID=minus
AIRFLOW_CTX_EXECUTION_DATE=2023-09-18T00:00:00+00:00
AIRFLOW_CTX_TRY_NUMBER=1
AIRFLOW_CTX_DAG_RUN_ID=scheduled__2023-09-18T00:00:00+00:00
[2023-09-24T13:16:33.458+0000] {logging_mixin.py:137} INFO - 3
[2023-09-24T13:16:33.462+0000] {python.py:177} INFO - Done. Returned value was: None
[2023-09-24T13:16:33.499+0000] {taskinstance.py:1323} INFO - Marking task as SUCCESS. dag_id=age_check, task_id=minus, execution_date=20230918T000000, start_date=20230924T131631, end_date=20230924T131633
[2023-09-24T13:16:33.769+0000] {local_task_job.py:208} INFO - Task exited with return code 0
[2023-09-24T13:16:34.207+0000] {taskinstance.py:2578} INFO - 0 downstream tasks scheduled from follow-on schedule check
