[2023-04-19T12:39:44.460+0000] {taskinstance.py:1083} INFO - Dependencies all met for <TaskInstance: age_check.multiplication scheduled__2022-10-03T00:00:00+00:00 [queued]>
[2023-04-19T12:39:44.480+0000] {taskinstance.py:1083} INFO - Dependencies all met for <TaskInstance: age_check.multiplication scheduled__2022-10-03T00:00:00+00:00 [queued]>
[2023-04-19T12:39:44.481+0000] {taskinstance.py:1279} INFO - 
--------------------------------------------------------------------------------
[2023-04-19T12:39:44.482+0000] {taskinstance.py:1280} INFO - Starting attempt 1 of 4
[2023-04-19T12:39:44.483+0000] {taskinstance.py:1281} INFO - 
--------------------------------------------------------------------------------
[2023-04-19T12:39:44.523+0000] {taskinstance.py:1300} INFO - Executing <Task(PythonOperator): multiplication> on 2022-10-03 00:00:00+00:00
[2023-04-19T12:39:44.535+0000] {standard_task_runner.py:55} INFO - Started process 22216 to run task
[2023-04-19T12:39:44.545+0000] {standard_task_runner.py:82} INFO - Running: ['***', 'tasks', 'run', 'age_check', 'multiplication', 'scheduled__2022-10-03T00:00:00+00:00', '--job-id', '898', '--raw', '--subdir', 'DAGS_FOLDER/age.py', '--cfg-path', '/tmp/tmpqjrpfbsu']
[2023-04-19T12:39:44.547+0000] {standard_task_runner.py:83} INFO - Job 898: Subtask multiplication
[2023-04-19T12:39:45.163+0000] {task_command.py:388} INFO - Running <TaskInstance: age_check.multiplication scheduled__2022-10-03T00:00:00+00:00 [running]> on host fe34f61acbb3
[2023-04-19T12:39:45.324+0000] {taskinstance.py:1509} INFO - Exporting the following env vars:
AIRFLOW_CTX_DAG_OWNER=***
AIRFLOW_CTX_DAG_ID=age_check
AIRFLOW_CTX_TASK_ID=multiplication
AIRFLOW_CTX_EXECUTION_DATE=2022-10-03T00:00:00+00:00
AIRFLOW_CTX_TRY_NUMBER=1
AIRFLOW_CTX_DAG_RUN_ID=scheduled__2022-10-03T00:00:00+00:00
[2023-04-19T12:39:45.327+0000] {logging_mixin.py:137} INFO - 25
[2023-04-19T12:39:45.328+0000] {python.py:177} INFO - Done. Returned value was: None
[2023-04-19T12:39:45.345+0000] {taskinstance.py:1323} INFO - Marking task as SUCCESS. dag_id=age_check, task_id=multiplication, execution_date=20221003T000000, start_date=20230419T123944, end_date=20230419T123945
[2023-04-19T12:39:45.406+0000] {local_task_job.py:208} INFO - Task exited with return code 0
[2023-04-19T12:39:45.479+0000] {taskinstance.py:2578} INFO - 0 downstream tasks scheduled from follow-on schedule check
[2023-05-17T09:55:21.145+0000] {taskinstance.py:1083} INFO - Dependencies all met for <TaskInstance: age_check.multiplication scheduled__2022-10-03T00:00:00+00:00 [queued]>
[2023-05-17T09:55:21.162+0000] {taskinstance.py:1083} INFO - Dependencies all met for <TaskInstance: age_check.multiplication scheduled__2022-10-03T00:00:00+00:00 [queued]>
[2023-05-17T09:55:21.163+0000] {taskinstance.py:1279} INFO - 
--------------------------------------------------------------------------------
[2023-05-17T09:55:21.164+0000] {taskinstance.py:1280} INFO - Starting attempt 1 of 4
[2023-05-17T09:55:21.165+0000] {taskinstance.py:1281} INFO - 
--------------------------------------------------------------------------------
[2023-05-17T09:55:21.249+0000] {taskinstance.py:1300} INFO - Executing <Task(PythonOperator): multiplication> on 2022-10-03 00:00:00+00:00
[2023-05-17T09:55:21.256+0000] {standard_task_runner.py:55} INFO - Started process 4892 to run task
[2023-05-17T09:55:21.295+0000] {standard_task_runner.py:82} INFO - Running: ['***', 'tasks', 'run', 'age_check', 'multiplication', 'scheduled__2022-10-03T00:00:00+00:00', '--job-id', '460', '--raw', '--subdir', 'DAGS_FOLDER/age.py', '--cfg-path', '/tmp/tmpw2puj4u9']
[2023-05-17T09:55:21.297+0000] {standard_task_runner.py:83} INFO - Job 460: Subtask multiplication
[2023-05-17T09:55:21.443+0000] {task_command.py:388} INFO - Running <TaskInstance: age_check.multiplication scheduled__2022-10-03T00:00:00+00:00 [running]> on host 242f95e3e8a8
[2023-05-17T09:55:21.630+0000] {taskinstance.py:1509} INFO - Exporting the following env vars:
AIRFLOW_CTX_DAG_OWNER=***
AIRFLOW_CTX_DAG_ID=age_check
AIRFLOW_CTX_TASK_ID=multiplication
AIRFLOW_CTX_EXECUTION_DATE=2022-10-03T00:00:00+00:00
AIRFLOW_CTX_TRY_NUMBER=1
AIRFLOW_CTX_DAG_RUN_ID=scheduled__2022-10-03T00:00:00+00:00
[2023-05-17T09:55:21.634+0000] {logging_mixin.py:137} INFO - 25
[2023-05-17T09:55:21.635+0000] {python.py:177} INFO - Done. Returned value was: None
[2023-05-17T09:55:21.660+0000] {taskinstance.py:1323} INFO - Marking task as SUCCESS. dag_id=age_check, task_id=multiplication, execution_date=20221003T000000, start_date=20230517T095521, end_date=20230517T095521
[2023-05-17T09:55:21.766+0000] {local_task_job.py:208} INFO - Task exited with return code 0
[2023-05-17T09:55:21.826+0000] {taskinstance.py:2578} INFO - 1 downstream tasks scheduled from follow-on schedule check
