[2023-10-31T00:00:01.682+0000] {taskinstance.py:1083} INFO - Dependencies all met for <TaskInstance: my_new_dag.hello_world_task scheduled__2023-10-30T00:00:00+00:00 [queued]>
[2023-10-31T00:00:01.709+0000] {taskinstance.py:1083} INFO - Dependencies all met for <TaskInstance: my_new_dag.hello_world_task scheduled__2023-10-30T00:00:00+00:00 [queued]>
[2023-10-31T00:00:01.711+0000] {taskinstance.py:1279} INFO - 
--------------------------------------------------------------------------------
[2023-10-31T00:00:01.718+0000] {taskinstance.py:1280} INFO - Starting attempt 1 of 1
[2023-10-31T00:00:01.723+0000] {taskinstance.py:1281} INFO - 
--------------------------------------------------------------------------------
[2023-10-31T00:00:01.761+0000] {taskinstance.py:1300} INFO - Executing <Task(PythonOperator): hello_world_task> on 2023-10-30 00:00:00+00:00
[2023-10-31T00:00:01.802+0000] {standard_task_runner.py:55} INFO - Started process 172335 to run task
[2023-10-31T00:00:01.823+0000] {standard_task_runner.py:82} INFO - Running: ['***', 'tasks', 'run', 'my_new_dag', 'hello_world_task', 'scheduled__2023-10-30T00:00:00+00:00', '--job-id', '5355', '--raw', '--subdir', 'DAGS_FOLDER/new.py', '--cfg-path', '/tmp/tmponi9vz8f']
[2023-10-31T00:00:01.830+0000] {standard_task_runner.py:83} INFO - Job 5355: Subtask hello_world_task
[2023-10-31T00:00:02.099+0000] {task_command.py:388} INFO - Running <TaskInstance: my_new_dag.hello_world_task scheduled__2023-10-30T00:00:00+00:00 [running]> on host 25f6b46723d1
[2023-10-31T00:00:02.398+0000] {taskinstance.py:1509} INFO - Exporting the following env vars:
AIRFLOW_CTX_DAG_OWNER=***
AIRFLOW_CTX_DAG_ID=my_new_dag
AIRFLOW_CTX_TASK_ID=hello_world_task
AIRFLOW_CTX_EXECUTION_DATE=2023-10-30T00:00:00+00:00
AIRFLOW_CTX_TRY_NUMBER=1
AIRFLOW_CTX_DAG_RUN_ID=scheduled__2023-10-30T00:00:00+00:00
[2023-10-31T00:00:02.400+0000] {new.py:8} INFO - Hello World Desmond
[2023-10-31T00:00:02.402+0000] {python.py:177} INFO - Done. Returned value was: None
[2023-10-31T00:00:02.436+0000] {taskinstance.py:1323} INFO - Marking task as SUCCESS. dag_id=my_new_dag, task_id=hello_world_task, execution_date=20231030T000000, start_date=20231031T000001, end_date=20231031T000002
[2023-10-31T00:00:02.621+0000] {local_task_job.py:208} INFO - Task exited with return code 0
[2023-10-31T00:00:02.690+0000] {taskinstance.py:2578} INFO - 1 downstream tasks scheduled from follow-on schedule check
