[2023-04-19T12:44:24.573+0000] {taskinstance.py:1083} INFO - Dependencies all met for <TaskInstance: age_check.minus scheduled__2022-12-16T00:00:00+00:00 [queued]>
[2023-04-19T12:44:24.638+0000] {taskinstance.py:1083} INFO - Dependencies all met for <TaskInstance: age_check.minus scheduled__2022-12-16T00:00:00+00:00 [queued]>
[2023-04-19T12:44:24.640+0000] {taskinstance.py:1279} INFO - 
--------------------------------------------------------------------------------
[2023-04-19T12:44:24.644+0000] {taskinstance.py:1280} INFO - Starting attempt 1 of 4
[2023-04-19T12:44:24.646+0000] {taskinstance.py:1281} INFO - 
--------------------------------------------------------------------------------
[2023-04-19T12:44:24.715+0000] {taskinstance.py:1300} INFO - Executing <Task(PythonOperator): minus> on 2022-12-16 00:00:00+00:00
[2023-04-19T12:44:24.734+0000] {standard_task_runner.py:55} INFO - Started process 23436 to run task
[2023-04-19T12:44:24.756+0000] {standard_task_runner.py:82} INFO - Running: ['***', 'tasks', 'run', 'age_check', 'minus', 'scheduled__2022-12-16T00:00:00+00:00', '--job-id', '1389', '--raw', '--subdir', 'DAGS_FOLDER/age.py', '--cfg-path', '/tmp/tmp8jznq8i2']
[2023-04-19T12:44:24.758+0000] {standard_task_runner.py:83} INFO - Job 1389: Subtask minus
[2023-04-19T12:44:24.994+0000] {task_command.py:388} INFO - Running <TaskInstance: age_check.minus scheduled__2022-12-16T00:00:00+00:00 [running]> on host fe34f61acbb3
[2023-04-19T12:44:25.196+0000] {taskinstance.py:1509} INFO - Exporting the following env vars:
AIRFLOW_CTX_DAG_OWNER=***
AIRFLOW_CTX_DAG_ID=age_check
AIRFLOW_CTX_TASK_ID=minus
AIRFLOW_CTX_EXECUTION_DATE=2022-12-16T00:00:00+00:00
AIRFLOW_CTX_TRY_NUMBER=1
AIRFLOW_CTX_DAG_RUN_ID=scheduled__2022-12-16T00:00:00+00:00
[2023-04-19T12:44:25.199+0000] {logging_mixin.py:137} INFO - 3
[2023-04-19T12:44:25.203+0000] {python.py:177} INFO - Done. Returned value was: None
[2023-04-19T12:44:25.226+0000] {taskinstance.py:1323} INFO - Marking task as SUCCESS. dag_id=age_check, task_id=minus, execution_date=20221216T000000, start_date=20230419T124424, end_date=20230419T124425
[2023-04-19T12:44:25.342+0000] {local_task_job.py:208} INFO - Task exited with return code 0
[2023-04-19T12:44:25.502+0000] {taskinstance.py:2578} INFO - 1 downstream tasks scheduled from follow-on schedule check
[2023-05-20T20:56:09.933+0000] {taskinstance.py:1083} INFO - Dependencies all met for <TaskInstance: age_check.minus scheduled__2022-12-16T00:00:00+00:00 [queued]>
[2023-05-20T20:56:09.953+0000] {taskinstance.py:1083} INFO - Dependencies all met for <TaskInstance: age_check.minus scheduled__2022-12-16T00:00:00+00:00 [queued]>
[2023-05-20T20:56:09.959+0000] {taskinstance.py:1279} INFO - 
--------------------------------------------------------------------------------
[2023-05-20T20:56:09.967+0000] {taskinstance.py:1280} INFO - Starting attempt 1 of 4
[2023-05-20T20:56:09.969+0000] {taskinstance.py:1281} INFO - 
--------------------------------------------------------------------------------
[2023-05-20T20:56:10.003+0000] {taskinstance.py:1300} INFO - Executing <Task(PythonOperator): minus> on 2022-12-16 00:00:00+00:00
[2023-05-20T20:56:10.015+0000] {standard_task_runner.py:55} INFO - Started process 226 to run task
[2023-05-20T20:56:10.042+0000] {standard_task_runner.py:82} INFO - Running: ['***', 'tasks', 'run', 'age_check', 'minus', 'scheduled__2022-12-16T00:00:00+00:00', '--job-id', '977', '--raw', '--subdir', 'DAGS_FOLDER/age.py', '--cfg-path', '/tmp/tmp3eb62p2o']
[2023-05-20T20:56:10.060+0000] {standard_task_runner.py:83} INFO - Job 977: Subtask minus
[2023-05-20T20:56:10.256+0000] {task_command.py:388} INFO - Running <TaskInstance: age_check.minus scheduled__2022-12-16T00:00:00+00:00 [running]> on host 242f95e3e8a8
[2023-05-20T20:56:10.436+0000] {taskinstance.py:1509} INFO - Exporting the following env vars:
AIRFLOW_CTX_DAG_OWNER=***
AIRFLOW_CTX_DAG_ID=age_check
AIRFLOW_CTX_TASK_ID=minus
AIRFLOW_CTX_EXECUTION_DATE=2022-12-16T00:00:00+00:00
AIRFLOW_CTX_TRY_NUMBER=1
AIRFLOW_CTX_DAG_RUN_ID=scheduled__2022-12-16T00:00:00+00:00
[2023-05-20T20:56:10.438+0000] {logging_mixin.py:137} INFO - 3
[2023-05-20T20:56:10.442+0000] {python.py:177} INFO - Done. Returned value was: None
[2023-05-20T20:56:10.465+0000] {taskinstance.py:1323} INFO - Marking task as SUCCESS. dag_id=age_check, task_id=minus, execution_date=20221216T000000, start_date=20230520T205609, end_date=20230520T205610
[2023-05-20T20:56:10.561+0000] {local_task_job.py:208} INFO - Task exited with return code 0
[2023-05-20T20:56:10.661+0000] {taskinstance.py:2578} INFO - 1 downstream tasks scheduled from follow-on schedule check
