[2023-06-13T01:05:05.703+0000] {processor.py:153} INFO - Started process (PID=62667) to work on /home/airflow/.local/lib/python3.7/site-packages/airflow/example_dags/example_nested_branch_dag.py
[2023-06-13T01:05:05.705+0000] {processor.py:743} INFO - Processing file /home/airflow/.local/lib/python3.7/site-packages/airflow/example_dags/example_nested_branch_dag.py for tasks to queue
[2023-06-13T01:05:05.706+0000] {logging_mixin.py:137} INFO - [2023-06-13T01:05:05.706+0000] {dagbag.py:538} INFO - Filling up the DagBag from /home/airflow/.local/lib/python3.7/site-packages/airflow/example_dags/example_nested_branch_dag.py
[2023-06-13T01:05:05.726+0000] {processor.py:753} INFO - DAG(s) dict_keys(['example_nested_branch_dag']) retrieved from /home/airflow/.local/lib/python3.7/site-packages/airflow/example_dags/example_nested_branch_dag.py
[2023-06-13T01:05:05.752+0000] {logging_mixin.py:137} INFO - [2023-06-13T01:05:05.752+0000] {dag.py:2690} INFO - Sync 1 DAGs
[2023-06-13T01:05:05.773+0000] {logging_mixin.py:137} INFO - [2023-06-13T01:05:05.773+0000] {dag.py:3441} INFO - Setting next_dagrun for example_nested_branch_dag to 2023-06-12T00:00:00+00:00, run_after=2023-06-13T00:00:00+00:00
[2023-06-13T01:05:05.787+0000] {processor.py:175} INFO - Processing /home/airflow/.local/lib/python3.7/site-packages/airflow/example_dags/example_nested_branch_dag.py took 0.088 seconds
[2023-06-13T02:21:20.888+0000] {processor.py:153} INFO - Started process (PID=62738) to work on /home/airflow/.local/lib/python3.7/site-packages/airflow/example_dags/example_nested_branch_dag.py
[2023-06-13T02:21:20.890+0000] {processor.py:743} INFO - Processing file /home/airflow/.local/lib/python3.7/site-packages/airflow/example_dags/example_nested_branch_dag.py for tasks to queue
[2023-06-13T02:21:20.892+0000] {logging_mixin.py:137} INFO - [2023-06-13T02:21:20.892+0000] {dagbag.py:538} INFO - Filling up the DagBag from /home/airflow/.local/lib/python3.7/site-packages/airflow/example_dags/example_nested_branch_dag.py
[2023-06-13T02:21:20.911+0000] {processor.py:753} INFO - DAG(s) dict_keys(['example_nested_branch_dag']) retrieved from /home/airflow/.local/lib/python3.7/site-packages/airflow/example_dags/example_nested_branch_dag.py
[2023-06-13T02:21:20.937+0000] {logging_mixin.py:137} INFO - [2023-06-13T02:21:20.937+0000] {dag.py:2690} INFO - Sync 1 DAGs
[2023-06-13T02:21:20.955+0000] {logging_mixin.py:137} INFO - [2023-06-13T02:21:20.955+0000] {dag.py:3441} INFO - Setting next_dagrun for example_nested_branch_dag to 2023-06-12T00:00:00+00:00, run_after=2023-06-13T00:00:00+00:00
[2023-06-13T02:21:20.972+0000] {processor.py:175} INFO - Processing /home/airflow/.local/lib/python3.7/site-packages/airflow/example_dags/example_nested_branch_dag.py took 0.087 seconds
[2023-06-13T03:46:02.084+0000] {processor.py:153} INFO - Started process (PID=62821) to work on /home/airflow/.local/lib/python3.7/site-packages/airflow/example_dags/example_nested_branch_dag.py
[2023-06-13T03:46:02.088+0000] {processor.py:743} INFO - Processing file /home/airflow/.local/lib/python3.7/site-packages/airflow/example_dags/example_nested_branch_dag.py for tasks to queue
[2023-06-13T03:46:02.090+0000] {logging_mixin.py:137} INFO - [2023-06-13T03:46:02.089+0000] {dagbag.py:538} INFO - Filling up the DagBag from /home/airflow/.local/lib/python3.7/site-packages/airflow/example_dags/example_nested_branch_dag.py
[2023-06-13T03:46:02.112+0000] {processor.py:753} INFO - DAG(s) dict_keys(['example_nested_branch_dag']) retrieved from /home/airflow/.local/lib/python3.7/site-packages/airflow/example_dags/example_nested_branch_dag.py
[2023-06-13T03:46:02.135+0000] {logging_mixin.py:137} INFO - [2023-06-13T03:46:02.135+0000] {dag.py:2690} INFO - Sync 1 DAGs
[2023-06-13T03:46:02.153+0000] {logging_mixin.py:137} INFO - [2023-06-13T03:46:02.152+0000] {dag.py:3441} INFO - Setting next_dagrun for example_nested_branch_dag to 2023-06-12T00:00:00+00:00, run_after=2023-06-13T00:00:00+00:00
[2023-06-13T03:46:02.166+0000] {processor.py:175} INFO - Processing /home/airflow/.local/lib/python3.7/site-packages/airflow/example_dags/example_nested_branch_dag.py took 0.086 seconds
[2023-06-13T05:06:48.334+0000] {processor.py:153} INFO - Started process (PID=62892) to work on /home/airflow/.local/lib/python3.7/site-packages/airflow/example_dags/example_nested_branch_dag.py
[2023-06-13T05:06:48.335+0000] {processor.py:743} INFO - Processing file /home/airflow/.local/lib/python3.7/site-packages/airflow/example_dags/example_nested_branch_dag.py for tasks to queue
[2023-06-13T05:06:48.336+0000] {logging_mixin.py:137} INFO - [2023-06-13T05:06:48.336+0000] {dagbag.py:538} INFO - Filling up the DagBag from /home/airflow/.local/lib/python3.7/site-packages/airflow/example_dags/example_nested_branch_dag.py
[2023-06-13T05:06:48.355+0000] {processor.py:753} INFO - DAG(s) dict_keys(['example_nested_branch_dag']) retrieved from /home/airflow/.local/lib/python3.7/site-packages/airflow/example_dags/example_nested_branch_dag.py
[2023-06-13T05:06:48.377+0000] {logging_mixin.py:137} INFO - [2023-06-13T05:06:48.377+0000] {dag.py:2690} INFO - Sync 1 DAGs
[2023-06-13T05:06:48.398+0000] {logging_mixin.py:137} INFO - [2023-06-13T05:06:48.398+0000] {dag.py:3441} INFO - Setting next_dagrun for example_nested_branch_dag to 2023-06-12T00:00:00+00:00, run_after=2023-06-13T00:00:00+00:00
[2023-06-13T05:06:48.410+0000] {processor.py:175} INFO - Processing /home/airflow/.local/lib/python3.7/site-packages/airflow/example_dags/example_nested_branch_dag.py took 0.079 seconds
[2023-06-13T06:29:13.384+0000] {processor.py:153} INFO - Started process (PID=62975) to work on /home/airflow/.local/lib/python3.7/site-packages/airflow/example_dags/example_nested_branch_dag.py
[2023-06-13T06:29:13.386+0000] {processor.py:743} INFO - Processing file /home/airflow/.local/lib/python3.7/site-packages/airflow/example_dags/example_nested_branch_dag.py for tasks to queue
[2023-06-13T06:29:13.388+0000] {logging_mixin.py:137} INFO - [2023-06-13T06:29:13.388+0000] {dagbag.py:538} INFO - Filling up the DagBag from /home/airflow/.local/lib/python3.7/site-packages/airflow/example_dags/example_nested_branch_dag.py
[2023-06-13T06:29:13.410+0000] {processor.py:753} INFO - DAG(s) dict_keys(['example_nested_branch_dag']) retrieved from /home/airflow/.local/lib/python3.7/site-packages/airflow/example_dags/example_nested_branch_dag.py
[2023-06-13T06:29:13.437+0000] {logging_mixin.py:137} INFO - [2023-06-13T06:29:13.437+0000] {dag.py:2690} INFO - Sync 1 DAGs
[2023-06-13T06:29:13.457+0000] {logging_mixin.py:137} INFO - [2023-06-13T06:29:13.457+0000] {dag.py:3441} INFO - Setting next_dagrun for example_nested_branch_dag to 2023-06-12T00:00:00+00:00, run_after=2023-06-13T00:00:00+00:00
[2023-06-13T06:29:13.473+0000] {processor.py:175} INFO - Processing /home/airflow/.local/lib/python3.7/site-packages/airflow/example_dags/example_nested_branch_dag.py took 0.093 seconds
[2023-06-13T07:51:01.311+0000] {processor.py:153} INFO - Started process (PID=63057) to work on /home/airflow/.local/lib/python3.7/site-packages/airflow/example_dags/example_nested_branch_dag.py
[2023-06-13T07:51:01.314+0000] {processor.py:743} INFO - Processing file /home/airflow/.local/lib/python3.7/site-packages/airflow/example_dags/example_nested_branch_dag.py for tasks to queue
[2023-06-13T07:51:01.316+0000] {logging_mixin.py:137} INFO - [2023-06-13T07:51:01.316+0000] {dagbag.py:538} INFO - Filling up the DagBag from /home/airflow/.local/lib/python3.7/site-packages/airflow/example_dags/example_nested_branch_dag.py
[2023-06-13T07:51:01.338+0000] {processor.py:753} INFO - DAG(s) dict_keys(['example_nested_branch_dag']) retrieved from /home/airflow/.local/lib/python3.7/site-packages/airflow/example_dags/example_nested_branch_dag.py
[2023-06-13T07:51:01.368+0000] {logging_mixin.py:137} INFO - [2023-06-13T07:51:01.368+0000] {dag.py:2690} INFO - Sync 1 DAGs
[2023-06-13T07:51:01.405+0000] {logging_mixin.py:137} INFO - [2023-06-13T07:51:01.405+0000] {dag.py:3441} INFO - Setting next_dagrun for example_nested_branch_dag to 2023-06-12T00:00:00+00:00, run_after=2023-06-13T00:00:00+00:00
[2023-06-13T07:51:01.424+0000] {processor.py:175} INFO - Processing /home/airflow/.local/lib/python3.7/site-packages/airflow/example_dags/example_nested_branch_dag.py took 0.116 seconds
[2023-06-13T09:14:17.234+0000] {processor.py:153} INFO - Started process (PID=63128) to work on /home/airflow/.local/lib/python3.7/site-packages/airflow/example_dags/example_nested_branch_dag.py
[2023-06-13T09:14:17.236+0000] {processor.py:743} INFO - Processing file /home/airflow/.local/lib/python3.7/site-packages/airflow/example_dags/example_nested_branch_dag.py for tasks to queue
[2023-06-13T09:14:17.237+0000] {logging_mixin.py:137} INFO - [2023-06-13T09:14:17.237+0000] {dagbag.py:538} INFO - Filling up the DagBag from /home/airflow/.local/lib/python3.7/site-packages/airflow/example_dags/example_nested_branch_dag.py
[2023-06-13T09:14:17.261+0000] {processor.py:753} INFO - DAG(s) dict_keys(['example_nested_branch_dag']) retrieved from /home/airflow/.local/lib/python3.7/site-packages/airflow/example_dags/example_nested_branch_dag.py
[2023-06-13T09:14:17.288+0000] {logging_mixin.py:137} INFO - [2023-06-13T09:14:17.288+0000] {dag.py:2690} INFO - Sync 1 DAGs
[2023-06-13T09:14:17.308+0000] {logging_mixin.py:137} INFO - [2023-06-13T09:14:17.308+0000] {dag.py:3441} INFO - Setting next_dagrun for example_nested_branch_dag to 2023-06-12T00:00:00+00:00, run_after=2023-06-13T00:00:00+00:00
[2023-06-13T09:14:17.326+0000] {processor.py:175} INFO - Processing /home/airflow/.local/lib/python3.7/site-packages/airflow/example_dags/example_nested_branch_dag.py took 0.095 seconds
[2023-06-13T10:35:58.077+0000] {processor.py:153} INFO - Started process (PID=63211) to work on /home/airflow/.local/lib/python3.7/site-packages/airflow/example_dags/example_nested_branch_dag.py
[2023-06-13T10:35:58.080+0000] {processor.py:743} INFO - Processing file /home/airflow/.local/lib/python3.7/site-packages/airflow/example_dags/example_nested_branch_dag.py for tasks to queue
[2023-06-13T10:35:58.082+0000] {logging_mixin.py:137} INFO - [2023-06-13T10:35:58.082+0000] {dagbag.py:538} INFO - Filling up the DagBag from /home/airflow/.local/lib/python3.7/site-packages/airflow/example_dags/example_nested_branch_dag.py
[2023-06-13T10:35:58.105+0000] {processor.py:753} INFO - DAG(s) dict_keys(['example_nested_branch_dag']) retrieved from /home/airflow/.local/lib/python3.7/site-packages/airflow/example_dags/example_nested_branch_dag.py
[2023-06-13T10:35:58.138+0000] {logging_mixin.py:137} INFO - [2023-06-13T10:35:58.138+0000] {dag.py:2690} INFO - Sync 1 DAGs
[2023-06-13T10:35:58.160+0000] {logging_mixin.py:137} INFO - [2023-06-13T10:35:58.159+0000] {dag.py:3441} INFO - Setting next_dagrun for example_nested_branch_dag to 2023-06-12T00:00:00+00:00, run_after=2023-06-13T00:00:00+00:00
[2023-06-13T10:35:58.174+0000] {processor.py:175} INFO - Processing /home/airflow/.local/lib/python3.7/site-packages/airflow/example_dags/example_nested_branch_dag.py took 0.101 seconds
[2023-06-13T11:58:03.879+0000] {processor.py:153} INFO - Started process (PID=63282) to work on /home/airflow/.local/lib/python3.7/site-packages/airflow/example_dags/example_nested_branch_dag.py
[2023-06-13T11:58:03.881+0000] {processor.py:743} INFO - Processing file /home/airflow/.local/lib/python3.7/site-packages/airflow/example_dags/example_nested_branch_dag.py for tasks to queue
[2023-06-13T11:58:03.882+0000] {logging_mixin.py:137} INFO - [2023-06-13T11:58:03.882+0000] {dagbag.py:538} INFO - Filling up the DagBag from /home/airflow/.local/lib/python3.7/site-packages/airflow/example_dags/example_nested_branch_dag.py
[2023-06-13T11:58:03.903+0000] {processor.py:753} INFO - DAG(s) dict_keys(['example_nested_branch_dag']) retrieved from /home/airflow/.local/lib/python3.7/site-packages/airflow/example_dags/example_nested_branch_dag.py
[2023-06-13T11:58:03.928+0000] {logging_mixin.py:137} INFO - [2023-06-13T11:58:03.928+0000] {dag.py:2690} INFO - Sync 1 DAGs
[2023-06-13T11:58:03.949+0000] {logging_mixin.py:137} INFO - [2023-06-13T11:58:03.949+0000] {dag.py:3441} INFO - Setting next_dagrun for example_nested_branch_dag to 2023-06-12T00:00:00+00:00, run_after=2023-06-13T00:00:00+00:00
[2023-06-13T11:58:03.963+0000] {processor.py:175} INFO - Processing /home/airflow/.local/lib/python3.7/site-packages/airflow/example_dags/example_nested_branch_dag.py took 0.086 seconds
[2023-06-13T13:22:17.491+0000] {processor.py:153} INFO - Started process (PID=63365) to work on /home/airflow/.local/lib/python3.7/site-packages/airflow/example_dags/example_nested_branch_dag.py
[2023-06-13T13:22:17.493+0000] {processor.py:743} INFO - Processing file /home/airflow/.local/lib/python3.7/site-packages/airflow/example_dags/example_nested_branch_dag.py for tasks to queue
[2023-06-13T13:22:17.494+0000] {logging_mixin.py:137} INFO - [2023-06-13T13:22:17.494+0000] {dagbag.py:538} INFO - Filling up the DagBag from /home/airflow/.local/lib/python3.7/site-packages/airflow/example_dags/example_nested_branch_dag.py
[2023-06-13T13:22:17.518+0000] {processor.py:753} INFO - DAG(s) dict_keys(['example_nested_branch_dag']) retrieved from /home/airflow/.local/lib/python3.7/site-packages/airflow/example_dags/example_nested_branch_dag.py
[2023-06-13T13:22:17.544+0000] {logging_mixin.py:137} INFO - [2023-06-13T13:22:17.544+0000] {dag.py:2690} INFO - Sync 1 DAGs
[2023-06-13T13:22:17.570+0000] {logging_mixin.py:137} INFO - [2023-06-13T13:22:17.570+0000] {dag.py:3441} INFO - Setting next_dagrun for example_nested_branch_dag to 2023-06-12T00:00:00+00:00, run_after=2023-06-13T00:00:00+00:00
[2023-06-13T13:22:17.585+0000] {processor.py:175} INFO - Processing /home/airflow/.local/lib/python3.7/site-packages/airflow/example_dags/example_nested_branch_dag.py took 0.098 seconds
[2023-06-13T15:00:33.240+0000] {processor.py:153} INFO - Started process (PID=63437) to work on /home/airflow/.local/lib/python3.7/site-packages/airflow/example_dags/example_nested_branch_dag.py
[2023-06-13T15:00:33.242+0000] {processor.py:743} INFO - Processing file /home/airflow/.local/lib/python3.7/site-packages/airflow/example_dags/example_nested_branch_dag.py for tasks to queue
[2023-06-13T15:00:33.243+0000] {logging_mixin.py:137} INFO - [2023-06-13T15:00:33.243+0000] {dagbag.py:538} INFO - Filling up the DagBag from /home/airflow/.local/lib/python3.7/site-packages/airflow/example_dags/example_nested_branch_dag.py
[2023-06-13T15:00:33.262+0000] {processor.py:753} INFO - DAG(s) dict_keys(['example_nested_branch_dag']) retrieved from /home/airflow/.local/lib/python3.7/site-packages/airflow/example_dags/example_nested_branch_dag.py
[2023-06-13T15:00:33.287+0000] {logging_mixin.py:137} INFO - [2023-06-13T15:00:33.286+0000] {dag.py:2690} INFO - Sync 1 DAGs
[2023-06-13T15:00:33.307+0000] {logging_mixin.py:137} INFO - [2023-06-13T15:00:33.307+0000] {dag.py:3441} INFO - Setting next_dagrun for example_nested_branch_dag to 2023-06-12T00:00:00+00:00, run_after=2023-06-13T00:00:00+00:00
[2023-06-13T15:00:33.320+0000] {processor.py:175} INFO - Processing /home/airflow/.local/lib/python3.7/site-packages/airflow/example_dags/example_nested_branch_dag.py took 0.084 seconds
[2023-06-13T16:38:48.440+0000] {processor.py:153} INFO - Started process (PID=63521) to work on /home/airflow/.local/lib/python3.7/site-packages/airflow/example_dags/example_nested_branch_dag.py
[2023-06-13T16:38:48.441+0000] {processor.py:743} INFO - Processing file /home/airflow/.local/lib/python3.7/site-packages/airflow/example_dags/example_nested_branch_dag.py for tasks to queue
[2023-06-13T16:38:48.442+0000] {logging_mixin.py:137} INFO - [2023-06-13T16:38:48.442+0000] {dagbag.py:538} INFO - Filling up the DagBag from /home/airflow/.local/lib/python3.7/site-packages/airflow/example_dags/example_nested_branch_dag.py
[2023-06-13T16:38:48.461+0000] {processor.py:753} INFO - DAG(s) dict_keys(['example_nested_branch_dag']) retrieved from /home/airflow/.local/lib/python3.7/site-packages/airflow/example_dags/example_nested_branch_dag.py
[2023-06-13T16:38:48.481+0000] {logging_mixin.py:137} INFO - [2023-06-13T16:38:48.481+0000] {dag.py:2690} INFO - Sync 1 DAGs
[2023-06-13T16:38:48.496+0000] {logging_mixin.py:137} INFO - [2023-06-13T16:38:48.496+0000] {dag.py:3441} INFO - Setting next_dagrun for example_nested_branch_dag to 2023-06-12T00:00:00+00:00, run_after=2023-06-13T00:00:00+00:00
[2023-06-13T16:38:48.508+0000] {processor.py:175} INFO - Processing /home/airflow/.local/lib/python3.7/site-packages/airflow/example_dags/example_nested_branch_dag.py took 0.071 seconds
[2023-06-13T17:44:52.551+0000] {processor.py:153} INFO - Started process (PID=63592) to work on /home/airflow/.local/lib/python3.7/site-packages/airflow/example_dags/example_nested_branch_dag.py
[2023-06-13T17:44:52.553+0000] {processor.py:743} INFO - Processing file /home/airflow/.local/lib/python3.7/site-packages/airflow/example_dags/example_nested_branch_dag.py for tasks to queue
[2023-06-13T17:44:52.554+0000] {logging_mixin.py:137} INFO - [2023-06-13T17:44:52.554+0000] {dagbag.py:538} INFO - Filling up the DagBag from /home/airflow/.local/lib/python3.7/site-packages/airflow/example_dags/example_nested_branch_dag.py
[2023-06-13T17:44:52.577+0000] {processor.py:753} INFO - DAG(s) dict_keys(['example_nested_branch_dag']) retrieved from /home/airflow/.local/lib/python3.7/site-packages/airflow/example_dags/example_nested_branch_dag.py
[2023-06-13T17:44:52.602+0000] {logging_mixin.py:137} INFO - [2023-06-13T17:44:52.602+0000] {dag.py:2690} INFO - Sync 1 DAGs
[2023-06-13T17:44:52.622+0000] {logging_mixin.py:137} INFO - [2023-06-13T17:44:52.622+0000] {dag.py:3441} INFO - Setting next_dagrun for example_nested_branch_dag to 2023-06-12T00:00:00+00:00, run_after=2023-06-13T00:00:00+00:00
[2023-06-13T17:44:52.640+0000] {processor.py:175} INFO - Processing /home/airflow/.local/lib/python3.7/site-packages/airflow/example_dags/example_nested_branch_dag.py took 0.092 seconds
[2023-06-13T19:08:46.382+0000] {processor.py:153} INFO - Started process (PID=63676) to work on /home/airflow/.local/lib/python3.7/site-packages/airflow/example_dags/example_nested_branch_dag.py
[2023-06-13T19:08:46.384+0000] {processor.py:743} INFO - Processing file /home/airflow/.local/lib/python3.7/site-packages/airflow/example_dags/example_nested_branch_dag.py for tasks to queue
[2023-06-13T19:08:46.385+0000] {logging_mixin.py:137} INFO - [2023-06-13T19:08:46.385+0000] {dagbag.py:538} INFO - Filling up the DagBag from /home/airflow/.local/lib/python3.7/site-packages/airflow/example_dags/example_nested_branch_dag.py
[2023-06-13T19:08:46.404+0000] {processor.py:753} INFO - DAG(s) dict_keys(['example_nested_branch_dag']) retrieved from /home/airflow/.local/lib/python3.7/site-packages/airflow/example_dags/example_nested_branch_dag.py
[2023-06-13T19:08:46.428+0000] {logging_mixin.py:137} INFO - [2023-06-13T19:08:46.428+0000] {dag.py:2690} INFO - Sync 1 DAGs
[2023-06-13T19:08:46.446+0000] {logging_mixin.py:137} INFO - [2023-06-13T19:08:46.446+0000] {dag.py:3441} INFO - Setting next_dagrun for example_nested_branch_dag to 2023-06-12T00:00:00+00:00, run_after=2023-06-13T00:00:00+00:00
[2023-06-13T19:08:46.458+0000] {processor.py:175} INFO - Processing /home/airflow/.local/lib/python3.7/site-packages/airflow/example_dags/example_nested_branch_dag.py took 0.079 seconds
[2023-06-13T20:32:01.056+0000] {processor.py:153} INFO - Started process (PID=63757) to work on /home/airflow/.local/lib/python3.7/site-packages/airflow/example_dags/example_nested_branch_dag.py
[2023-06-13T20:32:01.058+0000] {processor.py:743} INFO - Processing file /home/airflow/.local/lib/python3.7/site-packages/airflow/example_dags/example_nested_branch_dag.py for tasks to queue
[2023-06-13T20:32:01.060+0000] {logging_mixin.py:137} INFO - [2023-06-13T20:32:01.060+0000] {dagbag.py:538} INFO - Filling up the DagBag from /home/airflow/.local/lib/python3.7/site-packages/airflow/example_dags/example_nested_branch_dag.py
[2023-06-13T20:32:01.087+0000] {processor.py:753} INFO - DAG(s) dict_keys(['example_nested_branch_dag']) retrieved from /home/airflow/.local/lib/python3.7/site-packages/airflow/example_dags/example_nested_branch_dag.py
[2023-06-13T20:32:01.116+0000] {logging_mixin.py:137} INFO - [2023-06-13T20:32:01.116+0000] {dag.py:2690} INFO - Sync 1 DAGs
[2023-06-13T20:32:01.138+0000] {logging_mixin.py:137} INFO - [2023-06-13T20:32:01.138+0000] {dag.py:3441} INFO - Setting next_dagrun for example_nested_branch_dag to 2023-06-12T00:00:00+00:00, run_after=2023-06-13T00:00:00+00:00
[2023-06-13T20:32:01.162+0000] {processor.py:175} INFO - Processing /home/airflow/.local/lib/python3.7/site-packages/airflow/example_dags/example_nested_branch_dag.py took 0.110 seconds
[2023-06-13T21:53:09.461+0000] {processor.py:153} INFO - Started process (PID=63828) to work on /home/airflow/.local/lib/python3.7/site-packages/airflow/example_dags/example_nested_branch_dag.py
[2023-06-13T21:53:09.464+0000] {processor.py:743} INFO - Processing file /home/airflow/.local/lib/python3.7/site-packages/airflow/example_dags/example_nested_branch_dag.py for tasks to queue
[2023-06-13T21:53:09.465+0000] {logging_mixin.py:137} INFO - [2023-06-13T21:53:09.465+0000] {dagbag.py:538} INFO - Filling up the DagBag from /home/airflow/.local/lib/python3.7/site-packages/airflow/example_dags/example_nested_branch_dag.py
[2023-06-13T21:53:09.485+0000] {processor.py:753} INFO - DAG(s) dict_keys(['example_nested_branch_dag']) retrieved from /home/airflow/.local/lib/python3.7/site-packages/airflow/example_dags/example_nested_branch_dag.py
[2023-06-13T21:53:09.508+0000] {logging_mixin.py:137} INFO - [2023-06-13T21:53:09.508+0000] {dag.py:2690} INFO - Sync 1 DAGs
[2023-06-13T21:53:09.530+0000] {logging_mixin.py:137} INFO - [2023-06-13T21:53:09.530+0000] {dag.py:3441} INFO - Setting next_dagrun for example_nested_branch_dag to 2023-06-12T00:00:00+00:00, run_after=2023-06-13T00:00:00+00:00
[2023-06-13T21:53:09.546+0000] {processor.py:175} INFO - Processing /home/airflow/.local/lib/python3.7/site-packages/airflow/example_dags/example_nested_branch_dag.py took 0.088 seconds
[2023-06-13T23:13:51.853+0000] {processor.py:153} INFO - Started process (PID=63911) to work on /home/airflow/.local/lib/python3.7/site-packages/airflow/example_dags/example_nested_branch_dag.py
[2023-06-13T23:13:51.855+0000] {processor.py:743} INFO - Processing file /home/airflow/.local/lib/python3.7/site-packages/airflow/example_dags/example_nested_branch_dag.py for tasks to queue
[2023-06-13T23:13:51.856+0000] {logging_mixin.py:137} INFO - [2023-06-13T23:13:51.856+0000] {dagbag.py:538} INFO - Filling up the DagBag from /home/airflow/.local/lib/python3.7/site-packages/airflow/example_dags/example_nested_branch_dag.py
[2023-06-13T23:13:51.876+0000] {processor.py:753} INFO - DAG(s) dict_keys(['example_nested_branch_dag']) retrieved from /home/airflow/.local/lib/python3.7/site-packages/airflow/example_dags/example_nested_branch_dag.py
[2023-06-13T23:13:51.901+0000] {logging_mixin.py:137} INFO - [2023-06-13T23:13:51.901+0000] {dag.py:2690} INFO - Sync 1 DAGs
[2023-06-13T23:13:51.918+0000] {logging_mixin.py:137} INFO - [2023-06-13T23:13:51.918+0000] {dag.py:3441} INFO - Setting next_dagrun for example_nested_branch_dag to 2023-06-12T00:00:00+00:00, run_after=2023-06-13T00:00:00+00:00
[2023-06-13T23:13:51.931+0000] {processor.py:175} INFO - Processing /home/airflow/.local/lib/python3.7/site-packages/airflow/example_dags/example_nested_branch_dag.py took 0.080 seconds
