[2023-06-13T01:05:05.708+0000] {processor.py:153} INFO - Started process (PID=62668) to work on /home/airflow/.local/lib/python3.7/site-packages/airflow/example_dags/example_sla_dag.py
[2023-06-13T01:05:05.710+0000] {processor.py:743} INFO - Processing file /home/airflow/.local/lib/python3.7/site-packages/airflow/example_dags/example_sla_dag.py for tasks to queue
[2023-06-13T01:05:05.711+0000] {logging_mixin.py:137} INFO - [2023-06-13T01:05:05.711+0000] {dagbag.py:538} INFO - Filling up the DagBag from /home/airflow/.local/lib/python3.7/site-packages/airflow/example_dags/example_sla_dag.py
[2023-06-13T01:05:05.730+0000] {processor.py:753} INFO - DAG(s) dict_keys(['example_sla_dag']) retrieved from /home/airflow/.local/lib/python3.7/site-packages/airflow/example_dags/example_sla_dag.py
[2023-06-13T01:05:05.752+0000] {logging_mixin.py:137} INFO - [2023-06-13T01:05:05.752+0000] {dag.py:2690} INFO - Sync 1 DAGs
[2023-06-13T01:05:05.774+0000] {logging_mixin.py:137} INFO - [2023-06-13T01:05:05.774+0000] {dag.py:3441} INFO - Setting next_dagrun for example_sla_dag to 2023-06-13T01:02:00+00:00, run_after=2023-06-13T01:04:00+00:00
[2023-06-13T01:05:05.794+0000] {processor.py:175} INFO - Processing /home/airflow/.local/lib/python3.7/site-packages/airflow/example_dags/example_sla_dag.py took 0.090 seconds
[2023-06-13T02:21:20.977+0000] {processor.py:153} INFO - Started process (PID=62739) to work on /home/airflow/.local/lib/python3.7/site-packages/airflow/example_dags/example_sla_dag.py
[2023-06-13T02:21:20.979+0000] {processor.py:743} INFO - Processing file /home/airflow/.local/lib/python3.7/site-packages/airflow/example_dags/example_sla_dag.py for tasks to queue
[2023-06-13T02:21:20.981+0000] {logging_mixin.py:137} INFO - [2023-06-13T02:21:20.981+0000] {dagbag.py:538} INFO - Filling up the DagBag from /home/airflow/.local/lib/python3.7/site-packages/airflow/example_dags/example_sla_dag.py
[2023-06-13T02:21:21.006+0000] {processor.py:753} INFO - DAG(s) dict_keys(['example_sla_dag']) retrieved from /home/airflow/.local/lib/python3.7/site-packages/airflow/example_dags/example_sla_dag.py
[2023-06-13T02:21:21.031+0000] {logging_mixin.py:137} INFO - [2023-06-13T02:21:21.031+0000] {dag.py:2690} INFO - Sync 1 DAGs
[2023-06-13T02:21:21.051+0000] {logging_mixin.py:137} INFO - [2023-06-13T02:21:21.051+0000] {dag.py:3441} INFO - Setting next_dagrun for example_sla_dag to 2023-06-13T02:18:00+00:00, run_after=2023-06-13T02:20:00+00:00
[2023-06-13T02:21:21.063+0000] {processor.py:175} INFO - Processing /home/airflow/.local/lib/python3.7/site-packages/airflow/example_dags/example_sla_dag.py took 0.089 seconds
[2023-06-13T03:46:02.113+0000] {processor.py:153} INFO - Started process (PID=62822) to work on /home/airflow/.local/lib/python3.7/site-packages/airflow/example_dags/example_sla_dag.py
[2023-06-13T03:46:02.115+0000] {processor.py:743} INFO - Processing file /home/airflow/.local/lib/python3.7/site-packages/airflow/example_dags/example_sla_dag.py for tasks to queue
[2023-06-13T03:46:02.116+0000] {logging_mixin.py:137} INFO - [2023-06-13T03:46:02.116+0000] {dagbag.py:538} INFO - Filling up the DagBag from /home/airflow/.local/lib/python3.7/site-packages/airflow/example_dags/example_sla_dag.py
[2023-06-13T03:46:02.135+0000] {processor.py:753} INFO - DAG(s) dict_keys(['example_sla_dag']) retrieved from /home/airflow/.local/lib/python3.7/site-packages/airflow/example_dags/example_sla_dag.py
[2023-06-13T03:46:02.156+0000] {logging_mixin.py:137} INFO - [2023-06-13T03:46:02.156+0000] {dag.py:2690} INFO - Sync 1 DAGs
[2023-06-13T03:46:02.175+0000] {logging_mixin.py:137} INFO - [2023-06-13T03:46:02.175+0000] {dag.py:3441} INFO - Setting next_dagrun for example_sla_dag to 2023-06-13T03:44:00+00:00, run_after=2023-06-13T03:46:00+00:00
[2023-06-13T03:46:02.191+0000] {processor.py:175} INFO - Processing /home/airflow/.local/lib/python3.7/site-packages/airflow/example_dags/example_sla_dag.py took 0.081 seconds
[2023-06-13T05:06:48.398+0000] {processor.py:153} INFO - Started process (PID=62893) to work on /home/airflow/.local/lib/python3.7/site-packages/airflow/example_dags/example_sla_dag.py
[2023-06-13T05:06:48.400+0000] {processor.py:743} INFO - Processing file /home/airflow/.local/lib/python3.7/site-packages/airflow/example_dags/example_sla_dag.py for tasks to queue
[2023-06-13T05:06:48.401+0000] {logging_mixin.py:137} INFO - [2023-06-13T05:06:48.401+0000] {dagbag.py:538} INFO - Filling up the DagBag from /home/airflow/.local/lib/python3.7/site-packages/airflow/example_dags/example_sla_dag.py
[2023-06-13T05:06:48.420+0000] {processor.py:753} INFO - DAG(s) dict_keys(['example_sla_dag']) retrieved from /home/airflow/.local/lib/python3.7/site-packages/airflow/example_dags/example_sla_dag.py
[2023-06-13T05:06:48.444+0000] {logging_mixin.py:137} INFO - [2023-06-13T05:06:48.444+0000] {dag.py:2690} INFO - Sync 1 DAGs
[2023-06-13T05:06:48.464+0000] {logging_mixin.py:137} INFO - [2023-06-13T05:06:48.463+0000] {dag.py:3441} INFO - Setting next_dagrun for example_sla_dag to 2023-06-13T05:04:00+00:00, run_after=2023-06-13T05:06:00+00:00
[2023-06-13T05:06:48.476+0000] {processor.py:175} INFO - Processing /home/airflow/.local/lib/python3.7/site-packages/airflow/example_dags/example_sla_dag.py took 0.081 seconds
[2023-06-13T06:29:13.444+0000] {processor.py:153} INFO - Started process (PID=62976) to work on /home/airflow/.local/lib/python3.7/site-packages/airflow/example_dags/example_sla_dag.py
[2023-06-13T06:29:13.446+0000] {processor.py:743} INFO - Processing file /home/airflow/.local/lib/python3.7/site-packages/airflow/example_dags/example_sla_dag.py for tasks to queue
[2023-06-13T06:29:13.447+0000] {logging_mixin.py:137} INFO - [2023-06-13T06:29:13.446+0000] {dagbag.py:538} INFO - Filling up the DagBag from /home/airflow/.local/lib/python3.7/site-packages/airflow/example_dags/example_sla_dag.py
[2023-06-13T06:29:13.467+0000] {processor.py:753} INFO - DAG(s) dict_keys(['example_sla_dag']) retrieved from /home/airflow/.local/lib/python3.7/site-packages/airflow/example_dags/example_sla_dag.py
[2023-06-13T06:29:13.495+0000] {logging_mixin.py:137} INFO - [2023-06-13T06:29:13.495+0000] {dag.py:2690} INFO - Sync 1 DAGs
[2023-06-13T06:29:13.520+0000] {logging_mixin.py:137} INFO - [2023-06-13T06:29:13.520+0000] {dag.py:3441} INFO - Setting next_dagrun for example_sla_dag to 2023-06-13T06:26:00+00:00, run_after=2023-06-13T06:28:00+00:00
[2023-06-13T06:29:13.534+0000] {processor.py:175} INFO - Processing /home/airflow/.local/lib/python3.7/site-packages/airflow/example_dags/example_sla_dag.py took 0.094 seconds
[2023-06-13T07:51:01.414+0000] {processor.py:153} INFO - Started process (PID=63058) to work on /home/airflow/.local/lib/python3.7/site-packages/airflow/example_dags/example_sla_dag.py
[2023-06-13T07:51:01.417+0000] {processor.py:743} INFO - Processing file /home/airflow/.local/lib/python3.7/site-packages/airflow/example_dags/example_sla_dag.py for tasks to queue
[2023-06-13T07:51:01.419+0000] {logging_mixin.py:137} INFO - [2023-06-13T07:51:01.419+0000] {dagbag.py:538} INFO - Filling up the DagBag from /home/airflow/.local/lib/python3.7/site-packages/airflow/example_dags/example_sla_dag.py
[2023-06-13T07:51:01.452+0000] {processor.py:753} INFO - DAG(s) dict_keys(['example_sla_dag']) retrieved from /home/airflow/.local/lib/python3.7/site-packages/airflow/example_dags/example_sla_dag.py
[2023-06-13T07:51:01.489+0000] {logging_mixin.py:137} INFO - [2023-06-13T07:51:01.489+0000] {dag.py:2690} INFO - Sync 1 DAGs
[2023-06-13T07:51:01.513+0000] {logging_mixin.py:137} INFO - [2023-06-13T07:51:01.513+0000] {dag.py:3441} INFO - Setting next_dagrun for example_sla_dag to 2023-06-13T07:48:00+00:00, run_after=2023-06-13T07:50:00+00:00
[2023-06-13T07:51:01.530+0000] {processor.py:175} INFO - Processing /home/airflow/.local/lib/python3.7/site-packages/airflow/example_dags/example_sla_dag.py took 0.122 seconds
[2023-06-13T09:14:17.318+0000] {processor.py:153} INFO - Started process (PID=63129) to work on /home/airflow/.local/lib/python3.7/site-packages/airflow/example_dags/example_sla_dag.py
[2023-06-13T09:14:17.320+0000] {processor.py:743} INFO - Processing file /home/airflow/.local/lib/python3.7/site-packages/airflow/example_dags/example_sla_dag.py for tasks to queue
[2023-06-13T09:14:17.321+0000] {logging_mixin.py:137} INFO - [2023-06-13T09:14:17.321+0000] {dagbag.py:538} INFO - Filling up the DagBag from /home/airflow/.local/lib/python3.7/site-packages/airflow/example_dags/example_sla_dag.py
[2023-06-13T09:14:17.341+0000] {processor.py:753} INFO - DAG(s) dict_keys(['example_sla_dag']) retrieved from /home/airflow/.local/lib/python3.7/site-packages/airflow/example_dags/example_sla_dag.py
[2023-06-13T09:14:17.365+0000] {logging_mixin.py:137} INFO - [2023-06-13T09:14:17.365+0000] {dag.py:2690} INFO - Sync 1 DAGs
[2023-06-13T09:14:17.385+0000] {logging_mixin.py:137} INFO - [2023-06-13T09:14:17.385+0000] {dag.py:3441} INFO - Setting next_dagrun for example_sla_dag to 2023-06-13T09:12:00+00:00, run_after=2023-06-13T09:14:00+00:00
[2023-06-13T09:14:17.398+0000] {processor.py:175} INFO - Processing /home/airflow/.local/lib/python3.7/site-packages/airflow/example_dags/example_sla_dag.py took 0.083 seconds
[2023-06-13T10:35:58.125+0000] {processor.py:153} INFO - Started process (PID=63212) to work on /home/airflow/.local/lib/python3.7/site-packages/airflow/example_dags/example_sla_dag.py
[2023-06-13T10:35:58.128+0000] {processor.py:743} INFO - Processing file /home/airflow/.local/lib/python3.7/site-packages/airflow/example_dags/example_sla_dag.py for tasks to queue
[2023-06-13T10:35:58.129+0000] {logging_mixin.py:137} INFO - [2023-06-13T10:35:58.129+0000] {dagbag.py:538} INFO - Filling up the DagBag from /home/airflow/.local/lib/python3.7/site-packages/airflow/example_dags/example_sla_dag.py
[2023-06-13T10:35:58.156+0000] {processor.py:753} INFO - DAG(s) dict_keys(['example_sla_dag']) retrieved from /home/airflow/.local/lib/python3.7/site-packages/airflow/example_dags/example_sla_dag.py
[2023-06-13T10:35:58.182+0000] {logging_mixin.py:137} INFO - [2023-06-13T10:35:58.182+0000] {dag.py:2690} INFO - Sync 1 DAGs
[2023-06-13T10:35:58.212+0000] {logging_mixin.py:137} INFO - [2023-06-13T10:35:58.212+0000] {dag.py:3441} INFO - Setting next_dagrun for example_sla_dag to 2023-06-13T10:32:00+00:00, run_after=2023-06-13T10:34:00+00:00
[2023-06-13T10:35:58.233+0000] {processor.py:175} INFO - Processing /home/airflow/.local/lib/python3.7/site-packages/airflow/example_dags/example_sla_dag.py took 0.112 seconds
[2023-06-13T11:58:03.938+0000] {processor.py:153} INFO - Started process (PID=63283) to work on /home/airflow/.local/lib/python3.7/site-packages/airflow/example_dags/example_sla_dag.py
[2023-06-13T11:58:03.940+0000] {processor.py:743} INFO - Processing file /home/airflow/.local/lib/python3.7/site-packages/airflow/example_dags/example_sla_dag.py for tasks to queue
[2023-06-13T11:58:03.941+0000] {logging_mixin.py:137} INFO - [2023-06-13T11:58:03.941+0000] {dagbag.py:538} INFO - Filling up the DagBag from /home/airflow/.local/lib/python3.7/site-packages/airflow/example_dags/example_sla_dag.py
[2023-06-13T11:58:03.959+0000] {processor.py:753} INFO - DAG(s) dict_keys(['example_sla_dag']) retrieved from /home/airflow/.local/lib/python3.7/site-packages/airflow/example_dags/example_sla_dag.py
[2023-06-13T11:58:03.982+0000] {logging_mixin.py:137} INFO - [2023-06-13T11:58:03.982+0000] {dag.py:2690} INFO - Sync 1 DAGs
[2023-06-13T11:58:04.001+0000] {logging_mixin.py:137} INFO - [2023-06-13T11:58:04.001+0000] {dag.py:3441} INFO - Setting next_dagrun for example_sla_dag to 2023-06-13T11:56:00+00:00, run_after=2023-06-13T11:58:00+00:00
[2023-06-13T11:58:04.014+0000] {processor.py:175} INFO - Processing /home/airflow/.local/lib/python3.7/site-packages/airflow/example_dags/example_sla_dag.py took 0.079 seconds
[2023-06-13T13:22:17.592+0000] {processor.py:153} INFO - Started process (PID=63366) to work on /home/airflow/.local/lib/python3.7/site-packages/airflow/example_dags/example_sla_dag.py
[2023-06-13T13:22:17.595+0000] {processor.py:743} INFO - Processing file /home/airflow/.local/lib/python3.7/site-packages/airflow/example_dags/example_sla_dag.py for tasks to queue
[2023-06-13T13:22:17.596+0000] {logging_mixin.py:137} INFO - [2023-06-13T13:22:17.596+0000] {dagbag.py:538} INFO - Filling up the DagBag from /home/airflow/.local/lib/python3.7/site-packages/airflow/example_dags/example_sla_dag.py
[2023-06-13T13:22:17.624+0000] {processor.py:753} INFO - DAG(s) dict_keys(['example_sla_dag']) retrieved from /home/airflow/.local/lib/python3.7/site-packages/airflow/example_dags/example_sla_dag.py
[2023-06-13T13:22:17.653+0000] {logging_mixin.py:137} INFO - [2023-06-13T13:22:17.653+0000] {dag.py:2690} INFO - Sync 1 DAGs
[2023-06-13T13:22:17.673+0000] {logging_mixin.py:137} INFO - [2023-06-13T13:22:17.673+0000] {dag.py:3441} INFO - Setting next_dagrun for example_sla_dag to 2023-06-13T13:20:00+00:00, run_after=2023-06-13T13:22:00+00:00
[2023-06-13T13:22:17.685+0000] {processor.py:175} INFO - Processing /home/airflow/.local/lib/python3.7/site-packages/airflow/example_dags/example_sla_dag.py took 0.096 seconds
[2023-06-13T15:00:33.312+0000] {processor.py:153} INFO - Started process (PID=63438) to work on /home/airflow/.local/lib/python3.7/site-packages/airflow/example_dags/example_sla_dag.py
[2023-06-13T15:00:33.314+0000] {processor.py:743} INFO - Processing file /home/airflow/.local/lib/python3.7/site-packages/airflow/example_dags/example_sla_dag.py for tasks to queue
[2023-06-13T15:00:33.315+0000] {logging_mixin.py:137} INFO - [2023-06-13T15:00:33.314+0000] {dagbag.py:538} INFO - Filling up the DagBag from /home/airflow/.local/lib/python3.7/site-packages/airflow/example_dags/example_sla_dag.py
[2023-06-13T15:00:33.333+0000] {processor.py:753} INFO - DAG(s) dict_keys(['example_sla_dag']) retrieved from /home/airflow/.local/lib/python3.7/site-packages/airflow/example_dags/example_sla_dag.py
[2023-06-13T15:00:33.357+0000] {logging_mixin.py:137} INFO - [2023-06-13T15:00:33.357+0000] {dag.py:2690} INFO - Sync 1 DAGs
[2023-06-13T15:00:33.376+0000] {logging_mixin.py:137} INFO - [2023-06-13T15:00:33.376+0000] {dag.py:3441} INFO - Setting next_dagrun for example_sla_dag to 2023-06-13T14:58:00+00:00, run_after=2023-06-13T15:00:00+00:00
[2023-06-13T15:00:33.389+0000] {processor.py:175} INFO - Processing /home/airflow/.local/lib/python3.7/site-packages/airflow/example_dags/example_sla_dag.py took 0.080 seconds
[2023-06-13T16:38:48.535+0000] {processor.py:153} INFO - Started process (PID=63522) to work on /home/airflow/.local/lib/python3.7/site-packages/airflow/example_dags/example_sla_dag.py
[2023-06-13T16:38:48.536+0000] {processor.py:743} INFO - Processing file /home/airflow/.local/lib/python3.7/site-packages/airflow/example_dags/example_sla_dag.py for tasks to queue
[2023-06-13T16:38:48.537+0000] {logging_mixin.py:137} INFO - [2023-06-13T16:38:48.537+0000] {dagbag.py:538} INFO - Filling up the DagBag from /home/airflow/.local/lib/python3.7/site-packages/airflow/example_dags/example_sla_dag.py
[2023-06-13T16:38:48.556+0000] {processor.py:753} INFO - DAG(s) dict_keys(['example_sla_dag']) retrieved from /home/airflow/.local/lib/python3.7/site-packages/airflow/example_dags/example_sla_dag.py
[2023-06-13T16:38:48.576+0000] {logging_mixin.py:137} INFO - [2023-06-13T16:38:48.576+0000] {dag.py:2690} INFO - Sync 1 DAGs
[2023-06-13T16:38:48.594+0000] {logging_mixin.py:137} INFO - [2023-06-13T16:38:48.594+0000] {dag.py:3441} INFO - Setting next_dagrun for example_sla_dag to 2023-06-13T16:36:00+00:00, run_after=2023-06-13T16:38:00+00:00
[2023-06-13T16:38:48.606+0000] {processor.py:175} INFO - Processing /home/airflow/.local/lib/python3.7/site-packages/airflow/example_dags/example_sla_dag.py took 0.075 seconds
[2023-06-13T17:44:52.657+0000] {processor.py:153} INFO - Started process (PID=63593) to work on /home/airflow/.local/lib/python3.7/site-packages/airflow/example_dags/example_sla_dag.py
[2023-06-13T17:44:52.659+0000] {processor.py:743} INFO - Processing file /home/airflow/.local/lib/python3.7/site-packages/airflow/example_dags/example_sla_dag.py for tasks to queue
[2023-06-13T17:44:52.660+0000] {logging_mixin.py:137} INFO - [2023-06-13T17:44:52.660+0000] {dagbag.py:538} INFO - Filling up the DagBag from /home/airflow/.local/lib/python3.7/site-packages/airflow/example_dags/example_sla_dag.py
[2023-06-13T17:44:52.685+0000] {processor.py:753} INFO - DAG(s) dict_keys(['example_sla_dag']) retrieved from /home/airflow/.local/lib/python3.7/site-packages/airflow/example_dags/example_sla_dag.py
[2023-06-13T17:44:52.707+0000] {logging_mixin.py:137} INFO - [2023-06-13T17:44:52.707+0000] {dag.py:2690} INFO - Sync 1 DAGs
[2023-06-13T17:44:52.729+0000] {logging_mixin.py:137} INFO - [2023-06-13T17:44:52.729+0000] {dag.py:3441} INFO - Setting next_dagrun for example_sla_dag to 2023-06-13T17:42:00+00:00, run_after=2023-06-13T17:44:00+00:00
[2023-06-13T17:44:52.745+0000] {processor.py:175} INFO - Processing /home/airflow/.local/lib/python3.7/site-packages/airflow/example_dags/example_sla_dag.py took 0.092 seconds
[2023-06-13T19:08:46.438+0000] {processor.py:153} INFO - Started process (PID=63677) to work on /home/airflow/.local/lib/python3.7/site-packages/airflow/example_dags/example_sla_dag.py
[2023-06-13T19:08:46.439+0000] {processor.py:743} INFO - Processing file /home/airflow/.local/lib/python3.7/site-packages/airflow/example_dags/example_sla_dag.py for tasks to queue
[2023-06-13T19:08:46.440+0000] {logging_mixin.py:137} INFO - [2023-06-13T19:08:46.440+0000] {dagbag.py:538} INFO - Filling up the DagBag from /home/airflow/.local/lib/python3.7/site-packages/airflow/example_dags/example_sla_dag.py
[2023-06-13T19:08:46.458+0000] {processor.py:753} INFO - DAG(s) dict_keys(['example_sla_dag']) retrieved from /home/airflow/.local/lib/python3.7/site-packages/airflow/example_dags/example_sla_dag.py
[2023-06-13T19:08:46.483+0000] {logging_mixin.py:137} INFO - [2023-06-13T19:08:46.483+0000] {dag.py:2690} INFO - Sync 1 DAGs
[2023-06-13T19:08:46.502+0000] {logging_mixin.py:137} INFO - [2023-06-13T19:08:46.502+0000] {dag.py:3441} INFO - Setting next_dagrun for example_sla_dag to 2023-06-13T19:06:00+00:00, run_after=2023-06-13T19:08:00+00:00
[2023-06-13T19:08:46.515+0000] {processor.py:175} INFO - Processing /home/airflow/.local/lib/python3.7/site-packages/airflow/example_dags/example_sla_dag.py took 0.080 seconds
[2023-06-13T20:32:01.120+0000] {processor.py:153} INFO - Started process (PID=63758) to work on /home/airflow/.local/lib/python3.7/site-packages/airflow/example_dags/example_sla_dag.py
[2023-06-13T20:32:01.122+0000] {processor.py:743} INFO - Processing file /home/airflow/.local/lib/python3.7/site-packages/airflow/example_dags/example_sla_dag.py for tasks to queue
[2023-06-13T20:32:01.124+0000] {logging_mixin.py:137} INFO - [2023-06-13T20:32:01.124+0000] {dagbag.py:538} INFO - Filling up the DagBag from /home/airflow/.local/lib/python3.7/site-packages/airflow/example_dags/example_sla_dag.py
[2023-06-13T20:32:01.153+0000] {processor.py:753} INFO - DAG(s) dict_keys(['example_sla_dag']) retrieved from /home/airflow/.local/lib/python3.7/site-packages/airflow/example_dags/example_sla_dag.py
[2023-06-13T20:32:01.189+0000] {logging_mixin.py:137} INFO - [2023-06-13T20:32:01.188+0000] {dag.py:2690} INFO - Sync 1 DAGs
[2023-06-13T20:32:01.223+0000] {logging_mixin.py:137} INFO - [2023-06-13T20:32:01.223+0000] {dag.py:3441} INFO - Setting next_dagrun for example_sla_dag to 2023-06-13T20:30:00+00:00, run_after=2023-06-13T20:32:00+00:00
[2023-06-13T20:32:01.244+0000] {processor.py:175} INFO - Processing /home/airflow/.local/lib/python3.7/site-packages/airflow/example_dags/example_sla_dag.py took 0.129 seconds
[2023-06-13T21:53:09.554+0000] {processor.py:153} INFO - Started process (PID=63829) to work on /home/airflow/.local/lib/python3.7/site-packages/airflow/example_dags/example_sla_dag.py
[2023-06-13T21:53:09.555+0000] {processor.py:743} INFO - Processing file /home/airflow/.local/lib/python3.7/site-packages/airflow/example_dags/example_sla_dag.py for tasks to queue
[2023-06-13T21:53:09.557+0000] {logging_mixin.py:137} INFO - [2023-06-13T21:53:09.557+0000] {dagbag.py:538} INFO - Filling up the DagBag from /home/airflow/.local/lib/python3.7/site-packages/airflow/example_dags/example_sla_dag.py
[2023-06-13T21:53:09.582+0000] {processor.py:753} INFO - DAG(s) dict_keys(['example_sla_dag']) retrieved from /home/airflow/.local/lib/python3.7/site-packages/airflow/example_dags/example_sla_dag.py
[2023-06-13T21:53:09.607+0000] {logging_mixin.py:137} INFO - [2023-06-13T21:53:09.607+0000] {dag.py:2690} INFO - Sync 1 DAGs
[2023-06-13T21:53:09.631+0000] {logging_mixin.py:137} INFO - [2023-06-13T21:53:09.631+0000] {dag.py:3441} INFO - Setting next_dagrun for example_sla_dag to 2023-06-13T21:50:00+00:00, run_after=2023-06-13T21:52:00+00:00
[2023-06-13T21:53:09.646+0000] {processor.py:175} INFO - Processing /home/airflow/.local/lib/python3.7/site-packages/airflow/example_dags/example_sla_dag.py took 0.096 seconds
[2023-06-13T23:13:51.904+0000] {processor.py:153} INFO - Started process (PID=63912) to work on /home/airflow/.local/lib/python3.7/site-packages/airflow/example_dags/example_sla_dag.py
[2023-06-13T23:13:51.906+0000] {processor.py:743} INFO - Processing file /home/airflow/.local/lib/python3.7/site-packages/airflow/example_dags/example_sla_dag.py for tasks to queue
[2023-06-13T23:13:51.907+0000] {logging_mixin.py:137} INFO - [2023-06-13T23:13:51.907+0000] {dagbag.py:538} INFO - Filling up the DagBag from /home/airflow/.local/lib/python3.7/site-packages/airflow/example_dags/example_sla_dag.py
[2023-06-13T23:13:51.925+0000] {processor.py:753} INFO - DAG(s) dict_keys(['example_sla_dag']) retrieved from /home/airflow/.local/lib/python3.7/site-packages/airflow/example_dags/example_sla_dag.py
[2023-06-13T23:13:51.948+0000] {logging_mixin.py:137} INFO - [2023-06-13T23:13:51.948+0000] {dag.py:2690} INFO - Sync 1 DAGs
[2023-06-13T23:13:51.967+0000] {logging_mixin.py:137} INFO - [2023-06-13T23:13:51.967+0000] {dag.py:3441} INFO - Setting next_dagrun for example_sla_dag to 2023-06-13T23:10:00+00:00, run_after=2023-06-13T23:12:00+00:00
[2023-06-13T23:13:51.979+0000] {processor.py:175} INFO - Processing /home/airflow/.local/lib/python3.7/site-packages/airflow/example_dags/example_sla_dag.py took 0.078 seconds
