[2023-06-13T01:05:04.792+0000] {processor.py:153} INFO - Started process (PID=62656) to work on /home/airflow/.local/lib/python3.7/site-packages/airflow/example_dags/example_external_task_marker_dag.py
[2023-06-13T01:05:04.795+0000] {processor.py:743} INFO - Processing file /home/airflow/.local/lib/python3.7/site-packages/airflow/example_dags/example_external_task_marker_dag.py for tasks to queue
[2023-06-13T01:05:04.796+0000] {logging_mixin.py:137} INFO - [2023-06-13T01:05:04.796+0000] {dagbag.py:538} INFO - Filling up the DagBag from /home/airflow/.local/lib/python3.7/site-packages/airflow/example_dags/example_external_task_marker_dag.py
[2023-06-13T01:05:04.811+0000] {processor.py:753} INFO - DAG(s) dict_keys(['example_external_task_marker_child', 'example_external_task_marker_parent']) retrieved from /home/airflow/.local/lib/python3.7/site-packages/airflow/example_dags/example_external_task_marker_dag.py
[2023-06-13T01:05:04.844+0000] {logging_mixin.py:137} INFO - [2023-06-13T01:05:04.844+0000] {dag.py:2690} INFO - Sync 2 DAGs
[2023-06-13T01:05:04.866+0000] {logging_mixin.py:137} INFO - [2023-06-13T01:05:04.866+0000] {dag.py:3441} INFO - Setting next_dagrun for example_external_task_marker_child to None, run_after=None
[2023-06-13T01:05:04.873+0000] {logging_mixin.py:137} INFO - [2023-06-13T01:05:04.873+0000] {dag.py:3441} INFO - Setting next_dagrun for example_external_task_marker_parent to None, run_after=None
[2023-06-13T01:05:04.890+0000] {processor.py:175} INFO - Processing /home/airflow/.local/lib/python3.7/site-packages/airflow/example_dags/example_external_task_marker_dag.py took 0.101 seconds
[2023-06-13T02:21:20.259+0000] {processor.py:153} INFO - Started process (PID=62727) to work on /home/airflow/.local/lib/python3.7/site-packages/airflow/example_dags/example_external_task_marker_dag.py
[2023-06-13T02:21:20.261+0000] {processor.py:743} INFO - Processing file /home/airflow/.local/lib/python3.7/site-packages/airflow/example_dags/example_external_task_marker_dag.py for tasks to queue
[2023-06-13T02:21:20.262+0000] {logging_mixin.py:137} INFO - [2023-06-13T02:21:20.262+0000] {dagbag.py:538} INFO - Filling up the DagBag from /home/airflow/.local/lib/python3.7/site-packages/airflow/example_dags/example_external_task_marker_dag.py
[2023-06-13T02:21:20.274+0000] {processor.py:753} INFO - DAG(s) dict_keys(['example_external_task_marker_parent', 'example_external_task_marker_child']) retrieved from /home/airflow/.local/lib/python3.7/site-packages/airflow/example_dags/example_external_task_marker_dag.py
[2023-06-13T02:21:20.301+0000] {logging_mixin.py:137} INFO - [2023-06-13T02:21:20.301+0000] {dag.py:2690} INFO - Sync 2 DAGs
[2023-06-13T02:21:20.321+0000] {logging_mixin.py:137} INFO - [2023-06-13T02:21:20.321+0000] {dag.py:3441} INFO - Setting next_dagrun for example_external_task_marker_child to None, run_after=None
[2023-06-13T02:21:20.325+0000] {logging_mixin.py:137} INFO - [2023-06-13T02:21:20.325+0000] {dag.py:3441} INFO - Setting next_dagrun for example_external_task_marker_parent to None, run_after=None
[2023-06-13T02:21:20.337+0000] {processor.py:175} INFO - Processing /home/airflow/.local/lib/python3.7/site-packages/airflow/example_dags/example_external_task_marker_dag.py took 0.081 seconds
[2023-06-13T03:46:01.071+0000] {processor.py:153} INFO - Started process (PID=62810) to work on /home/airflow/.local/lib/python3.7/site-packages/airflow/example_dags/example_external_task_marker_dag.py
[2023-06-13T03:46:01.072+0000] {processor.py:743} INFO - Processing file /home/airflow/.local/lib/python3.7/site-packages/airflow/example_dags/example_external_task_marker_dag.py for tasks to queue
[2023-06-13T03:46:01.073+0000] {logging_mixin.py:137} INFO - [2023-06-13T03:46:01.073+0000] {dagbag.py:538} INFO - Filling up the DagBag from /home/airflow/.local/lib/python3.7/site-packages/airflow/example_dags/example_external_task_marker_dag.py
[2023-06-13T03:46:01.087+0000] {processor.py:753} INFO - DAG(s) dict_keys(['example_external_task_marker_child', 'example_external_task_marker_parent']) retrieved from /home/airflow/.local/lib/python3.7/site-packages/airflow/example_dags/example_external_task_marker_dag.py
[2023-06-13T03:46:01.111+0000] {logging_mixin.py:137} INFO - [2023-06-13T03:46:01.111+0000] {dag.py:2690} INFO - Sync 2 DAGs
[2023-06-13T03:46:01.129+0000] {logging_mixin.py:137} INFO - [2023-06-13T03:46:01.128+0000] {dag.py:3441} INFO - Setting next_dagrun for example_external_task_marker_child to None, run_after=None
[2023-06-13T03:46:01.132+0000] {logging_mixin.py:137} INFO - [2023-06-13T03:46:01.131+0000] {dag.py:3441} INFO - Setting next_dagrun for example_external_task_marker_parent to None, run_after=None
[2023-06-13T03:46:01.142+0000] {processor.py:175} INFO - Processing /home/airflow/.local/lib/python3.7/site-packages/airflow/example_dags/example_external_task_marker_dag.py took 0.075 seconds
[2023-06-13T05:06:47.384+0000] {processor.py:153} INFO - Started process (PID=62881) to work on /home/airflow/.local/lib/python3.7/site-packages/airflow/example_dags/example_external_task_marker_dag.py
[2023-06-13T05:06:47.386+0000] {processor.py:743} INFO - Processing file /home/airflow/.local/lib/python3.7/site-packages/airflow/example_dags/example_external_task_marker_dag.py for tasks to queue
[2023-06-13T05:06:47.387+0000] {logging_mixin.py:137} INFO - [2023-06-13T05:06:47.387+0000] {dagbag.py:538} INFO - Filling up the DagBag from /home/airflow/.local/lib/python3.7/site-packages/airflow/example_dags/example_external_task_marker_dag.py
[2023-06-13T05:06:47.400+0000] {processor.py:753} INFO - DAG(s) dict_keys(['example_external_task_marker_parent', 'example_external_task_marker_child']) retrieved from /home/airflow/.local/lib/python3.7/site-packages/airflow/example_dags/example_external_task_marker_dag.py
[2023-06-13T05:06:47.424+0000] {logging_mixin.py:137} INFO - [2023-06-13T05:06:47.424+0000] {dag.py:2690} INFO - Sync 2 DAGs
[2023-06-13T05:06:47.441+0000] {logging_mixin.py:137} INFO - [2023-06-13T05:06:47.441+0000] {dag.py:3441} INFO - Setting next_dagrun for example_external_task_marker_child to None, run_after=None
[2023-06-13T05:06:47.446+0000] {logging_mixin.py:137} INFO - [2023-06-13T05:06:47.446+0000] {dag.py:3441} INFO - Setting next_dagrun for example_external_task_marker_parent to None, run_after=None
[2023-06-13T05:06:47.458+0000] {processor.py:175} INFO - Processing /home/airflow/.local/lib/python3.7/site-packages/airflow/example_dags/example_external_task_marker_dag.py took 0.079 seconds
[2023-06-13T06:29:12.327+0000] {processor.py:153} INFO - Started process (PID=62964) to work on /home/airflow/.local/lib/python3.7/site-packages/airflow/example_dags/example_external_task_marker_dag.py
[2023-06-13T06:29:12.328+0000] {processor.py:743} INFO - Processing file /home/airflow/.local/lib/python3.7/site-packages/airflow/example_dags/example_external_task_marker_dag.py for tasks to queue
[2023-06-13T06:29:12.329+0000] {logging_mixin.py:137} INFO - [2023-06-13T06:29:12.329+0000] {dagbag.py:538} INFO - Filling up the DagBag from /home/airflow/.local/lib/python3.7/site-packages/airflow/example_dags/example_external_task_marker_dag.py
[2023-06-13T06:29:12.341+0000] {processor.py:753} INFO - DAG(s) dict_keys(['example_external_task_marker_child', 'example_external_task_marker_parent']) retrieved from /home/airflow/.local/lib/python3.7/site-packages/airflow/example_dags/example_external_task_marker_dag.py
[2023-06-13T06:29:12.364+0000] {logging_mixin.py:137} INFO - [2023-06-13T06:29:12.364+0000] {dag.py:2690} INFO - Sync 2 DAGs
[2023-06-13T06:29:12.380+0000] {logging_mixin.py:137} INFO - [2023-06-13T06:29:12.380+0000] {dag.py:3441} INFO - Setting next_dagrun for example_external_task_marker_child to None, run_after=None
[2023-06-13T06:29:12.383+0000] {logging_mixin.py:137} INFO - [2023-06-13T06:29:12.383+0000] {dag.py:3441} INFO - Setting next_dagrun for example_external_task_marker_parent to None, run_after=None
[2023-06-13T06:29:12.398+0000] {processor.py:175} INFO - Processing /home/airflow/.local/lib/python3.7/site-packages/airflow/example_dags/example_external_task_marker_dag.py took 0.075 seconds
[2023-06-13T07:51:00.367+0000] {processor.py:153} INFO - Started process (PID=63043) to work on /home/airflow/.local/lib/python3.7/site-packages/airflow/example_dags/example_external_task_marker_dag.py
[2023-06-13T07:51:00.369+0000] {processor.py:743} INFO - Processing file /home/airflow/.local/lib/python3.7/site-packages/airflow/example_dags/example_external_task_marker_dag.py for tasks to queue
[2023-06-13T07:51:00.371+0000] {logging_mixin.py:137} INFO - [2023-06-13T07:51:00.371+0000] {dagbag.py:538} INFO - Filling up the DagBag from /home/airflow/.local/lib/python3.7/site-packages/airflow/example_dags/example_external_task_marker_dag.py
[2023-06-13T07:51:00.387+0000] {processor.py:753} INFO - DAG(s) dict_keys(['example_external_task_marker_child', 'example_external_task_marker_parent']) retrieved from /home/airflow/.local/lib/python3.7/site-packages/airflow/example_dags/example_external_task_marker_dag.py
[2023-06-13T07:51:00.416+0000] {logging_mixin.py:137} INFO - [2023-06-13T07:51:00.415+0000] {dag.py:2690} INFO - Sync 2 DAGs
[2023-06-13T07:51:00.436+0000] {logging_mixin.py:137} INFO - [2023-06-13T07:51:00.436+0000] {dag.py:3441} INFO - Setting next_dagrun for example_external_task_marker_child to None, run_after=None
[2023-06-13T07:51:00.440+0000] {logging_mixin.py:137} INFO - [2023-06-13T07:51:00.440+0000] {dag.py:3441} INFO - Setting next_dagrun for example_external_task_marker_parent to None, run_after=None
[2023-06-13T07:51:00.456+0000] {processor.py:175} INFO - Processing /home/airflow/.local/lib/python3.7/site-packages/airflow/example_dags/example_external_task_marker_dag.py took 0.093 seconds
[2023-06-13T09:14:16.584+0000] {processor.py:153} INFO - Started process (PID=63117) to work on /home/airflow/.local/lib/python3.7/site-packages/airflow/example_dags/example_external_task_marker_dag.py
[2023-06-13T09:14:16.586+0000] {processor.py:743} INFO - Processing file /home/airflow/.local/lib/python3.7/site-packages/airflow/example_dags/example_external_task_marker_dag.py for tasks to queue
[2023-06-13T09:14:16.587+0000] {logging_mixin.py:137} INFO - [2023-06-13T09:14:16.587+0000] {dagbag.py:538} INFO - Filling up the DagBag from /home/airflow/.local/lib/python3.7/site-packages/airflow/example_dags/example_external_task_marker_dag.py
[2023-06-13T09:14:16.600+0000] {processor.py:753} INFO - DAG(s) dict_keys(['example_external_task_marker_child', 'example_external_task_marker_parent']) retrieved from /home/airflow/.local/lib/python3.7/site-packages/airflow/example_dags/example_external_task_marker_dag.py
[2023-06-13T09:14:16.624+0000] {logging_mixin.py:137} INFO - [2023-06-13T09:14:16.624+0000] {dag.py:2690} INFO - Sync 2 DAGs
[2023-06-13T09:14:16.646+0000] {logging_mixin.py:137} INFO - [2023-06-13T09:14:16.646+0000] {dag.py:3441} INFO - Setting next_dagrun for example_external_task_marker_child to None, run_after=None
[2023-06-13T09:14:16.650+0000] {logging_mixin.py:137} INFO - [2023-06-13T09:14:16.649+0000] {dag.py:3441} INFO - Setting next_dagrun for example_external_task_marker_parent to None, run_after=None
[2023-06-13T09:14:16.660+0000] {processor.py:175} INFO - Processing /home/airflow/.local/lib/python3.7/site-packages/airflow/example_dags/example_external_task_marker_dag.py took 0.079 seconds
[2023-06-13T10:35:57.084+0000] {processor.py:153} INFO - Started process (PID=63197) to work on /home/airflow/.local/lib/python3.7/site-packages/airflow/example_dags/example_external_task_marker_dag.py
[2023-06-13T10:35:57.085+0000] {processor.py:743} INFO - Processing file /home/airflow/.local/lib/python3.7/site-packages/airflow/example_dags/example_external_task_marker_dag.py for tasks to queue
[2023-06-13T10:35:57.087+0000] {logging_mixin.py:137} INFO - [2023-06-13T10:35:57.087+0000] {dagbag.py:538} INFO - Filling up the DagBag from /home/airflow/.local/lib/python3.7/site-packages/airflow/example_dags/example_external_task_marker_dag.py
[2023-06-13T10:35:57.103+0000] {processor.py:753} INFO - DAG(s) dict_keys(['example_external_task_marker_child', 'example_external_task_marker_parent']) retrieved from /home/airflow/.local/lib/python3.7/site-packages/airflow/example_dags/example_external_task_marker_dag.py
[2023-06-13T10:35:57.130+0000] {logging_mixin.py:137} INFO - [2023-06-13T10:35:57.130+0000] {dag.py:2690} INFO - Sync 2 DAGs
[2023-06-13T10:35:57.153+0000] {logging_mixin.py:137} INFO - [2023-06-13T10:35:57.152+0000] {dag.py:3441} INFO - Setting next_dagrun for example_external_task_marker_child to None, run_after=None
[2023-06-13T10:35:57.157+0000] {logging_mixin.py:137} INFO - [2023-06-13T10:35:57.157+0000] {dag.py:3441} INFO - Setting next_dagrun for example_external_task_marker_parent to None, run_after=None
[2023-06-13T10:35:57.171+0000] {processor.py:175} INFO - Processing /home/airflow/.local/lib/python3.7/site-packages/airflow/example_dags/example_external_task_marker_dag.py took 0.091 seconds
[2023-06-13T11:58:03.229+0000] {processor.py:153} INFO - Started process (PID=63271) to work on /home/airflow/.local/lib/python3.7/site-packages/airflow/example_dags/example_external_task_marker_dag.py
[2023-06-13T11:58:03.230+0000] {processor.py:743} INFO - Processing file /home/airflow/.local/lib/python3.7/site-packages/airflow/example_dags/example_external_task_marker_dag.py for tasks to queue
[2023-06-13T11:58:03.232+0000] {logging_mixin.py:137} INFO - [2023-06-13T11:58:03.232+0000] {dagbag.py:538} INFO - Filling up the DagBag from /home/airflow/.local/lib/python3.7/site-packages/airflow/example_dags/example_external_task_marker_dag.py
[2023-06-13T11:58:03.244+0000] {processor.py:753} INFO - DAG(s) dict_keys(['example_external_task_marker_parent', 'example_external_task_marker_child']) retrieved from /home/airflow/.local/lib/python3.7/site-packages/airflow/example_dags/example_external_task_marker_dag.py
[2023-06-13T11:58:03.267+0000] {logging_mixin.py:137} INFO - [2023-06-13T11:58:03.267+0000] {dag.py:2690} INFO - Sync 2 DAGs
[2023-06-13T11:58:03.287+0000] {logging_mixin.py:137} INFO - [2023-06-13T11:58:03.287+0000] {dag.py:3441} INFO - Setting next_dagrun for example_external_task_marker_child to None, run_after=None
[2023-06-13T11:58:03.290+0000] {logging_mixin.py:137} INFO - [2023-06-13T11:58:03.290+0000] {dag.py:3441} INFO - Setting next_dagrun for example_external_task_marker_parent to None, run_after=None
[2023-06-13T11:58:03.305+0000] {processor.py:175} INFO - Processing /home/airflow/.local/lib/python3.7/site-packages/airflow/example_dags/example_external_task_marker_dag.py took 0.080 seconds
[2023-06-13T13:22:16.487+0000] {processor.py:153} INFO - Started process (PID=63351) to work on /home/airflow/.local/lib/python3.7/site-packages/airflow/example_dags/example_external_task_marker_dag.py
[2023-06-13T13:22:16.493+0000] {processor.py:743} INFO - Processing file /home/airflow/.local/lib/python3.7/site-packages/airflow/example_dags/example_external_task_marker_dag.py for tasks to queue
[2023-06-13T13:22:16.497+0000] {logging_mixin.py:137} INFO - [2023-06-13T13:22:16.497+0000] {dagbag.py:538} INFO - Filling up the DagBag from /home/airflow/.local/lib/python3.7/site-packages/airflow/example_dags/example_external_task_marker_dag.py
[2023-06-13T13:22:16.525+0000] {processor.py:753} INFO - DAG(s) dict_keys(['example_external_task_marker_child', 'example_external_task_marker_parent']) retrieved from /home/airflow/.local/lib/python3.7/site-packages/airflow/example_dags/example_external_task_marker_dag.py
[2023-06-13T13:22:16.574+0000] {logging_mixin.py:137} INFO - [2023-06-13T13:22:16.574+0000] {dag.py:2690} INFO - Sync 2 DAGs
[2023-06-13T13:22:16.611+0000] {logging_mixin.py:137} INFO - [2023-06-13T13:22:16.611+0000] {dag.py:3441} INFO - Setting next_dagrun for example_external_task_marker_child to None, run_after=None
[2023-06-13T13:22:16.617+0000] {logging_mixin.py:137} INFO - [2023-06-13T13:22:16.616+0000] {dag.py:3441} INFO - Setting next_dagrun for example_external_task_marker_parent to None, run_after=None
[2023-06-13T13:22:16.643+0000] {processor.py:175} INFO - Processing /home/airflow/.local/lib/python3.7/site-packages/airflow/example_dags/example_external_task_marker_dag.py took 0.159 seconds
[2023-06-13T15:00:32.556+0000] {processor.py:153} INFO - Started process (PID=63426) to work on /home/airflow/.local/lib/python3.7/site-packages/airflow/example_dags/example_external_task_marker_dag.py
[2023-06-13T15:00:32.559+0000] {processor.py:743} INFO - Processing file /home/airflow/.local/lib/python3.7/site-packages/airflow/example_dags/example_external_task_marker_dag.py for tasks to queue
[2023-06-13T15:00:32.560+0000] {logging_mixin.py:137} INFO - [2023-06-13T15:00:32.560+0000] {dagbag.py:538} INFO - Filling up the DagBag from /home/airflow/.local/lib/python3.7/site-packages/airflow/example_dags/example_external_task_marker_dag.py
[2023-06-13T15:00:32.573+0000] {processor.py:753} INFO - DAG(s) dict_keys(['example_external_task_marker_child', 'example_external_task_marker_parent']) retrieved from /home/airflow/.local/lib/python3.7/site-packages/airflow/example_dags/example_external_task_marker_dag.py
[2023-06-13T15:00:32.597+0000] {logging_mixin.py:137} INFO - [2023-06-13T15:00:32.597+0000] {dag.py:2690} INFO - Sync 2 DAGs
[2023-06-13T15:00:32.616+0000] {logging_mixin.py:137} INFO - [2023-06-13T15:00:32.616+0000] {dag.py:3441} INFO - Setting next_dagrun for example_external_task_marker_child to None, run_after=None
[2023-06-13T15:00:32.620+0000] {logging_mixin.py:137} INFO - [2023-06-13T15:00:32.620+0000] {dag.py:3441} INFO - Setting next_dagrun for example_external_task_marker_parent to None, run_after=None
[2023-06-13T15:00:32.636+0000] {processor.py:175} INFO - Processing /home/airflow/.local/lib/python3.7/site-packages/airflow/example_dags/example_external_task_marker_dag.py took 0.083 seconds
[2023-06-13T16:38:47.330+0000] {processor.py:153} INFO - Started process (PID=63510) to work on /home/airflow/.local/lib/python3.7/site-packages/airflow/example_dags/example_external_task_marker_dag.py
[2023-06-13T16:38:47.333+0000] {processor.py:743} INFO - Processing file /home/airflow/.local/lib/python3.7/site-packages/airflow/example_dags/example_external_task_marker_dag.py for tasks to queue
[2023-06-13T16:38:47.334+0000] {logging_mixin.py:137} INFO - [2023-06-13T16:38:47.334+0000] {dagbag.py:538} INFO - Filling up the DagBag from /home/airflow/.local/lib/python3.7/site-packages/airflow/example_dags/example_external_task_marker_dag.py
[2023-06-13T16:38:47.348+0000] {processor.py:753} INFO - DAG(s) dict_keys(['example_external_task_marker_parent', 'example_external_task_marker_child']) retrieved from /home/airflow/.local/lib/python3.7/site-packages/airflow/example_dags/example_external_task_marker_dag.py
[2023-06-13T16:38:47.376+0000] {logging_mixin.py:137} INFO - [2023-06-13T16:38:47.376+0000] {dag.py:2690} INFO - Sync 2 DAGs
[2023-06-13T16:38:47.398+0000] {logging_mixin.py:137} INFO - [2023-06-13T16:38:47.398+0000] {dag.py:3441} INFO - Setting next_dagrun for example_external_task_marker_child to None, run_after=None
[2023-06-13T16:38:47.403+0000] {logging_mixin.py:137} INFO - [2023-06-13T16:38:47.403+0000] {dag.py:3441} INFO - Setting next_dagrun for example_external_task_marker_parent to None, run_after=None
[2023-06-13T16:38:47.419+0000] {processor.py:175} INFO - Processing /home/airflow/.local/lib/python3.7/site-packages/airflow/example_dags/example_external_task_marker_dag.py took 0.094 seconds
[2023-06-13T17:44:51.844+0000] {processor.py:153} INFO - Started process (PID=63581) to work on /home/airflow/.local/lib/python3.7/site-packages/airflow/example_dags/example_external_task_marker_dag.py
[2023-06-13T17:44:51.846+0000] {processor.py:743} INFO - Processing file /home/airflow/.local/lib/python3.7/site-packages/airflow/example_dags/example_external_task_marker_dag.py for tasks to queue
[2023-06-13T17:44:51.849+0000] {logging_mixin.py:137} INFO - [2023-06-13T17:44:51.849+0000] {dagbag.py:538} INFO - Filling up the DagBag from /home/airflow/.local/lib/python3.7/site-packages/airflow/example_dags/example_external_task_marker_dag.py
[2023-06-13T17:44:51.863+0000] {processor.py:753} INFO - DAG(s) dict_keys(['example_external_task_marker_parent', 'example_external_task_marker_child']) retrieved from /home/airflow/.local/lib/python3.7/site-packages/airflow/example_dags/example_external_task_marker_dag.py
[2023-06-13T17:44:51.898+0000] {logging_mixin.py:137} INFO - [2023-06-13T17:44:51.898+0000] {dag.py:2690} INFO - Sync 2 DAGs
[2023-06-13T17:44:51.921+0000] {logging_mixin.py:137} INFO - [2023-06-13T17:44:51.921+0000] {dag.py:3441} INFO - Setting next_dagrun for example_external_task_marker_child to None, run_after=None
[2023-06-13T17:44:51.926+0000] {logging_mixin.py:137} INFO - [2023-06-13T17:44:51.926+0000] {dag.py:3441} INFO - Setting next_dagrun for example_external_task_marker_parent to None, run_after=None
[2023-06-13T17:44:51.938+0000] {processor.py:175} INFO - Processing /home/airflow/.local/lib/python3.7/site-packages/airflow/example_dags/example_external_task_marker_dag.py took 0.097 seconds
[2023-06-13T19:08:45.254+0000] {processor.py:153} INFO - Started process (PID=63665) to work on /home/airflow/.local/lib/python3.7/site-packages/airflow/example_dags/example_external_task_marker_dag.py
[2023-06-13T19:08:45.256+0000] {processor.py:743} INFO - Processing file /home/airflow/.local/lib/python3.7/site-packages/airflow/example_dags/example_external_task_marker_dag.py for tasks to queue
[2023-06-13T19:08:45.257+0000] {logging_mixin.py:137} INFO - [2023-06-13T19:08:45.257+0000] {dagbag.py:538} INFO - Filling up the DagBag from /home/airflow/.local/lib/python3.7/site-packages/airflow/example_dags/example_external_task_marker_dag.py
[2023-06-13T19:08:45.268+0000] {processor.py:753} INFO - DAG(s) dict_keys(['example_external_task_marker_child', 'example_external_task_marker_parent']) retrieved from /home/airflow/.local/lib/python3.7/site-packages/airflow/example_dags/example_external_task_marker_dag.py
[2023-06-13T19:08:45.292+0000] {logging_mixin.py:137} INFO - [2023-06-13T19:08:45.292+0000] {dag.py:2690} INFO - Sync 2 DAGs
[2023-06-13T19:08:45.321+0000] {logging_mixin.py:137} INFO - [2023-06-13T19:08:45.321+0000] {dag.py:3441} INFO - Setting next_dagrun for example_external_task_marker_child to None, run_after=None
[2023-06-13T19:08:45.325+0000] {logging_mixin.py:137} INFO - [2023-06-13T19:08:45.325+0000] {dag.py:3441} INFO - Setting next_dagrun for example_external_task_marker_parent to None, run_after=None
[2023-06-13T19:08:45.336+0000] {processor.py:175} INFO - Processing /home/airflow/.local/lib/python3.7/site-packages/airflow/example_dags/example_external_task_marker_dag.py took 0.084 seconds
[2023-06-13T20:32:00.102+0000] {processor.py:153} INFO - Started process (PID=63741) to work on /home/airflow/.local/lib/python3.7/site-packages/airflow/example_dags/example_external_task_marker_dag.py
[2023-06-13T20:32:00.104+0000] {processor.py:743} INFO - Processing file /home/airflow/.local/lib/python3.7/site-packages/airflow/example_dags/example_external_task_marker_dag.py for tasks to queue
[2023-06-13T20:32:00.105+0000] {logging_mixin.py:137} INFO - [2023-06-13T20:32:00.105+0000] {dagbag.py:538} INFO - Filling up the DagBag from /home/airflow/.local/lib/python3.7/site-packages/airflow/example_dags/example_external_task_marker_dag.py
[2023-06-13T20:32:00.122+0000] {processor.py:753} INFO - DAG(s) dict_keys(['example_external_task_marker_child', 'example_external_task_marker_parent']) retrieved from /home/airflow/.local/lib/python3.7/site-packages/airflow/example_dags/example_external_task_marker_dag.py
[2023-06-13T20:32:00.149+0000] {logging_mixin.py:137} INFO - [2023-06-13T20:32:00.149+0000] {dag.py:2690} INFO - Sync 2 DAGs
[2023-06-13T20:32:00.195+0000] {logging_mixin.py:137} INFO - [2023-06-13T20:32:00.195+0000] {dag.py:3441} INFO - Setting next_dagrun for example_external_task_marker_child to None, run_after=None
[2023-06-13T20:32:00.204+0000] {logging_mixin.py:137} INFO - [2023-06-13T20:32:00.204+0000] {dag.py:3441} INFO - Setting next_dagrun for example_external_task_marker_parent to None, run_after=None
[2023-06-13T20:32:00.234+0000] {processor.py:175} INFO - Processing /home/airflow/.local/lib/python3.7/site-packages/airflow/example_dags/example_external_task_marker_dag.py took 0.146 seconds
[2023-06-13T21:53:08.818+0000] {processor.py:153} INFO - Started process (PID=63817) to work on /home/airflow/.local/lib/python3.7/site-packages/airflow/example_dags/example_external_task_marker_dag.py
[2023-06-13T21:53:08.821+0000] {processor.py:743} INFO - Processing file /home/airflow/.local/lib/python3.7/site-packages/airflow/example_dags/example_external_task_marker_dag.py for tasks to queue
[2023-06-13T21:53:08.822+0000] {logging_mixin.py:137} INFO - [2023-06-13T21:53:08.822+0000] {dagbag.py:538} INFO - Filling up the DagBag from /home/airflow/.local/lib/python3.7/site-packages/airflow/example_dags/example_external_task_marker_dag.py
[2023-06-13T21:53:08.836+0000] {processor.py:753} INFO - DAG(s) dict_keys(['example_external_task_marker_parent', 'example_external_task_marker_child']) retrieved from /home/airflow/.local/lib/python3.7/site-packages/airflow/example_dags/example_external_task_marker_dag.py
[2023-06-13T21:53:08.867+0000] {logging_mixin.py:137} INFO - [2023-06-13T21:53:08.867+0000] {dag.py:2690} INFO - Sync 2 DAGs
[2023-06-13T21:53:08.890+0000] {logging_mixin.py:137} INFO - [2023-06-13T21:53:08.890+0000] {dag.py:3441} INFO - Setting next_dagrun for example_external_task_marker_child to None, run_after=None
[2023-06-13T21:53:08.895+0000] {logging_mixin.py:137} INFO - [2023-06-13T21:53:08.895+0000] {dag.py:3441} INFO - Setting next_dagrun for example_external_task_marker_parent to None, run_after=None
[2023-06-13T21:53:08.911+0000] {processor.py:175} INFO - Processing /home/airflow/.local/lib/python3.7/site-packages/airflow/example_dags/example_external_task_marker_dag.py took 0.097 seconds
[2023-06-13T23:13:50.956+0000] {processor.py:153} INFO - Started process (PID=63900) to work on /home/airflow/.local/lib/python3.7/site-packages/airflow/example_dags/example_external_task_marker_dag.py
[2023-06-13T23:13:50.958+0000] {processor.py:743} INFO - Processing file /home/airflow/.local/lib/python3.7/site-packages/airflow/example_dags/example_external_task_marker_dag.py for tasks to queue
[2023-06-13T23:13:50.959+0000] {logging_mixin.py:137} INFO - [2023-06-13T23:13:50.959+0000] {dagbag.py:538} INFO - Filling up the DagBag from /home/airflow/.local/lib/python3.7/site-packages/airflow/example_dags/example_external_task_marker_dag.py
[2023-06-13T23:13:50.973+0000] {processor.py:753} INFO - DAG(s) dict_keys(['example_external_task_marker_parent', 'example_external_task_marker_child']) retrieved from /home/airflow/.local/lib/python3.7/site-packages/airflow/example_dags/example_external_task_marker_dag.py
[2023-06-13T23:13:50.998+0000] {logging_mixin.py:137} INFO - [2023-06-13T23:13:50.998+0000] {dag.py:2690} INFO - Sync 2 DAGs
[2023-06-13T23:13:51.020+0000] {logging_mixin.py:137} INFO - [2023-06-13T23:13:51.020+0000] {dag.py:3441} INFO - Setting next_dagrun for example_external_task_marker_child to None, run_after=None
[2023-06-13T23:13:51.024+0000] {logging_mixin.py:137} INFO - [2023-06-13T23:13:51.023+0000] {dag.py:3441} INFO - Setting next_dagrun for example_external_task_marker_parent to None, run_after=None
[2023-06-13T23:13:51.042+0000] {processor.py:175} INFO - Processing /home/airflow/.local/lib/python3.7/site-packages/airflow/example_dags/example_external_task_marker_dag.py took 0.090 seconds
