[2023-06-13T01:05:04.912+0000] {processor.py:153} INFO - Started process (PID=62657) to work on /home/airflow/.local/lib/python3.7/site-packages/airflow/example_dags/example_bash_operator.py
[2023-06-13T01:05:04.915+0000] {processor.py:743} INFO - Processing file /home/airflow/.local/lib/python3.7/site-packages/airflow/example_dags/example_bash_operator.py for tasks to queue
[2023-06-13T01:05:04.917+0000] {logging_mixin.py:137} INFO - [2023-06-13T01:05:04.917+0000] {dagbag.py:538} INFO - Filling up the DagBag from /home/airflow/.local/lib/python3.7/site-packages/airflow/example_dags/example_bash_operator.py
[2023-06-13T01:05:04.955+0000] {processor.py:753} INFO - DAG(s) dict_keys(['example_bash_operator']) retrieved from /home/airflow/.local/lib/python3.7/site-packages/airflow/example_dags/example_bash_operator.py
[2023-06-13T01:05:04.987+0000] {logging_mixin.py:137} INFO - [2023-06-13T01:05:04.987+0000] {dag.py:2690} INFO - Sync 1 DAGs
[2023-06-13T01:05:05.009+0000] {logging_mixin.py:137} INFO - [2023-06-13T01:05:05.009+0000] {dag.py:3441} INFO - Setting next_dagrun for example_bash_operator to 2023-06-12T00:00:00+00:00, run_after=2023-06-13T00:00:00+00:00
[2023-06-13T01:05:05.024+0000] {processor.py:175} INFO - Processing /home/airflow/.local/lib/python3.7/site-packages/airflow/example_dags/example_bash_operator.py took 0.118 seconds
[2023-06-13T02:21:20.310+0000] {processor.py:153} INFO - Started process (PID=62728) to work on /home/airflow/.local/lib/python3.7/site-packages/airflow/example_dags/example_bash_operator.py
[2023-06-13T02:21:20.312+0000] {processor.py:743} INFO - Processing file /home/airflow/.local/lib/python3.7/site-packages/airflow/example_dags/example_bash_operator.py for tasks to queue
[2023-06-13T02:21:20.314+0000] {logging_mixin.py:137} INFO - [2023-06-13T02:21:20.314+0000] {dagbag.py:538} INFO - Filling up the DagBag from /home/airflow/.local/lib/python3.7/site-packages/airflow/example_dags/example_bash_operator.py
[2023-06-13T02:21:20.336+0000] {processor.py:753} INFO - DAG(s) dict_keys(['example_bash_operator']) retrieved from /home/airflow/.local/lib/python3.7/site-packages/airflow/example_dags/example_bash_operator.py
[2023-06-13T02:21:20.368+0000] {logging_mixin.py:137} INFO - [2023-06-13T02:21:20.368+0000] {dag.py:2690} INFO - Sync 1 DAGs
[2023-06-13T02:21:20.387+0000] {logging_mixin.py:137} INFO - [2023-06-13T02:21:20.387+0000] {dag.py:3441} INFO - Setting next_dagrun for example_bash_operator to 2023-06-12T00:00:00+00:00, run_after=2023-06-13T00:00:00+00:00
[2023-06-13T02:21:20.401+0000] {processor.py:175} INFO - Processing /home/airflow/.local/lib/python3.7/site-packages/airflow/example_dags/example_bash_operator.py took 0.094 seconds
[2023-06-13T03:46:01.098+0000] {processor.py:153} INFO - Started process (PID=62811) to work on /home/airflow/.local/lib/python3.7/site-packages/airflow/example_dags/example_bash_operator.py
[2023-06-13T03:46:01.099+0000] {processor.py:743} INFO - Processing file /home/airflow/.local/lib/python3.7/site-packages/airflow/example_dags/example_bash_operator.py for tasks to queue
[2023-06-13T03:46:01.101+0000] {logging_mixin.py:137} INFO - [2023-06-13T03:46:01.101+0000] {dagbag.py:538} INFO - Filling up the DagBag from /home/airflow/.local/lib/python3.7/site-packages/airflow/example_dags/example_bash_operator.py
[2023-06-13T03:46:01.119+0000] {processor.py:753} INFO - DAG(s) dict_keys(['example_bash_operator']) retrieved from /home/airflow/.local/lib/python3.7/site-packages/airflow/example_dags/example_bash_operator.py
[2023-06-13T03:46:01.145+0000] {logging_mixin.py:137} INFO - [2023-06-13T03:46:01.145+0000] {dag.py:2690} INFO - Sync 1 DAGs
[2023-06-13T03:46:01.164+0000] {logging_mixin.py:137} INFO - [2023-06-13T03:46:01.164+0000] {dag.py:3441} INFO - Setting next_dagrun for example_bash_operator to 2023-06-12T00:00:00+00:00, run_after=2023-06-13T00:00:00+00:00
[2023-06-13T03:46:01.177+0000] {processor.py:175} INFO - Processing /home/airflow/.local/lib/python3.7/site-packages/airflow/example_dags/example_bash_operator.py took 0.083 seconds
[2023-06-13T05:06:47.461+0000] {processor.py:153} INFO - Started process (PID=62882) to work on /home/airflow/.local/lib/python3.7/site-packages/airflow/example_dags/example_bash_operator.py
[2023-06-13T05:06:47.464+0000] {processor.py:743} INFO - Processing file /home/airflow/.local/lib/python3.7/site-packages/airflow/example_dags/example_bash_operator.py for tasks to queue
[2023-06-13T05:06:47.465+0000] {logging_mixin.py:137} INFO - [2023-06-13T05:06:47.465+0000] {dagbag.py:538} INFO - Filling up the DagBag from /home/airflow/.local/lib/python3.7/site-packages/airflow/example_dags/example_bash_operator.py
[2023-06-13T05:06:47.484+0000] {processor.py:753} INFO - DAG(s) dict_keys(['example_bash_operator']) retrieved from /home/airflow/.local/lib/python3.7/site-packages/airflow/example_dags/example_bash_operator.py
[2023-06-13T05:06:47.512+0000] {logging_mixin.py:137} INFO - [2023-06-13T05:06:47.512+0000] {dag.py:2690} INFO - Sync 1 DAGs
[2023-06-13T05:06:47.532+0000] {logging_mixin.py:137} INFO - [2023-06-13T05:06:47.532+0000] {dag.py:3441} INFO - Setting next_dagrun for example_bash_operator to 2023-06-12T00:00:00+00:00, run_after=2023-06-13T00:00:00+00:00
[2023-06-13T05:06:47.544+0000] {processor.py:175} INFO - Processing /home/airflow/.local/lib/python3.7/site-packages/airflow/example_dags/example_bash_operator.py took 0.087 seconds
[2023-06-13T06:29:12.426+0000] {processor.py:153} INFO - Started process (PID=62965) to work on /home/airflow/.local/lib/python3.7/site-packages/airflow/example_dags/example_bash_operator.py
[2023-06-13T06:29:12.427+0000] {processor.py:743} INFO - Processing file /home/airflow/.local/lib/python3.7/site-packages/airflow/example_dags/example_bash_operator.py for tasks to queue
[2023-06-13T06:29:12.428+0000] {logging_mixin.py:137} INFO - [2023-06-13T06:29:12.428+0000] {dagbag.py:538} INFO - Filling up the DagBag from /home/airflow/.local/lib/python3.7/site-packages/airflow/example_dags/example_bash_operator.py
[2023-06-13T06:29:12.446+0000] {processor.py:753} INFO - DAG(s) dict_keys(['example_bash_operator']) retrieved from /home/airflow/.local/lib/python3.7/site-packages/airflow/example_dags/example_bash_operator.py
[2023-06-13T06:29:12.476+0000] {logging_mixin.py:137} INFO - [2023-06-13T06:29:12.475+0000] {dag.py:2690} INFO - Sync 1 DAGs
[2023-06-13T06:29:12.494+0000] {logging_mixin.py:137} INFO - [2023-06-13T06:29:12.494+0000] {dag.py:3441} INFO - Setting next_dagrun for example_bash_operator to 2023-06-12T00:00:00+00:00, run_after=2023-06-13T00:00:00+00:00
[2023-06-13T06:29:12.507+0000] {processor.py:175} INFO - Processing /home/airflow/.local/lib/python3.7/site-packages/airflow/example_dags/example_bash_operator.py took 0.085 seconds
[2023-06-13T07:51:00.419+0000] {processor.py:153} INFO - Started process (PID=63044) to work on /home/airflow/.local/lib/python3.7/site-packages/airflow/example_dags/example_bash_operator.py
[2023-06-13T07:51:00.421+0000] {processor.py:743} INFO - Processing file /home/airflow/.local/lib/python3.7/site-packages/airflow/example_dags/example_bash_operator.py for tasks to queue
[2023-06-13T07:51:00.422+0000] {logging_mixin.py:137} INFO - [2023-06-13T07:51:00.422+0000] {dagbag.py:538} INFO - Filling up the DagBag from /home/airflow/.local/lib/python3.7/site-packages/airflow/example_dags/example_bash_operator.py
[2023-06-13T07:51:00.443+0000] {processor.py:753} INFO - DAG(s) dict_keys(['example_bash_operator']) retrieved from /home/airflow/.local/lib/python3.7/site-packages/airflow/example_dags/example_bash_operator.py
[2023-06-13T07:51:00.474+0000] {logging_mixin.py:137} INFO - [2023-06-13T07:51:00.473+0000] {dag.py:2690} INFO - Sync 1 DAGs
[2023-06-13T07:51:00.497+0000] {logging_mixin.py:137} INFO - [2023-06-13T07:51:00.496+0000] {dag.py:3441} INFO - Setting next_dagrun for example_bash_operator to 2023-06-12T00:00:00+00:00, run_after=2023-06-13T00:00:00+00:00
[2023-06-13T07:51:00.523+0000] {processor.py:175} INFO - Processing /home/airflow/.local/lib/python3.7/site-packages/airflow/example_dags/example_bash_operator.py took 0.108 seconds
[2023-06-13T09:14:16.640+0000] {processor.py:153} INFO - Started process (PID=63118) to work on /home/airflow/.local/lib/python3.7/site-packages/airflow/example_dags/example_bash_operator.py
[2023-06-13T09:14:16.647+0000] {processor.py:743} INFO - Processing file /home/airflow/.local/lib/python3.7/site-packages/airflow/example_dags/example_bash_operator.py for tasks to queue
[2023-06-13T09:14:16.648+0000] {logging_mixin.py:137} INFO - [2023-06-13T09:14:16.648+0000] {dagbag.py:538} INFO - Filling up the DagBag from /home/airflow/.local/lib/python3.7/site-packages/airflow/example_dags/example_bash_operator.py
[2023-06-13T09:14:16.666+0000] {processor.py:753} INFO - DAG(s) dict_keys(['example_bash_operator']) retrieved from /home/airflow/.local/lib/python3.7/site-packages/airflow/example_dags/example_bash_operator.py
[2023-06-13T09:14:16.695+0000] {logging_mixin.py:137} INFO - [2023-06-13T09:14:16.695+0000] {dag.py:2690} INFO - Sync 1 DAGs
[2023-06-13T09:14:16.715+0000] {logging_mixin.py:137} INFO - [2023-06-13T09:14:16.715+0000] {dag.py:3441} INFO - Setting next_dagrun for example_bash_operator to 2023-06-12T00:00:00+00:00, run_after=2023-06-13T00:00:00+00:00
[2023-06-13T09:14:16.729+0000] {processor.py:175} INFO - Processing /home/airflow/.local/lib/python3.7/site-packages/airflow/example_dags/example_bash_operator.py took 0.092 seconds
[2023-06-13T10:35:57.134+0000] {processor.py:153} INFO - Started process (PID=63198) to work on /home/airflow/.local/lib/python3.7/site-packages/airflow/example_dags/example_bash_operator.py
[2023-06-13T10:35:57.136+0000] {processor.py:743} INFO - Processing file /home/airflow/.local/lib/python3.7/site-packages/airflow/example_dags/example_bash_operator.py for tasks to queue
[2023-06-13T10:35:57.137+0000] {logging_mixin.py:137} INFO - [2023-06-13T10:35:57.137+0000] {dagbag.py:538} INFO - Filling up the DagBag from /home/airflow/.local/lib/python3.7/site-packages/airflow/example_dags/example_bash_operator.py
[2023-06-13T10:35:57.168+0000] {processor.py:753} INFO - DAG(s) dict_keys(['example_bash_operator']) retrieved from /home/airflow/.local/lib/python3.7/site-packages/airflow/example_dags/example_bash_operator.py
[2023-06-13T10:35:57.207+0000] {logging_mixin.py:137} INFO - [2023-06-13T10:35:57.207+0000] {dag.py:2690} INFO - Sync 1 DAGs
[2023-06-13T10:35:57.228+0000] {logging_mixin.py:137} INFO - [2023-06-13T10:35:57.228+0000] {dag.py:3441} INFO - Setting next_dagrun for example_bash_operator to 2023-06-12T00:00:00+00:00, run_after=2023-06-13T00:00:00+00:00
[2023-06-13T10:35:57.243+0000] {processor.py:175} INFO - Processing /home/airflow/.local/lib/python3.7/site-packages/airflow/example_dags/example_bash_operator.py took 0.113 seconds
[2023-06-13T11:58:03.312+0000] {processor.py:153} INFO - Started process (PID=63272) to work on /home/airflow/.local/lib/python3.7/site-packages/airflow/example_dags/example_bash_operator.py
[2023-06-13T11:58:03.315+0000] {processor.py:743} INFO - Processing file /home/airflow/.local/lib/python3.7/site-packages/airflow/example_dags/example_bash_operator.py for tasks to queue
[2023-06-13T11:58:03.317+0000] {logging_mixin.py:137} INFO - [2023-06-13T11:58:03.317+0000] {dagbag.py:538} INFO - Filling up the DagBag from /home/airflow/.local/lib/python3.7/site-packages/airflow/example_dags/example_bash_operator.py
[2023-06-13T11:58:03.342+0000] {processor.py:753} INFO - DAG(s) dict_keys(['example_bash_operator']) retrieved from /home/airflow/.local/lib/python3.7/site-packages/airflow/example_dags/example_bash_operator.py
[2023-06-13T11:58:03.372+0000] {logging_mixin.py:137} INFO - [2023-06-13T11:58:03.372+0000] {dag.py:2690} INFO - Sync 1 DAGs
[2023-06-13T11:58:03.389+0000] {logging_mixin.py:137} INFO - [2023-06-13T11:58:03.389+0000] {dag.py:3441} INFO - Setting next_dagrun for example_bash_operator to 2023-06-12T00:00:00+00:00, run_after=2023-06-13T00:00:00+00:00
[2023-06-13T11:58:03.406+0000] {processor.py:175} INFO - Processing /home/airflow/.local/lib/python3.7/site-packages/airflow/example_dags/example_bash_operator.py took 0.097 seconds
[2023-06-13T13:22:16.596+0000] {processor.py:153} INFO - Started process (PID=63355) to work on /home/airflow/.local/lib/python3.7/site-packages/airflow/example_dags/example_bash_operator.py
[2023-06-13T13:22:16.601+0000] {processor.py:743} INFO - Processing file /home/airflow/.local/lib/python3.7/site-packages/airflow/example_dags/example_bash_operator.py for tasks to queue
[2023-06-13T13:22:16.603+0000] {logging_mixin.py:137} INFO - [2023-06-13T13:22:16.602+0000] {dagbag.py:538} INFO - Filling up the DagBag from /home/airflow/.local/lib/python3.7/site-packages/airflow/example_dags/example_bash_operator.py
[2023-06-13T13:22:16.640+0000] {processor.py:753} INFO - DAG(s) dict_keys(['example_bash_operator']) retrieved from /home/airflow/.local/lib/python3.7/site-packages/airflow/example_dags/example_bash_operator.py
[2023-06-13T13:22:16.684+0000] {logging_mixin.py:137} INFO - [2023-06-13T13:22:16.684+0000] {dag.py:2690} INFO - Sync 1 DAGs
[2023-06-13T13:22:16.710+0000] {logging_mixin.py:137} INFO - [2023-06-13T13:22:16.710+0000] {dag.py:3441} INFO - Setting next_dagrun for example_bash_operator to 2023-06-12T00:00:00+00:00, run_after=2023-06-13T00:00:00+00:00
[2023-06-13T13:22:16.729+0000] {processor.py:175} INFO - Processing /home/airflow/.local/lib/python3.7/site-packages/airflow/example_dags/example_bash_operator.py took 0.137 seconds
[2023-06-13T15:00:32.651+0000] {processor.py:153} INFO - Started process (PID=63427) to work on /home/airflow/.local/lib/python3.7/site-packages/airflow/example_dags/example_bash_operator.py
[2023-06-13T15:00:32.652+0000] {processor.py:743} INFO - Processing file /home/airflow/.local/lib/python3.7/site-packages/airflow/example_dags/example_bash_operator.py for tasks to queue
[2023-06-13T15:00:32.653+0000] {logging_mixin.py:137} INFO - [2023-06-13T15:00:32.653+0000] {dagbag.py:538} INFO - Filling up the DagBag from /home/airflow/.local/lib/python3.7/site-packages/airflow/example_dags/example_bash_operator.py
[2023-06-13T15:00:32.672+0000] {processor.py:753} INFO - DAG(s) dict_keys(['example_bash_operator']) retrieved from /home/airflow/.local/lib/python3.7/site-packages/airflow/example_dags/example_bash_operator.py
[2023-06-13T15:00:32.700+0000] {logging_mixin.py:137} INFO - [2023-06-13T15:00:32.700+0000] {dag.py:2690} INFO - Sync 1 DAGs
[2023-06-13T15:00:32.717+0000] {logging_mixin.py:137} INFO - [2023-06-13T15:00:32.717+0000] {dag.py:3441} INFO - Setting next_dagrun for example_bash_operator to 2023-06-12T00:00:00+00:00, run_after=2023-06-13T00:00:00+00:00
[2023-06-13T15:00:32.730+0000] {processor.py:175} INFO - Processing /home/airflow/.local/lib/python3.7/site-packages/airflow/example_dags/example_bash_operator.py took 0.082 seconds
[2023-06-13T16:38:47.411+0000] {processor.py:153} INFO - Started process (PID=63511) to work on /home/airflow/.local/lib/python3.7/site-packages/airflow/example_dags/example_bash_operator.py
[2023-06-13T16:38:47.414+0000] {processor.py:743} INFO - Processing file /home/airflow/.local/lib/python3.7/site-packages/airflow/example_dags/example_bash_operator.py for tasks to queue
[2023-06-13T16:38:47.415+0000] {logging_mixin.py:137} INFO - [2023-06-13T16:38:47.415+0000] {dagbag.py:538} INFO - Filling up the DagBag from /home/airflow/.local/lib/python3.7/site-packages/airflow/example_dags/example_bash_operator.py
[2023-06-13T16:38:47.435+0000] {processor.py:753} INFO - DAG(s) dict_keys(['example_bash_operator']) retrieved from /home/airflow/.local/lib/python3.7/site-packages/airflow/example_dags/example_bash_operator.py
[2023-06-13T16:38:47.461+0000] {logging_mixin.py:137} INFO - [2023-06-13T16:38:47.461+0000] {dag.py:2690} INFO - Sync 1 DAGs
[2023-06-13T16:38:47.480+0000] {logging_mixin.py:137} INFO - [2023-06-13T16:38:47.479+0000] {dag.py:3441} INFO - Setting next_dagrun for example_bash_operator to 2023-06-12T00:00:00+00:00, run_after=2023-06-13T00:00:00+00:00
[2023-06-13T16:38:47.492+0000] {processor.py:175} INFO - Processing /home/airflow/.local/lib/python3.7/site-packages/airflow/example_dags/example_bash_operator.py took 0.086 seconds
[2023-06-13T17:44:51.898+0000] {processor.py:153} INFO - Started process (PID=63582) to work on /home/airflow/.local/lib/python3.7/site-packages/airflow/example_dags/example_bash_operator.py
[2023-06-13T17:44:51.901+0000] {processor.py:743} INFO - Processing file /home/airflow/.local/lib/python3.7/site-packages/airflow/example_dags/example_bash_operator.py for tasks to queue
[2023-06-13T17:44:51.903+0000] {logging_mixin.py:137} INFO - [2023-06-13T17:44:51.903+0000] {dagbag.py:538} INFO - Filling up the DagBag from /home/airflow/.local/lib/python3.7/site-packages/airflow/example_dags/example_bash_operator.py
[2023-06-13T17:44:51.928+0000] {processor.py:753} INFO - DAG(s) dict_keys(['example_bash_operator']) retrieved from /home/airflow/.local/lib/python3.7/site-packages/airflow/example_dags/example_bash_operator.py
[2023-06-13T17:44:51.958+0000] {logging_mixin.py:137} INFO - [2023-06-13T17:44:51.957+0000] {dag.py:2690} INFO - Sync 1 DAGs
[2023-06-13T17:44:51.979+0000] {logging_mixin.py:137} INFO - [2023-06-13T17:44:51.979+0000] {dag.py:3441} INFO - Setting next_dagrun for example_bash_operator to 2023-06-12T00:00:00+00:00, run_after=2023-06-13T00:00:00+00:00
[2023-06-13T17:44:51.993+0000] {processor.py:175} INFO - Processing /home/airflow/.local/lib/python3.7/site-packages/airflow/example_dags/example_bash_operator.py took 0.099 seconds
[2023-06-13T19:08:45.730+0000] {processor.py:153} INFO - Started process (PID=63666) to work on /home/airflow/.local/lib/python3.7/site-packages/airflow/example_dags/example_bash_operator.py
[2023-06-13T19:08:45.733+0000] {processor.py:743} INFO - Processing file /home/airflow/.local/lib/python3.7/site-packages/airflow/example_dags/example_bash_operator.py for tasks to queue
[2023-06-13T19:08:45.735+0000] {logging_mixin.py:137} INFO - [2023-06-13T19:08:45.735+0000] {dagbag.py:538} INFO - Filling up the DagBag from /home/airflow/.local/lib/python3.7/site-packages/airflow/example_dags/example_bash_operator.py
[2023-06-13T19:08:45.760+0000] {processor.py:753} INFO - DAG(s) dict_keys(['example_bash_operator']) retrieved from /home/airflow/.local/lib/python3.7/site-packages/airflow/example_dags/example_bash_operator.py
[2023-06-13T19:08:45.788+0000] {logging_mixin.py:137} INFO - [2023-06-13T19:08:45.788+0000] {dag.py:2690} INFO - Sync 1 DAGs
[2023-06-13T19:08:45.806+0000] {logging_mixin.py:137} INFO - [2023-06-13T19:08:45.806+0000] {dag.py:3441} INFO - Setting next_dagrun for example_bash_operator to 2023-06-12T00:00:00+00:00, run_after=2023-06-13T00:00:00+00:00
[2023-06-13T19:08:45.819+0000] {processor.py:175} INFO - Processing /home/airflow/.local/lib/python3.7/site-packages/airflow/example_dags/example_bash_operator.py took 0.095 seconds
[2023-06-13T20:32:00.118+0000] {processor.py:153} INFO - Started process (PID=63742) to work on /home/airflow/.local/lib/python3.7/site-packages/airflow/example_dags/example_bash_operator.py
[2023-06-13T20:32:00.122+0000] {processor.py:743} INFO - Processing file /home/airflow/.local/lib/python3.7/site-packages/airflow/example_dags/example_bash_operator.py for tasks to queue
[2023-06-13T20:32:00.124+0000] {logging_mixin.py:137} INFO - [2023-06-13T20:32:00.124+0000] {dagbag.py:538} INFO - Filling up the DagBag from /home/airflow/.local/lib/python3.7/site-packages/airflow/example_dags/example_bash_operator.py
[2023-06-13T20:32:00.147+0000] {processor.py:753} INFO - DAG(s) dict_keys(['example_bash_operator']) retrieved from /home/airflow/.local/lib/python3.7/site-packages/airflow/example_dags/example_bash_operator.py
[2023-06-13T20:32:00.210+0000] {logging_mixin.py:137} INFO - [2023-06-13T20:32:00.210+0000] {dag.py:2690} INFO - Sync 1 DAGs
[2023-06-13T20:32:00.252+0000] {logging_mixin.py:137} INFO - [2023-06-13T20:32:00.252+0000] {dag.py:3441} INFO - Setting next_dagrun for example_bash_operator to 2023-06-12T00:00:00+00:00, run_after=2023-06-13T00:00:00+00:00
[2023-06-13T20:32:00.294+0000] {processor.py:175} INFO - Processing /home/airflow/.local/lib/python3.7/site-packages/airflow/example_dags/example_bash_operator.py took 0.180 seconds
[2023-06-13T21:53:08.905+0000] {processor.py:153} INFO - Started process (PID=63818) to work on /home/airflow/.local/lib/python3.7/site-packages/airflow/example_dags/example_bash_operator.py
[2023-06-13T21:53:08.908+0000] {processor.py:743} INFO - Processing file /home/airflow/.local/lib/python3.7/site-packages/airflow/example_dags/example_bash_operator.py for tasks to queue
[2023-06-13T21:53:08.909+0000] {logging_mixin.py:137} INFO - [2023-06-13T21:53:08.909+0000] {dagbag.py:538} INFO - Filling up the DagBag from /home/airflow/.local/lib/python3.7/site-packages/airflow/example_dags/example_bash_operator.py
[2023-06-13T21:53:08.932+0000] {processor.py:753} INFO - DAG(s) dict_keys(['example_bash_operator']) retrieved from /home/airflow/.local/lib/python3.7/site-packages/airflow/example_dags/example_bash_operator.py
[2023-06-13T21:53:08.961+0000] {logging_mixin.py:137} INFO - [2023-06-13T21:53:08.961+0000] {dag.py:2690} INFO - Sync 1 DAGs
[2023-06-13T21:53:08.981+0000] {logging_mixin.py:137} INFO - [2023-06-13T21:53:08.981+0000] {dag.py:3441} INFO - Setting next_dagrun for example_bash_operator to 2023-06-12T00:00:00+00:00, run_after=2023-06-13T00:00:00+00:00
[2023-06-13T21:53:08.993+0000] {processor.py:175} INFO - Processing /home/airflow/.local/lib/python3.7/site-packages/airflow/example_dags/example_bash_operator.py took 0.093 seconds
[2023-06-13T23:13:51.083+0000] {processor.py:153} INFO - Started process (PID=63901) to work on /home/airflow/.local/lib/python3.7/site-packages/airflow/example_dags/example_bash_operator.py
[2023-06-13T23:13:51.085+0000] {processor.py:743} INFO - Processing file /home/airflow/.local/lib/python3.7/site-packages/airflow/example_dags/example_bash_operator.py for tasks to queue
[2023-06-13T23:13:51.087+0000] {logging_mixin.py:137} INFO - [2023-06-13T23:13:51.087+0000] {dagbag.py:538} INFO - Filling up the DagBag from /home/airflow/.local/lib/python3.7/site-packages/airflow/example_dags/example_bash_operator.py
[2023-06-13T23:13:51.114+0000] {processor.py:753} INFO - DAG(s) dict_keys(['example_bash_operator']) retrieved from /home/airflow/.local/lib/python3.7/site-packages/airflow/example_dags/example_bash_operator.py
[2023-06-13T23:13:51.145+0000] {logging_mixin.py:137} INFO - [2023-06-13T23:13:51.145+0000] {dag.py:2690} INFO - Sync 1 DAGs
[2023-06-13T23:13:51.168+0000] {logging_mixin.py:137} INFO - [2023-06-13T23:13:51.168+0000] {dag.py:3441} INFO - Setting next_dagrun for example_bash_operator to 2023-06-12T00:00:00+00:00, run_after=2023-06-13T00:00:00+00:00
[2023-06-13T23:13:51.189+0000] {processor.py:175} INFO - Processing /home/airflow/.local/lib/python3.7/site-packages/airflow/example_dags/example_bash_operator.py took 0.110 seconds
