[2023-05-26T00:14:59.669+0000] {processor.py:153} INFO - Started process (PID=39570) to work on /home/airflow/.local/lib/python3.7/site-packages/airflow/example_dags/tutorial_taskflow_api_virtualenv.py
[2023-05-26T00:14:59.671+0000] {processor.py:743} INFO - Processing file /home/airflow/.local/lib/python3.7/site-packages/airflow/example_dags/tutorial_taskflow_api_virtualenv.py for tasks to queue
[2023-05-26T00:14:59.672+0000] {logging_mixin.py:137} INFO - [2023-05-26T00:14:59.672+0000] {dagbag.py:538} INFO - Filling up the DagBag from /home/airflow/.local/lib/python3.7/site-packages/airflow/example_dags/tutorial_taskflow_api_virtualenv.py
[2023-05-26T00:14:59.691+0000] {processor.py:753} INFO - DAG(s) dict_keys(['tutorial_taskflow_api_virtualenv']) retrieved from /home/airflow/.local/lib/python3.7/site-packages/airflow/example_dags/tutorial_taskflow_api_virtualenv.py
[2023-05-26T00:14:59.728+0000] {logging_mixin.py:137} INFO - [2023-05-26T00:14:59.728+0000] {dag.py:2690} INFO - Sync 1 DAGs
[2023-05-26T00:14:59.752+0000] {logging_mixin.py:137} INFO - [2023-05-26T00:14:59.752+0000] {dag.py:3441} INFO - Setting next_dagrun for tutorial_taskflow_api_virtualenv to None, run_after=None
[2023-05-26T00:14:59.765+0000] {processor.py:175} INFO - Processing /home/airflow/.local/lib/python3.7/site-packages/airflow/example_dags/tutorial_taskflow_api_virtualenv.py took 0.098 seconds
[2023-05-26T01:55:34.058+0000] {processor.py:153} INFO - Started process (PID=39653) to work on /home/airflow/.local/lib/python3.7/site-packages/airflow/example_dags/tutorial_taskflow_api_virtualenv.py
[2023-05-26T01:55:34.060+0000] {processor.py:743} INFO - Processing file /home/airflow/.local/lib/python3.7/site-packages/airflow/example_dags/tutorial_taskflow_api_virtualenv.py for tasks to queue
[2023-05-26T01:55:34.061+0000] {logging_mixin.py:137} INFO - [2023-05-26T01:55:34.061+0000] {dagbag.py:538} INFO - Filling up the DagBag from /home/airflow/.local/lib/python3.7/site-packages/airflow/example_dags/tutorial_taskflow_api_virtualenv.py
[2023-05-26T01:55:34.077+0000] {processor.py:753} INFO - DAG(s) dict_keys(['tutorial_taskflow_api_virtualenv']) retrieved from /home/airflow/.local/lib/python3.7/site-packages/airflow/example_dags/tutorial_taskflow_api_virtualenv.py
[2023-05-26T01:55:34.100+0000] {logging_mixin.py:137} INFO - [2023-05-26T01:55:34.100+0000] {dag.py:2690} INFO - Sync 1 DAGs
[2023-05-26T01:55:34.118+0000] {logging_mixin.py:137} INFO - [2023-05-26T01:55:34.118+0000] {dag.py:3441} INFO - Setting next_dagrun for tutorial_taskflow_api_virtualenv to None, run_after=None
[2023-05-26T01:55:34.134+0000] {processor.py:175} INFO - Processing /home/airflow/.local/lib/python3.7/site-packages/airflow/example_dags/tutorial_taskflow_api_virtualenv.py took 0.078 seconds
[2023-05-26T03:17:55.704+0000] {processor.py:153} INFO - Started process (PID=39724) to work on /home/airflow/.local/lib/python3.7/site-packages/airflow/example_dags/tutorial_taskflow_api_virtualenv.py
[2023-05-26T03:17:55.709+0000] {processor.py:743} INFO - Processing file /home/airflow/.local/lib/python3.7/site-packages/airflow/example_dags/tutorial_taskflow_api_virtualenv.py for tasks to queue
[2023-05-26T03:17:55.711+0000] {logging_mixin.py:137} INFO - [2023-05-26T03:17:55.711+0000] {dagbag.py:538} INFO - Filling up the DagBag from /home/airflow/.local/lib/python3.7/site-packages/airflow/example_dags/tutorial_taskflow_api_virtualenv.py
[2023-05-26T03:17:55.756+0000] {processor.py:753} INFO - DAG(s) dict_keys(['tutorial_taskflow_api_virtualenv']) retrieved from /home/airflow/.local/lib/python3.7/site-packages/airflow/example_dags/tutorial_taskflow_api_virtualenv.py
[2023-05-26T03:17:55.788+0000] {logging_mixin.py:137} INFO - [2023-05-26T03:17:55.788+0000] {dag.py:2690} INFO - Sync 1 DAGs
[2023-05-26T03:17:55.806+0000] {logging_mixin.py:137} INFO - [2023-05-26T03:17:55.806+0000] {dag.py:3441} INFO - Setting next_dagrun for tutorial_taskflow_api_virtualenv to None, run_after=None
[2023-05-26T03:17:55.820+0000] {processor.py:175} INFO - Processing /home/airflow/.local/lib/python3.7/site-packages/airflow/example_dags/tutorial_taskflow_api_virtualenv.py took 0.120 seconds
[2023-05-26T04:57:54.220+0000] {processor.py:153} INFO - Started process (PID=39807) to work on /home/airflow/.local/lib/python3.7/site-packages/airflow/example_dags/tutorial_taskflow_api_virtualenv.py
[2023-05-26T04:57:54.222+0000] {processor.py:743} INFO - Processing file /home/airflow/.local/lib/python3.7/site-packages/airflow/example_dags/tutorial_taskflow_api_virtualenv.py for tasks to queue
[2023-05-26T04:57:54.223+0000] {logging_mixin.py:137} INFO - [2023-05-26T04:57:54.223+0000] {dagbag.py:538} INFO - Filling up the DagBag from /home/airflow/.local/lib/python3.7/site-packages/airflow/example_dags/tutorial_taskflow_api_virtualenv.py
[2023-05-26T04:57:54.238+0000] {processor.py:753} INFO - DAG(s) dict_keys(['tutorial_taskflow_api_virtualenv']) retrieved from /home/airflow/.local/lib/python3.7/site-packages/airflow/example_dags/tutorial_taskflow_api_virtualenv.py
[2023-05-26T04:57:54.260+0000] {logging_mixin.py:137} INFO - [2023-05-26T04:57:54.260+0000] {dag.py:2690} INFO - Sync 1 DAGs
[2023-05-26T04:57:54.275+0000] {logging_mixin.py:137} INFO - [2023-05-26T04:57:54.275+0000] {dag.py:3441} INFO - Setting next_dagrun for tutorial_taskflow_api_virtualenv to None, run_after=None
[2023-05-26T04:57:54.287+0000] {processor.py:175} INFO - Processing /home/airflow/.local/lib/python3.7/site-packages/airflow/example_dags/tutorial_taskflow_api_virtualenv.py took 0.069 seconds
[2023-05-26T06:38:01.027+0000] {processor.py:153} INFO - Started process (PID=39887) to work on /home/airflow/.local/lib/python3.7/site-packages/airflow/example_dags/tutorial_taskflow_api_virtualenv.py
[2023-05-26T06:38:01.032+0000] {processor.py:743} INFO - Processing file /home/airflow/.local/lib/python3.7/site-packages/airflow/example_dags/tutorial_taskflow_api_virtualenv.py for tasks to queue
[2023-05-26T06:38:01.034+0000] {logging_mixin.py:137} INFO - [2023-05-26T06:38:01.034+0000] {dagbag.py:538} INFO - Filling up the DagBag from /home/airflow/.local/lib/python3.7/site-packages/airflow/example_dags/tutorial_taskflow_api_virtualenv.py
[2023-05-26T06:38:01.095+0000] {processor.py:753} INFO - DAG(s) dict_keys(['tutorial_taskflow_api_virtualenv']) retrieved from /home/airflow/.local/lib/python3.7/site-packages/airflow/example_dags/tutorial_taskflow_api_virtualenv.py
[2023-05-26T06:38:01.141+0000] {logging_mixin.py:137} INFO - [2023-05-26T06:38:01.141+0000] {dag.py:2690} INFO - Sync 1 DAGs
[2023-05-26T06:38:01.184+0000] {logging_mixin.py:137} INFO - [2023-05-26T06:38:01.184+0000] {dag.py:3441} INFO - Setting next_dagrun for tutorial_taskflow_api_virtualenv to None, run_after=None
[2023-05-26T06:38:01.218+0000] {processor.py:175} INFO - Processing /home/airflow/.local/lib/python3.7/site-packages/airflow/example_dags/tutorial_taskflow_api_virtualenv.py took 0.195 seconds
[2023-05-26T08:00:29.161+0000] {processor.py:153} INFO - Started process (PID=39961) to work on /home/airflow/.local/lib/python3.7/site-packages/airflow/example_dags/tutorial_taskflow_api_virtualenv.py
[2023-05-26T08:00:29.168+0000] {processor.py:743} INFO - Processing file /home/airflow/.local/lib/python3.7/site-packages/airflow/example_dags/tutorial_taskflow_api_virtualenv.py for tasks to queue
[2023-05-26T08:00:29.175+0000] {logging_mixin.py:137} INFO - [2023-05-26T08:00:29.175+0000] {dagbag.py:538} INFO - Filling up the DagBag from /home/airflow/.local/lib/python3.7/site-packages/airflow/example_dags/tutorial_taskflow_api_virtualenv.py
[2023-05-26T08:00:29.224+0000] {processor.py:753} INFO - DAG(s) dict_keys(['tutorial_taskflow_api_virtualenv']) retrieved from /home/airflow/.local/lib/python3.7/site-packages/airflow/example_dags/tutorial_taskflow_api_virtualenv.py
[2023-05-26T08:00:29.270+0000] {logging_mixin.py:137} INFO - [2023-05-26T08:00:29.270+0000] {dag.py:2690} INFO - Sync 1 DAGs
[2023-05-26T08:00:29.308+0000] {logging_mixin.py:137} INFO - [2023-05-26T08:00:29.308+0000] {dag.py:3441} INFO - Setting next_dagrun for tutorial_taskflow_api_virtualenv to None, run_after=None
[2023-05-26T08:00:29.327+0000] {processor.py:175} INFO - Processing /home/airflow/.local/lib/python3.7/site-packages/airflow/example_dags/tutorial_taskflow_api_virtualenv.py took 0.172 seconds
[2023-05-26T09:41:20.312+0000] {processor.py:153} INFO - Started process (PID=40044) to work on /home/airflow/.local/lib/python3.7/site-packages/airflow/example_dags/tutorial_taskflow_api_virtualenv.py
[2023-05-26T09:41:20.313+0000] {processor.py:743} INFO - Processing file /home/airflow/.local/lib/python3.7/site-packages/airflow/example_dags/tutorial_taskflow_api_virtualenv.py for tasks to queue
[2023-05-26T09:41:20.315+0000] {logging_mixin.py:137} INFO - [2023-05-26T09:41:20.314+0000] {dagbag.py:538} INFO - Filling up the DagBag from /home/airflow/.local/lib/python3.7/site-packages/airflow/example_dags/tutorial_taskflow_api_virtualenv.py
[2023-05-26T09:41:20.330+0000] {processor.py:753} INFO - DAG(s) dict_keys(['tutorial_taskflow_api_virtualenv']) retrieved from /home/airflow/.local/lib/python3.7/site-packages/airflow/example_dags/tutorial_taskflow_api_virtualenv.py
[2023-05-26T09:41:20.354+0000] {logging_mixin.py:137} INFO - [2023-05-26T09:41:20.354+0000] {dag.py:2690} INFO - Sync 1 DAGs
[2023-05-26T09:41:20.372+0000] {logging_mixin.py:137} INFO - [2023-05-26T09:41:20.372+0000] {dag.py:3441} INFO - Setting next_dagrun for tutorial_taskflow_api_virtualenv to None, run_after=None
[2023-05-26T09:41:20.385+0000] {processor.py:175} INFO - Processing /home/airflow/.local/lib/python3.7/site-packages/airflow/example_dags/tutorial_taskflow_api_virtualenv.py took 0.076 seconds
[2023-05-26T11:18:10.324+0000] {processor.py:153} INFO - Started process (PID=40121) to work on /home/airflow/.local/lib/python3.7/site-packages/airflow/example_dags/tutorial_taskflow_api_virtualenv.py
[2023-05-26T11:18:10.326+0000] {processor.py:743} INFO - Processing file /home/airflow/.local/lib/python3.7/site-packages/airflow/example_dags/tutorial_taskflow_api_virtualenv.py for tasks to queue
[2023-05-26T11:18:10.328+0000] {logging_mixin.py:137} INFO - [2023-05-26T11:18:10.327+0000] {dagbag.py:538} INFO - Filling up the DagBag from /home/airflow/.local/lib/python3.7/site-packages/airflow/example_dags/tutorial_taskflow_api_virtualenv.py
[2023-05-26T11:18:10.367+0000] {processor.py:753} INFO - DAG(s) dict_keys(['tutorial_taskflow_api_virtualenv']) retrieved from /home/airflow/.local/lib/python3.7/site-packages/airflow/example_dags/tutorial_taskflow_api_virtualenv.py
[2023-05-26T11:18:10.410+0000] {logging_mixin.py:137} INFO - [2023-05-26T11:18:10.410+0000] {dag.py:2690} INFO - Sync 1 DAGs
[2023-05-26T11:18:10.459+0000] {logging_mixin.py:137} INFO - [2023-05-26T11:18:10.459+0000] {dag.py:3441} INFO - Setting next_dagrun for tutorial_taskflow_api_virtualenv to None, run_after=None
[2023-05-26T11:18:10.494+0000] {processor.py:175} INFO - Processing /home/airflow/.local/lib/python3.7/site-packages/airflow/example_dags/tutorial_taskflow_api_virtualenv.py took 0.173 seconds
[2023-05-26T12:43:03.388+0000] {processor.py:153} INFO - Started process (PID=40198) to work on /home/airflow/.local/lib/python3.7/site-packages/airflow/example_dags/tutorial_taskflow_api_virtualenv.py
[2023-05-26T12:43:03.390+0000] {processor.py:743} INFO - Processing file /home/airflow/.local/lib/python3.7/site-packages/airflow/example_dags/tutorial_taskflow_api_virtualenv.py for tasks to queue
[2023-05-26T12:43:03.391+0000] {logging_mixin.py:137} INFO - [2023-05-26T12:43:03.391+0000] {dagbag.py:538} INFO - Filling up the DagBag from /home/airflow/.local/lib/python3.7/site-packages/airflow/example_dags/tutorial_taskflow_api_virtualenv.py
[2023-05-26T12:43:03.406+0000] {processor.py:753} INFO - DAG(s) dict_keys(['tutorial_taskflow_api_virtualenv']) retrieved from /home/airflow/.local/lib/python3.7/site-packages/airflow/example_dags/tutorial_taskflow_api_virtualenv.py
[2023-05-26T12:43:03.426+0000] {logging_mixin.py:137} INFO - [2023-05-26T12:43:03.426+0000] {dag.py:2690} INFO - Sync 1 DAGs
[2023-05-26T12:43:03.445+0000] {logging_mixin.py:137} INFO - [2023-05-26T12:43:03.445+0000] {dag.py:3441} INFO - Setting next_dagrun for tutorial_taskflow_api_virtualenv to None, run_after=None
[2023-05-26T12:43:03.463+0000] {processor.py:175} INFO - Processing /home/airflow/.local/lib/python3.7/site-packages/airflow/example_dags/tutorial_taskflow_api_virtualenv.py took 0.077 seconds
[2023-05-26T14:23:03.268+0000] {processor.py:153} INFO - Started process (PID=40281) to work on /home/airflow/.local/lib/python3.7/site-packages/airflow/example_dags/tutorial_taskflow_api_virtualenv.py
[2023-05-26T14:23:03.276+0000] {processor.py:743} INFO - Processing file /home/airflow/.local/lib/python3.7/site-packages/airflow/example_dags/tutorial_taskflow_api_virtualenv.py for tasks to queue
[2023-05-26T14:23:03.278+0000] {logging_mixin.py:137} INFO - [2023-05-26T14:23:03.278+0000] {dagbag.py:538} INFO - Filling up the DagBag from /home/airflow/.local/lib/python3.7/site-packages/airflow/example_dags/tutorial_taskflow_api_virtualenv.py
[2023-05-26T14:23:03.326+0000] {processor.py:753} INFO - DAG(s) dict_keys(['tutorial_taskflow_api_virtualenv']) retrieved from /home/airflow/.local/lib/python3.7/site-packages/airflow/example_dags/tutorial_taskflow_api_virtualenv.py
[2023-05-26T14:23:03.376+0000] {logging_mixin.py:137} INFO - [2023-05-26T14:23:03.376+0000] {dag.py:2690} INFO - Sync 1 DAGs
[2023-05-26T14:23:03.419+0000] {logging_mixin.py:137} INFO - [2023-05-26T14:23:03.419+0000] {dag.py:3441} INFO - Setting next_dagrun for tutorial_taskflow_api_virtualenv to None, run_after=None
[2023-05-26T14:23:03.437+0000] {processor.py:175} INFO - Processing /home/airflow/.local/lib/python3.7/site-packages/airflow/example_dags/tutorial_taskflow_api_virtualenv.py took 0.175 seconds
[2023-05-26T15:58:24.178+0000] {processor.py:153} INFO - Started process (PID=40352) to work on /home/airflow/.local/lib/python3.7/site-packages/airflow/example_dags/tutorial_taskflow_api_virtualenv.py
[2023-05-26T15:58:24.180+0000] {processor.py:743} INFO - Processing file /home/airflow/.local/lib/python3.7/site-packages/airflow/example_dags/tutorial_taskflow_api_virtualenv.py for tasks to queue
[2023-05-26T15:58:24.181+0000] {logging_mixin.py:137} INFO - [2023-05-26T15:58:24.181+0000] {dagbag.py:538} INFO - Filling up the DagBag from /home/airflow/.local/lib/python3.7/site-packages/airflow/example_dags/tutorial_taskflow_api_virtualenv.py
[2023-05-26T15:58:24.197+0000] {processor.py:753} INFO - DAG(s) dict_keys(['tutorial_taskflow_api_virtualenv']) retrieved from /home/airflow/.local/lib/python3.7/site-packages/airflow/example_dags/tutorial_taskflow_api_virtualenv.py
[2023-05-26T15:58:24.218+0000] {logging_mixin.py:137} INFO - [2023-05-26T15:58:24.218+0000] {dag.py:2690} INFO - Sync 1 DAGs
[2023-05-26T15:58:24.236+0000] {logging_mixin.py:137} INFO - [2023-05-26T15:58:24.236+0000] {dag.py:3441} INFO - Setting next_dagrun for tutorial_taskflow_api_virtualenv to None, run_after=None
[2023-05-26T15:58:24.250+0000] {processor.py:175} INFO - Processing /home/airflow/.local/lib/python3.7/site-packages/airflow/example_dags/tutorial_taskflow_api_virtualenv.py took 0.075 seconds
[2023-05-26T17:20:47.345+0000] {processor.py:153} INFO - Started process (PID=40434) to work on /home/airflow/.local/lib/python3.7/site-packages/airflow/example_dags/tutorial_taskflow_api_virtualenv.py
[2023-05-26T17:20:47.347+0000] {processor.py:743} INFO - Processing file /home/airflow/.local/lib/python3.7/site-packages/airflow/example_dags/tutorial_taskflow_api_virtualenv.py for tasks to queue
[2023-05-26T17:20:47.348+0000] {logging_mixin.py:137} INFO - [2023-05-26T17:20:47.348+0000] {dagbag.py:538} INFO - Filling up the DagBag from /home/airflow/.local/lib/python3.7/site-packages/airflow/example_dags/tutorial_taskflow_api_virtualenv.py
[2023-05-26T17:20:47.366+0000] {processor.py:753} INFO - DAG(s) dict_keys(['tutorial_taskflow_api_virtualenv']) retrieved from /home/airflow/.local/lib/python3.7/site-packages/airflow/example_dags/tutorial_taskflow_api_virtualenv.py
[2023-05-26T17:20:47.387+0000] {logging_mixin.py:137} INFO - [2023-05-26T17:20:47.387+0000] {dag.py:2690} INFO - Sync 1 DAGs
[2023-05-26T17:20:47.405+0000] {logging_mixin.py:137} INFO - [2023-05-26T17:20:47.405+0000] {dag.py:3441} INFO - Setting next_dagrun for tutorial_taskflow_api_virtualenv to None, run_after=None
[2023-05-26T17:20:47.418+0000] {processor.py:175} INFO - Processing /home/airflow/.local/lib/python3.7/site-packages/airflow/example_dags/tutorial_taskflow_api_virtualenv.py took 0.078 seconds
[2023-05-26T18:41:52.577+0000] {processor.py:153} INFO - Started process (PID=40513) to work on /home/airflow/.local/lib/python3.7/site-packages/airflow/example_dags/tutorial_taskflow_api_virtualenv.py
[2023-05-26T18:41:52.579+0000] {processor.py:743} INFO - Processing file /home/airflow/.local/lib/python3.7/site-packages/airflow/example_dags/tutorial_taskflow_api_virtualenv.py for tasks to queue
[2023-05-26T18:41:52.580+0000] {logging_mixin.py:137} INFO - [2023-05-26T18:41:52.580+0000] {dagbag.py:538} INFO - Filling up the DagBag from /home/airflow/.local/lib/python3.7/site-packages/airflow/example_dags/tutorial_taskflow_api_virtualenv.py
[2023-05-26T18:41:52.596+0000] {processor.py:753} INFO - DAG(s) dict_keys(['tutorial_taskflow_api_virtualenv']) retrieved from /home/airflow/.local/lib/python3.7/site-packages/airflow/example_dags/tutorial_taskflow_api_virtualenv.py
[2023-05-26T18:41:52.618+0000] {logging_mixin.py:137} INFO - [2023-05-26T18:41:52.618+0000] {dag.py:2690} INFO - Sync 1 DAGs
[2023-05-26T18:41:52.636+0000] {logging_mixin.py:137} INFO - [2023-05-26T18:41:52.636+0000] {dag.py:3441} INFO - Setting next_dagrun for tutorial_taskflow_api_virtualenv to None, run_after=None
[2023-05-26T18:41:52.649+0000] {processor.py:175} INFO - Processing /home/airflow/.local/lib/python3.7/site-packages/airflow/example_dags/tutorial_taskflow_api_virtualenv.py took 0.075 seconds
[2023-05-26T20:20:32.562+0000] {processor.py:153} INFO - Started process (PID=40587) to work on /home/airflow/.local/lib/python3.7/site-packages/airflow/example_dags/tutorial_taskflow_api_virtualenv.py
[2023-05-26T20:20:32.564+0000] {processor.py:743} INFO - Processing file /home/airflow/.local/lib/python3.7/site-packages/airflow/example_dags/tutorial_taskflow_api_virtualenv.py for tasks to queue
[2023-05-26T20:20:32.565+0000] {logging_mixin.py:137} INFO - [2023-05-26T20:20:32.565+0000] {dagbag.py:538} INFO - Filling up the DagBag from /home/airflow/.local/lib/python3.7/site-packages/airflow/example_dags/tutorial_taskflow_api_virtualenv.py
[2023-05-26T20:20:32.581+0000] {processor.py:753} INFO - DAG(s) dict_keys(['tutorial_taskflow_api_virtualenv']) retrieved from /home/airflow/.local/lib/python3.7/site-packages/airflow/example_dags/tutorial_taskflow_api_virtualenv.py
[2023-05-26T20:20:32.602+0000] {logging_mixin.py:137} INFO - [2023-05-26T20:20:32.602+0000] {dag.py:2690} INFO - Sync 1 DAGs
[2023-05-26T20:20:32.618+0000] {logging_mixin.py:137} INFO - [2023-05-26T20:20:32.618+0000] {dag.py:3441} INFO - Setting next_dagrun for tutorial_taskflow_api_virtualenv to None, run_after=None
[2023-05-26T20:20:32.630+0000] {processor.py:175} INFO - Processing /home/airflow/.local/lib/python3.7/site-packages/airflow/example_dags/tutorial_taskflow_api_virtualenv.py took 0.071 seconds
[2023-05-26T21:57:09.010+0000] {processor.py:153} INFO - Started process (PID=40670) to work on /home/airflow/.local/lib/python3.7/site-packages/airflow/example_dags/tutorial_taskflow_api_virtualenv.py
[2023-05-26T21:57:09.011+0000] {processor.py:743} INFO - Processing file /home/airflow/.local/lib/python3.7/site-packages/airflow/example_dags/tutorial_taskflow_api_virtualenv.py for tasks to queue
[2023-05-26T21:57:09.013+0000] {logging_mixin.py:137} INFO - [2023-05-26T21:57:09.013+0000] {dagbag.py:538} INFO - Filling up the DagBag from /home/airflow/.local/lib/python3.7/site-packages/airflow/example_dags/tutorial_taskflow_api_virtualenv.py
[2023-05-26T21:57:09.030+0000] {processor.py:753} INFO - DAG(s) dict_keys(['tutorial_taskflow_api_virtualenv']) retrieved from /home/airflow/.local/lib/python3.7/site-packages/airflow/example_dags/tutorial_taskflow_api_virtualenv.py
[2023-05-26T21:57:09.054+0000] {logging_mixin.py:137} INFO - [2023-05-26T21:57:09.054+0000] {dag.py:2690} INFO - Sync 1 DAGs
[2023-05-26T21:57:09.075+0000] {logging_mixin.py:137} INFO - [2023-05-26T21:57:09.075+0000] {dag.py:3441} INFO - Setting next_dagrun for tutorial_taskflow_api_virtualenv to None, run_after=None
[2023-05-26T21:57:09.089+0000] {processor.py:175} INFO - Processing /home/airflow/.local/lib/python3.7/site-packages/airflow/example_dags/tutorial_taskflow_api_virtualenv.py took 0.082 seconds
[2023-05-26T22:42:14.307+0000] {processor.py:153} INFO - Started process (PID=40741) to work on /home/airflow/.local/lib/python3.7/site-packages/airflow/example_dags/tutorial_taskflow_api_virtualenv.py
[2023-05-26T22:42:14.315+0000] {processor.py:743} INFO - Processing file /home/airflow/.local/lib/python3.7/site-packages/airflow/example_dags/tutorial_taskflow_api_virtualenv.py for tasks to queue
[2023-05-26T22:42:14.333+0000] {logging_mixin.py:137} INFO - [2023-05-26T22:42:14.333+0000] {dagbag.py:538} INFO - Filling up the DagBag from /home/airflow/.local/lib/python3.7/site-packages/airflow/example_dags/tutorial_taskflow_api_virtualenv.py
[2023-05-26T22:42:14.356+0000] {processor.py:753} INFO - DAG(s) dict_keys(['tutorial_taskflow_api_virtualenv']) retrieved from /home/airflow/.local/lib/python3.7/site-packages/airflow/example_dags/tutorial_taskflow_api_virtualenv.py
[2023-05-26T22:42:14.424+0000] {logging_mixin.py:137} INFO - [2023-05-26T22:42:14.424+0000] {dag.py:2690} INFO - Sync 1 DAGs
[2023-05-26T22:42:14.453+0000] {logging_mixin.py:137} INFO - [2023-05-26T22:42:14.453+0000] {dag.py:3441} INFO - Setting next_dagrun for tutorial_taskflow_api_virtualenv to None, run_after=None
[2023-05-26T22:42:14.493+0000] {processor.py:175} INFO - Processing /home/airflow/.local/lib/python3.7/site-packages/airflow/example_dags/tutorial_taskflow_api_virtualenv.py took 0.189 seconds
[2023-05-26T22:42:45.185+0000] {processor.py:153} INFO - Started process (PID=40823) to work on /home/airflow/.local/lib/python3.7/site-packages/airflow/example_dags/tutorial_taskflow_api_virtualenv.py
[2023-05-26T22:42:45.187+0000] {processor.py:743} INFO - Processing file /home/airflow/.local/lib/python3.7/site-packages/airflow/example_dags/tutorial_taskflow_api_virtualenv.py for tasks to queue
[2023-05-26T22:42:45.189+0000] {logging_mixin.py:137} INFO - [2023-05-26T22:42:45.188+0000] {dagbag.py:538} INFO - Filling up the DagBag from /home/airflow/.local/lib/python3.7/site-packages/airflow/example_dags/tutorial_taskflow_api_virtualenv.py
[2023-05-26T22:42:45.207+0000] {processor.py:753} INFO - DAG(s) dict_keys(['tutorial_taskflow_api_virtualenv']) retrieved from /home/airflow/.local/lib/python3.7/site-packages/airflow/example_dags/tutorial_taskflow_api_virtualenv.py
[2023-05-26T22:42:45.230+0000] {logging_mixin.py:137} INFO - [2023-05-26T22:42:45.230+0000] {dag.py:2690} INFO - Sync 1 DAGs
[2023-05-26T22:42:45.246+0000] {logging_mixin.py:137} INFO - [2023-05-26T22:42:45.246+0000] {dag.py:3441} INFO - Setting next_dagrun for tutorial_taskflow_api_virtualenv to None, run_after=None
[2023-05-26T22:42:45.259+0000] {processor.py:175} INFO - Processing /home/airflow/.local/lib/python3.7/site-packages/airflow/example_dags/tutorial_taskflow_api_virtualenv.py took 0.077 seconds
[2023-05-26T22:43:15.519+0000] {processor.py:153} INFO - Started process (PID=40906) to work on /home/airflow/.local/lib/python3.7/site-packages/airflow/example_dags/tutorial_taskflow_api_virtualenv.py
[2023-05-26T22:43:15.521+0000] {processor.py:743} INFO - Processing file /home/airflow/.local/lib/python3.7/site-packages/airflow/example_dags/tutorial_taskflow_api_virtualenv.py for tasks to queue
[2023-05-26T22:43:15.522+0000] {logging_mixin.py:137} INFO - [2023-05-26T22:43:15.522+0000] {dagbag.py:538} INFO - Filling up the DagBag from /home/airflow/.local/lib/python3.7/site-packages/airflow/example_dags/tutorial_taskflow_api_virtualenv.py
[2023-05-26T22:43:15.541+0000] {processor.py:753} INFO - DAG(s) dict_keys(['tutorial_taskflow_api_virtualenv']) retrieved from /home/airflow/.local/lib/python3.7/site-packages/airflow/example_dags/tutorial_taskflow_api_virtualenv.py
[2023-05-26T22:43:15.563+0000] {logging_mixin.py:137} INFO - [2023-05-26T22:43:15.563+0000] {dag.py:2690} INFO - Sync 1 DAGs
[2023-05-26T22:43:15.580+0000] {logging_mixin.py:137} INFO - [2023-05-26T22:43:15.580+0000] {dag.py:3441} INFO - Setting next_dagrun for tutorial_taskflow_api_virtualenv to None, run_after=None
[2023-05-26T22:43:15.593+0000] {processor.py:175} INFO - Processing /home/airflow/.local/lib/python3.7/site-packages/airflow/example_dags/tutorial_taskflow_api_virtualenv.py took 0.078 seconds
[2023-05-26T22:43:46.823+0000] {processor.py:153} INFO - Started process (PID=40989) to work on /home/airflow/.local/lib/python3.7/site-packages/airflow/example_dags/tutorial_taskflow_api_virtualenv.py
[2023-05-26T22:43:46.826+0000] {processor.py:743} INFO - Processing file /home/airflow/.local/lib/python3.7/site-packages/airflow/example_dags/tutorial_taskflow_api_virtualenv.py for tasks to queue
[2023-05-26T22:43:46.828+0000] {logging_mixin.py:137} INFO - [2023-05-26T22:43:46.828+0000] {dagbag.py:538} INFO - Filling up the DagBag from /home/airflow/.local/lib/python3.7/site-packages/airflow/example_dags/tutorial_taskflow_api_virtualenv.py
[2023-05-26T22:43:46.845+0000] {processor.py:753} INFO - DAG(s) dict_keys(['tutorial_taskflow_api_virtualenv']) retrieved from /home/airflow/.local/lib/python3.7/site-packages/airflow/example_dags/tutorial_taskflow_api_virtualenv.py
[2023-05-26T22:43:46.867+0000] {logging_mixin.py:137} INFO - [2023-05-26T22:43:46.867+0000] {dag.py:2690} INFO - Sync 1 DAGs
[2023-05-26T22:43:46.885+0000] {logging_mixin.py:137} INFO - [2023-05-26T22:43:46.885+0000] {dag.py:3441} INFO - Setting next_dagrun for tutorial_taskflow_api_virtualenv to None, run_after=None
[2023-05-26T22:43:46.899+0000] {processor.py:175} INFO - Processing /home/airflow/.local/lib/python3.7/site-packages/airflow/example_dags/tutorial_taskflow_api_virtualenv.py took 0.081 seconds
[2023-05-26T22:44:17.198+0000] {processor.py:153} INFO - Started process (PID=41060) to work on /home/airflow/.local/lib/python3.7/site-packages/airflow/example_dags/tutorial_taskflow_api_virtualenv.py
[2023-05-26T22:44:17.200+0000] {processor.py:743} INFO - Processing file /home/airflow/.local/lib/python3.7/site-packages/airflow/example_dags/tutorial_taskflow_api_virtualenv.py for tasks to queue
[2023-05-26T22:44:17.201+0000] {logging_mixin.py:137} INFO - [2023-05-26T22:44:17.201+0000] {dagbag.py:538} INFO - Filling up the DagBag from /home/airflow/.local/lib/python3.7/site-packages/airflow/example_dags/tutorial_taskflow_api_virtualenv.py
[2023-05-26T22:44:17.220+0000] {processor.py:753} INFO - DAG(s) dict_keys(['tutorial_taskflow_api_virtualenv']) retrieved from /home/airflow/.local/lib/python3.7/site-packages/airflow/example_dags/tutorial_taskflow_api_virtualenv.py
[2023-05-26T22:44:17.249+0000] {logging_mixin.py:137} INFO - [2023-05-26T22:44:17.248+0000] {dag.py:2690} INFO - Sync 1 DAGs
[2023-05-26T22:44:17.269+0000] {logging_mixin.py:137} INFO - [2023-05-26T22:44:17.269+0000] {dag.py:3441} INFO - Setting next_dagrun for tutorial_taskflow_api_virtualenv to None, run_after=None
[2023-05-26T22:44:17.290+0000] {processor.py:175} INFO - Processing /home/airflow/.local/lib/python3.7/site-packages/airflow/example_dags/tutorial_taskflow_api_virtualenv.py took 0.096 seconds
[2023-05-26T22:44:47.497+0000] {processor.py:153} INFO - Started process (PID=41143) to work on /home/airflow/.local/lib/python3.7/site-packages/airflow/example_dags/tutorial_taskflow_api_virtualenv.py
[2023-05-26T22:44:47.500+0000] {processor.py:743} INFO - Processing file /home/airflow/.local/lib/python3.7/site-packages/airflow/example_dags/tutorial_taskflow_api_virtualenv.py for tasks to queue
[2023-05-26T22:44:47.501+0000] {logging_mixin.py:137} INFO - [2023-05-26T22:44:47.501+0000] {dagbag.py:538} INFO - Filling up the DagBag from /home/airflow/.local/lib/python3.7/site-packages/airflow/example_dags/tutorial_taskflow_api_virtualenv.py
[2023-05-26T22:44:47.515+0000] {processor.py:753} INFO - DAG(s) dict_keys(['tutorial_taskflow_api_virtualenv']) retrieved from /home/airflow/.local/lib/python3.7/site-packages/airflow/example_dags/tutorial_taskflow_api_virtualenv.py
[2023-05-26T22:44:47.538+0000] {logging_mixin.py:137} INFO - [2023-05-26T22:44:47.538+0000] {dag.py:2690} INFO - Sync 1 DAGs
[2023-05-26T22:44:47.553+0000] {logging_mixin.py:137} INFO - [2023-05-26T22:44:47.553+0000] {dag.py:3441} INFO - Setting next_dagrun for tutorial_taskflow_api_virtualenv to None, run_after=None
[2023-05-26T22:44:47.565+0000] {processor.py:175} INFO - Processing /home/airflow/.local/lib/python3.7/site-packages/airflow/example_dags/tutorial_taskflow_api_virtualenv.py took 0.073 seconds
