[2023-07-28T00:48:49.817+0000] {processor.py:153} INFO - Started process (PID=18490) to work on /opt/airflow/dags/age.py
[2023-07-28T00:48:49.822+0000] {processor.py:743} INFO - Processing file /opt/airflow/dags/age.py for tasks to queue
[2023-07-28T00:48:49.826+0000] {logging_mixin.py:137} INFO - [2023-07-28T00:48:49.826+0000] {dagbag.py:538} INFO - Filling up the DagBag from /opt/airflow/dags/age.py
[2023-07-28T00:48:49.925+0000] {processor.py:753} INFO - DAG(s) dict_keys(['age_check']) retrieved from /opt/airflow/dags/age.py
[2023-07-28T00:48:49.982+0000] {logging_mixin.py:137} INFO - [2023-07-28T00:48:49.982+0000] {dag.py:2690} INFO - Sync 1 DAGs
[2023-07-28T00:48:50.014+0000] {logging_mixin.py:137} INFO - [2023-07-28T00:48:50.014+0000] {dag.py:3441} INFO - Setting next_dagrun for age_check to 2023-07-28T00:00:00+00:00, run_after=2023-07-29T00:00:00+00:00
[2023-07-28T00:48:50.076+0000] {processor.py:175} INFO - Processing /opt/airflow/dags/age.py took 0.263 seconds
[2023-07-28T02:01:09.082+0000] {processor.py:153} INFO - Started process (PID=18567) to work on /opt/airflow/dags/age.py
[2023-07-28T02:01:09.096+0000] {processor.py:743} INFO - Processing file /opt/airflow/dags/age.py for tasks to queue
[2023-07-28T02:01:09.116+0000] {logging_mixin.py:137} INFO - [2023-07-28T02:01:09.100+0000] {dagbag.py:538} INFO - Filling up the DagBag from /opt/airflow/dags/age.py
[2023-07-28T02:01:09.421+0000] {processor.py:753} INFO - DAG(s) dict_keys(['age_check']) retrieved from /opt/airflow/dags/age.py
[2023-07-28T02:01:09.541+0000] {logging_mixin.py:137} INFO - [2023-07-28T02:01:09.541+0000] {dag.py:2690} INFO - Sync 1 DAGs
[2023-07-28T02:01:09.606+0000] {logging_mixin.py:137} INFO - [2023-07-28T02:01:09.606+0000] {dag.py:3441} INFO - Setting next_dagrun for age_check to 2023-07-28T00:00:00+00:00, run_after=2023-07-29T00:00:00+00:00
[2023-07-28T02:01:09.637+0000] {processor.py:175} INFO - Processing /opt/airflow/dags/age.py took 0.592 seconds
[2023-07-28T03:27:10.496+0000] {processor.py:153} INFO - Started process (PID=18635) to work on /opt/airflow/dags/age.py
[2023-07-28T03:27:10.499+0000] {processor.py:743} INFO - Processing file /opt/airflow/dags/age.py for tasks to queue
[2023-07-28T03:27:10.501+0000] {logging_mixin.py:137} INFO - [2023-07-28T03:27:10.501+0000] {dagbag.py:538} INFO - Filling up the DagBag from /opt/airflow/dags/age.py
[2023-07-28T03:27:10.575+0000] {processor.py:753} INFO - DAG(s) dict_keys(['age_check']) retrieved from /opt/airflow/dags/age.py
[2023-07-28T03:27:10.658+0000] {logging_mixin.py:137} INFO - [2023-07-28T03:27:10.658+0000] {dag.py:2690} INFO - Sync 1 DAGs
[2023-07-28T03:27:10.745+0000] {logging_mixin.py:137} INFO - [2023-07-28T03:27:10.745+0000] {dag.py:3441} INFO - Setting next_dagrun for age_check to 2023-07-28T00:00:00+00:00, run_after=2023-07-29T00:00:00+00:00
[2023-07-28T03:27:10.782+0000] {processor.py:175} INFO - Processing /opt/airflow/dags/age.py took 0.291 seconds
[2023-07-28T04:51:11.489+0000] {processor.py:153} INFO - Started process (PID=18706) to work on /opt/airflow/dags/age.py
[2023-07-28T04:51:11.491+0000] {processor.py:743} INFO - Processing file /opt/airflow/dags/age.py for tasks to queue
[2023-07-28T04:51:11.493+0000] {logging_mixin.py:137} INFO - [2023-07-28T04:51:11.493+0000] {dagbag.py:538} INFO - Filling up the DagBag from /opt/airflow/dags/age.py
[2023-07-28T04:51:11.574+0000] {processor.py:753} INFO - DAG(s) dict_keys(['age_check']) retrieved from /opt/airflow/dags/age.py
[2023-07-28T04:51:11.629+0000] {logging_mixin.py:137} INFO - [2023-07-28T04:51:11.629+0000] {dag.py:2690} INFO - Sync 1 DAGs
[2023-07-28T04:51:11.680+0000] {logging_mixin.py:137} INFO - [2023-07-28T04:51:11.680+0000] {dag.py:3441} INFO - Setting next_dagrun for age_check to 2023-07-28T00:00:00+00:00, run_after=2023-07-29T00:00:00+00:00
[2023-07-28T04:51:11.765+0000] {processor.py:175} INFO - Processing /opt/airflow/dags/age.py took 0.281 seconds
[2023-07-28T05:44:29.678+0000] {processor.py:153} INFO - Started process (PID=18777) to work on /opt/airflow/dags/age.py
[2023-07-28T05:44:29.682+0000] {processor.py:743} INFO - Processing file /opt/airflow/dags/age.py for tasks to queue
[2023-07-28T05:44:29.686+0000] {logging_mixin.py:137} INFO - [2023-07-28T05:44:29.685+0000] {dagbag.py:538} INFO - Filling up the DagBag from /opt/airflow/dags/age.py
[2023-07-28T05:44:29.727+0000] {processor.py:753} INFO - DAG(s) dict_keys(['age_check']) retrieved from /opt/airflow/dags/age.py
[2023-07-28T05:44:29.794+0000] {logging_mixin.py:137} INFO - [2023-07-28T05:44:29.794+0000] {dag.py:2690} INFO - Sync 1 DAGs
[2023-07-28T05:44:29.829+0000] {logging_mixin.py:137} INFO - [2023-07-28T05:44:29.828+0000] {dag.py:3441} INFO - Setting next_dagrun for age_check to 2023-07-28T00:00:00+00:00, run_after=2023-07-29T00:00:00+00:00
[2023-07-28T05:44:29.851+0000] {processor.py:175} INFO - Processing /opt/airflow/dags/age.py took 0.178 seconds
[2023-07-28T06:51:22.981+0000] {processor.py:153} INFO - Started process (PID=18851) to work on /opt/airflow/dags/age.py
[2023-07-28T06:51:22.984+0000] {processor.py:743} INFO - Processing file /opt/airflow/dags/age.py for tasks to queue
[2023-07-28T06:51:22.987+0000] {logging_mixin.py:137} INFO - [2023-07-28T06:51:22.987+0000] {dagbag.py:538} INFO - Filling up the DagBag from /opt/airflow/dags/age.py
[2023-07-28T06:51:23.031+0000] {processor.py:753} INFO - DAG(s) dict_keys(['age_check']) retrieved from /opt/airflow/dags/age.py
[2023-07-28T06:51:23.064+0000] {logging_mixin.py:137} INFO - [2023-07-28T06:51:23.063+0000] {dag.py:2690} INFO - Sync 1 DAGs
[2023-07-28T06:51:23.090+0000] {logging_mixin.py:137} INFO - [2023-07-28T06:51:23.090+0000] {dag.py:3441} INFO - Setting next_dagrun for age_check to 2023-07-28T00:00:00+00:00, run_after=2023-07-29T00:00:00+00:00
[2023-07-28T06:51:23.112+0000] {processor.py:175} INFO - Processing /opt/airflow/dags/age.py took 0.136 seconds
[2023-07-28T08:08:58.601+0000] {processor.py:153} INFO - Started process (PID=18922) to work on /opt/airflow/dags/age.py
[2023-07-28T08:08:58.605+0000] {processor.py:743} INFO - Processing file /opt/airflow/dags/age.py for tasks to queue
[2023-07-28T08:08:58.606+0000] {logging_mixin.py:137} INFO - [2023-07-28T08:08:58.606+0000] {dagbag.py:538} INFO - Filling up the DagBag from /opt/airflow/dags/age.py
[2023-07-28T08:08:58.647+0000] {processor.py:753} INFO - DAG(s) dict_keys(['age_check']) retrieved from /opt/airflow/dags/age.py
[2023-07-28T08:08:58.690+0000] {logging_mixin.py:137} INFO - [2023-07-28T08:08:58.690+0000] {dag.py:2690} INFO - Sync 1 DAGs
[2023-07-28T08:08:58.716+0000] {logging_mixin.py:137} INFO - [2023-07-28T08:08:58.716+0000] {dag.py:3441} INFO - Setting next_dagrun for age_check to 2023-07-28T00:00:00+00:00, run_after=2023-07-29T00:00:00+00:00
[2023-07-28T08:08:58.740+0000] {processor.py:175} INFO - Processing /opt/airflow/dags/age.py took 0.143 seconds
[2023-07-28T08:09:29.155+0000] {processor.py:153} INFO - Started process (PID=18991) to work on /opt/airflow/dags/age.py
[2023-07-28T08:09:29.157+0000] {processor.py:743} INFO - Processing file /opt/airflow/dags/age.py for tasks to queue
[2023-07-28T08:09:29.161+0000] {logging_mixin.py:137} INFO - [2023-07-28T08:09:29.160+0000] {dagbag.py:538} INFO - Filling up the DagBag from /opt/airflow/dags/age.py
[2023-07-28T08:09:29.227+0000] {processor.py:753} INFO - DAG(s) dict_keys(['age_check']) retrieved from /opt/airflow/dags/age.py
[2023-07-28T08:09:29.257+0000] {logging_mixin.py:137} INFO - [2023-07-28T08:09:29.256+0000] {dag.py:2690} INFO - Sync 1 DAGs
[2023-07-28T08:09:29.289+0000] {logging_mixin.py:137} INFO - [2023-07-28T08:09:29.289+0000] {dag.py:3441} INFO - Setting next_dagrun for age_check to 2023-07-28T00:00:00+00:00, run_after=2023-07-29T00:00:00+00:00
[2023-07-28T08:09:29.312+0000] {processor.py:175} INFO - Processing /opt/airflow/dags/age.py took 0.161 seconds
[2023-07-28T08:09:59.850+0000] {processor.py:153} INFO - Started process (PID=19074) to work on /opt/airflow/dags/age.py
[2023-07-28T08:09:59.856+0000] {processor.py:743} INFO - Processing file /opt/airflow/dags/age.py for tasks to queue
[2023-07-28T08:09:59.866+0000] {logging_mixin.py:137} INFO - [2023-07-28T08:09:59.866+0000] {dagbag.py:538} INFO - Filling up the DagBag from /opt/airflow/dags/age.py
[2023-07-28T08:09:59.951+0000] {processor.py:753} INFO - DAG(s) dict_keys(['age_check']) retrieved from /opt/airflow/dags/age.py
[2023-07-28T08:10:00.040+0000] {logging_mixin.py:137} INFO - [2023-07-28T08:10:00.040+0000] {dag.py:2690} INFO - Sync 1 DAGs
[2023-07-28T08:10:00.082+0000] {logging_mixin.py:137} INFO - [2023-07-28T08:10:00.082+0000] {dag.py:3441} INFO - Setting next_dagrun for age_check to 2023-07-28T00:00:00+00:00, run_after=2023-07-29T00:00:00+00:00
[2023-07-28T08:10:00.109+0000] {processor.py:175} INFO - Processing /opt/airflow/dags/age.py took 0.264 seconds
[2023-07-28T08:10:30.289+0000] {processor.py:153} INFO - Started process (PID=19145) to work on /opt/airflow/dags/age.py
[2023-07-28T08:10:30.291+0000] {processor.py:743} INFO - Processing file /opt/airflow/dags/age.py for tasks to queue
[2023-07-28T08:10:30.292+0000] {logging_mixin.py:137} INFO - [2023-07-28T08:10:30.292+0000] {dagbag.py:538} INFO - Filling up the DagBag from /opt/airflow/dags/age.py
[2023-07-28T08:10:30.319+0000] {processor.py:753} INFO - DAG(s) dict_keys(['age_check']) retrieved from /opt/airflow/dags/age.py
[2023-07-28T08:10:30.360+0000] {logging_mixin.py:137} INFO - [2023-07-28T08:10:30.360+0000] {dag.py:2690} INFO - Sync 1 DAGs
[2023-07-28T08:10:30.381+0000] {logging_mixin.py:137} INFO - [2023-07-28T08:10:30.381+0000] {dag.py:3441} INFO - Setting next_dagrun for age_check to 2023-07-28T00:00:00+00:00, run_after=2023-07-29T00:00:00+00:00
[2023-07-28T08:10:30.392+0000] {processor.py:175} INFO - Processing /opt/airflow/dags/age.py took 0.108 seconds
[2023-07-28T08:11:00.619+0000] {processor.py:153} INFO - Started process (PID=19217) to work on /opt/airflow/dags/age.py
[2023-07-28T08:11:00.621+0000] {processor.py:743} INFO - Processing file /opt/airflow/dags/age.py for tasks to queue
[2023-07-28T08:11:00.623+0000] {logging_mixin.py:137} INFO - [2023-07-28T08:11:00.623+0000] {dagbag.py:538} INFO - Filling up the DagBag from /opt/airflow/dags/age.py
[2023-07-28T08:11:00.649+0000] {processor.py:753} INFO - DAG(s) dict_keys(['age_check']) retrieved from /opt/airflow/dags/age.py
[2023-07-28T08:11:00.677+0000] {logging_mixin.py:137} INFO - [2023-07-28T08:11:00.677+0000] {dag.py:2690} INFO - Sync 1 DAGs
[2023-07-28T08:11:00.696+0000] {logging_mixin.py:137} INFO - [2023-07-28T08:11:00.696+0000] {dag.py:3441} INFO - Setting next_dagrun for age_check to 2023-07-28T00:00:00+00:00, run_after=2023-07-29T00:00:00+00:00
[2023-07-28T08:11:00.710+0000] {processor.py:175} INFO - Processing /opt/airflow/dags/age.py took 0.095 seconds
[2023-07-28T08:11:31.591+0000] {processor.py:153} INFO - Started process (PID=19299) to work on /opt/airflow/dags/age.py
[2023-07-28T08:11:31.592+0000] {processor.py:743} INFO - Processing file /opt/airflow/dags/age.py for tasks to queue
[2023-07-28T08:11:31.594+0000] {logging_mixin.py:137} INFO - [2023-07-28T08:11:31.594+0000] {dagbag.py:538} INFO - Filling up the DagBag from /opt/airflow/dags/age.py
[2023-07-28T08:11:31.621+0000] {processor.py:753} INFO - DAG(s) dict_keys(['age_check']) retrieved from /opt/airflow/dags/age.py
[2023-07-28T08:11:31.646+0000] {logging_mixin.py:137} INFO - [2023-07-28T08:11:31.646+0000] {dag.py:2690} INFO - Sync 1 DAGs
[2023-07-28T08:11:31.670+0000] {logging_mixin.py:137} INFO - [2023-07-28T08:11:31.669+0000] {dag.py:3441} INFO - Setting next_dagrun for age_check to 2023-07-28T00:00:00+00:00, run_after=2023-07-29T00:00:00+00:00
[2023-07-28T08:11:31.684+0000] {processor.py:175} INFO - Processing /opt/airflow/dags/age.py took 0.096 seconds
[2023-07-28T08:12:02.060+0000] {processor.py:153} INFO - Started process (PID=19368) to work on /opt/airflow/dags/age.py
[2023-07-28T08:12:02.062+0000] {processor.py:743} INFO - Processing file /opt/airflow/dags/age.py for tasks to queue
[2023-07-28T08:12:02.063+0000] {logging_mixin.py:137} INFO - [2023-07-28T08:12:02.063+0000] {dagbag.py:538} INFO - Filling up the DagBag from /opt/airflow/dags/age.py
[2023-07-28T08:12:02.096+0000] {processor.py:753} INFO - DAG(s) dict_keys(['age_check']) retrieved from /opt/airflow/dags/age.py
[2023-07-28T08:12:02.120+0000] {logging_mixin.py:137} INFO - [2023-07-28T08:12:02.120+0000] {dag.py:2690} INFO - Sync 1 DAGs
[2023-07-28T08:12:02.139+0000] {logging_mixin.py:137} INFO - [2023-07-28T08:12:02.139+0000] {dag.py:3441} INFO - Setting next_dagrun for age_check to 2023-07-28T00:00:00+00:00, run_after=2023-07-29T00:00:00+00:00
[2023-07-28T08:12:02.154+0000] {processor.py:175} INFO - Processing /opt/airflow/dags/age.py took 0.099 seconds
[2023-07-28T08:12:32.484+0000] {processor.py:153} INFO - Started process (PID=19439) to work on /opt/airflow/dags/age.py
[2023-07-28T08:12:32.486+0000] {processor.py:743} INFO - Processing file /opt/airflow/dags/age.py for tasks to queue
[2023-07-28T08:12:32.488+0000] {logging_mixin.py:137} INFO - [2023-07-28T08:12:32.487+0000] {dagbag.py:538} INFO - Filling up the DagBag from /opt/airflow/dags/age.py
[2023-07-28T08:12:32.517+0000] {processor.py:753} INFO - DAG(s) dict_keys(['age_check']) retrieved from /opt/airflow/dags/age.py
[2023-07-28T08:12:32.542+0000] {logging_mixin.py:137} INFO - [2023-07-28T08:12:32.542+0000] {dag.py:2690} INFO - Sync 1 DAGs
[2023-07-28T08:12:32.568+0000] {logging_mixin.py:137} INFO - [2023-07-28T08:12:32.567+0000] {dag.py:3441} INFO - Setting next_dagrun for age_check to 2023-07-28T00:00:00+00:00, run_after=2023-07-29T00:00:00+00:00
[2023-07-28T08:12:32.585+0000] {processor.py:175} INFO - Processing /opt/airflow/dags/age.py took 0.106 seconds
[2023-07-28T08:13:03.166+0000] {processor.py:153} INFO - Started process (PID=19518) to work on /opt/airflow/dags/age.py
[2023-07-28T08:13:03.174+0000] {processor.py:743} INFO - Processing file /opt/airflow/dags/age.py for tasks to queue
[2023-07-28T08:13:03.187+0000] {logging_mixin.py:137} INFO - [2023-07-28T08:13:03.186+0000] {dagbag.py:538} INFO - Filling up the DagBag from /opt/airflow/dags/age.py
[2023-07-28T08:13:03.299+0000] {processor.py:753} INFO - DAG(s) dict_keys(['age_check']) retrieved from /opt/airflow/dags/age.py
[2023-07-28T08:13:03.375+0000] {logging_mixin.py:137} INFO - [2023-07-28T08:13:03.375+0000] {dag.py:2690} INFO - Sync 1 DAGs
[2023-07-28T08:13:03.414+0000] {logging_mixin.py:137} INFO - [2023-07-28T08:13:03.414+0000] {dag.py:3441} INFO - Setting next_dagrun for age_check to 2023-07-28T00:00:00+00:00, run_after=2023-07-29T00:00:00+00:00
[2023-07-28T08:13:03.487+0000] {processor.py:175} INFO - Processing /opt/airflow/dags/age.py took 0.325 seconds
[2023-07-28T08:53:21.234+0000] {processor.py:153} INFO - Started process (PID=19582) to work on /opt/airflow/dags/age.py
[2023-07-28T08:53:21.238+0000] {processor.py:743} INFO - Processing file /opt/airflow/dags/age.py for tasks to queue
[2023-07-28T08:53:21.243+0000] {logging_mixin.py:137} INFO - [2023-07-28T08:53:21.242+0000] {dagbag.py:538} INFO - Filling up the DagBag from /opt/airflow/dags/age.py
[2023-07-28T08:53:21.328+0000] {processor.py:753} INFO - DAG(s) dict_keys(['age_check']) retrieved from /opt/airflow/dags/age.py
[2023-07-28T08:53:21.610+0000] {logging_mixin.py:137} INFO - [2023-07-28T08:53:21.610+0000] {dag.py:2690} INFO - Sync 1 DAGs
[2023-07-28T08:53:21.737+0000] {logging_mixin.py:137} INFO - [2023-07-28T08:53:21.736+0000] {dag.py:3441} INFO - Setting next_dagrun for age_check to 2023-07-28T00:00:00+00:00, run_after=2023-07-29T00:00:00+00:00
[2023-07-28T08:53:21.915+0000] {processor.py:175} INFO - Processing /opt/airflow/dags/age.py took 0.684 seconds
[2023-07-28T09:58:13.000+0000] {processor.py:153} INFO - Started process (PID=19654) to work on /opt/airflow/dags/age.py
[2023-07-28T09:58:13.002+0000] {processor.py:743} INFO - Processing file /opt/airflow/dags/age.py for tasks to queue
[2023-07-28T09:58:13.004+0000] {logging_mixin.py:137} INFO - [2023-07-28T09:58:13.004+0000] {dagbag.py:538} INFO - Filling up the DagBag from /opt/airflow/dags/age.py
[2023-07-28T09:58:13.033+0000] {processor.py:753} INFO - DAG(s) dict_keys(['age_check']) retrieved from /opt/airflow/dags/age.py
[2023-07-28T09:58:13.066+0000] {logging_mixin.py:137} INFO - [2023-07-28T09:58:13.065+0000] {dag.py:2690} INFO - Sync 1 DAGs
[2023-07-28T09:58:13.093+0000] {logging_mixin.py:137} INFO - [2023-07-28T09:58:13.093+0000] {dag.py:3441} INFO - Setting next_dagrun for age_check to 2023-07-28T00:00:00+00:00, run_after=2023-07-29T00:00:00+00:00
[2023-07-28T09:58:13.112+0000] {processor.py:175} INFO - Processing /opt/airflow/dags/age.py took 0.116 seconds
[2023-07-28T11:22:40.311+0000] {processor.py:153} INFO - Started process (PID=19726) to work on /opt/airflow/dags/age.py
[2023-07-28T11:22:40.313+0000] {processor.py:743} INFO - Processing file /opt/airflow/dags/age.py for tasks to queue
[2023-07-28T11:22:40.317+0000] {logging_mixin.py:137} INFO - [2023-07-28T11:22:40.317+0000] {dagbag.py:538} INFO - Filling up the DagBag from /opt/airflow/dags/age.py
[2023-07-28T11:22:40.363+0000] {processor.py:753} INFO - DAG(s) dict_keys(['age_check']) retrieved from /opt/airflow/dags/age.py
[2023-07-28T11:22:40.403+0000] {logging_mixin.py:137} INFO - [2023-07-28T11:22:40.403+0000] {dag.py:2690} INFO - Sync 1 DAGs
[2023-07-28T11:22:40.442+0000] {logging_mixin.py:137} INFO - [2023-07-28T11:22:40.442+0000] {dag.py:3441} INFO - Setting next_dagrun for age_check to 2023-07-28T00:00:00+00:00, run_after=2023-07-29T00:00:00+00:00
[2023-07-28T11:22:40.462+0000] {processor.py:175} INFO - Processing /opt/airflow/dags/age.py took 0.156 seconds
[2023-07-28T12:44:46.111+0000] {processor.py:153} INFO - Started process (PID=19795) to work on /opt/airflow/dags/age.py
[2023-07-28T12:44:46.115+0000] {processor.py:743} INFO - Processing file /opt/airflow/dags/age.py for tasks to queue
[2023-07-28T12:44:46.124+0000] {logging_mixin.py:137} INFO - [2023-07-28T12:44:46.124+0000] {dagbag.py:538} INFO - Filling up the DagBag from /opt/airflow/dags/age.py
[2023-07-28T12:44:46.245+0000] {processor.py:753} INFO - DAG(s) dict_keys(['age_check']) retrieved from /opt/airflow/dags/age.py
[2023-07-28T12:44:46.337+0000] {logging_mixin.py:137} INFO - [2023-07-28T12:44:46.337+0000] {dag.py:2690} INFO - Sync 1 DAGs
[2023-07-28T12:44:46.430+0000] {logging_mixin.py:137} INFO - [2023-07-28T12:44:46.430+0000] {dag.py:3441} INFO - Setting next_dagrun for age_check to 2023-07-28T00:00:00+00:00, run_after=2023-07-29T00:00:00+00:00
[2023-07-28T12:44:46.490+0000] {processor.py:175} INFO - Processing /opt/airflow/dags/age.py took 0.394 seconds
[2023-07-28T14:04:35.891+0000] {processor.py:153} INFO - Started process (PID=19856) to work on /opt/airflow/dags/age.py
[2023-07-28T14:04:35.893+0000] {processor.py:743} INFO - Processing file /opt/airflow/dags/age.py for tasks to queue
[2023-07-28T14:04:35.895+0000] {logging_mixin.py:137} INFO - [2023-07-28T14:04:35.895+0000] {dagbag.py:538} INFO - Filling up the DagBag from /opt/airflow/dags/age.py
[2023-07-28T14:04:35.940+0000] {processor.py:753} INFO - DAG(s) dict_keys(['age_check']) retrieved from /opt/airflow/dags/age.py
[2023-07-28T14:04:35.970+0000] {logging_mixin.py:137} INFO - [2023-07-28T14:04:35.970+0000] {dag.py:2690} INFO - Sync 1 DAGs
[2023-07-28T14:04:35.996+0000] {logging_mixin.py:137} INFO - [2023-07-28T14:04:35.995+0000] {dag.py:3441} INFO - Setting next_dagrun for age_check to 2023-07-28T00:00:00+00:00, run_after=2023-07-29T00:00:00+00:00
[2023-07-28T14:04:36.025+0000] {processor.py:175} INFO - Processing /opt/airflow/dags/age.py took 0.137 seconds
[2023-07-28T14:54:26.907+0000] {processor.py:153} INFO - Started process (PID=19930) to work on /opt/airflow/dags/age.py
[2023-07-28T14:54:26.909+0000] {processor.py:743} INFO - Processing file /opt/airflow/dags/age.py for tasks to queue
[2023-07-28T14:54:26.910+0000] {logging_mixin.py:137} INFO - [2023-07-28T14:54:26.910+0000] {dagbag.py:538} INFO - Filling up the DagBag from /opt/airflow/dags/age.py
[2023-07-28T14:54:26.949+0000] {processor.py:753} INFO - DAG(s) dict_keys(['age_check']) retrieved from /opt/airflow/dags/age.py
[2023-07-28T14:54:26.982+0000] {logging_mixin.py:137} INFO - [2023-07-28T14:54:26.982+0000] {dag.py:2690} INFO - Sync 1 DAGs
[2023-07-28T14:54:27.001+0000] {logging_mixin.py:137} INFO - [2023-07-28T14:54:27.001+0000] {dag.py:3441} INFO - Setting next_dagrun for age_check to 2023-07-28T00:00:00+00:00, run_after=2023-07-29T00:00:00+00:00
[2023-07-28T14:54:27.015+0000] {processor.py:175} INFO - Processing /opt/airflow/dags/age.py took 0.111 seconds
[2023-07-28T16:13:15.788+0000] {processor.py:153} INFO - Started process (PID=20000) to work on /opt/airflow/dags/age.py
[2023-07-28T16:13:15.795+0000] {processor.py:743} INFO - Processing file /opt/airflow/dags/age.py for tasks to queue
[2023-07-28T16:13:15.798+0000] {logging_mixin.py:137} INFO - [2023-07-28T16:13:15.797+0000] {dagbag.py:538} INFO - Filling up the DagBag from /opt/airflow/dags/age.py
[2023-07-28T16:13:15.844+0000] {processor.py:753} INFO - DAG(s) dict_keys(['age_check']) retrieved from /opt/airflow/dags/age.py
[2023-07-28T16:13:15.877+0000] {logging_mixin.py:137} INFO - [2023-07-28T16:13:15.877+0000] {dag.py:2690} INFO - Sync 1 DAGs
[2023-07-28T16:13:15.905+0000] {logging_mixin.py:137} INFO - [2023-07-28T16:13:15.905+0000] {dag.py:3441} INFO - Setting next_dagrun for age_check to 2023-07-28T00:00:00+00:00, run_after=2023-07-29T00:00:00+00:00
[2023-07-28T16:13:15.923+0000] {processor.py:175} INFO - Processing /opt/airflow/dags/age.py took 0.138 seconds
[2023-07-28T17:39:46.133+0000] {processor.py:153} INFO - Started process (PID=20070) to work on /opt/airflow/dags/age.py
[2023-07-28T17:39:46.141+0000] {processor.py:743} INFO - Processing file /opt/airflow/dags/age.py for tasks to queue
[2023-07-28T17:39:46.144+0000] {logging_mixin.py:137} INFO - [2023-07-28T17:39:46.143+0000] {dagbag.py:538} INFO - Filling up the DagBag from /opt/airflow/dags/age.py
[2023-07-28T17:39:46.224+0000] {processor.py:753} INFO - DAG(s) dict_keys(['age_check']) retrieved from /opt/airflow/dags/age.py
[2023-07-28T17:39:46.263+0000] {logging_mixin.py:137} INFO - [2023-07-28T17:39:46.263+0000] {dag.py:2690} INFO - Sync 1 DAGs
[2023-07-28T17:39:46.302+0000] {logging_mixin.py:137} INFO - [2023-07-28T17:39:46.302+0000] {dag.py:3441} INFO - Setting next_dagrun for age_check to 2023-07-28T00:00:00+00:00, run_after=2023-07-29T00:00:00+00:00
[2023-07-28T17:39:46.326+0000] {processor.py:175} INFO - Processing /opt/airflow/dags/age.py took 0.198 seconds
[2023-07-28T18:44:21.137+0000] {processor.py:153} INFO - Started process (PID=20142) to work on /opt/airflow/dags/age.py
[2023-07-28T18:44:21.140+0000] {processor.py:743} INFO - Processing file /opt/airflow/dags/age.py for tasks to queue
[2023-07-28T18:44:21.141+0000] {logging_mixin.py:137} INFO - [2023-07-28T18:44:21.141+0000] {dagbag.py:538} INFO - Filling up the DagBag from /opt/airflow/dags/age.py
[2023-07-28T18:44:21.183+0000] {processor.py:753} INFO - DAG(s) dict_keys(['age_check']) retrieved from /opt/airflow/dags/age.py
[2023-07-28T18:44:21.211+0000] {logging_mixin.py:137} INFO - [2023-07-28T18:44:21.211+0000] {dag.py:2690} INFO - Sync 1 DAGs
[2023-07-28T18:44:21.232+0000] {logging_mixin.py:137} INFO - [2023-07-28T18:44:21.232+0000] {dag.py:3441} INFO - Setting next_dagrun for age_check to 2023-07-28T00:00:00+00:00, run_after=2023-07-29T00:00:00+00:00
[2023-07-28T18:44:21.249+0000] {processor.py:175} INFO - Processing /opt/airflow/dags/age.py took 0.117 seconds
[2023-07-28T20:06:40.589+0000] {processor.py:153} INFO - Started process (PID=20213) to work on /opt/airflow/dags/age.py
[2023-07-28T20:06:40.593+0000] {processor.py:743} INFO - Processing file /opt/airflow/dags/age.py for tasks to queue
[2023-07-28T20:06:40.595+0000] {logging_mixin.py:137} INFO - [2023-07-28T20:06:40.595+0000] {dagbag.py:538} INFO - Filling up the DagBag from /opt/airflow/dags/age.py
[2023-07-28T20:06:40.631+0000] {processor.py:753} INFO - DAG(s) dict_keys(['age_check']) retrieved from /opt/airflow/dags/age.py
[2023-07-28T20:06:40.675+0000] {logging_mixin.py:137} INFO - [2023-07-28T20:06:40.675+0000] {dag.py:2690} INFO - Sync 1 DAGs
[2023-07-28T20:06:40.704+0000] {logging_mixin.py:137} INFO - [2023-07-28T20:06:40.704+0000] {dag.py:3441} INFO - Setting next_dagrun for age_check to 2023-07-28T00:00:00+00:00, run_after=2023-07-29T00:00:00+00:00
[2023-07-28T20:06:40.724+0000] {processor.py:175} INFO - Processing /opt/airflow/dags/age.py took 0.139 seconds
[2023-07-28T21:31:25.370+0000] {processor.py:153} INFO - Started process (PID=20284) to work on /opt/airflow/dags/age.py
[2023-07-28T21:31:25.372+0000] {processor.py:743} INFO - Processing file /opt/airflow/dags/age.py for tasks to queue
[2023-07-28T21:31:25.374+0000] {logging_mixin.py:137} INFO - [2023-07-28T21:31:25.374+0000] {dagbag.py:538} INFO - Filling up the DagBag from /opt/airflow/dags/age.py
[2023-07-28T21:31:25.411+0000] {processor.py:753} INFO - DAG(s) dict_keys(['age_check']) retrieved from /opt/airflow/dags/age.py
[2023-07-28T21:31:25.442+0000] {logging_mixin.py:137} INFO - [2023-07-28T21:31:25.442+0000] {dag.py:2690} INFO - Sync 1 DAGs
[2023-07-28T21:31:25.489+0000] {logging_mixin.py:137} INFO - [2023-07-28T21:31:25.489+0000] {dag.py:3441} INFO - Setting next_dagrun for age_check to 2023-07-28T00:00:00+00:00, run_after=2023-07-29T00:00:00+00:00
[2023-07-28T21:31:25.513+0000] {processor.py:175} INFO - Processing /opt/airflow/dags/age.py took 0.148 seconds
[2023-07-28T22:56:33.784+0000] {processor.py:153} INFO - Started process (PID=20364) to work on /opt/airflow/dags/age.py
[2023-07-28T22:56:33.788+0000] {processor.py:743} INFO - Processing file /opt/airflow/dags/age.py for tasks to queue
[2023-07-28T22:56:33.791+0000] {logging_mixin.py:137} INFO - [2023-07-28T22:56:33.790+0000] {dagbag.py:538} INFO - Filling up the DagBag from /opt/airflow/dags/age.py
[2023-07-28T22:56:33.875+0000] {processor.py:753} INFO - DAG(s) dict_keys(['age_check']) retrieved from /opt/airflow/dags/age.py
[2023-07-28T22:56:33.947+0000] {logging_mixin.py:137} INFO - [2023-07-28T22:56:33.946+0000] {dag.py:2690} INFO - Sync 1 DAGs
[2023-07-28T22:56:34.011+0000] {logging_mixin.py:137} INFO - [2023-07-28T22:56:34.011+0000] {dag.py:3441} INFO - Setting next_dagrun for age_check to 2023-07-28T00:00:00+00:00, run_after=2023-07-29T00:00:00+00:00
[2023-07-28T22:56:34.104+0000] {processor.py:175} INFO - Processing /opt/airflow/dags/age.py took 0.337 seconds
[2023-07-28T23:04:21.022+0000] {processor.py:153} INFO - Started process (PID=20425) to work on /opt/airflow/dags/age.py
[2023-07-28T23:04:21.024+0000] {processor.py:743} INFO - Processing file /opt/airflow/dags/age.py for tasks to queue
[2023-07-28T23:04:21.027+0000] {logging_mixin.py:137} INFO - [2023-07-28T23:04:21.026+0000] {dagbag.py:538} INFO - Filling up the DagBag from /opt/airflow/dags/age.py
[2023-07-28T23:04:21.092+0000] {processor.py:753} INFO - DAG(s) dict_keys(['age_check']) retrieved from /opt/airflow/dags/age.py
[2023-07-28T23:04:21.129+0000] {logging_mixin.py:137} INFO - [2023-07-28T23:04:21.129+0000] {dag.py:2690} INFO - Sync 1 DAGs
[2023-07-28T23:04:21.158+0000] {logging_mixin.py:137} INFO - [2023-07-28T23:04:21.158+0000] {dag.py:3441} INFO - Setting next_dagrun for age_check to 2023-07-28T00:00:00+00:00, run_after=2023-07-29T00:00:00+00:00
[2023-07-28T23:04:21.177+0000] {processor.py:175} INFO - Processing /opt/airflow/dags/age.py took 0.161 seconds
[2023-07-28T23:04:51.291+0000] {processor.py:153} INFO - Started process (PID=20505) to work on /opt/airflow/dags/age.py
[2023-07-28T23:04:51.292+0000] {processor.py:743} INFO - Processing file /opt/airflow/dags/age.py for tasks to queue
[2023-07-28T23:04:51.294+0000] {logging_mixin.py:137} INFO - [2023-07-28T23:04:51.294+0000] {dagbag.py:538} INFO - Filling up the DagBag from /opt/airflow/dags/age.py
[2023-07-28T23:04:51.324+0000] {processor.py:753} INFO - DAG(s) dict_keys(['age_check']) retrieved from /opt/airflow/dags/age.py
[2023-07-28T23:04:51.351+0000] {logging_mixin.py:137} INFO - [2023-07-28T23:04:51.351+0000] {dag.py:2690} INFO - Sync 1 DAGs
[2023-07-28T23:04:51.372+0000] {logging_mixin.py:137} INFO - [2023-07-28T23:04:51.372+0000] {dag.py:3441} INFO - Setting next_dagrun for age_check to 2023-07-28T00:00:00+00:00, run_after=2023-07-29T00:00:00+00:00
[2023-07-28T23:04:51.386+0000] {processor.py:175} INFO - Processing /opt/airflow/dags/age.py took 0.100 seconds
[2023-07-28T23:05:22.483+0000] {processor.py:153} INFO - Started process (PID=20577) to work on /opt/airflow/dags/age.py
[2023-07-28T23:05:22.485+0000] {processor.py:743} INFO - Processing file /opt/airflow/dags/age.py for tasks to queue
[2023-07-28T23:05:22.487+0000] {logging_mixin.py:137} INFO - [2023-07-28T23:05:22.487+0000] {dagbag.py:538} INFO - Filling up the DagBag from /opt/airflow/dags/age.py
[2023-07-28T23:05:22.515+0000] {processor.py:753} INFO - DAG(s) dict_keys(['age_check']) retrieved from /opt/airflow/dags/age.py
[2023-07-28T23:05:22.546+0000] {logging_mixin.py:137} INFO - [2023-07-28T23:05:22.545+0000] {dag.py:2690} INFO - Sync 1 DAGs
[2023-07-28T23:05:22.563+0000] {logging_mixin.py:137} INFO - [2023-07-28T23:05:22.563+0000] {dag.py:3441} INFO - Setting next_dagrun for age_check to 2023-07-28T00:00:00+00:00, run_after=2023-07-29T00:00:00+00:00
[2023-07-28T23:05:22.574+0000] {processor.py:175} INFO - Processing /opt/airflow/dags/age.py took 0.095 seconds
[2023-07-28T23:05:53.065+0000] {processor.py:153} INFO - Started process (PID=20648) to work on /opt/airflow/dags/age.py
[2023-07-28T23:05:53.068+0000] {processor.py:743} INFO - Processing file /opt/airflow/dags/age.py for tasks to queue
[2023-07-28T23:05:53.072+0000] {logging_mixin.py:137} INFO - [2023-07-28T23:05:53.072+0000] {dagbag.py:538} INFO - Filling up the DagBag from /opt/airflow/dags/age.py
[2023-07-28T23:05:53.113+0000] {processor.py:753} INFO - DAG(s) dict_keys(['age_check']) retrieved from /opt/airflow/dags/age.py
[2023-07-28T23:05:53.138+0000] {logging_mixin.py:137} INFO - [2023-07-28T23:05:53.138+0000] {dag.py:2690} INFO - Sync 1 DAGs
[2023-07-28T23:05:53.157+0000] {logging_mixin.py:137} INFO - [2023-07-28T23:05:53.157+0000] {dag.py:3441} INFO - Setting next_dagrun for age_check to 2023-07-28T00:00:00+00:00, run_after=2023-07-29T00:00:00+00:00
[2023-07-28T23:05:53.173+0000] {processor.py:175} INFO - Processing /opt/airflow/dags/age.py took 0.112 seconds
[2023-07-28T23:21:31.542+0000] {processor.py:153} INFO - Started process (PID=20722) to work on /opt/airflow/dags/age.py
[2023-07-28T23:21:31.544+0000] {processor.py:743} INFO - Processing file /opt/airflow/dags/age.py for tasks to queue
[2023-07-28T23:21:31.546+0000] {logging_mixin.py:137} INFO - [2023-07-28T23:21:31.546+0000] {dagbag.py:538} INFO - Filling up the DagBag from /opt/airflow/dags/age.py
[2023-07-28T23:21:31.590+0000] {processor.py:753} INFO - DAG(s) dict_keys(['age_check']) retrieved from /opt/airflow/dags/age.py
[2023-07-28T23:21:31.636+0000] {logging_mixin.py:137} INFO - [2023-07-28T23:21:31.636+0000] {dag.py:2690} INFO - Sync 1 DAGs
[2023-07-28T23:21:31.678+0000] {logging_mixin.py:137} INFO - [2023-07-28T23:21:31.678+0000] {dag.py:3441} INFO - Setting next_dagrun for age_check to 2023-07-28T00:00:00+00:00, run_after=2023-07-29T00:00:00+00:00
[2023-07-28T23:21:31.706+0000] {processor.py:175} INFO - Processing /opt/airflow/dags/age.py took 0.167 seconds
[2023-07-28T23:28:25.865+0000] {processor.py:153} INFO - Started process (PID=20792) to work on /opt/airflow/dags/age.py
[2023-07-28T23:28:25.867+0000] {processor.py:743} INFO - Processing file /opt/airflow/dags/age.py for tasks to queue
[2023-07-28T23:28:25.869+0000] {logging_mixin.py:137} INFO - [2023-07-28T23:28:25.869+0000] {dagbag.py:538} INFO - Filling up the DagBag from /opt/airflow/dags/age.py
[2023-07-28T23:28:25.897+0000] {processor.py:753} INFO - DAG(s) dict_keys(['age_check']) retrieved from /opt/airflow/dags/age.py
[2023-07-28T23:28:25.923+0000] {logging_mixin.py:137} INFO - [2023-07-28T23:28:25.923+0000] {dag.py:2690} INFO - Sync 1 DAGs
[2023-07-28T23:28:25.946+0000] {logging_mixin.py:137} INFO - [2023-07-28T23:28:25.946+0000] {dag.py:3441} INFO - Setting next_dagrun for age_check to 2023-07-28T00:00:00+00:00, run_after=2023-07-29T00:00:00+00:00
[2023-07-28T23:28:25.960+0000] {processor.py:175} INFO - Processing /opt/airflow/dags/age.py took 0.099 seconds
[2023-07-28T23:28:56.310+0000] {processor.py:153} INFO - Started process (PID=20861) to work on /opt/airflow/dags/age.py
[2023-07-28T23:28:56.315+0000] {processor.py:743} INFO - Processing file /opt/airflow/dags/age.py for tasks to queue
[2023-07-28T23:28:56.317+0000] {logging_mixin.py:137} INFO - [2023-07-28T23:28:56.317+0000] {dagbag.py:538} INFO - Filling up the DagBag from /opt/airflow/dags/age.py
[2023-07-28T23:28:56.408+0000] {processor.py:753} INFO - DAG(s) dict_keys(['age_check']) retrieved from /opt/airflow/dags/age.py
[2023-07-28T23:28:56.469+0000] {logging_mixin.py:137} INFO - [2023-07-28T23:28:56.469+0000] {dag.py:2690} INFO - Sync 1 DAGs
[2023-07-28T23:28:56.532+0000] {logging_mixin.py:137} INFO - [2023-07-28T23:28:56.531+0000] {dag.py:3441} INFO - Setting next_dagrun for age_check to 2023-07-28T00:00:00+00:00, run_after=2023-07-29T00:00:00+00:00
[2023-07-28T23:28:56.610+0000] {processor.py:175} INFO - Processing /opt/airflow/dags/age.py took 0.303 seconds
[2023-07-28T23:29:27.458+0000] {processor.py:153} INFO - Started process (PID=20931) to work on /opt/airflow/dags/age.py
[2023-07-28T23:29:27.464+0000] {processor.py:743} INFO - Processing file /opt/airflow/dags/age.py for tasks to queue
[2023-07-28T23:29:27.467+0000] {logging_mixin.py:137} INFO - [2023-07-28T23:29:27.466+0000] {dagbag.py:538} INFO - Filling up the DagBag from /opt/airflow/dags/age.py
[2023-07-28T23:29:27.516+0000] {processor.py:753} INFO - DAG(s) dict_keys(['age_check']) retrieved from /opt/airflow/dags/age.py
[2023-07-28T23:29:27.552+0000] {logging_mixin.py:137} INFO - [2023-07-28T23:29:27.552+0000] {dag.py:2690} INFO - Sync 1 DAGs
[2023-07-28T23:29:27.577+0000] {logging_mixin.py:137} INFO - [2023-07-28T23:29:27.577+0000] {dag.py:3441} INFO - Setting next_dagrun for age_check to 2023-07-28T00:00:00+00:00, run_after=2023-07-29T00:00:00+00:00
[2023-07-28T23:29:27.600+0000] {processor.py:175} INFO - Processing /opt/airflow/dags/age.py took 0.149 seconds
[2023-07-28T23:29:58.250+0000] {processor.py:153} INFO - Started process (PID=21012) to work on /opt/airflow/dags/age.py
[2023-07-28T23:29:58.253+0000] {processor.py:743} INFO - Processing file /opt/airflow/dags/age.py for tasks to queue
[2023-07-28T23:29:58.254+0000] {logging_mixin.py:137} INFO - [2023-07-28T23:29:58.254+0000] {dagbag.py:538} INFO - Filling up the DagBag from /opt/airflow/dags/age.py
[2023-07-28T23:29:58.284+0000] {processor.py:753} INFO - DAG(s) dict_keys(['age_check']) retrieved from /opt/airflow/dags/age.py
[2023-07-28T23:29:58.315+0000] {logging_mixin.py:137} INFO - [2023-07-28T23:29:58.315+0000] {dag.py:2690} INFO - Sync 1 DAGs
[2023-07-28T23:29:58.337+0000] {logging_mixin.py:137} INFO - [2023-07-28T23:29:58.337+0000] {dag.py:3441} INFO - Setting next_dagrun for age_check to 2023-07-28T00:00:00+00:00, run_after=2023-07-29T00:00:00+00:00
[2023-07-28T23:29:58.352+0000] {processor.py:175} INFO - Processing /opt/airflow/dags/age.py took 0.109 seconds
[2023-07-28T23:30:28.477+0000] {processor.py:153} INFO - Started process (PID=21083) to work on /opt/airflow/dags/age.py
[2023-07-28T23:30:28.479+0000] {processor.py:743} INFO - Processing file /opt/airflow/dags/age.py for tasks to queue
[2023-07-28T23:30:28.480+0000] {logging_mixin.py:137} INFO - [2023-07-28T23:30:28.480+0000] {dagbag.py:538} INFO - Filling up the DagBag from /opt/airflow/dags/age.py
[2023-07-28T23:30:28.506+0000] {processor.py:753} INFO - DAG(s) dict_keys(['age_check']) retrieved from /opt/airflow/dags/age.py
[2023-07-28T23:30:28.530+0000] {logging_mixin.py:137} INFO - [2023-07-28T23:30:28.530+0000] {dag.py:2690} INFO - Sync 1 DAGs
[2023-07-28T23:30:28.551+0000] {logging_mixin.py:137} INFO - [2023-07-28T23:30:28.551+0000] {dag.py:3441} INFO - Setting next_dagrun for age_check to 2023-07-28T00:00:00+00:00, run_after=2023-07-29T00:00:00+00:00
[2023-07-28T23:30:28.565+0000] {processor.py:175} INFO - Processing /opt/airflow/dags/age.py took 0.093 seconds
[2023-07-28T23:30:59.782+0000] {processor.py:153} INFO - Started process (PID=21167) to work on /opt/airflow/dags/age.py
[2023-07-28T23:30:59.785+0000] {processor.py:743} INFO - Processing file /opt/airflow/dags/age.py for tasks to queue
[2023-07-28T23:30:59.787+0000] {logging_mixin.py:137} INFO - [2023-07-28T23:30:59.787+0000] {dagbag.py:538} INFO - Filling up the DagBag from /opt/airflow/dags/age.py
[2023-07-28T23:30:59.840+0000] {processor.py:753} INFO - DAG(s) dict_keys(['age_check']) retrieved from /opt/airflow/dags/age.py
[2023-07-28T23:30:59.901+0000] {logging_mixin.py:137} INFO - [2023-07-28T23:30:59.901+0000] {dag.py:2690} INFO - Sync 1 DAGs
[2023-07-28T23:30:59.947+0000] {logging_mixin.py:137} INFO - [2023-07-28T23:30:59.947+0000] {dag.py:3441} INFO - Setting next_dagrun for age_check to 2023-07-28T00:00:00+00:00, run_after=2023-07-29T00:00:00+00:00
[2023-07-28T23:30:59.993+0000] {processor.py:175} INFO - Processing /opt/airflow/dags/age.py took 0.216 seconds
[2023-07-28T23:31:30.084+0000] {processor.py:153} INFO - Started process (PID=21238) to work on /opt/airflow/dags/age.py
[2023-07-28T23:31:30.085+0000] {processor.py:743} INFO - Processing file /opt/airflow/dags/age.py for tasks to queue
[2023-07-28T23:31:30.087+0000] {logging_mixin.py:137} INFO - [2023-07-28T23:31:30.087+0000] {dagbag.py:538} INFO - Filling up the DagBag from /opt/airflow/dags/age.py
[2023-07-28T23:31:30.110+0000] {processor.py:753} INFO - DAG(s) dict_keys(['age_check']) retrieved from /opt/airflow/dags/age.py
[2023-07-28T23:31:30.133+0000] {logging_mixin.py:137} INFO - [2023-07-28T23:31:30.133+0000] {dag.py:2690} INFO - Sync 1 DAGs
[2023-07-28T23:31:30.157+0000] {logging_mixin.py:137} INFO - [2023-07-28T23:31:30.157+0000] {dag.py:3441} INFO - Setting next_dagrun for age_check to 2023-07-28T00:00:00+00:00, run_after=2023-07-29T00:00:00+00:00
[2023-07-28T23:31:30.172+0000] {processor.py:175} INFO - Processing /opt/airflow/dags/age.py took 0.091 seconds
[2023-07-28T23:32:00.755+0000] {processor.py:153} INFO - Started process (PID=21308) to work on /opt/airflow/dags/age.py
[2023-07-28T23:32:00.765+0000] {processor.py:743} INFO - Processing file /opt/airflow/dags/age.py for tasks to queue
[2023-07-28T23:32:00.769+0000] {logging_mixin.py:137} INFO - [2023-07-28T23:32:00.769+0000] {dagbag.py:538} INFO - Filling up the DagBag from /opt/airflow/dags/age.py
[2023-07-28T23:32:00.851+0000] {processor.py:753} INFO - DAG(s) dict_keys(['age_check']) retrieved from /opt/airflow/dags/age.py
[2023-07-28T23:32:00.888+0000] {logging_mixin.py:137} INFO - [2023-07-28T23:32:00.888+0000] {dag.py:2690} INFO - Sync 1 DAGs
[2023-07-28T23:32:00.926+0000] {logging_mixin.py:137} INFO - [2023-07-28T23:32:00.926+0000] {dag.py:3441} INFO - Setting next_dagrun for age_check to 2023-07-28T00:00:00+00:00, run_after=2023-07-29T00:00:00+00:00
[2023-07-28T23:32:00.952+0000] {processor.py:175} INFO - Processing /opt/airflow/dags/age.py took 0.201 seconds
[2023-07-28T23:32:31.221+0000] {processor.py:153} INFO - Started process (PID=21379) to work on /opt/airflow/dags/age.py
[2023-07-28T23:32:31.227+0000] {processor.py:743} INFO - Processing file /opt/airflow/dags/age.py for tasks to queue
[2023-07-28T23:32:31.230+0000] {logging_mixin.py:137} INFO - [2023-07-28T23:32:31.229+0000] {dagbag.py:538} INFO - Filling up the DagBag from /opt/airflow/dags/age.py
[2023-07-28T23:32:31.282+0000] {processor.py:753} INFO - DAG(s) dict_keys(['age_check']) retrieved from /opt/airflow/dags/age.py
[2023-07-28T23:32:31.312+0000] {logging_mixin.py:137} INFO - [2023-07-28T23:32:31.312+0000] {dag.py:2690} INFO - Sync 1 DAGs
[2023-07-28T23:32:31.340+0000] {logging_mixin.py:137} INFO - [2023-07-28T23:32:31.340+0000] {dag.py:3441} INFO - Setting next_dagrun for age_check to 2023-07-28T00:00:00+00:00, run_after=2023-07-29T00:00:00+00:00
[2023-07-28T23:32:31.360+0000] {processor.py:175} INFO - Processing /opt/airflow/dags/age.py took 0.142 seconds
[2023-07-28T23:33:01.764+0000] {processor.py:153} INFO - Started process (PID=21450) to work on /opt/airflow/dags/age.py
[2023-07-28T23:33:01.775+0000] {processor.py:743} INFO - Processing file /opt/airflow/dags/age.py for tasks to queue
[2023-07-28T23:33:01.782+0000] {logging_mixin.py:137} INFO - [2023-07-28T23:33:01.782+0000] {dagbag.py:538} INFO - Filling up the DagBag from /opt/airflow/dags/age.py
[2023-07-28T23:33:01.878+0000] {processor.py:753} INFO - DAG(s) dict_keys(['age_check']) retrieved from /opt/airflow/dags/age.py
[2023-07-28T23:33:01.911+0000] {logging_mixin.py:137} INFO - [2023-07-28T23:33:01.911+0000] {dag.py:2690} INFO - Sync 1 DAGs
[2023-07-28T23:33:01.958+0000] {logging_mixin.py:137} INFO - [2023-07-28T23:33:01.958+0000] {dag.py:3441} INFO - Setting next_dagrun for age_check to 2023-07-28T00:00:00+00:00, run_after=2023-07-29T00:00:00+00:00
[2023-07-28T23:33:01.974+0000] {processor.py:175} INFO - Processing /opt/airflow/dags/age.py took 0.232 seconds
[2023-07-28T23:33:32.267+0000] {processor.py:153} INFO - Started process (PID=21530) to work on /opt/airflow/dags/age.py
[2023-07-28T23:33:32.272+0000] {processor.py:743} INFO - Processing file /opt/airflow/dags/age.py for tasks to queue
[2023-07-28T23:33:32.276+0000] {logging_mixin.py:137} INFO - [2023-07-28T23:33:32.276+0000] {dagbag.py:538} INFO - Filling up the DagBag from /opt/airflow/dags/age.py
[2023-07-28T23:33:32.368+0000] {processor.py:753} INFO - DAG(s) dict_keys(['age_check']) retrieved from /opt/airflow/dags/age.py
[2023-07-28T23:33:32.411+0000] {logging_mixin.py:137} INFO - [2023-07-28T23:33:32.411+0000] {dag.py:2690} INFO - Sync 1 DAGs
[2023-07-28T23:33:32.451+0000] {logging_mixin.py:137} INFO - [2023-07-28T23:33:32.451+0000] {dag.py:3441} INFO - Setting next_dagrun for age_check to 2023-07-28T00:00:00+00:00, run_after=2023-07-29T00:00:00+00:00
[2023-07-28T23:33:32.481+0000] {processor.py:175} INFO - Processing /opt/airflow/dags/age.py took 0.218 seconds
[2023-07-28T23:34:04.623+0000] {processor.py:153} INFO - Started process (PID=21604) to work on /opt/airflow/dags/age.py
[2023-07-28T23:34:04.626+0000] {processor.py:743} INFO - Processing file /opt/airflow/dags/age.py for tasks to queue
[2023-07-28T23:34:04.629+0000] {logging_mixin.py:137} INFO - [2023-07-28T23:34:04.628+0000] {dagbag.py:538} INFO - Filling up the DagBag from /opt/airflow/dags/age.py
[2023-07-28T23:34:04.696+0000] {processor.py:753} INFO - DAG(s) dict_keys(['age_check']) retrieved from /opt/airflow/dags/age.py
[2023-07-28T23:34:04.748+0000] {logging_mixin.py:137} INFO - [2023-07-28T23:34:04.748+0000] {dag.py:2690} INFO - Sync 1 DAGs
[2023-07-28T23:34:04.777+0000] {logging_mixin.py:137} INFO - [2023-07-28T23:34:04.777+0000] {dag.py:3441} INFO - Setting next_dagrun for age_check to 2023-07-28T00:00:00+00:00, run_after=2023-07-29T00:00:00+00:00
[2023-07-28T23:34:04.813+0000] {processor.py:175} INFO - Processing /opt/airflow/dags/age.py took 0.196 seconds
[2023-07-28T23:34:35.184+0000] {processor.py:153} INFO - Started process (PID=21673) to work on /opt/airflow/dags/age.py
[2023-07-28T23:34:35.189+0000] {processor.py:743} INFO - Processing file /opt/airflow/dags/age.py for tasks to queue
[2023-07-28T23:34:35.194+0000] {logging_mixin.py:137} INFO - [2023-07-28T23:34:35.193+0000] {dagbag.py:538} INFO - Filling up the DagBag from /opt/airflow/dags/age.py
[2023-07-28T23:34:35.259+0000] {processor.py:753} INFO - DAG(s) dict_keys(['age_check']) retrieved from /opt/airflow/dags/age.py
[2023-07-28T23:34:35.307+0000] {logging_mixin.py:137} INFO - [2023-07-28T23:34:35.307+0000] {dag.py:2690} INFO - Sync 1 DAGs
[2023-07-28T23:34:35.339+0000] {logging_mixin.py:137} INFO - [2023-07-28T23:34:35.339+0000] {dag.py:3441} INFO - Setting next_dagrun for age_check to 2023-07-28T00:00:00+00:00, run_after=2023-07-29T00:00:00+00:00
[2023-07-28T23:34:35.354+0000] {processor.py:175} INFO - Processing /opt/airflow/dags/age.py took 0.176 seconds
[2023-07-28T23:35:06.140+0000] {processor.py:153} INFO - Started process (PID=21744) to work on /opt/airflow/dags/age.py
[2023-07-28T23:35:06.146+0000] {processor.py:743} INFO - Processing file /opt/airflow/dags/age.py for tasks to queue
[2023-07-28T23:35:06.150+0000] {logging_mixin.py:137} INFO - [2023-07-28T23:35:06.149+0000] {dagbag.py:538} INFO - Filling up the DagBag from /opt/airflow/dags/age.py
[2023-07-28T23:35:06.197+0000] {processor.py:753} INFO - DAG(s) dict_keys(['age_check']) retrieved from /opt/airflow/dags/age.py
[2023-07-28T23:35:06.241+0000] {logging_mixin.py:137} INFO - [2023-07-28T23:35:06.241+0000] {dag.py:2690} INFO - Sync 1 DAGs
[2023-07-28T23:35:06.280+0000] {logging_mixin.py:137} INFO - [2023-07-28T23:35:06.280+0000] {dag.py:3441} INFO - Setting next_dagrun for age_check to 2023-07-28T00:00:00+00:00, run_after=2023-07-29T00:00:00+00:00
[2023-07-28T23:35:06.305+0000] {processor.py:175} INFO - Processing /opt/airflow/dags/age.py took 0.169 seconds
[2023-07-28T23:35:36.659+0000] {processor.py:153} INFO - Started process (PID=21815) to work on /opt/airflow/dags/age.py
[2023-07-28T23:35:36.662+0000] {processor.py:743} INFO - Processing file /opt/airflow/dags/age.py for tasks to queue
[2023-07-28T23:35:36.663+0000] {logging_mixin.py:137} INFO - [2023-07-28T23:35:36.663+0000] {dagbag.py:538} INFO - Filling up the DagBag from /opt/airflow/dags/age.py
[2023-07-28T23:35:36.698+0000] {processor.py:753} INFO - DAG(s) dict_keys(['age_check']) retrieved from /opt/airflow/dags/age.py
[2023-07-28T23:35:36.729+0000] {logging_mixin.py:137} INFO - [2023-07-28T23:35:36.729+0000] {dag.py:2690} INFO - Sync 1 DAGs
[2023-07-28T23:35:36.749+0000] {logging_mixin.py:137} INFO - [2023-07-28T23:35:36.749+0000] {dag.py:3441} INFO - Setting next_dagrun for age_check to 2023-07-28T00:00:00+00:00, run_after=2023-07-29T00:00:00+00:00
[2023-07-28T23:35:36.762+0000] {processor.py:175} INFO - Processing /opt/airflow/dags/age.py took 0.106 seconds
[2023-07-28T23:36:07.243+0000] {processor.py:153} INFO - Started process (PID=21886) to work on /opt/airflow/dags/age.py
[2023-07-28T23:36:07.246+0000] {processor.py:743} INFO - Processing file /opt/airflow/dags/age.py for tasks to queue
[2023-07-28T23:36:07.249+0000] {logging_mixin.py:137} INFO - [2023-07-28T23:36:07.248+0000] {dagbag.py:538} INFO - Filling up the DagBag from /opt/airflow/dags/age.py
[2023-07-28T23:36:07.288+0000] {processor.py:753} INFO - DAG(s) dict_keys(['age_check']) retrieved from /opt/airflow/dags/age.py
[2023-07-28T23:36:07.325+0000] {logging_mixin.py:137} INFO - [2023-07-28T23:36:07.325+0000] {dag.py:2690} INFO - Sync 1 DAGs
[2023-07-28T23:36:07.344+0000] {logging_mixin.py:137} INFO - [2023-07-28T23:36:07.344+0000] {dag.py:3441} INFO - Setting next_dagrun for age_check to 2023-07-28T00:00:00+00:00, run_after=2023-07-29T00:00:00+00:00
[2023-07-28T23:36:07.358+0000] {processor.py:175} INFO - Processing /opt/airflow/dags/age.py took 0.119 seconds
[2023-07-28T23:36:37.980+0000] {processor.py:153} INFO - Started process (PID=21970) to work on /opt/airflow/dags/age.py
[2023-07-28T23:36:37.981+0000] {processor.py:743} INFO - Processing file /opt/airflow/dags/age.py for tasks to queue
[2023-07-28T23:36:37.983+0000] {logging_mixin.py:137} INFO - [2023-07-28T23:36:37.983+0000] {dagbag.py:538} INFO - Filling up the DagBag from /opt/airflow/dags/age.py
[2023-07-28T23:36:38.026+0000] {processor.py:753} INFO - DAG(s) dict_keys(['age_check']) retrieved from /opt/airflow/dags/age.py
[2023-07-28T23:36:38.055+0000] {logging_mixin.py:137} INFO - [2023-07-28T23:36:38.055+0000] {dag.py:2690} INFO - Sync 1 DAGs
[2023-07-28T23:36:38.080+0000] {logging_mixin.py:137} INFO - [2023-07-28T23:36:38.080+0000] {dag.py:3441} INFO - Setting next_dagrun for age_check to 2023-07-28T00:00:00+00:00, run_after=2023-07-29T00:00:00+00:00
[2023-07-28T23:36:38.100+0000] {processor.py:175} INFO - Processing /opt/airflow/dags/age.py took 0.124 seconds
[2023-07-28T23:37:09.122+0000] {processor.py:153} INFO - Started process (PID=22042) to work on /opt/airflow/dags/age.py
[2023-07-28T23:37:09.125+0000] {processor.py:743} INFO - Processing file /opt/airflow/dags/age.py for tasks to queue
[2023-07-28T23:37:09.129+0000] {logging_mixin.py:137} INFO - [2023-07-28T23:37:09.129+0000] {dagbag.py:538} INFO - Filling up the DagBag from /opt/airflow/dags/age.py
[2023-07-28T23:37:09.171+0000] {processor.py:753} INFO - DAG(s) dict_keys(['age_check']) retrieved from /opt/airflow/dags/age.py
[2023-07-28T23:37:09.197+0000] {logging_mixin.py:137} INFO - [2023-07-28T23:37:09.197+0000] {dag.py:2690} INFO - Sync 1 DAGs
[2023-07-28T23:37:09.216+0000] {logging_mixin.py:137} INFO - [2023-07-28T23:37:09.216+0000] {dag.py:3441} INFO - Setting next_dagrun for age_check to 2023-07-28T00:00:00+00:00, run_after=2023-07-29T00:00:00+00:00
[2023-07-28T23:37:09.228+0000] {processor.py:175} INFO - Processing /opt/airflow/dags/age.py took 0.110 seconds
[2023-07-28T23:37:40.519+0000] {processor.py:153} INFO - Started process (PID=22113) to work on /opt/airflow/dags/age.py
[2023-07-28T23:37:40.523+0000] {processor.py:743} INFO - Processing file /opt/airflow/dags/age.py for tasks to queue
[2023-07-28T23:37:40.539+0000] {logging_mixin.py:137} INFO - [2023-07-28T23:37:40.539+0000] {dagbag.py:538} INFO - Filling up the DagBag from /opt/airflow/dags/age.py
[2023-07-28T23:37:40.606+0000] {processor.py:753} INFO - DAG(s) dict_keys(['age_check']) retrieved from /opt/airflow/dags/age.py
[2023-07-28T23:37:40.656+0000] {logging_mixin.py:137} INFO - [2023-07-28T23:37:40.656+0000] {dag.py:2690} INFO - Sync 1 DAGs
[2023-07-28T23:37:40.687+0000] {logging_mixin.py:137} INFO - [2023-07-28T23:37:40.687+0000] {dag.py:3441} INFO - Setting next_dagrun for age_check to 2023-07-28T00:00:00+00:00, run_after=2023-07-29T00:00:00+00:00
[2023-07-28T23:37:40.708+0000] {processor.py:175} INFO - Processing /opt/airflow/dags/age.py took 0.192 seconds
[2023-07-28T23:38:11.761+0000] {processor.py:153} INFO - Started process (PID=22184) to work on /opt/airflow/dags/age.py
[2023-07-28T23:38:11.766+0000] {processor.py:743} INFO - Processing file /opt/airflow/dags/age.py for tasks to queue
[2023-07-28T23:38:11.769+0000] {logging_mixin.py:137} INFO - [2023-07-28T23:38:11.769+0000] {dagbag.py:538} INFO - Filling up the DagBag from /opt/airflow/dags/age.py
[2023-07-28T23:38:11.844+0000] {processor.py:753} INFO - DAG(s) dict_keys(['age_check']) retrieved from /opt/airflow/dags/age.py
[2023-07-28T23:38:11.887+0000] {logging_mixin.py:137} INFO - [2023-07-28T23:38:11.887+0000] {dag.py:2690} INFO - Sync 1 DAGs
[2023-07-28T23:38:11.915+0000] {logging_mixin.py:137} INFO - [2023-07-28T23:38:11.915+0000] {dag.py:3441} INFO - Setting next_dagrun for age_check to 2023-07-28T00:00:00+00:00, run_after=2023-07-29T00:00:00+00:00
[2023-07-28T23:38:11.986+0000] {processor.py:175} INFO - Processing /opt/airflow/dags/age.py took 0.229 seconds
[2023-07-28T23:38:42.851+0000] {processor.py:153} INFO - Started process (PID=22254) to work on /opt/airflow/dags/age.py
[2023-07-28T23:38:42.865+0000] {processor.py:743} INFO - Processing file /opt/airflow/dags/age.py for tasks to queue
[2023-07-28T23:38:42.867+0000] {logging_mixin.py:137} INFO - [2023-07-28T23:38:42.867+0000] {dagbag.py:538} INFO - Filling up the DagBag from /opt/airflow/dags/age.py
[2023-07-28T23:38:42.956+0000] {processor.py:753} INFO - DAG(s) dict_keys(['age_check']) retrieved from /opt/airflow/dags/age.py
[2023-07-28T23:38:42.995+0000] {logging_mixin.py:137} INFO - [2023-07-28T23:38:42.994+0000] {dag.py:2690} INFO - Sync 1 DAGs
[2023-07-28T23:38:43.027+0000] {logging_mixin.py:137} INFO - [2023-07-28T23:38:43.027+0000] {dag.py:3441} INFO - Setting next_dagrun for age_check to 2023-07-28T00:00:00+00:00, run_after=2023-07-29T00:00:00+00:00
[2023-07-28T23:38:43.053+0000] {processor.py:175} INFO - Processing /opt/airflow/dags/age.py took 0.207 seconds
[2023-07-28T23:39:15.298+0000] {processor.py:153} INFO - Started process (PID=22325) to work on /opt/airflow/dags/age.py
[2023-07-28T23:39:15.304+0000] {processor.py:743} INFO - Processing file /opt/airflow/dags/age.py for tasks to queue
[2023-07-28T23:39:15.308+0000] {logging_mixin.py:137} INFO - [2023-07-28T23:39:15.308+0000] {dagbag.py:538} INFO - Filling up the DagBag from /opt/airflow/dags/age.py
[2023-07-28T23:39:15.408+0000] {processor.py:753} INFO - DAG(s) dict_keys(['age_check']) retrieved from /opt/airflow/dags/age.py
[2023-07-28T23:39:15.452+0000] {logging_mixin.py:137} INFO - [2023-07-28T23:39:15.451+0000] {dag.py:2690} INFO - Sync 1 DAGs
[2023-07-28T23:39:15.476+0000] {logging_mixin.py:137} INFO - [2023-07-28T23:39:15.476+0000] {dag.py:3441} INFO - Setting next_dagrun for age_check to 2023-07-28T00:00:00+00:00, run_after=2023-07-29T00:00:00+00:00
[2023-07-28T23:39:15.500+0000] {processor.py:175} INFO - Processing /opt/airflow/dags/age.py took 0.207 seconds
[2023-07-28T23:39:46.720+0000] {processor.py:153} INFO - Started process (PID=22402) to work on /opt/airflow/dags/age.py
[2023-07-28T23:39:46.730+0000] {processor.py:743} INFO - Processing file /opt/airflow/dags/age.py for tasks to queue
[2023-07-28T23:39:46.734+0000] {logging_mixin.py:137} INFO - [2023-07-28T23:39:46.734+0000] {dagbag.py:538} INFO - Filling up the DagBag from /opt/airflow/dags/age.py
[2023-07-28T23:39:46.859+0000] {processor.py:753} INFO - DAG(s) dict_keys(['age_check']) retrieved from /opt/airflow/dags/age.py
[2023-07-28T23:39:46.940+0000] {logging_mixin.py:137} INFO - [2023-07-28T23:39:46.940+0000] {dag.py:2690} INFO - Sync 1 DAGs
[2023-07-28T23:39:46.999+0000] {logging_mixin.py:137} INFO - [2023-07-28T23:39:46.998+0000] {dag.py:3441} INFO - Setting next_dagrun for age_check to 2023-07-28T00:00:00+00:00, run_after=2023-07-29T00:00:00+00:00
[2023-07-28T23:39:47.047+0000] {processor.py:175} INFO - Processing /opt/airflow/dags/age.py took 0.341 seconds
[2023-07-28T23:40:17.493+0000] {processor.py:153} INFO - Started process (PID=22464) to work on /opt/airflow/dags/age.py
[2023-07-28T23:40:17.496+0000] {processor.py:743} INFO - Processing file /opt/airflow/dags/age.py for tasks to queue
[2023-07-28T23:40:17.498+0000] {logging_mixin.py:137} INFO - [2023-07-28T23:40:17.498+0000] {dagbag.py:538} INFO - Filling up the DagBag from /opt/airflow/dags/age.py
[2023-07-28T23:40:17.541+0000] {processor.py:753} INFO - DAG(s) dict_keys(['age_check']) retrieved from /opt/airflow/dags/age.py
[2023-07-28T23:40:17.579+0000] {logging_mixin.py:137} INFO - [2023-07-28T23:40:17.579+0000] {dag.py:2690} INFO - Sync 1 DAGs
[2023-07-28T23:40:17.609+0000] {logging_mixin.py:137} INFO - [2023-07-28T23:40:17.609+0000] {dag.py:3441} INFO - Setting next_dagrun for age_check to 2023-07-28T00:00:00+00:00, run_after=2023-07-29T00:00:00+00:00
[2023-07-28T23:40:17.633+0000] {processor.py:175} INFO - Processing /opt/airflow/dags/age.py took 0.144 seconds
[2023-07-28T23:40:49.253+0000] {processor.py:153} INFO - Started process (PID=22536) to work on /opt/airflow/dags/age.py
[2023-07-28T23:40:49.259+0000] {processor.py:743} INFO - Processing file /opt/airflow/dags/age.py for tasks to queue
[2023-07-28T23:40:49.264+0000] {logging_mixin.py:137} INFO - [2023-07-28T23:40:49.263+0000] {dagbag.py:538} INFO - Filling up the DagBag from /opt/airflow/dags/age.py
[2023-07-28T23:40:49.387+0000] {processor.py:753} INFO - DAG(s) dict_keys(['age_check']) retrieved from /opt/airflow/dags/age.py
[2023-07-28T23:40:49.494+0000] {logging_mixin.py:137} INFO - [2023-07-28T23:40:49.494+0000] {dag.py:2690} INFO - Sync 1 DAGs
[2023-07-28T23:40:49.574+0000] {logging_mixin.py:137} INFO - [2023-07-28T23:40:49.574+0000] {dag.py:3441} INFO - Setting next_dagrun for age_check to 2023-07-28T00:00:00+00:00, run_after=2023-07-29T00:00:00+00:00
[2023-07-28T23:40:49.627+0000] {processor.py:175} INFO - Processing /opt/airflow/dags/age.py took 0.400 seconds
[2023-07-28T23:41:22.358+0000] {processor.py:153} INFO - Started process (PID=22608) to work on /opt/airflow/dags/age.py
[2023-07-28T23:41:22.363+0000] {processor.py:743} INFO - Processing file /opt/airflow/dags/age.py for tasks to queue
[2023-07-28T23:41:22.372+0000] {logging_mixin.py:137} INFO - [2023-07-28T23:41:22.372+0000] {dagbag.py:538} INFO - Filling up the DagBag from /opt/airflow/dags/age.py
[2023-07-28T23:41:22.430+0000] {processor.py:753} INFO - DAG(s) dict_keys(['age_check']) retrieved from /opt/airflow/dags/age.py
[2023-07-28T23:41:22.458+0000] {logging_mixin.py:137} INFO - [2023-07-28T23:41:22.458+0000] {dag.py:2690} INFO - Sync 1 DAGs
[2023-07-28T23:41:22.494+0000] {logging_mixin.py:137} INFO - [2023-07-28T23:41:22.493+0000] {dag.py:3441} INFO - Setting next_dagrun for age_check to 2023-07-28T00:00:00+00:00, run_after=2023-07-29T00:00:00+00:00
[2023-07-28T23:41:22.518+0000] {processor.py:175} INFO - Processing /opt/airflow/dags/age.py took 0.163 seconds
[2023-07-28T23:41:53.669+0000] {processor.py:153} INFO - Started process (PID=22669) to work on /opt/airflow/dags/age.py
[2023-07-28T23:41:53.672+0000] {processor.py:743} INFO - Processing file /opt/airflow/dags/age.py for tasks to queue
[2023-07-28T23:41:53.676+0000] {logging_mixin.py:137} INFO - [2023-07-28T23:41:53.675+0000] {dagbag.py:538} INFO - Filling up the DagBag from /opt/airflow/dags/age.py
[2023-07-28T23:41:53.775+0000] {processor.py:753} INFO - DAG(s) dict_keys(['age_check']) retrieved from /opt/airflow/dags/age.py
[2023-07-28T23:41:53.812+0000] {logging_mixin.py:137} INFO - [2023-07-28T23:41:53.812+0000] {dag.py:2690} INFO - Sync 1 DAGs
[2023-07-28T23:41:53.850+0000] {logging_mixin.py:137} INFO - [2023-07-28T23:41:53.850+0000] {dag.py:3441} INFO - Setting next_dagrun for age_check to 2023-07-28T00:00:00+00:00, run_after=2023-07-29T00:00:00+00:00
[2023-07-28T23:41:54.022+0000] {processor.py:175} INFO - Processing /opt/airflow/dags/age.py took 0.357 seconds
[2023-07-28T23:42:25.049+0000] {processor.py:153} INFO - Started process (PID=22726) to work on /opt/airflow/dags/age.py
[2023-07-28T23:42:25.055+0000] {processor.py:743} INFO - Processing file /opt/airflow/dags/age.py for tasks to queue
[2023-07-28T23:42:25.063+0000] {logging_mixin.py:137} INFO - [2023-07-28T23:42:25.063+0000] {dagbag.py:538} INFO - Filling up the DagBag from /opt/airflow/dags/age.py
[2023-07-28T23:42:25.455+0000] {processor.py:753} INFO - DAG(s) dict_keys(['age_check']) retrieved from /opt/airflow/dags/age.py
[2023-07-28T23:42:25.908+0000] {logging_mixin.py:137} INFO - [2023-07-28T23:42:25.907+0000] {dag.py:2690} INFO - Sync 1 DAGs
[2023-07-28T23:42:26.052+0000] {logging_mixin.py:137} INFO - [2023-07-28T23:42:26.052+0000] {dag.py:3441} INFO - Setting next_dagrun for age_check to 2023-07-28T00:00:00+00:00, run_after=2023-07-29T00:00:00+00:00
[2023-07-28T23:42:26.124+0000] {processor.py:175} INFO - Processing /opt/airflow/dags/age.py took 1.080 seconds
[2023-07-28T23:43:12.129+0000] {processor.py:153} INFO - Started process (PID=22788) to work on /opt/airflow/dags/age.py
[2023-07-28T23:43:12.148+0000] {processor.py:743} INFO - Processing file /opt/airflow/dags/age.py for tasks to queue
[2023-07-28T23:43:12.154+0000] {logging_mixin.py:137} INFO - [2023-07-28T23:43:12.154+0000] {dagbag.py:538} INFO - Filling up the DagBag from /opt/airflow/dags/age.py
[2023-07-28T23:43:12.228+0000] {processor.py:753} INFO - DAG(s) dict_keys(['age_check']) retrieved from /opt/airflow/dags/age.py
[2023-07-28T23:43:12.284+0000] {logging_mixin.py:137} INFO - [2023-07-28T23:43:12.284+0000] {dag.py:2690} INFO - Sync 1 DAGs
[2023-07-28T23:43:12.363+0000] {logging_mixin.py:137} INFO - [2023-07-28T23:43:12.363+0000] {dag.py:3441} INFO - Setting next_dagrun for age_check to 2023-07-28T00:00:00+00:00, run_after=2023-07-29T00:00:00+00:00
[2023-07-28T23:43:12.386+0000] {processor.py:175} INFO - Processing /opt/airflow/dags/age.py took 0.261 seconds
