[2023-04-19T12:45:13.641+0000] {taskinstance.py:1083} INFO - Dependencies all met for <TaskInstance: age_check.age_check scheduled__2022-12-19T00:00:00+00:00 [queued]>
[2023-04-19T12:45:13.736+0000] {taskinstance.py:1083} INFO - Dependencies all met for <TaskInstance: age_check.age_check scheduled__2022-12-19T00:00:00+00:00 [queued]>
[2023-04-19T12:45:13.740+0000] {taskinstance.py:1279} INFO - 
--------------------------------------------------------------------------------
[2023-04-19T12:45:13.745+0000] {taskinstance.py:1280} INFO - Starting attempt 3 of 4
[2023-04-19T12:45:13.746+0000] {taskinstance.py:1281} INFO - 
--------------------------------------------------------------------------------
[2023-04-19T12:45:13.838+0000] {taskinstance.py:1300} INFO - Executing <Task(PythonOperator): age_check> on 2022-12-19 00:00:00+00:00
[2023-04-19T12:45:13.904+0000] {standard_task_runner.py:55} INFO - Started process 23621 to run task
[2023-04-19T12:45:13.932+0000] {standard_task_runner.py:82} INFO - Running: ['***', 'tasks', 'run', 'age_check', 'age_check', 'scheduled__2022-12-19T00:00:00+00:00', '--job-id', '1465', '--raw', '--subdir', 'DAGS_FOLDER/age.py', '--cfg-path', '/tmp/tmpguj1hz90']
[2023-04-19T12:45:13.954+0000] {standard_task_runner.py:83} INFO - Job 1465: Subtask age_check
[2023-04-19T12:45:14.511+0000] {task_command.py:388} INFO - Running <TaskInstance: age_check.age_check scheduled__2022-12-19T00:00:00+00:00 [running]> on host fe34f61acbb3
[2023-04-19T12:45:15.693+0000] {taskinstance.py:1509} INFO - Exporting the following env vars:
AIRFLOW_CTX_DAG_OWNER=***
AIRFLOW_CTX_DAG_ID=age_check
AIRFLOW_CTX_TASK_ID=age_check
AIRFLOW_CTX_EXECUTION_DATE=2022-12-19T00:00:00+00:00
AIRFLOW_CTX_TRY_NUMBER=3
AIRFLOW_CTX_DAG_RUN_ID=scheduled__2022-12-19T00:00:00+00:00
[2023-04-19T12:45:15.736+0000] {taskinstance.py:1768} ERROR - Task failed with exception
Traceback (most recent call last):
  File "/home/airflow/.local/lib/python3.7/site-packages/airflow/operators/python.py", line 175, in execute
    return_value = self.execute_callable()
  File "/home/airflow/.local/lib/python3.7/site-packages/airflow/operators/python.py", line 192, in execute_callable
    return self.python_callable(*self.op_args, **self.op_kwargs)
  File "/opt/airflow/dags/age.py", line 35, in age_check
    birth_year = int(Variable.get('birth_year'))
  File "/home/airflow/.local/lib/python3.7/site-packages/airflow/models/variable.py", line 141, in get
    raise KeyError(f"Variable {key} does not exist")
KeyError: 'Variable birth_year does not exist'
[2023-04-19T12:45:15.834+0000] {taskinstance.py:1323} INFO - Marking task as UP_FOR_RETRY. dag_id=age_check, task_id=age_check, execution_date=20221219T000000, start_date=20230419T124513, end_date=20230419T124515
[2023-04-19T12:45:15.884+0000] {standard_task_runner.py:105} ERROR - Failed to execute job 1465 for task age_check ('Variable birth_year does not exist'; 23621)
[2023-04-19T12:45:16.089+0000] {local_task_job.py:208} INFO - Task exited with return code 1
[2023-04-19T12:45:16.404+0000] {taskinstance.py:2578} INFO - 0 downstream tasks scheduled from follow-on schedule check
[2023-05-20T20:56:36.312+0000] {taskinstance.py:1083} INFO - Dependencies all met for <TaskInstance: age_check.age_check scheduled__2022-12-19T00:00:00+00:00 [queued]>
[2023-05-20T20:56:36.319+0000] {taskinstance.py:1083} INFO - Dependencies all met for <TaskInstance: age_check.age_check scheduled__2022-12-19T00:00:00+00:00 [queued]>
[2023-05-20T20:56:36.320+0000] {taskinstance.py:1279} INFO - 
--------------------------------------------------------------------------------
[2023-05-20T20:56:36.321+0000] {taskinstance.py:1280} INFO - Starting attempt 3 of 4
[2023-05-20T20:56:36.322+0000] {taskinstance.py:1281} INFO - 
--------------------------------------------------------------------------------
[2023-05-20T20:56:36.331+0000] {taskinstance.py:1300} INFO - Executing <Task(PythonOperator): age_check> on 2022-12-19 00:00:00+00:00
[2023-05-20T20:56:36.336+0000] {standard_task_runner.py:55} INFO - Started process 345 to run task
[2023-05-20T20:56:36.339+0000] {standard_task_runner.py:82} INFO - Running: ['***', 'tasks', 'run', 'age_check', 'age_check', 'scheduled__2022-12-19T00:00:00+00:00', '--job-id', '1027', '--raw', '--subdir', 'DAGS_FOLDER/age.py', '--cfg-path', '/tmp/tmpfgrifd28']
[2023-05-20T20:56:36.341+0000] {standard_task_runner.py:83} INFO - Job 1027: Subtask age_check
[2023-05-20T20:56:36.420+0000] {task_command.py:388} INFO - Running <TaskInstance: age_check.age_check scheduled__2022-12-19T00:00:00+00:00 [running]> on host 242f95e3e8a8
[2023-05-20T20:56:36.500+0000] {taskinstance.py:1509} INFO - Exporting the following env vars:
AIRFLOW_CTX_DAG_OWNER=***
AIRFLOW_CTX_DAG_ID=age_check
AIRFLOW_CTX_TASK_ID=age_check
AIRFLOW_CTX_EXECUTION_DATE=2022-12-19T00:00:00+00:00
AIRFLOW_CTX_TRY_NUMBER=3
AIRFLOW_CTX_DAG_RUN_ID=scheduled__2022-12-19T00:00:00+00:00
[2023-05-20T20:56:36.509+0000] {taskinstance.py:1768} ERROR - Task failed with exception
Traceback (most recent call last):
  File "/home/airflow/.local/lib/python3.7/site-packages/airflow/operators/python.py", line 175, in execute
    return_value = self.execute_callable()
  File "/home/airflow/.local/lib/python3.7/site-packages/airflow/operators/python.py", line 192, in execute_callable
    return self.python_callable(*self.op_args, **self.op_kwargs)
  File "/opt/airflow/dags/age.py", line 35, in age_check
    birth_year = int(Variable.get('birth_year'))
  File "/home/airflow/.local/lib/python3.7/site-packages/airflow/models/variable.py", line 141, in get
    raise KeyError(f"Variable {key} does not exist")
KeyError: 'Variable birth_year does not exist'
[2023-05-20T20:56:36.519+0000] {taskinstance.py:1323} INFO - Marking task as UP_FOR_RETRY. dag_id=age_check, task_id=age_check, execution_date=20221219T000000, start_date=20230520T205636, end_date=20230520T205636
[2023-05-20T20:56:36.528+0000] {standard_task_runner.py:105} ERROR - Failed to execute job 1027 for task age_check ('Variable birth_year does not exist'; 345)
[2023-05-20T20:56:36.551+0000] {local_task_job.py:208} INFO - Task exited with return code 1
[2023-05-20T20:56:36.582+0000] {taskinstance.py:2578} INFO - 0 downstream tasks scheduled from follow-on schedule check
