[2023-07-25T02:57:54.071+0000] {taskinstance.py:1083} INFO - Dependencies all met for <TaskInstance: age_check.age_check scheduled__2023-07-24T00:00:00+00:00 [queued]>
[2023-07-25T02:57:54.080+0000] {taskinstance.py:1083} INFO - Dependencies all met for <TaskInstance: age_check.age_check scheduled__2023-07-24T00:00:00+00:00 [queued]>
[2023-07-25T02:57:54.081+0000] {taskinstance.py:1279} INFO - 
--------------------------------------------------------------------------------
[2023-07-25T02:57:54.084+0000] {taskinstance.py:1280} INFO - Starting attempt 3 of 4
[2023-07-25T02:57:54.085+0000] {taskinstance.py:1281} INFO - 
--------------------------------------------------------------------------------
[2023-07-25T02:57:54.094+0000] {taskinstance.py:1300} INFO - Executing <Task(PythonOperator): age_check> on 2023-07-24 00:00:00+00:00
[2023-07-25T02:57:54.101+0000] {standard_task_runner.py:55} INFO - Started process 75548 to run task
[2023-07-25T02:57:54.106+0000] {standard_task_runner.py:82} INFO - Running: ['***', 'tasks', 'run', 'age_check', 'age_check', 'scheduled__2023-07-24T00:00:00+00:00', '--job-id', '3819', '--raw', '--subdir', 'DAGS_FOLDER/age.py', '--cfg-path', '/tmp/tmpweyyj7jb']
[2023-07-25T02:57:54.110+0000] {standard_task_runner.py:83} INFO - Job 3819: Subtask age_check
[2023-07-25T02:57:54.202+0000] {task_command.py:388} INFO - Running <TaskInstance: age_check.age_check scheduled__2023-07-24T00:00:00+00:00 [running]> on host 25f6b46723d1
[2023-07-25T02:57:54.292+0000] {taskinstance.py:1509} INFO - Exporting the following env vars:
AIRFLOW_CTX_DAG_OWNER=***
AIRFLOW_CTX_DAG_ID=age_check
AIRFLOW_CTX_TASK_ID=age_check
AIRFLOW_CTX_EXECUTION_DATE=2023-07-24T00:00:00+00:00
AIRFLOW_CTX_TRY_NUMBER=3
AIRFLOW_CTX_DAG_RUN_ID=scheduled__2023-07-24T00:00:00+00:00
[2023-07-25T02:57:54.303+0000] {taskinstance.py:1768} ERROR - Task failed with exception
Traceback (most recent call last):
  File "/home/airflow/.local/lib/python3.7/site-packages/airflow/operators/python.py", line 175, in execute
    return_value = self.execute_callable()
  File "/home/airflow/.local/lib/python3.7/site-packages/airflow/operators/python.py", line 192, in execute_callable
    return self.python_callable(*self.op_args, **self.op_kwargs)
  File "/opt/airflow/dags/age.py", line 35, in age_check
    birth_year = int(Variable.get('birth_year'))
  File "/home/airflow/.local/lib/python3.7/site-packages/airflow/models/variable.py", line 141, in get
    raise KeyError(f"Variable {key} does not exist")
KeyError: 'Variable birth_year does not exist'
[2023-07-25T02:57:54.315+0000] {taskinstance.py:1323} INFO - Marking task as UP_FOR_RETRY. dag_id=age_check, task_id=age_check, execution_date=20230724T000000, start_date=20230725T025754, end_date=20230725T025754
[2023-07-25T02:57:54.326+0000] {standard_task_runner.py:105} ERROR - Failed to execute job 3819 for task age_check ('Variable birth_year does not exist'; 75548)
[2023-07-25T02:57:54.362+0000] {local_task_job.py:208} INFO - Task exited with return code 1
[2023-07-25T02:57:54.385+0000] {taskinstance.py:2578} INFO - 0 downstream tasks scheduled from follow-on schedule check
