[2023-06-28T19:18:23.629+0000] {taskinstance.py:1083} INFO - Dependencies all met for <TaskInstance: my_mulitiplication.multiplication scheduled__2022-08-15T00:00:00+00:00 [queued]>
[2023-06-28T19:18:23.658+0000] {taskinstance.py:1083} INFO - Dependencies all met for <TaskInstance: my_mulitiplication.multiplication scheduled__2022-08-15T00:00:00+00:00 [queued]>
[2023-06-28T19:18:23.660+0000] {taskinstance.py:1279} INFO - 
--------------------------------------------------------------------------------
[2023-06-28T19:18:23.661+0000] {taskinstance.py:1280} INFO - Starting attempt 1 of 4
[2023-06-28T19:18:23.662+0000] {taskinstance.py:1281} INFO - 
--------------------------------------------------------------------------------
[2023-06-28T19:18:23.744+0000] {taskinstance.py:1300} INFO - Executing <Task(PythonOperator): multiplication> on 2022-08-15 00:00:00+00:00
[2023-06-28T19:18:23.781+0000] {standard_task_runner.py:55} INFO - Started process 21523 to run task
[2023-06-28T19:18:23.815+0000] {standard_task_runner.py:82} INFO - Running: ['***', 'tasks', 'run', 'my_mulitiplication', 'multiplication', 'scheduled__2022-08-15T00:00:00+00:00', '--job-id', '2391', '--raw', '--subdir', 'DAGS_FOLDER/new_dag.py', '--cfg-path', '/tmp/tmpng1au6i8']
[2023-06-28T19:18:23.820+0000] {standard_task_runner.py:83} INFO - Job 2391: Subtask multiplication
[2023-06-28T19:18:24.076+0000] {task_command.py:388} INFO - Running <TaskInstance: my_mulitiplication.multiplication scheduled__2022-08-15T00:00:00+00:00 [running]> on host 242f95e3e8a8
[2023-06-28T19:18:24.339+0000] {taskinstance.py:1509} INFO - Exporting the following env vars:
AIRFLOW_CTX_DAG_OWNER=***
AIRFLOW_CTX_DAG_ID=my_mulitiplication
AIRFLOW_CTX_TASK_ID=multiplication
AIRFLOW_CTX_EXECUTION_DATE=2022-08-15T00:00:00+00:00
AIRFLOW_CTX_TRY_NUMBER=1
AIRFLOW_CTX_DAG_RUN_ID=scheduled__2022-08-15T00:00:00+00:00
[2023-06-28T19:18:24.342+0000] {logging_mixin.py:137} INFO - 16
[2023-06-28T19:18:24.343+0000] {python.py:177} INFO - Done. Returned value was: None
[2023-06-28T19:18:24.396+0000] {taskinstance.py:1323} INFO - Marking task as SUCCESS. dag_id=my_mulitiplication, task_id=multiplication, execution_date=20220815T000000, start_date=20230628T191823, end_date=20230628T191824
[2023-06-28T19:18:24.474+0000] {local_task_job.py:208} INFO - Task exited with return code 0
[2023-06-28T19:18:24.524+0000] {taskinstance.py:2578} INFO - 0 downstream tasks scheduled from follow-on schedule check
